<?xml version="1.0" encoding="UTF-8"?>
<!-- Generated by org.testng.reporters.JUnitReportReporter -->
<testsuite hostname="Pebbles" failures="0" tests="1" name="com.university.UniversityTc" time="1.197" errors="0" timestamp="2023-03-11T20:09:12 EST" skipped="0">
  <testcase classname="com.university.UniversityTc" name="readingData" time="1.197"/>
  <system-out/>
</testsuite> <!-- com.university.UniversityTc -->
