<?xml version="1.0" encoding="UTF-8"?>
<!-- Generated by org.testng.reporters.JUnitReportReporter -->
<testsuite hostname="Pebbles" failures="0" tests="1" name="com.simpleCRUDWithTecharchApp.UpdateUserDatatc" time="19.836" errors="0" timestamp="2023-03-10T17:10:49 EST" skipped="0">
  <testcase classname="com.simpleCRUDWithTecharchApp.UpdateUserDatatc" name="TCupdateUserData" time="19.836"/>
  <system-out/>
</testsuite> <!-- com.simpleCRUDWithTecharchApp.UpdateUserDatatc -->
