<?xml version="1.0" encoding="UTF-8"?>
<!-- Generated by org.testng.reporters.JUnitReportReporter -->
<testsuite hostname="Pebbles" failures="0" tests="1" name="com.simpleCRUDWithTecharchApp.DeletUserData" time="16.045" errors="0" timestamp="2023-03-10T17:26:06 EST" skipped="0">
  <testcase classname="com.simpleCRUDWithTecharchApp.DeletUserData" name="deleteUserData" time="16.045"/>
  <system-out/>
</testsuite> <!-- com.simpleCRUDWithTecharchApp.DeletUserData -->
