<?xml version="1.0" encoding="UTF-8"?>
<!-- Generated by org.testng.reporters.JUnitReportReporter -->
<testsuite hostname="Pebbles" failures="0" tests="4" name="com.simpletest.FirstApiTests" time="20.150" errors="0" timestamp="2023-03-09T11:33:11 EST" skipped="0">
  <testcase classname="com.simpletest.FirstApiTests" name="deleteUserData" time="7.286"/>
  <system-out/>
  <testcase classname="com.simpletest.FirstApiTests" name="getUserData" time="7.587"/>
  <system-out/>
  <testcase classname="com.simpletest.FirstApiTests" name="addUserData" time="2.342"/>
  <system-out/>
  <testcase classname="com.simpletest.FirstApiTests" name="updateUserData" time="2.935"/>
  <system-out/>
</testsuite> <!-- com.simpletest.FirstApiTests -->
