<?xml version="1.0" encoding="UTF-8"?>
<!-- Generated by org.testng.reporters.JUnitReportReporter -->
<testsuite hostname="Pebbles" failures="0" tests="1" name="com.tests.TeckarchTestApiTestscripE2E" time="11.948" errors="0" timestamp="2023-03-13T06:38:28 EDT" skipped="0">
  <testcase classname="com.tests.TeckarchTestApiTestscripE2E" name="TCgetUserData" time="11.948"/>
  <system-out/>
</testsuite> <!-- com.tests.TeckarchTestApiTestscripE2E -->
