<?xml version="1.0" encoding="UTF-8"?>
<!-- Generated by org.testng.reporters.JUnitReportReporter -->
<testsuite hostname="Pebbles" failures="0" tests="1" name="com.simpleCRUDWithTecharchApp.LoginUserTc" time="7.189" errors="0" timestamp="2023-03-10T07:30:02 EST" skipped="0">
  <testcase classname="com.simpleCRUDWithTecharchApp.LoginUserTc" name="TCloginToApi" time="7.189"/>
  <system-out/>
</testsuite> <!-- com.simpleCRUDWithTecharchApp.LoginUserTc -->
