<?xml version="1.0" encoding="UTF-8"?>
<!-- Generated by org.testng.reporters.JUnitReportReporter -->
<testsuite hostname="Pebbles" failures="1" tests="1" name="com.simpleCRUDWithTecharchApp.GetUserDataTC" time="13.481" errors="0" timestamp="2023-03-10T08:26:26 EST" skipped="0">
  <testcase classname="com.simpleCRUDWithTecharchApp.GetUserDataTC" name="TCgetUserData" time="13.481">
    <failure message="1 expectation failed.
Response body doesn&#039;t match expectation.
Expected: The content to match the given JSON schema.
error: instance type (integer) does not match any allowed primitive type (allowed: [&quot;string&quot;])
    level: &quot;error&quot;
    schema: {&quot;loadingURI&quot;:&quot;file:/C:/Users/agmarc80/eclipse-workspace/ApiTesting/target/test-classes/getDataSchem.json#&quot;,&quot;pointer&quot;:&quot;/items/0/properties/departmentno&quot;}
    instance: {&quot;pointer&quot;:&quot;/0/departmentno&quot;}
    domain: &quot;validation&quot;
    keyword: &quot;type&quot;
    found: &quot;integer&quot;
    expected: [&quot;string&quot;]
error: instance type (integer) does not match any allowed primitive type (allowed: [&quot;string&quot;])
    level: &quot;error&quot;
    schema: {&quot;loadingURI&quot;:&quot;file:/C:/Users/agmarc80/eclipse-workspace/ApiTesting/target/test-classes/getDataSchem.json#&quot;,&quot;pointer&quot;:&quot;/items/0/properties/pincode&quot;}
    instance: {&quot;pointer&quot;:&quot;/0/pincode&quot;}
    domain: &quot;validation&quot;
    keyword: &quot;type&quot;
    found: &quot;integer&quot;
    expected: [&quot;string&quot;]
error: instance type (integer) does not match any allowed primitive type (allowed: [&quot;string&quot;])
    level: &quot;error&quot;
    schema: {&quot;loadingURI&quot;:&quot;file:/C:/Users/agmarc80/eclipse-workspace/ApiTesting/target/test-classes/getDataSchem.json#&quot;,&quot;pointer&quot;:&quot;/items/0/properties/salary&quot;}
    instance: {&quot;pointer&quot;:&quot;/0/salary&quot;}
    domain: &quot;validation&quot;
    keyword: &quot;type&quot;
    found: &quot;integer&quot;
    expected: [&quot;string&quot;]

  Actual: [{&quot;accountno&quot;:&quot;TA-1000011&quot;,&quot;departmentno&quot;:5,&quot;salary&quot;:1211,&quot;pincode&quot;:111112,&quot;userid&quot;:&quot;DKbvIDLcPJxTB93pE55B&quot;,&quot;id&quot;:&quot;WGaLhxiltrSPqF2N3SJl&quot;},{&quot;accountno&quot;:&quot;BN-1234535&quot;,&quot;departmentno&quot;:&quot;7&quot;,&quot;salary&quot;:&quot;12190&quot;,&quot;pincode&quot;:&quot;123458&quot;,&quot;userid&quot;:&quot;wvTE1ZsqbgfOMtiFejpq&quot;,&quot;id&quot;:&quot;orq4Wbd0ogikNFw5H0qb&quot;},{&quot;accountno&quot;:&quot;TA-1000011&quot;,&quot;departmentno&quot;:&quot;1&quot;,&quot;salary&quot;:&quot;111&quot;,&quot;pincode&quot;:&quot;111112&quot;,&quot;userid&quot;:&quot;DKbvIDLcPJxTB93pE55B&quot;,&quot;id&quot;:&quot;VFqTVEojnWupjZbQyFN0&quot;},{&quot;accountno&quot;:&quot;TA-1000011&quot;,&quot;departmentno&quot;:&quot;1&quot;,&quot;salary&quot;:&quot;111&quot;,&quot;pincode&quot;:&quot;111112&quot;,&quot;userid&quot;:&quot;DKbvIDLcPJxTB93pE55B&quot;,&quot;id&quot;:&quot;hvYdHnFnMEDsdbu1FSc1&quot;},{&quot;accountno&quot;:&quot;TA-1000011&quot;,&quot;departmentno&quot;:&quot;1&quot;,&quot;salary&quot;:&quot;111&quot;,&quot;pincode&quot;:&quot;111112&quot;,&quot;userid&quot;:&quot;DKbvIDLcPJxTB93pE55B&quot;,&quot;id&quot;:&quot;nAmYD8i4LRxpE9J3HVNX&quot;},{&quot;accountno&quot;:&quot;TA-1000011&quot;,&quot;departmentno&quot;:&quot;1&quot;,&quot;salary&quot;:&quot;111&quot;,&quot;pincode&quot;:&quot;111112&quot;,&quot;userid&quot;:&quot;DKbvIDLcPJxTB93pE55B&quot;,&quot;id&quot;:&quot;Ly1wAfHId1v1qQJRbErJ&quot;},{&quot;accountno&quot;:&quot;TA-1000011&quot;,&quot;departmentno&quot;:&quot;1&quot;,&quot;salary&quot;:&quot;111&quot;,&quot;pincode&quot;:&quot;111112&quot;,&quot;userid&quot;:&quot;DKbvIDLcPJxTB93pE55B&quot;,&quot;id&quot;:&quot;neb0akMgRvaRed0mmFij&quot;},{&quot;accountno&quot;:&quot;TA-1000011&quot;,&quot;departmentno&quot;:&quot;1&quot;,&quot;salary&quot;:&quot;111&quot;,&quot;pincode&quot;:&quot;111112&quot;,&quot;userid&quot;:&quot;DKbvIDLcPJxTB93pE55B&quot;,&quot;id&quot;:&quot;1qOyT3E2ONJISThyMaxP&quot;},{&quot;accountno&quot;:&quot;TA-1000011&quot;,&quot;departmentno&quot;:&quot;1&quot;,&quot;salary&quot;:&quot;111&quot;,&quot;pincode&quot;:&quot;111112&quot;,&quot;userid&quot;:&quot;DKbvIDLcPJxTB93pE55B&quot;,&quot;id&quot;:&quot;JB5N7SU7Bm2XhKB4AoPB&quot;},{&quot;accountno&quot;:&quot;TA-1000001&quot;,&quot;departmentno&quot;:&quot;1&quot;,&quot;salary&quot;:&quot;1111&quot;,&quot;pincode&quot;:&quot;111111&quot;,&quot;userid&quot;:&quot;DKbvIDLcPJxTB93pE55B&quot;,&quot;id&quot;:&quot;s01LIfs597cKKqvQmcrz&quot;},{&quot;accountno&quot;:&quot;AA-May0588&quot;,&quot;departmentno&quot;:&quot;9&quot;,&quot;salary&quot;:&quot;7000&quot;,&quot;pincode&quot;:&quot;888888&quot;,&quot;userid&quot;:&quot;yjlDHEK3zfwmVUHfHXhT&quot;,&quot;id&quot;:&quot;wnbllXmHONZg5Rch6pPK&quot;},{&quot;accountno&quot;:&quot;DA-eclipseSuchi&quot;,&quot;departmentno&quot;:&quot;1&quot;,&quot;salary&quot;:&quot;8000&quot;,&quot;pincode&quot;:&quot;700118&quot;,&quot;userid&quot;:&quot;bX7hmQFiuM2xGSoOYCFJ&quot;,&quot;id&quot;:&quot;Es5RtUBLzuo5uakJCeEV&quot;},{&quot;accountno&quot;:&quot;TA-1114576&quot;,&quot;departmentno&quot;:&quot;11&quot;,&quot;salary&quot;:&quot;6000&quot;,&quot;pincode&quot;:&quot;111111&quot;,&quot;userid&quot;:&quot;PdrsmnimOWo7a4mWiHCi&quot;,&quot;id&quot;:&quot;h1GrCWbCjhpHAxFLFL6s&quot;},{&quot;accountno&quot;:&quot;AA-May0588&quot;,&quot;departmentno&quot;:&quot;9&quot;,&quot;salary&quot;:&quot;7000&quot;,&quot;pincode&quot;:&quot;888888&quot;,&quot;userid&quot;:&quot;yjlDHEK3zfwmVUHfHXhT&quot;,&quot;id&quot;:&quot;dxHjjTSsegS78uw2Bjok&quot;},{&quot;accountno&quot;:&quot;GO-1111111&quot;,&quot;departmentno&quot;:&quot;2&quot;,&quot;salary&quot;:&quot;22222&quot;,&quot;pincode&quot;:&quot;212121&quot;,&quot;userid&quot;:&quot;ZVdeMZRRo0zsE3F83L3s&quot;,&quot;id&quot;:&quot;q1lOZwvt0NX6PqkaqsKo&quot;},{&quot;accountno&quot;:&quot;AA-May0588&quot;,&quot;departmentno&quot;:&quot;9&quot;,&quot;salary&quot;:&quot;7000&quot;,&quot;pincode&quot;:&quot;888888&quot;,&quot;userid&quot;:&quot;yjlDHEK3zfwmVUHfHXhT&quot;,&quot;id&quot;:&quot;F7BSDkfhdooRA2FjsgjD&quot;},{&quot;accountno&quot;:&quot;GO-2222222&quot;,&quot;departmentno&quot;:&quot;2&quot;,&quot;salary&quot;:&quot;22222&quot;,&quot;pincode&quot;:&quot;222222&quot;,&quot;userid&quot;:&quot;ZVdeMZRRo0zsE3F83L3s&quot;,&quot;id&quot;:&quot;5CJ8EcRieF81VVcQyjzS&quot;},{&quot;accountno&quot;:&quot;NewAccount&quot;,&quot;departmentno&quot;:&quot;2&quot;,&quot;salary&quot;:&quot;233334&quot;,&quot;pincode&quot;:&quot;233334&quot;,&quot;userid&quot;:&quot;pCxvzktUyFAsJ1PS4iEe&quot;,&quot;id&quot;:&quot;6s9Up3xn25Ra1YI7aOJ9&quot;},{&quot;accountno&quot;:&quot;TA-UserPAG&quot;,&quot;departmentno&quot;:&quot;1&quot;,&quot;salary&quot;:&quot;888888&quot;,&quot;pincode&quot;:&quot;888888&quot;,&quot;userid&quot;:&quot;pCxvzktUyFAsJ1PS4iEe&quot;,&quot;id&quot;:&quot;5U5EBhtIc8ydLGCMDJhZ&quot;},{&quot;accountno&quot;:&quot;TA-98989898&quot;,&quot;departmentno&quot;:&quot;2&quot;,&quot;salary&quot;:&quot;233334&quot;,&quot;pincode&quot;:&quot;233334&quot;,&quot;userid&quot;:&quot;pCxvzktUyFAsJ1PS4iEe&quot;,&quot;id&quot;:&quot;3baGB1pocFjhBmU3JZdm&quot;},{&quot;accountno&quot;:&quot;TA-23333334&quot;,&quot;departmentno&quot;:&quot;2&quot;,&quot;salary&quot;:&quot;233334&quot;,&quot;pincode&quot;:&quot;233334&quot;,&quot;userid&quot;:&quot;pCxvzktUyFAsJ1PS4iEe&quot;,&quot;id&quot;:&quot;AtTmTBzVcbqazSgFQKnq&quot;},{&quot;accountno&quot;:&quot;TA-2333334&quot;,&quot;departmentno&quot;:&quot;2&quot;,&quot;salary&quot;:&quot;233334&quot;,&quot;pincode&quot;:&quot;233334&quot;,&quot;userid&quot;:&quot;pCxvzktUyFAsJ1PS4iEe&quot;,&quot;id&quot;:&quot;0EgsIFJOdJXVVBvj9tDX&quot;},{&quot;accountno&quot;:&quot;TA-gdhjdsj&quot;,&quot;departmentno&quot;:&quot;1&quot;,&quot;salary&quot;:&quot;2346511&quot;,&quot;pincode&quot;:&quot;223344&quot;,&quot;userid&quot;:&quot;R3DiQUIslpedNfpMFBeD&quot;,&quot;id&quot;:&quot;A800bbh6xQCtO9ykO916&quot;},{&quot;accountno&quot;:&quot;TA-2222224&quot;,&quot;departmentno&quot;:&quot;2&quot;,&quot;salary&quot;:&quot;222224&quot;,&quot;pincode&quot;:&quot;222224&quot;,&quot;userid&quot;:&quot;pCxvzktUyFAsJ1PS4iEe&quot;,&quot;id&quot;:&quot;Eu0usPV7W3XE56Trhmes&quot;},{&quot;accountno&quot;:&quot;TA-2222223&quot;,&quot;departmentno&quot;:&quot;2&quot;,&quot;salary&quot;:&quot;222223&quot;,&quot;pincode&quot;:&quot;222223&quot;,&quot;userid&quot;:&quot;pCxvzktUyFAsJ1PS4iEe&quot;,&quot;id&quot;:&quot;DUaH6pN7NSyPjECxwmwy&quot;},{&quot;accountno&quot;:&quot;DA-postman&quot;,&quot;departmentno&quot;:&quot;1&quot;,&quot;salary&quot;:&quot;1000&quot;,&quot;pincode&quot;:&quot;242435&quot;,&quot;userid&quot;:&quot;d0EKEpsgBHDEjnOtkFRp&quot;,&quot;id&quot;:&quot;W6YKCDfYYjJXSQZAYnM7&quot;},{&quot;accountno&quot;:&quot;TA-2222222&quot;,&quot;departmentno&quot;:&quot;2&quot;,&quot;salary&quot;:&quot;222222&quot;,&quot;pincode&quot;:&quot;222222&quot;,&quot;userid&quot;:&quot;pCxvzktUyFAsJ1PS4iEe&quot;,&quot;id&quot;:&quot;ugE2w3rSPo0Q2xqD7KdS&quot;},{&quot;accountno&quot;:&quot;testing_hra&quot;,&quot;departmentno&quot;:&quot;1&quot;,&quot;salary&quot;:&quot;1000&quot;,&quot;pincode&quot;:&quot;342435&quot;,&quot;userid&quot;:&quot;Qs15ifctp0dtkEdVlUz0&quot;,&quot;id&quot;:&quot;s9KEi2PNCIdXPFNbds5g&quot;},{&quot;accountno&quot;:&quot;TA-Eclipse&quot;,&quot;departmentno&quot;:&quot;1&quot;,&quot;salary&quot;:&quot;7000&quot;,&quot;pincode&quot;:&quot;112233&quot;,&quot;userid&quot;:&quot;sC7k5CCGLcMJtmqa9qk1&quot;,&quot;id&quot;:&quot;SHJUiOVWVwpLw5cYknSN&quot;},{&quot;accountno&quot;:&quot;DA-eclipseSuchi&quot;,&quot;departmentno&quot;:&quot;1&quot;,&quot;salary&quot;:&quot;8000&quot;,&quot;pincode&quot;:&quot;700118&quot;,&quot;userid&quot;:&quot;sC7k5CCGLcMJtmqa9qk1&quot;,&quot;id&quot;:&quot;8AeltuDd11flIlwSq0M8&quot;},{&quot;accountno&quot;:&quot;DA-eclipse&quot;,&quot;departmentno&quot;:&quot;1&quot;,&quot;salary&quot;:&quot;1000&quot;,&quot;pincode&quot;:&quot;342435&quot;,&quot;userid&quot;:&quot;sC7k5CCGLcMJtmqa9qk1&quot;,&quot;id&quot;:&quot;I0aN0gpsyfDh0D2MDf9H&quot;},{&quot;accountno&quot;:&quot;BN-1234535&quot;,&quot;departmentno&quot;:&quot;7&quot;,&quot;salary&quot;:&quot;12190&quot;,&quot;pincode&quot;:&quot;123458&quot;,&quot;userid&quot;:&quot;wvTE1ZsqbgfOMtiFejpq&quot;,&quot;id&quot;:&quot;UUe8UjBFSsxI22vhuLTR&quot;},{&quot;accountno&quot;:&quot;DA-eclipseSuchi&quot;,&quot;departmentno&quot;:&quot;1&quot;,&quot;salary&quot;:&quot;8000&quot;,&quot;pincode&quot;:&quot;700118&quot;,&quot;userid&quot;:&quot;bX7hmQFiuM2xGSoOYCFJ&quot;,&quot;id&quot;:&quot;Pzj00UoFSPpv4fpEwzdm&quot;},{&quot;accountno&quot;:&quot;AA-May0588&quot;,&quot;departmentno&quot;:&quot;9&quot;,&quot;salary&quot;:&quot;7000&quot;,&quot;pincode&quot;:&quot;888888&quot;,&quot;userid&quot;:&quot;yjlDHEK3zfwmVUHfHXhT&quot;,&quot;id&quot;:&quot;G0XwVGqZuiEBW2ErYNIy&quot;},{&quot;accountno&quot;:&quot;AA-May0588&quot;,&quot;departmentno&quot;:&quot;9&quot;,&quot;salary&quot;:&quot;7000&quot;,&quot;pincode&quot;:&quot;888888&quot;,&quot;userid&quot;:&quot;yjlDHEK3zfwmVUHfHXhT&quot;,&quot;id&quot;:&quot;5fpajoRvOgCTZRQMViPF&quot;},{&quot;accountno&quot;:&quot;AA-May0588&quot;,&quot;departmentno&quot;:&quot;9&quot;,&quot;salary&quot;:&quot;7000&quot;,&quot;pincode&quot;:&quot;888888&quot;,&quot;userid&quot;:&quot;yjlDHEK3zfwmVUHfHXhT&quot;,&quot;id&quot;:&quot;JVxAod8GqI4iwUYWaZDC&quot;},{&quot;accountno&quot;:&quot;AA-May0589&quot;,&quot;departmentno&quot;:&quot;9&quot;,&quot;salary&quot;:&quot;7000&quot;,&quot;pincode&quot;:&quot;888888&quot;,&quot;userid&quot;:&quot;yjlDHEK3zfwmVUHfHXhT&quot;,&quot;id&quot;:&quot;Ieux7ifa7bq862MjGxEC&quot;},{&quot;accountno&quot;:&quot;DA-eclipse&quot;,&quot;departmentno&quot;:&quot;9&quot;,&quot;salary&quot;:&quot;2121&quot;,&quot;pincode&quot;:&quot;565656&quot;,&quot;userid&quot;:&quot;rLIAitoB0TJsjPAre41y&quot;,&quot;id&quot;:&quot;v1LR6PZG0nzZcJTDKbpX&quot;},{&quot;accountno&quot;:&quot;DA-Start&quot;,&quot;departmentno&quot;:3,&quot;salary&quot;:1000,&quot;pincode&quot;:342435,&quot;userid&quot;:&quot;rLIAitoB0TJsjPAre41y&quot;,&quot;id&quot;:&quot;Pdb9ETc22k5CPbCN2VhU&quot;},{&quot;accountno&quot;:&quot;TA-2222222&quot;,&quot;departmentno&quot;:&quot;2&quot;,&quot;salary&quot;:&quot;222222&quot;,&quot;pincode&quot;:&quot;222222&quot;,&quot;userid&quot;:&quot;pCxvzktUyFAsJ1PS4iEe&quot;,&quot;id&quot;:&quot;XHuqONmPUukpqu3j1enk&quot;},{&quot;accountno&quot;:&quot;TA-4678577666&quot;,&quot;departmentno&quot;:&quot;6&quot;,&quot;salary&quot;:&quot;111777&quot;,&quot;pincode&quot;:&quot;232777&quot;,&quot;userid&quot;:&quot;vWgxzCFg2dEEmc7xfrJj&quot;,&quot;id&quot;:&quot;W9pWFUxpImTCHOc6PIZv&quot;},{&quot;accountno&quot;:&quot;1234567&quot;,&quot;departmentno&quot;:&quot;6&quot;,&quot;salary&quot;:&quot;124262&quot;,&quot;pincode&quot;:&quot;345263&quot;,&quot;userid&quot;:&quot;vWgxzCFg2dEEmc7xfrJj&quot;,&quot;id&quot;:&quot;Z49tO31doGi1SoUMhGbI&quot;},{&quot;accountno&quot;:&quot;TA-4678577666&quot;,&quot;departmentno&quot;:&quot;6&quot;,&quot;salary&quot;:&quot;111777&quot;,&quot;pincode&quot;:&quot;232777&quot;,&quot;userid&quot;:&quot;vWgxzCFg2dEEmc7xfrJj&quot;,&quot;id&quot;:&quot;yxnEgFwa5tuNukmJyzM4&quot;},{&quot;accountno&quot;:&quot;1234567&quot;,&quot;departmentno&quot;:&quot;6&quot;,&quot;salary&quot;:&quot;124262&quot;,&quot;pincode&quot;:&quot;345263&quot;,&quot;userid&quot;:&quot;vWgxzCFg2dEEmc7xfrJj&quot;,&quot;id&quot;:&quot;pRf8rkkaScGfGtHLnRrw&quot;},{&quot;accountno&quot;:&quot;TA-2222222&quot;,&quot;departmentno&quot;:&quot;2&quot;,&quot;salary&quot;:&quot;222222&quot;,&quot;pincode&quot;:&quot;222222&quot;,&quot;userid&quot;:&quot;pCxvzktUyFAsJ1PS4iEe&quot;,&quot;id&quot;:&quot;csEscNjd35jGBtnPdpSV&quot;},{&quot;accountno&quot;:&quot;DA-eclipse&quot;,&quot;departmentno&quot;:&quot;9&quot;,&quot;salary&quot;:&quot;2121&quot;,&quot;pincode&quot;:&quot;565656&quot;,&quot;userid&quot;:&quot;rLIAitoB0TJsjPAre41y&quot;,&quot;id&quot;:&quot;s5HcXhkZG01VUKK12bJn&quot;},{&quot;accountno&quot;:&quot;TA-1234576&quot;,&quot;departmentno&quot;:&quot;9&quot;,&quot;salary&quot;:&quot;6000&quot;,&quot;pincode&quot;:&quot;111111&quot;,&quot;userid&quot;:&quot;rLIAitoB0TJsjPAre41y&quot;,&quot;id&quot;:&quot;0nYZL8LbHBsHOgZuxaJv&quot;},{&quot;accountno&quot;:&quot;TA-jan2301&quot;,&quot;departmentno&quot;:&quot;1&quot;,&quot;salary&quot;:&quot;2000&quot;,&quot;pincode&quot;:&quot;456789&quot;,&quot;userid&quot;:&quot;zhFI4oQlHjP2cn3mW3GP&quot;,&quot;id&quot;:&quot;Xnfk719hDK3oUYr2hjID&quot;},{&quot;accountno&quot;:&quot;TA-1234576&quot;,&quot;departmentno&quot;:&quot;9&quot;,&quot;salary&quot;:&quot;6000&quot;,&quot;pincode&quot;:&quot;111111&quot;,&quot;userid&quot;:&quot;PdrsmnimOWo7a4mWiHCi&quot;,&quot;id&quot;:&quot;nBPxvPpevwOBvl5rVQ4e&quot;},{&quot;accountno&quot;:&quot;RM:12345678&quot;,&quot;departmentno&quot;:&quot;3&quot;,&quot;salary&quot;:&quot;154645&quot;,&quot;pincode&quot;:&quot;556776&quot;,&quot;userid&quot;:&quot;JBFBUgrJ3VQaudaTXM0r&quot;,&quot;id&quot;:&quot;6E8J7AxBabCMC43GeTmZ&quot;},{&quot;accountno&quot;:&quot;TA-4678577666&quot;,&quot;departmentno&quot;:&quot;6&quot;,&quot;salary&quot;:&quot;111777&quot;,&quot;pincode&quot;:&quot;232777&quot;,&quot;userid&quot;:&quot;vWgxzCFg2dEEmc7xfrJj&quot;,&quot;id&quot;:&quot;idQUDtU7ZjwOwwNoe1yP&quot;},{&quot;accountno&quot;:&quot;1234567&quot;,&quot;departmentno&quot;:&quot;6&quot;,&quot;salary&quot;:&quot;124262&quot;,&quot;pincode&quot;:&quot;345263&quot;,&quot;userid&quot;:&quot;vWgxzCFg2dEEmc7xfrJj&quot;,&quot;id&quot;:&quot;rQn8HGonuuHdY7GgdBO8&quot;},{&quot;accountno&quot;:&quot;TA-4678577666&quot;,&quot;departmentno&quot;:&quot;6&quot;,&quot;salary&quot;:&quot;111777&quot;,&quot;pincode&quot;:&quot;232777&quot;,&quot;userid&quot;:&quot;vWgxzCFg2dEEmc7xfrJj&quot;,&quot;id&quot;:&quot;1rGn6cenwA4KUGbl4j8W&quot;},{&quot;accountno&quot;:&quot;TA-4678577666&quot;,&quot;departmentno&quot;:&quot;6&quot;,&quot;salary&quot;:&quot;111777&quot;,&quot;pincode&quot;:&quot;232777&quot;,&quot;userid&quot;:&quot;vWgxzCFg2dEEmc7xfrJj&quot;,&quot;id&quot;:&quot;FufVkS1wXxrAEJ6Kxqen&quot;},{&quot;accountno&quot;:&quot;AA-May0188&quot;,&quot;departmentno&quot;:&quot;6&quot;,&quot;salary&quot;:&quot;9000&quot;,&quot;pincode&quot;:&quot;888888&quot;,&quot;userid&quot;:&quot;yjlDHEK3zfwmVUHfHXhT&quot;,&quot;id&quot;:&quot;2DEf18YSX54hZ0Kq4JRW&quot;},{&quot;accountno&quot;:&quot;TA-March82&quot;,&quot;departmentno&quot;:6,&quot;salary&quot;:4000,&quot;pincode&quot;:673423,&quot;userid&quot;:&quot;HHlWEZnF14WqT7LHhHc7&quot;,&quot;id&quot;:&quot;88kBnN62WxHCsgAUCs6J&quot;},{&quot;accountno&quot;:&quot;TA-4545677&quot;,&quot;departmentno&quot;:7,&quot;salary&quot;:987,&quot;pincode&quot;:678909,&quot;userid&quot;:&quot;d0EKEpsgBHDEjnOtkFRp&quot;,&quot;id&quot;:&quot;fDMbh7VIR8uJZXMxlzMZ&quot;},{&quot;accountno&quot;:&quot;RM:12345678&quot;,&quot;departmentno&quot;:3,&quot;salary&quot;:154645,&quot;pincode&quot;:556776,&quot;userid&quot;:&quot;JBFBUgrJ3VQaudaTXM0r&quot;,&quot;id&quot;:&quot;RUJK0Y2mKkhHjrEAGTly&quot;},{&quot;accountno&quot;:&quot;TA-5678985&quot;,&quot;departmentno&quot;:&quot;5&quot;,&quot;salary&quot;:&quot;1325&quot;,&quot;pincode&quot;:&quot;569832&quot;,&quot;userid&quot;:&quot;rLIAitoB0TJsjPAre41y&quot;,&quot;id&quot;:&quot;xtU92YM7ynY8CWTNWg65&quot;},{&quot;accountno&quot;:&quot;3454534456&quot;,&quot;departmentno&quot;:&quot;5&quot;,&quot;salary&quot;:&quot;54645&quot;,&quot;pincode&quot;:&quot;756776&quot;,&quot;userid&quot;:&quot;JBFBUgrJ3VQaudaTXM0r&quot;,&quot;id&quot;:&quot;hrF9x6uu4SbpxexqQZOm&quot;},{&quot;accountno&quot;:&quot;BN-1234535&quot;,&quot;departmentno&quot;:&quot;7&quot;,&quot;salary&quot;:&quot;12190&quot;,&quot;pincode&quot;:&quot;123458&quot;,&quot;userid&quot;:&quot;wvTE1ZsqbgfOMtiFejpq&quot;,&quot;id&quot;:&quot;hJoWSG9gvnMfFTnSldZf&quot;},{&quot;accountno&quot;:&quot;TA-2026mar&quot;,&quot;departmentno&quot;:&quot;9&quot;,&quot;salary&quot;:&quot;679&quot;,&quot;pincode&quot;:&quot;674964&quot;,&quot;userid&quot;:&quot;p2AiPHqacISNeeGHyEEb&quot;,&quot;id&quot;:&quot;nlgymXo7tMn5z5lUzMfj&quot;},{&quot;accountno&quot;:&quot;RM-2345678&quot;,&quot;departmentno&quot;:&quot;1&quot;,&quot;salary&quot;:&quot;6536546&quot;,&quot;pincode&quot;:&quot;654355&quot;,&quot;userid&quot;:&quot;JBFBUgrJ3VQaudaTXM0r&quot;,&quot;id&quot;:&quot;8VLFsQGa0WWiH7VOpLF2&quot;},{&quot;accountno&quot;:&quot;TA-Jan2031&quot;,&quot;departmentno&quot;:&quot;2&quot;,&quot;salary&quot;:&quot;2200&quot;,&quot;pincode&quot;:&quot;234568&quot;,&quot;userid&quot;:&quot;Ck6CD9qzkm608fnZLQ8u&quot;,&quot;id&quot;:&quot;IQBH3UbAxvjyO7clQ3fM&quot;},{&quot;accountno&quot;:&quot;TA-Jan2023&quot;,&quot;departmentno&quot;:&quot;2&quot;,&quot;salary&quot;:&quot;2200&quot;,&quot;pincode&quot;:&quot;234567&quot;,&quot;userid&quot;:&quot;Ck6CD9qzkm608fnZLQ8u&quot;,&quot;id&quot;:&quot;mFrrd0QlzQmnLb0M3IHJ&quot;},{&quot;accountno&quot;:&quot;TA-Jan2023&quot;,&quot;departmentno&quot;:&quot;1&quot;,&quot;salary&quot;:&quot;2100&quot;,&quot;pincode&quot;:&quot;234567&quot;,&quot;userid&quot;:&quot;Ck6CD9qzkm608fnZLQ8u&quot;,&quot;id&quot;:&quot;GRCSo4qh3M1efNCp0UQJ&quot;},{&quot;accountno&quot;:&quot;TA-1111111&quot;,&quot;departmentno&quot;:&quot;2&quot;,&quot;salary&quot;:&quot;111111&quot;,&quot;pincode&quot;:&quot;123456&quot;,&quot;userid&quot;:&quot;N1D4P4ykE7TcYgJNM1fB&quot;,&quot;id&quot;:&quot;hsFqEFnyRdYgybEf3eZp&quot;},{&quot;accountno&quot;:&quot;TA-1111111&quot;,&quot;departmentno&quot;:&quot;2&quot;,&quot;salary&quot;:&quot;111111&quot;,&quot;pincode&quot;:&quot;123457&quot;,&quot;userid&quot;:&quot;N1D4P4ykE7TcYgJNM1fB&quot;,&quot;id&quot;:&quot;uN9iSdl9ODisUJ5B0MZi&quot;},{&quot;accountno&quot;:&quot;TA-1111111&quot;,&quot;departmentno&quot;:&quot;2&quot;,&quot;salary&quot;:&quot;111111&quot;,&quot;pincode&quot;:&quot;123456&quot;,&quot;userid&quot;:&quot;N1D4P4ykE7TcYgJNM1fB&quot;,&quot;id&quot;:&quot;c4GL5vj0gZciDiS9RRqL&quot;},{&quot;accountno&quot;:&quot;TA-2000000&quot;,&quot;departmentno&quot;:&quot;5&quot;,&quot;salary&quot;:&quot;2000&quot;,&quot;pincode&quot;:&quot;123456&quot;,&quot;userid&quot;:&quot;DKbvIDLcPJxTB93pE55B&quot;,&quot;id&quot;:&quot;XBzLINvIIWQABzJQoyfj&quot;},{&quot;accountno&quot;:&quot;TA-Jan2302&quot;,&quot;departmentno&quot;:&quot;7&quot;,&quot;salary&quot;:&quot;2300&quot;,&quot;pincode&quot;:&quot;234567&quot;,&quot;userid&quot;:&quot;Ck6CD9qzkm608fnZLQ8u&quot;,&quot;id&quot;:&quot;x8NowufO6BlUMMF2cgML&quot;},{&quot;accountno&quot;:&quot;TA-5234576&quot;,&quot;departmentno&quot;:&quot;1&quot;,&quot;salary&quot;:&quot;6000&quot;,&quot;pincode&quot;:&quot;111111&quot;,&quot;userid&quot;:&quot;PdrsmnimOWo7a4mWiHCi&quot;,&quot;id&quot;:&quot;ydL0WVUCKHX9XaYj0jSb&quot;},{&quot;accountno&quot;:&quot;TA-1234576&quot;,&quot;departmentno&quot;:&quot;1&quot;,&quot;salary&quot;:&quot;6000&quot;,&quot;pincode&quot;:&quot;111111&quot;,&quot;userid&quot;:&quot;PdrsmnimOWo7a4mWiHCi&quot;,&quot;id&quot;:&quot;UYVT66QbcKQi5fV4kTah&quot;},{&quot;accountno&quot;:&quot;TA-1234567&quot;,&quot;departmentno&quot;:&quot;7&quot;,&quot;salary&quot;:&quot;5000&quot;,&quot;pincode&quot;:&quot;233443&quot;,&quot;userid&quot;:&quot;PdrsmnimOWo7a4mWiHCi&quot;,&quot;id&quot;:&quot;46iZ9ZUK5TxHeRA7h3EH&quot;},{&quot;accountno&quot;:&quot;TA-4678577666&quot;,&quot;departmentno&quot;:&quot;6&quot;,&quot;salary&quot;:&quot;111777&quot;,&quot;pincode&quot;:&quot;232777&quot;,&quot;userid&quot;:&quot;vWgxzCFg2dEEmc7xfrJj&quot;,&quot;id&quot;:&quot;pbl5R58Cd8wuis17J1UB&quot;},{&quot;accountno&quot;:&quot;TA-4678577666&quot;,&quot;departmentno&quot;:&quot;6&quot;,&quot;salary&quot;:&quot;111777&quot;,&quot;pincode&quot;:&quot;232777&quot;,&quot;userid&quot;:&quot;vWgxzCFg2dEEmc7xfrJj&quot;,&quot;id&quot;:&quot;iTJArWcAxuLwQ6FJBjfm&quot;},{&quot;accountno&quot;:&quot;TA-4678946&quot;,&quot;departmentno&quot;:&quot;6&quot;,&quot;salary&quot;:&quot;14568&quot;,&quot;pincode&quot;:&quot;160318&quot;,&quot;userid&quot;:&quot;vWgxzCFg2dEEmc7xfrJj&quot;,&quot;id&quot;:&quot;VOfzsalq6MeEchiSZk3d&quot;},{&quot;accountno&quot;:&quot;TA-9999999&quot;,&quot;departmentno&quot;:&quot;9&quot;,&quot;salary&quot;:&quot;999999&quot;,&quot;pincode&quot;:&quot;999999&quot;,&quot;userid&quot;:&quot;R3DiQUIslpedNfpMFBeD&quot;,&quot;id&quot;:&quot;x6W3k1FABXNLyj3U9Ypb&quot;},{&quot;accountno&quot;:&quot;TA-1235567&quot;,&quot;departmentno&quot;:&quot;5&quot;,&quot;salary&quot;:&quot;12345&quot;,&quot;pincode&quot;:&quot;123456&quot;,&quot;userid&quot;:&quot;Bl9Tdos8Zn7fDhEqJa1k&quot;,&quot;id&quot;:&quot;lVAQOIFG1bJOg6C9wbMU&quot;},{&quot;accountno&quot;:&quot;TA-1234567&quot;,&quot;departmentno&quot;:&quot;6&quot;,&quot;salary&quot;:&quot;12345&quot;,&quot;pincode&quot;:&quot;123456&quot;,&quot;userid&quot;:&quot;Bl9Tdos8Zn7fDhEqJa1k&quot;,&quot;id&quot;:&quot;C7Cle7l0A3Rzen0JycOn&quot;},{&quot;accountno&quot;:&quot;TA-1234567&quot;,&quot;departmentno&quot;:&quot;6&quot;,&quot;salary&quot;:&quot;12345&quot;,&quot;pincode&quot;:&quot;123456&quot;,&quot;userid&quot;:&quot;Bl9Tdos8Zn7fDhEqJa1k&quot;,&quot;id&quot;:&quot;3sBygTE5p3h4mj11y38q&quot;},{&quot;accountno&quot;:&quot;TA-4678577666&quot;,&quot;departmentno&quot;:&quot;6&quot;,&quot;salary&quot;:&quot;111777&quot;,&quot;pincode&quot;:&quot;232777&quot;,&quot;userid&quot;:&quot;vWgxzCFg2dEEmc7xfrJj&quot;,&quot;id&quot;:&quot;j49YDMpFQz4OKdVioO5N&quot;},{&quot;accountno&quot;:&quot;TA-4678577666&quot;,&quot;departmentno&quot;:&quot;6&quot;,&quot;salary&quot;:&quot;111777&quot;,&quot;pincode&quot;:&quot;232777&quot;,&quot;userid&quot;:&quot;vWgxzCFg2dEEmc7xfrJj&quot;,&quot;id&quot;:&quot;HKb3T1xQAxkcMTSiYMn1&quot;},{&quot;accountno&quot;:&quot;TA-4678577666&quot;,&quot;departmentno&quot;:&quot;6&quot;,&quot;salary&quot;:&quot;111777&quot;,&quot;pincode&quot;:&quot;232777&quot;,&quot;userid&quot;:&quot;vWgxzCFg2dEEmc7xfrJj&quot;,&quot;id&quot;:&quot;PUwKrcUPYsJrTxD1VFbN&quot;},{&quot;accountno&quot;:&quot;TA-4678577666&quot;,&quot;departmentno&quot;:&quot;6&quot;,&quot;salary&quot;:&quot;111777&quot;,&quot;pincode&quot;:&quot;232777&quot;,&quot;userid&quot;:&quot;vWgxzCFg2dEEmc7xfrJj&quot;,&quot;id&quot;:&quot;ynvrcpmaNobm8uaDq1ST&quot;},{&quot;accountno&quot;:&quot;RM-1234567&quot;,&quot;departmentno&quot;:9,&quot;salary&quot;:9024567,&quot;pincode&quot;:546546,&quot;userid&quot;:&quot;JBFBUgrJ3VQaudaTXM0r&quot;,&quot;id&quot;:&quot;Yi3K1SfM71O0wec2WtKm&quot;},{&quot;accountno&quot;:&quot;TA-5612345&quot;,&quot;departmentno&quot;:&quot;6&quot;,&quot;salary&quot;:&quot;5423&quot;,&quot;pincode&quot;:&quot;965421&quot;,&quot;userid&quot;:&quot;rLIAitoB0TJsjPAre41y&quot;,&quot;id&quot;:&quot;5ev2EAEOY1lZBmihE79i&quot;},{&quot;accountno&quot;:&quot;TA-4678577666&quot;,&quot;departmentno&quot;:&quot;6&quot;,&quot;salary&quot;:&quot;111777&quot;,&quot;pincode&quot;:&quot;232777&quot;,&quot;userid&quot;:&quot;vWgxzCFg2dEEmc7xfrJj&quot;,&quot;id&quot;:&quot;res7amnTvaGgxBgsgoNQ&quot;},{&quot;accountno&quot;:&quot;TA-4678577666&quot;,&quot;departmentno&quot;:&quot;6&quot;,&quot;salary&quot;:&quot;111777&quot;,&quot;pincode&quot;:&quot;232777&quot;,&quot;userid&quot;:&quot;vWgxzCFg2dEEmc7xfrJj&quot;,&quot;id&quot;:&quot;sBiNFOoEK2psKUd0pvXa&quot;},{&quot;accountno&quot;:&quot;TA-4678577666&quot;,&quot;departmentno&quot;:&quot;6&quot;,&quot;salary&quot;:&quot;111777&quot;,&quot;pincode&quot;:&quot;232777&quot;,&quot;userid&quot;:&quot;vWgxzCFg2dEEmc7xfrJj&quot;,&quot;id&quot;:&quot;xbdYnvmFIec2j1QrkGlb&quot;},{&quot;accountno&quot;:&quot;TA-4678577666&quot;,&quot;departmentno&quot;:&quot;6&quot;,&quot;salary&quot;:&quot;111777&quot;,&quot;pincode&quot;:&quot;232777&quot;,&quot;userid&quot;:&quot;vWgxzCFg2dEEmc7xfrJj&quot;,&quot;id&quot;:&quot;vuSa4DtBUf1zpjkqLlBI&quot;},{&quot;accountno&quot;:&quot;TA-4678577666&quot;,&quot;departmentno&quot;:&quot;6&quot;,&quot;salary&quot;:&quot;111777&quot;,&quot;pincode&quot;:&quot;232777&quot;,&quot;userid&quot;:&quot;yj4lLufi6vTtJtT0MKL8&quot;,&quot;id&quot;:&quot;WqonwSUb35FepaXCUJ7i&quot;},{&quot;accountno&quot;:&quot;TA-4678577666&quot;,&quot;departmentno&quot;:&quot;6&quot;,&quot;salary&quot;:&quot;111777&quot;,&quot;pincode&quot;:&quot;232777&quot;,&quot;userid&quot;:&quot;yj4lLufi6vTtJtT0MKL8&quot;,&quot;id&quot;:&quot;r3FdNdxZ89UWAyAK76O6&quot;},{&quot;accountno&quot;:&quot;TA-jan2024&quot;,&quot;departmentno&quot;:&quot;1&quot;,&quot;salary&quot;:&quot;2000&quot;,&quot;pincode&quot;:&quot;222222&quot;,&quot;userid&quot;:&quot;YE8ZJHpDM2QKwjnAyyN7&quot;,&quot;id&quot;:&quot;7WMvIjBul7wDrTwzSkCW&quot;},{&quot;accountno&quot;:&quot;go-3231432&quot;,&quot;departmentno&quot;:&quot;3&quot;,&quot;salary&quot;:&quot;52542&quot;,&quot;pincode&quot;:&quot;325423&quot;,&quot;userid&quot;:&quot;ZVdeMZRRo0zsE3F83L3s&quot;,&quot;id&quot;:&quot;g7Xq2rNj1SlKGNVr5bOf&quot;},{&quot;accountno&quot;:&quot;BN-1234535&quot;,&quot;departmentno&quot;:&quot;7&quot;,&quot;salary&quot;:&quot;12190&quot;,&quot;pincode&quot;:&quot;123458&quot;,&quot;userid&quot;:&quot;wvTE1ZsqbgfOMtiFejpq&quot;,&quot;id&quot;:&quot;b7wBj0dPo2BdDOII7t7A&quot;},{&quot;accountno&quot;:&quot;TA-1111111&quot;,&quot;departmentno&quot;:&quot;1&quot;,&quot;salary&quot;:&quot;111111&quot;,&quot;pincode&quot;:&quot;111111&quot;,&quot;userid&quot;:&quot;vWgxzCFg2dEEmc7xfrJj&quot;,&quot;id&quot;:&quot;undPkCLMsGzU0fqA7tka&quot;},{&quot;accountno&quot;:&quot;BN-1234535&quot;,&quot;departmentno&quot;:&quot;7&quot;,&quot;salary&quot;:&quot;12190&quot;,&quot;pincode&quot;:&quot;123458&quot;,&quot;userid&quot;:&quot;wvTE1ZsqbgfOMtiFejpq&quot;,&quot;id&quot;:&quot;5UbtRBXODRQsUjRgjVz6&quot;},{&quot;accountno&quot;:&quot;BN-1234535&quot;,&quot;departmentno&quot;:&quot;7&quot;,&quot;salary&quot;:&quot;12190&quot;,&quot;pincode&quot;:&quot;123458&quot;,&quot;userid&quot;:&quot;wvTE1ZsqbgfOMtiFejpq&quot;,&quot;id&quot;:&quot;C1neviRiWj8Db1NnluMy&quot;},{&quot;accountno&quot;:&quot;TA-14675&quot;,&quot;departmentno&quot;:&quot;5&quot;,&quot;salary&quot;:&quot;70713&quot;,&quot;pincode&quot;:&quot;13142-9977&quot;,&quot;userid&quot;:&quot;taGX4XQQfXD3Z76sI1Xn&quot;,&quot;id&quot;:&quot;WJsd7VvUQkRl2Ky0zJyU&quot;},{&quot;accountno&quot;:&quot;TA-15802&quot;,&quot;departmentno&quot;:&quot;5&quot;,&quot;salary&quot;:&quot;53588&quot;,&quot;pincode&quot;:&quot;02556&quot;,&quot;userid&quot;:&quot;taGX4XQQfXD3Z76sI1Xn&quot;,&quot;id&quot;:&quot;Sq0lCUzN06GHZq49J9OS&quot;},{&quot;accountno&quot;:&quot;BN-1234535&quot;,&quot;departmentno&quot;:&quot;7&quot;,&quot;salary&quot;:&quot;12190&quot;,&quot;pincode&quot;:&quot;123458&quot;,&quot;userid&quot;:&quot;wvTE1ZsqbgfOMtiFejpq&quot;,&quot;id&quot;:&quot;s25FRnM8hfQ9ELSbjHwm&quot;},{&quot;accountno&quot;:&quot;DA-7333333&quot;,&quot;departmentno&quot;:&quot;3&quot;,&quot;salary&quot;:&quot;30000&quot;,&quot;pincode&quot;:&quot;305077&quot;,&quot;userid&quot;:&quot;9M0UYcQiX1yGh3aiXJWZ&quot;,&quot;id&quot;:&quot;whSqAe7VnkR4EJgYRy9B&quot;},{&quot;accountno&quot;:&quot;BN-1234535&quot;,&quot;departmentno&quot;:&quot;7&quot;,&quot;salary&quot;:&quot;12190&quot;,&quot;pincode&quot;:&quot;123458&quot;,&quot;userid&quot;:&quot;wvTE1ZsqbgfOMtiFejpq&quot;,&quot;id&quot;:&quot;dfGkCh9FACnsOtPU3gGe&quot;},{&quot;accountno&quot;:&quot;TA-6789975&quot;,&quot;departmentno&quot;:&quot;3&quot;,&quot;salary&quot;:&quot;179463&quot;,&quot;pincode&quot;:&quot;562099&quot;,&quot;userid&quot;:&quot;yj4lLufi6vTtJtT0MKL8&quot;,&quot;id&quot;:&quot;pL7iAK5yJhtZsiqDr778&quot;},{&quot;accountno&quot;:&quot;TA-6789975&quot;,&quot;departmentno&quot;:&quot;3&quot;,&quot;salary&quot;:&quot;179463&quot;,&quot;pincode&quot;:&quot;562099&quot;,&quot;userid&quot;:&quot;yj4lLufi6vTtJtT0MKL8&quot;,&quot;id&quot;:&quot;5iJD2Kdk3m0up3lX3fim&quot;},{&quot;accountno&quot;:&quot;BN-1234535&quot;,&quot;departmentno&quot;:&quot;7&quot;,&quot;salary&quot;:&quot;12190&quot;,&quot;pincode&quot;:&quot;123458&quot;,&quot;userid&quot;:&quot;wvTE1ZsqbgfOMtiFejpq&quot;,&quot;id&quot;:&quot;HRcvYFwDn6CFGSWiL9pG&quot;},{&quot;accountno&quot;:&quot;AA-1234567&quot;,&quot;departmentno&quot;:&quot;5&quot;,&quot;salary&quot;:&quot;10000&quot;,&quot;pincode&quot;:&quot;555555&quot;,&quot;userid&quot;:&quot;mEYhxTp8rdy8zhKgFBen&quot;,&quot;id&quot;:&quot;aCbPrx3xD9H9d7iNOh75&quot;},{&quot;accountno&quot;:&quot;TA-1777777&quot;,&quot;departmentno&quot;:&quot;6&quot;,&quot;salary&quot;:&quot;1212&quot;,&quot;pincode&quot;:&quot;121213&quot;,&quot;userid&quot;:&quot;Q838nbz89Y6fI0Es1xd1&quot;,&quot;id&quot;:&quot;WMc5dEpa2Dhfl3II4mHv&quot;},{&quot;accountno&quot;:&quot;TA-1777777&quot;,&quot;departmentno&quot;:&quot;6&quot;,&quot;salary&quot;:&quot;1212&quot;,&quot;pincode&quot;:&quot;121213&quot;,&quot;userid&quot;:&quot;Q838nbz89Y6fI0Es1xd1&quot;,&quot;id&quot;:&quot;1LGl1O0c52j5vgAWJ5qP&quot;},{&quot;accountno&quot;:&quot;TA-1777777&quot;,&quot;departmentno&quot;:&quot;6&quot;,&quot;salary&quot;:&quot;1212&quot;,&quot;pincode&quot;:&quot;121213&quot;,&quot;userid&quot;:&quot;Q838nbz89Y6fI0Es1xd1&quot;,&quot;id&quot;:&quot;TN8DePTGVLhUnmLww26G&quot;},{&quot;accountno&quot;:&quot;TA-1777777&quot;,&quot;departmentno&quot;:&quot;6&quot;,&quot;salary&quot;:&quot;1212&quot;,&quot;pincode&quot;:&quot;121213&quot;,&quot;userid&quot;:&quot;Q838nbz89Y6fI0Es1xd1&quot;,&quot;id&quot;:&quot;CTfY51nGUpKL5UbDq1ZA&quot;},{&quot;accountno&quot;:&quot;TA-1212121&quot;,&quot;departmentno&quot;:&quot;1&quot;,&quot;salary&quot;:&quot;111&quot;,&quot;pincode&quot;:&quot;123456&quot;,&quot;userid&quot;:&quot;I6nBxzjk6VkW6NHrUDCN&quot;,&quot;id&quot;:&quot;VNRT84Lpo7hstyFqSqEK&quot;},{&quot;accountno&quot;:&quot;TA-1777777&quot;,&quot;departmentno&quot;:&quot;6&quot;,&quot;salary&quot;:&quot;1212&quot;,&quot;pincode&quot;:&quot;121213&quot;,&quot;userid&quot;:&quot;Q838nbz89Y6fI0Es1xd1&quot;,&quot;id&quot;:&quot;qEHQShWXgkbESc63ik2k&quot;},{&quot;accountno&quot;:&quot;TA-1777777&quot;,&quot;departmentno&quot;:&quot;6&quot;,&quot;salary&quot;:&quot;1212&quot;,&quot;pincode&quot;:&quot;121213&quot;,&quot;userid&quot;:&quot;Q838nbz89Y6fI0Es1xd1&quot;,&quot;id&quot;:&quot;a4R9CFq370toKCAqcFYC&quot;},{&quot;accountno&quot;:&quot;TA-1777777&quot;,&quot;departmentno&quot;:&quot;6&quot;,&quot;salary&quot;:&quot;1212&quot;,&quot;pincode&quot;:&quot;121213&quot;,&quot;userid&quot;:&quot;Q838nbz89Y6fI0Es1xd1&quot;,&quot;id&quot;:&quot;mzdk7aKxgerruXSsHP4A&quot;},{&quot;accountno&quot;:&quot;TA-1777777&quot;,&quot;departmentno&quot;:&quot;6&quot;,&quot;salary&quot;:&quot;1212&quot;,&quot;pincode&quot;:&quot;121213&quot;,&quot;userid&quot;:&quot;Q838nbz89Y6fI0Es1xd1&quot;,&quot;id&quot;:&quot;KSD8KvGEGriaExXJuHjw&quot;},{&quot;accountno&quot;:&quot;TA-1777777&quot;,&quot;departmentno&quot;:&quot;6&quot;,&quot;salary&quot;:&quot;1212&quot;,&quot;pincode&quot;:&quot;121213&quot;,&quot;userid&quot;:&quot;Q838nbz89Y6fI0Es1xd1&quot;,&quot;id&quot;:&quot;F1iULsNHWSQI99F8KQtC&quot;},{&quot;accountno&quot;:&quot;TA-1777777&quot;,&quot;departmentno&quot;:&quot;6&quot;,&quot;salary&quot;:&quot;1212&quot;,&quot;pincode&quot;:&quot;121213&quot;,&quot;userid&quot;:&quot;Q838nbz89Y6fI0Es1xd1&quot;,&quot;id&quot;:&quot;8JIJ0X8QypANUdnY9b4F&quot;},{&quot;accountno&quot;:&quot;TA-1777777&quot;,&quot;departmentno&quot;:&quot;6&quot;,&quot;salary&quot;:&quot;1212&quot;,&quot;pincode&quot;:&quot;121213&quot;,&quot;userid&quot;:&quot;Q838nbz89Y6fI0Es1xd1&quot;,&quot;id&quot;:&quot;hHVqWCrNHELN6VOrvijG&quot;},{&quot;accountno&quot;:&quot;TA-1777777&quot;,&quot;departmentno&quot;:&quot;6&quot;,&quot;salary&quot;:&quot;1212&quot;,&quot;pincode&quot;:&quot;121213&quot;,&quot;userid&quot;:&quot;Q838nbz89Y6fI0Es1xd1&quot;,&quot;id&quot;:&quot;445br3K1vT0nMOJQffUF&quot;},{&quot;accountno&quot;:&quot;TA-1777777&quot;,&quot;departmentno&quot;:&quot;6&quot;,&quot;salary&quot;:&quot;1212&quot;,&quot;pincode&quot;:&quot;121213&quot;,&quot;userid&quot;:&quot;Q838nbz89Y6fI0Es1xd1&quot;,&quot;id&quot;:&quot;pTUBn8ouhk5dXGKyd7Ia&quot;},{&quot;accountno&quot;:&quot;TA-1777777&quot;,&quot;departmentno&quot;:&quot;6&quot;,&quot;salary&quot;:&quot;1212&quot;,&quot;pincode&quot;:&quot;121213&quot;,&quot;userid&quot;:&quot;Q838nbz89Y6fI0Es1xd1&quot;,&quot;id&quot;:&quot;b1UllKpJc7j3Nm1S9H63&quot;},{&quot;accountno&quot;:&quot;BN-1234535&quot;,&quot;departmentno&quot;:&quot;7&quot;,&quot;salary&quot;:&quot;12190&quot;,&quot;pincode&quot;:&quot;123458&quot;,&quot;userid&quot;:&quot;wvTE1ZsqbgfOMtiFejpq&quot;,&quot;id&quot;:&quot;rX7jPGHHL384nSWmx8ES&quot;},{&quot;accountno&quot;:&quot;TA-1777777&quot;,&quot;departmentno&quot;:&quot;6&quot;,&quot;salary&quot;:&quot;1212&quot;,&quot;pincode&quot;:&quot;121213&quot;,&quot;userid&quot;:&quot;Q838nbz89Y6fI0Es1xd1&quot;,&quot;id&quot;:&quot;UOIUWq4JkyqgHUtupwdK&quot;},{&quot;accountno&quot;:&quot;TA-1777777&quot;,&quot;departmentno&quot;:&quot;6&quot;,&quot;salary&quot;:&quot;1212&quot;,&quot;pincode&quot;:&quot;121213&quot;,&quot;userid&quot;:&quot;Q838nbz89Y6fI0Es1xd1&quot;,&quot;id&quot;:&quot;bFf7h3i2KGRtm8JDlGyz&quot;},{&quot;accountno&quot;:&quot;TA-1777777&quot;,&quot;departmentno&quot;:&quot;6&quot;,&quot;salary&quot;:&quot;1212&quot;,&quot;pincode&quot;:&quot;121213&quot;,&quot;userid&quot;:&quot;Q838nbz89Y6fI0Es1xd1&quot;,&quot;id&quot;:&quot;U6UkH4Kj0dw7H0FE0RQZ&quot;},{&quot;accountno&quot;:&quot;TA-1777777&quot;,&quot;departmentno&quot;:&quot;6&quot;,&quot;salary&quot;:&quot;1212&quot;,&quot;pincode&quot;:&quot;121213&quot;,&quot;userid&quot;:&quot;Q838nbz89Y6fI0Es1xd1&quot;,&quot;id&quot;:&quot;gN1ShkmdkJUdseswNZoj&quot;},{&quot;accountno&quot;:&quot;TA-1777777&quot;,&quot;departmentno&quot;:&quot;6&quot;,&quot;salary&quot;:&quot;1212&quot;,&quot;pincode&quot;:&quot;121213&quot;,&quot;userid&quot;:&quot;Q838nbz89Y6fI0Es1xd1&quot;,&quot;id&quot;:&quot;awVB4HUZAIH4wjTCe6P1&quot;},{&quot;accountno&quot;:&quot;TA-1777777&quot;,&quot;departmentno&quot;:&quot;6&quot;,&quot;salary&quot;:&quot;1212&quot;,&quot;pincode&quot;:&quot;121213&quot;,&quot;userid&quot;:&quot;Q838nbz89Y6fI0Es1xd1&quot;,&quot;id&quot;:&quot;ionUU8bUQy0AeIiHlgEK&quot;},{&quot;accountno&quot;:&quot;TA-1777777&quot;,&quot;departmentno&quot;:&quot;6&quot;,&quot;salary&quot;:&quot;1212&quot;,&quot;pincode&quot;:&quot;121213&quot;,&quot;userid&quot;:&quot;Q838nbz89Y6fI0Es1xd1&quot;,&quot;id&quot;:&quot;VvLoMo1CwsKTaY7EA8Ln&quot;},{&quot;accountno&quot;:&quot;TA-1777777&quot;,&quot;departmentno&quot;:&quot;6&quot;,&quot;salary&quot;:&quot;1212&quot;,&quot;pincode&quot;:&quot;121213&quot;,&quot;userid&quot;:&quot;Q838nbz89Y6fI0Es1xd1&quot;,&quot;id&quot;:&quot;7uqzD0nyY3ez6y8xpDPa&quot;},{&quot;accountno&quot;:&quot;TA-1777777&quot;,&quot;departmentno&quot;:&quot;6&quot;,&quot;salary&quot;:&quot;1212&quot;,&quot;pincode&quot;:&quot;121213&quot;,&quot;userid&quot;:&quot;Q838nbz89Y6fI0Es1xd1&quot;,&quot;id&quot;:&quot;5ch9nMde7ioa27t5UG2X&quot;},{&quot;accountno&quot;:&quot;TA-1777777&quot;,&quot;departmentno&quot;:&quot;6&quot;,&quot;salary&quot;:&quot;1212&quot;,&quot;pincode&quot;:&quot;121213&quot;,&quot;userid&quot;:&quot;Q838nbz89Y6fI0Es1xd1&quot;,&quot;id&quot;:&quot;gd2jYnw3XH8EG7DJPBK9&quot;},{&quot;accountno&quot;:&quot;TA-1777777&quot;,&quot;departmentno&quot;:&quot;6&quot;,&quot;salary&quot;:&quot;1212&quot;,&quot;pincode&quot;:&quot;121213&quot;,&quot;userid&quot;:&quot;Q838nbz89Y6fI0Es1xd1&quot;,&quot;id&quot;:&quot;IYNXSSTrTrARlCeL8pHI&quot;},{&quot;accountno&quot;:&quot;TA-1777777&quot;,&quot;departmentno&quot;:&quot;6&quot;,&quot;salary&quot;:&quot;1212&quot;,&quot;pincode&quot;:&quot;121213&quot;,&quot;userid&quot;:&quot;Q838nbz89Y6fI0Es1xd1&quot;,&quot;id&quot;:&quot;fymWIM9Lt2gcBEUtMOM9&quot;},{&quot;accountno&quot;:&quot;BN-1234535&quot;,&quot;departmentno&quot;:&quot;7&quot;,&quot;salary&quot;:&quot;12190&quot;,&quot;pincode&quot;:&quot;123458&quot;,&quot;userid&quot;:&quot;wvTE1ZsqbgfOMtiFejpq&quot;,&quot;id&quot;:&quot;ajKeNW7ecZhTElU8bhgX&quot;},{&quot;accountno&quot;:&quot;TA-1777777&quot;,&quot;departmentno&quot;:&quot;6&quot;,&quot;salary&quot;:&quot;1212&quot;,&quot;pincode&quot;:&quot;121213&quot;,&quot;userid&quot;:&quot;Q838nbz89Y6fI0Es1xd1&quot;,&quot;id&quot;:&quot;AQZ3dhZZgeCtG55QIaLE&quot;},{&quot;accountno&quot;:&quot;TA-1777777&quot;,&quot;departmentno&quot;:&quot;6&quot;,&quot;salary&quot;:&quot;1212&quot;,&quot;pincode&quot;:&quot;121213&quot;,&quot;userid&quot;:&quot;Q838nbz89Y6fI0Es1xd1&quot;,&quot;id&quot;:&quot;Kmdm3uFToeWrRyfcBdJq&quot;},{&quot;accountno&quot;:&quot;TA-1777777&quot;,&quot;departmentno&quot;:&quot;6&quot;,&quot;salary&quot;:&quot;1212&quot;,&quot;pincode&quot;:&quot;121213&quot;,&quot;userid&quot;:&quot;Q838nbz89Y6fI0Es1xd1&quot;,&quot;id&quot;:&quot;7S8U0FK4RyOA2hxg7J9n&quot;},{&quot;accountno&quot;:&quot;TA-1777777&quot;,&quot;departmentno&quot;:&quot;6&quot;,&quot;salary&quot;:&quot;1212&quot;,&quot;pincode&quot;:&quot;121213&quot;,&quot;userid&quot;:&quot;Q838nbz89Y6fI0Es1xd1&quot;,&quot;id&quot;:&quot;q6O0IJ1X0wIKVvUJ1fuj&quot;},{&quot;accountno&quot;:&quot;TA-1777777&quot;,&quot;departmentno&quot;:&quot;6&quot;,&quot;salary&quot;:&quot;1212&quot;,&quot;pincode&quot;:&quot;121213&quot;,&quot;userid&quot;:&quot;Q838nbz89Y6fI0Es1xd1&quot;,&quot;id&quot;:&quot;CqvRIBbBF1mXEzgx47G2&quot;},{&quot;accountno&quot;:&quot;TA-1777777&quot;,&quot;departmentno&quot;:&quot;6&quot;,&quot;salary&quot;:&quot;1212&quot;,&quot;pincode&quot;:&quot;121213&quot;,&quot;userid&quot;:&quot;Q838nbz89Y6fI0Es1xd1&quot;,&quot;id&quot;:&quot;gKLyHb1ZUJ9PfmKJaWK3&quot;},{&quot;accountno&quot;:&quot;TA-1777777&quot;,&quot;departmentno&quot;:&quot;6&quot;,&quot;salary&quot;:&quot;1212&quot;,&quot;pincode&quot;:&quot;121213&quot;,&quot;userid&quot;:&quot;Q838nbz89Y6fI0Es1xd1&quot;,&quot;id&quot;:&quot;EzuPi2r4EYdQzeXIOAzJ&quot;},{&quot;accountno&quot;:&quot;TA-1777777&quot;,&quot;departmentno&quot;:&quot;6&quot;,&quot;salary&quot;:&quot;1212&quot;,&quot;pincode&quot;:&quot;121213&quot;,&quot;userid&quot;:&quot;Q838nbz89Y6fI0Es1xd1&quot;,&quot;id&quot;:&quot;amExWcwdjDCpE7jXmA4y&quot;},{&quot;accountno&quot;:&quot;TA-1777777&quot;,&quot;departmentno&quot;:&quot;6&quot;,&quot;salary&quot;:&quot;1212&quot;,&quot;pincode&quot;:&quot;121213&quot;,&quot;userid&quot;:&quot;Q838nbz89Y6fI0Es1xd1&quot;,&quot;id&quot;:&quot;4r1LOg3SKD5p09psDzdB&quot;},{&quot;accountno&quot;:&quot;TA-1237690&quot;,&quot;departmentno&quot;:&quot;3&quot;,&quot;salary&quot;:&quot;12576&quot;,&quot;pincode&quot;:&quot;560094&quot;,&quot;userid&quot;:&quot;61Vn9O0lmw7dVGPHIyaI&quot;,&quot;id&quot;:&quot;6DwMIoejqiH0b9iZEXhv&quot;},{&quot;accountno&quot;:&quot;TA-1777777&quot;,&quot;departmentno&quot;:&quot;6&quot;,&quot;salary&quot;:&quot;1212&quot;,&quot;pincode&quot;:&quot;121213&quot;,&quot;userid&quot;:&quot;Q838nbz89Y6fI0Es1xd1&quot;,&quot;id&quot;:&quot;BZYLDCwyx27TlSS8F1Ji&quot;},{&quot;accountno&quot;:&quot;TA-1777777&quot;,&quot;departmentno&quot;:&quot;6&quot;,&quot;salary&quot;:&quot;1212&quot;,&quot;pincode&quot;:&quot;121213&quot;,&quot;userid&quot;:&quot;Q838nbz89Y6fI0Es1xd1&quot;,&quot;id&quot;:&quot;IPxiieDJdJRXuTAyXGE4&quot;},{&quot;accountno&quot;:&quot;TA-1777777&quot;,&quot;departmentno&quot;:&quot;6&quot;,&quot;salary&quot;:&quot;1212&quot;,&quot;pincode&quot;:&quot;121213&quot;,&quot;userid&quot;:&quot;Q838nbz89Y6fI0Es1xd1&quot;,&quot;id&quot;:&quot;AaQaG6yybxea5vtLOZz9&quot;},{&quot;accountno&quot;:&quot;BN-1234535&quot;,&quot;departmentno&quot;:&quot;7&quot;,&quot;salary&quot;:&quot;12190&quot;,&quot;pincode&quot;:&quot;123458&quot;,&quot;userid&quot;:&quot;wvTE1ZsqbgfOMtiFejpq&quot;,&quot;id&quot;:&quot;AX7NHSSOlxnQiELl3q8r&quot;},{&quot;accountno&quot;:&quot;TA-1777777&quot;,&quot;departmentno&quot;:&quot;6&quot;,&quot;salary&quot;:&quot;1212&quot;,&quot;pincode&quot;:&quot;121213&quot;,&quot;userid&quot;:&quot;Q838nbz89Y6fI0Es1xd1&quot;,&quot;id&quot;:&quot;2Xc8Jf1cR1As3CW45Fk9&quot;},{&quot;accountno&quot;:&quot;TA-1777777&quot;,&quot;departmentno&quot;:&quot;6&quot;,&quot;salary&quot;:&quot;1212&quot;,&quot;pincode&quot;:&quot;121213&quot;,&quot;userid&quot;:&quot;Q838nbz89Y6fI0Es1xd1&quot;,&quot;id&quot;:&quot;s9P6u7Uyr2TN2ckfJnGj&quot;},{&quot;accountno&quot;:&quot;TA-1777777&quot;,&quot;departmentno&quot;:&quot;6&quot;,&quot;salary&quot;:&quot;1212&quot;,&quot;pincode&quot;:&quot;121213&quot;,&quot;userid&quot;:&quot;Q838nbz89Y6fI0Es1xd1&quot;,&quot;id&quot;:&quot;4oeD29KUxeP51jA2yK8l&quot;},{&quot;accountno&quot;:&quot;TA-1777777&quot;,&quot;departmentno&quot;:&quot;6&quot;,&quot;salary&quot;:&quot;1212&quot;,&quot;pincode&quot;:&quot;121213&quot;,&quot;userid&quot;:&quot;Q838nbz89Y6fI0Es1xd1&quot;,&quot;id&quot;:&quot;rWsVN9xmex5fGIkU4QtM&quot;},{&quot;accountno&quot;:&quot;TA-1777777&quot;,&quot;departmentno&quot;:&quot;6&quot;,&quot;salary&quot;:&quot;1212&quot;,&quot;pincode&quot;:&quot;121213&quot;,&quot;userid&quot;:&quot;Q838nbz89Y6fI0Es1xd1&quot;,&quot;id&quot;:&quot;z35IhfjtOBiivcHA1XSr&quot;},{&quot;accountno&quot;:&quot;TA-1777777&quot;,&quot;departmentno&quot;:&quot;6&quot;,&quot;salary&quot;:&quot;1212&quot;,&quot;pincode&quot;:&quot;121213&quot;,&quot;userid&quot;:&quot;Q838nbz89Y6fI0Es1xd1&quot;,&quot;id&quot;:&quot;5BMPBODx71Dh9KRqbxUt&quot;},{&quot;accountno&quot;:&quot;TA-1777777&quot;,&quot;departmentno&quot;:&quot;6&quot;,&quot;salary&quot;:&quot;1212&quot;,&quot;pincode&quot;:&quot;121213&quot;,&quot;userid&quot;:&quot;Q838nbz89Y6fI0Es1xd1&quot;,&quot;id&quot;:&quot;Xt3XnkN5H7FJTwVVljeT&quot;},{&quot;accountno&quot;:&quot;TA-1777777&quot;,&quot;departmentno&quot;:&quot;6&quot;,&quot;salary&quot;:&quot;1212&quot;,&quot;pincode&quot;:&quot;121213&quot;,&quot;userid&quot;:&quot;Q838nbz89Y6fI0Es1xd1&quot;,&quot;id&quot;:&quot;uWA4ni6mSCEco5bBjnnc&quot;},{&quot;accountno&quot;:&quot;TA-1777777&quot;,&quot;departmentno&quot;:&quot;6&quot;,&quot;salary&quot;:&quot;1212&quot;,&quot;pincode&quot;:&quot;121213&quot;,&quot;userid&quot;:&quot;Q838nbz89Y6fI0Es1xd1&quot;,&quot;id&quot;:&quot;7Z13A1lg4ga6HVoka3mK&quot;},{&quot;accountno&quot;:&quot;TA-1777777&quot;,&quot;departmentno&quot;:&quot;6&quot;,&quot;salary&quot;:&quot;1212&quot;,&quot;pincode&quot;:&quot;121213&quot;,&quot;userid&quot;:&quot;Q838nbz89Y6fI0Es1xd1&quot;,&quot;id&quot;:&quot;CcJEQDIhd9Dt4fMgmLqP&quot;},{&quot;accountno&quot;:&quot;TA-1777777&quot;,&quot;departmentno&quot;:&quot;6&quot;,&quot;salary&quot;:&quot;1212&quot;,&quot;pincode&quot;:&quot;121213&quot;,&quot;userid&quot;:&quot;Q838nbz89Y6fI0Es1xd1&quot;,&quot;id&quot;:&quot;Zqox3MGO1M7vejSZLeqr&quot;},{&quot;accountno&quot;:&quot;TA-1777777&quot;,&quot;departmentno&quot;:&quot;6&quot;,&quot;salary&quot;:&quot;1212&quot;,&quot;pincode&quot;:&quot;121213&quot;,&quot;userid&quot;:&quot;Q838nbz89Y6fI0Es1xd1&quot;,&quot;id&quot;:&quot;pipIzaVzCevC5T00A7ym&quot;},{&quot;accountno&quot;:&quot;BN-1234535&quot;,&quot;departmentno&quot;:&quot;7&quot;,&quot;salary&quot;:&quot;12190&quot;,&quot;pincode&quot;:&quot;123458&quot;,&quot;userid&quot;:&quot;wvTE1ZsqbgfOMtiFejpq&quot;,&quot;id&quot;:&quot;1rb1dFp54Dl3m1ZCwj3O&quot;},{&quot;accountno&quot;:&quot;TA-1777777&quot;,&quot;departmentno&quot;:&quot;6&quot;,&quot;salary&quot;:&quot;1212&quot;,&quot;pincode&quot;:&quot;121213&quot;,&quot;userid&quot;:&quot;Q838nbz89Y6fI0Es1xd1&quot;,&quot;id&quot;:&quot;qmbYgm48MCMK0fJJXnmh&quot;},{&quot;accountno&quot;:&quot;TA-1777777&quot;,&quot;departmentno&quot;:&quot;6&quot;,&quot;salary&quot;:&quot;1212&quot;,&quot;pincode&quot;:&quot;121213&quot;,&quot;userid&quot;:&quot;Q838nbz89Y6fI0Es1xd1&quot;,&quot;id&quot;:&quot;Ei4JV1RgMt5KbNxeIvCc&quot;},{&quot;accountno&quot;:&quot;TA-1777777&quot;,&quot;departmentno&quot;:&quot;6&quot;,&quot;salary&quot;:&quot;1212&quot;,&quot;pincode&quot;:&quot;121213&quot;,&quot;userid&quot;:&quot;Q838nbz89Y6fI0Es1xd1&quot;,&quot;id&quot;:&quot;WSOt9el3ESbQA7FoLpJv&quot;},{&quot;accountno&quot;:&quot;TA-1777777&quot;,&quot;departmentno&quot;:&quot;6&quot;,&quot;salary&quot;:&quot;1212&quot;,&quot;pincode&quot;:&quot;121213&quot;,&quot;userid&quot;:&quot;Q838nbz89Y6fI0Es1xd1&quot;,&quot;id&quot;:&quot;z3BtXq8Y1lINFRjsTBNV&quot;},{&quot;accountno&quot;:&quot;TA-1777777&quot;,&quot;departmentno&quot;:&quot;6&quot;,&quot;salary&quot;:&quot;1212&quot;,&quot;pincode&quot;:&quot;121213&quot;,&quot;userid&quot;:&quot;Q838nbz89Y6fI0Es1xd1&quot;,&quot;id&quot;:&quot;yHBmqJUHNehrGhimRU0n&quot;},{&quot;accountno&quot;:&quot;TA-1777777&quot;,&quot;departmentno&quot;:&quot;6&quot;,&quot;salary&quot;:&quot;1212&quot;,&quot;pincode&quot;:&quot;121213&quot;,&quot;userid&quot;:&quot;Q838nbz89Y6fI0Es1xd1&quot;,&quot;id&quot;:&quot;lOLbo81D7x3s7bmnaGgM&quot;},{&quot;accountno&quot;:&quot;TA-1777777&quot;,&quot;departmentno&quot;:&quot;6&quot;,&quot;salary&quot;:&quot;1212&quot;,&quot;pincode&quot;:&quot;121213&quot;,&quot;userid&quot;:&quot;Q838nbz89Y6fI0Es1xd1&quot;,&quot;id&quot;:&quot;yxW6GTCf9r5nxPFWVxF0&quot;},{&quot;accountno&quot;:&quot;TA-1777777&quot;,&quot;departmentno&quot;:&quot;6&quot;,&quot;salary&quot;:&quot;1212&quot;,&quot;pincode&quot;:&quot;121213&quot;,&quot;userid&quot;:&quot;Q838nbz89Y6fI0Es1xd1&quot;,&quot;id&quot;:&quot;HUwnepIcfXiDdppUE9kq&quot;},{&quot;accountno&quot;:&quot;TA-1777777&quot;,&quot;departmentno&quot;:&quot;6&quot;,&quot;salary&quot;:&quot;1212&quot;,&quot;pincode&quot;:&quot;121213&quot;,&quot;userid&quot;:&quot;Q838nbz89Y6fI0Es1xd1&quot;,&quot;id&quot;:&quot;ci2svJAokhf93jWzIBG4&quot;},{&quot;accountno&quot;:&quot;TA-1777777&quot;,&quot;departmentno&quot;:&quot;6&quot;,&quot;salary&quot;:&quot;1212&quot;,&quot;pincode&quot;:&quot;121213&quot;,&quot;userid&quot;:&quot;Q838nbz89Y6fI0Es1xd1&quot;,&quot;id&quot;:&quot;zEiVt6sWkfGLU583CFwA&quot;},{&quot;accountno&quot;:&quot;TA-1777777&quot;,&quot;departmentno&quot;:&quot;6&quot;,&quot;salary&quot;:&quot;1212&quot;,&quot;pincode&quot;:&quot;121213&quot;,&quot;userid&quot;:&quot;Q838nbz89Y6fI0Es1xd1&quot;,&quot;id&quot;:&quot;aJyNbVwo8pb8UUKEXmfa&quot;},{&quot;accountno&quot;:&quot;TA-1777777&quot;,&quot;departmentno&quot;:&quot;6&quot;,&quot;salary&quot;:&quot;1212&quot;,&quot;pincode&quot;:&quot;121213&quot;,&quot;userid&quot;:&quot;Q838nbz89Y6fI0Es1xd1&quot;,&quot;id&quot;:&quot;zzO7WnQjviqopAqQ1fxF&quot;},{&quot;accountno&quot;:&quot;TA-1777777&quot;,&quot;departmentno&quot;:&quot;6&quot;,&quot;salary&quot;:&quot;1212&quot;,&quot;pincode&quot;:&quot;121213&quot;,&quot;userid&quot;:&quot;Q838nbz89Y6fI0Es1xd1&quot;,&quot;id&quot;:&quot;M6TcbMKv1LYj3TnNav3M&quot;},{&quot;accountno&quot;:&quot;BN-1234535&quot;,&quot;departmentno&quot;:&quot;7&quot;,&quot;salary&quot;:&quot;12190&quot;,&quot;pincode&quot;:&quot;123458&quot;,&quot;userid&quot;:&quot;wvTE1ZsqbgfOMtiFejpq&quot;,&quot;id&quot;:&quot;dNpwTEDWJ1rahGVItQcz&quot;},{&quot;accountno&quot;:&quot;TA-1777777&quot;,&quot;departmentno&quot;:&quot;6&quot;,&quot;salary&quot;:&quot;1212&quot;,&quot;pincode&quot;:&quot;121213&quot;,&quot;userid&quot;:&quot;Q838nbz89Y6fI0Es1xd1&quot;,&quot;id&quot;:&quot;NsoTQfHn9rdciJoPlCJ2&quot;},{&quot;accountno&quot;:&quot;TA-1777777&quot;,&quot;departmentno&quot;:&quot;6&quot;,&quot;salary&quot;:&quot;1212&quot;,&quot;pincode&quot;:&quot;121213&quot;,&quot;userid&quot;:&quot;Q838nbz89Y6fI0Es1xd1&quot;,&quot;id&quot;:&quot;Rv8c3dwpoJ8XnAD7ivJt&quot;},{&quot;accountno&quot;:&quot;TA-1777777&quot;,&quot;departmentno&quot;:&quot;6&quot;,&quot;salary&quot;:&quot;1212&quot;,&quot;pincode&quot;:&quot;121213&quot;,&quot;userid&quot;:&quot;Q838nbz89Y6fI0Es1xd1&quot;,&quot;id&quot;:&quot;ckctgOaTnWTEDl2z6TcJ&quot;},{&quot;accountno&quot;:&quot;TA-1777777&quot;,&quot;departmentno&quot;:&quot;6&quot;,&quot;salary&quot;:&quot;1212&quot;,&quot;pincode&quot;:&quot;121213&quot;,&quot;userid&quot;:&quot;Q838nbz89Y6fI0Es1xd1&quot;,&quot;id&quot;:&quot;DY3OObUVauSAzG4KO7me&quot;},{&quot;accountno&quot;:&quot;TA-1777777&quot;,&quot;departmentno&quot;:&quot;6&quot;,&quot;salary&quot;:&quot;1212&quot;,&quot;pincode&quot;:&quot;121213&quot;,&quot;userid&quot;:&quot;Q838nbz89Y6fI0Es1xd1&quot;,&quot;id&quot;:&quot;Xjs7beKwstu3y1sbFkU2&quot;},{&quot;accountno&quot;:&quot;TA-1777777&quot;,&quot;departmentno&quot;:&quot;6&quot;,&quot;salary&quot;:&quot;1212&quot;,&quot;pincode&quot;:&quot;121213&quot;,&quot;userid&quot;:&quot;Q838nbz89Y6fI0Es1xd1&quot;,&quot;id&quot;:&quot;cltSOzkBZgg1HwvJXA4S&quot;},{&quot;accountno&quot;:&quot;TA-1777777&quot;,&quot;departmentno&quot;:&quot;6&quot;,&quot;salary&quot;:&quot;1212&quot;,&quot;pincode&quot;:&quot;121213&quot;,&quot;userid&quot;:&quot;Q838nbz89Y6fI0Es1xd1&quot;,&quot;id&quot;:&quot;JudgFnBfEQOhLZo0n8o1&quot;},{&quot;accountno&quot;:&quot;TA-1777777&quot;,&quot;departmentno&quot;:&quot;6&quot;,&quot;salary&quot;:&quot;1212&quot;,&quot;pincode&quot;:&quot;121213&quot;,&quot;userid&quot;:&quot;Q838nbz89Y6fI0Es1xd1&quot;,&quot;id&quot;:&quot;1mPctlKJ4vzkJ5dzdc0w&quot;},{&quot;accountno&quot;:&quot;TA-1777777&quot;,&quot;departmentno&quot;:&quot;6&quot;,&quot;salary&quot;:&quot;1212&quot;,&quot;pincode&quot;:&quot;121213&quot;,&quot;userid&quot;:&quot;Q838nbz89Y6fI0Es1xd1&quot;,&quot;id&quot;:&quot;SYAW8qSdnA0aKBTijYmu&quot;},{&quot;accountno&quot;:&quot;TA-1777777&quot;,&quot;departmentno&quot;:&quot;6&quot;,&quot;salary&quot;:&quot;1212&quot;,&quot;pincode&quot;:&quot;121213&quot;,&quot;userid&quot;:&quot;Q838nbz89Y6fI0Es1xd1&quot;,&quot;id&quot;:&quot;XS9pomfr96gSOBJdrlSO&quot;},{&quot;accountno&quot;:&quot;TA-1777777&quot;,&quot;departmentno&quot;:&quot;6&quot;,&quot;salary&quot;:&quot;1212&quot;,&quot;pincode&quot;:&quot;121213&quot;,&quot;userid&quot;:&quot;Q838nbz89Y6fI0Es1xd1&quot;,&quot;id&quot;:&quot;thdkTDrCbq0UHbA2zKCz&quot;},{&quot;accountno&quot;:&quot;TA-1777777&quot;,&quot;departmentno&quot;:&quot;6&quot;,&quot;salary&quot;:&quot;1212&quot;,&quot;pincode&quot;:&quot;121213&quot;,&quot;userid&quot;:&quot;Q838nbz89Y6fI0Es1xd1&quot;,&quot;id&quot;:&quot;fLsY13upztopXhSVQoTQ&quot;},{&quot;accountno&quot;:&quot;TA-1777777&quot;,&quot;departmentno&quot;:&quot;6&quot;,&quot;salary&quot;:&quot;1212&quot;,&quot;pincode&quot;:&quot;121213&quot;,&quot;userid&quot;:&quot;Q838nbz89Y6fI0Es1xd1&quot;,&quot;id&quot;:&quot;NoB8k1xdrKFcSGNuROF7&quot;},{&quot;accountno&quot;:&quot;TA-1777777&quot;,&quot;departmentno&quot;:&quot;6&quot;,&quot;salary&quot;:&quot;1212&quot;,&quot;pincode&quot;:&quot;121213&quot;,&quot;userid&quot;:&quot;Q838nbz89Y6fI0Es1xd1&quot;,&quot;id&quot;:&quot;CCkXQMl4RKVqEKLdRtGb&quot;},{&quot;accountno&quot;:&quot;TA-1234590&quot;,&quot;departmentno&quot;:&quot;6&quot;,&quot;salary&quot;:&quot;3456&quot;,&quot;pincode&quot;:&quot;098776&quot;,&quot;userid&quot;:&quot;PdA0aL70CLvbT74ZYZT7&quot;,&quot;id&quot;:&quot;kWxBiLFp1QeravYaLPrD&quot;},{&quot;accountno&quot;:&quot;TA-1777777&quot;,&quot;departmentno&quot;:&quot;6&quot;,&quot;salary&quot;:&quot;1212&quot;,&quot;pincode&quot;:&quot;121213&quot;,&quot;userid&quot;:&quot;Q838nbz89Y6fI0Es1xd1&quot;,&quot;id&quot;:&quot;OuM0mtVO3L2gRpmonJBV&quot;},{&quot;accountno&quot;:&quot;TA-1777777&quot;,&quot;departmentno&quot;:&quot;6&quot;,&quot;salary&quot;:&quot;1212&quot;,&quot;pincode&quot;:&quot;121213&quot;,&quot;userid&quot;:&quot;Q838nbz89Y6fI0Es1xd1&quot;,&quot;id&quot;:&quot;MxebKRhRx2nsOG7ydhBK&quot;},{&quot;accountno&quot;:&quot;TA-1777777&quot;,&quot;departmentno&quot;:&quot;6&quot;,&quot;salary&quot;:&quot;1212&quot;,&quot;pincode&quot;:&quot;121213&quot;,&quot;userid&quot;:&quot;Q838nbz89Y6fI0Es1xd1&quot;,&quot;id&quot;:&quot;RXDWEbwXxLiecoNeI2DI&quot;},{&quot;accountno&quot;:&quot;TA-1777777&quot;,&quot;departmentno&quot;:&quot;6&quot;,&quot;salary&quot;:&quot;1212&quot;,&quot;pincode&quot;:&quot;121213&quot;,&quot;userid&quot;:&quot;Q838nbz89Y6fI0Es1xd1&quot;,&quot;id&quot;:&quot;IEhRzou0KOaB4NGwWczc&quot;},{&quot;accountno&quot;:&quot;TA-1777777&quot;,&quot;departmentno&quot;:&quot;6&quot;,&quot;salary&quot;:&quot;1212&quot;,&quot;pincode&quot;:&quot;121213&quot;,&quot;userid&quot;:&quot;Q838nbz89Y6fI0Es1xd1&quot;,&quot;id&quot;:&quot;HZq64Lf0uQuUCmi3WnXR&quot;},{&quot;accountno&quot;:&quot;TA-1777777&quot;,&quot;departmentno&quot;:&quot;6&quot;,&quot;salary&quot;:&quot;1212&quot;,&quot;pincode&quot;:&quot;121213&quot;,&quot;userid&quot;:&quot;Q838nbz89Y6fI0Es1xd1&quot;,&quot;id&quot;:&quot;I5pcPYJrGnax3ykbtIAQ&quot;},{&quot;accountno&quot;:&quot;TA-1777777&quot;,&quot;departmentno&quot;:&quot;6&quot;,&quot;salary&quot;:&quot;1212&quot;,&quot;pincode&quot;:&quot;121213&quot;,&quot;userid&quot;:&quot;Q838nbz89Y6fI0Es1xd1&quot;,&quot;id&quot;:&quot;ehj66REwy28tGhITFeWX&quot;},{&quot;accountno&quot;:&quot;TA-1777777&quot;,&quot;departmentno&quot;:&quot;6&quot;,&quot;salary&quot;:&quot;1212&quot;,&quot;pincode&quot;:&quot;121213&quot;,&quot;userid&quot;:&quot;Q838nbz89Y6fI0Es1xd1&quot;,&quot;id&quot;:&quot;YkNEUgFfTKNa4PV0m78I&quot;},{&quot;accountno&quot;:&quot;TA-1777777&quot;,&quot;departmentno&quot;:&quot;6&quot;,&quot;salary&quot;:&quot;1212&quot;,&quot;pincode&quot;:&quot;121213&quot;,&quot;userid&quot;:&quot;Q838nbz89Y6fI0Es1xd1&quot;,&quot;id&quot;:&quot;wtYROJks1jHqw0ldCuff&quot;},{&quot;accountno&quot;:&quot;TA-1777777&quot;,&quot;departmentno&quot;:&quot;6&quot;,&quot;salary&quot;:&quot;1212&quot;,&quot;pincode&quot;:&quot;121213&quot;,&quot;userid&quot;:&quot;Q838nbz89Y6fI0Es1xd1&quot;,&quot;id&quot;:&quot;ASnNbD24GfCgqx8IbDYX&quot;},{&quot;accountno&quot;:&quot;TA-1777777&quot;,&quot;departmentno&quot;:&quot;6&quot;,&quot;salary&quot;:&quot;1212&quot;,&quot;pincode&quot;:&quot;121213&quot;,&quot;userid&quot;:&quot;Q838nbz89Y6fI0Es1xd1&quot;,&quot;id&quot;:&quot;pnHX2cMgodRQR7937aQo&quot;},{&quot;accountno&quot;:&quot;GC-8888&quot;,&quot;departmentno&quot;:&quot;yyy&quot;,&quot;salary&quot;:&quot;99999&quot;,&quot;pincode&quot;:&quot;772134&quot;,&quot;userid&quot;:&quot;31nk6sGTbT6SkjpQmUEj&quot;,&quot;id&quot;:&quot;tj2FGNIhyFXtxTYfaFQK&quot;},{&quot;accountno&quot;:&quot;GC-7999999&quot;,&quot;departmentno&quot;:&quot;yyy&quot;,&quot;salary&quot;:&quot;99999&quot;,&quot;pincode&quot;:&quot;772134&quot;,&quot;userid&quot;:&quot;31nk6sGTbT6SkjpQmUEj&quot;,&quot;id&quot;:&quot;huyUcnKqMvF4nl67Targ&quot;},{&quot;accountno&quot;:&quot;TA-1777777&quot;,&quot;departmentno&quot;:&quot;6&quot;,&quot;salary&quot;:&quot;1212&quot;,&quot;pincode&quot;:&quot;121213&quot;,&quot;userid&quot;:&quot;Q838nbz89Y6fI0Es1xd1&quot;,&quot;id&quot;:&quot;Ud96H9J8SnGMYpTrFRFW&quot;},{&quot;accountno&quot;:&quot;TA-1777777&quot;,&quot;departmentno&quot;:&quot;6&quot;,&quot;salary&quot;:&quot;1212&quot;,&quot;pincode&quot;:&quot;121213&quot;,&quot;userid&quot;:&quot;Q838nbz89Y6fI0Es1xd1&quot;,&quot;id&quot;:&quot;JWjJ36HNrMfqnL8ksCvm&quot;},{&quot;accountno&quot;:&quot;TA-1777777&quot;,&quot;departmentno&quot;:&quot;6&quot;,&quot;salary&quot;:&quot;1212&quot;,&quot;pincode&quot;:&quot;121213&quot;,&quot;userid&quot;:&quot;Q838nbz89Y6fI0Es1xd1&quot;,&quot;id&quot;:&quot;Day9po2EIEmNa8uqwZL1&quot;},{&quot;accountno&quot;:&quot;TA-1777777&quot;,&quot;departmentno&quot;:&quot;6&quot;,&quot;salary&quot;:&quot;1212&quot;,&quot;pincode&quot;:&quot;121213&quot;,&quot;userid&quot;:&quot;Q838nbz89Y6fI0Es1xd1&quot;,&quot;id&quot;:&quot;YcDM0Tf9xPOI0AT3acdb&quot;},{&quot;accountno&quot;:&quot;TA-1777777&quot;,&quot;departmentno&quot;:&quot;6&quot;,&quot;salary&quot;:&quot;1212&quot;,&quot;pincode&quot;:&quot;121213&quot;,&quot;userid&quot;:&quot;Q838nbz89Y6fI0Es1xd1&quot;,&quot;id&quot;:&quot;XpYWKwWqrTQTnpnaWg6c&quot;},{&quot;accountno&quot;:&quot;TA-1777777&quot;,&quot;departmentno&quot;:&quot;6&quot;,&quot;salary&quot;:&quot;1212&quot;,&quot;pincode&quot;:&quot;121213&quot;,&quot;userid&quot;:&quot;Q838nbz89Y6fI0Es1xd1&quot;,&quot;id&quot;:&quot;isOt8Ox1upfsK669vdOP&quot;},{&quot;accountno&quot;:&quot;TA-1777777&quot;,&quot;departmentno&quot;:&quot;6&quot;,&quot;salary&quot;:&quot;1212&quot;,&quot;pincode&quot;:&quot;121213&quot;,&quot;userid&quot;:&quot;Q838nbz89Y6fI0Es1xd1&quot;,&quot;id&quot;:&quot;fV709jXpMSVcbVRrkXV9&quot;},{&quot;accountno&quot;:&quot;TA-1777777&quot;,&quot;departmentno&quot;:&quot;6&quot;,&quot;salary&quot;:&quot;1212&quot;,&quot;pincode&quot;:&quot;121213&quot;,&quot;userid&quot;:&quot;Q838nbz89Y6fI0Es1xd1&quot;,&quot;id&quot;:&quot;SlFb7CGuos3VR8NjQa0K&quot;},{&quot;accountno&quot;:&quot;TA-1777777&quot;,&quot;departmentno&quot;:&quot;6&quot;,&quot;salary&quot;:&quot;1212&quot;,&quot;pincode&quot;:&quot;121213&quot;,&quot;userid&quot;:&quot;Q838nbz89Y6fI0Es1xd1&quot;,&quot;id&quot;:&quot;ze7nFOniyAPdbi9EtcN0&quot;},{&quot;accountno&quot;:&quot;TA-1777777&quot;,&quot;departmentno&quot;:&quot;6&quot;,&quot;salary&quot;:&quot;1212&quot;,&quot;pincode&quot;:&quot;121213&quot;,&quot;userid&quot;:&quot;Q838nbz89Y6fI0Es1xd1&quot;,&quot;id&quot;:&quot;QyodzEqlw9MGeL1LxHRF&quot;},{&quot;accountno&quot;:&quot;BN-1234535&quot;,&quot;departmentno&quot;:&quot;7&quot;,&quot;salary&quot;:&quot;12190&quot;,&quot;pincode&quot;:&quot;123458&quot;,&quot;userid&quot;:&quot;wvTE1ZsqbgfOMtiFejpq&quot;,&quot;id&quot;:&quot;NjPubQEFPaA0VlNhM2xr&quot;},{&quot;accountno&quot;:&quot;TA-1777777&quot;,&quot;departmentno&quot;:&quot;6&quot;,&quot;salary&quot;:&quot;1212&quot;,&quot;pincode&quot;:&quot;121213&quot;,&quot;userid&quot;:&quot;Q838nbz89Y6fI0Es1xd1&quot;,&quot;id&quot;:&quot;ba8COuqtSdpKLsr3qdDl&quot;},{&quot;accountno&quot;:&quot;TA-1777777&quot;,&quot;departmentno&quot;:&quot;6&quot;,&quot;salary&quot;:&quot;1212&quot;,&quot;pincode&quot;:&quot;121213&quot;,&quot;userid&quot;:&quot;Q838nbz89Y6fI0Es1xd1&quot;,&quot;id&quot;:&quot;fYCmOTrZooqdIQdJYiKa&quot;},{&quot;accountno&quot;:&quot;TA-1777777&quot;,&quot;departmentno&quot;:&quot;6&quot;,&quot;salary&quot;:&quot;1212&quot;,&quot;pincode&quot;:&quot;121213&quot;,&quot;userid&quot;:&quot;Q838nbz89Y6fI0Es1xd1&quot;,&quot;id&quot;:&quot;HW79INL1hxIZcnCjPiJb&quot;},{&quot;accountno&quot;:&quot;TA-1777777&quot;,&quot;departmentno&quot;:&quot;6&quot;,&quot;salary&quot;:&quot;1212&quot;,&quot;pincode&quot;:&quot;121213&quot;,&quot;userid&quot;:&quot;Q838nbz89Y6fI0Es1xd1&quot;,&quot;id&quot;:&quot;Y8Z4GGlC1GBGZu0TxwDO&quot;},{&quot;accountno&quot;:&quot;TA-1777777&quot;,&quot;departmentno&quot;:&quot;6&quot;,&quot;salary&quot;:&quot;1212&quot;,&quot;pincode&quot;:&quot;121213&quot;,&quot;userid&quot;:&quot;Q838nbz89Y6fI0Es1xd1&quot;,&quot;id&quot;:&quot;rZ4v1AaxnNhfNCyU4JGd&quot;},{&quot;accountno&quot;:&quot;TA-1777777&quot;,&quot;departmentno&quot;:&quot;6&quot;,&quot;salary&quot;:&quot;1212&quot;,&quot;pincode&quot;:&quot;121213&quot;,&quot;userid&quot;:&quot;Q838nbz89Y6fI0Es1xd1&quot;,&quot;id&quot;:&quot;gEdbC3FWEM3ITirfsEne&quot;},{&quot;accountno&quot;:&quot;TA-1777777&quot;,&quot;departmentno&quot;:&quot;6&quot;,&quot;salary&quot;:&quot;1212&quot;,&quot;pincode&quot;:&quot;121213&quot;,&quot;userid&quot;:&quot;Q838nbz89Y6fI0Es1xd1&quot;,&quot;id&quot;:&quot;PbiQsfW8iKnzaPENENfW&quot;},{&quot;accountno&quot;:&quot;TA-1777777&quot;,&quot;departmentno&quot;:&quot;6&quot;,&quot;salary&quot;:&quot;1212&quot;,&quot;pincode&quot;:&quot;121213&quot;,&quot;userid&quot;:&quot;Q838nbz89Y6fI0Es1xd1&quot;,&quot;id&quot;:&quot;CRXpbUGy3ZD7lzwJDLRL&quot;},{&quot;accountno&quot;:&quot;TA-1777777&quot;,&quot;departmentno&quot;:&quot;6&quot;,&quot;salary&quot;:&quot;1212&quot;,&quot;pincode&quot;:&quot;121213&quot;,&quot;userid&quot;:&quot;Q838nbz89Y6fI0Es1xd1&quot;,&quot;id&quot;:&quot;Naba4E8dSqyblhojy4Ur&quot;},{&quot;accountno&quot;:&quot;TA-1777777&quot;,&quot;departmentno&quot;:&quot;6&quot;,&quot;salary&quot;:&quot;1212&quot;,&quot;pincode&quot;:&quot;121213&quot;,&quot;userid&quot;:&quot;Q838nbz89Y6fI0Es1xd1&quot;,&quot;id&quot;:&quot;ffHMcHqh0out4IriN0hl&quot;},{&quot;accountno&quot;:&quot;TA-1777777&quot;,&quot;departmentno&quot;:&quot;6&quot;,&quot;salary&quot;:&quot;1212&quot;,&quot;pincode&quot;:&quot;121213&quot;,&quot;userid&quot;:&quot;Q838nbz89Y6fI0Es1xd1&quot;,&quot;id&quot;:&quot;UOgi1vo9OsjuH9AeH2Ky&quot;},{&quot;accountno&quot;:&quot;TA-1777777&quot;,&quot;departmentno&quot;:&quot;6&quot;,&quot;salary&quot;:&quot;1212&quot;,&quot;pincode&quot;:&quot;121213&quot;,&quot;userid&quot;:&quot;Q838nbz89Y6fI0Es1xd1&quot;,&quot;id&quot;:&quot;ipVjNn0olpb8oRMfXPlr&quot;},{&quot;accountno&quot;:&quot;BN-1234535&quot;,&quot;departmentno&quot;:&quot;7&quot;,&quot;salary&quot;:&quot;12190&quot;,&quot;pincode&quot;:&quot;123458&quot;,&quot;userid&quot;:&quot;wvTE1ZsqbgfOMtiFejpq&quot;,&quot;id&quot;:&quot;LfTJeFcK47aH22LMfHko&quot;},{&quot;accountno&quot;:&quot;TA-1777777&quot;,&quot;departmentno&quot;:&quot;6&quot;,&quot;salary&quot;:&quot;1212&quot;,&quot;pincode&quot;:&quot;121213&quot;,&quot;userid&quot;:&quot;Q838nbz89Y6fI0Es1xd1&quot;,&quot;id&quot;:&quot;YOvH401lFaIOwz4nyeWS&quot;},{&quot;accountno&quot;:&quot;TA-6789975&quot;,&quot;departmentno&quot;:&quot;3&quot;,&quot;salary&quot;:&quot;179463&quot;,&quot;pincode&quot;:&quot;562099&quot;,&quot;userid&quot;:&quot;taGX4XQQfXD3Z76sI1Xn&quot;,&quot;id&quot;:&quot;IjWV3ZC4KhrqmNTwVTs7&quot;},{&quot;accountno&quot;:&quot;TA-6789975&quot;,&quot;departmentno&quot;:&quot;3&quot;,&quot;salary&quot;:&quot;179463&quot;,&quot;pincode&quot;:&quot;562099&quot;,&quot;userid&quot;:&quot;taGX4XQQfXD3Z76sI1Xn&quot;,&quot;id&quot;:&quot;XiFav0jHWJ51Hkj5IjAZ&quot;},{&quot;accountno&quot;:&quot;TA-1777777&quot;,&quot;departmentno&quot;:&quot;6&quot;,&quot;salary&quot;:&quot;1212&quot;,&quot;pincode&quot;:&quot;121213&quot;,&quot;userid&quot;:&quot;Q838nbz89Y6fI0Es1xd1&quot;,&quot;id&quot;:&quot;H1WUhyZ7tuu69yI9elAO&quot;},{&quot;accountno&quot;:&quot;TA-1777777&quot;,&quot;departmentno&quot;:&quot;6&quot;,&quot;salary&quot;:&quot;1212&quot;,&quot;pincode&quot;:&quot;121213&quot;,&quot;userid&quot;:&quot;Q838nbz89Y6fI0Es1xd1&quot;,&quot;id&quot;:&quot;b6mzTgboIBtxDzMkbs0G&quot;},{&quot;accountno&quot;:&quot;TA-1777777&quot;,&quot;departmentno&quot;:&quot;6&quot;,&quot;salary&quot;:&quot;1212&quot;,&quot;pincode&quot;:&quot;121213&quot;,&quot;userid&quot;:&quot;Q838nbz89Y6fI0Es1xd1&quot;,&quot;id&quot;:&quot;KJWvzsDT4YZ4tf3waKB8&quot;},{&quot;accountno&quot;:&quot;TA-1777777&quot;,&quot;departmentno&quot;:&quot;6&quot;,&quot;salary&quot;:&quot;1212&quot;,&quot;pincode&quot;:&quot;121213&quot;,&quot;userid&quot;:&quot;Q838nbz89Y6fI0Es1xd1&quot;,&quot;id&quot;:&quot;eHIxqQUUEKReHsdZYUJf&quot;},{&quot;accountno&quot;:&quot;TA-1777777&quot;,&quot;departmentno&quot;:&quot;6&quot;,&quot;salary&quot;:&quot;1212&quot;,&quot;pincode&quot;:&quot;121213&quot;,&quot;userid&quot;:&quot;Q838nbz89Y6fI0Es1xd1&quot;,&quot;id&quot;:&quot;kLdE9kcRezFJSBL2VAtP&quot;},{&quot;accountno&quot;:&quot;TA-1777777&quot;,&quot;departmentno&quot;:&quot;6&quot;,&quot;salary&quot;:&quot;1212&quot;,&quot;pincode&quot;:&quot;121213&quot;,&quot;userid&quot;:&quot;Q838nbz89Y6fI0Es1xd1&quot;,&quot;id&quot;:&quot;rIWVYcW8Oo3YXrdqXjHb&quot;},{&quot;accountno&quot;:&quot;TA-1231234&quot;,&quot;departmentno&quot;:&quot;1&quot;,&quot;salary&quot;:&quot;2&quot;,&quot;pincode&quot;:&quot;123456&quot;,&quot;userid&quot;:&quot;gCjQfhtZVJbhuZ6X7VgG&quot;,&quot;id&quot;:&quot;CiJ4AGKa3Xtzts94ejFv&quot;},{&quot;accountno&quot;:&quot;TA-1777777&quot;,&quot;departmentno&quot;:&quot;6&quot;,&quot;salary&quot;:&quot;1212&quot;,&quot;pincode&quot;:&quot;121213&quot;,&quot;userid&quot;:&quot;Q838nbz89Y6fI0Es1xd1&quot;,&quot;id&quot;:&quot;O5fMx9Ay7osHPfdMkO4K&quot;},{&quot;accountno&quot;:&quot;TA-1777777&quot;,&quot;departmentno&quot;:&quot;6&quot;,&quot;salary&quot;:&quot;1212&quot;,&quot;pincode&quot;:&quot;121213&quot;,&quot;userid&quot;:&quot;Q838nbz89Y6fI0Es1xd1&quot;,&quot;id&quot;:&quot;vhgPe6ILJJec4kMhG0OK&quot;},{&quot;accountno&quot;:&quot;TA-1777777&quot;,&quot;departmentno&quot;:&quot;6&quot;,&quot;salary&quot;:&quot;1212&quot;,&quot;pincode&quot;:&quot;121213&quot;,&quot;userid&quot;:&quot;Q838nbz89Y6fI0Es1xd1&quot;,&quot;id&quot;:&quot;WvPAumu0E0kPxioev1Si&quot;},{&quot;accountno&quot;:&quot;BN-1234535&quot;,&quot;departmentno&quot;:&quot;7&quot;,&quot;salary&quot;:&quot;12190&quot;,&quot;pincode&quot;:&quot;123458&quot;,&quot;userid&quot;:&quot;wvTE1ZsqbgfOMtiFejpq&quot;,&quot;id&quot;:&quot;NYtcvw0VSQS78XNac6fs&quot;},{&quot;accountno&quot;:&quot;TA-1777777&quot;,&quot;departmentno&quot;:&quot;6&quot;,&quot;salary&quot;:&quot;1212&quot;,&quot;pincode&quot;:&quot;121213&quot;,&quot;userid&quot;:&quot;Q838nbz89Y6fI0Es1xd1&quot;,&quot;id&quot;:&quot;vu8W1sHOTiCxoc7gG2gy&quot;},{&quot;accountno&quot;:&quot;TA-1777777&quot;,&quot;departmentno&quot;:&quot;6&quot;,&quot;salary&quot;:&quot;1212&quot;,&quot;pincode&quot;:&quot;121213&quot;,&quot;userid&quot;:&quot;Q838nbz89Y6fI0Es1xd1&quot;,&quot;id&quot;:&quot;rIHrZGYb8qhzgN1Ms6Tk&quot;},{&quot;accountno&quot;:&quot;TA-1777777&quot;,&quot;departmentno&quot;:&quot;6&quot;,&quot;salary&quot;:&quot;1212&quot;,&quot;pincode&quot;:&quot;121213&quot;,&quot;userid&quot;:&quot;Q838nbz89Y6fI0Es1xd1&quot;,&quot;id&quot;:&quot;cwjKV2E4MQ0WTZYBqdJ6&quot;},{&quot;accountno&quot;:&quot;TA-1777777&quot;,&quot;departmentno&quot;:&quot;6&quot;,&quot;salary&quot;:&quot;1212&quot;,&quot;pincode&quot;:&quot;121213&quot;,&quot;userid&quot;:&quot;Q838nbz89Y6fI0Es1xd1&quot;,&quot;id&quot;:&quot;erBLsjEQy4blTJiAhThH&quot;},{&quot;accountno&quot;:&quot;TA-1777777&quot;,&quot;departmentno&quot;:&quot;6&quot;,&quot;salary&quot;:&quot;1212&quot;,&quot;pincode&quot;:&quot;121213&quot;,&quot;userid&quot;:&quot;Q838nbz89Y6fI0Es1xd1&quot;,&quot;id&quot;:&quot;l9XC7Al2ZjvInPfmFsMM&quot;},{&quot;accountno&quot;:&quot;TA-1777777&quot;,&quot;departmentno&quot;:&quot;6&quot;,&quot;salary&quot;:&quot;1212&quot;,&quot;pincode&quot;:&quot;121213&quot;,&quot;userid&quot;:&quot;Q838nbz89Y6fI0Es1xd1&quot;,&quot;id&quot;:&quot;Bp3BVpNkKDpm9qYruyTq&quot;},{&quot;accountno&quot;:&quot;TA-1777777&quot;,&quot;departmentno&quot;:&quot;6&quot;,&quot;salary&quot;:&quot;1212&quot;,&quot;pincode&quot;:&quot;121213&quot;,&quot;userid&quot;:&quot;Q838nbz89Y6fI0Es1xd1&quot;,&quot;id&quot;:&quot;6z0mApvRpu4xOh3lbf7i&quot;},{&quot;accountno&quot;:&quot;TA-1777777&quot;,&quot;departmentno&quot;:&quot;6&quot;,&quot;salary&quot;:&quot;1212&quot;,&quot;pincode&quot;:&quot;121213&quot;,&quot;userid&quot;:&quot;Q838nbz89Y6fI0Es1xd1&quot;,&quot;id&quot;:&quot;vgJQp87xylG0fch56RUb&quot;},{&quot;accountno&quot;:&quot;TA-1777777&quot;,&quot;departmentno&quot;:&quot;6&quot;,&quot;salary&quot;:&quot;1212&quot;,&quot;pincode&quot;:&quot;121213&quot;,&quot;userid&quot;:&quot;Q838nbz89Y6fI0Es1xd1&quot;,&quot;id&quot;:&quot;wL0tW9pWFK6NOQlLooAL&quot;},{&quot;accountno&quot;:&quot;BN-1234535&quot;,&quot;departmentno&quot;:&quot;7&quot;,&quot;salary&quot;:&quot;12190&quot;,&quot;pincode&quot;:&quot;123458&quot;,&quot;userid&quot;:&quot;wvTE1ZsqbgfOMtiFejpq&quot;,&quot;id&quot;:&quot;BQryzLruytDYk3maC1ny&quot;},{&quot;accountno&quot;:&quot;TA-1777777&quot;,&quot;departmentno&quot;:&quot;6&quot;,&quot;salary&quot;:&quot;1212&quot;,&quot;pincode&quot;:&quot;121213&quot;,&quot;userid&quot;:&quot;Q838nbz89Y6fI0Es1xd1&quot;,&quot;id&quot;:&quot;JZaDeTgZuAT8paG4ZVw2&quot;},{&quot;accountno&quot;:&quot;TA-1777777&quot;,&quot;departmentno&quot;:&quot;6&quot;,&quot;salary&quot;:&quot;1212&quot;,&quot;pincode&quot;:&quot;121213&quot;,&quot;userid&quot;:&quot;Q838nbz89Y6fI0Es1xd1&quot;,&quot;id&quot;:&quot;VLJlnjAwMoKZW85CCMaX&quot;},{&quot;accountno&quot;:&quot;DD-444444&quot;,&quot;departmentno&quot;:&quot;6&quot;,&quot;salary&quot;:&quot;666616&quot;,&quot;pincode&quot;:&quot;777777&quot;,&quot;userid&quot;:&quot;df3mJP5SKBSc4FrIFsCC&quot;,&quot;id&quot;:&quot;ZgrYEs49mEOozRvQNJYj&quot;},{&quot;accountno&quot;:&quot;TA-1777777&quot;,&quot;departmentno&quot;:&quot;6&quot;,&quot;salary&quot;:&quot;1212&quot;,&quot;pincode&quot;:&quot;121213&quot;,&quot;userid&quot;:&quot;Q838nbz89Y6fI0Es1xd1&quot;,&quot;id&quot;:&quot;zNRfiiBtKemL4w7Zko1u&quot;},{&quot;accountno&quot;:&quot;TA-1777777&quot;,&quot;departmentno&quot;:&quot;6&quot;,&quot;salary&quot;:&quot;1212&quot;,&quot;pincode&quot;:&quot;121213&quot;,&quot;userid&quot;:&quot;Q838nbz89Y6fI0Es1xd1&quot;,&quot;id&quot;:&quot;f5g4P7QK3EUNSLWYgbeM&quot;},{&quot;accountno&quot;:&quot;TA-1777777&quot;,&quot;departmentno&quot;:&quot;6&quot;,&quot;salary&quot;:&quot;1212&quot;,&quot;pincode&quot;:&quot;121213&quot;,&quot;userid&quot;:&quot;Q838nbz89Y6fI0Es1xd1&quot;,&quot;id&quot;:&quot;giYNX2epCThyJO0j46l1&quot;},{&quot;accountno&quot;:&quot;TA-1777777&quot;,&quot;departmentno&quot;:&quot;6&quot;,&quot;salary&quot;:&quot;1212&quot;,&quot;pincode&quot;:&quot;121213&quot;,&quot;userid&quot;:&quot;Q838nbz89Y6fI0Es1xd1&quot;,&quot;id&quot;:&quot;7hFHjLDzaDsFD46IB0kX&quot;},{&quot;accountno&quot;:&quot;TA-1777777&quot;,&quot;departmentno&quot;:&quot;6&quot;,&quot;salary&quot;:&quot;1212&quot;,&quot;pincode&quot;:&quot;121213&quot;,&quot;userid&quot;:&quot;Q838nbz89Y6fI0Es1xd1&quot;,&quot;id&quot;:&quot;tjf2uNSZ1KmxywtCRu9q&quot;},{&quot;accountno&quot;:&quot;TA-1777777&quot;,&quot;departmentno&quot;:&quot;6&quot;,&quot;salary&quot;:&quot;1212&quot;,&quot;pincode&quot;:&quot;121213&quot;,&quot;userid&quot;:&quot;Q838nbz89Y6fI0Es1xd1&quot;,&quot;id&quot;:&quot;w9L3r8EfIMUYIOa0xFvl&quot;},{&quot;accountno&quot;:&quot;TA-1777777&quot;,&quot;departmentno&quot;:&quot;6&quot;,&quot;salary&quot;:&quot;1212&quot;,&quot;pincode&quot;:&quot;121213&quot;,&quot;userid&quot;:&quot;Q838nbz89Y6fI0Es1xd1&quot;,&quot;id&quot;:&quot;1aVULFwc8jsnOe1dZSGf&quot;},{&quot;accountno&quot;:&quot;BN-1234535&quot;,&quot;departmentno&quot;:&quot;7&quot;,&quot;salary&quot;:&quot;12190&quot;,&quot;pincode&quot;:&quot;123458&quot;,&quot;userid&quot;:&quot;wvTE1ZsqbgfOMtiFejpq&quot;,&quot;id&quot;:&quot;KvzJVeTQyyBUMQhkNZA8&quot;},{&quot;accountno&quot;:&quot;TA-1777777&quot;,&quot;departmentno&quot;:&quot;6&quot;,&quot;salary&quot;:&quot;1212&quot;,&quot;pincode&quot;:&quot;121213&quot;,&quot;userid&quot;:&quot;Q838nbz89Y6fI0Es1xd1&quot;,&quot;id&quot;:&quot;3cBLPHcLoHVdphh6Xq8W&quot;},{&quot;accountno&quot;:&quot;TA-1777777&quot;,&quot;departmentno&quot;:&quot;6&quot;,&quot;salary&quot;:&quot;1212&quot;,&quot;pincode&quot;:&quot;121213&quot;,&quot;userid&quot;:&quot;Q838nbz89Y6fI0Es1xd1&quot;,&quot;id&quot;:&quot;pSae3FnRG1aN2e5krxD1&quot;},{&quot;accountno&quot;:&quot;TA-1777777&quot;,&quot;departmentno&quot;:&quot;6&quot;,&quot;salary&quot;:&quot;1212&quot;,&quot;pincode&quot;:&quot;121213&quot;,&quot;userid&quot;:&quot;Q838nbz89Y6fI0Es1xd1&quot;,&quot;id&quot;:&quot;T0a5UssZ8ylD5ffVPtm4&quot;},{&quot;accountno&quot;:&quot;TA-1777777&quot;,&quot;departmentno&quot;:&quot;6&quot;,&quot;salary&quot;:&quot;1212&quot;,&quot;pincode&quot;:&quot;121213&quot;,&quot;userid&quot;:&quot;Q838nbz89Y6fI0Es1xd1&quot;,&quot;id&quot;:&quot;bj7R6OxHq2lE6PxlfsUi&quot;},{&quot;accountno&quot;:&quot;TA-1777777&quot;,&quot;departmentno&quot;:&quot;6&quot;,&quot;salary&quot;:&quot;1212&quot;,&quot;pincode&quot;:&quot;121213&quot;,&quot;userid&quot;:&quot;Q838nbz89Y6fI0Es1xd1&quot;,&quot;id&quot;:&quot;x021vtWVdWuG4aWD9ttF&quot;},{&quot;accountno&quot;:&quot;&quot;,&quot;departmentno&quot;:&quot;5&quot;,&quot;salary&quot;:&quot;46656&quot;,&quot;pincode&quot;:&quot;454734&quot;,&quot;userid&quot;:&quot;pbGSCceO3YK5zI6QgXTN&quot;,&quot;id&quot;:&quot;N5oCijx6irpVE7rKCsz2&quot;},{&quot;accountno&quot;:&quot;TA-1777777&quot;,&quot;departmentno&quot;:&quot;6&quot;,&quot;salary&quot;:&quot;1212&quot;,&quot;pincode&quot;:&quot;121213&quot;,&quot;userid&quot;:&quot;Q838nbz89Y6fI0Es1xd1&quot;,&quot;id&quot;:&quot;SgKE6RflHOvxnZJbn1Qe&quot;},{&quot;accountno&quot;:&quot;TA-1777777&quot;,&quot;departmentno&quot;:&quot;6&quot;,&quot;salary&quot;:&quot;1212&quot;,&quot;pincode&quot;:&quot;121213&quot;,&quot;userid&quot;:&quot;Q838nbz89Y6fI0Es1xd1&quot;,&quot;id&quot;:&quot;gPsWIaPKHPpSubM1c76F&quot;},{&quot;accountno&quot;:&quot;TA-SP22222&quot;,&quot;departmentno&quot;:&quot;1&quot;,&quot;salary&quot;:&quot;655&quot;,&quot;pincode&quot;:&quot;654321&quot;,&quot;userid&quot;:&quot;mU6hIQUZQfsauAPg6TXX&quot;,&quot;id&quot;:&quot;WGrIXYwvs7hW0XjNIrC7&quot;},{&quot;accountno&quot;:&quot;TA-SP22222&quot;,&quot;departmentno&quot;:&quot;1&quot;,&quot;salary&quot;:&quot;655&quot;,&quot;pincode&quot;:&quot;654321&quot;,&quot;userid&quot;:&quot;mU6hIQUZQfsauAPg6TXX&quot;,&quot;id&quot;:&quot;aywhFHpy32mrDJhIwhka&quot;},{&quot;accountno&quot;:&quot;TA-SP22222&quot;,&quot;departmentno&quot;:&quot;1&quot;,&quot;salary&quot;:&quot;655&quot;,&quot;pincode&quot;:&quot;654321&quot;,&quot;userid&quot;:&quot;mU6hIQUZQfsauAPg6TXX&quot;,&quot;id&quot;:&quot;DUuMTUYDZ1NB5JDeohmt&quot;},{&quot;accountno&quot;:&quot;TA-1777777&quot;,&quot;departmentno&quot;:&quot;6&quot;,&quot;salary&quot;:&quot;1212&quot;,&quot;pincode&quot;:&quot;121213&quot;,&quot;userid&quot;:&quot;Q838nbz89Y6fI0Es1xd1&quot;,&quot;id&quot;:&quot;66Jwn8lp9W3QAvuhXWkt&quot;},{&quot;accountno&quot;:&quot;TA-1777777&quot;,&quot;departmentno&quot;:&quot;6&quot;,&quot;salary&quot;:&quot;1212&quot;,&quot;pincode&quot;:&quot;121213&quot;,&quot;userid&quot;:&quot;Q838nbz89Y6fI0Es1xd1&quot;,&quot;id&quot;:&quot;26PJo4BeuQio3ADWFHTM&quot;},{&quot;accountno&quot;:&quot;TA-1777777&quot;,&quot;departmentno&quot;:&quot;6&quot;,&quot;salary&quot;:&quot;1212&quot;,&quot;pincode&quot;:&quot;121213&quot;,&quot;userid&quot;:&quot;Q838nbz89Y6fI0Es1xd1&quot;,&quot;id&quot;:&quot;FKjY7SA5ja5DTp5LT5uT&quot;},{&quot;accountno&quot;:&quot;TA-1777777&quot;,&quot;departmentno&quot;:&quot;6&quot;,&quot;salary&quot;:&quot;1212&quot;,&quot;pincode&quot;:&quot;121213&quot;,&quot;userid&quot;:&quot;Q838nbz89Y6fI0Es1xd1&quot;,&quot;id&quot;:&quot;0b02TO2EZ86xETD2KWDs&quot;},{&quot;accountno&quot;:&quot;TA-1777777&quot;,&quot;departmentno&quot;:&quot;6&quot;,&quot;salary&quot;:&quot;1212&quot;,&quot;pincode&quot;:&quot;121213&quot;,&quot;userid&quot;:&quot;Q838nbz89Y6fI0Es1xd1&quot;,&quot;id&quot;:&quot;IAEoorsEEmUfnbn8bjCp&quot;},{&quot;accountno&quot;:&quot;TA-1777777&quot;,&quot;departmentno&quot;:&quot;6&quot;,&quot;salary&quot;:&quot;1212&quot;,&quot;pincode&quot;:&quot;121213&quot;,&quot;userid&quot;:&quot;Q838nbz89Y6fI0Es1xd1&quot;,&quot;id&quot;:&quot;HtokojuUKyazu3LQBlh4&quot;},{&quot;accountno&quot;:&quot;TA-1777777&quot;,&quot;departmentno&quot;:&quot;6&quot;,&quot;salary&quot;:&quot;1212&quot;,&quot;pincode&quot;:&quot;121213&quot;,&quot;userid&quot;:&quot;Q838nbz89Y6fI0Es1xd1&quot;,&quot;id&quot;:&quot;ZbNJBfnDHdMCUkdHTgKA&quot;},{&quot;accountno&quot;:&quot;TA-1777777&quot;,&quot;departmentno&quot;:&quot;6&quot;,&quot;salary&quot;:&quot;1212&quot;,&quot;pincode&quot;:&quot;121213&quot;,&quot;userid&quot;:&quot;Q838nbz89Y6fI0Es1xd1&quot;,&quot;id&quot;:&quot;sdHDN4eZ7hnFdAKVXTlr&quot;},{&quot;accountno&quot;:&quot;TA-1777777&quot;,&quot;departmentno&quot;:&quot;6&quot;,&quot;salary&quot;:&quot;1212&quot;,&quot;pincode&quot;:&quot;121213&quot;,&quot;userid&quot;:&quot;Q838nbz89Y6fI0Es1xd1&quot;,&quot;id&quot;:&quot;k2nPsDeFXxJA39JzkTJn&quot;},{&quot;accountno&quot;:&quot;TA-1777777&quot;,&quot;departmentno&quot;:&quot;6&quot;,&quot;salary&quot;:&quot;1212&quot;,&quot;pincode&quot;:&quot;121213&quot;,&quot;userid&quot;:&quot;Q838nbz89Y6fI0Es1xd1&quot;,&quot;id&quot;:&quot;mopYiA051rp96oc3JZTh&quot;},{&quot;accountno&quot;:&quot;TA-1777777&quot;,&quot;departmentno&quot;:&quot;6&quot;,&quot;salary&quot;:&quot;1212&quot;,&quot;pincode&quot;:&quot;121213&quot;,&quot;userid&quot;:&quot;Q838nbz89Y6fI0Es1xd1&quot;,&quot;id&quot;:&quot;BCS2rSmqfN7NVa0eZeH6&quot;},{&quot;accountno&quot;:&quot;TA-1777777&quot;,&quot;departmentno&quot;:&quot;6&quot;,&quot;salary&quot;:&quot;1212&quot;,&quot;pincode&quot;:&quot;121213&quot;,&quot;userid&quot;:&quot;Q838nbz89Y6fI0Es1xd1&quot;,&quot;id&quot;:&quot;YRQvtmSeiedEYyZyhJZM&quot;},{&quot;accountno&quot;:&quot;TA-7578888&quot;,&quot;departmentno&quot;:&quot;5&quot;,&quot;salary&quot;:&quot;576666&quot;,&quot;pincode&quot;:&quot;475757&quot;,&quot;userid&quot;:&quot;4yFTZrJvMNYNnOGWLX08&quot;,&quot;id&quot;:&quot;YVBqoZPZSf1DagUeCnOR&quot;},{&quot;accountno&quot;:&quot;TA-8758857&quot;,&quot;departmentno&quot;:&quot;5&quot;,&quot;salary&quot;:&quot;56665&quot;,&quot;pincode&quot;:&quot;456547&quot;,&quot;userid&quot;:&quot;4yFTZrJvMNYNnOGWLX08&quot;,&quot;id&quot;:&quot;lhhFjsI1JNjTm9za9pUP&quot;},{&quot;accountno&quot;:&quot;BN-1234535&quot;,&quot;departmentno&quot;:&quot;7&quot;,&quot;salary&quot;:&quot;12190&quot;,&quot;pincode&quot;:&quot;123458&quot;,&quot;userid&quot;:&quot;wvTE1ZsqbgfOMtiFejpq&quot;,&quot;id&quot;:&quot;AWc7OhaTpHB2TDROR0M2&quot;},{&quot;accountno&quot;:&quot;BN-1234535&quot;,&quot;departmentno&quot;:&quot;7&quot;,&quot;salary&quot;:&quot;12190&quot;,&quot;pincode&quot;:&quot;123458&quot;,&quot;userid&quot;:&quot;wvTE1ZsqbgfOMtiFejpq&quot;,&quot;id&quot;:&quot;c5VVF9qQD8lQTrJZpLTy&quot;},{&quot;accountno&quot;:&quot;TA-Aug2022&quot;,&quot;departmentno&quot;:&quot;1&quot;,&quot;salary&quot;:&quot;1111&quot;,&quot;pincode&quot;:&quot;123458&quot;,&quot;userid&quot;:&quot;zhFI4oQlHjP2cn3mW3GP&quot;,&quot;id&quot;:&quot;2xBCTBd136mgpzpxB2Yp&quot;},{&quot;accountno&quot;:&quot;TA-Aug2022&quot;,&quot;departmentno&quot;:&quot;7&quot;,&quot;salary&quot;:&quot;7777&quot;,&quot;pincode&quot;:&quot;123458&quot;,&quot;userid&quot;:&quot;zhFI4oQlHjP2cn3mW3GP&quot;,&quot;id&quot;:&quot;LJ8C5dvXPrSdIwMSfmt8&quot;},{&quot;accountno&quot;:&quot;GC-74563732&quot;,&quot;departmentno&quot;:&quot;007&quot;,&quot;salary&quot;:&quot;77777&quot;,&quot;pincode&quot;:&quot;772134&quot;,&quot;userid&quot;:&quot;31nk6sGTbT6SkjpQmUEj&quot;,&quot;id&quot;:&quot;CK5KZHo3uG29bqQFawPn&quot;},{&quot;accountno&quot;:&quot;BN-1234535&quot;,&quot;departmentno&quot;:&quot;7&quot;,&quot;salary&quot;:&quot;12190&quot;,&quot;pincode&quot;:&quot;123458&quot;,&quot;userid&quot;:&quot;wvTE1ZsqbgfOMtiFejpq&quot;,&quot;id&quot;:&quot;7KAzvYMh37n6Yy2nvVp1&quot;},{&quot;accountno&quot;:&quot;TA-Aug2022&quot;,&quot;departmentno&quot;:&quot;7&quot;,&quot;salary&quot;:&quot;7777&quot;,&quot;pincode&quot;:&quot;123458&quot;,&quot;userid&quot;:&quot;zhFI4oQlHjP2cn3mW3GP&quot;,&quot;id&quot;:&quot;o39S9LFIUv1PS4w2HvKJ&quot;},{&quot;accountno&quot;:&quot;TA-Aug2022&quot;,&quot;departmentno&quot;:&quot;8&quot;,&quot;salary&quot;:&quot;88888&quot;,&quot;pincode&quot;:&quot;123458&quot;,&quot;userid&quot;:&quot;zhFI4oQlHjP2cn3mW3GP&quot;,&quot;id&quot;:&quot;YajKXbK6rQ3usBbtx7Ql&quot;},{&quot;accountno&quot;:&quot;TA-Aug2022&quot;,&quot;departmentno&quot;:&quot;9&quot;,&quot;salary&quot;:&quot;99999&quot;,&quot;pincode&quot;:&quot;123458&quot;,&quot;userid&quot;:&quot;zhFI4oQlHjP2cn3mW3GP&quot;,&quot;id&quot;:&quot;6tulFTy4MmPFyvOjkES7&quot;},{&quot;accountno&quot;:&quot;BN-1234535&quot;,&quot;departmentno&quot;:&quot;7&quot;,&quot;salary&quot;:&quot;12190&quot;,&quot;pincode&quot;:&quot;123458&quot;,&quot;userid&quot;:&quot;wvTE1ZsqbgfOMtiFejpq&quot;,&quot;id&quot;:&quot;UkcuPZomT9mHG4SaNgRm&quot;},{&quot;accountno&quot;:&quot;BN-1234535&quot;,&quot;departmentno&quot;:&quot;7&quot;,&quot;salary&quot;:&quot;12190&quot;,&quot;pincode&quot;:&quot;123458&quot;,&quot;userid&quot;:&quot;wvTE1ZsqbgfOMtiFejpq&quot;,&quot;id&quot;:&quot;APfqk0Tmi1hxh0aXrrvF&quot;},{&quot;accountno&quot;:&quot;33452244&quot;,&quot;departmentno&quot;:&quot;4&quot;,&quot;salary&quot;:&quot;6&quot;,&quot;pincode&quot;:&quot;125456&quot;,&quot;userid&quot;:&quot;taGX4XQQfXD3Z76sI1Xn&quot;,&quot;id&quot;:&quot;8yB9eW5aSCzG1LwcSfzc&quot;},{&quot;accountno&quot;:&quot;33452244&quot;,&quot;departmentno&quot;:&quot;4&quot;,&quot;salary&quot;:&quot;6&quot;,&quot;pincode&quot;:&quot;125456&quot;,&quot;userid&quot;:&quot;taGX4XQQfXD3Z76sI1Xn&quot;,&quot;id&quot;:&quot;EbnKQVUmBBEJpOj8dUug&quot;},{&quot;accountno&quot;:&quot;33452244&quot;,&quot;departmentno&quot;:&quot;4&quot;,&quot;salary&quot;:&quot;6&quot;,&quot;pincode&quot;:&quot;125456&quot;,&quot;userid&quot;:&quot;taGX4XQQfXD3Z76sI1Xn&quot;,&quot;id&quot;:&quot;BinoQQpr9kwSImWAn8X0&quot;},{&quot;accountno&quot;:&quot;33452244&quot;,&quot;departmentno&quot;:&quot;4&quot;,&quot;salary&quot;:&quot;6&quot;,&quot;pincode&quot;:&quot;125456&quot;,&quot;userid&quot;:&quot;taGX4XQQfXD3Z76sI1Xn&quot;,&quot;id&quot;:&quot;qsHZMxahus8hWRPIIsQL&quot;},{&quot;accountno&quot;:&quot;TA-MAAOCT2022&quot;,&quot;departmentno&quot;:2,&quot;salary&quot;:1010,&quot;pincode&quot;:111111,&quot;userid&quot;:&quot;lkdMZtNGN68KOuyoTHUF&quot;,&quot;id&quot;:&quot;80hDfaDSlAX5CAGhMrb2&quot;},{&quot;accountno&quot;:&quot;BN-1234535&quot;,&quot;departmentno&quot;:&quot;7&quot;,&quot;salary&quot;:&quot;12190&quot;,&quot;pincode&quot;:&quot;123458&quot;,&quot;userid&quot;:&quot;wvTE1ZsqbgfOMtiFejpq&quot;,&quot;id&quot;:&quot;jcoUrD3CRU4lHa9HDdCZ&quot;},{&quot;accountno&quot;:&quot;BN-1234535&quot;,&quot;departmentno&quot;:&quot;7&quot;,&quot;salary&quot;:&quot;12190&quot;,&quot;pincode&quot;:&quot;123458&quot;,&quot;userid&quot;:&quot;wvTE1ZsqbgfOMtiFejpq&quot;,&quot;id&quot;:&quot;qkFmrPZ0bSwYNaf2wUJA&quot;},{&quot;accountno&quot;:&quot;BN-1234535&quot;,&quot;departmentno&quot;:&quot;7&quot;,&quot;salary&quot;:&quot;12190&quot;,&quot;pincode&quot;:&quot;123458&quot;,&quot;userid&quot;:&quot;wvTE1ZsqbgfOMtiFejpq&quot;,&quot;id&quot;:&quot;6HaMQjIqApAhwkpbbfmS&quot;},{&quot;accountno&quot;:&quot;BN-1234535&quot;,&quot;departmentno&quot;:&quot;7&quot;,&quot;salary&quot;:&quot;12190&quot;,&quot;pincode&quot;:&quot;123458&quot;,&quot;userid&quot;:&quot;wvTE1ZsqbgfOMtiFejpq&quot;,&quot;id&quot;:&quot;yuRXMOYyUG074QvFgVQ8&quot;},{&quot;accountno&quot;:&quot;BN-1234535&quot;,&quot;departmentno&quot;:&quot;7&quot;,&quot;salary&quot;:&quot;12190&quot;,&quot;pincode&quot;:&quot;123458&quot;,&quot;userid&quot;:&quot;wvTE1ZsqbgfOMtiFejpq&quot;,&quot;id&quot;:&quot;ALByKZw0IgYtVPBLvas8&quot;},{&quot;accountno&quot;:&quot;SN-AA4567D&quot;,&quot;departmentno&quot;:&quot;9&quot;,&quot;salary&quot;:&quot;8888&quot;,&quot;pincode&quot;:&quot;567432&quot;,&quot;userid&quot;:&quot;v6ZDMRBfI5zsQ4wpV8zp&quot;,&quot;id&quot;:&quot;fbBM24HMIMqebRScY1qX&quot;},{&quot;accountno&quot;:&quot;SS-AA4567N&quot;,&quot;departmentno&quot;:9,&quot;salary&quot;:8888,&quot;pincode&quot;:567432,&quot;userid&quot;:&quot;v6ZDMRBfI5zsQ4wpV8zp&quot;,&quot;id&quot;:&quot;HIvpkf5jMp76zYLs9Ybf&quot;},{&quot;accountno&quot;:&quot;BN-1234535&quot;,&quot;departmentno&quot;:&quot;7&quot;,&quot;salary&quot;:&quot;12190&quot;,&quot;pincode&quot;:&quot;123458&quot;,&quot;userid&quot;:&quot;wvTE1ZsqbgfOMtiFejpq&quot;,&quot;id&quot;:&quot;askf5JMxM2zkZPGZQLJ4&quot;},{&quot;accountno&quot;:&quot;TA-ratnakr&quot;,&quot;departmentno&quot;:&quot;3&quot;,&quot;salary&quot;:&quot;2000&quot;,&quot;pincode&quot;:&quot;945888&quot;,&quot;userid&quot;:&quot;Qd2hw3MawHGfM9jvrUJJ&quot;,&quot;id&quot;:&quot;vjQSEMLUEUdV7uwXnsKv&quot;},{&quot;accountno&quot;:&quot;BN-1234535&quot;,&quot;departmentno&quot;:&quot;7&quot;,&quot;salary&quot;:&quot;12190&quot;,&quot;pincode&quot;:&quot;123458&quot;,&quot;userid&quot;:&quot;wvTE1ZsqbgfOMtiFejpq&quot;,&quot;id&quot;:&quot;5K7N1xrK7PiqysDPsx7Z&quot;},{&quot;accountno&quot;:&quot;TA-14414413&quot;,&quot;departmentno&quot;:&quot;8&quot;,&quot;salary&quot;:&quot;44444&quot;,&quot;pincode&quot;:&quot;444444&quot;,&quot;userid&quot;:&quot;rssvUaK6eoZlwoYaQ1Tu&quot;,&quot;id&quot;:&quot;3enhsjJllx3XhgO7NOPU&quot;},{&quot;accountno&quot;:&quot;BN-1234535&quot;,&quot;departmentno&quot;:&quot;7&quot;,&quot;salary&quot;:&quot;12190&quot;,&quot;pincode&quot;:&quot;123458&quot;,&quot;userid&quot;:&quot;wvTE1ZsqbgfOMtiFejpq&quot;,&quot;id&quot;:&quot;FXIpYf0BXqBSK53J4Gi8&quot;},{&quot;accountno&quot;:&quot;TA-1777777&quot;,&quot;departmentno&quot;:&quot;6&quot;,&quot;salary&quot;:&quot;1212&quot;,&quot;pincode&quot;:&quot;121213&quot;,&quot;userid&quot;:&quot;Q838nbz89Y6fI0Es1xd1&quot;,&quot;id&quot;:&quot;2aVcWBIgWGl4azPlFNIF&quot;},{&quot;accountno&quot;:&quot;TA-1777777&quot;,&quot;departmentno&quot;:&quot;6&quot;,&quot;salary&quot;:&quot;1212&quot;,&quot;pincode&quot;:&quot;121213&quot;,&quot;userid&quot;:&quot;Q838nbz89Y6fI0Es1xd1&quot;,&quot;id&quot;:&quot;29Eqxeh5sSkFP3RGOzRX&quot;},{&quot;accountno&quot;:&quot;TA-1777777&quot;,&quot;departmentno&quot;:&quot;6&quot;,&quot;salary&quot;:&quot;1212&quot;,&quot;pincode&quot;:&quot;121213&quot;,&quot;userid&quot;:&quot;Q838nbz89Y6fI0Es1xd1&quot;,&quot;id&quot;:&quot;VAjMVBnHRCYDg4h7omTw&quot;},{&quot;accountno&quot;:&quot;TA-1777777&quot;,&quot;departmentno&quot;:&quot;6&quot;,&quot;salary&quot;:&quot;1212&quot;,&quot;pincode&quot;:&quot;121213&quot;,&quot;userid&quot;:&quot;Q838nbz89Y6fI0Es1xd1&quot;,&quot;id&quot;:&quot;MVUoFUv2hbqtiXhByCPx&quot;},{&quot;accountno&quot;:&quot;TA-1777777&quot;,&quot;departmentno&quot;:&quot;6&quot;,&quot;salary&quot;:&quot;1212&quot;,&quot;pincode&quot;:&quot;121213&quot;,&quot;userid&quot;:&quot;Q838nbz89Y6fI0Es1xd1&quot;,&quot;id&quot;:&quot;gbnSsh5HO3LK0dIUdQag&quot;},{&quot;accountno&quot;:&quot;TA-1777777&quot;,&quot;departmentno&quot;:&quot;6&quot;,&quot;salary&quot;:&quot;1212&quot;,&quot;pincode&quot;:&quot;121213&quot;,&quot;userid&quot;:&quot;Q838nbz89Y6fI0Es1xd1&quot;,&quot;id&quot;:&quot;TpX1tghnLgDAZ5KVDWjC&quot;},{&quot;accountno&quot;:&quot;TA-1777777&quot;,&quot;departmentno&quot;:&quot;6&quot;,&quot;salary&quot;:&quot;1212&quot;,&quot;pincode&quot;:&quot;121213&quot;,&quot;userid&quot;:&quot;Q838nbz89Y6fI0Es1xd1&quot;,&quot;id&quot;:&quot;eaKbvWSk1Ia4QuVMqIzc&quot;},{&quot;accountno&quot;:&quot;TA-1777777&quot;,&quot;departmentno&quot;:&quot;6&quot;,&quot;salary&quot;:&quot;1212&quot;,&quot;pincode&quot;:&quot;121213&quot;,&quot;userid&quot;:&quot;Q838nbz89Y6fI0Es1xd1&quot;,&quot;id&quot;:&quot;HvzQH3yIUPrfAVm5c1zh&quot;},{&quot;accountno&quot;:&quot;TA-1777777&quot;,&quot;departmentno&quot;:&quot;6&quot;,&quot;salary&quot;:&quot;1212&quot;,&quot;pincode&quot;:&quot;121213&quot;,&quot;userid&quot;:&quot;Q838nbz89Y6fI0Es1xd1&quot;,&quot;id&quot;:&quot;iSnNEZVKkzwZztAevrUg&quot;},{&quot;accountno&quot;:&quot;TA-1777777&quot;,&quot;departmentno&quot;:&quot;6&quot;,&quot;salary&quot;:&quot;1212&quot;,&quot;pincode&quot;:&quot;121213&quot;,&quot;userid&quot;:&quot;Q838nbz89Y6fI0Es1xd1&quot;,&quot;id&quot;:&quot;Nl9aF6Popq2UXkltUd4t&quot;},{&quot;accountno&quot;:&quot;TA-1777777&quot;,&quot;departmentno&quot;:&quot;6&quot;,&quot;salary&quot;:&quot;1212&quot;,&quot;pincode&quot;:&quot;121213&quot;,&quot;userid&quot;:&quot;Q838nbz89Y6fI0Es1xd1&quot;,&quot;id&quot;:&quot;9Ktxc5Qx6eIbpvd7Uvcd&quot;},{&quot;accountno&quot;:&quot;TA-1777777&quot;,&quot;departmentno&quot;:&quot;6&quot;,&quot;salary&quot;:&quot;1212&quot;,&quot;pincode&quot;:&quot;121213&quot;,&quot;userid&quot;:&quot;Q838nbz89Y6fI0Es1xd1&quot;,&quot;id&quot;:&quot;BrhfGs6hV74dUci85YLu&quot;},{&quot;accountno&quot;:&quot;BN-1234535&quot;,&quot;departmentno&quot;:&quot;7&quot;,&quot;salary&quot;:&quot;12190&quot;,&quot;pincode&quot;:&quot;123458&quot;,&quot;userid&quot;:&quot;wvTE1ZsqbgfOMtiFejpq&quot;,&quot;id&quot;:&quot;TVuzaCpKgGUReUvnAAqV&quot;},{&quot;accountno&quot;:&quot;TA-1777777&quot;,&quot;departmentno&quot;:&quot;6&quot;,&quot;salary&quot;:&quot;1212&quot;,&quot;pincode&quot;:&quot;121213&quot;,&quot;userid&quot;:&quot;Q838nbz89Y6fI0Es1xd1&quot;,&quot;id&quot;:&quot;Z2hObTCSDh24uv9ZqKKe&quot;},{&quot;accountno&quot;:&quot;TA-1777777&quot;,&quot;departmentno&quot;:&quot;6&quot;,&quot;salary&quot;:&quot;1212&quot;,&quot;pincode&quot;:&quot;121213&quot;,&quot;userid&quot;:&quot;Q838nbz89Y6fI0Es1xd1&quot;,&quot;id&quot;:&quot;xt7ZOxz4pr2GGnDilt1R&quot;},{&quot;accountno&quot;:&quot;TA-1777777&quot;,&quot;departmentno&quot;:&quot;6&quot;,&quot;salary&quot;:&quot;1212&quot;,&quot;pincode&quot;:&quot;121213&quot;,&quot;userid&quot;:&quot;Q838nbz89Y6fI0Es1xd1&quot;,&quot;id&quot;:&quot;isGz8oq92YuHajd0hR41&quot;},{&quot;accountno&quot;:&quot;TA-1777777&quot;,&quot;departmentno&quot;:&quot;6&quot;,&quot;salary&quot;:&quot;1212&quot;,&quot;pincode&quot;:&quot;121213&quot;,&quot;userid&quot;:&quot;Q838nbz89Y6fI0Es1xd1&quot;,&quot;id&quot;:&quot;VPmuhttZKL4dy0Kxkmjp&quot;},{&quot;accountno&quot;:&quot;TA-1777777&quot;,&quot;departmentno&quot;:&quot;6&quot;,&quot;salary&quot;:&quot;1212&quot;,&quot;pincode&quot;:&quot;121213&quot;,&quot;userid&quot;:&quot;Q838nbz89Y6fI0Es1xd1&quot;,&quot;id&quot;:&quot;AxePI5YqYCBGksK3MFjV&quot;},{&quot;accountno&quot;:&quot;KV-AA4567EE&quot;,&quot;departmentno&quot;:9,&quot;salary&quot;:8888,&quot;pincode&quot;:567432,&quot;userid&quot;:&quot;v6ZDMRBfI5zsQ4wpV8zp&quot;,&quot;id&quot;:&quot;1Z8ZObftUtEfZZDBHiBH&quot;},{&quot;accountno&quot;:&quot;KV-AA4567C&quot;,&quot;departmentno&quot;:&quot;9&quot;,&quot;salary&quot;:&quot;8888&quot;,&quot;pincode&quot;:&quot;567432&quot;,&quot;userid&quot;:&quot;v6ZDMRBfI5zsQ4wpV8zp&quot;,&quot;id&quot;:&quot;no5H9819nuBZ7zjtZrfg&quot;},{&quot;accountno&quot;:&quot;KV-AA4567C&quot;,&quot;departmentno&quot;:&quot;9&quot;,&quot;salary&quot;:&quot;8888&quot;,&quot;pincode&quot;:&quot;567432&quot;,&quot;userid&quot;:&quot;v6ZDMRBfI5zsQ4wpV8zp&quot;,&quot;id&quot;:&quot;QyP0t5kaqrfPA8AYQzPg&quot;},{&quot;accountno&quot;:&quot;TA-1777777&quot;,&quot;departmentno&quot;:&quot;6&quot;,&quot;salary&quot;:&quot;1212&quot;,&quot;pincode&quot;:&quot;121213&quot;,&quot;userid&quot;:&quot;Q838nbz89Y6fI0Es1xd1&quot;,&quot;id&quot;:&quot;4NQe8JvKrIHhLSbJqp4e&quot;},{&quot;accountno&quot;:&quot;TA-1777777&quot;,&quot;departmentno&quot;:&quot;6&quot;,&quot;salary&quot;:&quot;1212&quot;,&quot;pincode&quot;:&quot;121213&quot;,&quot;userid&quot;:&quot;Q838nbz89Y6fI0Es1xd1&quot;,&quot;id&quot;:&quot;wwBl3nO4AmR1Eg4qkuVi&quot;},{&quot;accountno&quot;:&quot;TA-1777777&quot;,&quot;departmentno&quot;:&quot;6&quot;,&quot;salary&quot;:&quot;1212&quot;,&quot;pincode&quot;:&quot;121213&quot;,&quot;userid&quot;:&quot;Q838nbz89Y6fI0Es1xd1&quot;,&quot;id&quot;:&quot;Rt9vsCy4FWX5Zwxl3GFR&quot;},{&quot;accountno&quot;:&quot;TA-1777777&quot;,&quot;departmentno&quot;:&quot;6&quot;,&quot;salary&quot;:&quot;1212&quot;,&quot;pincode&quot;:&quot;121213&quot;,&quot;userid&quot;:&quot;Q838nbz89Y6fI0Es1xd1&quot;,&quot;id&quot;:&quot;MHc9h9EZUJx19n7cq8er&quot;},{&quot;accountno&quot;:&quot;TA-1777777&quot;,&quot;departmentno&quot;:&quot;6&quot;,&quot;salary&quot;:&quot;1212&quot;,&quot;pincode&quot;:&quot;121213&quot;,&quot;userid&quot;:&quot;Q838nbz89Y6fI0Es1xd1&quot;,&quot;id&quot;:&quot;nKfTBtbD72LXxpIKLrsB&quot;},{&quot;accountno&quot;:&quot;TA-1777777&quot;,&quot;departmentno&quot;:&quot;6&quot;,&quot;salary&quot;:&quot;1212&quot;,&quot;pincode&quot;:&quot;121213&quot;,&quot;userid&quot;:&quot;Q838nbz89Y6fI0Es1xd1&quot;,&quot;id&quot;:&quot;UNSPZHaUwXfSt2tjn788&quot;},{&quot;accountno&quot;:&quot;TA-1777777&quot;,&quot;departmentno&quot;:&quot;6&quot;,&quot;salary&quot;:&quot;1212&quot;,&quot;pincode&quot;:&quot;121213&quot;,&quot;userid&quot;:&quot;Q838nbz89Y6fI0Es1xd1&quot;,&quot;id&quot;:&quot;4qaE9BEcfEOKhqiOzg1y&quot;},{&quot;accountno&quot;:&quot;TA-1777777&quot;,&quot;departmentno&quot;:&quot;6&quot;,&quot;salary&quot;:&quot;1212&quot;,&quot;pincode&quot;:&quot;121213&quot;,&quot;userid&quot;:&quot;Q838nbz89Y6fI0Es1xd1&quot;,&quot;id&quot;:&quot;wz7OGBhyqaz4eDLM2bvK&quot;},{&quot;accountno&quot;:&quot;BN-1234535&quot;,&quot;departmentno&quot;:&quot;7&quot;,&quot;salary&quot;:&quot;12190&quot;,&quot;pincode&quot;:&quot;123458&quot;,&quot;userid&quot;:&quot;wvTE1ZsqbgfOMtiFejpq&quot;,&quot;id&quot;:&quot;6XT8GqNJRN9E0dJDlv1C&quot;},{&quot;accountno&quot;:&quot;TA-1777777&quot;,&quot;departmentno&quot;:&quot;6&quot;,&quot;salary&quot;:&quot;1212&quot;,&quot;pincode&quot;:&quot;121213&quot;,&quot;userid&quot;:&quot;Q838nbz89Y6fI0Es1xd1&quot;,&quot;id&quot;:&quot;JbK1we22v47xaQyNzfMm&quot;},{&quot;accountno&quot;:&quot;TA-1777777&quot;,&quot;departmentno&quot;:&quot;6&quot;,&quot;salary&quot;:&quot;1212&quot;,&quot;pincode&quot;:&quot;121213&quot;,&quot;userid&quot;:&quot;Q838nbz89Y6fI0Es1xd1&quot;,&quot;id&quot;:&quot;wgLpZWC84zKvRHEY99vA&quot;},{&quot;accountno&quot;:&quot;TA-1777777&quot;,&quot;departmentno&quot;:&quot;6&quot;,&quot;salary&quot;:&quot;1212&quot;,&quot;pincode&quot;:&quot;121213&quot;,&quot;userid&quot;:&quot;Q838nbz89Y6fI0Es1xd1&quot;,&quot;id&quot;:&quot;crqazHN9AKMwnPre67aR&quot;},{&quot;accountno&quot;:&quot;TA-1777777&quot;,&quot;departmentno&quot;:&quot;6&quot;,&quot;salary&quot;:&quot;1212&quot;,&quot;pincode&quot;:&quot;121213&quot;,&quot;userid&quot;:&quot;Q838nbz89Y6fI0Es1xd1&quot;,&quot;id&quot;:&quot;WdFT0HlbDaJRbrDNVYKA&quot;},{&quot;accountno&quot;:&quot;TA-1777777&quot;,&quot;departmentno&quot;:&quot;6&quot;,&quot;salary&quot;:&quot;1212&quot;,&quot;pincode&quot;:&quot;121213&quot;,&quot;userid&quot;:&quot;Q838nbz89Y6fI0Es1xd1&quot;,&quot;id&quot;:&quot;PtoORjxo7BfsNtXsD3ep&quot;},{&quot;accountno&quot;:&quot;TA-1777777&quot;,&quot;departmentno&quot;:&quot;6&quot;,&quot;salary&quot;:&quot;1212&quot;,&quot;pincode&quot;:&quot;121213&quot;,&quot;userid&quot;:&quot;Q838nbz89Y6fI0Es1xd1&quot;,&quot;id&quot;:&quot;14O9NFbHqPbi5yYIx2Q7&quot;},{&quot;accountno&quot;:&quot;TA-1777777&quot;,&quot;departmentno&quot;:&quot;6&quot;,&quot;salary&quot;:&quot;1212&quot;,&quot;pincode&quot;:&quot;121213&quot;,&quot;userid&quot;:&quot;Q838nbz89Y6fI0Es1xd1&quot;,&quot;id&quot;:&quot;Biz1BfLv0QkZix2U4rLS&quot;},{&quot;accountno&quot;:&quot;TA-1777777&quot;,&quot;departmentno&quot;:&quot;6&quot;,&quot;salary&quot;:&quot;1212&quot;,&quot;pincode&quot;:&quot;121213&quot;,&quot;userid&quot;:&quot;Q838nbz89Y6fI0Es1xd1&quot;,&quot;id&quot;:&quot;xQfs1uZA6fb8c5RKhZPF&quot;},{&quot;accountno&quot;:&quot;TA-1777777&quot;,&quot;departmentno&quot;:&quot;6&quot;,&quot;salary&quot;:&quot;1212&quot;,&quot;pincode&quot;:&quot;121213&quot;,&quot;userid&quot;:&quot;Q838nbz89Y6fI0Es1xd1&quot;,&quot;id&quot;:&quot;Wz6SdCIMroCf5PVUM3dQ&quot;},{&quot;accountno&quot;:&quot;TA-1777777&quot;,&quot;departmentno&quot;:&quot;6&quot;,&quot;salary&quot;:&quot;1212&quot;,&quot;pincode&quot;:&quot;121213&quot;,&quot;userid&quot;:&quot;Q838nbz89Y6fI0Es1xd1&quot;,&quot;id&quot;:&quot;n0VQMhQBbgxDuxIJIWfA&quot;},{&quot;accountno&quot;:&quot;TA-1777777&quot;,&quot;departmentno&quot;:&quot;6&quot;,&quot;salary&quot;:&quot;1212&quot;,&quot;pincode&quot;:&quot;121213&quot;,&quot;userid&quot;:&quot;Q838nbz89Y6fI0Es1xd1&quot;,&quot;id&quot;:&quot;vKAoHhZY8HOEkrePTiEU&quot;},{&quot;accountno&quot;:&quot;TA-1777777&quot;,&quot;departmentno&quot;:&quot;6&quot;,&quot;salary&quot;:&quot;1212&quot;,&quot;pincode&quot;:&quot;121213&quot;,&quot;userid&quot;:&quot;Q838nbz89Y6fI0Es1xd1&quot;,&quot;id&quot;:&quot;jz18sN21EwvpTCa2zu4E&quot;},{&quot;accountno&quot;:&quot;TA-1777777&quot;,&quot;departmentno&quot;:&quot;6&quot;,&quot;salary&quot;:&quot;1212&quot;,&quot;pincode&quot;:&quot;121213&quot;,&quot;userid&quot;:&quot;Q838nbz89Y6fI0Es1xd1&quot;,&quot;id&quot;:&quot;CKa0flqepd6oGazqHVpf&quot;},{&quot;accountno&quot;:&quot;TA-1777777&quot;,&quot;departmentno&quot;:&quot;6&quot;,&quot;salary&quot;:&quot;1212&quot;,&quot;pincode&quot;:&quot;121213&quot;,&quot;userid&quot;:&quot;Q838nbz89Y6fI0Es1xd1&quot;,&quot;id&quot;:&quot;7XxHmj67O9oZ2B0l5rA5&quot;},{&quot;accountno&quot;:&quot;TA-1777777&quot;,&quot;departmentno&quot;:&quot;6&quot;,&quot;salary&quot;:&quot;1212&quot;,&quot;pincode&quot;:&quot;121213&quot;,&quot;userid&quot;:&quot;Q838nbz89Y6fI0Es1xd1&quot;,&quot;id&quot;:&quot;GYVhZj42yXLn9sZpCAvG&quot;},{&quot;accountno&quot;:&quot;TA-1777777&quot;,&quot;departmentno&quot;:&quot;6&quot;,&quot;salary&quot;:&quot;1212&quot;,&quot;pincode&quot;:&quot;121213&quot;,&quot;userid&quot;:&quot;Q838nbz89Y6fI0Es1xd1&quot;,&quot;id&quot;:&quot;Ypwcl6jcHw40DQ0KjboT&quot;},{&quot;accountno&quot;:&quot;TA-1234565&quot;,&quot;departmentno&quot;:&quot;4&quot;,&quot;salary&quot;:&quot;2344&quot;,&quot;pincode&quot;:&quot;567890&quot;,&quot;userid&quot;:&quot;PdA0aL70CLvbT74ZYZT7&quot;,&quot;id&quot;:&quot;7z9SEr3s6mifITHgy2L2&quot;},{&quot;accountno&quot;:&quot;TA-111111&quot;,&quot;departmentno&quot;:&quot;10&quot;,&quot;salary&quot;:&quot;12234&quot;,&quot;pincode&quot;:&quot;12333&quot;,&quot;userid&quot;:&quot;wNDxs1ExN1RSc9iSxnrD&quot;,&quot;id&quot;:&quot;fNJAvw8vpLTjC0avXwQe&quot;},{&quot;accountno&quot;:&quot;TA-111111&quot;,&quot;departmentno&quot;:&quot;10&quot;,&quot;salary&quot;:&quot;12234&quot;,&quot;pincode&quot;:&quot;12333&quot;,&quot;userid&quot;:&quot;wNDxs1ExN1RSc9iSxnrD&quot;,&quot;id&quot;:&quot;HfLgnQPTgztfikFqoRPj&quot;},{&quot;accountno&quot;:&quot;TA-111112321&quot;,&quot;departmentno&quot;:&quot;10&quot;,&quot;salary&quot;:&quot;12345&quot;,&quot;pincode&quot;:&quot;123456&quot;,&quot;userid&quot;:&quot;yj4lLufi6vTtJtT0MKL8&quot;,&quot;id&quot;:&quot;dNMaebrYnyCsJHuPErQv&quot;},{&quot;accountno&quot;:&quot;TA-111111&quot;,&quot;departmentno&quot;:&quot;10&quot;,&quot;salary&quot;:&quot;12234&quot;,&quot;pincode&quot;:&quot;12333&quot;,&quot;userid&quot;:&quot;wNDxs1ExN1RSc9iSxnrD&quot;,&quot;id&quot;:&quot;1319fGtvVFHlFvSnz3Bp&quot;},{&quot;accountno&quot;:&quot;TA-1777777&quot;,&quot;departmentno&quot;:&quot;6&quot;,&quot;salary&quot;:&quot;1212&quot;,&quot;pincode&quot;:&quot;121213&quot;,&quot;userid&quot;:&quot;Q838nbz89Y6fI0Es1xd1&quot;,&quot;id&quot;:&quot;dbKLVKh7Rguq2pmEO17K&quot;},{&quot;accountno&quot;:&quot;TA-1777777&quot;,&quot;departmentno&quot;:&quot;6&quot;,&quot;salary&quot;:&quot;1212&quot;,&quot;pincode&quot;:&quot;121213&quot;,&quot;userid&quot;:&quot;Q838nbz89Y6fI0Es1xd1&quot;,&quot;id&quot;:&quot;3aWpjnVpl9pTKpuL8iZ2&quot;},{&quot;accountno&quot;:&quot;TA-1777777&quot;,&quot;departmentno&quot;:&quot;6&quot;,&quot;salary&quot;:&quot;1212&quot;,&quot;pincode&quot;:&quot;121213&quot;,&quot;userid&quot;:&quot;Q838nbz89Y6fI0Es1xd1&quot;,&quot;id&quot;:&quot;skhcXGaCZXT2v08oRFQH&quot;},{&quot;accountno&quot;:&quot;TA-1777777&quot;,&quot;departmentno&quot;:&quot;6&quot;,&quot;salary&quot;:&quot;1212&quot;,&quot;pincode&quot;:&quot;121213&quot;,&quot;userid&quot;:&quot;Q838nbz89Y6fI0Es1xd1&quot;,&quot;id&quot;:&quot;9R8eN02TYLhrUkqb9RwN&quot;},{&quot;accountno&quot;:&quot;TA-1777777&quot;,&quot;departmentno&quot;:&quot;6&quot;,&quot;salary&quot;:&quot;1212&quot;,&quot;pincode&quot;:&quot;121213&quot;,&quot;userid&quot;:&quot;Q838nbz89Y6fI0Es1xd1&quot;,&quot;id&quot;:&quot;VdBY48n0hAy512qXisEq&quot;},{&quot;accountno&quot;:&quot;TA-1777777&quot;,&quot;departmentno&quot;:&quot;6&quot;,&quot;salary&quot;:&quot;1212&quot;,&quot;pincode&quot;:&quot;121213&quot;,&quot;userid&quot;:&quot;Q838nbz89Y6fI0Es1xd1&quot;,&quot;id&quot;:&quot;zRwEI7XhpvbUPJEweUOe&quot;},{&quot;accountno&quot;:&quot;TA-1777777&quot;,&quot;departmentno&quot;:&quot;6&quot;,&quot;salary&quot;:&quot;1212&quot;,&quot;pincode&quot;:&quot;121213&quot;,&quot;userid&quot;:&quot;Q838nbz89Y6fI0Es1xd1&quot;,&quot;id&quot;:&quot;ubvT9qFEzxMF6v08wPB0&quot;},{&quot;accountno&quot;:&quot;TA-1777777&quot;,&quot;departmentno&quot;:&quot;6&quot;,&quot;salary&quot;:&quot;1212&quot;,&quot;pincode&quot;:&quot;121213&quot;,&quot;userid&quot;:&quot;Q838nbz89Y6fI0Es1xd1&quot;,&quot;id&quot;:&quot;jSqfoNcc6VwaZM33pF0x&quot;},{&quot;accountno&quot;:&quot;TA-1212121&quot;,&quot;departmentno&quot;:&quot;2&quot;,&quot;salary&quot;:&quot;2000&quot;,&quot;pincode&quot;:&quot;123456&quot;,&quot;userid&quot;:&quot;gCjQfhtZVJbhuZ6X7VgG&quot;,&quot;id&quot;:&quot;SCAmK2AlrkfPfXqLPBFH&quot;},{&quot;accountno&quot;:&quot;TA-1777777&quot;,&quot;departmentno&quot;:&quot;6&quot;,&quot;salary&quot;:&quot;1212&quot;,&quot;pincode&quot;:&quot;121213&quot;,&quot;userid&quot;:&quot;Q838nbz89Y6fI0Es1xd1&quot;,&quot;id&quot;:&quot;YGYK7dMQKO2F0MB3QRQT&quot;},{&quot;accountno&quot;:&quot;Delete_2020&quot;,&quot;departmentno&quot;:1,&quot;salary&quot;:1000,&quot;pincode&quot;:&quot;100000&quot;,&quot;userid&quot;:&quot;zwnVZyE1SBMYUL7p1CCp&quot;,&quot;id&quot;:&quot;ZI4pARA3TmrUXEsNnhC3&quot;},{&quot;accountno&quot;:&quot;Delete_2020&quot;,&quot;departmentno&quot;:1,&quot;salary&quot;:&quot;1000&quot;,&quot;pincode&quot;:&quot;100000&quot;,&quot;userid&quot;:&quot;zwnVZyE1SBMYUL7p1CCp&quot;,&quot;id&quot;:&quot;XKlikgU8MZr86zmu6Q9Q&quot;},{&quot;accountno&quot;:&quot;TA-1777777&quot;,&quot;departmentno&quot;:&quot;6&quot;,&quot;salary&quot;:&quot;1212&quot;,&quot;pincode&quot;:&quot;121213&quot;,&quot;userid&quot;:&quot;Q838nbz89Y6fI0Es1xd1&quot;,&quot;id&quot;:&quot;MA6Y6CKEirAtG2qRYj5G&quot;},{&quot;accountno&quot;:&quot;TA-1777777&quot;,&quot;departmentno&quot;:&quot;6&quot;,&quot;salary&quot;:&quot;1212&quot;,&quot;pincode&quot;:&quot;121213&quot;,&quot;userid&quot;:&quot;Q838nbz89Y6fI0Es1xd1&quot;,&quot;id&quot;:&quot;MRoKTm9wmtZuXPGYrun9&quot;},{&quot;accountno&quot;:&quot;TA-1777777&quot;,&quot;departmentno&quot;:&quot;6&quot;,&quot;salary&quot;:&quot;1212&quot;,&quot;pincode&quot;:&quot;121213&quot;,&quot;userid&quot;:&quot;Q838nbz89Y6fI0Es1xd1&quot;,&quot;id&quot;:&quot;q79xDxqL5UB2x0t9OEg3&quot;},{&quot;accountno&quot;:&quot;TA-1777777&quot;,&quot;departmentno&quot;:&quot;6&quot;,&quot;salary&quot;:&quot;1212&quot;,&quot;pincode&quot;:&quot;121213&quot;,&quot;userid&quot;:&quot;Q838nbz89Y6fI0Es1xd1&quot;,&quot;id&quot;:&quot;57jEVssGeDkVvFm9aOWv&quot;},{&quot;accountno&quot;:&quot;TA-1777777&quot;,&quot;departmentno&quot;:&quot;6&quot;,&quot;salary&quot;:&quot;1212&quot;,&quot;pincode&quot;:&quot;121213&quot;,&quot;userid&quot;:&quot;Q838nbz89Y6fI0Es1xd1&quot;,&quot;id&quot;:&quot;Tl1q3Q33SAqingl5oL0b&quot;},{&quot;accountno&quot;:&quot;TA-1777777&quot;,&quot;departmentno&quot;:&quot;6&quot;,&quot;salary&quot;:&quot;1212&quot;,&quot;pincode&quot;:&quot;121213&quot;,&quot;userid&quot;:&quot;Q838nbz89Y6fI0Es1xd1&quot;,&quot;id&quot;:&quot;DcIB8Z7g2wQMYvt6CO2z&quot;},{&quot;accountno&quot;:&quot;TA-1777777&quot;,&quot;departmentno&quot;:&quot;6&quot;,&quot;salary&quot;:&quot;1212&quot;,&quot;pincode&quot;:&quot;121213&quot;,&quot;userid&quot;:&quot;Q838nbz89Y6fI0Es1xd1&quot;,&quot;id&quot;:&quot;camsSxP2zzE2txsxdX2k&quot;},{&quot;accountno&quot;:&quot;TA-1777777&quot;,&quot;departmentno&quot;:&quot;6&quot;,&quot;salary&quot;:&quot;1212&quot;,&quot;pincode&quot;:&quot;121213&quot;,&quot;userid&quot;:&quot;Q838nbz89Y6fI0Es1xd1&quot;,&quot;id&quot;:&quot;LwuActZkGkF2GijEfmv8&quot;},{&quot;accountno&quot;:&quot;TA-1777777&quot;,&quot;departmentno&quot;:&quot;6&quot;,&quot;salary&quot;:&quot;1212&quot;,&quot;pincode&quot;:&quot;121213&quot;,&quot;userid&quot;:&quot;Q838nbz89Y6fI0Es1xd1&quot;,&quot;id&quot;:&quot;Xwfc4BDXmEiLFz2BlrqJ&quot;},{&quot;accountno&quot;:&quot;TA-ratnakr&quot;,&quot;departmentno&quot;:&quot;3&quot;,&quot;salary&quot;:&quot;2000&quot;,&quot;pincode&quot;:&quot;945888&quot;,&quot;userid&quot;:&quot;Qd2hw3MawHGfM9jvrUJJ&quot;,&quot;id&quot;:&quot;MYsML0nInZnxjCWe6yZC&quot;},{&quot;accountno&quot;:&quot;TA-ratnakr&quot;,&quot;departmentno&quot;:&quot;3&quot;,&quot;salary&quot;:&quot;2000&quot;,&quot;pincode&quot;:&quot;945888&quot;,&quot;userid&quot;:&quot;Qd2hw3MawHGfM9jvrUJJ&quot;,&quot;id&quot;:&quot;eqz9MEEFIh4Is2sC8cz3&quot;},{&quot;accountno&quot;:&quot;TA-ratnakr&quot;,&quot;departmentno&quot;:&quot;3&quot;,&quot;salary&quot;:&quot;2000&quot;,&quot;pincode&quot;:&quot;945888&quot;,&quot;userid&quot;:&quot;Qd2hw3MawHGfM9jvrUJJ&quot;,&quot;id&quot;:&quot;3t4hQQqRb56IkbHwBZVh&quot;},{&quot;accountno&quot;:&quot;TA-ratnakr&quot;,&quot;departmentno&quot;:&quot;3&quot;,&quot;salary&quot;:&quot;2000&quot;,&quot;pincode&quot;:&quot;945888&quot;,&quot;userid&quot;:&quot;Qd2hw3MawHGfM9jvrUJJ&quot;,&quot;id&quot;:&quot;UigFBJOCChsaONUvIOP3&quot;},{&quot;accountno&quot;:&quot;TA-ratnakr&quot;,&quot;departmentno&quot;:&quot;3&quot;,&quot;salary&quot;:&quot;2000&quot;,&quot;pincode&quot;:&quot;945888&quot;,&quot;userid&quot;:&quot;Qd2hw3MawHGfM9jvrUJJ&quot;,&quot;id&quot;:&quot;KhSGUN0CwjLVLZDQd8TY&quot;},{&quot;accountno&quot;:&quot;TA-ratnakr&quot;,&quot;departmentno&quot;:&quot;3&quot;,&quot;salary&quot;:&quot;2000&quot;,&quot;pincode&quot;:&quot;945888&quot;,&quot;userid&quot;:&quot;Qd2hw3MawHGfM9jvrUJJ&quot;,&quot;id&quot;:&quot;eS5d6c9pbnoD5AmDxe0o&quot;},{&quot;accountno&quot;:&quot;TA-ratnakr&quot;,&quot;departmentno&quot;:&quot;3&quot;,&quot;salary&quot;:&quot;2000&quot;,&quot;pincode&quot;:&quot;945888&quot;,&quot;userid&quot;:&quot;Qd2hw3MawHGfM9jvrUJJ&quot;,&quot;id&quot;:&quot;vzqR8AUiVV2lYkbt5OiP&quot;},{&quot;accountno&quot;:&quot;TA-ratnakr&quot;,&quot;departmentno&quot;:&quot;3&quot;,&quot;salary&quot;:&quot;2000&quot;,&quot;pincode&quot;:&quot;945888&quot;,&quot;userid&quot;:&quot;Qd2hw3MawHGfM9jvrUJJ&quot;,&quot;id&quot;:&quot;ICwVQs56j9FQhkFDiByP&quot;},{&quot;accountno&quot;:&quot;TA-ratnakr&quot;,&quot;departmentno&quot;:&quot;3&quot;,&quot;salary&quot;:&quot;2000&quot;,&quot;pincode&quot;:&quot;945888&quot;,&quot;userid&quot;:&quot;Qd2hw3MawHGfM9jvrUJJ&quot;,&quot;id&quot;:&quot;ShR2ntKCSSFDsgESABpt&quot;},{&quot;accountno&quot;:&quot;TA-ratnakr&quot;,&quot;departmentno&quot;:&quot;3&quot;,&quot;salary&quot;:&quot;2000&quot;,&quot;pincode&quot;:&quot;945888&quot;,&quot;userid&quot;:&quot;Qd2hw3MawHGfM9jvrUJJ&quot;,&quot;id&quot;:&quot;0uWHUnZWj4iH1rfFnk5d&quot;},{&quot;accountno&quot;:&quot;TA-ratnakr&quot;,&quot;departmentno&quot;:&quot;3&quot;,&quot;salary&quot;:&quot;2000&quot;,&quot;pincode&quot;:&quot;945888&quot;,&quot;userid&quot;:&quot;Qd2hw3MawHGfM9jvrUJJ&quot;,&quot;id&quot;:&quot;nUm8uT1aACcsrNAEv1qO&quot;},{&quot;accountno&quot;:&quot;TA-ratnakr&quot;,&quot;departmentno&quot;:&quot;3&quot;,&quot;salary&quot;:&quot;2000&quot;,&quot;pincode&quot;:&quot;945888&quot;,&quot;userid&quot;:&quot;Qd2hw3MawHGfM9jvrUJJ&quot;,&quot;id&quot;:&quot;DYZsTKTHHKP3GQjimTxG&quot;},{&quot;accountno&quot;:&quot;TA-ratnakr&quot;,&quot;departmentno&quot;:&quot;3&quot;,&quot;salary&quot;:&quot;2000&quot;,&quot;pincode&quot;:&quot;945888&quot;,&quot;userid&quot;:&quot;Qd2hw3MawHGfM9jvrUJJ&quot;,&quot;id&quot;:&quot;OF3EiaLN15Q6VJLsV2WE&quot;},{&quot;accountno&quot;:&quot;TA-ratnakr&quot;,&quot;departmentno&quot;:&quot;3&quot;,&quot;salary&quot;:&quot;2000&quot;,&quot;pincode&quot;:&quot;945888&quot;,&quot;userid&quot;:&quot;Qd2hw3MawHGfM9jvrUJJ&quot;,&quot;id&quot;:&quot;4I4AYtVAPuTvQM68wV1M&quot;},{&quot;accountno&quot;:&quot;TA-ratnakr&quot;,&quot;departmentno&quot;:&quot;3&quot;,&quot;salary&quot;:&quot;2000&quot;,&quot;pincode&quot;:&quot;945888&quot;,&quot;userid&quot;:&quot;Qd2hw3MawHGfM9jvrUJJ&quot;,&quot;id&quot;:&quot;RnXVlQ6czPwNkov5MuzI&quot;},{&quot;accountno&quot;:&quot;TA-1777777&quot;,&quot;departmentno&quot;:&quot;6&quot;,&quot;salary&quot;:&quot;1212&quot;,&quot;pincode&quot;:&quot;121213&quot;,&quot;userid&quot;:&quot;Q838nbz89Y6fI0Es1xd1&quot;,&quot;id&quot;:&quot;0wcPMXNAbkZO6hIqZhvG&quot;},{&quot;accountno&quot;:&quot;TA-3333333&quot;,&quot;departmentno&quot;:&quot;5&quot;,&quot;salary&quot;:&quot;4567&quot;,&quot;pincode&quot;:&quot;567324&quot;,&quot;userid&quot;:&quot;Qd2hw3MawHGfM9jvrUJJ&quot;,&quot;id&quot;:&quot;2NvqTT02YQ0vIH4tgfKZ&quot;},{&quot;accountno&quot;:&quot;TA-3333333&quot;,&quot;departmentno&quot;:&quot;5&quot;,&quot;salary&quot;:&quot;4567&quot;,&quot;pincode&quot;:&quot;567324&quot;,&quot;userid&quot;:&quot;Qd2hw3MawHGfM9jvrUJJ&quot;,&quot;id&quot;:&quot;mK94i7R0ypt1kGlLlvMg&quot;},{&quot;accountno&quot;:&quot;TA-3333333&quot;,&quot;departmentno&quot;:&quot;5&quot;,&quot;salary&quot;:&quot;4567&quot;,&quot;pincode&quot;:&quot;567324&quot;,&quot;userid&quot;:&quot;Qd2hw3MawHGfM9jvrUJJ&quot;,&quot;id&quot;:&quot;ECkBBDFTLtFrTOQ1vMFw&quot;},{&quot;accountno&quot;:&quot;TA-ratnakb&quot;,&quot;departmentno&quot;:&quot;3&quot;,&quot;salary&quot;:&quot;5675&quot;,&quot;pincode&quot;:&quot;945888&quot;,&quot;userid&quot;:&quot;Qd2hw3MawHGfM9jvrUJJ&quot;,&quot;id&quot;:&quot;WH2aBc52KtNguHzotCMC&quot;},{&quot;accountno&quot;:&quot;TA-ratnakb&quot;,&quot;departmentno&quot;:&quot;3&quot;,&quot;salary&quot;:&quot;5675&quot;,&quot;pincode&quot;:&quot;945888&quot;,&quot;userid&quot;:&quot;Qd2hw3MawHGfM9jvrUJJ&quot;,&quot;id&quot;:&quot;KUmCUzblsKyK6fUCVFnz&quot;},{&quot;accountno&quot;:&quot;TA-ratnakr&quot;,&quot;departmentno&quot;:&quot;3&quot;,&quot;salary&quot;:&quot;2000&quot;,&quot;pincode&quot;:&quot;945888&quot;,&quot;userid&quot;:&quot;Qd2hw3MawHGfM9jvrUJJ&quot;,&quot;id&quot;:&quot;eVwBKwK9FY5OSJErxzF7&quot;},{&quot;accountno&quot;:&quot;TA-ratnakr&quot;,&quot;departmentno&quot;:&quot;3&quot;,&quot;salary&quot;:&quot;2000&quot;,&quot;pincode&quot;:&quot;945888&quot;,&quot;userid&quot;:&quot;Qd2hw3MawHGfM9jvrUJJ&quot;,&quot;id&quot;:&quot;qgzQIOyAjGwQZ09Qypcc&quot;},{&quot;accountno&quot;:&quot;TA-ratnakr&quot;,&quot;departmentno&quot;:&quot;3&quot;,&quot;salary&quot;:&quot;2000&quot;,&quot;pincode&quot;:&quot;945888&quot;,&quot;userid&quot;:&quot;Qd2hw3MawHGfM9jvrUJJ&quot;,&quot;id&quot;:&quot;PgfrGNmf8RhYEXt71qav&quot;},{&quot;accountno&quot;:&quot;TA-ratnakr&quot;,&quot;departmentno&quot;:&quot;3&quot;,&quot;salary&quot;:&quot;2000&quot;,&quot;pincode&quot;:&quot;945888&quot;,&quot;userid&quot;:&quot;Qd2hw3MawHGfM9jvrUJJ&quot;,&quot;id&quot;:&quot;bWoypSaOkIi8CeuXvihM&quot;},{&quot;accountno&quot;:&quot;TA-ratnakr&quot;,&quot;departmentno&quot;:&quot;3&quot;,&quot;salary&quot;:&quot;2000&quot;,&quot;pincode&quot;:&quot;945888&quot;,&quot;userid&quot;:&quot;Qd2hw3MawHGfM9jvrUJJ&quot;,&quot;id&quot;:&quot;dwIgncXNXmJywpMIeclF&quot;},{&quot;accountno&quot;:&quot;TA-ratnakr&quot;,&quot;departmentno&quot;:&quot;3&quot;,&quot;salary&quot;:&quot;2000&quot;,&quot;pincode&quot;:&quot;945888&quot;,&quot;userid&quot;:&quot;Qd2hw3MawHGfM9jvrUJJ&quot;,&quot;id&quot;:&quot;aj9BoHqJMgHYktF9yaT4&quot;},{&quot;accountno&quot;:&quot;TA-ratnakz&quot;,&quot;departmentno&quot;:&quot;3&quot;,&quot;salary&quot;:&quot;5675&quot;,&quot;pincode&quot;:&quot;945888&quot;,&quot;userid&quot;:&quot;Qd2hw3MawHGfM9jvrUJJ&quot;,&quot;id&quot;:&quot;WIR2HUXq7SnxJGoiB6K6&quot;},{&quot;accountno&quot;:&quot;TA-ratnakr&quot;,&quot;departmentno&quot;:&quot;3&quot;,&quot;salary&quot;:&quot;2000&quot;,&quot;pincode&quot;:&quot;945888&quot;,&quot;userid&quot;:&quot;Qd2hw3MawHGfM9jvrUJJ&quot;,&quot;id&quot;:&quot;O4q0RBJhzSllrMvCzVrg&quot;},{&quot;accountno&quot;:&quot;TA-ratnakr&quot;,&quot;departmentno&quot;:&quot;3&quot;,&quot;salary&quot;:&quot;2000&quot;,&quot;pincode&quot;:&quot;945888&quot;,&quot;userid&quot;:&quot;Qd2hw3MawHGfM9jvrUJJ&quot;,&quot;id&quot;:&quot;Jni600pH9kb4ESNxtbAq&quot;},{&quot;accountno&quot;:&quot;BN-1234535&quot;,&quot;departmentno&quot;:&quot;7&quot;,&quot;salary&quot;:&quot;12190&quot;,&quot;pincode&quot;:&quot;123458&quot;,&quot;userid&quot;:&quot;wvTE1ZsqbgfOMtiFejpq&quot;,&quot;id&quot;:&quot;u0sbrTIJT9kfxnPwbqF7&quot;},{&quot;accountno&quot;:&quot;TA-1777777&quot;,&quot;departmentno&quot;:&quot;6&quot;,&quot;salary&quot;:&quot;1212&quot;,&quot;pincode&quot;:&quot;121213&quot;,&quot;userid&quot;:&quot;Q838nbz89Y6fI0Es1xd1&quot;,&quot;id&quot;:&quot;wTPkNPpC5z7cB1ygeRyZ&quot;},{&quot;accountno&quot;:&quot;TA-1777777&quot;,&quot;departmentno&quot;:&quot;6&quot;,&quot;salary&quot;:&quot;1212&quot;,&quot;pincode&quot;:&quot;121213&quot;,&quot;userid&quot;:&quot;Q838nbz89Y6fI0Es1xd1&quot;,&quot;id&quot;:&quot;ehrm8MAE49fFlCQf27lH&quot;},{&quot;accountno&quot;:&quot;TA-1777777&quot;,&quot;departmentno&quot;:&quot;6&quot;,&quot;salary&quot;:&quot;1212&quot;,&quot;pincode&quot;:&quot;121213&quot;,&quot;userid&quot;:&quot;Q838nbz89Y6fI0Es1xd1&quot;,&quot;id&quot;:&quot;EUT1RveJoMhSZVziqDwl&quot;},{&quot;accountno&quot;:&quot;TA-1777777&quot;,&quot;departmentno&quot;:&quot;6&quot;,&quot;salary&quot;:&quot;1212&quot;,&quot;pincode&quot;:&quot;121213&quot;,&quot;userid&quot;:&quot;Q838nbz89Y6fI0Es1xd1&quot;,&quot;id&quot;:&quot;VtDV583QIJrYCuGY3Da2&quot;},{&quot;accountno&quot;:&quot;USH-1234412&quot;,&quot;departmentno&quot;:&quot;1&quot;,&quot;salary&quot;:&quot;200000&quot;,&quot;pincode&quot;:&quot;772134&quot;,&quot;userid&quot;:&quot;qsAvy2acR3CH9AtEoVXA&quot;,&quot;id&quot;:&quot;XKW8VbCTexKQjxVCvO0N&quot;},{&quot;accountno&quot;:&quot;USH-1234412&quot;,&quot;departmentno&quot;:&quot;1&quot;,&quot;salary&quot;:&quot;200000&quot;,&quot;pincode&quot;:&quot;772134&quot;,&quot;userid&quot;:&quot;qsAvy2acR3CH9AtEoVXA&quot;,&quot;id&quot;:&quot;nux41eVVkiqV3wtEjc5M&quot;},{&quot;accountno&quot;:&quot;USH-1234412&quot;,&quot;departmentno&quot;:&quot;1&quot;,&quot;salary&quot;:&quot;200000&quot;,&quot;pincode&quot;:&quot;772134&quot;,&quot;userid&quot;:&quot;qsAvy2acR3CH9AtEoVXA&quot;,&quot;id&quot;:&quot;yX8W6GXWZBy28fJpZurH&quot;},{&quot;accountno&quot;:&quot;TA-1777777&quot;,&quot;departmentno&quot;:&quot;6&quot;,&quot;salary&quot;:&quot;1212&quot;,&quot;pincode&quot;:&quot;121213&quot;,&quot;userid&quot;:&quot;Q838nbz89Y6fI0Es1xd1&quot;,&quot;id&quot;:&quot;NQuG6T47KBUMBazdbPFz&quot;},{&quot;accountno&quot;:&quot;TA-1777777&quot;,&quot;departmentno&quot;:&quot;6&quot;,&quot;salary&quot;:&quot;1212&quot;,&quot;pincode&quot;:&quot;121213&quot;,&quot;userid&quot;:&quot;Q838nbz89Y6fI0Es1xd1&quot;,&quot;id&quot;:&quot;imU5A8gC9UxwILZpi2ng&quot;},{&quot;accountno&quot;:&quot;TA-1777777&quot;,&quot;departmentno&quot;:&quot;6&quot;,&quot;salary&quot;:&quot;1212&quot;,&quot;pincode&quot;:&quot;121213&quot;,&quot;userid&quot;:&quot;Q838nbz89Y6fI0Es1xd1&quot;,&quot;id&quot;:&quot;fH2vJldnZ1R8wButbCVg&quot;},{&quot;accountno&quot;:&quot;TA-1777777&quot;,&quot;departmentno&quot;:&quot;6&quot;,&quot;salary&quot;:&quot;1212&quot;,&quot;pincode&quot;:&quot;121213&quot;,&quot;userid&quot;:&quot;Q838nbz89Y6fI0Es1xd1&quot;,&quot;id&quot;:&quot;YIAlDHWYbo18eOGHIUxy&quot;},{&quot;accountno&quot;:&quot;AB-4565999&quot;,&quot;departmentno&quot;:&quot;5&quot;,&quot;salary&quot;:&quot;46656&quot;,&quot;pincode&quot;:&quot;454734&quot;,&quot;userid&quot;:&quot;pbGSCceO3YK5zI6QgXTN&quot;,&quot;id&quot;:&quot;Q3LBLmfrQO0I0sFAJTXv&quot;},{&quot;accountno&quot;:&quot;TA-ratnakr&quot;,&quot;departmentno&quot;:&quot;3&quot;,&quot;salary&quot;:&quot;2000&quot;,&quot;pincode&quot;:&quot;945888&quot;,&quot;userid&quot;:&quot;Qd2hw3MawHGfM9jvrUJJ&quot;,&quot;id&quot;:&quot;MotaKC75nJVXRR6nqzEj&quot;},{&quot;accountno&quot;:&quot;TA-ratnakr&quot;,&quot;departmentno&quot;:&quot;3&quot;,&quot;salary&quot;:&quot;2000&quot;,&quot;pincode&quot;:&quot;945888&quot;,&quot;userid&quot;:&quot;Qd2hw3MawHGfM9jvrUJJ&quot;,&quot;id&quot;:&quot;Kasrne53Ko24UVd4l1bG&quot;},{&quot;accountno&quot;:&quot;TA-ratnakr&quot;,&quot;departmentno&quot;:&quot;3&quot;,&quot;salary&quot;:&quot;2000&quot;,&quot;pincode&quot;:&quot;945888&quot;,&quot;userid&quot;:&quot;Qd2hw3MawHGfM9jvrUJJ&quot;,&quot;id&quot;:&quot;YS5SfG6yLEWz03fukbpL&quot;},{&quot;accountno&quot;:&quot;TA-1212121&quot;,&quot;departmentno&quot;:&quot;2&quot;,&quot;salary&quot;:&quot;2000&quot;,&quot;pincode&quot;:&quot;123456&quot;,&quot;userid&quot;:&quot;gCjQfhtZVJbhuZ6X7VgG&quot;,&quot;id&quot;:&quot;9sBJ8Yo4jHdW1zfVEkUa&quot;},{&quot;accountno&quot;:&quot;PG-888888&quot;,&quot;departmentno&quot;:&quot;8888&quot;,&quot;salary&quot;:&quot;888&quot;,&quot;pincode&quot;:&quot;88888&quot;,&quot;userid&quot;:&quot;uoS10JM6F4pybIMNlkEj&quot;,&quot;id&quot;:&quot;0Kv05J1U4lMs8W8rLKSQ&quot;},{&quot;accountno&quot;:&quot;TA-1212121&quot;,&quot;departmentno&quot;:&quot;2&quot;,&quot;salary&quot;:&quot;2000&quot;,&quot;pincode&quot;:&quot;123456&quot;,&quot;userid&quot;:&quot;gCjQfhtZVJbhuZ6X7VgG&quot;,&quot;id&quot;:&quot;E1nCezt95LCxIkOKgLwq&quot;},{&quot;accountno&quot;:&quot;TA-1231234&quot;,&quot;departmentno&quot;:&quot;1&quot;,&quot;salary&quot;:&quot;2&quot;,&quot;pincode&quot;:&quot;123456&quot;,&quot;userid&quot;:&quot;gCjQfhtZVJbhuZ6X7VgG&quot;,&quot;id&quot;:&quot;c5x925MKYWAx45ndfOa8&quot;},{&quot;accountno&quot;:&quot;TA-1231234&quot;,&quot;departmentno&quot;:&quot;1&quot;,&quot;salary&quot;:&quot;2&quot;,&quot;pincode&quot;:&quot;123456&quot;,&quot;userid&quot;:&quot;gCjQfhtZVJbhuZ6X7VgG&quot;,&quot;id&quot;:&quot;SfZHJs8CqaEYHry9AaHS&quot;},{&quot;accountno&quot;:&quot;TA-1231234&quot;,&quot;departmentno&quot;:&quot;1&quot;,&quot;salary&quot;:&quot;2&quot;,&quot;pincode&quot;:&quot;123456&quot;,&quot;userid&quot;:&quot;gCjQfhtZVJbhuZ6X7VgG&quot;,&quot;id&quot;:&quot;zZaBOzF5RANTebpI2cer&quot;},{&quot;accountno&quot;:&quot;TA-111111&quot;,&quot;departmentno&quot;:&quot;10&quot;,&quot;salary&quot;:&quot;12345&quot;,&quot;pincode&quot;:&quot;123456&quot;,&quot;userid&quot;:&quot;yj4lLufi6vTtJtT0MKL8&quot;,&quot;id&quot;:&quot;0woN2wNSLiNfNCKHTYvX&quot;},{&quot;accountno&quot;:&quot;TA-111111&quot;,&quot;departmentno&quot;:&quot;10&quot;,&quot;salary&quot;:&quot;12345&quot;,&quot;pincode&quot;:&quot;123456&quot;,&quot;userid&quot;:&quot;yj4lLufi6vTtJtT0MKL8&quot;,&quot;id&quot;:&quot;peDxaQpYsjW0GHE0xrZU&quot;},{&quot;accountno&quot;:&quot;TA-1777777&quot;,&quot;departmentno&quot;:&quot;6&quot;,&quot;salary&quot;:&quot;1212&quot;,&quot;pincode&quot;:&quot;121213&quot;,&quot;userid&quot;:&quot;Q838nbz89Y6fI0Es1xd1&quot;,&quot;id&quot;:&quot;9RUC5xaPKfHFjM7ydiQ9&quot;},{&quot;accountno&quot;:&quot;TA-1777777&quot;,&quot;departmentno&quot;:&quot;6&quot;,&quot;salary&quot;:&quot;1212&quot;,&quot;pincode&quot;:&quot;121213&quot;,&quot;userid&quot;:&quot;Q838nbz89Y6fI0Es1xd1&quot;,&quot;id&quot;:&quot;ms6mRFeXGgrNjXLSHcES&quot;},{&quot;accountno&quot;:&quot;TA-1777777&quot;,&quot;departmentno&quot;:&quot;6&quot;,&quot;salary&quot;:&quot;1212&quot;,&quot;pincode&quot;:&quot;121213&quot;,&quot;userid&quot;:&quot;Q838nbz89Y6fI0Es1xd1&quot;,&quot;id&quot;:&quot;wpoKANexW5tDZdSKtMpJ&quot;},{&quot;accountno&quot;:&quot;TA-1777777&quot;,&quot;departmentno&quot;:&quot;6&quot;,&quot;salary&quot;:&quot;1212&quot;,&quot;pincode&quot;:&quot;121213&quot;,&quot;userid&quot;:&quot;Q838nbz89Y6fI0Es1xd1&quot;,&quot;id&quot;:&quot;fjBCtHluMZmNfnTYcWlW&quot;},{&quot;accountno&quot;:&quot;BN-1234535&quot;,&quot;departmentno&quot;:&quot;7&quot;,&quot;salary&quot;:&quot;12190&quot;,&quot;pincode&quot;:&quot;123458&quot;,&quot;userid&quot;:&quot;wvTE1ZsqbgfOMtiFejpq&quot;,&quot;id&quot;:&quot;8MyLk1jUH5HQ34uTFBJp&quot;},{&quot;accountno&quot;:&quot;TA-1777777&quot;,&quot;departmentno&quot;:&quot;6&quot;,&quot;salary&quot;:&quot;1212&quot;,&quot;pincode&quot;:&quot;121213&quot;,&quot;userid&quot;:&quot;Q838nbz89Y6fI0Es1xd1&quot;,&quot;id&quot;:&quot;Ngy9tnzUPHCHCKGcuMs8&quot;},{&quot;accountno&quot;:&quot;TA-1777777&quot;,&quot;departmentno&quot;:&quot;6&quot;,&quot;salary&quot;:&quot;1212&quot;,&quot;pincode&quot;:&quot;121213&quot;,&quot;userid&quot;:&quot;Q838nbz89Y6fI0Es1xd1&quot;,&quot;id&quot;:&quot;sUlX9cALPJl4mG5as51H&quot;},{&quot;accountno&quot;:&quot;TA-1212121&quot;,&quot;departmentno&quot;:&quot;2&quot;,&quot;salary&quot;:&quot;2000&quot;,&quot;pincode&quot;:&quot;123456&quot;,&quot;userid&quot;:&quot;gCjQfhtZVJbhuZ6X7VgG&quot;,&quot;id&quot;:&quot;Eim0Bj2VtHak656UI5ja&quot;},{&quot;accountno&quot;:&quot;TA-1777777&quot;,&quot;departmentno&quot;:&quot;6&quot;,&quot;salary&quot;:&quot;1212&quot;,&quot;pincode&quot;:&quot;121213&quot;,&quot;userid&quot;:&quot;Q838nbz89Y6fI0Es1xd1&quot;,&quot;id&quot;:&quot;EY7OnURs4m4osqutEly0&quot;},{&quot;accountno&quot;:&quot;TA-1777777&quot;,&quot;departmentno&quot;:&quot;6&quot;,&quot;salary&quot;:&quot;1212&quot;,&quot;pincode&quot;:&quot;121213&quot;,&quot;userid&quot;:&quot;Q838nbz89Y6fI0Es1xd1&quot;,&quot;id&quot;:&quot;1WTjHvTDfcfJMnAvLvuH&quot;},{&quot;accountno&quot;:&quot;TA-1777777&quot;,&quot;departmentno&quot;:&quot;6&quot;,&quot;salary&quot;:&quot;1212&quot;,&quot;pincode&quot;:&quot;121213&quot;,&quot;userid&quot;:&quot;Q838nbz89Y6fI0Es1xd1&quot;,&quot;id&quot;:&quot;hqmjW1I8KvzFZzQ0QD3D&quot;},{&quot;accountno&quot;:&quot;AB-4565999&quot;,&quot;departmentno&quot;:&quot;5&quot;,&quot;salary&quot;:&quot;46656&quot;,&quot;pincode&quot;:&quot;454734&quot;,&quot;userid&quot;:&quot;pbGSCceO3YK5zI6QgXTN&quot;,&quot;id&quot;:&quot;fRwp8XWLPl2vUYGaizE4&quot;},{&quot;accountno&quot;:&quot;TA-1777777&quot;,&quot;departmentno&quot;:&quot;6&quot;,&quot;salary&quot;:&quot;1212&quot;,&quot;pincode&quot;:&quot;121213&quot;,&quot;userid&quot;:&quot;Q838nbz89Y6fI0Es1xd1&quot;,&quot;id&quot;:&quot;D0WFxZyIRmJB0XQz7fg1&quot;},{&quot;accountno&quot;:&quot;PG-888888&quot;,&quot;departmentno&quot;:&quot;8888&quot;,&quot;salary&quot;:&quot;888&quot;,&quot;pincode&quot;:&quot;88888&quot;,&quot;userid&quot;:&quot;uoS10JM6F4pybIMNlkEj&quot;,&quot;id&quot;:&quot;lhrRJkVwrRx8pY1IDB9i&quot;},{&quot;accountno&quot;:&quot;TA-1777777&quot;,&quot;departmentno&quot;:&quot;6&quot;,&quot;salary&quot;:&quot;1212&quot;,&quot;pincode&quot;:&quot;121213&quot;,&quot;userid&quot;:&quot;Q838nbz89Y6fI0Es1xd1&quot;,&quot;id&quot;:&quot;FQRMn8hroW3D60sZG85L&quot;},{&quot;accountno&quot;:&quot;PG-888888&quot;,&quot;departmentno&quot;:&quot;8888&quot;,&quot;salary&quot;:&quot;888&quot;,&quot;pincode&quot;:&quot;88888&quot;,&quot;userid&quot;:&quot;uoS10JM6F4pybIMNlkEj&quot;,&quot;id&quot;:&quot;Wdmp1nTbYeIfwaw3Z78W&quot;},{&quot;accountno&quot;:&quot;TA-1777777&quot;,&quot;departmentno&quot;:&quot;6&quot;,&quot;salary&quot;:&quot;1212&quot;,&quot;pincode&quot;:&quot;121213&quot;,&quot;userid&quot;:&quot;Q838nbz89Y6fI0Es1xd1&quot;,&quot;id&quot;:&quot;OZggbR3Kci7fHDDtNyJk&quot;},{&quot;accountno&quot;:&quot;KM-123456&quot;,&quot;departmentno&quot;:&quot;5&quot;,&quot;salary&quot;:&quot;6666&quot;,&quot;pincode&quot;:&quot;345231&quot;,&quot;userid&quot;:&quot;ZxNRcGXBjrBzO5sSXoZw&quot;,&quot;id&quot;:&quot;Oq2utXO1mo2L9sS0HaeO&quot;},{&quot;accountno&quot;:&quot;TA-1777777&quot;,&quot;departmentno&quot;:&quot;6&quot;,&quot;salary&quot;:&quot;1212&quot;,&quot;pincode&quot;:&quot;121213&quot;,&quot;userid&quot;:&quot;Q838nbz89Y6fI0Es1xd1&quot;,&quot;id&quot;:&quot;R4X7ARTQuyEMqzVmIgn5&quot;},{&quot;accountno&quot;:&quot;Nora&quot;,&quot;departmentno&quot;:&quot;4&quot;,&quot;salary&quot;:&quot;2322&quot;,&quot;pincode&quot;:&quot;647837&quot;,&quot;userid&quot;:&quot;4yFTZrJvMNYNnOGWLX08&quot;,&quot;id&quot;:&quot;bZm28uV9AMFnU8q0cg1l&quot;},{&quot;accountno&quot;:&quot;TA-liz&quot;,&quot;departmentno&quot;:&quot;5&quot;,&quot;salary&quot;:&quot;11000&quot;,&quot;pincode&quot;:&quot;359667&quot;,&quot;userid&quot;:&quot;4yFTZrJvMNYNnOGWLX08&quot;,&quot;id&quot;:&quot;d0tThha0DjzeMBG3IR0g&quot;},{&quot;accountno&quot;:&quot;Nora&quot;,&quot;departmentno&quot;:&quot;4&quot;,&quot;salary&quot;:&quot;2322&quot;,&quot;pincode&quot;:&quot;647837&quot;,&quot;userid&quot;:&quot;4yFTZrJvMNYNnOGWLX08&quot;,&quot;id&quot;:&quot;090XMHCWomh7IyTsXMjL&quot;},{&quot;accountno&quot;:&quot;TA-liz&quot;,&quot;departmentno&quot;:&quot;5&quot;,&quot;salary&quot;:&quot;11000&quot;,&quot;pincode&quot;:&quot;359667&quot;,&quot;userid&quot;:&quot;4yFTZrJvMNYNnOGWLX08&quot;,&quot;id&quot;:&quot;39KAksmUQqwWbWaRgCUi&quot;},{&quot;accountno&quot;:&quot;TA-1777777&quot;,&quot;departmentno&quot;:&quot;6&quot;,&quot;salary&quot;:&quot;1212&quot;,&quot;pincode&quot;:&quot;121213&quot;,&quot;userid&quot;:&quot;Q838nbz89Y6fI0Es1xd1&quot;,&quot;id&quot;:&quot;3gdXFosfTovJx2n7W9al&quot;},{&quot;accountno&quot;:&quot;TA-1777777&quot;,&quot;departmentno&quot;:&quot;6&quot;,&quot;salary&quot;:&quot;1212&quot;,&quot;pincode&quot;:&quot;121213&quot;,&quot;userid&quot;:&quot;Q838nbz89Y6fI0Es1xd1&quot;,&quot;id&quot;:&quot;p3QNAP22aAlWfW13XpBY&quot;},{&quot;accountno&quot;:&quot;TA-1777777&quot;,&quot;departmentno&quot;:&quot;6&quot;,&quot;salary&quot;:&quot;1212&quot;,&quot;pincode&quot;:&quot;121213&quot;,&quot;userid&quot;:&quot;Q838nbz89Y6fI0Es1xd1&quot;,&quot;id&quot;:&quot;8xYFAL2iQX0frsukigZN&quot;},{&quot;accountno&quot;:&quot;PD-888888&quot;,&quot;departmentno&quot;:&quot;888888&quot;,&quot;salary&quot;:&quot;8888&quot;,&quot;pincode&quot;:&quot;585858&quot;,&quot;userid&quot;:&quot;uoS10JM6F4pybIMNlkEj&quot;,&quot;id&quot;:&quot;BYvcINLJUAvtpvm2ZhuZ&quot;},{&quot;accountno&quot;:&quot;TA-1777777&quot;,&quot;departmentno&quot;:&quot;6&quot;,&quot;salary&quot;:&quot;1212&quot;,&quot;pincode&quot;:&quot;121213&quot;,&quot;userid&quot;:&quot;Q838nbz89Y6fI0Es1xd1&quot;,&quot;id&quot;:&quot;G5ScVFUYkSsrNY1oHfoC&quot;},{&quot;accountno&quot;:&quot;BN-1234535&quot;,&quot;departmentno&quot;:&quot;7&quot;,&quot;salary&quot;:&quot;12190&quot;,&quot;pincode&quot;:&quot;123458&quot;,&quot;userid&quot;:&quot;wvTE1ZsqbgfOMtiFejpq&quot;,&quot;id&quot;:&quot;pSV0v6hsxl3xrc24ZkRJ&quot;},{&quot;accountno&quot;:&quot;4658&quot;,&quot;departmentno&quot;:&quot;4&quot;,&quot;salary&quot;:&quot;4&quot;,&quot;pincode&quot;:&quot;677854&quot;,&quot;userid&quot;:&quot;uoS10JM6F4pybIMNlkEj&quot;,&quot;id&quot;:&quot;kmsRSPQImzvevUcwMs4Q&quot;},{&quot;accountno&quot;:&quot;TA-1212121&quot;,&quot;departmentno&quot;:&quot;2&quot;,&quot;salary&quot;:&quot;2000&quot;,&quot;pincode&quot;:&quot;123456&quot;,&quot;userid&quot;:&quot;gCjQfhtZVJbhuZ6X7VgG&quot;,&quot;id&quot;:&quot;zVls21fdlNnWXT0rpcIB&quot;},{&quot;accountno&quot;:&quot;TA-1212121&quot;,&quot;departmentno&quot;:&quot;2&quot;,&quot;salary&quot;:&quot;2000&quot;,&quot;pincode&quot;:&quot;123456&quot;,&quot;userid&quot;:&quot;gCjQfhtZVJbhuZ6X7VgG&quot;,&quot;id&quot;:&quot;J6xI3yEgm0xpcXljOKXe&quot;},{&quot;accountno&quot;:&quot;TA-1777777&quot;,&quot;departmentno&quot;:&quot;6&quot;,&quot;salary&quot;:&quot;1212&quot;,&quot;pincode&quot;:&quot;121213&quot;,&quot;userid&quot;:&quot;Q838nbz89Y6fI0Es1xd1&quot;,&quot;id&quot;:&quot;36EgXQpgm6Wlj7LuKZAH&quot;},{&quot;accountno&quot;:&quot;TA-5555555&quot;,&quot;departmentno&quot;:&quot;5&quot;,&quot;salary&quot;:&quot;500&quot;,&quot;pincode&quot;:&quot;598555&quot;,&quot;userid&quot;:&quot;uoS10JM6F4pybIMNlkEj&quot;,&quot;id&quot;:&quot;oW48PUWt2Wt4WTe4gOBa&quot;},{&quot;accountno&quot;:&quot;TA-1777777&quot;,&quot;departmentno&quot;:&quot;6&quot;,&quot;salary&quot;:&quot;1212&quot;,&quot;pincode&quot;:&quot;121213&quot;,&quot;userid&quot;:&quot;Q838nbz89Y6fI0Es1xd1&quot;,&quot;id&quot;:&quot;hb5u0Ri51srCWlAuCmHH&quot;},{&quot;accountno&quot;:&quot;TA-1212020&quot;,&quot;departmentno&quot;:&quot;1&quot;,&quot;salary&quot;:&quot; &quot;,&quot;pincode&quot;:&quot;2&quot;,&quot;userid&quot;:&quot;oqMOSzlPA8WB6RX8Gw2Z&quot;,&quot;id&quot;:&quot;kI20vgu2rLoVgh9ufQro&quot;},{&quot;accountno&quot;:&quot;TA-000000&quot;,&quot;departmentno&quot;:&quot;1&quot;,&quot;salary&quot;:&quot;1000&quot;,&quot;pincode&quot;:&quot;222222&quot;,&quot;userid&quot;:&quot;oqMOSzlPA8WB6RX8Gw2Z&quot;,&quot;id&quot;:&quot;VWD4KpAgTh25mYmyhODc&quot;},{&quot;accountno&quot;:&quot;TA-1233324&quot;,&quot;departmentno&quot;:&quot;1&quot;,&quot;salary&quot;:&quot;&quot;,&quot;pincode&quot;:&quot;222222&quot;,&quot;userid&quot;:&quot;oqMOSzlPA8WB6RX8Gw2Z&quot;,&quot;id&quot;:&quot;4q20doVZlVMzJ7h9ewP7&quot;},{&quot;accountno&quot;:&quot;TA-1233324&quot;,&quot;departmentno&quot;:&quot;1&quot;,&quot;salary&quot;:&quot;1000&quot;,&quot;pincode&quot;:&quot;222222&quot;,&quot;userid&quot;:&quot;oqMOSzlPA8WB6RX8Gw2Z&quot;,&quot;id&quot;:&quot;CctMI5A32Z5phBgLbC8X&quot;},{&quot;accountno&quot;:&quot;TA-111111&quot;,&quot;departmentno&quot;:&quot;u&quot;,&quot;salary&quot;:&quot;1000&quot;,&quot;pincode&quot;:&quot;1&quot;,&quot;userid&quot;:&quot;oqMOSzlPA8WB6RX8Gw2Z&quot;,&quot;id&quot;:&quot;9Xt1gpZJXSh83PEFPyNv&quot;},{&quot;accountno&quot;:&quot;TA-111111&quot;,&quot;departmentno&quot;:&quot;u&quot;,&quot;salary&quot;:&quot;1000&quot;,&quot;pincode&quot;:&quot;222222&quot;,&quot;userid&quot;:&quot;oqMOSzlPA8WB6RX8Gw2Z&quot;,&quot;id&quot;:&quot;ZkQA5mFLWEMRx7eaNl1K&quot;},{&quot;accountno&quot;:&quot;TA-111&quot;,&quot;departmentno&quot;:&quot;1&quot;,&quot;salary&quot;:&quot;1000&quot;,&quot;pincode&quot;:&quot;222222&quot;,&quot;userid&quot;:&quot;oqMOSzlPA8WB6RX8Gw2Z&quot;,&quot;id&quot;:&quot;99gHEOz8WrNPtnQOBXUu&quot;},{&quot;accountno&quot;:&quot;TA-1232324&quot;,&quot;departmentno&quot;:&quot;1&quot;,&quot;salary&quot;:&quot;1000&quot;,&quot;pincode&quot;:&quot;222222&quot;,&quot;userid&quot;:&quot;oqMOSzlPA8WB6RX8Gw2Z&quot;,&quot;id&quot;:&quot;1eQj243GDgyJsgvcKb64&quot;},{&quot;accountno&quot;:&quot;TA-1777777&quot;,&quot;departmentno&quot;:&quot;6&quot;,&quot;salary&quot;:&quot;1212&quot;,&quot;pincode&quot;:&quot;121213&quot;,&quot;userid&quot;:&quot;Q838nbz89Y6fI0Es1xd1&quot;,&quot;id&quot;:&quot;5Rf7xojQNA7FnpV5N0gI&quot;},{&quot;accountno&quot;:&quot;TA-1233324&quot;,&quot;departmentno&quot;:&quot;1&quot;,&quot;salary&quot;:&quot;1000&quot;,&quot;pincode&quot;:&quot;222222&quot;,&quot;userid&quot;:&quot;oqMOSzlPA8WB6RX8Gw2Z&quot;,&quot;id&quot;:&quot;lvFbLraJcGG7kPJVCJCV&quot;},{&quot;accountno&quot;:&quot;TA-5555555&quot;,&quot;departmentno&quot;:&quot;5&quot;,&quot;salary&quot;:&quot;500&quot;,&quot;pincode&quot;:&quot;598555&quot;,&quot;userid&quot;:&quot;uoS10JM6F4pybIMNlkEj&quot;,&quot;id&quot;:&quot;unEUncWqVf8Jes0BaSWV&quot;},{&quot;accountno&quot;:&quot;TA-1777777&quot;,&quot;departmentno&quot;:&quot;6&quot;,&quot;salary&quot;:&quot;1212&quot;,&quot;pincode&quot;:&quot;121213&quot;,&quot;userid&quot;:&quot;Q838nbz89Y6fI0Es1xd1&quot;,&quot;id&quot;:&quot;iz51PMnk5njkwTGba8mf&quot;},{&quot;accountno&quot;:&quot;TA-1777777&quot;,&quot;departmentno&quot;:&quot;6&quot;,&quot;salary&quot;:&quot;1212&quot;,&quot;pincode&quot;:&quot;121213&quot;,&quot;userid&quot;:&quot;Q838nbz89Y6fI0Es1xd1&quot;,&quot;id&quot;:&quot;lSV7mJR5aakiXLoBXDke&quot;},{&quot;accountno&quot;:&quot;TA-1777777&quot;,&quot;departmentno&quot;:&quot;6&quot;,&quot;salary&quot;:&quot;1212&quot;,&quot;pincode&quot;:&quot;121213&quot;,&quot;userid&quot;:&quot;Q838nbz89Y6fI0Es1xd1&quot;,&quot;id&quot;:&quot;aMY6YJg5Ay5IhezaYZYP&quot;},{&quot;accountno&quot;:&quot;TA-1777777&quot;,&quot;departmentno&quot;:&quot;6&quot;,&quot;salary&quot;:&quot;1212&quot;,&quot;pincode&quot;:&quot;121213&quot;,&quot;userid&quot;:&quot;Q838nbz89Y6fI0Es1xd1&quot;,&quot;id&quot;:&quot;4zZBc0tIP6B581afLGPE&quot;},{&quot;accountno&quot;:&quot;TA-1234565&quot;,&quot;departmentno&quot;:&quot;4&quot;,&quot;salary&quot;:&quot;2344&quot;,&quot;pincode&quot;:&quot;567890&quot;,&quot;userid&quot;:&quot;PdA0aL70CLvbT74ZYZT7&quot;,&quot;id&quot;:&quot;8x1M8IktnVtPlQeB7SvA&quot;},{&quot;accountno&quot;:&quot;TA-1234565&quot;,&quot;departmentno&quot;:&quot;4&quot;,&quot;salary&quot;:&quot;2344&quot;,&quot;pincode&quot;:&quot;567890&quot;,&quot;userid&quot;:&quot;PdA0aL70CLvbT74ZYZT7&quot;,&quot;id&quot;:&quot;GybAO7ul8nGqRUZvBvEd&quot;},{&quot;accountno&quot;:&quot;TA-1777777&quot;,&quot;departmentno&quot;:&quot;6&quot;,&quot;salary&quot;:&quot;1212&quot;,&quot;pincode&quot;:&quot;121213&quot;,&quot;userid&quot;:&quot;Q838nbz89Y6fI0Es1xd1&quot;,&quot;id&quot;:&quot;6sBceEGwoYpMtQOGNsHM&quot;},{&quot;accountno&quot;:&quot;TA-1777777&quot;,&quot;departmentno&quot;:&quot;6&quot;,&quot;salary&quot;:&quot;1212&quot;,&quot;pincode&quot;:&quot;121213&quot;,&quot;userid&quot;:&quot;Q838nbz89Y6fI0Es1xd1&quot;,&quot;id&quot;:&quot;cUfrIs6bQZOn4VLG68Un&quot;},{&quot;accountno&quot;:&quot;KM-123456&quot;,&quot;departmentno&quot;:&quot;5&quot;,&quot;salary&quot;:&quot;6666&quot;,&quot;pincode&quot;:&quot;345231&quot;,&quot;userid&quot;:&quot;ZxNRcGXBjrBzO5sSXoZw&quot;,&quot;id&quot;:&quot;Avd4IBObYVXVvU8BK4c3&quot;},{&quot;accountno&quot;:&quot;KM-123456&quot;,&quot;departmentno&quot;:&quot;5&quot;,&quot;salary&quot;:&quot;4444&quot;,&quot;pincode&quot;:&quot;345231&quot;,&quot;userid&quot;:&quot;ZxNRcGXBjrBzO5sSXoZw&quot;,&quot;id&quot;:&quot;sQumULv4fHwaMVNo0wxJ&quot;},{&quot;accountno&quot;:&quot;TA-1777777&quot;,&quot;departmentno&quot;:&quot;6&quot;,&quot;salary&quot;:&quot;1212&quot;,&quot;pincode&quot;:&quot;121213&quot;,&quot;userid&quot;:&quot;Q838nbz89Y6fI0Es1xd1&quot;,&quot;id&quot;:&quot;fZQJO8cbN5gX2pxUAMWX&quot;},{&quot;accountno&quot;:&quot;KM-123456&quot;,&quot;departmentno&quot;:&quot;1&quot;,&quot;salary&quot;:&quot;6666&quot;,&quot;pincode&quot;:&quot;345231&quot;,&quot;userid&quot;:&quot;ZxNRcGXBjrBzO5sSXoZw&quot;,&quot;id&quot;:&quot;y92FiRuS80BzbLaDIEsq&quot;},{&quot;accountno&quot;:&quot;KM-123456&quot;,&quot;departmentno&quot;:&quot;1&quot;,&quot;salary&quot;:&quot;6666&quot;,&quot;pincode&quot;:&quot;345231&quot;,&quot;userid&quot;:&quot;yj4lLufi6vTtJtT0MKL8&quot;,&quot;id&quot;:&quot;gOgeZTl1C7jeDZH0jPcu&quot;},{&quot;accountno&quot;:&quot;KM-123456&quot;,&quot;departmentno&quot;:&quot;5&quot;,&quot;salary&quot;:&quot;4444&quot;,&quot;pincode&quot;:&quot;345231&quot;,&quot;userid&quot;:&quot;yj4lLufi6vTtJtT0MKL8&quot;,&quot;id&quot;:&quot;Yux8KfCqH0ZF7lN6ljcW&quot;},{&quot;accountno&quot;:&quot;TA-3333333&quot;,&quot;departmentno&quot;:&quot;5&quot;,&quot;salary&quot;:&quot;4567&quot;,&quot;pincode&quot;:&quot;567324&quot;,&quot;userid&quot;:&quot;Qd2hw3MawHGfM9jvrUJJ&quot;,&quot;id&quot;:&quot;cUz1MtElN4ka15mtGXbo&quot;},{&quot;accountno&quot;:&quot;TA-3333333&quot;,&quot;departmentno&quot;:&quot;5&quot;,&quot;salary&quot;:&quot;4567&quot;,&quot;pincode&quot;:&quot;567324&quot;,&quot;userid&quot;:&quot;Qd2hw3MawHGfM9jvrUJJ&quot;,&quot;id&quot;:&quot;d9zGL0qvBgSUtsSN0WlA&quot;},{&quot;accountno&quot;:&quot;TA-3333333&quot;,&quot;departmentno&quot;:&quot;5&quot;,&quot;salary&quot;:&quot;4567&quot;,&quot;pincode&quot;:&quot;567324&quot;,&quot;userid&quot;:&quot;Qd2hw3MawHGfM9jvrUJJ&quot;,&quot;id&quot;:&quot;gDWMZj02hgqJCsEThdpK&quot;},{&quot;accountno&quot;:&quot;TA-3333333&quot;,&quot;departmentno&quot;:&quot;5&quot;,&quot;salary&quot;:&quot;4567&quot;,&quot;pincode&quot;:&quot;567324&quot;,&quot;userid&quot;:&quot;Qd2hw3MawHGfM9jvrUJJ&quot;,&quot;id&quot;:&quot;ojemuljcp0YlKpwxQSmW&quot;},{&quot;accountno&quot;:&quot;TA-3333333&quot;,&quot;departmentno&quot;:&quot;5&quot;,&quot;salary&quot;:&quot;4567&quot;,&quot;pincode&quot;:&quot;567324&quot;,&quot;userid&quot;:&quot;Qd2hw3MawHGfM9jvrUJJ&quot;,&quot;id&quot;:&quot;QalWgeVjW51TvKkDxF95&quot;},{&quot;accountno&quot;:&quot;TA-3333333&quot;,&quot;departmentno&quot;:&quot;5&quot;,&quot;salary&quot;:&quot;4567&quot;,&quot;pincode&quot;:&quot;567324&quot;,&quot;userid&quot;:&quot;Qd2hw3MawHGfM9jvrUJJ&quot;,&quot;id&quot;:&quot;yoZrbTk42po6ErcNItlD&quot;},{&quot;accountno&quot;:&quot;TA-ratnakb&quot;,&quot;departmentno&quot;:&quot;3&quot;,&quot;salary&quot;:&quot;5675&quot;,&quot;pincode&quot;:&quot;945888&quot;,&quot;userid&quot;:&quot;Qd2hw3MawHGfM9jvrUJJ&quot;,&quot;id&quot;:&quot;QoXM1UplYNrqRbjQT1Jj&quot;},{&quot;accountno&quot;:&quot;TA-ratnakb&quot;,&quot;departmentno&quot;:&quot;3&quot;,&quot;salary&quot;:&quot;5675&quot;,&quot;pincode&quot;:&quot;567788&quot;,&quot;userid&quot;:&quot;Qd2hw3MawHGfM9jvrUJJ&quot;,&quot;id&quot;:&quot;TObGORueBMHb50z8Ni7V&quot;},{&quot;accountno&quot;:&quot;TA-ratnakz&quot;,&quot;departmentno&quot;:&quot;3&quot;,&quot;salary&quot;:&quot;5675&quot;,&quot;pincode&quot;:&quot;945888&quot;,&quot;userid&quot;:&quot;Qd2hw3MawHGfM9jvrUJJ&quot;,&quot;id&quot;:&quot;JeqpcAWcc4GOUZaH5zTZ&quot;},{&quot;accountno&quot;:&quot;TA-ratnakz&quot;,&quot;departmentno&quot;:&quot;3&quot;,&quot;salary&quot;:&quot;5675&quot;,&quot;pincode&quot;:&quot;567788&quot;,&quot;userid&quot;:&quot;Qd2hw3MawHGfM9jvrUJJ&quot;,&quot;id&quot;:&quot;ETxrEeUBXLg5iB03oJv5&quot;},{&quot;accountno&quot;:&quot;TA-ratnakx&quot;,&quot;departmentno&quot;:&quot;3&quot;,&quot;salary&quot;:&quot;5675&quot;,&quot;pincode&quot;:&quot;567788&quot;,&quot;userid&quot;:&quot;Qd2hw3MawHGfM9jvrUJJ&quot;,&quot;id&quot;:&quot;w8ABv9Jsp2pymdsCXnu4&quot;},{&quot;accountno&quot;:&quot;TA-ratnakl&quot;,&quot;departmentno&quot;:&quot;3&quot;,&quot;salary&quot;:&quot;5675&quot;,&quot;pincode&quot;:&quot;567788&quot;,&quot;userid&quot;:&quot;Qd2hw3MawHGfM9jvrUJJ&quot;,&quot;id&quot;:&quot;vTXWkYy1zYbqEz7LiS9V&quot;},{&quot;accountno&quot;:&quot;TA-1777777&quot;,&quot;departmentno&quot;:&quot;6&quot;,&quot;salary&quot;:&quot;1212&quot;,&quot;pincode&quot;:&quot;121213&quot;,&quot;userid&quot;:&quot;Q838nbz89Y6fI0Es1xd1&quot;,&quot;id&quot;:&quot;OnbFdXKVXMLUqtf21BfN&quot;},{&quot;accountno&quot;:&quot;468888&quot;,&quot;departmentno&quot;:&quot;4&quot;,&quot;salary&quot;:&quot;4&quot;,&quot;pincode&quot;:&quot;67785&quot;,&quot;userid&quot;:&quot;Qd2hw3MawHGfM9jvrUJJ&quot;,&quot;id&quot;:&quot;Rlw6JESvRkZyRbuaHdub&quot;},{&quot;accountno&quot;:&quot;TA-12345677&quot;,&quot;departmentno&quot;:&quot;1&quot;,&quot;salary&quot;:&quot;77&quot;,&quot;pincode&quot;:&quot;333333&quot;,&quot;userid&quot;:&quot;DGW1ho638WUDpYOVLzH0&quot;,&quot;id&quot;:&quot;o5LSwEAmPiSYzFGy5gck&quot;},{&quot;accountno&quot;:&quot;4658&quot;,&quot;departmentno&quot;:&quot;4&quot;,&quot;salary&quot;:&quot;4&quot;,&quot;pincode&quot;:&quot;67785&quot;,&quot;userid&quot;:&quot;Qd2hw3MawHGfM9jvrUJJ&quot;,&quot;id&quot;:&quot;nALALqPKywotlF2nJuWj&quot;},{&quot;accountno&quot;:&quot;4658&quot;,&quot;departmentno&quot;:&quot;4&quot;,&quot;salary&quot;:&quot;4&quot;,&quot;pincode&quot;:&quot;67785&quot;,&quot;userid&quot;:&quot;Qd2hw3MawHGfM9jvrUJJ&quot;,&quot;id&quot;:&quot;JPJDH4i4bxJt67ZAPUXo&quot;},{&quot;accountno&quot;:&quot;TA-ratnaku&quot;,&quot;departmentno&quot;:&quot;3&quot;,&quot;salary&quot;:&quot;2000&quot;,&quot;pincode&quot;:&quot;945888&quot;,&quot;userid&quot;:&quot;Qd2hw3MawHGfM9jvrUJJ&quot;,&quot;id&quot;:&quot;L7fAy6GFpitxM7DsxpfE&quot;},{&quot;accountno&quot;:&quot;&quot;,&quot;departmentno&quot;:&quot;&quot;,&quot;salary&quot;:&quot;&quot;,&quot;pincode&quot;:&quot;&quot;,&quot;userid&quot;:&quot;Qd2hw3MawHGfM9jvrUJJ&quot;,&quot;id&quot;:&quot;agzMm9r18IYrEd3HfURV&quot;},{&quot;accountno&quot;:&quot;TA-ratnakr&quot;,&quot;departmentno&quot;:&quot;3&quot;,&quot;salary&quot;:&quot;2000&quot;,&quot;pincode&quot;:&quot;945888&quot;,&quot;userid&quot;:&quot;Qd2hw3MawHGfM9jvrUJJ&quot;,&quot;id&quot;:&quot;5fQuq6OaW8iMyNSFKgV1&quot;},{&quot;accountno&quot;:&quot;TA-ratnakr&quot;,&quot;departmentno&quot;:&quot;3&quot;,&quot;salary&quot;:&quot;2000&quot;,&quot;pincode&quot;:&quot;945888&quot;,&quot;userid&quot;:&quot;Qd2hw3MawHGfM9jvrUJJ&quot;,&quot;id&quot;:&quot;Tc5CU1ASw9jNQ8ljK2Jm&quot;},{&quot;accountno&quot;:&quot;TA-ratnakr&quot;,&quot;departmentno&quot;:&quot;3&quot;,&quot;salary&quot;:&quot;2000&quot;,&quot;pincode&quot;:&quot;945888&quot;,&quot;userid&quot;:&quot;Qd2hw3MawHGfM9jvrUJJ&quot;,&quot;id&quot;:&quot;Y5YH1HI98AlI3L8RbQQL&quot;},{&quot;accountno&quot;:&quot;BN-1234535&quot;,&quot;departmentno&quot;:&quot;7&quot;,&quot;salary&quot;:&quot;12190&quot;,&quot;pincode&quot;:&quot;123458&quot;,&quot;userid&quot;:&quot;wvTE1ZsqbgfOMtiFejpq&quot;,&quot;id&quot;:&quot;TxCXyKFGsAdjvRjKJLZG&quot;},{&quot;accountno&quot;:&quot;TA-1777777&quot;,&quot;departmentno&quot;:&quot;6&quot;,&quot;salary&quot;:&quot;1212&quot;,&quot;pincode&quot;:&quot;121213&quot;,&quot;userid&quot;:&quot;Q838nbz89Y6fI0Es1xd1&quot;,&quot;id&quot;:&quot;r6hutxoRdWdWxKYZCxyx&quot;},{&quot;accountno&quot;:&quot;TA-ratnakr&quot;,&quot;departmentno&quot;:&quot;3&quot;,&quot;salary&quot;:&quot;2000&quot;,&quot;pincode&quot;:&quot;945888&quot;,&quot;userid&quot;:&quot;Qd2hw3MawHGfM9jvrUJJ&quot;,&quot;id&quot;:&quot;QCt8rjJSqk3IeHgdBGKM&quot;},{&quot;accountno&quot;:&quot;TA-ratnakr&quot;,&quot;departmentno&quot;:&quot;3&quot;,&quot;salary&quot;:&quot;2000&quot;,&quot;pincode&quot;:&quot;945888&quot;,&quot;userid&quot;:&quot;Qd2hw3MawHGfM9jvrUJJ&quot;,&quot;id&quot;:&quot;iOZooDuPAFFpDpYFg6Wt&quot;},{&quot;accountno&quot;:&quot;TA-ratnakr&quot;,&quot;departmentno&quot;:&quot;3&quot;,&quot;salary&quot;:&quot;2000&quot;,&quot;pincode&quot;:&quot;945888&quot;,&quot;userid&quot;:&quot;Qd2hw3MawHGfM9jvrUJJ&quot;,&quot;id&quot;:&quot;NBlsqZhLIUxqCOYaqEDN&quot;},{&quot;accountno&quot;:&quot;TA-ratnakr&quot;,&quot;departmentno&quot;:&quot;3&quot;,&quot;salary&quot;:&quot;2000&quot;,&quot;pincode&quot;:&quot;945888&quot;,&quot;userid&quot;:&quot;Qd2hw3MawHGfM9jvrUJJ&quot;,&quot;id&quot;:&quot;uGnUN0tnW3wYCjXxgfbM&quot;},{&quot;accountno&quot;:&quot;TA-ratnakr&quot;,&quot;departmentno&quot;:&quot;3&quot;,&quot;salary&quot;:&quot;2000&quot;,&quot;pincode&quot;:&quot;945888&quot;,&quot;userid&quot;:&quot;Qd2hw3MawHGfM9jvrUJJ&quot;,&quot;id&quot;:&quot;Z68ITgJXiKxLlm9z4dbp&quot;},{&quot;accountno&quot;:&quot;TA-ratnakr&quot;,&quot;departmentno&quot;:&quot;3&quot;,&quot;salary&quot;:&quot;2000&quot;,&quot;pincode&quot;:&quot;945888&quot;,&quot;userid&quot;:&quot;Qd2hw3MawHGfM9jvrUJJ&quot;,&quot;id&quot;:&quot;p1Oa0x4NV5sQC6CWSZ5t&quot;},{&quot;accountno&quot;:&quot;KM-345267&quot;,&quot;departmentno&quot;:&quot;2&quot;,&quot;salary&quot;:&quot;111&quot;,&quot;pincode&quot;:&quot;345231&quot;,&quot;userid&quot;:&quot;ZxNRcGXBjrBzO5sSXoZw&quot;,&quot;id&quot;:&quot;f70tBr8yw9VTJSuwCRZv&quot;},{&quot;accountno&quot;:&quot;TA-1777777&quot;,&quot;departmentno&quot;:&quot;6&quot;,&quot;salary&quot;:&quot;1212&quot;,&quot;pincode&quot;:&quot;121213&quot;,&quot;userid&quot;:&quot;Q838nbz89Y6fI0Es1xd1&quot;,&quot;id&quot;:&quot;lS0zLf1NjcZlzmpMFUHS&quot;},{&quot;accountno&quot;:&quot;MB-120056&quot;,&quot;departmentno&quot;:&quot;1&quot;,&quot;salary&quot;:&quot;800&quot;,&quot;pincode&quot;:&quot;123445&quot;,&quot;userid&quot;:&quot;WdWhJxmQWT4uSoB2p48h&quot;,&quot;id&quot;:&quot;7wrSUlTBMnUzTreVrGVU&quot;},{&quot;accountno&quot;:&quot;MB-120056&quot;,&quot;departmentno&quot;:&quot;1&quot;,&quot;salary&quot;:&quot;800&quot;,&quot;pincode&quot;:&quot;123445&quot;,&quot;userid&quot;:&quot;WdWhJxmQWT4uSoB2p48h&quot;,&quot;id&quot;:&quot;56NcN9XHOV7iIqhYTEtq&quot;},{&quot;accountno&quot;:&quot;MB-120056&quot;,&quot;departmentno&quot;:&quot;1&quot;,&quot;salary&quot;:&quot;800&quot;,&quot;pincode&quot;:&quot;123445&quot;,&quot;userid&quot;:&quot;WdWhJxmQWT4uSoB2p48h&quot;,&quot;id&quot;:&quot;6mMXVrWhzuwSQmjelLbJ&quot;},{&quot;accountno&quot;:&quot;MB-120056&quot;,&quot;departmentno&quot;:&quot;1&quot;,&quot;salary&quot;:&quot;800&quot;,&quot;pincode&quot;:&quot;123445&quot;,&quot;userid&quot;:&quot;WdWhJxmQWT4uSoB2p48h&quot;,&quot;id&quot;:&quot;L9tVXFjG3itvED4oGvb8&quot;},{&quot;accountno&quot;:&quot;MB-120056&quot;,&quot;departmentno&quot;:&quot;1&quot;,&quot;salary&quot;:&quot;800&quot;,&quot;pincode&quot;:&quot;123445&quot;,&quot;userid&quot;:&quot;WdWhJxmQWT4uSoB2p48h&quot;,&quot;id&quot;:&quot;KIEvnZnML3it8rt44WzF&quot;},{&quot;accountno&quot;:&quot;TA-1777777&quot;,&quot;departmentno&quot;:&quot;6&quot;,&quot;salary&quot;:&quot;1212&quot;,&quot;pincode&quot;:&quot;121213&quot;,&quot;userid&quot;:&quot;Q838nbz89Y6fI0Es1xd1&quot;,&quot;id&quot;:&quot;1gL2loEqDoNsL8fSAibD&quot;},{&quot;accountno&quot;:&quot;TA-1212121&quot;,&quot;departmentno&quot;:&quot;2&quot;,&quot;salary&quot;:&quot;2000&quot;,&quot;pincode&quot;:&quot;123456&quot;,&quot;userid&quot;:&quot;yj4lLufi6vTtJtT0MKL8&quot;,&quot;id&quot;:&quot;GvCcGM1QM8wSiLLhLxwx&quot;},{&quot;accountno&quot;:&quot;TA-1212121&quot;,&quot;departmentno&quot;:&quot;2&quot;,&quot;salary&quot;:&quot;2000&quot;,&quot;pincode&quot;:&quot;123456&quot;,&quot;userid&quot;:&quot;yj4lLufi6vTtJtT0MKL8&quot;,&quot;id&quot;:&quot;ZOpM9VDPEE057jiN9qb8&quot;},{&quot;accountno&quot;:&quot;TA-1212121&quot;,&quot;departmentno&quot;:&quot;2&quot;,&quot;salary&quot;:&quot;2000&quot;,&quot;pincode&quot;:&quot;123456&quot;,&quot;userid&quot;:&quot;yj4lLufi6vTtJtT0MKL8&quot;,&quot;id&quot;:&quot;ZILYCKLnMwYgZz7zzJGE&quot;},{&quot;accountno&quot;:&quot;TA-1212121&quot;,&quot;departmentno&quot;:&quot;2&quot;,&quot;salary&quot;:&quot;2000&quot;,&quot;pincode&quot;:&quot;123456&quot;,&quot;userid&quot;:&quot;yj4lLufi6vTtJtT0MKL8&quot;,&quot;id&quot;:&quot;90CDpAmfaneqItzAZylm&quot;},{&quot;accountno&quot;:&quot;TA-1212121&quot;,&quot;departmentno&quot;:&quot;2&quot;,&quot;salary&quot;:&quot;2000&quot;,&quot;pincode&quot;:&quot;123456&quot;,&quot;userid&quot;:&quot;yj4lLufi6vTtJtT0MKL8&quot;,&quot;id&quot;:&quot;Piuv9PswLAnZhcap3mda&quot;},{&quot;accountno&quot;:&quot;TA-1212121&quot;,&quot;departmentno&quot;:&quot;2&quot;,&quot;salary&quot;:&quot;2000&quot;,&quot;pincode&quot;:&quot;123456&quot;,&quot;userid&quot;:&quot;yj4lLufi6vTtJtT0MKL8&quot;,&quot;id&quot;:&quot;rT1InVEKjuinhNlvliEz&quot;},{&quot;accountno&quot;:&quot;TA-1212121&quot;,&quot;departmentno&quot;:&quot;2&quot;,&quot;salary&quot;:&quot;2000&quot;,&quot;pincode&quot;:&quot;123456&quot;,&quot;userid&quot;:&quot;yj4lLufi6vTtJtT0MKL8&quot;,&quot;id&quot;:&quot;8Ct29ahqSsZvXrY9MNKp&quot;},{&quot;accountno&quot;:&quot;&quot;,&quot;departmentno&quot;:&quot;&quot;,&quot;salary&quot;:&quot;2000&quot;,&quot;pincode&quot;:&quot;&quot;,&quot;userid&quot;:&quot;yj4lLufi6vTtJtT0MKL8&quot;,&quot;id&quot;:&quot;pNePPYWGwShwlNm5VPfn&quot;},{&quot;accountno&quot;:&quot;&quot;,&quot;departmentno&quot;:&quot;&quot;,&quot;salary&quot;:&quot;2000&quot;,&quot;pincode&quot;:&quot;&quot;,&quot;userid&quot;:&quot;yj4lLufi6vTtJtT0MKL8&quot;,&quot;id&quot;:&quot;C2BvtQZ6r0BeTCGR5j1B&quot;},{&quot;accountno&quot;:&quot;TA-1777777&quot;,&quot;departmentno&quot;:&quot;6&quot;,&quot;salary&quot;:&quot;1212&quot;,&quot;pincode&quot;:&quot;121213&quot;,&quot;userid&quot;:&quot;Q838nbz89Y6fI0Es1xd1&quot;,&quot;id&quot;:&quot;mdJrTxMMGuCT4UG7YTXS&quot;},{&quot;accountno&quot;:&quot;TA-1237690&quot;,&quot;departmentno&quot;:&quot;3&quot;,&quot;salary&quot;:&quot;12576&quot;,&quot;pincode&quot;:&quot;560094&quot;,&quot;userid&quot;:&quot;61Vn9O0lmw7dVGPHIyaI&quot;,&quot;id&quot;:&quot;O6YmUD88TSBirEXjJVWu&quot;},{&quot;accountno&quot;:&quot;TA-1237690&quot;,&quot;departmentno&quot;:&quot;3&quot;,&quot;salary&quot;:&quot;12576&quot;,&quot;pincode&quot;:&quot;560094&quot;,&quot;userid&quot;:&quot;61Vn9O0lmw7dVGPHIyaI&quot;,&quot;id&quot;:&quot;PlRe7LgFJuIMovfLU7kq&quot;},{&quot;accountno&quot;:&quot;TA-2121212&quot;,&quot;departmentno&quot;:&quot;1&quot;,&quot;salary&quot;:&quot;2000&quot;,&quot;pincode&quot;:&quot;222222&quot;,&quot;userid&quot;:&quot;gCjQfhtZVJbhuZ6X7VgG&quot;,&quot;id&quot;:&quot;JRirKtHDcBPU7aC14vMc&quot;},{&quot;accountno&quot;:&quot;TA-1237690&quot;,&quot;departmentno&quot;:&quot;3&quot;,&quot;salary&quot;:&quot;12576&quot;,&quot;pincode&quot;:&quot;560094&quot;,&quot;userid&quot;:&quot;61Vn9O0lmw7dVGPHIyaI&quot;,&quot;id&quot;:&quot;x1vyxPH8BNAg9BZmoUBW&quot;},{&quot;accountno&quot;:&quot;TA-1237690&quot;,&quot;departmentno&quot;:&quot;3&quot;,&quot;salary&quot;:&quot;12576&quot;,&quot;pincode&quot;:&quot;560094&quot;,&quot;userid&quot;:&quot;61Vn9O0lmw7dVGPHIyaI&quot;,&quot;id&quot;:&quot;6nvP7ii4ZX8O63wsbw1X&quot;},{&quot;accountno&quot;:&quot;TA-1237690&quot;,&quot;departmentno&quot;:&quot;3&quot;,&quot;salary&quot;:&quot;12576&quot;,&quot;pincode&quot;:&quot;560094&quot;,&quot;userid&quot;:&quot;61Vn9O0lmw7dVGPHIyaI&quot;,&quot;id&quot;:&quot;sTjrAw3E0kes5YhgophE&quot;},{&quot;accountno&quot;:&quot;TA-1237690&quot;,&quot;departmentno&quot;:&quot;3&quot;,&quot;salary&quot;:&quot;12576&quot;,&quot;pincode&quot;:&quot;560094&quot;,&quot;userid&quot;:&quot;61Vn9O0lmw7dVGPHIyaI&quot;,&quot;id&quot;:&quot;uImn498F18TZQ4gb3jO3&quot;},{&quot;accountno&quot;:&quot;TA-1237690&quot;,&quot;departmentno&quot;:&quot;3&quot;,&quot;salary&quot;:&quot;12576&quot;,&quot;pincode&quot;:&quot;560094&quot;,&quot;userid&quot;:&quot;61Vn9O0lmw7dVGPHIyaI&quot;,&quot;id&quot;:&quot;63k0ONXOOd9Iz7tQkRrX&quot;},{&quot;accountno&quot;:&quot;TA-1237690&quot;,&quot;departmentno&quot;:&quot;3&quot;,&quot;salary&quot;:&quot;12576&quot;,&quot;pincode&quot;:&quot;560094&quot;,&quot;userid&quot;:&quot;61Vn9O0lmw7dVGPHIyaI&quot;,&quot;id&quot;:&quot;U2ddLctuY34DDamNQCbO&quot;},{&quot;accountno&quot;:&quot;KM-123456&quot;,&quot;departmentno&quot;:&quot;1&quot;,&quot;salary&quot;:&quot;6666&quot;,&quot;pincode&quot;:&quot;345231&quot;,&quot;userid&quot;:&quot;ZxNRcGXBjrBzO5sSXoZw&quot;,&quot;id&quot;:&quot;4N3ajeLxXytzTCR4cjQX&quot;},{&quot;accountno&quot;:&quot;TA-1777777&quot;,&quot;departmentno&quot;:&quot;6&quot;,&quot;salary&quot;:&quot;1212&quot;,&quot;pincode&quot;:&quot;121213&quot;,&quot;userid&quot;:&quot;Q838nbz89Y6fI0Es1xd1&quot;,&quot;id&quot;:&quot;iKRCRTHiTbVjyZrY2SmS&quot;},{&quot;accountno&quot;:&quot;TA-1237690&quot;,&quot;departmentno&quot;:&quot;3&quot;,&quot;salary&quot;:&quot;12576&quot;,&quot;pincode&quot;:&quot;560094&quot;,&quot;userid&quot;:&quot;61Vn9O0lmw7dVGPHIyaI&quot;,&quot;id&quot;:&quot;LhGFdUwesQIdBhKeixX3&quot;},{&quot;accountno&quot;:&quot;KM-123456&quot;,&quot;departmentno&quot;:&quot;9&quot;,&quot;salary&quot;:&quot;1111&quot;,&quot;pincode&quot;:&quot;345231&quot;,&quot;userid&quot;:&quot;ZxNRcGXBjrBzO5sSXoZw&quot;,&quot;id&quot;:&quot;gIn3jGSJtd6PTm7FiKva&quot;},{&quot;accountno&quot;:&quot;KM-123456&quot;,&quot;departmentno&quot;:&quot;1&quot;,&quot;salary&quot;:&quot;6666&quot;,&quot;pincode&quot;:&quot;345231&quot;,&quot;userid&quot;:&quot;ZxNRcGXBjrBzO5sSXoZw&quot;,&quot;id&quot;:&quot;TV325JYGAw3W6TFr9UOR&quot;},{&quot;accountno&quot;:&quot;KM-123456&quot;,&quot;departmentno&quot;:&quot;5&quot;,&quot;salary&quot;:&quot;4444&quot;,&quot;pincode&quot;:&quot;345231&quot;,&quot;userid&quot;:&quot;ZxNRcGXBjrBzO5sSXoZw&quot;,&quot;id&quot;:&quot;qKG5L5vfnsf32zsKzK9t&quot;},{&quot;accountno&quot;:&quot;KM-123456&quot;,&quot;departmentno&quot;:&quot;5&quot;,&quot;salary&quot;:&quot;6666&quot;,&quot;pincode&quot;:&quot;345231&quot;,&quot;userid&quot;:&quot;ZxNRcGXBjrBzO5sSXoZw&quot;,&quot;id&quot;:&quot;BB9wC10uqRnTPCqXmumI&quot;},{&quot;accountno&quot;:&quot;TA-1237690&quot;,&quot;departmentno&quot;:&quot;3&quot;,&quot;salary&quot;:&quot;12576&quot;,&quot;pincode&quot;:&quot;560094&quot;,&quot;userid&quot;:&quot;61Vn9O0lmw7dVGPHIyaI&quot;,&quot;id&quot;:&quot;pWrWazgdgsGFc0BCWJ53&quot;},{&quot;accountno&quot;:&quot;TA-1237690&quot;,&quot;departmentno&quot;:&quot;3&quot;,&quot;salary&quot;:&quot;12576&quot;,&quot;pincode&quot;:&quot;560094&quot;,&quot;userid&quot;:&quot;61Vn9O0lmw7dVGPHIyaI&quot;,&quot;id&quot;:&quot;Nbn7KMvL8DK3f7u8EB8V&quot;},{&quot;accountno&quot;:&quot;TA-1237690&quot;,&quot;departmentno&quot;:&quot;3&quot;,&quot;salary&quot;:&quot;12576&quot;,&quot;pincode&quot;:&quot;560094&quot;,&quot;userid&quot;:&quot;61Vn9O0lmw7dVGPHIyaI&quot;,&quot;id&quot;:&quot;Jz8murLltuxzZUnubd41&quot;},{&quot;accountno&quot;:&quot;TA-1237690&quot;,&quot;departmentno&quot;:&quot;3&quot;,&quot;salary&quot;:&quot;12576&quot;,&quot;pincode&quot;:&quot;560094&quot;,&quot;userid&quot;:&quot;61Vn9O0lmw7dVGPHIyaI&quot;,&quot;id&quot;:&quot;ifjqLPQCmghBukYmAA5I&quot;},{&quot;accountno&quot;:&quot;TA-1237690&quot;,&quot;departmentno&quot;:&quot;3&quot;,&quot;salary&quot;:&quot;12576&quot;,&quot;pincode&quot;:&quot;560094&quot;,&quot;userid&quot;:&quot;61Vn9O0lmw7dVGPHIyaI&quot;,&quot;id&quot;:&quot;9YCG87YW4zilPZF0iKwz&quot;},{&quot;accountno&quot;:&quot;TA-1237690&quot;,&quot;departmentno&quot;:&quot;3&quot;,&quot;salary&quot;:&quot;12576&quot;,&quot;pincode&quot;:&quot;560094&quot;,&quot;userid&quot;:&quot;61Vn9O0lmw7dVGPHIyaI&quot;,&quot;id&quot;:&quot;0Jabz0iWnwumapDUQtvL&quot;},{&quot;accountno&quot;:&quot;TA-1237690&quot;,&quot;departmentno&quot;:&quot;3&quot;,&quot;salary&quot;:&quot;12576&quot;,&quot;pincode&quot;:&quot;560094&quot;,&quot;userid&quot;:&quot;61Vn9O0lmw7dVGPHIyaI&quot;,&quot;id&quot;:&quot;SOCxNSB1KfWsJK0V70yU&quot;},{&quot;accountno&quot;:&quot;TA-1237690&quot;,&quot;departmentno&quot;:&quot;3&quot;,&quot;salary&quot;:&quot;12576&quot;,&quot;pincode&quot;:&quot;560094&quot;,&quot;userid&quot;:&quot;61Vn9O0lmw7dVGPHIyaI&quot;,&quot;id&quot;:&quot;53BtYUyqPz8yOsPeSRQS&quot;},{&quot;accountno&quot;:&quot;TA-1237891&quot;,&quot;departmentno&quot;:&quot;5&quot;,&quot;salary&quot;:&quot;12567&quot;,&quot;pincode&quot;:&quot;560090&quot;,&quot;userid&quot;:&quot;61Vn9O0lmw7dVGPHIyaI&quot;,&quot;id&quot;:&quot;5PCkelTY4UXflvXYpYkB&quot;},{&quot;accountno&quot;:&quot;TA-45648878&quot;,&quot;departmentno&quot;:&quot;9&quot;,&quot;salary&quot;:&quot;50000&quot;,&quot;pincode&quot;:&quot;560104&quot;,&quot;userid&quot;:&quot;61Vn9O0lmw7dVGPHIyaI&quot;,&quot;id&quot;:&quot;cGJmUkylybkjWBV2EJai&quot;},{&quot;accountno&quot;:&quot;TA-ratnakr&quot;,&quot;departmentno&quot;:&quot;3&quot;,&quot;salary&quot;:&quot;2000&quot;,&quot;pincode&quot;:&quot;945888&quot;,&quot;userid&quot;:&quot;Qd2hw3MawHGfM9jvrUJJ&quot;,&quot;id&quot;:&quot;ENM8UDzruixvRlYCwVr0&quot;},{&quot;accountno&quot;:&quot;TA-ratnakr&quot;,&quot;departmentno&quot;:&quot;3&quot;,&quot;salary&quot;:&quot;2000&quot;,&quot;pincode&quot;:&quot;945888&quot;,&quot;userid&quot;:&quot;Qd2hw3MawHGfM9jvrUJJ&quot;,&quot;id&quot;:&quot;DB2vKxOHCENzCuibJgql&quot;},{&quot;accountno&quot;:&quot;TA-ratnakr&quot;,&quot;departmentno&quot;:&quot;3&quot;,&quot;salary&quot;:&quot;2000&quot;,&quot;pincode&quot;:&quot;945888&quot;,&quot;userid&quot;:&quot;Qd2hw3MawHGfM9jvrUJJ&quot;,&quot;id&quot;:&quot;6HHhOJQ7rOeQrex0xvef&quot;},{&quot;accountno&quot;:&quot;KM-123456&quot;,&quot;departmentno&quot;:&quot;5&quot;,&quot;salary&quot;:&quot;6666&quot;,&quot;pincode&quot;:&quot;345231&quot;,&quot;userid&quot;:&quot;ZxNRcGXBjrBzO5sSXoZw&quot;,&quot;id&quot;:&quot;ogRrwfbse5cViCZReI5a&quot;},{&quot;accountno&quot;:&quot;TA-ratnaka&quot;,&quot;departmentno&quot;:&quot;3&quot;,&quot;salary&quot;:&quot;2000&quot;,&quot;pincode&quot;:&quot;945888&quot;,&quot;userid&quot;:&quot;Qd2hw3MawHGfM9jvrUJJ&quot;,&quot;id&quot;:&quot;vwseOd6KvI9vD5BO1y50&quot;},{&quot;accountno&quot;:&quot;TA-1777777&quot;,&quot;departmentno&quot;:&quot;6&quot;,&quot;salary&quot;:&quot;1212&quot;,&quot;pincode&quot;:&quot;121213&quot;,&quot;userid&quot;:&quot;Q838nbz89Y6fI0Es1xd1&quot;,&quot;id&quot;:&quot;tIWwecZZ849lgmrk3cp6&quot;},{&quot;accountno&quot;:&quot;KM-123456&quot;,&quot;departmentno&quot;:&quot;5&quot;,&quot;salary&quot;:&quot;4444&quot;,&quot;pincode&quot;:&quot;345231&quot;,&quot;userid&quot;:&quot;ZxNRcGXBjrBzO5sSXoZw&quot;,&quot;id&quot;:&quot;78wMyf0Dyemixnm6n3CD&quot;},{&quot;accountno&quot;:&quot;TA-1777777&quot;,&quot;departmentno&quot;:&quot;6&quot;,&quot;salary&quot;:&quot;1212&quot;,&quot;pincode&quot;:&quot;121213&quot;,&quot;userid&quot;:&quot;Q838nbz89Y6fI0Es1xd1&quot;,&quot;id&quot;:&quot;rQCsdrCFOWCAqVIyGFBW&quot;},{&quot;accountno&quot;:&quot;TA-1777777&quot;,&quot;departmentno&quot;:&quot;6&quot;,&quot;salary&quot;:&quot;1212&quot;,&quot;pincode&quot;:&quot;121213&quot;,&quot;userid&quot;:&quot;Q838nbz89Y6fI0Es1xd1&quot;,&quot;id&quot;:&quot;i6hmPaUKoh6f3aODuHkW&quot;},{&quot;accountno&quot;:&quot;TA-6573428&quot;,&quot;departmentno&quot;:&quot;2&quot;,&quot;salary&quot;:&quot;9000&quot;,&quot;pincode&quot;:&quot;359667&quot;,&quot;userid&quot;:&quot;4yFTZrJvMNYNnOGWLX08&quot;,&quot;id&quot;:&quot;wu6hd0Adc012GnhjBB6m&quot;},{&quot;accountno&quot;:&quot;KM-123456&quot;,&quot;departmentno&quot;:&quot;5&quot;,&quot;salary&quot;:&quot;4444&quot;,&quot;pincode&quot;:&quot;345231&quot;,&quot;userid&quot;:&quot;ZxNRcGXBjrBzO5sSXoZw&quot;,&quot;id&quot;:&quot;wbVV4hE77qpUrJebLhNv&quot;},{&quot;accountno&quot;:&quot;KM-123456&quot;,&quot;departmentno&quot;:&quot;5&quot;,&quot;salary&quot;:&quot;6666&quot;,&quot;pincode&quot;:&quot;345231&quot;,&quot;userid&quot;:&quot;ZxNRcGXBjrBzO5sSXoZw&quot;,&quot;id&quot;:&quot;GdkbueTqpb2vdNXHt9lG&quot;},{&quot;accountno&quot;:&quot;TA-1777777&quot;,&quot;departmentno&quot;:&quot;6&quot;,&quot;salary&quot;:&quot;1212&quot;,&quot;pincode&quot;:&quot;121213&quot;,&quot;userid&quot;:&quot;Q838nbz89Y6fI0Es1xd1&quot;,&quot;id&quot;:&quot;5RpbBM0QA5BDKv3eu15w&quot;},{&quot;accountno&quot;:&quot;KM-123456&quot;,&quot;departmentno&quot;:&quot;1&quot;,&quot;salary&quot;:&quot;6666&quot;,&quot;pincode&quot;:&quot;345231&quot;,&quot;userid&quot;:&quot;ZxNRcGXBjrBzO5sSXoZw&quot;,&quot;id&quot;:&quot;AO6b3hTGvvJYY89uJ78N&quot;},{&quot;accountno&quot;:&quot;TA-1777777&quot;,&quot;departmentno&quot;:&quot;6&quot;,&quot;salary&quot;:&quot;1212&quot;,&quot;pincode&quot;:&quot;121213&quot;,&quot;userid&quot;:&quot;Q838nbz89Y6fI0Es1xd1&quot;,&quot;id&quot;:&quot;wiqLGShrUJ7qcE70EF2t&quot;},{&quot;accountno&quot;:&quot;KM-123456&quot;,&quot;departmentno&quot;:&quot;9&quot;,&quot;salary&quot;:&quot;1111&quot;,&quot;pincode&quot;:&quot;345231&quot;,&quot;userid&quot;:&quot;ZxNRcGXBjrBzO5sSXoZw&quot;,&quot;id&quot;:&quot;wismLNYjIAYfHSwAvS6B&quot;},{&quot;accountno&quot;:&quot;KM-123456&quot;,&quot;departmentno&quot;:&quot;9&quot;,&quot;salary&quot;:&quot;1111&quot;,&quot;pincode&quot;:&quot;345231&quot;,&quot;userid&quot;:&quot;ZxNRcGXBjrBzO5sSXoZw&quot;,&quot;id&quot;:&quot;It2tEcDAAcoX6ICv5te3&quot;},{&quot;accountno&quot;:&quot;TA-6573428&quot;,&quot;departmentno&quot;:&quot;2&quot;,&quot;salary&quot;:&quot;9000&quot;,&quot;pincode&quot;:&quot;359667&quot;,&quot;userid&quot;:&quot;4yFTZrJvMNYNnOGWLX08&quot;,&quot;id&quot;:&quot;aOxc2GA1njtKTvEVxZ9e&quot;},{&quot;accountno&quot;:&quot;TA-6573428&quot;,&quot;departmentno&quot;:&quot;2&quot;,&quot;salary&quot;:&quot;9000&quot;,&quot;pincode&quot;:&quot;359667&quot;,&quot;userid&quot;:&quot;4yFTZrJvMNYNnOGWLX08&quot;,&quot;id&quot;:&quot;SoJToYvpHl1QmVvjTAy2&quot;},{&quot;accountno&quot;:&quot;TA-6573428&quot;,&quot;departmentno&quot;:&quot;2&quot;,&quot;salary&quot;:&quot;9000&quot;,&quot;pincode&quot;:&quot;359667&quot;,&quot;userid&quot;:&quot;4yFTZrJvMNYNnOGWLX08&quot;,&quot;id&quot;:&quot;EHECDqivhW1pi6IYcAmj&quot;},{&quot;accountno&quot;:&quot;KM-123456&quot;,&quot;departmentno&quot;:&quot;9&quot;,&quot;salary&quot;:&quot;1111&quot;,&quot;pincode&quot;:&quot;345231&quot;,&quot;userid&quot;:&quot;ZxNRcGXBjrBzO5sSXoZw&quot;,&quot;id&quot;:&quot;jRGxbBlnsg6Ou4N0DJU5&quot;},{&quot;accountno&quot;:&quot;TA-5573428&quot;,&quot;departmentno&quot;:&quot;7&quot;,&quot;salary&quot;:&quot;5000&quot;,&quot;pincode&quot;:&quot;355667&quot;,&quot;userid&quot;:&quot;4yFTZrJvMNYNnOGWLX08&quot;,&quot;id&quot;:&quot;QDeGWgxg1gNqBZH0vuzq&quot;},{&quot;accountno&quot;:&quot;KM-123456&quot;,&quot;departmentno&quot;:&quot;9&quot;,&quot;salary&quot;:&quot;1111&quot;,&quot;pincode&quot;:&quot;345231&quot;,&quot;userid&quot;:&quot;ZxNRcGXBjrBzO5sSXoZw&quot;,&quot;id&quot;:&quot;UaXNdIQrBUK0Je97IZrq&quot;},{&quot;accountno&quot;:&quot;TA-6573428&quot;,&quot;departmentno&quot;:&quot;2&quot;,&quot;salary&quot;:&quot;9000&quot;,&quot;pincode&quot;:&quot;359667&quot;,&quot;userid&quot;:&quot;4yFTZrJvMNYNnOGWLX08&quot;,&quot;id&quot;:&quot;xhRad8Ntlv3YtoWfk5rD&quot;},{&quot;accountno&quot;:&quot;TA-7884876&quot;,&quot;departmentno&quot;:&quot;4&quot;,&quot;salary&quot;:&quot;747646&quot;,&quot;pincode&quot;:&quot;887633&quot;,&quot;userid&quot;:&quot;4yFTZrJvMNYNnOGWLX08&quot;,&quot;id&quot;:&quot;3NEgpXZxFC4eh2uyAL40&quot;},{&quot;accountno&quot;:&quot;TA-6573428&quot;,&quot;departmentno&quot;:&quot;2&quot;,&quot;salary&quot;:&quot;9000&quot;,&quot;pincode&quot;:&quot;359667&quot;,&quot;userid&quot;:&quot;4yFTZrJvMNYNnOGWLX08&quot;,&quot;id&quot;:&quot;HaSQKBebt2rBnCM5Gfvk&quot;},{&quot;accountno&quot;:&quot;TA-6573428&quot;,&quot;departmentno&quot;:&quot;2&quot;,&quot;salary&quot;:&quot;9000&quot;,&quot;pincode&quot;:&quot;359667&quot;,&quot;userid&quot;:&quot;4yFTZrJvMNYNnOGWLX08&quot;,&quot;id&quot;:&quot;mCHorx7WidHWBYd0y1zp&quot;},{&quot;accountno&quot;:&quot;TA-1777777&quot;,&quot;departmentno&quot;:&quot;6&quot;,&quot;salary&quot;:&quot;1212&quot;,&quot;pincode&quot;:&quot;121213&quot;,&quot;userid&quot;:&quot;Q838nbz89Y6fI0Es1xd1&quot;,&quot;id&quot;:&quot;SZEK73ihRPzW7NIOgbyK&quot;},{&quot;accountno&quot;:&quot;TA-6573428&quot;,&quot;departmentno&quot;:&quot;2&quot;,&quot;salary&quot;:&quot;9000&quot;,&quot;pincode&quot;:&quot;359667&quot;,&quot;userid&quot;:&quot;4yFTZrJvMNYNnOGWLX08&quot;,&quot;id&quot;:&quot;bpIc2VuUdinYy4gAJGfj&quot;},{&quot;accountno&quot;:&quot;TA-6573428&quot;,&quot;departmentno&quot;:&quot;2&quot;,&quot;salary&quot;:&quot;9000&quot;,&quot;pincode&quot;:&quot;359667&quot;,&quot;userid&quot;:&quot;4yFTZrJvMNYNnOGWLX08&quot;,&quot;id&quot;:&quot;6jzLWTciiLo1cuDWkhgk&quot;},{&quot;accountno&quot;:&quot;TA-6573428&quot;,&quot;departmentno&quot;:&quot;2&quot;,&quot;salary&quot;:&quot;9000&quot;,&quot;pincode&quot;:&quot;359667&quot;,&quot;userid&quot;:&quot;4yFTZrJvMNYNnOGWLX08&quot;,&quot;id&quot;:&quot;ffKIz7b34zsEpVNGorFt&quot;},{&quot;accountno&quot;:&quot;TA-6573428&quot;,&quot;departmentno&quot;:&quot;2&quot;,&quot;salary&quot;:&quot;9000&quot;,&quot;pincode&quot;:&quot;359667&quot;,&quot;userid&quot;:&quot;4yFTZrJvMNYNnOGWLX08&quot;,&quot;id&quot;:&quot;lRRRKo5TMEVRANejPJ3w&quot;},{&quot;accountno&quot;:&quot;TA-6573428&quot;,&quot;departmentno&quot;:&quot;2&quot;,&quot;salary&quot;:&quot;9000&quot;,&quot;pincode&quot;:&quot;359667&quot;,&quot;userid&quot;:&quot;4yFTZrJvMNYNnOGWLX08&quot;,&quot;id&quot;:&quot;lQyFBszEQ06aRPWRehsU&quot;},{&quot;accountno&quot;:&quot;TA-5573428&quot;,&quot;departmentno&quot;:&quot;7&quot;,&quot;salary&quot;:&quot;5000&quot;,&quot;pincode&quot;:&quot;355667&quot;,&quot;userid&quot;:&quot;4yFTZrJvMNYNnOGWLX08&quot;,&quot;id&quot;:&quot;LB85m9swGgSgJb4gMrr8&quot;},{&quot;accountno&quot;:&quot;BN-1234535&quot;,&quot;departmentno&quot;:&quot;7&quot;,&quot;salary&quot;:&quot;12190&quot;,&quot;pincode&quot;:&quot;123458&quot;,&quot;userid&quot;:&quot;wvTE1ZsqbgfOMtiFejpq&quot;,&quot;id&quot;:&quot;SJH0ePXDZf6NKpMMS47Q&quot;},{&quot;accountno&quot;:&quot;TA-1777777&quot;,&quot;departmentno&quot;:&quot;6&quot;,&quot;salary&quot;:&quot;1212&quot;,&quot;pincode&quot;:&quot;121213&quot;,&quot;userid&quot;:&quot;Q838nbz89Y6fI0Es1xd1&quot;,&quot;id&quot;:&quot;rggA4EYi289yuBC8xOZG&quot;},{&quot;accountno&quot;:&quot;TA-2346234&quot;,&quot;departmentno&quot;:&quot;4&quot;,&quot;salary&quot;:&quot;345&quot;,&quot;pincode&quot;:&quot;345356&quot;,&quot;userid&quot;:&quot;ZZeLU82Z2BCRGxjve6Sz&quot;,&quot;id&quot;:&quot;j7dBeaFYp3mqZ1DinBqZ&quot;},{&quot;accountno&quot;:&quot;TA-2345234&quot;,&quot;departmentno&quot;:&quot;4&quot;,&quot;salary&quot;:&quot;345&quot;,&quot;pincode&quot;:&quot;345356&quot;,&quot;userid&quot;:&quot;ZZeLU82Z2BCRGxjve6Sz&quot;,&quot;id&quot;:&quot;0Q4n1MnQtREYZIuVo11Q&quot;},{&quot;accountno&quot;:&quot;TA-1777777&quot;,&quot;departmentno&quot;:&quot;6&quot;,&quot;salary&quot;:&quot;1212&quot;,&quot;pincode&quot;:&quot;121213&quot;,&quot;userid&quot;:&quot;Q838nbz89Y6fI0Es1xd1&quot;,&quot;id&quot;:&quot;3q6NSRbd6HV8CHNFzsgu&quot;},{&quot;accountno&quot;:&quot;TA-ratnakm&quot;,&quot;departmentno&quot;:&quot;3&quot;,&quot;salary&quot;:&quot;2000&quot;,&quot;pincode&quot;:&quot;945888&quot;,&quot;userid&quot;:&quot;Qd2hw3MawHGfM9jvrUJJ&quot;,&quot;id&quot;:&quot;kWQbj5JkxYYxtEUmlstg&quot;},{&quot;accountno&quot;:&quot;TA-1237990&quot;,&quot;departmentno&quot;:&quot;3&quot;,&quot;salary&quot;:&quot;12567&quot;,&quot;pincode&quot;:&quot;560093&quot;,&quot;userid&quot;:&quot;61Vn9O0lmw7dVGPHIyaI&quot;,&quot;id&quot;:&quot;F3JMxxzYgSrty6UZy6sV&quot;},{&quot;accountno&quot;:&quot;TA-1777777&quot;,&quot;departmentno&quot;:&quot;6&quot;,&quot;salary&quot;:&quot;1212&quot;,&quot;pincode&quot;:&quot;121213&quot;,&quot;userid&quot;:&quot;Q838nbz89Y6fI0Es1xd1&quot;,&quot;id&quot;:&quot;zh04yHhQqKygAUldQgEt&quot;},{&quot;accountno&quot;:&quot;KM-123456&quot;,&quot;departmentno&quot;:&quot;1&quot;,&quot;salary&quot;:&quot;6666&quot;,&quot;pincode&quot;:&quot;345231&quot;,&quot;userid&quot;:&quot;ZxNRcGXBjrBzO5sSXoZw&quot;,&quot;id&quot;:&quot;ud3MQPQC3290jCa3Ku0e&quot;},{&quot;accountno&quot;:&quot;KM-123456&quot;,&quot;departmentno&quot;:&quot;1&quot;,&quot;salary&quot;:&quot;6666&quot;,&quot;pincode&quot;:&quot;345231&quot;,&quot;userid&quot;:&quot;ZxNRcGXBjrBzO5sSXoZw&quot;,&quot;id&quot;:&quot;cdLoIpWVTXizJGn0TuYF&quot;},{&quot;accountno&quot;:&quot;KM-123456&quot;,&quot;departmentno&quot;:&quot;5&quot;,&quot;salary&quot;:&quot;6666&quot;,&quot;pincode&quot;:&quot;345231&quot;,&quot;userid&quot;:&quot;ZxNRcGXBjrBzO5sSXoZw&quot;,&quot;id&quot;:&quot;SQf8GQT2dxrbyBrvTYGI&quot;},{&quot;accountno&quot;:&quot;TA-1777777&quot;,&quot;departmentno&quot;:&quot;6&quot;,&quot;salary&quot;:&quot;1212&quot;,&quot;pincode&quot;:&quot;121213&quot;,&quot;userid&quot;:&quot;Q838nbz89Y6fI0Es1xd1&quot;,&quot;id&quot;:&quot;iaRK938PLYL5151nxGAp&quot;},{&quot;accountno&quot;:&quot;TA-1234565&quot;,&quot;departmentno&quot;:&quot;4&quot;,&quot;salary&quot;:&quot;2344&quot;,&quot;pincode&quot;:&quot;567890&quot;,&quot;userid&quot;:&quot;PdA0aL70CLvbT74ZYZT7&quot;,&quot;id&quot;:&quot;44XBbSyWtbcKeElZ6ODn&quot;},{&quot;accountno&quot;:&quot;TA-1777777&quot;,&quot;departmentno&quot;:&quot;6&quot;,&quot;salary&quot;:&quot;1212&quot;,&quot;pincode&quot;:&quot;121213&quot;,&quot;userid&quot;:&quot;Q838nbz89Y6fI0Es1xd1&quot;,&quot;id&quot;:&quot;VpleoJR7An1CN5XbiWBW&quot;},{&quot;accountno&quot;:&quot;TA-1234565&quot;,&quot;departmentno&quot;:&quot;4&quot;,&quot;salary&quot;:&quot;2344&quot;,&quot;pincode&quot;:&quot;567890&quot;,&quot;userid&quot;:&quot;PdA0aL70CLvbT74ZYZT7&quot;,&quot;id&quot;:&quot;Dn4QfPX5sZDkzEqYdWqN&quot;},{&quot;accountno&quot;:&quot;TA-1777777&quot;,&quot;departmentno&quot;:&quot;6&quot;,&quot;salary&quot;:&quot;1212&quot;,&quot;pincode&quot;:&quot;121213&quot;,&quot;userid&quot;:&quot;Q838nbz89Y6fI0Es1xd1&quot;,&quot;id&quot;:&quot;OLeDS8NW9Pm8G3WQy5Gh&quot;},{&quot;accountno&quot;:&quot;TA-1777777&quot;,&quot;departmentno&quot;:&quot;6&quot;,&quot;salary&quot;:&quot;1212&quot;,&quot;pincode&quot;:&quot;121213&quot;,&quot;userid&quot;:&quot;Q838nbz89Y6fI0Es1xd1&quot;,&quot;id&quot;:&quot;VY2NGCW4xOnfzJ1KPyaR&quot;},{&quot;accountno&quot;:&quot;TA-1234565&quot;,&quot;departmentno&quot;:&quot;4&quot;,&quot;salary&quot;:&quot;2344&quot;,&quot;pincode&quot;:&quot;567890&quot;,&quot;userid&quot;:&quot;PdA0aL70CLvbT74ZYZT7&quot;,&quot;id&quot;:&quot;WGvLKdHJpml5ACHpFgYV&quot;},{&quot;accountno&quot;:&quot;TA-1234565&quot;,&quot;departmentno&quot;:&quot;4&quot;,&quot;salary&quot;:&quot;2344&quot;,&quot;pincode&quot;:&quot;567890&quot;,&quot;userid&quot;:&quot;PdA0aL70CLvbT74ZYZT7&quot;,&quot;id&quot;:&quot;LbjkQ3vd3U7f0VLsI2D0&quot;},{&quot;accountno&quot;:&quot;TA-1234565&quot;,&quot;departmentno&quot;:&quot;4&quot;,&quot;salary&quot;:&quot;2344&quot;,&quot;pincode&quot;:&quot;567890&quot;,&quot;userid&quot;:&quot;PdA0aL70CLvbT74ZYZT7&quot;,&quot;id&quot;:&quot;Tp7EJDCYKzMVEfZF1kis&quot;},{&quot;accountno&quot;:&quot;TA-1234565&quot;,&quot;departmentno&quot;:&quot;4&quot;,&quot;salary&quot;:&quot;2344&quot;,&quot;pincode&quot;:&quot;567890&quot;,&quot;userid&quot;:&quot;PdA0aL70CLvbT74ZYZT7&quot;,&quot;id&quot;:&quot;OM1ldPPnnzdQjbChAXeH&quot;},{&quot;accountno&quot;:&quot;TA-1234565&quot;,&quot;departmentno&quot;:&quot;4&quot;,&quot;salary&quot;:&quot;2344&quot;,&quot;pincode&quot;:&quot;567890&quot;,&quot;userid&quot;:&quot;PdA0aL70CLvbT74ZYZT7&quot;,&quot;id&quot;:&quot;yuhXvo7VSQGyxxTaymVX&quot;},{&quot;accountno&quot;:&quot;TA-1234565&quot;,&quot;departmentno&quot;:&quot;4&quot;,&quot;salary&quot;:&quot;2344&quot;,&quot;pincode&quot;:&quot;567890&quot;,&quot;userid&quot;:&quot;PdA0aL70CLvbT74ZYZT7&quot;,&quot;id&quot;:&quot;2ERQSXL2rStuPumYEl1l&quot;},{&quot;accountno&quot;:&quot;TA-1234565&quot;,&quot;departmentno&quot;:&quot;4&quot;,&quot;salary&quot;:&quot;2344&quot;,&quot;pincode&quot;:&quot;567890&quot;,&quot;userid&quot;:&quot;PdA0aL70CLvbT74ZYZT7&quot;,&quot;id&quot;:&quot;NS0v4W8y9OuSXhJLAdvu&quot;},{&quot;accountno&quot;:&quot;TA-1234565&quot;,&quot;departmentno&quot;:&quot;4&quot;,&quot;salary&quot;:&quot;2344&quot;,&quot;pincode&quot;:&quot;567890&quot;,&quot;userid&quot;:&quot;PdA0aL70CLvbT74ZYZT7&quot;,&quot;id&quot;:&quot;19vQFL3NLwB1q00lyi8B&quot;},{&quot;accountno&quot;:&quot;TA-1234565&quot;,&quot;departmentno&quot;:&quot;4&quot;,&quot;salary&quot;:&quot;2344&quot;,&quot;pincode&quot;:&quot;567890&quot;,&quot;userid&quot;:&quot;PdA0aL70CLvbT74ZYZT7&quot;,&quot;id&quot;:&quot;mNGgMAgZ8eMRHlt9yoXS&quot;},{&quot;accountno&quot;:&quot;TA-1234565&quot;,&quot;departmentno&quot;:&quot;4&quot;,&quot;salary&quot;:&quot;2344&quot;,&quot;pincode&quot;:&quot;567890&quot;,&quot;userid&quot;:&quot;PdA0aL70CLvbT74ZYZT7&quot;,&quot;id&quot;:&quot;hVMHMOvfXejaiOlfcOxb&quot;},{&quot;accountno&quot;:&quot;TA-1234565&quot;,&quot;departmentno&quot;:&quot;4&quot;,&quot;salary&quot;:&quot;2344&quot;,&quot;pincode&quot;:&quot;567890&quot;,&quot;userid&quot;:&quot;PdA0aL70CLvbT74ZYZT7&quot;,&quot;id&quot;:&quot;ZsRc7nbceMyX6aUG5Asc&quot;},{&quot;accountno&quot;:&quot;TA-1234565&quot;,&quot;departmentno&quot;:&quot;4&quot;,&quot;salary&quot;:&quot;2344&quot;,&quot;pincode&quot;:&quot;567890&quot;,&quot;userid&quot;:&quot;PdA0aL70CLvbT74ZYZT7&quot;,&quot;id&quot;:&quot;atSvk2DjlxJai0dg9wqu&quot;},{&quot;accountno&quot;:&quot;TA-1234565&quot;,&quot;departmentno&quot;:&quot;4&quot;,&quot;salary&quot;:&quot;2344&quot;,&quot;pincode&quot;:&quot;567890&quot;,&quot;userid&quot;:&quot;PdA0aL70CLvbT74ZYZT7&quot;,&quot;id&quot;:&quot;CglLullKaj4PB0i3SRv8&quot;},{&quot;accountno&quot;:&quot;TA-1234565&quot;,&quot;departmentno&quot;:&quot;4&quot;,&quot;salary&quot;:&quot;2344&quot;,&quot;pincode&quot;:&quot;567890&quot;,&quot;userid&quot;:&quot;PdA0aL70CLvbT74ZYZT7&quot;,&quot;id&quot;:&quot;YgwibKFnWIKGkuyggt8n&quot;},{&quot;accountno&quot;:&quot;TA-1234565&quot;,&quot;departmentno&quot;:&quot;4&quot;,&quot;salary&quot;:&quot;2344&quot;,&quot;pincode&quot;:&quot;567890&quot;,&quot;userid&quot;:&quot;PdA0aL70CLvbT74ZYZT7&quot;,&quot;id&quot;:&quot;q67hihI2AcvJsQJKuirl&quot;},{&quot;accountno&quot;:&quot;TA-1212121&quot;,&quot;departmentno&quot;:&quot;20&quot;,&quot;salary&quot;:&quot;6000&quot;,&quot;pincode&quot;:&quot;123956&quot;,&quot;userid&quot;:&quot;yj4lLufi6vTtJtT0MKL8&quot;,&quot;id&quot;:&quot;hyr1t8D1WekGmuGFeskr&quot;},{&quot;accountno&quot;:&quot;KM-123456&quot;,&quot;departmentno&quot;:&quot;9&quot;,&quot;salary&quot;:&quot;1111&quot;,&quot;pincode&quot;:&quot;345231&quot;,&quot;userid&quot;:&quot;ZxNRcGXBjrBzO5sSXoZw&quot;,&quot;id&quot;:&quot;UkUR3kT6BqF63AXCa9ww&quot;},{&quot;accountno&quot;:&quot;TA-1237990&quot;,&quot;departmentno&quot;:&quot;3&quot;,&quot;salary&quot;:&quot;12567&quot;,&quot;pincode&quot;:&quot;560093&quot;,&quot;userid&quot;:&quot;61Vn9O0lmw7dVGPHIyaI&quot;,&quot;id&quot;:&quot;GNAEt3LPSPuxpevQb0E3&quot;},{&quot;accountno&quot;:&quot;TA-1777777&quot;,&quot;departmentno&quot;:&quot;6&quot;,&quot;salary&quot;:&quot;1212&quot;,&quot;pincode&quot;:&quot;121213&quot;,&quot;userid&quot;:&quot;Q838nbz89Y6fI0Es1xd1&quot;,&quot;id&quot;:&quot;tg8StPw3Ba4XggyCZhxy&quot;},{&quot;accountno&quot;:&quot;TA-1777777&quot;,&quot;departmentno&quot;:&quot;6&quot;,&quot;salary&quot;:&quot;1212&quot;,&quot;pincode&quot;:&quot;121213&quot;,&quot;userid&quot;:&quot;Q838nbz89Y6fI0Es1xd1&quot;,&quot;id&quot;:&quot;dYSFeBdPLaWCxcCEn7Ls&quot;},{&quot;accountno&quot;:&quot;TA-1777777&quot;,&quot;departmentno&quot;:&quot;6&quot;,&quot;salary&quot;:&quot;1212&quot;,&quot;pincode&quot;:&quot;121213&quot;,&quot;userid&quot;:&quot;Q838nbz89Y6fI0Es1xd1&quot;,&quot;id&quot;:&quot;eNp48Mgk89l5MqzVvFhJ&quot;},{&quot;accountno&quot;:&quot;TA-1237990&quot;,&quot;departmentno&quot;:&quot;3&quot;,&quot;salary&quot;:&quot;12567&quot;,&quot;pincode&quot;:&quot;560093&quot;,&quot;userid&quot;:&quot;61Vn9O0lmw7dVGPHIyaI&quot;,&quot;id&quot;:&quot;APf46gS6Xx1dDQlVW4VN&quot;},{&quot;accountno&quot;:&quot;TA-99887766&quot;,&quot;departmentno&quot;:&quot;1&quot;,&quot;salary&quot;:&quot;11&quot;,&quot;pincode&quot;:&quot;330333&quot;,&quot;userid&quot;:&quot;DGW1ho638WUDpYOVLzH0&quot;,&quot;id&quot;:&quot;Wgigq7pvdtcAIPyPhZFo&quot;},{&quot;accountno&quot;:&quot;TA-1777777&quot;,&quot;departmentno&quot;:&quot;6&quot;,&quot;salary&quot;:&quot;1212&quot;,&quot;pincode&quot;:&quot;121213&quot;,&quot;userid&quot;:&quot;Q838nbz89Y6fI0Es1xd1&quot;,&quot;id&quot;:&quot;xnomVPdR6oBBtDrOjmc5&quot;},{&quot;accountno&quot;:&quot;TA-1777777&quot;,&quot;departmentno&quot;:&quot;6&quot;,&quot;salary&quot;:&quot;1212&quot;,&quot;pincode&quot;:&quot;121213&quot;,&quot;userid&quot;:&quot;Q838nbz89Y6fI0Es1xd1&quot;,&quot;id&quot;:&quot;3YYZfsfundOEzMAlWAiX&quot;},{&quot;accountno&quot;:&quot;TA-1777777&quot;,&quot;departmentno&quot;:&quot;6&quot;,&quot;salary&quot;:&quot;1212&quot;,&quot;pincode&quot;:&quot;121213&quot;,&quot;userid&quot;:&quot;Q838nbz89Y6fI0Es1xd1&quot;,&quot;id&quot;:&quot;K32tjOdfG1gPq0HI8xts&quot;},{&quot;accountno&quot;:&quot;PV-8989898&quot;,&quot;departmentno&quot;:&quot;9&quot;,&quot;salary&quot;:&quot;8989&quot;,&quot;pincode&quot;:&quot;898989&quot;,&quot;userid&quot;:&quot;uoS10JM6F4pybIMNlkEj&quot;,&quot;id&quot;:&quot;1maMA52iVNW5LnoBudzZ&quot;},{&quot;accountno&quot;:&quot;KV-AA4567C&quot;,&quot;departmentno&quot;:&quot;9&quot;,&quot;salary&quot;:&quot;8888&quot;,&quot;pincode&quot;:&quot;567432&quot;,&quot;userid&quot;:&quot;v6ZDMRBfI5zsQ4wpV8zp&quot;,&quot;id&quot;:&quot;7HZSPcEJaWT7qpuA3MjS&quot;},{&quot;accountno&quot;:&quot;KV-AA4567C&quot;,&quot;departmentno&quot;:&quot;9&quot;,&quot;salary&quot;:&quot;8888&quot;,&quot;pincode&quot;:&quot;567432&quot;,&quot;userid&quot;:&quot;v6ZDMRBfI5zsQ4wpV8zp&quot;,&quot;id&quot;:&quot;nsRYF5zU9Ce32crRqoCc&quot;},{&quot;accountno&quot;:&quot;KV-AA4567B&quot;,&quot;departmentno&quot;:&quot;9&quot;,&quot;salary&quot;:&quot;8888&quot;,&quot;pincode&quot;:&quot;567432&quot;,&quot;userid&quot;:&quot;v6ZDMRBfI5zsQ4wpV8zp&quot;,&quot;id&quot;:&quot;oVjpBmzFwGpP1EiaxLs1&quot;},{&quot;accountno&quot;:&quot;KV-AA4567B&quot;,&quot;departmentno&quot;:&quot;9&quot;,&quot;salary&quot;:&quot;8888&quot;,&quot;pincode&quot;:&quot;567432&quot;,&quot;userid&quot;:&quot;v6ZDMRBfI5zsQ4wpV8zp&quot;,&quot;id&quot;:&quot;vOCA8jJH85dR6BodNm22&quot;},{&quot;accountno&quot;:&quot;KV-AA4567B&quot;,&quot;departmentno&quot;:&quot;9&quot;,&quot;salary&quot;:&quot;8888&quot;,&quot;pincode&quot;:&quot;567432&quot;,&quot;userid&quot;:&quot;v6ZDMRBfI5zsQ4wpV8zp&quot;,&quot;id&quot;:&quot;akTwyNsot4eWe6R5AvfV&quot;},{&quot;accountno&quot;:&quot;KV-AA4567B&quot;,&quot;departmentno&quot;:&quot;9&quot;,&quot;salary&quot;:&quot;8888&quot;,&quot;pincode&quot;:&quot;567432&quot;,&quot;userid&quot;:&quot;v6ZDMRBfI5zsQ4wpV8zp&quot;,&quot;id&quot;:&quot;m7uRXvKn2fjHmqIcg0ca&quot;},{&quot;accountno&quot;:&quot;KV-AA4567A&quot;,&quot;departmentno&quot;:&quot;9&quot;,&quot;salary&quot;:&quot;8888&quot;,&quot;pincode&quot;:&quot;567432&quot;,&quot;userid&quot;:&quot;v6ZDMRBfI5zsQ4wpV8zp&quot;,&quot;id&quot;:&quot;X1zPUSTfzHCZz17DCJoR&quot;},{&quot;accountno&quot;:&quot;KV-AA45679&quot;,&quot;departmentno&quot;:&quot;9&quot;,&quot;salary&quot;:&quot;8888&quot;,&quot;pincode&quot;:&quot;567432&quot;,&quot;userid&quot;:&quot;v6ZDMRBfI5zsQ4wpV8zp&quot;,&quot;id&quot;:&quot;p8NXvK1gJ8KM8RYt2tEV&quot;},{&quot;accountno&quot;:&quot;KV-AA45678&quot;,&quot;departmentno&quot;:&quot;9&quot;,&quot;salary&quot;:&quot;8888&quot;,&quot;pincode&quot;:&quot;567432&quot;,&quot;userid&quot;:&quot;v6ZDMRBfI5zsQ4wpV8zp&quot;,&quot;id&quot;:&quot;5EjUseoBWpMFxYUS0SNq&quot;},{&quot;accountno&quot;:&quot;TA-1777777&quot;,&quot;departmentno&quot;:&quot;6&quot;,&quot;salary&quot;:&quot;1212&quot;,&quot;pincode&quot;:&quot;121213&quot;,&quot;userid&quot;:&quot;Q838nbz89Y6fI0Es1xd1&quot;,&quot;id&quot;:&quot;raDz7IkztZMWjHSosCAL&quot;},{&quot;accountno&quot;:&quot;TA-1212121&quot;,&quot;departmentno&quot;:&quot;3&quot;,&quot;salary&quot;:&quot;333333333&quot;,&quot;pincode&quot;:&quot;222222&quot;,&quot;userid&quot;:&quot;to2Nbgl1L91P2KBIJf8p&quot;,&quot;id&quot;:&quot;LL4VD1u5ch3rL5MkCn6O&quot;},{&quot;accountno&quot;:&quot;TA-90909092&quot;,&quot;departmentno&quot;:&quot;9&quot;,&quot;salary&quot;:&quot;90000&quot;,&quot;pincode&quot;:&quot;909090&quot;,&quot;userid&quot;:&quot;to2Nbgl1L91P2KBIJf8p&quot;,&quot;id&quot;:&quot;KZBcd99Ze8SLJtJk9tP5&quot;},{&quot;accountno&quot;:&quot;TA-90909092&quot;,&quot;departmentno&quot;:&quot;19&quot;,&quot;salary&quot;:&quot;90000&quot;,&quot;pincode&quot;:&quot;909090&quot;,&quot;userid&quot;:&quot;to2Nbgl1L91P2KBIJf8p&quot;,&quot;id&quot;:&quot;bWVLBJ3XMJysbLVIqHuZ&quot;},{&quot;accountno&quot;:&quot;TA-9090909222&quot;,&quot;departmentno&quot;:&quot;9&quot;,&quot;salary&quot;:&quot;90000&quot;,&quot;pincode&quot;:&quot;909090&quot;,&quot;userid&quot;:&quot;to2Nbgl1L91P2KBIJf8p&quot;,&quot;id&quot;:&quot;0JZbSgjObOe63Dc2GeJj&quot;},{&quot;accountno&quot;:&quot;TA-9090909&quot;,&quot;departmentno&quot;:&quot;9&quot;,&quot;salary&quot;:&quot;90000&quot;,&quot;pincode&quot;:&quot;909090&quot;,&quot;userid&quot;:&quot;to2Nbgl1L91P2KBIJf8p&quot;,&quot;id&quot;:&quot;O1cKBLkdzFkzmC29VTr7&quot;},{&quot;accountno&quot;:&quot;TA-9090909&quot;,&quot;departmentno&quot;:&quot;9&quot;,&quot;salary&quot;:&quot;90000&quot;,&quot;pincode&quot;:&quot;909090&quot;,&quot;userid&quot;:&quot;to2Nbgl1L91P2KBIJf8p&quot;,&quot;id&quot;:&quot;P450xWQoQOtXLMRVSkI7&quot;},{&quot;accountno&quot;:&quot;TA-1777777&quot;,&quot;departmentno&quot;:&quot;6&quot;,&quot;salary&quot;:&quot;1212&quot;,&quot;pincode&quot;:&quot;121213&quot;,&quot;userid&quot;:&quot;Q838nbz89Y6fI0Es1xd1&quot;,&quot;id&quot;:&quot;y5MM93YFk9qhaDtxDbrA&quot;},{&quot;accountno&quot;:&quot;TA-467857766632468&quot;,&quot;departmentno&quot;:&quot;6&quot;,&quot;salary&quot;:&quot;111777&quot;,&quot;pincode&quot;:&quot;232777&quot;,&quot;userid&quot;:&quot;yj4lLufi6vTtJtT0MKL8&quot;,&quot;id&quot;:&quot;fsehHtxKjw7Iqpw0mEza&quot;},{&quot;accountno&quot;:&quot;TA-4678577666&quot;,&quot;departmentno&quot;:&quot;6&quot;,&quot;salary&quot;:&quot;111777&quot;,&quot;pincode&quot;:&quot;232777&quot;,&quot;userid&quot;:&quot;yj4lLufi6vTtJtT0MKL8&quot;,&quot;id&quot;:&quot;1B8rxGdW3bhYSSIzQwg2&quot;},{&quot;accountno&quot;:&quot;TA-4678577&quot;,&quot;departmentno&quot;:&quot;6&quot;,&quot;salary&quot;:&quot;111777&quot;,&quot;pincode&quot;:&quot;232777&quot;,&quot;userid&quot;:&quot;yj4lLufi6vTtJtT0MKL8&quot;,&quot;id&quot;:&quot;ptuKyKOOVJBcRyke8Fwp&quot;},{&quot;accountno&quot;:&quot;TA-1231234&quot;,&quot;departmentno&quot;:&quot;1&quot;,&quot;salary&quot;:&quot;2&quot;,&quot;pincode&quot;:&quot;123456&quot;,&quot;userid&quot;:&quot;gCjQfhtZVJbhuZ6X7VgG&quot;,&quot;id&quot;:&quot;N114WJ1Ir0W9NcF8kZqQ&quot;},{&quot;accountno&quot;:&quot;TA-4678577&quot;,&quot;departmentno&quot;:&quot;6&quot;,&quot;salary&quot;:&quot;111777&quot;,&quot;pincode&quot;:&quot;232777&quot;,&quot;userid&quot;:&quot;yj4lLufi6vTtJtT0MKL8&quot;,&quot;id&quot;:&quot;ZEETJ8iopZaEbw2cHzDe&quot;},{&quot;accountno&quot;:&quot;TA-4678577&quot;,&quot;departmentno&quot;:&quot;6&quot;,&quot;salary&quot;:&quot;111777&quot;,&quot;pincode&quot;:&quot;232777&quot;,&quot;userid&quot;:&quot;yj4lLufi6vTtJtT0MKL8&quot;,&quot;id&quot;:&quot;D9Idd0YcBLfvf7Oef7yi&quot;},{&quot;accountno&quot;:&quot;TA-1111222&quot;,&quot;departmentno&quot;:&quot;1&quot;,&quot;salary&quot;:&quot;2000&quot;,&quot;pincode&quot;:&quot;121212&quot;,&quot;userid&quot;:&quot;gCjQfhtZVJbhuZ6X7VgG&quot;,&quot;id&quot;:&quot;haGNdhNacKqOVlbTGae2&quot;},{&quot;accountno&quot;:&quot;TA-1111222&quot;,&quot;departmentno&quot;:&quot;1&quot;,&quot;salary&quot;:&quot;2000&quot;,&quot;pincode&quot;:&quot;121212&quot;,&quot;userid&quot;:&quot;gCjQfhtZVJbhuZ6X7VgG&quot;,&quot;id&quot;:&quot;1OtbzCcsYLWh2SOpj5co&quot;},{&quot;accountno&quot;:&quot;TA-1111222&quot;,&quot;departmentno&quot;:&quot;1&quot;,&quot;salary&quot;:&quot;2000&quot;,&quot;pincode&quot;:&quot;121212&quot;,&quot;userid&quot;:&quot;gCjQfhtZVJbhuZ6X7VgG&quot;,&quot;id&quot;:&quot;VVX8Jhz8kgSLPzhbPwPV&quot;},{&quot;accountno&quot;:&quot;TA-1777777&quot;,&quot;departmentno&quot;:&quot;6&quot;,&quot;salary&quot;:&quot;1212&quot;,&quot;pincode&quot;:&quot;121213&quot;,&quot;userid&quot;:&quot;Q838nbz89Y6fI0Es1xd1&quot;,&quot;id&quot;:&quot;kqHf1NpcbrebHFYBNUtC&quot;},{&quot;accountno&quot;:&quot;TA-1777777&quot;,&quot;departmentno&quot;:&quot;6&quot;,&quot;salary&quot;:&quot;1212&quot;,&quot;pincode&quot;:&quot;121213&quot;,&quot;userid&quot;:&quot;Q838nbz89Y6fI0Es1xd1&quot;,&quot;id&quot;:&quot;gwpf0FEolFfWvh5beSVv&quot;},{&quot;accountno&quot;:&quot;TA-1777777&quot;,&quot;departmentno&quot;:&quot;6&quot;,&quot;salary&quot;:&quot;1212&quot;,&quot;pincode&quot;:&quot;121213&quot;,&quot;userid&quot;:&quot;Q838nbz89Y6fI0Es1xd1&quot;,&quot;id&quot;:&quot;sBljfDxCqubkKuc8Vwkb&quot;},{&quot;accountno&quot;:&quot;2345&quot;,&quot;departmentno&quot;:&quot;2&quot;,&quot;salary&quot;:&quot;2000&quot;,&quot;pincode&quot;:&quot;234567&quot;,&quot;userid&quot;:&quot;iMKubKqFpLbEJQsYT0kM&quot;,&quot;id&quot;:&quot;lzW76iDo2AqQmLI4Y6lN&quot;},{&quot;accountno&quot;:&quot;Morrise&quot;,&quot;departmentno&quot;:7,&quot;salary&quot;:17000,&quot;pincode&quot;:647837,&quot;userid&quot;:&quot;4yFTZrJvMNYNnOGWLX08&quot;,&quot;id&quot;:&quot;TzcH8CNBdqftXZAiBRD2&quot;},{&quot;accountno&quot;:&quot;TA-6573428&quot;,&quot;departmentno&quot;:&quot;2&quot;,&quot;salary&quot;:&quot;9000&quot;,&quot;pincode&quot;:&quot;359667&quot;,&quot;userid&quot;:&quot;4yFTZrJvMNYNnOGWLX08&quot;,&quot;id&quot;:&quot;GbMCb7YcxUucTukrasAZ&quot;},{&quot;accountno&quot;:&quot;TA-9973428&quot;,&quot;departmentno&quot;:&quot;2&quot;,&quot;salary&quot;:&quot;9000&quot;,&quot;pincode&quot;:&quot;359667&quot;,&quot;userid&quot;:&quot;4yFTZrJvMNYNnOGWLX08&quot;,&quot;id&quot;:&quot;hd7cJ1ghn56nEDQUpjuZ&quot;},{&quot;accountno&quot;:&quot;TA-1777777&quot;,&quot;departmentno&quot;:&quot;6&quot;,&quot;salary&quot;:&quot;1212&quot;,&quot;pincode&quot;:&quot;121213&quot;,&quot;userid&quot;:&quot;Q838nbz89Y6fI0Es1xd1&quot;,&quot;id&quot;:&quot;nz4R1e7dmWp0BedMKJcS&quot;},{&quot;accountno&quot;:&quot;TA-ed&quot;,&quot;departmentno&quot;:&quot;2&quot;,&quot;salary&quot;:&quot;1200&quot;,&quot;pincode&quot;:&quot;543654&quot;,&quot;userid&quot;:&quot;4yFTZrJvMNYNnOGWLX08&quot;,&quot;id&quot;:&quot;0E7VNlXyLHYvtTprIPrc&quot;},{&quot;accountno&quot;:&quot;TA-1231234&quot;,&quot;departmentno&quot;:&quot;1&quot;,&quot;salary&quot;:&quot;2&quot;,&quot;pincode&quot;:&quot;123456&quot;,&quot;userid&quot;:&quot;gCjQfhtZVJbhuZ6X7VgG&quot;,&quot;id&quot;:&quot;qFZMw3e49f2oPAGfitve&quot;},{&quot;accountno&quot;:&quot;TA-1234565&quot;,&quot;departmentno&quot;:&quot;4&quot;,&quot;salary&quot;:&quot;2344&quot;,&quot;pincode&quot;:&quot;567890&quot;,&quot;userid&quot;:&quot;PdA0aL70CLvbT74ZYZT7&quot;,&quot;id&quot;:&quot;dQbVX8JiKiqoecHAQQvn&quot;},{&quot;accountno&quot;:&quot;TA-1234567&quot;,&quot;departmentno&quot;:&quot;9&quot;,&quot;salary&quot;:&quot;100000&quot;,&quot;pincode&quot;:&quot;123456&quot;,&quot;userid&quot;:&quot;yj4lLufi6vTtJtT0MKL8&quot;,&quot;id&quot;:&quot;6Ycq0nNARmA40KV6Ixh1&quot;},{&quot;accountno&quot;:&quot;TA-1234565&quot;,&quot;departmentno&quot;:&quot;4&quot;,&quot;salary&quot;:&quot;2344&quot;,&quot;pincode&quot;:&quot;567890&quot;,&quot;userid&quot;:&quot;PdA0aL70CLvbT74ZYZT7&quot;,&quot;id&quot;:&quot;DHH19UQRtqyjS01Hukb2&quot;},{&quot;accountno&quot;:&quot;TA-liz&quot;,&quot;departmentno&quot;:&quot;5&quot;,&quot;salary&quot;:&quot;11000&quot;,&quot;pincode&quot;:&quot;359667&quot;,&quot;userid&quot;:&quot;4yFTZrJvMNYNnOGWLX08&quot;,&quot;id&quot;:&quot;jDA8IIHOJbIHOdecckEZ&quot;},{&quot;accountno&quot;:&quot;TA-1777777&quot;,&quot;departmentno&quot;:&quot;6&quot;,&quot;salary&quot;:&quot;1212&quot;,&quot;pincode&quot;:&quot;121213&quot;,&quot;userid&quot;:&quot;Q838nbz89Y6fI0Es1xd1&quot;,&quot;id&quot;:&quot;zspObLnvlx4YBYtaLdgY&quot;},{&quot;accountno&quot;:&quot;TA-1777777&quot;,&quot;departmentno&quot;:&quot;6&quot;,&quot;salary&quot;:&quot;1212&quot;,&quot;pincode&quot;:&quot;121213&quot;,&quot;userid&quot;:&quot;Q838nbz89Y6fI0Es1xd1&quot;,&quot;id&quot;:&quot;mHnBCmXByEeKmwkUZn4s&quot;},{&quot;accountno&quot;:&quot;TA-1234562&quot;,&quot;departmentno&quot;:&quot;4&quot;,&quot;salary&quot;:&quot;7&quot;,&quot;pincode&quot;:&quot;123456&quot;,&quot;userid&quot;:&quot;nL5XKb5bEgz7ySPvUgaJ&quot;,&quot;id&quot;:&quot;zTTl1Lcy6iJh7QDqLviV&quot;},{&quot;accountno&quot;:&quot;TA-1212121&quot;,&quot;departmentno&quot;:&quot;6&quot;,&quot;salary&quot;:&quot;5000&quot;,&quot;pincode&quot;:&quot;&quot;,&quot;userid&quot;:&quot;yj4lLufi6vTtJtT0MKL8&quot;,&quot;id&quot;:&quot;IqverkIAL9RRbM66jYnG&quot;},{&quot;accountno&quot;:&quot;TA-1212121&quot;,&quot;departmentno&quot;:&quot; &quot;,&quot;salary&quot;:&quot;5000&quot;,&quot;pincode&quot;:&quot;667759&quot;,&quot;userid&quot;:&quot;yj4lLufi6vTtJtT0MKL8&quot;,&quot;id&quot;:&quot;ghjZbZ0VT01iJEovDOJ7&quot;},{&quot;accountno&quot;:&quot;&quot;,&quot;departmentno&quot;:&quot;2&quot;,&quot;salary&quot;:&quot;6000&quot;,&quot;pincode&quot;:&quot;123456&quot;,&quot;userid&quot;:&quot;yj4lLufi6vTtJtT0MKL8&quot;,&quot;id&quot;:&quot;yEn022tPVzWq6M0dwmYN&quot;},{&quot;accountno&quot;:&quot;TA-1212121&quot;,&quot;departmentno&quot;:&quot;2&quot;,&quot;salary&quot;:&quot;6000&quot;,&quot;pincode&quot;:&quot;123956&quot;,&quot;userid&quot;:&quot;yj4lLufi6vTtJtT0MKL8&quot;,&quot;id&quot;:&quot;FDYq0SgPywgYYdxuCR4z&quot;},{&quot;accountno&quot;:&quot;TA-1212121&quot;,&quot;departmentno&quot;:&quot;6&quot;,&quot;salary&quot;:&quot;&quot;,&quot;pincode&quot;:&quot;123456&quot;,&quot;userid&quot;:&quot;yj4lLufi6vTtJtT0MKL8&quot;,&quot;id&quot;:&quot;HQDdsoiAyOakGLQGeDRZ&quot;},{&quot;accountno&quot;:&quot;TA-1777777&quot;,&quot;departmentno&quot;:&quot;6&quot;,&quot;salary&quot;:&quot;1212&quot;,&quot;pincode&quot;:&quot;121213&quot;,&quot;userid&quot;:&quot;Q838nbz89Y6fI0Es1xd1&quot;,&quot;id&quot;:&quot;h6NrwkEVvz2soZQzhbqN&quot;},{&quot;accountno&quot;:&quot;&quot;,&quot;departmentno&quot;:&quot;2&quot;,&quot;salary&quot;:&quot;6000&quot;,&quot;pincode&quot;:&quot;123456&quot;,&quot;userid&quot;:&quot;yj4lLufi6vTtJtT0MKL8&quot;,&quot;id&quot;:&quot;YLBrxRguspEF6YFBM1QU&quot;},{&quot;accountno&quot;:&quot;TA-1212121&quot;,&quot;departmentno&quot;:&quot;2&quot;,&quot;salary&quot;:&quot;6000&quot;,&quot;pincode&quot;:&quot;123956&quot;,&quot;userid&quot;:&quot;yj4lLufi6vTtJtT0MKL8&quot;,&quot;id&quot;:&quot;5o6hsRImtwa7EiksGhUo&quot;},{&quot;accountno&quot;:&quot;TA-1212121&quot;,&quot;departmentno&quot;:&quot;2&quot;,&quot;salary&quot;:&quot;2&quot;,&quot;pincode&quot;:&quot;111111&quot;,&quot;userid&quot;:&quot;nL5XKb5bEgz7ySPvUgaJ&quot;,&quot;id&quot;:&quot;I3MQqEZbmBkVK0td2X2V&quot;},{&quot;accountno&quot;:&quot;TA-1777777&quot;,&quot;departmentno&quot;:&quot;6&quot;,&quot;salary&quot;:&quot;1212&quot;,&quot;pincode&quot;:&quot;121213&quot;,&quot;userid&quot;:&quot;Q838nbz89Y6fI0Es1xd1&quot;,&quot;id&quot;:&quot;P0jMhP2AQFjcE3JIW77a&quot;},{&quot;accountno&quot;:&quot;TA-1777777&quot;,&quot;departmentno&quot;:&quot;6&quot;,&quot;salary&quot;:&quot;1212&quot;,&quot;pincode&quot;:&quot;121213&quot;,&quot;userid&quot;:&quot;Q838nbz89Y6fI0Es1xd1&quot;,&quot;id&quot;:&quot;cViEJWMzaAVfcc8Mx5gQ&quot;},{&quot;accountno&quot;:&quot;KM-123456&quot;,&quot;departmentno&quot;:&quot;5&quot;,&quot;salary&quot;:&quot;6666&quot;,&quot;pincode&quot;:&quot;345231&quot;,&quot;userid&quot;:&quot;ZxNRcGXBjrBzO5sSXoZw&quot;,&quot;id&quot;:&quot;j0wdcoz7kB0sW29kt68i&quot;},{&quot;accountno&quot;:&quot;KM-123456&quot;,&quot;departmentno&quot;:&quot;5&quot;,&quot;salary&quot;:&quot;6666&quot;,&quot;pincode&quot;:&quot;345231&quot;,&quot;userid&quot;:&quot;ZxNRcGXBjrBzO5sSXoZw&quot;,&quot;id&quot;:&quot;x7gLr6xdOosq30Ix1IS4&quot;},{&quot;accountno&quot;:&quot;KM-123456&quot;,&quot;departmentno&quot;:&quot;5&quot;,&quot;salary&quot;:&quot;4444&quot;,&quot;pincode&quot;:&quot;345231&quot;,&quot;userid&quot;:&quot;ZxNRcGXBjrBzO5sSXoZw&quot;,&quot;id&quot;:&quot;KDBiK270jIYVgzMVDHGx&quot;},{&quot;accountno&quot;:&quot;TA-1231234&quot;,&quot;departmentno&quot;:&quot;1&quot;,&quot;salary&quot;:&quot;2&quot;,&quot;pincode&quot;:&quot;123456&quot;,&quot;userid&quot;:&quot;gCjQfhtZVJbhuZ6X7VgG&quot;,&quot;id&quot;:&quot;lHXDC4ZmIG0Pr5XVtgWe&quot;},{&quot;accountno&quot;:&quot;TA-1777777&quot;,&quot;departmentno&quot;:&quot;6&quot;,&quot;salary&quot;:&quot;1212&quot;,&quot;pincode&quot;:&quot;121213&quot;,&quot;userid&quot;:&quot;Q838nbz89Y6fI0Es1xd1&quot;,&quot;id&quot;:&quot;m195XwVmEe3qFZc6FCXZ&quot;},{&quot;accountno&quot;:&quot;TA-1777777&quot;,&quot;departmentno&quot;:&quot;6&quot;,&quot;salary&quot;:&quot;1212&quot;,&quot;pincode&quot;:&quot;121213&quot;,&quot;userid&quot;:&quot;Q838nbz89Y6fI0Es1xd1&quot;,&quot;id&quot;:&quot;AQwtZtySdxQZkalK0F5E&quot;},{&quot;accountno&quot;:&quot;KM-123456&quot;,&quot;departmentno&quot;:&quot;9&quot;,&quot;salary&quot;:&quot;1111&quot;,&quot;pincode&quot;:&quot;345231&quot;,&quot;userid&quot;:&quot;ZxNRcGXBjrBzO5sSXoZw&quot;,&quot;id&quot;:&quot;nN6zfp9iwd3p2x9aKQQ4&quot;},{&quot;accountno&quot;:&quot;KM-123456&quot;,&quot;departmentno&quot;:&quot;9&quot;,&quot;salary&quot;:&quot;1111&quot;,&quot;pincode&quot;:&quot;345231&quot;,&quot;userid&quot;:&quot;ZxNRcGXBjrBzO5sSXoZw&quot;,&quot;id&quot;:&quot;CcB1j4n8dLqQj3PruXmk&quot;},{&quot;accountno&quot;:&quot;KM-123456&quot;,&quot;departmentno&quot;:&quot;9&quot;,&quot;salary&quot;:&quot;1111&quot;,&quot;pincode&quot;:&quot;345231&quot;,&quot;userid&quot;:&quot;ZxNRcGXBjrBzO5sSXoZw&quot;,&quot;id&quot;:&quot;6RUCD7Nha3gFB8VevWem&quot;},{&quot;accountno&quot;:&quot;KM-123456&quot;,&quot;departmentno&quot;:&quot;9&quot;,&quot;salary&quot;:&quot;1111&quot;,&quot;pincode&quot;:&quot;345231&quot;,&quot;userid&quot;:&quot;ZxNRcGXBjrBzO5sSXoZw&quot;,&quot;id&quot;:&quot;JtpdrSSe4vmo90oywaBs&quot;},{&quot;accountno&quot;:&quot;KM-123456&quot;,&quot;departmentno&quot;:&quot;9&quot;,&quot;salary&quot;:&quot;1111&quot;,&quot;pincode&quot;:&quot;345231&quot;,&quot;userid&quot;:&quot;ZxNRcGXBjrBzO5sSXoZw&quot;,&quot;id&quot;:&quot;07M2Kpc3Sh0c99Xovw1N&quot;},{&quot;accountno&quot;:&quot;KM-123456&quot;,&quot;departmentno&quot;:&quot;9&quot;,&quot;salary&quot;:&quot;1111&quot;,&quot;pincode&quot;:&quot;345231&quot;,&quot;userid&quot;:&quot;ZxNRcGXBjrBzO5sSXoZw&quot;,&quot;id&quot;:&quot;8Qy00oydXMasqWERh7Nn&quot;},{&quot;accountno&quot;:&quot;TA-1777777&quot;,&quot;departmentno&quot;:&quot;6&quot;,&quot;salary&quot;:&quot;1212&quot;,&quot;pincode&quot;:&quot;121213&quot;,&quot;userid&quot;:&quot;Q838nbz89Y6fI0Es1xd1&quot;,&quot;id&quot;:&quot;qNgFJPZkUPbnuSJe8pRm&quot;},{&quot;accountno&quot;:&quot;TA-4368769&quot;,&quot;departmentno&quot;:5,&quot;salary&quot;:4000,&quot;pincode&quot;:260007,&quot;userid&quot;:&quot;prISGParDw4uyK3VF4i4&quot;,&quot;id&quot;:&quot;d7W1q5DrqKGqOzg5LgyN&quot;},{&quot;accountno&quot;:&quot;TA-4368765&quot;,&quot;departmentno&quot;:&quot;6&quot;,&quot;salary&quot;:&quot;4000&quot;,&quot;pincode&quot;:&quot;260007&quot;,&quot;userid&quot;:&quot;prISGParDw4uyK3VF4i4&quot;,&quot;id&quot;:&quot;Oyi1viomziQfcxVJzjhs&quot;},{&quot;accountno&quot;:&quot;TA-liz&quot;,&quot;departmentno&quot;:&quot;5&quot;,&quot;salary&quot;:&quot;11000&quot;,&quot;pincode&quot;:&quot;359667&quot;,&quot;userid&quot;:&quot;4yFTZrJvMNYNnOGWLX08&quot;,&quot;id&quot;:&quot;xzt2ay2oZhrG9ragRBLI&quot;},{&quot;accountno&quot;:&quot;TA-11223344&quot;,&quot;departmentno&quot;:&quot;5&quot;,&quot;salary&quot;:&quot;110001&quot;,&quot;pincode&quot;:&quot;359667&quot;,&quot;userid&quot;:&quot;yj4lLufi6vTtJtT0MKL8&quot;,&quot;id&quot;:&quot;QUOtRZaUf0hsen8mz2W3&quot;},{&quot;accountno&quot;:&quot;TA-11223344&quot;,&quot;departmentno&quot;:&quot;5&quot;,&quot;salary&quot;:&quot;110001&quot;,&quot;pincode&quot;:&quot;359667&quot;,&quot;userid&quot;:&quot;yj4lLufi6vTtJtT0MKL8&quot;,&quot;id&quot;:&quot;kw00q4ty6PJOanma9oWj&quot;},{&quot;accountno&quot;:&quot;TA-1777777&quot;,&quot;departmentno&quot;:&quot;6&quot;,&quot;salary&quot;:&quot;1212&quot;,&quot;pincode&quot;:&quot;121213&quot;,&quot;userid&quot;:&quot;Q838nbz89Y6fI0Es1xd1&quot;,&quot;id&quot;:&quot;1y9RwGp3Fv9hq5e8sAOT&quot;},{&quot;accountno&quot;:&quot;TA-1777777&quot;,&quot;departmentno&quot;:&quot;6&quot;,&quot;salary&quot;:&quot;1212&quot;,&quot;pincode&quot;:&quot;121213&quot;,&quot;userid&quot;:&quot;Q838nbz89Y6fI0Es1xd1&quot;,&quot;id&quot;:&quot;BL0btP2R1AszgfdJ03oR&quot;},{&quot;accountno&quot;:&quot;TA-1777777&quot;,&quot;departmentno&quot;:&quot;6&quot;,&quot;salary&quot;:&quot;1212&quot;,&quot;pincode&quot;:&quot;121213&quot;,&quot;userid&quot;:&quot;Q838nbz89Y6fI0Es1xd1&quot;,&quot;id&quot;:&quot;u0Hb99Jj6vJmM9XYouzG&quot;},{&quot;accountno&quot;:&quot;TA-1777777&quot;,&quot;departmentno&quot;:&quot;6&quot;,&quot;salary&quot;:&quot;1212&quot;,&quot;pincode&quot;:&quot;121213&quot;,&quot;userid&quot;:&quot;Q838nbz89Y6fI0Es1xd1&quot;,&quot;id&quot;:&quot;XRp29Bbz4XleDrVIRfAM&quot;},{&quot;accountno&quot;:&quot;TA-1231234&quot;,&quot;departmentno&quot;:&quot;1&quot;,&quot;salary&quot;:&quot;2&quot;,&quot;pincode&quot;:&quot;123456&quot;,&quot;userid&quot;:&quot;gCjQfhtZVJbhuZ6X7VgG&quot;,&quot;id&quot;:&quot;dwhapuieGr3xCNBKtOiC&quot;},{&quot;accountno&quot;:&quot;TA-55319928&quot;,&quot;departmentno&quot;:&quot;5&quot;,&quot;salary&quot;:&quot;11000&quot;,&quot;pincode&quot;:&quot;355467&quot;,&quot;userid&quot;:&quot;yj4lLufi6vTtJtT0MKL8&quot;,&quot;id&quot;:&quot;qJfjzsiofXcaA3JA6yAd&quot;},{&quot;accountno&quot;:&quot;TA-5531992873&quot;,&quot;departmentno&quot;:&quot;15&quot;,&quot;salary&quot;:&quot;11000&quot;,&quot;pincode&quot;:&quot;35546789&quot;,&quot;userid&quot;:&quot;yj4lLufi6vTtJtT0MKL8&quot;,&quot;id&quot;:&quot;9qx68BXCA71LDedNH84Q&quot;},{&quot;accountno&quot;:&quot;TA-1777777&quot;,&quot;departmentno&quot;:&quot;6&quot;,&quot;salary&quot;:&quot;1212&quot;,&quot;pincode&quot;:&quot;121213&quot;,&quot;userid&quot;:&quot;Q838nbz89Y6fI0Es1xd1&quot;,&quot;id&quot;:&quot;FO1ORtyHxtVAdlGiW3W3&quot;},{&quot;accountno&quot;:&quot;TA-1777777&quot;,&quot;departmentno&quot;:&quot;6&quot;,&quot;salary&quot;:&quot;1212&quot;,&quot;pincode&quot;:&quot;121213&quot;,&quot;userid&quot;:&quot;Q838nbz89Y6fI0Es1xd1&quot;,&quot;id&quot;:&quot;jBsdgH6WlpSAamnA0EPC&quot;},{&quot;accountno&quot;:&quot;TA-1777777&quot;,&quot;departmentno&quot;:&quot;6&quot;,&quot;salary&quot;:&quot;1212&quot;,&quot;pincode&quot;:&quot;121213&quot;,&quot;userid&quot;:&quot;Q838nbz89Y6fI0Es1xd1&quot;,&quot;id&quot;:&quot;JzDWKNSWppZdssiGP31f&quot;},{&quot;accountno&quot;:&quot;TA-45648878&quot;,&quot;departmentno&quot;:&quot;9&quot;,&quot;salary&quot;:&quot;50000&quot;,&quot;pincode&quot;:&quot;560104&quot;,&quot;userid&quot;:&quot;61Vn9O0lmw7dVGPHIyaI&quot;,&quot;id&quot;:&quot;SaDEq7NQzvlGL4AUfaf5&quot;},{&quot;accountno&quot;:&quot;KM-123456&quot;,&quot;departmentno&quot;:&quot;9&quot;,&quot;salary&quot;:&quot;1111&quot;,&quot;pincode&quot;:&quot;345231&quot;,&quot;userid&quot;:&quot;ZxNRcGXBjrBzO5sSXoZw&quot;,&quot;id&quot;:&quot;yM4BfORhdhs7IPruZef3&quot;},{&quot;accountno&quot;:&quot;KM-123456&quot;,&quot;departmentno&quot;:&quot;9&quot;,&quot;salary&quot;:&quot;1111&quot;,&quot;pincode&quot;:&quot;345231&quot;,&quot;userid&quot;:&quot;ZxNRcGXBjrBzO5sSXoZw&quot;,&quot;id&quot;:&quot;ywwHa3HyuKSj82wOKGdS&quot;},{&quot;accountno&quot;:&quot;TA-1777777&quot;,&quot;departmentno&quot;:&quot;6&quot;,&quot;salary&quot;:&quot;1212&quot;,&quot;pincode&quot;:&quot;121213&quot;,&quot;userid&quot;:&quot;Q838nbz89Y6fI0Es1xd1&quot;,&quot;id&quot;:&quot;DScXYSxKmc5M7pA2nZlG&quot;},{&quot;accountno&quot;:&quot;KM-123456&quot;,&quot;departmentno&quot;:&quot;9&quot;,&quot;salary&quot;:&quot;1111&quot;,&quot;pincode&quot;:&quot;345231&quot;,&quot;userid&quot;:&quot;ZxNRcGXBjrBzO5sSXoZw&quot;,&quot;id&quot;:&quot;cLmdRJWwCDYnu8BR0GJq&quot;},{&quot;accountno&quot;:&quot;KM-345267&quot;,&quot;departmentno&quot;:&quot;2&quot;,&quot;salary&quot;:&quot;111&quot;,&quot;pincode&quot;:&quot;345231&quot;,&quot;userid&quot;:&quot;ZxNRcGXBjrBzO5sSXoZw&quot;,&quot;id&quot;:&quot;rgQA14PhHPKibofWWuX7&quot;},{&quot;accountno&quot;:&quot;KM-345267&quot;,&quot;departmentno&quot;:&quot;2&quot;,&quot;salary&quot;:&quot;111&quot;,&quot;pincode&quot;:&quot;345231&quot;,&quot;userid&quot;:&quot;ZxNRcGXBjrBzO5sSXoZw&quot;,&quot;id&quot;:&quot;Zpk7dBkTNSUNjMQOyA85&quot;},{&quot;accountno&quot;:&quot;TA-1212121&quot;,&quot;departmentno&quot;:&quot;6&quot;,&quot;salary&quot;:&quot;&quot;,&quot;pincode&quot;:&quot;123456&quot;,&quot;userid&quot;:&quot;yj4lLufi6vTtJtT0MKL8&quot;,&quot;id&quot;:&quot;BruNzdQyLu748VxhiqAt&quot;},{&quot;accountno&quot;:&quot;TA-1212121&quot;,&quot;departmentno&quot;:&quot; &quot;,&quot;salary&quot;:&quot;5000&quot;,&quot;pincode&quot;:&quot;667759&quot;,&quot;userid&quot;:&quot;yj4lLufi6vTtJtT0MKL8&quot;,&quot;id&quot;:&quot;w05L5A1Ppxlar2qsTs6l&quot;},{&quot;accountno&quot;:&quot;TA-1234562&quot;,&quot;departmentno&quot;:&quot;4&quot;,&quot;salary&quot;:&quot;7&quot;,&quot;pincode&quot;:&quot;123456&quot;,&quot;userid&quot;:&quot;nL5XKb5bEgz7ySPvUgaJ&quot;,&quot;id&quot;:&quot;mtNwdPUP6mFrpba2JAWW&quot;},{&quot;accountno&quot;:&quot;&quot;,&quot;departmentno&quot;:&quot;2&quot;,&quot;salary&quot;:&quot;6000&quot;,&quot;pincode&quot;:&quot;123456&quot;,&quot;userid&quot;:&quot;yj4lLufi6vTtJtT0MKL8&quot;,&quot;id&quot;:&quot;BRfurlJ0qOD75DKgxB2q&quot;},{&quot;accountno&quot;:&quot;TA-121212&quot;,&quot;departmentno&quot;:&quot;2&quot;,&quot;salary&quot;:&quot;6000&quot;,&quot;pincode&quot;:&quot;123456&quot;,&quot;userid&quot;:&quot;yj4lLufi6vTtJtT0MKL8&quot;,&quot;id&quot;:&quot;j4zpnigBiYDcfQ6INxig&quot;},{&quot;accountno&quot;:&quot;TA-1212121&quot;,&quot;departmentno&quot;:&quot;2&quot;,&quot;salary&quot;:&quot;6000&quot;,&quot;pincode&quot;:&quot;123956&quot;,&quot;userid&quot;:&quot;yj4lLufi6vTtJtT0MKL8&quot;,&quot;id&quot;:&quot;6uCvghNrqu3p9fH2NUzd&quot;},{&quot;accountno&quot;:&quot;TA-1212121&quot;,&quot;departmentno&quot;:&quot;2&quot;,&quot;salary&quot;:&quot;6000&quot;,&quot;pincode&quot;:&quot;123956&quot;,&quot;userid&quot;:&quot;yj4lLufi6vTtJtT0MKL8&quot;,&quot;id&quot;:&quot;xa6yq6TNiRYjZbtx6Hww&quot;},{&quot;accountno&quot;:&quot;TA-6464646&quot;,&quot;departmentno&quot;:&quot;4&quot;,&quot;salary&quot;:&quot;5000&quot;,&quot;pincode&quot;:&quot;567432&quot;,&quot;userid&quot;:&quot;v6ZDMRBfI5zsQ4wpV8zp&quot;,&quot;id&quot;:&quot;ZQqjOaZI4XgUBGUNSSq4&quot;},{&quot;accountno&quot;:&quot;TA-2121210&quot;,&quot;departmentno&quot;:3,&quot;salary&quot;:5000,&quot;pincode&quot;:567432,&quot;userid&quot;:&quot;v6ZDMRBfI5zsQ4wpV8zp&quot;,&quot;id&quot;:&quot;ZiBkJCAkqZ4TUt6D1fC9&quot;},{&quot;accountno&quot;:&quot;BN-1234535&quot;,&quot;departmentno&quot;:&quot;7&quot;,&quot;salary&quot;:&quot;12190&quot;,&quot;pincode&quot;:&quot;123458&quot;,&quot;userid&quot;:&quot;wvTE1ZsqbgfOMtiFejpq&quot;,&quot;id&quot;:&quot;X7P8meLBCY59C8Ln03XS&quot;},{&quot;accountno&quot;:&quot;TA-1777777&quot;,&quot;departmentno&quot;:&quot;6&quot;,&quot;salary&quot;:&quot;1212&quot;,&quot;pincode&quot;:&quot;121213&quot;,&quot;userid&quot;:&quot;Q838nbz89Y6fI0Es1xd1&quot;,&quot;id&quot;:&quot;IUlJiPf1Zat5DMHNRZ53&quot;},{&quot;accountno&quot;:&quot;TA-2222233&quot;,&quot;departmentno&quot;:&quot;3&quot;,&quot;salary&quot;:&quot;5000&quot;,&quot;pincode&quot;:&quot;567432&quot;,&quot;userid&quot;:&quot;v6ZDMRBfI5zsQ4wpV8zp&quot;,&quot;id&quot;:&quot;OjvnRYqxFgswRymxZHZO&quot;},{&quot;accountno&quot;:&quot;TA-2222222&quot;,&quot;departmentno&quot;:&quot;4&quot;,&quot;salary&quot;:&quot;5000&quot;,&quot;pincode&quot;:&quot;567432&quot;,&quot;userid&quot;:&quot;v6ZDMRBfI5zsQ4wpV8zp&quot;,&quot;id&quot;:&quot;KN52LAbFjnNBHuGPzvI9&quot;},{&quot;accountno&quot;:&quot;TA-3453450&quot;,&quot;departmentno&quot;:4,&quot;salary&quot;:1111,&quot;pincode&quot;:234156,&quot;userid&quot;:&quot;v6ZDMRBfI5zsQ4wpV8zp&quot;,&quot;id&quot;:&quot;nKsJCnmI89lHNvgFWi1s&quot;},{&quot;accountno&quot;:&quot;TA-1231234&quot;,&quot;departmentno&quot;:&quot;1&quot;,&quot;salary&quot;:&quot;2&quot;,&quot;pincode&quot;:&quot;123456&quot;,&quot;userid&quot;:&quot;gCjQfhtZVJbhuZ6X7VgG&quot;,&quot;id&quot;:&quot;bz25YRhdJFlhPAqu6oQI&quot;},{&quot;accountno&quot;:&quot;TA-1777777&quot;,&quot;departmentno&quot;:&quot;6&quot;,&quot;salary&quot;:&quot;1212&quot;,&quot;pincode&quot;:&quot;121213&quot;,&quot;userid&quot;:&quot;Q838nbz89Y6fI0Es1xd1&quot;,&quot;id&quot;:&quot;6afdFJrfPt5HHPi7VzXD&quot;},{&quot;accountno&quot;:&quot;KM-345267&quot;,&quot;departmentno&quot;:&quot;2&quot;,&quot;salary&quot;:&quot;232323&quot;,&quot;pincode&quot;:&quot;345231&quot;,&quot;userid&quot;:&quot;ZxNRcGXBjrBzO5sSXoZw&quot;,&quot;id&quot;:&quot;RuOX6nukpPeSw7dMXBBX&quot;},{&quot;accountno&quot;:&quot;KM-345267&quot;,&quot;departmentno&quot;:&quot;2&quot;,&quot;salary&quot;:&quot;111&quot;,&quot;pincode&quot;:&quot;345231&quot;,&quot;userid&quot;:&quot;yj4lLufi6vTtJtT0MKL8&quot;,&quot;id&quot;:&quot;kC15MDcgwAG3Fx4dUHUH&quot;},{&quot;accountno&quot;:&quot;TA-1777777&quot;,&quot;departmentno&quot;:&quot;6&quot;,&quot;salary&quot;:&quot;1212&quot;,&quot;pincode&quot;:&quot;121213&quot;,&quot;userid&quot;:&quot;Q838nbz89Y6fI0Es1xd1&quot;,&quot;id&quot;:&quot;BsWLzPjsWhjsV5UqmfIG&quot;},{&quot;accountno&quot;:&quot;KM-345267&quot;,&quot;departmentno&quot;:&quot;2&quot;,&quot;salary&quot;:&quot;232323&quot;,&quot;pincode&quot;:&quot;345231&quot;,&quot;userid&quot;:&quot;yj4lLufi6vTtJtT0MKL8&quot;,&quot;id&quot;:&quot;6HmU2V7IrTZC6NP178nK&quot;},{&quot;accountno&quot;:&quot;KM-345267&quot;,&quot;departmentno&quot;:&quot;2&quot;,&quot;salary&quot;:&quot;232323&quot;,&quot;pincode&quot;:&quot;345231&quot;,&quot;userid&quot;:&quot;ZxNRcGXBjrBzO5sSXoZw&quot;,&quot;id&quot;:&quot;uvHRk9SPS2gPB7kuB7xv&quot;},{&quot;accountno&quot;:&quot;TA-1234567&quot;,&quot;departmentno&quot;:&quot;9&quot;,&quot;salary&quot;:&quot;44444&quot;,&quot;pincode&quot;:&quot;123456&quot;,&quot;userid&quot;:&quot;yj4lLufi6vTtJtT0MKL8&quot;,&quot;id&quot;:&quot;BtZF06iZy69Nif1y2SwV&quot;},{&quot;accountno&quot;:&quot;KM-345267&quot;,&quot;departmentno&quot;:&quot;2&quot;,&quot;salary&quot;:&quot;111&quot;,&quot;pincode&quot;:&quot;345231&quot;,&quot;userid&quot;:&quot;yj4lLufi6vTtJtT0MKL8&quot;,&quot;id&quot;:&quot;gr0cTlbZ8RVisr9HqMyq&quot;},{&quot;accountno&quot;:&quot;TA-1777777&quot;,&quot;departmentno&quot;:&quot;6&quot;,&quot;salary&quot;:&quot;1212&quot;,&quot;pincode&quot;:&quot;121213&quot;,&quot;userid&quot;:&quot;Q838nbz89Y6fI0Es1xd1&quot;,&quot;id&quot;:&quot;weR3Z5K1F3Nggm5rWQGJ&quot;},{&quot;accountno&quot;:&quot;TA-4678577&quot;,&quot;departmentno&quot;:&quot;7&quot;,&quot;salary&quot;:&quot;111777&quot;,&quot;pincode&quot;:&quot;232777&quot;,&quot;userid&quot;:&quot;yj4lLufi6vTtJtT0MKL8&quot;,&quot;id&quot;:&quot;SqjLXgcXglkvSX9fWRKs&quot;},{&quot;accountno&quot;:&quot;TA-4678577&quot;,&quot;departmentno&quot;:&quot;7&quot;,&quot;salary&quot;:&quot;111777&quot;,&quot;pincode&quot;:&quot;232777&quot;,&quot;userid&quot;:&quot;yj4lLufi6vTtJtT0MKL8&quot;,&quot;id&quot;:&quot;hcQbNUfeCd9vDP95LlyZ&quot;},{&quot;accountno&quot;:&quot;TA-4678577&quot;,&quot;departmentno&quot;:&quot;7&quot;,&quot;salary&quot;:&quot;111777&quot;,&quot;pincode&quot;:&quot;232777&quot;,&quot;userid&quot;:&quot;yj4lLufi6vTtJtT0MKL8&quot;,&quot;id&quot;:&quot;MhUZWy5r9ECRf6P9dKaI&quot;},{&quot;accountno&quot;:&quot;TA-4678577&quot;,&quot;departmentno&quot;:&quot;7&quot;,&quot;salary&quot;:&quot;111777&quot;,&quot;pincode&quot;:&quot;232777&quot;,&quot;userid&quot;:&quot;yj4lLufi6vTtJtT0MKL8&quot;,&quot;id&quot;:&quot;3c8Wo9yglEh8scL6JrsQ&quot;},{&quot;accountno&quot;:&quot;TA-4678577&quot;,&quot;departmentno&quot;:&quot;7&quot;,&quot;salary&quot;:&quot;111777&quot;,&quot;pincode&quot;:&quot;232777&quot;,&quot;userid&quot;:&quot;yj4lLufi6vTtJtT0MKL8&quot;,&quot;id&quot;:&quot;bglveviHzBzeraozxeg0&quot;},{&quot;accountno&quot;:&quot;TA-4678576&quot;,&quot;departmentno&quot;:&quot;4&quot;,&quot;salary&quot;:&quot;111000&quot;,&quot;pincode&quot;:&quot;232323&quot;,&quot;userid&quot;:&quot;yj4lLufi6vTtJtT0MKL8&quot;,&quot;id&quot;:&quot;45jZ4T7ueObIewBPrbxA&quot;},{&quot;accountno&quot;:&quot;TA-4678576&quot;,&quot;departmentno&quot;:&quot;4&quot;,&quot;salary&quot;:&quot;111222&quot;,&quot;pincode&quot;:&quot;222333&quot;,&quot;userid&quot;:&quot;yj4lLufi6vTtJtT0MKL8&quot;,&quot;id&quot;:&quot;WGIN0p674Z4VY8W4fMgk&quot;},{&quot;accountno&quot;:&quot;TA-4678576&quot;,&quot;departmentno&quot;:&quot;4&quot;,&quot;salary&quot;:&quot;111222&quot;,&quot;pincode&quot;:&quot;222333&quot;,&quot;userid&quot;:&quot;yj4lLufi6vTtJtT0MKL8&quot;,&quot;id&quot;:&quot;YlB5NkhNpJmzYX9sieQB&quot;},{&quot;accountno&quot;:&quot;TA-4678576&quot;,&quot;departmentno&quot;:&quot;5&quot;,&quot;salary&quot;:&quot;11111&quot;,&quot;pincode&quot;:&quot;222222&quot;,&quot;userid&quot;:&quot;yj4lLufi6vTtJtT0MKL8&quot;,&quot;id&quot;:&quot;qnWU5ifrC569qknE5Hae&quot;},{&quot;accountno&quot;:&quot;TA-4678572&quot;,&quot;departmentno&quot;:&quot;6&quot;,&quot;salary&quot;:&quot;14568&quot;,&quot;pincode&quot;:&quot;160318&quot;,&quot;userid&quot;:&quot;yj4lLufi6vTtJtT0MKL8&quot;,&quot;id&quot;:&quot;dAouUiicTz2Ue8FkoMQc&quot;},{&quot;accountno&quot;:&quot;TA-1777777&quot;,&quot;departmentno&quot;:&quot;6&quot;,&quot;salary&quot;:&quot;1212&quot;,&quot;pincode&quot;:&quot;121213&quot;,&quot;userid&quot;:&quot;Q838nbz89Y6fI0Es1xd1&quot;,&quot;id&quot;:&quot;RzDU79SubqE5geRi86w0&quot;},{&quot;accountno&quot;:&quot;TA-4678946&quot;,&quot;departmentno&quot;:&quot;6&quot;,&quot;salary&quot;:&quot;14568&quot;,&quot;pincode&quot;:&quot;160318&quot;,&quot;userid&quot;:&quot;yj4lLufi6vTtJtT0MKL8&quot;,&quot;id&quot;:&quot;bDzSaPPYbtc1PC7UfYF3&quot;},{&quot;accountno&quot;:&quot;TA-4628291&quot;,&quot;departmentno&quot;:&quot;1&quot;,&quot;salary&quot;:&quot;234567&quot;,&quot;pincode&quot;:&quot;436281&quot;,&quot;userid&quot;:&quot;vWgxzCFg2dEEmc7xfrJj&quot;,&quot;id&quot;:&quot;MiEqsqERMXamaNizNTkB&quot;},{&quot;accountno&quot;:&quot;TA-1777777&quot;,&quot;departmentno&quot;:&quot;6&quot;,&quot;salary&quot;:&quot;1212&quot;,&quot;pincode&quot;:&quot;121213&quot;,&quot;userid&quot;:&quot;Q838nbz89Y6fI0Es1xd1&quot;,&quot;id&quot;:&quot;ns93drH4ZcRUoV7JcfBY&quot;},{&quot;accountno&quot;:&quot;TA-1777777&quot;,&quot;departmentno&quot;:&quot;6&quot;,&quot;salary&quot;:&quot;1212&quot;,&quot;pincode&quot;:&quot;121213&quot;,&quot;userid&quot;:&quot;Q838nbz89Y6fI0Es1xd1&quot;,&quot;id&quot;:&quot;irFFiPChpRnUcBMi9TpA&quot;},{&quot;accountno&quot;:&quot;Post-10001&quot;,&quot;departmentno&quot;:&quot;6&quot;,&quot;salary&quot;:&quot;11000&quot;,&quot;pincode&quot;:&quot;662139&quot;,&quot;userid&quot;:&quot;mbXTX7B2RhyZh8R70DxA&quot;,&quot;id&quot;:&quot;yEcYyTPlgb2vasy8Xb05&quot;},{&quot;accountno&quot;:&quot;MB-120056&quot;,&quot;departmentno&quot;:&quot;1&quot;,&quot;salary&quot;:&quot;800&quot;,&quot;pincode&quot;:&quot;123445&quot;,&quot;userid&quot;:&quot;WdWhJxmQWT4uSoB2p48h&quot;,&quot;id&quot;:&quot;Tmflpw9gxKglygWAHzLQ&quot;},{&quot;accountno&quot;:&quot;MB-120056&quot;,&quot;departmentno&quot;:&quot;1&quot;,&quot;salary&quot;:&quot;800&quot;,&quot;pincode&quot;:&quot;123445&quot;,&quot;userid&quot;:&quot;WdWhJxmQWT4uSoB2p48h&quot;,&quot;id&quot;:&quot;fCwWOa0EniO8ZNNprkYY&quot;},{&quot;accountno&quot;:&quot;TA-1777777&quot;,&quot;departmentno&quot;:&quot;6&quot;,&quot;salary&quot;:&quot;1212&quot;,&quot;pincode&quot;:&quot;121213&quot;,&quot;userid&quot;:&quot;Q838nbz89Y6fI0Es1xd1&quot;,&quot;id&quot;:&quot;iKEcXFOBfkyhlPgHzC7h&quot;},{&quot;accountno&quot;:&quot;MB-120056&quot;,&quot;departmentno&quot;:&quot;1&quot;,&quot;salary&quot;:&quot;800&quot;,&quot;pincode&quot;:&quot;123445&quot;,&quot;userid&quot;:&quot;WdWhJxmQWT4uSoB2p48h&quot;,&quot;id&quot;:&quot;YrSeffZQTjZ28791jMfc&quot;},{&quot;accountno&quot;:&quot;TA-4646465&quot;,&quot;departmentno&quot;:&quot;4&quot;,&quot;salary&quot;:&quot;1000&quot;,&quot;pincode&quot;:&quot;101010&quot;,&quot;userid&quot;:&quot;YpYRkXof0E8y0b1HWPWf&quot;,&quot;id&quot;:&quot;NuFG1dFQpgeKLrQZz2g4&quot;},{&quot;accountno&quot;:&quot;TA-1777777&quot;,&quot;departmentno&quot;:&quot;6&quot;,&quot;salary&quot;:&quot;1212&quot;,&quot;pincode&quot;:&quot;121213&quot;,&quot;userid&quot;:&quot;Q838nbz89Y6fI0Es1xd1&quot;,&quot;id&quot;:&quot;qKzuccgZjwBLxqOosTZp&quot;},{&quot;accountno&quot;:&quot;MB-120056&quot;,&quot;departmentno&quot;:&quot;1&quot;,&quot;salary&quot;:&quot;800&quot;,&quot;pincode&quot;:&quot;123445&quot;,&quot;userid&quot;:&quot;WdWhJxmQWT4uSoB2p48h&quot;,&quot;id&quot;:&quot;LOrqXAwIHUWbRUkJkUK3&quot;},{&quot;accountno&quot;:&quot;MB-120056&quot;,&quot;departmentno&quot;:&quot;1&quot;,&quot;salary&quot;:&quot;800&quot;,&quot;pincode&quot;:&quot;123445&quot;,&quot;userid&quot;:&quot;WdWhJxmQWT4uSoB2p48h&quot;,&quot;id&quot;:&quot;cCzt4KU3YDm2aI62bUj5&quot;},{&quot;accountno&quot;:&quot;MB-120056&quot;,&quot;departmentno&quot;:&quot;1&quot;,&quot;salary&quot;:&quot;800&quot;,&quot;pincode&quot;:&quot;123445&quot;,&quot;userid&quot;:&quot;WdWhJxmQWT4uSoB2p48h&quot;,&quot;id&quot;:&quot;xxozbKphp8BYJUaarSza&quot;},{&quot;accountno&quot;:&quot;MB-120056&quot;,&quot;departmentno&quot;:&quot;1&quot;,&quot;salary&quot;:&quot;800&quot;,&quot;pincode&quot;:&quot;123445&quot;,&quot;userid&quot;:&quot;WdWhJxmQWT4uSoB2p48h&quot;,&quot;id&quot;:&quot;PaLfWhk5Kmn3kouqIVgt&quot;},{&quot;accountno&quot;:&quot;TA-1231234&quot;,&quot;departmentno&quot;:&quot;1&quot;,&quot;salary&quot;:&quot;2&quot;,&quot;pincode&quot;:&quot;123456&quot;,&quot;userid&quot;:&quot;gCjQfhtZVJbhuZ6X7VgG&quot;,&quot;id&quot;:&quot;TdEKmOaU5VFF6vl3KCMi&quot;},{&quot;accountno&quot;:&quot;MB-120056&quot;,&quot;departmentno&quot;:&quot;1&quot;,&quot;salary&quot;:&quot;800&quot;,&quot;pincode&quot;:&quot;123445&quot;,&quot;userid&quot;:&quot;WdWhJxmQWT4uSoB2p48h&quot;,&quot;id&quot;:&quot;Sr4UrQl9DTEzAqVlvCLq&quot;},{&quot;accountno&quot;:&quot;TA-1234565&quot;,&quot;departmentno&quot;:&quot;4&quot;,&quot;salary&quot;:&quot;2344&quot;,&quot;pincode&quot;:&quot;567890&quot;,&quot;userid&quot;:&quot;PdA0aL70CLvbT74ZYZT7&quot;,&quot;id&quot;:&quot;KFvvIMEIJOHjYkY2NqLS&quot;},{&quot;accountno&quot;:&quot;MB-120056&quot;,&quot;departmentno&quot;:&quot;1&quot;,&quot;salary&quot;:&quot;800&quot;,&quot;pincode&quot;:&quot;123445&quot;,&quot;userid&quot;:&quot;WdWhJxmQWT4uSoB2p48h&quot;,&quot;id&quot;:&quot;rN7v423BykiiWWrWi4QB&quot;},{&quot;accountno&quot;:&quot;TA-1777777&quot;,&quot;departmentno&quot;:&quot;6&quot;,&quot;salary&quot;:&quot;1212&quot;,&quot;pincode&quot;:&quot;121213&quot;,&quot;userid&quot;:&quot;Q838nbz89Y6fI0Es1xd1&quot;,&quot;id&quot;:&quot;NnPOHRzOFXa5cj6TMoHR&quot;},{&quot;accountno&quot;:&quot;TA-1777777&quot;,&quot;departmentno&quot;:&quot;6&quot;,&quot;salary&quot;:&quot;1212&quot;,&quot;pincode&quot;:&quot;121213&quot;,&quot;userid&quot;:&quot;Q838nbz89Y6fI0Es1xd1&quot;,&quot;id&quot;:&quot;aJRCb5IgLHHOXBdIESGK&quot;},{&quot;accountno&quot;:&quot;TA-3332336&quot;,&quot;departmentno&quot;:&quot;5&quot;,&quot;salary&quot;:&quot;6435&quot;,&quot;pincode&quot;:&quot;356555&quot;,&quot;userid&quot;:&quot;DMkGbuXbx9J1GEeaTJoJ&quot;,&quot;id&quot;:&quot;kaVh6yycAx96z52ZffVp&quot;},{&quot;accountno&quot;:&quot;TA-1777777&quot;,&quot;departmentno&quot;:&quot;6&quot;,&quot;salary&quot;:&quot;1212&quot;,&quot;pincode&quot;:&quot;121213&quot;,&quot;userid&quot;:&quot;Q838nbz89Y6fI0Es1xd1&quot;,&quot;id&quot;:&quot;iH4C0tLV7yNpZbWUd8Q8&quot;},{&quot;accountno&quot;:&quot;TA-2222222&quot;,&quot;departmentno&quot;:&quot;2&quot;,&quot;salary&quot;:&quot;22222222&quot;,&quot;pincode&quot;:&quot;228765&quot;,&quot;userid&quot;:&quot;DMkGbuXbx9J1GEeaTJoJ&quot;,&quot;id&quot;:&quot;nPas0T2dlktuLiK1Et6y&quot;},{&quot;accountno&quot;:&quot;TA-1777777&quot;,&quot;departmentno&quot;:&quot;6&quot;,&quot;salary&quot;:&quot;1212&quot;,&quot;pincode&quot;:&quot;121213&quot;,&quot;userid&quot;:&quot;Q838nbz89Y6fI0Es1xd1&quot;,&quot;id&quot;:&quot;4Na6aIcczVOpwkDgd4iJ&quot;},{&quot;accountno&quot;:&quot;&quot;,&quot;departmentno&quot;:&quot;&quot;,&quot;salary&quot;:&quot;&quot;,&quot;pincode&quot;:&quot;&quot;,&quot;userid&quot;:&quot;pbGSCceO3YK5zI6QgXTN&quot;,&quot;id&quot;:&quot;aedH3tJyZkiulGy7rLRQ&quot;},{&quot;accountno&quot;:&quot;&quot;,&quot;departmentno&quot;:&quot;5&quot;,&quot;salary&quot;:&quot;46656&quot;,&quot;pincode&quot;:&quot;454734&quot;,&quot;userid&quot;:&quot;pbGSCceO3YK5zI6QgXTN&quot;,&quot;id&quot;:&quot;uJLg9LCcAboVk8sFz6jy&quot;},{&quot;accountno&quot;:&quot;&quot;,&quot;departmentno&quot;:&quot;5&quot;,&quot;salary&quot;:&quot;46656&quot;,&quot;pincode&quot;:&quot;454734&quot;,&quot;userid&quot;:&quot;pbGSCceO3YK5zI6QgXTN&quot;,&quot;id&quot;:&quot;79GGzXuxNR8cgObgK3HL&quot;},{&quot;accountno&quot;:&quot;1&quot;,&quot;departmentno&quot;:&quot;5&quot;,&quot;salary&quot;:&quot;46656&quot;,&quot;pincode&quot;:&quot;454734&quot;,&quot;userid&quot;:&quot;pbGSCceO3YK5zI6QgXTN&quot;,&quot;id&quot;:&quot;g8th0ziZy6zlsJSA9UVR&quot;},{&quot;accountno&quot;:&quot;TA-4569999&quot;,&quot;departmentno&quot;:&quot;5&quot;,&quot;salary&quot;:&quot;46656&quot;,&quot;pincode&quot;:&quot;454734&quot;,&quot;userid&quot;:&quot;pbGSCceO3YK5zI6QgXTN&quot;,&quot;id&quot;:&quot;zW8bMc3dI8teMElqdQFr&quot;},{&quot;accountno&quot;:&quot;1&quot;,&quot;departmentno&quot;:&quot;5&quot;,&quot;salary&quot;:&quot;46656&quot;,&quot;pincode&quot;:&quot;454734&quot;,&quot;userid&quot;:&quot;pbGSCceO3YK5zI6QgXTN&quot;,&quot;id&quot;:&quot;45iS3HOmp8qp8CLBz19z&quot;},{&quot;accountno&quot;:&quot;TA-1777777&quot;,&quot;departmentno&quot;:&quot;6&quot;,&quot;salary&quot;:&quot;1212&quot;,&quot;pincode&quot;:&quot;121213&quot;,&quot;userid&quot;:&quot;Q838nbz89Y6fI0Es1xd1&quot;,&quot;id&quot;:&quot;HMRAq1Ak8EE5uwrs4XLu&quot;},{&quot;accountno&quot;:&quot;BN-1234535&quot;,&quot;departmentno&quot;:&quot;7&quot;,&quot;salary&quot;:&quot;12190&quot;,&quot;pincode&quot;:&quot;123458&quot;,&quot;userid&quot;:&quot;wvTE1ZsqbgfOMtiFejpq&quot;,&quot;id&quot;:&quot;iUyganD50LEDkhd2hogb&quot;},{&quot;accountno&quot;:&quot;TA-1231234&quot;,&quot;departmentno&quot;:&quot;1&quot;,&quot;salary&quot;:&quot;2&quot;,&quot;pincode&quot;:&quot;123456&quot;,&quot;userid&quot;:&quot;gCjQfhtZVJbhuZ6X7VgG&quot;,&quot;id&quot;:&quot;42sagpyq4srDlM9S3dbe&quot;},{&quot;accountno&quot;:&quot;TA-4536987&quot;,&quot;departmentno&quot;:&quot;2&quot;,&quot;salary&quot;:&quot;10000&quot;,&quot;pincode&quot;:&quot;515001&quot;,&quot;userid&quot;:&quot;Wds87VcJ95nrcl866aSE&quot;,&quot;id&quot;:&quot;u2uUNyZUvvxtLtEyCtyL&quot;},{&quot;accountno&quot;:&quot;TA-4536987&quot;,&quot;departmentno&quot;:&quot;2&quot;,&quot;salary&quot;:&quot;10000&quot;,&quot;pincode&quot;:&quot;515001&quot;,&quot;userid&quot;:&quot;Wds87VcJ95nrcl866aSE&quot;,&quot;id&quot;:&quot;77wWvIhNrsyLbVkcQESb&quot;},{&quot;accountno&quot;:&quot;TA-4536987&quot;,&quot;departmentno&quot;:&quot;2&quot;,&quot;salary&quot;:&quot;10000&quot;,&quot;pincode&quot;:&quot;515001&quot;,&quot;userid&quot;:&quot;yj4lLufi6vTtJtT0MKL8&quot;,&quot;id&quot;:&quot;ms2u6XT6WxWzw7ooeRFa&quot;},{&quot;accountno&quot;:&quot;TA-4536987&quot;,&quot;departmentno&quot;:&quot;2&quot;,&quot;salary&quot;:&quot;10000&quot;,&quot;pincode&quot;:&quot;515001&quot;,&quot;userid&quot;:&quot;yj4lLufi6vTtJtT0MKL8&quot;,&quot;id&quot;:&quot;iR9Xd86QjgHxJiK2XQhX&quot;},{&quot;accountno&quot;:&quot;TA-9090909&quot;,&quot;departmentno&quot;:&quot;9&quot;,&quot;salary&quot;:&quot;90000&quot;,&quot;pincode&quot;:&quot;909090&quot;,&quot;userid&quot;:&quot;to2Nbgl1L91P2KBIJf8p&quot;,&quot;id&quot;:&quot;3909zo7934kRUUEzwoJa&quot;},{&quot;accountno&quot;:&quot;TA-4536987&quot;,&quot;departmentno&quot;:&quot;2&quot;,&quot;salary&quot;:&quot;10000&quot;,&quot;pincode&quot;:&quot;515001&quot;,&quot;userid&quot;:&quot;yj4lLufi6vTtJtT0MKL8&quot;,&quot;id&quot;:&quot;aVmCr4NBXaxYUw9xI1Ic&quot;},{&quot;accountno&quot;:&quot;TA-9090909&quot;,&quot;departmentno&quot;:&quot;9&quot;,&quot;salary&quot;:&quot;90000&quot;,&quot;pincode&quot;:&quot;909090&quot;,&quot;userid&quot;:&quot;to2Nbgl1L91P2KBIJf8p&quot;,&quot;id&quot;:&quot;opUYlnrKp3CmZJxbhghs&quot;},{&quot;accountno&quot;:&quot;TA-4536987&quot;,&quot;departmentno&quot;:&quot;2&quot;,&quot;salary&quot;:&quot;10000&quot;,&quot;pincode&quot;:&quot;515001&quot;,&quot;userid&quot;:&quot;yj4lLufi6vTtJtT0MKL8&quot;,&quot;id&quot;:&quot;N7VBDgVDKP66HcM0KqcH&quot;},{&quot;accountno&quot;:&quot;TA-9090909&quot;,&quot;departmentno&quot;:&quot;9&quot;,&quot;salary&quot;:&quot;90000&quot;,&quot;pincode&quot;:&quot;909090&quot;,&quot;userid&quot;:&quot;to2Nbgl1L91P2KBIJf8p&quot;,&quot;id&quot;:&quot;ZOKUHUS6tAmZfQNoqSru&quot;},{&quot;accountno&quot;:&quot;TA-4536987&quot;,&quot;departmentno&quot;:&quot;2&quot;,&quot;salary&quot;:&quot;10000&quot;,&quot;pincode&quot;:&quot;515001&quot;,&quot;userid&quot;:&quot;Wds87VcJ95nrcl866aSE&quot;,&quot;id&quot;:&quot;0tBab7nP4Rs4X1rRfPQI&quot;},{&quot;accountno&quot;:&quot;TA-1777777&quot;,&quot;departmentno&quot;:&quot;6&quot;,&quot;salary&quot;:&quot;1212&quot;,&quot;pincode&quot;:&quot;121213&quot;,&quot;userid&quot;:&quot;Q838nbz89Y6fI0Es1xd1&quot;,&quot;id&quot;:&quot;UHa4fOmmBJbAswVqxR5e&quot;},{&quot;accountno&quot;:&quot;AB-4565999&quot;,&quot;departmentno&quot;:&quot;5&quot;,&quot;salary&quot;:&quot;46656&quot;,&quot;pincode&quot;:&quot;454734&quot;,&quot;userid&quot;:&quot;pbGSCceO3YK5zI6QgXTN&quot;,&quot;id&quot;:&quot;rBHeBib3cfTKFXxQJOwY&quot;},{&quot;accountno&quot;:&quot;TA-9090909&quot;,&quot;departmentno&quot;:&quot;9&quot;,&quot;salary&quot;:&quot;90000&quot;,&quot;pincode&quot;:&quot;909090&quot;,&quot;userid&quot;:&quot;to2Nbgl1L91P2KBIJf8p&quot;,&quot;id&quot;:&quot;0tlUejdDPpELpJeLCCqD&quot;},{&quot;accountno&quot;:&quot;TA-1234565&quot;,&quot;departmentno&quot;:&quot;4&quot;,&quot;salary&quot;:&quot;2344&quot;,&quot;pincode&quot;:&quot;567890&quot;,&quot;userid&quot;:&quot;PdA0aL70CLvbT74ZYZT7&quot;,&quot;id&quot;:&quot;1a2LCrsDCGTofj3MccdE&quot;},{&quot;accountno&quot;:&quot;TA-1234565&quot;,&quot;departmentno&quot;:&quot;4&quot;,&quot;salary&quot;:&quot;2344&quot;,&quot;pincode&quot;:&quot;567890&quot;,&quot;userid&quot;:&quot;PdA0aL70CLvbT74ZYZT7&quot;,&quot;id&quot;:&quot;gY884WtAYyJRV74LnDU1&quot;},{&quot;accountno&quot;:&quot;TA-1777777&quot;,&quot;departmentno&quot;:&quot;6&quot;,&quot;salary&quot;:&quot;1212&quot;,&quot;pincode&quot;:&quot;121213&quot;,&quot;userid&quot;:&quot;Q838nbz89Y6fI0Es1xd1&quot;,&quot;id&quot;:&quot;mJJlFvYkpahV7Kt7HIYg&quot;},{&quot;accountno&quot;:&quot;TA-1232324&quot;,&quot;departmentno&quot;:&quot;1&quot;,&quot;salary&quot;:&quot;1000&quot;,&quot;pincode&quot;:&quot;222222&quot;,&quot;userid&quot;:&quot;oqMOSzlPA8WB6RX8Gw2Z&quot;,&quot;id&quot;:&quot;xm6Q3R3FwhcuRohyJG6X&quot;},{&quot;accountno&quot;:&quot;TA-1777777&quot;,&quot;departmentno&quot;:&quot;6&quot;,&quot;salary&quot;:&quot;1212&quot;,&quot;pincode&quot;:&quot;121213&quot;,&quot;userid&quot;:&quot;Q838nbz89Y6fI0Es1xd1&quot;,&quot;id&quot;:&quot;oj6p6a9DKWqkLqMKV2Z7&quot;},{&quot;accountno&quot;:&quot;AB-4565999&quot;,&quot;departmentno&quot;:&quot;5&quot;,&quot;salary&quot;:&quot;46656&quot;,&quot;pincode&quot;:&quot;454734&quot;,&quot;userid&quot;:&quot;pbGSCceO3YK5zI6QgXTN&quot;,&quot;id&quot;:&quot;iqSYo4tSOXxZ5UKQffhc&quot;},{&quot;accountno&quot;:&quot;AB-4565999&quot;,&quot;departmentno&quot;:&quot;5&quot;,&quot;salary&quot;:&quot;46656&quot;,&quot;pincode&quot;:&quot;454734&quot;,&quot;userid&quot;:&quot;pbGSCceO3YK5zI6QgXTN&quot;,&quot;id&quot;:&quot;qsuOdp0CSj1QQXAhavW9&quot;},{&quot;accountno&quot;:&quot;AB-4565999&quot;,&quot;departmentno&quot;:&quot;5&quot;,&quot;salary&quot;:&quot;46656&quot;,&quot;pincode&quot;:&quot;454734&quot;,&quot;userid&quot;:&quot;pbGSCceO3YK5zI6QgXTN&quot;,&quot;id&quot;:&quot;nPi27ihzbQlsIlqNbOuj&quot;},{&quot;accountno&quot;:&quot;TA-4536987&quot;,&quot;departmentno&quot;:&quot;2&quot;,&quot;salary&quot;:&quot;10000&quot;,&quot;pincode&quot;:&quot;515001&quot;,&quot;userid&quot;:&quot;Wds87VcJ95nrcl866aSE&quot;,&quot;id&quot;:&quot;g2BUJ0PXfoyX0Pt1Rwr5&quot;},{&quot;accountno&quot;:&quot;MB-120056&quot;,&quot;departmentno&quot;:&quot;1&quot;,&quot;salary&quot;:&quot;800&quot;,&quot;pincode&quot;:&quot;123445&quot;,&quot;userid&quot;:&quot;WdWhJxmQWT4uSoB2p48h&quot;,&quot;id&quot;:&quot;MBW3sByReg0dS9WipHV4&quot;},{&quot;accountno&quot;:&quot;TA-1234567&quot;,&quot;departmentno&quot;:&quot;6&quot;,&quot;salary&quot;:&quot;12345&quot;,&quot;pincode&quot;:&quot;123456&quot;,&quot;userid&quot;:&quot;Bl9Tdos8Zn7fDhEqJa1k&quot;,&quot;id&quot;:&quot;EkeT4SEwpW3usTlAVPyR&quot;},{&quot;accountno&quot;:&quot;TA-1234567&quot;,&quot;departmentno&quot;:&quot;6&quot;,&quot;salary&quot;:&quot;12345&quot;,&quot;pincode&quot;:&quot;123456&quot;,&quot;userid&quot;:&quot;Bl9Tdos8Zn7fDhEqJa1k&quot;,&quot;id&quot;:&quot;5czpC4j51OEKbKCrUkTF&quot;},{&quot;accountno&quot;:&quot;TA-1234567&quot;,&quot;departmentno&quot;:&quot;6&quot;,&quot;salary&quot;:&quot;12345&quot;,&quot;pincode&quot;:&quot;123456&quot;,&quot;userid&quot;:&quot;Bl9Tdos8Zn7fDhEqJa1k&quot;,&quot;id&quot;:&quot;azJr18NBKISRE5Ld0EHm&quot;},{&quot;accountno&quot;:&quot;KM-345267&quot;,&quot;departmentno&quot;:&quot;2&quot;,&quot;salary&quot;:&quot;232323&quot;,&quot;pincode&quot;:&quot;345231&quot;,&quot;userid&quot;:&quot;ZxNRcGXBjrBzO5sSXoZw&quot;,&quot;id&quot;:&quot;dUzx8gOKLTuyX4o8xOK6&quot;},{&quot;accountno&quot;:&quot;KM-345267&quot;,&quot;departmentno&quot;:&quot;2&quot;,&quot;salary&quot;:&quot;111&quot;,&quot;pincode&quot;:&quot;345231&quot;,&quot;userid&quot;:&quot;yj4lLufi6vTtJtT0MKL8&quot;,&quot;id&quot;:&quot;iyheYdZ4KOFyj9lc19X4&quot;},{&quot;accountno&quot;:&quot;TA-1777777&quot;,&quot;departmentno&quot;:&quot;6&quot;,&quot;salary&quot;:&quot;1212&quot;,&quot;pincode&quot;:&quot;121213&quot;,&quot;userid&quot;:&quot;Q838nbz89Y6fI0Es1xd1&quot;,&quot;id&quot;:&quot;2f43aFnCKCHfhKdqu97W&quot;},{&quot;accountno&quot;:&quot;VP-1234566&quot;,&quot;departmentno&quot;:&quot;1&quot;,&quot;salary&quot;:&quot;1&quot;,&quot;pincode&quot;:&quot;123456&quot;,&quot;userid&quot;:&quot;ZxNRcGXBjrBzO5sSXoZw&quot;,&quot;id&quot;:&quot;13br1GEsQ6dCePlFuySk&quot;},{&quot;accountno&quot;:&quot;KM-345267&quot;,&quot;departmentno&quot;:&quot;2&quot;,&quot;salary&quot;:&quot;111&quot;,&quot;pincode&quot;:&quot;345231&quot;,&quot;userid&quot;:&quot;yj4lLufi6vTtJtT0MKL8&quot;,&quot;id&quot;:&quot;5r1Bzam3NrMTSfFb4A3n&quot;},{&quot;accountno&quot;:&quot;KM-345267&quot;,&quot;departmentno&quot;:&quot;2&quot;,&quot;salary&quot;:&quot;111&quot;,&quot;pincode&quot;:&quot;345231&quot;,&quot;userid&quot;:&quot;yj4lLufi6vTtJtT0MKL8&quot;,&quot;id&quot;:&quot;9yMrMZygQlsx6NisUdtx&quot;},{&quot;accountno&quot;:&quot;KM-345267&quot;,&quot;departmentno&quot;:&quot;2&quot;,&quot;salary&quot;:&quot;111&quot;,&quot;pincode&quot;:&quot;345231&quot;,&quot;userid&quot;:&quot;yj4lLufi6vTtJtT0MKL8&quot;,&quot;id&quot;:&quot;0RutkkWEutvRazL1WWFu&quot;},{&quot;accountno&quot;:&quot;TA-0522BAt&quot;,&quot;departmentno&quot;:&quot;3&quot;,&quot;salary&quot;:&quot;75778&quot;,&quot;pincode&quot;:&quot;674839&quot;,&quot;userid&quot;:&quot;x4PKb7FyIVOCFwlJKRfB&quot;,&quot;id&quot;:&quot;DOiwlg3yVj3Jwc719eXf&quot;},{&quot;accountno&quot;:&quot;TA-1777777&quot;,&quot;departmentno&quot;:&quot;6&quot;,&quot;salary&quot;:&quot;1212&quot;,&quot;pincode&quot;:&quot;121213&quot;,&quot;userid&quot;:&quot;Q838nbz89Y6fI0Es1xd1&quot;,&quot;id&quot;:&quot;vDmWvwMLZbWcBVDS4QKR&quot;},{&quot;accountno&quot;:&quot;Gee9872323&quot;,&quot;departmentno&quot;:&quot; 9&quot;,&quot;salary&quot;:&quot;7879&quot;,&quot;pincode&quot;:&quot;876563&quot;,&quot;userid&quot;:&quot;vSJ32HvDM5LNdrhyAvu4&quot;,&quot;id&quot;:&quot;cI5wDJAB1xzNYqZ47svy&quot;},{&quot;accountno&quot;:&quot;TA-7876787&quot;,&quot;departmentno&quot;:7,&quot;salary&quot;:6,&quot;pincode&quot;:100008,&quot;userid&quot;:&quot;YpYRkXof0E8y0b1HWPWf&quot;,&quot;id&quot;:&quot;VIv95ZwX5e2K9AGpQNoH&quot;},{&quot;accountno&quot;:&quot;TA-1234565&quot;,&quot;departmentno&quot;:&quot;4&quot;,&quot;salary&quot;:&quot;2344&quot;,&quot;pincode&quot;:&quot;567890&quot;,&quot;userid&quot;:&quot;PdA0aL70CLvbT74ZYZT7&quot;,&quot;id&quot;:&quot;Fhv1DettV2vFFjaMacz8&quot;},{&quot;accountno&quot;:&quot;TA-3421675&quot;,&quot;departmentno&quot;:6,&quot;salary&quot;:1110,&quot;pincode&quot;:234156,&quot;userid&quot;:&quot;v6ZDMRBfI5zsQ4wpV8zp&quot;,&quot;id&quot;:&quot;BpAiDcZtI82sSGuudlOY&quot;},{&quot;accountno&quot;:&quot;TA-1777777&quot;,&quot;departmentno&quot;:&quot;6&quot;,&quot;salary&quot;:&quot;1212&quot;,&quot;pincode&quot;:&quot;121213&quot;,&quot;userid&quot;:&quot;Q838nbz89Y6fI0Es1xd1&quot;,&quot;id&quot;:&quot;fzjXu6OHoZw7njhnPj4g&quot;},{&quot;accountno&quot;:&quot;TA-1237990&quot;,&quot;departmentno&quot;:&quot;3&quot;,&quot;salary&quot;:&quot;12567&quot;,&quot;pincode&quot;:&quot;560093&quot;,&quot;userid&quot;:&quot;61Vn9O0lmw7dVGPHIyaI&quot;,&quot;id&quot;:&quot;C9RoPthY0dv5BLGcIEch&quot;},{&quot;accountno&quot;:&quot;TA-1777777&quot;,&quot;departmentno&quot;:&quot;6&quot;,&quot;salary&quot;:&quot;1212&quot;,&quot;pincode&quot;:&quot;121213&quot;,&quot;userid&quot;:&quot;Q838nbz89Y6fI0Es1xd1&quot;,&quot;id&quot;:&quot;DLu0YgmTJfN2yhmPLMJ5&quot;},{&quot;accountno&quot;:&quot;TA-3421666&quot;,&quot;departmentno&quot;:4,&quot;salary&quot;:1112,&quot;pincode&quot;:234156,&quot;userid&quot;:&quot;v6ZDMRBfI5zsQ4wpV8zp&quot;,&quot;id&quot;:&quot;xAa8V9ParOMyVvA34rCb&quot;},{&quot;accountno&quot;:&quot;TA-1111111&quot;,&quot;departmentno&quot;:&quot;4&quot;,&quot;salary&quot;:&quot;2000&quot;,&quot;pincode&quot;:&quot;222222&quot;,&quot;userid&quot;:&quot;v6ZDMRBfI5zsQ4wpV8zp&quot;,&quot;id&quot;:&quot;KJnNq66bF4FDO4k4NOnV&quot;},{&quot;accountno&quot;:&quot;TA-99887766&quot;,&quot;departmentno&quot;:&quot;1&quot;,&quot;salary&quot;:&quot;11&quot;,&quot;pincode&quot;:&quot;330333&quot;,&quot;userid&quot;:&quot;DGW1ho638WUDpYOVLzH0&quot;,&quot;id&quot;:&quot;XIJEOcKriLrEtd7QoHz3&quot;},{&quot;accountno&quot;:&quot;TA-1234565&quot;,&quot;departmentno&quot;:&quot;4&quot;,&quot;salary&quot;:&quot;2344&quot;,&quot;pincode&quot;:&quot;567890&quot;,&quot;userid&quot;:&quot;PdA0aL70CLvbT74ZYZT7&quot;,&quot;id&quot;:&quot;JAohOKEnFSORTqGtldNy&quot;},{&quot;accountno&quot;:&quot;TA-Zara&quot;,&quot;departmentno&quot;:&quot;5&quot;,&quot;salary&quot;:&quot;11000&quot;,&quot;pincode&quot;:&quot;355467&quot;,&quot;userid&quot;:&quot;4yFTZrJvMNYNnOGWLX08&quot;,&quot;id&quot;:&quot;NRxXBCWlpIPF5YqgtNDK&quot;},{&quot;accountno&quot;:&quot;TA-5531992873&quot;,&quot;departmentno&quot;:&quot;15&quot;,&quot;salary&quot;:&quot;11000&quot;,&quot;pincode&quot;:&quot;35546789&quot;,&quot;userid&quot;:&quot;4yFTZrJvMNYNnOGWLX08&quot;,&quot;id&quot;:&quot;zbTkEgzoMgAlLPD0a0uv&quot;},{&quot;accountno&quot;:&quot;TA-55319928&quot;,&quot;departmentno&quot;:&quot;5&quot;,&quot;salary&quot;:&quot;11000&quot;,&quot;pincode&quot;:&quot;355467&quot;,&quot;userid&quot;:&quot;4yFTZrJvMNYNnOGWLX08&quot;,&quot;id&quot;:&quot;RmLEQ6YT5wSGd2ewWClu&quot;},{&quot;accountno&quot;:&quot;TA-4536987&quot;,&quot;departmentno&quot;:&quot;2&quot;,&quot;salary&quot;:&quot;10000&quot;,&quot;pincode&quot;:&quot;515001&quot;,&quot;userid&quot;:&quot;Wds87VcJ95nrcl866aSE&quot;,&quot;id&quot;:&quot;F68IrEWdBTnH9Zuu9mLJ&quot;},{&quot;accountno&quot;:&quot;TA-4536987&quot;,&quot;departmentno&quot;:&quot;2&quot;,&quot;salary&quot;:&quot;10000&quot;,&quot;pincode&quot;:&quot;515001&quot;,&quot;userid&quot;:&quot;Wds87VcJ95nrcl866aSE&quot;,&quot;id&quot;:&quot;w4aKpX1Xkl1XGFMVxB9R&quot;},{&quot;accountno&quot;:&quot;TA-4536987&quot;,&quot;departmentno&quot;:&quot;2&quot;,&quot;salary&quot;:&quot;10000&quot;,&quot;pincode&quot;:&quot;515001&quot;,&quot;userid&quot;:&quot;Wds87VcJ95nrcl866aSE&quot;,&quot;id&quot;:&quot;ckYzFCOM2v5wUGdNYdet&quot;},{&quot;accountno&quot;:&quot;TR-1234567&quot;,&quot;departmentno&quot;:&quot;9&quot;,&quot;salary&quot;:&quot;99999&quot;,&quot;pincode&quot;:&quot;123456&quot;,&quot;userid&quot;:&quot;UASuqvD1p0dfIWTRALf5&quot;,&quot;id&quot;:&quot;n7tbn6jsF9tGBJgGUiey&quot;},{&quot;accountno&quot;:&quot;TA-1231234&quot;,&quot;departmentno&quot;:&quot;1&quot;,&quot;salary&quot;:&quot;2&quot;,&quot;pincode&quot;:&quot;123456&quot;,&quot;userid&quot;:&quot;gCjQfhtZVJbhuZ6X7VgG&quot;,&quot;id&quot;:&quot;NAErli5FFu2PNdkymwkC&quot;},{&quot;accountno&quot;:&quot;TA-1234590&quot;,&quot;departmentno&quot;:&quot;6&quot;,&quot;salary&quot;:&quot;3456&quot;,&quot;pincode&quot;:&quot;098776&quot;,&quot;userid&quot;:&quot;PdA0aL70CLvbT74ZYZT7&quot;,&quot;id&quot;:&quot;cAwCYDtDSwTC3KvMvmb7&quot;},{&quot;accountno&quot;:&quot;TA-4536987&quot;,&quot;departmentno&quot;:&quot;2&quot;,&quot;salary&quot;:&quot;10000&quot;,&quot;pincode&quot;:&quot;515001&quot;,&quot;userid&quot;:&quot;Wds87VcJ95nrcl866aSE&quot;,&quot;id&quot;:&quot;wGBaGmpr5qbsLknAipfx&quot;},{&quot;accountno&quot;:&quot;TA-1234590&quot;,&quot;departmentno&quot;:&quot;6&quot;,&quot;salary&quot;:&quot;3456&quot;,&quot;pincode&quot;:&quot;098776&quot;,&quot;userid&quot;:&quot;PdA0aL70CLvbT74ZYZT7&quot;,&quot;id&quot;:&quot;sOUl3XSJuypwPn7s6bDb&quot;},{&quot;accountno&quot;:&quot;TA-9797979&quot;,&quot;departmentno&quot;:&quot;7&quot;,&quot;salary&quot;:&quot;8&quot;,&quot;pincode&quot;:&quot;988779&quot;,&quot;userid&quot;:&quot;I6nBxzjk6VkW6NHrUDCN&quot;,&quot;id&quot;:&quot;fHP3JUN94t4gfWWzBShf&quot;},{&quot;accountno&quot;:&quot;TA-7778889&quot;,&quot;departmentno&quot;:&quot;7&quot;,&quot;salary&quot;:&quot;8&quot;,&quot;pincode&quot;:&quot;988779&quot;,&quot;userid&quot;:&quot;I6nBxzjk6VkW6NHrUDCN&quot;,&quot;id&quot;:&quot;RZKvToVhyyjv19KqbR6O&quot;},{&quot;accountno&quot;:&quot;TA-3421676&quot;,&quot;departmentno&quot;:&quot;2&quot;,&quot;salary&quot;:&quot;1112&quot;,&quot;pincode&quot;:&quot;234156&quot;,&quot;userid&quot;:&quot;v6ZDMRBfI5zsQ4wpV8zp&quot;,&quot;id&quot;:&quot;OSGnnGVIbtKQMlza1sjr&quot;},{&quot;accountno&quot;:&quot;TA-1231234&quot;,&quot;departmentno&quot;:&quot;1&quot;,&quot;salary&quot;:&quot;2&quot;,&quot;pincode&quot;:&quot;123456&quot;,&quot;userid&quot;:&quot;gCjQfhtZVJbhuZ6X7VgG&quot;,&quot;id&quot;:&quot;LVTCMyugsiB5M5FpLoX1&quot;},{&quot;accountno&quot;:&quot;TA-1231234&quot;,&quot;departmentno&quot;:&quot;1&quot;,&quot;salary&quot;:&quot;2&quot;,&quot;pincode&quot;:&quot;123456&quot;,&quot;userid&quot;:&quot;gCjQfhtZVJbhuZ6X7VgG&quot;,&quot;id&quot;:&quot;KA5PzF1ZpUhpdxaK7LGd&quot;},{&quot;accountno&quot;:&quot;TA-5531992873&quot;,&quot;departmentno&quot;:&quot;15&quot;,&quot;salary&quot;:&quot;11000&quot;,&quot;pincode&quot;:&quot;35546789&quot;,&quot;userid&quot;:&quot;4yFTZrJvMNYNnOGWLX08&quot;,&quot;id&quot;:&quot;01rpTqQ9HAZUkAvjdUeW&quot;},{&quot;accountno&quot;:&quot;TA-55319928&quot;,&quot;departmentno&quot;:&quot;5&quot;,&quot;salary&quot;:&quot;11000&quot;,&quot;pincode&quot;:&quot;355467&quot;,&quot;userid&quot;:&quot;4yFTZrJvMNYNnOGWLX08&quot;,&quot;id&quot;:&quot;nKZsFiaMrzBEEeypxVbw&quot;},{&quot;accountno&quot;:&quot;TA-55319928&quot;,&quot;departmentno&quot;:&quot;5&quot;,&quot;salary&quot;:&quot;11000&quot;,&quot;pincode&quot;:&quot;355467&quot;,&quot;userid&quot;:&quot;4yFTZrJvMNYNnOGWLX08&quot;,&quot;id&quot;:&quot;Zi2EUoIra8jJcOBHlVJX&quot;},{&quot;accountno&quot;:&quot;TA-Zara&quot;,&quot;departmentno&quot;:&quot;5&quot;,&quot;salary&quot;:&quot;11000&quot;,&quot;pincode&quot;:&quot;355467&quot;,&quot;userid&quot;:&quot;4yFTZrJvMNYNnOGWLX08&quot;,&quot;id&quot;:&quot;0Zv6LOzFg790lZEg7wZ8&quot;},{&quot;accountno&quot;:&quot;TA-5531992873&quot;,&quot;departmentno&quot;:&quot;15&quot;,&quot;salary&quot;:&quot;11000&quot;,&quot;pincode&quot;:&quot;35546789&quot;,&quot;userid&quot;:&quot;4yFTZrJvMNYNnOGWLX08&quot;,&quot;id&quot;:&quot;xzK3E5xcChQ7AqpCRy2H&quot;},{&quot;accountno&quot;:&quot;TA-553199287&quot;,&quot;departmentno&quot;:&quot;11&quot;,&quot;salary&quot;:&quot;11000&quot;,&quot;pincode&quot;:&quot;3554678&quot;,&quot;userid&quot;:&quot;4yFTZrJvMNYNnOGWLX08&quot;,&quot;id&quot;:&quot;APjhpsqAXiC09zBiEOO1&quot;},{&quot;accountno&quot;:&quot;TA-553199287&quot;,&quot;departmentno&quot;:&quot;11&quot;,&quot;salary&quot;:&quot;11000&quot;,&quot;pincode&quot;:&quot;3554678&quot;,&quot;userid&quot;:&quot;4yFTZrJvMNYNnOGWLX08&quot;,&quot;id&quot;:&quot;d6oKHBDRGfNcvCkchPZx&quot;},{&quot;accountno&quot;:&quot;TA-ratnaku&quot;,&quot;departmentno&quot;:&quot;3&quot;,&quot;salary&quot;:&quot;2000&quot;,&quot;pincode&quot;:&quot;945888&quot;,&quot;userid&quot;:&quot;Qd2hw3MawHGfM9jvrUJJ&quot;,&quot;id&quot;:&quot;SEYI42jHUPGfHzBa05Nj&quot;},{&quot;accountno&quot;:&quot;TA-ratnaku&quot;,&quot;departmentno&quot;:&quot;3&quot;,&quot;salary&quot;:&quot;2000&quot;,&quot;pincode&quot;:&quot;945888&quot;,&quot;userid&quot;:&quot;Qd2hw3MawHGfM9jvrUJJ&quot;,&quot;id&quot;:&quot;qvZ4xw4jiDuzLg4XCZAk&quot;},{&quot;accountno&quot;:&quot;TA-ratnaku&quot;,&quot;departmentno&quot;:&quot;3&quot;,&quot;salary&quot;:&quot;2000&quot;,&quot;pincode&quot;:&quot;945888&quot;,&quot;userid&quot;:&quot;Qd2hw3MawHGfM9jvrUJJ&quot;,&quot;id&quot;:&quot;qUKeZI7ikoYXqfiIJTgB&quot;},{&quot;accountno&quot;:&quot;TA-ratnaku&quot;,&quot;departmentno&quot;:&quot;3&quot;,&quot;salary&quot;:&quot;2000&quot;,&quot;pincode&quot;:&quot;945888&quot;,&quot;userid&quot;:&quot;Qd2hw3MawHGfM9jvrUJJ&quot;,&quot;id&quot;:&quot;yRiDYwYxYYmmojC8y2cU&quot;},{&quot;accountno&quot;:&quot;TA-1212121&quot;,&quot;departmentno&quot;:&quot;1&quot;,&quot;salary&quot;:&quot;1212&quot;,&quot;pincode&quot;:&quot;121212&quot;,&quot;userid&quot;:&quot;Q838nbz89Y6fI0Es1xd1&quot;,&quot;id&quot;:&quot;5u0rajuOsMAEcq1Ahgld&quot;},{&quot;accountno&quot;:&quot;TA-ratnaku&quot;,&quot;departmentno&quot;:&quot;3&quot;,&quot;salary&quot;:&quot;2000&quot;,&quot;pincode&quot;:&quot;945888&quot;,&quot;userid&quot;:&quot;Qd2hw3MawHGfM9jvrUJJ&quot;,&quot;id&quot;:&quot;xdrJj7sNpjUsZfenhAQf&quot;},{&quot;accountno&quot;:&quot;TA-3333333&quot;,&quot;departmentno&quot;:&quot;4&quot;,&quot;salary&quot;:&quot;4567&quot;,&quot;pincode&quot;:&quot;444433&quot;,&quot;userid&quot;:&quot;Q838nbz89Y6fI0Es1xd1&quot;,&quot;id&quot;:&quot;0FaRgtuF5n1mHJs018Jl&quot;},{&quot;accountno&quot;:&quot;TA-45645678&quot;,&quot;departmentno&quot;:&quot;9&quot;,&quot;salary&quot;:&quot;50000&quot;,&quot;pincode&quot;:&quot;560104&quot;,&quot;userid&quot;:&quot;61Vn9O0lmw7dVGPHIyaI&quot;,&quot;id&quot;:&quot;1bHpidA1FHn2n7hB80s0&quot;},{&quot;accountno&quot;:&quot;TA-3333333&quot;,&quot;departmentno&quot;:&quot;5&quot;,&quot;salary&quot;:&quot;4567&quot;,&quot;pincode&quot;:&quot;567324&quot;,&quot;userid&quot;:&quot;Q838nbz89Y6fI0Es1xd1&quot;,&quot;id&quot;:&quot;Cce7zkJRoXyjBbGAd3rJ&quot;},{&quot;accountno&quot;:&quot;TA-8899007&quot;,&quot;departmentno&quot;:&quot;9&quot;,&quot;salary&quot;:&quot;80000&quot;,&quot;pincode&quot;:&quot;009988&quot;,&quot;userid&quot;:&quot;DGW1ho638WUDpYOVLzH0&quot;,&quot;id&quot;:&quot;PuY1Bh6Dub90LrlC91XL&quot;},{&quot;accountno&quot;:&quot;TA-8899007&quot;,&quot;departmentno&quot;:&quot;9&quot;,&quot;salary&quot;:&quot;119&quot;,&quot;pincode&quot;:&quot;009988&quot;,&quot;userid&quot;:&quot;DGW1ho638WUDpYOVLzH0&quot;,&quot;id&quot;:&quot;PjLZDCUN85Pw5nbgORyQ&quot;},{&quot;accountno&quot;:&quot;TA-1237890&quot;,&quot;departmentno&quot;:&quot;3&quot;,&quot;salary&quot;:&quot;12567&quot;,&quot;pincode&quot;:&quot;560090&quot;,&quot;userid&quot;:&quot;61Vn9O0lmw7dVGPHIyaI&quot;,&quot;id&quot;:&quot;hI8WaVZtmOEaRostAQEB&quot;},{&quot;accountno&quot;:&quot;TA-9090909&quot;,&quot;departmentno&quot;:&quot;9&quot;,&quot;salary&quot;:&quot;90000&quot;,&quot;pincode&quot;:&quot;909090&quot;,&quot;userid&quot;:&quot;to2Nbgl1L91P2KBIJf8p&quot;,&quot;id&quot;:&quot;LRfHbM1LNnpbj29HKzPB&quot;},{&quot;accountno&quot;:&quot;BN-1234535&quot;,&quot;departmentno&quot;:&quot;7&quot;,&quot;salary&quot;:&quot;12190&quot;,&quot;pincode&quot;:&quot;123458&quot;,&quot;userid&quot;:&quot;wvTE1ZsqbgfOMtiFejpq&quot;,&quot;id&quot;:&quot;LIIwaAdLbyhQKyxble31&quot;},{&quot;accountno&quot;:&quot;TA-9090909&quot;,&quot;departmentno&quot;:&quot;9&quot;,&quot;salary&quot;:&quot;90000&quot;,&quot;pincode&quot;:&quot;909090&quot;,&quot;userid&quot;:&quot;to2Nbgl1L91P2KBIJf8p&quot;,&quot;id&quot;:&quot;WnvbPkP50P8ZSk064XYE&quot;},{&quot;accountno&quot;:&quot;TA-2345332&quot;,&quot;departmentno&quot;:&quot;6&quot;,&quot;salary&quot;:&quot;8888&quot;,&quot;pincode&quot;:&quot;222222&quot;,&quot;userid&quot;:&quot;iMKubKqFpLbEJQsYT0kM&quot;,&quot;id&quot;:&quot;fK6M2WaagRaWuGeL9Pqx&quot;},{&quot;accountno&quot;:&quot;SHM-345267&quot;,&quot;departmentno&quot;:&quot;2&quot;,&quot;salary&quot;:&quot;20000&quot;,&quot;pincode&quot;:&quot;345231&quot;,&quot;userid&quot;:&quot;yj4lLufi6vTtJtT0MKL8&quot;,&quot;id&quot;:&quot;fjOOTFFixjbgrTcMTvEv&quot;},{&quot;accountno&quot;:&quot;TA-3421675&quot;,&quot;departmentno&quot;:1,&quot;salary&quot;:1112,&quot;pincode&quot;:234156,&quot;userid&quot;:&quot;v6ZDMRBfI5zsQ4wpV8zp&quot;,&quot;id&quot;:&quot;Q2SMGGOplr3eAxGcD8y7&quot;},{&quot;accountno&quot;:&quot;TA-3421676&quot;,&quot;departmentno&quot;:&quot;2&quot;,&quot;salary&quot;:&quot;1112&quot;,&quot;pincode&quot;:&quot;234156&quot;,&quot;userid&quot;:&quot;v6ZDMRBfI5zsQ4wpV8zp&quot;,&quot;id&quot;:&quot;JWI2MxC7OQtQGq3sV14s&quot;},{&quot;accountno&quot;:&quot;TA-3421676&quot;,&quot;departmentno&quot;:&quot;2&quot;,&quot;salary&quot;:&quot;1112&quot;,&quot;pincode&quot;:&quot;234156&quot;,&quot;userid&quot;:&quot;v6ZDMRBfI5zsQ4wpV8zp&quot;,&quot;id&quot;:&quot;oCLoalOy8ncR3oD1ZjpO&quot;},{&quot;accountno&quot;:&quot;TA-3421676&quot;,&quot;departmentno&quot;:&quot;2&quot;,&quot;salary&quot;:&quot;1112&quot;,&quot;pincode&quot;:&quot;234156&quot;,&quot;userid&quot;:&quot;v6ZDMRBfI5zsQ4wpV8zp&quot;,&quot;id&quot;:&quot;tu9nMHXDKpB8TaxpDhvt&quot;},{&quot;accountno&quot;:&quot;TA-1231234&quot;,&quot;departmentno&quot;:&quot;1&quot;,&quot;salary&quot;:&quot;2&quot;,&quot;pincode&quot;:&quot;123456&quot;,&quot;userid&quot;:&quot;gCjQfhtZVJbhuZ6X7VgG&quot;,&quot;id&quot;:&quot;yldgaMfW3gf4zMcz2uwA&quot;},{&quot;accountno&quot;:&quot;TA-4536987&quot;,&quot;departmentno&quot;:&quot;2&quot;,&quot;salary&quot;:&quot;10000&quot;,&quot;pincode&quot;:&quot;515001&quot;,&quot;userid&quot;:&quot;Wds87VcJ95nrcl866aSE&quot;,&quot;id&quot;:&quot;s4YBNdi1KCAsMaYcSdSl&quot;},{&quot;accountno&quot;:&quot;TA-4567889&quot;,&quot;departmentno&quot;:&quot;6&quot;,&quot;salary&quot;:&quot;78906&quot;,&quot;pincode&quot;:&quot;523457&quot;,&quot;userid&quot;:&quot;Wds87VcJ95nrcl866aSE&quot;,&quot;id&quot;:&quot;oPbIkdH2ZlB6EPw7irL4&quot;},{&quot;accountno&quot;:&quot;TA-6868680&quot;,&quot;departmentno&quot;:6,&quot;salary&quot;:2222,&quot;pincode&quot;:456375,&quot;userid&quot;:&quot;v6ZDMRBfI5zsQ4wpV8zp&quot;,&quot;id&quot;:&quot;WkpjXgo5skwVDM8myyAl&quot;},{&quot;accountno&quot;:&quot;TA-3421676&quot;,&quot;departmentno&quot;:&quot;2&quot;,&quot;salary&quot;:&quot;1112&quot;,&quot;pincode&quot;:&quot;234156&quot;,&quot;userid&quot;:&quot;v6ZDMRBfI5zsQ4wpV8zp&quot;,&quot;id&quot;:&quot;rpoSNLAk69ZDyNpwkpHV&quot;},{&quot;accountno&quot;:&quot;TA-2345332&quot;,&quot;departmentno&quot;:&quot;6&quot;,&quot;salary&quot;:&quot;8888&quot;,&quot;pincode&quot;:&quot;222222&quot;,&quot;userid&quot;:&quot;iMKubKqFpLbEJQsYT0kM&quot;,&quot;id&quot;:&quot;UDtSNTI7QVEtF96TQRCl&quot;},{&quot;accountno&quot;:&quot;MB-120056&quot;,&quot;departmentno&quot;:&quot;1&quot;,&quot;salary&quot;:&quot;800&quot;,&quot;pincode&quot;:&quot;123445&quot;,&quot;userid&quot;:&quot;WdWhJxmQWT4uSoB2p48h&quot;,&quot;id&quot;:&quot;CldGpMI3jyGwkPbwcDol&quot;},{&quot;accountno&quot;:&quot;MB-123456&quot;,&quot;departmentno&quot;:1,&quot;salary&quot;:191,&quot;pincode&quot;:123445,&quot;userid&quot;:&quot;WdWhJxmQWT4uSoB2p48h&quot;,&quot;id&quot;:&quot;pGQpMoOy1Rhb8bpDqb4H&quot;},{&quot;accountno&quot;:&quot;MB-120056&quot;,&quot;departmentno&quot;:&quot;1&quot;,&quot;salary&quot;:&quot;800&quot;,&quot;pincode&quot;:&quot;123445&quot;,&quot;userid&quot;:&quot;WdWhJxmQWT4uSoB2p48h&quot;,&quot;id&quot;:&quot;mfw68sn9rawfvyjcu1LD&quot;},{&quot;accountno&quot;:&quot;MB-123456&quot;,&quot;departmentno&quot;:&quot;9&quot;,&quot;salary&quot;:&quot;800&quot;,&quot;pincode&quot;:&quot;123445&quot;,&quot;userid&quot;:&quot;WdWhJxmQWT4uSoB2p48h&quot;,&quot;id&quot;:&quot;s13smIjhqOgSGoHFq07d&quot;},{&quot;accountno&quot;:&quot;MB-123456&quot;,&quot;departmentno&quot;:&quot;9&quot;,&quot;salary&quot;:&quot;800&quot;,&quot;pincode&quot;:&quot;123445&quot;,&quot;userid&quot;:&quot;WdWhJxmQWT4uSoB2p48h&quot;,&quot;id&quot;:&quot;pn7O32R9SHGnCQda15WB&quot;},{&quot;accountno&quot;:&quot;MB-123456&quot;,&quot;departmentno&quot;:&quot;9&quot;,&quot;salary&quot;:&quot;800&quot;,&quot;pincode&quot;:&quot;123445&quot;,&quot;userid&quot;:&quot;WdWhJxmQWT4uSoB2p48h&quot;,&quot;id&quot;:&quot;RwEjtzfz6UHDzuVOwIZy&quot;},{&quot;accountno&quot;:&quot;TA-4536987&quot;,&quot;departmentno&quot;:&quot;2&quot;,&quot;salary&quot;:&quot;10000&quot;,&quot;pincode&quot;:&quot;515001&quot;,&quot;userid&quot;:&quot;Wds87VcJ95nrcl866aSE&quot;,&quot;id&quot;:&quot;f7VKweaGrc2CHSqpGphv&quot;},{&quot;accountno&quot;:&quot;TA-4536987&quot;,&quot;departmentno&quot;:&quot;2&quot;,&quot;salary&quot;:&quot;10000&quot;,&quot;pincode&quot;:&quot;515001&quot;,&quot;userid&quot;:&quot;Wds87VcJ95nrcl866aSE&quot;,&quot;id&quot;:&quot;KYsHNn3OOQyDUwopGmDJ&quot;},{&quot;accountno&quot;:&quot;SHM-345267&quot;,&quot;departmentno&quot;:&quot;2&quot;,&quot;salary&quot;:&quot;200&quot;,&quot;pincode&quot;:&quot;345231&quot;,&quot;userid&quot;:&quot;yj4lLufi6vTtJtT0MKL8&quot;,&quot;id&quot;:&quot;6nraPZmM2fV14iMvcNzv&quot;},{&quot;accountno&quot;:&quot;TA-4536789&quot;,&quot;departmentno&quot;:&quot;1&quot;,&quot;salary&quot;:&quot;10000&quot;,&quot;pincode&quot;:&quot;515001&quot;,&quot;userid&quot;:&quot;Wds87VcJ95nrcl866aSE&quot;,&quot;id&quot;:&quot;oae2xqhYaGkl6QIIeX4W&quot;},{&quot;accountno&quot;:&quot;TA-2345332&quot;,&quot;departmentno&quot;:&quot;6&quot;,&quot;salary&quot;:&quot;8888&quot;,&quot;pincode&quot;:&quot;222222&quot;,&quot;userid&quot;:&quot;iMKubKqFpLbEJQsYT0kM&quot;,&quot;id&quot;:&quot;Haujm88oOZ3PG9negw3C&quot;},{&quot;accountno&quot;:&quot;SHM-345267&quot;,&quot;departmentno&quot;:&quot;2&quot;,&quot;salary&quot;:&quot;200&quot;,&quot;pincode&quot;:&quot;345231&quot;,&quot;userid&quot;:&quot;yj4lLufi6vTtJtT0MKL8&quot;,&quot;id&quot;:&quot;G9r4CjHXnB1yEvojiGm9&quot;},{&quot;accountno&quot;:&quot;SHM-345267&quot;,&quot;departmentno&quot;:&quot;2&quot;,&quot;salary&quot;:&quot;200&quot;,&quot;pincode&quot;:&quot;345231&quot;,&quot;userid&quot;:&quot;yj4lLufi6vTtJtT0MKL8&quot;,&quot;id&quot;:&quot;NS7szyy3oRPjrhmNlUzX&quot;},{&quot;accountno&quot;:&quot;sh-3452617&quot;,&quot;departmentno&quot;:&quot;2&quot;,&quot;salary&quot;:&quot;200&quot;,&quot;pincode&quot;:&quot;345231&quot;,&quot;userid&quot;:&quot;yj4lLufi6vTtJtT0MKL8&quot;,&quot;id&quot;:&quot;ZWEYXNpbDffyPjTDt7PM&quot;},{&quot;accountno&quot;:&quot;TA-2345332&quot;,&quot;departmentno&quot;:&quot;6&quot;,&quot;salary&quot;:&quot;8888&quot;,&quot;pincode&quot;:&quot;222222&quot;,&quot;userid&quot;:&quot;iMKubKqFpLbEJQsYT0kM&quot;,&quot;id&quot;:&quot;f9EK0Vy0lF8K0pwxFCnU&quot;},{&quot;accountno&quot;:&quot;SHM-345267&quot;,&quot;departmentno&quot;:&quot;2&quot;,&quot;salary&quot;:&quot;200&quot;,&quot;pincode&quot;:&quot;345231&quot;,&quot;userid&quot;:&quot;yj4lLufi6vTtJtT0MKL8&quot;,&quot;id&quot;:&quot;B4qrIF3gD0kB3TT58N9l&quot;},{&quot;accountno&quot;:&quot;TA-4536987&quot;,&quot;departmentno&quot;:&quot;2&quot;,&quot;salary&quot;:&quot;10000&quot;,&quot;pincode&quot;:&quot;515001&quot;,&quot;userid&quot;:&quot;Wds87VcJ95nrcl866aSE&quot;,&quot;id&quot;:&quot;Wd7dtPkyTBb2X04i3VdW&quot;},{&quot;accountno&quot;:&quot;TA-4536987&quot;,&quot;departmentno&quot;:&quot;1&quot;,&quot;salary&quot;:&quot;10000&quot;,&quot;pincode&quot;:&quot;515001&quot;,&quot;userid&quot;:&quot;Wds87VcJ95nrcl866aSE&quot;,&quot;id&quot;:&quot;3MYjsdUOt7qzkt0YPCm9&quot;},{&quot;accountno&quot;:&quot;SHM-345678&quot;,&quot;departmentno&quot;:1,&quot;salary&quot;:674,&quot;pincode&quot;:785936,&quot;userid&quot;:&quot;ZxNRcGXBjrBzO5sSXoZw&quot;,&quot;id&quot;:&quot;YyTcD5acV9kdVfpNekbZ&quot;},{&quot;accountno&quot;:&quot;TA-4536789&quot;,&quot;departmentno&quot;:&quot;1&quot;,&quot;salary&quot;:&quot;10000&quot;,&quot;pincode&quot;:&quot;515001&quot;,&quot;userid&quot;:&quot;Wds87VcJ95nrcl866aSE&quot;,&quot;id&quot;:&quot;Bw8Khp7x15FCFuzasIsz&quot;},{&quot;accountno&quot;:&quot;TA-2345332&quot;,&quot;departmentno&quot;:&quot;6&quot;,&quot;salary&quot;:&quot;8888&quot;,&quot;pincode&quot;:&quot;222222&quot;,&quot;userid&quot;:&quot;iMKubKqFpLbEJQsYT0kM&quot;,&quot;id&quot;:&quot;3QIeVR9S5Y95d9SYO842&quot;},{&quot;accountno&quot;:&quot;TA-4536789&quot;,&quot;departmentno&quot;:&quot;1&quot;,&quot;salary&quot;:&quot;10000&quot;,&quot;pincode&quot;:&quot;515001&quot;,&quot;userid&quot;:&quot;Wds87VcJ95nrcl866aSE&quot;,&quot;id&quot;:&quot;2BWhO2OzE7b1p1iwhJxq&quot;},{&quot;accountno&quot;:&quot;SHM-123456&quot;,&quot;departmentno&quot;:9,&quot;salary&quot;:23451,&quot;pincode&quot;:123456,&quot;userid&quot;:&quot;ZxNRcGXBjrBzO5sSXoZw&quot;,&quot;id&quot;:&quot;NhBwjnO3lmDeijQzDtU6&quot;},{&quot;accountno&quot;:&quot;TA-1234565&quot;,&quot;departmentno&quot;:&quot;4&quot;,&quot;salary&quot;:&quot;2344&quot;,&quot;pincode&quot;:&quot;567890&quot;,&quot;userid&quot;:&quot;PdA0aL70CLvbT74ZYZT7&quot;,&quot;id&quot;:&quot;cgNX0ObeOJHORc6JgKuz&quot;},{&quot;accountno&quot;:&quot;TA-2345332&quot;,&quot;departmentno&quot;:&quot;6&quot;,&quot;salary&quot;:&quot;8888&quot;,&quot;pincode&quot;:&quot;222222&quot;,&quot;userid&quot;:&quot;iMKubKqFpLbEJQsYT0kM&quot;,&quot;id&quot;:&quot;TvWnjQzCnr50GIVrY8KT&quot;},{&quot;accountno&quot;:&quot;TA-2345332&quot;,&quot;departmentno&quot;:&quot;6&quot;,&quot;salary&quot;:&quot;8888&quot;,&quot;pincode&quot;:&quot;222222&quot;,&quot;userid&quot;:&quot;iMKubKqFpLbEJQsYT0kM&quot;,&quot;id&quot;:&quot;Tmec18FIa3ry3OVLpAhM&quot;},{&quot;accountno&quot;:&quot;sh-3452617&quot;,&quot;departmentno&quot;:&quot;2&quot;,&quot;salary&quot;:&quot;200&quot;,&quot;pincode&quot;:&quot;345231&quot;,&quot;userid&quot;:&quot;yj4lLufi6vTtJtT0MKL8&quot;,&quot;id&quot;:&quot;C90uTXLLBxAJvUjOiyu8&quot;},{&quot;accountno&quot;:&quot;TA-1234565&quot;,&quot;departmentno&quot;:&quot;4&quot;,&quot;salary&quot;:&quot;2344&quot;,&quot;pincode&quot;:&quot;567890&quot;,&quot;userid&quot;:&quot;PdA0aL70CLvbT74ZYZT7&quot;,&quot;id&quot;:&quot;v071CMXnH5rK60abLC2i&quot;},{&quot;accountno&quot;:&quot;TA-1234565&quot;,&quot;departmentno&quot;:&quot;4&quot;,&quot;salary&quot;:&quot;2344&quot;,&quot;pincode&quot;:&quot;567890&quot;,&quot;userid&quot;:&quot;PdA0aL70CLvbT74ZYZT7&quot;,&quot;id&quot;:&quot;xvxtQNcYQpyw3tH7Mjip&quot;},{&quot;accountno&quot;:&quot;TA-1234565&quot;,&quot;departmentno&quot;:&quot;4&quot;,&quot;salary&quot;:&quot;2344&quot;,&quot;pincode&quot;:&quot;567890&quot;,&quot;userid&quot;:&quot;PdA0aL70CLvbT74ZYZT7&quot;,&quot;id&quot;:&quot;YUOLB27Bnm3TruPJ5zxv&quot;},{&quot;accountno&quot;:&quot;TA-3421676&quot;,&quot;departmentno&quot;:&quot;2&quot;,&quot;salary&quot;:&quot;1112&quot;,&quot;pincode&quot;:&quot;234156&quot;,&quot;userid&quot;:&quot;v6ZDMRBfI5zsQ4wpV8zp&quot;,&quot;id&quot;:&quot;ZlGsg7LJmAdHUK3hslQV&quot;},{&quot;accountno&quot;:&quot;TA-3421676&quot;,&quot;departmentno&quot;:&quot;2&quot;,&quot;salary&quot;:&quot;1112&quot;,&quot;pincode&quot;:&quot;234156&quot;,&quot;userid&quot;:&quot;v6ZDMRBfI5zsQ4wpV8zp&quot;,&quot;id&quot;:&quot;OcHnSiDTCnEjMgp7pZkL&quot;},{&quot;accountno&quot;:&quot;TA-1231234&quot;,&quot;departmentno&quot;:&quot;1&quot;,&quot;salary&quot;:&quot;2&quot;,&quot;pincode&quot;:&quot;123456&quot;,&quot;userid&quot;:&quot;gCjQfhtZVJbhuZ6X7VgG&quot;,&quot;id&quot;:&quot;pGrZ0vA0m0y3kfCvQ2bP&quot;},{&quot;accountno&quot;:&quot;TA-3421676&quot;,&quot;departmentno&quot;:&quot;2&quot;,&quot;salary&quot;:&quot;1112&quot;,&quot;pincode&quot;:&quot;234156&quot;,&quot;userid&quot;:&quot;v6ZDMRBfI5zsQ4wpV8zp&quot;,&quot;id&quot;:&quot;Om4mzX8J1mvDsmRhiYjl&quot;},{&quot;accountno&quot;:&quot;TA-3421672&quot;,&quot;departmentno&quot;:2,&quot;salary&quot;:1112,&quot;pincode&quot;:234156,&quot;userid&quot;:&quot;v6ZDMRBfI5zsQ4wpV8zp&quot;,&quot;id&quot;:&quot;IJKwJAgJiZ0yJEos1fPB&quot;},{&quot;accountno&quot;:&quot;TR-1234567&quot;,&quot;departmentno&quot;:&quot;9&quot;,&quot;salary&quot;:&quot;99999&quot;,&quot;pincode&quot;:&quot;123456&quot;,&quot;userid&quot;:&quot;UASuqvD1p0dfIWTRALf5&quot;,&quot;id&quot;:&quot;Xj2xXYxupprx9zPYc17U&quot;},{&quot;accountno&quot;:&quot;TR-2468020&quot;,&quot;departmentno&quot;:8,&quot;salary&quot;:4000,&quot;pincode&quot;:123456,&quot;userid&quot;:&quot;v6ZDMRBfI5zsQ4wpV8zp&quot;,&quot;id&quot;:&quot;dVQMzQyqCvoet3FAhyOZ&quot;},{&quot;accountno&quot;:&quot;TR-2468024&quot;,&quot;departmentno&quot;:&quot;6&quot;,&quot;salary&quot;:&quot;4000&quot;,&quot;pincode&quot;:&quot;123456&quot;,&quot;userid&quot;:&quot;v6ZDMRBfI5zsQ4wpV8zp&quot;,&quot;id&quot;:&quot;ZjUK0DTQcmBzFHn6nPnm&quot;},{&quot;accountno&quot;:&quot;Gee3454567&quot;,&quot;departmentno&quot;:&quot;5&quot;,&quot;salary&quot;:&quot;7879&quot;,&quot;pincode&quot;:&quot;876563&quot;,&quot;userid&quot;:&quot;vSJ32HvDM5LNdrhyAvu4&quot;,&quot;id&quot;:&quot;Y88IRJ2sYlG7srLlmNRI&quot;},{&quot;accountno&quot;:&quot;Gee5672323&quot;,&quot;departmentno&quot;:&quot;5&quot;,&quot;salary&quot;:&quot;7879&quot;,&quot;pincode&quot;:&quot;876563&quot;,&quot;userid&quot;:&quot;vSJ32HvDM5LNdrhyAvu4&quot;,&quot;id&quot;:&quot;Sro9h5VhWcKRSJbM84EL&quot;},{&quot;accountno&quot;:&quot;Gee3454567&quot;,&quot;departmentno&quot;:&quot;3&quot;,&quot;salary&quot;:&quot;7879&quot;,&quot;pincode&quot;:&quot;876563&quot;,&quot;userid&quot;:&quot;vSJ32HvDM5LNdrhyAvu4&quot;,&quot;id&quot;:&quot;knDT0HS1drpu3w92TR1q&quot;},{&quot;accountno&quot;:&quot;Gee9872323&quot;,&quot;departmentno&quot;:&quot;8&quot;,&quot;salary&quot;:&quot;7879&quot;,&quot;pincode&quot;:&quot;876563&quot;,&quot;userid&quot;:&quot;vSJ32HvDM5LNdrhyAvu4&quot;,&quot;id&quot;:&quot;KhngjbBIrdMdBaN3AH8G&quot;},{&quot;accountno&quot;:&quot;TA-1234567&quot;,&quot;departmentno&quot;:&quot;6&quot;,&quot;salary&quot;:&quot;12345&quot;,&quot;pincode&quot;:&quot;123456&quot;,&quot;userid&quot;:&quot;Bl9Tdos8Zn7fDhEqJa1k&quot;,&quot;id&quot;:&quot;0OJXauUHzSBzRMBif6ZW&quot;},{&quot;accountno&quot;:&quot;TA-1234567&quot;,&quot;departmentno&quot;:&quot;6&quot;,&quot;salary&quot;:&quot;12345&quot;,&quot;pincode&quot;:&quot;123456&quot;,&quot;userid&quot;:&quot;Bl9Tdos8Zn7fDhEqJa1k&quot;,&quot;id&quot;:&quot;RhITtlEWWtHGK6QOkZIh&quot;},{&quot;accountno&quot;:&quot;TA-55319928&quot;,&quot;departmentno&quot;:&quot;5&quot;,&quot;salary&quot;:&quot;11000&quot;,&quot;pincode&quot;:&quot;355467&quot;,&quot;userid&quot;:&quot;4yFTZrJvMNYNnOGWLX08&quot;,&quot;id&quot;:&quot;e5u5Bgk5h6Yfb4hejTGa&quot;},{&quot;accountno&quot;:&quot;TA-2222222&quot;,&quot;departmentno&quot;:&quot;2&quot;,&quot;salary&quot;:&quot;22222222&quot;,&quot;pincode&quot;:&quot;228765&quot;,&quot;userid&quot;:&quot;DMkGbuXbx9J1GEeaTJoJ&quot;,&quot;id&quot;:&quot;ftseZYAyrjt9V0FSkhLJ&quot;},{&quot;accountno&quot;:&quot;TA-55319928&quot;,&quot;departmentno&quot;:6,&quot;salary&quot;:10000,&quot;pincode&quot;:355467,&quot;userid&quot;:&quot;4yFTZrJvMNYNnOGWLX08&quot;,&quot;id&quot;:&quot;E5oMmpCMnAiMtHe4iA4R&quot;},{&quot;accountno&quot;:&quot;TA-55319928&quot;,&quot;departmentno&quot;:&quot;4&quot;,&quot;salary&quot;:&quot;11`000&quot;,&quot;pincode&quot;:&quot;355467&quot;,&quot;userid&quot;:&quot;4yFTZrJvMNYNnOGWLX08&quot;,&quot;id&quot;:&quot;ABho2BTDGaG93EcTG6Kl&quot;},{&quot;accountno&quot;:&quot;TA-1234569&quot;,&quot;departmentno&quot;:1,&quot;salary&quot;:6000,&quot;pincode&quot;:123456,&quot;userid&quot;:&quot;ZxNRcGXBjrBzO5sSXoZw&quot;,&quot;id&quot;:&quot;C4bY6OXFyYU6uvScJsIq&quot;},{&quot;accountno&quot;:&quot;TA-55368228&quot;,&quot;departmentno&quot;:&quot;3&quot;,&quot;salary&quot;:&quot;10000&quot;,&quot;pincode&quot;:&quot;355467&quot;,&quot;userid&quot;:&quot;4yFTZrJvMNYNnOGWLX08&quot;,&quot;id&quot;:&quot;x1igpzk6oHWhpcZA9Vem&quot;},{&quot;accountno&quot;:&quot;TA-2345332&quot;,&quot;departmentno&quot;:&quot;6&quot;,&quot;salary&quot;:&quot;8888&quot;,&quot;pincode&quot;:&quot;222222&quot;,&quot;userid&quot;:&quot;iMKubKqFpLbEJQsYT0kM&quot;,&quot;id&quot;:&quot;k5DNlln5zTIO6fF61c8k&quot;},{&quot;accountno&quot;:&quot;TA-2345332&quot;,&quot;departmentno&quot;:&quot;6&quot;,&quot;salary&quot;:&quot;8888&quot;,&quot;pincode&quot;:&quot;222222&quot;,&quot;userid&quot;:&quot;iMKubKqFpLbEJQsYT0kM&quot;,&quot;id&quot;:&quot;MnJrkueNwuXJ0nWBCNYA&quot;},{&quot;accountno&quot;:&quot;TA-2222222&quot;,&quot;departmentno&quot;:&quot;2&quot;,&quot;salary&quot;:&quot;22222222&quot;,&quot;pincode&quot;:&quot;228765&quot;,&quot;userid&quot;:&quot;DMkGbuXbx9J1GEeaTJoJ&quot;,&quot;id&quot;:&quot;th2wm8h24T3wepKefvmb&quot;},{&quot;accountno&quot;:&quot;TA-5555555&quot;,&quot;departmentno&quot;:&quot;5&quot;,&quot;salary&quot;:&quot;500&quot;,&quot;pincode&quot;:&quot;598555&quot;,&quot;userid&quot;:&quot;uoS10JM6F4pybIMNlkEj&quot;,&quot;id&quot;:&quot;vVcVJLBiGcWaTCsJZunh&quot;},{&quot;accountno&quot;:&quot;TA-1211213&quot;,&quot;departmentno&quot;:4,&quot;salary&quot;:200,&quot;pincode&quot;:123122,&quot;userid&quot;:&quot;gCjQfhtZVJbhuZ6X7VgG&quot;,&quot;id&quot;:&quot;CCTdpbzH7GB8fOlp1Zhd&quot;},{&quot;accountno&quot;:&quot;TA-1111111&quot;,&quot;departmentno&quot;:&quot;1&quot;,&quot;salary&quot;:&quot;11&quot;,&quot;pincode&quot;:&quot;111111&quot;,&quot;userid&quot;:&quot;I6nBxzjk6VkW6NHrUDCN&quot;,&quot;id&quot;:&quot;ghikMPVZHVCk3m9HRSe9&quot;},{&quot;accountno&quot;:&quot;TA-1211211&quot;,&quot;departmentno&quot;:&quot;2&quot;,&quot;salary&quot;:&quot;300&quot;,&quot;pincode&quot;:&quot;123123&quot;,&quot;userid&quot;:&quot;gCjQfhtZVJbhuZ6X7VgG&quot;,&quot;id&quot;:&quot;O916a3SaEmA0jWoV4OEc&quot;},{&quot;accountno&quot;:&quot;TA-1214321&quot;,&quot;departmentno&quot;:&quot;2&quot;,&quot;salary&quot;:&quot;300&quot;,&quot;pincode&quot;:&quot;123123&quot;,&quot;userid&quot;:&quot;gCjQfhtZVJbhuZ6X7VgG&quot;,&quot;id&quot;:&quot;cOrQwv4L2HfLaVsVjiXA&quot;},{&quot;accountno&quot;:&quot;TA-1234321&quot;,&quot;departmentno&quot;:&quot;2&quot;,&quot;salary&quot;:&quot;300&quot;,&quot;pincode&quot;:&quot;123123&quot;,&quot;userid&quot;:&quot;gCjQfhtZVJbhuZ6X7VgG&quot;,&quot;id&quot;:&quot;mCJQzgBzm1ahJuub8rIN&quot;},{&quot;accountno&quot;:&quot;TA-4633456&quot;,&quot;departmentno&quot;:&quot;4&quot;,&quot;salary&quot;:&quot;1000&quot;,&quot;pincode&quot;:&quot;620008&quot;,&quot;userid&quot;:&quot;prISGParDw4uyK3VF4i4&quot;,&quot;id&quot;:&quot;glP06Y6R5ZGXbdsBcnK7&quot;},{&quot;accountno&quot;:&quot;MB-1234557&quot;,&quot;departmentno&quot;:&quot;8&quot;,&quot;salary&quot;:&quot;888&quot;,&quot;pincode&quot;:&quot;123445&quot;,&quot;userid&quot;:&quot;WdWhJxmQWT4uSoB2p48h&quot;,&quot;id&quot;:&quot;IOX56uxS7bSSyW4e3OtT&quot;},{&quot;accountno&quot;:&quot;MB-1234557&quot;,&quot;departmentno&quot;:&quot;8&quot;,&quot;salary&quot;:&quot;888&quot;,&quot;pincode&quot;:&quot;123445&quot;,&quot;userid&quot;:&quot;WdWhJxmQWT4uSoB2p48h&quot;,&quot;id&quot;:&quot;sQqJNE79DUiH8kMrNk3a&quot;},{&quot;accountno&quot;:&quot;MB-1234557&quot;,&quot;departmentno&quot;:&quot;8&quot;,&quot;salary&quot;:&quot;888&quot;,&quot;pincode&quot;:&quot;123445&quot;,&quot;userid&quot;:&quot;WdWhJxmQWT4uSoB2p48h&quot;,&quot;id&quot;:&quot;wltWlqyaDcyS2MvaJNdz&quot;},{&quot;accountno&quot;:&quot;TA-5573428&quot;,&quot;departmentno&quot;:&quot;7&quot;,&quot;salary&quot;:&quot;5000&quot;,&quot;pincode&quot;:&quot;355667&quot;,&quot;userid&quot;:&quot;4yFTZrJvMNYNnOGWLX08&quot;,&quot;id&quot;:&quot;grfLp4iwvdqRjSWhxMoz&quot;},{&quot;accountno&quot;:&quot;TA-2345332&quot;,&quot;departmentno&quot;:&quot;6&quot;,&quot;salary&quot;:&quot;8888&quot;,&quot;pincode&quot;:&quot;222222&quot;,&quot;userid&quot;:&quot;iMKubKqFpLbEJQsYT0kM&quot;,&quot;id&quot;:&quot;GBwEbTy0acJKVinZe8RM&quot;},{&quot;accountno&quot;:&quot;TA-2345332&quot;,&quot;departmentno&quot;:&quot;6&quot;,&quot;salary&quot;:&quot;2222&quot;,&quot;pincode&quot;:&quot;222222&quot;,&quot;userid&quot;:&quot;iMKubKqFpLbEJQsYT0kM&quot;,&quot;id&quot;:&quot;Xo14ux6lLL0Q9PAz8mTA&quot;},{&quot;accountno&quot;:&quot;TA-ratnakm&quot;,&quot;departmentno&quot;:&quot;3&quot;,&quot;salary&quot;:&quot;2000&quot;,&quot;pincode&quot;:&quot;945888&quot;,&quot;userid&quot;:&quot;Qd2hw3MawHGfM9jvrUJJ&quot;,&quot;id&quot;:&quot;qOGjU2paWebX4NPXUca9&quot;},{&quot;accountno&quot;:&quot;TA-1234567&quot;,&quot;departmentno&quot;:&quot;2&quot;,&quot;salary&quot;:&quot;21&quot;,&quot;pincode&quot;:&quot;123456&quot;,&quot;userid&quot;:&quot;I6nBxzjk6VkW6NHrUDCN&quot;,&quot;id&quot;:&quot;62d2tSpwwKWuNuSB9bV5&quot;},{&quot;accountno&quot;:&quot;TA-09sravs&quot;,&quot;departmentno&quot;:&quot;9&quot;,&quot;salary&quot;:&quot;6000&quot;,&quot;pincode&quot;:&quot;674839&quot;,&quot;userid&quot;:&quot;x4PKb7FyIVOCFwlJKRfB&quot;,&quot;id&quot;:&quot;Bdf5XreZrcb41Tk4Ib7Q&quot;},{&quot;accountno&quot;:&quot;TA-09ravi&quot;,&quot;departmentno&quot;:&quot;7&quot;,&quot;salary&quot;:&quot;75778&quot;,&quot;pincode&quot;:&quot;674839&quot;,&quot;userid&quot;:&quot;x4PKb7FyIVOCFwlJKRfB&quot;,&quot;id&quot;:&quot;PKrUdcBrYvHRFPAEgD47&quot;},{&quot;accountno&quot;:&quot;TA-09sravs&quot;,&quot;departmentno&quot;:&quot;7&quot;,&quot;salary&quot;:&quot;75778&quot;,&quot;pincode&quot;:&quot;674839&quot;,&quot;userid&quot;:&quot;x4PKb7FyIVOCFwlJKRfB&quot;,&quot;id&quot;:&quot;iIxytmEniNGvtw0rbnhj&quot;},{&quot;accountno&quot;:&quot;TA-09sravs&quot;,&quot;departmentno&quot;:&quot;7&quot;,&quot;salary&quot;:&quot;75778&quot;,&quot;pincode&quot;:&quot;674839&quot;,&quot;userid&quot;:&quot;x4PKb7FyIVOCFwlJKRfB&quot;,&quot;id&quot;:&quot;aAktFLTC802cUIokRdNF&quot;},{&quot;accountno&quot;:&quot;TA-09sravs&quot;,&quot;departmentno&quot;:&quot;7&quot;,&quot;salary&quot;:&quot;75778&quot;,&quot;pincode&quot;:&quot;674839&quot;,&quot;userid&quot;:&quot;x4PKb7FyIVOCFwlJKRfB&quot;,&quot;id&quot;:&quot;HI6i01wmanvMGTGdKdQR&quot;},{&quot;accountno&quot;:&quot;TA-09sravanthi&quot;,&quot;departmentno&quot;:&quot;7&quot;,&quot;salary&quot;:&quot;75778&quot;,&quot;pincode&quot;:&quot;674839&quot;,&quot;userid&quot;:&quot;x4PKb7FyIVOCFwlJKRfB&quot;,&quot;id&quot;:&quot;HIbw0L2sHlkVm4NG0FPb&quot;},{&quot;accountno&quot;:&quot;TA-09sravs&quot;,&quot;departmentno&quot;:&quot;7&quot;,&quot;salary&quot;:&quot;75778&quot;,&quot;pincode&quot;:&quot;674839&quot;,&quot;userid&quot;:&quot;x4PKb7FyIVOCFwlJKRfB&quot;,&quot;id&quot;:&quot;xwHX587AYdg56Fo5zd2m&quot;},{&quot;accountno&quot;:&quot;TA-1234567&quot;,&quot;departmentno&quot;:&quot;7&quot;,&quot;salary&quot;:&quot;9999&quot;,&quot;pincode&quot;:&quot;123456&quot;,&quot;userid&quot;:&quot;x4PKb7FyIVOCFwlJKRfB&quot;,&quot;id&quot;:&quot;fIaSZxJwirJqhKfl7mRE&quot;},{&quot;accountno&quot;:&quot;TA-1234567&quot;,&quot;departmentno&quot;:&quot;7&quot;,&quot;salary&quot;:&quot;9999&quot;,&quot;pincode&quot;:&quot;123456&quot;,&quot;userid&quot;:&quot;x4PKb7FyIVOCFwlJKRfB&quot;,&quot;id&quot;:&quot;UYgjJmymq9IEpn8w7VSi&quot;},{&quot;accountno&quot;:&quot;TA-1234567&quot;,&quot;departmentno&quot;:&quot;7&quot;,&quot;salary&quot;:&quot;9999&quot;,&quot;pincode&quot;:&quot;123456&quot;,&quot;userid&quot;:&quot;x4PKb7FyIVOCFwlJKRfB&quot;,&quot;id&quot;:&quot;ViqEczEfKd3UAEbgs3B5&quot;},{&quot;accountno&quot;:&quot;TA-4565999&quot;,&quot;departmentno&quot;:&quot;5&quot;,&quot;salary&quot;:&quot;46656&quot;,&quot;pincode&quot;:&quot;454734&quot;,&quot;userid&quot;:&quot;pbGSCceO3YK5zI6QgXTN&quot;,&quot;id&quot;:&quot;9x0yFAnCvM2UwvkBmRXy&quot;},{&quot;accountno&quot;:&quot;TA-1234567&quot;,&quot;departmentno&quot;:&quot;6&quot;,&quot;salary&quot;:&quot;12345&quot;,&quot;pincode&quot;:&quot;123456&quot;,&quot;userid&quot;:&quot;Bl9Tdos8Zn7fDhEqJa1k&quot;,&quot;id&quot;:&quot;51rGVb5TomZWGUQQ9wpe&quot;},{&quot;accountno&quot;:&quot;TA-4536789&quot;,&quot;departmentno&quot;:&quot;1&quot;,&quot;salary&quot;:&quot;10000&quot;,&quot;pincode&quot;:&quot;515001&quot;,&quot;userid&quot;:&quot;Wds87VcJ95nrcl866aSE&quot;,&quot;id&quot;:&quot;QRQ7smIMtNtH1VXszDQM&quot;},{&quot;accountno&quot;:&quot;TA-1232324&quot;,&quot;departmentno&quot;:&quot;1&quot;,&quot;salary&quot;:&quot;1000&quot;,&quot;pincode&quot;:&quot;222222&quot;,&quot;userid&quot;:&quot;oqMOSzlPA8WB6RX8Gw2Z&quot;,&quot;id&quot;:&quot;fGB5OXS77GmA5c4EiJJU&quot;},{&quot;accountno&quot;:&quot;TA-1234567&quot;,&quot;departmentno&quot;:&quot;6&quot;,&quot;salary&quot;:&quot;12345&quot;,&quot;pincode&quot;:&quot;123456&quot;,&quot;userid&quot;:&quot;Bl9Tdos8Zn7fDhEqJa1k&quot;,&quot;id&quot;:&quot;x1LUHJG0HBGjzNIKbDzi&quot;},{&quot;accountno&quot;:&quot;TA-2234567&quot;,&quot;departmentno&quot;:9,&quot;salary&quot;:2,&quot;pincode&quot;:123456,&quot;userid&quot;:&quot;I6nBxzjk6VkW6NHrUDCN&quot;,&quot;id&quot;:&quot;hJTtxnaCdQjZ1ToUoPiD&quot;},{&quot;accountno&quot;:&quot;TA-1232324&quot;,&quot;departmentno&quot;:&quot;1&quot;,&quot;salary&quot;:&quot;1000&quot;,&quot;pincode&quot;:&quot;222222&quot;,&quot;userid&quot;:&quot;oqMOSzlPA8WB6RX8Gw2Z&quot;,&quot;id&quot;:&quot;Cdw0z1I77lxUra6AZuqZ&quot;},{&quot;accountno&quot;:&quot;TA-4536789&quot;,&quot;departmentno&quot;:&quot;1&quot;,&quot;salary&quot;:&quot;10000&quot;,&quot;pincode&quot;:&quot;515001&quot;,&quot;userid&quot;:&quot;Wds87VcJ95nrcl866aSE&quot;,&quot;id&quot;:&quot;6l4pMpStAi5KOMiJGZnu&quot;},{&quot;accountno&quot;:&quot;TA-5678909&quot;,&quot;departmentno&quot;:&quot;5&quot;,&quot;salary&quot;:&quot;5000&quot;,&quot;pincode&quot;:&quot;345267&quot;,&quot;userid&quot;:&quot;Q838nbz89Y6fI0Es1xd1&quot;,&quot;id&quot;:&quot;CJWpflZ7WwYzgKoc835p&quot;},{&quot;accountno&quot;:&quot;TA-54275698&quot;,&quot;departmentno&quot;:1,&quot;salary&quot;:10000,&quot;pincode&quot;:353987,&quot;userid&quot;:&quot;4yFTZrJvMNYNnOGWLX08&quot;,&quot;id&quot;:&quot;fO14sh7QjAxhejkqFqk8&quot;},{&quot;accountno&quot;:&quot;TA-2222222&quot;,&quot;departmentno&quot;:&quot;2&quot;,&quot;salary&quot;:&quot;22222222&quot;,&quot;pincode&quot;:&quot;228765&quot;,&quot;userid&quot;:&quot;DMkGbuXbx9J1GEeaTJoJ&quot;,&quot;id&quot;:&quot;5Ly71kyZjMppF9l24UyA&quot;},{&quot;accountno&quot;:&quot;TA-5678903&quot;,&quot;departmentno&quot;:&quot;5&quot;,&quot;salary&quot;:&quot;5000&quot;,&quot;pincode&quot;:&quot;345267&quot;,&quot;userid&quot;:&quot;Q838nbz89Y6fI0Es1xd1&quot;,&quot;id&quot;:&quot;ywcSs6uqzvpeJ3g4j3Tp&quot;},{&quot;accountno&quot;:&quot;TA-5473428&quot;,&quot;departmentno&quot;:&quot;5&quot;,&quot;salary&quot;:&quot;3000&quot;,&quot;pincode&quot;:&quot;355467&quot;,&quot;userid&quot;:&quot;4yFTZrJvMNYNnOGWLX08&quot;,&quot;id&quot;:&quot;u34w0HF5JgI3kyJvGnO6&quot;},{&quot;accountno&quot;:&quot;TA-0987654&quot;,&quot;departmentno&quot;:&quot;0&quot;,&quot;salary&quot;:&quot;098&quot;,&quot;pincode&quot;:&quot;098765&quot;,&quot;userid&quot;:&quot;wNDxs1ExN1RSc9iSxnrD&quot;,&quot;id&quot;:&quot;ZLXsqX0vPaSUz9h2tYKK&quot;},{&quot;accountno&quot;:&quot;TA-7666666&quot;,&quot;departmentno&quot;:&quot;6&quot;,&quot;salary&quot;:&quot;6666&quot;,&quot;pincode&quot;:&quot;666666&quot;,&quot;userid&quot;:&quot;iMKubKqFpLbEJQsYT0kM&quot;,&quot;id&quot;:&quot;yyrgAYJ4NzuHUWFxglXN&quot;},{&quot;accountno&quot;:&quot;TR-1234567&quot;,&quot;departmentno&quot;:&quot;6&quot;,&quot;salary&quot;:&quot;5000&quot;,&quot;pincode&quot;:&quot;246824&quot;,&quot;userid&quot;:&quot;v6ZDMRBfI5zsQ4wpV8zp&quot;,&quot;id&quot;:&quot;Hcbs7hX6UTqNyTnO7Aza&quot;},{&quot;accountno&quot;:&quot;TA-1234567&quot;,&quot;departmentno&quot;:&quot;6&quot;,&quot;salary&quot;:&quot;12345&quot;,&quot;pincode&quot;:&quot;123456&quot;,&quot;userid&quot;:&quot;Bl9Tdos8Zn7fDhEqJa1k&quot;,&quot;id&quot;:&quot;tfAQvV3Vw0KsH9z6bRiD&quot;},{&quot;accountno&quot;:&quot;TA-1234569&quot;,&quot;departmentno&quot;:6,&quot;salary&quot;:12345,&quot;pincode&quot;:123456,&quot;userid&quot;:&quot;Bl9Tdos8Zn7fDhEqJa1k&quot;,&quot;id&quot;:&quot;3Fx5BdAt1H1WxYO7wnBi&quot;},{&quot;accountno&quot;:&quot;TA-4633456&quot;,&quot;departmentno&quot;:&quot;4&quot;,&quot;salary&quot;:&quot;1000&quot;,&quot;pincode&quot;:&quot;567892&quot;,&quot;userid&quot;:&quot;YpYRkXof0E8y0b1HWPWf&quot;,&quot;id&quot;:&quot;R9WULdu6ojnORSj009tR&quot;},{&quot;accountno&quot;:&quot;MB-1234555&quot;,&quot;departmentno&quot;:9,&quot;salary&quot;:990,&quot;pincode&quot;:123445,&quot;userid&quot;:&quot;WdWhJxmQWT4uSoB2p48h&quot;,&quot;id&quot;:&quot;0AViUZ4eUel15K9898yX&quot;},{&quot;accountno&quot;:&quot;TA-5555555&quot;,&quot;departmentno&quot;:&quot;5&quot;,&quot;salary&quot;:&quot;500&quot;,&quot;pincode&quot;:&quot;598555&quot;,&quot;userid&quot;:&quot;uoS10JM6F4pybIMNlkEj&quot;,&quot;id&quot;:&quot;DWueKtrCrZ5b3ES6CpIl&quot;},{&quot;accountno&quot;:&quot;MB-1234556&quot;,&quot;departmentno&quot;:4,&quot;salary&quot;:999,&quot;pincode&quot;:123445,&quot;userid&quot;:&quot;WdWhJxmQWT4uSoB2p48h&quot;,&quot;id&quot;:&quot;w7U9NDGk8q1zP43UxC16&quot;},{&quot;accountno&quot;:&quot;TA-1234567&quot;,&quot;departmentno&quot;:&quot;2&quot;,&quot;salary&quot;:&quot;12345&quot;,&quot;pincode&quot;:&quot;456789&quot;,&quot;userid&quot;:&quot;Qd2hw3MawHGfM9jvrUJJ&quot;,&quot;id&quot;:&quot;aGbjZX0ewUm9GXYBXHsk&quot;},{&quot;accountno&quot;:&quot;TA-6985213&quot;,&quot;departmentno&quot;:&quot;4&quot;,&quot;salary&quot;:&quot;1000&quot;,&quot;pincode&quot;:&quot;567231&quot;,&quot;userid&quot;:&quot;k3lPFx9oPDa4PiwwA3RA&quot;,&quot;id&quot;:&quot;NskA8nISToLvR0mVdxPC&quot;},{&quot;accountno&quot;:&quot;TA-6985213&quot;,&quot;departmentno&quot;:&quot;4&quot;,&quot;salary&quot;:&quot;1000&quot;,&quot;pincode&quot;:&quot;567231&quot;,&quot;userid&quot;:&quot;k3lPFx9oPDa4PiwwA3RA&quot;,&quot;id&quot;:&quot;tY3yeY0sRygErGoAzC3R&quot;},{&quot;accountno&quot;:&quot;TA-1579053&quot;,&quot;departmentno&quot;:&quot;6&quot;,&quot;salary&quot;:&quot;20000&quot;,&quot;pincode&quot;:&quot;954216&quot;,&quot;userid&quot;:&quot;vWgxzCFg2dEEmc7xfrJj&quot;,&quot;id&quot;:&quot;t1LjEAK1kccy5IOcw8CO&quot;},{&quot;accountno&quot;:&quot;BN-1234535&quot;,&quot;departmentno&quot;:&quot;7&quot;,&quot;salary&quot;:&quot;12190&quot;,&quot;pincode&quot;:&quot;123458&quot;,&quot;userid&quot;:&quot;wvTE1ZsqbgfOMtiFejpq&quot;,&quot;id&quot;:&quot;qDDdAJPeZdFVhgSmpzXI&quot;},{&quot;accountno&quot;:&quot;TA-1919191&quot;,&quot;departmentno&quot;:&quot;2&quot;,&quot;salary&quot;:&quot;1999&quot;,&quot;pincode&quot;:&quot;191919&quot;,&quot;userid&quot;:&quot;iMKubKqFpLbEJQsYT0kM&quot;,&quot;id&quot;:&quot;btkz8RbtdRy8g3E0asUx&quot;},{&quot;accountno&quot;:&quot;TA-4567891&quot;,&quot;departmentno&quot;:6,&quot;salary&quot;:2000,&quot;pincode&quot;:945666,&quot;userid&quot;:&quot;Qd2hw3MawHGfM9jvrUJJ&quot;,&quot;id&quot;:&quot;KutG1Wpr0riFCxlK5P2C&quot;},{&quot;accountno&quot;:&quot;TA-6789123&quot;,&quot;departmentno&quot;:&quot;8&quot;,&quot;salary&quot;:&quot;2000&quot;,&quot;pincode&quot;:&quot;345673&quot;,&quot;userid&quot;:&quot;v6ZDMRBfI5zsQ4wpV8zp&quot;,&quot;id&quot;:&quot;7yqVA4DsvvA1kv59sHTt&quot;},{&quot;accountno&quot;:&quot;TR-2435768&quot;,&quot;departmentno&quot;:6,&quot;salary&quot;:5000,&quot;pincode&quot;:445566,&quot;userid&quot;:&quot;v6ZDMRBfI5zsQ4wpV8zp&quot;,&quot;id&quot;:&quot;B5yyJ1B1Ma1l1Uv1SwPC&quot;},{&quot;accountno&quot;:&quot;TA-9876543&quot;,&quot;departmentno&quot;:&quot;1&quot;,&quot;salary&quot;:&quot;11&quot;,&quot;pincode&quot;:&quot;333333&quot;,&quot;userid&quot;:&quot;DGW1ho638WUDpYOVLzH0&quot;,&quot;id&quot;:&quot;EZat5DMcn3KcJGpAVl2w&quot;},{&quot;accountno&quot;:&quot;TA-1322243&quot;,&quot;departmentno&quot;:6,&quot;salary&quot;:10,&quot;pincode&quot;:212312,&quot;userid&quot;:&quot;to2Nbgl1L91P2KBIJf8p&quot;,&quot;id&quot;:&quot;DNMezsqHOoala9b8zHlf&quot;},{&quot;accountno&quot;:&quot;TA-2727272&quot;,&quot;departmentno&quot;:&quot;2&quot;,&quot;salary&quot;:&quot;27272727&quot;,&quot;pincode&quot;:&quot;272727&quot;,&quot;userid&quot;:&quot;ZZeLU82Z2BCRGxjve6Sz&quot;,&quot;id&quot;:&quot;C2sbkjH5vpj63zb4HRHO&quot;},{&quot;accountno&quot;:&quot;TA-4536789&quot;,&quot;departmentno&quot;:&quot;1&quot;,&quot;salary&quot;:&quot;10000&quot;,&quot;pincode&quot;:&quot;515001&quot;,&quot;userid&quot;:&quot;Wds87VcJ95nrcl866aSE&quot;,&quot;id&quot;:&quot;YjE326W732R9pt4iR37d&quot;},{&quot;accountno&quot;:&quot;MB-7873863&quot;,&quot;departmentno&quot;:&quot;4&quot;,&quot;salary&quot;:&quot;322&quot;,&quot;pincode&quot;:&quot;344556&quot;,&quot;userid&quot;:&quot;WdWhJxmQWT4uSoB2p48h&quot;,&quot;id&quot;:&quot;0y6YinZbngmEdGcJvn1U&quot;},{&quot;accountno&quot;:&quot;TA-2333332&quot;,&quot;departmentno&quot;:&quot;3&quot;,&quot;salary&quot;:&quot;2222&quot;,&quot;pincode&quot;:&quot;222222&quot;,&quot;userid&quot;:&quot;iMKubKqFpLbEJQsYT0kM&quot;,&quot;id&quot;:&quot;W4l879OQ4zpvODDiT3sF&quot;},{&quot;accountno&quot;:&quot;MB-5635532&quot;,&quot;departmentno&quot;:&quot;4&quot;,&quot;salary&quot;:&quot;999&quot;,&quot;pincode&quot;:&quot;767687&quot;,&quot;userid&quot;:&quot;WdWhJxmQWT4uSoB2p48h&quot;,&quot;id&quot;:&quot;mWk5ypSOzzuBzPvy3qPZ&quot;},{&quot;accountno&quot;:&quot;MB-7865432&quot;,&quot;departmentno&quot;:&quot;3&quot;,&quot;salary&quot;:&quot;9994&quot;,&quot;pincode&quot;:&quot;526162&quot;,&quot;userid&quot;:&quot;WdWhJxmQWT4uSoB2p48h&quot;,&quot;id&quot;:&quot;wVZzL2ynwvOiI6uVHVVe&quot;},{&quot;accountno&quot;:&quot;TA-8777777&quot;,&quot;departmentno&quot;:&quot;7&quot;,&quot;salary&quot;:&quot;7000&quot;,&quot;pincode&quot;:&quot;777777&quot;,&quot;userid&quot;:&quot;iMKubKqFpLbEJQsYT0kM&quot;,&quot;id&quot;:&quot;eIpULvAQC0styfC5ZSjA&quot;},{&quot;accountno&quot;:&quot;TA-4536798&quot;,&quot;departmentno&quot;:3,&quot;salary&quot;:10000,&quot;pincode&quot;:515001,&quot;userid&quot;:&quot;Wds87VcJ95nrcl866aSE&quot;,&quot;id&quot;:&quot;dLEBOV5TRipWZrsS2svF&quot;},{&quot;accountno&quot;:&quot;TA-2111111&quot;,&quot;departmentno&quot;:&quot;2&quot;,&quot;salary&quot;:&quot;2000&quot;,&quot;pincode&quot;:&quot;222222&quot;,&quot;userid&quot;:&quot;iMKubKqFpLbEJQsYT0kM&quot;,&quot;id&quot;:&quot;UL4yewCKpHm4fLGScOyu&quot;},{&quot;accountno&quot;:&quot;TA-2345678&quot;,&quot;departmentno&quot;:&quot;5&quot;,&quot;salary&quot;:&quot;12345&quot;,&quot;pincode&quot;:&quot;123456&quot;,&quot;userid&quot;:&quot;taGX4XQQfXD3Z76sI1Xn&quot;,&quot;id&quot;:&quot;1GUn6IeAekc3s7mMfJ36&quot;},{&quot;accountno&quot;:&quot;TA-1234567&quot;,&quot;departmentno&quot;:&quot;7&quot;,&quot;salary&quot;:&quot;9999&quot;,&quot;pincode&quot;:&quot;123456&quot;,&quot;userid&quot;:&quot;x4PKb7FyIVOCFwlJKRfB&quot;,&quot;id&quot;:&quot;imyl80LH8UWvXaSrDXmF&quot;},{&quot;accountno&quot;:&quot;TA-2345678&quot;,&quot;departmentno&quot;:&quot;4&quot;,&quot;salary&quot;:&quot;12345&quot;,&quot;pincode&quot;:&quot;123456&quot;,&quot;userid&quot;:&quot;taGX4XQQfXD3Z76sI1Xn&quot;,&quot;id&quot;:&quot;KXK1q4HKnKPOzz3XxqsJ&quot;},{&quot;accountno&quot;:&quot;TA-1666666&quot;,&quot;departmentno&quot;:&quot;3&quot;,&quot;salary&quot;:&quot;6000&quot;,&quot;pincode&quot;:&quot;123455&quot;,&quot;userid&quot;:&quot;iMKubKqFpLbEJQsYT0kM&quot;,&quot;id&quot;:&quot;ipWwWB6rPdSx33yCKkFT&quot;},{&quot;accountno&quot;:&quot;TA-2345678&quot;,&quot;departmentno&quot;:&quot;4&quot;,&quot;salary&quot;:&quot;12345&quot;,&quot;pincode&quot;:&quot;123456&quot;,&quot;userid&quot;:&quot;wNDxs1ExN1RSc9iSxnrD&quot;,&quot;id&quot;:&quot;8pluLJy1RLbwinQzAUnu&quot;},{&quot;accountno&quot;:&quot;TA-2345678&quot;,&quot;departmentno&quot;:&quot;2&quot;,&quot;salary&quot;:&quot;12345&quot;,&quot;pincode&quot;:&quot;123456&quot;,&quot;userid&quot;:&quot;wNDxs1ExN1RSc9iSxnrD&quot;,&quot;id&quot;:&quot;2arUplfDu8l9EfOD3t7M&quot;},{&quot;accountno&quot;:&quot;TA-2345678&quot;,&quot;departmentno&quot;:&quot;1&quot;,&quot;salary&quot;:&quot;12345&quot;,&quot;pincode&quot;:&quot;123456&quot;,&quot;userid&quot;:&quot;wNDxs1ExN1RSc9iSxnrD&quot;,&quot;id&quot;:&quot;o6ybSWpqATOlqpnQNjo1&quot;},{&quot;accountno&quot;:&quot;TA-1234567&quot;,&quot;departmentno&quot;:&quot;7&quot;,&quot;salary&quot;:&quot;9999&quot;,&quot;pincode&quot;:&quot;123456&quot;,&quot;userid&quot;:&quot;taGX4XQQfXD3Z76sI1Xn&quot;,&quot;id&quot;:&quot;CVRyzDQ31HNFvsvfhfmI&quot;},{&quot;accountno&quot;:&quot;Gee3454567&quot;,&quot;departmentno&quot;:8,&quot;salary&quot;:9876,&quot;pincode&quot;:623555,&quot;userid&quot;:&quot;vSJ32HvDM5LNdrhyAvu4&quot;,&quot;id&quot;:&quot;7IrD8FO18n09qu3jK7AU&quot;},{&quot;accountno&quot;:&quot;TA-2345678&quot;,&quot;departmentno&quot;:&quot;1&quot;,&quot;salary&quot;:&quot;12345&quot;,&quot;pincode&quot;:&quot;123456&quot;,&quot;userid&quot;:&quot;wNDxs1ExN1RSc9iSxnrD&quot;,&quot;id&quot;:&quot;nVBbcV2jPw7C6eJBMUN5&quot;},{&quot;accountno&quot;:&quot;TA-1232324&quot;,&quot;departmentno&quot;:&quot;1&quot;,&quot;salary&quot;:&quot;1000&quot;,&quot;pincode&quot;:&quot;222222&quot;,&quot;userid&quot;:&quot;oqMOSzlPA8WB6RX8Gw2Z&quot;,&quot;id&quot;:&quot;qODfYhKCbLGyjeRgy4Mp&quot;},{&quot;accountno&quot;:&quot;Gee3452323&quot;,&quot;departmentno&quot;:&quot;5&quot;,&quot;salary&quot;:&quot;7879&quot;,&quot;pincode&quot;:&quot;876563&quot;,&quot;userid&quot;:&quot;vSJ32HvDM5LNdrhyAvu4&quot;,&quot;id&quot;:&quot;2ZOl6egWM4IR2yj7W8Ms&quot;},{&quot;accountno&quot;:&quot;Gee3452323&quot;,&quot;departmentno&quot;:&quot;3&quot;,&quot;salary&quot;:&quot;7879&quot;,&quot;pincode&quot;:&quot;876563&quot;,&quot;userid&quot;:&quot;vSJ32HvDM5LNdrhyAvu4&quot;,&quot;id&quot;:&quot;9aYcDD8TiXiJ08Ad6bo1&quot;},{&quot;accountno&quot;:&quot;TA-1234567&quot;,&quot;departmentno&quot;:&quot;8&quot;,&quot;salary&quot;:&quot;9256&quot;,&quot;pincode&quot;:&quot;123467&quot;,&quot;userid&quot;:&quot;UASuqvD1p0dfIWTRALf5&quot;,&quot;id&quot;:&quot;0NwlGUg5sZwbkofw0BDR&quot;},{&quot;accountno&quot;:&quot;TA-1234567&quot;,&quot;departmentno&quot;:&quot;5&quot;,&quot;salary&quot;:&quot;8888&quot;,&quot;pincode&quot;:&quot;123456&quot;,&quot;userid&quot;:&quot;UASuqvD1p0dfIWTRALf5&quot;,&quot;id&quot;:&quot;QGQAnVEsRawAqnelAt3U&quot;},{&quot;accountno&quot;:&quot;TA-1234567&quot;,&quot;departmentno&quot;:&quot;4&quot;,&quot;salary&quot;:&quot;2345&quot;,&quot;pincode&quot;:&quot;567890&quot;,&quot;userid&quot;:&quot;PdA0aL70CLvbT74ZYZT7&quot;,&quot;id&quot;:&quot;BdhxWjdPH0hD2WnZsPcI&quot;},{&quot;accountno&quot;:&quot;Gee2345675&quot;,&quot;departmentno&quot;:&quot;5&quot;,&quot;salary&quot;:&quot;9677&quot;,&quot;pincode&quot;:&quot;632456&quot;,&quot;userid&quot;:&quot;vSJ32HvDM5LNdrhyAvu4&quot;,&quot;id&quot;:&quot;7XYPGIp1tQvFnO8kKYZl&quot;},{&quot;accountno&quot;:&quot;TA-2001009&quot;,&quot;departmentno&quot;:5,&quot;salary&quot;:53440,&quot;pincode&quot;:667759,&quot;userid&quot;:&quot;4yFTZrJvMNYNnOGWLX08&quot;,&quot;id&quot;:&quot;OJwIbhgVd1KnmtL9JAvU&quot;},{&quot;accountno&quot;:&quot;TA-2001002&quot;,&quot;departmentno&quot;:&quot;5&quot;,&quot;salary&quot;:&quot;53444&quot;,&quot;pincode&quot;:&quot;667755&quot;,&quot;userid&quot;:&quot;4yFTZrJvMNYNnOGWLX08&quot;,&quot;id&quot;:&quot;cebAn5x3a5xnE79lWwJP&quot;},{&quot;accountno&quot;:&quot;TA-2017200&quot;,&quot;departmentno&quot;:4,&quot;salary&quot;:800766,&quot;pincode&quot;:976678,&quot;userid&quot;:&quot;4yFTZrJvMNYNnOGWLX08&quot;,&quot;id&quot;:&quot;PyHiFumuTyrCtcbkeEsA&quot;},{&quot;accountno&quot;:&quot;TA-2546675&quot;,&quot;departmentno&quot;:&quot;6&quot;,&quot;salary&quot;:&quot;10000&quot;,&quot;pincode&quot;:&quot;456437&quot;,&quot;userid&quot;:&quot;4yFTZrJvMNYNnOGWLX08&quot;,&quot;id&quot;:&quot;qETR4jSMh0EOaXcxV9IK&quot;},{&quot;accountno&quot;:&quot;TA-1231231&quot;,&quot;departmentno&quot;:&quot;1&quot;,&quot;salary&quot;:&quot;10000&quot;,&quot;pincode&quot;:&quot;123456&quot;,&quot;userid&quot;:&quot;DMkGbuXbx9J1GEeaTJoJ&quot;,&quot;id&quot;:&quot;z5UlLNIJyQdiMJRX0nCa&quot;},{&quot;accountno&quot;:&quot;TA-1234567&quot;,&quot;departmentno&quot;:&quot;1&quot;,&quot;salary&quot;:&quot;1&quot;,&quot;pincode&quot;:&quot;111111&quot;,&quot;userid&quot;:&quot;nL5XKb5bEgz7ySPvUgaJ&quot;,&quot;id&quot;:&quot;nmVtmgFip3GDdbd3YDho&quot;},{&quot;accountno&quot;:&quot;TA-4555555&quot;,&quot;departmentno&quot;:&quot;4&quot;,&quot;salary&quot;:&quot;1000&quot;,&quot;pincode&quot;:&quot;323232&quot;,&quot;userid&quot;:&quot;iMKubKqFpLbEJQsYT0kM&quot;,&quot;id&quot;:&quot;tcwTL5ElN4ewUjJIyqv9&quot;},{&quot;accountno&quot;:&quot;TA-2324410&quot;,&quot;departmentno&quot;:&quot;2&quot;,&quot;salary&quot;:&quot;123&quot;,&quot;pincode&quot;:&quot;571401&quot;,&quot;userid&quot;:&quot;to2Nbgl1L91P2KBIJf8p&quot;,&quot;id&quot;:&quot;DqNryJDDwZjVDDsKniid&quot;},{&quot;accountno&quot;:&quot;TA-1234567&quot;,&quot;departmentno&quot;:&quot;9&quot;,&quot;salary&quot;:&quot;12345&quot;,&quot;pincode&quot;:&quot;456789&quot;,&quot;userid&quot;:&quot;uoS10JM6F4pybIMNlkEj&quot;,&quot;id&quot;:&quot;2DSFIw3AnQlFFdGIMARr&quot;},{&quot;accountno&quot;:&quot;TA-1234567&quot;,&quot;departmentno&quot;:&quot;2&quot;,&quot;salary&quot;:&quot;2000000&quot;,&quot;pincode&quot;:&quot;456789&quot;,&quot;userid&quot;:&quot;uoS10JM6F4pybIMNlkEj&quot;,&quot;id&quot;:&quot;KPJeomCYhxAzRqtoI30O&quot;},{&quot;accountno&quot;:&quot;TA-4355346&quot;,&quot;departmentno&quot;:&quot;5&quot;,&quot;salary&quot;:&quot;2000&quot;,&quot;pincode&quot;:&quot;345678&quot;,&quot;userid&quot;:&quot;PdA0aL70CLvbT74ZYZT7&quot;,&quot;id&quot;:&quot;l4mz5YZrkRcHk576bfcw&quot;},{&quot;accountno&quot;:&quot;TA-7998763&quot;,&quot;departmentno&quot;:&quot;4&quot;,&quot;salary&quot;:&quot;7&quot;,&quot;pincode&quot;:&quot;098899&quot;,&quot;userid&quot;:&quot;taGX4XQQfXD3Z76sI1Xn&quot;,&quot;id&quot;:&quot;q8ZbuUwvwoMNuyCs8mgX&quot;},{&quot;accountno&quot;:&quot;TA-1010101&quot;,&quot;departmentno&quot;:&quot;8&quot;,&quot;salary&quot;:&quot;8080808080&quot;,&quot;pincode&quot;:&quot;888888&quot;,&quot;userid&quot;:&quot;ZZeLU82Z2BCRGxjve6Sz&quot;,&quot;id&quot;:&quot;0T8YXSyXs39brWG4OQzG&quot;},{&quot;accountno&quot;:&quot;MB-5646765&quot;,&quot;departmentno&quot;:&quot;8&quot;,&quot;salary&quot;:&quot;999&quot;,&quot;pincode&quot;:&quot;123456&quot;,&quot;userid&quot;:&quot;WdWhJxmQWT4uSoB2p48h&quot;,&quot;id&quot;:&quot;Ou3RbUD4ZonstbQowR4g&quot;},{&quot;accountno&quot;:&quot;MB-5646765&quot;,&quot;departmentno&quot;:8,&quot;salary&quot;:999,&quot;pincode&quot;:123456,&quot;userid&quot;:&quot;WdWhJxmQWT4uSoB2p48h&quot;,&quot;id&quot;:&quot;ZGablt2LKtCQRkazeyIb&quot;},{&quot;accountno&quot;:&quot;TA-1212121&quot;,&quot;departmentno&quot;:&quot;3&quot;,&quot;salary&quot;:&quot;324324324&quot;,&quot;pincode&quot;:&quot;543232&quot;,&quot;userid&quot;:&quot;DMkGbuXbx9J1GEeaTJoJ&quot;,&quot;id&quot;:&quot;FWXZK91Yx1dXkISv7WLq&quot;},{&quot;accountno&quot;:&quot;TA-7898763&quot;,&quot;departmentno&quot;:&quot;4&quot;,&quot;salary&quot;:&quot;7&quot;,&quot;pincode&quot;:&quot;098899&quot;,&quot;userid&quot;:&quot;taGX4XQQfXD3Z76sI1Xn&quot;,&quot;id&quot;:&quot;01avuAZUv9jC0rUmocpu&quot;},{&quot;accountno&quot;:&quot;TA-1212112&quot;,&quot;departmentno&quot;:&quot;1&quot;,&quot;salary&quot;:&quot;2&quot;,&quot;pincode&quot;:&quot;123456&quot;,&quot;userid&quot;:&quot;gCjQfhtZVJbhuZ6X7VgG&quot;,&quot;id&quot;:&quot;l9qZzg6EuJay9tY2BfaL&quot;},{&quot;accountno&quot;:&quot;TA-4568727&quot;,&quot;departmentno&quot;:2,&quot;salary&quot;:5546,&quot;pincode&quot;:452856,&quot;userid&quot;:&quot;Bl9Tdos8Zn7fDhEqJa1k&quot;,&quot;id&quot;:&quot;s3K0dOkSHLftBIIpDyAT&quot;},{&quot;accountno&quot;:&quot;TA-1234556&quot;,&quot;departmentno&quot;:&quot;3&quot;,&quot;salary&quot;:&quot;23&quot;,&quot;pincode&quot;:&quot;123456&quot;,&quot;userid&quot;:&quot;I6nBxzjk6VkW6NHrUDCN&quot;,&quot;id&quot;:&quot;tJWV8HBnYL55lEbGBCQM&quot;},{&quot;accountno&quot;:&quot;TA-1234567&quot;,&quot;departmentno&quot;:&quot;2&quot;,&quot;salary&quot;:&quot;5000&quot;,&quot;pincode&quot;:&quot;234567&quot;,&quot;userid&quot;:&quot;nL5XKb5bEgz7ySPvUgaJ&quot;,&quot;id&quot;:&quot;3N1CX87wplSeMRwExGTc&quot;},{&quot;accountno&quot;:&quot;AB-3244356&quot;,&quot;departmentno&quot;:&quot;9&quot;,&quot;salary&quot;:&quot;34567&quot;,&quot;pincode&quot;:&quot;999999&quot;,&quot;userid&quot;:&quot;pbGSCceO3YK5zI6QgXTN&quot;,&quot;id&quot;:&quot;cTBfNimmb57LALQME5H2&quot;},{&quot;accountno&quot;:&quot;AB-3244355&quot;,&quot;departmentno&quot;:&quot;9&quot;,&quot;salary&quot;:&quot;34567&quot;,&quot;pincode&quot;:&quot;999999&quot;,&quot;userid&quot;:&quot;pbGSCceO3YK5zI6QgXTN&quot;,&quot;id&quot;:&quot;i0jpwGJmlTIyj9qnr4Wa&quot;},{&quot;accountno&quot;:&quot;AB-3244354&quot;,&quot;departmentno&quot;:&quot;9&quot;,&quot;salary&quot;:&quot;34567&quot;,&quot;pincode&quot;:&quot;999999&quot;,&quot;userid&quot;:&quot;pbGSCceO3YK5zI6QgXTN&quot;,&quot;id&quot;:&quot;qAyZ67j74nA1XJvHoBPe&quot;},{&quot;accountno&quot;:&quot;Gee1234567&quot;,&quot;departmentno&quot;:&quot;3&quot;,&quot;salary&quot;:&quot;4555&quot;,&quot;pincode&quot;:&quot;623501&quot;,&quot;userid&quot;:&quot;vSJ32HvDM5LNdrhyAvu4&quot;,&quot;id&quot;:&quot;ralIrJCPPCS1SMpKvn0A&quot;},{&quot;accountno&quot;:&quot;AD-6789000&quot;,&quot;departmentno&quot;:&quot;0&quot;,&quot;salary&quot;:&quot;888888&quot;,&quot;pincode&quot;:&quot;345624&quot;,&quot;userid&quot;:&quot;8s5AYs2ljo7WNK7NkjSw&quot;,&quot;id&quot;:&quot;zkTmx4HzoONKIdhNXhjL&quot;},{&quot;accountno&quot;:&quot;AD-4567896&quot;,&quot;departmentno&quot;:&quot;9&quot;,&quot;salary&quot;:&quot;123456&quot;,&quot;pincode&quot;:&quot;888888&quot;,&quot;userid&quot;:&quot;8s5AYs2ljo7WNK7NkjSw&quot;,&quot;id&quot;:&quot;PBveeTRYGZ4cn94TW51b&quot;},{&quot;accountno&quot;:&quot;TA-1111111&quot;,&quot;departmentno&quot;:&quot;1&quot;,&quot;salary&quot;:&quot;1111111&quot;,&quot;pincode&quot;:&quot;111111&quot;,&quot;userid&quot;:&quot;ZZeLU82Z2BCRGxjve6Sz&quot;,&quot;id&quot;:&quot;gNmUdq3frBkzRGkSrx4o&quot;},{&quot;accountno&quot;:&quot;AD-4567896&quot;,&quot;departmentno&quot;:&quot;9&quot;,&quot;salary&quot;:&quot;123456&quot;,&quot;pincode&quot;:&quot;888888&quot;,&quot;userid&quot;:&quot;8s5AYs2ljo7WNK7NkjSw&quot;,&quot;id&quot;:&quot;sHIoHRdJKE49L1B1mZaK&quot;},{&quot;accountno&quot;:&quot;TA-1234567&quot;,&quot;departmentno&quot;:&quot;6&quot;,&quot;salary&quot;:&quot;2000&quot;,&quot;pincode&quot;:&quot;951486&quot;,&quot;userid&quot;:&quot;UASuqvD1p0dfIWTRALf5&quot;,&quot;id&quot;:&quot;7IegdVJBPIzVGyAJC2aD&quot;},{&quot;accountno&quot;:&quot;TA-4633456&quot;,&quot;departmentno&quot;:&quot;4&quot;,&quot;salary&quot;:&quot;1000&quot;,&quot;pincode&quot;:&quot;567892&quot;,&quot;userid&quot;:&quot;taGX4XQQfXD3Z76sI1Xn&quot;,&quot;id&quot;:&quot;j9JQnWuKjKgBisxS1piO&quot;},{&quot;accountno&quot;:&quot;BN-1234535&quot;,&quot;departmentno&quot;:&quot;7&quot;,&quot;salary&quot;:&quot;12190&quot;,&quot;pincode&quot;:&quot;123458&quot;,&quot;userid&quot;:&quot;wvTE1ZsqbgfOMtiFejpq&quot;,&quot;id&quot;:&quot;k2lKJW0cMdGPq6gvVaSA&quot;},{&quot;accountno&quot;:&quot;TA-0934BAt&quot;,&quot;departmentno&quot;:&quot;3&quot;,&quot;salary&quot;:&quot;75778&quot;,&quot;pincode&quot;:&quot;674839&quot;,&quot;userid&quot;:&quot;x4PKb7FyIVOCFwlJKRfB&quot;,&quot;id&quot;:&quot;96YlVGy7R40m8D8WUWUv&quot;},{&quot;accountno&quot;:&quot;TA-LTK2022&quot;,&quot;departmentno&quot;:&quot;2&quot;,&quot;salary&quot;:&quot;20000&quot;,&quot;pincode&quot;:&quot;123456&quot;,&quot;userid&quot;:&quot;LojuRb6bN14xurmRubc2&quot;,&quot;id&quot;:&quot;cByaqYBDWzuQ7vJqFILY&quot;},{&quot;accountno&quot;:&quot;BN-1234535&quot;,&quot;departmentno&quot;:&quot;7&quot;,&quot;salary&quot;:&quot;12190&quot;,&quot;pincode&quot;:&quot;123458&quot;,&quot;userid&quot;:&quot;wvTE1ZsqbgfOMtiFejpq&quot;,&quot;id&quot;:&quot;nAPQTdmj5mAQZ1pRvQey&quot;},{&quot;accountno&quot;:&quot;GC-74563732&quot;,&quot;departmentno&quot;:&quot;007&quot;,&quot;salary&quot;:&quot;90000&quot;,&quot;pincode&quot;:&quot;772134&quot;,&quot;userid&quot;:&quot;31nk6sGTbT6SkjpQmUEj&quot;,&quot;id&quot;:&quot;4U4FNOhaqTLlAahHGOmN&quot;},{&quot;accountno&quot;:&quot;BN-1234535&quot;,&quot;departmentno&quot;:&quot;7&quot;,&quot;salary&quot;:&quot;12190&quot;,&quot;pincode&quot;:&quot;123458&quot;,&quot;userid&quot;:&quot;wvTE1ZsqbgfOMtiFejpq&quot;,&quot;id&quot;:&quot;lNXc5EiIMgvb0rLu0A0x&quot;},{&quot;accountno&quot;:&quot;&quot;,&quot;departmentno&quot;:2,&quot;salary&quot;:1010,&quot;pincode&quot;:111111,&quot;userid&quot;:&quot;lkdMZtNGN68KOuyoTHUF&quot;,&quot;id&quot;:&quot;prelZb8LOKF66Wc8tkeT&quot;},{&quot;accountno&quot;:&quot;TA-MAAOCT2022&quot;,&quot;departmentno&quot;:2,&quot;salary&quot;:1010,&quot;pincode&quot;:111111,&quot;userid&quot;:&quot;lkdMZtNGN68KOuyoTHUF&quot;,&quot;id&quot;:&quot;dfps98vR8FiNcV99CaCc&quot;},{&quot;accountno&quot;:&quot;CCC-1223344555&quot;,&quot;departmentno&quot;:&quot;6&quot;,&quot;salary&quot;:&quot;1500&quot;,&quot;pincode&quot;:&quot;{{pincode}}&quot;,&quot;userid&quot;:&quot;gc9SyliI1Cp2Qki8ZiPP&quot;,&quot;id&quot;:&quot;COehQigwPkc3g1d8gGmP&quot;},{&quot;accountno&quot;:&quot;CCC-1223344555&quot;,&quot;departmentno&quot;:&quot;6&quot;,&quot;salary&quot;:&quot;1500&quot;,&quot;pincode&quot;:&quot;{{pincode}}&quot;,&quot;userid&quot;:&quot;gc9SyliI1Cp2Qki8ZiPP&quot;,&quot;id&quot;:&quot;g4PXX5extMVZDGviWFTq&quot;},{&quot;accountno&quot;:&quot;BBB-1223344555&quot;,&quot;departmentno&quot;:&quot;6&quot;,&quot;salary&quot;:&quot;1500&quot;,&quot;pincode&quot;:&quot;573201&quot;,&quot;userid&quot;:&quot;gc9SyliI1Cp2Qki8ZiPP&quot;,&quot;id&quot;:&quot;u3NNuxRbVsdLtCsBjKoU&quot;},{&quot;accountno&quot;:&quot;BBB-1223344555&quot;,&quot;departmentno&quot;:&quot;6&quot;,&quot;salary&quot;:&quot;1500&quot;,&quot;pincode&quot;:&quot;573201&quot;,&quot;userid&quot;:&quot;gc9SyliI1Cp2Qki8ZiPP&quot;,&quot;id&quot;:&quot;Q7c4ITcifzOe3umAfwcQ&quot;},{&quot;accountno&quot;:&quot;AAA-1223344555&quot;,&quot;departmentno&quot;:&quot;6&quot;,&quot;salary&quot;:&quot;5500&quot;,&quot;pincode&quot;:&quot;573201&quot;,&quot;userid&quot;:&quot;gc9SyliI1Cp2Qki8ZiPP&quot;,&quot;id&quot;:&quot;FCQB6HEh3XIfDqNzXb4L&quot;},{&quot;accountno&quot;:&quot;BN-1234535&quot;,&quot;departmentno&quot;:&quot;7&quot;,&quot;salary&quot;:&quot;12190&quot;,&quot;pincode&quot;:&quot;123458&quot;,&quot;userid&quot;:&quot;wvTE1ZsqbgfOMtiFejpq&quot;,&quot;id&quot;:&quot;fefoBunVVrBSXbifjqHi&quot;},{&quot;accountno&quot;:&quot;ABC-1223344555&quot;,&quot;departmentno&quot;:&quot;6&quot;,&quot;salary&quot;:&quot;1500&quot;,&quot;pincode&quot;:&quot;573201&quot;,&quot;userid&quot;:&quot;gc9SyliI1Cp2Qki8ZiPP&quot;,&quot;id&quot;:&quot;QWFVUgkbQASBRxcdOrY4&quot;},{&quot;accountno&quot;:&quot;ABC-1223344555&quot;,&quot;departmentno&quot;:&quot;6&quot;,&quot;salary&quot;:&quot;1500&quot;,&quot;pincode&quot;:&quot;573201&quot;,&quot;userid&quot;:&quot;gc9SyliI1Cp2Qki8ZiPP&quot;,&quot;id&quot;:&quot;khzSlnCvewv0lbG5DUzP&quot;},{&quot;accountno&quot;:&quot;TA-MAOCT2022&quot;,&quot;departmentno&quot;:&quot;3&quot;,&quot;salary&quot;:&quot;1002&quot;,&quot;pincode&quot;:&quot;11113&quot;,&quot;userid&quot;:&quot;lkdMZtNGN68KOuyoTHUF&quot;,&quot;id&quot;:&quot;vsMdMzCEKOJjPFqQ5ekm&quot;},{&quot;accountno&quot;:&quot;TA-MAOCT2022&quot;,&quot;departmentno&quot;:&quot;3&quot;,&quot;salary&quot;:&quot;1002&quot;,&quot;pincode&quot;:&quot;11113&quot;,&quot;userid&quot;:&quot;lkdMZtNGN68KOuyoTHUF&quot;,&quot;id&quot;:&quot;6UzSlgt31Cuo0wKsip1w&quot;},{&quot;accountno&quot;:&quot;BN-1234535&quot;,&quot;departmentno&quot;:&quot;7&quot;,&quot;salary&quot;:&quot;12190&quot;,&quot;pincode&quot;:&quot;123458&quot;,&quot;userid&quot;:&quot;wvTE1ZsqbgfOMtiFejpq&quot;,&quot;id&quot;:&quot;kLmlLSAeiSV81de2EvdC&quot;},{&quot;accountno&quot;:&quot;TA-123456&quot;,&quot;departmentno&quot;:&quot;1&quot;,&quot;salary&quot;:&quot;7000&quot;,&quot;pincode&quot;:&quot;123456&quot;,&quot;userid&quot;:&quot;6tvNcBO2ELSUL9twMY40&quot;,&quot;id&quot;:&quot;X4UpxjZKHTa82pqusjl8&quot;},{&quot;accountno&quot;:&quot;BN-1234535&quot;,&quot;departmentno&quot;:&quot;7&quot;,&quot;salary&quot;:&quot;12190&quot;,&quot;pincode&quot;:&quot;123458&quot;,&quot;userid&quot;:&quot;wvTE1ZsqbgfOMtiFejpq&quot;,&quot;id&quot;:&quot;zazlCvXTJADgVQgxB74d&quot;},{&quot;accountno&quot;:&quot;TA-SP11111&quot;,&quot;departmentno&quot;:&quot;13&quot;,&quot;salary&quot;:&quot;655&quot;,&quot;pincode&quot;:&quot;654321&quot;,&quot;userid&quot;:&quot;mU6hIQUZQfsauAPg6TXX&quot;,&quot;id&quot;:&quot;uGGxZOe0NBGNrAo7ME72&quot;},{&quot;accountno&quot;:&quot;TA-SP11111&quot;,&quot;departmentno&quot;:&quot;13&quot;,&quot;salary&quot;:&quot;655&quot;,&quot;pincode&quot;:&quot;654321&quot;,&quot;userid&quot;:&quot;mU6hIQUZQfsauAPg6TXX&quot;,&quot;id&quot;:&quot;JOuyBaAkAkMQixcvb1eB&quot;},{&quot;accountno&quot;:&quot;TA-SP11111&quot;,&quot;departmentno&quot;:&quot;13&quot;,&quot;salary&quot;:&quot;655&quot;,&quot;pincode&quot;:&quot;654321&quot;,&quot;userid&quot;:&quot;mU6hIQUZQfsauAPg6TXX&quot;,&quot;id&quot;:&quot;g93fpsbQTRXmWXineWh9&quot;},{&quot;accountno&quot;:&quot;TA-SP10011&quot;,&quot;departmentno&quot;:&quot;1&quot;,&quot;salary&quot;:&quot;655&quot;,&quot;pincode&quot;:&quot;654321&quot;,&quot;userid&quot;:&quot;mU6hIQUZQfsauAPg6TXX&quot;,&quot;id&quot;:&quot;E4Rd9WQ1huMDHeGyVjLk&quot;},{&quot;accountno&quot;:&quot;TA-SP11111&quot;,&quot;departmentno&quot;:&quot;13&quot;,&quot;salary&quot;:&quot;655&quot;,&quot;pincode&quot;:&quot;654321&quot;,&quot;userid&quot;:&quot;mU6hIQUZQfsauAPg6TXX&quot;,&quot;id&quot;:&quot;OyQ8pZsYoGTrnYKkYEyP&quot;},{&quot;accountno&quot;:&quot;BN-1234535&quot;,&quot;departmentno&quot;:&quot;7&quot;,&quot;salary&quot;:&quot;12190&quot;,&quot;pincode&quot;:&quot;123458&quot;,&quot;userid&quot;:&quot;wvTE1ZsqbgfOMtiFejpq&quot;,&quot;id&quot;:&quot;8wc7DaKIlzxVb6416yel&quot;},{&quot;accountno&quot;:&quot;BN-1234535&quot;,&quot;departmentno&quot;:&quot;7&quot;,&quot;salary&quot;:&quot;12190&quot;,&quot;pincode&quot;:&quot;123458&quot;,&quot;userid&quot;:&quot;wvTE1ZsqbgfOMtiFejpq&quot;,&quot;id&quot;:&quot;l2BPbFzHhBUSfIVQgZ5V&quot;},{&quot;accountno&quot;:&quot;TA-8888999&quot;,&quot;departmentno&quot;:&quot;2&quot;,&quot;salary&quot;:&quot;7777&quot;,&quot;pincode&quot;:&quot;123456&quot;,&quot;userid&quot;:&quot;ykzjcgcS2z5nTA3D5ugS&quot;,&quot;id&quot;:&quot;LUr10Zxh3UceA9ZE3vvb&quot;},{&quot;accountno&quot;:&quot;TA-8888999&quot;,&quot;departmentno&quot;:&quot;2&quot;,&quot;salary&quot;:&quot;7777&quot;,&quot;pincode&quot;:&quot;123456&quot;,&quot;userid&quot;:&quot;ykzjcgcS2z5nTA3D5ugS&quot;,&quot;id&quot;:&quot;nMfXJ4T7Av7A0xpLG9UK&quot;},{&quot;accountno&quot;:&quot;TA-8888888&quot;,&quot;departmentno&quot;:&quot;2&quot;,&quot;salary&quot;:&quot;7777&quot;,&quot;pincode&quot;:&quot;123456&quot;,&quot;userid&quot;:&quot;ykzjcgcS2z5nTA3D5ugS&quot;,&quot;id&quot;:&quot;FbBJfYSLvp4PqTWdpoxO&quot;},{&quot;accountno&quot;:&quot;TA-8888888&quot;,&quot;departmentno&quot;:&quot;2&quot;,&quot;salary&quot;:&quot;7777&quot;,&quot;pincode&quot;:&quot;123456&quot;,&quot;userid&quot;:&quot;ykzjcgcS2z5nTA3D5ugS&quot;,&quot;id&quot;:&quot;8CLYO01XqTX4GdoeLEfH&quot;},{&quot;accountno&quot;:&quot;TA-8888888&quot;,&quot;departmentno&quot;:&quot;2&quot;,&quot;salary&quot;:&quot;7777&quot;,&quot;pincode&quot;:&quot;123456&quot;,&quot;userid&quot;:&quot;ykzjcgcS2z5nTA3D5ugS&quot;,&quot;id&quot;:&quot;lFwr39GFHurGpvYptFiP&quot;},{&quot;accountno&quot;:&quot;TA-8888888&quot;,&quot;departmentno&quot;:&quot;2&quot;,&quot;salary&quot;:&quot;7777&quot;,&quot;pincode&quot;:&quot;123456&quot;,&quot;userid&quot;:&quot;ykzjcgcS2z5nTA3D5ugS&quot;,&quot;id&quot;:&quot;LgXVYqVev1We3pPxsIEe&quot;},{&quot;accountno&quot;:&quot;TA-8888888&quot;,&quot;departmentno&quot;:&quot;2&quot;,&quot;salary&quot;:&quot;7777&quot;,&quot;pincode&quot;:&quot;123456&quot;,&quot;userid&quot;:&quot;ykzjcgcS2z5nTA3D5ugS&quot;,&quot;id&quot;:&quot;JTMcp2B41qxp0MHhV8v4&quot;},{&quot;accountno&quot;:&quot;TA-8888888&quot;,&quot;departmentno&quot;:&quot;2&quot;,&quot;salary&quot;:&quot;7777&quot;,&quot;pincode&quot;:&quot;123456&quot;,&quot;userid&quot;:&quot;ykzjcgcS2z5nTA3D5ugS&quot;,&quot;id&quot;:&quot;2Vf7TsIUxlkH2jXiMWbg&quot;},{&quot;accountno&quot;:&quot;TA-8888888&quot;,&quot;departmentno&quot;:&quot;2&quot;,&quot;salary&quot;:&quot;7777&quot;,&quot;pincode&quot;:&quot;123456&quot;,&quot;userid&quot;:&quot;ykzjcgcS2z5nTA3D5ugS&quot;,&quot;id&quot;:&quot;6bYq1u0acfzPldQSzBQX&quot;},{&quot;accountno&quot;:&quot;TA-7777777&quot;,&quot;departmentno&quot;:&quot;2&quot;,&quot;salary&quot;:&quot;7777&quot;,&quot;pincode&quot;:&quot;123456&quot;,&quot;userid&quot;:&quot;ykzjcgcS2z5nTA3D5ugS&quot;,&quot;id&quot;:&quot;Ufdtf00wBvWn8lLU82bk&quot;},{&quot;accountno&quot;:&quot;TA-7777777&quot;,&quot;departmentno&quot;:&quot;2&quot;,&quot;salary&quot;:&quot;7777&quot;,&quot;pincode&quot;:&quot;123456&quot;,&quot;userid&quot;:&quot;ykzjcgcS2z5nTA3D5ugS&quot;,&quot;id&quot;:&quot;Tdvxy2CnAl26IGCdrYHb&quot;},{&quot;accountno&quot;:&quot;TA-7777777&quot;,&quot;departmentno&quot;:&quot;2&quot;,&quot;salary&quot;:&quot;7777&quot;,&quot;pincode&quot;:&quot;123456&quot;,&quot;userid&quot;:&quot;ykzjcgcS2z5nTA3D5ugS&quot;,&quot;id&quot;:&quot;ZB9Y1ofGrbpx6HU2vJmE&quot;},{&quot;accountno&quot;:&quot;TA-7777777&quot;,&quot;departmentno&quot;:&quot;2&quot;,&quot;salary&quot;:&quot;7777&quot;,&quot;pincode&quot;:&quot;123456&quot;,&quot;userid&quot;:&quot;ykzjcgcS2z5nTA3D5ugS&quot;,&quot;id&quot;:&quot;1lKh34eGC3J9JJVJpqEb&quot;},{&quot;accountno&quot;:&quot;TA-7777777&quot;,&quot;departmentno&quot;:&quot;2&quot;,&quot;salary&quot;:&quot;7777&quot;,&quot;pincode&quot;:&quot;123456&quot;,&quot;userid&quot;:&quot;ykzjcgcS2z5nTA3D5ugS&quot;,&quot;id&quot;:&quot;4MPnHdFEmDvsqZ5zZlI5&quot;},{&quot;accountno&quot;:&quot;TA-7777777&quot;,&quot;departmentno&quot;:&quot;2&quot;,&quot;salary&quot;:&quot;7777&quot;,&quot;pincode&quot;:&quot;123456&quot;,&quot;userid&quot;:&quot;ykzjcgcS2z5nTA3D5ugS&quot;,&quot;id&quot;:&quot;RpbqGIVgnnPBTMBrcaV1&quot;},{&quot;accountno&quot;:&quot;TA-7777777&quot;,&quot;departmentno&quot;:&quot;2&quot;,&quot;salary&quot;:&quot;7777&quot;,&quot;pincode&quot;:&quot;123456&quot;,&quot;userid&quot;:&quot;ykzjcgcS2z5nTA3D5ugS&quot;,&quot;id&quot;:&quot;LiZbttB1FAhahWGN3oq5&quot;},{&quot;accountno&quot;:&quot;TA-7777777&quot;,&quot;departmentno&quot;:&quot;2&quot;,&quot;salary&quot;:&quot;7777&quot;,&quot;pincode&quot;:&quot;123456&quot;,&quot;userid&quot;:&quot;ykzjcgcS2z5nTA3D5ugS&quot;,&quot;id&quot;:&quot;JySlBi3SRy4JKS4LJOwC&quot;},{&quot;accountno&quot;:&quot;TA-7777777&quot;,&quot;departmentno&quot;:&quot;2&quot;,&quot;salary&quot;:&quot;7777&quot;,&quot;pincode&quot;:&quot;123456&quot;,&quot;userid&quot;:&quot;ykzjcgcS2z5nTA3D5ugS&quot;,&quot;id&quot;:&quot;nk85D1o0eLbvKGb9gOI4&quot;},{&quot;accountno&quot;:&quot;TA-7777777&quot;,&quot;departmentno&quot;:&quot;2&quot;,&quot;salary&quot;:&quot;7777&quot;,&quot;pincode&quot;:&quot;123456&quot;,&quot;userid&quot;:&quot;ykzjcgcS2z5nTA3D5ugS&quot;,&quot;id&quot;:&quot;dOhjdq83BbPy76cXC6Nn&quot;},{&quot;accountno&quot;:&quot;BN-1234535&quot;,&quot;departmentno&quot;:&quot;7&quot;,&quot;salary&quot;:&quot;12190&quot;,&quot;pincode&quot;:&quot;123458&quot;,&quot;userid&quot;:&quot;wvTE1ZsqbgfOMtiFejpq&quot;,&quot;id&quot;:&quot;joGs0PUV6PWrHcFHiI1I&quot;},{&quot;accountno&quot;:&quot;TA-7777777&quot;,&quot;departmentno&quot;:&quot;2&quot;,&quot;salary&quot;:&quot;7777&quot;,&quot;pincode&quot;:&quot;123456&quot;,&quot;userid&quot;:&quot;ykzjcgcS2z5nTA3D5ugS&quot;,&quot;id&quot;:&quot;5RkOQoQB1GZF6MOBAYcp&quot;},{&quot;accountno&quot;:&quot;BN-1234535&quot;,&quot;departmentno&quot;:&quot;7&quot;,&quot;salary&quot;:&quot;12190&quot;,&quot;pincode&quot;:&quot;123458&quot;,&quot;userid&quot;:&quot;wvTE1ZsqbgfOMtiFejpq&quot;,&quot;id&quot;:&quot;jcKLW6jmbV5YLXIzrgtG&quot;},{&quot;accountno&quot;:&quot;KS-123456789&quot;,&quot;departmentno&quot;:&quot;0&quot;,&quot;salary&quot;:&quot;100010001000&quot;,&quot;pincode&quot;:&quot;620009&quot;,&quot;userid&quot;:&quot;0d3O0bhBzCwFhnJ3mslW&quot;,&quot;id&quot;:&quot;mMnGKkJ9pJwVDx4pQnw8&quot;},{&quot;accountno&quot;:&quot;BN-1234535&quot;,&quot;departmentno&quot;:&quot;7&quot;,&quot;salary&quot;:&quot;12190&quot;,&quot;pincode&quot;:&quot;123458&quot;,&quot;userid&quot;:&quot;wvTE1ZsqbgfOMtiFejpq&quot;,&quot;id&quot;:&quot;IeRNR59oR22qv9muPzMZ&quot;},{&quot;accountno&quot;:&quot;TA-6667777&quot;,&quot;departmentno&quot;:6,&quot;salary&quot;:6666,&quot;pincode&quot;:666777,&quot;userid&quot;:&quot;ykzjcgcS2z5nTA3D5ugS&quot;,&quot;id&quot;:&quot;k7sgKGJZ6V88guyv0xd6&quot;},{&quot;accountno&quot;:&quot;BN-1234535&quot;,&quot;departmentno&quot;:&quot;7&quot;,&quot;salary&quot;:&quot;12190&quot;,&quot;pincode&quot;:&quot;123458&quot;,&quot;userid&quot;:&quot;wvTE1ZsqbgfOMtiFejpq&quot;,&quot;id&quot;:&quot;pMXJng5spGvm1Ra7o992&quot;},{&quot;accountno&quot;:&quot;TA-MAOCT2022&quot;,&quot;departmentno&quot;:&quot;3&quot;,&quot;salary&quot;:&quot;1002&quot;,&quot;pincode&quot;:&quot;11113&quot;,&quot;userid&quot;:&quot;gc9SyliI1Cp2Qki8ZiPP&quot;,&quot;id&quot;:&quot;CzxyXsQAT5V3DAxfFjoa&quot;},{&quot;accountno&quot;:&quot;BN-1234535&quot;,&quot;departmentno&quot;:&quot;7&quot;,&quot;salary&quot;:&quot;12190&quot;,&quot;pincode&quot;:&quot;123458&quot;,&quot;userid&quot;:&quot;wvTE1ZsqbgfOMtiFejpq&quot;,&quot;id&quot;:&quot;LfXZUwmAp2gu6csLctnj&quot;},{&quot;accountno&quot;:&quot;TA-18119&quot;,&quot;departmentno&quot;:&quot;5&quot;,&quot;salary&quot;:&quot;81500&quot;,&quot;pincode&quot;:&quot;29254-1559&quot;,&quot;userid&quot;:&quot;taGX4XQQfXD3Z76sI1Xn&quot;,&quot;id&quot;:&quot;hJGok4StKZJCza7rcCIV&quot;},{&quot;accountno&quot;:&quot;BN-1234535&quot;,&quot;departmentno&quot;:&quot;7&quot;,&quot;salary&quot;:&quot;12190&quot;,&quot;pincode&quot;:&quot;123458&quot;,&quot;userid&quot;:&quot;wvTE1ZsqbgfOMtiFejpq&quot;,&quot;id&quot;:&quot;Gs4mAJv5ucUpx2Qy5Cbc&quot;},{&quot;accountno&quot;:&quot;TA-oct2022&quot;,&quot;departmentno&quot;:1,&quot;salary&quot;:10000,&quot;pincode&quot;:123788,&quot;userid&quot;:&quot;D4FISu3B2L9YI2SldMWP&quot;,&quot;id&quot;:&quot;tL0s6WVY16iNYNDVjwf3&quot;},{&quot;accountno&quot;:&quot;BN-1234535&quot;,&quot;departmentno&quot;:&quot;7&quot;,&quot;salary&quot;:&quot;12190&quot;,&quot;pincode&quot;:&quot;123458&quot;,&quot;userid&quot;:&quot;wvTE1ZsqbgfOMtiFejpq&quot;,&quot;id&quot;:&quot;TzyB92ZxBkTEbMuEZqBu&quot;},{&quot;accountno&quot;:&quot;BN-1234535&quot;,&quot;departmentno&quot;:&quot;7&quot;,&quot;salary&quot;:&quot;12190&quot;,&quot;pincode&quot;:&quot;123458&quot;,&quot;userid&quot;:&quot;wvTE1ZsqbgfOMtiFejpq&quot;,&quot;id&quot;:&quot;duqHtekFIJjZoWnikcjz&quot;},{&quot;accountno&quot;:&quot;BN-1234535&quot;,&quot;departmentno&quot;:&quot;7&quot;,&quot;salary&quot;:&quot;12190&quot;,&quot;pincode&quot;:&quot;123458&quot;,&quot;userid&quot;:&quot;wvTE1ZsqbgfOMtiFejpq&quot;,&quot;id&quot;:&quot;53Q0Xz3uUqriARWJo69a&quot;},{&quot;accountno&quot;:&quot;BN-1234535&quot;,&quot;departmentno&quot;:&quot;7&quot;,&quot;salary&quot;:&quot;12190&quot;,&quot;pincode&quot;:&quot;123458&quot;,&quot;userid&quot;:&quot;wvTE1ZsqbgfOMtiFejpq&quot;,&quot;id&quot;:&quot;SQsHk0WJkqBdXZO1kjeu&quot;},{&quot;accountno&quot;:&quot;BN-1234535&quot;,&quot;departmentno&quot;:&quot;7&quot;,&quot;salary&quot;:&quot;12190&quot;,&quot;pincode&quot;:&quot;123458&quot;,&quot;userid&quot;:&quot;wvTE1ZsqbgfOMtiFejpq&quot;,&quot;id&quot;:&quot;0Je0PKckojchudJ8A3BX&quot;},{&quot;accountno&quot;:&quot;GC-74563732&quot;,&quot;departmentno&quot;:&quot;007&quot;,&quot;salary&quot;:&quot;90000&quot;,&quot;pincode&quot;:&quot;772134&quot;,&quot;userid&quot;:&quot;31nk6sGTbT6SkjpQmUEj&quot;,&quot;id&quot;:&quot;XwYWtbzEBZleasrRwPnc&quot;},{&quot;accountno&quot;:&quot;BN-1234535&quot;,&quot;departmentno&quot;:&quot;7&quot;,&quot;salary&quot;:&quot;12190&quot;,&quot;pincode&quot;:&quot;123458&quot;,&quot;userid&quot;:&quot;wvTE1ZsqbgfOMtiFejpq&quot;,&quot;id&quot;:&quot;mEH8XGlYxx6dUCwVE74A&quot;},{&quot;accountno&quot;:&quot;TA-LTK2022&quot;,&quot;departmentno&quot;:&quot;2&quot;,&quot;salary&quot;:&quot;20000&quot;,&quot;pincode&quot;:&quot;123456&quot;,&quot;userid&quot;:&quot;LojuRb6bN14xurmRubc2&quot;,&quot;id&quot;:&quot;PEWYZUhUZFZGEEEzJGoK&quot;},{&quot;accountno&quot;:&quot;TA-LTK2022&quot;,&quot;departmentno&quot;:&quot;2&quot;,&quot;salary&quot;:&quot;20000&quot;,&quot;pincode&quot;:&quot;123456&quot;,&quot;userid&quot;:&quot;LojuRb6bN14xurmRubc2&quot;,&quot;id&quot;:&quot;BEk9pCgXgsTpKqyTYY9z&quot;},{&quot;accountno&quot;:&quot;TA-LTK2022&quot;,&quot;departmentno&quot;:&quot;2&quot;,&quot;salary&quot;:&quot;20000&quot;,&quot;pincode&quot;:&quot;123456&quot;,&quot;userid&quot;:&quot;LojuRb6bN14xurmRubc2&quot;,&quot;id&quot;:&quot;Jt5lqW7hcSKrW3FVw8ge&quot;},{&quot;accountno&quot;:&quot;TA-LTK2022&quot;,&quot;departmentno&quot;:&quot;2&quot;,&quot;salary&quot;:&quot;20000&quot;,&quot;pincode&quot;:&quot;123456&quot;,&quot;userid&quot;:&quot;LojuRb6bN14xurmRubc2&quot;,&quot;id&quot;:&quot;iL6sURh6DpyYanbxeqZR&quot;},{&quot;accountno&quot;:&quot;TA-LTK2022&quot;,&quot;departmentno&quot;:&quot;2&quot;,&quot;salary&quot;:&quot;20000&quot;,&quot;pincode&quot;:&quot;123456&quot;,&quot;userid&quot;:&quot;LojuRb6bN14xurmRubc2&quot;,&quot;id&quot;:&quot;BJqZ2qeX87aBgKgyD7Uk&quot;},{&quot;accountno&quot;:&quot;TA-LTK2022&quot;,&quot;departmentno&quot;:&quot;2&quot;,&quot;salary&quot;:&quot;20000&quot;,&quot;pincode&quot;:&quot;123456&quot;,&quot;userid&quot;:&quot;LojuRb6bN14xurmRubc2&quot;,&quot;id&quot;:&quot;gRow5ru8VlYYtEqf0KzB&quot;},{&quot;accountno&quot;:&quot;TA-LTK2022&quot;,&quot;departmentno&quot;:&quot;2&quot;,&quot;salary&quot;:&quot;20000&quot;,&quot;pincode&quot;:&quot;123456&quot;,&quot;userid&quot;:&quot;LojuRb6bN14xurmRubc2&quot;,&quot;id&quot;:&quot;fhGFrmPt04vLawSyCMOA&quot;},{&quot;accountno&quot;:&quot;TA-LTK2022&quot;,&quot;departmentno&quot;:&quot;2&quot;,&quot;salary&quot;:&quot;20000&quot;,&quot;pincode&quot;:&quot;123456&quot;,&quot;userid&quot;:&quot;LojuRb6bN14xurmRubc2&quot;,&quot;id&quot;:&quot;73XO3Ubr5CooFuh516fI&quot;},{&quot;accountno&quot;:&quot;TA-LTK2022&quot;,&quot;departmentno&quot;:&quot;2&quot;,&quot;salary&quot;:&quot;20000&quot;,&quot;pincode&quot;:&quot;123456&quot;,&quot;userid&quot;:&quot;LojuRb6bN14xurmRubc2&quot;,&quot;id&quot;:&quot;TkkaBjv8sjBEE0e8aS26&quot;},{&quot;accountno&quot;:&quot;TA-LTK2022&quot;,&quot;departmentno&quot;:&quot;2&quot;,&quot;salary&quot;:&quot;20000&quot;,&quot;pincode&quot;:&quot;123456&quot;,&quot;userid&quot;:&quot;LojuRb6bN14xurmRubc2&quot;,&quot;id&quot;:&quot;b9GX2pcc17AkS0doYvbr&quot;},{&quot;accountno&quot;:&quot;BN-1234535&quot;,&quot;departmentno&quot;:&quot;7&quot;,&quot;salary&quot;:&quot;12190&quot;,&quot;pincode&quot;:&quot;123458&quot;,&quot;userid&quot;:&quot;wvTE1ZsqbgfOMtiFejpq&quot;,&quot;id&quot;:&quot;aX5xQ3dV0OPSs8JGu6Ij&quot;},{&quot;accountno&quot;:&quot;GC-74563732&quot;,&quot;departmentno&quot;:&quot;007&quot;,&quot;salary&quot;:&quot;999&quot;,&quot;pincode&quot;:&quot;772134&quot;,&quot;userid&quot;:&quot;31nk6sGTbT6SkjpQmUEj&quot;,&quot;id&quot;:&quot;zwYwJ0xo0zC9JDbZjmpr&quot;},{&quot;accountno&quot;:&quot;USH-1234412&quot;,&quot;departmentno&quot;:&quot;1&quot;,&quot;salary&quot;:&quot;200000&quot;,&quot;pincode&quot;:&quot;772134&quot;,&quot;userid&quot;:&quot;qsAvy2acR3CH9AtEoVXA&quot;,&quot;id&quot;:&quot;ylYzr6SCm7J204HJpOMU&quot;},{&quot;accountno&quot;:&quot;USH-1234412&quot;,&quot;departmentno&quot;:&quot;1&quot;,&quot;salary&quot;:&quot;200000&quot;,&quot;pincode&quot;:&quot;772134&quot;,&quot;userid&quot;:&quot;qsAvy2acR3CH9AtEoVXA&quot;,&quot;id&quot;:&quot;Y9fSXryF78BgBw1vdXoa&quot;},{&quot;accountno&quot;:&quot;USH-1234412&quot;,&quot;departmentno&quot;:&quot;1&quot;,&quot;salary&quot;:&quot;200000&quot;,&quot;pincode&quot;:&quot;772134&quot;,&quot;userid&quot;:&quot;qsAvy2acR3CH9AtEoVXA&quot;,&quot;id&quot;:&quot;fYvzPsqg4sXeTaAFIUMb&quot;},{&quot;accountno&quot;:&quot;USH-1234412&quot;,&quot;departmentno&quot;:&quot;1&quot;,&quot;salary&quot;:&quot;200000&quot;,&quot;pincode&quot;:&quot;772134&quot;,&quot;userid&quot;:&quot;qsAvy2acR3CH9AtEoVXA&quot;,&quot;id&quot;:&quot;S7ud9Sa48xh2jsZJTfF1&quot;},{&quot;accountno&quot;:&quot;USH-1234412&quot;,&quot;departmentno&quot;:&quot;1&quot;,&quot;salary&quot;:&quot;200000&quot;,&quot;pincode&quot;:&quot;772134&quot;,&quot;userid&quot;:&quot;qsAvy2acR3CH9AtEoVXA&quot;,&quot;id&quot;:&quot;QE1PAp29yH4MOt0ztdyO&quot;},{&quot;accountno&quot;:&quot;USH-1234412&quot;,&quot;departmentno&quot;:&quot;1&quot;,&quot;salary&quot;:&quot;200000&quot;,&quot;pincode&quot;:&quot;772134&quot;,&quot;userid&quot;:&quot;qsAvy2acR3CH9AtEoVXA&quot;,&quot;id&quot;:&quot;wBBIcvyJezUv91YEyGjV&quot;},{&quot;accountno&quot;:&quot;BN-1234535&quot;,&quot;departmentno&quot;:&quot;7&quot;,&quot;salary&quot;:&quot;12190&quot;,&quot;pincode&quot;:&quot;123458&quot;,&quot;userid&quot;:&quot;wvTE1ZsqbgfOMtiFejpq&quot;,&quot;id&quot;:&quot;xkIowYVUYmTxjG6nI4QZ&quot;},{&quot;accountno&quot;:&quot;BN-1234535&quot;,&quot;departmentno&quot;:&quot;7&quot;,&quot;salary&quot;:&quot;12190&quot;,&quot;pincode&quot;:&quot;123458&quot;,&quot;userid&quot;:&quot;wvTE1ZsqbgfOMtiFejpq&quot;,&quot;id&quot;:&quot;dA2NOREFR8uNAsZNOMUH&quot;},{&quot;accountno&quot;:&quot;TA-0000999&quot;,&quot;departmentno&quot;:&quot;22&quot;,&quot;salary&quot;:&quot;2000&quot;,&quot;pincode&quot;:&quot;123123&quot;,&quot;userid&quot;:&quot;o4FDbZMJElX44kOM78mO&quot;,&quot;id&quot;:&quot;Sridu5dg07hgZTd6qpRV&quot;},{&quot;accountno&quot;:&quot;66666677&quot;,&quot;departmentno&quot;:&quot;778&quot;,&quot;salary&quot;:&quot;7700&quot;,&quot;pincode&quot;:&quot;123457&quot;,&quot;userid&quot;:&quot;o4FDbZMJElX44kOM78mO&quot;,&quot;id&quot;:&quot;OWrnMcHhkDnSGR12BZVb&quot;},{&quot;accountno&quot;:&quot;BN-1234535&quot;,&quot;departmentno&quot;:&quot;7&quot;,&quot;salary&quot;:&quot;12190&quot;,&quot;pincode&quot;:&quot;123458&quot;,&quot;userid&quot;:&quot;wvTE1ZsqbgfOMtiFejpq&quot;,&quot;id&quot;:&quot;4013EWADZuR0xliYkJEL&quot;},{&quot;accountno&quot;:&quot;TA-MAOCT2022&quot;,&quot;departmentno&quot;:&quot;3&quot;,&quot;salary&quot;:&quot;1002&quot;,&quot;pincode&quot;:&quot;11113&quot;,&quot;userid&quot;:&quot;lkdMZtNGN68KOuyoTHUF&quot;,&quot;id&quot;:&quot;0eo8BXZMfhMg9ENnpf50&quot;},{&quot;accountno&quot;:&quot;TA-MAOCT2022&quot;,&quot;departmentno&quot;:&quot;3&quot;,&quot;salary&quot;:&quot;1002&quot;,&quot;pincode&quot;:&quot;11113&quot;,&quot;userid&quot;:&quot;lkdMZtNGN68KOuyoTHUF&quot;,&quot;id&quot;:&quot;nUSdIMnprcRfYTebjqae&quot;},{&quot;accountno&quot;:&quot;BN-1234535&quot;,&quot;departmentno&quot;:&quot;7&quot;,&quot;salary&quot;:&quot;12190&quot;,&quot;pincode&quot;:&quot;123458&quot;,&quot;userid&quot;:&quot;wvTE1ZsqbgfOMtiFejpq&quot;,&quot;id&quot;:&quot;F0Xn9F4A5pwT0P5EjKMI&quot;},{&quot;accountno&quot;:&quot;TA-MAOCT2022&quot;,&quot;departmentno&quot;:&quot;3&quot;,&quot;salary&quot;:&quot;1002&quot;,&quot;pincode&quot;:&quot;11113&quot;,&quot;userid&quot;:&quot;lkdMZtNGN68KOuyoTHUF&quot;,&quot;id&quot;:&quot;6zm0CqGtHM564FHsvqEm&quot;},{&quot;accountno&quot;:&quot;TA-MAOCT2022&quot;,&quot;departmentno&quot;:&quot;3&quot;,&quot;salary&quot;:&quot;1002&quot;,&quot;pincode&quot;:&quot;11113&quot;,&quot;userid&quot;:&quot;lkdMZtNGN68KOuyoTHUF&quot;,&quot;id&quot;:&quot;1LesDUN59xRdrgxhtmfP&quot;},{&quot;accountno&quot;:&quot;TA-OCT2221&quot;,&quot;departmentno&quot;:&quot;5&quot;,&quot;salary&quot;:&quot;23232&quot;,&quot;pincode&quot;:&quot;654321&quot;,&quot;userid&quot;:&quot;UM4Hzv1yWAM8GUQQiz3f&quot;,&quot;id&quot;:&quot;8DsejSILCumeVeRM1bfr&quot;},{&quot;accountno&quot;:&quot;BN-1234535&quot;,&quot;departmentno&quot;:&quot;7&quot;,&quot;salary&quot;:&quot;12190&quot;,&quot;pincode&quot;:&quot;123458&quot;,&quot;userid&quot;:&quot;wvTE1ZsqbgfOMtiFejpq&quot;,&quot;id&quot;:&quot;6cv1hXcU326osdnXZber&quot;},{&quot;accountno&quot;:&quot;ABC_12443&quot;,&quot;departmentno&quot;:&quot;17&quot;,&quot;salary&quot;:&quot;50000&quot;,&quot;pincode&quot;:&quot;556566&quot;,&quot;userid&quot;:&quot;0LQpQwULsTTmaECE9Vgq&quot;,&quot;id&quot;:&quot;5SBTD37Cl6eIIsaj5dJw&quot;},{&quot;accountno&quot;:&quot;ABC_123&quot;,&quot;departmentno&quot;:&quot;17&quot;,&quot;salary&quot;:&quot;50000&quot;,&quot;pincode&quot;:&quot;556566&quot;,&quot;userid&quot;:&quot;0LQpQwULsTTmaECE9Vgq&quot;,&quot;id&quot;:&quot;9DmXZd9Ry9tNLEj1SOyI&quot;},{&quot;accountno&quot;:&quot;TA-2344434&quot;,&quot;departmentno&quot;:&quot;4&quot;,&quot;salary&quot;:&quot;23000&quot;,&quot;pincode&quot;:&quot;123456&quot;,&quot;userid&quot;:&quot;0LQpQwULsTTmaECE9Vgq&quot;,&quot;id&quot;:&quot;LYwJ5Xhvf3xFnvRl6DOJ&quot;},{&quot;accountno&quot;:&quot;TA-1111111&quot;,&quot;departmentno&quot;:&quot;1&quot;,&quot;salary&quot;:&quot;1111&quot;,&quot;pincode&quot;:&quot;430000&quot;,&quot;userid&quot;:&quot;TaXIeh8zi4hQlyl0E3Jm&quot;,&quot;id&quot;:&quot;LI9rNJqZGMhCDXMb8yVF&quot;},{&quot;accountno&quot;:&quot;Tek-123456&quot;,&quot;departmentno&quot;:&quot;5&quot;,&quot;salary&quot;:&quot;8000&quot;,&quot;pincode&quot;:&quot;123654&quot;,&quot;userid&quot;:&quot;kIAtdOcTSxFLGFFnFAVW&quot;,&quot;id&quot;:&quot;NxJS69iRBOKk730hnU5J&quot;},{&quot;accountno&quot;:&quot;AT-123453489&quot;,&quot;departmentno&quot;:&quot;9&quot;,&quot;salary&quot;:&quot;33333&quot;,&quot;pincode&quot;:&quot;600099&quot;,&quot;userid&quot;:&quot;g3FDPaMOBpm1tSjq8wma&quot;,&quot;id&quot;:&quot;7MWVLfmTk1SyVHWQVaS2&quot;},{&quot;accountno&quot;:&quot;AT-123453489&quot;,&quot;departmentno&quot;:&quot;9&quot;,&quot;salary&quot;:&quot;33333&quot;,&quot;pincode&quot;:&quot;600099&quot;,&quot;userid&quot;:&quot;g3FDPaMOBpm1tSjq8wma&quot;,&quot;id&quot;:&quot;HO9ncr1tQqypwbgRbbMK&quot;},{&quot;accountno&quot;:&quot;AT-123453489&quot;,&quot;departmentno&quot;:&quot;9&quot;,&quot;salary&quot;:&quot;33333&quot;,&quot;pincode&quot;:&quot;600099&quot;,&quot;userid&quot;:&quot;g3FDPaMOBpm1tSjq8wma&quot;,&quot;id&quot;:&quot;7oaGZMgiFIAffo0BmGf6&quot;},{&quot;accountno&quot;:&quot;NB-0987654&quot;,&quot;departmentno&quot;:&quot;2&quot;,&quot;salary&quot;:&quot;22222&quot;,&quot;pincode&quot;:&quot;600099&quot;,&quot;userid&quot;:&quot;g3FDPaMOBpm1tSjq8wma&quot;,&quot;id&quot;:&quot;zdINHSVLeVC7sIuHfnHW&quot;},{&quot;accountno&quot;:&quot;BN-1234535&quot;,&quot;departmentno&quot;:&quot;7&quot;,&quot;salary&quot;:&quot;12190&quot;,&quot;pincode&quot;:&quot;123458&quot;,&quot;userid&quot;:&quot;wvTE1ZsqbgfOMtiFejpq&quot;,&quot;id&quot;:&quot;IDD9uEIbJEEzYInFC6Vv&quot;},{&quot;accountno&quot;:&quot;TA-123456&quot;,&quot;departmentno&quot;:&quot;1&quot;,&quot;salary&quot;:&quot;7000&quot;,&quot;pincode&quot;:&quot;123456&quot;,&quot;userid&quot;:&quot;taGX4XQQfXD3Z76sI1Xn&quot;,&quot;id&quot;:&quot;1XsxxfbTMbwAYgfHmnk7&quot;},{&quot;accountno&quot;:&quot;TA-123456&quot;,&quot;departmentno&quot;:&quot;1&quot;,&quot;salary&quot;:&quot;7000&quot;,&quot;pincode&quot;:&quot;123456&quot;,&quot;userid&quot;:&quot;6tvNcBO2ELSUL9twMY40&quot;,&quot;id&quot;:&quot;4iiwMEVyCpseBHMZYPfs&quot;},{&quot;accountno&quot;:&quot;TA-Sep2022&quot;,&quot;departmentno&quot;:&quot;1&quot;,&quot;salary&quot;:&quot;8000&quot;,&quot;pincode&quot;:&quot;123456&quot;,&quot;userid&quot;:&quot;v1uYEHd2E05Ci9RYpbUG&quot;,&quot;id&quot;:&quot;dg2E4QKU3sSQhGWRSxrI&quot;},{&quot;accountno&quot;:&quot;TA-1234567&quot;,&quot;departmentno&quot;:&quot;7&quot;,&quot;salary&quot;:&quot;Rs. 257374&quot;,&quot;pincode&quot;:&quot;560103950544&quot;,&quot;userid&quot;:&quot;sIo0uNTnnZHLJWC6USWH&quot;,&quot;id&quot;:&quot;zGIuiv5oOOFtSxM0lr1A&quot;},{&quot;accountno&quot;:&quot;TA-007007&quot;,&quot;departmentno&quot;:&quot;77&quot;,&quot;salary&quot;:&quot;Rs. 857374&quot;,&quot;pincode&quot;:&quot;560103950544&quot;,&quot;userid&quot;:&quot;31nk6sGTbT6SkjpQmUEj&quot;,&quot;id&quot;:&quot;SpSizGCr4qcZFwamAgVw&quot;},{&quot;accountno&quot;:&quot;TA-007007&quot;,&quot;departmentno&quot;:&quot;77&quot;,&quot;salary&quot;:&quot;Rs. 857374&quot;,&quot;pincode&quot;:&quot;560103950544&quot;,&quot;userid&quot;:&quot;31nk6sGTbT6SkjpQmUEj&quot;,&quot;id&quot;:&quot;5M7r0X9BNC5IYsDboqOl&quot;},{&quot;accountno&quot;:&quot;SU-1020303&quot;,&quot;departmentno&quot;:&quot;1&quot;,&quot;salary&quot;:&quot;100000&quot;,&quot;pincode&quot;:&quot;123321&quot;,&quot;userid&quot;:&quot;KVtxTguv720lkeVVP3so&quot;,&quot;id&quot;:&quot;UQ79H2ZqWcZNYt80didL&quot;},{&quot;accountno&quot;:&quot;Post-10001&quot;,&quot;departmentno&quot;:6,&quot;salary&quot;:12001,&quot;pincode&quot;:662139,&quot;userid&quot;:&quot;mbXTX7B2RhyZh8R70DxA&quot;,&quot;id&quot;:&quot;3yEJnnT8RjYnNs5tHrZk&quot;},{&quot;accountno&quot;:&quot;SU-1020304&quot;,&quot;departmentno&quot;:&quot;1&quot;,&quot;salary&quot;:&quot;100000&quot;,&quot;pincode&quot;:&quot;123321&quot;,&quot;userid&quot;:&quot;KVtxTguv720lkeVVP3so&quot;,&quot;id&quot;:&quot;rYzMoBfoKKhNBihYm4Jq&quot;},{&quot;accountno&quot;:&quot;01010101&quot;,&quot;departmentno&quot;:&quot;7&quot;,&quot;salary&quot;:&quot;1111111&quot;,&quot;pincode&quot;:&quot;556566&quot;,&quot;userid&quot;:&quot;6tHOlvfm7rNgmNK9g24e&quot;,&quot;id&quot;:&quot;TFkI5zlfspDWxR0dumHy&quot;},{&quot;accountno&quot;:&quot;TA-111112321&quot;,&quot;departmentno&quot;:&quot;8&quot;,&quot;salary&quot;:&quot;10000&quot;,&quot;pincode&quot;:&quot;620009&quot;,&quot;userid&quot;:&quot;mbXTX7B2RhyZh8R70DxA&quot;,&quot;id&quot;:&quot;vjasAiz5nEN5Y6w2gdHN&quot;},{&quot;accountno&quot;:&quot;Brother-oct2022&quot;,&quot;departmentno&quot;:&quot;999&quot;,&quot;salary&quot;:&quot;100000&quot;,&quot;pincode&quot;:&quot;200&quot;,&quot;userid&quot;:&quot;piTJJ2oaffhUUrMZ6xGw&quot;,&quot;id&quot;:&quot;bZ2TEPrfjsJ489vhoYrh&quot;},{&quot;accountno&quot;:&quot;ABC-1234597&quot;,&quot;departmentno&quot;:&quot;9&quot;,&quot;salary&quot;:&quot;7500&quot;,&quot;pincode&quot;:&quot;1234597&quot;,&quot;userid&quot;:&quot;z8QUdqDCSRDdIsBcinXL&quot;,&quot;id&quot;:&quot;59OFXi9dLxDaSdAKDtHV&quot;},{&quot;accountno&quot;:&quot;666888666&quot;,&quot;departmentno&quot;:&quot;8&quot;,&quot;salary&quot;:&quot;2002&quot;,&quot;pincode&quot;:&quot;654321&quot;,&quot;userid&quot;:&quot;vGfhpd6KH8ZgNp7wfHT3&quot;,&quot;id&quot;:&quot;KU5viSg3WaS8SdPMzH2l&quot;},{&quot;accountno&quot;:&quot;12341234&quot;,&quot;departmentno&quot;:&quot;2&quot;,&quot;salary&quot;:&quot;2222&quot;,&quot;pincode&quot;:&quot;123456&quot;,&quot;userid&quot;:&quot;3J2DXJ4i78pgkYlnrvdC&quot;,&quot;id&quot;:&quot;DTEDH77QSAeaYRKdXvrk&quot;},{&quot;accountno&quot;:&quot;TA-00790079&quot;,&quot;departmentno&quot;:&quot;779&quot;,&quot;salary&quot;:&quot;Rs. 8573749&quot;,&quot;pincode&quot;:&quot;560103950544&quot;,&quot;userid&quot;:&quot;31nk6sGTbT6SkjpQmUEj&quot;,&quot;id&quot;:&quot;goachPKnUWit3BVcN0jQ&quot;},{&quot;accountno&quot;:&quot;BN-1234535&quot;,&quot;departmentno&quot;:&quot;7&quot;,&quot;salary&quot;:&quot;12190&quot;,&quot;pincode&quot;:&quot;123458&quot;,&quot;userid&quot;:&quot;wvTE1ZsqbgfOMtiFejpq&quot;,&quot;id&quot;:&quot;0SJExdVuH1HMmO5XWlqz&quot;},{&quot;accountno&quot;:&quot;TA-123453489&quot;,&quot;departmentno&quot;:&quot;8&quot;,&quot;salary&quot;:&quot;1000&quot;,&quot;pincode&quot;:&quot;620009&quot;,&quot;userid&quot;:&quot;FPim49xx23f6Er8jv4Ns&quot;,&quot;id&quot;:&quot;IHLpgy5AgKIMIFNyk0eU&quot;},{&quot;accountno&quot;:&quot;KS-123456789&quot;,&quot;departmentno&quot;:&quot;0&quot;,&quot;salary&quot;:&quot;1000&quot;,&quot;pincode&quot;:&quot;620009&quot;,&quot;userid&quot;:&quot;0d3O0bhBzCwFhnJ3mslW&quot;,&quot;id&quot;:&quot;Qys2koSMdcwnxAhtt6tT&quot;},{&quot;accountno&quot;:&quot;KS-12345678&quot;,&quot;departmentno&quot;:&quot;0&quot;,&quot;salary&quot;:&quot;100&quot;,&quot;pincode&quot;:&quot;620009&quot;,&quot;userid&quot;:&quot;0d3O0bhBzCwFhnJ3mslW&quot;,&quot;id&quot;:&quot;77EXA6VGcSz4U4Q2QPpt&quot;},{&quot;accountno&quot;:&quot;ool8999ojk&quot;,&quot;departmentno&quot;:&quot;8&quot;,&quot;salary&quot;:&quot;354363&quot;,&quot;pincode&quot;:&quot;345354&quot;,&quot;userid&quot;:&quot;6pI30SlEwCwz3XEcVvXU&quot;,&quot;id&quot;:&quot;Fheue19GioZD1Ifx3HAx&quot;},{&quot;accountno&quot;:&quot;TA-88998899&quot;,&quot;departmentno&quot;:&quot;9&quot;,&quot;salary&quot;:&quot;Rs.676767&quot;,&quot;pincode&quot;:&quot;560103&quot;,&quot;userid&quot;:&quot;31nk6sGTbT6SkjpQmUEj&quot;,&quot;id&quot;:&quot;SuQLVpIoPKr0aK0gaxpB&quot;},{&quot;accountno&quot;:&quot;ABC-Oct2022&quot;,&quot;departmentno&quot;:&quot;6&quot;,&quot;salary&quot;:&quot;1550&quot;,&quot;pincode&quot;:&quot;573201&quot;,&quot;userid&quot;:&quot;Frk5pP77cBRENli1BuA8&quot;,&quot;id&quot;:&quot;NfvOgno1LVx8WuqnICrj&quot;},{&quot;accountno&quot;:&quot;ABC-1223344555&quot;,&quot;departmentno&quot;:10,&quot;salary&quot;:15011,&quot;pincode&quot;:573201,&quot;userid&quot;:&quot;gc9SyliI1Cp2Qki8ZiPP&quot;,&quot;id&quot;:&quot;t5uwBCrF3qYxL0zKRqxc&quot;},{&quot;accountno&quot;:&quot;KS-33333333&quot;,&quot;departmentno&quot;:&quot;0&quot;,&quot;salary&quot;:&quot;1000000&quot;,&quot;pincode&quot;:&quot;620009&quot;,&quot;userid&quot;:&quot;HYeLljJlc2Wy9Be5zC3t&quot;,&quot;id&quot;:&quot;jo5Bb8vDjrdqQlrBcKRu&quot;},{&quot;accountno&quot;:&quot;TA-987654&quot;,&quot;departmentno&quot;:&quot;420&quot;,&quot;salary&quot;:&quot;00000&quot;,&quot;pincode&quot;:&quot;560103&quot;,&quot;userid&quot;:&quot;31nk6sGTbT6SkjpQmUEj&quot;,&quot;id&quot;:&quot;wemAFmkzgD5k57xQ6Zel&quot;},{&quot;accountno&quot;:&quot;s-656576&quot;,&quot;departmentno&quot;:&quot;8&quot;,&quot;salary&quot;:&quot;20007&quot;,&quot;pincode&quot;:&quot;342134&quot;,&quot;userid&quot;:&quot;qqShhCOtZlo5c06IIs3d&quot;,&quot;id&quot;:&quot;8c7cpm81b1GHgfhx6nFf&quot;},{&quot;accountno&quot;:&quot;s-656576&quot;,&quot;departmentno&quot;:&quot;8&quot;,&quot;salary&quot;:&quot;20007&quot;,&quot;pincode&quot;:&quot;342134&quot;,&quot;userid&quot;:&quot;qqShhCOtZlo5c06IIs3d&quot;,&quot;id&quot;:&quot;ZDnKrhtW144iShPLxmoC&quot;},{&quot;accountno&quot;:&quot;TA-112233&quot;,&quot;departmentno&quot;:&quot;1&quot;,&quot;salary&quot;:&quot;11223&quot;,&quot;pincode&quot;:&quot;112233&quot;,&quot;userid&quot;:&quot;31nk6sGTbT6SkjpQmUEj&quot;,&quot;id&quot;:&quot;xrB2Z7NhcD3HmmH1NMtq&quot;},{&quot;accountno&quot;:&quot;TA-6767455&quot;,&quot;departmentno&quot;:&quot;3&quot;,&quot;salary&quot;:&quot;23232&quot;,&quot;pincode&quot;:&quot;543245&quot;,&quot;userid&quot;:&quot;6tHOlvfm7rNgmNK9g24e&quot;,&quot;id&quot;:&quot;D50C6lTFnqEf0Xrr8DQV&quot;},{&quot;accountno&quot;:&quot;S-111111126&quot;,&quot;departmentno&quot;:6,&quot;salary&quot;:40000,&quot;pincode&quot;:342133,&quot;userid&quot;:&quot;KVtxTguv720lkeVVP3so&quot;,&quot;id&quot;:&quot;kQ21oTiYDBJXLc8jZz9j&quot;},{&quot;accountno&quot;:&quot;S-11111115&quot;,&quot;departmentno&quot;:&quot;5&quot;,&quot;salary&quot;:&quot;500000&quot;,&quot;pincode&quot;:&quot;342345&quot;,&quot;userid&quot;:&quot;KVtxTguv720lkeVVP3so&quot;,&quot;id&quot;:&quot;1BCT0dhtCyAy96VsrE4X&quot;},{&quot;accountno&quot;:&quot;S-11111112&quot;,&quot;departmentno&quot;:1,&quot;salary&quot;:200000,&quot;pincode&quot;:342134,&quot;userid&quot;:&quot;KVtxTguv720lkeVVP3so&quot;,&quot;id&quot;:&quot;051ky64tWn083bwpdmub&quot;},{&quot;accountno&quot;:&quot;TA-1111111&quot;,&quot;departmentno&quot;:&quot;2&quot;,&quot;salary&quot;:&quot;10000&quot;,&quot;pincode&quot;:&quot;573201&quot;,&quot;userid&quot;:&quot;gc9SyliI1Cp2Qki8ZiPP&quot;,&quot;id&quot;:&quot;iCQ9Gkp9fIRIqt7Q66UE&quot;},{&quot;accountno&quot;:&quot;Sister-oct2022&quot;,&quot;departmentno&quot;:&quot;888&quot;,&quot;salary&quot;:&quot;100000&quot;,&quot;pincode&quot;:&quot;200&quot;,&quot;userid&quot;:&quot;taGX4XQQfXD3Z76sI1Xn&quot;,&quot;id&quot;:&quot;Fy4nFo6Hbygs7MB9JR6J&quot;},{&quot;accountno&quot;:&quot;TA-1919191&quot;,&quot;departmentno&quot;:&quot;1&quot;,&quot;salary&quot;:&quot;11223&quot;,&quot;pincode&quot;:&quot;987657&quot;,&quot;userid&quot;:&quot;6tHOlvfm7rNgmNK9g24e&quot;,&quot;id&quot;:&quot;CQMjfTjPu9xAs0TXAc37&quot;},{&quot;accountno&quot;:&quot;TC-1223344555&quot;,&quot;departmentno&quot;:&quot;6&quot;,&quot;salary&quot;:&quot;1500&quot;,&quot;pincode&quot;:&quot;573201&quot;,&quot;userid&quot;:&quot;gc9SyliI1Cp2Qki8ZiPP&quot;,&quot;id&quot;:&quot;RVXWOI6gE0cr9uS5Q5y7&quot;},{&quot;accountno&quot;:&quot;TB-1223344555&quot;,&quot;departmentno&quot;:10,&quot;salary&quot;:1500,&quot;pincode&quot;:573201,&quot;userid&quot;:&quot;gc9SyliI1Cp2Qki8ZiPP&quot;,&quot;id&quot;:&quot;68ZRhbr5qPrr3umw8p3M&quot;},{&quot;accountno&quot;:&quot;TA-123344&quot;,&quot;departmentno&quot;:&quot;8&quot;,&quot;salary&quot;:&quot;4500&quot;,&quot;pincode&quot;:&quot;573201&quot;,&quot;userid&quot;:&quot;gc9SyliI1Cp2Qki8ZiPP&quot;,&quot;id&quot;:&quot;q0qf6eegWZMpZPpKK871&quot;},{&quot;accountno&quot;:&quot;S-11111112&quot;,&quot;departmentno&quot;:&quot;8&quot;,&quot;salary&quot;:&quot;100000&quot;,&quot;pincode&quot;:&quot;621199&quot;,&quot;userid&quot;:&quot;KVtxTguv720lkeVVP3so&quot;,&quot;id&quot;:&quot;809t2Qo4R9GUwU3PGk9I&quot;},{&quot;accountno&quot;:&quot;S-11111111&quot;,&quot;departmentno&quot;:&quot;7&quot;,&quot;salary&quot;:&quot;100000&quot;,&quot;pincode&quot;:&quot;621190&quot;,&quot;userid&quot;:&quot;KVtxTguv720lkeVVP3so&quot;,&quot;id&quot;:&quot;AgUreJxewV6mMXXcaFDy&quot;},{&quot;accountno&quot;:&quot;BN-1234535&quot;,&quot;departmentno&quot;:&quot;7&quot;,&quot;salary&quot;:&quot;12190&quot;,&quot;pincode&quot;:&quot;123458&quot;,&quot;userid&quot;:&quot;wvTE1ZsqbgfOMtiFejpq&quot;,&quot;id&quot;:&quot;fhOBLFlMCbSxJEORfamN&quot;},{&quot;accountno&quot;:&quot;TA-2342344&quot;,&quot;departmentno&quot;:&quot;1&quot;,&quot;salary&quot;:&quot;2134&quot;,&quot;pincode&quot;:&quot;234123&quot;,&quot;userid&quot;:&quot;taGX4XQQfXD3Z76sI1Xn&quot;,&quot;id&quot;:&quot;Hj97bbwnJ3TO00cxFXOq&quot;},{&quot;accountno&quot;:&quot;BN-1234535&quot;,&quot;departmentno&quot;:&quot;7&quot;,&quot;salary&quot;:&quot;12190&quot;,&quot;pincode&quot;:&quot;123458&quot;,&quot;userid&quot;:&quot;wvTE1ZsqbgfOMtiFejpq&quot;,&quot;id&quot;:&quot;1g7hiFoCXgkswnYzWRKk&quot;},{&quot;accountno&quot;:&quot;BN-1234535&quot;,&quot;departmentno&quot;:&quot;7&quot;,&quot;salary&quot;:&quot;12190&quot;,&quot;pincode&quot;:&quot;123458&quot;,&quot;userid&quot;:&quot;wvTE1ZsqbgfOMtiFejpq&quot;,&quot;id&quot;:&quot;iHWlJBjWFnufIUjpR8U5&quot;},{&quot;accountno&quot;:&quot;BN-1234535&quot;,&quot;departmentno&quot;:&quot;7&quot;,&quot;salary&quot;:&quot;12190&quot;,&quot;pincode&quot;:&quot;123458&quot;,&quot;userid&quot;:&quot;wvTE1ZsqbgfOMtiFejpq&quot;,&quot;id&quot;:&quot;reCUjFRRm32TpUSJ7Cq1&quot;},{&quot;accountno&quot;:&quot;BN-1234535&quot;,&quot;departmentno&quot;:&quot;7&quot;,&quot;salary&quot;:&quot;12190&quot;,&quot;pincode&quot;:&quot;123458&quot;,&quot;userid&quot;:&quot;wvTE1ZsqbgfOMtiFejpq&quot;,&quot;id&quot;:&quot;n6Lz9lrS05UGYYIEshQ5&quot;},{&quot;accountno&quot;:&quot;BN-1234535&quot;,&quot;departmentno&quot;:&quot;7&quot;,&quot;salary&quot;:&quot;12190&quot;,&quot;pincode&quot;:&quot;123458&quot;,&quot;userid&quot;:&quot;wvTE1ZsqbgfOMtiFejpq&quot;,&quot;id&quot;:&quot;POZMJawSGrbXybLuDQx5&quot;},{&quot;accountno&quot;:&quot;TA-1113332&quot;,&quot;departmentno&quot;:&quot;1&quot;,&quot;salary&quot;:&quot;111&quot;,&quot;pincode&quot;:&quot;111111&quot;,&quot;userid&quot;:&quot;zUBiRdETa8r6GX7I1uw0&quot;,&quot;id&quot;:&quot;IG6fcDvMkYg8xE9uqxdT&quot;},{&quot;accountno&quot;:&quot;BN-1234535&quot;,&quot;departmentno&quot;:&quot;7&quot;,&quot;salary&quot;:&quot;12190&quot;,&quot;pincode&quot;:&quot;123458&quot;,&quot;userid&quot;:&quot;wvTE1ZsqbgfOMtiFejpq&quot;,&quot;id&quot;:&quot;3FxYjB1gcXZnOsY0Pld8&quot;},{&quot;accountno&quot;:&quot;BN-1234535&quot;,&quot;departmentno&quot;:&quot;7&quot;,&quot;salary&quot;:&quot;12190&quot;,&quot;pincode&quot;:&quot;123458&quot;,&quot;userid&quot;:&quot;wvTE1ZsqbgfOMtiFejpq&quot;,&quot;id&quot;:&quot;SR2Eoxz8IdUZbcgV5VfJ&quot;},{&quot;accountno&quot;:&quot;TA-Aug2333&quot;,&quot;departmentno&quot;:&quot;4&quot;,&quot;salary&quot;:&quot;7890&quot;,&quot;pincode&quot;:&quot;123123&quot;,&quot;userid&quot;:&quot;R3zHMCMybn4kzH04QFyi&quot;,&quot;id&quot;:&quot;7lNLwHKhBif9pktXE2D7&quot;},{&quot;accountno&quot;:&quot;BN-1234535&quot;,&quot;departmentno&quot;:&quot;7&quot;,&quot;salary&quot;:&quot;12190&quot;,&quot;pincode&quot;:&quot;123458&quot;,&quot;userid&quot;:&quot;wvTE1ZsqbgfOMtiFejpq&quot;,&quot;id&quot;:&quot;GwrNw0ZmFQFeEIaePN4b&quot;},{&quot;accountno&quot;:&quot;BN-1234535&quot;,&quot;departmentno&quot;:&quot;7&quot;,&quot;salary&quot;:&quot;12190&quot;,&quot;pincode&quot;:&quot;123458&quot;,&quot;userid&quot;:&quot;wvTE1ZsqbgfOMtiFejpq&quot;,&quot;id&quot;:&quot;gdwkRxf5949k7Ln3mFwn&quot;},{&quot;accountno&quot;:&quot;BN-1234535&quot;,&quot;departmentno&quot;:&quot;7&quot;,&quot;salary&quot;:&quot;12190&quot;,&quot;pincode&quot;:&quot;123458&quot;,&quot;userid&quot;:&quot;wvTE1ZsqbgfOMtiFejpq&quot;,&quot;id&quot;:&quot;AxY1x9fI5YuQMuTTWO33&quot;},{&quot;accountno&quot;:&quot;BN-1234535&quot;,&quot;departmentno&quot;:&quot;7&quot;,&quot;salary&quot;:&quot;12190&quot;,&quot;pincode&quot;:&quot;123458&quot;,&quot;userid&quot;:&quot;wvTE1ZsqbgfOMtiFejpq&quot;,&quot;id&quot;:&quot;vlbiJOZt2qrZSUqE3Efv&quot;},{&quot;accountno&quot;:&quot;TA-MAOCT2022&quot;,&quot;departmentno&quot;:&quot;3&quot;,&quot;salary&quot;:&quot;1002&quot;,&quot;pincode&quot;:&quot;11113&quot;,&quot;userid&quot;:&quot;lkdMZtNGN68KOuyoTHUF&quot;,&quot;id&quot;:&quot;Ij36MedC2duB1gurZOSO&quot;},{&quot;accountno&quot;:&quot;TA-Aug2202&quot;,&quot;departmentno&quot;:&quot;1&quot;,&quot;salary&quot;:&quot;5000&quot;,&quot;pincode&quot;:&quot;123123&quot;,&quot;userid&quot;:&quot;kDQiLKKblSyJulFjTqRB&quot;,&quot;id&quot;:&quot;HxoVHhVU8o9oAnfE0Q4s&quot;},{&quot;accountno&quot;:&quot;BN-1234535&quot;,&quot;departmentno&quot;:&quot;7&quot;,&quot;salary&quot;:&quot;12190&quot;,&quot;pincode&quot;:&quot;123458&quot;,&quot;userid&quot;:&quot;wvTE1ZsqbgfOMtiFejpq&quot;,&quot;id&quot;:&quot;F7Ej2engsnECzkJFWPSd&quot;},{&quot;accountno&quot;:&quot;DA-7333333&quot;,&quot;departmentno&quot;:&quot;3&quot;,&quot;salary&quot;:&quot;30000&quot;,&quot;pincode&quot;:&quot;305077&quot;,&quot;userid&quot;:&quot;9M0UYcQiX1yGh3aiXJWZ&quot;,&quot;id&quot;:&quot;ot0cCIub1APBtkZdhbH7&quot;},{&quot;accountno&quot;:&quot;DA-7333333&quot;,&quot;departmentno&quot;:&quot;3&quot;,&quot;salary&quot;:&quot;30000&quot;,&quot;pincode&quot;:&quot;305077&quot;,&quot;userid&quot;:&quot;9M0UYcQiX1yGh3aiXJWZ&quot;,&quot;id&quot;:&quot;dHBXL2OZyTeniF96ntvp&quot;},{&quot;accountno&quot;:&quot;TA-900000&quot;,&quot;departmentno&quot;:&quot;2&quot;,&quot;salary&quot;:&quot;15000&quot;,&quot;pincode&quot;:&quot;321321&quot;,&quot;userid&quot;:&quot;vTqHKffvK4WIXGi0xuLU&quot;,&quot;id&quot;:&quot;IULYddGyIflowtQwjGg6&quot;},{&quot;accountno&quot;:&quot;TA-900000&quot;,&quot;departmentno&quot;:&quot;2&quot;,&quot;salary&quot;:&quot;15000&quot;,&quot;pincode&quot;:&quot;321321&quot;,&quot;userid&quot;:&quot;vTqHKffvK4WIXGi0xuLU&quot;,&quot;id&quot;:&quot;VEddGyntf5fYLqV6V6DH&quot;},{&quot;accountno&quot;:&quot;BN-1234535&quot;,&quot;departmentno&quot;:&quot;7&quot;,&quot;salary&quot;:&quot;12190&quot;,&quot;pincode&quot;:&quot;123458&quot;,&quot;userid&quot;:&quot;wvTE1ZsqbgfOMtiFejpq&quot;,&quot;id&quot;:&quot;0TZsg3dglisePA4A7O80&quot;},{&quot;accountno&quot;:&quot;BN-1234535&quot;,&quot;departmentno&quot;:&quot;7&quot;,&quot;salary&quot;:&quot;12190&quot;,&quot;pincode&quot;:&quot;123458&quot;,&quot;userid&quot;:&quot;wvTE1ZsqbgfOMtiFejpq&quot;,&quot;id&quot;:&quot;OSR58WetFFgLPBMaOtYQ&quot;},{&quot;accountno&quot;:&quot;8493028&quot;,&quot;departmentno&quot;:&quot;4&quot;,&quot;salary&quot;:&quot;6823224&quot;,&quot;pincode&quot;:&quot;2492636&quot;,&quot;userid&quot;:&quot;y4iCOSfi7YZ6cE7eHQEq&quot;,&quot;id&quot;:&quot;6wupkRYtuppVCE1jYi76&quot;},{&quot;accountno&quot;:&quot;6196968&quot;,&quot;departmentno&quot;:&quot;9&quot;,&quot;salary&quot;:&quot;0054798&quot;,&quot;pincode&quot;:&quot;1586967&quot;,&quot;userid&quot;:&quot;y4iCOSfi7YZ6cE7eHQEq&quot;,&quot;id&quot;:&quot;3YGI1bHgVMOidqssKNeh&quot;},{&quot;accountno&quot;:&quot;2133908&quot;,&quot;departmentno&quot;:&quot;6&quot;,&quot;salary&quot;:&quot;9550099&quot;,&quot;pincode&quot;:&quot;4617327&quot;,&quot;userid&quot;:&quot;y4iCOSfi7YZ6cE7eHQEq&quot;,&quot;id&quot;:&quot;MG1f02b88FW6cKdlY2ua&quot;},{&quot;accountno&quot;:&quot;9137096&quot;,&quot;departmentno&quot;:&quot;3&quot;,&quot;salary&quot;:&quot;6813484&quot;,&quot;pincode&quot;:&quot;7193296&quot;,&quot;userid&quot;:&quot;y4iCOSfi7YZ6cE7eHQEq&quot;,&quot;id&quot;:&quot;ie09zIUmxiEmjFPdRpUc&quot;},{&quot;accountno&quot;:&quot;BN-1234535&quot;,&quot;departmentno&quot;:&quot;7&quot;,&quot;salary&quot;:&quot;12190&quot;,&quot;pincode&quot;:&quot;123458&quot;,&quot;userid&quot;:&quot;wvTE1ZsqbgfOMtiFejpq&quot;,&quot;id&quot;:&quot;bzGgB7S4psrEdEPKdPk8&quot;},{&quot;accountno&quot;:&quot;BN-1234535&quot;,&quot;departmentno&quot;:&quot;7&quot;,&quot;salary&quot;:&quot;12190&quot;,&quot;pincode&quot;:&quot;123458&quot;,&quot;userid&quot;:&quot;wvTE1ZsqbgfOMtiFejpq&quot;,&quot;id&quot;:&quot;yGQmOuPK4s3f8aOYiLJx&quot;},{&quot;accountno&quot;:&quot;BN-1234535&quot;,&quot;departmentno&quot;:&quot;7&quot;,&quot;salary&quot;:&quot;12190&quot;,&quot;pincode&quot;:&quot;123458&quot;,&quot;userid&quot;:&quot;wvTE1ZsqbgfOMtiFejpq&quot;,&quot;id&quot;:&quot;T7b1ReDym9sxSPEvY1A6&quot;},{&quot;accountno&quot;:&quot;BN-1234535&quot;,&quot;departmentno&quot;:&quot;7&quot;,&quot;salary&quot;:&quot;12190&quot;,&quot;pincode&quot;:&quot;123458&quot;,&quot;userid&quot;:&quot;wvTE1ZsqbgfOMtiFejpq&quot;,&quot;id&quot;:&quot;0ahbuwn9C8FC8XIcCZZL&quot;},{&quot;accountno&quot;:&quot;BN-1234535&quot;,&quot;departmentno&quot;:&quot;7&quot;,&quot;salary&quot;:&quot;12190&quot;,&quot;pincode&quot;:&quot;123458&quot;,&quot;userid&quot;:&quot;wvTE1ZsqbgfOMtiFejpq&quot;,&quot;id&quot;:&quot;Ia6KaK3QlUzq7n6e89Yu&quot;},{&quot;accountno&quot;:&quot;BN-1234535&quot;,&quot;departmentno&quot;:&quot;7&quot;,&quot;salary&quot;:&quot;12190&quot;,&quot;pincode&quot;:&quot;123458&quot;,&quot;userid&quot;:&quot;wvTE1ZsqbgfOMtiFejpq&quot;,&quot;id&quot;:&quot;lVDO5F2WrALpEpeh4sfE&quot;},{&quot;accountno&quot;:&quot;BN-1234535&quot;,&quot;departmentno&quot;:&quot;7&quot;,&quot;salary&quot;:&quot;12190&quot;,&quot;pincode&quot;:&quot;123458&quot;,&quot;userid&quot;:&quot;wvTE1ZsqbgfOMtiFejpq&quot;,&quot;id&quot;:&quot;mIidsC2C6MMMoRrlVuQD&quot;},{&quot;accountno&quot;:&quot;BN-1234535&quot;,&quot;departmentno&quot;:&quot;7&quot;,&quot;salary&quot;:&quot;12190&quot;,&quot;pincode&quot;:&quot;123458&quot;,&quot;userid&quot;:&quot;wvTE1ZsqbgfOMtiFejpq&quot;,&quot;id&quot;:&quot;HeShV6tgJ6SXhaGI0jIp&quot;},{&quot;accountno&quot;:&quot;TA-5555666&quot;,&quot;departmentno&quot;:&quot;5&quot;,&quot;salary&quot;:&quot;5566&quot;,&quot;pincode&quot;:&quot;555666&quot;,&quot;userid&quot;:&quot;ykzjcgcS2z5nTA3D5ugS&quot;,&quot;id&quot;:&quot;jiYMJygRFtJMFVOesNXs&quot;},{&quot;accountno&quot;:&quot;TA-5555666&quot;,&quot;departmentno&quot;:555666,&quot;salary&quot;:7000,&quot;pincode&quot;:111111,&quot;userid&quot;:&quot;ykzjcgcS2z5nTA3D5ugS&quot;,&quot;id&quot;:&quot;jmekVjI8beI2pxh4xYEk&quot;},{&quot;accountno&quot;:&quot;TA-5555665&quot;,&quot;departmentno&quot;:&quot;2&quot;,&quot;salary&quot;:&quot;77777&quot;,&quot;pincode&quot;:&quot;123456&quot;,&quot;userid&quot;:&quot;ykzjcgcS2z5nTA3D5ugS&quot;,&quot;id&quot;:&quot;NUO4drOgzYZJ3Mg6ibQa&quot;},{&quot;accountno&quot;:&quot;TA-5555555&quot;,&quot;departmentno&quot;:&quot;2&quot;,&quot;salary&quot;:&quot;5555&quot;,&quot;pincode&quot;:&quot;123456&quot;,&quot;userid&quot;:&quot;ykzjcgcS2z5nTA3D5ugS&quot;,&quot;id&quot;:&quot;vQpvsx003UAcvGVrA8sC&quot;},{&quot;accountno&quot;:&quot;TA-7777777&quot;,&quot;departmentno&quot;:&quot;2&quot;,&quot;salary&quot;:&quot;7777&quot;,&quot;pincode&quot;:&quot;123456&quot;,&quot;userid&quot;:&quot;ykzjcgcS2z5nTA3D5ugS&quot;,&quot;id&quot;:&quot;KcCZgtG0lUD1r62m2J0O&quot;},{&quot;accountno&quot;:&quot;TA-7777777&quot;,&quot;departmentno&quot;:&quot;2&quot;,&quot;salary&quot;:&quot;7777&quot;,&quot;pincode&quot;:&quot;123456&quot;,&quot;userid&quot;:&quot;ykzjcgcS2z5nTA3D5ugS&quot;,&quot;id&quot;:&quot;i10B3qDMxXnQ9JUDT29z&quot;},{&quot;accountno&quot;:&quot;TA-7777777&quot;,&quot;departmentno&quot;:&quot;2&quot;,&quot;salary&quot;:&quot;7777&quot;,&quot;pincode&quot;:&quot;123456&quot;,&quot;userid&quot;:&quot;ykzjcgcS2z5nTA3D5ugS&quot;,&quot;id&quot;:&quot;v5VVaqqXoNSZ8wnmdp7e&quot;},{&quot;accountno&quot;:&quot;TA-5555555&quot;,&quot;departmentno&quot;:&quot;2&quot;,&quot;salary&quot;:&quot;5555&quot;,&quot;pincode&quot;:&quot;123456&quot;,&quot;userid&quot;:&quot;ykzjcgcS2z5nTA3D5ugS&quot;,&quot;id&quot;:&quot;0nLm9OL8in5S5P1Cnxrv&quot;},{&quot;accountno&quot;:&quot;BN-1234535&quot;,&quot;departmentno&quot;:&quot;7&quot;,&quot;salary&quot;:&quot;12190&quot;,&quot;pincode&quot;:&quot;123458&quot;,&quot;userid&quot;:&quot;wvTE1ZsqbgfOMtiFejpq&quot;,&quot;id&quot;:&quot;ujzDk74xrLQezPKaL1QG&quot;},{&quot;accountno&quot;:&quot;TA-Abc2010&quot;,&quot;departmentno&quot;:&quot;2&quot;,&quot;salary&quot;:&quot;5000&quot;,&quot;pincode&quot;:&quot;123123&quot;,&quot;userid&quot;:&quot;7LkKZstp6lg3wBsHDSSv&quot;,&quot;id&quot;:&quot;jzwcXs0xOR7UaOsfcCAs&quot;},{&quot;accountno&quot;:&quot;BN-1234535&quot;,&quot;departmentno&quot;:&quot;7&quot;,&quot;salary&quot;:&quot;12190&quot;,&quot;pincode&quot;:&quot;123458&quot;,&quot;userid&quot;:&quot;wvTE1ZsqbgfOMtiFejpq&quot;,&quot;id&quot;:&quot;HHa52p8BFTm8CZArFJWr&quot;},{&quot;accountno&quot;:&quot;TA-Abc2010&quot;,&quot;departmentno&quot;:&quot;2&quot;,&quot;salary&quot;:&quot;5000&quot;,&quot;pincode&quot;:&quot;123123&quot;,&quot;userid&quot;:&quot;7LkKZstp6lg3wBsHDSSv&quot;,&quot;id&quot;:&quot;Ys8lULxMUZeUtzVlaDnL&quot;},{&quot;accountno&quot;:&quot;BN-1234535&quot;,&quot;departmentno&quot;:&quot;7&quot;,&quot;salary&quot;:&quot;12190&quot;,&quot;pincode&quot;:&quot;123458&quot;,&quot;userid&quot;:&quot;wvTE1ZsqbgfOMtiFejpq&quot;,&quot;id&quot;:&quot;tGxNMTNY4TlrqmCb6Z7T&quot;},{&quot;accountno&quot;:&quot;HS-1&quot;,&quot;departmentno&quot;:&quot;2666&quot;,&quot;salary&quot;:&quot;123456&quot;,&quot;pincode&quot;:&quot;515001&quot;,&quot;userid&quot;:&quot;hnX1SdQ0Xo7c6zYPAech&quot;,&quot;id&quot;:&quot;NIMajeFBl1mdZMseUobN&quot;},{&quot;accountno&quot;:&quot;BN-1234535&quot;,&quot;departmentno&quot;:&quot;7&quot;,&quot;salary&quot;:&quot;12190&quot;,&quot;pincode&quot;:&quot;123458&quot;,&quot;userid&quot;:&quot;wvTE1ZsqbgfOMtiFejpq&quot;,&quot;id&quot;:&quot;9vTBoj5NCslIOgCFIRT7&quot;},{&quot;accountno&quot;:&quot;BN-1234535&quot;,&quot;departmentno&quot;:&quot;7&quot;,&quot;salary&quot;:&quot;12190&quot;,&quot;pincode&quot;:&quot;123458&quot;,&quot;userid&quot;:&quot;wvTE1ZsqbgfOMtiFejpq&quot;,&quot;id&quot;:&quot;pEIV5U5GsG9U8ftBGjT3&quot;},{&quot;accountno&quot;:&quot;TA-yyy45YA&quot;,&quot;departmentno&quot;:&quot;8&quot;,&quot;salary&quot;:&quot;200&quot;,&quot;pincode&quot;:&quot;1234567&quot;,&quot;userid&quot;:&quot;mddlQN2Zj76KEXtOVpXf&quot;,&quot;id&quot;:&quot;Cxp1Y7hTxsGzjjjAACcV&quot;},{&quot;accountno&quot;:&quot;TA-Abc1111&quot;,&quot;departmentno&quot;:&quot;3&quot;,&quot;salary&quot;:&quot;7000&quot;,&quot;pincode&quot;:&quot;123123&quot;,&quot;userid&quot;:&quot;7LkKZstp6lg3wBsHDSSv&quot;,&quot;id&quot;:&quot;nmo6vsrJETCZBDxQ2xzb&quot;},{&quot;accountno&quot;:&quot;TA-Abc2010&quot;,&quot;departmentno&quot;:&quot;2&quot;,&quot;salary&quot;:&quot;5000&quot;,&quot;pincode&quot;:&quot;123123&quot;,&quot;userid&quot;:&quot;7LkKZstp6lg3wBsHDSSv&quot;,&quot;id&quot;:&quot;NZaZ4B9Q2na9GGYITuOB&quot;},{&quot;accountno&quot;:&quot;TA-yyy45YA&quot;,&quot;departmentno&quot;:&quot;8&quot;,&quot;salary&quot;:&quot;200&quot;,&quot;pincode&quot;:&quot;1234567&quot;,&quot;userid&quot;:&quot;mddlQN2Zj76KEXtOVpXf&quot;,&quot;id&quot;:&quot;1R2iiQaptXBXbPWCsMdB&quot;},{&quot;accountno&quot;:&quot;TA-900000&quot;,&quot;departmentno&quot;:&quot;2&quot;,&quot;salary&quot;:&quot;15000&quot;,&quot;pincode&quot;:&quot;321321&quot;,&quot;userid&quot;:&quot;vTqHKffvK4WIXGi0xuLU&quot;,&quot;id&quot;:&quot;qvDgkCTj7Y8bIA4oXqME&quot;},{&quot;accountno&quot;:&quot;TA-900000&quot;,&quot;departmentno&quot;:&quot;2&quot;,&quot;salary&quot;:&quot;15000&quot;,&quot;pincode&quot;:&quot;321321&quot;,&quot;userid&quot;:&quot;vTqHKffvK4WIXGi0xuLU&quot;,&quot;id&quot;:&quot;BuVoR2UI9CkxBKa16vXv&quot;},{&quot;accountno&quot;:&quot;TA-900000&quot;,&quot;departmentno&quot;:&quot;2&quot;,&quot;salary&quot;:&quot;15000&quot;,&quot;pincode&quot;:&quot;321321&quot;,&quot;userid&quot;:&quot;A8iCeVlRmnduXnSAJLet&quot;,&quot;id&quot;:&quot;jDfQ6E1zSc5x9RH8DLFy&quot;},{&quot;accountno&quot;:&quot;TA-900000&quot;,&quot;departmentno&quot;:&quot;2&quot;,&quot;salary&quot;:&quot;15000&quot;,&quot;pincode&quot;:&quot;321321&quot;,&quot;userid&quot;:&quot;vTqHKffvK4WIXGi0xuLU&quot;,&quot;id&quot;:&quot;xNTWDHkqfwl2KnU3ivzZ&quot;},{&quot;accountno&quot;:&quot;TA-yyy45YA&quot;,&quot;departmentno&quot;:&quot;8&quot;,&quot;salary&quot;:&quot;200&quot;,&quot;pincode&quot;:&quot;1234567&quot;,&quot;userid&quot;:&quot;mddlQN2Zj76KEXtOVpXf&quot;,&quot;id&quot;:&quot;SRybdundNLYAT1AzJ0Cv&quot;},{&quot;accountno&quot;:&quot;TA-900000&quot;,&quot;departmentno&quot;:&quot;2&quot;,&quot;salary&quot;:&quot;15000&quot;,&quot;pincode&quot;:&quot;321321&quot;,&quot;userid&quot;:&quot;vTqHKffvK4WIXGi0xuLU&quot;,&quot;id&quot;:&quot;UJgF56g3hHjZexsYc1In&quot;},{&quot;accountno&quot;:&quot;TA-900000&quot;,&quot;departmentno&quot;:&quot;2&quot;,&quot;salary&quot;:&quot;15000&quot;,&quot;pincode&quot;:&quot;321321&quot;,&quot;userid&quot;:&quot;vTqHKffvK4WIXGi0xuLU&quot;,&quot;id&quot;:&quot;a52fzNSNSj13GoBbxerC&quot;},{&quot;accountno&quot;:&quot;TA-900000&quot;,&quot;departmentno&quot;:&quot;2&quot;,&quot;salary&quot;:&quot;15000&quot;,&quot;pincode&quot;:&quot;321321&quot;,&quot;userid&quot;:&quot;vTqHKffvK4WIXGi0xuLU&quot;,&quot;id&quot;:&quot;yfsal6McByy7D3YWQV4o&quot;},{&quot;accountno&quot;:&quot;TA-900000&quot;,&quot;departmentno&quot;:&quot;2&quot;,&quot;salary&quot;:&quot;15000&quot;,&quot;pincode&quot;:&quot;321321&quot;,&quot;userid&quot;:&quot;vTqHKffvK4WIXGi0xuLU&quot;,&quot;id&quot;:&quot;g4ZyTV6Vme4gR883Z5P5&quot;},{&quot;accountno&quot;:&quot;TA-900000&quot;,&quot;departmentno&quot;:&quot;2&quot;,&quot;salary&quot;:&quot;15000&quot;,&quot;pincode&quot;:&quot;321321&quot;,&quot;userid&quot;:&quot;vTqHKffvK4WIXGi0xuLU&quot;,&quot;id&quot;:&quot;7gEnjgJAcptrd0pQKv0h&quot;},{&quot;accountno&quot;:&quot;TA-900000&quot;,&quot;departmentno&quot;:&quot;2&quot;,&quot;salary&quot;:&quot;15000&quot;,&quot;pincode&quot;:&quot;321321&quot;,&quot;userid&quot;:&quot;vTqHKffvK4WIXGi0xuLU&quot;,&quot;id&quot;:&quot;qonR6cdidHDCIXHvI7Dp&quot;},{&quot;accountno&quot;:&quot;TA-900000&quot;,&quot;departmentno&quot;:&quot;2&quot;,&quot;salary&quot;:&quot;15000&quot;,&quot;pincode&quot;:&quot;321321&quot;,&quot;userid&quot;:&quot;vTqHKffvK4WIXGi0xuLU&quot;,&quot;id&quot;:&quot;RsaLMoIZkPXu08Lbut4y&quot;},{&quot;accountno&quot;:&quot;TA-900000&quot;,&quot;departmentno&quot;:&quot;2&quot;,&quot;salary&quot;:&quot;15000&quot;,&quot;pincode&quot;:&quot;321321&quot;,&quot;userid&quot;:&quot;vTqHKffvK4WIXGi0xuLU&quot;,&quot;id&quot;:&quot;b0fsH2hasJwtWOs5srIV&quot;},{&quot;accountno&quot;:&quot;TA-900000&quot;,&quot;departmentno&quot;:&quot;2&quot;,&quot;salary&quot;:&quot;15000&quot;,&quot;pincode&quot;:&quot;321321&quot;,&quot;userid&quot;:&quot;vTqHKffvK4WIXGi0xuLU&quot;,&quot;id&quot;:&quot;BN7FHRBCkDBcAXA4IiOQ&quot;},{&quot;accountno&quot;:&quot;TA-900000&quot;,&quot;departmentno&quot;:&quot;2&quot;,&quot;salary&quot;:&quot;15000&quot;,&quot;pincode&quot;:&quot;321321&quot;,&quot;userid&quot;:&quot;vTqHKffvK4WIXGi0xuLU&quot;,&quot;id&quot;:&quot;oyrFfpdQ0xEKj6NP6ARj&quot;},{&quot;accountno&quot;:&quot;TA-900000&quot;,&quot;departmentno&quot;:&quot;2&quot;,&quot;salary&quot;:&quot;15000&quot;,&quot;pincode&quot;:&quot;321321&quot;,&quot;userid&quot;:&quot;vTqHKffvK4WIXGi0xuLU&quot;,&quot;id&quot;:&quot;6zLqRMaOtjQXt0aBy2MH&quot;},{&quot;accountno&quot;:&quot;TA-900000&quot;,&quot;departmentno&quot;:&quot;2&quot;,&quot;salary&quot;:&quot;15000&quot;,&quot;pincode&quot;:&quot;321321&quot;,&quot;userid&quot;:&quot;vTqHKffvK4WIXGi0xuLU&quot;,&quot;id&quot;:&quot;snwCvshWota4Ox2OOjxc&quot;},{&quot;accountno&quot;:&quot;TA-900000&quot;,&quot;departmentno&quot;:&quot;2&quot;,&quot;salary&quot;:&quot;15000&quot;,&quot;pincode&quot;:&quot;321321&quot;,&quot;userid&quot;:&quot;vTqHKffvK4WIXGi0xuLU&quot;,&quot;id&quot;:&quot;W50WN0bz4cx5HGSm6QAp&quot;},{&quot;accountno&quot;:&quot;TA-900000&quot;,&quot;departmentno&quot;:&quot;2&quot;,&quot;salary&quot;:&quot;15000&quot;,&quot;pincode&quot;:&quot;321321&quot;,&quot;userid&quot;:&quot;vTqHKffvK4WIXGi0xuLU&quot;,&quot;id&quot;:&quot;fMnCOP1OGqcky9pRcBPJ&quot;},{&quot;accountno&quot;:&quot;TA-900000&quot;,&quot;departmentno&quot;:&quot;2&quot;,&quot;salary&quot;:&quot;15000&quot;,&quot;pincode&quot;:&quot;321321&quot;,&quot;userid&quot;:&quot;vTqHKffvK4WIXGi0xuLU&quot;,&quot;id&quot;:&quot;RIImxu2rcnS49yogB8Vm&quot;},{&quot;accountno&quot;:&quot;TA-900000&quot;,&quot;departmentno&quot;:&quot;2&quot;,&quot;salary&quot;:&quot;15000&quot;,&quot;pincode&quot;:&quot;321321&quot;,&quot;userid&quot;:&quot;vTqHKffvK4WIXGi0xuLU&quot;,&quot;id&quot;:&quot;yntd31jS5McntJAu6fcq&quot;},{&quot;accountno&quot;:&quot;TA-900000&quot;,&quot;departmentno&quot;:&quot;2&quot;,&quot;salary&quot;:&quot;15000&quot;,&quot;pincode&quot;:&quot;321321&quot;,&quot;userid&quot;:&quot;vTqHKffvK4WIXGi0xuLU&quot;,&quot;id&quot;:&quot;X9Gv9HH1sjPGP4NH2lBM&quot;},{&quot;accountno&quot;:&quot;TA-900000&quot;,&quot;departmentno&quot;:&quot;2&quot;,&quot;salary&quot;:&quot;15000&quot;,&quot;pincode&quot;:&quot;321321&quot;,&quot;userid&quot;:&quot;vTqHKffvK4WIXGi0xuLU&quot;,&quot;id&quot;:&quot;DFTU3ZDvo2MSFaec6Nxc&quot;},{&quot;accountno&quot;:&quot;TA-900000&quot;,&quot;departmentno&quot;:&quot;2&quot;,&quot;salary&quot;:&quot;15000&quot;,&quot;pincode&quot;:&quot;321321&quot;,&quot;userid&quot;:&quot;vTqHKffvK4WIXGi0xuLU&quot;,&quot;id&quot;:&quot;Khogkqi7ihhregeV27Sa&quot;},{&quot;accountno&quot;:&quot;TA-900000&quot;,&quot;departmentno&quot;:&quot;2&quot;,&quot;salary&quot;:&quot;15000&quot;,&quot;pincode&quot;:&quot;321321&quot;,&quot;userid&quot;:&quot;vTqHKffvK4WIXGi0xuLU&quot;,&quot;id&quot;:&quot;QQJL79wZ6CR3sxTe9DRb&quot;},{&quot;accountno&quot;:&quot;pr-2323232&quot;,&quot;departmentno&quot;:3,&quot;salary&quot;:2345600000,&quot;pincode&quot;:121212,&quot;userid&quot;:&quot;lFrriDTCYr6R4iozUsUv&quot;,&quot;id&quot;:&quot;M6Zzf4I13Kg3Io71Jer1&quot;},{&quot;accountno&quot;:&quot;TA-sh12345&quot;,&quot;departmentno&quot;:3,&quot;salary&quot;:12300000,&quot;pincode&quot;:123456,&quot;userid&quot;:&quot;lFrriDTCYr6R4iozUsUv&quot;,&quot;id&quot;:&quot;15sqzH091R0ySDBWYwdF&quot;},{&quot;accountno&quot;:&quot;BN-1234535&quot;,&quot;departmentno&quot;:&quot;7&quot;,&quot;salary&quot;:&quot;12190&quot;,&quot;pincode&quot;:&quot;123458&quot;,&quot;userid&quot;:&quot;wvTE1ZsqbgfOMtiFejpq&quot;,&quot;id&quot;:&quot;1nC5BIcAXHBUupdmEQRa&quot;},{&quot;accountno&quot;:&quot;TA-Aug2202&quot;,&quot;departmentno&quot;:&quot;1&quot;,&quot;salary&quot;:&quot;5000&quot;,&quot;pincode&quot;:&quot;123123&quot;,&quot;userid&quot;:&quot;kDQiLKKblSyJulFjTqRB&quot;,&quot;id&quot;:&quot;pNHKPVlQmOBhDBV3Xgv0&quot;},{&quot;accountno&quot;:&quot;TA-Aug2202&quot;,&quot;departmentno&quot;:&quot;1&quot;,&quot;salary&quot;:&quot;5000&quot;,&quot;pincode&quot;:&quot;123123&quot;,&quot;userid&quot;:&quot;kDQiLKKblSyJulFjTqRB&quot;,&quot;id&quot;:&quot;ni3G7wyRDAY2GLVEMxwF&quot;},{&quot;accountno&quot;:&quot;TA-Abc2010&quot;,&quot;departmentno&quot;:&quot;2&quot;,&quot;salary&quot;:&quot;5000&quot;,&quot;pincode&quot;:&quot;123123&quot;,&quot;userid&quot;:&quot;7LkKZstp6lg3wBsHDSSv&quot;,&quot;id&quot;:&quot;WEHq1QVf6SCTpIYy1zrK&quot;},{&quot;accountno&quot;:&quot;TA-Aug2202&quot;,&quot;departmentno&quot;:&quot;1&quot;,&quot;salary&quot;:&quot;5000&quot;,&quot;pincode&quot;:&quot;123123&quot;,&quot;userid&quot;:&quot;kDQiLKKblSyJulFjTqRB&quot;,&quot;id&quot;:&quot;U0XBRHw6DwdmHvX1oupz&quot;},{&quot;accountno&quot;:&quot;TA-Aug3238&quot;,&quot;departmentno&quot;:&quot;2&quot;,&quot;salary&quot;:&quot;1000&quot;,&quot;pincode&quot;:&quot;242428&quot;,&quot;userid&quot;:&quot;zhFI4oQlHjP2cn3mW3GP&quot;,&quot;id&quot;:&quot;WCCs7Jv5tiiSJm00eMfV&quot;},{&quot;accountno&quot;:&quot;TA-Aug2201&quot;,&quot;departmentno&quot;:&quot;1&quot;,&quot;salary&quot;:&quot;5000&quot;,&quot;pincode&quot;:&quot;123123&quot;,&quot;userid&quot;:&quot;kDQiLKKblSyJulFjTqRB&quot;,&quot;id&quot;:&quot;yIRssuKaA8VgOuo9InPk&quot;},{&quot;accountno&quot;:&quot;TA-Aug2201&quot;,&quot;departmentno&quot;:&quot;1&quot;,&quot;salary&quot;:&quot;5000&quot;,&quot;pincode&quot;:&quot;123123&quot;,&quot;userid&quot;:&quot;kDQiLKKblSyJulFjTqRB&quot;,&quot;id&quot;:&quot;pjqRAeW5ouVESw4bALvw&quot;},{&quot;accountno&quot;:&quot;TA-Aug2201&quot;,&quot;departmentno&quot;:&quot;1&quot;,&quot;salary&quot;:&quot;5000&quot;,&quot;pincode&quot;:&quot;123123&quot;,&quot;userid&quot;:&quot;kDQiLKKblSyJulFjTqRB&quot;,&quot;id&quot;:&quot;9YaLhXxHwhQ3DMUpNPKu&quot;},{&quot;accountno&quot;:&quot;TA-Abc2011&quot;,&quot;departmentno&quot;:&quot;2&quot;,&quot;salary&quot;:&quot;5100&quot;,&quot;pincode&quot;:&quot;123123&quot;,&quot;userid&quot;:&quot;Bu7YqKvWvrkCmXSzTgNR&quot;,&quot;id&quot;:&quot;nfwnzu6rU1KJTRbZvdOc&quot;},{&quot;accountno&quot;:&quot;TA-Aug3237&quot;,&quot;departmentno&quot;:&quot;2&quot;,&quot;salary&quot;:&quot;1000&quot;,&quot;pincode&quot;:&quot;242428&quot;,&quot;userid&quot;:&quot;zhFI4oQlHjP2cn3mW3GP&quot;,&quot;id&quot;:&quot;GEhZ5iv7Fz2oQAu4ys1F&quot;},{&quot;accountno&quot;:&quot;TA-A101221&quot;,&quot;departmentno&quot;:&quot;1&quot;,&quot;salary&quot;:&quot;1000&quot;,&quot;pincode&quot;:&quot;242425&quot;,&quot;userid&quot;:&quot;nus0xnliFkRlVMBkpbYC&quot;,&quot;id&quot;:&quot;SCJy9hRomQK1utfzU8lI&quot;},{&quot;accountno&quot;:&quot;TA-Abc2011&quot;,&quot;departmentno&quot;:&quot;2&quot;,&quot;salary&quot;:&quot;5100&quot;,&quot;pincode&quot;:&quot;123123&quot;,&quot;userid&quot;:&quot;Bu7YqKvWvrkCmXSzTgNR&quot;,&quot;id&quot;:&quot;isQfKdZhjG243NNINTcB&quot;},{&quot;accountno&quot;:&quot;TA-Abc2011&quot;,&quot;departmentno&quot;:&quot;2&quot;,&quot;salary&quot;:&quot;5100&quot;,&quot;pincode&quot;:&quot;123123&quot;,&quot;userid&quot;:&quot;Bu7YqKvWvrkCmXSzTgNR&quot;,&quot;id&quot;:&quot;4D6I63nSLC8G2AtA2t9H&quot;},{&quot;accountno&quot;:&quot;TA-Abc2011&quot;,&quot;departmentno&quot;:&quot;2&quot;,&quot;salary&quot;:&quot;5100&quot;,&quot;pincode&quot;:&quot;123123&quot;,&quot;userid&quot;:&quot;Bu7YqKvWvrkCmXSzTgNR&quot;,&quot;id&quot;:&quot;E6RQihccBLdEikJocSyw&quot;},{&quot;accountno&quot;:&quot;TA-Abc2011&quot;,&quot;departmentno&quot;:&quot;2&quot;,&quot;salary&quot;:&quot;5100&quot;,&quot;pincode&quot;:&quot;123123&quot;,&quot;userid&quot;:&quot;Bu7YqKvWvrkCmXSzTgNR&quot;,&quot;id&quot;:&quot;qrNjSbH8UumSWcYl3euH&quot;},{&quot;accountno&quot;:&quot;TA-Abc2011&quot;,&quot;departmentno&quot;:&quot;2&quot;,&quot;salary&quot;:&quot;5100&quot;,&quot;pincode&quot;:&quot;123123&quot;,&quot;userid&quot;:&quot;Bu7YqKvWvrkCmXSzTgNR&quot;,&quot;id&quot;:&quot;Sou9H3hyQc8YgV014Ow1&quot;},{&quot;accountno&quot;:&quot;TA-Abc2011&quot;,&quot;departmentno&quot;:&quot;2&quot;,&quot;salary&quot;:&quot;5100&quot;,&quot;pincode&quot;:&quot;123123&quot;,&quot;userid&quot;:&quot;Bu7YqKvWvrkCmXSzTgNR&quot;,&quot;id&quot;:&quot;yV0JVy2rBK22tY90u8c8&quot;},{&quot;accountno&quot;:&quot;TA-Abc2011&quot;,&quot;departmentno&quot;:&quot;2&quot;,&quot;salary&quot;:&quot;5100&quot;,&quot;pincode&quot;:&quot;123123&quot;,&quot;userid&quot;:&quot;Bu7YqKvWvrkCmXSzTgNR&quot;,&quot;id&quot;:&quot;8mWl8gwEfzmowKXc2RXf&quot;},{&quot;accountno&quot;:&quot;TA-aug2027&quot;,&quot;departmentno&quot;:&quot;4&quot;,&quot;salary&quot;:&quot;3000&quot;,&quot;pincode&quot;:&quot;424244&quot;,&quot;userid&quot;:&quot;zhFI4oQlHjP2cn3mW3GP&quot;,&quot;id&quot;:&quot;3JAimm1Ok7mOxQCuFdiI&quot;},{&quot;accountno&quot;:&quot;TA-Abc2011&quot;,&quot;departmentno&quot;:&quot;2&quot;,&quot;salary&quot;:&quot;5100&quot;,&quot;pincode&quot;:&quot;123123&quot;,&quot;userid&quot;:&quot;Bu7YqKvWvrkCmXSzTgNR&quot;,&quot;id&quot;:&quot;yserbbgzpXgR9d30iW5v&quot;},{&quot;accountno&quot;:&quot;TA-Abc2011&quot;,&quot;departmentno&quot;:&quot;2&quot;,&quot;salary&quot;:&quot;5100&quot;,&quot;pincode&quot;:&quot;123123&quot;,&quot;userid&quot;:&quot;Bu7YqKvWvrkCmXSzTgNR&quot;,&quot;id&quot;:&quot;4Dkt5WUfTJ9obQURaJgA&quot;},{&quot;accountno&quot;:&quot;TA-Abc2011&quot;,&quot;departmentno&quot;:&quot;2&quot;,&quot;salary&quot;:&quot;5100&quot;,&quot;pincode&quot;:&quot;123123&quot;,&quot;userid&quot;:&quot;Bu7YqKvWvrkCmXSzTgNR&quot;,&quot;id&quot;:&quot;k6g7jbzOflO01aDOhmHe&quot;},{&quot;accountno&quot;:&quot;TA-AGU2025&quot;,&quot;departmentno&quot;:&quot;5&quot;,&quot;salary&quot;:&quot;3000&quot;,&quot;pincode&quot;:&quot;123456&quot;,&quot;userid&quot;:&quot;mddlQN2Zj76KEXtOVpXf&quot;,&quot;id&quot;:&quot;WtY8Y6xef2y5NIVG4QYH&quot;},{&quot;accountno&quot;:&quot;TA-Abc2011&quot;,&quot;departmentno&quot;:&quot;2&quot;,&quot;salary&quot;:&quot;5100&quot;,&quot;pincode&quot;:&quot;123123&quot;,&quot;userid&quot;:&quot;Bu7YqKvWvrkCmXSzTgNR&quot;,&quot;id&quot;:&quot;Bz8HUQK4igxkRVzgwgLB&quot;},{&quot;accountno&quot;:&quot;TA-Abc2011&quot;,&quot;departmentno&quot;:&quot;2&quot;,&quot;salary&quot;:&quot;5100&quot;,&quot;pincode&quot;:&quot;123123&quot;,&quot;userid&quot;:&quot;Bu7YqKvWvrkCmXSzTgNR&quot;,&quot;id&quot;:&quot;8HG7HNVEUXJlGASEo3KS&quot;},{&quot;accountno&quot;:&quot;TA-Abc2011&quot;,&quot;departmentno&quot;:&quot;2&quot;,&quot;salary&quot;:&quot;5100&quot;,&quot;pincode&quot;:&quot;123123&quot;,&quot;userid&quot;:&quot;Bu7YqKvWvrkCmXSzTgNR&quot;,&quot;id&quot;:&quot;fup3IBIZ04pkYjQK2oi3&quot;},{&quot;accountno&quot;:&quot;TA-Abc2011&quot;,&quot;departmentno&quot;:&quot;2&quot;,&quot;salary&quot;:&quot;5100&quot;,&quot;pincode&quot;:&quot;123123&quot;,&quot;userid&quot;:&quot;Bu7YqKvWvrkCmXSzTgNR&quot;,&quot;id&quot;:&quot;ipAhEqaQMzObVt7xpyvN&quot;},{&quot;accountno&quot;:&quot;TA-Abc2011&quot;,&quot;departmentno&quot;:&quot;2&quot;,&quot;salary&quot;:&quot;5100&quot;,&quot;pincode&quot;:&quot;123123&quot;,&quot;userid&quot;:&quot;Bu7YqKvWvrkCmXSzTgNR&quot;,&quot;id&quot;:&quot;M27ySXl9w8gzdwp77lei&quot;},{&quot;accountno&quot;:&quot;TA-Abc2011&quot;,&quot;departmentno&quot;:&quot;2&quot;,&quot;salary&quot;:&quot;5100&quot;,&quot;pincode&quot;:&quot;123123&quot;,&quot;userid&quot;:&quot;Bu7YqKvWvrkCmXSzTgNR&quot;,&quot;id&quot;:&quot;nAVpe7itzO9TRVVjF7Ee&quot;},{&quot;accountno&quot;:&quot;TA-900000&quot;,&quot;departmentno&quot;:&quot;2&quot;,&quot;salary&quot;:&quot;15000&quot;,&quot;pincode&quot;:&quot;321321&quot;,&quot;userid&quot;:&quot;vTqHKffvK4WIXGi0xuLU&quot;,&quot;id&quot;:&quot;jwLj8Qsp5Jxhh36psKfS&quot;},{&quot;accountno&quot;:&quot;TA-Abc2011&quot;,&quot;departmentno&quot;:&quot;2&quot;,&quot;salary&quot;:&quot;5100&quot;,&quot;pincode&quot;:&quot;123123&quot;,&quot;userid&quot;:&quot;Bu7YqKvWvrkCmXSzTgNR&quot;,&quot;id&quot;:&quot;tbKY5zllLbLO6caWxTWu&quot;},{&quot;accountno&quot;:&quot;TA-900000&quot;,&quot;departmentno&quot;:&quot;2&quot;,&quot;salary&quot;:&quot;15000&quot;,&quot;pincode&quot;:&quot;321321&quot;,&quot;userid&quot;:&quot;vTqHKffvK4WIXGi0xuLU&quot;,&quot;id&quot;:&quot;VBetT7BKMuq9yhzVrZ0y&quot;},{&quot;accountno&quot;:&quot;TA-900000&quot;,&quot;departmentno&quot;:&quot;2&quot;,&quot;salary&quot;:&quot;15000&quot;,&quot;pincode&quot;:&quot;321321&quot;,&quot;userid&quot;:&quot;vTqHKffvK4WIXGi0xuLU&quot;,&quot;id&quot;:&quot;WxMrlMdKhoMgttu9tMrE&quot;},{&quot;accountno&quot;:&quot;TA-Abc2011&quot;,&quot;departmentno&quot;:&quot;2&quot;,&quot;salary&quot;:&quot;5100&quot;,&quot;pincode&quot;:&quot;123123&quot;,&quot;userid&quot;:&quot;Bu7YqKvWvrkCmXSzTgNR&quot;,&quot;id&quot;:&quot;FQ6U2rDc4zb8TVUKFifX&quot;},{&quot;accountno&quot;:&quot;TA-Abc2011&quot;,&quot;departmentno&quot;:&quot;2&quot;,&quot;salary&quot;:&quot;5100&quot;,&quot;pincode&quot;:&quot;123123&quot;,&quot;userid&quot;:&quot;Bu7YqKvWvrkCmXSzTgNR&quot;,&quot;id&quot;:&quot;Y8XNqVyXsRtKkZD5aWqL&quot;},{&quot;accountno&quot;:&quot;TA-900000&quot;,&quot;departmentno&quot;:&quot;2&quot;,&quot;salary&quot;:&quot;15000&quot;,&quot;pincode&quot;:&quot;321321&quot;,&quot;userid&quot;:&quot;vTqHKffvK4WIXGi0xuLU&quot;,&quot;id&quot;:&quot;i7NEby1B3IDgY8JJQlhc&quot;},{&quot;accountno&quot;:&quot;TA-900000&quot;,&quot;departmentno&quot;:&quot;2&quot;,&quot;salary&quot;:&quot;15000&quot;,&quot;pincode&quot;:&quot;321321&quot;,&quot;userid&quot;:&quot;vTqHKffvK4WIXGi0xuLU&quot;,&quot;id&quot;:&quot;6WcbR7bOpK03hiRZAZGX&quot;},{&quot;accountno&quot;:&quot;TA-Abc2011&quot;,&quot;departmentno&quot;:&quot;2&quot;,&quot;salary&quot;:&quot;5100&quot;,&quot;pincode&quot;:&quot;123123&quot;,&quot;userid&quot;:&quot;Bu7YqKvWvrkCmXSzTgNR&quot;,&quot;id&quot;:&quot;YeSFw7n1RihfvaUiC9iM&quot;},{&quot;accountno&quot;:&quot;TA-900000&quot;,&quot;departmentno&quot;:&quot;2&quot;,&quot;salary&quot;:&quot;15000&quot;,&quot;pincode&quot;:&quot;321321&quot;,&quot;userid&quot;:&quot;vTqHKffvK4WIXGi0xuLU&quot;,&quot;id&quot;:&quot;7VCBzXrjsgHblewkQK3m&quot;},{&quot;accountno&quot;:&quot;TA-900000&quot;,&quot;departmentno&quot;:&quot;2&quot;,&quot;salary&quot;:&quot;15000&quot;,&quot;pincode&quot;:&quot;321321&quot;,&quot;userid&quot;:&quot;vTqHKffvK4WIXGi0xuLU&quot;,&quot;id&quot;:&quot;SV8gSvDeuJQHQgOvS79v&quot;},{&quot;accountno&quot;:&quot;TA-900000&quot;,&quot;departmentno&quot;:&quot;2&quot;,&quot;salary&quot;:&quot;15000&quot;,&quot;pincode&quot;:&quot;321321&quot;,&quot;userid&quot;:&quot;vTqHKffvK4WIXGi0xuLU&quot;,&quot;id&quot;:&quot;UipVt6DIGKlMAYaKynWA&quot;},{&quot;accountno&quot;:&quot;TA-Abc2011&quot;,&quot;departmentno&quot;:&quot;2&quot;,&quot;salary&quot;:&quot;5100&quot;,&quot;pincode&quot;:&quot;123123&quot;,&quot;userid&quot;:&quot;Bu7YqKvWvrkCmXSzTgNR&quot;,&quot;id&quot;:&quot;64XbfldYKL3D7lc6aupR&quot;},{&quot;accountno&quot;:&quot;TA-Abc2011&quot;,&quot;departmentno&quot;:&quot;2&quot;,&quot;salary&quot;:&quot;5100&quot;,&quot;pincode&quot;:&quot;123123&quot;,&quot;userid&quot;:&quot;Bu7YqKvWvrkCmXSzTgNR&quot;,&quot;id&quot;:&quot;s5KxnHzBJUj5wQMYRpyU&quot;},{&quot;accountno&quot;:&quot;TA-Abc2011&quot;,&quot;departmentno&quot;:&quot;2&quot;,&quot;salary&quot;:&quot;5100&quot;,&quot;pincode&quot;:&quot;123123&quot;,&quot;userid&quot;:&quot;Bu7YqKvWvrkCmXSzTgNR&quot;,&quot;id&quot;:&quot;Ev6V4cBsHVckM3NPRAWf&quot;},{&quot;accountno&quot;:&quot;TA-Abc2011&quot;,&quot;departmentno&quot;:&quot;2&quot;,&quot;salary&quot;:&quot;5100&quot;,&quot;pincode&quot;:&quot;123123&quot;,&quot;userid&quot;:&quot;Bu7YqKvWvrkCmXSzTgNR&quot;,&quot;id&quot;:&quot;OZFbmIlcGuYP8hOxHuay&quot;},{&quot;accountno&quot;:&quot;TA-Abc2011&quot;,&quot;departmentno&quot;:&quot;2&quot;,&quot;salary&quot;:&quot;5100&quot;,&quot;pincode&quot;:&quot;123123&quot;,&quot;userid&quot;:&quot;Bu7YqKvWvrkCmXSzTgNR&quot;,&quot;id&quot;:&quot;TkBwk2Cj25Zn4fCelN7r&quot;},{&quot;accountno&quot;:&quot;TA-Aug2001&quot;,&quot;departmentno&quot;:&quot;4&quot;,&quot;salary&quot;:&quot;159515&quot;,&quot;pincode&quot;:&quot;123432&quot;,&quot;userid&quot;:&quot;Bu7YqKvWvrkCmXSzTgNR&quot;,&quot;id&quot;:&quot;NjCsz8jKBC1oM91AvVAA&quot;},{&quot;accountno&quot;:&quot;TA-Abc2010&quot;,&quot;departmentno&quot;:&quot;2&quot;,&quot;salary&quot;:&quot;5000&quot;,&quot;pincode&quot;:&quot;123123&quot;,&quot;userid&quot;:&quot;7LkKZstp6lg3wBsHDSSv&quot;,&quot;id&quot;:&quot;PItnnFDUFICey13oK04I&quot;},{&quot;accountno&quot;:&quot;TA-Abc2010&quot;,&quot;departmentno&quot;:&quot;2&quot;,&quot;salary&quot;:&quot;5000&quot;,&quot;pincode&quot;:&quot;123123&quot;,&quot;userid&quot;:&quot;7LkKZstp6lg3wBsHDSSv&quot;,&quot;id&quot;:&quot;AxYe6DMnaQbma77Tm1bx&quot;},{&quot;accountno&quot;:&quot;TA-Abc2010&quot;,&quot;departmentno&quot;:&quot;2&quot;,&quot;salary&quot;:&quot;5000&quot;,&quot;pincode&quot;:&quot;123123&quot;,&quot;userid&quot;:&quot;7LkKZstp6lg3wBsHDSSv&quot;,&quot;id&quot;:&quot;RgB9jUVPZ85AisMhuErI&quot;},{&quot;accountno&quot;:&quot;TA-900000&quot;,&quot;departmentno&quot;:&quot;2&quot;,&quot;salary&quot;:&quot;15000&quot;,&quot;pincode&quot;:&quot;321321&quot;,&quot;userid&quot;:&quot;vTqHKffvK4WIXGi0xuLU&quot;,&quot;id&quot;:&quot;69xnsH78DcEnPiRen7wR&quot;},{&quot;accountno&quot;:&quot;TA-900000&quot;,&quot;departmentno&quot;:&quot;2&quot;,&quot;salary&quot;:&quot;15000&quot;,&quot;pincode&quot;:&quot;321321&quot;,&quot;userid&quot;:&quot;vTqHKffvK4WIXGi0xuLU&quot;,&quot;id&quot;:&quot;tudsyXhHcsRMzI7R2Zxa&quot;},{&quot;accountno&quot;:&quot;TA-900000&quot;,&quot;departmentno&quot;:&quot;4&quot;,&quot;salary&quot;:&quot;15000&quot;,&quot;pincode&quot;:&quot;321321&quot;,&quot;userid&quot;:&quot;vTqHKffvK4WIXGi0xuLU&quot;,&quot;id&quot;:&quot;soMsAnYO4atqBiaZ1NDs&quot;},{&quot;accountno&quot;:&quot;TA-900000&quot;,&quot;departmentno&quot;:&quot;2&quot;,&quot;salary&quot;:&quot;15000&quot;,&quot;pincode&quot;:&quot;321321&quot;,&quot;userid&quot;:&quot;vTqHKffvK4WIXGi0xuLU&quot;,&quot;id&quot;:&quot;JHfq7ABISe5Z955kmU5y&quot;},{&quot;accountno&quot;:&quot;TA-900000&quot;,&quot;departmentno&quot;:&quot;2&quot;,&quot;salary&quot;:&quot;15000&quot;,&quot;pincode&quot;:&quot;321321&quot;,&quot;userid&quot;:&quot;vTqHKffvK4WIXGi0xuLU&quot;,&quot;id&quot;:&quot;VOxPjX7bGK7XNSTQRngr&quot;},{&quot;accountno&quot;:&quot;TA-900000&quot;,&quot;departmentno&quot;:&quot;2&quot;,&quot;salary&quot;:&quot;15000&quot;,&quot;pincode&quot;:&quot;321321&quot;,&quot;userid&quot;:&quot;vTqHKffvK4WIXGi0xuLU&quot;,&quot;id&quot;:&quot;mx5Lcc34LyGuvS9eLJXF&quot;},{&quot;accountno&quot;:&quot;TA-Abc2010&quot;,&quot;departmentno&quot;:&quot;2&quot;,&quot;salary&quot;:&quot;5000&quot;,&quot;pincode&quot;:&quot;123123&quot;,&quot;userid&quot;:&quot;7LkKZstp6lg3wBsHDSSv&quot;,&quot;id&quot;:&quot;bXx8EL3jE78jCiMT0EQI&quot;},{&quot;accountno&quot;:&quot;TA-Abc2010&quot;,&quot;departmentno&quot;:&quot;2&quot;,&quot;salary&quot;:&quot;5000&quot;,&quot;pincode&quot;:&quot;123123&quot;,&quot;userid&quot;:&quot;7LkKZstp6lg3wBsHDSSv&quot;,&quot;id&quot;:&quot;oXSbtZmpxHInvD6Zoz4C&quot;},{&quot;accountno&quot;:&quot;TA-Abc2010&quot;,&quot;departmentno&quot;:&quot;2&quot;,&quot;salary&quot;:&quot;5000&quot;,&quot;pincode&quot;:&quot;123123&quot;,&quot;userid&quot;:&quot;7LkKZstp6lg3wBsHDSSv&quot;,&quot;id&quot;:&quot;Gv23xMHDUhON5fmAPZTP&quot;},{&quot;accountno&quot;:&quot;TA-Abc2010&quot;,&quot;departmentno&quot;:&quot;2&quot;,&quot;salary&quot;:&quot;5000&quot;,&quot;pincode&quot;:&quot;123123&quot;,&quot;userid&quot;:&quot;7LkKZstp6lg3wBsHDSSv&quot;,&quot;id&quot;:&quot;VYezIO4TXBTrepNT8Usw&quot;},{&quot;accountno&quot;:&quot;TA-Abc2010&quot;,&quot;departmentno&quot;:&quot;2&quot;,&quot;salary&quot;:&quot;5000&quot;,&quot;pincode&quot;:&quot;123123&quot;,&quot;userid&quot;:&quot;7LkKZstp6lg3wBsHDSSv&quot;,&quot;id&quot;:&quot;22x6ttcTDUyV8Dy2G5ET&quot;},{&quot;accountno&quot;:&quot;TA-Abc2010&quot;,&quot;departmentno&quot;:&quot;2&quot;,&quot;salary&quot;:&quot;5000&quot;,&quot;pincode&quot;:&quot;123123&quot;,&quot;userid&quot;:&quot;7LkKZstp6lg3wBsHDSSv&quot;,&quot;id&quot;:&quot;5ZETOm91S94XpyqCitwk&quot;},{&quot;accountno&quot;:&quot;TA-900000&quot;,&quot;departmentno&quot;:&quot;7&quot;,&quot;salary&quot;:&quot;19000&quot;,&quot;pincode&quot;:&quot;321321&quot;,&quot;userid&quot;:&quot;vTqHKffvK4WIXGi0xuLU&quot;,&quot;id&quot;:&quot;Bf7FQbjozJsFWRfn6CKm&quot;},{&quot;accountno&quot;:&quot;TA-Abc2010&quot;,&quot;departmentno&quot;:&quot;2&quot;,&quot;salary&quot;:&quot;5000&quot;,&quot;pincode&quot;:&quot;&quot;,&quot;userid&quot;:&quot;7LkKZstp6lg3wBsHDSSv&quot;,&quot;id&quot;:&quot;AMWfvI1W8Rkb9ZSIfkIM&quot;},{&quot;accountno&quot;:&quot;&quot;,&quot;departmentno&quot;:&quot;&quot;,&quot;salary&quot;:&quot;&quot;,&quot;pincode&quot;:&quot;&quot;,&quot;userid&quot;:&quot;7LkKZstp6lg3wBsHDSSv&quot;,&quot;id&quot;:&quot;g43Pgs25OKfNldFg9ilS&quot;},{&quot;accountno&quot;:&quot;TA-Abc1111&quot;,&quot;departmentno&quot;:&quot;3&quot;,&quot;salary&quot;:&quot;7000&quot;,&quot;pincode&quot;:&quot;123123&quot;,&quot;userid&quot;:&quot;7LkKZstp6lg3wBsHDSSv&quot;,&quot;id&quot;:&quot;hZ5LDwwnquY9sLUoCpBo&quot;},{&quot;accountno&quot;:&quot;TA-Abc1111&quot;,&quot;departmentno&quot;:&quot;3&quot;,&quot;salary&quot;:&quot;7000&quot;,&quot;pincode&quot;:&quot;123123&quot;,&quot;userid&quot;:&quot;7LkKZstp6lg3wBsHDSSv&quot;,&quot;id&quot;:&quot;KD8Wi5WnDJJqLOkfDgu5&quot;},{&quot;accountno&quot;:&quot;TA-900000&quot;,&quot;departmentno&quot;:&quot;4&quot;,&quot;salary&quot;:&quot;15000&quot;,&quot;pincode&quot;:&quot;321321&quot;,&quot;userid&quot;:&quot;vTqHKffvK4WIXGi0xuLU&quot;,&quot;id&quot;:&quot;3WiLPkQ3X1PAlcsXx9GK&quot;},{&quot;accountno&quot;:&quot;TA-900000&quot;,&quot;departmentno&quot;:&quot;4&quot;,&quot;salary&quot;:&quot;15000&quot;,&quot;pincode&quot;:&quot;321321&quot;,&quot;userid&quot;:&quot;vTqHKffvK4WIXGi0xuLU&quot;,&quot;id&quot;:&quot;X85pcgyXVMNQoYpv5W3X&quot;},{&quot;accountno&quot;:&quot;TA-900000&quot;,&quot;departmentno&quot;:&quot;2&quot;,&quot;salary&quot;:&quot;15000&quot;,&quot;pincode&quot;:&quot;321321&quot;,&quot;userid&quot;:&quot;vTqHKffvK4WIXGi0xuLU&quot;,&quot;id&quot;:&quot;hFbgypYh0wzksQitqAGC&quot;},{&quot;accountno&quot;:&quot;TA-900000&quot;,&quot;departmentno&quot;:&quot;2&quot;,&quot;salary&quot;:&quot;15000&quot;,&quot;pincode&quot;:&quot;321321&quot;,&quot;userid&quot;:&quot;vTqHKffvK4WIXGi0xuLU&quot;,&quot;id&quot;:&quot;RQDClSFsRHBgs2p0rtDR&quot;},{&quot;accountno&quot;:&quot;TA-900000&quot;,&quot;departmentno&quot;:&quot;4&quot;,&quot;salary&quot;:&quot;15000&quot;,&quot;pincode&quot;:&quot;321321&quot;,&quot;userid&quot;:&quot;vTqHKffvK4WIXGi0xuLU&quot;,&quot;id&quot;:&quot;J653nkdlWk3HSWUv5W0y&quot;},{&quot;accountno&quot;:&quot;TA-900000&quot;,&quot;departmentno&quot;:&quot;2&quot;,&quot;salary&quot;:&quot;15000&quot;,&quot;pincode&quot;:&quot;321321&quot;,&quot;userid&quot;:&quot;vTqHKffvK4WIXGi0xuLU&quot;,&quot;id&quot;:&quot;B3bUDf7O43cr9BHd9vq0&quot;},{&quot;accountno&quot;:&quot;TA-900000&quot;,&quot;departmentno&quot;:&quot;2&quot;,&quot;salary&quot;:&quot;15000&quot;,&quot;pincode&quot;:&quot;321321&quot;,&quot;userid&quot;:&quot;vTqHKffvK4WIXGi0xuLU&quot;,&quot;id&quot;:&quot;NlaUtagJXR8heTp4JO4P&quot;},{&quot;accountno&quot;:&quot;TA-900000&quot;,&quot;departmentno&quot;:&quot;4&quot;,&quot;salary&quot;:&quot;15000&quot;,&quot;pincode&quot;:&quot;321321&quot;,&quot;userid&quot;:&quot;vTqHKffvK4WIXGi0xuLU&quot;,&quot;id&quot;:&quot;rWq0W8o6mGzC0VUq1w4S&quot;},{&quot;accountno&quot;:&quot;TA-900000&quot;,&quot;departmentno&quot;:&quot;2&quot;,&quot;salary&quot;:&quot;15000&quot;,&quot;pincode&quot;:&quot;321321&quot;,&quot;userid&quot;:&quot;vTqHKffvK4WIXGi0xuLU&quot;,&quot;id&quot;:&quot;viwUjn5VXlUqV5ZQrJ8m&quot;},{&quot;accountno&quot;:&quot;TA-900000&quot;,&quot;departmentno&quot;:&quot;2&quot;,&quot;salary&quot;:&quot;15000&quot;,&quot;pincode&quot;:&quot;321321&quot;,&quot;userid&quot;:&quot;vTqHKffvK4WIXGi0xuLU&quot;,&quot;id&quot;:&quot;GhYNQo7Z6Gzf6MoH0UdD&quot;},{&quot;accountno&quot;:&quot;TA-900000&quot;,&quot;departmentno&quot;:&quot;2&quot;,&quot;salary&quot;:&quot;15000&quot;,&quot;pincode&quot;:&quot;321321&quot;,&quot;userid&quot;:&quot;vTqHKffvK4WIXGi0xuLU&quot;,&quot;id&quot;:&quot;KBEV3xDPsl5TBSgqnaJT&quot;},{&quot;accountno&quot;:&quot;TA-900000&quot;,&quot;departmentno&quot;:&quot;4&quot;,&quot;salary&quot;:&quot;15000&quot;,&quot;pincode&quot;:&quot;321321&quot;,&quot;userid&quot;:&quot;vTqHKffvK4WIXGi0xuLU&quot;,&quot;id&quot;:&quot;pdi8jtTqKBxFJehUxWJL&quot;},{&quot;accountno&quot;:&quot;TA-900000&quot;,&quot;departmentno&quot;:&quot;2&quot;,&quot;salary&quot;:&quot;15000&quot;,&quot;pincode&quot;:&quot;321321&quot;,&quot;userid&quot;:&quot;vTqHKffvK4WIXGi0xuLU&quot;,&quot;id&quot;:&quot;qkeLL3P5BM3HQIJh5F1o&quot;},{&quot;accountno&quot;:&quot;TA-900000&quot;,&quot;departmentno&quot;:&quot;2&quot;,&quot;salary&quot;:&quot;15000&quot;,&quot;pincode&quot;:&quot;321321&quot;,&quot;userid&quot;:&quot;vTqHKffvK4WIXGi0xuLU&quot;,&quot;id&quot;:&quot;DljiVqvWYJr8RWpiv60k&quot;},{&quot;accountno&quot;:&quot;TA-900000&quot;,&quot;departmentno&quot;:&quot;4&quot;,&quot;salary&quot;:&quot;15000&quot;,&quot;pincode&quot;:&quot;321321&quot;,&quot;userid&quot;:&quot;vTqHKffvK4WIXGi0xuLU&quot;,&quot;id&quot;:&quot;zLPpK1nl0HZEO3VWJpwp&quot;},{&quot;accountno&quot;:&quot;TA-SP10011&quot;,&quot;departmentno&quot;:&quot;1&quot;,&quot;salary&quot;:&quot;655&quot;,&quot;pincode&quot;:&quot;654321&quot;,&quot;userid&quot;:&quot;mU6hIQUZQfsauAPg6TXX&quot;,&quot;id&quot;:&quot;MtGLPnp8rqQiGaasiWrw&quot;},{&quot;accountno&quot;:&quot;TA-900000&quot;,&quot;departmentno&quot;:&quot;2&quot;,&quot;salary&quot;:&quot;15000&quot;,&quot;pincode&quot;:&quot;321321&quot;,&quot;userid&quot;:&quot;vTqHKffvK4WIXGi0xuLU&quot;,&quot;id&quot;:&quot;bLuonbEgJE1jrd32lurh&quot;},{&quot;accountno&quot;:&quot;TA-900000&quot;,&quot;departmentno&quot;:&quot;2&quot;,&quot;salary&quot;:&quot;15000&quot;,&quot;pincode&quot;:&quot;321321&quot;,&quot;userid&quot;:&quot;vTqHKffvK4WIXGi0xuLU&quot;,&quot;id&quot;:&quot;HenrBbZMzn6qxtNe3LOB&quot;},{&quot;accountno&quot;:&quot;TA-900000&quot;,&quot;departmentno&quot;:&quot;4&quot;,&quot;salary&quot;:&quot;15000&quot;,&quot;pincode&quot;:&quot;321321&quot;,&quot;userid&quot;:&quot;vTqHKffvK4WIXGi0xuLU&quot;,&quot;id&quot;:&quot;LjwICr9S3AgUMHn5MC5t&quot;},{&quot;accountno&quot;:&quot;TA-900000&quot;,&quot;departmentno&quot;:&quot;2&quot;,&quot;salary&quot;:&quot;15000&quot;,&quot;pincode&quot;:&quot;321321&quot;,&quot;userid&quot;:&quot;vTqHKffvK4WIXGi0xuLU&quot;,&quot;id&quot;:&quot;MVpp9odl8OsVqgaErZhz&quot;},{&quot;accountno&quot;:&quot;TA-900000&quot;,&quot;departmentno&quot;:&quot;2&quot;,&quot;salary&quot;:&quot;15000&quot;,&quot;pincode&quot;:&quot;321321&quot;,&quot;userid&quot;:&quot;vTqHKffvK4WIXGi0xuLU&quot;,&quot;id&quot;:&quot;MYrL3c5vsggbhpVLWkd6&quot;},{&quot;accountno&quot;:&quot;TA-900000&quot;,&quot;departmentno&quot;:&quot;2&quot;,&quot;salary&quot;:&quot;15000&quot;,&quot;pincode&quot;:&quot;321321&quot;,&quot;userid&quot;:&quot;vTqHKffvK4WIXGi0xuLU&quot;,&quot;id&quot;:&quot;TVO0uSZAS2lCVNXEHOs9&quot;},{&quot;accountno&quot;:&quot;TA-900000&quot;,&quot;departmentno&quot;:&quot;2&quot;,&quot;salary&quot;:&quot;15000&quot;,&quot;pincode&quot;:&quot;321321&quot;,&quot;userid&quot;:&quot;vTqHKffvK4WIXGi0xuLU&quot;,&quot;id&quot;:&quot;RjmuvXBzeBBehXpkUFmO&quot;},{&quot;accountno&quot;:&quot;TA-900000&quot;,&quot;departmentno&quot;:&quot;2&quot;,&quot;salary&quot;:&quot;15000&quot;,&quot;pincode&quot;:&quot;321321&quot;,&quot;userid&quot;:&quot;vTqHKffvK4WIXGi0xuLU&quot;,&quot;id&quot;:&quot;GJrn1bJEghRqTgcP8dOH&quot;},{&quot;accountno&quot;:&quot;TA-900000&quot;,&quot;departmentno&quot;:&quot;4&quot;,&quot;salary&quot;:&quot;15000&quot;,&quot;pincode&quot;:&quot;321321&quot;,&quot;userid&quot;:&quot;vTqHKffvK4WIXGi0xuLU&quot;,&quot;id&quot;:&quot;EcLcIl7bbzazgMWpJlJ7&quot;},{&quot;accountno&quot;:&quot;TA-900000&quot;,&quot;departmentno&quot;:&quot;2&quot;,&quot;salary&quot;:&quot;15000&quot;,&quot;pincode&quot;:&quot;321321&quot;,&quot;userid&quot;:&quot;vTqHKffvK4WIXGi0xuLU&quot;,&quot;id&quot;:&quot;SES3Y3WoB9FvruYCU93x&quot;},{&quot;accountno&quot;:&quot;TA-900000&quot;,&quot;departmentno&quot;:&quot;2&quot;,&quot;salary&quot;:&quot;15000&quot;,&quot;pincode&quot;:&quot;321321&quot;,&quot;userid&quot;:&quot;vTqHKffvK4WIXGi0xuLU&quot;,&quot;id&quot;:&quot;57BZRqKOxxB0SLDIYgb8&quot;},{&quot;accountno&quot;:&quot;TA-900000&quot;,&quot;departmentno&quot;:&quot;2&quot;,&quot;salary&quot;:&quot;15000&quot;,&quot;pincode&quot;:&quot;321321&quot;,&quot;userid&quot;:&quot;vTqHKffvK4WIXGi0xuLU&quot;,&quot;id&quot;:&quot;aYafLg3hCjN45VCJwX7o&quot;},{&quot;accountno&quot;:&quot;TA-900000&quot;,&quot;departmentno&quot;:&quot;2&quot;,&quot;salary&quot;:&quot;15000&quot;,&quot;pincode&quot;:&quot;321321&quot;,&quot;userid&quot;:&quot;vTqHKffvK4WIXGi0xuLU&quot;,&quot;id&quot;:&quot;IcFMRqNjwPAN3LbvPcPv&quot;},{&quot;accountno&quot;:&quot;BN-1234535&quot;,&quot;departmentno&quot;:&quot;7&quot;,&quot;salary&quot;:&quot;12190&quot;,&quot;pincode&quot;:&quot;123458&quot;,&quot;userid&quot;:&quot;wvTE1ZsqbgfOMtiFejpq&quot;,&quot;id&quot;:&quot;nVeFHCDBfHv75WymwdDz&quot;},{&quot;accountno&quot;:&quot;TA-900000&quot;,&quot;departmentno&quot;:&quot;2&quot;,&quot;salary&quot;:&quot;15000&quot;,&quot;pincode&quot;:&quot;321321&quot;,&quot;userid&quot;:&quot;vTqHKffvK4WIXGi0xuLU&quot;,&quot;id&quot;:&quot;iYrY5chU5KzlJlNASmL1&quot;},{&quot;accountno&quot;:&quot;TA-900000&quot;,&quot;departmentno&quot;:&quot;2&quot;,&quot;salary&quot;:&quot;15000&quot;,&quot;pincode&quot;:&quot;321321&quot;,&quot;userid&quot;:&quot;vTqHKffvK4WIXGi0xuLU&quot;,&quot;id&quot;:&quot;87GGdrTXNDdCS5Mc4WY7&quot;},{&quot;accountno&quot;:&quot;TA-900000&quot;,&quot;departmentno&quot;:&quot;2&quot;,&quot;salary&quot;:&quot;15000&quot;,&quot;pincode&quot;:&quot;321321&quot;,&quot;userid&quot;:&quot;vTqHKffvK4WIXGi0xuLU&quot;,&quot;id&quot;:&quot;2r9GPmJXivDSswLgH9Vy&quot;},{&quot;accountno&quot;:&quot;TA-900000&quot;,&quot;departmentno&quot;:&quot;2&quot;,&quot;salary&quot;:&quot;15000&quot;,&quot;pincode&quot;:&quot;321321&quot;,&quot;userid&quot;:&quot;vTqHKffvK4WIXGi0xuLU&quot;,&quot;id&quot;:&quot;619sNuS2OVd0ofZsxUJn&quot;},{&quot;accountno&quot;:&quot;TA-900000&quot;,&quot;departmentno&quot;:&quot;2&quot;,&quot;salary&quot;:&quot;15000&quot;,&quot;pincode&quot;:&quot;321321&quot;,&quot;userid&quot;:&quot;vTqHKffvK4WIXGi0xuLU&quot;,&quot;id&quot;:&quot;dyNIPPZkWh9IdQumq137&quot;},{&quot;accountno&quot;:&quot;TA-900000&quot;,&quot;departmentno&quot;:&quot;2&quot;,&quot;salary&quot;:&quot;15000&quot;,&quot;pincode&quot;:&quot;321321&quot;,&quot;userid&quot;:&quot;vTqHKffvK4WIXGi0xuLU&quot;,&quot;id&quot;:&quot;bLjbzBndIAOOrtOAEIUz&quot;},{&quot;accountno&quot;:&quot;TA-900000&quot;,&quot;departmentno&quot;:&quot;4&quot;,&quot;salary&quot;:&quot;15000&quot;,&quot;pincode&quot;:&quot;321321&quot;,&quot;userid&quot;:&quot;vTqHKffvK4WIXGi0xuLU&quot;,&quot;id&quot;:&quot;UqYUxr9KteQMM2TudsfX&quot;},{&quot;accountno&quot;:&quot;TA-900000&quot;,&quot;departmentno&quot;:&quot;2&quot;,&quot;salary&quot;:&quot;15000&quot;,&quot;pincode&quot;:&quot;321321&quot;,&quot;userid&quot;:&quot;vTqHKffvK4WIXGi0xuLU&quot;,&quot;id&quot;:&quot;n2OG39b4lVRBoUM3cnEv&quot;},{&quot;accountno&quot;:&quot;TA-900000&quot;,&quot;departmentno&quot;:&quot;2&quot;,&quot;salary&quot;:&quot;15000&quot;,&quot;pincode&quot;:&quot;321321&quot;,&quot;userid&quot;:&quot;vTqHKffvK4WIXGi0xuLU&quot;,&quot;id&quot;:&quot;Kn030X2DcgJtRFq6XNfQ&quot;},{&quot;accountno&quot;:&quot;TA-900000&quot;,&quot;departmentno&quot;:&quot;2&quot;,&quot;salary&quot;:&quot;15000&quot;,&quot;pincode&quot;:&quot;321321&quot;,&quot;userid&quot;:&quot;vTqHKffvK4WIXGi0xuLU&quot;,&quot;id&quot;:&quot;QkgdhpDWmv5A0Bxjmeza&quot;},{&quot;accountno&quot;:&quot;TA-900000&quot;,&quot;departmentno&quot;:&quot;2&quot;,&quot;salary&quot;:&quot;15000&quot;,&quot;pincode&quot;:&quot;321321&quot;,&quot;userid&quot;:&quot;vTqHKffvK4WIXGi0xuLU&quot;,&quot;id&quot;:&quot;pdzz4stjxlpr2zH4u3Pl&quot;},{&quot;accountno&quot;:&quot;TA-900000&quot;,&quot;departmentno&quot;:&quot;2&quot;,&quot;salary&quot;:&quot;15000&quot;,&quot;pincode&quot;:&quot;321321&quot;,&quot;userid&quot;:&quot;vTqHKffvK4WIXGi0xuLU&quot;,&quot;id&quot;:&quot;jXGb20haETiy42avvWIn&quot;},{&quot;accountno&quot;:&quot;TA-900000&quot;,&quot;departmentno&quot;:&quot;2&quot;,&quot;salary&quot;:&quot;15000&quot;,&quot;pincode&quot;:&quot;321321&quot;,&quot;userid&quot;:&quot;vTqHKffvK4WIXGi0xuLU&quot;,&quot;id&quot;:&quot;xyDXIAUhCmI2E75AFsrQ&quot;},{&quot;accountno&quot;:&quot;TA-900000&quot;,&quot;departmentno&quot;:&quot;2&quot;,&quot;salary&quot;:&quot;15000&quot;,&quot;pincode&quot;:&quot;321321&quot;,&quot;userid&quot;:&quot;vTqHKffvK4WIXGi0xuLU&quot;,&quot;id&quot;:&quot;ZAavaSbn7QzqAYB1B3Qb&quot;},{&quot;accountno&quot;:&quot;TA-900000&quot;,&quot;departmentno&quot;:&quot;2&quot;,&quot;salary&quot;:&quot;15000&quot;,&quot;pincode&quot;:&quot;321321&quot;,&quot;userid&quot;:&quot;vTqHKffvK4WIXGi0xuLU&quot;,&quot;id&quot;:&quot;OyRkcSqrPqyEJGn1xfCd&quot;},{&quot;accountno&quot;:&quot;TA-900000&quot;,&quot;departmentno&quot;:&quot;2&quot;,&quot;salary&quot;:&quot;15000&quot;,&quot;pincode&quot;:&quot;321321&quot;,&quot;userid&quot;:&quot;vTqHKffvK4WIXGi0xuLU&quot;,&quot;id&quot;:&quot;PNT0nKq1BO3DHqp8DfqO&quot;},{&quot;accountno&quot;:&quot;TA-900000&quot;,&quot;departmentno&quot;:&quot;2&quot;,&quot;salary&quot;:&quot;15000&quot;,&quot;pincode&quot;:&quot;321321&quot;,&quot;userid&quot;:&quot;vTqHKffvK4WIXGi0xuLU&quot;,&quot;id&quot;:&quot;D80Xj79AuaRZafZeZkWn&quot;},{&quot;accountno&quot;:&quot;TA-Abc2202&quot;,&quot;departmentno&quot;:&quot;2&quot;,&quot;salary&quot;:&quot;5000&quot;,&quot;pincode&quot;:&quot;123123&quot;,&quot;userid&quot;:&quot;7LkKZstp6lg3wBsHDSSv&quot;,&quot;id&quot;:&quot;mUpiIsLDwwUDpODVM2NZ&quot;},{&quot;accountno&quot;:&quot;TA-wed3039&quot;,&quot;departmentno&quot;:&quot;4&quot;,&quot;salary&quot;:&quot;40000&quot;,&quot;pincode&quot;:&quot;234567&quot;,&quot;userid&quot;:&quot;eBRuYScWp9uBKFbSzbLs&quot;,&quot;id&quot;:&quot;rpy591fnCugO8ejWJ1Qf&quot;},{&quot;accountno&quot;:&quot;SS-9999999&quot;,&quot;departmentno&quot;:&quot;8&quot;,&quot;salary&quot;:&quot;1000&quot;,&quot;pincode&quot;:&quot;111111&quot;,&quot;userid&quot;:&quot;mU6hIQUZQfsauAPg6TXX&quot;,&quot;id&quot;:&quot;IWbbaFNE3IvZYsmF83Tp&quot;},{&quot;accountno&quot;:&quot;SS-9999999&quot;,&quot;departmentno&quot;:&quot;8&quot;,&quot;salary&quot;:&quot;1000&quot;,&quot;pincode&quot;:&quot;111111&quot;,&quot;userid&quot;:&quot;mU6hIQUZQfsauAPg6TXX&quot;,&quot;id&quot;:&quot;DOf0Ds5ZbT6PMZhhGrTM&quot;},{&quot;accountno&quot;:&quot;SS-9999999&quot;,&quot;departmentno&quot;:&quot;8&quot;,&quot;salary&quot;:&quot;1000&quot;,&quot;pincode&quot;:&quot;111111&quot;,&quot;userid&quot;:&quot;mU6hIQUZQfsauAPg6TXX&quot;,&quot;id&quot;:&quot;pQlqz2d3onsERHuQyoIG&quot;},{&quot;accountno&quot;:&quot;TA-MAOCT2022&quot;,&quot;departmentno&quot;:&quot;2&quot;,&quot;salary&quot;:&quot;1001&quot;,&quot;pincode&quot;:&quot;11112&quot;,&quot;userid&quot;:&quot;lkdMZtNGN68KOuyoTHUF&quot;,&quot;id&quot;:&quot;Uks5d8Qj1aImQQwjJ5A3&quot;},{&quot;accountno&quot;:&quot;TA-MAOCT2022&quot;,&quot;departmentno&quot;:&quot;8&quot;,&quot;salary&quot;:&quot;20008&quot;,&quot;pincode&quot;:&quot;11111&quot;,&quot;userid&quot;:&quot;lkdMZtNGN68KOuyoTHUF&quot;,&quot;id&quot;:&quot;5OVpMzAfa84GorX6Br4v&quot;},{&quot;accountno&quot;:&quot;TA-SP11111&quot;,&quot;departmentno&quot;:&quot;1&quot;,&quot;salary&quot;:&quot;655&quot;,&quot;pincode&quot;:&quot;654321&quot;,&quot;userid&quot;:&quot;mU6hIQUZQfsauAPg6TXX&quot;,&quot;id&quot;:&quot;bbZPRqGyzoxb7uxD26Os&quot;},{&quot;accountno&quot;:&quot;TA-900000&quot;,&quot;departmentno&quot;:&quot;2&quot;,&quot;salary&quot;:&quot;15000&quot;,&quot;pincode&quot;:&quot;321321&quot;,&quot;userid&quot;:&quot;vTqHKffvK4WIXGi0xuLU&quot;,&quot;id&quot;:&quot;RcC5WJ3oyfCEgy30036I&quot;},{&quot;accountno&quot;:&quot;DR-1000001&quot;,&quot;departmentno&quot;:&quot;2&quot;,&quot;salary&quot;:&quot;100000&quot;,&quot;pincode&quot;:&quot;470002&quot;,&quot;userid&quot;:&quot;yj4lLufi6vTtJtT0MKL8&quot;,&quot;id&quot;:&quot;e8TcaMK1hn9LjomOdtgS&quot;},{&quot;accountno&quot;:&quot;DR-1000001&quot;,&quot;departmentno&quot;:&quot;2&quot;,&quot;salary&quot;:&quot;100000&quot;,&quot;pincode&quot;:&quot;470002&quot;,&quot;userid&quot;:&quot;yj4lLufi6vTtJtT0MKL8&quot;,&quot;id&quot;:&quot;G2KrAUIFNUJREWuKLMac&quot;},{&quot;accountno&quot;:&quot;DR-1000001&quot;,&quot;departmentno&quot;:&quot;2&quot;,&quot;salary&quot;:&quot;100000&quot;,&quot;pincode&quot;:&quot;470002&quot;,&quot;userid&quot;:&quot;yj4lLufi6vTtJtT0MKL8&quot;,&quot;id&quot;:&quot;HsHO02igbGucKK0rvDwp&quot;},{&quot;accountno&quot;:&quot;DR-1000001&quot;,&quot;departmentno&quot;:&quot;2&quot;,&quot;salary&quot;:&quot;100000&quot;,&quot;pincode&quot;:&quot;470002&quot;,&quot;userid&quot;:&quot;yj4lLufi6vTtJtT0MKL8&quot;,&quot;id&quot;:&quot;iyE3X3CxaJlKCSw3SAiO&quot;},{&quot;accountno&quot;:&quot;DR-1000001&quot;,&quot;departmentno&quot;:&quot;2&quot;,&quot;salary&quot;:&quot;100000&quot;,&quot;pincode&quot;:&quot;470002&quot;,&quot;userid&quot;:&quot;yj4lLufi6vTtJtT0MKL8&quot;,&quot;id&quot;:&quot;eGjqPWYdocAqQh3mpdQM&quot;},{&quot;accountno&quot;:&quot;DR-1000001&quot;,&quot;departmentno&quot;:&quot;2&quot;,&quot;salary&quot;:&quot;100000&quot;,&quot;pincode&quot;:&quot;470002&quot;,&quot;userid&quot;:&quot;yj4lLufi6vTtJtT0MKL8&quot;,&quot;id&quot;:&quot;iWKF0PvLmFB9FJ4yXUT3&quot;},{&quot;accountno&quot;:&quot;TA-Aug2207&quot;,&quot;departmentno&quot;:&quot;1&quot;,&quot;salary&quot;:&quot;12000&quot;,&quot;pincode&quot;:&quot;124124&quot;,&quot;userid&quot;:&quot;pNzXyevk2B5Om4KYr50J&quot;,&quot;id&quot;:&quot;Y1VBNwJxsGU6szvpACCF&quot;},{&quot;accountno&quot;:&quot;TA-Aug2207&quot;,&quot;departmentno&quot;:&quot;1&quot;,&quot;salary&quot;:&quot;12000&quot;,&quot;pincode&quot;:&quot;124124&quot;,&quot;userid&quot;:&quot;pNzXyevk2B5Om4KYr50J&quot;,&quot;id&quot;:&quot;lhcVL7YOvYcSSWPEWANL&quot;},{&quot;accountno&quot;:&quot;TA-Aug2206&quot;,&quot;departmentno&quot;:&quot;5&quot;,&quot;salary&quot;:&quot;2000&quot;,&quot;pincode&quot;:&quot;123123&quot;,&quot;userid&quot;:&quot;pNzXyevk2B5Om4KYr50J&quot;,&quot;id&quot;:&quot;tqbZDoLVqNXwv4yRWvy5&quot;},{&quot;accountno&quot;:&quot;TA-Aug2206&quot;,&quot;departmentno&quot;:&quot;5&quot;,&quot;salary&quot;:&quot;2000&quot;,&quot;pincode&quot;:&quot;123123&quot;,&quot;userid&quot;:&quot;pNzXyevk2B5Om4KYr50J&quot;,&quot;id&quot;:&quot;h9fPEyU8KyGWi8lIe1mU&quot;},{&quot;accountno&quot;:&quot;BN-1234535&quot;,&quot;departmentno&quot;:&quot;7&quot;,&quot;salary&quot;:&quot;12190&quot;,&quot;pincode&quot;:&quot;123458&quot;,&quot;userid&quot;:&quot;wvTE1ZsqbgfOMtiFejpq&quot;,&quot;id&quot;:&quot;5y1ojMXMfAnrTngdkj59&quot;},{&quot;accountno&quot;:&quot;GA2022_test&quot;,&quot;departmentno&quot;:2,&quot;salary&quot;:300000,&quot;pincode&quot;:666666,&quot;userid&quot;:&quot;zwnVZyE1SBMYUL7p1CCp&quot;,&quot;id&quot;:&quot;j9pUAECteXAnvSaBOM7T&quot;},{&quot;accountno&quot;:&quot;Delete_2020&quot;,&quot;departmentno&quot;:&quot;1&quot;,&quot;salary&quot;:&quot;1000&quot;,&quot;pincode&quot;:&quot;100000&quot;,&quot;userid&quot;:&quot;zwnVZyE1SBMYUL7p1CCp&quot;,&quot;id&quot;:&quot;l2JSIJolbTTCLsSEyKpC&quot;},{&quot;accountno&quot;:&quot;GA2022_test&quot;,&quot;departmentno&quot;:2,&quot;salary&quot;:300000,&quot;pincode&quot;:666666,&quot;userid&quot;:&quot;zwnVZyE1SBMYUL7p1CCp&quot;,&quot;id&quot;:&quot;L2BqV9zvbaw4HHvoNqa3&quot;},{&quot;accountno&quot;:&quot;GA2022_test&quot;,&quot;departmentno&quot;:2,&quot;salary&quot;:300000,&quot;pincode&quot;:666666,&quot;userid&quot;:&quot;zwnVZyE1SBMYUL7p1CCp&quot;,&quot;id&quot;:&quot;xJlXTofNfOr1tckRKKfJ&quot;},{&quot;accountno&quot;:&quot;GA2022_test&quot;,&quot;departmentno&quot;:2,&quot;salary&quot;:300000,&quot;pincode&quot;:666666,&quot;userid&quot;:&quot;zwnVZyE1SBMYUL7p1CCp&quot;,&quot;id&quot;:&quot;4EUIUpggRcFumxqPIN9j&quot;},{&quot;accountno&quot;:&quot;TA-900000&quot;,&quot;departmentno&quot;:&quot;4&quot;,&quot;salary&quot;:&quot;15000&quot;,&quot;pincode&quot;:&quot;321321&quot;,&quot;userid&quot;:&quot;vTqHKffvK4WIXGi0xuLU&quot;,&quot;id&quot;:&quot;YLvzoEDusRZSI4E46gzr&quot;},{&quot;accountno&quot;:&quot;TA-900000&quot;,&quot;departmentno&quot;:&quot;4&quot;,&quot;salary&quot;:&quot;15000&quot;,&quot;pincode&quot;:&quot;321321&quot;,&quot;userid&quot;:&quot;vTqHKffvK4WIXGi0xuLU&quot;,&quot;id&quot;:&quot;fJvkIwBfu0WVTcIs4OAg&quot;},{&quot;accountno&quot;:&quot;TA-900000&quot;,&quot;departmentno&quot;:&quot;4&quot;,&quot;salary&quot;:&quot;15000&quot;,&quot;pincode&quot;:&quot;321321&quot;,&quot;userid&quot;:&quot;vTqHKffvK4WIXGi0xuLU&quot;,&quot;id&quot;:&quot;lyashUbOD4U6SdFto7xD&quot;},{&quot;accountno&quot;:&quot;TA-900000&quot;,&quot;departmentno&quot;:&quot;4&quot;,&quot;salary&quot;:&quot;15000&quot;,&quot;pincode&quot;:&quot;321321&quot;,&quot;userid&quot;:&quot;vTqHKffvK4WIXGi0xuLU&quot;,&quot;id&quot;:&quot;Jk48LcPMyw9JmA1ijIqX&quot;},{&quot;accountno&quot;:&quot;TA-900000&quot;,&quot;departmentno&quot;:&quot;2&quot;,&quot;salary&quot;:&quot;15000&quot;,&quot;pincode&quot;:&quot;321321&quot;,&quot;userid&quot;:&quot;vTqHKffvK4WIXGi0xuLU&quot;,&quot;id&quot;:&quot;KJEXl8LsVdCH2FIA17Mj&quot;},{&quot;accountno&quot;:&quot;TA-900000&quot;,&quot;departmentno&quot;:&quot;2&quot;,&quot;salary&quot;:&quot;15000&quot;,&quot;pincode&quot;:&quot;321321&quot;,&quot;userid&quot;:&quot;vTqHKffvK4WIXGi0xuLU&quot;,&quot;id&quot;:&quot;NQFpwhvXhL7o3KstKAL5&quot;},{&quot;accountno&quot;:&quot;TA-900000&quot;,&quot;departmentno&quot;:&quot;2&quot;,&quot;salary&quot;:&quot;15000&quot;,&quot;pincode&quot;:&quot;321321&quot;,&quot;userid&quot;:&quot;vTqHKffvK4WIXGi0xuLU&quot;,&quot;id&quot;:&quot;pZCiuXOdPSrdiqLMOPTe&quot;},{&quot;accountno&quot;:&quot;TA-Aug2000&quot;,&quot;departmentno&quot;:&quot;4&quot;,&quot;salary&quot;:&quot;159515&quot;,&quot;pincode&quot;:&quot;123432&quot;,&quot;userid&quot;:&quot;Bu7YqKvWvrkCmXSzTgNR&quot;,&quot;id&quot;:&quot;hm3j7PmxYCGmtddRnUDL&quot;},{&quot;accountno&quot;:&quot;TA-Aug2022&quot;,&quot;departmentno&quot;:&quot;1&quot;,&quot;salary&quot;:&quot;5000&quot;,&quot;pincode&quot;:&quot;123123&quot;,&quot;userid&quot;:&quot;taGX4XQQfXD3Z76sI1Xn&quot;,&quot;id&quot;:&quot;Ji5lty5xNfOIVTyEvPFj&quot;},{&quot;accountno&quot;:&quot;TA-900000&quot;,&quot;departmentno&quot;:&quot;2&quot;,&quot;salary&quot;:&quot;15000&quot;,&quot;pincode&quot;:&quot;321321&quot;,&quot;userid&quot;:&quot;vTqHKffvK4WIXGi0xuLU&quot;,&quot;id&quot;:&quot;mBN1KTsx4MGvYG8IRgsz&quot;},{&quot;accountno&quot;:&quot;TA-900000&quot;,&quot;departmentno&quot;:&quot;4&quot;,&quot;salary&quot;:&quot;15000&quot;,&quot;pincode&quot;:&quot;321321&quot;,&quot;userid&quot;:&quot;vTqHKffvK4WIXGi0xuLU&quot;,&quot;id&quot;:&quot;6o0t25KtQv7p7Z1woPDR&quot;},{&quot;accountno&quot;:&quot;TA-900000&quot;,&quot;departmentno&quot;:&quot;4&quot;,&quot;salary&quot;:&quot;15000&quot;,&quot;pincode&quot;:&quot;321321&quot;,&quot;userid&quot;:&quot;vTqHKffvK4WIXGi0xuLU&quot;,&quot;id&quot;:&quot;cpSi8hFqRs9keyOEBdLB&quot;},{&quot;accountno&quot;:&quot;TA-900000&quot;,&quot;departmentno&quot;:&quot;2&quot;,&quot;salary&quot;:&quot;15000&quot;,&quot;pincode&quot;:&quot;321321&quot;,&quot;userid&quot;:&quot;vTqHKffvK4WIXGi0xuLU&quot;,&quot;id&quot;:&quot;frCXKApgePsrEG3jZaeS&quot;},{&quot;accountno&quot;:&quot;TA-900000&quot;,&quot;departmentno&quot;:&quot;4&quot;,&quot;salary&quot;:&quot;15000&quot;,&quot;pincode&quot;:&quot;321321&quot;,&quot;userid&quot;:&quot;vTqHKffvK4WIXGi0xuLU&quot;,&quot;id&quot;:&quot;gzMoH93S9gfTVfIgC10S&quot;},{&quot;accountno&quot;:&quot;TA-900000&quot;,&quot;departmentno&quot;:&quot;2&quot;,&quot;salary&quot;:&quot;15000&quot;,&quot;pincode&quot;:&quot;321321&quot;,&quot;userid&quot;:&quot;vTqHKffvK4WIXGi0xuLU&quot;,&quot;id&quot;:&quot;yfJ4eIsGueJ0naed8s5Y&quot;},{&quot;accountno&quot;:&quot;TA-900000&quot;,&quot;departmentno&quot;:&quot;2&quot;,&quot;salary&quot;:&quot;15000&quot;,&quot;pincode&quot;:&quot;321321&quot;,&quot;userid&quot;:&quot;vTqHKffvK4WIXGi0xuLU&quot;,&quot;id&quot;:&quot;DastMLfqYDKc9ZRKex6a&quot;},{&quot;accountno&quot;:&quot;TA-900000&quot;,&quot;departmentno&quot;:&quot;2&quot;,&quot;salary&quot;:&quot;15000&quot;,&quot;pincode&quot;:&quot;321321&quot;,&quot;userid&quot;:&quot;vTqHKffvK4WIXGi0xuLU&quot;,&quot;id&quot;:&quot;Wepm2Jl4oY8YUvvumHAd&quot;},{&quot;accountno&quot;:&quot;GA2022_test&quot;,&quot;departmentno&quot;:2,&quot;salary&quot;:300000,&quot;pincode&quot;:666666,&quot;userid&quot;:&quot;zwnVZyE1SBMYUL7p1CCp&quot;,&quot;id&quot;:&quot;D9aZQ1ZGcLhn69usvyBR&quot;},{&quot;accountno&quot;:&quot;GA2022_test&quot;,&quot;departmentno&quot;:2,&quot;salary&quot;:300000,&quot;pincode&quot;:666666,&quot;userid&quot;:&quot;zwnVZyE1SBMYUL7p1CCp&quot;,&quot;id&quot;:&quot;N9RT1tBiIgpwERZUG7vD&quot;},{&quot;accountno&quot;:&quot;Delete_2020&quot;,&quot;departmentno&quot;:&quot;1&quot;,&quot;salary&quot;:&quot;1000&quot;,&quot;pincode&quot;:&quot;100000&quot;,&quot;userid&quot;:&quot;zwnVZyE1SBMYUL7p1CCp&quot;,&quot;id&quot;:&quot;9ydfC8Yh2k6UwE5e8tuB&quot;},{&quot;accountno&quot;:&quot;TA-900000&quot;,&quot;departmentno&quot;:&quot;2&quot;,&quot;salary&quot;:&quot;15000&quot;,&quot;pincode&quot;:&quot;321321&quot;,&quot;userid&quot;:&quot;vTqHKffvK4WIXGi0xuLU&quot;,&quot;id&quot;:&quot;B9WDZSQynUxPOgLhPbny&quot;},{&quot;accountno&quot;:&quot;TA-900000&quot;,&quot;departmentno&quot;:&quot;4&quot;,&quot;salary&quot;:&quot;15000&quot;,&quot;pincode&quot;:&quot;321321&quot;,&quot;userid&quot;:&quot;vTqHKffvK4WIXGi0xuLU&quot;,&quot;id&quot;:&quot;Qx7cprNtkbrZ79PkMHdE&quot;},{&quot;accountno&quot;:&quot;GA2022_test&quot;,&quot;departmentno&quot;:2,&quot;salary&quot;:300000,&quot;pincode&quot;:666666,&quot;userid&quot;:&quot;zwnVZyE1SBMYUL7p1CCp&quot;,&quot;id&quot;:&quot;1IklEvut9D6tBNJhjpfh&quot;},{&quot;accountno&quot;:&quot;TA-900000&quot;,&quot;departmentno&quot;:&quot;2&quot;,&quot;salary&quot;:&quot;15000&quot;,&quot;pincode&quot;:&quot;321321&quot;,&quot;userid&quot;:&quot;vTqHKffvK4WIXGi0xuLU&quot;,&quot;id&quot;:&quot;EC8mh7JPTzs8cTUdPdxC&quot;},{&quot;accountno&quot;:&quot;TA-900000&quot;,&quot;departmentno&quot;:&quot;4&quot;,&quot;salary&quot;:&quot;15000&quot;,&quot;pincode&quot;:&quot;321321&quot;,&quot;userid&quot;:&quot;vTqHKffvK4WIXGi0xuLU&quot;,&quot;id&quot;:&quot;dE1gsE2RtAcVHIBu4R9O&quot;},{&quot;accountno&quot;:&quot;TA-900000&quot;,&quot;departmentno&quot;:&quot;4&quot;,&quot;salary&quot;:&quot;15000&quot;,&quot;pincode&quot;:&quot;321321&quot;,&quot;userid&quot;:&quot;vTqHKffvK4WIXGi0xuLU&quot;,&quot;id&quot;:&quot;kiUsSIlXI1BWMYZOhFV8&quot;},{&quot;accountno&quot;:&quot;TA-900000&quot;,&quot;departmentno&quot;:&quot;4&quot;,&quot;salary&quot;:&quot;15000&quot;,&quot;pincode&quot;:&quot;321321&quot;,&quot;userid&quot;:&quot;vTqHKffvK4WIXGi0xuLU&quot;,&quot;id&quot;:&quot;CDXP2VawraXJkqGKTHte&quot;},{&quot;accountno&quot;:&quot;TA-900000&quot;,&quot;departmentno&quot;:&quot;4&quot;,&quot;salary&quot;:&quot;15000&quot;,&quot;pincode&quot;:&quot;321321&quot;,&quot;userid&quot;:&quot;vTqHKffvK4WIXGi0xuLU&quot;,&quot;id&quot;:&quot;UqIzNnejcCcPD29YspfK&quot;},{&quot;accountno&quot;:&quot;TA-900000&quot;,&quot;departmentno&quot;:&quot;2&quot;,&quot;salary&quot;:&quot;15000&quot;,&quot;pincode&quot;:&quot;321321&quot;,&quot;userid&quot;:&quot;vTqHKffvK4WIXGi0xuLU&quot;,&quot;id&quot;:&quot;u1rNqNzolq4tkAEjlnHF&quot;},{&quot;accountno&quot;:&quot;TA-900000&quot;,&quot;departmentno&quot;:&quot;4&quot;,&quot;salary&quot;:&quot;15000&quot;,&quot;pincode&quot;:&quot;321321&quot;,&quot;userid&quot;:&quot;vTqHKffvK4WIXGi0xuLU&quot;,&quot;id&quot;:&quot;RQ1Z7kbdd0EZRqLHuoP0&quot;},{&quot;accountno&quot;:&quot;TA-900000&quot;,&quot;departmentno&quot;:&quot;4&quot;,&quot;salary&quot;:&quot;15000&quot;,&quot;pincode&quot;:&quot;321321&quot;,&quot;userid&quot;:&quot;vTqHKffvK4WIXGi0xuLU&quot;,&quot;id&quot;:&quot;QIlFPpTaeYpSZDDMLLsc&quot;},{&quot;accountno&quot;:&quot;TA-900000&quot;,&quot;departmentno&quot;:&quot;2&quot;,&quot;salary&quot;:&quot;15000&quot;,&quot;pincode&quot;:&quot;321321&quot;,&quot;userid&quot;:&quot;vTqHKffvK4WIXGi0xuLU&quot;,&quot;id&quot;:&quot;lLVMH4nh7rMMNPsqZrk5&quot;},{&quot;accountno&quot;:&quot;TA-900000&quot;,&quot;departmentno&quot;:&quot;2&quot;,&quot;salary&quot;:&quot;15000&quot;,&quot;pincode&quot;:&quot;321321&quot;,&quot;userid&quot;:&quot;vTqHKffvK4WIXGi0xuLU&quot;,&quot;id&quot;:&quot;dgC0qAjp6GohEamYH1Kg&quot;},{&quot;accountno&quot;:&quot;TA-900000&quot;,&quot;departmentno&quot;:&quot;2&quot;,&quot;salary&quot;:&quot;15000&quot;,&quot;pincode&quot;:&quot;321321&quot;,&quot;userid&quot;:&quot;vTqHKffvK4WIXGi0xuLU&quot;,&quot;id&quot;:&quot;jUZCH2fxflJb6zCn0qIE&quot;},{&quot;accountno&quot;:&quot;TA-900000&quot;,&quot;departmentno&quot;:&quot;2&quot;,&quot;salary&quot;:&quot;15000&quot;,&quot;pincode&quot;:&quot;321321&quot;,&quot;userid&quot;:&quot;vTqHKffvK4WIXGi0xuLU&quot;,&quot;id&quot;:&quot;fvoUEEkXru6e8kOo1uXm&quot;},{&quot;accountno&quot;:&quot;TA-900000&quot;,&quot;departmentno&quot;:&quot;2&quot;,&quot;salary&quot;:&quot;15000&quot;,&quot;pincode&quot;:&quot;321321&quot;,&quot;userid&quot;:&quot;vTqHKffvK4WIXGi0xuLU&quot;,&quot;id&quot;:&quot;EgGlnP4MteAGpiccpfAo&quot;},{&quot;accountno&quot;:&quot;TA-900000&quot;,&quot;departmentno&quot;:&quot;2&quot;,&quot;salary&quot;:&quot;15000&quot;,&quot;pincode&quot;:&quot;321321&quot;,&quot;userid&quot;:&quot;vTqHKffvK4WIXGi0xuLU&quot;,&quot;id&quot;:&quot;lqyVmUL2qEFtDAsCdtMo&quot;},{&quot;accountno&quot;:&quot;TA-900000&quot;,&quot;departmentno&quot;:&quot;2&quot;,&quot;salary&quot;:&quot;15000&quot;,&quot;pincode&quot;:&quot;321321&quot;,&quot;userid&quot;:&quot;vTqHKffvK4WIXGi0xuLU&quot;,&quot;id&quot;:&quot;DTT5hDP6tL61WLVF7oVy&quot;},{&quot;accountno&quot;:&quot;TA-900000&quot;,&quot;departmentno&quot;:&quot;2&quot;,&quot;salary&quot;:&quot;15000&quot;,&quot;pincode&quot;:&quot;321321&quot;,&quot;userid&quot;:&quot;vTqHKffvK4WIXGi0xuLU&quot;,&quot;id&quot;:&quot;d2P9JdfrC6JAwUB3Mc0U&quot;},{&quot;accountno&quot;:&quot;TA-900000&quot;,&quot;departmentno&quot;:&quot;2&quot;,&quot;salary&quot;:&quot;15000&quot;,&quot;pincode&quot;:&quot;321321&quot;,&quot;userid&quot;:&quot;vTqHKffvK4WIXGi0xuLU&quot;,&quot;id&quot;:&quot;QgRysvJniWNRYCakVQqK&quot;},{&quot;accountno&quot;:&quot;TA-900000&quot;,&quot;departmentno&quot;:&quot;2&quot;,&quot;salary&quot;:&quot;15000&quot;,&quot;pincode&quot;:&quot;321321&quot;,&quot;userid&quot;:&quot;vTqHKffvK4WIXGi0xuLU&quot;,&quot;id&quot;:&quot;TzNreFBJyC4X3X2CwuDe&quot;},{&quot;accountno&quot;:&quot;TA-900000&quot;,&quot;departmentno&quot;:&quot;2&quot;,&quot;salary&quot;:&quot;15000&quot;,&quot;pincode&quot;:&quot;321321&quot;,&quot;userid&quot;:&quot;vTqHKffvK4WIXGi0xuLU&quot;,&quot;id&quot;:&quot;U6z7mrWUxL9cj1wOwxMS&quot;},{&quot;accountno&quot;:&quot;&quot;,&quot;departmentno&quot;:&quot;1&quot;,&quot;salary&quot;:&quot;&quot;,&quot;pincode&quot;:&quot;&quot;,&quot;userid&quot;:&quot;FksuWSbSHbNE6tT8dEVu&quot;,&quot;id&quot;:&quot;3zX9yM8A3Rcr6DCPQO0u&quot;},{&quot;accountno&quot;:&quot;&quot;,&quot;departmentno&quot;:&quot;1&quot;,&quot;salary&quot;:&quot;&quot;,&quot;pincode&quot;:&quot;&quot;,&quot;userid&quot;:&quot;FksuWSbSHbNE6tT8dEVu&quot;,&quot;id&quot;:&quot;25e0ZHLEGTE10WjJO4bV&quot;},{&quot;accountno&quot;:&quot;OO-1234567;&quot;,&quot;departmentno&quot;:&quot;0;&quot;,&quot;salary&quot;:&quot;12345;&quot;,&quot;pincode&quot;:&quot;534275;&quot;,&quot;userid&quot;:&quot;FksuWSbSHbNE6tT8dEVu&quot;,&quot;id&quot;:&quot;iHu90hBG3zAth7czKbYR&quot;},{&quot;accountno&quot;:&quot;OO-1234567;&quot;,&quot;departmentno&quot;:&quot;0;&quot;,&quot;salary&quot;:&quot;12345;&quot;,&quot;pincode&quot;:&quot;534275;&quot;,&quot;userid&quot;:&quot;FksuWSbSHbNE6tT8dEVu&quot;,&quot;id&quot;:&quot;S9ctfcfigkADJsFf6txH&quot;},{&quot;accountno&quot;:&quot;OO-1234567;&quot;,&quot;departmentno&quot;:&quot;0;&quot;,&quot;salary&quot;:&quot;12345;&quot;,&quot;pincode&quot;:&quot;534275;&quot;,&quot;userid&quot;:&quot;FksuWSbSHbNE6tT8dEVu&quot;,&quot;id&quot;:&quot;e5mC55uEkOMJH3EMqT9n&quot;},{&quot;accountno&quot;:&quot;OO-1234567;&quot;,&quot;departmentno&quot;:&quot;0;&quot;,&quot;salary&quot;:&quot;12345;&quot;,&quot;pincode&quot;:&quot;534275;&quot;,&quot;userid&quot;:&quot;FksuWSbSHbNE6tT8dEVu&quot;,&quot;id&quot;:&quot;t7nVWc87C6B6Sp7gieIg&quot;},{&quot;accountno&quot;:&quot;OO-1234567;&quot;,&quot;departmentno&quot;:&quot;0;&quot;,&quot;salary&quot;:&quot;12345;&quot;,&quot;pincode&quot;:&quot;534275;&quot;,&quot;userid&quot;:&quot;FksuWSbSHbNE6tT8dEVu&quot;,&quot;id&quot;:&quot;EdRmE3KbqPCsByHdh8Pp&quot;},{&quot;accountno&quot;:&quot;BZ-1234567;&quot;,&quot;departmentno&quot;:&quot;0;&quot;,&quot;salary&quot;:&quot;12345;&quot;,&quot;pincode&quot;:&quot;534275;&quot;,&quot;userid&quot;:&quot;FksuWSbSHbNE6tT8dEVu&quot;,&quot;id&quot;:&quot;yMKupPW5XKvPAFpu16nx&quot;},{&quot;accountno&quot;:&quot;BZ-1234567;&quot;,&quot;departmentno&quot;:&quot;8;&quot;,&quot;salary&quot;:&quot;12345;&quot;,&quot;pincode&quot;:&quot;534275;&quot;,&quot;userid&quot;:&quot;FksuWSbSHbNE6tT8dEVu&quot;,&quot;id&quot;:&quot;J60putnsCXuz4URwiWDd&quot;},{&quot;accountno&quot;:&quot;BZ-1234567;&quot;,&quot;departmentno&quot;:&quot;8;&quot;,&quot;salary&quot;:&quot;12345;&quot;,&quot;pincode&quot;:&quot;534275;&quot;,&quot;userid&quot;:&quot;FksuWSbSHbNE6tT8dEVu&quot;,&quot;id&quot;:&quot;q8CxYxMNryA1YtAwkzFd&quot;},{&quot;accountno&quot;:&quot;BZ-1234567;&quot;,&quot;departmentno&quot;:&quot;8;&quot;,&quot;salary&quot;:&quot;12345;&quot;,&quot;pincode&quot;:&quot;534275;&quot;,&quot;userid&quot;:&quot;FksuWSbSHbNE6tT8dEVu&quot;,&quot;id&quot;:&quot;06pU5qI6Ilp1ldtPLvOG&quot;},{&quot;accountno&quot;:&quot;BZ-1234567;&quot;,&quot;departmentno&quot;:&quot;8;&quot;,&quot;salary&quot;:&quot;12345;&quot;,&quot;pincode&quot;:&quot;534275;&quot;,&quot;userid&quot;:&quot;FksuWSbSHbNE6tT8dEVu&quot;,&quot;id&quot;:&quot;EBUJmuHMCtGQ2tYNxIhU&quot;},{&quot;accountno&quot;:&quot;BZ-1234567;&quot;,&quot;departmentno&quot;:&quot;8;&quot;,&quot;salary&quot;:&quot;12345;&quot;,&quot;pincode&quot;:&quot;534275;&quot;,&quot;userid&quot;:&quot;FksuWSbSHbNE6tT8dEVu&quot;,&quot;id&quot;:&quot;JpZoBpPJzj4pB33dgtmU&quot;},{&quot;accountno&quot;:&quot;BZ-1234567;&quot;,&quot;departmentno&quot;:&quot;8;&quot;,&quot;salary&quot;:&quot;12345;&quot;,&quot;pincode&quot;:&quot;534275;&quot;,&quot;userid&quot;:&quot;FksuWSbSHbNE6tT8dEVu&quot;,&quot;id&quot;:&quot;dCZEbdlh5Uy9TwY70HS3&quot;},{&quot;accountno&quot;:&quot;BZ-1234567;&quot;,&quot;departmentno&quot;:&quot;8;&quot;,&quot;salary&quot;:&quot;12345;&quot;,&quot;pincode&quot;:&quot;534275;&quot;,&quot;userid&quot;:&quot;FksuWSbSHbNE6tT8dEVu&quot;,&quot;id&quot;:&quot;hdywACXAGhBj24aMvvKu&quot;},{&quot;accountno&quot;:&quot;BZ-1234567;&quot;,&quot;departmentno&quot;:&quot;8;&quot;,&quot;salary&quot;:&quot;12345;&quot;,&quot;pincode&quot;:&quot;534275;&quot;,&quot;userid&quot;:&quot;FksuWSbSHbNE6tT8dEVu&quot;,&quot;id&quot;:&quot;pBUBipyJkeSTJDGUJMMD&quot;},{&quot;accountno&quot;:&quot;BZ-1234567;&quot;,&quot;departmentno&quot;:&quot;8;&quot;,&quot;salary&quot;:&quot;12345;&quot;,&quot;pincode&quot;:&quot;534275;&quot;,&quot;userid&quot;:&quot;FksuWSbSHbNE6tT8dEVu&quot;,&quot;id&quot;:&quot;qZYAcld28mJt12HVKBKP&quot;},{&quot;accountno&quot;:&quot;BZ-1234567;&quot;,&quot;departmentno&quot;:&quot;8;&quot;,&quot;salary&quot;:&quot;12345;&quot;,&quot;pincode&quot;:&quot;534275;&quot;,&quot;userid&quot;:&quot;FksuWSbSHbNE6tT8dEVu&quot;,&quot;id&quot;:&quot;DWFzVe38Z37euYVSeWiP&quot;},{&quot;accountno&quot;:&quot;BZ-1234567;&quot;,&quot;departmentno&quot;:&quot;8;&quot;,&quot;salary&quot;:&quot;12345;&quot;,&quot;pincode&quot;:&quot;534275;&quot;,&quot;userid&quot;:&quot;FksuWSbSHbNE6tT8dEVu&quot;,&quot;id&quot;:&quot;8WtW4BXZJVcFLJAz0vAl&quot;},{&quot;accountno&quot;:&quot;TA-MAAOCT2022&quot;,&quot;departmentno&quot;:2,&quot;salary&quot;:1010,&quot;pincode&quot;:111111,&quot;userid&quot;:&quot;lkdMZtNGN68KOuyoTHUF&quot;,&quot;id&quot;:&quot;HlPG1OwHvpR4G4uiuTv4&quot;},{&quot;accountno&quot;:&quot;BZ-1234567;&quot;,&quot;departmentno&quot;:&quot;8;&quot;,&quot;salary&quot;:&quot;12345;&quot;,&quot;pincode&quot;:&quot;534275;&quot;,&quot;userid&quot;:&quot;FksuWSbSHbNE6tT8dEVu&quot;,&quot;id&quot;:&quot;yaYtxJYheaJhZv3YEjXT&quot;},{&quot;accountno&quot;:&quot;BN-1234535&quot;,&quot;departmentno&quot;:&quot;7&quot;,&quot;salary&quot;:&quot;12190&quot;,&quot;pincode&quot;:&quot;123458&quot;,&quot;userid&quot;:&quot;wvTE1ZsqbgfOMtiFejpq&quot;,&quot;id&quot;:&quot;QHgMpEmN7jnafLsmfdeC&quot;},{&quot;accountno&quot;:&quot;TA-Sep2022&quot;,&quot;departmentno&quot;:&quot;1&quot;,&quot;salary&quot;:&quot;8000&quot;,&quot;pincode&quot;:&quot;123456&quot;,&quot;userid&quot;:&quot;v1uYEHd2E05Ci9RYpbUG&quot;,&quot;id&quot;:&quot;4uF5ubeYMtttJEC1CXFd&quot;},{&quot;accountno&quot;:&quot;TA-Sep2022&quot;,&quot;departmentno&quot;:&quot;1&quot;,&quot;salary&quot;:&quot;8000&quot;,&quot;pincode&quot;:&quot;123456&quot;,&quot;userid&quot;:&quot;v1uYEHd2E05Ci9RYpbUG&quot;,&quot;id&quot;:&quot;UfCt98WMpadVT59ORrOL&quot;},{&quot;accountno&quot;:&quot;TA-Sep2022&quot;,&quot;departmentno&quot;:&quot;1&quot;,&quot;salary&quot;:&quot;8000&quot;,&quot;pincode&quot;:&quot;123456&quot;,&quot;userid&quot;:&quot;v1uYEHd2E05Ci9RYpbUG&quot;,&quot;id&quot;:&quot;bHn3R85zuL9qDhsT4BBi&quot;},{&quot;accountno&quot;:&quot;TA-Sep2022&quot;,&quot;departmentno&quot;:&quot;1&quot;,&quot;salary&quot;:&quot;8000&quot;,&quot;pincode&quot;:&quot;123456&quot;,&quot;userid&quot;:&quot;v1uYEHd2E05Ci9RYpbUG&quot;,&quot;id&quot;:&quot;DnebqAB28G6uk0a3sgBH&quot;},{&quot;accountno&quot;:&quot;TA-Aug2022&quot;,&quot;departmentno&quot;:&quot;1&quot;,&quot;salary&quot;:&quot;5000&quot;,&quot;pincode&quot;:&quot;123123&quot;,&quot;userid&quot;:&quot;taGX4XQQfXD3Z76sI1Xn&quot;,&quot;id&quot;:&quot;C0GtaoKpaUEvN3qnwnWl&quot;},{&quot;accountno&quot;:&quot;TA-900000&quot;,&quot;departmentno&quot;:&quot;7&quot;,&quot;salary&quot;:&quot;19000&quot;,&quot;pincode&quot;:&quot;321321&quot;,&quot;userid&quot;:&quot;vTqHKffvK4WIXGi0xuLU&quot;,&quot;id&quot;:&quot;fOyb28Cm7R8IXtra5J40&quot;},{&quot;accountno&quot;:&quot;GA2022_test&quot;,&quot;departmentno&quot;:2,&quot;salary&quot;:300000,&quot;pincode&quot;:666666,&quot;userid&quot;:&quot;zwnVZyE1SBMYUL7p1CCp&quot;,&quot;id&quot;:&quot;tNQ7OtCyjMC7munlOq7w&quot;},{&quot;accountno&quot;:&quot;GA2022_test&quot;,&quot;departmentno&quot;:2,&quot;salary&quot;:300000,&quot;pincode&quot;:666666,&quot;userid&quot;:&quot;zwnVZyE1SBMYUL7p1CCp&quot;,&quot;id&quot;:&quot;yZznGEJBeD01EzLz3vmS&quot;},{&quot;accountno&quot;:&quot;TA-900000&quot;,&quot;departmentno&quot;:&quot;2&quot;,&quot;salary&quot;:&quot;15000&quot;,&quot;pincode&quot;:&quot;321321&quot;,&quot;userid&quot;:&quot;vTqHKffvK4WIXGi0xuLU&quot;,&quot;id&quot;:&quot;H39bfk0bO9n84woQWGsS&quot;},{&quot;accountno&quot;:&quot;TA-900000&quot;,&quot;departmentno&quot;:&quot;8&quot;,&quot;salary&quot;:&quot;15000&quot;,&quot;pincode&quot;:&quot;321321&quot;,&quot;userid&quot;:&quot;vTqHKffvK4WIXGi0xuLU&quot;,&quot;id&quot;:&quot;crCVJ2HoyeppR56v5jIK&quot;},{&quot;accountno&quot;:&quot;GA2022_test&quot;,&quot;departmentno&quot;:2,&quot;salary&quot;:300000,&quot;pincode&quot;:666666,&quot;userid&quot;:&quot;zwnVZyE1SBMYUL7p1CCp&quot;,&quot;id&quot;:&quot;klFC3Z1o9e3JZcrbL7S1&quot;},{&quot;accountno&quot;:&quot;TA-Abc2202&quot;,&quot;departmentno&quot;:&quot;2&quot;,&quot;salary&quot;:&quot;5000&quot;,&quot;pincode&quot;:&quot;123123&quot;,&quot;userid&quot;:&quot;7LkKZstp6lg3wBsHDSSv&quot;,&quot;id&quot;:&quot;kzPhTMIthnqF34KpbxEE&quot;},{&quot;accountno&quot;:&quot;TA-Abc2202&quot;,&quot;departmentno&quot;:&quot;2&quot;,&quot;salary&quot;:&quot;5000&quot;,&quot;pincode&quot;:&quot;123123&quot;,&quot;userid&quot;:&quot;7LkKZstp6lg3wBsHDSSv&quot;,&quot;id&quot;:&quot;VKmkqP1rnBlw8oea3dWH&quot;},{&quot;accountno&quot;:&quot;TA-Abc2202&quot;,&quot;departmentno&quot;:&quot;2&quot;,&quot;salary&quot;:&quot;5000&quot;,&quot;pincode&quot;:&quot;123123&quot;,&quot;userid&quot;:&quot;7LkKZstp6lg3wBsHDSSv&quot;,&quot;id&quot;:&quot;OVvB7E6Q7cjod6Av9IVd&quot;},{&quot;accountno&quot;:&quot;TA-900000&quot;,&quot;departmentno&quot;:&quot;8&quot;,&quot;salary&quot;:&quot;15000&quot;,&quot;pincode&quot;:&quot;321321&quot;,&quot;userid&quot;:&quot;vTqHKffvK4WIXGi0xuLU&quot;,&quot;id&quot;:&quot;26XjUjHUJpvRdR9oQOGw&quot;},{&quot;accountno&quot;:&quot;TA-1234568&quot;,&quot;departmentno&quot;:&quot;1&quot;,&quot;salary&quot;:&quot;78900&quot;,&quot;pincode&quot;:&quot;483070&quot;,&quot;userid&quot;:&quot;y4iCOSfi7YZ6cE7eHQEq&quot;,&quot;id&quot;:&quot;EvTuQ7rAYpO2TpT1GGpr&quot;},{&quot;accountno&quot;:&quot;TA-1234568&quot;,&quot;departmentno&quot;:&quot;1&quot;,&quot;salary&quot;:&quot;78900&quot;,&quot;pincode&quot;:&quot;483070&quot;,&quot;userid&quot;:&quot;y4iCOSfi7YZ6cE7eHQEq&quot;,&quot;id&quot;:&quot;fGaa6i2t5FNmeZtLEWgK&quot;},{&quot;accountno&quot;:&quot;TA-900000&quot;,&quot;departmentno&quot;:&quot;8&quot;,&quot;salary&quot;:&quot;15000&quot;,&quot;pincode&quot;:&quot;321321&quot;,&quot;userid&quot;:&quot;vTqHKffvK4WIXGi0xuLU&quot;,&quot;id&quot;:&quot;HKf0ASkvJA5QIM53bvH5&quot;},{&quot;accountno&quot;:&quot;TA-900000&quot;,&quot;departmentno&quot;:&quot;4&quot;,&quot;salary&quot;:&quot;15000&quot;,&quot;pincode&quot;:&quot;321321&quot;,&quot;userid&quot;:&quot;vTqHKffvK4WIXGi0xuLU&quot;,&quot;id&quot;:&quot;pPv8REz65kxmrhmBllBp&quot;},{&quot;accountno&quot;:&quot;GA2022_test&quot;,&quot;departmentno&quot;:2,&quot;salary&quot;:300000,&quot;pincode&quot;:666666,&quot;userid&quot;:&quot;zwnVZyE1SBMYUL7p1CCp&quot;,&quot;id&quot;:&quot;E5ujSDp0wilbWXaZWNCX&quot;},{&quot;accountno&quot;:&quot;GA2022_test&quot;,&quot;departmentno&quot;:2,&quot;salary&quot;:300000,&quot;pincode&quot;:666666,&quot;userid&quot;:&quot;zwnVZyE1SBMYUL7p1CCp&quot;,&quot;id&quot;:&quot;ssirSXJu5jp6pO6jhxNW&quot;},{&quot;accountno&quot;:&quot;TA-Aug2202&quot;,&quot;departmentno&quot;:&quot;1&quot;,&quot;salary&quot;:&quot;5000&quot;,&quot;pincode&quot;:&quot;123123&quot;,&quot;userid&quot;:&quot;eBRuYScWp9uBKFbSzbLs&quot;,&quot;id&quot;:&quot;YUkjSnQRqpgJCv1hdIYv&quot;},{&quot;accountno&quot;:&quot;TA-Aug2202&quot;,&quot;departmentno&quot;:&quot;1&quot;,&quot;salary&quot;:&quot;5000&quot;,&quot;pincode&quot;:&quot;123123&quot;,&quot;userid&quot;:&quot;eBRuYScWp9uBKFbSzbLs&quot;,&quot;id&quot;:&quot;cTBx3vfZwQF5eUzIbnrL&quot;},{&quot;accountno&quot;:&quot;TA-AGU2021&quot;,&quot;departmentno&quot;:&quot;2&quot;,&quot;salary&quot;:&quot;3000&quot;,&quot;pincode&quot;:&quot;123456&quot;,&quot;userid&quot;:&quot;mddlQN2Zj76KEXtOVpXf&quot;,&quot;id&quot;:&quot;BjqYPxC3sINHztlXuBU9&quot;},{&quot;accountno&quot;:&quot;TA-AGU2021&quot;,&quot;departmentno&quot;:&quot;2&quot;,&quot;salary&quot;:&quot;3000&quot;,&quot;pincode&quot;:&quot;123456&quot;,&quot;userid&quot;:&quot;mddlQN2Zj76KEXtOVpXf&quot;,&quot;id&quot;:&quot;IOXM7N0PvvlkMhy7M81K&quot;},{&quot;accountno&quot;:&quot;TA-AGU2025&quot;,&quot;departmentno&quot;:&quot;5&quot;,&quot;salary&quot;:&quot;3000&quot;,&quot;pincode&quot;:&quot;123456&quot;,&quot;userid&quot;:&quot;mddlQN2Zj76KEXtOVpXf&quot;,&quot;id&quot;:&quot;BG7f5K8ieu15ZkMjloCK&quot;},{&quot;accountno&quot;:&quot;BN-1234535&quot;,&quot;departmentno&quot;:&quot;7&quot;,&quot;salary&quot;:&quot;12190&quot;,&quot;pincode&quot;:&quot;123458&quot;,&quot;userid&quot;:&quot;wvTE1ZsqbgfOMtiFejpq&quot;,&quot;id&quot;:&quot;drust7Z1MsI57to204pJ&quot;},{&quot;accountno&quot;:&quot;TA-AGU2021&quot;,&quot;departmentno&quot;:&quot;2&quot;,&quot;salary&quot;:&quot;3000&quot;,&quot;pincode&quot;:&quot;123456&quot;,&quot;userid&quot;:&quot;mddlQN2Zj76KEXtOVpXf&quot;,&quot;id&quot;:&quot;Nl9ueadAjhHa9ryyejru&quot;},{&quot;accountno&quot;:&quot;TA-AGU2021&quot;,&quot;departmentno&quot;:&quot;2&quot;,&quot;salary&quot;:&quot;3000&quot;,&quot;pincode&quot;:&quot;123456&quot;,&quot;userid&quot;:&quot;mddlQN2Zj76KEXtOVpXf&quot;,&quot;id&quot;:&quot;5M2YSAKQdbvxYS7NpuM6&quot;},{&quot;accountno&quot;:&quot;TA-AGU2020&quot;,&quot;departmentno&quot;:&quot;1&quot;,&quot;salary&quot;:&quot;2000&quot;,&quot;pincode&quot;:&quot;123456&quot;,&quot;userid&quot;:&quot;mddlQN2Zj76KEXtOVpXf&quot;,&quot;id&quot;:&quot;gjEWVMy6DgXZnzjFaXz7&quot;},{&quot;accountno&quot;:&quot;TA-AUG2022&quot;,&quot;departmentno&quot;:&quot;2&quot;,&quot;salary&quot;:&quot;5555&quot;,&quot;pincode&quot;:&quot;123321&quot;,&quot;userid&quot;:&quot;mddlQN2Zj76KEXtOVpXf&quot;,&quot;id&quot;:&quot;FPwb8fEeC2ybYaE7x80I&quot;},{&quot;accountno&quot;:&quot;TA-Aug2202&quot;,&quot;departmentno&quot;:&quot;3&quot;,&quot;salary&quot;:&quot;6000&quot;,&quot;pincode&quot;:&quot;123123&quot;,&quot;userid&quot;:&quot;mddlQN2Zj76KEXtOVpXf&quot;,&quot;id&quot;:&quot;sF9MdK9LxVg8R30xokNN&quot;},{&quot;accountno&quot;:&quot;TA-Aug2202&quot;,&quot;departmentno&quot;:&quot;3&quot;,&quot;salary&quot;:&quot;6000&quot;,&quot;pincode&quot;:&quot;123123&quot;,&quot;userid&quot;:&quot;mddlQN2Zj76KEXtOVpXf&quot;,&quot;id&quot;:&quot;TTOjYLqW4JjsdJwWJVgi&quot;},{&quot;accountno&quot;:&quot;TA-Aug2202&quot;,&quot;departmentno&quot;:&quot;3&quot;,&quot;salary&quot;:&quot;6000&quot;,&quot;pincode&quot;:&quot;123123&quot;,&quot;userid&quot;:&quot;mddlQN2Zj76KEXtOVpXf&quot;,&quot;id&quot;:&quot;n6OR7REU9ifUatOiLPsk&quot;},{&quot;accountno&quot;:&quot;TA-Sep2022&quot;,&quot;departmentno&quot;:&quot;1&quot;,&quot;salary&quot;:&quot;8000&quot;,&quot;pincode&quot;:&quot;123456&quot;,&quot;userid&quot;:&quot;v1uYEHd2E05Ci9RYpbUG&quot;,&quot;id&quot;:&quot;txDfc2yfVrL2XdM02gaG&quot;},{&quot;accountno&quot;:&quot;TA-Oct25yg5hyh023&quot;,&quot;departmentno&quot;:&quot;1&quot;,&quot;salary&quot;:&quot;7000&quot;,&quot;pincode&quot;:&quot;123123&quot;,&quot;userid&quot;:&quot;v1uYEHd2E05Ci9RYpbUG&quot;,&quot;id&quot;:&quot;zzb1ucVH91p9qNkBNUE4&quot;},{&quot;accountno&quot;:&quot;TA-Sep2022&quot;,&quot;departmentno&quot;:&quot;1&quot;,&quot;salary&quot;:&quot;8000&quot;,&quot;pincode&quot;:&quot;123456&quot;,&quot;userid&quot;:&quot;v1uYEHd2E05Ci9RYpbUG&quot;,&quot;id&quot;:&quot;vakOdYzvGNarjtzcjE9j&quot;},{&quot;accountno&quot;:&quot;TA-Aug2202&quot;,&quot;departmentno&quot;:&quot;1&quot;,&quot;salary&quot;:&quot;5000&quot;,&quot;pincode&quot;:&quot;123123&quot;,&quot;userid&quot;:&quot;mddlQN2Zj76KEXtOVpXf&quot;,&quot;id&quot;:&quot;ExdP6bQpgwsyapX8WGan&quot;},{&quot;accountno&quot;:&quot;TA-Oct25yg5hyh023&quot;,&quot;departmentno&quot;:&quot;1&quot;,&quot;salary&quot;:&quot;7000&quot;,&quot;pincode&quot;:&quot;123123&quot;,&quot;userid&quot;:&quot;v1uYEHd2E05Ci9RYpbUG&quot;,&quot;id&quot;:&quot;Efh44eTYbMN5wZXCb7Yf&quot;},{&quot;accountno&quot;:&quot;TA-Aug2202&quot;,&quot;departmentno&quot;:&quot;1&quot;,&quot;salary&quot;:&quot;5000&quot;,&quot;pincode&quot;:&quot;123123&quot;,&quot;userid&quot;:&quot;mddlQN2Zj76KEXtOVpXf&quot;,&quot;id&quot;:&quot;SIO1Y80wuPj6IieGKqMc&quot;},{&quot;accountno&quot;:&quot;BZ-1234567;&quot;,&quot;departmentno&quot;:&quot;8;&quot;,&quot;salary&quot;:&quot;12345;&quot;,&quot;pincode&quot;:&quot;534275;&quot;,&quot;userid&quot;:&quot;FksuWSbSHbNE6tT8dEVu&quot;,&quot;id&quot;:&quot;TwT5Sssrt5oYnip6tysm&quot;},{&quot;accountno&quot;:&quot;BZ-1234567;&quot;,&quot;departmentno&quot;:&quot;8;&quot;,&quot;salary&quot;:&quot;12345;&quot;,&quot;pincode&quot;:&quot;534275;&quot;,&quot;userid&quot;:&quot;FksuWSbSHbNE6tT8dEVu&quot;,&quot;id&quot;:&quot;SDmx1ot5RkbY1AUkK8ie&quot;},{&quot;accountno&quot;:&quot;BZ-1234567;&quot;,&quot;departmentno&quot;:&quot;8;&quot;,&quot;salary&quot;:&quot;12345;&quot;,&quot;pincode&quot;:&quot;534275;&quot;,&quot;userid&quot;:&quot;FksuWSbSHbNE6tT8dEVu&quot;,&quot;id&quot;:&quot;HVzTiL54K9mJk8ay8yRn&quot;},{&quot;accountno&quot;:&quot;TA-Oct25yg5hyh023&quot;,&quot;departmentno&quot;:&quot;1&quot;,&quot;salary&quot;:&quot;7000&quot;,&quot;pincode&quot;:&quot;123123&quot;,&quot;userid&quot;:&quot;v1uYEHd2E05Ci9RYpbUG&quot;,&quot;id&quot;:&quot;5QTRwGa34hU4fdcXOeac&quot;},{&quot;accountno&quot;:&quot;TA-Oct25yg5hyh023&quot;,&quot;departmentno&quot;:&quot;1&quot;,&quot;salary&quot;:&quot;7000&quot;,&quot;pincode&quot;:&quot;123123&quot;,&quot;userid&quot;:&quot;v1uYEHd2E05Ci9RYpbUG&quot;,&quot;id&quot;:&quot;dzr7C09nAXBytsda7CLe&quot;},{&quot;accountno&quot;:&quot;CD-1000000&quot;,&quot;departmentno&quot;:2,&quot;salary&quot;:20000,&quot;pincode&quot;:543219,&quot;userid&quot;:&quot;FksuWSbSHbNE6tT8dEVu&quot;,&quot;id&quot;:&quot;7UvAk5AAWGJUqvcoNlyk&quot;},{&quot;accountno&quot;:&quot;BZ-1234567;&quot;,&quot;departmentno&quot;:&quot;8;&quot;,&quot;salary&quot;:&quot;12345;&quot;,&quot;pincode&quot;:&quot;534275;&quot;,&quot;userid&quot;:&quot;FksuWSbSHbNE6tT8dEVu&quot;,&quot;id&quot;:&quot;WEfykiixJwPExATkQ6U6&quot;},{&quot;accountno&quot;:&quot;BZ-1234567;&quot;,&quot;departmentno&quot;:&quot;8;&quot;,&quot;salary&quot;:&quot;12345;&quot;,&quot;pincode&quot;:&quot;534275;&quot;,&quot;userid&quot;:&quot;FksuWSbSHbNE6tT8dEVu&quot;,&quot;id&quot;:&quot;NeUcLjCnXt5KqGZihnkE&quot;},{&quot;accountno&quot;:&quot;BZ-1234567;&quot;,&quot;departmentno&quot;:&quot;8;&quot;,&quot;salary&quot;:&quot;12345;&quot;,&quot;pincode&quot;:&quot;534275;&quot;,&quot;userid&quot;:&quot;FksuWSbSHbNE6tT8dEVu&quot;,&quot;id&quot;:&quot;6ZZCX6rBV3JKOGhvaKsv&quot;},{&quot;accountno&quot;:&quot;BZ-1234567;&quot;,&quot;departmentno&quot;:&quot;8;&quot;,&quot;salary&quot;:&quot;12345;&quot;,&quot;pincode&quot;:&quot;534275;&quot;,&quot;userid&quot;:&quot;FksuWSbSHbNE6tT8dEVu&quot;,&quot;id&quot;:&quot;Bn37voREQXLqkJ85Xy1K&quot;},{&quot;accountno&quot;:&quot;BZ-1234567;&quot;,&quot;departmentno&quot;:&quot;8;&quot;,&quot;salary&quot;:&quot;12345;&quot;,&quot;pincode&quot;:&quot;534275;&quot;,&quot;userid&quot;:&quot;FksuWSbSHbNE6tT8dEVu&quot;,&quot;id&quot;:&quot;ub5lVPScZrvqYzx5PhOw&quot;},{&quot;accountno&quot;:&quot;BZ-1234567;&quot;,&quot;departmentno&quot;:&quot;8;&quot;,&quot;salary&quot;:&quot;12345;&quot;,&quot;pincode&quot;:&quot;534275;&quot;,&quot;userid&quot;:&quot;FksuWSbSHbNE6tT8dEVu&quot;,&quot;id&quot;:&quot;9WSCLkyBsexAqIL4HJ1x&quot;},{&quot;accountno&quot;:&quot;BZ-1234567;&quot;,&quot;departmentno&quot;:&quot;8;&quot;,&quot;salary&quot;:&quot;12345;&quot;,&quot;pincode&quot;:&quot;534275;&quot;,&quot;userid&quot;:&quot;FksuWSbSHbNE6tT8dEVu&quot;,&quot;id&quot;:&quot;TmWJbqnTJOs2FQk52JTK&quot;},{&quot;accountno&quot;:&quot;BZ-1234567;&quot;,&quot;departmentno&quot;:&quot;8;&quot;,&quot;salary&quot;:&quot;12345;&quot;,&quot;pincode&quot;:&quot;534275;&quot;,&quot;userid&quot;:&quot;FksuWSbSHbNE6tT8dEVu&quot;,&quot;id&quot;:&quot;Fr4JESUdCzgvXAn5B3zb&quot;},{&quot;accountno&quot;:&quot;TA-Abc2202&quot;,&quot;departmentno&quot;:&quot;2&quot;,&quot;salary&quot;:&quot;5000&quot;,&quot;pincode&quot;:&quot;123123&quot;,&quot;userid&quot;:&quot;7LkKZstp6lg3wBsHDSSv&quot;,&quot;id&quot;:&quot;PckYwhwhITfqVqHPBg9K&quot;},{&quot;accountno&quot;:&quot;TA-Abc2202&quot;,&quot;departmentno&quot;:&quot;2&quot;,&quot;salary&quot;:&quot;5000&quot;,&quot;pincode&quot;:&quot;123123&quot;,&quot;userid&quot;:&quot;7LkKZstp6lg3wBsHDSSv&quot;,&quot;id&quot;:&quot;jdN6OsghQ76fqRufVz2P&quot;},{&quot;accountno&quot;:&quot;CD-1000000&quot;,&quot;departmentno&quot;:2,&quot;salary&quot;:20000,&quot;pincode&quot;:543219,&quot;userid&quot;:&quot;FksuWSbSHbNE6tT8dEVu&quot;,&quot;id&quot;:&quot;gjLhGOa75si4wR8W0584&quot;},{&quot;accountno&quot;:&quot;TA-Aug1999&quot;,&quot;departmentno&quot;:&quot;4&quot;,&quot;salary&quot;:&quot;159515&quot;,&quot;pincode&quot;:&quot;123432&quot;,&quot;userid&quot;:&quot;Bu7YqKvWvrkCmXSzTgNR&quot;,&quot;id&quot;:&quot;HhV2pEIURNMUGguLG2aE&quot;},{&quot;accountno&quot;:&quot;TA-Aug2201&quot;,&quot;departmentno&quot;:&quot;1&quot;,&quot;salary&quot;:&quot;15000&quot;,&quot;pincode&quot;:&quot;123123&quot;,&quot;userid&quot;:&quot;B1oqv0Jjm1fd0pAcDURW&quot;,&quot;id&quot;:&quot;qH3mNs1n3OwXtfcK6er7&quot;},{&quot;accountno&quot;:&quot;TA-Aug2202&quot;,&quot;departmentno&quot;:&quot;1&quot;,&quot;salary&quot;:&quot;5000&quot;,&quot;pincode&quot;:&quot;123123&quot;,&quot;userid&quot;:&quot;7LkKZstp6lg3wBsHDSSv&quot;,&quot;id&quot;:&quot;PqAPeryWmbDTiDRA7UCS&quot;},{&quot;accountno&quot;:&quot;TA-Aug2202&quot;,&quot;departmentno&quot;:&quot;1&quot;,&quot;salary&quot;:&quot;5000&quot;,&quot;pincode&quot;:&quot;123123&quot;,&quot;userid&quot;:&quot;7LkKZstp6lg3wBsHDSSv&quot;,&quot;id&quot;:&quot;yflJXeQq8ICIH0rq0WFp&quot;},{&quot;accountno&quot;:&quot;PP-5000000&quot;,&quot;departmentno&quot;:5,&quot;salary&quot;:50000,&quot;pincode&quot;:534275,&quot;userid&quot;:&quot;FksuWSbSHbNE6tT8dEVu&quot;,&quot;id&quot;:&quot;XGpSQqM8PR82NX17AX5k&quot;},{&quot;accountno&quot;:&quot;TA-Aug2202&quot;,&quot;departmentno&quot;:&quot;1&quot;,&quot;salary&quot;:&quot;5000&quot;,&quot;pincode&quot;:&quot;123123&quot;,&quot;userid&quot;:&quot;7LkKZstp6lg3wBsHDSSv&quot;,&quot;id&quot;:&quot;JdPfjrXr1Zx928oR7Uux&quot;},{&quot;accountno&quot;:&quot;DR-1000001&quot;,&quot;departmentno&quot;:&quot;2&quot;,&quot;salary&quot;:&quot;100000&quot;,&quot;pincode&quot;:&quot;470002&quot;,&quot;userid&quot;:&quot;yj4lLufi6vTtJtT0MKL8&quot;,&quot;id&quot;:&quot;c9wk3emaxpQKBqtnSiOR&quot;},{&quot;accountno&quot;:&quot;TA-900000&quot;,&quot;departmentno&quot;:&quot;8&quot;,&quot;salary&quot;:&quot;19000&quot;,&quot;pincode&quot;:&quot;321321&quot;,&quot;userid&quot;:&quot;vTqHKffvK4WIXGi0xuLU&quot;,&quot;id&quot;:&quot;8NbYxFS005TZiork2CWQ&quot;},{&quot;accountno&quot;:&quot;TA-900000&quot;,&quot;departmentno&quot;:&quot;4&quot;,&quot;salary&quot;:&quot;15000&quot;,&quot;pincode&quot;:&quot;321321&quot;,&quot;userid&quot;:&quot;vTqHKffvK4WIXGi0xuLU&quot;,&quot;id&quot;:&quot;lPWdla6IUdaIyTk52k8x&quot;},{&quot;accountno&quot;:&quot;TA-900000&quot;,&quot;departmentno&quot;:&quot;4&quot;,&quot;salary&quot;:&quot;15000&quot;,&quot;pincode&quot;:&quot;321321&quot;,&quot;userid&quot;:&quot;vTqHKffvK4WIXGi0xuLU&quot;,&quot;id&quot;:&quot;j1TUtCibeNRtztqwxA70&quot;},{&quot;accountno&quot;:&quot;TA-900000&quot;,&quot;departmentno&quot;:&quot;4&quot;,&quot;salary&quot;:&quot;15000&quot;,&quot;pincode&quot;:&quot;321321&quot;,&quot;userid&quot;:&quot;vTqHKffvK4WIXGi0xuLU&quot;,&quot;id&quot;:&quot;6pM0X6q2c3ESebCppX8D&quot;},{&quot;accountno&quot;:&quot;Delete_2020&quot;,&quot;departmentno&quot;:&quot;1&quot;,&quot;salary&quot;:&quot;1000&quot;,&quot;pincode&quot;:&quot;100000&quot;,&quot;userid&quot;:&quot;zwnVZyE1SBMYUL7p1CCp&quot;,&quot;id&quot;:&quot;rdcsl6ps7znHUeyw48IK&quot;},{&quot;accountno&quot;:&quot;TA-1111111&quot;,&quot;departmentno&quot;:&quot;2&quot;,&quot;salary&quot;:&quot;2000&quot;,&quot;pincode&quot;:&quot;123456&quot;,&quot;userid&quot;:&quot;7LkKZstp6lg3wBsHDSSv&quot;,&quot;id&quot;:&quot;Cx7FkYDkupXC2xsX5FHO&quot;},{&quot;accountno&quot;:&quot;TA-KHR1888&quot;,&quot;departmentno&quot;:&quot;8&quot;,&quot;salary&quot;:&quot;70000&quot;,&quot;pincode&quot;:&quot;201717&quot;,&quot;userid&quot;:&quot;vwpd6zlR3Yh9sCveq3Mo&quot;,&quot;id&quot;:&quot;IAYRRSCAjXvgLM2FMq2f&quot;},{&quot;accountno&quot;:&quot;TA-KHR1888&quot;,&quot;departmentno&quot;:&quot;8&quot;,&quot;salary&quot;:&quot;70000&quot;,&quot;pincode&quot;:&quot;201717&quot;,&quot;userid&quot;:&quot;vwpd6zlR3Yh9sCveq3Mo&quot;,&quot;id&quot;:&quot;9D2GVXcbt3xVt0nUtX70&quot;},{&quot;accountno&quot;:&quot;TA-KHR1888&quot;,&quot;departmentno&quot;:&quot;8&quot;,&quot;salary&quot;:&quot;70000&quot;,&quot;pincode&quot;:&quot;201717&quot;,&quot;userid&quot;:&quot;vwpd6zlR3Yh9sCveq3Mo&quot;,&quot;id&quot;:&quot;RxM01atdjZh6VagmRcv0&quot;},{&quot;accountno&quot;:&quot;TA-KHR1888&quot;,&quot;departmentno&quot;:&quot;8&quot;,&quot;salary&quot;:&quot;70000&quot;,&quot;pincode&quot;:&quot;201717&quot;,&quot;userid&quot;:&quot;vwpd6zlR3Yh9sCveq3Mo&quot;,&quot;id&quot;:&quot;kp7yNiB4sUc3PAkvsMC7&quot;},{&quot;accountno&quot;:&quot;TA-KHR1777&quot;,&quot;departmentno&quot;:&quot;7&quot;,&quot;salary&quot;:&quot;70000&quot;,&quot;pincode&quot;:&quot;201717&quot;,&quot;userid&quot;:&quot;vwpd6zlR3Yh9sCveq3Mo&quot;,&quot;id&quot;:&quot;BiAFRSieGKo0Qd2YcblW&quot;},{&quot;accountno&quot;:&quot;TA-Aug2201&quot;,&quot;departmentno&quot;:&quot;1&quot;,&quot;salary&quot;:&quot;15000&quot;,&quot;pincode&quot;:&quot;123123&quot;,&quot;userid&quot;:&quot;B1oqv0Jjm1fd0pAcDURW&quot;,&quot;id&quot;:&quot;XvqdR4fHZb7PP8dNVl0a&quot;},{&quot;accountno&quot;:&quot;TA-Aug2201&quot;,&quot;departmentno&quot;:&quot;1&quot;,&quot;salary&quot;:&quot;15000&quot;,&quot;pincode&quot;:&quot;123123&quot;,&quot;userid&quot;:&quot;B1oqv0Jjm1fd0pAcDURW&quot;,&quot;id&quot;:&quot;lsztCd8KGvd7DhNvwtKo&quot;},{&quot;accountno&quot;:&quot;TA-Aug2201&quot;,&quot;departmentno&quot;:&quot;1&quot;,&quot;salary&quot;:&quot;15000&quot;,&quot;pincode&quot;:&quot;123123&quot;,&quot;userid&quot;:&quot;B1oqv0Jjm1fd0pAcDURW&quot;,&quot;id&quot;:&quot;cBBdloayX7JdvCzvr1JX&quot;},{&quot;accountno&quot;:&quot;TA-Aug2201&quot;,&quot;departmentno&quot;:&quot;1&quot;,&quot;salary&quot;:&quot;15000&quot;,&quot;pincode&quot;:&quot;123123&quot;,&quot;userid&quot;:&quot;B1oqv0Jjm1fd0pAcDURW&quot;,&quot;id&quot;:&quot;jkRjC6au9048WoSiomgD&quot;},{&quot;accountno&quot;:&quot;TA-Aug2201&quot;,&quot;departmentno&quot;:&quot;1&quot;,&quot;salary&quot;:&quot;15000&quot;,&quot;pincode&quot;:&quot;123123&quot;,&quot;userid&quot;:&quot;B1oqv0Jjm1fd0pAcDURW&quot;,&quot;id&quot;:&quot;6RpWzbuOAo8lZYArum3w&quot;},{&quot;accountno&quot;:&quot;TA-Aug2202&quot;,&quot;departmentno&quot;:&quot;1&quot;,&quot;salary&quot;:&quot;5000&quot;,&quot;pincode&quot;:&quot;123123&quot;,&quot;userid&quot;:&quot;f4dTFeiZ4qiLC5JTtieF&quot;,&quot;id&quot;:&quot;eVkkBXOWYwA6sotpD34W&quot;},{&quot;accountno&quot;:&quot;TA-Aug2201&quot;,&quot;departmentno&quot;:&quot;1&quot;,&quot;salary&quot;:&quot;15000&quot;,&quot;pincode&quot;:&quot;123123&quot;,&quot;userid&quot;:&quot;B1oqv0Jjm1fd0pAcDURW&quot;,&quot;id&quot;:&quot;ptKTEngNtfcqrn45wmdj&quot;},{&quot;accountno&quot;:&quot;TA-Aug2201&quot;,&quot;departmentno&quot;:&quot;1&quot;,&quot;salary&quot;:&quot;15000&quot;,&quot;pincode&quot;:&quot;123123&quot;,&quot;userid&quot;:&quot;B1oqv0Jjm1fd0pAcDURW&quot;,&quot;id&quot;:&quot;MR2fuQbZ8p25gdAhrWXU&quot;},{&quot;accountno&quot;:&quot;PP-5000000&quot;,&quot;departmentno&quot;:5,&quot;salary&quot;:50000,&quot;pincode&quot;:534275,&quot;userid&quot;:&quot;FksuWSbSHbNE6tT8dEVu&quot;,&quot;id&quot;:&quot;5eUKV7ynZTs6jS9CYZEY&quot;},{&quot;accountno&quot;:&quot;PP-5000000&quot;,&quot;departmentno&quot;:5,&quot;salary&quot;:50000,&quot;pincode&quot;:534275,&quot;userid&quot;:&quot;FksuWSbSHbNE6tT8dEVu&quot;,&quot;id&quot;:&quot;abF9Vq2ScCz5EhXLIfJN&quot;},{&quot;accountno&quot;:&quot;PP-5000000&quot;,&quot;departmentno&quot;:5,&quot;salary&quot;:50000,&quot;pincode&quot;:534275,&quot;userid&quot;:&quot;FksuWSbSHbNE6tT8dEVu&quot;,&quot;id&quot;:&quot;upllNdMThTY4JIK8mwkX&quot;},{&quot;accountno&quot;:&quot;PP-5000000&quot;,&quot;departmentno&quot;:5,&quot;salary&quot;:50000,&quot;pincode&quot;:534275,&quot;userid&quot;:&quot;FksuWSbSHbNE6tT8dEVu&quot;,&quot;id&quot;:&quot;QwC6dDY1JYXWhP6g7fvS&quot;},{&quot;accountno&quot;:&quot;PP-5000000&quot;,&quot;departmentno&quot;:5,&quot;salary&quot;:50000,&quot;pincode&quot;:534275,&quot;userid&quot;:&quot;FksuWSbSHbNE6tT8dEVu&quot;,&quot;id&quot;:&quot;R9sDiPKWnAE1yDtVbPJ1&quot;},{&quot;accountno&quot;:&quot;PA-1212121&quot;,&quot;departmentno&quot;:&quot;1&quot;,&quot;salary&quot;:&quot;121212&quot;,&quot;pincode&quot;:&quot;121212&quot;,&quot;userid&quot;:&quot;yj4lLufi6vTtJtT0MKL8&quot;,&quot;id&quot;:&quot;EcecNwOpq5GossQOcW5z&quot;},{&quot;accountno&quot;:&quot;PA-1212121&quot;,&quot;departmentno&quot;:&quot;1&quot;,&quot;salary&quot;:&quot;121212&quot;,&quot;pincode&quot;:&quot;121212&quot;,&quot;userid&quot;:&quot;yj4lLufi6vTtJtT0MKL8&quot;,&quot;id&quot;:&quot;iF4p4zoDZz1HJL6uEvV2&quot;},{&quot;accountno&quot;:&quot;PR-dec1919&quot;,&quot;departmentno&quot;:&quot;4&quot;,&quot;salary&quot;:&quot;190000&quot;,&quot;pincode&quot;:&quot;123456&quot;,&quot;userid&quot;:&quot;lFrriDTCYr6R4iozUsUv&quot;,&quot;id&quot;:&quot;79TBL6q0kJfRWfXWmoez&quot;},{&quot;accountno&quot;:&quot;PP-5000000&quot;,&quot;departmentno&quot;:5,&quot;salary&quot;:50000,&quot;pincode&quot;:534275,&quot;userid&quot;:&quot;FksuWSbSHbNE6tT8dEVu&quot;,&quot;id&quot;:&quot;7SMi8EcMhW6oHpER1qP3&quot;},{&quot;accountno&quot;:&quot;PP-5000000&quot;,&quot;departmentno&quot;:5,&quot;salary&quot;:50000,&quot;pincode&quot;:534275,&quot;userid&quot;:&quot;FksuWSbSHbNE6tT8dEVu&quot;,&quot;id&quot;:&quot;zy7m4n6M2CC0jKnsbTg3&quot;},{&quot;accountno&quot;:&quot;PP-5000000&quot;,&quot;departmentno&quot;:5,&quot;salary&quot;:50000,&quot;pincode&quot;:534275,&quot;userid&quot;:&quot;FksuWSbSHbNE6tT8dEVu&quot;,&quot;id&quot;:&quot;B8OUfGdKjv6Ly58mWjo5&quot;},{&quot;accountno&quot;:&quot;PP-5000000&quot;,&quot;departmentno&quot;:5,&quot;salary&quot;:50000,&quot;pincode&quot;:534275,&quot;userid&quot;:&quot;FksuWSbSHbNE6tT8dEVu&quot;,&quot;id&quot;:&quot;dkv07FGXyRatteUZwxNz&quot;},{&quot;accountno&quot;:&quot;PP-5000000&quot;,&quot;departmentno&quot;:5,&quot;salary&quot;:50000,&quot;pincode&quot;:534275,&quot;userid&quot;:&quot;FksuWSbSHbNE6tT8dEVu&quot;,&quot;id&quot;:&quot;vs8BYMyG3VGjVUeubGWh&quot;},{&quot;accountno&quot;:&quot;PP-5000000&quot;,&quot;departmentno&quot;:5,&quot;salary&quot;:50000,&quot;pincode&quot;:534275,&quot;userid&quot;:&quot;FksuWSbSHbNE6tT8dEVu&quot;,&quot;id&quot;:&quot;PXxEqZAogiJETkQ43eBF&quot;},{&quot;accountno&quot;:&quot;PP-5000000&quot;,&quot;departmentno&quot;:5,&quot;salary&quot;:50000,&quot;pincode&quot;:534275,&quot;userid&quot;:&quot;FksuWSbSHbNE6tT8dEVu&quot;,&quot;id&quot;:&quot;1R5jQVxmlEjuyHD57NFA&quot;},{&quot;accountno&quot;:&quot;BN-1234535&quot;,&quot;departmentno&quot;:&quot;7&quot;,&quot;salary&quot;:&quot;12190&quot;,&quot;pincode&quot;:&quot;123458&quot;,&quot;userid&quot;:&quot;wvTE1ZsqbgfOMtiFejpq&quot;,&quot;id&quot;:&quot;sFzsPUwp75VovcyzZRlE&quot;},{&quot;accountno&quot;:&quot;TA-900000&quot;,&quot;departmentno&quot;:&quot;4&quot;,&quot;salary&quot;:&quot;15000&quot;,&quot;pincode&quot;:&quot;321321&quot;,&quot;userid&quot;:&quot;vTqHKffvK4WIXGi0xuLU&quot;,&quot;id&quot;:&quot;n6M9oQPLpcX1d4fFarOa&quot;},{&quot;accountno&quot;:&quot;TA-900000&quot;,&quot;departmentno&quot;:&quot;4&quot;,&quot;salary&quot;:&quot;15000&quot;,&quot;pincode&quot;:&quot;321321&quot;,&quot;userid&quot;:&quot;vTqHKffvK4WIXGi0xuLU&quot;,&quot;id&quot;:&quot;azLhi1Ty7yIdPRbRhPtM&quot;},{&quot;accountno&quot;:&quot;TA-900000&quot;,&quot;departmentno&quot;:&quot;4&quot;,&quot;salary&quot;:&quot;15000&quot;,&quot;pincode&quot;:&quot;321321&quot;,&quot;userid&quot;:&quot;vTqHKffvK4WIXGi0xuLU&quot;,&quot;id&quot;:&quot;cbPILYsTNHRzPvZm9nvx&quot;},{&quot;accountno&quot;:&quot;TA-900000&quot;,&quot;departmentno&quot;:&quot;4&quot;,&quot;salary&quot;:&quot;15000&quot;,&quot;pincode&quot;:&quot;321321&quot;,&quot;userid&quot;:&quot;vTqHKffvK4WIXGi0xuLU&quot;,&quot;id&quot;:&quot;47jyR30GjLSNazM3PYvQ&quot;},{&quot;accountno&quot;:&quot;TA-900000&quot;,&quot;departmentno&quot;:&quot;4&quot;,&quot;salary&quot;:&quot;15000&quot;,&quot;pincode&quot;:&quot;321321&quot;,&quot;userid&quot;:&quot;vTqHKffvK4WIXGi0xuLU&quot;,&quot;id&quot;:&quot;paZRDoGuznJPZzR1YvTk&quot;},{&quot;accountno&quot;:&quot;TA-900000&quot;,&quot;departmentno&quot;:&quot;4&quot;,&quot;salary&quot;:&quot;15000&quot;,&quot;pincode&quot;:&quot;321321&quot;,&quot;userid&quot;:&quot;vTqHKffvK4WIXGi0xuLU&quot;,&quot;id&quot;:&quot;slbNFvxq6ywS4kdfH4wb&quot;},{&quot;accountno&quot;:&quot;TA-900000&quot;,&quot;departmentno&quot;:&quot;4&quot;,&quot;salary&quot;:&quot;15000&quot;,&quot;pincode&quot;:&quot;321321&quot;,&quot;userid&quot;:&quot;vTqHKffvK4WIXGi0xuLU&quot;,&quot;id&quot;:&quot;GgElEdYuUC3g99rvmPXL&quot;},{&quot;accountno&quot;:&quot;TA-900000&quot;,&quot;departmentno&quot;:&quot;4&quot;,&quot;salary&quot;:&quot;15000&quot;,&quot;pincode&quot;:&quot;321321&quot;,&quot;userid&quot;:&quot;vTqHKffvK4WIXGi0xuLU&quot;,&quot;id&quot;:&quot;JkNrvx2eSynT3rQYFFdU&quot;},{&quot;accountno&quot;:&quot;TA-900000&quot;,&quot;departmentno&quot;:&quot;4&quot;,&quot;salary&quot;:&quot;15000&quot;,&quot;pincode&quot;:&quot;321321&quot;,&quot;userid&quot;:&quot;vTqHKffvK4WIXGi0xuLU&quot;,&quot;id&quot;:&quot;Tr3SvvG1IYE77M0XAnxO&quot;},{&quot;accountno&quot;:&quot;TA-900000&quot;,&quot;departmentno&quot;:&quot;4&quot;,&quot;salary&quot;:&quot;15000&quot;,&quot;pincode&quot;:&quot;321321&quot;,&quot;userid&quot;:&quot;vTqHKffvK4WIXGi0xuLU&quot;,&quot;id&quot;:&quot;UopD0ppTyosVEZ49rSYE&quot;},{&quot;accountno&quot;:&quot;TA-900000&quot;,&quot;departmentno&quot;:&quot;4&quot;,&quot;salary&quot;:&quot;15000&quot;,&quot;pincode&quot;:&quot;321321&quot;,&quot;userid&quot;:&quot;vTqHKffvK4WIXGi0xuLU&quot;,&quot;id&quot;:&quot;aQhJb2wUmlSnDQjyqudg&quot;},{&quot;accountno&quot;:&quot;TA-900000&quot;,&quot;departmentno&quot;:&quot;4&quot;,&quot;salary&quot;:&quot;15000&quot;,&quot;pincode&quot;:&quot;321321&quot;,&quot;userid&quot;:&quot;vTqHKffvK4WIXGi0xuLU&quot;,&quot;id&quot;:&quot;lqPm8V1mU43u6yMPIu7k&quot;},{&quot;accountno&quot;:&quot;TA-900000&quot;,&quot;departmentno&quot;:&quot;4&quot;,&quot;salary&quot;:&quot;15000&quot;,&quot;pincode&quot;:&quot;321321&quot;,&quot;userid&quot;:&quot;vTqHKffvK4WIXGi0xuLU&quot;,&quot;id&quot;:&quot;KPHw0hcFZmFcFiDs215i&quot;},{&quot;accountno&quot;:&quot;GH-4000000&quot;,&quot;departmentno&quot;:4,&quot;salary&quot;:40000,&quot;pincode&quot;:543219,&quot;userid&quot;:&quot;FksuWSbSHbNE6tT8dEVu&quot;,&quot;id&quot;:&quot;z4tCCxsoZdqBIrqiI8NS&quot;},{&quot;accountno&quot;:&quot;TA-900000&quot;,&quot;departmentno&quot;:&quot;4&quot;,&quot;salary&quot;:&quot;15000&quot;,&quot;pincode&quot;:&quot;321321&quot;,&quot;userid&quot;:&quot;vTqHKffvK4WIXGi0xuLU&quot;,&quot;id&quot;:&quot;lMkoKYvLPISdV8G6hvgF&quot;},{&quot;accountno&quot;:&quot;AB-5550010&quot;,&quot;departmentno&quot;:&quot;8&quot;,&quot;salary&quot;:&quot;3954&quot;,&quot;pincode&quot;:&quot;000161&quot;,&quot;userid&quot;:&quot;EWy6Ksl0tMcoPJU09bj8&quot;,&quot;id&quot;:&quot;LR9qUxi4zfPRWnEOYVWn&quot;},{&quot;accountno&quot;:&quot;GH-4000000&quot;,&quot;departmentno&quot;:4,&quot;salary&quot;:40000,&quot;pincode&quot;:543219,&quot;userid&quot;:&quot;FksuWSbSHbNE6tT8dEVu&quot;,&quot;id&quot;:&quot;8xYxuloIjDQti58YvRpF&quot;},{&quot;accountno&quot;:&quot;TA-Aug2202&quot;,&quot;departmentno&quot;:&quot;1&quot;,&quot;salary&quot;:&quot;5000&quot;,&quot;pincode&quot;:&quot;123123&quot;,&quot;userid&quot;:&quot;f4dTFeiZ4qiLC5JTtieF&quot;,&quot;id&quot;:&quot;PN5IzEUgyjnXTnAgDfjd&quot;},{&quot;accountno&quot;:&quot;TA-Aug2202&quot;,&quot;departmentno&quot;:&quot;1&quot;,&quot;salary&quot;:&quot;5000&quot;,&quot;pincode&quot;:&quot;123123&quot;,&quot;userid&quot;:&quot;f4dTFeiZ4qiLC5JTtieF&quot;,&quot;id&quot;:&quot;xl7npyBQpMRXyiw5ZSk3&quot;},{&quot;accountno&quot;:&quot;GH-4000000&quot;,&quot;departmentno&quot;:4,&quot;salary&quot;:40000,&quot;pincode&quot;:543219,&quot;userid&quot;:&quot;FksuWSbSHbNE6tT8dEVu&quot;,&quot;id&quot;:&quot;hmq95k3SaGsymYcPjMps&quot;},{&quot;accountno&quot;:&quot;TA-Aug2202&quot;,&quot;departmentno&quot;:&quot;1&quot;,&quot;salary&quot;:&quot;5000&quot;,&quot;pincode&quot;:&quot;123123&quot;,&quot;userid&quot;:&quot;f4dTFeiZ4qiLC5JTtieF&quot;,&quot;id&quot;:&quot;nidlAXxdUSLkJTiVeugN&quot;},{&quot;accountno&quot;:&quot;TA-Aug2202&quot;,&quot;departmentno&quot;:&quot;1&quot;,&quot;salary&quot;:&quot;5000&quot;,&quot;pincode&quot;:&quot;123123&quot;,&quot;userid&quot;:&quot;f4dTFeiZ4qiLC5JTtieF&quot;,&quot;id&quot;:&quot;qK7wAzo6sPjH7rhkVRaB&quot;},{&quot;accountno&quot;:&quot;TA-Aug2333&quot;,&quot;departmentno&quot;:&quot;4&quot;,&quot;salary&quot;:&quot;7890&quot;,&quot;pincode&quot;:&quot;123123&quot;,&quot;userid&quot;:&quot;R3zHMCMybn4kzH04QFyi&quot;,&quot;id&quot;:&quot;Vn4KBmDldE6TYPiixAV1&quot;},{&quot;accountno&quot;:&quot;TA-Aug2202&quot;,&quot;departmentno&quot;:3,&quot;salary&quot;:6000,&quot;pincode&quot;:123123,&quot;userid&quot;:&quot;B1oqv0Jjm1fd0pAcDURW&quot;,&quot;id&quot;:&quot;ZVqm0O2Wl2lrqnNXn6ze&quot;},{&quot;accountno&quot;:&quot;TA-Aug2201&quot;,&quot;departmentno&quot;:&quot;1&quot;,&quot;salary&quot;:&quot;5500&quot;,&quot;pincode&quot;:&quot;123123&quot;,&quot;userid&quot;:&quot;B1oqv0Jjm1fd0pAcDURW&quot;,&quot;id&quot;:&quot;PY19IT5OjvSuF7ms4p9y&quot;},{&quot;accountno&quot;:&quot;TA-Aug2201&quot;,&quot;departmentno&quot;:&quot;2&quot;,&quot;salary&quot;:&quot;5000&quot;,&quot;pincode&quot;:&quot;123123&quot;,&quot;userid&quot;:&quot;kDQiLKKblSyJulFjTqRB&quot;,&quot;id&quot;:&quot;gXF8RtO5xr8hB5Cf6PFu&quot;},{&quot;accountno&quot;:&quot;TA-Aug2201&quot;,&quot;departmentno&quot;:&quot;2&quot;,&quot;salary&quot;:&quot;5000&quot;,&quot;pincode&quot;:&quot;123123&quot;,&quot;userid&quot;:&quot;kDQiLKKblSyJulFjTqRB&quot;,&quot;id&quot;:&quot;pOzjQuxcJFP5XmlVQDNE&quot;},{&quot;accountno&quot;:&quot;TA-Aug20220&quot;,&quot;departmentno&quot;:&quot;3&quot;,&quot;salary&quot;:&quot;159515&quot;,&quot;pincode&quot;:&quot;123432&quot;,&quot;userid&quot;:&quot;Bu7YqKvWvrkCmXSzTgNR&quot;,&quot;id&quot;:&quot;CaSM1UK3728tsZe9YGjb&quot;},{&quot;accountno&quot;:&quot;TA-Aug2201&quot;,&quot;departmentno&quot;:&quot;1&quot;,&quot;salary&quot;:&quot;5500&quot;,&quot;pincode&quot;:&quot;123123&quot;,&quot;userid&quot;:&quot;B1oqv0Jjm1fd0pAcDURW&quot;,&quot;id&quot;:&quot;dU8xPPkn9nIFPenH7UbN&quot;},{&quot;accountno&quot;:&quot;TA-KHR1222&quot;,&quot;departmentno&quot;:&quot;7&quot;,&quot;salary&quot;:&quot;10000&quot;,&quot;pincode&quot;:&quot;201711&quot;,&quot;userid&quot;:&quot;vwpd6zlR3Yh9sCveq3Mo&quot;,&quot;id&quot;:&quot;SWlXKQP2XE88EG2cIiJU&quot;},{&quot;accountno&quot;:&quot;TA-Aug2202&quot;,&quot;departmentno&quot;:&quot;1&quot;,&quot;salary&quot;:&quot;5000&quot;,&quot;pincode&quot;:&quot;123123&quot;,&quot;userid&quot;:&quot;V59Tl9UC08YWUQryObt6&quot;,&quot;id&quot;:&quot;Zrlq8jwcVRsge4VMcfbF&quot;},{&quot;accountno&quot;:&quot;TA-Aug2202&quot;,&quot;departmentno&quot;:&quot;1&quot;,&quot;salary&quot;:&quot;5000&quot;,&quot;pincode&quot;:&quot;123123&quot;,&quot;userid&quot;:&quot;V59Tl9UC08YWUQryObt6&quot;,&quot;id&quot;:&quot;cs1b1anNIU66DrDKA9q5&quot;},{&quot;accountno&quot;:&quot;TA-Aug2202&quot;,&quot;departmentno&quot;:&quot;1&quot;,&quot;salary&quot;:&quot;5000&quot;,&quot;pincode&quot;:&quot;123123&quot;,&quot;userid&quot;:&quot;V59Tl9UC08YWUQryObt6&quot;,&quot;id&quot;:&quot;fpDCo06gHfhXopLcedwC&quot;},{&quot;accountno&quot;:&quot;TA-Aug2202&quot;,&quot;departmentno&quot;:&quot;1&quot;,&quot;salary&quot;:&quot;5000&quot;,&quot;pincode&quot;:&quot;123123&quot;,&quot;userid&quot;:&quot;V59Tl9UC08YWUQryObt6&quot;,&quot;id&quot;:&quot;u6axAhZyeOEpqNTpMQnp&quot;},{&quot;accountno&quot;:&quot;TA-Aug2202&quot;,&quot;departmentno&quot;:&quot;1&quot;,&quot;salary&quot;:&quot;5000&quot;,&quot;pincode&quot;:&quot;123123&quot;,&quot;userid&quot;:&quot;V59Tl9UC08YWUQryObt6&quot;,&quot;id&quot;:&quot;nK01CmedHaUinsfTWKHc&quot;},{&quot;accountno&quot;:&quot;TA-hgfnbvb&quot;,&quot;departmentno&quot;:&quot;5&quot;,&quot;salary&quot;:&quot;400987&quot;,&quot;pincode&quot;:&quot;656476&quot;,&quot;userid&quot;:&quot;v1uYEHd2E05Ci9RYpbUG&quot;,&quot;id&quot;:&quot;n7hDarlMeouI2EsyvfVD&quot;},{&quot;accountno&quot;:&quot;GH-4000000&quot;,&quot;departmentno&quot;:4,&quot;salary&quot;:40000,&quot;pincode&quot;:543219,&quot;userid&quot;:&quot;FksuWSbSHbNE6tT8dEVu&quot;,&quot;id&quot;:&quot;Gh8hQcCe9egX4ofFhOlD&quot;},{&quot;accountno&quot;:&quot;&quot;,&quot;departmentno&quot;:9,&quot;salary&quot;:100,&quot;pincode&quot;:500001,&quot;userid&quot;:&quot;FksuWSbSHbNE6tT8dEVu&quot;,&quot;id&quot;:&quot;G9AoKiGwEboWu4pbM5id&quot;},{&quot;accountno&quot;:&quot;AB-1000000&quot;,&quot;departmentno&quot;:10,&quot;salary&quot;:10000,&quot;pincode&quot;:543219,&quot;userid&quot;:&quot;FksuWSbSHbNE6tT8dEVu&quot;,&quot;id&quot;:&quot;39tmXEZ5bQQKvcgyxEa8&quot;},{&quot;accountno&quot;:&quot;TA-aaaaaaa&quot;,&quot;departmentno&quot;:&quot;1&quot;,&quot;salary&quot;:&quot;10000&quot;,&quot;pincode&quot;:&quot;111111&quot;,&quot;userid&quot;:&quot;zhFI4oQlHjP2cn3mW3GP&quot;,&quot;id&quot;:&quot;jxCjDD3zOCbTMmMDvDFZ&quot;},{&quot;accountno&quot;:&quot;TA-Aug2206&quot;,&quot;departmentno&quot;:7,&quot;salary&quot;:2000,&quot;pincode&quot;:123123,&quot;userid&quot;:&quot;dRbEIEggsKpGHF7Gxenw&quot;,&quot;id&quot;:&quot;ek2fmXGTvMvTwLNXTV2T&quot;},{&quot;accountno&quot;:&quot;CN-1000000&quot;,&quot;departmentno&quot;:10,&quot;salary&quot;:10000,&quot;pincode&quot;:543219,&quot;userid&quot;:&quot;FksuWSbSHbNE6tT8dEVu&quot;,&quot;id&quot;:&quot;vuvvNR73vCgg1INeZsmz&quot;},{&quot;accountno&quot;:&quot;CN-1000000&quot;,&quot;departmentno&quot;:10,&quot;salary&quot;:10000,&quot;pincode&quot;:543219,&quot;userid&quot;:&quot;FksuWSbSHbNE6tT8dEVu&quot;,&quot;id&quot;:&quot;odQ5syN8o5zSfmYOTJN8&quot;},{&quot;accountno&quot;:&quot;DR-1000001&quot;,&quot;departmentno&quot;:&quot;2&quot;,&quot;salary&quot;:&quot;100000&quot;,&quot;pincode&quot;:&quot;470002&quot;,&quot;userid&quot;:&quot;yj4lLufi6vTtJtT0MKL8&quot;,&quot;id&quot;:&quot;YUHfj1kHgeCwfm6QO2IH&quot;},{&quot;accountno&quot;:&quot;CN-1000000&quot;,&quot;departmentno&quot;:10,&quot;salary&quot;:10000,&quot;pincode&quot;:543219,&quot;userid&quot;:&quot;FksuWSbSHbNE6tT8dEVu&quot;,&quot;id&quot;:&quot;kfV9PoQ72Q8Y178Rfh1A&quot;},{&quot;accountno&quot;:&quot;CN-1000000&quot;,&quot;departmentno&quot;:10,&quot;salary&quot;:10000,&quot;pincode&quot;:543219,&quot;userid&quot;:&quot;FksuWSbSHbNE6tT8dEVu&quot;,&quot;id&quot;:&quot;yHSosjSSazObHfiRVoYS&quot;},{&quot;accountno&quot;:&quot;CN-1000000&quot;,&quot;departmentno&quot;:10,&quot;salary&quot;:10000,&quot;pincode&quot;:543219,&quot;userid&quot;:&quot;FksuWSbSHbNE6tT8dEVu&quot;,&quot;id&quot;:&quot;uxMyKS3SLHQ6yGDYTpXW&quot;},{&quot;accountno&quot;:&quot;CN-1000000&quot;,&quot;departmentno&quot;:10,&quot;salary&quot;:10000,&quot;pincode&quot;:543219,&quot;userid&quot;:&quot;FksuWSbSHbNE6tT8dEVu&quot;,&quot;id&quot;:&quot;GFT2pM182GH3y3MUS1L6&quot;},{&quot;accountno&quot;:&quot;CN-1000000&quot;,&quot;departmentno&quot;:10,&quot;salary&quot;:10000,&quot;pincode&quot;:543219,&quot;userid&quot;:&quot;FksuWSbSHbNE6tT8dEVu&quot;,&quot;id&quot;:&quot;i1zpVdWgPudvyXLWEYmf&quot;},{&quot;accountno&quot;:&quot;TA-Aug2203&quot;,&quot;departmentno&quot;:&quot;5&quot;,&quot;salary&quot;:&quot;2000&quot;,&quot;pincode&quot;:&quot;123123&quot;,&quot;userid&quot;:&quot;dRbEIEggsKpGHF7Gxenw&quot;,&quot;id&quot;:&quot;inWRrYi3oaovghNUiVwQ&quot;},{&quot;accountno&quot;:&quot;TA-Aug2022&quot;,&quot;departmentno&quot;:&quot;3&quot;,&quot;salary&quot;:&quot;3000&quot;,&quot;pincode&quot;:&quot;123123&quot;,&quot;userid&quot;:&quot;dRbEIEggsKpGHF7Gxenw&quot;,&quot;id&quot;:&quot;DYhb0bYsXJrpPy4mJp6M&quot;},{&quot;accountno&quot;:&quot;TA-Aug2201&quot;,&quot;departmentno&quot;:&quot;2&quot;,&quot;salary&quot;:&quot;6000&quot;,&quot;pincode&quot;:&quot;123123&quot;,&quot;userid&quot;:&quot;dRbEIEggsKpGHF7Gxenw&quot;,&quot;id&quot;:&quot;JNFbZxWBnATD67btxbQI&quot;},{&quot;accountno&quot;:&quot;TA-Apr123&quot;,&quot;departmentno&quot;:&quot;3&quot;,&quot;salary&quot;:&quot;40000&quot;,&quot;pincode&quot;:&quot;423456&quot;,&quot;userid&quot;:&quot;lFrriDTCYr6R4iozUsUv&quot;,&quot;id&quot;:&quot;GmivUrxnGpOfiwc1Lf7v&quot;},{&quot;accountno&quot;:&quot;TA-Jul2345&quot;,&quot;departmentno&quot;:&quot;3&quot;,&quot;salary&quot;:&quot;333224&quot;,&quot;pincode&quot;:&quot;456456&quot;,&quot;userid&quot;:&quot;lFrriDTCYr6R4iozUsUv&quot;,&quot;id&quot;:&quot;zVSZ8b2ZFrgPLLO7BGy3&quot;},{&quot;accountno&quot;:&quot;TA-LTK2022&quot;,&quot;departmentno&quot;:3,&quot;salary&quot;:30000,&quot;pincode&quot;:123456,&quot;userid&quot;:&quot;LojuRb6bN14xurmRubc2&quot;,&quot;id&quot;:&quot;UzXBrIDAiXI5SCj3TBU2&quot;},{&quot;accountno&quot;:&quot;CN-1000000&quot;,&quot;departmentno&quot;:10,&quot;salary&quot;:10000,&quot;pincode&quot;:543219,&quot;userid&quot;:&quot;FksuWSbSHbNE6tT8dEVu&quot;,&quot;id&quot;:&quot;ybJMuf7KZFT2PuggnIW9&quot;},{&quot;accountno&quot;:&quot;TA-Aug2202&quot;,&quot;departmentno&quot;:7,&quot;salary&quot;:5000,&quot;pincode&quot;:123123,&quot;userid&quot;:&quot;zhFI4oQlHjP2cn3mW3GP&quot;,&quot;id&quot;:&quot;Kg1jWLcYpUDMfOJFxhJT&quot;},{&quot;accountno&quot;:&quot;TA-Aug2202&quot;,&quot;departmentno&quot;:&quot;1&quot;,&quot;salary&quot;:&quot;5000&quot;,&quot;pincode&quot;:&quot;123123&quot;,&quot;userid&quot;:&quot;f4dTFeiZ4qiLC5JTtieF&quot;,&quot;id&quot;:&quot;NgzAIfzJEUl5WlQQu9PT&quot;},{&quot;accountno&quot;:&quot;TA-Oct2022&quot;,&quot;departmentno&quot;:&quot;2&quot;,&quot;salary&quot;:&quot;7000&quot;,&quot;pincode&quot;:&quot;123123&quot;,&quot;userid&quot;:&quot;v1uYEHd2E05Ci9RYpbUG&quot;,&quot;id&quot;:&quot;mqfuPfcw4yXbUhM9qOq8&quot;},{&quot;accountno&quot;:&quot;TA-august2&quot;,&quot;departmentno&quot;:&quot;9&quot;,&quot;salary&quot;:&quot;40000&quot;,&quot;pincode&quot;:&quot;126709&quot;,&quot;userid&quot;:&quot;eBRuYScWp9uBKFbSzbLs&quot;,&quot;id&quot;:&quot;E6tFz28fGtYvv27ZdxG7&quot;},{&quot;accountno&quot;:&quot;TA-KHR1222&quot;,&quot;departmentno&quot;:&quot;7&quot;,&quot;salary&quot;:&quot;10000&quot;,&quot;pincode&quot;:&quot;201711&quot;,&quot;userid&quot;:&quot;vwpd6zlR3Yh9sCveq3Mo&quot;,&quot;id&quot;:&quot;TmXZZXpj0Fcqx0KxtiQo&quot;},{&quot;accountno&quot;:&quot;TA-AUG2202&quot;,&quot;departmentno&quot;:5,&quot;salary&quot;:8000,&quot;pincode&quot;:121212,&quot;userid&quot;:&quot;zwnVZyE1SBMYUL7p1CCp&quot;,&quot;id&quot;:&quot;PxRE8D7PgqqbzCeH8LC3&quot;},{&quot;accountno&quot;:&quot;TA-jan2220&quot;,&quot;departmentno&quot;:&quot;2&quot;,&quot;salary&quot;:&quot;1000&quot;,&quot;pincode&quot;:&quot;123456&quot;,&quot;userid&quot;:&quot;zwnVZyE1SBMYUL7p1CCp&quot;,&quot;id&quot;:&quot;KmMFC0i0Oj9NuVmhUSYD&quot;},{&quot;accountno&quot;:&quot;TA-jan2220&quot;,&quot;departmentno&quot;:&quot;2&quot;,&quot;salary&quot;:&quot;1000&quot;,&quot;pincode&quot;:&quot;123456&quot;,&quot;userid&quot;:&quot;zwnVZyE1SBMYUL7p1CCp&quot;,&quot;id&quot;:&quot;EkUWznALolOPRCoBnpH9&quot;},{&quot;accountno&quot;:&quot;TA-jan2220&quot;,&quot;departmentno&quot;:&quot;2&quot;,&quot;salary&quot;:&quot;1000&quot;,&quot;pincode&quot;:&quot;123456&quot;,&quot;userid&quot;:&quot;zwnVZyE1SBMYUL7p1CCp&quot;,&quot;id&quot;:&quot;Wvn3aAlrIz9YPEWWw4HZ&quot;},{&quot;accountno&quot;:&quot;DR-1000001&quot;,&quot;departmentno&quot;:&quot;2&quot;,&quot;salary&quot;:&quot;100000&quot;,&quot;pincode&quot;:&quot;470002&quot;,&quot;userid&quot;:&quot;f4dTFeiZ4qiLC5JTtieF&quot;,&quot;id&quot;:&quot;V25G6ndbTnpBUvgylbrS&quot;},{&quot;accountno&quot;:&quot;CN-1000000&quot;,&quot;departmentno&quot;:10,&quot;salary&quot;:10000,&quot;pincode&quot;:543219,&quot;userid&quot;:&quot;FksuWSbSHbNE6tT8dEVu&quot;,&quot;id&quot;:&quot;Z8nJeJ63eWiHX0TQViFU&quot;},{&quot;accountno&quot;:&quot;CN-1000000&quot;,&quot;departmentno&quot;:10,&quot;salary&quot;:10000,&quot;pincode&quot;:543219,&quot;userid&quot;:&quot;FksuWSbSHbNE6tT8dEVu&quot;,&quot;id&quot;:&quot;q9QnyIsG20lUEnIkJOH0&quot;},{&quot;accountno&quot;:&quot;TA- aug220&quot;,&quot;departmentno&quot;:2,&quot;salary&quot;:5000,&quot;pincode&quot;:123123,&quot;userid&quot;:&quot;dRbEIEggsKpGHF7Gxenw&quot;,&quot;id&quot;:&quot;LPhtymfN3Ad2TCAxETSH&quot;},{&quot;accountno&quot;:&quot;BN-1234535&quot;,&quot;departmentno&quot;:&quot;7&quot;,&quot;salary&quot;:&quot;12190&quot;,&quot;pincode&quot;:&quot;123458&quot;,&quot;userid&quot;:&quot;wvTE1ZsqbgfOMtiFejpq&quot;,&quot;id&quot;:&quot;bUWZMHKzQ82B8cfamwVF&quot;},{&quot;accountno&quot;:&quot;99999999&quot;,&quot;departmentno&quot;:&quot;109&quot;,&quot;salary&quot;:&quot;90009&quot;,&quot;pincode&quot;:&quot;909090&quot;,&quot;userid&quot;:&quot;QZG5HCtogYDoLSFP2aTC&quot;,&quot;id&quot;:&quot;ypcesToUhIPEgwX5sx0W&quot;},{&quot;accountno&quot;:&quot;99999999&quot;,&quot;departmentno&quot;:&quot;109&quot;,&quot;salary&quot;:&quot;90009&quot;,&quot;pincode&quot;:&quot;909090&quot;,&quot;userid&quot;:&quot;QZG5HCtogYDoLSFP2aTC&quot;,&quot;id&quot;:&quot;cDdrsGXzL09WeruA0klr&quot;},{&quot;accountno&quot;:&quot;99999999&quot;,&quot;departmentno&quot;:&quot;109&quot;,&quot;salary&quot;:&quot;90009&quot;,&quot;pincode&quot;:&quot;909090&quot;,&quot;userid&quot;:&quot;QZG5HCtogYDoLSFP2aTC&quot;,&quot;id&quot;:&quot;NI7kEadsDAnQ3FPFpqKp&quot;},{&quot;accountno&quot;:&quot;99999999&quot;,&quot;departmentno&quot;:&quot;109&quot;,&quot;salary&quot;:&quot;90009&quot;,&quot;pincode&quot;:&quot;909090&quot;,&quot;userid&quot;:&quot;QZG5HCtogYDoLSFP2aTC&quot;,&quot;id&quot;:&quot;Q8UkqNBWtgVw3jPWBmxI&quot;},{&quot;accountno&quot;:&quot;99999999&quot;,&quot;departmentno&quot;:&quot;109&quot;,&quot;salary&quot;:&quot;90009&quot;,&quot;pincode&quot;:&quot;909090&quot;,&quot;userid&quot;:&quot;QZG5HCtogYDoLSFP2aTC&quot;,&quot;id&quot;:&quot;FsrCYwMNvDLduj9bxJ00&quot;},{&quot;accountno&quot;:&quot;TA-9080709&quot;,&quot;departmentno&quot;:&quot;1&quot;,&quot;salary&quot;:&quot;15000&quot;,&quot;pincode&quot;:&quot;321321&quot;,&quot;userid&quot;:&quot;vTqHKffvK4WIXGi0xuLU&quot;,&quot;id&quot;:&quot;KrOjsayGJQMyz8NuvB7d&quot;},{&quot;accountno&quot;:&quot;TA-Aug2202S&quot;,&quot;departmentno&quot;:&quot;2&quot;,&quot;salary&quot;:&quot;6000&quot;,&quot;pincode&quot;:&quot;1231234&quot;,&quot;userid&quot;:&quot;lHhp65r4d1hmmDs5lVPV&quot;,&quot;id&quot;:&quot;wrLOZLvE5VsY4IulySOl&quot;},{&quot;accountno&quot;:&quot;TA-Aug2022&quot;,&quot;departmentno&quot;:&quot;5&quot;,&quot;salary&quot;:&quot;70000&quot;,&quot;pincode&quot;:&quot;678905&quot;,&quot;userid&quot;:&quot;lHhp65r4d1hmmDs5lVPV&quot;,&quot;id&quot;:&quot;wVRZJIPH5X4W5bRpcyqC&quot;},{&quot;accountno&quot;:&quot;TA-Aug1999&quot;,&quot;departmentno&quot;:&quot;4&quot;,&quot;salary&quot;:&quot;159515&quot;,&quot;pincode&quot;:&quot;123432&quot;,&quot;userid&quot;:&quot;Bu7YqKvWvrkCmXSzTgNR&quot;,&quot;id&quot;:&quot;CcUjLpV3PYuwYbXE62hD&quot;},{&quot;accountno&quot;:&quot;TA-qadeept&quot;,&quot;departmentno&quot;:&quot;9&quot;,&quot;salary&quot;:&quot;9000&quot;,&quot;pincode&quot;:&quot;999999&quot;,&quot;userid&quot;:&quot;f4dTFeiZ4qiLC5JTtieF&quot;,&quot;id&quot;:&quot;eQNi315yvHvnDGG7a7aA&quot;},{&quot;accountno&quot;:&quot;TA-qadeept&quot;,&quot;departmentno&quot;:&quot;9&quot;,&quot;salary&quot;:&quot;9000&quot;,&quot;pincode&quot;:&quot;999999&quot;,&quot;userid&quot;:&quot;f4dTFeiZ4qiLC5JTtieF&quot;,&quot;id&quot;:&quot;KevAuyLnTteyK3t8EpKQ&quot;},{&quot;accountno&quot;:&quot;TA-qadeept&quot;,&quot;departmentno&quot;:&quot;9&quot;,&quot;salary&quot;:&quot;9000&quot;,&quot;pincode&quot;:&quot;999999&quot;,&quot;userid&quot;:&quot;f4dTFeiZ4qiLC5JTtieF&quot;,&quot;id&quot;:&quot;N7lwEuZElc9DoNqf1C1Z&quot;},{&quot;accountno&quot;:&quot;99999999&quot;,&quot;departmentno&quot;:&quot;109&quot;,&quot;salary&quot;:&quot;90009&quot;,&quot;pincode&quot;:&quot;909090&quot;,&quot;userid&quot;:&quot;QZG5HCtogYDoLSFP2aTC&quot;,&quot;id&quot;:&quot;4Xpjwq3TPi9d2ONan0U7&quot;},{&quot;accountno&quot;:&quot;TA-2222334&quot;,&quot;departmentno&quot;:5,&quot;salary&quot;:4000,&quot;pincode&quot;:123458,&quot;userid&quot;:&quot;vTqHKffvK4WIXGi0xuLU&quot;,&quot;id&quot;:&quot;eAWUbL1ADkWd7x2DETsw&quot;},{&quot;accountno&quot;:&quot;TA-Oct2022&quot;,&quot;departmentno&quot;:&quot;1&quot;,&quot;salary&quot;:&quot;7000&quot;,&quot;pincode&quot;:&quot;123123&quot;,&quot;userid&quot;:&quot;v1uYEHd2E05Ci9RYpbUG&quot;,&quot;id&quot;:&quot;UKUBjsWi8sjsRTaikS4s&quot;},{&quot;accountno&quot;:&quot;TA-AUG2202&quot;,&quot;departmentno&quot;:1,&quot;salary&quot;:3000,&quot;pincode&quot;:121212,&quot;userid&quot;:&quot;Bu7YqKvWvrkCmXSzTgNR&quot;,&quot;id&quot;:&quot;Jv2PYI8pgoe28lQEVJcw&quot;},{&quot;accountno&quot;:&quot;TA-oct2022&quot;,&quot;departmentno&quot;:&quot;4&quot;,&quot;salary&quot;:&quot;35000&quot;,&quot;pincode&quot;:&quot;123478&quot;,&quot;userid&quot;:&quot;eBRuYScWp9uBKFbSzbLs&quot;,&quot;id&quot;:&quot;YyttGKtItAtN5XhNa6IN&quot;},{&quot;accountno&quot;:&quot;TA-KHR1222&quot;,&quot;departmentno&quot;:&quot;7&quot;,&quot;salary&quot;:&quot;10000&quot;,&quot;pincode&quot;:&quot;201711&quot;,&quot;userid&quot;:&quot;vwpd6zlR3Yh9sCveq3Mo&quot;,&quot;id&quot;:&quot;sidikaX2xrKWAKJ6sos6&quot;},{&quot;accountno&quot;:&quot;TA-KHR2022&quot;,&quot;departmentno&quot;:2,&quot;salary&quot;:17000,&quot;pincode&quot;:201711,&quot;userid&quot;:&quot;vwpd6zlR3Yh9sCveq3Mo&quot;,&quot;id&quot;:&quot;D10WpCoKhbeAeIVwG4hJ&quot;},{&quot;accountno&quot;:&quot;TA12121000&quot;,&quot;departmentno&quot;:3,&quot;salary&quot;:10000,&quot;pincode&quot;:750677,&quot;userid&quot;:&quot;vTqHKffvK4WIXGi0xuLU&quot;,&quot;id&quot;:&quot;yv9ZcsxA97oNQDP07NHO&quot;},{&quot;accountno&quot;:&quot;TA12121212&quot;,&quot;departmentno&quot;:&quot;2&quot;,&quot;salary&quot;:&quot;2000&quot;,&quot;pincode&quot;:&quot;750677&quot;,&quot;userid&quot;:&quot;vTqHKffvK4WIXGi0xuLU&quot;,&quot;id&quot;:&quot;weJMXg0Ih6t0BZDXtogG&quot;},{&quot;accountno&quot;:&quot;TA-Aug2011&quot;,&quot;departmentno&quot;:&quot;1&quot;,&quot;salary&quot;:&quot;2000&quot;,&quot;pincode&quot;:&quot;111111&quot;,&quot;userid&quot;:&quot;lFrriDTCYr6R4iozUsUv&quot;,&quot;id&quot;:&quot;jKS6K8JbHNfg56H6y7yL&quot;},{&quot;accountno&quot;:&quot;TA-dsb2022&quot;,&quot;departmentno&quot;:&quot;1&quot;,&quot;salary&quot;:&quot;4444&quot;,&quot;pincode&quot;:&quot;125001&quot;,&quot;userid&quot;:&quot;IyUWRD6w0asjw6Tuc0Aj&quot;,&quot;id&quot;:&quot;SSMn7CmIw9RTRmpLcnUG&quot;},{&quot;accountno&quot;:&quot;TA-Aug2220&quot;,&quot;departmentno&quot;:&quot;1&quot;,&quot;salary&quot;:&quot;234&quot;,&quot;pincode&quot;:&quot;234234&quot;,&quot;userid&quot;:&quot;zhFI4oQlHjP2cn3mW3GP&quot;,&quot;id&quot;:&quot;0qfknbcRm2WYlaZcvPbK&quot;},{&quot;accountno&quot;:&quot;TA-Aug2022&quot;,&quot;departmentno&quot;:5,&quot;salary&quot;:1000,&quot;pincode&quot;:123456,&quot;userid&quot;:&quot;zwnVZyE1SBMYUL7p1CCp&quot;,&quot;id&quot;:&quot;JBAnLFDGqo0jGrzAXJPx&quot;},{&quot;accountno&quot;:&quot;TA-Jan2022&quot;,&quot;departmentno&quot;:&quot;2&quot;,&quot;salary&quot;:&quot;1000&quot;,&quot;pincode&quot;:&quot;123456&quot;,&quot;userid&quot;:&quot;zwnVZyE1SBMYUL7p1CCp&quot;,&quot;id&quot;:&quot;KwgWLrzomEnyDb3tfWka&quot;},{&quot;accountno&quot;:&quot;TA-Aug2023&quot;,&quot;departmentno&quot;:&quot;1&quot;,&quot;salary&quot;:&quot;1000&quot;,&quot;pincode&quot;:&quot;123456&quot;,&quot;userid&quot;:&quot;zwnVZyE1SBMYUL7p1CCp&quot;,&quot;id&quot;:&quot;LqcGss543hz3PHU6QJd2&quot;},{&quot;accountno&quot;:&quot;TA-OCT2022&quot;,&quot;departmentno&quot;:10,&quot;salary&quot;:7000,&quot;pincode&quot;:201711,&quot;userid&quot;:&quot;vwpd6zlR3Yh9sCveq3Mo&quot;,&quot;id&quot;:&quot;W7MF2OdVZGXR39XkzpjT&quot;},{&quot;accountno&quot;:&quot;BN-1234535&quot;,&quot;departmentno&quot;:&quot;7&quot;,&quot;salary&quot;:&quot;12190&quot;,&quot;pincode&quot;:&quot;123458&quot;,&quot;userid&quot;:&quot;wvTE1ZsqbgfOMtiFejpq&quot;,&quot;id&quot;:&quot;5uCBN8TjOh0mB6Lwqr0L&quot;},{&quot;accountno&quot;:&quot;TA-QA20345&quot;,&quot;departmentno&quot;:&quot;1&quot;,&quot;salary&quot;:&quot;4444&quot;,&quot;pincode&quot;:&quot;125001&quot;,&quot;userid&quot;:&quot;ykzjcgcS2z5nTA3D5ugS&quot;,&quot;id&quot;:&quot;G0QQEJgWBQ9ajUzsn7VK&quot;},{&quot;accountno&quot;:&quot;TA-QA20205&quot;,&quot;departmentno&quot;:&quot;1&quot;,&quot;salary&quot;:&quot;4444&quot;,&quot;pincode&quot;:&quot;125001&quot;,&quot;userid&quot;:&quot;ykzjcgcS2z5nTA3D5ugS&quot;,&quot;id&quot;:&quot;2V1GFf6Jzigp4QU3N9ri&quot;},{&quot;accountno&quot;:&quot;TA-QA20202&quot;,&quot;departmentno&quot;:&quot;1&quot;,&quot;salary&quot;:&quot;4444&quot;,&quot;pincode&quot;:&quot;125001&quot;,&quot;userid&quot;:&quot;ykzjcgcS2z5nTA3D5ugS&quot;,&quot;id&quot;:&quot;QnYsGMPNiR5bzJdgEoHl&quot;},{&quot;accountno&quot;:&quot;TA-qa20222&quot;,&quot;departmentno&quot;:&quot;2&quot;,&quot;salary&quot;:&quot;2222&quot;,&quot;pincode&quot;:&quot;125001&quot;,&quot;userid&quot;:&quot;ykzjcgcS2z5nTA3D5ugS&quot;,&quot;id&quot;:&quot;9UDxfRQ570BcH9WxNtPR&quot;},{&quot;accountno&quot;:&quot;TA-Aug2202&quot;,&quot;departmentno&quot;:&quot;2&quot;,&quot;salary&quot;:&quot;5500&quot;,&quot;pincode&quot;:&quot;123123&quot;,&quot;userid&quot;:&quot;B1oqv0Jjm1fd0pAcDURW&quot;,&quot;id&quot;:&quot;pVlRfMfEhYHHHtn4FIbd&quot;},{&quot;accountno&quot;:&quot;TA-1223456&quot;,&quot;departmentno&quot;:&quot;1&quot;,&quot;salary&quot;:&quot;50000&quot;,&quot;pincode&quot;:&quot;123000&quot;,&quot;userid&quot;:&quot;FksuWSbSHbNE6tT8dEVu&quot;,&quot;id&quot;:&quot;Gj0Z83Bo8bnjTysAzbca&quot;},{&quot;accountno&quot;:&quot;TA-Aug2201&quot;,&quot;departmentno&quot;:3,&quot;salary&quot;:5000,&quot;pincode&quot;:123336,&quot;userid&quot;:&quot;V59Tl9UC08YWUQryObt6&quot;,&quot;id&quot;:&quot;xjz2JeXFklG5BA57mBh1&quot;},{&quot;accountno&quot;:&quot;TA-Sudha22&quot;,&quot;departmentno&quot;:&quot;2&quot;,&quot;salary&quot;:&quot;3000&quot;,&quot;pincode&quot;:&quot;654646&quot;,&quot;userid&quot;:&quot;V59Tl9UC08YWUQryObt6&quot;,&quot;id&quot;:&quot;rGbD6kKeZ1PjhfjmjGPY&quot;},{&quot;accountno&quot;:&quot;TA-1223456&quot;,&quot;departmentno&quot;:&quot;5&quot;,&quot;salary&quot;:&quot;3454534&quot;,&quot;pincode&quot;:&quot;123456&quot;,&quot;userid&quot;:&quot;FksuWSbSHbNE6tT8dEVu&quot;,&quot;id&quot;:&quot;uBixe5T5wWnkwSzYdCDN&quot;},{&quot;accountno&quot;:&quot;TA-1234567&quot;,&quot;departmentno&quot;:&quot;3&quot;,&quot;salary&quot;:&quot;3000&quot;,&quot;pincode&quot;:&quot;125001&quot;,&quot;userid&quot;:&quot;ykzjcgcS2z5nTA3D5ugS&quot;,&quot;id&quot;:&quot;pvQxiQSPP03oCPMpnhRJ&quot;},{&quot;accountno&quot;:&quot;TA-2345678&quot;,&quot;departmentno&quot;:&quot;2&quot;,&quot;salary&quot;:&quot;9000&quot;,&quot;pincode&quot;:&quot;125001&quot;,&quot;userid&quot;:&quot;ykzjcgcS2z5nTA3D5ugS&quot;,&quot;id&quot;:&quot;l032TIBfpQXDlYQ03Trd&quot;},{&quot;accountno&quot;:&quot;TA-1234567&quot;,&quot;departmentno&quot;:2,&quot;salary&quot;:5000,&quot;pincode&quot;:125001,&quot;userid&quot;:&quot;ykzjcgcS2z5nTA3D5ugS&quot;,&quot;id&quot;:&quot;6XFhb7CyX4P0JAkTnbmA&quot;},{&quot;accountno&quot;:&quot;TA-Oct2022&quot;,&quot;departmentno&quot;:&quot;5&quot;,&quot;salary&quot;:&quot;5000&quot;,&quot;pincode&quot;:&quot;789789&quot;,&quot;userid&quot;:&quot;lkdMZtNGN68KOuyoTHUF&quot;,&quot;id&quot;:&quot;NPOCWIzfg8ee3Z2HZfbl&quot;},{&quot;accountno&quot;:&quot;BN-1234535&quot;,&quot;departmentno&quot;:&quot;7&quot;,&quot;salary&quot;:&quot;12190&quot;,&quot;pincode&quot;:&quot;123458&quot;,&quot;userid&quot;:&quot;wvTE1ZsqbgfOMtiFejpq&quot;,&quot;id&quot;:&quot;5O1wmyco8EWQI4OHPtqR&quot;},{&quot;accountno&quot;:&quot;TA-23e4639&quot;,&quot;departmentno&quot;:&quot;3&quot;,&quot;salary&quot;:&quot;875464&quot;,&quot;pincode&quot;:&quot;545565&quot;,&quot;userid&quot;:&quot;viUByTYBXk6ZqpGadjmi&quot;,&quot;id&quot;:&quot;d7HJbCwLh8WwTGY40SJE&quot;},{&quot;accountno&quot;:&quot;TA-23e4639&quot;,&quot;departmentno&quot;:&quot;3&quot;,&quot;salary&quot;:&quot;875464&quot;,&quot;pincode&quot;:&quot;545565&quot;,&quot;userid&quot;:&quot;viUByTYBXk6ZqpGadjmi&quot;,&quot;id&quot;:&quot;NHQ65YzwbirJ46mqthI1&quot;},{&quot;accountno&quot;:&quot;TA-23e4638&quot;,&quot;departmentno&quot;:&quot;3&quot;,&quot;salary&quot;:&quot;875464&quot;,&quot;pincode&quot;:&quot;545565&quot;,&quot;userid&quot;:&quot;viUByTYBXk6ZqpGadjmi&quot;,&quot;id&quot;:&quot;vh6ksLv0RmcAHfRJ3cv6&quot;},{&quot;accountno&quot;:&quot;TA-23e4638&quot;,&quot;departmentno&quot;:&quot;1&quot;,&quot;salary&quot;:&quot;542464&quot;,&quot;pincode&quot;:&quot;545547&quot;,&quot;userid&quot;:&quot;viUByTYBXk6ZqpGadjmi&quot;,&quot;id&quot;:&quot;K9IQGqrrrgQMbkC97lUQ&quot;},{&quot;accountno&quot;:&quot;TA-23e4638&quot;,&quot;departmentno&quot;:&quot;1&quot;,&quot;salary&quot;:&quot;542464&quot;,&quot;pincode&quot;:&quot;545547&quot;,&quot;userid&quot;:&quot;viUByTYBXk6ZqpGadjmi&quot;,&quot;id&quot;:&quot;6kWQreU0uCfddzxB06iu&quot;},{&quot;accountno&quot;:&quot;TA-23e4638&quot;,&quot;departmentno&quot;:&quot;1&quot;,&quot;salary&quot;:&quot;542464&quot;,&quot;pincode&quot;:&quot;545547&quot;,&quot;userid&quot;:&quot;viUByTYBXk6ZqpGadjmi&quot;,&quot;id&quot;:&quot;EgXTaj08FVqegrCEaUe4&quot;},{&quot;accountno&quot;:&quot;PA-1212121&quot;,&quot;departmentno&quot;:&quot;1&quot;,&quot;salary&quot;:&quot;121212&quot;,&quot;pincode&quot;:&quot;121212&quot;,&quot;userid&quot;:&quot;yj4lLufi6vTtJtT0MKL8&quot;,&quot;id&quot;:&quot;hmtWK50SeU6wOulal3nN&quot;},{&quot;accountno&quot;:&quot;BN-1234535&quot;,&quot;departmentno&quot;:&quot;7&quot;,&quot;salary&quot;:&quot;12190&quot;,&quot;pincode&quot;:&quot;123458&quot;,&quot;userid&quot;:&quot;wvTE1ZsqbgfOMtiFejpq&quot;,&quot;id&quot;:&quot;KIKzPI4HfGMPMrgWubkN&quot;},{&quot;accountno&quot;:&quot;TA-DDDD200&quot;,&quot;departmentno&quot;:1,&quot;salary&quot;:10000,&quot;pincode&quot;:696969,&quot;userid&quot;:&quot;EWy6Ksl0tMcoPJU09bj8&quot;,&quot;id&quot;:&quot;UehAedhhCfwC7WMw6IX8&quot;},{&quot;accountno&quot;:&quot;TA-Diva200&quot;,&quot;departmentno&quot;:3,&quot;salary&quot;:10000,&quot;pincode&quot;:124680,&quot;userid&quot;:&quot;EWy6Ksl0tMcoPJU09bj8&quot;,&quot;id&quot;:&quot;pk4C10dGcxF7g5AqF7Ux&quot;},{&quot;accountno&quot;:&quot;TA-Diva200&quot;,&quot;departmentno&quot;:&quot;5&quot;,&quot;salary&quot;:&quot;10000&quot;,&quot;pincode&quot;:&quot;987654&quot;,&quot;userid&quot;:&quot;EWy6Ksl0tMcoPJU09bj8&quot;,&quot;id&quot;:&quot;0AkjGXoI2sqRFJXrcpq1&quot;},{&quot;accountno&quot;:&quot;TA-SP34591&quot;,&quot;departmentno&quot;:&quot;3&quot;,&quot;salary&quot;:&quot;655&quot;,&quot;pincode&quot;:&quot;654321&quot;,&quot;userid&quot;:&quot;mU6hIQUZQfsauAPg6TXX&quot;,&quot;id&quot;:&quot;H6SqVSGntevuSeP2E63Y&quot;},{&quot;accountno&quot;:&quot;TA-SP34591&quot;,&quot;departmentno&quot;:&quot;3&quot;,&quot;salary&quot;:&quot;655&quot;,&quot;pincode&quot;:&quot;654321&quot;,&quot;userid&quot;:&quot;mU6hIQUZQfsauAPg6TXX&quot;,&quot;id&quot;:&quot;VULnR0meCRba2x8oPwAy&quot;},{&quot;accountno&quot;:&quot;TA-SP34591&quot;,&quot;departmentno&quot;:&quot;3&quot;,&quot;salary&quot;:&quot;655&quot;,&quot;pincode&quot;:&quot;654321&quot;,&quot;userid&quot;:&quot;mU6hIQUZQfsauAPg6TXX&quot;,&quot;id&quot;:&quot;Cp5RbJXkfpB2u7Lkxmsa&quot;},{&quot;accountno&quot;:&quot;TA-SP34591&quot;,&quot;departmentno&quot;:&quot;3&quot;,&quot;salary&quot;:&quot;655&quot;,&quot;pincode&quot;:&quot;654321&quot;,&quot;userid&quot;:&quot;mU6hIQUZQfsauAPg6TXX&quot;,&quot;id&quot;:&quot;5832MUuRwOTRwFxsaGqE&quot;},{&quot;accountno&quot;:&quot;TA-SP34591&quot;,&quot;departmentno&quot;:&quot;3&quot;,&quot;salary&quot;:&quot;655&quot;,&quot;pincode&quot;:&quot;654321&quot;,&quot;userid&quot;:&quot;mU6hIQUZQfsauAPg6TXX&quot;,&quot;id&quot;:&quot;H3jfdqUvYD1p2h23b5zM&quot;},{&quot;accountno&quot;:&quot;TA-SP34591&quot;,&quot;departmentno&quot;:&quot;3&quot;,&quot;salary&quot;:&quot;655&quot;,&quot;pincode&quot;:&quot;654321&quot;,&quot;userid&quot;:&quot;mU6hIQUZQfsauAPg6TXX&quot;,&quot;id&quot;:&quot;8gw42QC50tuk2rnwk41e&quot;},{&quot;accountno&quot;:&quot;TA-SP34591&quot;,&quot;departmentno&quot;:&quot;3&quot;,&quot;salary&quot;:&quot;655&quot;,&quot;pincode&quot;:&quot;654321&quot;,&quot;userid&quot;:&quot;mU6hIQUZQfsauAPg6TXX&quot;,&quot;id&quot;:&quot;GGVl7n9xrDSfC9ZxCnr2&quot;},{&quot;accountno&quot;:&quot;TA-SP34591&quot;,&quot;departmentno&quot;:&quot;3&quot;,&quot;salary&quot;:&quot;655&quot;,&quot;pincode&quot;:&quot;654321&quot;,&quot;userid&quot;:&quot;mU6hIQUZQfsauAPg6TXX&quot;,&quot;id&quot;:&quot;ogoz7Lz5udTkfgz39VGo&quot;},{&quot;accountno&quot;:&quot;TA-SP34591&quot;,&quot;departmentno&quot;:&quot;3&quot;,&quot;salary&quot;:&quot;655&quot;,&quot;pincode&quot;:&quot;654321&quot;,&quot;userid&quot;:&quot;mU6hIQUZQfsauAPg6TXX&quot;,&quot;id&quot;:&quot;95Zkz22eDILc3HqQOThD&quot;},{&quot;accountno&quot;:&quot;TA-SP34591&quot;,&quot;departmentno&quot;:&quot;3&quot;,&quot;salary&quot;:&quot;655&quot;,&quot;pincode&quot;:&quot;654321&quot;,&quot;userid&quot;:&quot;mU6hIQUZQfsauAPg6TXX&quot;,&quot;id&quot;:&quot;iC5SQ8RzCMxz6kt6kVhU&quot;},{&quot;accountno&quot;:&quot;TA-SP34591&quot;,&quot;departmentno&quot;:&quot;3&quot;,&quot;salary&quot;:&quot;655&quot;,&quot;pincode&quot;:&quot;654321&quot;,&quot;userid&quot;:&quot;mU6hIQUZQfsauAPg6TXX&quot;,&quot;id&quot;:&quot;W9pu64G5kshGkTdqCQfu&quot;},{&quot;accountno&quot;:&quot;TA-SP34591&quot;,&quot;departmentno&quot;:&quot;3&quot;,&quot;salary&quot;:&quot;655&quot;,&quot;pincode&quot;:&quot;654321&quot;,&quot;userid&quot;:&quot;mU6hIQUZQfsauAPg6TXX&quot;,&quot;id&quot;:&quot;YVpGuccLshNU69sv0qxD&quot;},{&quot;accountno&quot;:&quot;TA-SP34591&quot;,&quot;departmentno&quot;:&quot;3&quot;,&quot;salary&quot;:&quot;655&quot;,&quot;pincode&quot;:&quot;654321&quot;,&quot;userid&quot;:&quot;mU6hIQUZQfsauAPg6TXX&quot;,&quot;id&quot;:&quot;f1wt9JpfODnDm1YQIrFP&quot;},{&quot;accountno&quot;:&quot;TA-SP34591&quot;,&quot;departmentno&quot;:&quot;3&quot;,&quot;salary&quot;:&quot;655&quot;,&quot;pincode&quot;:&quot;654321&quot;,&quot;userid&quot;:&quot;mU6hIQUZQfsauAPg6TXX&quot;,&quot;id&quot;:&quot;oWrnCuQmUAZ08tftbdtC&quot;},{&quot;accountno&quot;:&quot;TA-SP34591&quot;,&quot;departmentno&quot;:&quot;3&quot;,&quot;salary&quot;:&quot;655&quot;,&quot;pincode&quot;:&quot;654321&quot;,&quot;userid&quot;:&quot;mU6hIQUZQfsauAPg6TXX&quot;,&quot;id&quot;:&quot;zhni8qAamhGIRSFZYgLj&quot;},{&quot;accountno&quot;:&quot;TA-SP34591&quot;,&quot;departmentno&quot;:&quot;3&quot;,&quot;salary&quot;:&quot;655&quot;,&quot;pincode&quot;:&quot;654321&quot;,&quot;userid&quot;:&quot;mU6hIQUZQfsauAPg6TXX&quot;,&quot;id&quot;:&quot;TCHC9ym2Au7PbM43YFUo&quot;},{&quot;accountno&quot;:&quot;TA-SP34591&quot;,&quot;departmentno&quot;:&quot;3&quot;,&quot;salary&quot;:&quot;655&quot;,&quot;pincode&quot;:&quot;654321&quot;,&quot;userid&quot;:&quot;mU6hIQUZQfsauAPg6TXX&quot;,&quot;id&quot;:&quot;GhaCxRLV3qJQDataAcLt&quot;},{&quot;accountno&quot;:&quot;TA-SP34591&quot;,&quot;departmentno&quot;:&quot;3&quot;,&quot;salary&quot;:&quot;655&quot;,&quot;pincode&quot;:&quot;654321&quot;,&quot;userid&quot;:&quot;mU6hIQUZQfsauAPg6TXX&quot;,&quot;id&quot;:&quot;ZYyiIvGExter17kKR8ak&quot;},{&quot;accountno&quot;:&quot;TA-SP34591&quot;,&quot;departmentno&quot;:&quot;3&quot;,&quot;salary&quot;:&quot;655&quot;,&quot;pincode&quot;:&quot;654321&quot;,&quot;userid&quot;:&quot;mU6hIQUZQfsauAPg6TXX&quot;,&quot;id&quot;:&quot;ypPw6AxcWmPxEuyrvQSs&quot;},{&quot;accountno&quot;:&quot;TA-SP34591&quot;,&quot;departmentno&quot;:&quot;3&quot;,&quot;salary&quot;:&quot;655&quot;,&quot;pincode&quot;:&quot;654321&quot;,&quot;userid&quot;:&quot;mU6hIQUZQfsauAPg6TXX&quot;,&quot;id&quot;:&quot;0uOyEDjY9LOkeTlOb8UT&quot;},{&quot;accountno&quot;:&quot;TA-SP34591&quot;,&quot;departmentno&quot;:&quot;3&quot;,&quot;salary&quot;:&quot;655&quot;,&quot;pincode&quot;:&quot;654321&quot;,&quot;userid&quot;:&quot;mU6hIQUZQfsauAPg6TXX&quot;,&quot;id&quot;:&quot;m6I2FWvXcoQPrbw6sKX3&quot;},{&quot;accountno&quot;:&quot;TA-SP34591&quot;,&quot;departmentno&quot;:&quot;3&quot;,&quot;salary&quot;:&quot;655&quot;,&quot;pincode&quot;:&quot;654321&quot;,&quot;userid&quot;:&quot;mU6hIQUZQfsauAPg6TXX&quot;,&quot;id&quot;:&quot;pzD9N4nQi0kQbrhfCVci&quot;},{&quot;accountno&quot;:&quot;BN-1234535&quot;,&quot;departmentno&quot;:&quot;7&quot;,&quot;salary&quot;:&quot;12190&quot;,&quot;pincode&quot;:&quot;123458&quot;,&quot;userid&quot;:&quot;wvTE1ZsqbgfOMtiFejpq&quot;,&quot;id&quot;:&quot;uNwDFaoez8AVREs728sG&quot;},{&quot;accountno&quot;:&quot;TA-devi200&quot;,&quot;departmentno&quot;:2,&quot;salary&quot;:6000,&quot;pincode&quot;:12344321,&quot;userid&quot;:&quot;taGX4XQQfXD3Z76sI1Xn&quot;,&quot;id&quot;:&quot;xIVpFxMhL8I4SlQDjyRE&quot;},{&quot;accountno&quot;:&quot;TA-aug2201&quot;,&quot;departmentno&quot;:2,&quot;salary&quot;:5000,&quot;pincode&quot;:123123,&quot;userid&quot;:&quot;zhFI4oQlHjP2cn3mW3GP&quot;,&quot;id&quot;:&quot;X01tgKvKlFKfiXNlNSsq&quot;},{&quot;accountno&quot;:&quot;BN-1234535&quot;,&quot;departmentno&quot;:&quot;7&quot;,&quot;salary&quot;:&quot;12190&quot;,&quot;pincode&quot;:&quot;123458&quot;,&quot;userid&quot;:&quot;wvTE1ZsqbgfOMtiFejpq&quot;,&quot;id&quot;:&quot;s8e2mk620KZyEAE3Ztgo&quot;},{&quot;accountno&quot;:&quot;AA-1234567&quot;,&quot;departmentno&quot;:&quot;5&quot;,&quot;salary&quot;:&quot;10000&quot;,&quot;pincode&quot;:&quot;555555&quot;,&quot;userid&quot;:&quot;mEYhxTp8rdy8zhKgFBen&quot;,&quot;id&quot;:&quot;QThkpcqXh5jURCw3Wrd7&quot;},{&quot;accountno&quot;:&quot;BN-1234535&quot;,&quot;departmentno&quot;:&quot;7&quot;,&quot;salary&quot;:&quot;12190&quot;,&quot;pincode&quot;:&quot;123458&quot;,&quot;userid&quot;:&quot;wvTE1ZsqbgfOMtiFejpq&quot;,&quot;id&quot;:&quot;ARrhAMA5fZVwTiqoSYXz&quot;},{&quot;accountno&quot;:&quot;DA-7333333&quot;,&quot;departmentno&quot;:&quot;3&quot;,&quot;salary&quot;:&quot;30000&quot;,&quot;pincode&quot;:&quot;305077&quot;,&quot;userid&quot;:&quot;9M0UYcQiX1yGh3aiXJWZ&quot;,&quot;id&quot;:&quot;L5XuEAsrRPEaQTZ52d2E&quot;},{&quot;accountno&quot;:&quot;TA-7333333&quot;,&quot;departmentno&quot;:&quot;3&quot;,&quot;salary&quot;:&quot;30000&quot;,&quot;pincode&quot;:&quot;305077&quot;,&quot;userid&quot;:&quot;9M0UYcQiX1yGh3aiXJWZ&quot;,&quot;id&quot;:&quot;qSMTXXgpFhljXRn2A0JF&quot;},{&quot;accountno&quot;:&quot;DD-123456&quot;,&quot;departmentno&quot;:&quot;6&quot;,&quot;salary&quot;:&quot;666616&quot;,&quot;pincode&quot;:&quot;777777&quot;,&quot;userid&quot;:&quot;df3mJP5SKBSc4FrIFsCC&quot;,&quot;id&quot;:&quot;jOeAZ5L8H7YEZwSYpDXb&quot;},{&quot;accountno&quot;:&quot;TA-6785675&quot;,&quot;departmentno&quot;:&quot;2&quot;,&quot;salary&quot;:&quot;999463&quot;,&quot;pincode&quot;:&quot;562099&quot;,&quot;userid&quot;:&quot;taGX4XQQfXD3Z76sI1Xn&quot;,&quot;id&quot;:&quot;qaDKNLb237LNC8NC1KEv&quot;},{&quot;accountno&quot;:&quot;TA-7998762&quot;,&quot;departmentno&quot;:9,&quot;salary&quot;:7,&quot;pincode&quot;:98899,&quot;userid&quot;:&quot;taGX4XQQfXD3Z76sI1Xn&quot;,&quot;id&quot;:&quot;ucapo1y95POXstxHiHUL&quot;},{&quot;accountno&quot;:&quot;BN-1234535&quot;,&quot;departmentno&quot;:&quot;7&quot;,&quot;salary&quot;:&quot;12190&quot;,&quot;pincode&quot;:&quot;123458&quot;,&quot;userid&quot;:&quot;wvTE1ZsqbgfOMtiFejpq&quot;,&quot;id&quot;:&quot;5ZQxiTvbZZRFt3Mbzmlh&quot;},{&quot;accountno&quot;:&quot;BN-1234535&quot;,&quot;departmentno&quot;:&quot;7&quot;,&quot;salary&quot;:&quot;12190&quot;,&quot;pincode&quot;:&quot;123458&quot;,&quot;userid&quot;:&quot;wvTE1ZsqbgfOMtiFejpq&quot;,&quot;id&quot;:&quot;5Jjmiie289VeSyU6tzjm&quot;},{&quot;accountno&quot;:&quot;BN-1234535&quot;,&quot;departmentno&quot;:&quot;7&quot;,&quot;salary&quot;:&quot;12190&quot;,&quot;pincode&quot;:&quot;123458&quot;,&quot;userid&quot;:&quot;wvTE1ZsqbgfOMtiFejpq&quot;,&quot;id&quot;:&quot;HCcNeleCphCanhDzzAkt&quot;},{&quot;accountno&quot;:&quot;BN-1234535&quot;,&quot;departmentno&quot;:&quot;7&quot;,&quot;salary&quot;:&quot;12190&quot;,&quot;pincode&quot;:&quot;123458&quot;,&quot;userid&quot;:&quot;wvTE1ZsqbgfOMtiFejpq&quot;,&quot;id&quot;:&quot;lMi1CTQgArDCgij93z4e&quot;},{&quot;accountno&quot;:&quot;BN-1234535&quot;,&quot;departmentno&quot;:&quot;7&quot;,&quot;salary&quot;:&quot;12190&quot;,&quot;pincode&quot;:&quot;123458&quot;,&quot;userid&quot;:&quot;wvTE1ZsqbgfOMtiFejpq&quot;,&quot;id&quot;:&quot;KviKELbnVCDOqLQ8W6Kt&quot;},{&quot;accountno&quot;:&quot;BN-1234535&quot;,&quot;departmentno&quot;:&quot;7&quot;,&quot;salary&quot;:&quot;12190&quot;,&quot;pincode&quot;:&quot;123458&quot;,&quot;userid&quot;:&quot;wvTE1ZsqbgfOMtiFejpq&quot;,&quot;id&quot;:&quot;KSFKrqYOBZvAAn0Tubwc&quot;},{&quot;accountno&quot;:&quot;BN-1234535&quot;,&quot;departmentno&quot;:&quot;7&quot;,&quot;salary&quot;:&quot;12190&quot;,&quot;pincode&quot;:&quot;123458&quot;,&quot;userid&quot;:&quot;wvTE1ZsqbgfOMtiFejpq&quot;,&quot;id&quot;:&quot;zWGLigeIbHRv7uz6rfAG&quot;},{&quot;accountno&quot;:&quot;BN-1234535&quot;,&quot;departmentno&quot;:&quot;7&quot;,&quot;salary&quot;:&quot;12190&quot;,&quot;pincode&quot;:&quot;123458&quot;,&quot;userid&quot;:&quot;wvTE1ZsqbgfOMtiFejpq&quot;,&quot;id&quot;:&quot;b4j9p9Jw73ZZBPyCBdIL&quot;},{&quot;accountno&quot;:&quot;BN-1234535&quot;,&quot;departmentno&quot;:&quot;7&quot;,&quot;salary&quot;:&quot;12190&quot;,&quot;pincode&quot;:&quot;123458&quot;,&quot;userid&quot;:&quot;wvTE1ZsqbgfOMtiFejpq&quot;,&quot;id&quot;:&quot;F6xa71XzrEHQ3hVDM1z1&quot;},{&quot;accountno&quot;:&quot;BN-1234535&quot;,&quot;departmentno&quot;:&quot;7&quot;,&quot;salary&quot;:&quot;12190&quot;,&quot;pincode&quot;:&quot;123458&quot;,&quot;userid&quot;:&quot;wvTE1ZsqbgfOMtiFejpq&quot;,&quot;id&quot;:&quot;vgPlcp1Ier8NqXnqLFaa&quot;},{&quot;accountno&quot;:&quot;TA-7766677&quot;,&quot;departmentno&quot;:&quot;1&quot;,&quot;salary&quot;:&quot;4000&quot;,&quot;pincode&quot;:&quot;667777&quot;,&quot;userid&quot;:&quot;vZHJD4gJwQZDv8AwTjat&quot;,&quot;id&quot;:&quot;XJ0U9xV9cORYvS2noO2E&quot;},{&quot;accountno&quot;:&quot;TA-7766677&quot;,&quot;departmentno&quot;:&quot;1&quot;,&quot;salary&quot;:&quot;4000&quot;,&quot;pincode&quot;:&quot;667777&quot;,&quot;userid&quot;:&quot;vZHJD4gJwQZDv8AwTjat&quot;,&quot;id&quot;:&quot;yLxTJU0zohwrtaJHrlNZ&quot;},{&quot;accountno&quot;:&quot;BN-1234535&quot;,&quot;departmentno&quot;:&quot;7&quot;,&quot;salary&quot;:&quot;12190&quot;,&quot;pincode&quot;:&quot;123458&quot;,&quot;userid&quot;:&quot;wvTE1ZsqbgfOMtiFejpq&quot;,&quot;id&quot;:&quot;cdMS9xVKGnW4HwfLkITS&quot;},{&quot;accountno&quot;:&quot;66666666&quot;,&quot;departmentno&quot;:&quot;678&quot;,&quot;salary&quot;:&quot;8000&quot;,&quot;pincode&quot;:&quot;123456&quot;,&quot;userid&quot;:&quot;o4FDbZMJElX44kOM78mO&quot;,&quot;id&quot;:&quot;D9hYFQ8Wc9wXqtv7XSCS&quot;},{&quot;accountno&quot;:&quot;BN-1234535&quot;,&quot;departmentno&quot;:&quot;7&quot;,&quot;salary&quot;:&quot;12190&quot;,&quot;pincode&quot;:&quot;123458&quot;,&quot;userid&quot;:&quot;wvTE1ZsqbgfOMtiFejpq&quot;,&quot;id&quot;:&quot;yhk8hv77dOUMKuO4i9Pb&quot;},{&quot;accountno&quot;:&quot;BN-1234535&quot;,&quot;departmentno&quot;:&quot;7&quot;,&quot;salary&quot;:&quot;12190&quot;,&quot;pincode&quot;:&quot;123458&quot;,&quot;userid&quot;:&quot;wvTE1ZsqbgfOMtiFejpq&quot;,&quot;id&quot;:&quot;4QtDnkiqCyjS3ZIZZi7H&quot;},{&quot;accountno&quot;:&quot;KK-9999999&quot;,&quot;departmentno&quot;:&quot;9&quot;,&quot;salary&quot;:&quot;999&quot;,&quot;pincode&quot;:&quot;999999&quot;,&quot;userid&quot;:&quot;gwcn6RK4r9LUWalrshHM&quot;,&quot;id&quot;:&quot;5tLn7mDpGIWbwxsIuOYV&quot;},{&quot;accountno&quot;:&quot;AA-9999999&quot;,&quot;departmentno&quot;:&quot;9&quot;,&quot;salary&quot;:&quot;999&quot;,&quot;pincode&quot;:&quot;999999&quot;,&quot;userid&quot;:&quot;gwcn6RK4r9LUWalrshHM&quot;,&quot;id&quot;:&quot;tZC8lrAPskYxBivW94at&quot;},{&quot;accountno&quot;:&quot;BN-1234535&quot;,&quot;departmentno&quot;:&quot;7&quot;,&quot;salary&quot;:&quot;12190&quot;,&quot;pincode&quot;:&quot;123458&quot;,&quot;userid&quot;:&quot;wvTE1ZsqbgfOMtiFejpq&quot;,&quot;id&quot;:&quot;FEvLCMxPuizUWQQEhJrk&quot;},{&quot;accountno&quot;:&quot;BN-1234535&quot;,&quot;departmentno&quot;:&quot;7&quot;,&quot;salary&quot;:&quot;12190&quot;,&quot;pincode&quot;:&quot;123458&quot;,&quot;userid&quot;:&quot;wvTE1ZsqbgfOMtiFejpq&quot;,&quot;id&quot;:&quot;6DYDPhvN4SVDNG9O6XYA&quot;},{&quot;accountno&quot;:&quot;179843&quot;,&quot;departmentno&quot;:&quot;5&quot;,&quot;salary&quot;:&quot;&quot;,&quot;pincode&quot;:&quot;123456&quot;,&quot;userid&quot;:&quot;wvTE1ZsqbgfOMtiFejpq&quot;,&quot;id&quot;:&quot;xOUVZLWx4lURx57CCGPr&quot;},{&quot;accountno&quot;:&quot;179843&quot;,&quot;departmentno&quot;:&quot;5&quot;,&quot;salary&quot;:&quot;&quot;,&quot;pincode&quot;:&quot;123456&quot;,&quot;userid&quot;:&quot;wvTE1ZsqbgfOMtiFejpq&quot;,&quot;id&quot;:&quot;b35pbsmAK4SGeK21I2O5&quot;},{&quot;accountno&quot;:&quot;TA-7766677&quot;,&quot;departmentno&quot;:&quot;1&quot;,&quot;salary&quot;:&quot;4000&quot;,&quot;pincode&quot;:&quot;667777&quot;,&quot;userid&quot;:&quot;vZHJD4gJwQZDv8AwTjat&quot;,&quot;id&quot;:&quot;aZ95D1BMfXjG1TtTR9f4&quot;},{&quot;accountno&quot;:&quot;TA-7766677&quot;,&quot;departmentno&quot;:&quot;1&quot;,&quot;salary&quot;:&quot;4000&quot;,&quot;pincode&quot;:&quot;667777&quot;,&quot;userid&quot;:&quot;vZHJD4gJwQZDv8AwTjat&quot;,&quot;id&quot;:&quot;onVVUm9JhaWHOddv8xKK&quot;},{&quot;accountno&quot;:&quot;BN-1234535&quot;,&quot;departmentno&quot;:&quot;7&quot;,&quot;salary&quot;:&quot;12190&quot;,&quot;pincode&quot;:&quot;123458&quot;,&quot;userid&quot;:&quot;wvTE1ZsqbgfOMtiFejpq&quot;,&quot;id&quot;:&quot;CL7sL6goGtryUnqSoLZ0&quot;},{&quot;accountno&quot;:&quot;BN-1234535&quot;,&quot;departmentno&quot;:&quot;7&quot;,&quot;salary&quot;:&quot;12190&quot;,&quot;pincode&quot;:&quot;123458&quot;,&quot;userid&quot;:&quot;wvTE1ZsqbgfOMtiFejpq&quot;,&quot;id&quot;:&quot;Z31Xjjg9dkbInXbiW4Bv&quot;},{&quot;accountno&quot;:&quot;BN-1234535&quot;,&quot;departmentno&quot;:&quot;7&quot;,&quot;salary&quot;:&quot;12190&quot;,&quot;pincode&quot;:&quot;123458&quot;,&quot;userid&quot;:&quot;wvTE1ZsqbgfOMtiFejpq&quot;,&quot;id&quot;:&quot;FJddP9DHsl9M8QFP8GPg&quot;},{&quot;accountno&quot;:&quot;87654321QA&quot;,&quot;departmentno&quot;:&quot;7&quot;,&quot;salary&quot;:&quot;777777&quot;,&quot;pincode&quot;:&quot;123789&quot;,&quot;userid&quot;:&quot;taGX4XQQfXD3Z76sI1Xn&quot;,&quot;id&quot;:&quot;3GrEF1VkZMWCr6v1C75G&quot;},{&quot;accountno&quot;:&quot;BN-1234535&quot;,&quot;departmentno&quot;:&quot;7&quot;,&quot;salary&quot;:&quot;12190&quot;,&quot;pincode&quot;:&quot;123458&quot;,&quot;userid&quot;:&quot;wvTE1ZsqbgfOMtiFejpq&quot;,&quot;id&quot;:&quot;FAJ8b5goVU8ppxj8CpMl&quot;},{&quot;accountno&quot;:&quot;179843&quot;,&quot;departmentno&quot;:&quot;5&quot;,&quot;salary&quot;:&quot;&quot;,&quot;pincode&quot;:&quot;123456&quot;,&quot;userid&quot;:&quot;wvTE1ZsqbgfOMtiFejpq&quot;,&quot;id&quot;:&quot;YpqiXXhFjxqLWU7C0LQA&quot;},{&quot;accountno&quot;:&quot;179843&quot;,&quot;departmentno&quot;:&quot;5&quot;,&quot;salary&quot;:&quot;&quot;,&quot;pincode&quot;:&quot;123456&quot;,&quot;userid&quot;:&quot;wvTE1ZsqbgfOMtiFejpq&quot;,&quot;id&quot;:&quot;B8CH1Jm5KDAfQPUGrwZr&quot;},{&quot;accountno&quot;:&quot;179843&quot;,&quot;departmentno&quot;:&quot;5&quot;,&quot;salary&quot;:&quot;&quot;,&quot;pincode&quot;:&quot;123456&quot;,&quot;userid&quot;:&quot;wvTE1ZsqbgfOMtiFejpq&quot;,&quot;id&quot;:&quot;RTMwnlP4ySXhdmgdnXUr&quot;},{&quot;accountno&quot;:&quot;BN-1234535&quot;,&quot;departmentno&quot;:&quot;7&quot;,&quot;salary&quot;:&quot;12190&quot;,&quot;pincode&quot;:&quot;123458&quot;,&quot;userid&quot;:&quot;wvTE1ZsqbgfOMtiFejpq&quot;,&quot;id&quot;:&quot;uYrAGMKiZVvOIu7RgVep&quot;},{&quot;accountno&quot;:&quot;SS-1234&quot;,&quot;departmentno&quot;:&quot;80&quot;,&quot;salary&quot;:&quot;&quot;,&quot;pincode&quot;:&quot;999&quot;,&quot;userid&quot;:&quot;yj4lLufi6vTtJtT0MKL8&quot;,&quot;id&quot;:&quot;QmnjhZvxcCgjSSzSDqW4&quot;},{&quot;accountno&quot;:&quot;SS-1234&quot;,&quot;departmentno&quot;:&quot;8&quot;,&quot;salary&quot;:&quot;1234567898&quot;,&quot;pincode&quot;:&quot;999889&quot;,&quot;userid&quot;:&quot;t125VIABatxIit0Gfdqy&quot;,&quot;id&quot;:&quot;LwY5Lg8Z8uo6YVD5sAMZ&quot;},{&quot;accountno&quot;:&quot;1234567890&quot;,&quot;departmentno&quot;:&quot;2&quot;,&quot;salary&quot;:&quot;1234567&quot;,&quot;pincode&quot;:&quot;123456&quot;,&quot;userid&quot;:&quot;t125VIABatxIit0Gfdqy&quot;,&quot;id&quot;:&quot;UXn7ZbxfSGMqrbcGRMgW&quot;},{&quot;accountno&quot;:&quot;SU-1212129&quot;,&quot;departmentno&quot;:&quot;8&quot;,&quot;salary&quot;:&quot;asdgd$@&quot;,&quot;pincode&quot;:&quot;123456&quot;,&quot;userid&quot;:&quot;t125VIABatxIit0Gfdqy&quot;,&quot;id&quot;:&quot;5n6iYKMIXS0Z2BNOWdeJ&quot;},{&quot;accountno&quot;:&quot;SU-1212129&quot;,&quot;departmentno&quot;:&quot;8&quot;,&quot;salary&quot;:&quot;asdgd&quot;,&quot;pincode&quot;:&quot;123456&quot;,&quot;userid&quot;:&quot;t125VIABatxIit0Gfdqy&quot;,&quot;id&quot;:&quot;J5pykKVUordCtVJ6jNZX&quot;},{&quot;accountno&quot;:&quot;SU-1212129&quot;,&quot;departmentno&quot;:&quot;8&quot;,&quot;salary&quot;:&quot;9294969890192949698901234567890929496989012345678909294969890123456789092949698901234567890929496989012345678909294969890123456789092949698901234567890929496989012345678909294969890123456789023456789092949698901234567890929496989012345678909294969890123456789092949698901234567890929496989012345678909294969890123456789092949698901234567890929496989012345678909294969890123456789092949698901234567890929496989012345678909294969890123456789092949698901234567890929496989012345678909294969890123456789092949698901234567890929496989012345678909294969890123456789092949698901234567890&quot;,&quot;pincode&quot;:&quot;123456&quot;,&quot;userid&quot;:&quot;t125VIABatxIit0Gfdqy&quot;,&quot;id&quot;:&quot;B1liDhrLTdueiHd9Zgxz&quot;},{&quot;accountno&quot;:&quot;SU-1234567&quot;,&quot;departmentno&quot;:&quot;1&quot;,&quot;salary&quot;:&quot;1234567&quot;,&quot;pincode&quot;:&quot;123456&quot;,&quot;userid&quot;:&quot;t125VIABatxIit0Gfdqy&quot;,&quot;id&quot;:&quot;CX3zQwJAGpN3qqEFj6hx&quot;},{&quot;accountno&quot;:&quot;BN-1234535&quot;,&quot;departmentno&quot;:&quot;7&quot;,&quot;salary&quot;:&quot;12190&quot;,&quot;pincode&quot;:&quot;123458&quot;,&quot;userid&quot;:&quot;wvTE1ZsqbgfOMtiFejpq&quot;,&quot;id&quot;:&quot;TZO63BIG83YBr5CGN7JR&quot;},{&quot;accountno&quot;:&quot;TA-1111111&quot;,&quot;departmentno&quot;:&quot;1&quot;,&quot;salary&quot;:&quot;00000&quot;,&quot;pincode&quot;:&quot;000000&quot;,&quot;userid&quot;:&quot;t125VIABatxIit0Gfdqy&quot;,&quot;id&quot;:&quot;8eGBQYb9DdiLU2cqXt2N&quot;},{&quot;accountno&quot;:&quot;TA-1231231&quot;,&quot;departmentno&quot;:9,&quot;salary&quot;:100000,&quot;pincode&quot;:999999,&quot;userid&quot;:&quot;t125VIABatxIit0Gfdqy&quot;,&quot;id&quot;:&quot;l56oMs8gxHGaUotB1NRr&quot;},{&quot;accountno&quot;:&quot;BN-1234535&quot;,&quot;departmentno&quot;:&quot;7&quot;,&quot;salary&quot;:&quot;12190&quot;,&quot;pincode&quot;:&quot;123458&quot;,&quot;userid&quot;:&quot;wvTE1ZsqbgfOMtiFejpq&quot;,&quot;id&quot;:&quot;BICM8FEiDpqdU5bIoTPR&quot;},{&quot;accountno&quot;:&quot;BN-1234535&quot;,&quot;departmentno&quot;:&quot;7&quot;,&quot;salary&quot;:&quot;12190&quot;,&quot;pincode&quot;:&quot;123458&quot;,&quot;userid&quot;:&quot;wvTE1ZsqbgfOMtiFejpq&quot;,&quot;id&quot;:&quot;IKqokNXU68K7a4c1a52U&quot;},{&quot;accountno&quot;:&quot;SS-123456&quot;,&quot;departmentno&quot;:&quot;6&quot;,&quot;salary&quot;:&quot;666616&quot;,&quot;pincode&quot;:&quot;777777&quot;,&quot;userid&quot;:&quot;df3mJP5SKBSc4FrIFsCC&quot;,&quot;id&quot;:&quot;4OOpAJf97MKz2tGjM8a0&quot;},{&quot;accountno&quot;:&quot;BB-123456&quot;,&quot;departmentno&quot;:&quot;6&quot;,&quot;salary&quot;:&quot;666616&quot;,&quot;pincode&quot;:&quot;666666&quot;,&quot;userid&quot;:&quot;df3mJP5SKBSc4FrIFsCC&quot;,&quot;id&quot;:&quot;panK2LEk3DHzuA5IVehU&quot;},{&quot;accountno&quot;:&quot;BN-1234535&quot;,&quot;departmentno&quot;:&quot;7&quot;,&quot;salary&quot;:&quot;12190&quot;,&quot;pincode&quot;:&quot;123458&quot;,&quot;userid&quot;:&quot;wvTE1ZsqbgfOMtiFejpq&quot;,&quot;id&quot;:&quot;lO0LBoeWWtX7uchHgyTl&quot;},{&quot;accountno&quot;:&quot;TA-8765435&quot;,&quot;departmentno&quot;:&quot;9&quot;,&quot;salary&quot;:&quot;999999999999&quot;,&quot;pincode&quot;:&quot;000000&quot;,&quot;userid&quot;:&quot;t125VIABatxIit0Gfdqy&quot;,&quot;id&quot;:&quot;h5OwsGKxTCp2vegHUFDo&quot;},{&quot;accountno&quot;:&quot;TA-8765435&quot;,&quot;departmentno&quot;:&quot;9&quot;,&quot;salary&quot;:&quot;999999999999&quot;,&quot;pincode&quot;:&quot;000000&quot;,&quot;userid&quot;:&quot;t125VIABatxIit0Gfdqy&quot;,&quot;id&quot;:&quot;BLjHw10FKGGrOEU8gPxr&quot;},{&quot;accountno&quot;:&quot;TA-8765435&quot;,&quot;departmentno&quot;:&quot;9&quot;,&quot;salary&quot;:&quot;999999999999&quot;,&quot;pincode&quot;:&quot;000000&quot;,&quot;userid&quot;:&quot;t125VIABatxIit0Gfdqy&quot;,&quot;id&quot;:&quot;BVdS2pcbpXXP1hTrgTap&quot;},{&quot;accountno&quot;:&quot;TA-8765435&quot;,&quot;departmentno&quot;:&quot;9&quot;,&quot;salary&quot;:&quot;999999999999&quot;,&quot;pincode&quot;:&quot;000000&quot;,&quot;userid&quot;:&quot;t125VIABatxIit0Gfdqy&quot;,&quot;id&quot;:&quot;ntP50ihaCwolsL2fCzpy&quot;},{&quot;accountno&quot;:&quot;TA-8765435&quot;,&quot;departmentno&quot;:&quot;9&quot;,&quot;salary&quot;:&quot;999999999999&quot;,&quot;pincode&quot;:&quot;000000&quot;,&quot;userid&quot;:&quot;t125VIABatxIit0Gfdqy&quot;,&quot;id&quot;:&quot;hAJXSHi8mN1TIUfCaF9D&quot;},{&quot;accountno&quot;:&quot;TA-8765435&quot;,&quot;departmentno&quot;:&quot;9&quot;,&quot;salary&quot;:&quot;999999999999&quot;,&quot;pincode&quot;:&quot;000000&quot;,&quot;userid&quot;:&quot;t125VIABatxIit0Gfdqy&quot;,&quot;id&quot;:&quot;KqSWOzCPmKJXYFLL5i2A&quot;},{&quot;accountno&quot;:&quot;TA-8765435&quot;,&quot;departmentno&quot;:&quot;9&quot;,&quot;salary&quot;:&quot;999999999999&quot;,&quot;pincode&quot;:&quot;000000&quot;,&quot;userid&quot;:&quot;t125VIABatxIit0Gfdqy&quot;,&quot;id&quot;:&quot;dmXcl90E136ER8kH7IfP&quot;},{&quot;accountno&quot;:&quot;TA-8765435&quot;,&quot;departmentno&quot;:&quot;9&quot;,&quot;salary&quot;:&quot;999999999999&quot;,&quot;pincode&quot;:&quot;000000&quot;,&quot;userid&quot;:&quot;t125VIABatxIit0Gfdqy&quot;,&quot;id&quot;:&quot;Abc22LLrLOVcl1Tq4A3M&quot;},{&quot;accountno&quot;:&quot;BN-1234535&quot;,&quot;departmentno&quot;:&quot;7&quot;,&quot;salary&quot;:&quot;12190&quot;,&quot;pincode&quot;:&quot;123458&quot;,&quot;userid&quot;:&quot;wvTE1ZsqbgfOMtiFejpq&quot;,&quot;id&quot;:&quot;gfIOaNUPsOA7Ct6MUT0s&quot;},{&quot;accountno&quot;:&quot;TA-1231231&quot;,&quot;departmentno&quot;:&quot;9&quot;,&quot;salary&quot;:&quot;999999999999&quot;,&quot;pincode&quot;:&quot;000000&quot;,&quot;userid&quot;:&quot;t125VIABatxIit0Gfdqy&quot;,&quot;id&quot;:&quot;HJWwuWgxV5MZ8jnoaCi1&quot;},{&quot;accountno&quot;:&quot;TA-8765435&quot;,&quot;departmentno&quot;:&quot;9&quot;,&quot;salary&quot;:&quot;999999999999&quot;,&quot;pincode&quot;:&quot;000000&quot;,&quot;userid&quot;:&quot;t125VIABatxIit0Gfdqy&quot;,&quot;id&quot;:&quot;P4jymwAgDsJT1ABiclpD&quot;},{&quot;accountno&quot;:&quot;TA-8765435&quot;,&quot;departmentno&quot;:&quot;9&quot;,&quot;salary&quot;:&quot;999999999999&quot;,&quot;pincode&quot;:&quot;000000&quot;,&quot;userid&quot;:&quot;t125VIABatxIit0Gfdqy&quot;,&quot;id&quot;:&quot;qmiUXZRHh1L8kJEXgk3O&quot;},{&quot;accountno&quot;:&quot;TA-8765435&quot;,&quot;departmentno&quot;:&quot;9&quot;,&quot;salary&quot;:&quot;999999999999&quot;,&quot;pincode&quot;:&quot;000000&quot;,&quot;userid&quot;:&quot;t125VIABatxIit0Gfdqy&quot;,&quot;id&quot;:&quot;HSFBjlMZx05xmoyXcccF&quot;},{&quot;accountno&quot;:&quot;TA-8765435&quot;,&quot;departmentno&quot;:&quot;9&quot;,&quot;salary&quot;:&quot;999999999999&quot;,&quot;pincode&quot;:&quot;000000&quot;,&quot;userid&quot;:&quot;t125VIABatxIit0Gfdqy&quot;,&quot;id&quot;:&quot;o380NzGDWa2FXXk0IPu6&quot;},{&quot;accountno&quot;:&quot;TA-8765435&quot;,&quot;departmentno&quot;:&quot;9&quot;,&quot;salary&quot;:&quot;999999999999&quot;,&quot;pincode&quot;:&quot;000000&quot;,&quot;userid&quot;:&quot;t125VIABatxIit0Gfdqy&quot;,&quot;id&quot;:&quot;ukgsaF3n6oid1ritbfRi&quot;},{&quot;accountno&quot;:&quot;TA-8765432&quot;,&quot;departmentno&quot;:&quot;9&quot;,&quot;salary&quot;:&quot;999999999999&quot;,&quot;pincode&quot;:&quot;000000&quot;,&quot;userid&quot;:&quot;t125VIABatxIit0Gfdqy&quot;,&quot;id&quot;:&quot;PRhkoE4ZiSdh9UkiRxgO&quot;},{&quot;accountno&quot;:&quot;TA-8765435&quot;,&quot;departmentno&quot;:&quot;9&quot;,&quot;salary&quot;:&quot;999999999999&quot;,&quot;pincode&quot;:&quot;000000&quot;,&quot;userid&quot;:&quot;t125VIABatxIit0Gfdqy&quot;,&quot;id&quot;:&quot;VDh7JFD9SXMQfeLUynyV&quot;},{&quot;accountno&quot;:&quot;TA-8765435&quot;,&quot;departmentno&quot;:&quot;9&quot;,&quot;salary&quot;:&quot;999999999999&quot;,&quot;pincode&quot;:&quot;000000&quot;,&quot;userid&quot;:&quot;t125VIABatxIit0Gfdqy&quot;,&quot;id&quot;:&quot;A1sHZC10n3iVTv0K3opM&quot;},{&quot;accountno&quot;:&quot;TA-8765435&quot;,&quot;departmentno&quot;:&quot;9&quot;,&quot;salary&quot;:&quot;999999999999&quot;,&quot;pincode&quot;:&quot;000000&quot;,&quot;userid&quot;:&quot;t125VIABatxIit0Gfdqy&quot;,&quot;id&quot;:&quot;0eb4xwuGss5XfqEOrkut&quot;},{&quot;accountno&quot;:&quot;TA-8765435&quot;,&quot;departmentno&quot;:&quot;9&quot;,&quot;salary&quot;:&quot;999999999999&quot;,&quot;pincode&quot;:&quot;000000&quot;,&quot;userid&quot;:&quot;t125VIABatxIit0Gfdqy&quot;,&quot;id&quot;:&quot;nOy1BOwyWVtPwmejqpKu&quot;},{&quot;accountno&quot;:&quot;TA-8765435&quot;,&quot;departmentno&quot;:&quot;9&quot;,&quot;salary&quot;:&quot;999999999999&quot;,&quot;pincode&quot;:&quot;000000&quot;,&quot;userid&quot;:&quot;t125VIABatxIit0Gfdqy&quot;,&quot;id&quot;:&quot;Biu6QlTpUeKcrLM89s3k&quot;},{&quot;accountno&quot;:&quot;TA-8765435&quot;,&quot;departmentno&quot;:&quot;9&quot;,&quot;salary&quot;:&quot;999999999999&quot;,&quot;pincode&quot;:&quot;000000&quot;,&quot;userid&quot;:&quot;t125VIABatxIit0Gfdqy&quot;,&quot;id&quot;:&quot;gdnoI5TJI1Q8S8MFFCM3&quot;},{&quot;accountno&quot;:&quot;TA-8765435&quot;,&quot;departmentno&quot;:&quot;9&quot;,&quot;salary&quot;:&quot;999999999999&quot;,&quot;pincode&quot;:&quot;000000&quot;,&quot;userid&quot;:&quot;t125VIABatxIit0Gfdqy&quot;,&quot;id&quot;:&quot;T0OSDJQJcy06B0WsuXVn&quot;},{&quot;accountno&quot;:&quot;TA-8765435&quot;,&quot;departmentno&quot;:&quot;9&quot;,&quot;salary&quot;:&quot;999999999999&quot;,&quot;pincode&quot;:&quot;000000&quot;,&quot;userid&quot;:&quot;t125VIABatxIit0Gfdqy&quot;,&quot;id&quot;:&quot;aGlIJigK5ofpl2wOa12F&quot;},{&quot;accountno&quot;:&quot;5905101200&quot;,&quot;departmentno&quot;:8,&quot;salary&quot;:&quot;&quot;,&quot;pincode&quot;:&quot;&quot;,&quot;userid&quot;:&quot;9M0UYcQiX1yGh3aiXJWZ&quot;,&quot;id&quot;:&quot;UrMGlM1cNDrM86H4SVEo&quot;},{&quot;accountno&quot;:&quot;TA-0000000&quot;,&quot;departmentno&quot;:&quot;0&quot;,&quot;salary&quot;:&quot;0000000&quot;,&quot;pincode&quot;:&quot;000000&quot;,&quot;userid&quot;:&quot;9M0UYcQiX1yGh3aiXJWZ&quot;,&quot;id&quot;:&quot;dkYG9SIX1h3HhiS9AfzA&quot;},{&quot;accountno&quot;:&quot;TA-8765432&quot;,&quot;departmentno&quot;:&quot;9&quot;,&quot;salary&quot;:&quot;999999999999&quot;,&quot;pincode&quot;:&quot;000000&quot;,&quot;userid&quot;:&quot;t125VIABatxIit0Gfdqy&quot;,&quot;id&quot;:&quot;H2hxvTzze0Dr5m3r6W6o&quot;},{&quot;accountno&quot;:&quot;TA-1234567&quot;,&quot;departmentno&quot;:&quot;1&quot;,&quot;salary&quot;:&quot;1&quot;,&quot;pincode&quot;:&quot;123456&quot;,&quot;userid&quot;:&quot;t125VIABatxIit0Gfdqy&quot;,&quot;id&quot;:&quot;d3xBlNgiSsKlYaSc1AjS&quot;},{&quot;accountno&quot;:&quot;TA-8765432&quot;,&quot;departmentno&quot;:&quot;9&quot;,&quot;salary&quot;:&quot;999999999999&quot;,&quot;pincode&quot;:&quot;000000&quot;,&quot;userid&quot;:&quot;t125VIABatxIit0Gfdqy&quot;,&quot;id&quot;:&quot;OCG6U3rAq9U97FOuOmiy&quot;},{&quot;accountno&quot;:&quot;TA-8765432&quot;,&quot;departmentno&quot;:&quot;9&quot;,&quot;salary&quot;:&quot;999999999999&quot;,&quot;pincode&quot;:&quot;000000&quot;,&quot;userid&quot;:&quot;t125VIABatxIit0Gfdqy&quot;,&quot;id&quot;:&quot;GOwHyBS4YMHv7sPJhOf5&quot;},{&quot;accountno&quot;:&quot;TA-8765432&quot;,&quot;departmentno&quot;:&quot;9&quot;,&quot;salary&quot;:&quot;999999999999&quot;,&quot;pincode&quot;:&quot;000000&quot;,&quot;userid&quot;:&quot;t125VIABatxIit0Gfdqy&quot;,&quot;id&quot;:&quot;IVTe9lT5t0bsKuB7Z5XN&quot;},{&quot;accountno&quot;:&quot;TA-2345566&quot;,&quot;departmentno&quot;:&quot;1&quot;,&quot;salary&quot;:&quot;1&quot;,&quot;pincode&quot;:&quot;345670&quot;,&quot;userid&quot;:&quot;t125VIABatxIit0Gfdqy&quot;,&quot;id&quot;:&quot;pDWc6E7Hdge8kpnwJLnW&quot;},{&quot;accountno&quot;:&quot;TA-2345566&quot;,&quot;departmentno&quot;:&quot;1&quot;,&quot;salary&quot;:&quot;1&quot;,&quot;pincode&quot;:&quot;345678&quot;,&quot;userid&quot;:&quot;t125VIABatxIit0Gfdqy&quot;,&quot;id&quot;:&quot;zWWCtSNXcj0VwyciAieC&quot;},{&quot;accountno&quot;:&quot;TA-1234578&quot;,&quot;departmentno&quot;:2,&quot;salary&quot;:2,&quot;pincode&quot;:100000,&quot;userid&quot;:&quot;t125VIABatxIit0Gfdqy&quot;,&quot;id&quot;:&quot;Ea4j6obDFpZlPVz4saNc&quot;},{&quot;accountno&quot;:&quot;TA-2345555&quot;,&quot;departmentno&quot;:&quot;1&quot;,&quot;salary&quot;:&quot;1&quot;,&quot;pincode&quot;:&quot;345678&quot;,&quot;userid&quot;:&quot;t125VIABatxIit0Gfdqy&quot;,&quot;id&quot;:&quot;Z1XLjVcUo3R9USnCE26J&quot;},{&quot;accountno&quot;:&quot;TA-1212121&quot;,&quot;departmentno&quot;:&quot;5&quot;,&quot;salary&quot;:&quot;6000&quot;,&quot;pincode&quot;:&quot;945381&quot;,&quot;userid&quot;:&quot;taGX4XQQfXD3Z76sI1Xn&quot;,&quot;id&quot;:&quot;K4RNbaoxyA3ItIJUtaig&quot;},{&quot;accountno&quot;:&quot;TA-1212121&quot;,&quot;departmentno&quot;:&quot;5&quot;,&quot;salary&quot;:&quot;6000&quot;,&quot;pincode&quot;:&quot;945381&quot;,&quot;userid&quot;:&quot;fvgD6ZVj1DoWWUEN57w5&quot;,&quot;id&quot;:&quot;ud1gqcdzKOyjf7U9OCPF&quot;},{&quot;accountno&quot;:&quot;TA-1211211&quot;,&quot;departmentno&quot;:&quot;4&quot;,&quot;salary&quot;:&quot;23345&quot;,&quot;pincode&quot;:&quot;433433&quot;,&quot;userid&quot;:&quot;fvgD6ZVj1DoWWUEN57w5&quot;,&quot;id&quot;:&quot;7wnu0HcVqMxdXh9A3Oyd&quot;},{&quot;accountno&quot;:&quot;TA-128290&quot;,&quot;departmentno&quot;:&quot;6&quot;,&quot;salary&quot;:&quot;23000&quot;,&quot;pincode&quot;:&quot;568796&quot;,&quot;userid&quot;:&quot;hlI8xRxaKMwpontOHVoR&quot;,&quot;id&quot;:&quot;wIPunwkd6P3fvUdoccVE&quot;},{&quot;accountno&quot;:&quot;TA-1212121&quot;,&quot;departmentno&quot;:&quot;1&quot;,&quot;salary&quot;:&quot;121212&quot;,&quot;pincode&quot;:&quot;999999&quot;,&quot;userid&quot;:&quot;yj4lLufi6vTtJtT0MKL8&quot;,&quot;id&quot;:&quot;4zDxd4c0K78ZllkJvesn&quot;},{&quot;accountno&quot;:&quot;TA-1212121&quot;,&quot;departmentno&quot;:&quot;1&quot;,&quot;salary&quot;:&quot;121212&quot;,&quot;pincode&quot;:&quot;121212&quot;,&quot;userid&quot;:&quot;yj4lLufi6vTtJtT0MKL8&quot;,&quot;id&quot;:&quot;c6vbbUzKDzaLy8u9sWDw&quot;},{&quot;accountno&quot;:&quot;AL-9999998&quot;,&quot;departmentno&quot;:&quot;8&quot;,&quot;salary&quot;:&quot;9999999998&quot;,&quot;pincode&quot;:&quot;999998&quot;,&quot;userid&quot;:&quot;fvgD6ZVj1DoWWUEN57w5&quot;,&quot;id&quot;:&quot;DdjtDpTUONzdYKosanbe&quot;},{&quot;accountno&quot;:&quot;AL-9999999&quot;,&quot;departmentno&quot;:&quot;9&quot;,&quot;salary&quot;:&quot;9999999999&quot;,&quot;pincode&quot;:&quot;999999&quot;,&quot;userid&quot;:&quot;fvgD6ZVj1DoWWUEN57w5&quot;,&quot;id&quot;:&quot;3cwgQLm5RcH9eVCSULbO&quot;},{&quot;accountno&quot;:&quot;TA-9999999&quot;,&quot;departmentno&quot;:&quot;9&quot;,&quot;salary&quot;:&quot;9999999999&quot;,&quot;pincode&quot;:&quot;999999&quot;,&quot;userid&quot;:&quot;fvgD6ZVj1DoWWUEN57w5&quot;,&quot;id&quot;:&quot;w7zOd1EFWNjGJA9jnDrl&quot;},{&quot;accountno&quot;:&quot;TA-2121212&quot;,&quot;departmentno&quot;:&quot;2&quot;,&quot;salary&quot;:&quot;21212121&quot;,&quot;pincode&quot;:&quot;212121&quot;,&quot;userid&quot;:&quot;fvgD6ZVj1DoWWUEN57w5&quot;,&quot;id&quot;:&quot;dNxjggzdA0BSf6sxGRyd&quot;},{&quot;accountno&quot;:&quot;TA-1212121&quot;,&quot;departmentno&quot;:&quot;1&quot;,&quot;salary&quot;:&quot;121212&quot;,&quot;pincode&quot;:&quot;121212&quot;,&quot;userid&quot;:&quot;yj4lLufi6vTtJtT0MKL8&quot;,&quot;id&quot;:&quot;koOUJnGCRuTTSV14BzWf&quot;},{&quot;accountno&quot;:&quot;AA-1111111&quot;,&quot;departmentno&quot;:&quot;1&quot;,&quot;salary&quot;:&quot;0&quot;,&quot;pincode&quot;:&quot;111111&quot;,&quot;userid&quot;:&quot;taGX4XQQfXD3Z76sI1Xn&quot;,&quot;id&quot;:&quot;63ppmbnNGlqTtyVGfU2T&quot;},{&quot;accountno&quot;:&quot;BN-1234535&quot;,&quot;departmentno&quot;:&quot;7&quot;,&quot;salary&quot;:&quot;12190&quot;,&quot;pincode&quot;:&quot;123458&quot;,&quot;userid&quot;:&quot;wvTE1ZsqbgfOMtiFejpq&quot;,&quot;id&quot;:&quot;60V6jKa8PuUClqyw9usn&quot;},{&quot;accountno&quot;:&quot;BN-1234535&quot;,&quot;departmentno&quot;:&quot;3&quot;,&quot;salary&quot;:&quot;12120&quot;,&quot;pincode&quot;:&quot;123458&quot;,&quot;userid&quot;:&quot;wvTE1ZsqbgfOMtiFejpq&quot;,&quot;id&quot;:&quot;pUKVmr2HdavMsGFcKNcq&quot;},{&quot;accountno&quot;:&quot;AA-8765422&quot;,&quot;departmentno&quot;:&quot;8&quot;,&quot;salary&quot;:&quot;80000&quot;,&quot;pincode&quot;:&quot;805077&quot;,&quot;userid&quot;:&quot;9M0UYcQiX1yGh3aiXJWZ&quot;,&quot;id&quot;:&quot;AQj5Umw5I7QMLa4yw1HZ&quot;},{&quot;accountno&quot;:&quot;AA-8765422&quot;,&quot;departmentno&quot;:&quot;8&quot;,&quot;salary&quot;:&quot;80000&quot;,&quot;pincode&quot;:&quot;805077&quot;,&quot;userid&quot;:&quot;9M0UYcQiX1yGh3aiXJWZ&quot;,&quot;id&quot;:&quot;Ynhli5N6mLcCY72eQOIW&quot;},{&quot;accountno&quot;:&quot;TA-7333333&quot;,&quot;departmentno&quot;:&quot;3&quot;,&quot;salary&quot;:&quot;30000&quot;,&quot;pincode&quot;:&quot;305077&quot;,&quot;userid&quot;:&quot;9M0UYcQiX1yGh3aiXJWZ&quot;,&quot;id&quot;:&quot;FzQ8GXAOIzKXipbwtQL8&quot;},{&quot;accountno&quot;:&quot;TA-9595959&quot;,&quot;departmentno&quot;:&quot;9&quot;,&quot;salary&quot;:&quot;9000&quot;,&quot;pincode&quot;:&quot;909090&quot;,&quot;userid&quot;:&quot;txyvZ2JBdVLa10kxS284&quot;,&quot;id&quot;:&quot;Rh5oboimSWUPOXFx8Tug&quot;},{&quot;accountno&quot;:&quot;6395655&quot;,&quot;departmentno&quot;:&quot;4&quot;,&quot;salary&quot;:&quot;1578299&quot;,&quot;pincode&quot;:&quot;4319285&quot;,&quot;userid&quot;:&quot;y4iCOSfi7YZ6cE7eHQEq&quot;,&quot;id&quot;:&quot;zOpkpLQyaxTajzFlgmiW&quot;},{&quot;accountno&quot;:&quot;5414719&quot;,&quot;departmentno&quot;:&quot;7&quot;,&quot;salary&quot;:&quot;1472630&quot;,&quot;pincode&quot;:&quot;8640188&quot;,&quot;userid&quot;:&quot;y4iCOSfi7YZ6cE7eHQEq&quot;,&quot;id&quot;:&quot;AVHAZtRvu57vMEjadpPK&quot;},{&quot;accountno&quot;:&quot;6305312&quot;,&quot;departmentno&quot;:&quot;7&quot;,&quot;salary&quot;:&quot;0126142&quot;,&quot;pincode&quot;:&quot;2927624&quot;,&quot;userid&quot;:&quot;y4iCOSfi7YZ6cE7eHQEq&quot;,&quot;id&quot;:&quot;hg2w2MZwkKnbssZwjbDV&quot;},{&quot;accountno&quot;:&quot;TA-4567888&quot;,&quot;departmentno&quot;:&quot;2&quot;,&quot;salary&quot;:&quot;12345&quot;,&quot;pincode&quot;:&quot;483070&quot;,&quot;userid&quot;:&quot;y4iCOSfi7YZ6cE7eHQEq&quot;,&quot;id&quot;:&quot;P9xtjzqPHP8rQ4LhTTlU&quot;},{&quot;accountno&quot;:&quot;TA-4567888&quot;,&quot;departmentno&quot;:&quot;1&quot;,&quot;salary&quot;:&quot;1&quot;,&quot;pincode&quot;:&quot;483070&quot;,&quot;userid&quot;:&quot;y4iCOSfi7YZ6cE7eHQEq&quot;,&quot;id&quot;:&quot;Km5Sb1XGvq19ha7DQObN&quot;},{&quot;accountno&quot;:&quot;5555555&quot;,&quot;departmentno&quot;:&quot;5&quot;,&quot;salary&quot;:&quot;55555&quot;,&quot;pincode&quot;:&quot;500055&quot;,&quot;userid&quot;:&quot;Vh9h6QeQwTUcvVEz3MxJ&quot;,&quot;id&quot;:&quot;bvcqBzafxokaAqrIwWFE&quot;},{&quot;accountno&quot;:&quot;5555555&quot;,&quot;departmentno&quot;:&quot;5&quot;,&quot;salary&quot;:&quot;55555&quot;,&quot;pincode&quot;:&quot;500055&quot;,&quot;userid&quot;:&quot;Vh9h6QeQwTUcvVEz3MxJ&quot;,&quot;id&quot;:&quot;ZlK9NwDSzWTC4zrzUYPf&quot;},{&quot;accountno&quot;:&quot;TA-6785675&quot;,&quot;departmentno&quot;:&quot;2&quot;,&quot;salary&quot;:&quot;999463&quot;,&quot;pincode&quot;:&quot;562099&quot;,&quot;userid&quot;:&quot;taGX4XQQfXD3Z76sI1Xn&quot;,&quot;id&quot;:&quot;J93eOK5PoxFKqrxcvx7N&quot;},{&quot;accountno&quot;:&quot;TA-128290&quot;,&quot;departmentno&quot;:&quot;6&quot;,&quot;salary&quot;:&quot;23000&quot;,&quot;pincode&quot;:&quot;568796&quot;,&quot;userid&quot;:&quot;hlI8xRxaKMwpontOHVoR&quot;,&quot;id&quot;:&quot;Qfo26HvbLIVs5UvMMeXM&quot;},{&quot;accountno&quot;:&quot;TA-9889779&quot;,&quot;departmentno&quot;:&quot;9&quot;,&quot;salary&quot;:&quot;1234567890&quot;,&quot;pincode&quot;:&quot;999888&quot;,&quot;userid&quot;:&quot;t125VIABatxIit0Gfdqy&quot;,&quot;id&quot;:&quot;rY8zJWInwjhOXbdbL9dk&quot;},{&quot;accountno&quot;:&quot;TA-128290&quot;,&quot;departmentno&quot;:&quot;6&quot;,&quot;salary&quot;:&quot;23000&quot;,&quot;pincode&quot;:&quot;568796&quot;,&quot;userid&quot;:&quot;hlI8xRxaKMwpontOHVoR&quot;,&quot;id&quot;:&quot;0GDkgADKLid7fiIIcDnz&quot;},{&quot;accountno&quot;:&quot;TA-128290&quot;,&quot;departmentno&quot;:&quot;6&quot;,&quot;salary&quot;:&quot;23000&quot;,&quot;pincode&quot;:&quot;568796&quot;,&quot;userid&quot;:&quot;hlI8xRxaKMwpontOHVoR&quot;,&quot;id&quot;:&quot;3YKBPJttwjbA7LpTIYZW&quot;},{&quot;accountno&quot;:&quot;BN-1234535&quot;,&quot;departmentno&quot;:&quot;3&quot;,&quot;salary&quot;:&quot;12120&quot;,&quot;pincode&quot;:&quot;123458&quot;,&quot;userid&quot;:&quot;wvTE1ZsqbgfOMtiFejpq&quot;,&quot;id&quot;:&quot;JxYWC3FGac7Nuni4Kk7Y&quot;},{&quot;accountno&quot;:&quot;TA-000000&quot;,&quot;departmentno&quot;:&quot;6&quot;,&quot;salary&quot;:&quot;23000&quot;,&quot;pincode&quot;:&quot;568796&quot;,&quot;userid&quot;:&quot;hlI8xRxaKMwpontOHVoR&quot;,&quot;id&quot;:&quot;SVQBAx4MMX8kKKLw13v3&quot;},{&quot;accountno&quot;:&quot;TA-000000&quot;,&quot;departmentno&quot;:&quot;6&quot;,&quot;salary&quot;:&quot;23000&quot;,&quot;pincode&quot;:&quot;568796&quot;,&quot;userid&quot;:&quot;hlI8xRxaKMwpontOHVoR&quot;,&quot;id&quot;:&quot;J9T1sdu0tjPtWNbfikwb&quot;},{&quot;accountno&quot;:&quot;TA-6789975&quot;,&quot;departmentno&quot;:2,&quot;salary&quot;:&quot;tetstst&quot;,&quot;pincode&quot;:94538,&quot;userid&quot;:&quot;taGX4XQQfXD3Z76sI1Xn&quot;,&quot;id&quot;:&quot;Y05tjlVgNbwZGnPGpSLr&quot;},{&quot;accountno&quot;:&quot;TA-7112022&quot;,&quot;departmentno&quot;:&quot;7&quot;,&quot;salary&quot;:&quot;70000&quot;,&quot;pincode&quot;:&quot;705077&quot;,&quot;userid&quot;:&quot;9M0UYcQiX1yGh3aiXJWZ&quot;,&quot;id&quot;:&quot;I8OPnpEdyBff26pCzjC4&quot;},{&quot;accountno&quot;:&quot;TA-7112022&quot;,&quot;departmentno&quot;:&quot;7&quot;,&quot;salary&quot;:&quot;70000&quot;,&quot;pincode&quot;:&quot;705077&quot;,&quot;userid&quot;:&quot;9M0UYcQiX1yGh3aiXJWZ&quot;,&quot;id&quot;:&quot;KK6ycDRDBZvlr7uJOEdo&quot;},{&quot;accountno&quot;:&quot;TA-7112022&quot;,&quot;departmentno&quot;:&quot;7&quot;,&quot;salary&quot;:&quot;70000&quot;,&quot;pincode&quot;:&quot;705077&quot;,&quot;userid&quot;:&quot;9M0UYcQiX1yGh3aiXJWZ&quot;,&quot;id&quot;:&quot;paDO1ODjg7MCo2rM6X0j&quot;},{&quot;accountno&quot;:&quot;TA-6789975&quot;,&quot;departmentno&quot;:&quot;2&quot;,&quot;salary&quot;:&quot;179463&quot;,&quot;pincode&quot;:&quot;562099&quot;,&quot;userid&quot;:&quot;taGX4XQQfXD3Z76sI1Xn&quot;,&quot;id&quot;:&quot;hT2YosEDPQtn9NLN4Jvc&quot;},{&quot;accountno&quot;:&quot;TA-9595959&quot;,&quot;departmentno&quot;:&quot;9&quot;,&quot;salary&quot;:&quot;9000&quot;,&quot;pincode&quot;:&quot;909090&quot;,&quot;userid&quot;:&quot;txyvZ2JBdVLa10kxS284&quot;,&quot;id&quot;:&quot;KtynoKbgMlJXL2eQCRlm&quot;},{&quot;accountno&quot;:&quot;TA-8585858&quot;,&quot;departmentno&quot;:&quot;8&quot;,&quot;salary&quot;:&quot;8000&quot;,&quot;pincode&quot;:&quot;808080&quot;,&quot;userid&quot;:&quot;txyvZ2JBdVLa10kxS284&quot;,&quot;id&quot;:&quot;5QQjddWxEVggg7WzmpKN&quot;},{&quot;accountno&quot;:&quot;12345891&quot;,&quot;departmentno&quot;:&quot;6&quot;,&quot;salary&quot;:&quot;68765&quot;,&quot;pincode&quot;:&quot;68908&quot;,&quot;userid&quot;:&quot;XshVKm3AyHhTRrqmbqzu&quot;,&quot;id&quot;:&quot;3zOPkmXla7M0moQmnhq6&quot;},{&quot;accountno&quot;:&quot;12345691&quot;,&quot;departmentno&quot;:&quot;6&quot;,&quot;salary&quot;:&quot;68765&quot;,&quot;pincode&quot;:&quot;68908&quot;,&quot;userid&quot;:&quot;XshVKm3AyHhTRrqmbqzu&quot;,&quot;id&quot;:&quot;CaEpGkacvmA63R560b6N&quot;},{&quot;accountno&quot;:&quot;12345690&quot;,&quot;departmentno&quot;:&quot;6&quot;,&quot;salary&quot;:&quot;68765&quot;,&quot;pincode&quot;:&quot;68908&quot;,&quot;userid&quot;:&quot;XshVKm3AyHhTRrqmbqzu&quot;,&quot;id&quot;:&quot;ZnzywyivIdP5gkqN9RPd&quot;},{&quot;accountno&quot;:&quot;TA-9595959&quot;,&quot;departmentno&quot;:&quot;9&quot;,&quot;salary&quot;:&quot;9000&quot;,&quot;pincode&quot;:&quot;909090&quot;,&quot;userid&quot;:&quot;txyvZ2JBdVLa10kxS284&quot;,&quot;id&quot;:&quot;d6QsuxfbHU4byoP7bW7q&quot;},{&quot;accountno&quot;:&quot;TA-8765432&quot;,&quot;departmentno&quot;:&quot;1&quot;,&quot;salary&quot;:&quot;88776655&quot;,&quot;pincode&quot;:&quot;123456&quot;,&quot;userid&quot;:&quot;duFW4BC9hXzbr1yD2KAS&quot;,&quot;id&quot;:&quot;og297KKqUYnfw0BnaRVQ&quot;},{&quot;accountno&quot;:&quot;TA-8585858&quot;,&quot;departmentno&quot;:8,&quot;salary&quot;:8000,&quot;pincode&quot;:808081,&quot;userid&quot;:&quot;txyvZ2JBdVLa10kxS284&quot;,&quot;id&quot;:&quot;6g3f3Kz15ixHD9jQYQ39&quot;},{&quot;accountno&quot;:&quot;12345670&quot;,&quot;departmentno&quot;:&quot;6&quot;,&quot;salary&quot;:&quot;68765&quot;,&quot;pincode&quot;:&quot;68908&quot;,&quot;userid&quot;:&quot;XshVKm3AyHhTRrqmbqzu&quot;,&quot;id&quot;:&quot;VAkwvWdjW745XayzO7Vs&quot;},{&quot;accountno&quot;:&quot;12345678&quot;,&quot;departmentno&quot;:&quot;6&quot;,&quot;salary&quot;:&quot;68765&quot;,&quot;pincode&quot;:&quot;68908&quot;,&quot;userid&quot;:&quot;XshVKm3AyHhTRrqmbqzu&quot;,&quot;id&quot;:&quot;BpgDUohNqKyguPnYHl1C&quot;},{&quot;accountno&quot;:&quot;WA-7777888&quot;,&quot;departmentno&quot;:&quot;3&quot;,&quot;salary&quot;:&quot;131313&quot;,&quot;pincode&quot;:&quot;131333&quot;,&quot;userid&quot;:&quot;XshVKm3AyHhTRrqmbqzu&quot;,&quot;id&quot;:&quot;yEsUfFnYIJIckZ9TwybK&quot;},{&quot;accountno&quot;:&quot;WA-7777790&quot;,&quot;departmentno&quot;:&quot;3&quot;,&quot;salary&quot;:&quot;131313&quot;,&quot;pincode&quot;:&quot;131333&quot;,&quot;userid&quot;:&quot;yj4lLufi6vTtJtT0MKL8&quot;,&quot;id&quot;:&quot;mRPhawmzhh8K4TbDUHMy&quot;},{&quot;accountno&quot;:&quot;WA-7777790&quot;,&quot;departmentno&quot;:&quot;3&quot;,&quot;salary&quot;:&quot;131313&quot;,&quot;pincode&quot;:&quot;131333&quot;,&quot;userid&quot;:&quot;yj4lLufi6vTtJtT0MKL8&quot;,&quot;id&quot;:&quot;sznDZUPULMtSCnxXxpG7&quot;},{&quot;accountno&quot;:&quot;SS-rrr4444&quot;,&quot;departmentno&quot;:&quot;4&quot;,&quot;salary&quot;:&quot;44444&quot;,&quot;pincode&quot;:&quot;444444&quot;,&quot;userid&quot;:&quot;gwcn6RK4r9LUWalrshHM&quot;,&quot;id&quot;:&quot;CbzO1AhaZbQzES8ZOocc&quot;},{&quot;accountno&quot;:&quot;WA-7777778&quot;,&quot;departmentno&quot;:&quot;3&quot;,&quot;salary&quot;:&quot;131313&quot;,&quot;pincode&quot;:&quot;131333&quot;,&quot;userid&quot;:&quot;yj4lLufi6vTtJtT0MKL8&quot;,&quot;id&quot;:&quot;6v6pJLgPzi4upooWW65p&quot;},{&quot;accountno&quot;:&quot;WA-7777777&quot;,&quot;departmentno&quot;:&quot;3&quot;,&quot;salary&quot;:&quot;131313&quot;,&quot;pincode&quot;:&quot;131333&quot;,&quot;userid&quot;:&quot;yj4lLufi6vTtJtT0MKL8&quot;,&quot;id&quot;:&quot;M3WsShxVFaoFHez9s0Th&quot;},{&quot;accountno&quot;:&quot;TA-1231231&quot;,&quot;departmentno&quot;:&quot;1&quot;,&quot;salary&quot;:&quot;123123&quot;,&quot;pincode&quot;:&quot;123123&quot;,&quot;userid&quot;:&quot;taGX4XQQfXD3Z76sI1Xn&quot;,&quot;id&quot;:&quot;b7ZCw6SW1A4odHTZVEYS&quot;},{&quot;accountno&quot;:&quot;TA-1111111&quot;,&quot;departmentno&quot;:&quot;1&quot;,&quot;salary&quot;:&quot;1111&quot;,&quot;pincode&quot;:&quot;111111&quot;,&quot;userid&quot;:&quot;taGX4XQQfXD3Z76sI1Xn&quot;,&quot;id&quot;:&quot;jg3vpWhDM463fyfi4Nxh&quot;},{&quot;accountno&quot;:&quot;TA-6789975&quot;,&quot;departmentno&quot;:&quot;2&quot;,&quot;salary&quot;:&quot;179463&quot;,&quot;pincode&quot;:&quot;562099&quot;,&quot;userid&quot;:&quot;taGX4XQQfXD3Z76sI1Xn&quot;,&quot;id&quot;:&quot;rt6cQaeeTaQHmysRpKCc&quot;},{&quot;accountno&quot;:&quot;12345678&quot;,&quot;departmentno&quot;:&quot;6&quot;,&quot;salary&quot;:&quot;68765&quot;,&quot;pincode&quot;:&quot;68908&quot;,&quot;userid&quot;:&quot;fvgD6ZVj1DoWWUEN57w5&quot;,&quot;id&quot;:&quot;nPHoS94X5K5tk9CxIP0v&quot;},{&quot;accountno&quot;:&quot;TA-1388881&quot;,&quot;departmentno&quot;:&quot;1&quot;,&quot;salary&quot;:&quot;1&quot;,&quot;pincode&quot;:&quot;123881&quot;,&quot;userid&quot;:&quot;gKTik79w9Jf4dRqerMXU&quot;,&quot;id&quot;:&quot;S9KE2WFOmGHtekIpSJ0L&quot;},{&quot;accountno&quot;:&quot;TA-1388888&quot;,&quot;departmentno&quot;:&quot;3&quot;,&quot;salary&quot;:&quot;3&quot;,&quot;pincode&quot;:&quot;123888&quot;,&quot;userid&quot;:&quot;gKTik79w9Jf4dRqerMXU&quot;,&quot;id&quot;:&quot;LDIU8K805gpupYqD30k9&quot;},{&quot;accountno&quot;:&quot;TA-1388888&quot;,&quot;departmentno&quot;:&quot;3&quot;,&quot;salary&quot;:&quot;3&quot;,&quot;pincode&quot;:&quot;123888&quot;,&quot;userid&quot;:&quot;gKTik79w9Jf4dRqerMXU&quot;,&quot;id&quot;:&quot;fjsvZ4dyHrVoRWKqdBDr&quot;},{&quot;accountno&quot;:&quot;TA-8888888&quot;,&quot;departmentno&quot;:&quot;8&quot;,&quot;salary&quot;:&quot;8000&quot;,&quot;pincode&quot;:&quot;808080&quot;,&quot;userid&quot;:&quot;txyvZ2JBdVLa10kxS284&quot;,&quot;id&quot;:&quot;G8a0kh0ydH1j3RLMMUnP&quot;},{&quot;accountno&quot;:&quot;TA-6666666&quot;,&quot;departmentno&quot;:&quot;6&quot;,&quot;salary&quot;:&quot;60000&quot;,&quot;pincode&quot;:&quot;000000&quot;,&quot;userid&quot;:&quot;t125VIABatxIit0Gfdqy&quot;,&quot;id&quot;:&quot;DctqxUJt6nkCqkua9znu&quot;},{&quot;accountno&quot;:&quot;TA-2000001&quot;,&quot;departmentno&quot;:&quot;2&quot;,&quot;salary&quot;:&quot;20002&quot;,&quot;pincode&quot;:&quot;289022&quot;,&quot;userid&quot;:&quot;fvgD6ZVj1DoWWUEN57w5&quot;,&quot;id&quot;:&quot;aTWSLYouioMYIWxBRMYs&quot;},{&quot;accountno&quot;:&quot;TA-5544332&quot;,&quot;departmentno&quot;:8,&quot;salary&quot;:5000000,&quot;pincode&quot;:858211,&quot;userid&quot;:&quot;taGX4XQQfXD3Z76sI1Xn&quot;,&quot;id&quot;:&quot;b4lPHNCl4ppTJydsCOrn&quot;},{&quot;accountno&quot;:&quot;TA-5544332&quot;,&quot;departmentno&quot;:&quot;8&quot;,&quot;salary&quot;:&quot;50000000&quot;,&quot;pincode&quot;:&quot;858211&quot;,&quot;userid&quot;:&quot;taGX4XQQfXD3Z76sI1Xn&quot;,&quot;id&quot;:&quot;H5BQJuMjM2oAxZM6E8NE&quot;},{&quot;accountno&quot;:&quot;GA-1234555&quot;,&quot;departmentno&quot;:&quot;4&quot;,&quot;salary&quot;:&quot;444444&quot;,&quot;pincode&quot;:&quot;444444&quot;,&quot;userid&quot;:&quot;df3mJP5SKBSc4FrIFsCC&quot;,&quot;id&quot;:&quot;IA5xfeWcinXSSFPjJhUC&quot;},{&quot;accountno&quot;:&quot;TA-5544332&quot;,&quot;departmentno&quot;:&quot;8&quot;,&quot;salary&quot;:&quot;500000&quot;,&quot;pincode&quot;:&quot;605004&quot;,&quot;userid&quot;:&quot;pGfjZq98hw6BEeGMRRCc&quot;,&quot;id&quot;:&quot;74bEEozRouQMxhuliM55&quot;},{&quot;accountno&quot;:&quot;TA-5544332&quot;,&quot;departmentno&quot;:&quot;8&quot;,&quot;salary&quot;:&quot;500000&quot;,&quot;pincode&quot;:&quot;605004&quot;,&quot;userid&quot;:&quot;pGfjZq98hw6BEeGMRRCc&quot;,&quot;id&quot;:&quot;RqfIL9rDyVpo0ANOYQgZ&quot;},{&quot;accountno&quot;:&quot;TA-5544332&quot;,&quot;departmentno&quot;:&quot;8&quot;,&quot;salary&quot;:&quot;500000&quot;,&quot;pincode&quot;:&quot;605004&quot;,&quot;userid&quot;:&quot;pGfjZq98hw6BEeGMRRCc&quot;,&quot;id&quot;:&quot;dxxr4eYqdf15K9GkFXJa&quot;},{&quot;accountno&quot;:&quot;TA-6464633&quot;,&quot;departmentno&quot;:&quot;5&quot;,&quot;salary&quot;:&quot;545444&quot;,&quot;pincode&quot;:&quot;212221&quot;,&quot;userid&quot;:&quot;9M0UYcQiX1yGh3aiXJWZ&quot;,&quot;id&quot;:&quot;aZyAXZSa1reZ9l63SEMW&quot;},{&quot;accountno&quot;:&quot;BN-1234535&quot;,&quot;departmentno&quot;:&quot;3&quot;,&quot;salary&quot;:&quot;12120&quot;,&quot;pincode&quot;:&quot;123458&quot;,&quot;userid&quot;:&quot;wvTE1ZsqbgfOMtiFejpq&quot;,&quot;id&quot;:&quot;KozG1CDtXSPsBTdTsT7p&quot;},{&quot;accountno&quot;:&quot;TA-5050505&quot;,&quot;departmentno&quot;:&quot;5&quot;,&quot;salary&quot;:&quot;5000&quot;,&quot;pincode&quot;:&quot;555555&quot;,&quot;userid&quot;:&quot;txyvZ2JBdVLa10kxS284&quot;,&quot;id&quot;:&quot;5UESzfCKy30voWN8fedi&quot;},{&quot;accountno&quot;:&quot;TA-3456789&quot;,&quot;departmentno&quot;:&quot;1&quot;,&quot;salary&quot;:&quot;654321&quot;,&quot;pincode&quot;:&quot;123456&quot;,&quot;userid&quot;:&quot;taGX4XQQfXD3Z76sI1Xn&quot;,&quot;id&quot;:&quot;UyKwnFR3JhbYt6ThFsG3&quot;},{&quot;accountno&quot;:&quot;TA-0987654&quot;,&quot;departmentno&quot;:&quot;1&quot;,&quot;salary&quot;:&quot;111111&quot;,&quot;pincode&quot;:&quot;111111&quot;,&quot;userid&quot;:&quot;9M0UYcQiX1yGh3aiXJWZ&quot;,&quot;id&quot;:&quot;lzDftFqhzzATEJeDmyjE&quot;},{&quot;accountno&quot;:&quot;TA-8785450&quot;,&quot;departmentno&quot;:&quot;8&quot;,&quot;salary&quot;:&quot;60500&quot;,&quot;pincode&quot;:&quot;205675&quot;,&quot;userid&quot;:&quot;9M0UYcQiX1yGh3aiXJWZ&quot;,&quot;id&quot;:&quot;ECDDXC7Y35RteNXmR5SY&quot;},{&quot;accountno&quot;:&quot;TA-1234567&quot;,&quot;departmentno&quot;:8,&quot;salary&quot;:222222,&quot;pincode&quot;:111111,&quot;userid&quot;:&quot;9M0UYcQiX1yGh3aiXJWZ&quot;,&quot;id&quot;:&quot;NlWEhzQhuqlLx6gphEjP&quot;},{&quot;accountno&quot;:&quot;TA-5000000&quot;,&quot;departmentno&quot;:&quot;5&quot;,&quot;salary&quot;:&quot;100000&quot;,&quot;pincode&quot;:&quot;567899&quot;,&quot;userid&quot;:&quot;9M0UYcQiX1yGh3aiXJWZ&quot;,&quot;id&quot;:&quot;BCYEW31dKXVUlkBWOUmg&quot;},{&quot;accountno&quot;:&quot;TA-5758858&quot;,&quot;departmentno&quot;:&quot;5&quot;,&quot;salary&quot;:&quot;100000&quot;,&quot;pincode&quot;:&quot;567899&quot;,&quot;userid&quot;:&quot;9M0UYcQiX1yGh3aiXJWZ&quot;,&quot;id&quot;:&quot;sHuHsA30EfkDLwCaB3AN&quot;},{&quot;accountno&quot;:&quot;WA-7777777&quot;,&quot;departmentno&quot;:&quot;3&quot;,&quot;salary&quot;:&quot;131313&quot;,&quot;pincode&quot;:&quot;131333&quot;,&quot;userid&quot;:&quot;yj4lLufi6vTtJtT0MKL8&quot;,&quot;id&quot;:&quot;kOsstrEr1hM2myIJvgy4&quot;},{&quot;accountno&quot;:&quot;12345678&quot;,&quot;departmentno&quot;:&quot;6&quot;,&quot;salary&quot;:&quot;68765&quot;,&quot;pincode&quot;:&quot;68908&quot;,&quot;userid&quot;:&quot;taGX4XQQfXD3Z76sI1Xn&quot;,&quot;id&quot;:&quot;Ri9PeTLZKdtoF5deBlJz&quot;},{&quot;accountno&quot;:&quot;TA-6789975&quot;,&quot;departmentno&quot;:&quot;3&quot;,&quot;salary&quot;:&quot;179463&quot;,&quot;pincode&quot;:&quot;562099&quot;,&quot;userid&quot;:&quot;taGX4XQQfXD3Z76sI1Xn&quot;,&quot;id&quot;:&quot;Hk3SWPdDlqqY7bihxbfH&quot;},{&quot;accountno&quot;:&quot;TA-6789975&quot;,&quot;departmentno&quot;:&quot;3&quot;,&quot;salary&quot;:&quot;179463&quot;,&quot;pincode&quot;:&quot;562099&quot;,&quot;userid&quot;:&quot;taGX4XQQfXD3Z76sI1Xn&quot;,&quot;id&quot;:&quot;iJQptFTvcMPLbsBnoPsU&quot;},{&quot;accountno&quot;:&quot;BB-123456&quot;,&quot;departmentno&quot;:&quot;6&quot;,&quot;salary&quot;:&quot;666616&quot;,&quot;pincode&quot;:&quot;666666&quot;,&quot;userid&quot;:&quot;df3mJP5SKBSc4FrIFsCC&quot;,&quot;id&quot;:&quot;3hMvqphXdP5E7dLeaIfF&quot;},{&quot;accountno&quot;:&quot;BN-1234535&quot;,&quot;departmentno&quot;:&quot;3&quot;,&quot;salary&quot;:&quot;12120&quot;,&quot;pincode&quot;:&quot;123458&quot;,&quot;userid&quot;:&quot;wvTE1ZsqbgfOMtiFejpq&quot;,&quot;id&quot;:&quot;WK7FTOBX7OsU5Sn6j7fi&quot;},{&quot;accountno&quot;:&quot;BN-1234565&quot;,&quot;departmentno&quot;:&quot;8&quot;,&quot;salary&quot;:&quot;12120&quot;,&quot;pincode&quot;:&quot;123458&quot;,&quot;userid&quot;:&quot;wvTE1ZsqbgfOMtiFejpq&quot;,&quot;id&quot;:&quot;pPgFmGmMwPDYnqTAQOPj&quot;},{&quot;accountno&quot;:&quot;BN-1234567&quot;,&quot;departmentno&quot;:&quot;8&quot;,&quot;salary&quot;:&quot;12120&quot;,&quot;pincode&quot;:&quot;123458&quot;,&quot;userid&quot;:&quot;wvTE1ZsqbgfOMtiFejpq&quot;,&quot;id&quot;:&quot;IcZTaxHPGDEjIEcid1LK&quot;},{&quot;accountno&quot;:&quot;DD-123456&quot;,&quot;departmentno&quot;:6,&quot;salary&quot;:666616,&quot;pincode&quot;:666666,&quot;userid&quot;:&quot;df3mJP5SKBSc4FrIFsCC&quot;,&quot;id&quot;:&quot;p21XvnO0MuVPXisikqFT&quot;},{&quot;accountno&quot;:&quot;TA-4545445&quot;,&quot;departmentno&quot;:&quot;1&quot;,&quot;salary&quot;:&quot;123456&quot;,&quot;pincode&quot;:&quot;123456&quot;,&quot;userid&quot;:&quot;wvTE1ZsqbgfOMtiFejpq&quot;,&quot;id&quot;:&quot;536p9YaQDVnulSESeEpy&quot;},{&quot;accountno&quot;:&quot;TA-55555556&quot;,&quot;departmentno&quot;:&quot;5&quot;,&quot;salary&quot;:&quot;55555556&quot;,&quot;pincode&quot;:&quot;500026&quot;,&quot;userid&quot;:&quot;Vh9h6QeQwTUcvVEz3MxJ&quot;,&quot;id&quot;:&quot;KMdTsFszZUH1QI9KqOpY&quot;},{&quot;accountno&quot;:&quot;TA-55555556&quot;,&quot;departmentno&quot;:&quot;5&quot;,&quot;salary&quot;:&quot;55555556&quot;,&quot;pincode&quot;:&quot;500026&quot;,&quot;userid&quot;:&quot;Vh9h6QeQwTUcvVEz3MxJ&quot;,&quot;id&quot;:&quot;MXhMzcdihP5BOfM9WtZJ&quot;},{&quot;accountno&quot;:&quot;TA-1222019&quot;,&quot;departmentno&quot;:&quot;2&quot;,&quot;salary&quot;:&quot;20000&quot;,&quot;pincode&quot;:&quot;202020&quot;,&quot;userid&quot;:&quot;txyvZ2JBdVLa10kxS284&quot;,&quot;id&quot;:&quot;oO9Qj97HXPM6kwrc9ubM&quot;},{&quot;accountno&quot;:&quot;TA-55555555&quot;,&quot;departmentno&quot;:5,&quot;salary&quot;:55555555,&quot;pincode&quot;:500020,&quot;userid&quot;:&quot;Vh9h6QeQwTUcvVEz3MxJ&quot;,&quot;id&quot;:&quot;sg5olhcabWEToar2EwsQ&quot;},{&quot;accountno&quot;:&quot;TA-9876543&quot;,&quot;departmentno&quot;:&quot;1&quot;,&quot;salary&quot;:&quot;999888777&quot;,&quot;pincode&quot;:&quot;123455&quot;,&quot;userid&quot;:&quot;9M0UYcQiX1yGh3aiXJWZ&quot;,&quot;id&quot;:&quot;kG2cOvBYSOnf1jvkzewX&quot;},{&quot;accountno&quot;:&quot;TA-3000001&quot;,&quot;departmentno&quot;:&quot;3&quot;,&quot;salary&quot;:&quot;30001&quot;,&quot;pincode&quot;:&quot;389021&quot;,&quot;userid&quot;:&quot;ziBRfLEfNtH2MHyH3MhK&quot;,&quot;id&quot;:&quot;vs9uuL3qI1FuJKR4UhhM&quot;},{&quot;accountno&quot;:&quot;TA-5555555&quot;,&quot;departmentno&quot;:&quot;5&quot;,&quot;salary&quot;:&quot;50000&quot;,&quot;pincode&quot;:&quot;505050&quot;,&quot;userid&quot;:&quot;txyvZ2JBdVLa10kxS284&quot;,&quot;id&quot;:&quot;HkpUe8VYrOaZGo91uW8z&quot;},{&quot;accountno&quot;:&quot;TA-1111111&quot;,&quot;departmentno&quot;:&quot;1&quot;,&quot;salary&quot;:&quot;11&quot;,&quot;pincode&quot;:&quot;111111&quot;,&quot;userid&quot;:&quot;ziBRfLEfNtH2MHyH3MhK&quot;,&quot;id&quot;:&quot;E5TN4FEp7v25htoYumgw&quot;},{&quot;accountno&quot;:&quot;TA-3300003&quot;,&quot;departmentno&quot;:3,&quot;salary&quot;:33300,&quot;pincode&quot;:389022,&quot;userid&quot;:&quot;ziBRfLEfNtH2MHyH3MhK&quot;,&quot;id&quot;:&quot;VffDxNSP8F3eKvKFDdhD&quot;},{&quot;accountno&quot;:&quot;TA-5555555&quot;,&quot;departmentno&quot;:&quot;5&quot;,&quot;salary&quot;:&quot;50000&quot;,&quot;pincode&quot;:&quot;505050&quot;,&quot;userid&quot;:&quot;txyvZ2JBdVLa10kxS284&quot;,&quot;id&quot;:&quot;fk30JYZGNIz8h4Wsz9Jk&quot;},{&quot;accountno&quot;:&quot;TA-7112022&quot;,&quot;departmentno&quot;:&quot;7&quot;,&quot;salary&quot;:&quot;70000&quot;,&quot;pincode&quot;:&quot;705077&quot;,&quot;userid&quot;:&quot;txyvZ2JBdVLa10kxS284&quot;,&quot;id&quot;:&quot;ts6YZE9BrlWgOlDOM9hX&quot;},{&quot;accountno&quot;:&quot;TA-0000003&quot;,&quot;departmentno&quot;:&quot;3&quot;,&quot;salary&quot;:&quot;30000&quot;,&quot;pincode&quot;:&quot;089022&quot;,&quot;userid&quot;:&quot;ziBRfLEfNtH2MHyH3MhK&quot;,&quot;id&quot;:&quot;BqXQgxNKw7uD8z7Ep93f&quot;},{&quot;accountno&quot;:&quot;TA-4545445&quot;,&quot;departmentno&quot;:1,&quot;salary&quot;:123123,&quot;pincode&quot;:123123,&quot;userid&quot;:&quot;wvTE1ZsqbgfOMtiFejpq&quot;,&quot;id&quot;:&quot;YXnjbXQW9igqFx9FpS1R&quot;},{&quot;accountno&quot;:&quot;DA-123456&quot;,&quot;departmentno&quot;:&quot;6&quot;,&quot;salary&quot;:&quot;666616&quot;,&quot;pincode&quot;:&quot;666666&quot;,&quot;userid&quot;:&quot;df3mJP5SKBSc4FrIFsCC&quot;,&quot;id&quot;:&quot;5QzFJ2G7OjtcIJP1tbv3&quot;},{&quot;accountno&quot;:&quot;TA-2345678&quot;,&quot;departmentno&quot;:7,&quot;salary&quot;:4444440,&quot;pincode&quot;:666660,&quot;userid&quot;:&quot;pGfjZq98hw6BEeGMRRCc&quot;,&quot;id&quot;:&quot;ww24WyH4Y3q0eT8bIIaZ&quot;},{&quot;accountno&quot;:&quot;TA-4444444&quot;,&quot;departmentno&quot;:&quot;1&quot;,&quot;salary&quot;:&quot;123456&quot;,&quot;pincode&quot;:&quot;123456&quot;,&quot;userid&quot;:&quot;wvTE1ZsqbgfOMtiFejpq&quot;,&quot;id&quot;:&quot;eE3PfTePc2JjbwNS9UXn&quot;},{&quot;accountno&quot;:&quot;TA-2345678&quot;,&quot;departmentno&quot;:&quot;7&quot;,&quot;salary&quot;:&quot;4444444&quot;,&quot;pincode&quot;:&quot;666666&quot;,&quot;userid&quot;:&quot;pGfjZq98hw6BEeGMRRCc&quot;,&quot;id&quot;:&quot;AZ9xfhuxu7vtejkXAAW4&quot;},{&quot;accountno&quot;:&quot;TA-5555555&quot;,&quot;departmentno&quot;:1,&quot;salary&quot;:123456,&quot;pincode&quot;:123455,&quot;userid&quot;:&quot;wvTE1ZsqbgfOMtiFejpq&quot;,&quot;id&quot;:&quot;fsotMK9DGeuCMAXYwud6&quot;},{&quot;accountno&quot;:&quot;TA-7777777&quot;,&quot;departmentno&quot;:&quot;7&quot;,&quot;salary&quot;:&quot;777777&quot;,&quot;pincode&quot;:&quot;777777&quot;,&quot;userid&quot;:&quot;IkrrAY9UiqTnkEtfj4Yh&quot;,&quot;id&quot;:&quot;0t12A6Tg7nT9hxS8Jthc&quot;},{&quot;accountno&quot;:&quot;TA-5656565&quot;,&quot;departmentno&quot;:&quot;5&quot;,&quot;salary&quot;:&quot;605000&quot;,&quot;pincode&quot;:&quot;400000&quot;,&quot;userid&quot;:&quot;vIAHs9MbJhiqIwANlTzh&quot;,&quot;id&quot;:&quot;Ud3jaP2eDVsXmrOxiU6F&quot;},{&quot;accountno&quot;:&quot;TA-3456734&quot;,&quot;departmentno&quot;:&quot;3&quot;,&quot;salary&quot;:&quot;5000&quot;,&quot;pincode&quot;:&quot;905032&quot;,&quot;userid&quot;:&quot;txyvZ2JBdVLa10kxS284&quot;,&quot;id&quot;:&quot;y9QtJ5mLAn15qstvdmEs&quot;},{&quot;accountno&quot;:&quot;WA-2222225&quot;,&quot;departmentno&quot;:&quot;3&quot;,&quot;salary&quot;:&quot;131313&quot;,&quot;pincode&quot;:&quot;131333&quot;,&quot;userid&quot;:&quot;XshVKm3AyHhTRrqmbqzu&quot;,&quot;id&quot;:&quot;HNXZNzeQ86RSqNZ3dxoO&quot;},{&quot;accountno&quot;:&quot;TA-7777777&quot;,&quot;departmentno&quot;:&quot;7&quot;,&quot;salary&quot;:&quot;70000&quot;,&quot;pincode&quot;:&quot;605004&quot;,&quot;userid&quot;:&quot;vIAHs9MbJhiqIwANlTzh&quot;,&quot;id&quot;:&quot;Igt7SCL6CmH7snObOQMy&quot;},{&quot;accountno&quot;:&quot;WA-2222222&quot;,&quot;departmentno&quot;:&quot;3&quot;,&quot;salary&quot;:&quot;131313&quot;,&quot;pincode&quot;:&quot;131333&quot;,&quot;userid&quot;:&quot;XshVKm3AyHhTRrqmbqzu&quot;,&quot;id&quot;:&quot;tvwivj7SbTEc3A5imnLc&quot;},{&quot;accountno&quot;:&quot;WA-1111119&quot;,&quot;departmentno&quot;:&quot;3&quot;,&quot;salary&quot;:&quot;131313&quot;,&quot;pincode&quot;:&quot;131333&quot;,&quot;userid&quot;:&quot;XshVKm3AyHhTRrqmbqzu&quot;,&quot;id&quot;:&quot;3MZXjMm5xEyUb702VcOk&quot;},{&quot;accountno&quot;:&quot;WA-1111119&quot;,&quot;departmentno&quot;:&quot;3&quot;,&quot;salary&quot;:&quot;131313&quot;,&quot;pincode&quot;:&quot;131333&quot;,&quot;userid&quot;:&quot;XshVKm3AyHhTRrqmbqzu&quot;,&quot;id&quot;:&quot;tzMJNFG5qwKCVEk48L9p&quot;},{&quot;accountno&quot;:&quot;TA-9876543&quot;,&quot;departmentno&quot;:&quot;1&quot;,&quot;salary&quot;:&quot;100000&quot;,&quot;pincode&quot;:&quot;600000&quot;,&quot;userid&quot;:&quot;vIAHs9MbJhiqIwANlTzh&quot;,&quot;id&quot;:&quot;CAcE8NlSjo1vyaiENwWs&quot;},{&quot;accountno&quot;:&quot;WA-8888890&quot;,&quot;departmentno&quot;:8,&quot;salary&quot;:888888,&quot;pincode&quot;:888888,&quot;userid&quot;:&quot;XshVKm3AyHhTRrqmbqzu&quot;,&quot;id&quot;:&quot;ymgtTDZmrH28TrKKRhTP&quot;},{&quot;accountno&quot;:&quot;WA-1313131&quot;,&quot;departmentno&quot;:&quot;3&quot;,&quot;salary&quot;:&quot;131313&quot;,&quot;pincode&quot;:&quot;131313&quot;,&quot;userid&quot;:&quot;XshVKm3AyHhTRrqmbqzu&quot;,&quot;id&quot;:&quot;hOKH3zuwi678KqgiBvMu&quot;},{&quot;accountno&quot;:&quot;WA-1212121&quot;,&quot;departmentno&quot;:&quot;2&quot;,&quot;salary&quot;:&quot;121212&quot;,&quot;pincode&quot;:&quot;121212&quot;,&quot;userid&quot;:&quot;XshVKm3AyHhTRrqmbqzu&quot;,&quot;id&quot;:&quot;TaBjkGujtbXSa6UmkmDa&quot;},{&quot;accountno&quot;:&quot;TA-1231234&quot;,&quot;departmentno&quot;:&quot;2&quot;,&quot;salary&quot;:&quot;1234&quot;,&quot;pincode&quot;:&quot;123456&quot;,&quot;userid&quot;:&quot;XshVKm3AyHhTRrqmbqzu&quot;,&quot;id&quot;:&quot;3LbGRvJNJFzSalIsm2cR&quot;},{&quot;accountno&quot;:&quot;TA-6789975&quot;,&quot;departmentno&quot;:&quot;2&quot;,&quot;salary&quot;:&quot;179463&quot;,&quot;pincode&quot;:&quot;562099&quot;,&quot;userid&quot;:&quot;taGX4XQQfXD3Z76sI1Xn&quot;,&quot;id&quot;:&quot;AVnRR6AtaNmIOTSScwqz&quot;},{&quot;accountno&quot;:&quot;TA-1234567&quot;,&quot;departmentno&quot;:&quot;1&quot;,&quot;salary&quot;:&quot;200000&quot;,&quot;pincode&quot;:&quot;456789&quot;,&quot;userid&quot;:&quot;vIAHs9MbJhiqIwANlTzh&quot;,&quot;id&quot;:&quot;4RnkqXmiVUJKbFCvfAPa&quot;},{&quot;accountno&quot;:&quot;TA-abccccc&quot;,&quot;departmentno&quot;:&quot;7&quot;,&quot;salary&quot;:&quot;777770&quot;,&quot;pincode&quot;:&quot;001122&quot;,&quot;userid&quot;:&quot;upFYssz6Q3HXdLarfM0M&quot;,&quot;id&quot;:&quot;ua3AQZWrnqkShOpWuHd7&quot;},{&quot;accountno&quot;:&quot;TA-8354688&quot;,&quot;departmentno&quot;:&quot;8&quot;,&quot;salary&quot;:&quot;100000&quot;,&quot;pincode&quot;:&quot;676767&quot;,&quot;userid&quot;:&quot;zGWL0dyPniMetIcys8uI&quot;,&quot;id&quot;:&quot;Nd4OQuAWma66MrWcAfKi&quot;},{&quot;accountno&quot;:&quot;qwwqqqqqqq&quot;,&quot;departmentno&quot;:&quot;1&quot;,&quot;salary&quot;:&quot;1&quot;,&quot;pincode&quot;:&quot;111111&quot;,&quot;userid&quot;:&quot;df3mJP5SKBSc4FrIFsCC&quot;,&quot;id&quot;:&quot;q9fHzNnYPhstpVqNUwnB&quot;},{&quot;accountno&quot;:&quot;qwwe&quot;,&quot;departmentno&quot;:&quot;6&quot;,&quot;salary&quot;:&quot;666666&quot;,&quot;pincode&quot;:&quot;666666&quot;,&quot;userid&quot;:&quot;df3mJP5SKBSc4FrIFsCC&quot;,&quot;id&quot;:&quot;5RGLO516V7Ts2Q3kjVsm&quot;},{&quot;accountno&quot;:&quot;qwweee&quot;,&quot;departmentno&quot;:&quot;6&quot;,&quot;salary&quot;:&quot;666666&quot;,&quot;pincode&quot;:&quot;666666&quot;,&quot;userid&quot;:&quot;df3mJP5SKBSc4FrIFsCC&quot;,&quot;id&quot;:&quot;O8461MaUzoD9r5hOWxld&quot;},{&quot;accountno&quot;:&quot;qwweeer&quot;,&quot;departmentno&quot;:&quot;6&quot;,&quot;salary&quot;:&quot;666666&quot;,&quot;pincode&quot;:&quot;666666&quot;,&quot;userid&quot;:&quot;df3mJP5SKBSc4FrIFsCC&quot;,&quot;id&quot;:&quot;ei8RJWF9OBcqamHTjsjx&quot;},{&quot;accountno&quot;:&quot;qwweeerr&quot;,&quot;departmentno&quot;:&quot;6&quot;,&quot;salary&quot;:&quot;666666&quot;,&quot;pincode&quot;:&quot;666666&quot;,&quot;userid&quot;:&quot;df3mJP5SKBSc4FrIFsCC&quot;,&quot;id&quot;:&quot;5Rwyc0p2ey4MeOYLwU3g&quot;},{&quot;accountno&quot;:&quot;qwweeerr&quot;,&quot;departmentno&quot;:&quot;6&quot;,&quot;salary&quot;:&quot;666666&quot;,&quot;pincode&quot;:&quot;666666&quot;,&quot;userid&quot;:&quot;df3mJP5SKBSc4FrIFsCC&quot;,&quot;id&quot;:&quot;J9qoOJT7C6mJnR2Y1Ccp&quot;},{&quot;accountno&quot;:&quot;DA12345661&quot;,&quot;departmentno&quot;:&quot;6&quot;,&quot;salary&quot;:&quot;666666&quot;,&quot;pincode&quot;:&quot;666666&quot;,&quot;userid&quot;:&quot;df3mJP5SKBSc4FrIFsCC&quot;,&quot;id&quot;:&quot;zRs5wCBLEUAr3nHsoM8d&quot;},{&quot;accountno&quot;:&quot;DA12345668&quot;,&quot;departmentno&quot;:6,&quot;salary&quot;:666666,&quot;pincode&quot;:666665,&quot;userid&quot;:&quot;df3mJP5SKBSc4FrIFsCC&quot;,&quot;id&quot;:&quot;eRuQhAeO1VCwDs7vsl1M&quot;},{&quot;accountno&quot;:&quot;SS-5000200&quot;,&quot;departmentno&quot;:&quot;5&quot;,&quot;salary&quot;:&quot;500020&quot;,&quot;pincode&quot;:&quot;500020&quot;,&quot;userid&quot;:&quot;vIAHs9MbJhiqIwANlTzh&quot;,&quot;id&quot;:&quot;5rBDrDBujuONU5WQzDnB&quot;},{&quot;accountno&quot;:&quot;TA-5555555&quot;,&quot;departmentno&quot;:&quot;5&quot;,&quot;salary&quot;:&quot;5555555&quot;,&quot;pincode&quot;:&quot;555555&quot;,&quot;userid&quot;:&quot;vIAHs9MbJhiqIwANlTzh&quot;,&quot;id&quot;:&quot;X5XWK12ZVZH4QiKl65kR&quot;},{&quot;accountno&quot;:&quot;TA-7112022&quot;,&quot;departmentno&quot;:&quot;7&quot;,&quot;salary&quot;:&quot;5000&quot;,&quot;pincode&quot;:&quot;905032&quot;,&quot;userid&quot;:&quot;taGX4XQQfXD3Z76sI1Xn&quot;,&quot;id&quot;:&quot;dEeJB40G7sjDP7y7UGeU&quot;},{&quot;accountno&quot;:&quot;TA-0000000&quot;,&quot;departmentno&quot;:&quot;6&quot;,&quot;salary&quot;:&quot;10000&quot;,&quot;pincode&quot;:&quot;568796&quot;,&quot;userid&quot;:&quot;hlI8xRxaKMwpontOHVoR&quot;,&quot;id&quot;:&quot;PZ6Av2N9ZFvGdxM5Hc13&quot;},{&quot;accountno&quot;:&quot;TA-0000000&quot;,&quot;departmentno&quot;:&quot;6&quot;,&quot;salary&quot;:&quot;10000&quot;,&quot;pincode&quot;:&quot;568796&quot;,&quot;userid&quot;:&quot;hlI8xRxaKMwpontOHVoR&quot;,&quot;id&quot;:&quot;8FsQarpspLNuJnwWnOqi&quot;},{&quot;accountno&quot;:&quot;TA-0000000&quot;,&quot;departmentno&quot;:&quot;6&quot;,&quot;salary&quot;:&quot;10000&quot;,&quot;pincode&quot;:&quot;568796&quot;,&quot;userid&quot;:&quot;hlI8xRxaKMwpontOHVoR&quot;,&quot;id&quot;:&quot;6dTNXX3rW7VTikAoT4Cu&quot;},{&quot;accountno&quot;:&quot;4&quot;,&quot;departmentno&quot;:&quot;908&quot;,&quot;salary&quot;:&quot;nmbh&quot;,&quot;pincode&quot;:&quot;90898&quot;,&quot;userid&quot;:&quot;hlI8xRxaKMwpontOHVoR&quot;,&quot;id&quot;:&quot;kfmXw8umSrTHpXHE1vPb&quot;},{&quot;accountno&quot;:&quot;4&quot;,&quot;departmentno&quot;:&quot;908&quot;,&quot;salary&quot;:&quot;nmbh&quot;,&quot;pincode&quot;:&quot;90898&quot;,&quot;userid&quot;:&quot;hlI8xRxaKMwpontOHVoR&quot;,&quot;id&quot;:&quot;evB4EGMJ5ACgZlD8VpVg&quot;},{&quot;accountno&quot;:&quot;&quot;,&quot;departmentno&quot;:&quot;&quot;,&quot;salary&quot;:&quot;&quot;,&quot;pincode&quot;:&quot;&quot;,&quot;userid&quot;:&quot;hlI8xRxaKMwpontOHVoR&quot;,&quot;id&quot;:&quot;Nh2XebF8oTpmGcIRxMG2&quot;},{&quot;accountno&quot;:&quot;&quot;,&quot;departmentno&quot;:&quot;&quot;,&quot;salary&quot;:&quot;&quot;,&quot;pincode&quot;:&quot;&quot;,&quot;userid&quot;:&quot;hlI8xRxaKMwpontOHVoR&quot;,&quot;id&quot;:&quot;ws0SKJ73B6OOueJUp5ey&quot;},{&quot;accountno&quot;:&quot;TA-0000000&quot;,&quot;departmentno&quot;:&quot;6&quot;,&quot;salary&quot;:&quot;10000&quot;,&quot;pincode&quot;:&quot;568796&quot;,&quot;userid&quot;:&quot;hlI8xRxaKMwpontOHVoR&quot;,&quot;id&quot;:&quot;Ryal1sNz78AI59eWO8tD&quot;},{&quot;accountno&quot;:&quot;TA-0000000&quot;,&quot;departmentno&quot;:&quot;6&quot;,&quot;salary&quot;:&quot;10000&quot;,&quot;pincode&quot;:&quot;568796&quot;,&quot;userid&quot;:&quot;hlI8xRxaKMwpontOHVoR&quot;,&quot;id&quot;:&quot;QQ1z5uWv46M2ia7r9kRb&quot;},{&quot;accountno&quot;:&quot;TA-7777777&quot;,&quot;departmentno&quot;:&quot;7&quot;,&quot;salary&quot;:&quot;7&quot;,&quot;pincode&quot;:&quot;777777&quot;,&quot;userid&quot;:&quot;y4iCOSfi7YZ6cE7eHQEq&quot;,&quot;id&quot;:&quot;0sbpo2NHKvxXkbUNCV6W&quot;},{&quot;accountno&quot;:&quot;TA-0000000&quot;,&quot;departmentno&quot;:&quot;6&quot;,&quot;salary&quot;:&quot;10000&quot;,&quot;pincode&quot;:&quot;568796&quot;,&quot;userid&quot;:&quot;hlI8xRxaKMwpontOHVoR&quot;,&quot;id&quot;:&quot;3sbFfadKHowiSoDOXcS0&quot;},{&quot;accountno&quot;:&quot;TA-5959595&quot;,&quot;departmentno&quot;:&quot;2&quot;,&quot;salary&quot;:&quot;4000&quot;,&quot;pincode&quot;:&quot;123456&quot;,&quot;userid&quot;:&quot;PmTM9XOFYIFaf3kWPbKy&quot;,&quot;id&quot;:&quot;KgkuNuD5869wYIgvLEKp&quot;},{&quot;accountno&quot;:&quot;TA-5959595&quot;,&quot;departmentno&quot;:&quot;2&quot;,&quot;salary&quot;:&quot;3000&quot;,&quot;pincode&quot;:&quot;123456&quot;,&quot;userid&quot;:&quot;PmTM9XOFYIFaf3kWPbKy&quot;,&quot;id&quot;:&quot;crVOxZnpftAuTaHC8INa&quot;},{&quot;accountno&quot;:&quot;TA-9879879&quot;,&quot;departmentno&quot;:&quot;1&quot;,&quot;salary&quot;:&quot;3455&quot;,&quot;pincode&quot;:&quot;123456&quot;,&quot;userid&quot;:&quot;jKfZ3sofRyGNLOt12ZrV&quot;,&quot;id&quot;:&quot;lyqrhEx6dFrBd6bS10V6&quot;},{&quot;accountno&quot;:&quot;ZA12345678&quot;,&quot;departmentno&quot;:&quot;5&quot;,&quot;salary&quot;:&quot;5000000&quot;,&quot;pincode&quot;:&quot;123456&quot;,&quot;userid&quot;:&quot;df3mJP5SKBSc4FrIFsCC&quot;,&quot;id&quot;:&quot;kwa0keesVRh3mhhDxs5d&quot;},{&quot;accountno&quot;:&quot;TA-1234568&quot;,&quot;departmentno&quot;:&quot;1&quot;,&quot;salary&quot;:&quot;78900&quot;,&quot;pincode&quot;:&quot;483070&quot;,&quot;userid&quot;:&quot;y4iCOSfi7YZ6cE7eHQEq&quot;,&quot;id&quot;:&quot;OZLB7qB9TN6tAEcwWtCz&quot;},{&quot;accountno&quot;:&quot;TA-1234568&quot;,&quot;departmentno&quot;:&quot;1&quot;,&quot;salary&quot;:&quot;78900&quot;,&quot;pincode&quot;:&quot;483070&quot;,&quot;userid&quot;:&quot;y4iCOSfi7YZ6cE7eHQEq&quot;,&quot;id&quot;:&quot;zodd9yT8afp5vEoj6Pto&quot;},{&quot;accountno&quot;:&quot;TA-7878889&quot;,&quot;departmentno&quot;:&quot;1&quot;,&quot;salary&quot;:&quot;1000&quot;,&quot;pincode&quot;:&quot;123456&quot;,&quot;userid&quot;:&quot;jKfZ3sofRyGNLOt12ZrV&quot;,&quot;id&quot;:&quot;MhExIvvzvR6FQvI2eiyW&quot;},{&quot;accountno&quot;:&quot;TA-1234567&quot;,&quot;departmentno&quot;:&quot;1&quot;,&quot;salary&quot;:&quot;78900&quot;,&quot;pincode&quot;:&quot;483070&quot;,&quot;userid&quot;:&quot;y4iCOSfi7YZ6cE7eHQEq&quot;,&quot;id&quot;:&quot;KB3mcArfggUxmiLZG0At&quot;},{&quot;accountno&quot;:&quot;TA-1234567&quot;,&quot;departmentno&quot;:&quot;1&quot;,&quot;salary&quot;:&quot;78900&quot;,&quot;pincode&quot;:&quot;483070&quot;,&quot;userid&quot;:&quot;y4iCOSfi7YZ6cE7eHQEq&quot;,&quot;id&quot;:&quot;ac18wLZEg3E8YJNKcCCM&quot;},{&quot;accountno&quot;:&quot;TA-7898889&quot;,&quot;departmentno&quot;:&quot;1&quot;,&quot;salary&quot;:&quot;1000&quot;,&quot;pincode&quot;:&quot;123456&quot;,&quot;userid&quot;:&quot;jKfZ3sofRyGNLOt12ZrV&quot;,&quot;id&quot;:&quot;aDs8nC6tzP14AXnEJ3zO&quot;},{&quot;accountno&quot;:&quot;TA-4565656&quot;,&quot;departmentno&quot;:&quot;6&quot;,&quot;salary&quot;:&quot;80000&quot;,&quot;pincode&quot;:&quot;457ghty&quot;,&quot;userid&quot;:&quot;9M0UYcQiX1yGh3aiXJWZ&quot;,&quot;id&quot;:&quot;3lhoFzbgzpJZFOngIoFf&quot;},{&quot;accountno&quot;:&quot;TA-4565656&quot;,&quot;departmentno&quot;:&quot;6&quot;,&quot;salary&quot;:&quot;80000&quot;,&quot;pincode&quot;:&quot;abcderfj&quot;,&quot;userid&quot;:&quot;9M0UYcQiX1yGh3aiXJWZ&quot;,&quot;id&quot;:&quot;nEAEvAjLpv2MFI4msxQ9&quot;},{&quot;accountno&quot;:&quot;TA-4565656&quot;,&quot;departmentno&quot;:&quot;6&quot;,&quot;salary&quot;:&quot;80000&quot;,&quot;pincode&quot;:&quot;45&quot;,&quot;userid&quot;:&quot;9M0UYcQiX1yGh3aiXJWZ&quot;,&quot;id&quot;:&quot;XG2S2TMKcS7uqBcy2xOb&quot;},{&quot;accountno&quot;:&quot;TA-4565656&quot;,&quot;departmentno&quot;:&quot;6&quot;,&quot;salary&quot;:&quot;80000&quot;,&quot;pincode&quot;:&quot;457777666666677&quot;,&quot;userid&quot;:&quot;9M0UYcQiX1yGh3aiXJWZ&quot;,&quot;id&quot;:&quot;6eEb7jHQ4L1qV912a5nF&quot;},{&quot;accountno&quot;:&quot;TA-4565656&quot;,&quot;departmentno&quot;:&quot;6&quot;,&quot;salary&quot;:&quot;80000&quot;,&quot;pincode&quot;:&quot;457777&quot;,&quot;userid&quot;:&quot;9M0UYcQiX1yGh3aiXJWZ&quot;,&quot;id&quot;:&quot;FrqDuHJo9rIT1itErWEh&quot;},{&quot;accountno&quot;:&quot;TA-1234567&quot;,&quot;departmentno&quot;:&quot;5&quot;,&quot;salary&quot;:&quot;60000&quot;,&quot;pincode&quot;:&quot;756892&quot;,&quot;userid&quot;:&quot;jB5M5JA4fhyBV7IKmOvl&quot;,&quot;id&quot;:&quot;eYbCYPgFMlUB2JqWrVWk&quot;},{&quot;accountno&quot;:&quot;TA-2349342&quot;,&quot;departmentno&quot;:&quot;5&quot;,&quot;salary&quot;:&quot;800000&quot;,&quot;pincode&quot;:&quot;642098&quot;,&quot;userid&quot;:&quot;fvgD6ZVj1DoWWUEN57w5&quot;,&quot;id&quot;:&quot;y535mQMG2Z72RhLUYJtd&quot;},{&quot;accountno&quot;:&quot;TA-0000000&quot;,&quot;departmentno&quot;:&quot;0&quot;,&quot;salary&quot;:&quot;0000000&quot;,&quot;pincode&quot;:&quot;000000&quot;,&quot;userid&quot;:&quot;vIAHs9MbJhiqIwANlTzh&quot;,&quot;id&quot;:&quot;uQrlmsKJvruNERfQIL1y&quot;},{&quot;accountno&quot;:&quot;TA-5435437&quot;,&quot;departmentno&quot;:&quot;3&quot;,&quot;salary&quot;:&quot;80000&quot;,&quot;pincode&quot;:&quot;905656&quot;,&quot;userid&quot;:&quot;9M0UYcQiX1yGh3aiXJWZ&quot;,&quot;id&quot;:&quot;Og6zXLFZgGBESbL70QwI&quot;},{&quot;accountno&quot;:&quot;TA-4534232&quot;,&quot;departmentno&quot;:&quot;2&quot;,&quot;salary&quot;:&quot;234&quot;,&quot;pincode&quot;:&quot;123432&quot;,&quot;userid&quot;:&quot;YeqvYkfB8c6QV3318Sdm&quot;,&quot;id&quot;:&quot;YI4pYne6ZDzs672IB42c&quot;},{&quot;accountno&quot;:&quot;pa-1100001&quot;,&quot;departmentno&quot;:&quot;1&quot;,&quot;salary&quot;:&quot;13467&quot;,&quot;pincode&quot;:&quot;286947&quot;,&quot;userid&quot;:&quot;vIAHs9MbJhiqIwANlTzh&quot;,&quot;id&quot;:&quot;SvuMzrOFVDZaOwyzpK5h&quot;},{&quot;accountno&quot;:&quot;TA-2222222&quot;,&quot;departmentno&quot;:&quot;1&quot;,&quot;salary&quot;:&quot;1&quot;,&quot;pincode&quot;:&quot;111111&quot;,&quot;userid&quot;:&quot;yqFuhZPgKQ0QGF9aCr97&quot;,&quot;id&quot;:&quot;Wdc29oMyNZIRlwar8SsL&quot;},{&quot;accountno&quot;:&quot;TA-1111111&quot;,&quot;departmentno&quot;:&quot;2&quot;,&quot;salary&quot;:&quot;222222&quot;,&quot;pincode&quot;:&quot;111111&quot;,&quot;userid&quot;:&quot;PmSgJPYWxk9rbvH0WOO8&quot;,&quot;id&quot;:&quot;VuY1qLZyginbfQ9tYuI8&quot;},{&quot;accountno&quot;:&quot;TA-3333333&quot;,&quot;departmentno&quot;:&quot;3&quot;,&quot;salary&quot;:&quot;3&quot;,&quot;pincode&quot;:&quot;333333&quot;,&quot;userid&quot;:&quot;df3mJP5SKBSc4FrIFsCC&quot;,&quot;id&quot;:&quot;GEo1taUUQhpWA73XOGKl&quot;},{&quot;accountno&quot;:&quot;DA-1111119&quot;,&quot;departmentno&quot;:&quot;1&quot;,&quot;salary&quot;:&quot;67890&quot;,&quot;pincode&quot;:&quot;483070&quot;,&quot;userid&quot;:&quot;yqFuhZPgKQ0QGF9aCr97&quot;,&quot;id&quot;:&quot;edRzyFgiOxfTwVoKUBA9&quot;},{&quot;accountno&quot;:&quot;TA-1111111&quot;,&quot;departmentno&quot;:&quot;1&quot;,&quot;salary&quot;:&quot;1&quot;,&quot;pincode&quot;:&quot;111111&quot;,&quot;userid&quot;:&quot;yqFuhZPgKQ0QGF9aCr97&quot;,&quot;id&quot;:&quot;CZwHDUtysS9Ahca67D5d&quot;},{&quot;accountno&quot;:&quot;TA-1111111&quot;,&quot;departmentno&quot;:&quot;1&quot;,&quot;salary&quot;:&quot;1&quot;,&quot;pincode&quot;:&quot;111111&quot;,&quot;userid&quot;:&quot;yqFuhZPgKQ0QGF9aCr97&quot;,&quot;id&quot;:&quot;ZIlSiHG3AriDDXRDo757&quot;},{&quot;accountno&quot;:&quot;TA-A123456&quot;,&quot;departmentno&quot;:&quot;2&quot;,&quot;salary&quot;:&quot;12&quot;,&quot;pincode&quot;:&quot;987654&quot;,&quot;userid&quot;:&quot;PmTM9XOFYIFaf3kWPbKy&quot;,&quot;id&quot;:&quot;O6LyutJIGaJBqRK1IJdy&quot;},{&quot;accountno&quot;:&quot;ABCDEFGHIJ&quot;,&quot;departmentno&quot;:&quot;1&quot;,&quot;salary&quot;:&quot;10000&quot;,&quot;pincode&quot;:&quot;000000&quot;,&quot;userid&quot;:&quot;PmTM9XOFYIFaf3kWPbKy&quot;,&quot;id&quot;:&quot;AUvu72FglybxkEIXX4Xa&quot;},{&quot;accountno&quot;:&quot;ABCDEFGHIJ&quot;,&quot;departmentno&quot;:&quot;1&quot;,&quot;salary&quot;:&quot;10000&quot;,&quot;pincode&quot;:&quot;000000&quot;,&quot;userid&quot;:&quot;PmTM9XOFYIFaf3kWPbKy&quot;,&quot;id&quot;:&quot;6pcQG9rmSWCrNXFq6lu0&quot;},{&quot;accountno&quot;:&quot;ABCDEFGHIJ&quot;,&quot;departmentno&quot;:&quot;1&quot;,&quot;salary&quot;:&quot;10000&quot;,&quot;pincode&quot;:&quot;000000&quot;,&quot;userid&quot;:&quot;PmTM9XOFYIFaf3kWPbKy&quot;,&quot;id&quot;:&quot;oWgdKJNyeO4zVGdlCwEk&quot;},{&quot;accountno&quot;:&quot;TA-hbbbuhj&quot;,&quot;departmentno&quot;:&quot;9&quot;,&quot;salary&quot;:&quot;27&quot;,&quot;pincode&quot;:&quot;000000&quot;,&quot;userid&quot;:&quot;PmTM9XOFYIFaf3kWPbKy&quot;,&quot;id&quot;:&quot;KeuTr59585taDgaSHdak&quot;},{&quot;accountno&quot;:&quot;TA-hbbbuhj&quot;,&quot;departmentno&quot;:&quot;3&quot;,&quot;salary&quot;:&quot;27&quot;,&quot;pincode&quot;:&quot;000000&quot;,&quot;userid&quot;:&quot;PmTM9XOFYIFaf3kWPbKy&quot;,&quot;id&quot;:&quot;mz9fRzVL1uUiM1KtXBh7&quot;},{&quot;accountno&quot;:&quot;TA-0000000&quot;,&quot;departmentno&quot;:&quot;0&quot;,&quot;salary&quot;:&quot;0&quot;,&quot;pincode&quot;:&quot;000000&quot;,&quot;userid&quot;:&quot;PmTM9XOFYIFaf3kWPbKy&quot;,&quot;id&quot;:&quot;dw9bxzw9PTGC2Ssb3NEG&quot;},{&quot;accountno&quot;:&quot;TA-1122334&quot;,&quot;departmentno&quot;:&quot;4&quot;,&quot;salary&quot;:&quot;12345&quot;,&quot;pincode&quot;:&quot;123456&quot;,&quot;userid&quot;:&quot;PmTM9XOFYIFaf3kWPbKy&quot;,&quot;id&quot;:&quot;X9Lw8jTMl97ht6kCKfrt&quot;},{&quot;accountno&quot;:&quot;TA-1122334&quot;,&quot;departmentno&quot;:&quot;4&quot;,&quot;salary&quot;:&quot;12345&quot;,&quot;pincode&quot;:&quot;123456&quot;,&quot;userid&quot;:&quot;PmTM9XOFYIFaf3kWPbKy&quot;,&quot;id&quot;:&quot;EDQ83n0RK1AOxVur8Oex&quot;},{&quot;accountno&quot;:&quot;TA-8354688&quot;,&quot;departmentno&quot;:&quot;8&quot;,&quot;salary&quot;:&quot;15000&quot;,&quot;pincode&quot;:&quot;123456&quot;,&quot;userid&quot;:&quot;zGWL0dyPniMetIcys8uI&quot;,&quot;id&quot;:&quot;1aVCmwnbNgO62KH1c9Cr&quot;},{&quot;accountno&quot;:&quot;TA-9830229&quot;,&quot;departmentno&quot;:&quot;9&quot;,&quot;salary&quot;:&quot;12000&quot;,&quot;pincode&quot;:&quot;540540&quot;,&quot;userid&quot;:&quot;zGWL0dyPniMetIcys8uI&quot;,&quot;id&quot;:&quot;BPECo2ClFJcNjVARtbuJ&quot;},{&quot;accountno&quot;:&quot;TA-1234567&quot;,&quot;departmentno&quot;:&quot;7&quot;,&quot;salary&quot;:&quot;12&quot;,&quot;pincode&quot;:&quot;123456&quot;,&quot;userid&quot;:&quot;zGWL0dyPniMetIcys8uI&quot;,&quot;id&quot;:&quot;Dp3xTKA15VdSUUHr2N1N&quot;},{&quot;accountno&quot;:&quot;DA-1234121&quot;,&quot;departmentno&quot;:2,&quot;salary&quot;:1111,&quot;pincode&quot;:111111,&quot;userid&quot;:&quot;df3mJP5SKBSc4FrIFsCC&quot;,&quot;id&quot;:&quot;Utttyi4WtfzATXXVp3mQ&quot;},{&quot;accountno&quot;:&quot;TA-85068686869969696696966&quot;,&quot;departmentno&quot;:&quot;3&quot;,&quot;salary&quot;:&quot;60500&quot;,&quot;pincode&quot;:&quot;905675&quot;,&quot;userid&quot;:&quot;9M0UYcQiX1yGh3aiXJWZ&quot;,&quot;id&quot;:&quot;lwz7OjuzEbZ9OdtAlBl6&quot;},{&quot;accountno&quot;:&quot;TA-8765450&quot;,&quot;departmentno&quot;:&quot;3&quot;,&quot;salary&quot;:&quot;60500&quot;,&quot;pincode&quot;:&quot;&quot;,&quot;userid&quot;:&quot;9M0UYcQiX1yGh3aiXJWZ&quot;,&quot;id&quot;:&quot;EqNLKobbBvUPTlsuWlNu&quot;},{&quot;accountno&quot;:&quot;TA-8765450&quot;,&quot;departmentno&quot;:&quot;3&quot;,&quot;salary&quot;:&quot;&quot;,&quot;pincode&quot;:&quot;905675&quot;,&quot;userid&quot;:&quot;9M0UYcQiX1yGh3aiXJWZ&quot;,&quot;id&quot;:&quot;5W1C37TxkgvkgnJ2Gbsp&quot;},{&quot;accountno&quot;:&quot;TA-8765450&quot;,&quot;departmentno&quot;:&quot;&quot;,&quot;salary&quot;:&quot;60500&quot;,&quot;pincode&quot;:&quot;905675&quot;,&quot;userid&quot;:&quot;9M0UYcQiX1yGh3aiXJWZ&quot;,&quot;id&quot;:&quot;lPl3BzrIOeIpKmWEgpXc&quot;},{&quot;accountno&quot;:&quot;&quot;,&quot;departmentno&quot;:&quot;3&quot;,&quot;salary&quot;:&quot;60500&quot;,&quot;pincode&quot;:&quot;905675&quot;,&quot;userid&quot;:&quot;9M0UYcQiX1yGh3aiXJWZ&quot;,&quot;id&quot;:&quot;sluF4c8I5umYonj8NL2e&quot;},{&quot;accountno&quot;:&quot;TA-8765458&quot;,&quot;departmentno&quot;:&quot;5&quot;,&quot;salary&quot;:&quot;60500&quot;,&quot;pincode&quot;:&quot;905675&quot;,&quot;userid&quot;:&quot;9M0UYcQiX1yGh3aiXJWZ&quot;,&quot;id&quot;:&quot;IbHHYETMCi0vZ7w1ETl1&quot;},{&quot;accountno&quot;:&quot;TA-8765458&quot;,&quot;departmentno&quot;:&quot;3&quot;,&quot;salary&quot;:&quot;60500&quot;,&quot;pincode&quot;:&quot;905675&quot;,&quot;userid&quot;:&quot;9M0UYcQiX1yGh3aiXJWZ&quot;,&quot;id&quot;:&quot;ZR44i0CBG7vrrpcux6GB&quot;},{&quot;accountno&quot;:&quot;TA-8765450&quot;,&quot;departmentno&quot;:&quot;3&quot;,&quot;salary&quot;:&quot;60500&quot;,&quot;pincode&quot;:&quot;905675&quot;,&quot;userid&quot;:&quot;9M0UYcQiX1yGh3aiXJWZ&quot;,&quot;id&quot;:&quot;FIddoNIUJy2AO4UyKKmq&quot;},{&quot;accountno&quot;:&quot;TA-8765490&quot;,&quot;departmentno&quot;:&quot;2&quot;,&quot;salary&quot;:&quot;60000&quot;,&quot;pincode&quot;:&quot;905475&quot;,&quot;userid&quot;:&quot;9M0UYcQiX1yGh3aiXJWZ&quot;,&quot;id&quot;:&quot;Z7G3jykQzA9VyKT1WovK&quot;},{&quot;accountno&quot;:&quot;TA-1234567&quot;,&quot;departmentno&quot;:&quot;1&quot;,&quot;salary&quot;:&quot;1&quot;,&quot;pincode&quot;:&quot;111111&quot;,&quot;userid&quot;:&quot;yqFuhZPgKQ0QGF9aCr97&quot;,&quot;id&quot;:&quot;kdUvxeRl4tjZIyabztXD&quot;},{&quot;accountno&quot;:&quot;TA-1234567&quot;,&quot;departmentno&quot;:&quot;1&quot;,&quot;salary&quot;:&quot;1&quot;,&quot;pincode&quot;:&quot;111111&quot;,&quot;userid&quot;:&quot;yqFuhZPgKQ0QGF9aCr97&quot;,&quot;id&quot;:&quot;hbqNZT10252sYd1jC6uh&quot;},{&quot;accountno&quot;:&quot;TA-1234567&quot;,&quot;departmentno&quot;:&quot;1&quot;,&quot;salary&quot;:&quot;1&quot;,&quot;pincode&quot;:&quot;111111&quot;,&quot;userid&quot;:&quot;yqFuhZPgKQ0QGF9aCr97&quot;,&quot;id&quot;:&quot;vC8hIJm6lO9syTNRgPAC&quot;},{&quot;accountno&quot;:&quot;TA-2345678&quot;,&quot;departmentno&quot;:&quot;&quot;,&quot;salary&quot;:1,&quot;pincode&quot;:123456,&quot;userid&quot;:&quot;yqFuhZPgKQ0QGF9aCr97&quot;,&quot;id&quot;:&quot;dVashIp8uuECRDV6YXAc&quot;},{&quot;accountno&quot;:&quot;TA-1111111&quot;,&quot;departmentno&quot;:&quot;1&quot;,&quot;salary&quot;:&quot;1&quot;,&quot;pincode&quot;:&quot;111111&quot;,&quot;userid&quot;:&quot;y4iCOSfi7YZ6cE7eHQEq&quot;,&quot;id&quot;:&quot;WT0lvHCOa96xvANVqud7&quot;},{&quot;accountno&quot;:&quot;TA-1111111&quot;,&quot;departmentno&quot;:&quot;1&quot;,&quot;salary&quot;:&quot;1&quot;,&quot;pincode&quot;:&quot;111111&quot;,&quot;userid&quot;:&quot;y4iCOSfi7YZ6cE7eHQEq&quot;,&quot;id&quot;:&quot;rylR0LvSu4tm3othw0l9&quot;},{&quot;accountno&quot;:&quot;TA-1111111&quot;,&quot;departmentno&quot;:&quot;1&quot;,&quot;salary&quot;:&quot;1&quot;,&quot;pincode&quot;:&quot;111111&quot;,&quot;userid&quot;:&quot;y4iCOSfi7YZ6cE7eHQEq&quot;,&quot;id&quot;:&quot;mzev8JLwwJyiWNce3iCt&quot;},{&quot;accountno&quot;:&quot;TA-1234567&quot;,&quot;departmentno&quot;:&quot;3&quot;,&quot;salary&quot;:&quot;10000&quot;,&quot;pincode&quot;:&quot;678420&quot;,&quot;userid&quot;:&quot;PmTM9XOFYIFaf3kWPbKy&quot;,&quot;id&quot;:&quot;KVVsFJFQoRDsHa2AKdfD&quot;},{&quot;accountno&quot;:&quot;TA-9898989&quot;,&quot;departmentno&quot;:&quot;2&quot;,&quot;salary&quot;:&quot;1000&quot;,&quot;pincode&quot;:&quot;123456&quot;,&quot;userid&quot;:&quot;jKfZ3sofRyGNLOt12ZrV&quot;,&quot;id&quot;:&quot;uhhHoqvBM5wuVjLuPNas&quot;},{&quot;accountno&quot;:&quot;MI-0000001&quot;,&quot;departmentno&quot;:&quot;9&quot;,&quot;salary&quot;:&quot;1234&quot;,&quot;pincode&quot;:&quot;123453&quot;,&quot;userid&quot;:&quot;XshVKm3AyHhTRrqmbqzu&quot;,&quot;id&quot;:&quot;i2r11uiJH9fIOOUHmzRJ&quot;},{&quot;accountno&quot;:&quot;TA-1234567&quot;,&quot;departmentno&quot;:&quot;3&quot;,&quot;salary&quot;:&quot;10000&quot;,&quot;pincode&quot;:&quot;678420&quot;,&quot;userid&quot;:&quot;PmTM9XOFYIFaf3kWPbKy&quot;,&quot;id&quot;:&quot;5Jgd0PG9QsppdwsSmF3K&quot;},{&quot;accountno&quot;:&quot;TA-7980000&quot;,&quot;departmentno&quot;:&quot;1&quot;,&quot;salary&quot;:&quot;1&quot;,&quot;pincode&quot;:&quot;111111&quot;,&quot;userid&quot;:&quot;y4iCOSfi7YZ6cE7eHQEq&quot;,&quot;id&quot;:&quot;5QduCpjTOkaklFKawXXK&quot;},{&quot;accountno&quot;:&quot;TA-1231234&quot;,&quot;departmentno&quot;:&quot;1&quot;,&quot;salary&quot;:&quot;1234&quot;,&quot;pincode&quot;:&quot;123456&quot;,&quot;userid&quot;:&quot;XshVKm3AyHhTRrqmbqzu&quot;,&quot;id&quot;:&quot;IdLlf2DgmfqSKXxiRaKr&quot;},{&quot;accountno&quot;:&quot;TA-43245y65&quot;,&quot;departmentno&quot;:&quot;5&quot;,&quot;salary&quot;:&quot;5678&quot;,&quot;pincode&quot;:&quot;456789&quot;,&quot;userid&quot;:&quot;snbiwTHq5gvRDRN2DdKF&quot;,&quot;id&quot;:&quot;GeKzylS3KyDdiEK1Yqef&quot;},{&quot;accountno&quot;:&quot;66666666&quot;,&quot;departmentno&quot;:&quot;678&quot;,&quot;salary&quot;:&quot;8000&quot;,&quot;pincode&quot;:&quot;123456&quot;,&quot;userid&quot;:&quot;o4FDbZMJElX44kOM78mO&quot;,&quot;id&quot;:&quot;UPYQH5UhPFb7DfwF8SZt&quot;},{&quot;accountno&quot;:&quot;TA-1000100&quot;,&quot;departmentno&quot;:&quot;1&quot;,&quot;salary&quot;:&quot;100&quot;,&quot;pincode&quot;:&quot;100100&quot;,&quot;userid&quot;:&quot;pHFLMstXPugubAmpW8wL&quot;,&quot;id&quot;:&quot;PFxlugb4Zr4aUrcaFEOU&quot;},{&quot;accountno&quot;:&quot;TA-43245y65&quot;,&quot;departmentno&quot;:&quot;5&quot;,&quot;salary&quot;:&quot;5678&quot;,&quot;pincode&quot;:&quot;456789&quot;,&quot;userid&quot;:&quot;snbiwTHq5gvRDRN2DdKF&quot;,&quot;id&quot;:&quot;D6GY3e421HZhYk6IXgKB&quot;},{&quot;accountno&quot;:&quot;TA-1000100&quot;,&quot;departmentno&quot;:&quot;1&quot;,&quot;salary&quot;:&quot;100&quot;,&quot;pincode&quot;:&quot;100100&quot;,&quot;userid&quot;:&quot;pHFLMstXPugubAmpW8wL&quot;,&quot;id&quot;:&quot;DWikX4Zxl57ov21uXeAx&quot;},{&quot;accountno&quot;:&quot;TA-1234499&quot;,&quot;departmentno&quot;:&quot;678&quot;,&quot;salary&quot;:&quot;8000&quot;,&quot;pincode&quot;:&quot;123456&quot;,&quot;userid&quot;:&quot;o4FDbZMJElX44kOM78mO&quot;,&quot;id&quot;:&quot;WL8AbtEiGQPyRXxkaBTy&quot;},{&quot;accountno&quot;:&quot;TA-1234499&quot;,&quot;departmentno&quot;:&quot;678&quot;,&quot;salary&quot;:&quot;8000&quot;,&quot;pincode&quot;:&quot;123456&quot;,&quot;userid&quot;:&quot;o4FDbZMJElX44kOM78mO&quot;,&quot;id&quot;:&quot;ROAOzMjKgks4egrd5O0k&quot;},{&quot;accountno&quot;:&quot;TA-2333gh7&quot;,&quot;departmentno&quot;:&quot;3&quot;,&quot;salary&quot;:&quot;6580&quot;,&quot;pincode&quot;:&quot;363421&quot;,&quot;userid&quot;:&quot;t7klgJQVzg4APHTnBj4V&quot;,&quot;id&quot;:&quot;SuuUqLtDWXrvMvJHI45U&quot;},{&quot;accountno&quot;:&quot;TA-1234z45&quot;,&quot;departmentno&quot;:&quot;1&quot;,&quot;salary&quot;:&quot;54464&quot;,&quot;pincode&quot;:&quot;545547&quot;,&quot;userid&quot;:&quot;viUByTYBXk6ZqpGadjmi&quot;,&quot;id&quot;:&quot;sTQ1YyVfMePLqxRTqMOs&quot;},{&quot;accountno&quot;:&quot;30303030&quot;,&quot;departmentno&quot;:&quot;43&quot;,&quot;salary&quot;:&quot;15000&quot;,&quot;pincode&quot;:&quot;666666&quot;,&quot;userid&quot;:&quot;IdB36E42UlOHhyfpFueu&quot;,&quot;id&quot;:&quot;QLBQ6WoZFwTjVesjm6Q2&quot;},{&quot;accountno&quot;:&quot;30303030&quot;,&quot;departmentno&quot;:&quot;43&quot;,&quot;salary&quot;:&quot;15000&quot;,&quot;pincode&quot;:&quot;666666&quot;,&quot;userid&quot;:&quot;IdB36E42UlOHhyfpFueu&quot;,&quot;id&quot;:&quot;pvsRnIHYEN0anF4aGNTb&quot;},{&quot;accountno&quot;:&quot;TA-3355799&quot;,&quot;departmentno&quot;:&quot;1&quot;,&quot;salary&quot;:&quot;23006&quot;,&quot;pincode&quot;:&quot;567890&quot;,&quot;userid&quot;:&quot;ziBRfLEfNtH2MHyH3MhK&quot;,&quot;id&quot;:&quot;1hz9xNYL2dpCdzvfrYkL&quot;},{&quot;accountno&quot;:&quot;TA-3456799&quot;,&quot;departmentno&quot;:&quot;3&quot;,&quot;salary&quot;:&quot;23006&quot;,&quot;pincode&quot;:&quot;567890&quot;,&quot;userid&quot;:&quot;taGX4XQQfXD3Z76sI1Xn&quot;,&quot;id&quot;:&quot;PJ2OP8WLDRW1NkD8CxBz&quot;},{&quot;accountno&quot;:&quot;TA-3456799&quot;,&quot;departmentno&quot;:&quot;3&quot;,&quot;salary&quot;:&quot;23006&quot;,&quot;pincode&quot;:&quot;567890&quot;,&quot;userid&quot;:&quot;ziBRfLEfNtH2MHyH3MhK&quot;,&quot;id&quot;:&quot;JMJ0S8c6n4QlyWS5OU7t&quot;},{&quot;accountno&quot;:&quot;TA-3456799&quot;,&quot;departmentno&quot;:&quot;3&quot;,&quot;salary&quot;:&quot;23006&quot;,&quot;pincode&quot;:&quot;567890&quot;,&quot;userid&quot;:&quot;ziBRfLEfNtH2MHyH3MhK&quot;,&quot;id&quot;:&quot;fUV39zA4ahPBEqy9bMUo&quot;},{&quot;accountno&quot;:&quot;TA-3456799&quot;,&quot;departmentno&quot;:&quot;3&quot;,&quot;salary&quot;:&quot;23006&quot;,&quot;pincode&quot;:&quot;567890&quot;,&quot;userid&quot;:&quot;ziBRfLEfNtH2MHyH3MhK&quot;,&quot;id&quot;:&quot;4Adh41CGM83haILwO0lq&quot;},{&quot;accountno&quot;:&quot;TA-1234555&quot;,&quot;departmentno&quot;:&quot;5&quot;,&quot;salary&quot;:&quot;2223358&quot;,&quot;pincode&quot;:&quot;112235&quot;,&quot;userid&quot;:&quot;taGX4XQQfXD3Z76sI1Xn&quot;,&quot;id&quot;:&quot;hoDy8ueFPsn38e1CpEj1&quot;},{&quot;accountno&quot;:&quot;TA-1234555&quot;,&quot;departmentno&quot;:&quot;5&quot;,&quot;salary&quot;:&quot;2223358&quot;,&quot;pincode&quot;:&quot;112235&quot;,&quot;userid&quot;:&quot;taGX4XQQfXD3Z76sI1Xn&quot;,&quot;id&quot;:&quot;aYzgUPYoqcypXJ7sKS9z&quot;},{&quot;accountno&quot;:&quot;TA-3456799&quot;,&quot;departmentno&quot;:&quot;3&quot;,&quot;salary&quot;:&quot;23006&quot;,&quot;pincode&quot;:&quot;567890&quot;,&quot;userid&quot;:&quot;ziBRfLEfNtH2MHyH3MhK&quot;,&quot;id&quot;:&quot;iMBa0srrXp6c3zrzXJvL&quot;},{&quot;accountno&quot;:&quot;TA-3456785&quot;,&quot;departmentno&quot;:&quot;3&quot;,&quot;salary&quot;:&quot;23000&quot;,&quot;pincode&quot;:&quot;567890&quot;,&quot;userid&quot;:&quot;ziBRfLEfNtH2MHyH3MhK&quot;,&quot;id&quot;:&quot;4gCZ4BBhRHRarRvujYqI&quot;},{&quot;accountno&quot;:&quot;TA-3456785&quot;,&quot;departmentno&quot;:&quot;3&quot;,&quot;salary&quot;:&quot;23000&quot;,&quot;pincode&quot;:&quot;567890&quot;,&quot;userid&quot;:&quot;ziBRfLEfNtH2MHyH3MhK&quot;,&quot;id&quot;:&quot;BshsjMBSV66kQioR5tVM&quot;},{&quot;accountno&quot;:&quot;TA-3456785&quot;,&quot;departmentno&quot;:&quot;3&quot;,&quot;salary&quot;:&quot;23000&quot;,&quot;pincode&quot;:&quot;567890&quot;,&quot;userid&quot;:&quot;ziBRfLEfNtH2MHyH3MhK&quot;,&quot;id&quot;:&quot;FYj0c53M9sXUMyfs8Nkn&quot;},{&quot;accountno&quot;:&quot;TA-3456785&quot;,&quot;departmentno&quot;:&quot;3&quot;,&quot;salary&quot;:&quot;23000&quot;,&quot;pincode&quot;:&quot;567890&quot;,&quot;userid&quot;:&quot;ziBRfLEfNtH2MHyH3MhK&quot;,&quot;id&quot;:&quot;KGvkzgW2DI4ZlqOxptvr&quot;},{&quot;accountno&quot;:&quot;TA-3456785&quot;,&quot;departmentno&quot;:&quot;3&quot;,&quot;salary&quot;:&quot;23000&quot;,&quot;pincode&quot;:&quot;567890&quot;,&quot;userid&quot;:&quot;ziBRfLEfNtH2MHyH3MhK&quot;,&quot;id&quot;:&quot;Ql81SWGhuHaAEBt7zsZZ&quot;},{&quot;accountno&quot;:&quot;TA-3456785&quot;,&quot;departmentno&quot;:&quot;3&quot;,&quot;salary&quot;:&quot;23000&quot;,&quot;pincode&quot;:&quot;567890&quot;,&quot;userid&quot;:&quot;ziBRfLEfNtH2MHyH3MhK&quot;,&quot;id&quot;:&quot;aBiEOmnBq8Uf8Bw80MDQ&quot;},{&quot;accountno&quot;:&quot;TA-3456785&quot;,&quot;departmentno&quot;:&quot;3&quot;,&quot;salary&quot;:&quot;23000&quot;,&quot;pincode&quot;:&quot;567890&quot;,&quot;userid&quot;:&quot;ziBRfLEfNtH2MHyH3MhK&quot;,&quot;id&quot;:&quot;IK8zJUZx3C69spucSIpU&quot;},{&quot;accountno&quot;:&quot;TA-3456785&quot;,&quot;departmentno&quot;:&quot;3&quot;,&quot;salary&quot;:&quot;23000&quot;,&quot;pincode&quot;:&quot;567890&quot;,&quot;userid&quot;:&quot;ziBRfLEfNtH2MHyH3MhK&quot;,&quot;id&quot;:&quot;UMbXi3NpDY04gO5ApvAD&quot;},{&quot;accountno&quot;:&quot;TA-3456785&quot;,&quot;departmentno&quot;:&quot;3&quot;,&quot;salary&quot;:&quot;23000&quot;,&quot;pincode&quot;:&quot;567890&quot;,&quot;userid&quot;:&quot;ziBRfLEfNtH2MHyH3MhK&quot;,&quot;id&quot;:&quot;vlHswSOImG8fZJzCfqiM&quot;},{&quot;accountno&quot;:&quot;TA-3456785&quot;,&quot;departmentno&quot;:&quot;3&quot;,&quot;salary&quot;:&quot;23000&quot;,&quot;pincode&quot;:&quot;567890&quot;,&quot;userid&quot;:&quot;ziBRfLEfNtH2MHyH3MhK&quot;,&quot;id&quot;:&quot;sup520Fgyi3xFBPgYoeT&quot;},{&quot;accountno&quot;:&quot;TA-3456789&quot;,&quot;departmentno&quot;:&quot;3&quot;,&quot;salary&quot;:&quot;23006&quot;,&quot;pincode&quot;:&quot;567890&quot;,&quot;userid&quot;:&quot;ziBRfLEfNtH2MHyH3MhK&quot;,&quot;id&quot;:&quot;hPoK2DSSbHyL6w4zWQPc&quot;},{&quot;accountno&quot;:&quot;TA-2333gh7&quot;,&quot;departmentno&quot;:&quot;3&quot;,&quot;salary&quot;:&quot;6580&quot;,&quot;pincode&quot;:&quot;363421&quot;,&quot;userid&quot;:&quot;t7klgJQVzg4APHTnBj4V&quot;,&quot;id&quot;:&quot;dn7nFhCCsAIIoqGH0oEm&quot;},{&quot;accountno&quot;:&quot;TA-3456783&quot;,&quot;departmentno&quot;:&quot;5&quot;,&quot;salary&quot;:&quot;23002&quot;,&quot;pincode&quot;:&quot;567891&quot;,&quot;userid&quot;:&quot;taGX4XQQfXD3Z76sI1Xn&quot;,&quot;id&quot;:&quot;9F0s89hhDOqJL07eS0d5&quot;},{&quot;accountno&quot;:&quot;TA-3456789&quot;,&quot;departmentno&quot;:&quot;3&quot;,&quot;salary&quot;:&quot;23006&quot;,&quot;pincode&quot;:&quot;567890&quot;,&quot;userid&quot;:&quot;taGX4XQQfXD3Z76sI1Xn&quot;,&quot;id&quot;:&quot;iIIC1kLIJIcTFlH8tqOP&quot;},{&quot;accountno&quot;:&quot;dbk-5432134&quot;,&quot;departmentno&quot;:&quot;6&quot;,&quot;salary&quot;:&quot;4566&quot;,&quot;pincode&quot;:&quot;999901&quot;,&quot;userid&quot;:&quot;Vh9h6QeQwTUcvVEz3MxJ&quot;,&quot;id&quot;:&quot;J5ekVGKrRdplMO8pBQc7&quot;},{&quot;accountno&quot;:&quot;akA-5432134&quot;,&quot;departmentno&quot;:&quot;7&quot;,&quot;salary&quot;:&quot;4566&quot;,&quot;pincode&quot;:&quot;999999&quot;,&quot;userid&quot;:&quot;Vh9h6QeQwTUcvVEz3MxJ&quot;,&quot;id&quot;:&quot;31TjDWaIlelq9VmDM4rL&quot;},{&quot;accountno&quot;:&quot;TA-2222222&quot;,&quot;departmentno&quot;:&quot;2&quot;,&quot;salary&quot;:&quot;22222&quot;,&quot;pincode&quot;:&quot;000222&quot;,&quot;userid&quot;:&quot;isfELhvM0RXfHcsLJDul&quot;,&quot;id&quot;:&quot;onmFd2Ltuw1FrZsXx15b&quot;},{&quot;accountno&quot;:&quot;TA-2222222&quot;,&quot;departmentno&quot;:&quot;2&quot;,&quot;salary&quot;:&quot;22222&quot;,&quot;pincode&quot;:&quot;000222&quot;,&quot;userid&quot;:&quot;isfELhvM0RXfHcsLJDul&quot;,&quot;id&quot;:&quot;1Ggin25AOplsp0dbJB4q&quot;},{&quot;accountno&quot;:&quot;TA-1111111&quot;,&quot;departmentno&quot;:&quot;1&quot;,&quot;salary&quot;:&quot;11111&quot;,&quot;pincode&quot;:&quot;000111&quot;,&quot;userid&quot;:&quot;isfELhvM0RXfHcsLJDul&quot;,&quot;id&quot;:&quot;RXUwtc8irbpnYoSoKwyY&quot;},{&quot;accountno&quot;:&quot;TA-ABC1150&quot;,&quot;departmentno&quot;:&quot;2&quot;,&quot;salary&quot;:&quot;2500000&quot;,&quot;pincode&quot;:&quot;56789&quot;,&quot;userid&quot;:&quot;8z0yvldA0Lj6Sk0ihXbk&quot;,&quot;id&quot;:&quot;s2DlL6MGvwexkq1Sb4Xk&quot;},{&quot;accountno&quot;:&quot;TA-ABC1140&quot;,&quot;departmentno&quot;:&quot;2&quot;,&quot;salary&quot;:&quot;2000000&quot;,&quot;pincode&quot;:&quot;56775&quot;,&quot;userid&quot;:&quot;taGX4XQQfXD3Z76sI1Xn&quot;,&quot;id&quot;:&quot;80nWCb8Tlm0r4LTX71bO&quot;},{&quot;accountno&quot;:&quot;TA-0000000&quot;,&quot;departmentno&quot;:&quot;2&quot;,&quot;salary&quot;:&quot;1111111&quot;,&quot;pincode&quot;:&quot;111111&quot;,&quot;userid&quot;:&quot;22cea5wFkOpkneoLqEW5&quot;,&quot;id&quot;:&quot;F2yxP2yRZTRPCShpXAjE&quot;},{&quot;accountno&quot;:&quot;00000&quot;,&quot;departmentno&quot;:&quot;1&quot;,&quot;salary&quot;:&quot;99999&quot;,&quot;pincode&quot;:&quot;111111&quot;,&quot;userid&quot;:&quot;22cea5wFkOpkneoLqEW5&quot;,&quot;id&quot;:&quot;e3FRIgRijwLaegWqOwYi&quot;},{&quot;accountno&quot;:&quot;TA-100BAT&quot;,&quot;departmentno&quot;:&quot;1&quot;,&quot;salary&quot;:&quot;70000&quot;,&quot;pincode&quot;:&quot;123456&quot;,&quot;userid&quot;:&quot;aDnX1szY3mF5ZUe9Y0C2&quot;,&quot;id&quot;:&quot;6BLHs01CaCLWlSnDUMmB&quot;},{&quot;accountno&quot;:&quot;TA-ADDToda&quot;,&quot;departmentno&quot;:&quot;1&quot;,&quot;salary&quot;:&quot;333333&quot;,&quot;pincode&quot;:&quot;123456&quot;,&quot;userid&quot;:&quot;22cea5wFkOpkneoLqEW5&quot;,&quot;id&quot;:&quot;NIwzAbwMOFKULM91yL8c&quot;},{&quot;accountno&quot;:&quot;TA-87654321&quot;,&quot;departmentno&quot;:&quot;8&quot;,&quot;salary&quot;:&quot;1&quot;,&quot;pincode&quot;:&quot;768594&quot;,&quot;userid&quot;:&quot;R9bzJnVH6dMkOjZE8KN9&quot;,&quot;id&quot;:&quot;QsVvHQK4jHP43Gx1EwSE&quot;},{&quot;accountno&quot;:&quot;TA-678905&quot;,&quot;departmentno&quot;:&quot;3&quot;,&quot;salary&quot;:&quot;8200000&quot;,&quot;pincode&quot;:&quot;123456&quot;,&quot;userid&quot;:&quot;urpWsGoTKCgoGnEJUCpo&quot;,&quot;id&quot;:&quot;NG0OBwxbHkVzJJD9NEZH&quot;},{&quot;accountno&quot;:&quot;TA-123BAT&quot;,&quot;departmentno&quot;:&quot;1&quot;,&quot;salary&quot;:&quot;70000&quot;,&quot;pincode&quot;:&quot;123456&quot;,&quot;userid&quot;:&quot;aDnX1szY3mF5ZUe9Y0C2&quot;,&quot;id&quot;:&quot;s6nLyfeXfnYs3cBRuX9N&quot;},{&quot;accountno&quot;:&quot;TA-99999123&quot;,&quot;departmentno&quot;:&quot;3&quot;,&quot;salary&quot;:&quot;99556677&quot;,&quot;pincode&quot;:&quot;945469&quot;,&quot;userid&quot;:&quot;R9bzJnVH6dMkOjZE8KN9&quot;,&quot;id&quot;:&quot;V0aqtYomgphNk5MWn3NY&quot;},{&quot;accountno&quot;:&quot;TA-0522BAT&quot;,&quot;departmentno&quot;:&quot;6&quot;,&quot;salary&quot;:&quot;80000&quot;,&quot;pincode&quot;:&quot;121212&quot;,&quot;userid&quot;:&quot;UDc1LvRkppBlXD43Pfs4&quot;,&quot;id&quot;:&quot;6wmiH3MKXA2Wyobkk2E7&quot;},{&quot;accountno&quot;:&quot;TA-33333HR&quot;,&quot;departmentno&quot;:&quot;6&quot;,&quot;salary&quot;:&quot;80000&quot;,&quot;pincode&quot;:&quot;121212&quot;,&quot;userid&quot;:&quot;rQB4i6LM50KQijZpsR8l&quot;,&quot;id&quot;:&quot;ThvzEX8bLXpfOLRXGn9W&quot;},{&quot;accountno&quot;:&quot;TA-0728BA2&quot;,&quot;departmentno&quot;:&quot;6&quot;,&quot;salary&quot;:&quot;4080&quot;,&quot;pincode&quot;:&quot;1234567&quot;,&quot;userid&quot;:&quot;Frn2rgm3Kduzf5Zm7sa6&quot;,&quot;id&quot;:&quot;X21AtPI1s8soEyAiHXwN&quot;},{&quot;accountno&quot;:&quot;TA-0728BA1&quot;,&quot;departmentno&quot;:&quot;6&quot;,&quot;salary&quot;:&quot;4080&quot;,&quot;pincode&quot;:&quot;1234567&quot;,&quot;userid&quot;:&quot;Frn2rgm3Kduzf5Zm7sa6&quot;,&quot;id&quot;:&quot;6xQHnp9aJMQt0AaFJxnE&quot;},{&quot;accountno&quot;:&quot;TA-0728BAT&quot;,&quot;departmentno&quot;:&quot;6&quot;,&quot;salary&quot;:&quot;4080&quot;,&quot;pincode&quot;:&quot;1234567&quot;,&quot;userid&quot;:&quot;Frn2rgm3Kduzf5Zm7sa6&quot;,&quot;id&quot;:&quot;uieFQ925lKSzLZMC7iUq&quot;},{&quot;accountno&quot;:&quot;TA-5699001&quot;,&quot;departmentno&quot;:&quot;6&quot;,&quot;salary&quot;:&quot;4080&quot;,&quot;pincode&quot;:&quot;123456&quot;,&quot;userid&quot;:&quot;Frn2rgm3Kduzf5Zm7sa6&quot;,&quot;id&quot;:&quot;PGZkNuhMhoWIKv8gLz1E&quot;},{&quot;accountno&quot;:&quot;TA-3495030&quot;,&quot;departmentno&quot;:&quot;7&quot;,&quot;salary&quot;:&quot;4000&quot;,&quot;pincode&quot;:&quot;232453&quot;,&quot;userid&quot;:&quot;Frn2rgm3Kduzf5Zm7sa6&quot;,&quot;id&quot;:&quot;e24C6SLkjWXCjnTa18VD&quot;},{&quot;accountno&quot;:&quot;TA-123BAT&quot;,&quot;departmentno&quot;:&quot;1&quot;,&quot;salary&quot;:&quot;70000&quot;,&quot;pincode&quot;:&quot;123456&quot;,&quot;userid&quot;:&quot;22cea5wFkOpkneoLqEW5&quot;,&quot;id&quot;:&quot;9DMsPQuBhtP7k8Zgz8hO&quot;},{&quot;accountno&quot;:&quot;TA-123BAT&quot;,&quot;departmentno&quot;:&quot;1&quot;,&quot;salary&quot;:&quot;70000&quot;,&quot;pincode&quot;:&quot;123456&quot;,&quot;userid&quot;:&quot;aDnX1szY3mF5ZUe9Y0C2&quot;,&quot;id&quot;:&quot;OxnSvHZJoNibFixVrEnA&quot;},{&quot;accountno&quot;:&quot;TA-8907655&quot;,&quot;departmentno&quot;:&quot;4&quot;,&quot;salary&quot;:&quot;88000&quot;,&quot;pincode&quot;:&quot;650056&quot;,&quot;userid&quot;:&quot;ioP2DdtySzj56LmPKitx&quot;,&quot;id&quot;:&quot;IQ4QBd4R3s0qOwAc2Fsy&quot;},{&quot;accountno&quot;:&quot;TA-8907654&quot;,&quot;departmentno&quot;:&quot;4&quot;,&quot;salary&quot;:&quot;90000&quot;,&quot;pincode&quot;:&quot;650056&quot;,&quot;userid&quot;:&quot;ioP2DdtySzj56LmPKitx&quot;,&quot;id&quot;:&quot;YNiFybtOfKJilYOtLE3L&quot;},{&quot;accountno&quot;:&quot;TA-5645343&quot;,&quot;departmentno&quot;:&quot;4&quot;,&quot;salary&quot;:&quot;77000&quot;,&quot;pincode&quot;:&quot;650056&quot;,&quot;userid&quot;:&quot;ioP2DdtySzj56LmPKitx&quot;,&quot;id&quot;:&quot;QiZkAVZ6a4hyxx13VZIC&quot;},{&quot;accountno&quot;:&quot;TA-9876547&quot;,&quot;departmentno&quot;:&quot;5&quot;,&quot;salary&quot;:&quot;76000&quot;,&quot;pincode&quot;:&quot;345643&quot;,&quot;userid&quot;:&quot;ioP2DdtySzj56LmPKitx&quot;,&quot;id&quot;:&quot;9fUwTfzP9S9FYafsfmL7&quot;},{&quot;accountno&quot;:&quot;TA-9876545&quot;,&quot;departmentno&quot;:&quot;5&quot;,&quot;salary&quot;:&quot;76000&quot;,&quot;pincode&quot;:&quot;345643&quot;,&quot;userid&quot;:&quot;ioP2DdtySzj56LmPKitx&quot;,&quot;id&quot;:&quot;QMzKG3JZPbKKzCaF9hkY&quot;},{&quot;accountno&quot;:&quot;TA-9876543&quot;,&quot;departmentno&quot;:&quot;5&quot;,&quot;salary&quot;:&quot;76000&quot;,&quot;pincode&quot;:&quot;345643&quot;,&quot;userid&quot;:&quot;ioP2DdtySzj56LmPKitx&quot;,&quot;id&quot;:&quot;RmYR6HsCrgiHuhETsaIe&quot;},{&quot;accountno&quot;:&quot;TA-3333333&quot;,&quot;departmentno&quot;:&quot;6&quot;,&quot;salary&quot;:&quot;80000&quot;,&quot;pincode&quot;:&quot;123321&quot;,&quot;userid&quot;:&quot;rQB4i6LM50KQijZpsR8l&quot;,&quot;id&quot;:&quot;GeghLzUFUSuiaCuNA18Q&quot;},{&quot;accountno&quot;:&quot;TA-2222222&quot;,&quot;departmentno&quot;:&quot;6&quot;,&quot;salary&quot;:&quot;80000&quot;,&quot;pincode&quot;:&quot;123321&quot;,&quot;userid&quot;:&quot;rQB4i6LM50KQijZpsR8l&quot;,&quot;id&quot;:&quot;IMrU0iFLwrCe0105AMPc&quot;},{&quot;accountno&quot;:&quot;TA-1234569&quot;,&quot;departmentno&quot;:&quot;5&quot;,&quot;salary&quot;:&quot;80000&quot;,&quot;pincode&quot;:&quot;123321&quot;,&quot;userid&quot;:&quot;rQB4i6LM50KQijZpsR8l&quot;,&quot;id&quot;:&quot;MDoGGsY5o4s1ivN7dqB5&quot;},{&quot;accountno&quot;:&quot;TA-1234568&quot;,&quot;departmentno&quot;:&quot;3&quot;,&quot;salary&quot;:&quot;45000&quot;,&quot;pincode&quot;:&quot;123321&quot;,&quot;userid&quot;:&quot;rQB4i6LM50KQijZpsR8l&quot;,&quot;id&quot;:&quot;neD2hji2TfpFIn437LYg&quot;},{&quot;accountno&quot;:&quot;TA-1234567&quot;,&quot;departmentno&quot;:&quot;3&quot;,&quot;salary&quot;:&quot;45000&quot;,&quot;pincode&quot;:&quot;123321&quot;,&quot;userid&quot;:&quot;rQB4i6LM50KQijZpsR8l&quot;,&quot;id&quot;:&quot;Fzhc4FBuKPFcHqKAOuP6&quot;},{&quot;accountno&quot;:&quot;TA-71922EL&quot;,&quot;departmentno&quot;:&quot;4&quot;,&quot;salary&quot;:&quot;78000&quot;,&quot;pincode&quot;:&quot;650056&quot;,&quot;userid&quot;:&quot;loIOzMEoAW5fvCM1HKLB&quot;,&quot;id&quot;:&quot;vaym7pXJwG0PHcwOT7vk&quot;},{&quot;accountno&quot;:&quot;TA-0522BAt&quot;,&quot;departmentno&quot;:&quot;3&quot;,&quot;salary&quot;:&quot;12345&quot;,&quot;pincode&quot;:&quot;674839&quot;,&quot;userid&quot;:&quot;x4PKb7FyIVOCFwlJKRfB&quot;,&quot;id&quot;:&quot;XFacY4uQGNO8gW9i2w1j&quot;},{&quot;accountno&quot;:&quot;TA-0542256&quot;,&quot;departmentno&quot;:&quot;4&quot;,&quot;salary&quot;:&quot;65421&quot;,&quot;pincode&quot;:&quot;088449&quot;,&quot;userid&quot;:&quot;noHf1mdH4EZ9KvDC1jdz&quot;,&quot;id&quot;:&quot;16eKKTpvhE0hIuElPCLZ&quot;},{&quot;accountno&quot;:&quot;TA-0522BAT&quot;,&quot;departmentno&quot;:&quot;5&quot;,&quot;salary&quot;:&quot;4000&quot;,&quot;pincode&quot;:&quot;088445&quot;,&quot;userid&quot;:&quot;noHf1mdH4EZ9KvDC1jdz&quot;,&quot;id&quot;:&quot;lPMUaCKPr7asl5VTNLWt&quot;},{&quot;accountno&quot;:&quot;TA-23m4799&quot;,&quot;departmentno&quot;:&quot;5&quot;,&quot;salary&quot;:&quot;50000&quot;,&quot;pincode&quot;:&quot;088445&quot;,&quot;userid&quot;:&quot;noHf1mdH4EZ9KvDC1jdz&quot;,&quot;id&quot;:&quot;Gqawzhz7zeBPXixm1QBh&quot;},{&quot;accountno&quot;:&quot;TA-12742&quot;,&quot;departmentno&quot;:&quot;5&quot;,&quot;salary&quot;:&quot;41621&quot;,&quot;pincode&quot;:&quot;68519-9496&quot;,&quot;userid&quot;:&quot;taGX4XQQfXD3Z76sI1Xn&quot;,&quot;id&quot;:&quot;ZghTYjyYyygKeqNuZMQ2&quot;},{&quot;accountno&quot;:&quot;TA-11399&quot;,&quot;departmentno&quot;:&quot;5&quot;,&quot;salary&quot;:&quot;64984&quot;,&quot;pincode&quot;:&quot;61371&quot;,&quot;userid&quot;:&quot;taGX4XQQfXD3Z76sI1Xn&quot;,&quot;id&quot;:&quot;Xb15Uc27a1dy6tXyhU4g&quot;},{&quot;accountno&quot;:&quot;TA-14908&quot;,&quot;departmentno&quot;:&quot;5&quot;,&quot;salary&quot;:&quot;61879&quot;,&quot;pincode&quot;:&quot;63601-3261&quot;,&quot;userid&quot;:&quot;taGX4XQQfXD3Z76sI1Xn&quot;,&quot;id&quot;:&quot;mkVX2y4uCzUDDbtL5szf&quot;},{&quot;accountno&quot;:&quot;TA-18150&quot;,&quot;departmentno&quot;:&quot;5&quot;,&quot;salary&quot;:&quot;71750&quot;,&quot;pincode&quot;:&quot;44344-5220&quot;,&quot;userid&quot;:&quot;taGX4XQQfXD3Z76sI1Xn&quot;,&quot;id&quot;:&quot;4l3KsFJwMRh5ZmTXG2aE&quot;},{&quot;accountno&quot;:&quot;TA-13699&quot;,&quot;departmentno&quot;:&quot;5&quot;,&quot;salary&quot;:&quot;79099&quot;,&quot;pincode&quot;:&quot;64046&quot;,&quot;userid&quot;:&quot;taGX4XQQfXD3Z76sI1Xn&quot;,&quot;id&quot;:&quot;IsIzEkMdJuUUrdRsfCuB&quot;},{&quot;accountno&quot;:&quot;TA-18744&quot;,&quot;departmentno&quot;:&quot;5&quot;,&quot;salary&quot;:&quot;68360&quot;,&quot;pincode&quot;:&quot;07569&quot;,&quot;userid&quot;:&quot;taGX4XQQfXD3Z76sI1Xn&quot;,&quot;id&quot;:&quot;h5kF6uej7T4ZnYYWBtuq&quot;},{&quot;accountno&quot;:&quot;TA-87978&quot;,&quot;departmentno&quot;:&quot;5&quot;,&quot;salary&quot;:&quot;25000&quot;,&quot;pincode&quot;:&quot;560072&quot;,&quot;userid&quot;:&quot;taGX4XQQfXD3Z76sI1Xn&quot;,&quot;id&quot;:&quot;Sa9vp7odlnIVWx3xvpsr&quot;},{&quot;accountno&quot;:&quot;TA-87978&quot;,&quot;departmentno&quot;:&quot;5&quot;,&quot;salary&quot;:&quot;25000&quot;,&quot;pincode&quot;:&quot;560072&quot;,&quot;userid&quot;:&quot;taGX4XQQfXD3Z76sI1Xn&quot;,&quot;id&quot;:&quot;Pp3WirfgcdosE6kfAi5D&quot;},{&quot;accountno&quot;:&quot;TA-0522BA1&quot;,&quot;departmentno&quot;:&quot;5&quot;,&quot;salary&quot;:&quot;25000&quot;,&quot;pincode&quot;:&quot;560072&quot;,&quot;userid&quot;:&quot;taGX4XQQfXD3Z76sI1Xn&quot;,&quot;id&quot;:&quot;VNPLwwWlGWaIHvtQm5EI&quot;},{&quot;accountno&quot;:&quot;TA-0522BA1&quot;,&quot;departmentno&quot;:&quot;5&quot;,&quot;salary&quot;:&quot;25000&quot;,&quot;pincode&quot;:&quot;560072&quot;,&quot;userid&quot;:&quot;taGX4XQQfXD3Z76sI1Xn&quot;,&quot;id&quot;:&quot;w5iuCY5s4pqESGUCEFYy&quot;},{&quot;accountno&quot;:&quot;QA-May2000&quot;,&quot;departmentno&quot;:&quot;6&quot;,&quot;salary&quot;:&quot;10000&quot;,&quot;pincode&quot;:&quot;323232&quot;,&quot;userid&quot;:&quot;mrO0a4QZRF1Yy3ZzcSC0&quot;,&quot;id&quot;:&quot;Tabk1iUz5tVGOeOlgjoR&quot;},{&quot;accountno&quot;:&quot;QA-0722AU1&quot;,&quot;departmentno&quot;:&quot;00&quot;,&quot;salary&quot;:&quot;79999&quot;,&quot;pincode&quot;:&quot;600999&quot;,&quot;userid&quot;:&quot;taGX4XQQfXD3Z76sI1Xn&quot;,&quot;id&quot;:&quot;X0En4zm3nL8GvnK4h7UM&quot;},{&quot;accountno&quot;:&quot;TA-71922EL&quot;,&quot;departmentno&quot;:&quot;4&quot;,&quot;salary&quot;:&quot;77000&quot;,&quot;pincode&quot;:&quot;650056&quot;,&quot;userid&quot;:&quot;loIOzMEoAW5fvCM1HKLB&quot;,&quot;id&quot;:&quot;FMFi8b80G1A8Z6651xWY&quot;},{&quot;accountno&quot;:&quot;TA-0719BAT&quot;,&quot;departmentno&quot;:&quot;5&quot;,&quot;salary&quot;:&quot;85000&quot;,&quot;pincode&quot;:&quot;123456&quot;,&quot;userid&quot;:&quot;fWb54Tsph5uCKJpB5VWf&quot;,&quot;id&quot;:&quot;bo7aYvBsnxKzM26jvpgX&quot;},{&quot;accountno&quot;:&quot;QA-0722MA1&quot;,&quot;departmentno&quot;:&quot;0&quot;,&quot;salary&quot;:&quot;89999&quot;,&quot;pincode&quot;:&quot;600999&quot;,&quot;userid&quot;:&quot;taGX4XQQfXD3Z76sI1Xn&quot;,&quot;id&quot;:&quot;rWyE15KDYEtyWM2onQhm&quot;},{&quot;accountno&quot;:&quot;QA-0722QA&quot;,&quot;departmentno&quot;:&quot;0&quot;,&quot;salary&quot;:&quot;79996&quot;,&quot;pincode&quot;:&quot;699999&quot;,&quot;userid&quot;:&quot;taGX4XQQfXD3Z76sI1Xn&quot;,&quot;id&quot;:&quot;Zndv4hkBgHwIfF6yScDi&quot;},{&quot;accountno&quot;:&quot;TA-0522BAT&quot;,&quot;departmentno&quot;:&quot;5&quot;,&quot;salary&quot;:&quot;40000&quot;,&quot;pincode&quot;:&quot;768976&quot;,&quot;userid&quot;:&quot;taGX4XQQfXD3Z76sI1Xn&quot;,&quot;id&quot;:&quot;Dr21xuHvAU9C7CHLLyxt&quot;},{&quot;accountno&quot;:&quot;TA-00687TT&quot;,&quot;departmentno&quot;:&quot;5&quot;,&quot;salary&quot;:&quot;67000&quot;,&quot;pincode&quot;:&quot;560056&quot;,&quot;userid&quot;:&quot;VoVW5T6IyOK1WApR7IVC&quot;,&quot;id&quot;:&quot;IKoVYpUJJJmDLQuONzs8&quot;},{&quot;accountno&quot;:&quot;TA-00719BT&quot;,&quot;departmentno&quot;:&quot;5&quot;,&quot;salary&quot;:&quot;50000&quot;,&quot;pincode&quot;:&quot;567843&quot;,&quot;userid&quot;:&quot;fWb54Tsph5uCKJpB5VWf&quot;,&quot;id&quot;:&quot;yZLDuhR7qcbKQXsPChvb&quot;},{&quot;accountno&quot;:&quot;TA-0522BAT&quot;,&quot;departmentno&quot;:&quot;3&quot;,&quot;salary&quot;:&quot;76005&quot;,&quot;pincode&quot;:&quot;560073&quot;,&quot;userid&quot;:&quot;taGX4XQQfXD3Z76sI1Xn&quot;,&quot;id&quot;:&quot;pzAV5OPBTPyqMIkrHDmA&quot;},{&quot;accountno&quot;:&quot;TA-23m4799&quot;,&quot;departmentno&quot;:&quot;5&quot;,&quot;salary&quot;:&quot;98900&quot;,&quot;pincode&quot;:&quot;296331&quot;,&quot;userid&quot;:&quot;t7klgJQVzg4APHTnBj4V&quot;,&quot;id&quot;:&quot;5vZB8ZTqLe7oHNEESyco&quot;},{&quot;accountno&quot;:&quot;TA-23m4799&quot;,&quot;departmentno&quot;:&quot;5&quot;,&quot;salary&quot;:&quot;98900&quot;,&quot;pincode&quot;:&quot;296331&quot;,&quot;userid&quot;:&quot;t7klgJQVzg4APHTnBj4V&quot;,&quot;id&quot;:&quot;JdWbW5Co4xMmrq3VccZ0&quot;},{&quot;accountno&quot;:&quot;TA-23m4799&quot;,&quot;departmentno&quot;:&quot;5&quot;,&quot;salary&quot;:&quot;98900&quot;,&quot;pincode&quot;:&quot;296331&quot;,&quot;userid&quot;:&quot;t7klgJQVzg4APHTnBj4V&quot;,&quot;id&quot;:&quot;7BW4nJrtxvEZrPY8E9tR&quot;},{&quot;accountno&quot;:&quot;TA-23m4799&quot;,&quot;departmentno&quot;:&quot;5&quot;,&quot;salary&quot;:&quot;98900&quot;,&quot;pincode&quot;:&quot;296331&quot;,&quot;userid&quot;:&quot;t7klgJQVzg4APHTnBj4V&quot;,&quot;id&quot;:&quot;5xF5EbzKsc3P8yyyvnsp&quot;},{&quot;accountno&quot;:&quot;TA-23m4799&quot;,&quot;departmentno&quot;:&quot;5&quot;,&quot;salary&quot;:&quot;98900&quot;,&quot;pincode&quot;:&quot;296331&quot;,&quot;userid&quot;:&quot;t7klgJQVzg4APHTnBj4V&quot;,&quot;id&quot;:&quot;GmRkFk3BNVI21NFVNyDZ&quot;},{&quot;accountno&quot;:&quot;TA-23m4799&quot;,&quot;departmentno&quot;:&quot;5&quot;,&quot;salary&quot;:&quot;98900&quot;,&quot;pincode&quot;:&quot;296331&quot;,&quot;userid&quot;:&quot;t7klgJQVzg4APHTnBj4V&quot;,&quot;id&quot;:&quot;mqMrSqmTq6gbXsbDmgqH&quot;},{&quot;accountno&quot;:&quot;TA-23m4799&quot;,&quot;departmentno&quot;:&quot;5&quot;,&quot;salary&quot;:&quot;98900&quot;,&quot;pincode&quot;:&quot;296331&quot;,&quot;userid&quot;:&quot;t7klgJQVzg4APHTnBj4V&quot;,&quot;id&quot;:&quot;kFxjqU7PssQkGDODuqBd&quot;},{&quot;accountno&quot;:&quot;TA-vaa4568&quot;,&quot;departmentno&quot;:&quot;8&quot;,&quot;salary&quot;:&quot;12310&quot;,&quot;pincode&quot;:&quot;954011&quot;,&quot;userid&quot;:&quot;u7nq0GWiLeCacS4KOFe3&quot;,&quot;id&quot;:&quot;EZkubQu252rdbBqs7x5k&quot;},{&quot;accountno&quot;:12345675,&quot;departmentno&quot;:&quot;2&quot;,&quot;salary&quot;:&quot;30000&quot;,&quot;pincode&quot;:&quot;123456&quot;,&quot;userid&quot;:&quot;ws7QWRyw3E9bP6keTPqP&quot;,&quot;id&quot;:&quot;bIU6Zg3szcYeOQ8FshEC&quot;},{&quot;accountno&quot;:&quot;va1218958&quot;,&quot;departmentno&quot;:&quot;2&quot;,&quot;salary&quot;:&quot;250&quot;,&quot;pincode&quot;:&quot;232323&quot;,&quot;userid&quot;:&quot;ziBRfLEfNtH2MHyH3MhK&quot;,&quot;id&quot;:&quot;u8zZ3Nqnb9rO8p4fHpSO&quot;},{&quot;accountno&quot;:&quot;va1218958&quot;,&quot;departmentno&quot;:&quot;2&quot;,&quot;salary&quot;:&quot;250&quot;,&quot;pincode&quot;:&quot;232323&quot;,&quot;userid&quot;:&quot;ziBRfLEfNtH2MHyH3MhK&quot;,&quot;id&quot;:&quot;hBogk91RIvaYHDWwBhTt&quot;},{&quot;accountno&quot;:&quot;va1218958&quot;,&quot;departmentno&quot;:&quot;2&quot;,&quot;salary&quot;:&quot;250&quot;,&quot;pincode&quot;:&quot;232323&quot;,&quot;userid&quot;:&quot;ziBRfLEfNtH2MHyH3MhK&quot;,&quot;id&quot;:&quot;7yKbjJSTJgnzPADEau76&quot;},{&quot;accountno&quot;:&quot;va1218958&quot;,&quot;departmentno&quot;:&quot;2&quot;,&quot;salary&quot;:&quot;250&quot;,&quot;pincode&quot;:&quot;232323&quot;,&quot;userid&quot;:&quot;ziBRfLEfNtH2MHyH3MhK&quot;,&quot;id&quot;:&quot;1kDW2eWKY1RQ9x0IF0A2&quot;},{&quot;accountno&quot;:&quot;va1218958&quot;,&quot;departmentno&quot;:&quot;2&quot;,&quot;salary&quot;:&quot;250&quot;,&quot;pincode&quot;:&quot;232323&quot;,&quot;userid&quot;:&quot;ziBRfLEfNtH2MHyH3MhK&quot;,&quot;id&quot;:&quot;y5IKBm7NTB3EzMI9DK7E&quot;},{&quot;accountno&quot;:&quot;va1218958&quot;,&quot;departmentno&quot;:&quot;2&quot;,&quot;salary&quot;:&quot;250&quot;,&quot;pincode&quot;:&quot;232323&quot;,&quot;userid&quot;:&quot;ziBRfLEfNtH2MHyH3MhK&quot;,&quot;id&quot;:&quot;ABHur1JbOnMaQcphl7tQ&quot;},{&quot;accountno&quot;:&quot;HH-3333333&quot;,&quot;departmentno&quot;:&quot;3&quot;,&quot;salary&quot;:&quot;333&quot;,&quot;pincode&quot;:&quot;333333&quot;,&quot;userid&quot;:&quot;gwcn6RK4r9LUWalrshHM&quot;,&quot;id&quot;:&quot;oADEpTOWjFsSvXhlFbG2&quot;},{&quot;accountno&quot;:&quot;QQ-5555555&quot;,&quot;departmentno&quot;:&quot;5&quot;,&quot;salary&quot;:&quot;555&quot;,&quot;pincode&quot;:&quot;555555&quot;,&quot;userid&quot;:&quot;gwcn6RK4r9LUWalrshHM&quot;,&quot;id&quot;:&quot;f1e6XZSDvAVBRA1NgYSf&quot;},{&quot;accountno&quot;:&quot;va1218958&quot;,&quot;departmentno&quot;:&quot;2&quot;,&quot;salary&quot;:&quot;250&quot;,&quot;pincode&quot;:&quot;232323&quot;,&quot;userid&quot;:&quot;ziBRfLEfNtH2MHyH3MhK&quot;,&quot;id&quot;:&quot;JMjZb3qXNnIiTf5w90uN&quot;},{&quot;accountno&quot;:&quot;va1218958&quot;,&quot;departmentno&quot;:&quot;2&quot;,&quot;salary&quot;:&quot;250&quot;,&quot;pincode&quot;:&quot;232323&quot;,&quot;userid&quot;:&quot;ziBRfLEfNtH2MHyH3MhK&quot;,&quot;id&quot;:&quot;fkzG6wdmT9l0ba79Zs2U&quot;},{&quot;accountno&quot;:&quot;va1218958&quot;,&quot;departmentno&quot;:&quot;2&quot;,&quot;salary&quot;:&quot;250&quot;,&quot;pincode&quot;:&quot;232323&quot;,&quot;userid&quot;:&quot;ziBRfLEfNtH2MHyH3MhK&quot;,&quot;id&quot;:&quot;cQY8GK5803hqMinHH5MH&quot;},{&quot;accountno&quot;:&quot;TA-va@!r45&quot;,&quot;departmentno&quot;:&quot;9&quot;,&quot;salary&quot;:&quot;250&quot;,&quot;pincode&quot;:&quot;786512&quot;,&quot;userid&quot;:&quot;ziBRfLEfNtH2MHyH3MhK&quot;,&quot;id&quot;:&quot;Z8nZWUPnSWLYj0OSwxpE&quot;},{&quot;accountno&quot;:&quot;TA-va@!r45&quot;,&quot;departmentno&quot;:&quot;9&quot;,&quot;salary&quot;:&quot;250&quot;,&quot;pincode&quot;:&quot;786512&quot;,&quot;userid&quot;:&quot;ziBRfLEfNtH2MHyH3MhK&quot;,&quot;id&quot;:&quot;ZffI7Fisnpj9BEHfo19U&quot;},{&quot;accountno&quot;:&quot;TA-YKT10000&quot;,&quot;departmentno&quot;:&quot;1&quot;,&quot;salary&quot;:&quot;10000&quot;,&quot;pincode&quot;:&quot;123456&quot;,&quot;userid&quot;:&quot;izxpk7AT6b1fO9amxAsi&quot;,&quot;id&quot;:&quot;6n7XLv5fC3o6am2CIc5i&quot;},{&quot;accountno&quot;:&quot;USH-1234412&quot;,&quot;departmentno&quot;:&quot;1&quot;,&quot;salary&quot;:&quot;200000&quot;,&quot;pincode&quot;:&quot;772134&quot;,&quot;userid&quot;:&quot;qsAvy2acR3CH9AtEoVXA&quot;,&quot;id&quot;:&quot;qWDb2vQubeHEJchxNXzp&quot;},{&quot;accountno&quot;:&quot;TA-3333333&quot;,&quot;departmentno&quot;:444,&quot;salary&quot;:3333,&quot;pincode&quot;:333333,&quot;userid&quot;:&quot;DmARgpsKLSzoSXM5a9iZ&quot;,&quot;id&quot;:&quot;FF5gTXSN7BY3lfCGuwAd&quot;},{&quot;accountno&quot;:&quot;TA-3333333&quot;,&quot;departmentno&quot;:&quot;44&quot;,&quot;salary&quot;:&quot;3333&quot;,&quot;pincode&quot;:&quot;333333&quot;,&quot;userid&quot;:&quot;DmARgpsKLSzoSXM5a9iZ&quot;,&quot;id&quot;:&quot;HGhNluLFTi5bes0n0tYR&quot;},{&quot;accountno&quot;:&quot;TA-3333333&quot;,&quot;departmentno&quot;:&quot;3&quot;,&quot;salary&quot;:&quot;3333&quot;,&quot;pincode&quot;:&quot;333333&quot;,&quot;userid&quot;:&quot;DmARgpsKLSzoSXM5a9iZ&quot;,&quot;id&quot;:&quot;OfctY1XuGcEhRYIMInXo&quot;},{&quot;accountno&quot;:&quot;TA-3333333&quot;,&quot;departmentno&quot;:&quot;3&quot;,&quot;salary&quot;:&quot;3333&quot;,&quot;pincode&quot;:&quot;333333&quot;,&quot;userid&quot;:&quot;DmARgpsKLSzoSXM5a9iZ&quot;,&quot;id&quot;:&quot;XuEXvZ5wnOar0c4QaWKM&quot;},{&quot;accountno&quot;:&quot;TA-1000990&quot;,&quot;departmentno&quot;:&quot;11&quot;,&quot;salary&quot;:&quot;1001&quot;,&quot;pincode&quot;:&quot;100990&quot;,&quot;userid&quot;:&quot;pHFLMstXPugubAmpW8wL&quot;,&quot;id&quot;:&quot;tRQzbejEKRPnLcLFV5mv&quot;},{&quot;accountno&quot;:&quot;TA-1000990&quot;,&quot;departmentno&quot;:&quot;11&quot;,&quot;salary&quot;:&quot;1001&quot;,&quot;pincode&quot;:&quot;100990&quot;,&quot;userid&quot;:&quot;pHFLMstXPugubAmpW8wL&quot;,&quot;id&quot;:&quot;DphRAVOHyfzWcvQSZPPZ&quot;},{&quot;accountno&quot;:&quot;TA-1000990&quot;,&quot;departmentno&quot;:&quot;11&quot;,&quot;salary&quot;:&quot;1001&quot;,&quot;pincode&quot;:&quot;100990&quot;,&quot;userid&quot;:&quot;pHFLMstXPugubAmpW8wL&quot;,&quot;id&quot;:&quot;Kg3uqFqoB64DUu1N16fs&quot;},{&quot;accountno&quot;:&quot;TA-0000991&quot;,&quot;departmentno&quot;:&quot;9&quot;,&quot;salary&quot;:&quot;75000&quot;,&quot;pincode&quot;:&quot;600122&quot;,&quot;userid&quot;:&quot;lgxY6iFMkgQjMJPqffZX&quot;,&quot;id&quot;:&quot;nK6dk26eEfMHUt0Lai8N&quot;},{&quot;accountno&quot;:&quot;TA-0000991&quot;,&quot;departmentno&quot;:&quot;9&quot;,&quot;salary&quot;:&quot;75000&quot;,&quot;pincode&quot;:&quot;600122&quot;,&quot;userid&quot;:&quot;lgxY6iFMkgQjMJPqffZX&quot;,&quot;id&quot;:&quot;HfUPWgJO54VHY119AGLt&quot;},{&quot;accountno&quot;:&quot;TA-0000991&quot;,&quot;departmentno&quot;:&quot;9&quot;,&quot;salary&quot;:&quot;75000&quot;,&quot;pincode&quot;:&quot;600122&quot;,&quot;userid&quot;:&quot;lgxY6iFMkgQjMJPqffZX&quot;,&quot;id&quot;:&quot;7SQ7gi4SpGul0nnHcPZb&quot;},{&quot;accountno&quot;:&quot;TA-1234567&quot;,&quot;departmentno&quot;:&quot;1&quot;,&quot;salary&quot;:&quot;9876&quot;,&quot;pincode&quot;:&quot;321321&quot;,&quot;userid&quot;:&quot;lgxY6iFMkgQjMJPqffZX&quot;,&quot;id&quot;:&quot;rz42qT2e79v5GfK2Bupc&quot;},{&quot;accountno&quot;:&quot;TA-0000991&quot;,&quot;departmentno&quot;:&quot;9&quot;,&quot;salary&quot;:&quot;75000&quot;,&quot;pincode&quot;:&quot;600122&quot;,&quot;userid&quot;:&quot;lgxY6iFMkgQjMJPqffZX&quot;,&quot;id&quot;:&quot;YZ1VNT6dguTtlJlDjoZl&quot;},{&quot;accountno&quot;:&quot;TA-0000999&quot;,&quot;departmentno&quot;:&quot;22&quot;,&quot;salary&quot;:&quot;2000&quot;,&quot;pincode&quot;:&quot;123123&quot;,&quot;userid&quot;:&quot;o4FDbZMJElX44kOM78mO&quot;,&quot;id&quot;:&quot;rdOSk7p0g4gYiGXNKRh0&quot;},{&quot;accountno&quot;:&quot;TA-9000999&quot;,&quot;departmentno&quot;:&quot;11&quot;,&quot;salary&quot;:&quot;2000&quot;,&quot;pincode&quot;:&quot;123123&quot;,&quot;userid&quot;:&quot;o4FDbZMJElX44kOM78mO&quot;,&quot;id&quot;:&quot;pBP9JD0X1PmWu2SAd2Os&quot;},{&quot;accountno&quot;:&quot;TA-1234567&quot;,&quot;departmentno&quot;:9,&quot;salary&quot;:99997,&quot;pincode&quot;:321321,&quot;userid&quot;:&quot;lgxY6iFMkgQjMJPqffZX&quot;,&quot;id&quot;:&quot;hEQA0Ew1ZgsVZTIqiuXD&quot;},{&quot;accountno&quot;:&quot;TA-1234567&quot;,&quot;departmentno&quot;:&quot;8&quot;,&quot;salary&quot;:&quot;99999&quot;,&quot;pincode&quot;:&quot;321321&quot;,&quot;userid&quot;:&quot;lgxY6iFMkgQjMJPqffZX&quot;,&quot;id&quot;:&quot;pDJ7Sax3cSCKSJbtpCev&quot;},{&quot;accountno&quot;:&quot;TA-1234567&quot;,&quot;departmentno&quot;:&quot;8&quot;,&quot;salary&quot;:&quot;99999&quot;,&quot;pincode&quot;:&quot;123123&quot;,&quot;userid&quot;:&quot;lgxY6iFMkgQjMJPqffZX&quot;,&quot;id&quot;:&quot;bBXVEFzxaN6Dcv1DpVBC&quot;},{&quot;accountno&quot;:&quot;TA-9999999&quot;,&quot;departmentno&quot;:&quot;9&quot;,&quot;salary&quot;:&quot;99999999&quot;,&quot;pincode&quot;:&quot;999999&quot;,&quot;userid&quot;:&quot;DmARgpsKLSzoSXM5a9iZ&quot;,&quot;id&quot;:&quot;QS3tJlHF5XMBGdHhYnPL&quot;},{&quot;accountno&quot;:&quot;TA-9999999&quot;,&quot;departmentno&quot;:&quot;9&quot;,&quot;salary&quot;:&quot;99999999&quot;,&quot;pincode&quot;:&quot;999999&quot;,&quot;userid&quot;:&quot;DmARgpsKLSzoSXM5a9iZ&quot;,&quot;id&quot;:&quot;Y5Lo4n5DeMjYh6LCwanC&quot;},{&quot;accountno&quot;:&quot;TA-SP11111&quot;,&quot;departmentno&quot;:&quot;1&quot;,&quot;salary&quot;:&quot;655&quot;,&quot;pincode&quot;:&quot;654321&quot;,&quot;userid&quot;:&quot;mU6hIQUZQfsauAPg6TXX&quot;,&quot;id&quot;:&quot;9P80pYNXxM0neIIs06rg&quot;},{&quot;accountno&quot;:&quot;TA-SP11111&quot;,&quot;departmentno&quot;:&quot;1&quot;,&quot;salary&quot;:&quot;655&quot;,&quot;pincode&quot;:&quot;654321&quot;,&quot;userid&quot;:&quot;mU6hIQUZQfsauAPg6TXX&quot;,&quot;id&quot;:&quot;JjhMXjJB0nMAiiT7faOg&quot;},{&quot;accountno&quot;:&quot;TA-SP11111&quot;,&quot;departmentno&quot;:&quot;1&quot;,&quot;salary&quot;:&quot;655&quot;,&quot;pincode&quot;:&quot;654321&quot;,&quot;userid&quot;:&quot;mU6hIQUZQfsauAPg6TXX&quot;,&quot;id&quot;:&quot;qXhz2x9gL7pcJOXkVux3&quot;},{&quot;accountno&quot;:&quot;TA-1122k33&quot;,&quot;departmentno&quot;:&quot;1&quot;,&quot;salary&quot;:&quot;5000&quot;,&quot;pincode&quot;:&quot;123123&quot;,&quot;userid&quot;:&quot;gcP088ZVmelQgAaWe3aC&quot;,&quot;id&quot;:&quot;mKxyb51EdgZGcEmLrljU&quot;},{&quot;accountno&quot;:&quot;TA-9000999&quot;,&quot;departmentno&quot;:&quot;11&quot;,&quot;salary&quot;:&quot;2000&quot;,&quot;pincode&quot;:&quot;123123&quot;,&quot;userid&quot;:&quot;o4FDbZMJElX44kOM78mO&quot;,&quot;id&quot;:&quot;YZK2fSNEPTdLadEOPQmx&quot;},{&quot;accountno&quot;:&quot;TA-0000999&quot;,&quot;departmentno&quot;:&quot;22&quot;,&quot;salary&quot;:&quot;2000&quot;,&quot;pincode&quot;:&quot;123123&quot;,&quot;userid&quot;:&quot;o4FDbZMJElX44kOM78mO&quot;,&quot;id&quot;:&quot;OQvuqqTGBbDHEUkH49Kf&quot;},{&quot;accountno&quot;:&quot;TA-9000999&quot;,&quot;departmentno&quot;:&quot;11&quot;,&quot;salary&quot;:&quot;2000&quot;,&quot;pincode&quot;:&quot;123123&quot;,&quot;userid&quot;:&quot;o4FDbZMJElX44kOM78mO&quot;,&quot;id&quot;:&quot;bwIlybdfLzuRi7T7Rg2l&quot;},{&quot;accountno&quot;:&quot;TA-9000999&quot;,&quot;departmentno&quot;:&quot;11&quot;,&quot;salary&quot;:&quot;2000&quot;,&quot;pincode&quot;:&quot;123123&quot;,&quot;userid&quot;:&quot;o4FDbZMJElX44kOM78mO&quot;,&quot;id&quot;:&quot;GHoq1frnYZnpK7trDJLf&quot;},{&quot;accountno&quot;:&quot;TA-9000999&quot;,&quot;departmentno&quot;:&quot;11&quot;,&quot;salary&quot;:&quot;2000&quot;,&quot;pincode&quot;:&quot;123123&quot;,&quot;userid&quot;:&quot;o4FDbZMJElX44kOM78mO&quot;,&quot;id&quot;:&quot;dRyhBQ3uZnrCbYRNePAb&quot;},{&quot;accountno&quot;:&quot;TA-9000999&quot;,&quot;departmentno&quot;:&quot;11&quot;,&quot;salary&quot;:&quot;2000&quot;,&quot;pincode&quot;:&quot;123123&quot;,&quot;userid&quot;:&quot;o4FDbZMJElX44kOM78mO&quot;,&quot;id&quot;:&quot;jrY3kRHWvTrC8MCOyYb6&quot;},{&quot;accountno&quot;:&quot;TA-9000999&quot;,&quot;departmentno&quot;:&quot;11&quot;,&quot;salary&quot;:&quot;2000&quot;,&quot;pincode&quot;:&quot;123123&quot;,&quot;userid&quot;:&quot;o4FDbZMJElX44kOM78mO&quot;,&quot;id&quot;:&quot;elZfuqGpYSSX23l7uTVY&quot;},{&quot;accountno&quot;:&quot;TA-9000999&quot;,&quot;departmentno&quot;:&quot;11&quot;,&quot;salary&quot;:&quot;2000&quot;,&quot;pincode&quot;:&quot;123123&quot;,&quot;userid&quot;:&quot;o4FDbZMJElX44kOM78mO&quot;,&quot;id&quot;:&quot;aRchpSX1iK4Sz0rra0GV&quot;},{&quot;accountno&quot;:&quot;TA-9000999&quot;,&quot;departmentno&quot;:&quot;11&quot;,&quot;salary&quot;:&quot;2000&quot;,&quot;pincode&quot;:&quot;123123&quot;,&quot;userid&quot;:&quot;o4FDbZMJElX44kOM78mO&quot;,&quot;id&quot;:&quot;eVXfnx9ga6OPYSKIKRsF&quot;},{&quot;accountno&quot;:&quot;TA-9000999&quot;,&quot;departmentno&quot;:&quot;11&quot;,&quot;salary&quot;:&quot;2000&quot;,&quot;pincode&quot;:&quot;123123&quot;,&quot;userid&quot;:&quot;o4FDbZMJElX44kOM78mO&quot;,&quot;id&quot;:&quot;8VpKRUFslaJ77HyX0XZW&quot;},{&quot;accountno&quot;:&quot;TA-9000999&quot;,&quot;departmentno&quot;:&quot;11&quot;,&quot;salary&quot;:&quot;2000&quot;,&quot;pincode&quot;:&quot;123123&quot;,&quot;userid&quot;:&quot;o4FDbZMJElX44kOM78mO&quot;,&quot;id&quot;:&quot;eNEToMHWyhVLFQTKXh8P&quot;},{&quot;accountno&quot;:&quot;TA-9000999&quot;,&quot;departmentno&quot;:&quot;11&quot;,&quot;salary&quot;:&quot;2000&quot;,&quot;pincode&quot;:&quot;123123&quot;,&quot;userid&quot;:&quot;o4FDbZMJElX44kOM78mO&quot;,&quot;id&quot;:&quot;r690osBuUJFRVQcyVpPZ&quot;},{&quot;accountno&quot;:&quot;TA-9000999&quot;,&quot;departmentno&quot;:&quot;11&quot;,&quot;salary&quot;:&quot;2000&quot;,&quot;pincode&quot;:&quot;123123&quot;,&quot;userid&quot;:&quot;o4FDbZMJElX44kOM78mO&quot;,&quot;id&quot;:&quot;BkoKD1x2v7geSy1tBgsU&quot;},{&quot;accountno&quot;:&quot;TA-9000999&quot;,&quot;departmentno&quot;:&quot;11&quot;,&quot;salary&quot;:&quot;2000&quot;,&quot;pincode&quot;:&quot;123123&quot;,&quot;userid&quot;:&quot;o4FDbZMJElX44kOM78mO&quot;,&quot;id&quot;:&quot;WR9YcwgJ623VN6lxU5cn&quot;},{&quot;accountno&quot;:&quot;TA-YKT10000&quot;,&quot;departmentno&quot;:&quot;1&quot;,&quot;salary&quot;:&quot;10000&quot;,&quot;pincode&quot;:&quot;123456&quot;,&quot;userid&quot;:&quot;izxpk7AT6b1fO9amxAsi&quot;,&quot;id&quot;:&quot;iz1FretrTSEOk2sqbMRY&quot;},{&quot;accountno&quot;:&quot;TA-YKT10000&quot;,&quot;departmentno&quot;:&quot;1&quot;,&quot;salary&quot;:&quot;10000&quot;,&quot;pincode&quot;:&quot;123456&quot;,&quot;userid&quot;:&quot;izxpk7AT6b1fO9amxAsi&quot;,&quot;id&quot;:&quot;91XYmJW0xrZAViPR2BCW&quot;},{&quot;accountno&quot;:&quot;TA-YKT10000&quot;,&quot;departmentno&quot;:&quot;1&quot;,&quot;salary&quot;:&quot;10000&quot;,&quot;pincode&quot;:&quot;123456&quot;,&quot;userid&quot;:&quot;izxpk7AT6b1fO9amxAsi&quot;,&quot;id&quot;:&quot;LPnCpIz0utyuxC3mxvB0&quot;},{&quot;accountno&quot;:&quot;TA-YKT10000&quot;,&quot;departmentno&quot;:&quot;1&quot;,&quot;salary&quot;:&quot;10000&quot;,&quot;pincode&quot;:&quot;123456&quot;,&quot;userid&quot;:&quot;izxpk7AT6b1fO9amxAsi&quot;,&quot;id&quot;:&quot;qobNJkzyPDy5hNHBkhSp&quot;},{&quot;accountno&quot;:&quot;TA-0098773&quot;,&quot;departmentno&quot;:&quot;2&quot;,&quot;salary&quot;:&quot;457&quot;,&quot;pincode&quot;:&quot;354687&quot;,&quot;userid&quot;:&quot;QuBlGSwMd99zzEkg09fL&quot;,&quot;id&quot;:&quot;DpjZKpCyP3umwzTUEcvM&quot;},{&quot;accountno&quot;:&quot;TA-3344u86&quot;,&quot;departmentno&quot;:&quot;9&quot;,&quot;salary&quot;:&quot;2305&quot;,&quot;pincode&quot;:&quot;456780&quot;,&quot;userid&quot;:&quot;b71uEdUihkqfflCnozQm&quot;,&quot;id&quot;:&quot;RX66HVq2pCbb3tZVWWly&quot;},{&quot;accountno&quot;:&quot;TA-9999999&quot;,&quot;departmentno&quot;:&quot;9&quot;,&quot;salary&quot;:&quot;99999999&quot;,&quot;pincode&quot;:&quot;999999&quot;,&quot;userid&quot;:&quot;DmARgpsKLSzoSXM5a9iZ&quot;,&quot;id&quot;:&quot;zmE7KKmqIC3A84dh1Sct&quot;},{&quot;accountno&quot;:&quot;TA-9999999&quot;,&quot;departmentno&quot;:&quot;9&quot;,&quot;salary&quot;:&quot;99999999&quot;,&quot;pincode&quot;:&quot;999999&quot;,&quot;userid&quot;:&quot;DmARgpsKLSzoSXM5a9iZ&quot;,&quot;id&quot;:&quot;V8Rm15bo6rrQ12PKKRuP&quot;},{&quot;accountno&quot;:&quot;TA-9999999&quot;,&quot;departmentno&quot;:&quot;9&quot;,&quot;salary&quot;:&quot;99999999&quot;,&quot;pincode&quot;:&quot;999999&quot;,&quot;userid&quot;:&quot;DmARgpsKLSzoSXM5a9iZ&quot;,&quot;id&quot;:&quot;teP0wS7IxpPwT4ZgmNBC&quot;},{&quot;accountno&quot;:&quot;TA-9999999&quot;,&quot;departmentno&quot;:&quot;9&quot;,&quot;salary&quot;:&quot;99999999&quot;,&quot;pincode&quot;:&quot;999999&quot;,&quot;userid&quot;:&quot;DmARgpsKLSzoSXM5a9iZ&quot;,&quot;id&quot;:&quot;rgMiBF4WPWOLOkcFOgO2&quot;},{&quot;accountno&quot;:&quot;TA-1238888&quot;,&quot;departmentno&quot;:&quot;1&quot;,&quot;salary&quot;:&quot;1234&quot;,&quot;pincode&quot;:&quot;123456&quot;,&quot;userid&quot;:&quot;DmARgpsKLSzoSXM5a9iZ&quot;,&quot;id&quot;:&quot;G7vonTLdeOGub4vvixyr&quot;},{&quot;accountno&quot;:&quot;TA-7000999&quot;,&quot;departmentno&quot;:&quot;11&quot;,&quot;salary&quot;:&quot;2000&quot;,&quot;pincode&quot;:&quot;123123&quot;,&quot;userid&quot;:&quot;o4FDbZMJElX44kOM78mO&quot;,&quot;id&quot;:&quot;hxsOnjkDP1HkVoORu2cE&quot;},{&quot;accountno&quot;:&quot;TA-7000999&quot;,&quot;departmentno&quot;:&quot;11&quot;,&quot;salary&quot;:&quot;2000&quot;,&quot;pincode&quot;:&quot;123123&quot;,&quot;userid&quot;:&quot;o4FDbZMJElX44kOM78mO&quot;,&quot;id&quot;:&quot;wtnt7guq9baIjR9UnQcX&quot;},{&quot;accountno&quot;:&quot;TA-6099999&quot;,&quot;departmentno&quot;:&quot;1&quot;,&quot;salary&quot;:&quot;1234&quot;,&quot;pincode&quot;:&quot;123456&quot;,&quot;userid&quot;:&quot;gcP088ZVmelQgAaWe3aC&quot;,&quot;id&quot;:&quot;zk0HBc4ocr7kSJCMW1m5&quot;},{&quot;accountno&quot;:&quot;TA-6000999&quot;,&quot;departmentno&quot;:&quot;11&quot;,&quot;salary&quot;:&quot;2000&quot;,&quot;pincode&quot;:&quot;123123&quot;,&quot;userid&quot;:&quot;o4FDbZMJElX44kOM78mO&quot;,&quot;id&quot;:&quot;s36e26kArgibPlmGTu4J&quot;},{&quot;accountno&quot;:&quot;TA-6000999&quot;,&quot;departmentno&quot;:&quot;11&quot;,&quot;salary&quot;:&quot;2000&quot;,&quot;pincode&quot;:&quot;123123&quot;,&quot;userid&quot;:&quot;o4FDbZMJElX44kOM78mO&quot;,&quot;id&quot;:&quot;CpZByz87bvhOvuZKJ8GC&quot;},{&quot;accountno&quot;:&quot;TA-4499889&quot;,&quot;departmentno&quot;:&quot;33&quot;,&quot;salary&quot;:&quot;3333&quot;,&quot;pincode&quot;:&quot;33333333&quot;,&quot;userid&quot;:&quot;o4FDbZMJElX44kOM78mO&quot;,&quot;id&quot;:&quot;2k30S8pliqiEREqd9rSR&quot;},{&quot;accountno&quot;:&quot;TA-0000999&quot;,&quot;departmentno&quot;:&quot;22&quot;,&quot;salary&quot;:&quot;2000&quot;,&quot;pincode&quot;:&quot;123123&quot;,&quot;userid&quot;:&quot;o4FDbZMJElX44kOM78mO&quot;,&quot;id&quot;:&quot;nGbL1jssypqgiYOMDa0e&quot;},{&quot;accountno&quot;:&quot;TA-3000999&quot;,&quot;departmentno&quot;:&quot;11&quot;,&quot;salary&quot;:&quot;2000&quot;,&quot;pincode&quot;:&quot;123123&quot;,&quot;userid&quot;:&quot;o4FDbZMJElX44kOM78mO&quot;,&quot;id&quot;:&quot;sob1D4fQjoOZO4UszoRI&quot;},{&quot;accountno&quot;:&quot;TA-3000999&quot;,&quot;departmentno&quot;:&quot;11&quot;,&quot;salary&quot;:&quot;2000&quot;,&quot;pincode&quot;:&quot;123123&quot;,&quot;userid&quot;:&quot;o4FDbZMJElX44kOM78mO&quot;,&quot;id&quot;:&quot;gdwgPVbAJTk0TXZTvM2R&quot;},{&quot;accountno&quot;:&quot;TA-3000999&quot;,&quot;departmentno&quot;:&quot;11&quot;,&quot;salary&quot;:&quot;2000&quot;,&quot;pincode&quot;:&quot;123123&quot;,&quot;userid&quot;:&quot;o4FDbZMJElX44kOM78mO&quot;,&quot;id&quot;:&quot;B8bVUU6ig07XVpwJKSDE&quot;},{&quot;accountno&quot;:&quot;TA-3000999&quot;,&quot;departmentno&quot;:&quot;11&quot;,&quot;salary&quot;:&quot;2000&quot;,&quot;pincode&quot;:&quot;123123&quot;,&quot;userid&quot;:&quot;o4FDbZMJElX44kOM78mO&quot;,&quot;id&quot;:&quot;a5TH0UgiOLDz8YSpQHoR&quot;},{&quot;accountno&quot;:&quot;TA-2000999&quot;,&quot;departmentno&quot;:&quot;11&quot;,&quot;salary&quot;:&quot;2000&quot;,&quot;pincode&quot;:&quot;123123&quot;,&quot;userid&quot;:&quot;o4FDbZMJElX44kOM78mO&quot;,&quot;id&quot;:&quot;cHnhkKHOyv7Ws4SWaXfK&quot;},{&quot;accountno&quot;:&quot;TA-2000999&quot;,&quot;departmentno&quot;:&quot;33&quot;,&quot;salary&quot;:&quot;3333&quot;,&quot;pincode&quot;:&quot;123123&quot;,&quot;userid&quot;:&quot;o4FDbZMJElX44kOM78mO&quot;,&quot;id&quot;:&quot;IzSTkhYHz80F9TfcZ8AP&quot;},{&quot;accountno&quot;:&quot;TA-0000999&quot;,&quot;departmentno&quot;:&quot;11&quot;,&quot;salary&quot;:&quot;2000&quot;,&quot;pincode&quot;:&quot;123123&quot;,&quot;userid&quot;:&quot;o4FDbZMJElX44kOM78mO&quot;,&quot;id&quot;:&quot;dTDckOq8UUWMdWneYpke&quot;},{&quot;accountno&quot;:&quot;TA-2000999&quot;,&quot;departmentno&quot;:&quot;33&quot;,&quot;salary&quot;:&quot;3333&quot;,&quot;pincode&quot;:&quot;123123&quot;,&quot;userid&quot;:&quot;o4FDbZMJElX44kOM78mO&quot;,&quot;id&quot;:&quot;70hqWbpx1EVoDk8r1yIE&quot;},{&quot;accountno&quot;:&quot;TA-2000999&quot;,&quot;departmentno&quot;:&quot;33&quot;,&quot;salary&quot;:&quot;3333&quot;,&quot;pincode&quot;:&quot;123123&quot;,&quot;userid&quot;:&quot;o4FDbZMJElX44kOM78mO&quot;,&quot;id&quot;:&quot;97UZB5rreO1Add9setE3&quot;},{&quot;accountno&quot;:&quot;TA-1000999&quot;,&quot;departmentno&quot;:&quot;33&quot;,&quot;salary&quot;:&quot;3333&quot;,&quot;pincode&quot;:&quot;123123&quot;,&quot;userid&quot;:&quot;o4FDbZMJElX44kOM78mO&quot;,&quot;id&quot;:&quot;dKneGxy82OoHIq8SAGX7&quot;},{&quot;accountno&quot;:&quot;TA-0000999&quot;,&quot;departmentno&quot;:&quot;11&quot;,&quot;salary&quot;:&quot;2000&quot;,&quot;pincode&quot;:&quot;123123&quot;,&quot;userid&quot;:&quot;o4FDbZMJElX44kOM78mO&quot;,&quot;id&quot;:&quot;q6G2FHUsn8DFQVFxQEGc&quot;},{&quot;accountno&quot;:&quot;TA-0000999&quot;,&quot;departmentno&quot;:&quot;11&quot;,&quot;salary&quot;:&quot;2000&quot;,&quot;pincode&quot;:&quot;123123&quot;,&quot;userid&quot;:&quot;o4FDbZMJElX44kOM78mO&quot;,&quot;id&quot;:&quot;Rp1mfZLg43jrXnaXYlDF&quot;},{&quot;accountno&quot;:&quot;TA-0000999&quot;,&quot;departmentno&quot;:&quot;22&quot;,&quot;salary&quot;:&quot;2000&quot;,&quot;pincode&quot;:&quot;123123&quot;,&quot;userid&quot;:&quot;o4FDbZMJElX44kOM78mO&quot;,&quot;id&quot;:&quot;Ssg816ldhfb72vfF1OgN&quot;},{&quot;accountno&quot;:&quot;TA-5599889&quot;,&quot;departmentno&quot;:&quot;11&quot;,&quot;salary&quot;:&quot;2000&quot;,&quot;pincode&quot;:&quot;123123&quot;,&quot;userid&quot;:&quot;o4FDbZMJElX44kOM78mO&quot;,&quot;id&quot;:&quot;xYpwN8xSPEhLD3GdKsP1&quot;},{&quot;accountno&quot;:&quot;TA-0000999&quot;,&quot;departmentno&quot;:&quot;22&quot;,&quot;salary&quot;:&quot;2000&quot;,&quot;pincode&quot;:&quot;123123&quot;,&quot;userid&quot;:&quot;o4FDbZMJElX44kOM78mO&quot;,&quot;id&quot;:&quot;We0q0HvStsE0ieVJ9cIq&quot;},{&quot;accountno&quot;:&quot;TA-0000999&quot;,&quot;departmentno&quot;:&quot;33&quot;,&quot;salary&quot;:&quot;4444&quot;,&quot;pincode&quot;:&quot;33333333&quot;,&quot;userid&quot;:&quot;aVdljSDe6iv9cKXGCYOU&quot;,&quot;id&quot;:&quot;RHW27pPOhKBS2B8xF6OX&quot;},{&quot;accountno&quot;:&quot;TA-4499889&quot;,&quot;departmentno&quot;:&quot;11&quot;,&quot;salary&quot;:&quot;2000&quot;,&quot;pincode&quot;:&quot;123123&quot;,&quot;userid&quot;:&quot;o4FDbZMJElX44kOM78mO&quot;,&quot;id&quot;:&quot;iL2dc7NdaQan6MlGVnPV&quot;},{&quot;accountno&quot;:&quot;TA-1099889&quot;,&quot;departmentno&quot;:&quot;33&quot;,&quot;salary&quot;:&quot;4444&quot;,&quot;pincode&quot;:&quot;33333333&quot;,&quot;userid&quot;:&quot;o4FDbZMJElX44kOM78mO&quot;,&quot;id&quot;:&quot;za5JUmRr3nbMr7mVtEsE&quot;},{&quot;accountno&quot;:&quot;TA-5599889&quot;,&quot;departmentno&quot;:&quot;33&quot;,&quot;salary&quot;:&quot;4444&quot;,&quot;pincode&quot;:&quot;33333333&quot;,&quot;userid&quot;:&quot;o4FDbZMJElX44kOM78mO&quot;,&quot;id&quot;:&quot;viQp17WPLDOUmWogXjJQ&quot;},{&quot;accountno&quot;:&quot;TA-4499889&quot;,&quot;departmentno&quot;:&quot;33&quot;,&quot;salary&quot;:&quot;3333&quot;,&quot;pincode&quot;:&quot;33333333&quot;,&quot;userid&quot;:&quot;o4FDbZMJElX44kOM78mO&quot;,&quot;id&quot;:&quot;QiwOjz43xfvE1dA5TFkN&quot;},{&quot;accountno&quot;:&quot;TA-3399889&quot;,&quot;departmentno&quot;:&quot;11&quot;,&quot;salary&quot;:&quot;2000&quot;,&quot;pincode&quot;:&quot;123123&quot;,&quot;userid&quot;:&quot;o4FDbZMJElX44kOM78mO&quot;,&quot;id&quot;:&quot;kLv1HDz0wOjYnjQWZR9O&quot;},{&quot;accountno&quot;:&quot;TA-4499889&quot;,&quot;departmentno&quot;:&quot;33&quot;,&quot;salary&quot;:&quot;3333&quot;,&quot;pincode&quot;:&quot;33333333&quot;,&quot;userid&quot;:&quot;o4FDbZMJElX44kOM78mO&quot;,&quot;id&quot;:&quot;QPf20ZmHiDrYDQrHmanH&quot;},{&quot;accountno&quot;:&quot;TA-1100990l&quot;,&quot;departmentno&quot;:&quot;3&quot;,&quot;salary&quot;:&quot;143&quot;,&quot;pincode&quot;:&quot;123456&quot;,&quot;userid&quot;:&quot;aVdljSDe6iv9cKXGCYOU&quot;,&quot;id&quot;:&quot;UaSdcGaxglgv0QPTv22L&quot;},{&quot;accountno&quot;:&quot;TA-3399889&quot;,&quot;departmentno&quot;:&quot;11&quot;,&quot;salary&quot;:&quot;2000&quot;,&quot;pincode&quot;:&quot;123123&quot;,&quot;userid&quot;:&quot;o4FDbZMJElX44kOM78mO&quot;,&quot;id&quot;:&quot;k2JG5wHYXJp5GLCmTHC7&quot;},{&quot;accountno&quot;:&quot;TA-2299889&quot;,&quot;departmentno&quot;:&quot;33&quot;,&quot;salary&quot;:&quot;3333&quot;,&quot;pincode&quot;:&quot;33333333&quot;,&quot;userid&quot;:&quot;o4FDbZMJElX44kOM78mO&quot;,&quot;id&quot;:&quot;lxM1DPZsoJDEvv48eApr&quot;},{&quot;accountno&quot;:&quot;TA-2299889&quot;,&quot;departmentno&quot;:&quot;33&quot;,&quot;salary&quot;:&quot;3333&quot;,&quot;pincode&quot;:&quot;33333333&quot;,&quot;userid&quot;:&quot;o4FDbZMJElX44kOM78mO&quot;,&quot;id&quot;:&quot;rozVL490pswtMbsSdUee&quot;},{&quot;accountno&quot;:&quot;TA-2299889&quot;,&quot;departmentno&quot;:&quot;33&quot;,&quot;salary&quot;:&quot;3333&quot;,&quot;pincode&quot;:&quot;33333333&quot;,&quot;userid&quot;:&quot;o4FDbZMJElX44kOM78mO&quot;,&quot;id&quot;:&quot;7MdBMNzdkHNuNK2A7fG8&quot;},{&quot;accountno&quot;:&quot;TA-123456l&quot;,&quot;departmentno&quot;:&quot;4&quot;,&quot;salary&quot;:&quot;25000&quot;,&quot;pincode&quot;:&quot;222222&quot;,&quot;userid&quot;:&quot;b71uEdUihkqfflCnozQm&quot;,&quot;id&quot;:&quot;8cPOELewDyPkpAYEKuDc&quot;},{&quot;accountno&quot;:&quot;TA-3399889&quot;,&quot;departmentno&quot;:&quot;11&quot;,&quot;salary&quot;:&quot;2000&quot;,&quot;pincode&quot;:&quot;123123&quot;,&quot;userid&quot;:&quot;o4FDbZMJElX44kOM78mO&quot;,&quot;id&quot;:&quot;RTUrk25PDHy9a1FPSgzf&quot;},{&quot;accountno&quot;:&quot;TA-2299889&quot;,&quot;departmentno&quot;:&quot;33&quot;,&quot;salary&quot;:&quot;3333&quot;,&quot;pincode&quot;:&quot;33333333&quot;,&quot;userid&quot;:&quot;o4FDbZMJElX44kOM78mO&quot;,&quot;id&quot;:&quot;0MjkiLVLFrNYGAzZW7f8&quot;},{&quot;accountno&quot;:&quot;TA-2299889&quot;,&quot;departmentno&quot;:&quot;33&quot;,&quot;salary&quot;:&quot;3333&quot;,&quot;pincode&quot;:&quot;33333333&quot;,&quot;userid&quot;:&quot;b71uEdUihkqfflCnozQm&quot;,&quot;id&quot;:&quot;aaVN7dam5bgybeJoJyPY&quot;},{&quot;accountno&quot;:&quot;TA-123445h&quot;,&quot;departmentno&quot;:&quot;9&quot;,&quot;salary&quot;:&quot;8000&quot;,&quot;pincode&quot;:&quot;123456&quot;,&quot;userid&quot;:&quot;o4FDbZMJElX44kOM78mO&quot;,&quot;id&quot;:&quot;4MFIy04c1nB2wKg5edwi&quot;},{&quot;accountno&quot;:&quot;TA-9876547&quot;,&quot;departmentno&quot;:&quot;4&quot;,&quot;salary&quot;:&quot;25000&quot;,&quot;pincode&quot;:&quot;222222&quot;,&quot;userid&quot;:&quot;b71uEdUihkqfflCnozQm&quot;,&quot;id&quot;:&quot;IrGcarJWStYNdgsL67rd&quot;},{&quot;accountno&quot;:&quot;TA-987654r&quot;,&quot;departmentno&quot;:&quot;4&quot;,&quot;salary&quot;:&quot;25000&quot;,&quot;pincode&quot;:&quot;222222&quot;,&quot;userid&quot;:&quot;b71uEdUihkqfflCnozQm&quot;,&quot;id&quot;:&quot;OmL2TDnA6QsJK2Hpf3i2&quot;},{&quot;accountno&quot;:&quot;TA-987654r&quot;,&quot;departmentno&quot;:&quot;4&quot;,&quot;salary&quot;:&quot;25000&quot;,&quot;pincode&quot;:&quot;222222&quot;,&quot;userid&quot;:&quot;b71uEdUihkqfflCnozQm&quot;,&quot;id&quot;:&quot;LlTbcC63GszgkEhpZYGY&quot;},{&quot;accountno&quot;:&quot;TA-3399889&quot;,&quot;departmentno&quot;:&quot;11&quot;,&quot;salary&quot;:&quot;2000&quot;,&quot;pincode&quot;:&quot;123123&quot;,&quot;userid&quot;:&quot;o4FDbZMJElX44kOM78mO&quot;,&quot;id&quot;:&quot;9lkPq3WXAIupAdncT3JD&quot;},{&quot;accountno&quot;:&quot;TA-3399889&quot;,&quot;departmentno&quot;:&quot;11&quot;,&quot;salary&quot;:&quot;2000&quot;,&quot;pincode&quot;:&quot;123123&quot;,&quot;userid&quot;:&quot;o4FDbZMJElX44kOM78mO&quot;,&quot;id&quot;:&quot;AsibXDpsJWoiwr1N9aGz&quot;},{&quot;accountno&quot;:&quot;TA-3399889&quot;,&quot;departmentno&quot;:&quot;11&quot;,&quot;salary&quot;:&quot;2000&quot;,&quot;pincode&quot;:&quot;123123&quot;,&quot;userid&quot;:&quot;o4FDbZMJElX44kOM78mO&quot;,&quot;id&quot;:&quot;6hL06Nv9U3utqUNUiXbE&quot;},{&quot;accountno&quot;:&quot;TA-3399889&quot;,&quot;departmentno&quot;:&quot;11&quot;,&quot;salary&quot;:&quot;2000&quot;,&quot;pincode&quot;:&quot;123123&quot;,&quot;userid&quot;:&quot;o4FDbZMJElX44kOM78mO&quot;,&quot;id&quot;:&quot;QYkc9rZ81aDNXjFXsUuy&quot;},{&quot;accountno&quot;:&quot;TA-3399889&quot;,&quot;departmentno&quot;:&quot;11&quot;,&quot;salary&quot;:&quot;2000&quot;,&quot;pincode&quot;:&quot;123123&quot;,&quot;userid&quot;:&quot;o4FDbZMJElX44kOM78mO&quot;,&quot;id&quot;:&quot;sylJhBDXco0lH79NsSgF&quot;},{&quot;accountno&quot;:&quot;TA-3399889&quot;,&quot;departmentno&quot;:&quot;11&quot;,&quot;salary&quot;:&quot;2000&quot;,&quot;pincode&quot;:&quot;123123&quot;,&quot;userid&quot;:&quot;o4FDbZMJElX44kOM78mO&quot;,&quot;id&quot;:&quot;uyxXYXuxEiQzz4bQqvcH&quot;},{&quot;accountno&quot;:&quot;TA-2299889&quot;,&quot;departmentno&quot;:&quot;11&quot;,&quot;salary&quot;:&quot;2000&quot;,&quot;pincode&quot;:&quot;123123&quot;,&quot;userid&quot;:&quot;o4FDbZMJElX44kOM78mO&quot;,&quot;id&quot;:&quot;DsgevyR8iV64mxQJ1n6J&quot;},{&quot;accountno&quot;:&quot;TA-123445h&quot;,&quot;departmentno&quot;:&quot;9&quot;,&quot;salary&quot;:&quot;8000&quot;,&quot;pincode&quot;:&quot;123456&quot;,&quot;userid&quot;:&quot;o4FDbZMJElX44kOM78mO&quot;,&quot;id&quot;:&quot;mB5L9hkB7olCMsTm3hTe&quot;},{&quot;accountno&quot;:&quot;TA-987654r&quot;,&quot;departmentno&quot;:&quot;4&quot;,&quot;salary&quot;:&quot;25000&quot;,&quot;pincode&quot;:&quot;222222&quot;,&quot;userid&quot;:&quot;b71uEdUihkqfflCnozQm&quot;,&quot;id&quot;:&quot;r8FfAhFl72QiCdNVstsP&quot;},{&quot;accountno&quot;:&quot;TA-1100990q&quot;,&quot;departmentno&quot;:&quot;3&quot;,&quot;salary&quot;:&quot;3456&quot;,&quot;pincode&quot;:&quot;123456&quot;,&quot;userid&quot;:&quot;aVdljSDe6iv9cKXGCYOU&quot;,&quot;id&quot;:&quot;f6JljFCv9UZnw9zUtLEA&quot;},{&quot;accountno&quot;:&quot;TA-1000990&quot;,&quot;departmentno&quot;:&quot;11&quot;,&quot;salary&quot;:&quot;1001&quot;,&quot;pincode&quot;:&quot;100990&quot;,&quot;userid&quot;:&quot;pHFLMstXPugubAmpW8wL&quot;,&quot;id&quot;:&quot;we5I86KCiv1M73NjDH3M&quot;},{&quot;accountno&quot;:&quot;TA-1000990&quot;,&quot;departmentno&quot;:&quot;11&quot;,&quot;salary&quot;:&quot;1001&quot;,&quot;pincode&quot;:&quot;100990&quot;,&quot;userid&quot;:&quot;pHFLMstXPugubAmpW8wL&quot;,&quot;id&quot;:&quot;kSBXqQyj16sPAKVfYtPX&quot;},{&quot;accountno&quot;:&quot;TA-1000990&quot;,&quot;departmentno&quot;:&quot;11&quot;,&quot;salary&quot;:&quot;1001&quot;,&quot;pincode&quot;:&quot;100990&quot;,&quot;userid&quot;:&quot;pHFLMstXPugubAmpW8wL&quot;,&quot;id&quot;:&quot;YfW6VIWEo0aYx6s69p0a&quot;},{&quot;accountno&quot;:&quot;TA-1000990&quot;,&quot;departmentno&quot;:&quot;11&quot;,&quot;salary&quot;:&quot;1001&quot;,&quot;pincode&quot;:&quot;100990&quot;,&quot;userid&quot;:&quot;pHFLMstXPugubAmpW8wL&quot;,&quot;id&quot;:&quot;wkbzs1CXYfl4VppatpUW&quot;},{&quot;accountno&quot;:&quot;TA-1100990q&quot;,&quot;departmentno&quot;:&quot;3&quot;,&quot;salary&quot;:&quot;3456&quot;,&quot;pincode&quot;:&quot;123456&quot;,&quot;userid&quot;:&quot;aVdljSDe6iv9cKXGCYOU&quot;,&quot;id&quot;:&quot;hOcGelbs4W2WAxozrz5P&quot;},{&quot;accountno&quot;:&quot;TA-1000990&quot;,&quot;departmentno&quot;:&quot;11&quot;,&quot;salary&quot;:&quot;1001&quot;,&quot;pincode&quot;:&quot;100990&quot;,&quot;userid&quot;:&quot;pHFLMstXPugubAmpW8wL&quot;,&quot;id&quot;:&quot;MiwrAwgcFqrqWqsb81Lp&quot;},{&quot;accountno&quot;:&quot;TA-1000990&quot;,&quot;departmentno&quot;:&quot;11&quot;,&quot;salary&quot;:&quot;1001&quot;,&quot;pincode&quot;:&quot;100990&quot;,&quot;userid&quot;:&quot;pHFLMstXPugubAmpW8wL&quot;,&quot;id&quot;:&quot;VDRhi6Fk8rl9zN6biCQi&quot;},{&quot;accountno&quot;:&quot;TA-1000990&quot;,&quot;departmentno&quot;:&quot;11&quot;,&quot;salary&quot;:&quot;1001&quot;,&quot;pincode&quot;:&quot;100990&quot;,&quot;userid&quot;:&quot;pHFLMstXPugubAmpW8wL&quot;,&quot;id&quot;:&quot;qgCxMAZU2fD6K5nEo5DK&quot;},{&quot;accountno&quot;:&quot;TA-1000990&quot;,&quot;departmentno&quot;:&quot;11&quot;,&quot;salary&quot;:&quot;1001&quot;,&quot;pincode&quot;:&quot;100990&quot;,&quot;userid&quot;:&quot;pHFLMstXPugubAmpW8wL&quot;,&quot;id&quot;:&quot;ebGeIaKmMCUDusvbwqb7&quot;},{&quot;accountno&quot;:&quot;TA-1000990&quot;,&quot;departmentno&quot;:&quot;11&quot;,&quot;salary&quot;:&quot;1001&quot;,&quot;pincode&quot;:&quot;100990&quot;,&quot;userid&quot;:&quot;pHFLMstXPugubAmpW8wL&quot;,&quot;id&quot;:&quot;vgvQCIT5X2VgVpUoDrbu&quot;},{&quot;accountno&quot;:&quot;TA-1000990&quot;,&quot;departmentno&quot;:&quot;11&quot;,&quot;salary&quot;:&quot;1001&quot;,&quot;pincode&quot;:&quot;100990&quot;,&quot;userid&quot;:&quot;pHFLMstXPugubAmpW8wL&quot;,&quot;id&quot;:&quot;OxYrWXfPcwKqunh1DQQh&quot;},{&quot;accountno&quot;:&quot;TA-1000990&quot;,&quot;departmentno&quot;:&quot;11&quot;,&quot;salary&quot;:&quot;1001&quot;,&quot;pincode&quot;:&quot;100990&quot;,&quot;userid&quot;:&quot;pHFLMstXPugubAmpW8wL&quot;,&quot;id&quot;:&quot;V9rl0tyImUkUUCKUner1&quot;},{&quot;accountno&quot;:&quot;TA-1000990&quot;,&quot;departmentno&quot;:&quot;11&quot;,&quot;salary&quot;:&quot;1001&quot;,&quot;pincode&quot;:&quot;100990&quot;,&quot;userid&quot;:&quot;pHFLMstXPugubAmpW8wL&quot;,&quot;id&quot;:&quot;F4Q2L1rm9ozlgytyQ8se&quot;},{&quot;accountno&quot;:&quot;TA-1000990&quot;,&quot;departmentno&quot;:&quot;11&quot;,&quot;salary&quot;:&quot;1001&quot;,&quot;pincode&quot;:&quot;100990&quot;,&quot;userid&quot;:&quot;pHFLMstXPugubAmpW8wL&quot;,&quot;id&quot;:&quot;zjOj84L1Ek2kOi80yUOm&quot;},{&quot;accountno&quot;:&quot;TA-1000990&quot;,&quot;departmentno&quot;:&quot;11&quot;,&quot;salary&quot;:&quot;1001&quot;,&quot;pincode&quot;:&quot;100990&quot;,&quot;userid&quot;:&quot;pHFLMstXPugubAmpW8wL&quot;,&quot;id&quot;:&quot;xG1Qty46hGzmziBbIaAk&quot;},{&quot;accountno&quot;:&quot;TA-1000990&quot;,&quot;departmentno&quot;:&quot;11&quot;,&quot;salary&quot;:&quot;1001&quot;,&quot;pincode&quot;:&quot;100990&quot;,&quot;userid&quot;:&quot;pHFLMstXPugubAmpW8wL&quot;,&quot;id&quot;:&quot;wfqMyprXM5T6bF6jM1VZ&quot;},{&quot;accountno&quot;:&quot;TA-1000990&quot;,&quot;departmentno&quot;:&quot;11&quot;,&quot;salary&quot;:&quot;1001&quot;,&quot;pincode&quot;:&quot;100990&quot;,&quot;userid&quot;:&quot;pHFLMstXPugubAmpW8wL&quot;,&quot;id&quot;:&quot;lanqoj4mQhPpoI9huPbH&quot;},{&quot;accountno&quot;:&quot;TA-YKT10000&quot;,&quot;departmentno&quot;:&quot;1&quot;,&quot;salary&quot;:&quot;10000&quot;,&quot;pincode&quot;:&quot;123456&quot;,&quot;userid&quot;:&quot;izxpk7AT6b1fO9amxAsi&quot;,&quot;id&quot;:&quot;YvV6evK1woWudKJEdMuS&quot;},{&quot;accountno&quot;:&quot;TA-1000990&quot;,&quot;departmentno&quot;:&quot;11&quot;,&quot;salary&quot;:&quot;1001&quot;,&quot;pincode&quot;:&quot;100990&quot;,&quot;userid&quot;:&quot;pHFLMstXPugubAmpW8wL&quot;,&quot;id&quot;:&quot;pA8Tl0DwYui00H859rMh&quot;},{&quot;accountno&quot;:&quot;TA-YKT10000&quot;,&quot;departmentno&quot;:&quot;1&quot;,&quot;salary&quot;:&quot;10000&quot;,&quot;pincode&quot;:&quot;123456&quot;,&quot;userid&quot;:&quot;izxpk7AT6b1fO9amxAsi&quot;,&quot;id&quot;:&quot;rbJI7bZLRoOF7Q903u3N&quot;},{&quot;accountno&quot;:&quot;TA-YKT10000&quot;,&quot;departmentno&quot;:&quot;1&quot;,&quot;salary&quot;:&quot;10000&quot;,&quot;pincode&quot;:&quot;123456&quot;,&quot;userid&quot;:&quot;izxpk7AT6b1fO9amxAsi&quot;,&quot;id&quot;:&quot;orgf2lH76u1pGmEi7nms&quot;},{&quot;accountno&quot;:&quot;TA-YKT10000&quot;,&quot;departmentno&quot;:&quot;1&quot;,&quot;salary&quot;:&quot;10000&quot;,&quot;pincode&quot;:&quot;123456&quot;,&quot;userid&quot;:&quot;izxpk7AT6b1fO9amxAsi&quot;,&quot;id&quot;:&quot;hWPibnDMCJFKoeVyAulv&quot;},{&quot;accountno&quot;:&quot;TA-1000990&quot;,&quot;departmentno&quot;:&quot;11&quot;,&quot;salary&quot;:&quot;1001&quot;,&quot;pincode&quot;:&quot;100990&quot;,&quot;userid&quot;:&quot;pHFLMstXPugubAmpW8wL&quot;,&quot;id&quot;:&quot;3nYJbhviOOP26O0nuI1N&quot;},{&quot;accountno&quot;:&quot;TA-YKT10000&quot;,&quot;departmentno&quot;:&quot;1&quot;,&quot;salary&quot;:&quot;10000&quot;,&quot;pincode&quot;:&quot;123456&quot;,&quot;userid&quot;:&quot;izxpk7AT6b1fO9amxAsi&quot;,&quot;id&quot;:&quot;oYRhXySukuuqGtsGhCqw&quot;},{&quot;accountno&quot;:&quot;TA-YKT10000&quot;,&quot;departmentno&quot;:&quot;1&quot;,&quot;salary&quot;:&quot;10000&quot;,&quot;pincode&quot;:&quot;123456&quot;,&quot;userid&quot;:&quot;izxpk7AT6b1fO9amxAsi&quot;,&quot;id&quot;:&quot;CwWudfk3HKWykLWaWS6p&quot;},{&quot;accountno&quot;:&quot;TA-2299889&quot;,&quot;departmentno&quot;:&quot;11&quot;,&quot;salary&quot;:&quot;2000&quot;,&quot;pincode&quot;:&quot;123123&quot;,&quot;userid&quot;:&quot;o4FDbZMJElX44kOM78mO&quot;,&quot;id&quot;:&quot;J3HGH0og8AySvylKtVKO&quot;},{&quot;accountno&quot;:&quot;TA-2299889&quot;,&quot;departmentno&quot;:&quot;11&quot;,&quot;salary&quot;:&quot;2000&quot;,&quot;pincode&quot;:&quot;123123&quot;,&quot;userid&quot;:&quot;o4FDbZMJElX44kOM78mO&quot;,&quot;id&quot;:&quot;sCYbOkDfv1eDWGmqZ9kf&quot;},{&quot;accountno&quot;:&quot;TA-2299889&quot;,&quot;departmentno&quot;:&quot;11&quot;,&quot;salary&quot;:&quot;2000&quot;,&quot;pincode&quot;:&quot;123123&quot;,&quot;userid&quot;:&quot;o4FDbZMJElX44kOM78mO&quot;,&quot;id&quot;:&quot;s0Eg2PoJj0iKSox5T8Qc&quot;},{&quot;accountno&quot;:&quot;TA-2299889&quot;,&quot;departmentno&quot;:&quot;33&quot;,&quot;salary&quot;:&quot;3333&quot;,&quot;pincode&quot;:&quot;33333333&quot;,&quot;userid&quot;:&quot;o4FDbZMJElX44kOM78mO&quot;,&quot;id&quot;:&quot;FAuLpWfk2QORcf5xiLyZ&quot;},{&quot;accountno&quot;:&quot;TA-2299889&quot;,&quot;departmentno&quot;:&quot;33&quot;,&quot;salary&quot;:&quot;3333&quot;,&quot;pincode&quot;:&quot;33333333&quot;,&quot;userid&quot;:&quot;o4FDbZMJElX44kOM78mO&quot;,&quot;id&quot;:&quot;WOB0dFNTT6TxZWZ8wttl&quot;},{&quot;accountno&quot;:&quot;TA-2299889&quot;,&quot;departmentno&quot;:&quot;33&quot;,&quot;salary&quot;:&quot;3333&quot;,&quot;pincode&quot;:&quot;33333333&quot;,&quot;userid&quot;:&quot;o4FDbZMJElX44kOM78mO&quot;,&quot;id&quot;:&quot;b9YV7sAfBMcsRX28cVLL&quot;},{&quot;accountno&quot;:&quot;TA-1000990&quot;,&quot;departmentno&quot;:&quot;11&quot;,&quot;salary&quot;:&quot;1001&quot;,&quot;pincode&quot;:&quot;100990&quot;,&quot;userid&quot;:&quot;pHFLMstXPugubAmpW8wL&quot;,&quot;id&quot;:&quot;woXzKiMrpweI4CExVNOC&quot;},{&quot;accountno&quot;:&quot;TA-YKT10000&quot;,&quot;departmentno&quot;:&quot;1&quot;,&quot;salary&quot;:&quot;10000&quot;,&quot;pincode&quot;:&quot;123456&quot;,&quot;userid&quot;:&quot;izxpk7AT6b1fO9amxAsi&quot;,&quot;id&quot;:&quot;1QAo3Yehf8uvvkfiAwWZ&quot;},{&quot;accountno&quot;:&quot;TA-YKT10000&quot;,&quot;departmentno&quot;:&quot;1&quot;,&quot;salary&quot;:&quot;10000&quot;,&quot;pincode&quot;:&quot;123456&quot;,&quot;userid&quot;:&quot;izxpk7AT6b1fO9amxAsi&quot;,&quot;id&quot;:&quot;W3ftKgHA4v8ae1OpURNK&quot;},{&quot;accountno&quot;:&quot;TA-2299889&quot;,&quot;departmentno&quot;:&quot;33&quot;,&quot;salary&quot;:&quot;3333&quot;,&quot;pincode&quot;:&quot;33333333&quot;,&quot;userid&quot;:&quot;o4FDbZMJElX44kOM78mO&quot;,&quot;id&quot;:&quot;PHFj8PgAOC1EsxlP0Cdq&quot;},{&quot;accountno&quot;:&quot;TA-43245y65&quot;,&quot;departmentno&quot;:&quot;5&quot;,&quot;salary&quot;:&quot;5678&quot;,&quot;pincode&quot;:&quot;456789&quot;,&quot;userid&quot;:&quot;snbiwTHq5gvRDRN2DdKF&quot;,&quot;id&quot;:&quot;TSoLTFcc1reG25LD2H5n&quot;},{&quot;accountno&quot;:&quot;TA-123testing&quot;,&quot;departmentno&quot;:&quot;4&quot;,&quot;salary&quot;:&quot;147856&quot;,&quot;pincode&quot;:&quot;156233&quot;,&quot;userid&quot;:&quot;QuBlGSwMd99zzEkg09fL&quot;,&quot;id&quot;:&quot;o41kb3OW4QXwETtGrhfc&quot;},{&quot;accountno&quot;:&quot;TA-123456z&quot;,&quot;departmentno&quot;:&quot;3&quot;,&quot;salary&quot;:&quot;25000&quot;,&quot;pincode&quot;:&quot;222222&quot;,&quot;userid&quot;:&quot;b71uEdUihkqfflCnozQm&quot;,&quot;id&quot;:&quot;lyYoESolKzIS6jzlTjeG&quot;},{&quot;accountno&quot;:&quot;TA-123456i&quot;,&quot;departmentno&quot;:&quot;3&quot;,&quot;salary&quot;:&quot;25000&quot;,&quot;pincode&quot;:&quot;222222&quot;,&quot;userid&quot;:&quot;b71uEdUihkqfflCnozQm&quot;,&quot;id&quot;:&quot;DG6eddrWnm9eVp5VYzwZ&quot;},{&quot;accountno&quot;:&quot;TA-123456u&quot;,&quot;departmentno&quot;:&quot;3&quot;,&quot;salary&quot;:&quot;25000&quot;,&quot;pincode&quot;:&quot;222222&quot;,&quot;userid&quot;:&quot;b71uEdUihkqfflCnozQm&quot;,&quot;id&quot;:&quot;e1wcvBmiG2L2QLOrydM5&quot;},{&quot;accountno&quot;:&quot;TA-123456p&quot;,&quot;departmentno&quot;:&quot;3&quot;,&quot;salary&quot;:&quot;25000&quot;,&quot;pincode&quot;:&quot;222222&quot;,&quot;userid&quot;:&quot;b71uEdUihkqfflCnozQm&quot;,&quot;id&quot;:&quot;OmoHxleLKTbHKpFO9NtH&quot;},{&quot;accountno&quot;:&quot;TA-1122k33&quot;,&quot;departmentno&quot;:&quot;1&quot;,&quot;salary&quot;:&quot;12344&quot;,&quot;pincode&quot;:&quot;123123&quot;,&quot;userid&quot;:&quot;yMthAxGyYVmqV0cR8Xli&quot;,&quot;id&quot;:&quot;CGsMIOjKpGOVYjG2uCXF&quot;},{&quot;accountno&quot;:&quot;TA-1122k33&quot;,&quot;departmentno&quot;:&quot;1&quot;,&quot;salary&quot;:&quot;12345&quot;,&quot;pincode&quot;:&quot;123455&quot;,&quot;userid&quot;:&quot;9pncfjpDyW1wUKl5JBce&quot;,&quot;id&quot;:&quot;ht88YR7yRnjAYdk5SpRq&quot;},{&quot;accountno&quot;:&quot;TA-3645365&quot;,&quot;departmentno&quot;:&quot;5&quot;,&quot;salary&quot;:&quot;30000&quot;,&quot;pincode&quot;:&quot;333333&quot;,&quot;userid&quot;:&quot;QZG5HCtogYDoLSFP2aTC&quot;,&quot;id&quot;:&quot;X5GiZhfRqGwBXbD3X4QI&quot;},{&quot;accountno&quot;:&quot;TA-3645363&quot;,&quot;departmentno&quot;:&quot;2&quot;,&quot;salary&quot;:&quot;30000&quot;,&quot;pincode&quot;:&quot;333333&quot;,&quot;userid&quot;:&quot;QZG5HCtogYDoLSFP2aTC&quot;,&quot;id&quot;:&quot;wnPxkSm2L3okJ5DC9Qfy&quot;},{&quot;accountno&quot;:&quot;TA-2299889&quot;,&quot;departmentno&quot;:&quot;33&quot;,&quot;salary&quot;:&quot;3333&quot;,&quot;pincode&quot;:&quot;33333333&quot;,&quot;userid&quot;:&quot;o4FDbZMJElX44kOM78mO&quot;,&quot;id&quot;:&quot;bZvvLQ0tjmURqTaPLBzm&quot;},{&quot;accountno&quot;:&quot;TA-1234565&quot;,&quot;departmentno&quot;:&quot;3&quot;,&quot;salary&quot;:&quot;25000&quot;,&quot;pincode&quot;:&quot;222222&quot;,&quot;userid&quot;:&quot;b71uEdUihkqfflCnozQm&quot;,&quot;id&quot;:&quot;oHCOrS4G6SX3jcOGKFmj&quot;},{&quot;accountno&quot;:&quot;TA-1122k33&quot;,&quot;departmentno&quot;:&quot;1&quot;,&quot;salary&quot;:&quot;12344&quot;,&quot;pincode&quot;:&quot;123123&quot;,&quot;userid&quot;:&quot;yMthAxGyYVmqV0cR8Xli&quot;,&quot;id&quot;:&quot;IeObSDJHuwqazbL10ifl&quot;},{&quot;accountno&quot;:&quot;TA-SP11111&quot;,&quot;departmentno&quot;:&quot;1&quot;,&quot;salary&quot;:&quot;655&quot;,&quot;pincode&quot;:&quot;654321&quot;,&quot;userid&quot;:&quot;mU6hIQUZQfsauAPg6TXX&quot;,&quot;id&quot;:&quot;haTH73Dhg7AJEgrg00kB&quot;},{&quot;accountno&quot;:&quot;TA-1122333&quot;,&quot;departmentno&quot;:&quot;1&quot;,&quot;salary&quot;:&quot;12345&quot;,&quot;pincode&quot;:&quot;123123&quot;,&quot;userid&quot;:&quot;yMthAxGyYVmqV0cR8Xli&quot;,&quot;id&quot;:&quot;9Nbs88oxXhXBHoT5D2Zr&quot;},{&quot;accountno&quot;:&quot;TA-1238888&quot;,&quot;departmentno&quot;:&quot;1&quot;,&quot;salary&quot;:&quot;1234&quot;,&quot;pincode&quot;:&quot;123456&quot;,&quot;userid&quot;:&quot;DmARgpsKLSzoSXM5a9iZ&quot;,&quot;id&quot;:&quot;No18a3i5UwDRdFVpyFBZ&quot;},{&quot;accountno&quot;:&quot;TA-1233333&quot;,&quot;departmentno&quot;:&quot;1&quot;,&quot;salary&quot;:&quot;1234&quot;,&quot;pincode&quot;:&quot;123456&quot;,&quot;userid&quot;:&quot;DmARgpsKLSzoSXM5a9iZ&quot;,&quot;id&quot;:&quot;sUaZY032fzcZi1oSDVVQ&quot;},{&quot;accountno&quot;:&quot;TA-3434344&quot;,&quot;departmentno&quot;:&quot;1&quot;,&quot;salary&quot;:&quot;500&quot;,&quot;pincode&quot;:&quot;222222&quot;,&quot;userid&quot;:&quot;dOdgXfbHfB1sZwKQvdFO&quot;,&quot;id&quot;:&quot;sLo014RQgq2zcvHP879p&quot;},{&quot;accountno&quot;:&quot;TA-3434344&quot;,&quot;departmentno&quot;:&quot;1&quot;,&quot;salary&quot;:&quot;500&quot;,&quot;pincode&quot;:&quot;222222&quot;,&quot;userid&quot;:&quot;dOdgXfbHfB1sZwKQvdFO&quot;,&quot;id&quot;:&quot;o2DAhLl9BBsNo2Fc2xUG&quot;},{&quot;accountno&quot;:&quot;TA-3434344&quot;,&quot;departmentno&quot;:&quot;1&quot;,&quot;salary&quot;:&quot;500&quot;,&quot;pincode&quot;:&quot;222222&quot;,&quot;userid&quot;:&quot;dOdgXfbHfB1sZwKQvdFO&quot;,&quot;id&quot;:&quot;Yf3y3xlF0gdxsemRXiP9&quot;},{&quot;accountno&quot;:&quot;TA-1234565&quot;,&quot;departmentno&quot;:&quot;3&quot;,&quot;salary&quot;:&quot;25000&quot;,&quot;pincode&quot;:&quot;222222&quot;,&quot;userid&quot;:&quot;b71uEdUihkqfflCnozQm&quot;,&quot;id&quot;:&quot;gXvQVLsXDT3zYwxvLNET&quot;},{&quot;accountno&quot;:&quot;TA-2299889&quot;,&quot;departmentno&quot;:&quot;33&quot;,&quot;salary&quot;:&quot;3333&quot;,&quot;pincode&quot;:&quot;33333333&quot;,&quot;userid&quot;:&quot;o4FDbZMJElX44kOM78mO&quot;,&quot;id&quot;:&quot;tpVjeH4oejWkosKtWSmY&quot;},{&quot;accountno&quot;:&quot;TA-SP11124&quot;,&quot;departmentno&quot;:&quot;3&quot;,&quot;salary&quot;:&quot;281900&quot;,&quot;pincode&quot;:&quot;234567&quot;,&quot;userid&quot;:&quot;9pncfjpDyW1wUKl5JBce&quot;,&quot;id&quot;:&quot;cL4Ex9Nf6UoNvsbsEIv5&quot;},{&quot;accountno&quot;:&quot;TA-SP11111&quot;,&quot;departmentno&quot;:&quot;1&quot;,&quot;salary&quot;:&quot;655&quot;,&quot;pincode&quot;:&quot;654321&quot;,&quot;userid&quot;:&quot;mU6hIQUZQfsauAPg6TXX&quot;,&quot;id&quot;:&quot;SpPA3bFPE646RNvKLP4V&quot;},{&quot;accountno&quot;:&quot;TA-SP11111&quot;,&quot;departmentno&quot;:&quot;1&quot;,&quot;salary&quot;:&quot;655&quot;,&quot;pincode&quot;:&quot;654321&quot;,&quot;userid&quot;:&quot;mU6hIQUZQfsauAPg6TXX&quot;,&quot;id&quot;:&quot;Aq6qc1YpqLllTGMyQa1n&quot;},{&quot;accountno&quot;:&quot;TA-SP11122&quot;,&quot;departmentno&quot;:&quot;1&quot;,&quot;salary&quot;:&quot;12345&quot;,&quot;pincode&quot;:&quot;234567&quot;,&quot;userid&quot;:&quot;9pncfjpDyW1wUKl5JBce&quot;,&quot;id&quot;:&quot;O7IMWKpK50dHiY0YP9sE&quot;},{&quot;accountno&quot;:&quot;TA-SP11111&quot;,&quot;departmentno&quot;:&quot;1&quot;,&quot;salary&quot;:&quot;655&quot;,&quot;pincode&quot;:&quot;654321&quot;,&quot;userid&quot;:&quot;mU6hIQUZQfsauAPg6TXX&quot;,&quot;id&quot;:&quot;S6QmLYgs4fSwg0xKTRcD&quot;},{&quot;accountno&quot;:&quot;TA-SP11111&quot;,&quot;departmentno&quot;:&quot;1&quot;,&quot;salary&quot;:&quot;655&quot;,&quot;pincode&quot;:&quot;654321&quot;,&quot;userid&quot;:&quot;mU6hIQUZQfsauAPg6TXX&quot;,&quot;id&quot;:&quot;08YTRORQTORcX1nTTYqG&quot;},{&quot;accountno&quot;:&quot;TA-SP11111&quot;,&quot;departmentno&quot;:&quot;1&quot;,&quot;salary&quot;:&quot;655&quot;,&quot;pincode&quot;:&quot;654321&quot;,&quot;userid&quot;:&quot;mU6hIQUZQfsauAPg6TXX&quot;,&quot;id&quot;:&quot;rzFiQ13rbtimDFCd1qWs&quot;},{&quot;accountno&quot;:&quot;TA-2299889&quot;,&quot;departmentno&quot;:&quot;11&quot;,&quot;salary&quot;:&quot;2000&quot;,&quot;pincode&quot;:&quot;123123&quot;,&quot;userid&quot;:&quot;o4FDbZMJElX44kOM78mO&quot;,&quot;id&quot;:&quot;Cu4TywgubeGOrUIMcRf2&quot;},{&quot;accountno&quot;:&quot;TA-SP11111&quot;,&quot;departmentno&quot;:&quot;13&quot;,&quot;salary&quot;:&quot;655&quot;,&quot;pincode&quot;:&quot;654321&quot;,&quot;userid&quot;:&quot;mU6hIQUZQfsauAPg6TXX&quot;,&quot;id&quot;:&quot;qOnIPJhwx8juG0FfSuTR&quot;},{&quot;accountno&quot;:&quot;TA-4444444&quot;,&quot;departmentno&quot;:&quot;1&quot;,&quot;salary&quot;:&quot;11111&quot;,&quot;pincode&quot;:&quot;111111&quot;,&quot;userid&quot;:&quot;i4LcNXqAFuI39rMbEAn9&quot;,&quot;id&quot;:&quot;jZfUJIk9delHPYXphz3X&quot;},{&quot;accountno&quot;:&quot;TA-1234561&quot;,&quot;departmentno&quot;:&quot;3&quot;,&quot;salary&quot;:&quot;25000&quot;,&quot;pincode&quot;:&quot;222222&quot;,&quot;userid&quot;:&quot;b71uEdUihkqfflCnozQm&quot;,&quot;id&quot;:&quot;AgwD9I0nmDcpwC0sFz9M&quot;},{&quot;accountno&quot;:&quot;TA-4444444&quot;,&quot;departmentno&quot;:&quot;1&quot;,&quot;salary&quot;:&quot;11111&quot;,&quot;pincode&quot;:&quot;111111&quot;,&quot;userid&quot;:&quot;i4LcNXqAFuI39rMbEAn9&quot;,&quot;id&quot;:&quot;JuuJWhDQNb3wOno54EX4&quot;},{&quot;accountno&quot;:&quot;TA-1234560&quot;,&quot;departmentno&quot;:&quot;3&quot;,&quot;salary&quot;:&quot;25000&quot;,&quot;pincode&quot;:&quot;222222&quot;,&quot;userid&quot;:&quot;b71uEdUihkqfflCnozQm&quot;,&quot;id&quot;:&quot;5ntPXHtBCXXaCcW64bg7&quot;},{&quot;accountno&quot;:&quot;TA-1234560&quot;,&quot;departmentno&quot;:&quot;3&quot;,&quot;salary&quot;:&quot;25000&quot;,&quot;pincode&quot;:&quot;222222&quot;,&quot;userid&quot;:&quot;b71uEdUihkqfflCnozQm&quot;,&quot;id&quot;:&quot;AOI77XU9rSEyqAVantqL&quot;},{&quot;accountno&quot;:&quot;TA-3333333&quot;,&quot;departmentno&quot;:&quot;1&quot;,&quot;salary&quot;:&quot;11111&quot;,&quot;pincode&quot;:&quot;111111&quot;,&quot;userid&quot;:&quot;i4LcNXqAFuI39rMbEAn9&quot;,&quot;id&quot;:&quot;0ZE37IEiyGcorGEoeMUs&quot;},{&quot;accountno&quot;:&quot;TA-2333gh7&quot;,&quot;departmentno&quot;:&quot;3&quot;,&quot;salary&quot;:&quot;6580&quot;,&quot;pincode&quot;:&quot;363421&quot;,&quot;userid&quot;:&quot;t7klgJQVzg4APHTnBj4V&quot;,&quot;id&quot;:&quot;IDgdbWc7WldNjKaCSzkm&quot;},{&quot;accountno&quot;:&quot;TA-2222222&quot;,&quot;departmentno&quot;:&quot;1&quot;,&quot;salary&quot;:&quot;11111&quot;,&quot;pincode&quot;:&quot;111111&quot;,&quot;userid&quot;:&quot;i4LcNXqAFuI39rMbEAn9&quot;,&quot;id&quot;:&quot;WSHLMD94KWAH8ZQU6BHP&quot;},{&quot;accountno&quot;:&quot;TA-23m4899&quot;,&quot;departmentno&quot;:&quot;3&quot;,&quot;salary&quot;:&quot;6500&quot;,&quot;pincode&quot;:&quot;563421&quot;,&quot;userid&quot;:&quot;t7klgJQVzg4APHTnBj4V&quot;,&quot;id&quot;:&quot;SuHw2NurKzapYbnBlx4z&quot;},{&quot;accountno&quot;:&quot;TA-2333gh7&quot;,&quot;departmentno&quot;:&quot;3&quot;,&quot;salary&quot;:&quot;6580&quot;,&quot;pincode&quot;:&quot;363421&quot;,&quot;userid&quot;:&quot;t7klgJQVzg4APHTnBj4V&quot;,&quot;id&quot;:&quot;qaUpM110cyZ6dAVqRq5R&quot;},{&quot;accountno&quot;:&quot;TA-22266S9&quot;,&quot;departmentno&quot;:&quot;8&quot;,&quot;salary&quot;:&quot;76543&quot;,&quot;pincode&quot;:&quot;234567&quot;,&quot;userid&quot;:&quot;snbiwTHq5gvRDRN2DdKF&quot;,&quot;id&quot;:&quot;wcYlOW7qrIRIPhzQbeGL&quot;},{&quot;accountno&quot;:&quot;TA-1122k33&quot;,&quot;departmentno&quot;:&quot;1&quot;,&quot;salary&quot;:&quot;5000&quot;,&quot;pincode&quot;:&quot;123123&quot;,&quot;userid&quot;:&quot;gcP088ZVmelQgAaWe3aC&quot;,&quot;id&quot;:&quot;H3shkrixyeijzDhSvDfK&quot;},{&quot;accountno&quot;:&quot;TA-22266J9&quot;,&quot;departmentno&quot;:&quot;8&quot;,&quot;salary&quot;:&quot;76543&quot;,&quot;pincode&quot;:&quot;234567&quot;,&quot;userid&quot;:&quot;snbiwTHq5gvRDRN2DdKF&quot;,&quot;id&quot;:&quot;FSJqYbaJ61u42WfhJGYy&quot;},{&quot;accountno&quot;:&quot;TA-3434344&quot;,&quot;departmentno&quot;:&quot;1&quot;,&quot;salary&quot;:&quot;500&quot;,&quot;pincode&quot;:&quot;222222&quot;,&quot;userid&quot;:&quot;dOdgXfbHfB1sZwKQvdFO&quot;,&quot;id&quot;:&quot;ntSgzbr3oBBG7aza4l69&quot;},{&quot;accountno&quot;:&quot;TA-3434343&quot;,&quot;departmentno&quot;:&quot;1&quot;,&quot;salary&quot;:&quot;500&quot;,&quot;pincode&quot;:&quot;222222&quot;,&quot;userid&quot;:&quot;dOdgXfbHfB1sZwKQvdFO&quot;,&quot;id&quot;:&quot;KfduoSsdIj93AyAoEPx5&quot;},{&quot;accountno&quot;:&quot;TA-4646464&quot;,&quot;departmentno&quot;:&quot;3&quot;,&quot;salary&quot;:&quot;4545&quot;,&quot;pincode&quot;:&quot;444444&quot;,&quot;userid&quot;:&quot;M1KEEzc8nwtMhi1LuaWy&quot;,&quot;id&quot;:&quot;qSy5LoDkGkPmoD0hayp0&quot;},{&quot;accountno&quot;:&quot;TA-1122g33&quot;,&quot;departmentno&quot;:&quot;7&quot;,&quot;salary&quot;:&quot;345&quot;,&quot;pincode&quot;:&quot;234545&quot;,&quot;userid&quot;:&quot;gcP088ZVmelQgAaWe3aC&quot;,&quot;id&quot;:&quot;0iHO69jZgvSYpaRanAVi&quot;},{&quot;accountno&quot;:&quot;TA-23d4O45&quot;,&quot;departmentno&quot;:&quot;1&quot;,&quot;salary&quot;:&quot;542464&quot;,&quot;pincode&quot;:&quot;545547&quot;,&quot;userid&quot;:&quot;viUByTYBXk6ZqpGadjmi&quot;,&quot;id&quot;:&quot;zi2dAsOWUpk1XDTUDO0X&quot;},{&quot;accountno&quot;:&quot;TA-23q4O46&quot;,&quot;departmentno&quot;:&quot;1&quot;,&quot;salary&quot;:&quot;542464&quot;,&quot;pincode&quot;:&quot;545547&quot;,&quot;userid&quot;:&quot;viUByTYBXk6ZqpGadjmi&quot;,&quot;id&quot;:&quot;aOy3q42F9R8MpYSzlYIA&quot;},{&quot;accountno&quot;:&quot;TA-1414343&quot;,&quot;departmentno&quot;:2,&quot;salary&quot;:400,&quot;pincode&quot;:666666,&quot;userid&quot;:&quot;dOdgXfbHfB1sZwKQvdFO&quot;,&quot;id&quot;:&quot;BtyTN6KCPGcvzH50ch8e&quot;},{&quot;accountno&quot;:&quot;TA-1414243&quot;,&quot;departmentno&quot;:&quot;1&quot;,&quot;salary&quot;:&quot;123&quot;,&quot;pincode&quot;:&quot;666666&quot;,&quot;userid&quot;:&quot;dOdgXfbHfB1sZwKQvdFO&quot;,&quot;id&quot;:&quot;oBGNJqckpDcsM5XRWDhS&quot;},{&quot;accountno&quot;:&quot;TA-1000990&quot;,&quot;departmentno&quot;:&quot;11&quot;,&quot;salary&quot;:&quot;1001&quot;,&quot;pincode&quot;:&quot;100990&quot;,&quot;userid&quot;:&quot;pHFLMstXPugubAmpW8wL&quot;,&quot;id&quot;:&quot;RqeyVLcuB9k5ut5mx7A1&quot;},{&quot;accountno&quot;:&quot;TA-1414142&quot;,&quot;departmentno&quot;:&quot;1&quot;,&quot;salary&quot;:&quot;123&quot;,&quot;pincode&quot;:&quot;666666&quot;,&quot;userid&quot;:&quot;dOdgXfbHfB1sZwKQvdFO&quot;,&quot;id&quot;:&quot;6rhcJu76XMAQ9KPsqZc0&quot;},{&quot;accountno&quot;:&quot;TA-1414142&quot;,&quot;departmentno&quot;:&quot;1&quot;,&quot;salary&quot;:&quot;123&quot;,&quot;pincode&quot;:&quot;666666&quot;,&quot;userid&quot;:&quot;dOdgXfbHfB1sZwKQvdFO&quot;,&quot;id&quot;:&quot;4rZSNH0LEFj6Q05RoZup&quot;},{&quot;accountno&quot;:&quot;TA-1414142&quot;,&quot;departmentno&quot;:&quot;1&quot;,&quot;salary&quot;:&quot;777&quot;,&quot;pincode&quot;:&quot;666666&quot;,&quot;userid&quot;:&quot;dOdgXfbHfB1sZwKQvdFO&quot;,&quot;id&quot;:&quot;2yp7N3SNNd0C3PdLarF9&quot;},{&quot;accountno&quot;:&quot;TA-23q4O45&quot;,&quot;departmentno&quot;:&quot;1&quot;,&quot;salary&quot;:&quot;54464&quot;,&quot;pincode&quot;:&quot;545547&quot;,&quot;userid&quot;:&quot;viUByTYBXk6ZqpGadjmi&quot;,&quot;id&quot;:&quot;Iij6ChJ98lOy8Ita4abO&quot;},{&quot;accountno&quot;:&quot;TA-23q4O45&quot;,&quot;departmentno&quot;:&quot;1&quot;,&quot;salary&quot;:&quot;54464&quot;,&quot;pincode&quot;:&quot;545547&quot;,&quot;userid&quot;:&quot;viUByTYBXk6ZqpGadjmi&quot;,&quot;id&quot;:&quot;7pMMfmz1ZFKSL3zR3krh&quot;},{&quot;accountno&quot;:&quot;TA-1000100&quot;,&quot;departmentno&quot;:&quot;1&quot;,&quot;salary&quot;:&quot;100&quot;,&quot;pincode&quot;:&quot;100100&quot;,&quot;userid&quot;:&quot;pHFLMstXPugubAmpW8wL&quot;,&quot;id&quot;:&quot;8g5DVj43lUaoOV5liB5n&quot;},{&quot;accountno&quot;:&quot;TA-23m4799&quot;,&quot;departmentno&quot;:&quot;5&quot;,&quot;salary&quot;:&quot;98900&quot;,&quot;pincode&quot;:&quot;296331&quot;,&quot;userid&quot;:&quot;t7klgJQVzg4APHTnBj4V&quot;,&quot;id&quot;:&quot;LIXSuU9hd6v3Kf1aRgVn&quot;},{&quot;accountno&quot;:&quot;TA-23q4O45&quot;,&quot;departmentno&quot;:&quot;1&quot;,&quot;salary&quot;:&quot;54464&quot;,&quot;pincode&quot;:&quot;545547&quot;,&quot;userid&quot;:&quot;viUByTYBXk6ZqpGadjmi&quot;,&quot;id&quot;:&quot;J2FWYrkstnu8NrhPD0jq&quot;},{&quot;accountno&quot;:&quot;TA-23q4O45&quot;,&quot;departmentno&quot;:&quot;1&quot;,&quot;salary&quot;:&quot;54464&quot;,&quot;pincode&quot;:&quot;545547&quot;,&quot;userid&quot;:&quot;viUByTYBXk6ZqpGadjmi&quot;,&quot;id&quot;:&quot;1jwrHQGIsZJcAYACjtNz&quot;},{&quot;accountno&quot;:&quot;TA-23q4O45&quot;,&quot;departmentno&quot;:&quot;1&quot;,&quot;salary&quot;:&quot;54464&quot;,&quot;pincode&quot;:&quot;545547&quot;,&quot;userid&quot;:&quot;viUByTYBXk6ZqpGadjmi&quot;,&quot;id&quot;:&quot;dOVKf5YnEgA6zcRD9VxW&quot;},{&quot;accountno&quot;:&quot;TA-23q4O45&quot;,&quot;departmentno&quot;:&quot;1&quot;,&quot;salary&quot;:&quot;54464&quot;,&quot;pincode&quot;:&quot;545547&quot;,&quot;userid&quot;:&quot;viUByTYBXk6ZqpGadjmi&quot;,&quot;id&quot;:&quot;rtfnYkmZpTmpnG4pqjtk&quot;},{&quot;accountno&quot;:&quot;TA-23q4O45&quot;,&quot;departmentno&quot;:&quot;1&quot;,&quot;salary&quot;:&quot;54464&quot;,&quot;pincode&quot;:&quot;545547&quot;,&quot;userid&quot;:&quot;viUByTYBXk6ZqpGadjmi&quot;,&quot;id&quot;:&quot;1TZVRZrujlnmVUKZws7k&quot;},{&quot;accountno&quot;:&quot;TA-23q4O45&quot;,&quot;departmentno&quot;:&quot;1&quot;,&quot;salary&quot;:&quot;54464&quot;,&quot;pincode&quot;:&quot;545547&quot;,&quot;userid&quot;:&quot;viUByTYBXk6ZqpGadjmi&quot;,&quot;id&quot;:&quot;DjpErTUW270mOgJ1xAfB&quot;},{&quot;accountno&quot;:&quot;TA-23q4O45&quot;,&quot;departmentno&quot;:&quot;1&quot;,&quot;salary&quot;:&quot;54464&quot;,&quot;pincode&quot;:&quot;545547&quot;,&quot;userid&quot;:&quot;viUByTYBXk6ZqpGadjmi&quot;,&quot;id&quot;:&quot;9CzhrDA2bgdbEHSJsiy7&quot;},{&quot;accountno&quot;:&quot;TA-23q4O45&quot;,&quot;departmentno&quot;:&quot;1&quot;,&quot;salary&quot;:&quot;54464&quot;,&quot;pincode&quot;:&quot;545547&quot;,&quot;userid&quot;:&quot;viUByTYBXk6ZqpGadjmi&quot;,&quot;id&quot;:&quot;VLIjZVl3mFNuFfEMLZ4w&quot;},{&quot;accountno&quot;:&quot;TA-23q4O45&quot;,&quot;departmentno&quot;:&quot;1&quot;,&quot;salary&quot;:&quot;54464&quot;,&quot;pincode&quot;:&quot;545547&quot;,&quot;userid&quot;:&quot;viUByTYBXk6ZqpGadjmi&quot;,&quot;id&quot;:&quot;xoZZTsgWLkt0xdcp1Wwv&quot;},{&quot;accountno&quot;:&quot;TA-23q4O45&quot;,&quot;departmentno&quot;:&quot;1&quot;,&quot;salary&quot;:&quot;54464&quot;,&quot;pincode&quot;:&quot;545547&quot;,&quot;userid&quot;:&quot;viUByTYBXk6ZqpGadjmi&quot;,&quot;id&quot;:&quot;oDPB4LYeabxfG5F1rhx6&quot;},{&quot;accountno&quot;:&quot;TA-23q4O45&quot;,&quot;departmentno&quot;:&quot;1&quot;,&quot;salary&quot;:&quot;54464&quot;,&quot;pincode&quot;:&quot;545547&quot;,&quot;userid&quot;:&quot;viUByTYBXk6ZqpGadjmi&quot;,&quot;id&quot;:&quot;oYIIz8nrD9mp0bcLkmNG&quot;},{&quot;accountno&quot;:&quot;TA-23q4O45&quot;,&quot;departmentno&quot;:&quot;1&quot;,&quot;salary&quot;:&quot;54464&quot;,&quot;pincode&quot;:&quot;545547&quot;,&quot;userid&quot;:&quot;viUByTYBXk6ZqpGadjmi&quot;,&quot;id&quot;:&quot;lMxZ2GAHMC1VQ7ScTbrs&quot;},{&quot;accountno&quot;:&quot;TA-23q4O45&quot;,&quot;departmentno&quot;:&quot;1&quot;,&quot;salary&quot;:&quot;54464&quot;,&quot;pincode&quot;:&quot;545547&quot;,&quot;userid&quot;:&quot;viUByTYBXk6ZqpGadjmi&quot;,&quot;id&quot;:&quot;Et0VdhqUenxyjiPsN9wW&quot;},{&quot;accountno&quot;:&quot;TA-1100990z&quot;,&quot;departmentno&quot;:&quot;3&quot;,&quot;salary&quot;:&quot;3456&quot;,&quot;pincode&quot;:&quot;123456&quot;,&quot;userid&quot;:&quot;aVdljSDe6iv9cKXGCYOU&quot;,&quot;id&quot;:&quot;3esyNkFFgI2mfLalWCqO&quot;},{&quot;accountno&quot;:&quot;TA-23q4O45&quot;,&quot;departmentno&quot;:&quot;1&quot;,&quot;salary&quot;:&quot;54464&quot;,&quot;pincode&quot;:&quot;545547&quot;,&quot;userid&quot;:&quot;viUByTYBXk6ZqpGadjmi&quot;,&quot;id&quot;:&quot;ZapGDTOg6HPPRvpky8nq&quot;},{&quot;accountno&quot;:&quot;TA-23q4O45&quot;,&quot;departmentno&quot;:&quot;1&quot;,&quot;salary&quot;:&quot;54464&quot;,&quot;pincode&quot;:&quot;545547&quot;,&quot;userid&quot;:&quot;viUByTYBXk6ZqpGadjmi&quot;,&quot;id&quot;:&quot;cCt9iXPBJby5msSXRjKX&quot;},{&quot;accountno&quot;:&quot;TA-1414141&quot;,&quot;departmentno&quot;:&quot;1&quot;,&quot;salary&quot;:&quot;888&quot;,&quot;pincode&quot;:&quot;666666&quot;,&quot;userid&quot;:&quot;dOdgXfbHfB1sZwKQvdFO&quot;,&quot;id&quot;:&quot;GWqQRrac2CuAhie5mJQ3&quot;},{&quot;accountno&quot;:&quot;TA-222552T9&quot;,&quot;departmentno&quot;:&quot;8&quot;,&quot;salary&quot;:&quot;76543&quot;,&quot;pincode&quot;:&quot;234567&quot;,&quot;userid&quot;:&quot;snbiwTHq5gvRDRN2DdKF&quot;,&quot;id&quot;:&quot;Km3zkXn4AsnW9jk17VJa&quot;},{&quot;accountno&quot;:&quot;TA-23q4O45&quot;,&quot;departmentno&quot;:&quot;1&quot;,&quot;salary&quot;:&quot;54464&quot;,&quot;pincode&quot;:&quot;545547&quot;,&quot;userid&quot;:&quot;viUByTYBXk6ZqpGadjmi&quot;,&quot;id&quot;:&quot;8RDuqIKCzmLXe2qfJRUt&quot;},{&quot;accountno&quot;:&quot;TA-23q4O45&quot;,&quot;departmentno&quot;:&quot;1&quot;,&quot;salary&quot;:&quot;54464&quot;,&quot;pincode&quot;:&quot;545547&quot;,&quot;userid&quot;:&quot;viUByTYBXk6ZqpGadjmi&quot;,&quot;id&quot;:&quot;a77pQbbMSSM04jne8H7c&quot;},{&quot;accountno&quot;:&quot;TA-23q4O45&quot;,&quot;departmentno&quot;:&quot;1&quot;,&quot;salary&quot;:&quot;54464&quot;,&quot;pincode&quot;:&quot;545547&quot;,&quot;userid&quot;:&quot;viUByTYBXk6ZqpGadjmi&quot;,&quot;id&quot;:&quot;6CT5K7v4JQPpoVZjsIIj&quot;},{&quot;accountno&quot;:&quot;TA-1122k33&quot;,&quot;departmentno&quot;:2,&quot;salary&quot;:24567,&quot;pincode&quot;:123455,&quot;userid&quot;:&quot;9pncfjpDyW1wUKl5JBce&quot;,&quot;id&quot;:&quot;HzO7ovZPGIRmpJEZM5lQ&quot;},{&quot;accountno&quot;:&quot;TA-23q4O45&quot;,&quot;departmentno&quot;:&quot;1&quot;,&quot;salary&quot;:&quot;54464&quot;,&quot;pincode&quot;:&quot;545547&quot;,&quot;userid&quot;:&quot;viUByTYBXk6ZqpGadjmi&quot;,&quot;id&quot;:&quot;2JC88bw8416ebPPnR2Tw&quot;},{&quot;accountno&quot;:&quot;TA-23p4O45&quot;,&quot;departmentno&quot;:&quot;1&quot;,&quot;salary&quot;:&quot;54464&quot;,&quot;pincode&quot;:&quot;545547&quot;,&quot;userid&quot;:&quot;viUByTYBXk6ZqpGadjmi&quot;,&quot;id&quot;:&quot;iThvtUeD5fL9E48JmgC8&quot;},{&quot;accountno&quot;:&quot;TA-229s893&quot;,&quot;departmentno&quot;:&quot;3&quot;,&quot;salary&quot;:&quot;1234&quot;,&quot;pincode&quot;:&quot;234567&quot;,&quot;userid&quot;:&quot;9pncfjpDyW1wUKl5JBce&quot;,&quot;id&quot;:&quot;YJFRTuJeo6a57fmMAXBj&quot;},{&quot;accountno&quot;:&quot;TA-23p4O45&quot;,&quot;departmentno&quot;:&quot;1&quot;,&quot;salary&quot;:&quot;54464&quot;,&quot;pincode&quot;:&quot;545547&quot;,&quot;userid&quot;:&quot;viUByTYBXk6ZqpGadjmi&quot;,&quot;id&quot;:&quot;wK8m5TkMqlGserj8Z1S1&quot;},{&quot;accountno&quot;:&quot;TA-23p4O45&quot;,&quot;departmentno&quot;:&quot;1&quot;,&quot;salary&quot;:&quot;54464&quot;,&quot;pincode&quot;:&quot;545547&quot;,&quot;userid&quot;:&quot;viUByTYBXk6ZqpGadjmi&quot;,&quot;id&quot;:&quot;MHZWuRoGvbMvuicVvXFO&quot;},{&quot;accountno&quot;:&quot;TA-2299889&quot;,&quot;departmentno&quot;:&quot;33&quot;,&quot;salary&quot;:&quot;3333&quot;,&quot;pincode&quot;:&quot;33333333&quot;,&quot;userid&quot;:&quot;o4FDbZMJElX44kOM78mO&quot;,&quot;id&quot;:&quot;OGdyJTnOO6l92PoJAcaI&quot;},{&quot;accountno&quot;:&quot;TA-2299889&quot;,&quot;departmentno&quot;:&quot;33&quot;,&quot;salary&quot;:&quot;3333&quot;,&quot;pincode&quot;:&quot;33333333&quot;,&quot;userid&quot;:&quot;o4FDbZMJElX44kOM78mO&quot;,&quot;id&quot;:&quot;q8Lr614sMiMgOaUGxu2W&quot;},{&quot;accountno&quot;:&quot;TA-2299889&quot;,&quot;departmentno&quot;:&quot;33&quot;,&quot;salary&quot;:&quot;3333&quot;,&quot;pincode&quot;:&quot;33333333&quot;,&quot;userid&quot;:&quot;o4FDbZMJElX44kOM78mO&quot;,&quot;id&quot;:&quot;2NUMkXZM6t1kf9CLHSC0&quot;},{&quot;accountno&quot;:&quot;TA-22123101&quot;,&quot;departmentno&quot;:&quot;10&quot;,&quot;salary&quot;:&quot;77710&quot;,&quot;pincode&quot;:&quot;140310&quot;,&quot;userid&quot;:&quot;upFYssz6Q3HXdLarfM0M&quot;,&quot;id&quot;:&quot;lX3J1i8sFkrjo6zXeSUu&quot;},{&quot;accountno&quot;:&quot;TA-1000990&quot;,&quot;departmentno&quot;:&quot;11&quot;,&quot;salary&quot;:&quot;1001&quot;,&quot;pincode&quot;:&quot;100990&quot;,&quot;userid&quot;:&quot;pHFLMstXPugubAmpW8wL&quot;,&quot;id&quot;:&quot;vSwJ3wI2hFj51q7gKPek&quot;},{&quot;accountno&quot;:&quot;TA-2212329&quot;,&quot;departmentno&quot;:&quot;9&quot;,&quot;salary&quot;:&quot;77779&quot;,&quot;pincode&quot;:&quot;140309&quot;,&quot;userid&quot;:&quot;upFYssz6Q3HXdLarfM0M&quot;,&quot;id&quot;:&quot;Px5erUHSuOyoSTpEcECi&quot;},{&quot;accountno&quot;:&quot;TA-1000990&quot;,&quot;departmentno&quot;:&quot;11&quot;,&quot;salary&quot;:&quot;1001&quot;,&quot;pincode&quot;:&quot;100990&quot;,&quot;userid&quot;:&quot;pHFLMstXPugubAmpW8wL&quot;,&quot;id&quot;:&quot;YN4jWBxtB19jKa6FTbLy&quot;},{&quot;accountno&quot;:&quot;TA-22222H9&quot;,&quot;departmentno&quot;:&quot;8&quot;,&quot;salary&quot;:&quot;9999&quot;,&quot;pincode&quot;:&quot;234562&quot;,&quot;userid&quot;:&quot;snbiwTHq5gvRDRN2DdKF&quot;,&quot;id&quot;:&quot;9f9KPqBHRzBijQt8HjqF&quot;},{&quot;accountno&quot;:&quot;TA-2299889&quot;,&quot;departmentno&quot;:&quot;33&quot;,&quot;salary&quot;:&quot;3333&quot;,&quot;pincode&quot;:&quot;33333333&quot;,&quot;userid&quot;:&quot;o4FDbZMJElX44kOM78mO&quot;,&quot;id&quot;:&quot;Tv3ztpLwR0xp6L3aZp21&quot;},{&quot;accountno&quot;:&quot;TA-22222A9&quot;,&quot;departmentno&quot;:&quot;8&quot;,&quot;salary&quot;:&quot;76543&quot;,&quot;pincode&quot;:&quot;234567&quot;,&quot;userid&quot;:&quot;snbiwTHq5gvRDRN2DdKF&quot;,&quot;id&quot;:&quot;EfZr3zVVqh5cvV8b8MO6&quot;},{&quot;accountno&quot;:&quot;TA-22222X9&quot;,&quot;departmentno&quot;:&quot;8&quot;,&quot;salary&quot;:&quot;76543&quot;,&quot;pincode&quot;:&quot;234567&quot;,&quot;userid&quot;:&quot;snbiwTHq5gvRDRN2DdKF&quot;,&quot;id&quot;:&quot;MI9Km4gc3NC8PEWTCbaQ&quot;},{&quot;accountno&quot;:&quot;TA-1000990&quot;,&quot;departmentno&quot;:&quot;11&quot;,&quot;salary&quot;:&quot;1001&quot;,&quot;pincode&quot;:&quot;100990&quot;,&quot;userid&quot;:&quot;pHFLMstXPugubAmpW8wL&quot;,&quot;id&quot;:&quot;2pCpA45Sw9zXG1PZf6l2&quot;},{&quot;accountno&quot;:&quot;TA-2299889&quot;,&quot;departmentno&quot;:&quot;33&quot;,&quot;salary&quot;:&quot;3333&quot;,&quot;pincode&quot;:&quot;33333333&quot;,&quot;userid&quot;:&quot;o4FDbZMJElX44kOM78mO&quot;,&quot;id&quot;:&quot;a1MySpmwfQhxGmXMMsyR&quot;},{&quot;accountno&quot;:&quot;TA-1122k33&quot;,&quot;departmentno&quot;:2,&quot;salary&quot;:24567,&quot;pincode&quot;:123455,&quot;userid&quot;:&quot;9pncfjpDyW1wUKl5JBce&quot;,&quot;id&quot;:&quot;hzJZbNSEHpp58UcHetFc&quot;},{&quot;accountno&quot;:&quot;TA-2299889&quot;,&quot;departmentno&quot;:&quot;33&quot;,&quot;salary&quot;:&quot;3333&quot;,&quot;pincode&quot;:&quot;33333333&quot;,&quot;userid&quot;:&quot;o4FDbZMJElX44kOM78mO&quot;,&quot;id&quot;:&quot;lzxl2qimApwUseztItiQ&quot;},{&quot;accountno&quot;:&quot;TA-2299889&quot;,&quot;departmentno&quot;:&quot;33&quot;,&quot;salary&quot;:&quot;3333&quot;,&quot;pincode&quot;:&quot;33333333&quot;,&quot;userid&quot;:&quot;o4FDbZMJElX44kOM78mO&quot;,&quot;id&quot;:&quot;nJOIGhSBuOYcNAqVmDMq&quot;},{&quot;accountno&quot;:&quot;TA-2299889&quot;,&quot;departmentno&quot;:&quot;33&quot;,&quot;salary&quot;:&quot;3333&quot;,&quot;pincode&quot;:&quot;33333333&quot;,&quot;userid&quot;:&quot;o4FDbZMJElX44kOM78mO&quot;,&quot;id&quot;:&quot;8SOqiWecaQy85flRZRo7&quot;},{&quot;accountno&quot;:&quot;TA-2299889&quot;,&quot;departmentno&quot;:&quot;33&quot;,&quot;salary&quot;:&quot;3333&quot;,&quot;pincode&quot;:&quot;33333333&quot;,&quot;userid&quot;:&quot;o4FDbZMJElX44kOM78mO&quot;,&quot;id&quot;:&quot;s7TlM4rqtulRpsf0WodG&quot;},{&quot;accountno&quot;:&quot;TA-1233334&quot;,&quot;departmentno&quot;:1,&quot;salary&quot;:1234,&quot;pincode&quot;:123456,&quot;userid&quot;:&quot;DmARgpsKLSzoSXM5a9iZ&quot;,&quot;id&quot;:&quot;fwyH8kbJFqNm9TJQ9IwT&quot;},{&quot;accountno&quot;:&quot;TA-233mnp3&quot;,&quot;departmentno&quot;:&quot;4&quot;,&quot;salary&quot;:&quot;78000&quot;,&quot;pincode&quot;:&quot;420078&quot;,&quot;userid&quot;:&quot;t7klgJQVzg4APHTnBj4V&quot;,&quot;id&quot;:&quot;DjDIsedTgoh7ZJASHPM2&quot;},{&quot;accountno&quot;:&quot;TA-233mnp3&quot;,&quot;departmentno&quot;:&quot;5&quot;,&quot;salary&quot;:&quot;75000&quot;,&quot;pincode&quot;:&quot;420078&quot;,&quot;userid&quot;:&quot;t7klgJQVzg4APHTnBj4V&quot;,&quot;id&quot;:&quot;gBdj74I6Ic6d7cZMW0Vi&quot;},{&quot;accountno&quot;:&quot;TA-1122g33&quot;,&quot;departmentno&quot;:&quot;1&quot;,&quot;salary&quot;:&quot;12345&quot;,&quot;pincode&quot;:&quot;123455&quot;,&quot;userid&quot;:&quot;9pncfjpDyW1wUKl5JBce&quot;,&quot;id&quot;:&quot;Y4BshVR3N1eVO5kDSwUO&quot;},{&quot;accountno&quot;:&quot;TA-233mnp2&quot;,&quot;departmentno&quot;:&quot;5&quot;,&quot;salary&quot;:&quot;75000&quot;,&quot;pincode&quot;:&quot;420078&quot;,&quot;userid&quot;:&quot;t7klgJQVzg4APHTnBj4V&quot;,&quot;id&quot;:&quot;Bhv4aqhLYHylTW8TDqpv&quot;},{&quot;accountno&quot;:&quot;TA-233mnp0&quot;,&quot;departmentno&quot;:&quot;5&quot;,&quot;salary&quot;:&quot;75000&quot;,&quot;pincode&quot;:&quot;420008&quot;,&quot;userid&quot;:&quot;t7klgJQVzg4APHTnBj4V&quot;,&quot;id&quot;:&quot;ALiKBs2BZPbiYsBOKPA9&quot;},{&quot;accountno&quot;:&quot;TA-233mnp0&quot;,&quot;departmentno&quot;:&quot;5&quot;,&quot;salary&quot;:&quot;75000&quot;,&quot;pincode&quot;:&quot;420008&quot;,&quot;userid&quot;:&quot;t7klgJQVzg4APHTnBj4V&quot;,&quot;id&quot;:&quot;1QQTEPjXe5Dz574YAWKD&quot;},{&quot;accountno&quot;:&quot;TA-233mnp0&quot;,&quot;departmentno&quot;:&quot;5&quot;,&quot;salary&quot;:&quot;75000&quot;,&quot;pincode&quot;:&quot;420008&quot;,&quot;userid&quot;:&quot;t7klgJQVzg4APHTnBj4V&quot;,&quot;id&quot;:&quot;tcILwtx99G22YCxA9dDJ&quot;},{&quot;accountno&quot;:&quot;TA-233mnp0&quot;,&quot;departmentno&quot;:&quot;5&quot;,&quot;salary&quot;:&quot;75000&quot;,&quot;pincode&quot;:&quot;420008&quot;,&quot;userid&quot;:&quot;t7klgJQVzg4APHTnBj4V&quot;,&quot;id&quot;:&quot;2vLEqX7HtvmFTZ0eluBC&quot;},{&quot;accountno&quot;:&quot;TA-233mnp0&quot;,&quot;departmentno&quot;:&quot;5&quot;,&quot;salary&quot;:&quot;75000&quot;,&quot;pincode&quot;:&quot;420008&quot;,&quot;userid&quot;:&quot;t7klgJQVzg4APHTnBj4V&quot;,&quot;id&quot;:&quot;IwTb6pDl26U1ze4Caia4&quot;},{&quot;accountno&quot;:&quot;TA-vaa4568&quot;,&quot;departmentno&quot;:&quot;8&quot;,&quot;salary&quot;:&quot;12310&quot;,&quot;pincode&quot;:&quot;954011&quot;,&quot;userid&quot;:&quot;u7nq0GWiLeCacS4KOFe3&quot;,&quot;id&quot;:&quot;NNxlS040W8u9jaJPtaKu&quot;},{&quot;accountno&quot;:&quot;TA-vaa4568&quot;,&quot;departmentno&quot;:&quot;8&quot;,&quot;salary&quot;:&quot;12310&quot;,&quot;pincode&quot;:&quot;954011&quot;,&quot;userid&quot;:&quot;u7nq0GWiLeCacS4KOFe3&quot;,&quot;id&quot;:&quot;OfLAPj1ZpmOnEXiQZodS&quot;},{&quot;accountno&quot;:&quot;TA-vaa4568&quot;,&quot;departmentno&quot;:&quot;8&quot;,&quot;salary&quot;:&quot;12310&quot;,&quot;pincode&quot;:&quot;954011&quot;,&quot;userid&quot;:&quot;u7nq0GWiLeCacS4KOFe3&quot;,&quot;id&quot;:&quot;zOE0lpOl6hz2qdA7mmR7&quot;},{&quot;accountno&quot;:&quot;TA-1001001&quot;,&quot;departmentno&quot;:&quot;1&quot;,&quot;salary&quot;:&quot;123456&quot;,&quot;pincode&quot;:&quot;654321&quot;,&quot;userid&quot;:&quot;yM8rL6vNG9F9TysYDg9L&quot;,&quot;id&quot;:&quot;FnI8QWjgQpBoQ4dDB9Fw&quot;},{&quot;accountno&quot;:&quot;TA-1000990&quot;,&quot;departmentno&quot;:&quot;11&quot;,&quot;salary&quot;:&quot;1001&quot;,&quot;pincode&quot;:&quot;100990&quot;,&quot;userid&quot;:&quot;pHFLMstXPugubAmpW8wL&quot;,&quot;id&quot;:&quot;bPnjo6pN2FxH9DCPb3XR&quot;},{&quot;accountno&quot;:&quot;TA-1000100&quot;,&quot;departmentno&quot;:&quot;1&quot;,&quot;salary&quot;:&quot;100&quot;,&quot;pincode&quot;:&quot;100100&quot;,&quot;userid&quot;:&quot;pHFLMstXPugubAmpW8wL&quot;,&quot;id&quot;:&quot;7sx9dYIPTLPh8YPfLWzL&quot;},{&quot;accountno&quot;:&quot;TA-1000990&quot;,&quot;departmentno&quot;:&quot;11&quot;,&quot;salary&quot;:&quot;1001&quot;,&quot;pincode&quot;:&quot;100990&quot;,&quot;userid&quot;:&quot;pHFLMstXPugubAmpW8wL&quot;,&quot;id&quot;:&quot;ZC6V4xbswxk144bv6pda&quot;},{&quot;accountno&quot;:&quot;TA-22222Z9&quot;,&quot;departmentno&quot;:&quot;8&quot;,&quot;salary&quot;:&quot;76543&quot;,&quot;pincode&quot;:&quot;234567&quot;,&quot;userid&quot;:&quot;snbiwTHq5gvRDRN2DdKF&quot;,&quot;id&quot;:&quot;aGI5VTPhHCqs1D3hpQ5s&quot;},{&quot;accountno&quot;:&quot;TA-22222T9&quot;,&quot;departmentno&quot;:&quot;8&quot;,&quot;salary&quot;:&quot;76543&quot;,&quot;pincode&quot;:&quot;234567&quot;,&quot;userid&quot;:&quot;snbiwTHq5gvRDRN2DdKF&quot;,&quot;id&quot;:&quot;lks5ktTrt0S2ngLMknPV&quot;},{&quot;accountno&quot;:&quot;TA-1000990&quot;,&quot;departmentno&quot;:&quot;11&quot;,&quot;salary&quot;:&quot;1001&quot;,&quot;pincode&quot;:&quot;100990&quot;,&quot;userid&quot;:&quot;pHFLMstXPugubAmpW8wL&quot;,&quot;id&quot;:&quot;Lr6WXEyHzKHcv2ARPVqs&quot;},{&quot;accountno&quot;:&quot;TA-1112225&quot;,&quot;departmentno&quot;:1,&quot;salary&quot;:333,&quot;pincode&quot;:111222,&quot;userid&quot;:&quot;zUBiRdETa8r6GX7I1uw0&quot;,&quot;id&quot;:&quot;uFrEXtePkxLYoBXzhImr&quot;},{&quot;accountno&quot;:&quot;TA-23m4899&quot;,&quot;departmentno&quot;:&quot;3&quot;,&quot;salary&quot;:&quot;6500&quot;,&quot;pincode&quot;:&quot;563421&quot;,&quot;userid&quot;:&quot;t7klgJQVzg4APHTnBj4V&quot;,&quot;id&quot;:&quot;cWg6W2XcQt4S2tK6t5GJ&quot;},{&quot;accountno&quot;:&quot;TA-1000100&quot;,&quot;departmentno&quot;:&quot;1&quot;,&quot;salary&quot;:&quot;100&quot;,&quot;pincode&quot;:&quot;100100&quot;,&quot;userid&quot;:&quot;pHFLMstXPugubAmpW8wL&quot;,&quot;id&quot;:&quot;W4BWvVbnSMqn5TuVMJQN&quot;},{&quot;accountno&quot;:&quot;TA-1000100&quot;,&quot;departmentno&quot;:&quot;1&quot;,&quot;salary&quot;:&quot;100&quot;,&quot;pincode&quot;:&quot;100100&quot;,&quot;userid&quot;:&quot;pHFLMstXPugubAmpW8wL&quot;,&quot;id&quot;:&quot;cVMd55mFVUMvo0WU81J1&quot;},{&quot;accountno&quot;:&quot;TA-SP11111&quot;,&quot;departmentno&quot;:&quot;109&quot;,&quot;salary&quot;:&quot;655&quot;,&quot;pincode&quot;:&quot;654321&quot;,&quot;userid&quot;:&quot;mU6hIQUZQfsauAPg6TXX&quot;,&quot;id&quot;:&quot;B67ZhJfdsS5o7Uzri8uU&quot;},{&quot;accountno&quot;:&quot;TA-1234560&quot;,&quot;departmentno&quot;:&quot;1&quot;,&quot;salary&quot;:&quot;12345&quot;,&quot;pincode&quot;:&quot;123456&quot;,&quot;userid&quot;:&quot;yM8rL6vNG9F9TysYDg9L&quot;,&quot;id&quot;:&quot;WxTlCnno0hJQxBJF7fxx&quot;},{&quot;accountno&quot;:&quot;TA-23c4O45&quot;,&quot;departmentno&quot;:&quot;1&quot;,&quot;salary&quot;:&quot;54464&quot;,&quot;pincode&quot;:&quot;545547&quot;,&quot;userid&quot;:&quot;viUByTYBXk6ZqpGadjmi&quot;,&quot;id&quot;:&quot;ng5bbIIFHjQlNbselWva&quot;},{&quot;accountno&quot;:&quot;TA-23c4O45&quot;,&quot;departmentno&quot;:&quot;1&quot;,&quot;salary&quot;:&quot;54464&quot;,&quot;pincode&quot;:&quot;545547&quot;,&quot;userid&quot;:&quot;viUByTYBXk6ZqpGadjmi&quot;,&quot;id&quot;:&quot;QsP4KXdJlEUqG5wLeZoy&quot;},{&quot;accountno&quot;:&quot;TA-23c4O45&quot;,&quot;departmentno&quot;:&quot;1&quot;,&quot;salary&quot;:&quot;54464&quot;,&quot;pincode&quot;:&quot;545547&quot;,&quot;userid&quot;:&quot;viUByTYBXk6ZqpGadjmi&quot;,&quot;id&quot;:&quot;k6JFwMIHMexziULaAwZa&quot;},{&quot;accountno&quot;:&quot;TA-23c4O45&quot;,&quot;departmentno&quot;:&quot;1&quot;,&quot;salary&quot;:&quot;54464&quot;,&quot;pincode&quot;:&quot;545547&quot;,&quot;userid&quot;:&quot;viUByTYBXk6ZqpGadjmi&quot;,&quot;id&quot;:&quot;03NNAIYfmuasGoHjJTLj&quot;},{&quot;accountno&quot;:&quot;TA-1234560&quot;,&quot;departmentno&quot;:&quot;1&quot;,&quot;salary&quot;:&quot;12345&quot;,&quot;pincode&quot;:&quot;123456&quot;,&quot;userid&quot;:&quot;yM8rL6vNG9F9TysYDg9L&quot;,&quot;id&quot;:&quot;i1dQuZccupaHq4htixCG&quot;},{&quot;accountno&quot;:&quot;TA-SP11111&quot;,&quot;departmentno&quot;:&quot;13&quot;,&quot;salary&quot;:&quot;655&quot;,&quot;pincode&quot;:&quot;654321&quot;,&quot;userid&quot;:&quot;mU6hIQUZQfsauAPg6TXX&quot;,&quot;id&quot;:&quot;LfdtXvvTsGBqCZY1hwAG&quot;},{&quot;accountno&quot;:&quot;TA-SP11111&quot;,&quot;departmentno&quot;:&quot;13&quot;,&quot;salary&quot;:&quot;655&quot;,&quot;pincode&quot;:&quot;654321&quot;,&quot;userid&quot;:&quot;mU6hIQUZQfsauAPg6TXX&quot;,&quot;id&quot;:&quot;qU2xWLCmRgounHsTdZ8N&quot;},{&quot;accountno&quot;:&quot;TA-1234560&quot;,&quot;departmentno&quot;:&quot;1&quot;,&quot;salary&quot;:&quot;12345&quot;,&quot;pincode&quot;:&quot;123456&quot;,&quot;userid&quot;:&quot;yM8rL6vNG9F9TysYDg9L&quot;,&quot;id&quot;:&quot;S5bI2TG7qJsbdRVByIi4&quot;},{&quot;accountno&quot;:&quot;TA-1234560&quot;,&quot;departmentno&quot;:&quot;1&quot;,&quot;salary&quot;:&quot;12345&quot;,&quot;pincode&quot;:&quot;123456&quot;,&quot;userid&quot;:&quot;yM8rL6vNG9F9TysYDg9L&quot;,&quot;id&quot;:&quot;c40efYMH9QbR7orp3SvR&quot;},{&quot;accountno&quot;:&quot;TA-1234560&quot;,&quot;departmentno&quot;:&quot;1&quot;,&quot;salary&quot;:&quot;12345&quot;,&quot;pincode&quot;:&quot;123456&quot;,&quot;userid&quot;:&quot;yM8rL6vNG9F9TysYDg9L&quot;,&quot;id&quot;:&quot;YFAZsfbGEWEBtUfBcn3X&quot;},{&quot;accountno&quot;:&quot;TA-SP11111&quot;,&quot;departmentno&quot;:&quot;13&quot;,&quot;salary&quot;:&quot;655&quot;,&quot;pincode&quot;:&quot;654321&quot;,&quot;userid&quot;:&quot;mU6hIQUZQfsauAPg6TXX&quot;,&quot;id&quot;:&quot;ohTk8ZnsVRqddI8XisOi&quot;},{&quot;accountno&quot;:&quot;TA-SP11111&quot;,&quot;departmentno&quot;:&quot;13&quot;,&quot;salary&quot;:&quot;655&quot;,&quot;pincode&quot;:&quot;654321&quot;,&quot;userid&quot;:&quot;mU6hIQUZQfsauAPg6TXX&quot;,&quot;id&quot;:&quot;562yDtTxQxHaFWt0B5SD&quot;},{&quot;accountno&quot;:&quot;TA-2299889&quot;,&quot;departmentno&quot;:&quot;33&quot;,&quot;salary&quot;:&quot;3333&quot;,&quot;pincode&quot;:&quot;33333333&quot;,&quot;userid&quot;:&quot;o4FDbZMJElX44kOM78mO&quot;,&quot;id&quot;:&quot;YddGkv3LZSjDKMgxMpOb&quot;},{&quot;accountno&quot;:&quot;TA-2299889&quot;,&quot;departmentno&quot;:&quot;33&quot;,&quot;salary&quot;:&quot;3333&quot;,&quot;pincode&quot;:&quot;33333333&quot;,&quot;userid&quot;:&quot;o4FDbZMJElX44kOM78mO&quot;,&quot;id&quot;:&quot;43Zc8NjVjA5lcCkHjvMb&quot;},{&quot;accountno&quot;:&quot;TA-0099889&quot;,&quot;departmentno&quot;:&quot;33&quot;,&quot;salary&quot;:&quot;3333&quot;,&quot;pincode&quot;:&quot;33333333&quot;,&quot;userid&quot;:&quot;o4FDbZMJElX44kOM78mO&quot;,&quot;id&quot;:&quot;iR0i9GAsPS09I0x9k5P0&quot;},{&quot;accountno&quot;:&quot;TA-1234560&quot;,&quot;departmentno&quot;:&quot;1&quot;,&quot;salary&quot;:&quot;12345&quot;,&quot;pincode&quot;:&quot;123456&quot;,&quot;userid&quot;:&quot;yM8rL6vNG9F9TysYDg9L&quot;,&quot;id&quot;:&quot;0XY7DLVHaOH0sCuHgrvZ&quot;},{&quot;accountno&quot;:&quot;TA-0099889&quot;,&quot;departmentno&quot;:&quot;10&quot;,&quot;salary&quot;:&quot;2000&quot;,&quot;pincode&quot;:&quot;123123&quot;,&quot;userid&quot;:&quot;o4FDbZMJElX44kOM78mO&quot;,&quot;id&quot;:&quot;qQwSjMJL5UZJv9LAlsxk&quot;},{&quot;accountno&quot;:&quot;TA-SP11111&quot;,&quot;departmentno&quot;:&quot;1&quot;,&quot;salary&quot;:&quot;655&quot;,&quot;pincode&quot;:&quot;654321&quot;,&quot;userid&quot;:&quot;mU6hIQUZQfsauAPg6TXX&quot;,&quot;id&quot;:&quot;f4UjTW5BM9mZnyLS75fY&quot;},{&quot;accountno&quot;:&quot;TA-SP11111&quot;,&quot;departmentno&quot;:&quot;1&quot;,&quot;salary&quot;:&quot;655&quot;,&quot;pincode&quot;:&quot;654321&quot;,&quot;userid&quot;:&quot;mU6hIQUZQfsauAPg6TXX&quot;,&quot;id&quot;:&quot;D8nzCubVlMi8lX4Lyb70&quot;},{&quot;accountno&quot;:&quot;TA-22222T9&quot;,&quot;departmentno&quot;:&quot;8&quot;,&quot;salary&quot;:&quot;76543&quot;,&quot;pincode&quot;:&quot;234567&quot;,&quot;userid&quot;:&quot;snbiwTHq5gvRDRN2DdKF&quot;,&quot;id&quot;:&quot;jZcCer5nVTTeO9llv69g&quot;},{&quot;accountno&quot;:&quot;TA-SP11111&quot;,&quot;departmentno&quot;:&quot;13&quot;,&quot;salary&quot;:&quot;655&quot;,&quot;pincode&quot;:&quot;654321&quot;,&quot;userid&quot;:&quot;mU6hIQUZQfsauAPg6TXX&quot;,&quot;id&quot;:&quot;Zo8Iy9x8PEVY7AFNVe4G&quot;},{&quot;accountno&quot;:&quot;TA-SP11111&quot;,&quot;departmentno&quot;:&quot;13&quot;,&quot;salary&quot;:&quot;655&quot;,&quot;pincode&quot;:&quot;654321&quot;,&quot;userid&quot;:&quot;mU6hIQUZQfsauAPg6TXX&quot;,&quot;id&quot;:&quot;iINgS96dkSKa9CJhKfWn&quot;},{&quot;accountno&quot;:&quot;TA-SP11111&quot;,&quot;departmentno&quot;:&quot;13&quot;,&quot;salary&quot;:&quot;655&quot;,&quot;pincode&quot;:&quot;654321&quot;,&quot;userid&quot;:&quot;mU6hIQUZQfsauAPg6TXX&quot;,&quot;id&quot;:&quot;vM2t18sg4StMlx3l5kKT&quot;},{&quot;accountno&quot;:&quot;TA-SP11111&quot;,&quot;departmentno&quot;:&quot;13&quot;,&quot;salary&quot;:&quot;655&quot;,&quot;pincode&quot;:&quot;654321&quot;,&quot;userid&quot;:&quot;mU6hIQUZQfsauAPg6TXX&quot;,&quot;id&quot;:&quot;y5GVE3RUVKAAW7vXTFm9&quot;},{&quot;accountno&quot;:&quot;TA-SP11111&quot;,&quot;departmentno&quot;:&quot;13&quot;,&quot;salary&quot;:&quot;655&quot;,&quot;pincode&quot;:&quot;654321&quot;,&quot;userid&quot;:&quot;mU6hIQUZQfsauAPg6TXX&quot;,&quot;id&quot;:&quot;YhltEuiFXDaaDR9CGJJA&quot;},{&quot;accountno&quot;:&quot;TA-1199889&quot;,&quot;departmentno&quot;:&quot;10&quot;,&quot;salary&quot;:&quot;2000&quot;,&quot;pincode&quot;:&quot;123123&quot;,&quot;userid&quot;:&quot;o4FDbZMJElX44kOM78mO&quot;,&quot;id&quot;:&quot;RQkuPuYOjVvX9Niu08lr&quot;},{&quot;accountno&quot;:&quot;TA-0099910&quot;,&quot;departmentno&quot;:&quot;9&quot;,&quot;salary&quot;:&quot;123&quot;,&quot;pincode&quot;:&quot;111999&quot;,&quot;userid&quot;:&quot;o4FDbZMJElX44kOM78mO&quot;,&quot;id&quot;:&quot;pSyK9Lpk263IeWdLZ3Ij&quot;},{&quot;accountno&quot;:&quot;TA-1199889&quot;,&quot;departmentno&quot;:&quot;10&quot;,&quot;salary&quot;:&quot;2000&quot;,&quot;pincode&quot;:&quot;123123&quot;,&quot;userid&quot;:&quot;o4FDbZMJElX44kOM78mO&quot;,&quot;id&quot;:&quot;KAs4BvGIPBDbBWX63iS6&quot;},{&quot;accountno&quot;:&quot;TA-0099910&quot;,&quot;departmentno&quot;:&quot;9&quot;,&quot;salary&quot;:&quot;123&quot;,&quot;pincode&quot;:&quot;111999&quot;,&quot;userid&quot;:&quot;o4FDbZMJElX44kOM78mO&quot;,&quot;id&quot;:&quot;cMLrpkwf5XB4aarrm2UL&quot;},{&quot;accountno&quot;:&quot;TA-0099889&quot;,&quot;departmentno&quot;:&quot;10&quot;,&quot;salary&quot;:&quot;2000&quot;,&quot;pincode&quot;:&quot;123123&quot;,&quot;userid&quot;:&quot;o4FDbZMJElX44kOM78mO&quot;,&quot;id&quot;:&quot;TyI6MNfKU0F7c4BdFFaO&quot;},{&quot;accountno&quot;:&quot;TA-0099999&quot;,&quot;departmentno&quot;:&quot;9&quot;,&quot;salary&quot;:&quot;123&quot;,&quot;pincode&quot;:&quot;111999&quot;,&quot;userid&quot;:&quot;o4FDbZMJElX44kOM78mO&quot;,&quot;id&quot;:&quot;Izvdf2RJVouZk4JkccQe&quot;},{&quot;accountno&quot;:&quot;TA-0099999&quot;,&quot;departmentno&quot;:&quot;9&quot;,&quot;salary&quot;:&quot;123&quot;,&quot;pincode&quot;:&quot;111999&quot;,&quot;userid&quot;:&quot;o4FDbZMJElX44kOM78mO&quot;,&quot;id&quot;:&quot;S17kPDnngQrJ2FEPzUrY&quot;},{&quot;accountno&quot;:&quot;TA-SP11111&quot;,&quot;departmentno&quot;:&quot;13&quot;,&quot;salary&quot;:&quot;655&quot;,&quot;pincode&quot;:&quot;654321&quot;,&quot;userid&quot;:&quot;mU6hIQUZQfsauAPg6TXX&quot;,&quot;id&quot;:&quot;4jgq6Pwpddi6oqEiAsVR&quot;},{&quot;accountno&quot;:&quot;TA-SP11111&quot;,&quot;departmentno&quot;:&quot;13&quot;,&quot;salary&quot;:&quot;655&quot;,&quot;pincode&quot;:&quot;654321&quot;,&quot;userid&quot;:&quot;mU6hIQUZQfsauAPg6TXX&quot;,&quot;id&quot;:&quot;3lYkaU667rdhw9Q2Iu2r&quot;},{&quot;accountno&quot;:&quot;TA-SP11111&quot;,&quot;departmentno&quot;:&quot;13&quot;,&quot;salary&quot;:&quot;655&quot;,&quot;pincode&quot;:&quot;654321&quot;,&quot;userid&quot;:&quot;mU6hIQUZQfsauAPg6TXX&quot;,&quot;id&quot;:&quot;JqKgb34iSfNALsDay7fk&quot;},{&quot;accountno&quot;:&quot;TA-SP11111&quot;,&quot;departmentno&quot;:&quot;1&quot;,&quot;salary&quot;:&quot;655&quot;,&quot;pincode&quot;:&quot;654321&quot;,&quot;userid&quot;:&quot;mU6hIQUZQfsauAPg6TXX&quot;,&quot;id&quot;:&quot;o7QzveK7bPoQ7UV8VcUL&quot;},{&quot;accountno&quot;:&quot;TA-1234560&quot;,&quot;departmentno&quot;:&quot;1&quot;,&quot;salary&quot;:&quot;12345&quot;,&quot;pincode&quot;:&quot;123456&quot;,&quot;userid&quot;:&quot;yM8rL6vNG9F9TysYDg9L&quot;,&quot;id&quot;:&quot;NbVXRJuLPU5Dx4zFGozU&quot;},{&quot;accountno&quot;:&quot;TA-1234560&quot;,&quot;departmentno&quot;:&quot;1&quot;,&quot;salary&quot;:&quot;12345&quot;,&quot;pincode&quot;:&quot;123456&quot;,&quot;userid&quot;:&quot;yM8rL6vNG9F9TysYDg9L&quot;,&quot;id&quot;:&quot;DhQDRjK4ZlkIaZnKrUj8&quot;},{&quot;accountno&quot;:&quot;TA-1234569&quot;,&quot;departmentno&quot;:&quot;1&quot;,&quot;salary&quot;:&quot;12345&quot;,&quot;pincode&quot;:&quot;123456&quot;,&quot;userid&quot;:&quot;yM8rL6vNG9F9TysYDg9L&quot;,&quot;id&quot;:&quot;rPSVEVF63vhOv76tijnl&quot;},{&quot;accountno&quot;:&quot;TA-1234569&quot;,&quot;departmentno&quot;:&quot;1&quot;,&quot;salary&quot;:&quot;12345&quot;,&quot;pincode&quot;:&quot;123456&quot;,&quot;userid&quot;:&quot;yM8rL6vNG9F9TysYDg9L&quot;,&quot;id&quot;:&quot;5vEbunHRBZzFUD5wbeUS&quot;},{&quot;accountno&quot;:&quot;TA-1234569&quot;,&quot;departmentno&quot;:&quot;1&quot;,&quot;salary&quot;:&quot;12345&quot;,&quot;pincode&quot;:&quot;123456&quot;,&quot;userid&quot;:&quot;yM8rL6vNG9F9TysYDg9L&quot;,&quot;id&quot;:&quot;Ucnc1DaTsRLMge9imltP&quot;},{&quot;accountno&quot;:&quot;TA-0000007&quot;,&quot;departmentno&quot;:&quot;1&quot;,&quot;salary&quot;:&quot;1234&quot;,&quot;pincode&quot;:&quot;123456&quot;,&quot;userid&quot;:&quot;yM8rL6vNG9F9TysYDg9L&quot;,&quot;id&quot;:&quot;ZqxV8B6JV3wzjeF9oE97&quot;},{&quot;accountno&quot;:&quot;TA-SP34591&quot;,&quot;departmentno&quot;:&quot;3&quot;,&quot;salary&quot;:&quot;655&quot;,&quot;pincode&quot;:&quot;654321&quot;,&quot;userid&quot;:&quot;mU6hIQUZQfsauAPg6TXX&quot;,&quot;id&quot;:&quot;Wys855a4zp59ZSw95Mfz&quot;},{&quot;accountno&quot;:&quot;TA-23944G9&quot;,&quot;departmentno&quot;:&quot;8&quot;,&quot;salary&quot;:&quot;76543&quot;,&quot;pincode&quot;:&quot;234567&quot;,&quot;userid&quot;:&quot;snbiwTHq5gvRDRN2DdKF&quot;,&quot;id&quot;:&quot;2yqsUEvZ15AhS5I4KrSH&quot;},{&quot;accountno&quot;:&quot;TA-23944C9&quot;,&quot;departmentno&quot;:&quot;8&quot;,&quot;salary&quot;:&quot;76543&quot;,&quot;pincode&quot;:&quot;234567&quot;,&quot;userid&quot;:&quot;snbiwTHq5gvRDRN2DdKF&quot;,&quot;id&quot;:&quot;M6RRRm8JPu6dCL2EtkWX&quot;},{&quot;accountno&quot;:&quot;TA-23944C8&quot;,&quot;departmentno&quot;:&quot;8&quot;,&quot;salary&quot;:&quot;76543&quot;,&quot;pincode&quot;:&quot;234567&quot;,&quot;userid&quot;:&quot;snbiwTHq5gvRDRN2DdKF&quot;,&quot;id&quot;:&quot;aumgUBH9zJ4m8TUyvZzb&quot;},{&quot;accountno&quot;:&quot;TA-23m4899&quot;,&quot;departmentno&quot;:&quot;3&quot;,&quot;salary&quot;:&quot;6500&quot;,&quot;pincode&quot;:&quot;563421&quot;,&quot;userid&quot;:&quot;t7klgJQVzg4APHTnBj4V&quot;,&quot;id&quot;:&quot;hNcmN6ew7ntTGjc4V7FX&quot;},{&quot;accountno&quot;:&quot;TA-23g3899&quot;,&quot;departmentno&quot;:&quot;3&quot;,&quot;salary&quot;:&quot;85000&quot;,&quot;pincode&quot;:&quot;400056&quot;,&quot;userid&quot;:&quot;t7klgJQVzg4APHTnBj4V&quot;,&quot;id&quot;:&quot;0MkJMCbdRUXz3VzHNAXD&quot;},{&quot;accountno&quot;:&quot;TA-23g3899&quot;,&quot;departmentno&quot;:3,&quot;salary&quot;:85000,&quot;pincode&quot;:400056,&quot;userid&quot;:&quot;ziBRfLEfNtH2MHyH3MhK&quot;,&quot;id&quot;:&quot;6Bsy6HNBfVZW0L6aWlnV&quot;},{&quot;accountno&quot;:&quot;Po-23m3899&quot;,&quot;departmentno&quot;:3,&quot;salary&quot;:85000,&quot;pincode&quot;:400056,&quot;userid&quot;:&quot;ziBRfLEfNtH2MHyH3MhK&quot;,&quot;id&quot;:&quot;3SpgHbHQIHHW2PuEM4MI&quot;},{&quot;accountno&quot;:&quot;Po-23m3899&quot;,&quot;departmentno&quot;:3,&quot;salary&quot;:85000,&quot;pincode&quot;:400056,&quot;userid&quot;:&quot;ziBRfLEfNtH2MHyH3MhK&quot;,&quot;id&quot;:&quot;NxyGy2gF8xyeS2svs7gg&quot;},{&quot;accountno&quot;:&quot;TA-2345679&quot;,&quot;departmentno&quot;:&quot;4&quot;,&quot;salary&quot;:&quot;4&quot;,&quot;pincode&quot;:&quot;123456&quot;,&quot;userid&quot;:&quot;DmARgpsKLSzoSXM5a9iZ&quot;,&quot;id&quot;:&quot;Lb3cZKgQwIkDQDlcJ1sC&quot;},{&quot;accountno&quot;:&quot;TA-23944B8&quot;,&quot;departmentno&quot;:&quot;&quot;,&quot;salary&quot;:&quot;9&quot;,&quot;pincode&quot;:&quot;23456&quot;,&quot;userid&quot;:&quot;snbiwTHq5gvRDRN2DdKF&quot;,&quot;id&quot;:&quot;GZBMPbgYn87yz99hxk2o&quot;},{&quot;accountno&quot;:&quot;TA-1000990&quot;,&quot;departmentno&quot;:&quot;11&quot;,&quot;salary&quot;:&quot;1001&quot;,&quot;pincode&quot;:&quot;100990&quot;,&quot;userid&quot;:&quot;pHFLMstXPugubAmpW8wL&quot;,&quot;id&quot;:&quot;0TMEkL9OZiFnbsXiSAiX&quot;},{&quot;accountno&quot;:&quot;TA-1000790&quot;,&quot;departmentno&quot;:&quot;11&quot;,&quot;salary&quot;:&quot;1001&quot;,&quot;pincode&quot;:&quot;100790&quot;,&quot;userid&quot;:&quot;pHFLMstXPugubAmpW8wL&quot;,&quot;id&quot;:&quot;nPcrqd1pzBN6A6ele1UN&quot;},{&quot;accountno&quot;:&quot;TA-23m3899&quot;,&quot;departmentno&quot;:&quot;3&quot;,&quot;salary&quot;:&quot;6500&quot;,&quot;pincode&quot;:&quot;563421&quot;,&quot;userid&quot;:&quot;t7klgJQVzg4APHTnBj4V&quot;,&quot;id&quot;:&quot;ZvnyfkLs8hJ0RZtTVitb&quot;},{&quot;accountno&quot;:&quot;TA-23m3799&quot;,&quot;departmentno&quot;:&quot;5&quot;,&quot;salary&quot;:&quot;98000&quot;,&quot;pincode&quot;:&quot;256331&quot;,&quot;userid&quot;:&quot;t7klgJQVzg4APHTnBj4V&quot;,&quot;id&quot;:&quot;b65qo0gOILIWh2UvWXv2&quot;},{&quot;accountno&quot;:&quot;TA-23m3799&quot;,&quot;departmentno&quot;:&quot;5&quot;,&quot;salary&quot;:&quot;98000&quot;,&quot;pincode&quot;:&quot;256331&quot;,&quot;userid&quot;:&quot;t7klgJQVzg4APHTnBj4V&quot;,&quot;id&quot;:&quot;oGk3i59vpmnbJAnYHgya&quot;},{&quot;accountno&quot;:&quot;TA-1000810&quot;,&quot;departmentno&quot;:6,&quot;salary&quot;:800,&quot;pincode&quot;:100810,&quot;userid&quot;:&quot;DmARgpsKLSzoSXM5a9iZ&quot;,&quot;id&quot;:&quot;qi2J0370eWBRwjCNU56w&quot;},{&quot;accountno&quot;:&quot;TA-1000890&quot;,&quot;departmentno&quot;:&quot;1&quot;,&quot;salary&quot;:&quot;800&quot;,&quot;pincode&quot;:&quot;100810&quot;,&quot;userid&quot;:&quot;pHFLMstXPugubAmpW8wL&quot;,&quot;id&quot;:&quot;h8o6pu5IP4zqmA3S7aVu&quot;},{&quot;accountno&quot;:&quot;TA-1000810&quot;,&quot;departmentno&quot;:6,&quot;salary&quot;:800,&quot;pincode&quot;:100810,&quot;userid&quot;:&quot;DmARgpsKLSzoSXM5a9iZ&quot;,&quot;id&quot;:&quot;39VMIdZXDwukvZQSi5AU&quot;},{&quot;accountno&quot;:&quot;TA-1122v55&quot;,&quot;departmentno&quot;:&quot;4&quot;,&quot;salary&quot;:&quot;5000&quot;,&quot;pincode&quot;:&quot;123456&quot;,&quot;userid&quot;:&quot;DmARgpsKLSzoSXM5a9iZ&quot;,&quot;id&quot;:&quot;dI2xtf0FwPtG139esQAB&quot;},{&quot;accountno&quot;:&quot;TA-1000810&quot;,&quot;departmentno&quot;:&quot;1&quot;,&quot;salary&quot;:&quot;800&quot;,&quot;pincode&quot;:&quot;100810&quot;,&quot;userid&quot;:&quot;pHFLMstXPugubAmpW8wL&quot;,&quot;id&quot;:&quot;NzLH1TN8gaZBbwARHj4F&quot;},{&quot;accountno&quot;:&quot;TA-2345679&quot;,&quot;departmentno&quot;:&quot;4&quot;,&quot;salary&quot;:&quot;4&quot;,&quot;pincode&quot;:&quot;123456&quot;,&quot;userid&quot;:&quot;DmARgpsKLSzoSXM5a9iZ&quot;,&quot;id&quot;:&quot;qiyORiQUfEYjhAevCIBC&quot;},{&quot;accountno&quot;:&quot;TA-1000010&quot;,&quot;departmentno&quot;:&quot;1&quot;,&quot;salary&quot;:&quot;1000&quot;,&quot;pincode&quot;:&quot;100010&quot;,&quot;userid&quot;:&quot;pHFLMstXPugubAmpW8wL&quot;,&quot;id&quot;:&quot;sS6wV5Bf8hUM9JDcY76L&quot;},{&quot;accountno&quot;:&quot;TA-1000010&quot;,&quot;departmentno&quot;:&quot;1&quot;,&quot;salary&quot;:&quot;1000&quot;,&quot;pincode&quot;:&quot;100010&quot;,&quot;userid&quot;:&quot;pHFLMstXPugubAmpW8wL&quot;,&quot;id&quot;:&quot;s4YDeP14Z4mQ517zjRuy&quot;},{&quot;accountno&quot;:&quot;TA-2345679&quot;,&quot;departmentno&quot;:&quot;4&quot;,&quot;salary&quot;:&quot;4&quot;,&quot;pincode&quot;:&quot;123456&quot;,&quot;userid&quot;:&quot;DmARgpsKLSzoSXM5a9iZ&quot;,&quot;id&quot;:&quot;o610VO9QXIWPSRELMVJu&quot;},{&quot;accountno&quot;:&quot;TA-1234567&quot;,&quot;departmentno&quot;:&quot;3&quot;,&quot;salary&quot;:&quot;455&quot;,&quot;pincode&quot;:&quot;123456&quot;,&quot;userid&quot;:&quot;DmARgpsKLSzoSXM5a9iZ&quot;,&quot;id&quot;:&quot;Nunx2Ux3FaoZr9ZKPxbD&quot;},{&quot;accountno&quot;:&quot;TA-0998832&quot;,&quot;departmentno&quot;:&quot;3&quot;,&quot;salary&quot;:&quot;4&quot;,&quot;pincode&quot;:&quot;123456&quot;,&quot;userid&quot;:&quot;DmARgpsKLSzoSXM5a9iZ&quot;,&quot;id&quot;:&quot;QHEWpfa4YYcRXnhMcbkU&quot;},{&quot;accountno&quot;:&quot;TA-2333gh7&quot;,&quot;departmentno&quot;:&quot;3&quot;,&quot;salary&quot;:&quot;6500&quot;,&quot;pincode&quot;:&quot;563421&quot;,&quot;userid&quot;:&quot;t7klgJQVzg4APHTnBj4V&quot;,&quot;id&quot;:&quot;BjKnV9uGHfZQK5l1Tu7o&quot;},{&quot;accountno&quot;:&quot;TA-23992q8&quot;,&quot;departmentno&quot;:&quot;8&quot;,&quot;salary&quot;:&quot;76543&quot;,&quot;pincode&quot;:&quot;234567&quot;,&quot;userid&quot;:&quot;snbiwTHq5gvRDRN2DdKF&quot;,&quot;id&quot;:&quot;lEtvgTNUBCcU9edYt9kF&quot;},{&quot;accountno&quot;:&quot;TA-23992q7&quot;,&quot;departmentno&quot;:&quot;8&quot;,&quot;salary&quot;:&quot;76543&quot;,&quot;pincode&quot;:&quot;234567&quot;,&quot;userid&quot;:&quot;snbiwTHq5gvRDRN2DdKF&quot;,&quot;id&quot;:&quot;7R817enyOsiI8Zb7lY2M&quot;},{&quot;accountno&quot;:&quot;TA-23994J7&quot;,&quot;departmentno&quot;:&quot;8&quot;,&quot;salary&quot;:&quot;76543&quot;,&quot;pincode&quot;:&quot;234567&quot;,&quot;userid&quot;:&quot;snbiwTHq5gvRDRN2DdKF&quot;,&quot;id&quot;:&quot;xmEXrDJTsBwPaB0nqEDG&quot;},{&quot;accountno&quot;:&quot;TA-6363633&quot;,&quot;departmentno&quot;:&quot;3&quot;,&quot;salary&quot;:&quot;3333&quot;,&quot;pincode&quot;:&quot;363636&quot;,&quot;userid&quot;:&quot;QZG5HCtogYDoLSFP2aTC&quot;,&quot;id&quot;:&quot;Gub8OF9pdJWI53trCsRj&quot;},{&quot;accountno&quot;:&quot;TA-6363630&quot;,&quot;departmentno&quot;:&quot;3&quot;,&quot;salary&quot;:&quot;3333&quot;,&quot;pincode&quot;:&quot;363636&quot;,&quot;userid&quot;:&quot;QZG5HCtogYDoLSFP2aTC&quot;,&quot;id&quot;:&quot;vCF19szHJviiGuVI0umG&quot;},{&quot;accountno&quot;:&quot;TA-43245y5&quot;,&quot;departmentno&quot;:&quot;5&quot;,&quot;salary&quot;:&quot;5678&quot;,&quot;pincode&quot;:&quot;456789&quot;,&quot;userid&quot;:&quot;snbiwTHq5gvRDRN2DdKF&quot;,&quot;id&quot;:&quot;yCUsgCMtJ0kISd6uXROD&quot;},{&quot;accountno&quot;:&quot;TA-23m3799&quot;,&quot;departmentno&quot;:&quot;5&quot;,&quot;salary&quot;:&quot;98000&quot;,&quot;pincode&quot;:&quot;256331&quot;,&quot;userid&quot;:&quot;t7klgJQVzg4APHTnBj4V&quot;,&quot;id&quot;:&quot;NgLAtHrx1k5RLhQeXr7Q&quot;},{&quot;accountno&quot;:&quot;TA-23m3799&quot;,&quot;departmentno&quot;:&quot;5&quot;,&quot;salary&quot;:&quot;98000&quot;,&quot;pincode&quot;:&quot;256331&quot;,&quot;userid&quot;:&quot;t7klgJQVzg4APHTnBj4V&quot;,&quot;id&quot;:&quot;dauw3aIgAnbKUKUMyjlF&quot;},{&quot;accountno&quot;:&quot;TA-23m3798&quot;,&quot;departmentno&quot;:&quot;5&quot;,&quot;salary&quot;:&quot;98000&quot;,&quot;pincode&quot;:&quot;256331&quot;,&quot;userid&quot;:&quot;t7klgJQVzg4APHTnBj4V&quot;,&quot;id&quot;:&quot;UKY5kVZs8EblYLzMf4VY&quot;},{&quot;accountno&quot;:&quot;TA-23m3798&quot;,&quot;departmentno&quot;:&quot;5&quot;,&quot;salary&quot;:&quot;98000&quot;,&quot;pincode&quot;:&quot;256331&quot;,&quot;userid&quot;:&quot;t7klgJQVzg4APHTnBj4V&quot;,&quot;id&quot;:&quot;B0ok5nW4pjzQBJUFaGgr&quot;},{&quot;accountno&quot;:&quot;TA-23m3798&quot;,&quot;departmentno&quot;:&quot;5&quot;,&quot;salary&quot;:&quot;98000&quot;,&quot;pincode&quot;:&quot;256331&quot;,&quot;userid&quot;:&quot;t7klgJQVzg4APHTnBj4V&quot;,&quot;id&quot;:&quot;9ov4f6qvgK0GknbePLeC&quot;},{&quot;accountno&quot;:&quot;TA-23m3798&quot;,&quot;departmentno&quot;:&quot;5&quot;,&quot;salary&quot;:&quot;98000&quot;,&quot;pincode&quot;:&quot;256331&quot;,&quot;userid&quot;:&quot;t7klgJQVzg4APHTnBj4V&quot;,&quot;id&quot;:&quot;q4abpmFlY3wX8lETU2f5&quot;},{&quot;accountno&quot;:&quot;TA-23m3798&quot;,&quot;departmentno&quot;:&quot;5&quot;,&quot;salary&quot;:&quot;98000&quot;,&quot;pincode&quot;:&quot;256331&quot;,&quot;userid&quot;:&quot;t7klgJQVzg4APHTnBj4V&quot;,&quot;id&quot;:&quot;D53NgciWd5ccHGa5FQWU&quot;},{&quot;accountno&quot;:&quot;TA-23m3798&quot;,&quot;departmentno&quot;:&quot;5&quot;,&quot;salary&quot;:&quot;98000&quot;,&quot;pincode&quot;:&quot;256331&quot;,&quot;userid&quot;:&quot;t7klgJQVzg4APHTnBj4V&quot;,&quot;id&quot;:&quot;2DFTiXTUHz4jlbIpuO1O&quot;},{&quot;accountno&quot;:&quot;TA-2345m67&quot;,&quot;departmentno&quot;:&quot;3&quot;,&quot;salary&quot;:&quot;6500&quot;,&quot;pincode&quot;:&quot;563421&quot;,&quot;userid&quot;:&quot;t7klgJQVzg4APHTnBj4V&quot;,&quot;id&quot;:&quot;BtLaPcyIZUhRQHNMC6pR&quot;},{&quot;accountno&quot;:&quot;TA-23m3778&quot;,&quot;departmentno&quot;:&quot;5&quot;,&quot;salary&quot;:&quot;98000&quot;,&quot;pincode&quot;:&quot;256331&quot;,&quot;userid&quot;:&quot;t7klgJQVzg4APHTnBj4V&quot;,&quot;id&quot;:&quot;T7inPbfrbOi1LAeCtG42&quot;},{&quot;accountno&quot;:&quot;TA-23m3778&quot;,&quot;departmentno&quot;:&quot;5&quot;,&quot;salary&quot;:&quot;98000&quot;,&quot;pincode&quot;:&quot;256331&quot;,&quot;userid&quot;:&quot;t7klgJQVzg4APHTnBj4V&quot;,&quot;id&quot;:&quot;3bhVKtgIFDixYJXBaAc9&quot;},{&quot;accountno&quot;:&quot;TA-11009900&quot;,&quot;departmentno&quot;:&quot;4&quot;,&quot;salary&quot;:&quot;12345&quot;,&quot;pincode&quot;:&quot;111111&quot;,&quot;userid&quot;:&quot;aVdljSDe6iv9cKXGCYOU&quot;,&quot;id&quot;:&quot;3awddK8wbeqthT5NlXfd&quot;},{&quot;accountno&quot;:&quot;TA-23m3778&quot;,&quot;departmentno&quot;:&quot;5&quot;,&quot;salary&quot;:&quot;98000&quot;,&quot;pincode&quot;:&quot;256331&quot;,&quot;userid&quot;:&quot;t7klgJQVzg4APHTnBj4V&quot;,&quot;id&quot;:&quot;C4vBo2khKTwTR5CwNhCS&quot;},{&quot;accountno&quot;:&quot;TA-987457z&quot;,&quot;departmentno&quot;:&quot;9&quot;,&quot;salary&quot;:&quot;9005&quot;,&quot;pincode&quot;:&quot;555999&quot;,&quot;userid&quot;:&quot;b71uEdUihkqfflCnozQm&quot;,&quot;id&quot;:&quot;7k8ly52oEe8u24Dr59mD&quot;},{&quot;accountno&quot;:&quot;TA-23m3777&quot;,&quot;departmentno&quot;:&quot;5&quot;,&quot;salary&quot;:&quot;98000&quot;,&quot;pincode&quot;:&quot;256331&quot;,&quot;userid&quot;:&quot;t7klgJQVzg4APHTnBj4V&quot;,&quot;id&quot;:&quot;bYRIioxLZ3ZS4k2ImWqe&quot;},{&quot;accountno&quot;:&quot;TA-1234z45&quot;,&quot;departmentno&quot;:&quot;1&quot;,&quot;salary&quot;:&quot;54464&quot;,&quot;pincode&quot;:&quot;545547&quot;,&quot;userid&quot;:&quot;viUByTYBXk6ZqpGadjmi&quot;,&quot;id&quot;:&quot;O4qw3D31K6exA8AZJeO3&quot;},{&quot;accountno&quot;:&quot;TA-6666666&quot;,&quot;departmentno&quot;:&quot;6&quot;,&quot;salary&quot;:&quot;666&quot;,&quot;pincode&quot;:&quot;666666&quot;,&quot;userid&quot;:&quot;M1KEEzc8nwtMhi1LuaWy&quot;,&quot;id&quot;:&quot;qCLuOwDE0R3qJkvE0iqI&quot;},{&quot;accountno&quot;:&quot;TA-6666666&quot;,&quot;departmentno&quot;:&quot;6&quot;,&quot;salary&quot;:&quot;666&quot;,&quot;pincode&quot;:&quot;666666&quot;,&quot;userid&quot;:&quot;M1KEEzc8nwtMhi1LuaWy&quot;,&quot;id&quot;:&quot;6spZUNKXXpGbDwOSZnqj&quot;},{&quot;accountno&quot;:&quot;TA-6666666&quot;,&quot;departmentno&quot;:5,&quot;salary&quot;:666,&quot;pincode&quot;:666666,&quot;userid&quot;:&quot;M1KEEzc8nwtMhi1LuaWy&quot;,&quot;id&quot;:&quot;DTxhmyfRxFG57uxT3A6v&quot;},{&quot;accountno&quot;:&quot;TA-23m3777&quot;,&quot;departmentno&quot;:&quot;5&quot;,&quot;salary&quot;:&quot;98000&quot;,&quot;pincode&quot;:&quot;256331&quot;,&quot;userid&quot;:&quot;t7klgJQVzg4APHTnBj4V&quot;,&quot;id&quot;:&quot;Qy4zKm8aYuNwFhHeqkIE&quot;},{&quot;accountno&quot;:&quot;TA-2333gh7&quot;,&quot;departmentno&quot;:&quot;3&quot;,&quot;salary&quot;:&quot;6580&quot;,&quot;pincode&quot;:&quot;363421&quot;,&quot;userid&quot;:&quot;t7klgJQVzg4APHTnBj4V&quot;,&quot;id&quot;:&quot;AYtAZLEUBe8IHPqUQWGl&quot;},{&quot;accountno&quot;:&quot;TA-0099800&quot;,&quot;departmentno&quot;:&quot;1&quot;,&quot;salary&quot;:&quot;123&quot;,&quot;pincode&quot;:&quot;000999&quot;,&quot;userid&quot;:&quot;zhFI4oQlHjP2cn3mW3GP&quot;,&quot;id&quot;:&quot;Uez1yIbi4eIGd0jpLAQe&quot;},{&quot;accountno&quot;:&quot;TA-1234O45&quot;,&quot;departmentno&quot;:&quot;3&quot;,&quot;salary&quot;:&quot;545434&quot;,&quot;pincode&quot;:&quot;546545&quot;,&quot;userid&quot;:&quot;viUByTYBXk6ZqpGadjmi&quot;,&quot;id&quot;:&quot;TD7l3feb7LG2dx45SzgS&quot;},{&quot;accountno&quot;:&quot;TA-1234O45&quot;,&quot;departmentno&quot;:&quot;3&quot;,&quot;salary&quot;:&quot;545434&quot;,&quot;pincode&quot;:&quot;546545&quot;,&quot;userid&quot;:&quot;viUByTYBXk6ZqpGadjmi&quot;,&quot;id&quot;:&quot;ZW7YU61tTZibSQmQc1F7&quot;},{&quot;accountno&quot;:&quot;TA-1234O45&quot;,&quot;departmentno&quot;:&quot;3&quot;,&quot;salary&quot;:&quot;545434&quot;,&quot;pincode&quot;:&quot;546545&quot;,&quot;userid&quot;:&quot;viUByTYBXk6ZqpGadjmi&quot;,&quot;id&quot;:&quot;ChXu56p3rFkpUfq9yEhL&quot;},{&quot;accountno&quot;:&quot;TA-1234O45&quot;,&quot;departmentno&quot;:&quot;1&quot;,&quot;salary&quot;:&quot;54464&quot;,&quot;pincode&quot;:&quot;545547&quot;,&quot;userid&quot;:&quot;viUByTYBXk6ZqpGadjmi&quot;,&quot;id&quot;:&quot;FumTqaxtbRtE5DrhVDg3&quot;},{&quot;accountno&quot;:&quot;TA-SP22222&quot;,&quot;departmentno&quot;:&quot;1&quot;,&quot;salary&quot;:&quot;655&quot;,&quot;pincode&quot;:&quot;654321&quot;,&quot;userid&quot;:&quot;mU6hIQUZQfsauAPg6TXX&quot;,&quot;id&quot;:&quot;Bk1T468wjQTbrPTLh8iK&quot;},{&quot;accountno&quot;:&quot;TA-SP11111&quot;,&quot;departmentno&quot;:&quot;1&quot;,&quot;salary&quot;:&quot;655&quot;,&quot;pincode&quot;:&quot;654321&quot;,&quot;userid&quot;:&quot;mU6hIQUZQfsauAPg6TXX&quot;,&quot;id&quot;:&quot;VQoZljB3ywGOqqTGMRi7&quot;},{&quot;accountno&quot;:&quot;TA-1234g45&quot;,&quot;departmentno&quot;:&quot;1&quot;,&quot;salary&quot;:&quot;54464&quot;,&quot;pincode&quot;:&quot;545547&quot;,&quot;userid&quot;:&quot;viUByTYBXk6ZqpGadjmi&quot;,&quot;id&quot;:&quot;2yvYxV868WthfOyE7aUC&quot;},{&quot;accountno&quot;:&quot;TA-1234g45&quot;,&quot;departmentno&quot;:&quot;1&quot;,&quot;salary&quot;:&quot;54464&quot;,&quot;pincode&quot;:&quot;545547&quot;,&quot;userid&quot;:&quot;viUByTYBXk6ZqpGadjmi&quot;,&quot;id&quot;:&quot;kJtOKzPtMSOzPr9B7vQF&quot;},{&quot;accountno&quot;:&quot;TA-SP34591&quot;,&quot;departmentno&quot;:&quot;3&quot;,&quot;salary&quot;:&quot;655&quot;,&quot;pincode&quot;:&quot;654321&quot;,&quot;userid&quot;:&quot;mU6hIQUZQfsauAPg6TXX&quot;,&quot;id&quot;:&quot;nL1oIK44tFNoxAYvp8jZ&quot;},{&quot;accountno&quot;:&quot;TA-43245r5&quot;,&quot;departmentno&quot;:&quot;5&quot;,&quot;salary&quot;:&quot;5678&quot;,&quot;pincode&quot;:&quot;456789&quot;,&quot;userid&quot;:&quot;snbiwTHq5gvRDRN2DdKF&quot;,&quot;id&quot;:&quot;InWyT0e1ehgv8xsykoct&quot;},{&quot;accountno&quot;:&quot;TA-1234N45&quot;,&quot;departmentno&quot;:&quot;3&quot;,&quot;salary&quot;:&quot;55555&quot;,&quot;pincode&quot;:&quot;545547&quot;,&quot;userid&quot;:&quot;viUByTYBXk6ZqpGadjmi&quot;,&quot;id&quot;:&quot;If2Ko4uzzXZn7YKSgTga&quot;},{&quot;accountno&quot;:&quot;TA-1234M45&quot;,&quot;departmentno&quot;:&quot;3&quot;,&quot;salary&quot;:&quot;55555&quot;,&quot;pincode&quot;:&quot;545547&quot;,&quot;userid&quot;:&quot;viUByTYBXk6ZqpGadjmi&quot;,&quot;id&quot;:&quot;qdxyGGYP6LutA1quvczu&quot;},{&quot;accountno&quot;:&quot;TA-1234l45&quot;,&quot;departmentno&quot;:&quot;1&quot;,&quot;salary&quot;:&quot;54464&quot;,&quot;pincode&quot;:&quot;545547&quot;,&quot;userid&quot;:&quot;viUByTYBXk6ZqpGadjmi&quot;,&quot;id&quot;:&quot;SSMTTUE9MH0OqAp7ryeE&quot;},{&quot;accountno&quot;:&quot;TA-1234l45&quot;,&quot;departmentno&quot;:&quot;1&quot;,&quot;salary&quot;:&quot;54464&quot;,&quot;pincode&quot;:&quot;545547&quot;,&quot;userid&quot;:&quot;viUByTYBXk6ZqpGadjmi&quot;,&quot;id&quot;:&quot;m6YjnjvqHSgwt6SJ7mDN&quot;},{&quot;accountno&quot;:&quot;DA-eclipse&quot;,&quot;departmentno&quot;:&quot;1&quot;,&quot;salary&quot;:&quot;1000&quot;,&quot;pincode&quot;:&quot;342435&quot;,&quot;userid&quot;:&quot;zhFI4oQlHjP2cn3mW3GP&quot;,&quot;id&quot;:&quot;w7dQVVx6N9aslKZkGoi9&quot;},{&quot;accountno&quot;:&quot;TA-1234l45&quot;,&quot;departmentno&quot;:&quot;1&quot;,&quot;salary&quot;:&quot;54464&quot;,&quot;pincode&quot;:&quot;545547&quot;,&quot;userid&quot;:&quot;viUByTYBXk6ZqpGadjmi&quot;,&quot;id&quot;:&quot;LS4fzrxH6lbLdpOF2HHm&quot;},{&quot;accountno&quot;:&quot;DA-eclipse&quot;,&quot;departmentno&quot;:&quot;1&quot;,&quot;salary&quot;:&quot;1000&quot;,&quot;pincode&quot;:&quot;342435&quot;,&quot;userid&quot;:&quot;taGX4XQQfXD3Z76sI1Xn&quot;,&quot;id&quot;:&quot;JN1Vf7Aw1wB3YIvZM6J9&quot;},{&quot;accountno&quot;:&quot;TA-1234k45&quot;,&quot;departmentno&quot;:&quot;1&quot;,&quot;salary&quot;:&quot;54464&quot;,&quot;pincode&quot;:&quot;545547&quot;,&quot;userid&quot;:&quot;viUByTYBXk6ZqpGadjmi&quot;,&quot;id&quot;:&quot;bDM3wArnYeNYtNM0YgCT&quot;},{&quot;accountno&quot;:&quot;TA-1234j45&quot;,&quot;departmentno&quot;:&quot;1&quot;,&quot;salary&quot;:&quot;54464&quot;,&quot;pincode&quot;:&quot;545547&quot;,&quot;userid&quot;:&quot;viUByTYBXk6ZqpGadjmi&quot;,&quot;id&quot;:&quot;Vm4MpIKTJ16HHyje9tEh&quot;},{&quot;accountno&quot;:&quot;TA-SP22222&quot;,&quot;departmentno&quot;:&quot;1&quot;,&quot;salary&quot;:&quot;655&quot;,&quot;pincode&quot;:&quot;654321&quot;,&quot;userid&quot;:&quot;mU6hIQUZQfsauAPg6TXX&quot;,&quot;id&quot;:&quot;cJKppiijL81AZkaAWzz6&quot;},{&quot;accountno&quot;:&quot;TA-SP11111&quot;,&quot;departmentno&quot;:&quot;1&quot;,&quot;salary&quot;:&quot;655&quot;,&quot;pincode&quot;:&quot;654321&quot;,&quot;userid&quot;:&quot;mU6hIQUZQfsauAPg6TXX&quot;,&quot;id&quot;:&quot;1fVkqEb2YA3Hi49gJYuE&quot;},{&quot;accountno&quot;:&quot;TA-1234i45&quot;,&quot;departmentno&quot;:&quot;1&quot;,&quot;salary&quot;:&quot;54464&quot;,&quot;pincode&quot;:&quot;545547&quot;,&quot;userid&quot;:&quot;viUByTYBXk6ZqpGadjmi&quot;,&quot;id&quot;:&quot;9cgbtovuAQqtEl1CP1Kv&quot;},{&quot;accountno&quot;:&quot;TA-1234j45&quot;,&quot;departmentno&quot;:&quot;1&quot;,&quot;salary&quot;:&quot;54464&quot;,&quot;pincode&quot;:&quot;545547&quot;,&quot;userid&quot;:&quot;viUByTYBXk6ZqpGadjmi&quot;,&quot;id&quot;:&quot;8t5YBNfjvvM5fgcawJKC&quot;},{&quot;accountno&quot;:&quot;TA-1234j45&quot;,&quot;departmentno&quot;:&quot;1&quot;,&quot;salary&quot;:&quot;54464&quot;,&quot;pincode&quot;:&quot;545547&quot;,&quot;userid&quot;:&quot;viUByTYBXk6ZqpGadjmi&quot;,&quot;id&quot;:&quot;uFMrREiktbQtsKXndzSK&quot;},{&quot;accountno&quot;:&quot;TA-SP11111&quot;,&quot;departmentno&quot;:&quot;1&quot;,&quot;salary&quot;:&quot;655&quot;,&quot;pincode&quot;:&quot;654321&quot;,&quot;userid&quot;:&quot;mU6hIQUZQfsauAPg6TXX&quot;,&quot;id&quot;:&quot;HygNQroXr7Nyd66Hb6hF&quot;},{&quot;accountno&quot;:&quot;TA-SP22222&quot;,&quot;departmentno&quot;:&quot;1&quot;,&quot;salary&quot;:&quot;655&quot;,&quot;pincode&quot;:&quot;654321&quot;,&quot;userid&quot;:&quot;mU6hIQUZQfsauAPg6TXX&quot;,&quot;id&quot;:&quot;59iDEdQJZiBtmeNdtPol&quot;},{&quot;accountno&quot;:&quot;TA-2222222&quot;,&quot;departmentno&quot;:&quot;1&quot;,&quot;salary&quot;:&quot;11111&quot;,&quot;pincode&quot;:&quot;111111&quot;,&quot;userid&quot;:&quot;i4LcNXqAFuI39rMbEAn9&quot;,&quot;id&quot;:&quot;t4fIdlMe56og2rNhWPQT&quot;},{&quot;accountno&quot;:&quot;TA-1100990s&quot;,&quot;departmentno&quot;:&quot;3&quot;,&quot;salary&quot;:&quot;3456&quot;,&quot;pincode&quot;:&quot;123456&quot;,&quot;userid&quot;:&quot;aVdljSDe6iv9cKXGCYOU&quot;,&quot;id&quot;:&quot;uU0QpJ3u6fvHFwpkOBDS&quot;},{&quot;accountno&quot;:&quot;TA-1234g45&quot;,&quot;departmentno&quot;:&quot;1&quot;,&quot;salary&quot;:&quot;54464&quot;,&quot;pincode&quot;:&quot;545547&quot;,&quot;userid&quot;:&quot;viUByTYBXk6ZqpGadjmi&quot;,&quot;id&quot;:&quot;fbWxn6oIBs33r5pEv0Ba&quot;},{&quot;accountno&quot;:&quot;TA-11009900&quot;,&quot;departmentno&quot;:&quot;3&quot;,&quot;salary&quot;:&quot;3456&quot;,&quot;pincode&quot;:&quot;123456&quot;,&quot;userid&quot;:&quot;aVdljSDe6iv9cKXGCYOU&quot;,&quot;id&quot;:&quot;FHphPmouOi86Z7zKPOhp&quot;},{&quot;accountno&quot;:&quot;TA-11009900&quot;,&quot;departmentno&quot;:&quot;3&quot;,&quot;salary&quot;:&quot;3456&quot;,&quot;pincode&quot;:&quot;123456&quot;,&quot;userid&quot;:&quot;aVdljSDe6iv9cKXGCYOU&quot;,&quot;id&quot;:&quot;6PhCqeeCmYEfzYHZwcrV&quot;},{&quot;accountno&quot;:&quot;TA-2222222&quot;,&quot;departmentno&quot;:&quot;1&quot;,&quot;salary&quot;:&quot;11111&quot;,&quot;pincode&quot;:&quot;111111&quot;,&quot;userid&quot;:&quot;i4LcNXqAFuI39rMbEAn9&quot;,&quot;id&quot;:&quot;2s15DZUMNrE0f7KCFwnM&quot;},{&quot;accountno&quot;:&quot;TA-2345m67&quot;,&quot;departmentno&quot;:&quot;3&quot;,&quot;salary&quot;:&quot;6500&quot;,&quot;pincode&quot;:&quot;563421&quot;,&quot;userid&quot;:&quot;t7klgJQVzg4APHTnBj4V&quot;,&quot;id&quot;:&quot;eoxhHp6G5cXnvY1J0mnZ&quot;},{&quot;accountno&quot;:&quot;TA-1111111&quot;,&quot;departmentno&quot;:&quot;1&quot;,&quot;salary&quot;:&quot;11111&quot;,&quot;pincode&quot;:&quot;111111&quot;,&quot;userid&quot;:&quot;i4LcNXqAFuI39rMbEAn9&quot;,&quot;id&quot;:&quot;767yeRX7jcV8QebsE9Lw&quot;},{&quot;accountno&quot;:&quot;TA-112233&quot;,&quot;departmentno&quot;:&quot;10&quot;,&quot;salary&quot;:&quot;90000&quot;,&quot;pincode&quot;:&quot;111421&quot;,&quot;userid&quot;:&quot;t7klgJQVzg4APHTnBj4V&quot;,&quot;id&quot;:&quot;HVl2QGORymyX7Kk6Y1dV&quot;},{&quot;accountno&quot;:&quot;TA-112233&quot;,&quot;departmentno&quot;:&quot;10&quot;,&quot;salary&quot;:&quot;90000&quot;,&quot;pincode&quot;:&quot;111421&quot;,&quot;userid&quot;:&quot;t7klgJQVzg4APHTnBj4V&quot;,&quot;id&quot;:&quot;qHzOxC3spYw6Pk9xXfi0&quot;},{&quot;accountno&quot;:&quot;TA-23994B7&quot;,&quot;departmentno&quot;:&quot;8&quot;,&quot;salary&quot;:&quot;76543&quot;,&quot;pincode&quot;:&quot;234567&quot;,&quot;userid&quot;:&quot;snbiwTHq5gvRDRN2DdKF&quot;,&quot;id&quot;:&quot;SfIGwW6t4yRLbukTrciQ&quot;},{&quot;accountno&quot;:&quot;TA-23554r7&quot;,&quot;departmentno&quot;:&quot;5&quot;,&quot;salary&quot;:&quot;5678&quot;,&quot;pincode&quot;:&quot;456789&quot;,&quot;userid&quot;:&quot;snbiwTHq5gvRDRN2DdKF&quot;,&quot;id&quot;:&quot;R4EsQtPdHP2D2awX1Bzb&quot;},{&quot;accountno&quot;:&quot;TA-23555k7&quot;,&quot;departmentno&quot;:&quot;5&quot;,&quot;salary&quot;:&quot;5678&quot;,&quot;pincode&quot;:&quot;456789&quot;,&quot;userid&quot;:&quot;snbiwTHq5gvRDRN2DdKF&quot;,&quot;id&quot;:&quot;mwpad3L8Ifmx7nYKq28w&quot;},{&quot;accountno&quot;:&quot;TA-23466n7&quot;,&quot;departmentno&quot;:&quot;5&quot;,&quot;salary&quot;:&quot;5678&quot;,&quot;pincode&quot;:&quot;456789&quot;,&quot;userid&quot;:&quot;snbiwTHq5gvRDRN2DdKF&quot;,&quot;id&quot;:&quot;pjWGdPpixuIm6aUjfgkK&quot;},{&quot;accountno&quot;:&quot;TA-43245r5&quot;,&quot;departmentno&quot;:&quot;5&quot;,&quot;salary&quot;:&quot;5678&quot;,&quot;pincode&quot;:&quot;456789&quot;,&quot;userid&quot;:&quot;snbiwTHq5gvRDRN2DdKF&quot;,&quot;id&quot;:&quot;XH8B26zcc7RZrbZg6b6p&quot;},{&quot;accountno&quot;:&quot;TA-9876l56&quot;,&quot;departmentno&quot;:&quot;6&quot;,&quot;salary&quot;:&quot;7002&quot;,&quot;pincode&quot;:&quot;111112&quot;,&quot;userid&quot;:&quot;b71uEdUihkqfflCnozQm&quot;,&quot;id&quot;:&quot;NFcxk0gt7orufYowYn4M&quot;},{&quot;accountno&quot;:&quot;TA-9876l53&quot;,&quot;departmentno&quot;:&quot;9&quot;,&quot;salary&quot;:&quot;7002&quot;,&quot;pincode&quot;:&quot;111112&quot;,&quot;userid&quot;:&quot;b71uEdUihkqfflCnozQm&quot;,&quot;id&quot;:&quot;9IEWuVIyMIFY6x3FBytk&quot;},{&quot;accountno&quot;:&quot;TA-9876l52&quot;,&quot;departmentno&quot;:&quot;9&quot;,&quot;salary&quot;:&quot;7001&quot;,&quot;pincode&quot;:&quot;111111&quot;,&quot;userid&quot;:&quot;b71uEdUihkqfflCnozQm&quot;,&quot;id&quot;:&quot;N6az26eNdgzvySjmRnB1&quot;},{&quot;accountno&quot;:&quot;TA-1234i45&quot;,&quot;departmentno&quot;:&quot;1&quot;,&quot;salary&quot;:&quot;54464&quot;,&quot;pincode&quot;:&quot;545547&quot;,&quot;userid&quot;:&quot;viUByTYBXk6ZqpGadjmi&quot;,&quot;id&quot;:&quot;mU1DNvhWrLFbvQdDZ9qJ&quot;},{&quot;accountno&quot;:&quot;TA-1234h45&quot;,&quot;departmentno&quot;:&quot;1&quot;,&quot;salary&quot;:&quot;54464&quot;,&quot;pincode&quot;:&quot;545547&quot;,&quot;userid&quot;:&quot;viUByTYBXk6ZqpGadjmi&quot;,&quot;id&quot;:&quot;wOoXKFdLyC9Rzh1v4T5j&quot;},{&quot;accountno&quot;:&quot;TA-343432e&quot;,&quot;departmentno&quot;:&quot;3&quot;,&quot;salary&quot;:&quot;232422&quot;,&quot;pincode&quot;:&quot;342334&quot;,&quot;userid&quot;:&quot;viUByTYBXk6ZqpGadjmi&quot;,&quot;id&quot;:&quot;v6pEukcF7qwQU4Iq99Vi&quot;},{&quot;accountno&quot;:&quot;TA-2341d67&quot;,&quot;departmentno&quot;:&quot;5&quot;,&quot;salary&quot;:&quot;5678&quot;,&quot;pincode&quot;:&quot;456789&quot;,&quot;userid&quot;:&quot;snbiwTHq5gvRDRN2DdKF&quot;,&quot;id&quot;:&quot;kGwqR2E3OVJM0deacRms&quot;},{&quot;accountno&quot;:&quot;TA-6565656&quot;,&quot;departmentno&quot;:&quot;6&quot;,&quot;salary&quot;:&quot;555&quot;,&quot;pincode&quot;:&quot;565656&quot;,&quot;userid&quot;:&quot;M1KEEzc8nwtMhi1LuaWy&quot;,&quot;id&quot;:&quot;H3f6gvfYh71bZ2txdzdH&quot;},{&quot;accountno&quot;:&quot;TA-112233&quot;,&quot;departmentno&quot;:&quot;10&quot;,&quot;salary&quot;:&quot;90000&quot;,&quot;pincode&quot;:&quot;111421&quot;,&quot;userid&quot;:&quot;t7klgJQVzg4APHTnBj4V&quot;,&quot;id&quot;:&quot;mkPKcpqj92lPl1GXTk1z&quot;},{&quot;accountno&quot;:&quot;TA-112233&quot;,&quot;departmentno&quot;:&quot;10&quot;,&quot;salary&quot;:&quot;90000&quot;,&quot;pincode&quot;:&quot;111421&quot;,&quot;userid&quot;:&quot;t7klgJQVzg4APHTnBj4V&quot;,&quot;id&quot;:&quot;eD0xUSwacoV8pOjz9wk6&quot;},{&quot;accountno&quot;:&quot;TA-112233&quot;,&quot;departmentno&quot;:&quot;10&quot;,&quot;salary&quot;:&quot;90000&quot;,&quot;pincode&quot;:&quot;111421&quot;,&quot;userid&quot;:&quot;t7klgJQVzg4APHTnBj4V&quot;,&quot;id&quot;:&quot;XjvmnrIFGAwvX6eRRSPU&quot;},{&quot;accountno&quot;:&quot;TA-1000000&quot;,&quot;departmentno&quot;:&quot;1&quot;,&quot;salary&quot;:&quot;100&quot;,&quot;pincode&quot;:&quot;100000&quot;,&quot;userid&quot;:&quot;pHFLMstXPugubAmpW8wL&quot;,&quot;id&quot;:&quot;E84eJwLSCjUwLAm4Ljlo&quot;},{&quot;accountno&quot;:&quot;TA-2000000&quot;,&quot;departmentno&quot;:&quot;6&quot;,&quot;salary&quot;:&quot;979&quot;,&quot;pincode&quot;:&quot;565656&quot;,&quot;userid&quot;:&quot;M1KEEzc8nwtMhi1LuaWy&quot;,&quot;id&quot;:&quot;0beWS6nSTCk3A98hXePs&quot;},{&quot;accountno&quot;:&quot;TA-1000000&quot;,&quot;departmentno&quot;:&quot;1&quot;,&quot;salary&quot;:&quot;100&quot;,&quot;pincode&quot;:&quot;100000&quot;,&quot;userid&quot;:&quot;pHFLMstXPugubAmpW8wL&quot;,&quot;id&quot;:&quot;6jZsOP93CYHT1K7QqzKc&quot;},{&quot;accountno&quot;:&quot;TA-1119993&quot;,&quot;departmentno&quot;:&quot;1&quot;,&quot;salary&quot;:&quot;111&quot;,&quot;pincode&quot;:&quot;111111&quot;,&quot;userid&quot;:&quot;zUBiRdETa8r6GX7I1uw0&quot;,&quot;id&quot;:&quot;0cnWmNusjbtQxtm3k069&quot;},{&quot;accountno&quot;:&quot;TA-1234f45&quot;,&quot;departmentno&quot;:&quot;3&quot;,&quot;salary&quot;:&quot;55555&quot;,&quot;pincode&quot;:&quot;545547&quot;,&quot;userid&quot;:&quot;viUByTYBXk6ZqpGadjmi&quot;,&quot;id&quot;:&quot;A1NvwgBorrLCWHLJhdcz&quot;},{&quot;accountno&quot;:&quot;TA-11008888&quot;,&quot;departmentno&quot;:&quot;3&quot;,&quot;salary&quot;:&quot;3456&quot;,&quot;pincode&quot;:&quot;123456&quot;,&quot;userid&quot;:&quot;aVdljSDe6iv9cKXGCYOU&quot;,&quot;id&quot;:&quot;EfcIHecWekDTABcF9u0K&quot;},{&quot;accountno&quot;:&quot;TA-2333gh7&quot;,&quot;departmentno&quot;:&quot;3&quot;,&quot;salary&quot;:&quot;6580&quot;,&quot;pincode&quot;:&quot;363421&quot;,&quot;userid&quot;:&quot;t7klgJQVzg4APHTnBj4V&quot;,&quot;id&quot;:&quot;ZrxxGMm6SrvvBhzKSBJW&quot;},{&quot;accountno&quot;:&quot;TA-1100990&quot;,&quot;departmentno&quot;:2,&quot;salary&quot;:3456,&quot;pincode&quot;:123456,&quot;userid&quot;:&quot;aVdljSDe6iv9cKXGCYOU&quot;,&quot;id&quot;:&quot;B9JP5pza8oXXCLIldG7Z&quot;},{&quot;accountno&quot;:&quot;TA-2333k67&quot;,&quot;departmentno&quot;:&quot;3&quot;,&quot;salary&quot;:&quot;6500&quot;,&quot;pincode&quot;:&quot;563421&quot;,&quot;userid&quot;:&quot;t7klgJQVzg4APHTnBj4V&quot;,&quot;id&quot;:&quot;yx29VMq5S21FJRc75Xr1&quot;},{&quot;accountno&quot;:&quot;TA-1234e45&quot;,&quot;departmentno&quot;:&quot;1&quot;,&quot;salary&quot;:&quot;54464&quot;,&quot;pincode&quot;:&quot;545547&quot;,&quot;userid&quot;:&quot;viUByTYBXk6ZqpGadjmi&quot;,&quot;id&quot;:&quot;cQ8YTQcbmqNfBWRNM9TQ&quot;},{&quot;accountno&quot;:&quot;TA-1234d45&quot;,&quot;departmentno&quot;:&quot;1&quot;,&quot;salary&quot;:&quot;54464&quot;,&quot;pincode&quot;:&quot;545547&quot;,&quot;userid&quot;:&quot;viUByTYBXk6ZqpGadjmi&quot;,&quot;id&quot;:&quot;D8Ttm4HTI3XXpk9YdYGS&quot;},{&quot;accountno&quot;:&quot;TA-SP34591&quot;,&quot;departmentno&quot;:&quot;3&quot;,&quot;salary&quot;:&quot;655&quot;,&quot;pincode&quot;:&quot;654321&quot;,&quot;userid&quot;:&quot;mU6hIQUZQfsauAPg6TXX&quot;,&quot;id&quot;:&quot;aMVZlyFS4KwS7P5HfMEJ&quot;},{&quot;accountno&quot;:&quot;TA-SP22222&quot;,&quot;departmentno&quot;:&quot;1&quot;,&quot;salary&quot;:&quot;655&quot;,&quot;pincode&quot;:&quot;654321&quot;,&quot;userid&quot;:&quot;mU6hIQUZQfsauAPg6TXX&quot;,&quot;id&quot;:&quot;v6PVq1zNjYI5Xr8kGKSQ&quot;},{&quot;accountno&quot;:&quot;TA-SP34591&quot;,&quot;departmentno&quot;:&quot;3&quot;,&quot;salary&quot;:&quot;655&quot;,&quot;pincode&quot;:&quot;654321&quot;,&quot;userid&quot;:&quot;mU6hIQUZQfsauAPg6TXX&quot;,&quot;id&quot;:&quot;2EUHCdqBlXXcWBVXGLAM&quot;},{&quot;accountno&quot;:&quot;TA-SP11111&quot;,&quot;departmentno&quot;:&quot;1&quot;,&quot;salary&quot;:&quot;655&quot;,&quot;pincode&quot;:&quot;654321&quot;,&quot;userid&quot;:&quot;mU6hIQUZQfsauAPg6TXX&quot;,&quot;id&quot;:&quot;prdq3dpGEVDWFH7HLIYT&quot;},{&quot;accountno&quot;:&quot;TA-2333m67&quot;,&quot;departmentno&quot;:8,&quot;salary&quot;:6520,&quot;pincode&quot;:563424,&quot;userid&quot;:&quot;t7klgJQVzg4APHTnBj4V&quot;,&quot;id&quot;:&quot;yoQqrheTGW6kuzza1s6p&quot;},{&quot;accountno&quot;:&quot;TA-2333m67&quot;,&quot;departmentno&quot;:&quot;3&quot;,&quot;salary&quot;:&quot;6500&quot;,&quot;pincode&quot;:&quot;563421&quot;,&quot;userid&quot;:&quot;t7klgJQVzg4APHTnBj4V&quot;,&quot;id&quot;:&quot;HrItT7JxExhm8vfZwqpo&quot;},{&quot;accountno&quot;:&quot;TA-2345m67&quot;,&quot;departmentno&quot;:&quot;3&quot;,&quot;salary&quot;:&quot;6500&quot;,&quot;pincode&quot;:&quot;563421&quot;,&quot;userid&quot;:&quot;t7klgJQVzg4APHTnBj4V&quot;,&quot;id&quot;:&quot;49TxPJ3MzjsVZ6W9Q0bu&quot;},{&quot;accountno&quot;:&quot;TA-SP11111&quot;,&quot;departmentno&quot;:&quot;1&quot;,&quot;salary&quot;:&quot;655&quot;,&quot;pincode&quot;:&quot;654321&quot;,&quot;userid&quot;:&quot;mU6hIQUZQfsauAPg6TXX&quot;,&quot;id&quot;:&quot;aVUUmq7ZuaXt69sJmsIX&quot;},{&quot;accountno&quot;:&quot;TA-SP11111&quot;,&quot;departmentno&quot;:&quot;1&quot;,&quot;salary&quot;:&quot;655&quot;,&quot;pincode&quot;:&quot;654321&quot;,&quot;userid&quot;:&quot;mU6hIQUZQfsauAPg6TXX&quot;,&quot;id&quot;:&quot;2b8VoNwC2CvizaJT8495&quot;},{&quot;accountno&quot;:&quot;TA-1119992&quot;,&quot;departmentno&quot;:&quot;1&quot;,&quot;salary&quot;:&quot;111&quot;,&quot;pincode&quot;:&quot;111111&quot;,&quot;userid&quot;:&quot;zUBiRdETa8r6GX7I1uw0&quot;,&quot;id&quot;:&quot;siRINImfM8dzhNyigljl&quot;},{&quot;accountno&quot;:&quot;TA-SP00000&quot;,&quot;departmentno&quot;:3,&quot;salary&quot;:6550011,&quot;pincode&quot;:654321,&quot;userid&quot;:&quot;mU6hIQUZQfsauAPg6TXX&quot;,&quot;id&quot;:&quot;W3DfeDa11z1lnMD2EIZY&quot;},{&quot;accountno&quot;:&quot;TA-SP34591&quot;,&quot;departmentno&quot;:&quot;3&quot;,&quot;salary&quot;:&quot;655&quot;,&quot;pincode&quot;:&quot;654321&quot;,&quot;userid&quot;:&quot;mU6hIQUZQfsauAPg6TXX&quot;,&quot;id&quot;:&quot;gWIh9YuNWHckGoN0zJm7&quot;},{&quot;accountno&quot;:&quot;TA-SP34590&quot;,&quot;departmentno&quot;:&quot;3&quot;,&quot;salary&quot;:&quot;655&quot;,&quot;pincode&quot;:&quot;654321&quot;,&quot;userid&quot;:&quot;mU6hIQUZQfsauAPg6TXX&quot;,&quot;id&quot;:&quot;9S5ibez0fdhaRDYb9VfT&quot;},{&quot;accountno&quot;:&quot;TA-1112223&quot;,&quot;departmentno&quot;:2,&quot;salary&quot;:444,&quot;pincode&quot;:111222,&quot;userid&quot;:&quot;zUBiRdETa8r6GX7I1uw0&quot;,&quot;id&quot;:&quot;ezfNYsDMtvS3dEQGFU7F&quot;},{&quot;accountno&quot;:&quot;TA-1234567&quot;,&quot;departmentno&quot;:&quot;1&quot;,&quot;salary&quot;:&quot;9001&quot;,&quot;pincode&quot;:&quot;123456&quot;,&quot;userid&quot;:&quot;yM8rL6vNG9F9TysYDg9L&quot;,&quot;id&quot;:&quot;QJ9n52guWWXUxxDKjMsw&quot;},{&quot;accountno&quot;:&quot;USH-1234412&quot;,&quot;departmentno&quot;:&quot;1&quot;,&quot;salary&quot;:&quot;200000&quot;,&quot;pincode&quot;:&quot;772134&quot;,&quot;userid&quot;:&quot;qsAvy2acR3CH9AtEoVXA&quot;,&quot;id&quot;:&quot;o95LxW6qv0gy8pbqhgWt&quot;},{&quot;accountno&quot;:&quot;TA-9876l51&quot;,&quot;departmentno&quot;:&quot;7&quot;,&quot;salary&quot;:&quot;9001&quot;,&quot;pincode&quot;:&quot;999988&quot;,&quot;userid&quot;:&quot;b71uEdUihkqfflCnozQm&quot;,&quot;id&quot;:&quot;gPBOstx2Inyi1ipAgXjq&quot;},{&quot;accountno&quot;:&quot;TA-9876l55&quot;,&quot;departmentno&quot;:&quot;1&quot;,&quot;salary&quot;:&quot;900&quot;,&quot;pincode&quot;:&quot;999999&quot;,&quot;userid&quot;:&quot;b71uEdUihkqfflCnozQm&quot;,&quot;id&quot;:&quot;iLs5ZONmcEphcYoElxQE&quot;},{&quot;accountno&quot;:&quot;TA-9876l54&quot;,&quot;departmentno&quot;:&quot;1&quot;,&quot;salary&quot;:&quot;900&quot;,&quot;pincode&quot;:&quot;999999&quot;,&quot;userid&quot;:&quot;b71uEdUihkqfflCnozQm&quot;,&quot;id&quot;:&quot;Vajw6L1FsGNnjzuaz8Q5&quot;},{&quot;accountno&quot;:&quot;TA-9876l54&quot;,&quot;departmentno&quot;:&quot;1&quot;,&quot;salary&quot;:&quot;900&quot;,&quot;pincode&quot;:&quot;999999&quot;,&quot;userid&quot;:&quot;b71uEdUihkqfflCnozQm&quot;,&quot;id&quot;:&quot;WUyaPGn1RgcU7XevXa6h&quot;},{&quot;accountno&quot;:&quot;TA-9876l54&quot;,&quot;departmentno&quot;:&quot;1&quot;,&quot;salary&quot;:&quot;900&quot;,&quot;pincode&quot;:&quot;999999&quot;,&quot;userid&quot;:&quot;b71uEdUihkqfflCnozQm&quot;,&quot;id&quot;:&quot;kOXPqrzJ6IM7QlCotf6z&quot;},{&quot;accountno&quot;:&quot;TA-9876l54&quot;,&quot;departmentno&quot;:&quot;1&quot;,&quot;salary&quot;:&quot;900&quot;,&quot;pincode&quot;:&quot;999999&quot;,&quot;userid&quot;:&quot;b71uEdUihkqfflCnozQm&quot;,&quot;id&quot;:&quot;zUgsgIGNSGhrl1O8R6J0&quot;},{&quot;accountno&quot;:&quot;TA-9876l54&quot;,&quot;departmentno&quot;:&quot;1&quot;,&quot;salary&quot;:&quot;900&quot;,&quot;pincode&quot;:&quot;999999&quot;,&quot;userid&quot;:&quot;b71uEdUihkqfflCnozQm&quot;,&quot;id&quot;:&quot;2mJl8TBLk6b6K2angsK2&quot;},{&quot;accountno&quot;:&quot;TA-1111222&quot;,&quot;departmentno&quot;:&quot;1&quot;,&quot;salary&quot;:&quot;10000&quot;,&quot;pincode&quot;:&quot;123123&quot;,&quot;userid&quot;:&quot;QZG5HCtogYDoLSFP2aTC&quot;,&quot;id&quot;:&quot;iT4MZkSJ64D59rnGX7ZF&quot;},{&quot;accountno&quot;:&quot;TA-2212327&quot;,&quot;departmentno&quot;:&quot;8&quot;,&quot;salary&quot;:&quot;77778&quot;,&quot;pincode&quot;:&quot;140308&quot;,&quot;userid&quot;:&quot;upFYssz6Q3HXdLarfM0M&quot;,&quot;id&quot;:&quot;Edg29BMWkKuwXHF0UE70&quot;},{&quot;accountno&quot;:&quot;TA-2212323&quot;,&quot;departmentno&quot;:&quot;7&quot;,&quot;salary&quot;:&quot;77777&quot;,&quot;pincode&quot;:&quot;140306&quot;,&quot;userid&quot;:&quot;upFYssz6Q3HXdLarfM0M&quot;,&quot;id&quot;:&quot;z0rDWgX0f7R5rx6nn1KG&quot;},{&quot;accountno&quot;:&quot;TA-6214t57&quot;,&quot;departmentno&quot;:1,&quot;salary&quot;:&quot;4007&quot;,&quot;pincode&quot;:&quot;723657&quot;,&quot;userid&quot;:&quot;b71uEdUihkqfflCnozQm&quot;,&quot;id&quot;:&quot;O6WKpZbcMVWlQncXIWsU&quot;},{&quot;accountno&quot;:&quot;TA-6214t56&quot;,&quot;departmentno&quot;:&quot;8&quot;,&quot;salary&quot;:&quot;4000&quot;,&quot;pincode&quot;:&quot;723456&quot;,&quot;userid&quot;:&quot;b71uEdUihkqfflCnozQm&quot;,&quot;id&quot;:&quot;GvtzR7LusjHLsGLhGIRB&quot;},{&quot;accountno&quot;:&quot;TA-1234t56&quot;,&quot;departmentno&quot;:1,&quot;salary&quot;:400,&quot;pincode&quot;:123456,&quot;userid&quot;:&quot;b71uEdUihkqfflCnozQm&quot;,&quot;id&quot;:&quot;nEiUgP7ijNKSuQJjNhfN&quot;},{&quot;accountno&quot;:&quot;TA-1234567&quot;,&quot;departmentno&quot;:&quot;1&quot;,&quot;salary&quot;:&quot;9876&quot;,&quot;pincode&quot;:&quot;321321&quot;,&quot;userid&quot;:&quot;lgxY6iFMkgQjMJPqffZX&quot;,&quot;id&quot;:&quot;v0tzAmdzoIO4SVY5hEKE&quot;},{&quot;accountno&quot;:&quot;TA-123n456&quot;,&quot;departmentno&quot;:&quot;7&quot;,&quot;salary&quot;:&quot;7000&quot;,&quot;pincode&quot;:&quot;123456&quot;,&quot;userid&quot;:&quot;o4FDbZMJElX44kOM78mO&quot;,&quot;id&quot;:&quot;sZ8RRQ0zHOO4vm8m3weq&quot;},{&quot;accountno&quot;:&quot;TA-3344u89&quot;,&quot;departmentno&quot;:4,&quot;salary&quot;:2305,&quot;pincode&quot;:456780,&quot;userid&quot;:&quot;b71uEdUihkqfflCnozQm&quot;,&quot;id&quot;:&quot;RfLisr1CxgL1yQWDh7iW&quot;},{&quot;accountno&quot;:&quot;TA-2345t67&quot;,&quot;departmentno&quot;:&quot;3&quot;,&quot;salary&quot;:&quot;4500&quot;,&quot;pincode&quot;:&quot;563421&quot;,&quot;userid&quot;:&quot;t7klgJQVzg4APHTnBj4V&quot;,&quot;id&quot;:&quot;dEMPr5F6qZRSqOms7p46&quot;},{&quot;accountno&quot;:&quot;TA-1122g33&quot;,&quot;departmentno&quot;:2,&quot;salary&quot;:2323,&quot;pincode&quot;:123123,&quot;userid&quot;:&quot;zhFI4oQlHjP2cn3mW3GP&quot;,&quot;id&quot;:&quot;cpCZknnaixC7w55YgXpS&quot;},{&quot;accountno&quot;:&quot;TA-2220130&quot;,&quot;departmentno&quot;:&quot;7&quot;,&quot;salary&quot;:&quot;345&quot;,&quot;pincode&quot;:&quot;456789&quot;,&quot;userid&quot;:&quot;zooqXG7ZwAYI6imLwToS&quot;,&quot;id&quot;:&quot;SZ7nDdldJF62tMc4FYt3&quot;},{&quot;accountno&quot;:&quot;TA-2220130&quot;,&quot;departmentno&quot;:&quot;7&quot;,&quot;salary&quot;:&quot;345&quot;,&quot;pincode&quot;:&quot;456789&quot;,&quot;userid&quot;:&quot;zooqXG7ZwAYI6imLwToS&quot;,&quot;id&quot;:&quot;fG2qyDjJWjrLGlrfPcdL&quot;},{&quot;accountno&quot;:&quot;TA-3456789&quot;,&quot;departmentno&quot;:&quot;2&quot;,&quot;salary&quot;:&quot;23000&quot;,&quot;pincode&quot;:&quot;567890&quot;,&quot;userid&quot;:&quot;taGX4XQQfXD3Z76sI1Xn&quot;,&quot;id&quot;:&quot;8NtejpxHsaLx1cnejRDa&quot;},{&quot;accountno&quot;:&quot;TA-3456789&quot;,&quot;departmentno&quot;:&quot;2&quot;,&quot;salary&quot;:&quot;23000&quot;,&quot;pincode&quot;:&quot;567890&quot;,&quot;userid&quot;:&quot;taGX4XQQfXD3Z76sI1Xn&quot;,&quot;id&quot;:&quot;Yzs1KTVbIW34MTkxUykk&quot;},{&quot;accountno&quot;:&quot;TA-5678945&quot;,&quot;departmentno&quot;:&quot;1&quot;,&quot;salary&quot;:&quot;65000&quot;,&quot;pincode&quot;:&quot;123456&quot;,&quot;userid&quot;:&quot;taGX4XQQfXD3Z76sI1Xn&quot;,&quot;id&quot;:&quot;xX4qtQ4iaDUIWyBNlgPM&quot;},{&quot;accountno&quot;:&quot;Tc-876543&quot;,&quot;departmentno&quot;:101,&quot;salary&quot;:10000,&quot;pincode&quot;:2346490,&quot;userid&quot;:&quot;usijVNDYl8Omloa4aaYk&quot;,&quot;id&quot;:&quot;3MVsHSsBL069AXinJVta&quot;},{&quot;accountno&quot;:&quot;TA-1234567&quot;,&quot;departmentno&quot;:&quot;1&quot;,&quot;salary&quot;:&quot;56778&quot;,&quot;pincode&quot;:&quot;989898&quot;,&quot;userid&quot;:&quot;usijVNDYl8Omloa4aaYk&quot;,&quot;id&quot;:&quot;3O7QlcWWaLF8t3B1rfbQ&quot;},{&quot;accountno&quot;:&quot;Ta-7654321&quot;,&quot;departmentno&quot;:&quot;2&quot;,&quot;salary&quot;:&quot;89000&quot;,&quot;pincode&quot;:&quot;764321&quot;,&quot;userid&quot;:&quot;usijVNDYl8Omloa4aaYk&quot;,&quot;id&quot;:&quot;oGX2WfDjBn9qMv0gxUKZ&quot;},{&quot;accountno&quot;:&quot;TA-1234567&quot;,&quot;departmentno&quot;:&quot;1&quot;,&quot;salary&quot;:&quot;56778&quot;,&quot;pincode&quot;:&quot;989898&quot;,&quot;userid&quot;:&quot;usijVNDYl8Omloa4aaYk&quot;,&quot;id&quot;:&quot;24USgglD1uChZiKrqt0d&quot;},{&quot;accountno&quot;:&quot;TA-1234900&quot;,&quot;departmentno&quot;:&quot;2&quot;,&quot;salary&quot;:&quot;1234789&quot;,&quot;pincode&quot;:&quot;603832&quot;,&quot;userid&quot;:&quot;zZomRKuHLJV7NKhKVRY4&quot;,&quot;id&quot;:&quot;aFEIQNXgFVA5pZtmR2sP&quot;},{&quot;accountno&quot;:&quot;TA-1234900&quot;,&quot;departmentno&quot;:&quot;2&quot;,&quot;salary&quot;:&quot;1234789&quot;,&quot;pincode&quot;:&quot;603832&quot;,&quot;userid&quot;:&quot;zZomRKuHLJV7NKhKVRY4&quot;,&quot;id&quot;:&quot;2ZG7z3zuXOH3mP6DGXWq&quot;},{&quot;accountno&quot;:&quot;Tc-876543&quot;,&quot;departmentno&quot;:&quot;100&quot;,&quot;salary&quot;:&quot;10000&quot;,&quot;pincode&quot;:&quot;2346490&quot;,&quot;userid&quot;:&quot;rGjPCz7q7Yv75qaHGWfi&quot;,&quot;id&quot;:&quot;BDHkEkSSO4SVyWyymzMc&quot;},{&quot;accountno&quot;:&quot;TA-1234900&quot;,&quot;departmentno&quot;:&quot;2&quot;,&quot;salary&quot;:&quot;1234789&quot;,&quot;pincode&quot;:&quot;603832&quot;,&quot;userid&quot;:&quot;zZomRKuHLJV7NKhKVRY4&quot;,&quot;id&quot;:&quot;WLhTn9llRruidJWhcU8Y&quot;},{&quot;accountno&quot;:&quot;TA-1234900&quot;,&quot;departmentno&quot;:&quot;2&quot;,&quot;salary&quot;:&quot;1234789&quot;,&quot;pincode&quot;:&quot;603832&quot;,&quot;userid&quot;:&quot;zZomRKuHLJV7NKhKVRY4&quot;,&quot;id&quot;:&quot;DwAUzJS4prSgKgsrVF6a&quot;},{&quot;accountno&quot;:&quot;TA-876543&quot;,&quot;departmentno&quot;:&quot;100&quot;,&quot;salary&quot;:&quot;100&quot;,&quot;pincode&quot;:&quot;2346490&quot;,&quot;userid&quot;:&quot;usijVNDYl8Omloa4aaYk&quot;,&quot;id&quot;:&quot;AyzDgg62ulrBj8L5axTQ&quot;},{&quot;accountno&quot;:&quot;TA-1234900&quot;,&quot;departmentno&quot;:&quot;2&quot;,&quot;salary&quot;:&quot;1234789&quot;,&quot;pincode&quot;:&quot;603832&quot;,&quot;userid&quot;:&quot;zZomRKuHLJV7NKhKVRY4&quot;,&quot;id&quot;:&quot;cZe3AZ6PSta8g0N156qS&quot;},{&quot;accountno&quot;:&quot;TA-1234900&quot;,&quot;departmentno&quot;:&quot;2&quot;,&quot;salary&quot;:&quot;1234789&quot;,&quot;pincode&quot;:&quot;603832&quot;,&quot;userid&quot;:&quot;zZomRKuHLJV7NKhKVRY4&quot;,&quot;id&quot;:&quot;tWj07Jrbnp7AXeqnIQ5r&quot;},{&quot;accountno&quot;:&quot;TA-1234900&quot;,&quot;departmentno&quot;:&quot;2&quot;,&quot;salary&quot;:&quot;1234789&quot;,&quot;pincode&quot;:&quot;603832&quot;,&quot;userid&quot;:&quot;zZomRKuHLJV7NKhKVRY4&quot;,&quot;id&quot;:&quot;78YpXyBSDgUMPcc9T2o0&quot;},{&quot;accountno&quot;:&quot;TA-1234900&quot;,&quot;departmentno&quot;:&quot;2&quot;,&quot;salary&quot;:&quot;1234789&quot;,&quot;pincode&quot;:&quot;603832&quot;,&quot;userid&quot;:&quot;zZomRKuHLJV7NKhKVRY4&quot;,&quot;id&quot;:&quot;d0nNEOgcQVkvCSGNv6WZ&quot;},{&quot;accountno&quot;:&quot;TA-1234900&quot;,&quot;departmentno&quot;:&quot;2&quot;,&quot;salary&quot;:&quot;1234789&quot;,&quot;pincode&quot;:&quot;603832&quot;,&quot;userid&quot;:&quot;zZomRKuHLJV7NKhKVRY4&quot;,&quot;id&quot;:&quot;TDvfpSLJRVgOSrWNnaig&quot;},{&quot;accountno&quot;:&quot;TA-1234900&quot;,&quot;departmentno&quot;:&quot;2&quot;,&quot;salary&quot;:&quot;1234789&quot;,&quot;pincode&quot;:&quot;603832&quot;,&quot;userid&quot;:&quot;zZomRKuHLJV7NKhKVRY4&quot;,&quot;id&quot;:&quot;Mrp2kifkd0DlRk8lfIXN&quot;},{&quot;accountno&quot;:&quot;TA-1234769&quot;,&quot;departmentno&quot;:&quot;2&quot;,&quot;salary&quot;:&quot;56456&quot;,&quot;pincode&quot;:&quot;867868&quot;,&quot;userid&quot;:&quot;zZomRKuHLJV7NKhKVRY4&quot;,&quot;id&quot;:&quot;Yh0xmeJyrufFSFZUKDy8&quot;},{&quot;accountno&quot;:&quot;TA-1234769&quot;,&quot;departmentno&quot;:&quot;2&quot;,&quot;salary&quot;:&quot;56456&quot;,&quot;pincode&quot;:&quot;867868&quot;,&quot;userid&quot;:&quot;zZomRKuHLJV7NKhKVRY4&quot;,&quot;id&quot;:&quot;sefOCqYgwHr1P6CpYOFX&quot;},{&quot;accountno&quot;:&quot;TA-1234767&quot;,&quot;departmentno&quot;:2,&quot;salary&quot;:56500,&quot;pincode&quot;:639008,&quot;userid&quot;:&quot;zZomRKuHLJV7NKhKVRY4&quot;,&quot;id&quot;:&quot;QLw7iUhhT2aJxnXBzxGD&quot;},{&quot;accountno&quot;:&quot;TA-876543&quot;,&quot;departmentno&quot;:&quot;100&quot;,&quot;salary&quot;:&quot;100&quot;,&quot;pincode&quot;:&quot;2346490&quot;,&quot;userid&quot;:&quot;usijVNDYl8Omloa4aaYk&quot;,&quot;id&quot;:&quot;z5Bx65svrJX9EEGfDqzF&quot;},{&quot;accountno&quot;:&quot;TA-1234578&quot;,&quot;departmentno&quot;:&quot;1&quot;,&quot;salary&quot;:&quot;500&quot;,&quot;pincode&quot;:&quot;234648&quot;,&quot;userid&quot;:&quot;usijVNDYl8Omloa4aaYk&quot;,&quot;id&quot;:&quot;SRcAvzUCcBAQbqprGOHn&quot;},{&quot;accountno&quot;:&quot;TA-1234578&quot;,&quot;departmentno&quot;:&quot;1&quot;,&quot;salary&quot;:&quot;500&quot;,&quot;pincode&quot;:&quot;234648&quot;,&quot;userid&quot;:&quot;usijVNDYl8Omloa4aaYk&quot;,&quot;id&quot;:&quot;vfQUCAORa89R5IskiJc5&quot;},{&quot;accountno&quot;:&quot;TA-1234567&quot;,&quot;departmentno&quot;:&quot;1&quot;,&quot;salary&quot;:&quot;5000&quot;,&quot;pincode&quot;:&quot;234647&quot;,&quot;userid&quot;:&quot;usijVNDYl8Omloa4aaYk&quot;,&quot;id&quot;:&quot;Fp4pdZyjPta7OhoYw88i&quot;},{&quot;accountno&quot;:&quot;TA-1234567&quot;,&quot;departmentno&quot;:&quot;1&quot;,&quot;salary&quot;:&quot;5000&quot;,&quot;pincode&quot;:&quot;234647&quot;,&quot;userid&quot;:&quot;usijVNDYl8Omloa4aaYk&quot;,&quot;id&quot;:&quot;zO2CJSB0IKoRnsSWwccu&quot;},{&quot;accountno&quot;:&quot;TA-9999999&quot;,&quot;departmentno&quot;:&quot;9&quot;,&quot;salary&quot;:&quot;9999&quot;,&quot;pincode&quot;:&quot;595959&quot;,&quot;userid&quot;:&quot;JQGgG0SnNsZlQgoI2840&quot;,&quot;id&quot;:&quot;wZTR4oBdrUUjE944UNst&quot;},{&quot;accountno&quot;:&quot;TA-9999999&quot;,&quot;departmentno&quot;:&quot;5&quot;,&quot;salary&quot;:&quot;9191&quot;,&quot;pincode&quot;:&quot;595959&quot;,&quot;userid&quot;:&quot;JQGgG0SnNsZlQgoI2840&quot;,&quot;id&quot;:&quot;7MQua2wf9txnW3d6E77K&quot;},{&quot;accountno&quot;:&quot;TA-9999999&quot;,&quot;departmentno&quot;:&quot;9&quot;,&quot;salary&quot;:&quot;9999&quot;,&quot;pincode&quot;:&quot;595959&quot;,&quot;userid&quot;:&quot;JQGgG0SnNsZlQgoI2840&quot;,&quot;id&quot;:&quot;HEqzUxsYBpfCcG6QzEe8&quot;},{&quot;accountno&quot;:&quot;HS-1234489&quot;,&quot;departmentno&quot;:&quot;4&quot;,&quot;salary&quot;:&quot;444478&quot;,&quot;pincode&quot;:&quot;515009&quot;,&quot;userid&quot;:&quot;hnX1SdQ0Xo7c6zYPAech&quot;,&quot;id&quot;:&quot;CUEFc9avDed3rEl8aDv9&quot;},{&quot;accountno&quot;:&quot;HS-1234489&quot;,&quot;departmentno&quot;:&quot;4&quot;,&quot;salary&quot;:&quot;444478&quot;,&quot;pincode&quot;:&quot;515009&quot;,&quot;userid&quot;:&quot;hnX1SdQ0Xo7c6zYPAech&quot;,&quot;id&quot;:&quot;mPtN1Ie5mS3nW0mIYbnZ&quot;},{&quot;accountno&quot;:&quot;HS-1234489&quot;,&quot;departmentno&quot;:&quot;4&quot;,&quot;salary&quot;:&quot;444478&quot;,&quot;pincode&quot;:&quot;515009&quot;,&quot;userid&quot;:&quot;hnX1SdQ0Xo7c6zYPAech&quot;,&quot;id&quot;:&quot;xt2NBPcA0pJ4tg2cvWOU&quot;},{&quot;accountno&quot;:&quot;HS-1234489&quot;,&quot;departmentno&quot;:&quot;4&quot;,&quot;salary&quot;:&quot;444478&quot;,&quot;pincode&quot;:&quot;515009&quot;,&quot;userid&quot;:&quot;hnX1SdQ0Xo7c6zYPAech&quot;,&quot;id&quot;:&quot;qVoIcsxZLi7iTEkD0kBq&quot;},{&quot;accountno&quot;:&quot;TA-2220170&quot;,&quot;departmentno&quot;:&quot;7&quot;,&quot;salary&quot;:&quot;345&quot;,&quot;pincode&quot;:&quot;456789&quot;,&quot;userid&quot;:&quot;zooqXG7ZwAYI6imLwToS&quot;,&quot;id&quot;:&quot;skr8s40jDcKrBhFpOrpw&quot;},{&quot;accountno&quot;:&quot;GE-123455&quot;,&quot;departmentno&quot;:&quot;6&quot;,&quot;salary&quot;:&quot;345425&quot;,&quot;pincode&quot;:&quot;537174&quot;,&quot;userid&quot;:&quot;txyvZ2JBdVLa10kxS284&quot;,&quot;id&quot;:&quot;NLRImflj35h7AwU8jicw&quot;},{&quot;accountno&quot;:&quot;GE-123455&quot;,&quot;departmentno&quot;:&quot;6&quot;,&quot;salary&quot;:&quot;345425&quot;,&quot;pincode&quot;:&quot;537174&quot;,&quot;userid&quot;:&quot;txyvZ2JBdVLa10kxS284&quot;,&quot;id&quot;:&quot;MySEo1Yb1KDRnsonhVmQ&quot;},{&quot;accountno&quot;:&quot;TA-7472237&quot;,&quot;departmentno&quot;:&quot;35&quot;,&quot;salary&quot;:&quot;23819&quot;,&quot;pincode&quot;:&quot;792817&quot;,&quot;userid&quot;:&quot;t125VIABatxIit0Gfdqy&quot;,&quot;id&quot;:&quot;AiaVmOGSuLhqT4J85Vor&quot;},{&quot;accountno&quot;:&quot;GE-123455&quot;,&quot;departmentno&quot;:&quot;6&quot;,&quot;salary&quot;:&quot;345425&quot;,&quot;pincode&quot;:&quot;537174&quot;,&quot;userid&quot;:&quot;txyvZ2JBdVLa10kxS284&quot;,&quot;id&quot;:&quot;lwe8hCjvAgu2WHOkDmGg&quot;},{&quot;accountno&quot;:&quot;GE-123455&quot;,&quot;departmentno&quot;:&quot;6&quot;,&quot;salary&quot;:&quot;345425&quot;,&quot;pincode&quot;:&quot;537174&quot;,&quot;userid&quot;:&quot;txyvZ2JBdVLa10kxS284&quot;,&quot;id&quot;:&quot;ME8UQKh2QKH44fj0Iwxk&quot;},{&quot;accountno&quot;:&quot;GE-123455&quot;,&quot;departmentno&quot;:&quot;6&quot;,&quot;salary&quot;:&quot;345425&quot;,&quot;pincode&quot;:&quot;537174&quot;,&quot;userid&quot;:&quot;txyvZ2JBdVLa10kxS284&quot;,&quot;id&quot;:&quot;DpwTqXvJor4fwEMdVMOL&quot;},{&quot;accountno&quot;:&quot;GE-123455&quot;,&quot;departmentno&quot;:&quot;6&quot;,&quot;salary&quot;:&quot;345425&quot;,&quot;pincode&quot;:&quot;537174&quot;,&quot;userid&quot;:&quot;txyvZ2JBdVLa10kxS284&quot;,&quot;id&quot;:&quot;XERINqZQm5IJkCXyp2g8&quot;},{&quot;accountno&quot;:&quot;GE-123455&quot;,&quot;departmentno&quot;:&quot;6&quot;,&quot;salary&quot;:&quot;345425&quot;,&quot;pincode&quot;:&quot;537174&quot;,&quot;userid&quot;:&quot;txyvZ2JBdVLa10kxS284&quot;,&quot;id&quot;:&quot;FeXEpZvwqRu8RaxgTTVr&quot;},{&quot;accountno&quot;:&quot;GE-123455&quot;,&quot;departmentno&quot;:&quot;6&quot;,&quot;salary&quot;:&quot;345425&quot;,&quot;pincode&quot;:&quot;537174&quot;,&quot;userid&quot;:&quot;txyvZ2JBdVLa10kxS284&quot;,&quot;id&quot;:&quot;ag37n8lbwH5XNaYMeMnO&quot;},{&quot;accountno&quot;:&quot;GE-123455&quot;,&quot;departmentno&quot;:&quot;6&quot;,&quot;salary&quot;:&quot;345425&quot;,&quot;pincode&quot;:&quot;537174&quot;,&quot;userid&quot;:&quot;txyvZ2JBdVLa10kxS284&quot;,&quot;id&quot;:&quot;jeomZzd0k6OsV7Y7S1Fr&quot;},{&quot;accountno&quot;:&quot;GE-123455&quot;,&quot;departmentno&quot;:&quot;6&quot;,&quot;salary&quot;:&quot;345425&quot;,&quot;pincode&quot;:&quot;537174&quot;,&quot;userid&quot;:&quot;txyvZ2JBdVLa10kxS284&quot;,&quot;id&quot;:&quot;A50iCOspVe0xrgt8Jb5d&quot;},{&quot;accountno&quot;:&quot;GE-123455&quot;,&quot;departmentno&quot;:&quot;6&quot;,&quot;salary&quot;:&quot;345425&quot;,&quot;pincode&quot;:&quot;537174&quot;,&quot;userid&quot;:&quot;txyvZ2JBdVLa10kxS284&quot;,&quot;id&quot;:&quot;kekuSA4pIJDFbGjJ8feK&quot;},{&quot;accountno&quot;:&quot;GE-123455&quot;,&quot;departmentno&quot;:&quot;6&quot;,&quot;salary&quot;:&quot;345425&quot;,&quot;pincode&quot;:&quot;537174&quot;,&quot;userid&quot;:&quot;txyvZ2JBdVLa10kxS284&quot;,&quot;id&quot;:&quot;DmGdAgeFsu65dTQ8PZ2Y&quot;},{&quot;accountno&quot;:&quot;GE-123455&quot;,&quot;departmentno&quot;:&quot;6&quot;,&quot;salary&quot;:&quot;345425&quot;,&quot;pincode&quot;:&quot;537174&quot;,&quot;userid&quot;:&quot;txyvZ2JBdVLa10kxS284&quot;,&quot;id&quot;:&quot;T5QEkXdFjWyJbR2l2wKl&quot;},{&quot;accountno&quot;:&quot;GE-123455&quot;,&quot;departmentno&quot;:&quot;6&quot;,&quot;salary&quot;:&quot;345425&quot;,&quot;pincode&quot;:&quot;537174&quot;,&quot;userid&quot;:&quot;txyvZ2JBdVLa10kxS284&quot;,&quot;id&quot;:&quot;UwH69fiMpYmNQlkgDSMU&quot;},{&quot;accountno&quot;:&quot;GE-253433&quot;,&quot;departmentno&quot;:&quot;6&quot;,&quot;salary&quot;:&quot;12344&quot;,&quot;pincode&quot;:&quot;557173&quot;,&quot;userid&quot;:&quot;txyvZ2JBdVLa10kxS284&quot;,&quot;id&quot;:&quot;VZBV15kmseixssX86ViK&quot;},{&quot;accountno&quot;:&quot;GE-123455&quot;,&quot;departmentno&quot;:&quot;6&quot;,&quot;salary&quot;:&quot;345425&quot;,&quot;pincode&quot;:&quot;537174&quot;,&quot;userid&quot;:&quot;txyvZ2JBdVLa10kxS284&quot;,&quot;id&quot;:&quot;XaLlpt9gpXzUAy3JLf1S&quot;},{&quot;accountno&quot;:&quot;GE-123455&quot;,&quot;departmentno&quot;:&quot;6&quot;,&quot;salary&quot;:&quot;345425&quot;,&quot;pincode&quot;:&quot;537174&quot;,&quot;userid&quot;:&quot;txyvZ2JBdVLa10kxS284&quot;,&quot;id&quot;:&quot;r9tLE7k7UxP3dXw3z26m&quot;},{&quot;accountno&quot;:&quot;GE-123455&quot;,&quot;departmentno&quot;:&quot;6&quot;,&quot;salary&quot;:&quot;345425&quot;,&quot;pincode&quot;:&quot;537174&quot;,&quot;userid&quot;:&quot;txyvZ2JBdVLa10kxS284&quot;,&quot;id&quot;:&quot;N04cbYheGeMF4KHgoOZ1&quot;},{&quot;accountno&quot;:&quot;4490099&quot;,&quot;departmentno&quot;:&quot;67&quot;,&quot;salary&quot;:&quot;277383&quot;,&quot;pincode&quot;:&quot;28errr388392&quot;,&quot;userid&quot;:&quot;rGjPCz7q7Yv75qaHGWfi&quot;,&quot;id&quot;:&quot;wk5C6mieyBGsNpiNIrC8&quot;},{&quot;accountno&quot;:&quot;MRJ-123987&quot;,&quot;departmentno&quot;:&quot;8.0&quot;,&quot;salary&quot;:&quot;325000.0&quot;,&quot;pincode&quot;:&quot;951341.0&quot;,&quot;userid&quot;:&quot;PmSgJPYWxk9rbvH0WOO8&quot;,&quot;id&quot;:&quot;S1tU5Mei7A96hrXXLrvx&quot;},{&quot;accountno&quot;:&quot;MRJ-123987&quot;,&quot;departmentno&quot;:&quot;8.0&quot;,&quot;salary&quot;:&quot;325000.0&quot;,&quot;pincode&quot;:&quot;951341.0&quot;,&quot;userid&quot;:&quot;PmSgJPYWxk9rbvH0WOO8&quot;,&quot;id&quot;:&quot;olKrfAlQpKceWLf0pRac&quot;},{&quot;accountno&quot;:&quot;MRJ-123987&quot;,&quot;departmentno&quot;:&quot;5.0&quot;,&quot;salary&quot;:&quot;2535435.0&quot;,&quot;pincode&quot;:&quot;951341.0&quot;,&quot;userid&quot;:&quot;PmSgJPYWxk9rbvH0WOO8&quot;,&quot;id&quot;:&quot;T1nlpALiZlZyo86vTq8r&quot;},{&quot;accountno&quot;:&quot;MRJ-123987&quot;,&quot;departmentno&quot;:&quot;4.0&quot;,&quot;salary&quot;:&quot;54353.0&quot;,&quot;pincode&quot;:&quot;951341.0&quot;,&quot;userid&quot;:&quot;PmSgJPYWxk9rbvH0WOO8&quot;,&quot;id&quot;:&quot;Kkszx21sgm5knwGRObEd&quot;},{&quot;accountno&quot;:&quot;MRJ-123987&quot;,&quot;departmentno&quot;:&quot;3.0&quot;,&quot;salary&quot;:&quot;2342.0&quot;,&quot;pincode&quot;:&quot;951341.0&quot;,&quot;userid&quot;:&quot;PmSgJPYWxk9rbvH0WOO8&quot;,&quot;id&quot;:&quot;f4KsYPoCiJQrb7jY7lm6&quot;},{&quot;accountno&quot;:&quot;MRJ-123987&quot;,&quot;departmentno&quot;:&quot;6.0&quot;,&quot;salary&quot;:&quot;643553.0&quot;,&quot;pincode&quot;:&quot;43545.0&quot;,&quot;userid&quot;:&quot;PmSgJPYWxk9rbvH0WOO8&quot;,&quot;id&quot;:&quot;jnlzKbbvvQPDeb64CaUP&quot;},{&quot;accountno&quot;:&quot;MRJ-123987&quot;,&quot;departmentno&quot;:&quot;5.0&quot;,&quot;salary&quot;:&quot;345435.0&quot;,&quot;pincode&quot;:&quot;435355.0&quot;,&quot;userid&quot;:&quot;PmSgJPYWxk9rbvH0WOO8&quot;,&quot;id&quot;:&quot;VinIVM2S1IwCAf1SIUxe&quot;},{&quot;accountno&quot;:&quot;MRJ-123987&quot;,&quot;departmentno&quot;:&quot;8.0&quot;,&quot;salary&quot;:&quot;325000.0&quot;,&quot;pincode&quot;:&quot;951341.0&quot;,&quot;userid&quot;:&quot;PmSgJPYWxk9rbvH0WOO8&quot;,&quot;id&quot;:&quot;AOlQuMg9zeTom9M5KoMV&quot;},{&quot;accountno&quot;:&quot;TA-12345667&quot;,&quot;departmentno&quot;:&quot;6&quot;,&quot;salary&quot;:&quot;938439&quot;,&quot;pincode&quot;:&quot;91341&quot;,&quot;userid&quot;:&quot;PmSgJPYWxk9rbvH0WOO8&quot;,&quot;id&quot;:&quot;5B7owTOBJJN0eOtr6NwA&quot;},{&quot;accountno&quot;:&quot;TA-12345667&quot;,&quot;departmentno&quot;:&quot;6&quot;,&quot;salary&quot;:&quot;938439&quot;,&quot;pincode&quot;:&quot;91341&quot;,&quot;userid&quot;:&quot;PmSgJPYWxk9rbvH0WOO8&quot;,&quot;id&quot;:&quot;IpKVdG3SoEZD9ZA9ElWB&quot;},{&quot;accountno&quot;:&quot;TA-12345667&quot;,&quot;departmentno&quot;:&quot;6&quot;,&quot;salary&quot;:&quot;938439&quot;,&quot;pincode&quot;:&quot;91341&quot;,&quot;userid&quot;:&quot;PmSgJPYWxk9rbvH0WOO8&quot;,&quot;id&quot;:&quot;Q4ThDDama32zIZf6pkZr&quot;},{&quot;accountno&quot;:&quot;TA-12345667&quot;,&quot;departmentno&quot;:&quot;6&quot;,&quot;salary&quot;:&quot;938439&quot;,&quot;pincode&quot;:&quot;91341&quot;,&quot;userid&quot;:&quot;PmSgJPYWxk9rbvH0WOO8&quot;,&quot;id&quot;:&quot;rXL8BRgQxWVutreCHOm6&quot;},{&quot;accountno&quot;:&quot;TA-12345667&quot;,&quot;departmentno&quot;:&quot;6&quot;,&quot;salary&quot;:&quot;938439&quot;,&quot;pincode&quot;:&quot;91341&quot;,&quot;userid&quot;:&quot;PmSgJPYWxk9rbvH0WOO8&quot;,&quot;id&quot;:&quot;7tLWhO02BicT4RGd87kw&quot;},{&quot;accountno&quot;:&quot;TA-12345667&quot;,&quot;departmentno&quot;:&quot;6&quot;,&quot;salary&quot;:&quot;938439&quot;,&quot;pincode&quot;:&quot;91341&quot;,&quot;userid&quot;:&quot;PmSgJPYWxk9rbvH0WOO8&quot;,&quot;id&quot;:&quot;LVaC38Udxf2eBvD6TIub&quot;},{&quot;accountno&quot;:&quot;TA-12345667&quot;,&quot;departmentno&quot;:&quot;6&quot;,&quot;salary&quot;:&quot;938439&quot;,&quot;pincode&quot;:&quot;91341&quot;,&quot;userid&quot;:&quot;PmSgJPYWxk9rbvH0WOO8&quot;,&quot;id&quot;:&quot;RQQBS6rDtpobi3gaPAHS&quot;},{&quot;accountno&quot;:&quot;TA-12345667&quot;,&quot;departmentno&quot;:&quot;6&quot;,&quot;salary&quot;:&quot;938439&quot;,&quot;pincode&quot;:&quot;91341&quot;,&quot;userid&quot;:&quot;PmSgJPYWxk9rbvH0WOO8&quot;,&quot;id&quot;:&quot;tjwmFfmfRNzetP7maIa4&quot;},{&quot;accountno&quot;:&quot;TA-12345667&quot;,&quot;departmentno&quot;:&quot;6&quot;,&quot;salary&quot;:&quot;938439&quot;,&quot;pincode&quot;:&quot;91341&quot;,&quot;userid&quot;:&quot;PmSgJPYWxk9rbvH0WOO8&quot;,&quot;id&quot;:&quot;rtAru5e6hNh1F8XXjMvH&quot;},{&quot;accountno&quot;:&quot;TA-12345667&quot;,&quot;departmentno&quot;:&quot;6&quot;,&quot;salary&quot;:&quot;938439&quot;,&quot;pincode&quot;:&quot;91341&quot;,&quot;userid&quot;:&quot;PmSgJPYWxk9rbvH0WOO8&quot;,&quot;id&quot;:&quot;PKwtA7OLaVOBnTtqy0az&quot;},{&quot;accountno&quot;:&quot;TA-12345667&quot;,&quot;departmentno&quot;:&quot;6&quot;,&quot;salary&quot;:&quot;938439&quot;,&quot;pincode&quot;:&quot;91341&quot;,&quot;userid&quot;:&quot;PmSgJPYWxk9rbvH0WOO8&quot;,&quot;id&quot;:&quot;av51mCvjQlGhxyFAA44t&quot;},{&quot;accountno&quot;:&quot;TA-12345667&quot;,&quot;departmentno&quot;:&quot;6&quot;,&quot;salary&quot;:&quot;938439&quot;,&quot;pincode&quot;:&quot;91341&quot;,&quot;userid&quot;:&quot;PmSgJPYWxk9rbvH0WOO8&quot;,&quot;id&quot;:&quot;dDskWx4IVxU03j8U4hIA&quot;},{&quot;accountno&quot;:&quot;TA-12345667&quot;,&quot;departmentno&quot;:&quot;6&quot;,&quot;salary&quot;:&quot;938439&quot;,&quot;pincode&quot;:&quot;91341&quot;,&quot;userid&quot;:&quot;PmSgJPYWxk9rbvH0WOO8&quot;,&quot;id&quot;:&quot;gteYy1zIuz3q34VfeCvG&quot;},{&quot;accountno&quot;:&quot;TA-12345667&quot;,&quot;departmentno&quot;:&quot;6&quot;,&quot;salary&quot;:&quot;938439&quot;,&quot;pincode&quot;:&quot;91341&quot;,&quot;userid&quot;:&quot;PmSgJPYWxk9rbvH0WOO8&quot;,&quot;id&quot;:&quot;tIqtd6viMwoqFlPXo7mW&quot;},{&quot;accountno&quot;:&quot;TA-12345667&quot;,&quot;departmentno&quot;:&quot;6&quot;,&quot;salary&quot;:&quot;938439&quot;,&quot;pincode&quot;:&quot;91341&quot;,&quot;userid&quot;:&quot;PmSgJPYWxk9rbvH0WOO8&quot;,&quot;id&quot;:&quot;uwZ7uLRJtxhfGj64SZrL&quot;},{&quot;accountno&quot;:&quot;TA-12345667&quot;,&quot;departmentno&quot;:&quot;6&quot;,&quot;salary&quot;:&quot;938439&quot;,&quot;pincode&quot;:&quot;91341&quot;,&quot;userid&quot;:&quot;PmSgJPYWxk9rbvH0WOO8&quot;,&quot;id&quot;:&quot;5NW8wGzqR2aOy0BEfQ6J&quot;},{&quot;accountno&quot;:&quot;TA-12345667&quot;,&quot;departmentno&quot;:&quot;6&quot;,&quot;salary&quot;:&quot;938439&quot;,&quot;pincode&quot;:&quot;91341&quot;,&quot;userid&quot;:&quot;PmSgJPYWxk9rbvH0WOO8&quot;,&quot;id&quot;:&quot;9henXJYoj291CD8s4nEf&quot;},{&quot;accountno&quot;:&quot;TA-12345667&quot;,&quot;departmentno&quot;:&quot;6&quot;,&quot;salary&quot;:&quot;938439&quot;,&quot;pincode&quot;:&quot;91341&quot;,&quot;userid&quot;:&quot;PmSgJPYWxk9rbvH0WOO8&quot;,&quot;id&quot;:&quot;WwDFwHFH7bwvJ9MMDrpN&quot;},{&quot;accountno&quot;:&quot;TA-12345667&quot;,&quot;departmentno&quot;:&quot;6&quot;,&quot;salary&quot;:&quot;938439&quot;,&quot;pincode&quot;:&quot;91341&quot;,&quot;userid&quot;:&quot;PmSgJPYWxk9rbvH0WOO8&quot;,&quot;id&quot;:&quot;QyDCZ7yEqaU8evITibhu&quot;},{&quot;accountno&quot;:&quot;TA-12345667&quot;,&quot;departmentno&quot;:&quot;6&quot;,&quot;salary&quot;:&quot;938439&quot;,&quot;pincode&quot;:&quot;91341&quot;,&quot;userid&quot;:&quot;PmSgJPYWxk9rbvH0WOO8&quot;,&quot;id&quot;:&quot;4zDm0wXLHWGfeIvWUoJO&quot;},{&quot;accountno&quot;:&quot;TA-12345667&quot;,&quot;departmentno&quot;:&quot;6&quot;,&quot;salary&quot;:&quot;938439&quot;,&quot;pincode&quot;:&quot;91341&quot;,&quot;userid&quot;:&quot;PmSgJPYWxk9rbvH0WOO8&quot;,&quot;id&quot;:&quot;uIc8nWi4tLJ1uTN71KfV&quot;},{&quot;accountno&quot;:&quot;TA-12345667&quot;,&quot;departmentno&quot;:&quot;6&quot;,&quot;salary&quot;:&quot;938439&quot;,&quot;pincode&quot;:&quot;91341&quot;,&quot;userid&quot;:&quot;PmSgJPYWxk9rbvH0WOO8&quot;,&quot;id&quot;:&quot;Behag4DenZeUzROTuRbC&quot;},{&quot;accountno&quot;:&quot;TA-12345667&quot;,&quot;departmentno&quot;:&quot;6&quot;,&quot;salary&quot;:&quot;938439&quot;,&quot;pincode&quot;:&quot;91341&quot;,&quot;userid&quot;:&quot;PmSgJPYWxk9rbvH0WOO8&quot;,&quot;id&quot;:&quot;vy2KCgVn9bDgEknzHsh4&quot;},{&quot;accountno&quot;:&quot;TA-12345667&quot;,&quot;departmentno&quot;:&quot;6&quot;,&quot;salary&quot;:&quot;938439&quot;,&quot;pincode&quot;:&quot;91341&quot;,&quot;userid&quot;:&quot;PmSgJPYWxk9rbvH0WOO8&quot;,&quot;id&quot;:&quot;FYattps9wFkC9Odhc7YQ&quot;},{&quot;accountno&quot;:&quot;TA-12345667&quot;,&quot;departmentno&quot;:&quot;6&quot;,&quot;salary&quot;:&quot;938439&quot;,&quot;pincode&quot;:&quot;91341&quot;,&quot;userid&quot;:&quot;PmSgJPYWxk9rbvH0WOO8&quot;,&quot;id&quot;:&quot;PuMAQ0uBC9QW1gtNEiWd&quot;},{&quot;accountno&quot;:&quot;TA-12345667&quot;,&quot;departmentno&quot;:&quot;6&quot;,&quot;salary&quot;:&quot;938439&quot;,&quot;pincode&quot;:&quot;91341&quot;,&quot;userid&quot;:&quot;PmSgJPYWxk9rbvH0WOO8&quot;,&quot;id&quot;:&quot;V8cc1Q37GPJxmTUEaCcI&quot;},{&quot;accountno&quot;:&quot;TA-12345667&quot;,&quot;departmentno&quot;:&quot;6&quot;,&quot;salary&quot;:&quot;938439&quot;,&quot;pincode&quot;:&quot;91341&quot;,&quot;userid&quot;:&quot;PmSgJPYWxk9rbvH0WOO8&quot;,&quot;id&quot;:&quot;y6ykdZ6EM1bfyuKq50mG&quot;},{&quot;accountno&quot;:&quot;TA-1111111&quot;,&quot;departmentno&quot;:&quot;1&quot;,&quot;salary&quot;:&quot;11111&quot;,&quot;pincode&quot;:&quot;111111&quot;,&quot;userid&quot;:&quot;jB5M5JA4fhyBV7IKmOvl&quot;,&quot;id&quot;:&quot;H1a4T4YfU4rHJfrFskpT&quot;},{&quot;accountno&quot;:&quot;va12121&quot;,&quot;departmentno&quot;:&quot;2&quot;,&quot;salary&quot;:&quot;250&quot;,&quot;pincode&quot;:&quot;232323&quot;,&quot;userid&quot;:&quot;ziBRfLEfNtH2MHyH3MhK&quot;,&quot;id&quot;:&quot;Mpv9F8uJhBIZ6jeHWXvw&quot;},{&quot;accountno&quot;:&quot;va12121&quot;,&quot;departmentno&quot;:&quot;2&quot;,&quot;salary&quot;:&quot;250&quot;,&quot;pincode&quot;:&quot;232323&quot;,&quot;userid&quot;:&quot;ziBRfLEfNtH2MHyH3MhK&quot;,&quot;id&quot;:&quot;fgzDGoH4A1mEF7YLTQM6&quot;},{&quot;accountno&quot;:&quot;TA-12345667&quot;,&quot;departmentno&quot;:&quot;6&quot;,&quot;salary&quot;:&quot;938439&quot;,&quot;pincode&quot;:&quot;91341&quot;,&quot;userid&quot;:&quot;PmSgJPYWxk9rbvH0WOO8&quot;,&quot;id&quot;:&quot;fuAp6wmoZ7hvil1FHRwo&quot;},{&quot;accountno&quot;:&quot;TA-12345667&quot;,&quot;departmentno&quot;:&quot;6&quot;,&quot;salary&quot;:&quot;938439&quot;,&quot;pincode&quot;:&quot;91341&quot;,&quot;userid&quot;:&quot;PmSgJPYWxk9rbvH0WOO8&quot;,&quot;id&quot;:&quot;Ebwa9rrQ9IzGS1keGR3k&quot;},{&quot;accountno&quot;:&quot;TA-12345667&quot;,&quot;departmentno&quot;:&quot;6&quot;,&quot;salary&quot;:&quot;938439&quot;,&quot;pincode&quot;:&quot;91341&quot;,&quot;userid&quot;:&quot;PmSgJPYWxk9rbvH0WOO8&quot;,&quot;id&quot;:&quot;zXJskpNFvtT4W94dJMx5&quot;},{&quot;accountno&quot;:&quot;TA-12345667&quot;,&quot;departmentno&quot;:&quot;6&quot;,&quot;salary&quot;:&quot;938439&quot;,&quot;pincode&quot;:&quot;91341&quot;,&quot;userid&quot;:&quot;PmSgJPYWxk9rbvH0WOO8&quot;,&quot;id&quot;:&quot;9rUjWXYmEdziH8uw90S2&quot;},{&quot;accountno&quot;:&quot;&quot;,&quot;departmentno&quot;:&quot;&quot;,&quot;salary&quot;:&quot;&quot;,&quot;pincode&quot;:&quot;&quot;,&quot;userid&quot;:&quot;PmSgJPYWxk9rbvH0WOO8&quot;,&quot;id&quot;:&quot;yuqjbmHm5wTPtyFe19G1&quot;},{&quot;accountno&quot;:&quot;TA-&quot;,&quot;departmentno&quot;:&quot;6&quot;,&quot;salary&quot;:&quot;&quot;,&quot;pincode&quot;:&quot;91341&quot;,&quot;userid&quot;:&quot;PmSgJPYWxk9rbvH0WOO8&quot;,&quot;id&quot;:&quot;CDsXP8PlIb3WL2T3e5hM&quot;},{&quot;accountno&quot;:&quot;TA-12345667&quot;,&quot;departmentno&quot;:&quot;6&quot;,&quot;salary&quot;:&quot;938439&quot;,&quot;pincode&quot;:&quot;91341&quot;,&quot;userid&quot;:&quot;PmSgJPYWxk9rbvH0WOO8&quot;,&quot;id&quot;:&quot;oY2TuVb8Lp5R7nXPYwNO&quot;},{&quot;accountno&quot;:&quot;&quot;,&quot;departmentno&quot;:&quot;&quot;,&quot;salary&quot;:&quot;&quot;,&quot;pincode&quot;:&quot;&quot;,&quot;userid&quot;:&quot;PmSgJPYWxk9rbvH0WOO8&quot;,&quot;id&quot;:&quot;R4T4rEhqXpVBq9AHvJ3y&quot;},{&quot;accountno&quot;:&quot;4490099&quot;,&quot;departmentno&quot;:&quot;67&quot;,&quot;salary&quot;:&quot;277383&quot;,&quot;pincode&quot;:&quot;28errr388392&quot;,&quot;userid&quot;:&quot;rGjPCz7q7Yv75qaHGWfi&quot;,&quot;id&quot;:&quot;u3kK8IGqtkHEbt90kxTh&quot;},{&quot;accountno&quot;:&quot;TA-12345667&quot;,&quot;departmentno&quot;:&quot;6&quot;,&quot;salary&quot;:&quot;938439&quot;,&quot;pincode&quot;:&quot;91341&quot;,&quot;userid&quot;:&quot;PmSgJPYWxk9rbvH0WOO8&quot;,&quot;id&quot;:&quot;cAYwUZHDGnBHkX58cxNQ&quot;},{&quot;accountno&quot;:&quot;TA-12345667&quot;,&quot;departmentno&quot;:&quot;6&quot;,&quot;salary&quot;:&quot;938439&quot;,&quot;pincode&quot;:&quot;91341&quot;,&quot;userid&quot;:&quot;PmSgJPYWxk9rbvH0WOO8&quot;,&quot;id&quot;:&quot;nGIhxMItyeP8JSQEtwMN&quot;},{&quot;accountno&quot;:&quot;QQ-5555555&quot;,&quot;departmentno&quot;:&quot;5&quot;,&quot;salary&quot;:&quot;555&quot;,&quot;pincode&quot;:&quot;555555&quot;,&quot;userid&quot;:&quot;gwcn6RK4r9LUWalrshHM&quot;,&quot;id&quot;:&quot;hELCjKSJrDlL6nHyzDEf&quot;},{&quot;accountno&quot;:&quot;TA-12345667&quot;,&quot;departmentno&quot;:&quot;6&quot;,&quot;salary&quot;:&quot;938439&quot;,&quot;pincode&quot;:&quot;91341&quot;,&quot;userid&quot;:&quot;PmSgJPYWxk9rbvH0WOO8&quot;,&quot;id&quot;:&quot;SnvBWm7dk7vtTyOQpoTI&quot;},{&quot;accountno&quot;:&quot;TA-12345667&quot;,&quot;departmentno&quot;:&quot;6&quot;,&quot;salary&quot;:&quot;938439&quot;,&quot;pincode&quot;:&quot;91341&quot;,&quot;userid&quot;:&quot;PmSgJPYWxk9rbvH0WOO8&quot;,&quot;id&quot;:&quot;83drgtrXuxIz6cXiFWOA&quot;},{&quot;accountno&quot;:&quot;TA-1111111&quot;,&quot;departmentno&quot;:&quot;1&quot;,&quot;salary&quot;:&quot;1111&quot;,&quot;pincode&quot;:&quot;111111&quot;,&quot;userid&quot;:&quot;ziBRfLEfNtH2MHyH3MhK&quot;,&quot;id&quot;:&quot;rntYzBekRU7zY0LMzpRK&quot;},{&quot;accountno&quot;:&quot;TA-1111111&quot;,&quot;departmentno&quot;:&quot;1&quot;,&quot;salary&quot;:&quot;1111&quot;,&quot;pincode&quot;:&quot;111111&quot;,&quot;userid&quot;:&quot;ziBRfLEfNtH2MHyH3MhK&quot;,&quot;id&quot;:&quot;oiamxBaTZIsHUxKJm94b&quot;},{&quot;accountno&quot;:&quot;TA-1111111&quot;,&quot;departmentno&quot;:&quot;1&quot;,&quot;salary&quot;:&quot;11111&quot;,&quot;pincode&quot;:&quot;111111&quot;,&quot;userid&quot;:&quot;jB5M5JA4fhyBV7IKmOvl&quot;,&quot;id&quot;:&quot;oTvQWnaSf47oh0fqU1mF&quot;},{&quot;accountno&quot;:&quot;TA-1111111&quot;,&quot;departmentno&quot;:&quot;1&quot;,&quot;salary&quot;:&quot;1111&quot;,&quot;pincode&quot;:&quot;111111&quot;,&quot;userid&quot;:&quot;ziBRfLEfNtH2MHyH3MhK&quot;,&quot;id&quot;:&quot;KAoWLKhEBvAe4U3Ge3st&quot;},{&quot;accountno&quot;:&quot;TA-1111111&quot;,&quot;departmentno&quot;:&quot;1&quot;,&quot;salary&quot;:&quot;1111&quot;,&quot;pincode&quot;:&quot;111111&quot;,&quot;userid&quot;:&quot;ziBRfLEfNtH2MHyH3MhK&quot;,&quot;id&quot;:&quot;UKbWNDaKqTrcK9PzEwWi&quot;},{&quot;accountno&quot;:&quot;QQ-7777777&quot;,&quot;departmentno&quot;:&quot;7&quot;,&quot;salary&quot;:&quot;777&quot;,&quot;pincode&quot;:&quot;777777&quot;,&quot;userid&quot;:&quot;gwcn6RK4r9LUWalrshHM&quot;,&quot;id&quot;:&quot;hznfojYH7Zti65T0qs47&quot;},{&quot;accountno&quot;:&quot;TA-1111111&quot;,&quot;departmentno&quot;:&quot;1&quot;,&quot;salary&quot;:&quot;1111&quot;,&quot;pincode&quot;:&quot;111111&quot;,&quot;userid&quot;:&quot;ziBRfLEfNtH2MHyH3MhK&quot;,&quot;id&quot;:&quot;e7qWBYYGt3g9QWQBRHVX&quot;},{&quot;accountno&quot;:&quot;TA-1111111&quot;,&quot;departmentno&quot;:&quot;1&quot;,&quot;salary&quot;:&quot;1111&quot;,&quot;pincode&quot;:&quot;111111&quot;,&quot;userid&quot;:&quot;ziBRfLEfNtH2MHyH3MhK&quot;,&quot;id&quot;:&quot;4gzR12QjWJwinRBKZ3YR&quot;},{&quot;accountno&quot;:&quot;TA-1111111&quot;,&quot;departmentno&quot;:&quot;1&quot;,&quot;salary&quot;:&quot;1111&quot;,&quot;pincode&quot;:&quot;111111&quot;,&quot;userid&quot;:&quot;ziBRfLEfNtH2MHyH3MhK&quot;,&quot;id&quot;:&quot;EEmaLcIxQrNCPFHol66h&quot;},{&quot;accountno&quot;:&quot;TA-1111111&quot;,&quot;departmentno&quot;:&quot;1&quot;,&quot;salary&quot;:&quot;1111&quot;,&quot;pincode&quot;:&quot;111111&quot;,&quot;userid&quot;:&quot;ziBRfLEfNtH2MHyH3MhK&quot;,&quot;id&quot;:&quot;18CkRXuVcftcB56whbLr&quot;},{&quot;accountno&quot;:&quot;TA-1111111&quot;,&quot;departmentno&quot;:&quot;1&quot;,&quot;salary&quot;:&quot;1111&quot;,&quot;pincode&quot;:&quot;111111&quot;,&quot;userid&quot;:&quot;ziBRfLEfNtH2MHyH3MhK&quot;,&quot;id&quot;:&quot;K1z0SaqXFfjUIDqqHVBk&quot;},{&quot;accountno&quot;:&quot;TA-1111111&quot;,&quot;departmentno&quot;:&quot;1&quot;,&quot;salary&quot;:&quot;11111&quot;,&quot;pincode&quot;:&quot;111111&quot;,&quot;userid&quot;:&quot;jB5M5JA4fhyBV7IKmOvl&quot;,&quot;id&quot;:&quot;ULB3WbP8EhqWmH3KIKdS&quot;},{&quot;accountno&quot;:&quot;TA-1111111&quot;,&quot;departmentno&quot;:&quot;1&quot;,&quot;salary&quot;:&quot;11111&quot;,&quot;pincode&quot;:&quot;111111&quot;,&quot;userid&quot;:&quot;jB5M5JA4fhyBV7IKmOvl&quot;,&quot;id&quot;:&quot;UNtT9ait1PJxW1nkNnMd&quot;},{&quot;accountno&quot;:&quot;TA-1111111&quot;,&quot;departmentno&quot;:&quot;1&quot;,&quot;salary&quot;:&quot;11111&quot;,&quot;pincode&quot;:&quot;111111&quot;,&quot;userid&quot;:&quot;jB5M5JA4fhyBV7IKmOvl&quot;,&quot;id&quot;:&quot;CSWodViuORD7Wy3wQZaK&quot;},{&quot;accountno&quot;:&quot;TA-1111111&quot;,&quot;departmentno&quot;:&quot;1&quot;,&quot;salary&quot;:&quot;11111&quot;,&quot;pincode&quot;:&quot;111111&quot;,&quot;userid&quot;:&quot;jB5M5JA4fhyBV7IKmOvl&quot;,&quot;id&quot;:&quot;WP3R5cs9frgcpUqzbu1x&quot;},{&quot;accountno&quot;:&quot;TA-1111111&quot;,&quot;departmentno&quot;:&quot;1&quot;,&quot;salary&quot;:&quot;11111&quot;,&quot;pincode&quot;:&quot;111111&quot;,&quot;userid&quot;:&quot;jB5M5JA4fhyBV7IKmOvl&quot;,&quot;id&quot;:&quot;QncfMFV8NEWN0R0kZoRu&quot;},{&quot;accountno&quot;:&quot;TA-1111111&quot;,&quot;departmentno&quot;:&quot;1&quot;,&quot;salary&quot;:&quot;11111&quot;,&quot;pincode&quot;:&quot;111111&quot;,&quot;userid&quot;:&quot;jB5M5JA4fhyBV7IKmOvl&quot;,&quot;id&quot;:&quot;QSBqHr8jVXgPTRsPc7Qv&quot;},{&quot;accountno&quot;:&quot;PR-911911&quot;,&quot;departmentno&quot;:&quot;1&quot;,&quot;salary&quot;:&quot;1991&quot;,&quot;pincode&quot;:&quot;119911&quot;,&quot;userid&quot;:&quot;ziBRfLEfNtH2MHyH3MhK&quot;,&quot;id&quot;:&quot;k1VaNCcdx640a0s6iimI&quot;},{&quot;accountno&quot;:&quot;TA-1111111&quot;,&quot;departmentno&quot;:&quot;1&quot;,&quot;salary&quot;:&quot;1111&quot;,&quot;pincode&quot;:&quot;111111&quot;,&quot;userid&quot;:&quot;ziBRfLEfNtH2MHyH3MhK&quot;,&quot;id&quot;:&quot;rLdrsD2SwtSxd5J9HNMh&quot;},{&quot;accountno&quot;:&quot;TA-1111111&quot;,&quot;departmentno&quot;:&quot;1&quot;,&quot;salary&quot;:&quot;1111&quot;,&quot;pincode&quot;:&quot;111111&quot;,&quot;userid&quot;:&quot;ziBRfLEfNtH2MHyH3MhK&quot;,&quot;id&quot;:&quot;Vc2svukYfCveS2JedmLm&quot;},{&quot;accountno&quot;:&quot;TA-vaa4568&quot;,&quot;departmentno&quot;:&quot;8&quot;,&quot;salary&quot;:&quot;12310&quot;,&quot;pincode&quot;:&quot;954011&quot;,&quot;userid&quot;:&quot;u7nq0GWiLeCacS4KOFe3&quot;,&quot;id&quot;:&quot;knT0bA8V8Mpz28TXm3qs&quot;},{&quot;accountno&quot;:&quot;va12121&quot;,&quot;departmentno&quot;:&quot;2&quot;,&quot;salary&quot;:&quot;250&quot;,&quot;pincode&quot;:&quot;232323&quot;,&quot;userid&quot;:&quot;u7nq0GWiLeCacS4KOFe3&quot;,&quot;id&quot;:&quot;3HGZUPhst4sB4CDW69gN&quot;},{&quot;accountno&quot;:&quot;va12121&quot;,&quot;departmentno&quot;:&quot;2&quot;,&quot;salary&quot;:&quot;250&quot;,&quot;pincode&quot;:&quot;232323&quot;,&quot;userid&quot;:&quot;u7nq0GWiLeCacS4KOFe3&quot;,&quot;id&quot;:&quot;x2HBuGG5sjJRwKc2DlXW&quot;},{&quot;accountno&quot;:&quot;va12121&quot;,&quot;departmentno&quot;:&quot;2&quot;,&quot;salary&quot;:&quot;250&quot;,&quot;pincode&quot;:&quot;232323&quot;,&quot;userid&quot;:&quot;u7nq0GWiLeCacS4KOFe3&quot;,&quot;id&quot;:&quot;oLZIAz4OXrW3dba8243J&quot;},{&quot;accountno&quot;:&quot;va12121&quot;,&quot;departmentno&quot;:&quot;2&quot;,&quot;salary&quot;:&quot;250&quot;,&quot;pincode&quot;:&quot;232323&quot;,&quot;userid&quot;:&quot;u7nq0GWiLeCacS4KOFe3&quot;,&quot;id&quot;:&quot;ciMjlowy71Ryjcbygeyk&quot;},{&quot;accountno&quot;:&quot;TA-1111111&quot;,&quot;departmentno&quot;:&quot;1&quot;,&quot;salary&quot;:&quot;1111&quot;,&quot;pincode&quot;:&quot;111111&quot;,&quot;userid&quot;:&quot;ziBRfLEfNtH2MHyH3MhK&quot;,&quot;id&quot;:&quot;Aio61fg9GOPsjjdFiByP&quot;},{&quot;accountno&quot;:&quot;TA-1111111&quot;,&quot;departmentno&quot;:&quot;1&quot;,&quot;salary&quot;:&quot;1111&quot;,&quot;pincode&quot;:&quot;111111&quot;,&quot;userid&quot;:&quot;ziBRfLEfNtH2MHyH3MhK&quot;,&quot;id&quot;:&quot;qKs7OtfgbFR1cdk6yUUe&quot;},{&quot;accountno&quot;:&quot;TA-1111111&quot;,&quot;departmentno&quot;:&quot;1&quot;,&quot;salary&quot;:&quot;1111&quot;,&quot;pincode&quot;:&quot;111111&quot;,&quot;userid&quot;:&quot;ziBRfLEfNtH2MHyH3MhK&quot;,&quot;id&quot;:&quot;PnT4JhEv9K9jOKAHCHpJ&quot;},{&quot;accountno&quot;:&quot;va12121&quot;,&quot;departmentno&quot;:&quot;2&quot;,&quot;salary&quot;:&quot;250&quot;,&quot;pincode&quot;:&quot;232323&quot;,&quot;userid&quot;:&quot;u7nq0GWiLeCacS4KOFe3&quot;,&quot;id&quot;:&quot;DEpcbNQE7gNfHpFDgrav&quot;},{&quot;accountno&quot;:&quot;va12121&quot;,&quot;departmentno&quot;:&quot;2&quot;,&quot;salary&quot;:&quot;250&quot;,&quot;pincode&quot;:&quot;232323&quot;,&quot;userid&quot;:&quot;u7nq0GWiLeCacS4KOFe3&quot;,&quot;id&quot;:&quot;iKFyfBnMUOzIHj0HhYUk&quot;},{&quot;accountno&quot;:&quot;va12121&quot;,&quot;departmentno&quot;:&quot;2&quot;,&quot;salary&quot;:&quot;250&quot;,&quot;pincode&quot;:&quot;232323&quot;,&quot;userid&quot;:&quot;u7nq0GWiLeCacS4KOFe3&quot;,&quot;id&quot;:&quot;qPyUNoH88nqSQiFX0KUT&quot;},{&quot;accountno&quot;:&quot;va12121&quot;,&quot;departmentno&quot;:&quot;2&quot;,&quot;salary&quot;:&quot;250&quot;,&quot;pincode&quot;:&quot;232323&quot;,&quot;userid&quot;:&quot;u7nq0GWiLeCacS4KOFe3&quot;,&quot;id&quot;:&quot;XST7RbAOMuPJenkXKc7q&quot;},{&quot;accountno&quot;:&quot;TA-111&quot;,&quot;departmentno&quot;:&quot;2&quot;,&quot;salary&quot;:&quot;1112&quot;,&quot;pincode&quot;:&quot;197012&quot;,&quot;userid&quot;:&quot;y0ROQ195Nq0c8MTZyxMM&quot;,&quot;id&quot;:&quot;HPDPYaltebvMGxzT6m0I&quot;},{&quot;accountno&quot;:&quot;va12121&quot;,&quot;departmentno&quot;:&quot;2&quot;,&quot;salary&quot;:&quot;250&quot;,&quot;pincode&quot;:&quot;232323&quot;,&quot;userid&quot;:&quot;u7nq0GWiLeCacS4KOFe3&quot;,&quot;id&quot;:&quot;8Zsy5QrwbrqYacHMkziw&quot;},{&quot;accountno&quot;:&quot;va12121&quot;,&quot;departmentno&quot;:&quot;2&quot;,&quot;salary&quot;:&quot;250&quot;,&quot;pincode&quot;:&quot;232323&quot;,&quot;userid&quot;:&quot;u7nq0GWiLeCacS4KOFe3&quot;,&quot;id&quot;:&quot;r7hEcj7Mr1XOtVlBEthk&quot;},{&quot;accountno&quot;:&quot;va12121&quot;,&quot;departmentno&quot;:&quot;2&quot;,&quot;salary&quot;:&quot;250&quot;,&quot;pincode&quot;:&quot;232323&quot;,&quot;userid&quot;:&quot;u7nq0GWiLeCacS4KOFe3&quot;,&quot;id&quot;:&quot;uYvOsAPFEN634gjgI5Kc&quot;},{&quot;accountno&quot;:&quot;HS-1234489&quot;,&quot;departmentno&quot;:&quot;5&quot;,&quot;salary&quot;:&quot;345678&quot;,&quot;pincode&quot;:&quot;515001&quot;,&quot;userid&quot;:&quot;hnX1SdQ0Xo7c6zYPAech&quot;,&quot;id&quot;:&quot;5eQJeVoQUaBdc5AFWMnt&quot;},{&quot;accountno&quot;:&quot;HS-1234489&quot;,&quot;departmentno&quot;:&quot;8&quot;,&quot;salary&quot;:&quot;664764&quot;,&quot;pincode&quot;:&quot;515023&quot;,&quot;userid&quot;:&quot;hnX1SdQ0Xo7c6zYPAech&quot;,&quot;id&quot;:&quot;4B2cPn09t9m0XgkIk6T8&quot;},{&quot;accountno&quot;:&quot;TA-3245698&quot;,&quot;departmentno&quot;:&quot;4&quot;,&quot;salary&quot;:&quot;432&quot;,&quot;pincode&quot;:&quot;691532&quot;,&quot;userid&quot;:&quot;y0ROQ195Nq0c8MTZyxMM&quot;,&quot;id&quot;:&quot;42wVSuc7kYNDIltXK0Uj&quot;},{&quot;accountno&quot;:&quot;TA-3245698&quot;,&quot;departmentno&quot;:&quot;4&quot;,&quot;salary&quot;:&quot;432&quot;,&quot;pincode&quot;:&quot;691532&quot;,&quot;userid&quot;:&quot;y0ROQ195Nq0c8MTZyxMM&quot;,&quot;id&quot;:&quot;cYuXnF6WFLbdVhjRfpFM&quot;},{&quot;accountno&quot;:&quot;TA-bl54321&quot;,&quot;departmentno&quot;:&quot;2&quot;,&quot;salary&quot;:&quot;54321&quot;,&quot;pincode&quot;:&quot;222111&quot;,&quot;userid&quot;:&quot;wvTE1ZsqbgfOMtiFejpq&quot;,&quot;id&quot;:&quot;MNFqSCkwZV03n5wyMmxg&quot;},{&quot;accountno&quot;:&quot;GE-1438755&quot;,&quot;departmentno&quot;:&quot;6&quot;,&quot;salary&quot;:&quot;345425&quot;,&quot;pincode&quot;:&quot;537174&quot;,&quot;userid&quot;:&quot;txyvZ2JBdVLa10kxS284&quot;,&quot;id&quot;:&quot;YAgWlJkvp7QOFDgBqw8m&quot;},{&quot;accountno&quot;:&quot;USH-2122341&quot;,&quot;departmentno&quot;:&quot;1&quot;,&quot;salary&quot;:&quot;200000&quot;,&quot;pincode&quot;:&quot;770702&quot;,&quot;userid&quot;:&quot;qsAvy2acR3CH9AtEoVXA&quot;,&quot;id&quot;:&quot;P2Ah2lWM2StfgDxys2vD&quot;},{&quot;accountno&quot;:&quot;USH-2122341&quot;,&quot;departmentno&quot;:&quot;1&quot;,&quot;salary&quot;:&quot;200000&quot;,&quot;pincode&quot;:&quot;770702&quot;,&quot;userid&quot;:&quot;qsAvy2acR3CH9AtEoVXA&quot;,&quot;id&quot;:&quot;5dsENNdPvGxsuamOcv9C&quot;},{&quot;accountno&quot;:&quot;USH-2122341&quot;,&quot;departmentno&quot;:&quot;1&quot;,&quot;salary&quot;:&quot;200000&quot;,&quot;pincode&quot;:&quot;770702&quot;,&quot;userid&quot;:&quot;qsAvy2acR3CH9AtEoVXA&quot;,&quot;id&quot;:&quot;jVEKeVM3FaoWAvOzRXo6&quot;},{&quot;accountno&quot;:&quot;USH-2122341&quot;,&quot;departmentno&quot;:&quot;1&quot;,&quot;salary&quot;:&quot;200000&quot;,&quot;pincode&quot;:&quot;770702&quot;,&quot;userid&quot;:&quot;qsAvy2acR3CH9AtEoVXA&quot;,&quot;id&quot;:&quot;Bexm4fREErAyUHWb8o1c&quot;},{&quot;accountno&quot;:&quot;4490099&quot;,&quot;departmentno&quot;:&quot;67w&quot;,&quot;salary&quot;:&quot;wtss&quot;,&quot;pincode&quot;:&quot;pjsksj&quot;,&quot;userid&quot;:&quot;rGjPCz7q7Yv75qaHGWfi&quot;,&quot;id&quot;:&quot;wp952z03OVDnvNGOWCI3&quot;},{&quot;accountno&quot;:&quot;4490099&quot;,&quot;departmentno&quot;:&quot;67w&quot;,&quot;salary&quot;:&quot;wtss&quot;,&quot;pincode&quot;:&quot;pjsksj&quot;,&quot;userid&quot;:&quot;rGjPCz7q7Yv75qaHGWfi&quot;,&quot;id&quot;:&quot;l9tpVpLhr5awnuOGlubn&quot;},{&quot;accountno&quot;:&quot;4490099&quot;,&quot;departmentno&quot;:&quot;67w&quot;,&quot;salary&quot;:&quot;wtss&quot;,&quot;pincode&quot;:&quot;4488884444&quot;,&quot;userid&quot;:&quot;rGjPCz7q7Yv75qaHGWfi&quot;,&quot;id&quot;:&quot;UI7zLb8lJ1OF9GKcdovk&quot;},{&quot;accountno&quot;:&quot;4490099&quot;,&quot;departmentno&quot;:&quot;67w&quot;,&quot;salary&quot;:&quot;4&quot;,&quot;pincode&quot;:&quot;4488884444&quot;,&quot;userid&quot;:&quot;rGjPCz7q7Yv75qaHGWfi&quot;,&quot;id&quot;:&quot;6Vq4VBpijKogmNRM9uck&quot;},{&quot;accountno&quot;:&quot;44&quot;,&quot;departmentno&quot;:&quot;4&quot;,&quot;salary&quot;:&quot;4&quot;,&quot;pincode&quot;:&quot;4488884444&quot;,&quot;userid&quot;:&quot;rGjPCz7q7Yv75qaHGWfi&quot;,&quot;id&quot;:&quot;cseGetKXgUOf9va9AsEn&quot;},{&quot;accountno&quot;:&quot;GE-246892&quot;,&quot;departmentno&quot;:&quot;6&quot;,&quot;salary&quot;:&quot;345425&quot;,&quot;pincode&quot;:&quot;537174&quot;,&quot;userid&quot;:&quot;txyvZ2JBdVLa10kxS284&quot;,&quot;id&quot;:&quot;GEgq2ZnspHy04Jlb6PoT&quot;},{&quot;accountno&quot;:&quot;USH-1234412&quot;,&quot;departmentno&quot;:&quot;1&quot;,&quot;salary&quot;:&quot;200000&quot;,&quot;pincode&quot;:&quot;772134&quot;,&quot;userid&quot;:&quot;qsAvy2acR3CH9AtEoVXA&quot;,&quot;id&quot;:&quot;upSBiOFyfptP0d0Wqle0&quot;},{&quot;accountno&quot;:&quot;va12121&quot;,&quot;departmentno&quot;:&quot;2&quot;,&quot;salary&quot;:&quot;250&quot;,&quot;pincode&quot;:&quot;232323&quot;,&quot;userid&quot;:&quot;u7nq0GWiLeCacS4KOFe3&quot;,&quot;id&quot;:&quot;jEzOhVHFJ4tI1xcTqdv7&quot;},{&quot;accountno&quot;:&quot;USH-1234412&quot;,&quot;departmentno&quot;:&quot;1&quot;,&quot;salary&quot;:&quot;200000&quot;,&quot;pincode&quot;:&quot;772134&quot;,&quot;userid&quot;:&quot;qsAvy2acR3CH9AtEoVXA&quot;,&quot;id&quot;:&quot;uAh1Ykl9yOmbRUA9Fj72&quot;},{&quot;accountno&quot;:&quot;va12121&quot;,&quot;departmentno&quot;:&quot;2&quot;,&quot;salary&quot;:&quot;250&quot;,&quot;pincode&quot;:&quot;232323&quot;,&quot;userid&quot;:&quot;u7nq0GWiLeCacS4KOFe3&quot;,&quot;id&quot;:&quot;qscnF2XlAgl6kiNV66dy&quot;},{&quot;accountno&quot;:&quot;va12121&quot;,&quot;departmentno&quot;:&quot;2&quot;,&quot;salary&quot;:&quot;250&quot;,&quot;pincode&quot;:&quot;232323&quot;,&quot;userid&quot;:&quot;u7nq0GWiLeCacS4KOFe3&quot;,&quot;id&quot;:&quot;NnPZr1F7Wqniv4NTz7F8&quot;},{&quot;accountno&quot;:&quot;va12121&quot;,&quot;departmentno&quot;:&quot;2&quot;,&quot;salary&quot;:&quot;250&quot;,&quot;pincode&quot;:&quot;232323&quot;,&quot;userid&quot;:&quot;u7nq0GWiLeCacS4KOFe3&quot;,&quot;id&quot;:&quot;zeeqqcTyJJsbcbTkVso1&quot;},{&quot;accountno&quot;:&quot;va12121&quot;,&quot;departmentno&quot;:&quot;2&quot;,&quot;salary&quot;:&quot;250&quot;,&quot;pincode&quot;:&quot;232323&quot;,&quot;userid&quot;:&quot;u7nq0GWiLeCacS4KOFe3&quot;,&quot;id&quot;:&quot;vuPSGdzs1hCBXwb3TB8Q&quot;},{&quot;accountno&quot;:&quot;USH-1234412&quot;,&quot;departmentno&quot;:&quot;1&quot;,&quot;salary&quot;:&quot;200000&quot;,&quot;pincode&quot;:&quot;772134&quot;,&quot;userid&quot;:&quot;qsAvy2acR3CH9AtEoVXA&quot;,&quot;id&quot;:&quot;WubRc0ivYyvKt5NmgUHH&quot;},{&quot;accountno&quot;:&quot;USH-1234412&quot;,&quot;departmentno&quot;:&quot;1&quot;,&quot;salary&quot;:&quot;200000&quot;,&quot;pincode&quot;:&quot;772134&quot;,&quot;userid&quot;:&quot;qsAvy2acR3CH9AtEoVXA&quot;,&quot;id&quot;:&quot;LHRUSuTXXZamu3OmN50G&quot;},{&quot;accountno&quot;:&quot;USH-1234412&quot;,&quot;departmentno&quot;:&quot;1&quot;,&quot;salary&quot;:&quot;200000&quot;,&quot;pincode&quot;:&quot;772134&quot;,&quot;userid&quot;:&quot;qsAvy2acR3CH9AtEoVXA&quot;,&quot;id&quot;:&quot;gkbtkHDsecwn5v0R9xXQ&quot;},{&quot;accountno&quot;:&quot;USH-1234412&quot;,&quot;departmentno&quot;:&quot;1&quot;,&quot;salary&quot;:&quot;200000&quot;,&quot;pincode&quot;:&quot;772134&quot;,&quot;userid&quot;:&quot;qsAvy2acR3CH9AtEoVXA&quot;,&quot;id&quot;:&quot;eYMw1pYd7vak5xpmRFzm&quot;},{&quot;accountno&quot;:&quot;shwe-0999999&quot;,&quot;departmentno&quot;:&quot;2&quot;,&quot;salary&quot;:&quot;11111&quot;,&quot;pincode&quot;:&quot;111111&quot;,&quot;userid&quot;:&quot;hlI8xRxaKMwpontOHVoR&quot;,&quot;id&quot;:&quot;vC2yugSocgjouXSPwLGe&quot;},{&quot;accountno&quot;:&quot;shwe-0999999&quot;,&quot;departmentno&quot;:&quot;2&quot;,&quot;salary&quot;:&quot;11111&quot;,&quot;pincode&quot;:&quot;111111&quot;,&quot;userid&quot;:&quot;hlI8xRxaKMwpontOHVoR&quot;,&quot;id&quot;:&quot;5gw8Xz40xERWdmsOCuxk&quot;},{&quot;accountno&quot;:&quot;USH-1234412&quot;,&quot;departmentno&quot;:&quot;1&quot;,&quot;salary&quot;:&quot;200000&quot;,&quot;pincode&quot;:&quot;772134&quot;,&quot;userid&quot;:&quot;qsAvy2acR3CH9AtEoVXA&quot;,&quot;id&quot;:&quot;5aiip9ynKXdZEFreWMfg&quot;},{&quot;accountno&quot;:&quot;USH-1234412&quot;,&quot;departmentno&quot;:&quot;1&quot;,&quot;salary&quot;:&quot;200000&quot;,&quot;pincode&quot;:&quot;772134&quot;,&quot;userid&quot;:&quot;qsAvy2acR3CH9AtEoVXA&quot;,&quot;id&quot;:&quot;gqo0jk9ZV1XhFT126DJW&quot;},{&quot;accountno&quot;:&quot;shwe-0999999&quot;,&quot;departmentno&quot;:&quot;2&quot;,&quot;salary&quot;:&quot;11111&quot;,&quot;pincode&quot;:&quot;111111&quot;,&quot;userid&quot;:&quot;hlI8xRxaKMwpontOHVoR&quot;,&quot;id&quot;:&quot;aWe0PJQtO7mYTWuU3JbJ&quot;},{&quot;accountno&quot;:&quot;shwe-0999999&quot;,&quot;departmentno&quot;:&quot;2&quot;,&quot;salary&quot;:&quot;11111&quot;,&quot;pincode&quot;:&quot;111111&quot;,&quot;userid&quot;:&quot;hlI8xRxaKMwpontOHVoR&quot;,&quot;id&quot;:&quot;s52e6D7MCtMUdZQ2DjYf&quot;},{&quot;accountno&quot;:&quot;shwe-0999999&quot;,&quot;departmentno&quot;:&quot;2&quot;,&quot;salary&quot;:&quot;11111&quot;,&quot;pincode&quot;:&quot;111111&quot;,&quot;userid&quot;:&quot;hlI8xRxaKMwpontOHVoR&quot;,&quot;id&quot;:&quot;R68wfKNrE50tmJHrZJKA&quot;},{&quot;accountno&quot;:&quot;shwe-0999999&quot;,&quot;departmentno&quot;:&quot;2&quot;,&quot;salary&quot;:&quot;11111&quot;,&quot;pincode&quot;:&quot;111111&quot;,&quot;userid&quot;:&quot;hlI8xRxaKMwpontOHVoR&quot;,&quot;id&quot;:&quot;LgqN3wJlHGZO21BnNdEl&quot;},{&quot;accountno&quot;:&quot;HS-1234489&quot;,&quot;departmentno&quot;:&quot;5&quot;,&quot;salary&quot;:&quot;345678&quot;,&quot;pincode&quot;:&quot;515001&quot;,&quot;userid&quot;:&quot;hnX1SdQ0Xo7c6zYPAech&quot;,&quot;id&quot;:&quot;QNYF9esyZ97YrBTacOCz&quot;},{&quot;accountno&quot;:&quot;HS-1234489&quot;,&quot;departmentno&quot;:&quot;5&quot;,&quot;salary&quot;:&quot;345678&quot;,&quot;pincode&quot;:&quot;515001&quot;,&quot;userid&quot;:&quot;hnX1SdQ0Xo7c6zYPAech&quot;,&quot;id&quot;:&quot;o0VXca6UvLb3geeZSIyg&quot;},{&quot;accountno&quot;:&quot;shwe-0999999&quot;,&quot;departmentno&quot;:&quot;2&quot;,&quot;salary&quot;:&quot;11111&quot;,&quot;pincode&quot;:&quot;111111&quot;,&quot;userid&quot;:&quot;hlI8xRxaKMwpontOHVoR&quot;,&quot;id&quot;:&quot;X9p8kKztVHQlSZWkkzPF&quot;},{&quot;accountno&quot;:&quot;HS-123&quot;,&quot;departmentno&quot;:&quot;45688&quot;,&quot;salary&quot;:&quot;444478&quot;,&quot;pincode&quot;:&quot;515009&quot;,&quot;userid&quot;:&quot;hnX1SdQ0Xo7c6zYPAech&quot;,&quot;id&quot;:&quot;BbEfRqoYcV5JzsG9UNMv&quot;},{&quot;accountno&quot;:&quot;HS-1&quot;,&quot;departmentno&quot;:&quot;2666&quot;,&quot;salary&quot;:&quot;123456&quot;,&quot;pincode&quot;:&quot;515001&quot;,&quot;userid&quot;:&quot;hnX1SdQ0Xo7c6zYPAech&quot;,&quot;id&quot;:&quot;INqXGTDuc3M4K6rMRaq6&quot;},{&quot;accountno&quot;:&quot;HS-1&quot;,&quot;departmentno&quot;:&quot;2&quot;,&quot;salary&quot;:&quot;123456&quot;,&quot;pincode&quot;:&quot;515001&quot;,&quot;userid&quot;:&quot;hnX1SdQ0Xo7c6zYPAech&quot;,&quot;id&quot;:&quot;taL4fDotRlbcnrJn4d3E&quot;},{&quot;accountno&quot;:&quot;HS-1234567&quot;,&quot;departmentno&quot;:&quot;2&quot;,&quot;salary&quot;:&quot;123456&quot;,&quot;pincode&quot;:&quot;515001&quot;,&quot;userid&quot;:&quot;hnX1SdQ0Xo7c6zYPAech&quot;,&quot;id&quot;:&quot;qWswVlqtTN3nsBebADsW&quot;},{&quot;accountno&quot;:&quot;HS-1234567&quot;,&quot;departmentno&quot;:&quot;2&quot;,&quot;salary&quot;:&quot;123456&quot;,&quot;pincode&quot;:&quot;515001&quot;,&quot;userid&quot;:&quot;hnX1SdQ0Xo7c6zYPAech&quot;,&quot;id&quot;:&quot;ifiAsH4QX4EIXlAd4CNP&quot;},{&quot;accountno&quot;:&quot;HS-233&quot;,&quot;departmentno&quot;:&quot;215&quot;,&quot;salary&quot;:&quot;123456&quot;,&quot;pincode&quot;:&quot;515001&quot;,&quot;userid&quot;:&quot;hnX1SdQ0Xo7c6zYPAech&quot;,&quot;id&quot;:&quot;M6ggUnDyICpc0UNWuaxc&quot;},{&quot;accountno&quot;:&quot;HS-233&quot;,&quot;departmentno&quot;:&quot;215&quot;,&quot;salary&quot;:&quot;123456&quot;,&quot;pincode&quot;:&quot;515001&quot;,&quot;userid&quot;:&quot;hnX1SdQ0Xo7c6zYPAech&quot;,&quot;id&quot;:&quot;S0yYskGo9iEAB7S1dxxI&quot;},{&quot;accountno&quot;:&quot;HS-233&quot;,&quot;departmentno&quot;:&quot;2&quot;,&quot;salary&quot;:&quot;123456&quot;,&quot;pincode&quot;:&quot;515001&quot;,&quot;userid&quot;:&quot;hnX1SdQ0Xo7c6zYPAech&quot;,&quot;id&quot;:&quot;QEatzsGAfcE2DiWLzBgy&quot;},{&quot;accountno&quot;:&quot;HS-233&quot;,&quot;departmentno&quot;:&quot;2&quot;,&quot;salary&quot;:&quot;123456&quot;,&quot;pincode&quot;:&quot;515001&quot;,&quot;userid&quot;:&quot;hnX1SdQ0Xo7c6zYPAech&quot;,&quot;id&quot;:&quot;oXnHmDX2ZzUSINDi9D2K&quot;},{&quot;accountno&quot;:&quot;shwe-0999999&quot;,&quot;departmentno&quot;:&quot;2&quot;,&quot;salary&quot;:&quot;11111&quot;,&quot;pincode&quot;:&quot;111111&quot;,&quot;userid&quot;:&quot;hlI8xRxaKMwpontOHVoR&quot;,&quot;id&quot;:&quot;il76nI1OcbDCjhflSyoO&quot;},{&quot;accountno&quot;:&quot;shwe-0999999&quot;,&quot;departmentno&quot;:&quot;2&quot;,&quot;salary&quot;:&quot;11111&quot;,&quot;pincode&quot;:&quot;111111&quot;,&quot;userid&quot;:&quot;hlI8xRxaKMwpontOHVoR&quot;,&quot;id&quot;:&quot;wvjouoqOzahvTvzfHGAQ&quot;},{&quot;accountno&quot;:&quot;shwe-0999999&quot;,&quot;departmentno&quot;:&quot;2&quot;,&quot;salary&quot;:&quot;11111&quot;,&quot;pincode&quot;:&quot;111111&quot;,&quot;userid&quot;:&quot;hlI8xRxaKMwpontOHVoR&quot;,&quot;id&quot;:&quot;g3lU1AP17NXMrlzXWQTd&quot;},{&quot;accountno&quot;:&quot;shwe-0999999&quot;,&quot;departmentno&quot;:&quot;2&quot;,&quot;salary&quot;:&quot;11111&quot;,&quot;pincode&quot;:&quot;111111&quot;,&quot;userid&quot;:&quot;hlI8xRxaKMwpontOHVoR&quot;,&quot;id&quot;:&quot;5I3ZSa0goFxht058J00r&quot;},{&quot;accountno&quot;:&quot;JM-667&quot;,&quot;departmentno&quot;:&quot;&quot;,&quot;salary&quot;:&quot;939&quot;,&quot;pincode&quot;:&quot;9341&quot;,&quot;userid&quot;:&quot;PmSgJPYWxk9rbvH0WOO8&quot;,&quot;id&quot;:&quot;Q9PrY9Tc1VbvyVqK5FCg&quot;},{&quot;accountno&quot;:&quot;JM-1234567&quot;,&quot;departmentno&quot;:&quot;9&quot;,&quot;salary&quot;:&quot;938439&quot;,&quot;pincode&quot;:&quot;989898&quot;,&quot;userid&quot;:&quot;PmSgJPYWxk9rbvH0WOO8&quot;,&quot;id&quot;:&quot;zN5e4K8BSss9iahGlWrg&quot;},{&quot;accountno&quot;:&quot;shwe-0999999&quot;,&quot;departmentno&quot;:&quot;2&quot;,&quot;salary&quot;:&quot;11111&quot;,&quot;pincode&quot;:&quot;111111&quot;,&quot;userid&quot;:&quot;hlI8xRxaKMwpontOHVoR&quot;,&quot;id&quot;:&quot;gCgEpsRoJCsd40Gnh9ON&quot;},{&quot;accountno&quot;:&quot;TA-12345667&quot;,&quot;departmentno&quot;:&quot;9&quot;,&quot;salary&quot;:&quot;938439&quot;,&quot;pincode&quot;:&quot;989898&quot;,&quot;userid&quot;:&quot;ziBRfLEfNtH2MHyH3MhK&quot;,&quot;id&quot;:&quot;9v35PjajdI0MNJjmKmqg&quot;},{&quot;accountno&quot;:&quot;TA-12345667&quot;,&quot;departmentno&quot;:&quot;9&quot;,&quot;salary&quot;:&quot;938439&quot;,&quot;pincode&quot;:&quot;989898&quot;,&quot;userid&quot;:&quot;ziBRfLEfNtH2MHyH3MhK&quot;,&quot;id&quot;:&quot;0giqncE2YmYR0CIulVBP&quot;},{&quot;accountno&quot;:&quot;PR-1010101010&quot;,&quot;departmentno&quot;:&quot;1&quot;,&quot;salary&quot;:&quot;4&quot;,&quot;pincode&quot;:&quot;&quot;,&quot;userid&quot;:&quot;jB5M5JA4fhyBV7IKmOvl&quot;,&quot;id&quot;:&quot;GpEDMFhtnb3gGsWsXAeg&quot;},{&quot;accountno&quot;:&quot;PR-1010101010&quot;,&quot;departmentno&quot;:&quot;1&quot;,&quot;salary&quot;:&quot;4&quot;,&quot;pincode&quot;:&quot;4488884444&quot;,&quot;userid&quot;:&quot;jB5M5JA4fhyBV7IKmOvl&quot;,&quot;id&quot;:&quot;tOIB5KisEb2BvGkR3R3A&quot;},{&quot;accountno&quot;:&quot;PR-1010101010&quot;,&quot;departmentno&quot;:&quot;1&quot;,&quot;salary&quot;:&quot;4&quot;,&quot;pincode&quot;:&quot;4488884444&quot;,&quot;userid&quot;:&quot;jB5M5JA4fhyBV7IKmOvl&quot;,&quot;id&quot;:&quot;IDkfRVUfMf8QebR1X8QG&quot;},{&quot;accountno&quot;:&quot;po-4048909990404&quot;,&quot;departmentno&quot;:&quot;4&quot;,&quot;salary&quot;:&quot;4&quot;,&quot;pincode&quot;:&quot;4488884444&quot;,&quot;userid&quot;:&quot;rGjPCz7q7Yv75qaHGWfi&quot;,&quot;id&quot;:&quot;s70cD86pa192kMYgr44L&quot;},{&quot;accountno&quot;:&quot;po-4040404&quot;,&quot;departmentno&quot;:&quot;4&quot;,&quot;salary&quot;:&quot;4&quot;,&quot;pincode&quot;:&quot;4488884444&quot;,&quot;userid&quot;:&quot;rGjPCz7q7Yv75qaHGWfi&quot;,&quot;id&quot;:&quot;SjC50JbninQduwgQ2MV7&quot;},{&quot;accountno&quot;:&quot;UP-2818875&quot;,&quot;departmentno&quot;:&quot;98&quot;,&quot;salary&quot;:&quot;81196&quot;,&quot;pincode&quot;:&quot;414236&quot;,&quot;userid&quot;:&quot;t125VIABatxIit0Gfdqy&quot;,&quot;id&quot;:&quot;DKwgritjskO7ys34B9x0&quot;},{&quot;accountno&quot;:&quot;TA-12345667&quot;,&quot;departmentno&quot;:&quot;9&quot;,&quot;salary&quot;:&quot;938439&quot;,&quot;pincode&quot;:&quot;91341&quot;,&quot;userid&quot;:&quot;PmSgJPYWxk9rbvH0WOO8&quot;,&quot;id&quot;:&quot;KKPLF0rz8od642OYErAr&quot;},{&quot;accountno&quot;:&quot;TA-12345667&quot;,&quot;departmentno&quot;:&quot;9&quot;,&quot;salary&quot;:&quot;938439&quot;,&quot;pincode&quot;:&quot;91341&quot;,&quot;userid&quot;:&quot;PmSgJPYWxk9rbvH0WOO8&quot;,&quot;id&quot;:&quot;Zz2fthR3IRueTXweiXh7&quot;},{&quot;accountno&quot;:&quot;HS-1234489&quot;,&quot;departmentno&quot;:&quot;8&quot;,&quot;salary&quot;:&quot;664764&quot;,&quot;pincode&quot;:&quot;515023&quot;,&quot;userid&quot;:&quot;hnX1SdQ0Xo7c6zYPAech&quot;,&quot;id&quot;:&quot;CBQLfs983KNilhW3gjpY&quot;},{&quot;accountno&quot;:&quot;TA-12345667&quot;,&quot;departmentno&quot;:&quot;9&quot;,&quot;salary&quot;:&quot;938439&quot;,&quot;pincode&quot;:&quot;91341&quot;,&quot;userid&quot;:&quot;PmSgJPYWxk9rbvH0WOO8&quot;,&quot;id&quot;:&quot;koT0WItK5UORu6YiHi55&quot;},{&quot;accountno&quot;:&quot;TA-12345667&quot;,&quot;departmentno&quot;:&quot;9&quot;,&quot;salary&quot;:&quot;938439&quot;,&quot;pincode&quot;:&quot;91341&quot;,&quot;userid&quot;:&quot;PmSgJPYWxk9rbvH0WOO8&quot;,&quot;id&quot;:&quot;vDQX8ypSmOJHhFCKGLLv&quot;},{&quot;accountno&quot;:&quot;TA-12345667&quot;,&quot;departmentno&quot;:&quot;9&quot;,&quot;salary&quot;:&quot;938439&quot;,&quot;pincode&quot;:&quot;91341&quot;,&quot;userid&quot;:&quot;PmSgJPYWxk9rbvH0WOO8&quot;,&quot;id&quot;:&quot;uWGP8tbEVwKU1cjdfBO3&quot;},{&quot;accountno&quot;:&quot;&quot;,&quot;departmentno&quot;:&quot;&quot;,&quot;salary&quot;:&quot;&quot;,&quot;pincode&quot;:&quot;&quot;,&quot;userid&quot;:&quot;PmSgJPYWxk9rbvH0WOO8&quot;,&quot;id&quot;:&quot;3ycAlvhYrhyjWILSMyAM&quot;},{&quot;accountno&quot;:&quot;&quot;,&quot;departmentno&quot;:&quot;&quot;,&quot;salary&quot;:&quot;&quot;,&quot;pincode&quot;:&quot;&quot;,&quot;userid&quot;:&quot;PmSgJPYWxk9rbvH0WOO8&quot;,&quot;id&quot;:&quot;sn6PG3n4hay4lPwbZJv7&quot;},{&quot;accountno&quot;:&quot;UP-5470682&quot;,&quot;departmentno&quot;:&quot;63&quot;,&quot;salary&quot;:&quot;92782&quot;,&quot;pincode&quot;:&quot;667583&quot;,&quot;userid&quot;:&quot;t125VIABatxIit0Gfdqy&quot;,&quot;id&quot;:&quot;7Q6WfKUbLZeQWLwYYrGg&quot;},{&quot;accountno&quot;:&quot;UP-7545586&quot;,&quot;departmentno&quot;:&quot;97&quot;,&quot;salary&quot;:&quot;96989&quot;,&quot;pincode&quot;:&quot;656696&quot;,&quot;userid&quot;:&quot;t125VIABatxIit0Gfdqy&quot;,&quot;id&quot;:&quot;QyMj9OpdgCVMWhEljGzl&quot;},{&quot;accountno&quot;:&quot;UP-9938547&quot;,&quot;departmentno&quot;:&quot;31&quot;,&quot;salary&quot;:&quot;98629&quot;,&quot;pincode&quot;:&quot;369363&quot;,&quot;userid&quot;:&quot;t125VIABatxIit0Gfdqy&quot;,&quot;id&quot;:&quot;iCUEqCieFJTyHo1epH7X&quot;},{&quot;accountno&quot;:&quot;GE-246892&quot;,&quot;departmentno&quot;:&quot;6&quot;,&quot;salary&quot;:&quot;345425&quot;,&quot;pincode&quot;:&quot;537174&quot;,&quot;userid&quot;:&quot;txyvZ2JBdVLa10kxS284&quot;,&quot;id&quot;:&quot;yDRrqe9tFkMaR8Hntx91&quot;},{&quot;accountno&quot;:&quot;UP-7847655&quot;,&quot;departmentno&quot;:&quot;66&quot;,&quot;salary&quot;:&quot;79939&quot;,&quot;pincode&quot;:&quot;972194&quot;,&quot;userid&quot;:&quot;t125VIABatxIit0Gfdqy&quot;,&quot;id&quot;:&quot;Yjn5pc1k7OypLbN178nl&quot;},{&quot;accountno&quot;:&quot;TA-2008012&quot;,&quot;departmentno&quot;:&quot;9&quot;,&quot;salary&quot;:&quot;2008120&quot;,&quot;pincode&quot;:&quot;200812&quot;,&quot;userid&quot;:&quot;pGNvLTNh7ajipS3IUPDT&quot;,&quot;id&quot;:&quot;7FLk6ViOj7Qi2sL76sD6&quot;},{&quot;accountno&quot;:&quot;UP-3680079&quot;,&quot;departmentno&quot;:&quot;53&quot;,&quot;salary&quot;:&quot;61452&quot;,&quot;pincode&quot;:&quot;174198&quot;,&quot;userid&quot;:&quot;t125VIABatxIit0Gfdqy&quot;,&quot;id&quot;:&quot;T3HArsvWfkiMGQH56Ay1&quot;},{&quot;accountno&quot;:&quot;TA-2008012&quot;,&quot;departmentno&quot;:&quot;9&quot;,&quot;salary&quot;:&quot;2008012&quot;,&quot;pincode&quot;:&quot;200812&quot;,&quot;userid&quot;:&quot;pGNvLTNh7ajipS3IUPDT&quot;,&quot;id&quot;:&quot;a7bQy8pjAbcoCDvkpTZ8&quot;},{&quot;accountno&quot;:&quot;TA-2008012&quot;,&quot;departmentno&quot;:&quot;9&quot;,&quot;salary&quot;:&quot;2008012&quot;,&quot;pincode&quot;:&quot;200812&quot;,&quot;userid&quot;:&quot;pGNvLTNh7ajipS3IUPDT&quot;,&quot;id&quot;:&quot;CFDd4d7ZCsYwCd5fFtVk&quot;},{&quot;accountno&quot;:&quot;TA-2008012&quot;,&quot;departmentno&quot;:&quot;9&quot;,&quot;salary&quot;:&quot;2008012&quot;,&quot;pincode&quot;:&quot;200812&quot;,&quot;userid&quot;:&quot;pGNvLTNh7ajipS3IUPDT&quot;,&quot;id&quot;:&quot;VKV2vwNnL9L7EiE4480s&quot;},{&quot;accountno&quot;:&quot;QQ-1111111&quot;,&quot;departmentno&quot;:&quot;1&quot;,&quot;salary&quot;:&quot;111&quot;,&quot;pincode&quot;:&quot;111111&quot;,&quot;userid&quot;:&quot;gwcn6RK4r9LUWalrshHM&quot;,&quot;id&quot;:&quot;OAOSW0woCdx37AiV8njZ&quot;},{&quot;accountno&quot;:&quot;HS-1234489&quot;,&quot;departmentno&quot;:&quot;8&quot;,&quot;salary&quot;:&quot;664764&quot;,&quot;pincode&quot;:&quot;515023&quot;,&quot;userid&quot;:&quot;hnX1SdQ0Xo7c6zYPAech&quot;,&quot;id&quot;:&quot;w5foDCdUUqiZGSSTmW1y&quot;},{&quot;accountno&quot;:&quot;HS-1234489&quot;,&quot;departmentno&quot;:&quot;8&quot;,&quot;salary&quot;:&quot;664764&quot;,&quot;pincode&quot;:&quot;515023&quot;,&quot;userid&quot;:&quot;hnX1SdQ0Xo7c6zYPAech&quot;,&quot;id&quot;:&quot;y38x5ilpYdBUs6BhH4Wz&quot;},{&quot;accountno&quot;:&quot;TA-8885695&quot;,&quot;departmentno&quot;:&quot;48&quot;,&quot;salary&quot;:&quot;91265&quot;,&quot;pincode&quot;:&quot;494347&quot;,&quot;userid&quot;:&quot;t125VIABatxIit0Gfdqy&quot;,&quot;id&quot;:&quot;rJUzb4tONkWtdlwjCFLt&quot;},{&quot;accountno&quot;:&quot;HS-1234489&quot;,&quot;departmentno&quot;:&quot;8&quot;,&quot;salary&quot;:&quot;664764&quot;,&quot;pincode&quot;:&quot;515023&quot;,&quot;userid&quot;:&quot;hnX1SdQ0Xo7c6zYPAech&quot;,&quot;id&quot;:&quot;NBKZ3H63boOo6Q9qpdFN&quot;},{&quot;accountno&quot;:&quot;HS-1234489&quot;,&quot;departmentno&quot;:&quot;8&quot;,&quot;salary&quot;:&quot;664764&quot;,&quot;pincode&quot;:&quot;515023&quot;,&quot;userid&quot;:&quot;hnX1SdQ0Xo7c6zYPAech&quot;,&quot;id&quot;:&quot;RSdH9fhYTgKEYjcPX257&quot;},{&quot;accountno&quot;:&quot;IT-4545454&quot;,&quot;departmentno&quot;:7,&quot;salary&quot;:9999,&quot;pincode&quot;:456789,&quot;userid&quot;:&quot;Vh9h6QeQwTUcvVEz3MxJ&quot;,&quot;id&quot;:&quot;pxzMExd8zYbjW7AePoBe&quot;},{&quot;accountno&quot;:&quot;HS-1234489&quot;,&quot;departmentno&quot;:&quot;5&quot;,&quot;salary&quot;:&quot;345678&quot;,&quot;pincode&quot;:&quot;515001&quot;,&quot;userid&quot;:&quot;hnX1SdQ0Xo7c6zYPAech&quot;,&quot;id&quot;:&quot;WouoUFhhYltEfNkbySlm&quot;},{&quot;accountno&quot;:&quot;HS-1234489&quot;,&quot;departmentno&quot;:&quot;5&quot;,&quot;salary&quot;:&quot;345678&quot;,&quot;pincode&quot;:&quot;515001&quot;,&quot;userid&quot;:&quot;hnX1SdQ0Xo7c6zYPAech&quot;,&quot;id&quot;:&quot;UaoFyzRPmYehlN7pzivy&quot;},{&quot;accountno&quot;:&quot;&quot;,&quot;departmentno&quot;:&quot;&quot;,&quot;salary&quot;:&quot;&quot;,&quot;pincode&quot;:&quot;&quot;,&quot;userid&quot;:&quot;rSahIiSrRaWU7MNj1icW&quot;,&quot;id&quot;:&quot;WcbG9LcXYtXXBIqRKZTs&quot;},{&quot;accountno&quot;:&quot;BB-0jjj990&quot;,&quot;departmentno&quot;:&quot;&quot;,&quot;salary&quot;:&quot;&quot;,&quot;pincode&quot;:&quot;&quot;,&quot;userid&quot;:&quot;rSahIiSrRaWU7MNj1icW&quot;,&quot;id&quot;:&quot;XTfUo08fQXjrQiOn7KTQ&quot;},{&quot;accountno&quot;:&quot;BB-0jjj990&quot;,&quot;departmentno&quot;:&quot;&quot;,&quot;salary&quot;:&quot;&quot;,&quot;pincode&quot;:&quot;&quot;,&quot;userid&quot;:&quot;rSahIiSrRaWU7MNj1icW&quot;,&quot;id&quot;:&quot;j50LbJrYozswZrMYhcp4&quot;},{&quot;accountno&quot;:&quot;BB-0jjj990&quot;,&quot;departmentno&quot;:&quot;&quot;,&quot;salary&quot;:&quot;&quot;,&quot;pincode&quot;:&quot;999990&quot;,&quot;userid&quot;:&quot;rSahIiSrRaWU7MNj1icW&quot;,&quot;id&quot;:&quot;CthmFYuZ9GvZNDGR7D6T&quot;},{&quot;accountno&quot;:&quot;BB-0jjj990&quot;,&quot;departmentno&quot;:&quot;A&quot;,&quot;salary&quot;:&quot;&quot;,&quot;pincode&quot;:&quot;999990&quot;,&quot;userid&quot;:&quot;rSahIiSrRaWU7MNj1icW&quot;,&quot;id&quot;:&quot;7agz3wfq7erJZYnHzsp6&quot;},{&quot;accountno&quot;:&quot;HS-1234489&quot;,&quot;departmentno&quot;:&quot;5&quot;,&quot;salary&quot;:&quot;345678&quot;,&quot;pincode&quot;:&quot;515001&quot;,&quot;userid&quot;:&quot;hnX1SdQ0Xo7c6zYPAech&quot;,&quot;id&quot;:&quot;qmlNg8AGvDGI8Hhkbv14&quot;},{&quot;accountno&quot;:&quot;BB-0jjj990&quot;,&quot;departmentno&quot;:&quot;A&quot;,&quot;salary&quot;:&quot;&quot;,&quot;pincode&quot;:&quot;999990&quot;,&quot;userid&quot;:&quot;rSahIiSrRaWU7MNj1icW&quot;,&quot;id&quot;:&quot;785o9fBJsFN9oqA1htKB&quot;},{&quot;accountno&quot;:&quot;TA-8671058&quot;,&quot;departmentno&quot;:&quot;43&quot;,&quot;salary&quot;:&quot;70829&quot;,&quot;pincode&quot;:&quot;136943&quot;,&quot;userid&quot;:&quot;t125VIABatxIit0Gfdqy&quot;,&quot;id&quot;:&quot;McUMQly05Dx8qfAl8Fe1&quot;},{&quot;accountno&quot;:&quot;BB-0jjj990&quot;,&quot;departmentno&quot;:&quot;A&quot;,&quot;salary&quot;:&quot;9999998&quot;,&quot;pincode&quot;:&quot;999990&quot;,&quot;userid&quot;:&quot;rSahIiSrRaWU7MNj1icW&quot;,&quot;id&quot;:&quot;6QNIpX9G8he68i6IORe0&quot;},{&quot;accountno&quot;:&quot;TA-1111111&quot;,&quot;departmentno&quot;:&quot;1&quot;,&quot;salary&quot;:&quot;1111&quot;,&quot;pincode&quot;:&quot;111111&quot;,&quot;userid&quot;:&quot;ziBRfLEfNtH2MHyH3MhK&quot;,&quot;id&quot;:&quot;kIVzoW8CfeBWuf7pVCxT&quot;},{&quot;accountno&quot;:&quot;HS-1234489&quot;,&quot;departmentno&quot;:&quot;5&quot;,&quot;salary&quot;:&quot;345678&quot;,&quot;pincode&quot;:&quot;515001&quot;,&quot;userid&quot;:&quot;hnX1SdQ0Xo7c6zYPAech&quot;,&quot;id&quot;:&quot;2iWn18hKE9I0zJO3UvbN&quot;},{&quot;accountno&quot;:&quot;HS-1234489&quot;,&quot;departmentno&quot;:&quot;5&quot;,&quot;salary&quot;:&quot;345678&quot;,&quot;pincode&quot;:&quot;515001&quot;,&quot;userid&quot;:&quot;hnX1SdQ0Xo7c6zYPAech&quot;,&quot;id&quot;:&quot;QIGbBV38Fht85hleOLS9&quot;},{&quot;accountno&quot;:&quot;DD-8989898&quot;,&quot;departmentno&quot;:&quot;898&quot;,&quot;salary&quot;:&quot;898989&quot;,&quot;pincode&quot;:&quot;&quot;,&quot;userid&quot;:&quot;t125VIABatxIit0Gfdqy&quot;,&quot;id&quot;:&quot;Cgp5Ulp3gvcyPLa22nCC&quot;},{&quot;accountno&quot;:&quot;DD-8989898&quot;,&quot;departmentno&quot;:&quot;898&quot;,&quot;salary&quot;:&quot;898989&quot;,&quot;pincode&quot;:&quot;999999&quot;,&quot;userid&quot;:&quot;t125VIABatxIit0Gfdqy&quot;,&quot;id&quot;:&quot;zCRSt2AR8ybgen7yDyaP&quot;},{&quot;accountno&quot;:&quot;TA-8782490&quot;,&quot;departmentno&quot;:&quot;85&quot;,&quot;salary&quot;:&quot;73090&quot;,&quot;pincode&quot;:&quot;923174&quot;,&quot;userid&quot;:&quot;t125VIABatxIit0Gfdqy&quot;,&quot;id&quot;:&quot;RboyXrDDtN73ifOCu8Ux&quot;},{&quot;accountno&quot;:&quot;TA-2877727&quot;,&quot;departmentno&quot;:&quot;23&quot;,&quot;salary&quot;:&quot;78266&quot;,&quot;pincode&quot;:&quot;867685&quot;,&quot;userid&quot;:&quot;t125VIABatxIit0Gfdqy&quot;,&quot;id&quot;:&quot;uExogJRHLZfqGB3fLByP&quot;},{&quot;accountno&quot;:&quot;&quot;,&quot;departmentno&quot;:&quot;&quot;,&quot;salary&quot;:&quot;&quot;,&quot;pincode&quot;:&quot;&quot;,&quot;userid&quot;:&quot;t125VIABatxIit0Gfdqy&quot;,&quot;id&quot;:&quot;2pQRYATPbjPZgvP0w4u7&quot;},{&quot;accountno&quot;:&quot;TA-1555516&quot;,&quot;departmentno&quot;:&quot;26&quot;,&quot;salary&quot;:&quot;87231&quot;,&quot;pincode&quot;:&quot;610594&quot;,&quot;userid&quot;:&quot;t125VIABatxIit0Gfdqy&quot;,&quot;id&quot;:&quot;mN5vtlCJ4SbrNL9TYvgE&quot;},{&quot;accountno&quot;:&quot;DD-8989898&quot;,&quot;departmentno&quot;:&quot;898&quot;,&quot;salary&quot;:&quot;898989&quot;,&quot;pincode&quot;:&quot;999999&quot;,&quot;userid&quot;:&quot;t125VIABatxIit0Gfdqy&quot;,&quot;id&quot;:&quot;xeZNjPEK6Vbp0ocnd7fy&quot;},{&quot;accountno&quot;:&quot;&quot;,&quot;departmentno&quot;:&quot;&quot;,&quot;salary&quot;:&quot;&quot;,&quot;pincode&quot;:&quot;&quot;,&quot;userid&quot;:&quot;t125VIABatxIit0Gfdqy&quot;,&quot;id&quot;:&quot;DBrmvTuu4GRsC8kWlkiX&quot;},{&quot;accountno&quot;:&quot;TA-12345667&quot;,&quot;departmentno&quot;:&quot;9&quot;,&quot;salary&quot;:&quot;938439&quot;,&quot;pincode&quot;:&quot;91341&quot;,&quot;userid&quot;:&quot;PmSgJPYWxk9rbvH0WOO8&quot;,&quot;id&quot;:&quot;RDSJElrwqd35PEr8m9MX&quot;},{&quot;accountno&quot;:&quot;&quot;,&quot;departmentno&quot;:&quot;&quot;,&quot;salary&quot;:&quot;&quot;,&quot;pincode&quot;:&quot;&quot;,&quot;userid&quot;:&quot;t125VIABatxIit0Gfdqy&quot;,&quot;id&quot;:&quot;ja6vgQP4BHFLkXUU5XTq&quot;},{&quot;accountno&quot;:&quot;TA-8573396&quot;,&quot;departmentno&quot;:&quot;59&quot;,&quot;salary&quot;:&quot;40059&quot;,&quot;pincode&quot;:&quot;685876&quot;,&quot;userid&quot;:&quot;t125VIABatxIit0Gfdqy&quot;,&quot;id&quot;:&quot;h3gHHxkPEo0JMcQZy0t3&quot;},{&quot;accountno&quot;:&quot;TA-12345667&quot;,&quot;departmentno&quot;:&quot;9&quot;,&quot;salary&quot;:&quot;938439&quot;,&quot;pincode&quot;:&quot;91341&quot;,&quot;userid&quot;:&quot;PmSgJPYWxk9rbvH0WOO8&quot;,&quot;id&quot;:&quot;nidUG9lPUQMDvxtrhEku&quot;},{&quot;accountno&quot;:&quot;&quot;,&quot;departmentno&quot;:&quot;&quot;,&quot;salary&quot;:&quot;&quot;,&quot;pincode&quot;:&quot;&quot;,&quot;userid&quot;:&quot;t125VIABatxIit0Gfdqy&quot;,&quot;id&quot;:&quot;TjkKUdVzN5uI2PvJ2M6N&quot;},{&quot;accountno&quot;:&quot;TA-1753367&quot;,&quot;departmentno&quot;:&quot;97&quot;,&quot;salary&quot;:&quot;14028&quot;,&quot;pincode&quot;:&quot;771975&quot;,&quot;userid&quot;:&quot;t125VIABatxIit0Gfdqy&quot;,&quot;id&quot;:&quot;Vdiez4RPoCq6MmshoHey&quot;},{&quot;accountno&quot;:&quot;TA-12345667&quot;,&quot;departmentno&quot;:&quot;9&quot;,&quot;salary&quot;:&quot;938439&quot;,&quot;pincode&quot;:&quot;91341&quot;,&quot;userid&quot;:&quot;PmSgJPYWxk9rbvH0WOO8&quot;,&quot;id&quot;:&quot;UKMBUKsnENlA0pvGUQDX&quot;},{&quot;accountno&quot;:&quot;&quot;,&quot;departmentno&quot;:&quot;&quot;,&quot;salary&quot;:&quot;&quot;,&quot;pincode&quot;:&quot;&quot;,&quot;userid&quot;:&quot;t125VIABatxIit0Gfdqy&quot;,&quot;id&quot;:&quot;zkRPGLrewEyGyKWZCmTf&quot;},{&quot;accountno&quot;:&quot;TA-6757005&quot;,&quot;departmentno&quot;:&quot;26&quot;,&quot;salary&quot;:&quot;42103&quot;,&quot;pincode&quot;:&quot;411712&quot;,&quot;userid&quot;:&quot;t125VIABatxIit0Gfdqy&quot;,&quot;id&quot;:&quot;Fi6Tw8DBGul2e8z8qnFV&quot;},{&quot;accountno&quot;:&quot;TA-2345123&quot;,&quot;departmentno&quot;:3,&quot;salary&quot;:6578,&quot;pincode&quot;:786655,&quot;userid&quot;:&quot;XPSq6kASgDb3dWC1bfNo&quot;,&quot;id&quot;:&quot;4tn6Yw6KEBDQiBHdh2eu&quot;},{&quot;accountno&quot;:&quot;TA-12345667&quot;,&quot;departmentno&quot;:&quot;9&quot;,&quot;salary&quot;:&quot;938439&quot;,&quot;pincode&quot;:&quot;91341&quot;,&quot;userid&quot;:&quot;PmSgJPYWxk9rbvH0WOO8&quot;,&quot;id&quot;:&quot;yiHdJkOAgWO1I4OOkWSD&quot;},{&quot;accountno&quot;:&quot;TA-12345667&quot;,&quot;departmentno&quot;:&quot;9&quot;,&quot;salary&quot;:&quot;938439&quot;,&quot;pincode&quot;:&quot;91341&quot;,&quot;userid&quot;:&quot;PmSgJPYWxk9rbvH0WOO8&quot;,&quot;id&quot;:&quot;rnJhhDfmZnHa34sSBPKO&quot;},{&quot;accountno&quot;:&quot;TA-12345667&quot;,&quot;departmentno&quot;:&quot;9&quot;,&quot;salary&quot;:&quot;938439&quot;,&quot;pincode&quot;:&quot;951341&quot;,&quot;userid&quot;:&quot;PmSgJPYWxk9rbvH0WOO8&quot;,&quot;id&quot;:&quot;pz02BywWELYXQyGi5efE&quot;},{&quot;accountno&quot;:&quot;&quot;,&quot;departmentno&quot;:&quot;898&quot;,&quot;salary&quot;:&quot;898989&quot;,&quot;pincode&quot;:&quot;999999&quot;,&quot;userid&quot;:&quot;t125VIABatxIit0Gfdqy&quot;,&quot;id&quot;:&quot;FiJOfM44GraM2mw8TN0W&quot;},{&quot;accountno&quot;:&quot;TA-12345667&quot;,&quot;departmentno&quot;:&quot;9&quot;,&quot;salary&quot;:&quot;938439&quot;,&quot;pincode&quot;:&quot;989898&quot;,&quot;userid&quot;:&quot;PmSgJPYWxk9rbvH0WOO8&quot;,&quot;id&quot;:&quot;WvTlgsz0nM0QIT2ZQive&quot;},{&quot;accountno&quot;:&quot;DD-8989898&quot;,&quot;departmentno&quot;:&quot;898&quot;,&quot;salary&quot;:&quot;898989&quot;,&quot;pincode&quot;:&quot;999999&quot;,&quot;userid&quot;:&quot;t125VIABatxIit0Gfdqy&quot;,&quot;id&quot;:&quot;urApNpAIxmCjTmwV0BtL&quot;},{&quot;accountno&quot;:&quot;DD-8989898&quot;,&quot;departmentno&quot;:&quot;898&quot;,&quot;salary&quot;:&quot;898989&quot;,&quot;pincode&quot;:&quot;&quot;,&quot;userid&quot;:&quot;t125VIABatxIit0Gfdqy&quot;,&quot;id&quot;:&quot;89lUpRoxObjBDajQI2K8&quot;},{&quot;accountno&quot;:&quot;DD-989898&quot;,&quot;departmentno&quot;:&quot;898&quot;,&quot;salary&quot;:&quot;898989&quot;,&quot;pincode&quot;:&quot;898989&quot;,&quot;userid&quot;:&quot;t125VIABatxIit0Gfdqy&quot;,&quot;id&quot;:&quot;V438gFeWEBWA6zicIVp1&quot;},{&quot;accountno&quot;:&quot;HS-1234489&quot;,&quot;departmentno&quot;:&quot;4&quot;,&quot;salary&quot;:&quot;444478&quot;,&quot;pincode&quot;:&quot;515009&quot;,&quot;userid&quot;:&quot;hnX1SdQ0Xo7c6zYPAech&quot;,&quot;id&quot;:&quot;V2XpbMknO1bnwIBq7rYL&quot;},{&quot;accountno&quot;:&quot;DD-8989898&quot;,&quot;departmentno&quot;:&quot;898&quot;,&quot;salary&quot;:&quot;898989&quot;,&quot;pincode&quot;:&quot;898989&quot;,&quot;userid&quot;:&quot;t125VIABatxIit0Gfdqy&quot;,&quot;id&quot;:&quot;bBrmz3dDPpHiaJqaOEOA&quot;},{&quot;accountno&quot;:&quot;TA-rrrrr&quot;,&quot;departmentno&quot;:1,&quot;salary&quot;:6494,&quot;pincode&quot;:736345678,&quot;userid&quot;:&quot;XPSq6kASgDb3dWC1bfNo&quot;,&quot;id&quot;:&quot;8LmWsovRqRdU0hybn2PW&quot;},{&quot;accountno&quot;:&quot;TA-23474&quot;,&quot;departmentno&quot;:1,&quot;salary&quot;:6494,&quot;pincode&quot;:736345678,&quot;userid&quot;:&quot;XPSq6kASgDb3dWC1bfNo&quot;,&quot;id&quot;:&quot;3voqr91IrKTZuF9HT4fE&quot;},{&quot;accountno&quot;:&quot;TA-23474&quot;,&quot;departmentno&quot;:1,&quot;salary&quot;:6494,&quot;pincode&quot;:736,&quot;userid&quot;:&quot;XPSq6kASgDb3dWC1bfNo&quot;,&quot;id&quot;:&quot;9Eh8jzXZrsAF2vt222Jt&quot;},{&quot;accountno&quot;:&quot;TA-23474&quot;,&quot;departmentno&quot;:1,&quot;salary&quot;:6494,&quot;pincode&quot;:736656,&quot;userid&quot;:&quot;XPSq6kASgDb3dWC1bfNo&quot;,&quot;id&quot;:&quot;e40QRWEHbrRrtTdDvZip&quot;},{&quot;accountno&quot;:&quot;TA-23474&quot;,&quot;departmentno&quot;:1,&quot;salary&quot;:6494,&quot;pincode&quot;:736656,&quot;userid&quot;:&quot;XPSq6kASgDb3dWC1bfNo&quot;,&quot;id&quot;:&quot;2zSElaOnTBRNK64fQekG&quot;},{&quot;accountno&quot;:&quot;TA-234761274&quot;,&quot;departmentno&quot;:1,&quot;salary&quot;:6494,&quot;pincode&quot;:736656,&quot;userid&quot;:&quot;XPSq6kASgDb3dWC1bfNo&quot;,&quot;id&quot;:&quot;dlBbjOIABVntnMvyBuOH&quot;},{&quot;accountno&quot;:&quot;TA-23476124&quot;,&quot;departmentno&quot;:1,&quot;salary&quot;:6494,&quot;pincode&quot;:736656,&quot;userid&quot;:&quot;XPSq6kASgDb3dWC1bfNo&quot;,&quot;id&quot;:&quot;sPssJ3TuJGAq9QgBgIYZ&quot;},{&quot;accountno&quot;:&quot;TA-7766677&quot;,&quot;departmentno&quot;:&quot;1&quot;,&quot;salary&quot;:&quot;4000&quot;,&quot;pincode&quot;:&quot;667777&quot;,&quot;userid&quot;:&quot;vZHJD4gJwQZDv8AwTjat&quot;,&quot;id&quot;:&quot;6A3JwyiLpP8iO3wG93os&quot;},{&quot;accountno&quot;:&quot;TA-2347124&quot;,&quot;departmentno&quot;:1,&quot;salary&quot;:6494,&quot;pincode&quot;:736656,&quot;userid&quot;:&quot;XPSq6kASgDb3dWC1bfNo&quot;,&quot;id&quot;:&quot;JacuWJ3NNcP1H9IOWcwz&quot;},{&quot;accountno&quot;:&quot;TA-1111111&quot;,&quot;departmentno&quot;:&quot;1&quot;,&quot;salary&quot;:&quot;1111&quot;,&quot;pincode&quot;:&quot;111111&quot;,&quot;userid&quot;:&quot;ziBRfLEfNtH2MHyH3MhK&quot;,&quot;id&quot;:&quot;J6OCaWJZGzZmD0lix0mQ&quot;},{&quot;accountno&quot;:&quot;TA-1111111&quot;,&quot;departmentno&quot;:&quot;1&quot;,&quot;salary&quot;:&quot;1111&quot;,&quot;pincode&quot;:&quot;111111&quot;,&quot;userid&quot;:&quot;ziBRfLEfNtH2MHyH3MhK&quot;,&quot;id&quot;:&quot;xSiMQD8cxKvwh0doCE44&quot;},{&quot;accountno&quot;:&quot;TA-1111111&quot;,&quot;departmentno&quot;:&quot;1&quot;,&quot;salary&quot;:&quot;1111&quot;,&quot;pincode&quot;:&quot;111111&quot;,&quot;userid&quot;:&quot;ziBRfLEfNtH2MHyH3MhK&quot;,&quot;id&quot;:&quot;sEZuygxdm5iY7HJoWxY6&quot;},{&quot;accountno&quot;:&quot;TA-2345124&quot;,&quot;departmentno&quot;:1,&quot;salary&quot;:6494,&quot;pincode&quot;:736655,&quot;userid&quot;:&quot;XPSq6kASgDb3dWC1bfNo&quot;,&quot;id&quot;:&quot;igG1EYbVjrEBGumsQgXN&quot;},{&quot;accountno&quot;:&quot;HS-1234446&quot;,&quot;departmentno&quot;:&quot;4&quot;,&quot;salary&quot;:&quot;444478&quot;,&quot;pincode&quot;:&quot;515004&quot;,&quot;userid&quot;:&quot;hnX1SdQ0Xo7c6zYPAech&quot;,&quot;id&quot;:&quot;xcwvJFAKdVwFX3QsNlnk&quot;},{&quot;accountno&quot;:&quot;TA-2345124&quot;,&quot;departmentno&quot;:1,&quot;salary&quot;:6494,&quot;pincode&quot;:736655,&quot;userid&quot;:&quot;XPSq6kASgDb3dWC1bfNo&quot;,&quot;id&quot;:&quot;NsAlFp9ALm47dBkWTlz0&quot;},{&quot;accountno&quot;:&quot;TA-2345124&quot;,&quot;departmentno&quot;:1,&quot;salary&quot;:6494,&quot;pincode&quot;:736655,&quot;userid&quot;:&quot;XPSq6kASgDb3dWC1bfNo&quot;,&quot;id&quot;:&quot;VvbeTvRofdtY7K5Uoz8B&quot;},{&quot;accountno&quot;:&quot;TA-2345124&quot;,&quot;departmentno&quot;:1,&quot;salary&quot;:6494,&quot;pincode&quot;:736655,&quot;userid&quot;:&quot;XPSq6kASgDb3dWC1bfNo&quot;,&quot;id&quot;:&quot;GQlQohIFBDyQ0dblXehO&quot;},{&quot;accountno&quot;:&quot;GE-143455&quot;,&quot;departmentno&quot;:&quot;6&quot;,&quot;salary&quot;:&quot;345425&quot;,&quot;pincode&quot;:&quot;537174&quot;,&quot;userid&quot;:&quot;txyvZ2JBdVLa10kxS284&quot;,&quot;id&quot;:&quot;EwDO5NdULxvdgjVSadBL&quot;},{&quot;accountno&quot;:&quot;HS-1234446&quot;,&quot;departmentno&quot;:&quot;4&quot;,&quot;salary&quot;:&quot;444478&quot;,&quot;pincode&quot;:&quot;515004&quot;,&quot;userid&quot;:&quot;hnX1SdQ0Xo7c6zYPAech&quot;,&quot;id&quot;:&quot;I9RSqDxVjiHwqoKkDMzb&quot;},{&quot;accountno&quot;:&quot;HS-1234449&quot;,&quot;departmentno&quot;:&quot;4&quot;,&quot;salary&quot;:&quot;444478&quot;,&quot;pincode&quot;:&quot;515004&quot;,&quot;userid&quot;:&quot;hnX1SdQ0Xo7c6zYPAech&quot;,&quot;id&quot;:&quot;L8WnkaxB0N7Og4aed4Bm&quot;},{&quot;accountno&quot;:&quot;GE-246892&quot;,&quot;departmentno&quot;:&quot;6&quot;,&quot;salary&quot;:&quot;345425&quot;,&quot;pincode&quot;:&quot;537174&quot;,&quot;userid&quot;:&quot;txyvZ2JBdVLa10kxS284&quot;,&quot;id&quot;:&quot;fACgsKDwHG0en5qPoo3Y&quot;},{&quot;accountno&quot;:&quot;TA-bl54321&quot;,&quot;departmentno&quot;:&quot;2&quot;,&quot;salary&quot;:&quot;54321&quot;,&quot;pincode&quot;:&quot;222111&quot;,&quot;userid&quot;:&quot;wvTE1ZsqbgfOMtiFejpq&quot;,&quot;id&quot;:&quot;gRmHefooy9MEi4sIWMrC&quot;},{&quot;accountno&quot;:&quot;BB-0jjj990&quot;,&quot;departmentno&quot;:&quot;8&quot;,&quot;salary&quot;:&quot;9999998&quot;,&quot;pincode&quot;:&quot;999990&quot;,&quot;userid&quot;:&quot;rSahIiSrRaWU7MNj1icW&quot;,&quot;id&quot;:&quot;zkLeLxn9YH6xzAkX3LLS&quot;},{&quot;accountno&quot;:&quot;UP-3537999&quot;,&quot;departmentno&quot;:&quot;60&quot;,&quot;salary&quot;:&quot;61679&quot;,&quot;pincode&quot;:&quot;630884&quot;,&quot;userid&quot;:&quot;t125VIABatxIit0Gfdqy&quot;,&quot;id&quot;:&quot;haNgEPN8LFX814t5plE8&quot;},{&quot;accountno&quot;:&quot;akA-5432134&quot;,&quot;departmentno&quot;:&quot;7&quot;,&quot;salary&quot;:&quot;4566&quot;,&quot;pincode&quot;:&quot;999999&quot;,&quot;userid&quot;:&quot;Vh9h6QeQwTUcvVEz3MxJ&quot;,&quot;id&quot;:&quot;5bJWqFBaa4VXQm0VR3Wv&quot;},{&quot;accountno&quot;:&quot;TA-1111111&quot;,&quot;departmentno&quot;:&quot;1&quot;,&quot;salary&quot;:&quot;1111&quot;,&quot;pincode&quot;:&quot;111111&quot;,&quot;userid&quot;:&quot;ziBRfLEfNtH2MHyH3MhK&quot;,&quot;id&quot;:&quot;l5Ejlq237gqoRzylVci0&quot;},{&quot;accountno&quot;:&quot;swe-0999999&quot;,&quot;departmentno&quot;:&quot;2&quot;,&quot;salary&quot;:&quot;11111&quot;,&quot;pincode&quot;:&quot;666666&quot;,&quot;userid&quot;:&quot;hlI8xRxaKMwpontOHVoR&quot;,&quot;id&quot;:&quot;X35gLi9p0qvctPS1hXW9&quot;},{&quot;accountno&quot;:&quot;POP2-5672334&quot;,&quot;departmentno&quot;:&quot;1&quot;,&quot;salary&quot;:&quot;11111&quot;,&quot;pincode&quot;:&quot;111111&quot;,&quot;userid&quot;:&quot;ziBRfLEfNtH2MHyH3MhK&quot;,&quot;id&quot;:&quot;6LOYoR7J23rmyI2K44bc&quot;},{&quot;accountno&quot;:&quot;POP2-5672334&quot;,&quot;departmentno&quot;:&quot;1&quot;,&quot;salary&quot;:&quot;11111&quot;,&quot;pincode&quot;:&quot;111111&quot;,&quot;userid&quot;:&quot;ziBRfLEfNtH2MHyH3MhK&quot;,&quot;id&quot;:&quot;4sZ9rOng1IBrlrx8eXLk&quot;},{&quot;accountno&quot;:&quot;POP2-5672334&quot;,&quot;departmentno&quot;:&quot;1&quot;,&quot;salary&quot;:&quot;11111&quot;,&quot;pincode&quot;:&quot;111111&quot;,&quot;userid&quot;:&quot;ziBRfLEfNtH2MHyH3MhK&quot;,&quot;id&quot;:&quot;0GnUYvrgy9dR50XAxNxl&quot;},{&quot;accountno&quot;:&quot;POP2-5672334&quot;,&quot;departmentno&quot;:&quot;1&quot;,&quot;salary&quot;:&quot;11111&quot;,&quot;pincode&quot;:&quot;111111&quot;,&quot;userid&quot;:&quot;ziBRfLEfNtH2MHyH3MhK&quot;,&quot;id&quot;:&quot;nMHpbUUMISalg4ot2twM&quot;},{&quot;accountno&quot;:&quot;POP2-5672334&quot;,&quot;departmentno&quot;:&quot;1&quot;,&quot;salary&quot;:&quot;11111&quot;,&quot;pincode&quot;:&quot;111111&quot;,&quot;userid&quot;:&quot;ziBRfLEfNtH2MHyH3MhK&quot;,&quot;id&quot;:&quot;f0n2MVjRHwHQgobP0INp&quot;},{&quot;accountno&quot;:&quot;POP2-5672334&quot;,&quot;departmentno&quot;:&quot;1&quot;,&quot;salary&quot;:&quot;11111&quot;,&quot;pincode&quot;:&quot;111111&quot;,&quot;userid&quot;:&quot;ziBRfLEfNtH2MHyH3MhK&quot;,&quot;id&quot;:&quot;icHUvJxjhMKM18BF5lDE&quot;},{&quot;accountno&quot;:&quot;POP2-5672334&quot;,&quot;departmentno&quot;:&quot;1&quot;,&quot;salary&quot;:&quot;11111&quot;,&quot;pincode&quot;:&quot;111111&quot;,&quot;userid&quot;:&quot;ziBRfLEfNtH2MHyH3MhK&quot;,&quot;id&quot;:&quot;40XEyiRML25QpsFFtsbJ&quot;},{&quot;accountno&quot;:&quot;POP2-5672334&quot;,&quot;departmentno&quot;:&quot;1&quot;,&quot;salary&quot;:&quot;11111&quot;,&quot;pincode&quot;:&quot;111111&quot;,&quot;userid&quot;:&quot;ziBRfLEfNtH2MHyH3MhK&quot;,&quot;id&quot;:&quot;icVKvIGcRwN66klLNyxs&quot;},{&quot;accountno&quot;:&quot;BB-0jjj990&quot;,&quot;departmentno&quot;:&quot;9&quot;,&quot;salary&quot;:&quot;9999998&quot;,&quot;pincode&quot;:&quot;999990&quot;,&quot;userid&quot;:&quot;rSahIiSrRaWU7MNj1icW&quot;,&quot;id&quot;:&quot;vhacJTqEh342YYSoUd2P&quot;},{&quot;accountno&quot;:&quot;BB-0jjj990&quot;,&quot;departmentno&quot;:&quot;1&quot;,&quot;salary&quot;:&quot;88&quot;,&quot;pincode&quot;:&quot;999990&quot;,&quot;userid&quot;:&quot;rSahIiSrRaWU7MNj1icW&quot;,&quot;id&quot;:&quot;9Po97HffPEvBxrYhrLkV&quot;},{&quot;accountno&quot;:&quot;UP-4058983&quot;,&quot;departmentno&quot;:&quot;67&quot;,&quot;salary&quot;:&quot;79261&quot;,&quot;pincode&quot;:&quot;689293&quot;,&quot;userid&quot;:&quot;t125VIABatxIit0Gfdqy&quot;,&quot;id&quot;:&quot;1NN0TvTPBa4MdmVDestW&quot;},{&quot;accountno&quot;:&quot;BB-0jjj990&quot;,&quot;departmentno&quot;:&quot;1&quot;,&quot;salary&quot;:&quot;88&quot;,&quot;pincode&quot;:&quot;999990&quot;,&quot;userid&quot;:&quot;rSahIiSrRaWU7MNj1icW&quot;,&quot;id&quot;:&quot;QGyfjEOpU9oxY6gwbFV5&quot;},{&quot;accountno&quot;:&quot;GE-246892&quot;,&quot;departmentno&quot;:&quot;6&quot;,&quot;salary&quot;:&quot;345425&quot;,&quot;pincode&quot;:&quot;537174&quot;,&quot;userid&quot;:&quot;txyvZ2JBdVLa10kxS284&quot;,&quot;id&quot;:&quot;wLRyjD8hjcVpB5hSsaou&quot;},{&quot;accountno&quot;:&quot;POP-5672334&quot;,&quot;departmentno&quot;:&quot;1&quot;,&quot;salary&quot;:&quot;11111&quot;,&quot;pincode&quot;:&quot;111111&quot;,&quot;userid&quot;:&quot;ziBRfLEfNtH2MHyH3MhK&quot;,&quot;id&quot;:&quot;puWzlfAFNzQdtdBSgiJC&quot;},{&quot;accountno&quot;:&quot;UP-2389613&quot;,&quot;departmentno&quot;:&quot;15&quot;,&quot;salary&quot;:&quot;20862&quot;,&quot;pincode&quot;:&quot;828717&quot;,&quot;userid&quot;:&quot;t125VIABatxIit0Gfdqy&quot;,&quot;id&quot;:&quot;1z9QGGM4mmfduWX85bcR&quot;},{&quot;accountno&quot;:&quot;UP-1261807&quot;,&quot;departmentno&quot;:&quot;32&quot;,&quot;salary&quot;:&quot;84768&quot;,&quot;pincode&quot;:&quot;820724&quot;,&quot;userid&quot;:&quot;t125VIABatxIit0Gfdqy&quot;,&quot;id&quot;:&quot;M3WIxkHWSa93IRcTkoRA&quot;},{&quot;accountno&quot;:&quot;UP-4549123&quot;,&quot;departmentno&quot;:&quot;88&quot;,&quot;salary&quot;:&quot;92969&quot;,&quot;pincode&quot;:&quot;460414&quot;,&quot;userid&quot;:&quot;t125VIABatxIit0Gfdqy&quot;,&quot;id&quot;:&quot;xTjXxO9616u2o9Vz8SMf&quot;},{&quot;accountno&quot;:&quot;TA-9258348&quot;,&quot;departmentno&quot;:&quot;44&quot;,&quot;salary&quot;:&quot;39123&quot;,&quot;pincode&quot;:&quot;922384&quot;,&quot;userid&quot;:&quot;t125VIABatxIit0Gfdqy&quot;,&quot;id&quot;:&quot;v7KhCeaTRMBdfqNxpMZ5&quot;},{&quot;accountno&quot;:&quot;TA-9222225&quot;,&quot;departmentno&quot;:&quot;12&quot;,&quot;salary&quot;:&quot;5000&quot;,&quot;pincode&quot;:&quot;950871&quot;,&quot;userid&quot;:&quot;qzhBdM4Fa81tzldMkVwk&quot;,&quot;id&quot;:&quot;gCnLHBDD2cRFfkDdYqhg&quot;},{&quot;accountno&quot;:&quot;TA-9222224&quot;,&quot;departmentno&quot;:&quot;12&quot;,&quot;salary&quot;:&quot;8000&quot;,&quot;pincode&quot;:&quot;950871&quot;,&quot;userid&quot;:&quot;qzhBdM4Fa81tzldMkVwk&quot;,&quot;id&quot;:&quot;4a0llUXGeoL8avhaTCww&quot;},{&quot;accountno&quot;:&quot;TA-9222223&quot;,&quot;departmentno&quot;:&quot;12&quot;,&quot;salary&quot;:&quot;7000&quot;,&quot;pincode&quot;:&quot;950871&quot;,&quot;userid&quot;:&quot;qzhBdM4Fa81tzldMkVwk&quot;,&quot;id&quot;:&quot;8gwQv1a5dXOiP16ozPLQ&quot;},{&quot;accountno&quot;:&quot;TA-9222222&quot;,&quot;departmentno&quot;:&quot;12&quot;,&quot;salary&quot;:&quot;8899&quot;,&quot;pincode&quot;:&quot;950871&quot;,&quot;userid&quot;:&quot;qzhBdM4Fa81tzldMkVwk&quot;,&quot;id&quot;:&quot;dtD5y2Jj8RZTJzPo5K8H&quot;},{&quot;accountno&quot;:&quot;UP-6544362&quot;,&quot;departmentno&quot;:&quot;68&quot;,&quot;salary&quot;:&quot;81418&quot;,&quot;pincode&quot;:&quot;918900&quot;,&quot;userid&quot;:&quot;t125VIABatxIit0Gfdqy&quot;,&quot;id&quot;:&quot;vBhgJwabCGgHT5IFZMnN&quot;},{&quot;accountno&quot;:&quot;UP-2764204&quot;,&quot;departmentno&quot;:&quot;75&quot;,&quot;salary&quot;:&quot;31788&quot;,&quot;pincode&quot;:&quot;724540&quot;,&quot;userid&quot;:&quot;t125VIABatxIit0Gfdqy&quot;,&quot;id&quot;:&quot;tQAmyCFtRuZ2mQ3Jla9c&quot;},{&quot;accountno&quot;:&quot;UP-1135836&quot;,&quot;departmentno&quot;:&quot;28&quot;,&quot;salary&quot;:&quot;28740&quot;,&quot;pincode&quot;:&quot;932950&quot;,&quot;userid&quot;:&quot;t125VIABatxIit0Gfdqy&quot;,&quot;id&quot;:&quot;qjGQQq7ToCLxzy5aCoSE&quot;},{&quot;accountno&quot;:&quot;BB-0jjj990&quot;,&quot;departmentno&quot;:&quot;1&quot;,&quot;salary&quot;:&quot;9999998&quot;,&quot;pincode&quot;:&quot;999990&quot;,&quot;userid&quot;:&quot;rSahIiSrRaWU7MNj1icW&quot;,&quot;id&quot;:&quot;LCHVZOwgFmte5QmIki8i&quot;},{&quot;accountno&quot;:&quot;BB-0jjj990&quot;,&quot;departmentno&quot;:&quot;1&quot;,&quot;salary&quot;:&quot;9999998&quot;,&quot;pincode&quot;:&quot;999990&quot;,&quot;userid&quot;:&quot;rSahIiSrRaWU7MNj1icW&quot;,&quot;id&quot;:&quot;0sUVs9NNr1b4tbHEmOiI&quot;},{&quot;accountno&quot;:&quot;UP-1503230&quot;,&quot;departmentno&quot;:&quot;15&quot;,&quot;salary&quot;:&quot;73852&quot;,&quot;pincode&quot;:&quot;330925&quot;,&quot;userid&quot;:&quot;t125VIABatxIit0Gfdqy&quot;,&quot;id&quot;:&quot;sda6sSYzOVncV8MwW0oj&quot;},{&quot;accountno&quot;:&quot;UP-6093788&quot;,&quot;departmentno&quot;:&quot;20&quot;,&quot;salary&quot;:&quot;69418&quot;,&quot;pincode&quot;:&quot;859207&quot;,&quot;userid&quot;:&quot;t125VIABatxIit0Gfdqy&quot;,&quot;id&quot;:&quot;vJl9lozMd4S47Tq4QIV0&quot;},{&quot;accountno&quot;:&quot;UP-7604922&quot;,&quot;departmentno&quot;:&quot;71&quot;,&quot;salary&quot;:&quot;30366&quot;,&quot;pincode&quot;:&quot;434857&quot;,&quot;userid&quot;:&quot;t125VIABatxIit0Gfdqy&quot;,&quot;id&quot;:&quot;U51czITWHrapJlTwOcSZ&quot;},{&quot;accountno&quot;:&quot;UP-2962197&quot;,&quot;departmentno&quot;:&quot;88&quot;,&quot;salary&quot;:&quot;80430&quot;,&quot;pincode&quot;:&quot;437706&quot;,&quot;userid&quot;:&quot;t125VIABatxIit0Gfdqy&quot;,&quot;id&quot;:&quot;WqNnEeVO6DiucMawIhyr&quot;},{&quot;accountno&quot;:&quot;UP-5082666&quot;,&quot;departmentno&quot;:&quot;24&quot;,&quot;salary&quot;:&quot;48582&quot;,&quot;pincode&quot;:&quot;204494&quot;,&quot;userid&quot;:&quot;t125VIABatxIit0Gfdqy&quot;,&quot;id&quot;:&quot;GpevT3kGcriSjtY0nW6D&quot;},{&quot;accountno&quot;:&quot;UP-3290001&quot;,&quot;departmentno&quot;:&quot;12&quot;,&quot;salary&quot;:&quot;31071&quot;,&quot;pincode&quot;:&quot;405731&quot;,&quot;userid&quot;:&quot;t125VIABatxIit0Gfdqy&quot;,&quot;id&quot;:&quot;A6Tt7YaXisj9b1K59dq9&quot;},{&quot;accountno&quot;:&quot;UP-8287185&quot;,&quot;departmentno&quot;:&quot;41&quot;,&quot;salary&quot;:&quot;12138&quot;,&quot;pincode&quot;:&quot;207321&quot;,&quot;userid&quot;:&quot;t125VIABatxIit0Gfdqy&quot;,&quot;id&quot;:&quot;GlIhXBjyVC8JzNVnJxQv&quot;},{&quot;accountno&quot;:&quot;TA-1698101&quot;,&quot;departmentno&quot;:&quot;32&quot;,&quot;salary&quot;:&quot;90000&quot;,&quot;pincode&quot;:&quot;700000&quot;,&quot;userid&quot;:&quot;t125VIABatxIit0Gfdqy&quot;,&quot;id&quot;:&quot;3xAk8hW4yCflwwD8gEv2&quot;},{&quot;accountno&quot;:&quot;TA-9432288&quot;,&quot;departmentno&quot;:&quot;33&quot;,&quot;salary&quot;:&quot;37670&quot;,&quot;pincode&quot;:&quot;336952&quot;,&quot;userid&quot;:&quot;t125VIABatxIit0Gfdqy&quot;,&quot;id&quot;:&quot;3LjSKolg8rPqijSMY2VO&quot;},{&quot;accountno&quot;:&quot;TA-5140927&quot;,&quot;departmentno&quot;:&quot;91&quot;,&quot;salary&quot;:&quot;19370&quot;,&quot;pincode&quot;:&quot;848227&quot;,&quot;userid&quot;:&quot;t125VIABatxIit0Gfdqy&quot;,&quot;id&quot;:&quot;FkDyxuLxrZQ6hgvImCpD&quot;},{&quot;accountno&quot;:&quot;TA-8064358&quot;,&quot;departmentno&quot;:&quot;57&quot;,&quot;salary&quot;:&quot;18877&quot;,&quot;pincode&quot;:&quot;972957&quot;,&quot;userid&quot;:&quot;t125VIABatxIit0Gfdqy&quot;,&quot;id&quot;:&quot;yaM0ONIX2SlZxciCqskT&quot;},{&quot;accountno&quot;:&quot;BB-00jj990&quot;,&quot;departmentno&quot;:&quot;1&quot;,&quot;salary&quot;:&quot;9999998&quot;,&quot;pincode&quot;:&quot;999990&quot;,&quot;userid&quot;:&quot;rSahIiSrRaWU7MNj1icW&quot;,&quot;id&quot;:&quot;v5JkUDnki1z3RK7u7Gn8&quot;},{&quot;accountno&quot;:&quot;TA-4357254&quot;,&quot;departmentno&quot;:&quot;40&quot;,&quot;salary&quot;:&quot;84923&quot;,&quot;pincode&quot;:&quot;860904&quot;,&quot;userid&quot;:&quot;t125VIABatxIit0Gfdqy&quot;,&quot;id&quot;:&quot;umd5ap06S8rYEQ9ofFGR&quot;},{&quot;accountno&quot;:&quot;CC-1234569&quot;,&quot;departmentno&quot;:&quot;129&quot;,&quot;salary&quot;:&quot;12349&quot;,&quot;pincode&quot;:&quot;123459&quot;,&quot;userid&quot;:&quot;t125VIABatxIit0Gfdqy&quot;,&quot;id&quot;:&quot;DDL5cackQmAfbxokiyfq&quot;},{&quot;accountno&quot;:&quot;BA-RRjj000&quot;,&quot;departmentno&quot;:&quot;1&quot;,&quot;salary&quot;:&quot;9999998&quot;,&quot;pincode&quot;:&quot;999990&quot;,&quot;userid&quot;:&quot;rSahIiSrRaWU7MNj1icW&quot;,&quot;id&quot;:&quot;LXvXxG7bIYd5saFRBGIb&quot;},{&quot;accountno&quot;:&quot;TA-5728762&quot;,&quot;departmentno&quot;:&quot;42&quot;,&quot;salary&quot;:&quot;87568&quot;,&quot;pincode&quot;:&quot;968448&quot;,&quot;userid&quot;:&quot;t125VIABatxIit0Gfdqy&quot;,&quot;id&quot;:&quot;fFEdnzmla9MkV8NANbnX&quot;},{&quot;accountno&quot;:&quot;TA-1233211&quot;,&quot;departmentno&quot;:&quot;1&quot;,&quot;salary&quot;:&quot;1234&quot;,&quot;pincode&quot;:&quot;123321&quot;,&quot;userid&quot;:&quot;ziBRfLEfNtH2MHyH3MhK&quot;,&quot;id&quot;:&quot;jV1w7cydkf2tWrEg1wlN&quot;},{&quot;accountno&quot;:&quot;BA-RRjj990&quot;,&quot;departmentno&quot;:&quot;1&quot;,&quot;salary&quot;:&quot;9999998&quot;,&quot;pincode&quot;:&quot;999990&quot;,&quot;userid&quot;:&quot;rSahIiSrRaWU7MNj1icW&quot;,&quot;id&quot;:&quot;JnwPzjEs13NRF5wPQDjE&quot;},{&quot;accountno&quot;:&quot;TA-5701647&quot;,&quot;departmentno&quot;:&quot;90&quot;,&quot;salary&quot;:&quot;57508&quot;,&quot;pincode&quot;:&quot;406384&quot;,&quot;userid&quot;:&quot;t125VIABatxIit0Gfdqy&quot;,&quot;id&quot;:&quot;JUEVSezHG2X0Vh49q0lh&quot;},{&quot;accountno&quot;:&quot;TA-1233211&quot;,&quot;departmentno&quot;:&quot;1&quot;,&quot;salary&quot;:&quot;1234&quot;,&quot;pincode&quot;:&quot;123321&quot;,&quot;userid&quot;:&quot;ziBRfLEfNtH2MHyH3MhK&quot;,&quot;id&quot;:&quot;xHrWiaQ581KxN45LlD72&quot;},{&quot;accountno&quot;:&quot;TA-9432118&quot;,&quot;departmentno&quot;:&quot;76&quot;,&quot;salary&quot;:&quot;12146&quot;,&quot;pincode&quot;:&quot;602277&quot;,&quot;userid&quot;:&quot;t125VIABatxIit0Gfdqy&quot;,&quot;id&quot;:&quot;Yw7AXWAOQHVKAw7VFmju&quot;},{&quot;accountno&quot;:&quot;TA-1233211&quot;,&quot;departmentno&quot;:&quot;1&quot;,&quot;salary&quot;:&quot;1234&quot;,&quot;pincode&quot;:&quot;123321&quot;,&quot;userid&quot;:&quot;ziBRfLEfNtH2MHyH3MhK&quot;,&quot;id&quot;:&quot;aDq0uMcaxu4ibOmPvuof&quot;},{&quot;accountno&quot;:&quot;TA-4512920&quot;,&quot;departmentno&quot;:&quot;77&quot;,&quot;salary&quot;:&quot;61975&quot;,&quot;pincode&quot;:&quot;428078&quot;,&quot;userid&quot;:&quot;t125VIABatxIit0Gfdqy&quot;,&quot;id&quot;:&quot;WnmzQU94mIiAbIRsVy1h&quot;},{&quot;accountno&quot;:&quot;TA-7525983&quot;,&quot;departmentno&quot;:&quot;22&quot;,&quot;salary&quot;:&quot;98684&quot;,&quot;pincode&quot;:&quot;213107&quot;,&quot;userid&quot;:&quot;t125VIABatxIit0Gfdqy&quot;,&quot;id&quot;:&quot;8qu4ziSw9xglZIDzjuo8&quot;},{&quot;accountno&quot;:&quot;TA-6804343&quot;,&quot;departmentno&quot;:&quot;42&quot;,&quot;salary&quot;:&quot;49090&quot;,&quot;pincode&quot;:&quot;331922&quot;,&quot;userid&quot;:&quot;t125VIABatxIit0Gfdqy&quot;,&quot;id&quot;:&quot;EPSJHPrkg2EvvBwsgiki&quot;},{&quot;accountno&quot;:&quot;TA-1233211&quot;,&quot;departmentno&quot;:&quot;1&quot;,&quot;salary&quot;:&quot;1234&quot;,&quot;pincode&quot;:&quot;123321&quot;,&quot;userid&quot;:&quot;ziBRfLEfNtH2MHyH3MhK&quot;,&quot;id&quot;:&quot;za3iTvx8cZmIzzZQvMU2&quot;},{&quot;accountno&quot;:&quot;TA-9570511&quot;,&quot;departmentno&quot;:&quot;63&quot;,&quot;salary&quot;:&quot;44513&quot;,&quot;pincode&quot;:&quot;946972&quot;,&quot;userid&quot;:&quot;t125VIABatxIit0Gfdqy&quot;,&quot;id&quot;:&quot;1aFUK3xYtR7MUm1FbIAQ&quot;},{&quot;accountno&quot;:&quot;TA-6295586&quot;,&quot;departmentno&quot;:&quot;23&quot;,&quot;salary&quot;:&quot;15546&quot;,&quot;pincode&quot;:&quot;200445&quot;,&quot;userid&quot;:&quot;t125VIABatxIit0Gfdqy&quot;,&quot;id&quot;:&quot;NbIS0oP8k1DmTfcgUr4m&quot;},{&quot;accountno&quot;:&quot;TA-8616745&quot;,&quot;departmentno&quot;:&quot;56&quot;,&quot;salary&quot;:&quot;30669&quot;,&quot;pincode&quot;:&quot;453101&quot;,&quot;userid&quot;:&quot;t125VIABatxIit0Gfdqy&quot;,&quot;id&quot;:&quot;loKt9KhBFCeNxQ3WkXfE&quot;},{&quot;accountno&quot;:&quot;TA-4513060&quot;,&quot;departmentno&quot;:&quot;77&quot;,&quot;salary&quot;:&quot;13345&quot;,&quot;pincode&quot;:&quot;534555&quot;,&quot;userid&quot;:&quot;t125VIABatxIit0Gfdqy&quot;,&quot;id&quot;:&quot;4gHr5CEoPzx5n54osS05&quot;},{&quot;accountno&quot;:&quot;TA-9907484&quot;,&quot;departmentno&quot;:&quot;59&quot;,&quot;salary&quot;:&quot;74972&quot;,&quot;pincode&quot;:&quot;198113&quot;,&quot;userid&quot;:&quot;t125VIABatxIit0Gfdqy&quot;,&quot;id&quot;:&quot;tBgLp6hOFSFAsUvUCxpI&quot;},{&quot;accountno&quot;:&quot;TA-9654545&quot;,&quot;departmentno&quot;:&quot;71&quot;,&quot;salary&quot;:&quot;79694&quot;,&quot;pincode&quot;:&quot;905104&quot;,&quot;userid&quot;:&quot;t125VIABatxIit0Gfdqy&quot;,&quot;id&quot;:&quot;C2LKZZh82Szeoe4Vvo6r&quot;},{&quot;accountno&quot;:&quot;TA-1604342&quot;,&quot;departmentno&quot;:&quot;74&quot;,&quot;salary&quot;:&quot;50008&quot;,&quot;pincode&quot;:&quot;962708&quot;,&quot;userid&quot;:&quot;t125VIABatxIit0Gfdqy&quot;,&quot;id&quot;:&quot;W3Kidz4GiJKq3e0ILm6w&quot;},{&quot;accountno&quot;:&quot;po-4040404&quot;,&quot;departmentno&quot;:&quot;4&quot;,&quot;salary&quot;:&quot;4&quot;,&quot;pincode&quot;:&quot;444444&quot;,&quot;userid&quot;:&quot;rGjPCz7q7Yv75qaHGWfi&quot;,&quot;id&quot;:&quot;ejXkkw0YXPm6L1aAAGee&quot;},{&quot;accountno&quot;:&quot;po-4040404&quot;,&quot;departmentno&quot;:&quot;4&quot;,&quot;salary&quot;:&quot;4&quot;,&quot;pincode&quot;:&quot;444444&quot;,&quot;userid&quot;:&quot;rGjPCz7q7Yv75qaHGWfi&quot;,&quot;id&quot;:&quot;imViy2K32mkk2XPa3AOL&quot;},{&quot;accountno&quot;:&quot;TA-4040404&quot;,&quot;departmentno&quot;:&quot;4&quot;,&quot;salary&quot;:&quot;4&quot;,&quot;pincode&quot;:&quot;444444&quot;,&quot;userid&quot;:&quot;rGjPCz7q7Yv75qaHGWfi&quot;,&quot;id&quot;:&quot;r9h9YvWGymoYGV35dkss&quot;},{&quot;accountno&quot;:&quot;TA-4040404&quot;,&quot;departmentno&quot;:&quot;4&quot;,&quot;salary&quot;:&quot;4&quot;,&quot;pincode&quot;:&quot;444444&quot;,&quot;userid&quot;:&quot;rGjPCz7q7Yv75qaHGWfi&quot;,&quot;id&quot;:&quot;heJu0ScnzdS8cP0LzXY2&quot;},{&quot;accountno&quot;:&quot;TA-4253093&quot;,&quot;departmentno&quot;:&quot;81&quot;,&quot;salary&quot;:&quot;93064&quot;,&quot;pincode&quot;:&quot;577051&quot;,&quot;userid&quot;:&quot;t125VIABatxIit0Gfdqy&quot;,&quot;id&quot;:&quot;MuqU2qfwxBlK9886Q0kL&quot;},{&quot;accountno&quot;:&quot;TA-5200349&quot;,&quot;departmentno&quot;:&quot;64&quot;,&quot;salary&quot;:&quot;79035&quot;,&quot;pincode&quot;:&quot;560646&quot;,&quot;userid&quot;:&quot;t125VIABatxIit0Gfdqy&quot;,&quot;id&quot;:&quot;hJ3IegsJWQN1wL7k2tkj&quot;},{&quot;accountno&quot;:&quot;TA-8365980&quot;,&quot;departmentno&quot;:&quot;88&quot;,&quot;salary&quot;:&quot;53689&quot;,&quot;pincode&quot;:&quot;308540&quot;,&quot;userid&quot;:&quot;t125VIABatxIit0Gfdqy&quot;,&quot;id&quot;:&quot;lVKesrraHS2mwx2tzumX&quot;},{&quot;accountno&quot;:&quot;TA-1136412&quot;,&quot;departmentno&quot;:&quot;81&quot;,&quot;salary&quot;:&quot;70114&quot;,&quot;pincode&quot;:&quot;184694&quot;,&quot;userid&quot;:&quot;t125VIABatxIit0Gfdqy&quot;,&quot;id&quot;:&quot;tD4T9anLO1ZueCaT0F7r&quot;},{&quot;accountno&quot;:&quot;TA-4638271&quot;,&quot;departmentno&quot;:&quot;13&quot;,&quot;salary&quot;:&quot;14335&quot;,&quot;pincode&quot;:&quot;325745&quot;,&quot;userid&quot;:&quot;t125VIABatxIit0Gfdqy&quot;,&quot;id&quot;:&quot;JOMEVH0v61uTcaHdz6pa&quot;},{&quot;accountno&quot;:&quot;TA-2033085&quot;,&quot;departmentno&quot;:&quot;67&quot;,&quot;salary&quot;:&quot;25808&quot;,&quot;pincode&quot;:&quot;692817&quot;,&quot;userid&quot;:&quot;t125VIABatxIit0Gfdqy&quot;,&quot;id&quot;:&quot;4Cy64C5dXJQvrjlg3MNq&quot;},{&quot;accountno&quot;:&quot;TA-6639864&quot;,&quot;departmentno&quot;:&quot;45&quot;,&quot;salary&quot;:&quot;96115&quot;,&quot;pincode&quot;:&quot;931568&quot;,&quot;userid&quot;:&quot;t125VIABatxIit0Gfdqy&quot;,&quot;id&quot;:&quot;Q9flG3sdHGrazqGHqdeA&quot;},{&quot;accountno&quot;:&quot;TA-9920621&quot;,&quot;departmentno&quot;:&quot;41&quot;,&quot;salary&quot;:&quot;66400&quot;,&quot;pincode&quot;:&quot;844141&quot;,&quot;userid&quot;:&quot;t125VIABatxIit0Gfdqy&quot;,&quot;id&quot;:&quot;xeGR5kP6BIarD1rg2g3u&quot;},{&quot;accountno&quot;:&quot;TA-7051515&quot;,&quot;departmentno&quot;:&quot;10&quot;,&quot;salary&quot;:&quot;93696&quot;,&quot;pincode&quot;:&quot;652774&quot;,&quot;userid&quot;:&quot;t125VIABatxIit0Gfdqy&quot;,&quot;id&quot;:&quot;uLb7IQzkvW0pRFQabPvf&quot;},{&quot;accountno&quot;:&quot;TA-7722090&quot;,&quot;departmentno&quot;:&quot;11&quot;,&quot;salary&quot;:&quot;20030&quot;,&quot;pincode&quot;:&quot;603133&quot;,&quot;userid&quot;:&quot;t125VIABatxIit0Gfdqy&quot;,&quot;id&quot;:&quot;7r4wtvf2ZjFE1YexKIfh&quot;},{&quot;accountno&quot;:&quot;TA-5907223&quot;,&quot;departmentno&quot;:&quot;22&quot;,&quot;salary&quot;:&quot;63399&quot;,&quot;pincode&quot;:&quot;191047&quot;,&quot;userid&quot;:&quot;t125VIABatxIit0Gfdqy&quot;,&quot;id&quot;:&quot;kSfTrKBd2OI4fLn2DpmO&quot;},{&quot;accountno&quot;:&quot;TA-2789747&quot;,&quot;departmentno&quot;:&quot;68&quot;,&quot;salary&quot;:&quot;69017&quot;,&quot;pincode&quot;:&quot;548675&quot;,&quot;userid&quot;:&quot;t125VIABatxIit0Gfdqy&quot;,&quot;id&quot;:&quot;qWd8HM71TZ3tjKNogUFm&quot;},{&quot;accountno&quot;:&quot;TA-1275956&quot;,&quot;departmentno&quot;:&quot;27&quot;,&quot;salary&quot;:&quot;97755&quot;,&quot;pincode&quot;:&quot;781805&quot;,&quot;userid&quot;:&quot;t125VIABatxIit0Gfdqy&quot;,&quot;id&quot;:&quot;yCBxHiROkWSTPghlZmpH&quot;},{&quot;accountno&quot;:&quot;TA-3464920&quot;,&quot;departmentno&quot;:&quot;14&quot;,&quot;salary&quot;:&quot;18142&quot;,&quot;pincode&quot;:&quot;639306&quot;,&quot;userid&quot;:&quot;t125VIABatxIit0Gfdqy&quot;,&quot;id&quot;:&quot;FRXhYmG18lGKXBYJvFiV&quot;},{&quot;accountno&quot;:&quot;TA-7569353&quot;,&quot;departmentno&quot;:&quot;48&quot;,&quot;salary&quot;:&quot;76470&quot;,&quot;pincode&quot;:&quot;771739&quot;,&quot;userid&quot;:&quot;t125VIABatxIit0Gfdqy&quot;,&quot;id&quot;:&quot;6hmxZV4qkSZ6AzcnfT7D&quot;},{&quot;accountno&quot;:&quot;TA-8384419&quot;,&quot;departmentno&quot;:&quot;72&quot;,&quot;salary&quot;:&quot;43881&quot;,&quot;pincode&quot;:&quot;907741&quot;,&quot;userid&quot;:&quot;t125VIABatxIit0Gfdqy&quot;,&quot;id&quot;:&quot;2N9T70kiQ7q2w3BOhZXy&quot;},{&quot;accountno&quot;:&quot;TA-4895504&quot;,&quot;departmentno&quot;:&quot;51&quot;,&quot;salary&quot;:&quot;41652&quot;,&quot;pincode&quot;:&quot;617774&quot;,&quot;userid&quot;:&quot;t125VIABatxIit0Gfdqy&quot;,&quot;id&quot;:&quot;CW236yHzxYzrg0701KHC&quot;},{&quot;accountno&quot;:&quot;TA-9738555&quot;,&quot;departmentno&quot;:&quot;15&quot;,&quot;salary&quot;:&quot;92209&quot;,&quot;pincode&quot;:&quot;255926&quot;,&quot;userid&quot;:&quot;t125VIABatxIit0Gfdqy&quot;,&quot;id&quot;:&quot;bnvDONTnqHy2o62J2ZXu&quot;},{&quot;accountno&quot;:&quot;TA-5565848&quot;,&quot;departmentno&quot;:&quot;77&quot;,&quot;salary&quot;:&quot;21356&quot;,&quot;pincode&quot;:&quot;838313&quot;,&quot;userid&quot;:&quot;t125VIABatxIit0Gfdqy&quot;,&quot;id&quot;:&quot;UFcHqbqf74WvYv4PPxch&quot;},{&quot;accountno&quot;:&quot;TA-1078109&quot;,&quot;departmentno&quot;:&quot;79&quot;,&quot;salary&quot;:&quot;66531&quot;,&quot;pincode&quot;:&quot;836853&quot;,&quot;userid&quot;:&quot;t125VIABatxIit0Gfdqy&quot;,&quot;id&quot;:&quot;RoIKRCpZUbj5D9dw9lx8&quot;},{&quot;accountno&quot;:&quot;Ra-RRjj999&quot;,&quot;departmentno&quot;:&quot;9&quot;,&quot;salary&quot;:&quot;888&quot;,&quot;pincode&quot;:&quot;999990&quot;,&quot;userid&quot;:&quot;rSahIiSrRaWU7MNj1icW&quot;,&quot;id&quot;:&quot;NlA37CGqXlhsuj4UwW6F&quot;},{&quot;accountno&quot;:&quot;TA-su12345&quot;,&quot;departmentno&quot;:&quot;8&quot;,&quot;salary&quot;:&quot;4000&quot;,&quot;pincode&quot;:&quot;700116&quot;,&quot;userid&quot;:&quot;iIQCsQ8hyJLxOhmuGK9t&quot;,&quot;id&quot;:&quot;dqc1klNU4CApFa8XLhad&quot;},{&quot;accountno&quot;:&quot;Ra-RRjj990&quot;,&quot;departmentno&quot;:&quot;9&quot;,&quot;salary&quot;:&quot;9999998&quot;,&quot;pincode&quot;:&quot;999990&quot;,&quot;userid&quot;:&quot;rSahIiSrRaWU7MNj1icW&quot;,&quot;id&quot;:&quot;Wjcw9SRvtqQLhgbG55YN&quot;},{&quot;accountno&quot;:&quot;TA-4444477&quot;,&quot;departmentno&quot;:&quot;4&quot;,&quot;salary&quot;:&quot;44444&quot;,&quot;pincode&quot;:&quot;454544&quot;,&quot;userid&quot;:&quot;rSahIiSrRaWU7MNj1icW&quot;,&quot;id&quot;:&quot;ogRlPsdaD2fFgsSIEcFv&quot;},{&quot;accountno&quot;:&quot;RY-2222222&quot;,&quot;departmentno&quot;:&quot;7&quot;,&quot;salary&quot;:&quot;6666667&quot;,&quot;pincode&quot;:&quot;666667&quot;,&quot;userid&quot;:&quot;sjPTovAamT8HaA8qybyF&quot;,&quot;id&quot;:&quot;5aIQE25HGdjBRccqmzxR&quot;},{&quot;accountno&quot;:&quot;RY-6666667&quot;,&quot;departmentno&quot;:&quot;6&quot;,&quot;salary&quot;:&quot;6666667&quot;,&quot;pincode&quot;:&quot;666667&quot;,&quot;userid&quot;:&quot;sjPTovAamT8HaA8qybyF&quot;,&quot;id&quot;:&quot;DFP53YV8YAKsGpolUV2K&quot;},{&quot;accountno&quot;:&quot;akA-5432134&quot;,&quot;departmentno&quot;:&quot;7&quot;,&quot;salary&quot;:&quot;4566&quot;,&quot;pincode&quot;:&quot;999999&quot;,&quot;userid&quot;:&quot;Vh9h6QeQwTUcvVEz3MxJ&quot;,&quot;id&quot;:&quot;GgDO8BARnEbZqdcQe21i&quot;},{&quot;accountno&quot;:&quot;TA-6666667&quot;,&quot;departmentno&quot;:&quot;6&quot;,&quot;salary&quot;:&quot;6666667&quot;,&quot;pincode&quot;:&quot;666667&quot;,&quot;userid&quot;:&quot;sjPTovAamT8HaA8qybyF&quot;,&quot;id&quot;:&quot;qV6D7ajLpdi436aBjzja&quot;},{&quot;accountno&quot;:&quot;HS-1234440&quot;,&quot;departmentno&quot;:&quot;8&quot;,&quot;salary&quot;:&quot;664764&quot;,&quot;pincode&quot;:&quot;515008&quot;,&quot;userid&quot;:&quot;hnX1SdQ0Xo7c6zYPAech&quot;,&quot;id&quot;:&quot;qa2DgDEQ1dZczx0wU8LF&quot;},{&quot;accountno&quot;:&quot;RR-1111112&quot;,&quot;departmentno&quot;:&quot;2&quot;,&quot;salary&quot;:&quot;1112&quot;,&quot;pincode&quot;:&quot;111112&quot;,&quot;userid&quot;:&quot;gwcn6RK4r9LUWalrshHM&quot;,&quot;id&quot;:&quot;iJZKOn4sCEpCfZc1qVm2&quot;},{&quot;accountno&quot;:&quot;RR-4545454&quot;,&quot;departmentno&quot;:&quot;4&quot;,&quot;salary&quot;:&quot;454&quot;,&quot;pincode&quot;:&quot;454545&quot;,&quot;userid&quot;:&quot;OxR89xyWSX8ScMKn84Xq&quot;,&quot;id&quot;:&quot;4pUn5uoWmRm2B8TtkBG3&quot;},{&quot;accountno&quot;:&quot;RR-3333333&quot;,&quot;departmentno&quot;:&quot;3&quot;,&quot;salary&quot;:&quot;111&quot;,&quot;pincode&quot;:&quot;333333&quot;,&quot;userid&quot;:&quot;gwcn6RK4r9LUWalrshHM&quot;,&quot;id&quot;:&quot;iWmvpYORxjAaQIRqBV82&quot;},{&quot;accountno&quot;:&quot;RR-1112222&quot;,&quot;departmentno&quot;:&quot;8&quot;,&quot;salary&quot;:&quot;111&quot;,&quot;pincode&quot;:&quot;111222&quot;,&quot;userid&quot;:&quot;ziBRfLEfNtH2MHyH3MhK&quot;,&quot;id&quot;:&quot;fajoxlIfE5CNXi41YX9V&quot;},{&quot;accountno&quot;:&quot;TA-1111111&quot;,&quot;departmentno&quot;:&quot;1&quot;,&quot;salary&quot;:&quot;1111&quot;,&quot;pincode&quot;:&quot;111111&quot;,&quot;userid&quot;:&quot;ziBRfLEfNtH2MHyH3MhK&quot;,&quot;id&quot;:&quot;Ukyt0gQuJ2Ri2zhzjnGO&quot;},{&quot;accountno&quot;:&quot;TA-1111111&quot;,&quot;departmentno&quot;:&quot;1&quot;,&quot;salary&quot;:&quot;1111&quot;,&quot;pincode&quot;:&quot;111111&quot;,&quot;userid&quot;:&quot;ziBRfLEfNtH2MHyH3MhK&quot;,&quot;id&quot;:&quot;9PPZp9qZqKnb6eJ3bDbS&quot;},{&quot;accountno&quot;:&quot;RR-8888888&quot;,&quot;departmentno&quot;:&quot;8&quot;,&quot;salary&quot;:&quot;888&quot;,&quot;pincode&quot;:&quot;888888&quot;,&quot;userid&quot;:&quot;gwcn6RK4r9LUWalrshHM&quot;,&quot;id&quot;:&quot;zg75HHhemzO7NoaF7xHe&quot;},{&quot;accountno&quot;:&quot;TA-bl54321&quot;,&quot;departmentno&quot;:&quot;2&quot;,&quot;salary&quot;:&quot;54321&quot;,&quot;pincode&quot;:&quot;222111&quot;,&quot;userid&quot;:&quot;wvTE1ZsqbgfOMtiFejpq&quot;,&quot;id&quot;:&quot;iz1zYTA74TXstebCpKfy&quot;},{&quot;accountno&quot;:&quot;TA-7766677&quot;,&quot;departmentno&quot;:&quot;1&quot;,&quot;salary&quot;:&quot;4000&quot;,&quot;pincode&quot;:&quot;667777&quot;,&quot;userid&quot;:&quot;vZHJD4gJwQZDv8AwTjat&quot;,&quot;id&quot;:&quot;yk6fDte4W8LHwhy2m5KC&quot;},{&quot;accountno&quot;:&quot;DD-1987654&quot;,&quot;departmentno&quot;:&quot;19&quot;,&quot;salary&quot;:&quot;19876&quot;,&quot;pincode&quot;:&quot;198765&quot;,&quot;userid&quot;:&quot;t125VIABatxIit0Gfdqy&quot;,&quot;id&quot;:&quot;R9jqyMq6NGORj1vOnMNr&quot;},{&quot;accountno&quot;:&quot;Ra-Rajj990&quot;,&quot;departmentno&quot;:&quot;9&quot;,&quot;salary&quot;:&quot;9999998&quot;,&quot;pincode&quot;:&quot;999990&quot;,&quot;userid&quot;:&quot;rSahIiSrRaWU7MNj1icW&quot;,&quot;id&quot;:&quot;YzBIuLAq6okRM4lDMWuk&quot;},{&quot;accountno&quot;:&quot;DD-1987654&quot;,&quot;departmentno&quot;:&quot;19&quot;,&quot;salary&quot;:&quot;19876&quot;,&quot;pincode&quot;:&quot;198765&quot;,&quot;userid&quot;:&quot;t125VIABatxIit0Gfdqy&quot;,&quot;id&quot;:&quot;H3Uy67MtZtdkBQeDzBNx&quot;},{&quot;accountno&quot;:&quot;TA-Rajj990&quot;,&quot;departmentno&quot;:&quot;9&quot;,&quot;salary&quot;:&quot;9999998&quot;,&quot;pincode&quot;:&quot;999990&quot;,&quot;userid&quot;:&quot;rSahIiSrRaWU7MNj1icW&quot;,&quot;id&quot;:&quot;y6OKBuWEYHZgepynrVHM&quot;},{&quot;accountno&quot;:&quot;RA-Rajjjj0&quot;,&quot;departmentno&quot;:&quot;9&quot;,&quot;salary&quot;:&quot;9999998&quot;,&quot;pincode&quot;:&quot;999990&quot;,&quot;userid&quot;:&quot;rSahIiSrRaWU7MNj1icW&quot;,&quot;id&quot;:&quot;qbsujpB0GgKgzohlABBg&quot;},{&quot;accountno&quot;:&quot;TA-Raju990&quot;,&quot;departmentno&quot;:&quot;9&quot;,&quot;salary&quot;:&quot;9999998&quot;,&quot;pincode&quot;:&quot;999990&quot;,&quot;userid&quot;:&quot;rSahIiSrRaWU7MNj1icW&quot;,&quot;id&quot;:&quot;NJ3fxxFkzSao2s9Wf6AV&quot;},{&quot;accountno&quot;:&quot;DD-1987654&quot;,&quot;departmentno&quot;:&quot;19&quot;,&quot;salary&quot;:&quot;19876&quot;,&quot;pincode&quot;:&quot;198765&quot;,&quot;userid&quot;:&quot;t125VIABatxIit0Gfdqy&quot;,&quot;id&quot;:&quot;7ZQoGfZRMuLa840SLk70&quot;},{&quot;accountno&quot;:&quot;DD-1987654&quot;,&quot;departmentno&quot;:&quot;19&quot;,&quot;salary&quot;:&quot;19876&quot;,&quot;pincode&quot;:&quot;198765&quot;,&quot;userid&quot;:&quot;t125VIABatxIit0Gfdqy&quot;,&quot;id&quot;:&quot;3asWGN8rJCTpV77m5eAo&quot;},{&quot;accountno&quot;:&quot;DD-1987654&quot;,&quot;departmentno&quot;:&quot;19&quot;,&quot;salary&quot;:&quot;19876&quot;,&quot;pincode&quot;:&quot;198765&quot;,&quot;userid&quot;:&quot;t125VIABatxIit0Gfdqy&quot;,&quot;id&quot;:&quot;ZCEOxpIYGjsk2JAl3pE0&quot;},{&quot;accountno&quot;:&quot;DD-1987654&quot;,&quot;departmentno&quot;:&quot;19&quot;,&quot;salary&quot;:&quot;19876&quot;,&quot;pincode&quot;:&quot;198765&quot;,&quot;userid&quot;:&quot;t125VIABatxIit0Gfdqy&quot;,&quot;id&quot;:&quot;NlhZMsOFTXwFx9l8UNMs&quot;},{&quot;accountno&quot;:&quot;DD-1987654&quot;,&quot;departmentno&quot;:&quot;19&quot;,&quot;salary&quot;:&quot;19876&quot;,&quot;pincode&quot;:&quot;198765&quot;,&quot;userid&quot;:&quot;t125VIABatxIit0Gfdqy&quot;,&quot;id&quot;:&quot;sEmYJ1s35zdna7k0l9Lw&quot;},{&quot;accountno&quot;:&quot;DD-1987654&quot;,&quot;departmentno&quot;:&quot;19&quot;,&quot;salary&quot;:&quot;19876&quot;,&quot;pincode&quot;:&quot;198765&quot;,&quot;userid&quot;:&quot;t125VIABatxIit0Gfdqy&quot;,&quot;id&quot;:&quot;psUL0C0blC87ebX2yaR7&quot;},{&quot;accountno&quot;:&quot;DD-1987654&quot;,&quot;departmentno&quot;:&quot;19&quot;,&quot;salary&quot;:&quot;19876&quot;,&quot;pincode&quot;:&quot;198765&quot;,&quot;userid&quot;:&quot;t125VIABatxIit0Gfdqy&quot;,&quot;id&quot;:&quot;tPSsruWC2YkAwOsHr759&quot;},{&quot;accountno&quot;:&quot;DD-1987654&quot;,&quot;departmentno&quot;:&quot;19&quot;,&quot;salary&quot;:&quot;19876&quot;,&quot;pincode&quot;:&quot;198765&quot;,&quot;userid&quot;:&quot;t125VIABatxIit0Gfdqy&quot;,&quot;id&quot;:&quot;maVeR45ptEyB9ZMaYiCU&quot;},{&quot;accountno&quot;:&quot;TA-6666667&quot;,&quot;departmentno&quot;:&quot;6&quot;,&quot;salary&quot;:&quot;6666667&quot;,&quot;pincode&quot;:&quot;666667&quot;,&quot;userid&quot;:&quot;sjPTovAamT8HaA8qybyF&quot;,&quot;id&quot;:&quot;HZb4HUG7tVz518pIlLZX&quot;},{&quot;accountno&quot;:&quot;DD-1987654&quot;,&quot;departmentno&quot;:&quot;19&quot;,&quot;salary&quot;:&quot;19876&quot;,&quot;pincode&quot;:&quot;198765&quot;,&quot;userid&quot;:&quot;t125VIABatxIit0Gfdqy&quot;,&quot;id&quot;:&quot;LvEpddeTRW6MKyZWgLNM&quot;},{&quot;accountno&quot;:&quot;TA-6666666&quot;,&quot;departmentno&quot;:&quot;6&quot;,&quot;salary&quot;:&quot;6666666&quot;,&quot;pincode&quot;:&quot;666666&quot;,&quot;userid&quot;:&quot;sjPTovAamT8HaA8qybyF&quot;,&quot;id&quot;:&quot;hZstVCJz6bkLhu4TLJE3&quot;},{&quot;accountno&quot;:&quot;TA-7777777&quot;,&quot;departmentno&quot;:&quot;7&quot;,&quot;salary&quot;:&quot;7777777&quot;,&quot;pincode&quot;:&quot;777777&quot;,&quot;userid&quot;:&quot;sjPTovAamT8HaA8qybyF&quot;,&quot;id&quot;:&quot;gQiIvwv24RSw86BJbXzz&quot;},{&quot;accountno&quot;:&quot;shwe-0999999&quot;,&quot;departmentno&quot;:&quot;2&quot;,&quot;salary&quot;:&quot;11111&quot;,&quot;pincode&quot;:&quot;666666&quot;,&quot;userid&quot;:&quot;hlI8xRxaKMwpontOHVoR&quot;,&quot;id&quot;:&quot;qe8aeaqJ2TKGfokgnKhq&quot;},{&quot;accountno&quot;:&quot;LA-5432134&quot;,&quot;departmentno&quot;:&quot;7&quot;,&quot;salary&quot;:&quot;4566&quot;,&quot;pincode&quot;:&quot;999999&quot;,&quot;userid&quot;:&quot;Vh9h6QeQwTUcvVEz3MxJ&quot;,&quot;id&quot;:&quot;YzkZULpvneV2ILqJeFkW&quot;},{&quot;accountno&quot;:&quot;LA-5432134&quot;,&quot;departmentno&quot;:&quot;6&quot;,&quot;salary&quot;:&quot;4566&quot;,&quot;pincode&quot;:&quot;999999&quot;,&quot;userid&quot;:&quot;Vh9h6QeQwTUcvVEz3MxJ&quot;,&quot;id&quot;:&quot;pLDe1kYQPFNKkZqEeIg6&quot;},{&quot;accountno&quot;:&quot;TA-5432134&quot;,&quot;departmentno&quot;:&quot;6&quot;,&quot;salary&quot;:&quot;4566&quot;,&quot;pincode&quot;:&quot;999999&quot;,&quot;userid&quot;:&quot;Vh9h6QeQwTUcvVEz3MxJ&quot;,&quot;id&quot;:&quot;MGLKmmJ6LTPOIMdJ9UdL&quot;},{&quot;accountno&quot;:&quot;RA-1213789&quot;,&quot;departmentno&quot;:&quot;1&quot;,&quot;salary&quot;:&quot;1234&quot;,&quot;pincode&quot;:&quot;597456&quot;,&quot;userid&quot;:&quot;rIEisGdROAfc86JMYzu0&quot;,&quot;id&quot;:&quot;eePp5z51kW35ErQ9kQed&quot;},{&quot;accountno&quot;:&quot;DD-1987654&quot;,&quot;departmentno&quot;:&quot;19&quot;,&quot;salary&quot;:&quot;19876&quot;,&quot;pincode&quot;:&quot;198765&quot;,&quot;userid&quot;:&quot;t125VIABatxIit0Gfdqy&quot;,&quot;id&quot;:&quot;jhgfjXZLJHJGfGuHLumj&quot;},{&quot;accountno&quot;:&quot;TA-su12345&quot;,&quot;departmentno&quot;:&quot;8&quot;,&quot;salary&quot;:&quot;4000&quot;,&quot;pincode&quot;:&quot;700116&quot;,&quot;userid&quot;:&quot;iIQCsQ8hyJLxOhmuGK9t&quot;,&quot;id&quot;:&quot;W9I1g50lYGsOOZseUKj4&quot;},{&quot;accountno&quot;:&quot;TA-121342&quot;,&quot;departmentno&quot;:&quot;1&quot;,&quot;salary&quot;:&quot;1234&quot;,&quot;pincode&quot;:&quot;567808&quot;,&quot;userid&quot;:&quot;rIEisGdROAfc86JMYzu0&quot;,&quot;id&quot;:&quot;GyBda8B8E4C9S4ncRAEP&quot;},{&quot;accountno&quot;:&quot;TA-bl54321&quot;,&quot;departmentno&quot;:&quot;2&quot;,&quot;salary&quot;:&quot;54321&quot;,&quot;pincode&quot;:&quot;222111&quot;,&quot;userid&quot;:&quot;wvTE1ZsqbgfOMtiFejpq&quot;,&quot;id&quot;:&quot;GxZGp4UUsm2sfPBts75U&quot;},{&quot;accountno&quot;:&quot;TA-free130&quot;,&quot;departmentno&quot;:&quot;4&quot;,&quot;salary&quot;:&quot;23000&quot;,&quot;pincode&quot;:&quot;976000&quot;,&quot;userid&quot;:&quot;PmTM9XOFYIFaf3kWPbKy&quot;,&quot;id&quot;:&quot;DJFCaqWc5slbP1sJr0hO&quot;},{&quot;accountno&quot;:&quot;TA-free120&quot;,&quot;departmentno&quot;:&quot;4&quot;,&quot;salary&quot;:&quot;23400&quot;,&quot;pincode&quot;:&quot;976500&quot;,&quot;userid&quot;:&quot;PmTM9XOFYIFaf3kWPbKy&quot;,&quot;id&quot;:&quot;6LeBgozTdIxgYdPAnIi9&quot;},{&quot;accountno&quot;:&quot;TA-free1500&quot;,&quot;departmentno&quot;:&quot;4&quot;,&quot;salary&quot;:&quot;200000&quot;,&quot;pincode&quot;:&quot;976540&quot;,&quot;userid&quot;:&quot;PmTM9XOFYIFaf3kWPbKy&quot;,&quot;id&quot;:&quot;rEBreYM6it05s07v2tLD&quot;},{&quot;accountno&quot;:&quot;DD-1987654&quot;,&quot;departmentno&quot;:&quot;19&quot;,&quot;salary&quot;:&quot;19876&quot;,&quot;pincode&quot;:&quot;198765&quot;,&quot;userid&quot;:&quot;t125VIABatxIit0Gfdqy&quot;,&quot;id&quot;:&quot;dMHvLuO3M2BrN86IViAW&quot;},{&quot;accountno&quot;:&quot;TA-free100&quot;,&quot;departmentno&quot;:&quot;4&quot;,&quot;salary&quot;:&quot;2345&quot;,&quot;pincode&quot;:&quot;976543&quot;,&quot;userid&quot;:&quot;PmTM9XOFYIFaf3kWPbKy&quot;,&quot;id&quot;:&quot;rqqImuNcwdhEM4NpAxmC&quot;},{&quot;accountno&quot;:&quot;SA-1987654&quot;,&quot;departmentno&quot;:&quot;19&quot;,&quot;salary&quot;:&quot;19876&quot;,&quot;pincode&quot;:&quot;198765&quot;,&quot;userid&quot;:&quot;t125VIABatxIit0Gfdqy&quot;,&quot;id&quot;:&quot;yFnXzV0FGvtasBRymbwS&quot;},{&quot;accountno&quot;:&quot;TA-free101&quot;,&quot;departmentno&quot;:&quot;4&quot;,&quot;salary&quot;:&quot;1234&quot;,&quot;pincode&quot;:&quot;987654&quot;,&quot;userid&quot;:&quot;PmTM9XOFYIFaf3kWPbKy&quot;,&quot;id&quot;:&quot;aRcTyggCbQan8lkKFTgM&quot;},{&quot;accountno&quot;:&quot;SA-1987654&quot;,&quot;departmentno&quot;:&quot;19&quot;,&quot;salary&quot;:&quot;19876&quot;,&quot;pincode&quot;:&quot;198765&quot;,&quot;userid&quot;:&quot;t125VIABatxIit0Gfdqy&quot;,&quot;id&quot;:&quot;CSYCigJ407pguaI7T3PR&quot;},{&quot;accountno&quot;:&quot;QA-1987654&quot;,&quot;departmentno&quot;:&quot;19&quot;,&quot;salary&quot;:&quot;19876&quot;,&quot;pincode&quot;:&quot;198765&quot;,&quot;userid&quot;:&quot;t125VIABatxIit0Gfdqy&quot;,&quot;id&quot;:&quot;WBllvRh71TcFLMsgPV1m&quot;},{&quot;accountno&quot;:&quot;SU-3333333&quot;,&quot;departmentno&quot;:&quot;33&quot;,&quot;salary&quot;:&quot;333333&quot;,&quot;pincode&quot;:&quot;333333&quot;,&quot;userid&quot;:&quot;t125VIABatxIit0Gfdqy&quot;,&quot;id&quot;:&quot;WyR84AaBs9Dv5t7GtGEt&quot;},{&quot;accountno&quot;:&quot;SU-1999991&quot;,&quot;departmentno&quot;:&quot;101&quot;,&quot;salary&quot;:&quot;10001&quot;,&quot;pincode&quot;:&quot;100001&quot;,&quot;userid&quot;:&quot;t125VIABatxIit0Gfdqy&quot;,&quot;id&quot;:&quot;yPBzfKNkrkHPiaJp15x8&quot;},{&quot;accountno&quot;:&quot;TA-1111111&quot;,&quot;departmentno&quot;:&quot;1&quot;,&quot;salary&quot;:&quot;1111&quot;,&quot;pincode&quot;:&quot;111111&quot;,&quot;userid&quot;:&quot;ziBRfLEfNtH2MHyH3MhK&quot;,&quot;id&quot;:&quot;sCUuWkOxFe1dApkbsHKd&quot;},{&quot;accountno&quot;:&quot;TA-1111111&quot;,&quot;departmentno&quot;:&quot;1&quot;,&quot;salary&quot;:&quot;1111&quot;,&quot;pincode&quot;:&quot;111111&quot;,&quot;userid&quot;:&quot;ziBRfLEfNtH2MHyH3MhK&quot;,&quot;id&quot;:&quot;1xDgrb0uiqwBDYLReX4a&quot;},{&quot;accountno&quot;:&quot;TA-1111111&quot;,&quot;departmentno&quot;:&quot;1&quot;,&quot;salary&quot;:&quot;1111&quot;,&quot;pincode&quot;:&quot;111111&quot;,&quot;userid&quot;:&quot;ziBRfLEfNtH2MHyH3MhK&quot;,&quot;id&quot;:&quot;P8DuyqWJ0N8wQF7qLZdm&quot;},{&quot;accountno&quot;:&quot;TA-2345678&quot;,&quot;departmentno&quot;:&quot;6&quot;,&quot;salary&quot;:&quot;666666&quot;,&quot;pincode&quot;:&quot;666666&quot;,&quot;userid&quot;:&quot;wvTE1ZsqbgfOMtiFejpq&quot;,&quot;id&quot;:&quot;KZnmcS4xvqMT9pOMoL1N&quot;},{&quot;accountno&quot;:&quot;TA-var4567&quot;,&quot;departmentno&quot;:&quot;6&quot;,&quot;salary&quot;:&quot;80000&quot;,&quot;pincode&quot;:&quot;984532&quot;,&quot;userid&quot;:&quot;u7nq0GWiLeCacS4KOFe3&quot;,&quot;id&quot;:&quot;WH1zebm5NBaxEwClhhRW&quot;},{&quot;accountno&quot;:&quot;TA-1223211&quot;,&quot;departmentno&quot;:1,&quot;salary&quot;:45000,&quot;pincode&quot;:125321,&quot;userid&quot;:&quot;wvTE1ZsqbgfOMtiFejpq&quot;,&quot;id&quot;:&quot;QWt6cB8MoOtTQTtBHwek&quot;},{&quot;accountno&quot;:&quot;TA-1233211&quot;,&quot;departmentno&quot;:&quot;1&quot;,&quot;salary&quot;:&quot;1234&quot;,&quot;pincode&quot;:&quot;123321&quot;,&quot;userid&quot;:&quot;wvTE1ZsqbgfOMtiFejpq&quot;,&quot;id&quot;:&quot;7WdUQo9nj5FgIIL5UXnP&quot;},{&quot;accountno&quot;:&quot;TA-1233211&quot;,&quot;departmentno&quot;:&quot;1&quot;,&quot;salary&quot;:&quot;1234&quot;,&quot;pincode&quot;:&quot;123321&quot;,&quot;userid&quot;:&quot;wvTE1ZsqbgfOMtiFejpq&quot;,&quot;id&quot;:&quot;eu2PG30pKr0vSNB1F39f&quot;},{&quot;accountno&quot;:&quot;RR-5555555&quot;,&quot;departmentno&quot;:&quot;5&quot;,&quot;salary&quot;:&quot;555&quot;,&quot;pincode&quot;:&quot;555555&quot;,&quot;userid&quot;:&quot;gwcn6RK4r9LUWalrshHM&quot;,&quot;id&quot;:&quot;fNXin4dMj0UYMSyyRKZ0&quot;},{&quot;accountno&quot;:&quot;TA-su12345&quot;,&quot;departmentno&quot;:&quot;8&quot;,&quot;salary&quot;:&quot;4000&quot;,&quot;pincode&quot;:&quot;700116&quot;,&quot;userid&quot;:&quot;iIQCsQ8hyJLxOhmuGK9t&quot;,&quot;id&quot;:&quot;ddF7hBcUyVuokkMkPJsO&quot;},{&quot;accountno&quot;:&quot;TA-Raj9990&quot;,&quot;departmentno&quot;:&quot;9&quot;,&quot;salary&quot;:&quot;9999998&quot;,&quot;pincode&quot;:&quot;999990&quot;,&quot;userid&quot;:&quot;rSahIiSrRaWU7MNj1icW&quot;,&quot;id&quot;:&quot;ewFxQiPFWv1SgGT2eo2m&quot;},{&quot;accountno&quot;:&quot;TA-RRR9990&quot;,&quot;departmentno&quot;:&quot;9&quot;,&quot;salary&quot;:&quot;9999998&quot;,&quot;pincode&quot;:&quot;999990&quot;,&quot;userid&quot;:&quot;rSahIiSrRaWU7MNj1icW&quot;,&quot;id&quot;:&quot;oOLMJzjVhHxQsykZLvrc&quot;},{&quot;accountno&quot;:&quot;GE-123455&quot;,&quot;departmentno&quot;:&quot;6&quot;,&quot;salary&quot;:&quot;345425&quot;,&quot;pincode&quot;:&quot;537174&quot;,&quot;userid&quot;:&quot;txyvZ2JBdVLa10kxS284&quot;,&quot;id&quot;:&quot;G860T0qgmMBQcz4D8eBW&quot;},{&quot;accountno&quot;:&quot;TA-1111111&quot;,&quot;departmentno&quot;:&quot;1&quot;,&quot;salary&quot;:&quot;11111&quot;,&quot;pincode&quot;:&quot;111111&quot;,&quot;userid&quot;:&quot;jB5M5JA4fhyBV7IKmOvl&quot;,&quot;id&quot;:&quot;BjeQzP9WreEyUrNvzhPZ&quot;},{&quot;accountno&quot;:&quot;TA-var4567&quot;,&quot;departmentno&quot;:&quot;6&quot;,&quot;salary&quot;:&quot;80000&quot;,&quot;pincode&quot;:&quot;984532&quot;,&quot;userid&quot;:&quot;u7nq0GWiLeCacS4KOFe3&quot;,&quot;id&quot;:&quot;kJ3xS61TsmFNKh2GwULA&quot;},{&quot;accountno&quot;:&quot;TA-var4567&quot;,&quot;departmentno&quot;:&quot;6&quot;,&quot;salary&quot;:&quot;80000&quot;,&quot;pincode&quot;:&quot;984532&quot;,&quot;userid&quot;:&quot;u7nq0GWiLeCacS4KOFe3&quot;,&quot;id&quot;:&quot;TVnXk1OvuVs8m20H7Fr2&quot;},{&quot;accountno&quot;:&quot;TA-var4567&quot;,&quot;departmentno&quot;:&quot;6&quot;,&quot;salary&quot;:&quot;80000&quot;,&quot;pincode&quot;:&quot;984532&quot;,&quot;userid&quot;:&quot;u7nq0GWiLeCacS4KOFe3&quot;,&quot;id&quot;:&quot;w9Jssw9DPNZdLbMb9YH7&quot;},{&quot;accountno&quot;:&quot;TA-var4567&quot;,&quot;departmentno&quot;:&quot;6&quot;,&quot;salary&quot;:&quot;80000&quot;,&quot;pincode&quot;:&quot;984532&quot;,&quot;userid&quot;:&quot;u7nq0GWiLeCacS4KOFe3&quot;,&quot;id&quot;:&quot;NCxmhjDzXbqb2sCue3ZU&quot;},{&quot;accountno&quot;:&quot;TA-var4567&quot;,&quot;departmentno&quot;:&quot;6&quot;,&quot;salary&quot;:&quot;80000&quot;,&quot;pincode&quot;:&quot;984532&quot;,&quot;userid&quot;:&quot;u7nq0GWiLeCacS4KOFe3&quot;,&quot;id&quot;:&quot;AZfliCdWNaV7NQ1dcNA6&quot;},{&quot;accountno&quot;:&quot;TA-var4567&quot;,&quot;departmentno&quot;:&quot;6&quot;,&quot;salary&quot;:&quot;80000&quot;,&quot;pincode&quot;:&quot;984532&quot;,&quot;userid&quot;:&quot;u7nq0GWiLeCacS4KOFe3&quot;,&quot;id&quot;:&quot;J59ZBBJBQIXPh106RoSp&quot;},{&quot;accountno&quot;:&quot;TA-var4567&quot;,&quot;departmentno&quot;:&quot;6&quot;,&quot;salary&quot;:&quot;80000&quot;,&quot;pincode&quot;:&quot;984532&quot;,&quot;userid&quot;:&quot;u7nq0GWiLeCacS4KOFe3&quot;,&quot;id&quot;:&quot;HwLJ1Dfjvug71QMaUD6r&quot;},{&quot;accountno&quot;:&quot;TA-var4567&quot;,&quot;departmentno&quot;:&quot;6&quot;,&quot;salary&quot;:&quot;80000&quot;,&quot;pincode&quot;:&quot;984532&quot;,&quot;userid&quot;:&quot;u7nq0GWiLeCacS4KOFe3&quot;,&quot;id&quot;:&quot;wuILFSn8Z2M9XuG8gEXG&quot;},{&quot;accountno&quot;:&quot;TA-var4567&quot;,&quot;departmentno&quot;:&quot;6&quot;,&quot;salary&quot;:&quot;80000&quot;,&quot;pincode&quot;:&quot;984532&quot;,&quot;userid&quot;:&quot;u7nq0GWiLeCacS4KOFe3&quot;,&quot;id&quot;:&quot;zkhLvAQQIHEjpoIhJXhy&quot;},{&quot;accountno&quot;:&quot;TA-var4567&quot;,&quot;departmentno&quot;:&quot;6&quot;,&quot;salary&quot;:&quot;80000&quot;,&quot;pincode&quot;:&quot;984532&quot;,&quot;userid&quot;:&quot;u7nq0GWiLeCacS4KOFe3&quot;,&quot;id&quot;:&quot;iamkNS4Ah1kKyZy1qacH&quot;},{&quot;accountno&quot;:&quot;TA-var4567&quot;,&quot;departmentno&quot;:&quot;6&quot;,&quot;salary&quot;:&quot;80000&quot;,&quot;pincode&quot;:&quot;984532&quot;,&quot;userid&quot;:&quot;u7nq0GWiLeCacS4KOFe3&quot;,&quot;id&quot;:&quot;gNtvYnvfjmfItVHOJYdv&quot;},{&quot;accountno&quot;:&quot;TA-var4567&quot;,&quot;departmentno&quot;:&quot;6&quot;,&quot;salary&quot;:&quot;80000&quot;,&quot;pincode&quot;:&quot;984532&quot;,&quot;userid&quot;:&quot;u7nq0GWiLeCacS4KOFe3&quot;,&quot;id&quot;:&quot;KgwYsLuFHgawDcAOW0Fy&quot;},{&quot;accountno&quot;:&quot;TA-var4567&quot;,&quot;departmentno&quot;:&quot;6&quot;,&quot;salary&quot;:&quot;80000&quot;,&quot;pincode&quot;:&quot;984532&quot;,&quot;userid&quot;:&quot;u7nq0GWiLeCacS4KOFe3&quot;,&quot;id&quot;:&quot;GYoLaptbuvFaFJ5ojeJr&quot;},{&quot;accountno&quot;:&quot;TA-su12345&quot;,&quot;departmentno&quot;:&quot;8&quot;,&quot;salary&quot;:&quot;4000&quot;,&quot;pincode&quot;:&quot;700116&quot;,&quot;userid&quot;:&quot;iIQCsQ8hyJLxOhmuGK9t&quot;,&quot;id&quot;:&quot;FaJCmtUNKj9Wt0gjfKAL&quot;},{&quot;accountno&quot;:&quot;TA-var4567&quot;,&quot;departmentno&quot;:&quot;6&quot;,&quot;salary&quot;:&quot;80000&quot;,&quot;pincode&quot;:&quot;984532&quot;,&quot;userid&quot;:&quot;u7nq0GWiLeCacS4KOFe3&quot;,&quot;id&quot;:&quot;9w8htV8H1TflRhSDjILA&quot;},{&quot;accountno&quot;:&quot;TA-var4567&quot;,&quot;departmentno&quot;:&quot;6&quot;,&quot;salary&quot;:&quot;80000&quot;,&quot;pincode&quot;:&quot;984532&quot;,&quot;userid&quot;:&quot;u7nq0GWiLeCacS4KOFe3&quot;,&quot;id&quot;:&quot;zst4nNEjvKG0I1mC18XL&quot;},{&quot;accountno&quot;:&quot;TA-var4567&quot;,&quot;departmentno&quot;:&quot;6&quot;,&quot;salary&quot;:&quot;80000&quot;,&quot;pincode&quot;:&quot;984532&quot;,&quot;userid&quot;:&quot;u7nq0GWiLeCacS4KOFe3&quot;,&quot;id&quot;:&quot;ptwxieXcjJz9yyQ8bJwp&quot;},{&quot;accountno&quot;:&quot;TA-var4567&quot;,&quot;departmentno&quot;:&quot;6&quot;,&quot;salary&quot;:&quot;80000&quot;,&quot;pincode&quot;:&quot;984532&quot;,&quot;userid&quot;:&quot;u7nq0GWiLeCacS4KOFe3&quot;,&quot;id&quot;:&quot;CR52xAGcBcDnIpxyM9eJ&quot;},{&quot;accountno&quot;:&quot;TA-var4567&quot;,&quot;departmentno&quot;:&quot;6&quot;,&quot;salary&quot;:&quot;80000&quot;,&quot;pincode&quot;:&quot;984532&quot;,&quot;userid&quot;:&quot;u7nq0GWiLeCacS4KOFe3&quot;,&quot;id&quot;:&quot;B8srr3SB9Nc93a7ahFFp&quot;},{&quot;accountno&quot;:&quot;Po-5600333&quot;,&quot;departmentno&quot;:5,&quot;salary&quot;:1134,&quot;pincode&quot;:998788,&quot;userid&quot;:&quot;rGjPCz7q7Yv75qaHGWfi&quot;,&quot;id&quot;:&quot;Nk4yBKUVRHijwfg09Kzf&quot;},{&quot;accountno&quot;:&quot;TA-var4567&quot;,&quot;departmentno&quot;:&quot;6&quot;,&quot;salary&quot;:&quot;80000&quot;,&quot;pincode&quot;:&quot;984532&quot;,&quot;userid&quot;:&quot;u7nq0GWiLeCacS4KOFe3&quot;,&quot;id&quot;:&quot;tQJ5mu6r6pG5VHdORCvw&quot;},{&quot;accountno&quot;:&quot;TA-1999991&quot;,&quot;departmentno&quot;:&quot;101&quot;,&quot;salary&quot;:&quot;10001&quot;,&quot;pincode&quot;:&quot;100001&quot;,&quot;userid&quot;:&quot;t125VIABatxIit0Gfdqy&quot;,&quot;id&quot;:&quot;khcYf9ncAxe2yFWMvK0h&quot;},{&quot;accountno&quot;:&quot;TA-var4567&quot;,&quot;departmentno&quot;:&quot;6&quot;,&quot;salary&quot;:&quot;80000&quot;,&quot;pincode&quot;:&quot;984532&quot;,&quot;userid&quot;:&quot;u7nq0GWiLeCacS4KOFe3&quot;,&quot;id&quot;:&quot;PnzTfc62nj8ULHwoAlB8&quot;},{&quot;accountno&quot;:&quot;TA-var4567&quot;,&quot;departmentno&quot;:&quot;6&quot;,&quot;salary&quot;:&quot;80000&quot;,&quot;pincode&quot;:&quot;984532&quot;,&quot;userid&quot;:&quot;u7nq0GWiLeCacS4KOFe3&quot;,&quot;id&quot;:&quot;J0oF8lERxlXLkHFYg2pk&quot;},{&quot;accountno&quot;:&quot;TA-4040404&quot;,&quot;departmentno&quot;:&quot;4&quot;,&quot;salary&quot;:&quot;4&quot;,&quot;pincode&quot;:&quot;444444&quot;,&quot;userid&quot;:&quot;rGjPCz7q7Yv75qaHGWfi&quot;,&quot;id&quot;:&quot;nCR6TGQyJG5VWLdpe32M&quot;},{&quot;accountno&quot;:&quot;USH-1222343&quot;,&quot;departmentno&quot;:&quot;2&quot;,&quot;salary&quot;:&quot;200000&quot;,&quot;pincode&quot;:&quot;770702&quot;,&quot;userid&quot;:&quot;qsAvy2acR3CH9AtEoVXA&quot;,&quot;id&quot;:&quot;81YZMUe2wmkBfh3Bf7f5&quot;},{&quot;accountno&quot;:&quot;USH-1222342&quot;,&quot;departmentno&quot;:&quot;2&quot;,&quot;salary&quot;:&quot;200000&quot;,&quot;pincode&quot;:&quot;770702&quot;,&quot;userid&quot;:&quot;qsAvy2acR3CH9AtEoVXA&quot;,&quot;id&quot;:&quot;wuZOx0HTaISxmdrzZhfs&quot;},{&quot;accountno&quot;:&quot;USH-1222341&quot;,&quot;departmentno&quot;:&quot;2&quot;,&quot;salary&quot;:&quot;200000&quot;,&quot;pincode&quot;:&quot;770702&quot;,&quot;userid&quot;:&quot;qsAvy2acR3CH9AtEoVXA&quot;,&quot;id&quot;:&quot;qjM4r3Bi7ytUcOsTWl03&quot;},{&quot;accountno&quot;:&quot;TA-4040404&quot;,&quot;departmentno&quot;:&quot;4&quot;,&quot;salary&quot;:&quot;4&quot;,&quot;pincode&quot;:&quot;444444&quot;,&quot;userid&quot;:&quot;rGjPCz7q7Yv75qaHGWfi&quot;,&quot;id&quot;:&quot;y55WnmRpNmQ7nb0IQlA6&quot;},{&quot;accountno&quot;:&quot;AaR-123456&quot;,&quot;departmentno&quot;:&quot;2&quot;,&quot;salary&quot;:&quot;500000&quot;,&quot;pincode&quot;:&quot;300014&quot;,&quot;userid&quot;:&quot;sfQOqOMagd0FaUSioidz&quot;,&quot;id&quot;:&quot;GZwtXRohwt5hjgNDVdKe&quot;},{&quot;accountno&quot;:&quot;TA-1234567&quot;,&quot;departmentno&quot;:1,&quot;salary&quot;:44444,&quot;pincode&quot;:123455,&quot;userid&quot;:&quot;rSahIiSrRaWU7MNj1icW&quot;,&quot;id&quot;:&quot;3T9VfjP6NKAbUgRB2H3m&quot;},{&quot;accountno&quot;:&quot;TA-1234567&quot;,&quot;departmentno&quot;:&quot;1&quot;,&quot;salary&quot;:&quot;44444&quot;,&quot;pincode&quot;:&quot;123456&quot;,&quot;userid&quot;:&quot;rSahIiSrRaWU7MNj1icW&quot;,&quot;id&quot;:&quot;ZebfClVf9RddyLun2xJs&quot;},{&quot;accountno&quot;:&quot;TA-var4567&quot;,&quot;departmentno&quot;:&quot;6&quot;,&quot;salary&quot;:&quot;80000&quot;,&quot;pincode&quot;:&quot;984532&quot;,&quot;userid&quot;:&quot;u7nq0GWiLeCacS4KOFe3&quot;,&quot;id&quot;:&quot;Ui7FmQJPWjWa0engaLaQ&quot;},{&quot;accountno&quot;:&quot;TA-var4567&quot;,&quot;departmentno&quot;:&quot;6&quot;,&quot;salary&quot;:&quot;80000&quot;,&quot;pincode&quot;:&quot;984532&quot;,&quot;userid&quot;:&quot;u7nq0GWiLeCacS4KOFe3&quot;,&quot;id&quot;:&quot;vvUhnEfC39ZtVY6HnJ7h&quot;},{&quot;accountno&quot;:&quot;TA-var4567&quot;,&quot;departmentno&quot;:&quot;6&quot;,&quot;salary&quot;:&quot;80000&quot;,&quot;pincode&quot;:&quot;984532&quot;,&quot;userid&quot;:&quot;u7nq0GWiLeCacS4KOFe3&quot;,&quot;id&quot;:&quot;RllYJVvOTdMWzwdoSnm8&quot;},{&quot;accountno&quot;:&quot;TA-var4567&quot;,&quot;departmentno&quot;:&quot;6&quot;,&quot;salary&quot;:&quot;80000&quot;,&quot;pincode&quot;:&quot;984532&quot;,&quot;userid&quot;:&quot;u7nq0GWiLeCacS4KOFe3&quot;,&quot;id&quot;:&quot;TCyCgRRHkLihvLJM3tmC&quot;},{&quot;accountno&quot;:&quot;TA-var4567&quot;,&quot;departmentno&quot;:&quot;6&quot;,&quot;salary&quot;:&quot;80000&quot;,&quot;pincode&quot;:&quot;984532&quot;,&quot;userid&quot;:&quot;u7nq0GWiLeCacS4KOFe3&quot;,&quot;id&quot;:&quot;4VuLRYhWUoEJ3UErQtJ2&quot;},{&quot;accountno&quot;:&quot;TA-var4567&quot;,&quot;departmentno&quot;:&quot;6&quot;,&quot;salary&quot;:&quot;80000&quot;,&quot;pincode&quot;:&quot;984532&quot;,&quot;userid&quot;:&quot;ziBRfLEfNtH2MHyH3MhK&quot;,&quot;id&quot;:&quot;GIkYdVayLyX6GJXHLgM4&quot;},{&quot;accountno&quot;:&quot;TA-var4567&quot;,&quot;departmentno&quot;:&quot;6&quot;,&quot;salary&quot;:&quot;80000&quot;,&quot;pincode&quot;:&quot;984532&quot;,&quot;userid&quot;:&quot;ziBRfLEfNtH2MHyH3MhK&quot;,&quot;id&quot;:&quot;1bG8YVQM1K5CujES2IHL&quot;},{&quot;accountno&quot;:&quot;TA-var4567&quot;,&quot;departmentno&quot;:&quot;6&quot;,&quot;salary&quot;:&quot;80000&quot;,&quot;pincode&quot;:&quot;984532&quot;,&quot;userid&quot;:&quot;taGX4XQQfXD3Z76sI1Xn&quot;,&quot;id&quot;:&quot;5uxkVBCqlc4MHT1DRlD4&quot;},{&quot;accountno&quot;:&quot;TA-bl54321&quot;,&quot;departmentno&quot;:&quot;2&quot;,&quot;salary&quot;:&quot;54321&quot;,&quot;pincode&quot;:&quot;222111&quot;,&quot;userid&quot;:&quot;wvTE1ZsqbgfOMtiFejpq&quot;,&quot;id&quot;:&quot;pYXrMzkl1uICxBbIRdVZ&quot;},{&quot;accountno&quot;:&quot;TA-var4567&quot;,&quot;departmentno&quot;:&quot;6&quot;,&quot;salary&quot;:&quot;80000&quot;,&quot;pincode&quot;:&quot;984532&quot;,&quot;userid&quot;:&quot;taGX4XQQfXD3Z76sI1Xn&quot;,&quot;id&quot;:&quot;zWQc3J1EfpgppvnUsyTq&quot;},{&quot;accountno&quot;:&quot;TA-var4567&quot;,&quot;departmentno&quot;:&quot;6&quot;,&quot;salary&quot;:&quot;80000&quot;,&quot;pincode&quot;:&quot;984532&quot;,&quot;userid&quot;:&quot;taGX4XQQfXD3Z76sI1Xn&quot;,&quot;id&quot;:&quot;VxljkoGRUtpbfoJ3wpkW&quot;},{&quot;accountno&quot;:&quot;TA-var4567&quot;,&quot;departmentno&quot;:&quot;6&quot;,&quot;salary&quot;:&quot;80000&quot;,&quot;pincode&quot;:&quot;984532&quot;,&quot;userid&quot;:&quot;taGX4XQQfXD3Z76sI1Xn&quot;,&quot;id&quot;:&quot;imwKwnpsa93bTJZm3y84&quot;},{&quot;accountno&quot;:&quot;TA-var4567&quot;,&quot;departmentno&quot;:&quot;6&quot;,&quot;salary&quot;:&quot;80000&quot;,&quot;pincode&quot;:&quot;984532&quot;,&quot;userid&quot;:&quot;taGX4XQQfXD3Z76sI1Xn&quot;,&quot;id&quot;:&quot;4p9lOXgzfXt0eHYKm3kL&quot;},{&quot;accountno&quot;:&quot;TA-var4567&quot;,&quot;departmentno&quot;:&quot;6&quot;,&quot;salary&quot;:&quot;80000&quot;,&quot;pincode&quot;:&quot;984532&quot;,&quot;userid&quot;:&quot;taGX4XQQfXD3Z76sI1Xn&quot;,&quot;id&quot;:&quot;oriPH0OibJhJYoK501me&quot;},{&quot;accountno&quot;:&quot;TA-var4567&quot;,&quot;departmentno&quot;:&quot;6&quot;,&quot;salary&quot;:&quot;80000&quot;,&quot;pincode&quot;:&quot;984532&quot;,&quot;userid&quot;:&quot;taGX4XQQfXD3Z76sI1Xn&quot;,&quot;id&quot;:&quot;H6ky4IRA7u5V0QV62vc2&quot;},{&quot;accountno&quot;:&quot;TA-var4567&quot;,&quot;departmentno&quot;:&quot;6&quot;,&quot;salary&quot;:&quot;80000&quot;,&quot;pincode&quot;:&quot;984532&quot;,&quot;userid&quot;:&quot;taGX4XQQfXD3Z76sI1Xn&quot;,&quot;id&quot;:&quot;1nVoxyBl5azHSHMnCl9q&quot;},{&quot;accountno&quot;:&quot;TA-bl54321&quot;,&quot;departmentno&quot;:&quot;2&quot;,&quot;salary&quot;:&quot;54321&quot;,&quot;pincode&quot;:&quot;222111&quot;,&quot;userid&quot;:&quot;wvTE1ZsqbgfOMtiFejpq&quot;,&quot;id&quot;:&quot;lvwLeHS4APvqeIYa0uGx&quot;},{&quot;accountno&quot;:&quot;TA-var4567&quot;,&quot;departmentno&quot;:&quot;6&quot;,&quot;salary&quot;:&quot;800&quot;,&quot;pincode&quot;:&quot;984532&quot;,&quot;userid&quot;:&quot;taGX4XQQfXD3Z76sI1Xn&quot;,&quot;id&quot;:&quot;3cPhXTGdshf4yI0WcXwh&quot;},{&quot;accountno&quot;:&quot;TA-var4567&quot;,&quot;departmentno&quot;:&quot;6&quot;,&quot;salary&quot;:&quot;80000&quot;,&quot;pincode&quot;:&quot;984532&quot;,&quot;userid&quot;:&quot;taGX4XQQfXD3Z76sI1Xn&quot;,&quot;id&quot;:&quot;UAzXIErSLEUrCtucPqMW&quot;},{&quot;accountno&quot;:&quot;TA-var4567&quot;,&quot;departmentno&quot;:&quot;6&quot;,&quot;salary&quot;:&quot;80000&quot;,&quot;pincode&quot;:&quot;984532&quot;,&quot;userid&quot;:&quot;taGX4XQQfXD3Z76sI1Xn&quot;,&quot;id&quot;:&quot;jtF3odTQJX4pHUx3MSKY&quot;},{&quot;accountno&quot;:&quot;TA-1999991&quot;,&quot;departmentno&quot;:&quot;101&quot;,&quot;salary&quot;:&quot;10001&quot;,&quot;pincode&quot;:&quot;100001&quot;,&quot;userid&quot;:&quot;t125VIABatxIit0Gfdqy&quot;,&quot;id&quot;:&quot;OMSwMk2okC8h5KCDhnsT&quot;},{&quot;accountno&quot;:&quot;TA-var1234&quot;,&quot;departmentno&quot;:4,&quot;salary&quot;:900001,&quot;pincode&quot;:784512,&quot;userid&quot;:&quot;u7nq0GWiLeCacS4KOFe3&quot;,&quot;id&quot;:&quot;ZzhTrJl6E0dSdIoy2hxW&quot;},{&quot;accountno&quot;:&quot;TA-12m2r4j&quot;,&quot;departmentno&quot;:&quot;2&quot;,&quot;salary&quot;:&quot;10000000&quot;,&quot;pincode&quot;:&quot;9511534779&quot;,&quot;userid&quot;:&quot;PmSgJPYWxk9rbvH0WOO8&quot;,&quot;id&quot;:&quot;iIcse9qYuRb1a1Gn3aTk&quot;},{&quot;accountno&quot;:&quot;TA-12m2r4j&quot;,&quot;departmentno&quot;:&quot;2&quot;,&quot;salary&quot;:&quot;10000000&quot;,&quot;pincode&quot;:&quot;9511534779&quot;,&quot;userid&quot;:&quot;PmSgJPYWxk9rbvH0WOO8&quot;,&quot;id&quot;:&quot;qL3cqrs6ZaHP0WakPMpT&quot;},{&quot;accountno&quot;:&quot;TA-12m2r4j&quot;,&quot;departmentno&quot;:&quot;2&quot;,&quot;salary&quot;:&quot;10000000&quot;,&quot;pincode&quot;:&quot;9511534&quot;,&quot;userid&quot;:&quot;PmSgJPYWxk9rbvH0WOO8&quot;,&quot;id&quot;:&quot;QcXmc7MyQEg0yldr3oKB&quot;},{&quot;accountno&quot;:&quot;TA-12382&quot;,&quot;departmentno&quot;:&quot;2&quot;,&quot;salary&quot;:&quot;10000000&quot;,&quot;pincode&quot;:&quot;9511534&quot;,&quot;userid&quot;:&quot;PmSgJPYWxk9rbvH0WOO8&quot;,&quot;id&quot;:&quot;rLE5LoGZ4vd3kOAfCu9G&quot;},{&quot;accountno&quot;:&quot;MRJ-12349&quot;,&quot;departmentno&quot;:&quot;4&quot;,&quot;salary&quot;:&quot;10000000&quot;,&quot;pincode&quot;:&quot;951134&quot;,&quot;userid&quot;:&quot;PmSgJPYWxk9rbvH0WOO8&quot;,&quot;id&quot;:&quot;f168q7vULklCUwuc8XpV&quot;},{&quot;accountno&quot;:&quot;TA-1000222&quot;,&quot;departmentno&quot;:&quot;222&quot;,&quot;salary&quot;:&quot;10222&quot;,&quot;pincode&quot;:&quot;100222&quot;,&quot;userid&quot;:&quot;t125VIABatxIit0Gfdqy&quot;,&quot;id&quot;:&quot;6s2qgqXV38hjDALcZBCS&quot;},{&quot;accountno&quot;:&quot;TA-7777777&quot;,&quot;departmentno&quot;:&quot;777&quot;,&quot;salary&quot;:&quot;10777&quot;,&quot;pincode&quot;:&quot;100777&quot;,&quot;userid&quot;:&quot;t125VIABatxIit0Gfdqy&quot;,&quot;id&quot;:&quot;2C9ezSFWuQK8OvitdGyX&quot;},{&quot;accountno&quot;:&quot;TA-1000101&quot;,&quot;departmentno&quot;:&quot;100&quot;,&quot;salary&quot;:&quot;10010&quot;,&quot;pincode&quot;:&quot;100010&quot;,&quot;userid&quot;:&quot;t125VIABatxIit0Gfdqy&quot;,&quot;id&quot;:&quot;JQVWcTZW5PdQYGanjx9s&quot;},{&quot;accountno&quot;:&quot;TA-1000101&quot;,&quot;departmentno&quot;:&quot;100&quot;,&quot;salary&quot;:&quot;10010&quot;,&quot;pincode&quot;:&quot;100010&quot;,&quot;userid&quot;:&quot;t125VIABatxIit0Gfdqy&quot;,&quot;id&quot;:&quot;rtnfvlZe5Vqw81eoLpKP&quot;},{&quot;accountno&quot;:&quot;TA-1000101&quot;,&quot;departmentno&quot;:&quot;100&quot;,&quot;salary&quot;:&quot;10010&quot;,&quot;pincode&quot;:&quot;100010&quot;,&quot;userid&quot;:&quot;t125VIABatxIit0Gfdqy&quot;,&quot;id&quot;:&quot;NdxMjrNNDpfD9ZFjUCFw&quot;},{&quot;accountno&quot;:&quot;TA-1000101&quot;,&quot;departmentno&quot;:&quot;100&quot;,&quot;salary&quot;:&quot;10010&quot;,&quot;pincode&quot;:&quot;100010&quot;,&quot;userid&quot;:&quot;t125VIABatxIit0Gfdqy&quot;,&quot;id&quot;:&quot;OB2CAcg0eLvOj2YizXWb&quot;},{&quot;accountno&quot;:&quot;TA-1000101&quot;,&quot;departmentno&quot;:&quot;100&quot;,&quot;salary&quot;:&quot;10010&quot;,&quot;pincode&quot;:&quot;100010&quot;,&quot;userid&quot;:&quot;t125VIABatxIit0Gfdqy&quot;,&quot;id&quot;:&quot;tWnu2LZPpVDXTaTIGdfe&quot;},{&quot;accountno&quot;:&quot;TA-1000101&quot;,&quot;departmentno&quot;:&quot;100&quot;,&quot;salary&quot;:&quot;10010&quot;,&quot;pincode&quot;:&quot;100010&quot;,&quot;userid&quot;:&quot;t125VIABatxIit0Gfdqy&quot;,&quot;id&quot;:&quot;hVnKke4bQyvWI7kSxfid&quot;},{&quot;accountno&quot;:&quot;TA-1000101&quot;,&quot;departmentno&quot;:&quot;100&quot;,&quot;salary&quot;:&quot;10010&quot;,&quot;pincode&quot;:&quot;100010&quot;,&quot;userid&quot;:&quot;t125VIABatxIit0Gfdqy&quot;,&quot;id&quot;:&quot;LTyVWLM2LrYnRQB1AjI2&quot;},{&quot;accountno&quot;:&quot;TA-1000101&quot;,&quot;departmentno&quot;:&quot;100&quot;,&quot;salary&quot;:&quot;10010&quot;,&quot;pincode&quot;:&quot;100010&quot;,&quot;userid&quot;:&quot;t125VIABatxIit0Gfdqy&quot;,&quot;id&quot;:&quot;Wgz9Txahwh8Wo4IymYC1&quot;},{&quot;accountno&quot;:&quot;TA-1000101&quot;,&quot;departmentno&quot;:&quot;100&quot;,&quot;salary&quot;:&quot;10010&quot;,&quot;pincode&quot;:&quot;100010&quot;,&quot;userid&quot;:&quot;t125VIABatxIit0Gfdqy&quot;,&quot;id&quot;:&quot;cjJnidlH9S33Xjfr1Ab3&quot;},{&quot;accountno&quot;:&quot;TA-1000101&quot;,&quot;departmentno&quot;:&quot;100&quot;,&quot;salary&quot;:&quot;10010&quot;,&quot;pincode&quot;:&quot;100010&quot;,&quot;userid&quot;:&quot;t125VIABatxIit0Gfdqy&quot;,&quot;id&quot;:&quot;XIBEiCVtUAr6VoZXrHvU&quot;},{&quot;accountno&quot;:&quot;TA-1000101&quot;,&quot;departmentno&quot;:&quot;100&quot;,&quot;salary&quot;:&quot;10010&quot;,&quot;pincode&quot;:&quot;100010&quot;,&quot;userid&quot;:&quot;t125VIABatxIit0Gfdqy&quot;,&quot;id&quot;:&quot;OWxQf3rGPnkTUSLdc9hA&quot;},{&quot;accountno&quot;:&quot;CC-1234569&quot;,&quot;departmentno&quot;:&quot;129&quot;,&quot;salary&quot;:&quot;12349&quot;,&quot;pincode&quot;:&quot;123459&quot;,&quot;userid&quot;:&quot;t125VIABatxIit0Gfdqy&quot;,&quot;id&quot;:&quot;6sde5OygmgqxKGzIkekR&quot;},{&quot;accountno&quot;:&quot;TA-1000101&quot;,&quot;departmentno&quot;:&quot;100&quot;,&quot;salary&quot;:&quot;10010&quot;,&quot;pincode&quot;:&quot;100010&quot;,&quot;userid&quot;:&quot;t125VIABatxIit0Gfdqy&quot;,&quot;id&quot;:&quot;mPowMZ2xUDdD9Vo1Nj3N&quot;},{&quot;accountno&quot;:&quot;TA-1000101&quot;,&quot;departmentno&quot;:&quot;100&quot;,&quot;salary&quot;:&quot;10010&quot;,&quot;pincode&quot;:&quot;100010&quot;,&quot;userid&quot;:&quot;t125VIABatxIit0Gfdqy&quot;,&quot;id&quot;:&quot;Pry7SvmzTR79OPQxNajS&quot;},{&quot;accountno&quot;:&quot;TA-1213142&quot;,&quot;departmentno&quot;:&quot;1&quot;,&quot;salary&quot;:&quot;1234&quot;,&quot;pincode&quot;:&quot;567898&quot;,&quot;userid&quot;:&quot;rIEisGdROAfc86JMYzu0&quot;,&quot;id&quot;:&quot;kBwFtiqJjXySxQz2QxtF&quot;},{&quot;accountno&quot;:&quot;TA-1213141&quot;,&quot;departmentno&quot;:&quot;1&quot;,&quot;salary&quot;:&quot;1234&quot;,&quot;pincode&quot;:&quot;567896&quot;,&quot;userid&quot;:&quot;rIEisGdROAfc86JMYzu0&quot;,&quot;id&quot;:&quot;Y9pFityyB3gggsKmajN7&quot;},{&quot;accountno&quot;:&quot;TA-1000101&quot;,&quot;departmentno&quot;:&quot;100&quot;,&quot;salary&quot;:&quot;10010&quot;,&quot;pincode&quot;:&quot;100010&quot;,&quot;userid&quot;:&quot;t125VIABatxIit0Gfdqy&quot;,&quot;id&quot;:&quot;avuXxN8jYlYHTpo9gxzh&quot;},{&quot;accountno&quot;:&quot;TA-1213141&quot;,&quot;departmentno&quot;:&quot;1&quot;,&quot;salary&quot;:&quot;1234&quot;,&quot;pincode&quot;:&quot;567896&quot;,&quot;userid&quot;:&quot;rIEisGdROAfc86JMYzu0&quot;,&quot;id&quot;:&quot;tlvbdUAEm3WFVQc3IFcN&quot;},{&quot;accountno&quot;:&quot;TA-1010101&quot;,&quot;departmentno&quot;:&quot;10&quot;,&quot;salary&quot;:&quot;1010&quot;,&quot;pincode&quot;:&quot;101010&quot;,&quot;userid&quot;:&quot;t125VIABatxIit0Gfdqy&quot;,&quot;id&quot;:&quot;xyslWJGABIYq5PxV5kY4&quot;},{&quot;accountno&quot;:&quot;TA-6666666&quot;,&quot;departmentno&quot;:&quot;7&quot;,&quot;salary&quot;:&quot;586321555&quot;,&quot;pincode&quot;:&quot;569874&quot;,&quot;userid&quot;:&quot;jKfZ3sofRyGNLOt12ZrV&quot;,&quot;id&quot;:&quot;f7U42ZF5VWIOngQSHF6j&quot;},{&quot;accountno&quot;:&quot;TA-6666666&quot;,&quot;departmentno&quot;:6,&quot;salary&quot;:66666666,&quot;pincode&quot;:666666,&quot;userid&quot;:&quot;jKfZ3sofRyGNLOt12ZrV&quot;,&quot;id&quot;:&quot;wYIVGyLFryrgD87hiL6r&quot;},{&quot;accountno&quot;:&quot;TA-9222225&quot;,&quot;departmentno&quot;:&quot;12&quot;,&quot;salary&quot;:&quot;5000&quot;,&quot;pincode&quot;:&quot;950871&quot;,&quot;userid&quot;:&quot;qzhBdM4Fa81tzldMkVwk&quot;,&quot;id&quot;:&quot;OEs1dSIzoClFmdQxCWxV&quot;},{&quot;accountno&quot;:&quot;TA-9222224&quot;,&quot;departmentno&quot;:&quot;12&quot;,&quot;salary&quot;:&quot;8000&quot;,&quot;pincode&quot;:&quot;950871&quot;,&quot;userid&quot;:&quot;qzhBdM4Fa81tzldMkVwk&quot;,&quot;id&quot;:&quot;BbmKwrZzvotO3ZbuKamo&quot;},{&quot;accountno&quot;:&quot;TA-9222223&quot;,&quot;departmentno&quot;:&quot;12&quot;,&quot;salary&quot;:&quot;7000&quot;,&quot;pincode&quot;:&quot;950871&quot;,&quot;userid&quot;:&quot;qzhBdM4Fa81tzldMkVwk&quot;,&quot;id&quot;:&quot;M0gYrqLOuWSfZvgqMzAa&quot;},{&quot;accountno&quot;:&quot;TA-9222222&quot;,&quot;departmentno&quot;:&quot;12&quot;,&quot;salary&quot;:&quot;8899&quot;,&quot;pincode&quot;:&quot;950871&quot;,&quot;userid&quot;:&quot;qzhBdM4Fa81tzldMkVwk&quot;,&quot;id&quot;:&quot;vMKRoQ5xgkziF96IBxIf&quot;},{&quot;accountno&quot;:&quot;TA-9222225&quot;,&quot;departmentno&quot;:&quot;12&quot;,&quot;salary&quot;:&quot;5000&quot;,&quot;pincode&quot;:&quot;950871&quot;,&quot;userid&quot;:&quot;qzhBdM4Fa81tzldMkVwk&quot;,&quot;id&quot;:&quot;NpjADrBsNvIQ0XclWkS2&quot;},{&quot;accountno&quot;:&quot;TA-9222224&quot;,&quot;departmentno&quot;:&quot;12&quot;,&quot;salary&quot;:&quot;8000&quot;,&quot;pincode&quot;:&quot;950871&quot;,&quot;userid&quot;:&quot;qzhBdM4Fa81tzldMkVwk&quot;,&quot;id&quot;:&quot;7ao8fGz55OdrUHKILW2x&quot;},{&quot;accountno&quot;:&quot;TA-9222223&quot;,&quot;departmentno&quot;:&quot;12&quot;,&quot;salary&quot;:&quot;7000&quot;,&quot;pincode&quot;:&quot;950871&quot;,&quot;userid&quot;:&quot;qzhBdM4Fa81tzldMkVwk&quot;,&quot;id&quot;:&quot;w3A5XFqDzyWZokHiWF2b&quot;},{&quot;accountno&quot;:&quot;TA-9222222&quot;,&quot;departmentno&quot;:&quot;12&quot;,&quot;salary&quot;:&quot;8899&quot;,&quot;pincode&quot;:&quot;950871&quot;,&quot;userid&quot;:&quot;qzhBdM4Fa81tzldMkVwk&quot;,&quot;id&quot;:&quot;ggd7RfYU08j1CvhRZIGE&quot;},{&quot;accountno&quot;:&quot;TA-9222225&quot;,&quot;departmentno&quot;:&quot;12&quot;,&quot;salary&quot;:&quot;5000&quot;,&quot;pincode&quot;:&quot;950871&quot;,&quot;userid&quot;:&quot;qzhBdM4Fa81tzldMkVwk&quot;,&quot;id&quot;:&quot;85kNBlxSOAEAaaiDDl6r&quot;},{&quot;accountno&quot;:&quot;TA-9222224&quot;,&quot;departmentno&quot;:&quot;12&quot;,&quot;salary&quot;:&quot;8000&quot;,&quot;pincode&quot;:&quot;950871&quot;,&quot;userid&quot;:&quot;qzhBdM4Fa81tzldMkVwk&quot;,&quot;id&quot;:&quot;f3GFwOcMnPp5I17OJs4x&quot;},{&quot;accountno&quot;:&quot;TA-9222223&quot;,&quot;departmentno&quot;:&quot;12&quot;,&quot;salary&quot;:&quot;7000&quot;,&quot;pincode&quot;:&quot;950871&quot;,&quot;userid&quot;:&quot;qzhBdM4Fa81tzldMkVwk&quot;,&quot;id&quot;:&quot;JnoZvDJ2Rmcxx62QuAkW&quot;},{&quot;accountno&quot;:&quot;TA-9222222&quot;,&quot;departmentno&quot;:&quot;12&quot;,&quot;salary&quot;:&quot;8899&quot;,&quot;pincode&quot;:&quot;950871&quot;,&quot;userid&quot;:&quot;qzhBdM4Fa81tzldMkVwk&quot;,&quot;id&quot;:&quot;eXxjRKuItC3rd1WaHW1P&quot;},{&quot;accountno&quot;:&quot;TA-9222225&quot;,&quot;departmentno&quot;:&quot;12&quot;,&quot;salary&quot;:&quot;5000&quot;,&quot;pincode&quot;:&quot;950871&quot;,&quot;userid&quot;:&quot;qzhBdM4Fa81tzldMkVwk&quot;,&quot;id&quot;:&quot;WEHf6mFmlxFfxrNZ685t&quot;},{&quot;accountno&quot;:&quot;TA-9222224&quot;,&quot;departmentno&quot;:&quot;12&quot;,&quot;salary&quot;:&quot;8000&quot;,&quot;pincode&quot;:&quot;950871&quot;,&quot;userid&quot;:&quot;qzhBdM4Fa81tzldMkVwk&quot;,&quot;id&quot;:&quot;UnoQZDdPIITpUhj48gUx&quot;},{&quot;accountno&quot;:&quot;TA-9222223&quot;,&quot;departmentno&quot;:&quot;12&quot;,&quot;salary&quot;:&quot;7000&quot;,&quot;pincode&quot;:&quot;950871&quot;,&quot;userid&quot;:&quot;qzhBdM4Fa81tzldMkVwk&quot;,&quot;id&quot;:&quot;Y4hSDHpGCXMySmfrHA1t&quot;},{&quot;accountno&quot;:&quot;TA-9222222&quot;,&quot;departmentno&quot;:&quot;12&quot;,&quot;salary&quot;:&quot;8899&quot;,&quot;pincode&quot;:&quot;950871&quot;,&quot;userid&quot;:&quot;qzhBdM4Fa81tzldMkVwk&quot;,&quot;id&quot;:&quot;SLRf6sLg42NWiNObsY7u&quot;},{&quot;accountno&quot;:&quot;TA-9222222&quot;,&quot;departmentno&quot;:&quot;1&quot;,&quot;salary&quot;:&quot;88999&quot;,&quot;pincode&quot;:&quot;950871&quot;,&quot;userid&quot;:&quot;qzhBdM4Fa81tzldMkVwk&quot;,&quot;id&quot;:&quot;icmXOjsqHp2yePYL54jW&quot;},{&quot;accountno&quot;:&quot;GE-6788333&quot;,&quot;departmentno&quot;:&quot;6&quot;,&quot;salary&quot;:&quot;34542&quot;,&quot;pincode&quot;:&quot;557173&quot;,&quot;userid&quot;:&quot;txyvZ2JBdVLa10kxS284&quot;,&quot;id&quot;:&quot;URJwh7os1NIGyL8GwsrP&quot;},{&quot;accountno&quot;:&quot;GE-6788333&quot;,&quot;departmentno&quot;:&quot;6&quot;,&quot;salary&quot;:&quot;34542&quot;,&quot;pincode&quot;:&quot;557173&quot;,&quot;userid&quot;:&quot;txyvZ2JBdVLa10kxS284&quot;,&quot;id&quot;:&quot;AV2Ota1fUn2ZdykxYG56&quot;},{&quot;accountno&quot;:&quot;GE-6788333&quot;,&quot;departmentno&quot;:&quot;6&quot;,&quot;salary&quot;:&quot;34542&quot;,&quot;pincode&quot;:&quot;557173&quot;,&quot;userid&quot;:&quot;txyvZ2JBdVLa10kxS284&quot;,&quot;id&quot;:&quot;UDp4hX2qT2Lr0EXIkoDy&quot;},{&quot;accountno&quot;:&quot;GE-6788333&quot;,&quot;departmentno&quot;:&quot;6&quot;,&quot;salary&quot;:&quot;34542&quot;,&quot;pincode&quot;:&quot;557173&quot;,&quot;userid&quot;:&quot;txyvZ2JBdVLa10kxS284&quot;,&quot;id&quot;:&quot;qfbeFLRZAfzAOiEk8RXK&quot;},{&quot;accountno&quot;:&quot;GE-6788333&quot;,&quot;departmentno&quot;:&quot;6&quot;,&quot;salary&quot;:&quot;34542&quot;,&quot;pincode&quot;:&quot;557173&quot;,&quot;userid&quot;:&quot;txyvZ2JBdVLa10kxS284&quot;,&quot;id&quot;:&quot;kVkHgLGtTF3dcw9HbplL&quot;},{&quot;accountno&quot;:&quot;GE-6788333&quot;,&quot;departmentno&quot;:&quot;6&quot;,&quot;salary&quot;:&quot;34542&quot;,&quot;pincode&quot;:&quot;557173&quot;,&quot;userid&quot;:&quot;txyvZ2JBdVLa10kxS284&quot;,&quot;id&quot;:&quot;bRPws8D94GJzExwWDtoP&quot;},{&quot;accountno&quot;:&quot;TA-3333333&quot;,&quot;departmentno&quot;:&quot;4&quot;,&quot;salary&quot;:&quot;4455667&quot;,&quot;pincode&quot;:&quot;133455&quot;,&quot;userid&quot;:&quot;guBi6TJEpjX0lHJ9UqCj&quot;,&quot;id&quot;:&quot;XpVQtmIRBlzMjp6kBwwz&quot;},{&quot;accountno&quot;:&quot;TA-2222222&quot;,&quot;departmentno&quot;:&quot;2&quot;,&quot;salary&quot;:&quot;233455&quot;,&quot;pincode&quot;:&quot;567890&quot;,&quot;userid&quot;:&quot;guBi6TJEpjX0lHJ9UqCj&quot;,&quot;id&quot;:&quot;8jBuvm5Lf6xav9Nev6G5&quot;},{&quot;accountno&quot;:&quot;TA-2008012&quot;,&quot;departmentno&quot;:&quot;9&quot;,&quot;salary&quot;:&quot;2008012&quot;,&quot;pincode&quot;:&quot;200812&quot;,&quot;userid&quot;:&quot;pGNvLTNh7ajipS3IUPDT&quot;,&quot;id&quot;:&quot;4Jv5ZhuJGnhJUelMcTwC&quot;},{&quot;accountno&quot;:&quot;TA-2008012&quot;,&quot;departmentno&quot;:&quot;9&quot;,&quot;salary&quot;:&quot;2008012&quot;,&quot;pincode&quot;:&quot;200812&quot;,&quot;userid&quot;:&quot;pGNvLTNh7ajipS3IUPDT&quot;,&quot;id&quot;:&quot;yX8vTmW53uBqSMigfyB9&quot;},{&quot;accountno&quot;:&quot;TA-2008012&quot;,&quot;departmentno&quot;:&quot;9&quot;,&quot;salary&quot;:&quot;2008012&quot;,&quot;pincode&quot;:&quot;200812&quot;,&quot;userid&quot;:&quot;pGNvLTNh7ajipS3IUPDT&quot;,&quot;id&quot;:&quot;MthE8m0ZhRkgByLfmAkp&quot;},{&quot;accountno&quot;:&quot;TA-2008012&quot;,&quot;departmentno&quot;:&quot;9&quot;,&quot;salary&quot;:&quot;2008012&quot;,&quot;pincode&quot;:&quot;200812&quot;,&quot;userid&quot;:&quot;pGNvLTNh7ajipS3IUPDT&quot;,&quot;id&quot;:&quot;eTWFX7vnEN678TNl9J58&quot;},{&quot;accountno&quot;:&quot;TA-su13245&quot;,&quot;departmentno&quot;:9,&quot;salary&quot;:4000,&quot;pincode&quot;:700228,&quot;userid&quot;:&quot;iIQCsQ8hyJLxOhmuGK9t&quot;,&quot;id&quot;:&quot;syvcTa1NxkcLlYwe2UnL&quot;},{&quot;accountno&quot;:&quot;TA-2008012&quot;,&quot;departmentno&quot;:&quot;9&quot;,&quot;salary&quot;:&quot;2008012&quot;,&quot;pincode&quot;:&quot;200812&quot;,&quot;userid&quot;:&quot;pGNvLTNh7ajipS3IUPDT&quot;,&quot;id&quot;:&quot;N8NcjFARZXeBwbZLHYr9&quot;},{&quot;accountno&quot;:&quot;TA-5673333&quot;,&quot;departmentno&quot;:&quot;1&quot;,&quot;salary&quot;:&quot;1234&quot;,&quot;pincode&quot;:&quot;999999&quot;,&quot;userid&quot;:&quot;iIQCsQ8hyJLxOhmuGK9t&quot;,&quot;id&quot;:&quot;8mqlIZvKT9c895nNnA79&quot;},{&quot;accountno&quot;:&quot;HS-1234544&quot;,&quot;departmentno&quot;:&quot;2&quot;,&quot;salary&quot;:&quot;123456&quot;,&quot;pincode&quot;:&quot;515001&quot;,&quot;userid&quot;:&quot;hnX1SdQ0Xo7c6zYPAech&quot;,&quot;id&quot;:&quot;fONCTQvOHlBbm2WXDAZ4&quot;},{&quot;accountno&quot;:&quot;TA-su12345&quot;,&quot;departmentno&quot;:&quot;8&quot;,&quot;salary&quot;:&quot;4000&quot;,&quot;pincode&quot;:&quot;700116&quot;,&quot;userid&quot;:&quot;iIQCsQ8hyJLxOhmuGK9t&quot;,&quot;id&quot;:&quot;5CR156Tb6rsTk6b6alxY&quot;},{&quot;accountno&quot;:&quot;TA-5673333&quot;,&quot;departmentno&quot;:&quot;1&quot;,&quot;salary&quot;:&quot;1234&quot;,&quot;pincode&quot;:&quot;999999&quot;,&quot;userid&quot;:&quot;iIQCsQ8hyJLxOhmuGK9t&quot;,&quot;id&quot;:&quot;1e4ouM5CtcyulZNzeSaL&quot;},{&quot;accountno&quot;:&quot;HS-1234566&quot;,&quot;departmentno&quot;:&quot;2&quot;,&quot;salary&quot;:&quot;123456&quot;,&quot;pincode&quot;:&quot;515001&quot;,&quot;userid&quot;:&quot;hnX1SdQ0Xo7c6zYPAech&quot;,&quot;id&quot;:&quot;1we2FJ24K4Uu8t0NHYty&quot;},{&quot;accountno&quot;:&quot;HS-1234567&quot;,&quot;departmentno&quot;:&quot;1&quot;,&quot;salary&quot;:&quot;1234&quot;,&quot;pincode&quot;:&quot;515002&quot;,&quot;userid&quot;:&quot;euVsPJTpdWU22wswfY6c&quot;,&quot;id&quot;:&quot;w57sqX8M6TzmCnnslFd7&quot;},{&quot;accountno&quot;:&quot;TA-2008012&quot;,&quot;departmentno&quot;:&quot;9&quot;,&quot;salary&quot;:&quot;2008012&quot;,&quot;pincode&quot;:&quot;200812&quot;,&quot;userid&quot;:&quot;pGNvLTNh7ajipS3IUPDT&quot;,&quot;id&quot;:&quot;WNUYLHI6zWVXBpe6pZHz&quot;},{&quot;accountno&quot;:&quot;TA-8888888&quot;,&quot;departmentno&quot;:&quot;8&quot;,&quot;salary&quot;:&quot;80000000&quot;,&quot;pincode&quot;:&quot;800000&quot;,&quot;userid&quot;:&quot;jKfZ3sofRyGNLOt12ZrV&quot;,&quot;id&quot;:&quot;rFNfwX2hqkeg0Z465cRj&quot;},{&quot;accountno&quot;:&quot;TA-8888888&quot;,&quot;departmentno&quot;:&quot;8&quot;,&quot;salary&quot;:&quot;80000000&quot;,&quot;pincode&quot;:&quot;800000&quot;,&quot;userid&quot;:&quot;jKfZ3sofRyGNLOt12ZrV&quot;,&quot;id&quot;:&quot;z4qM8ofYKEB1Syj7TPGf&quot;},{&quot;accountno&quot;:&quot;RR-6666666&quot;,&quot;departmentno&quot;:&quot;6&quot;,&quot;salary&quot;:&quot;666&quot;,&quot;pincode&quot;:&quot;666666&quot;,&quot;userid&quot;:&quot;gwcn6RK4r9LUWalrshHM&quot;,&quot;id&quot;:&quot;MguueFhnbxJNJhqyvy6p&quot;},{&quot;accountno&quot;:&quot;TA-bl54321&quot;,&quot;departmentno&quot;:&quot;2&quot;,&quot;salary&quot;:&quot;54321&quot;,&quot;pincode&quot;:&quot;222111&quot;,&quot;userid&quot;:&quot;wvTE1ZsqbgfOMtiFejpq&quot;,&quot;id&quot;:&quot;PIs9RrkLEnHORn7h2CRw&quot;},{&quot;accountno&quot;:&quot;TA-bl54321&quot;,&quot;departmentno&quot;:&quot;2&quot;,&quot;salary&quot;:&quot;54321&quot;,&quot;pincode&quot;:&quot;222111&quot;,&quot;userid&quot;:&quot;wvTE1ZsqbgfOMtiFejpq&quot;,&quot;id&quot;:&quot;54p85rVqwJaMDfRVFjQP&quot;},{&quot;accountno&quot;:&quot;TA-112211&quot;,&quot;departmentno&quot;:1,&quot;salary&quot;:11111,&quot;pincode&quot;:11002233,&quot;userid&quot;:&quot;jB5M5JA4fhyBV7IKmOvl&quot;,&quot;id&quot;:&quot;Pz8PkFASKHvtqwpYlNPQ&quot;},{&quot;accountno&quot;:&quot;TA-112211&quot;,&quot;departmentno&quot;:&quot;1&quot;,&quot;salary&quot;:&quot;11111&quot;,&quot;pincode&quot;:&quot;111111&quot;,&quot;userid&quot;:&quot;jB5M5JA4fhyBV7IKmOvl&quot;,&quot;id&quot;:&quot;8R5NT10ab3UAeUM7uUvw&quot;},{&quot;accountno&quot;:&quot;TA-1111111&quot;,&quot;departmentno&quot;:&quot;1&quot;,&quot;salary&quot;:&quot;11111&quot;,&quot;pincode&quot;:&quot;111111&quot;,&quot;userid&quot;:&quot;jB5M5JA4fhyBV7IKmOvl&quot;,&quot;id&quot;:&quot;ovd8yXOQ8tmEYR6FBi7H&quot;},{&quot;accountno&quot;:&quot;AA12345664&quot;,&quot;departmentno&quot;:&quot;3&quot;,&quot;salary&quot;:&quot;2312312312&quot;,&quot;pincode&quot;:&quot;343343&quot;,&quot;userid&quot;:&quot;sfQOqOMagd0FaUSioidz&quot;,&quot;id&quot;:&quot;5Yr8L9suejGPJQ6Dhnry&quot;},{&quot;accountno&quot;:&quot;TA-vaa4568&quot;,&quot;departmentno&quot;:&quot;8&quot;,&quot;salary&quot;:&quot;12310&quot;,&quot;pincode&quot;:&quot;954011&quot;,&quot;userid&quot;:&quot;u7nq0GWiLeCacS4KOFe3&quot;,&quot;id&quot;:&quot;9ezPOgGpfK5TLHerG5Q3&quot;},{&quot;accountno&quot;:&quot;TA-4444477&quot;,&quot;departmentno&quot;:&quot;4&quot;,&quot;salary&quot;:&quot;44444&quot;,&quot;pincode&quot;:&quot;454544&quot;,&quot;userid&quot;:&quot;rSahIiSrRaWU7MNj1icW&quot;,&quot;id&quot;:&quot;hP4LEA8piPl1EYUAZOce&quot;},{&quot;accountno&quot;:&quot;TA-4444444&quot;,&quot;departmentno&quot;:&quot;4&quot;,&quot;salary&quot;:&quot;44444&quot;,&quot;pincode&quot;:&quot;454544&quot;,&quot;userid&quot;:&quot;rSahIiSrRaWU7MNj1icW&quot;,&quot;id&quot;:&quot;RFW2P2KuLz02Gjf8jSEg&quot;},{&quot;accountno&quot;:&quot;TA-4444444&quot;,&quot;departmentno&quot;:&quot;4&quot;,&quot;salary&quot;:&quot;44444&quot;,&quot;pincode&quot;:&quot;454545&quot;,&quot;userid&quot;:&quot;rSahIiSrRaWU7MNj1icW&quot;,&quot;id&quot;:&quot;GWFmllUYusUzznHzCYA8&quot;},{&quot;accountno&quot;:&quot;AAR -12345&quot;,&quot;departmentno&quot;:&quot;2&quot;,&quot;salary&quot;:&quot;50000&quot;,&quot;pincode&quot;:&quot;300024&quot;,&quot;userid&quot;:&quot;sfQOqOMagd0FaUSioidz&quot;,&quot;id&quot;:&quot;2eS2fxkq5tky0iQ5HAUm&quot;},{&quot;accountno&quot;:&quot;TA-4444444&quot;,&quot;departmentno&quot;:&quot;4&quot;,&quot;salary&quot;:&quot;44444&quot;,&quot;pincode&quot;:&quot;454545&quot;,&quot;userid&quot;:&quot;rSahIiSrRaWU7MNj1icW&quot;,&quot;id&quot;:&quot;fYJwroOCR9N7zM5AwO2Y&quot;},{&quot;accountno&quot;:&quot;AAR -12345&quot;,&quot;departmentno&quot;:&quot;2&quot;,&quot;salary&quot;:&quot;50000&quot;,&quot;pincode&quot;:&quot;300024&quot;,&quot;userid&quot;:&quot;sfQOqOMagd0FaUSioidz&quot;,&quot;id&quot;:&quot;RGcLZQBRE4Sv8RIgEp36&quot;},{&quot;accountno&quot;:&quot;GE-6788333&quot;,&quot;departmentno&quot;:&quot;6&quot;,&quot;salary&quot;:&quot;34542&quot;,&quot;pincode&quot;:&quot;557173&quot;,&quot;userid&quot;:&quot;txyvZ2JBdVLa10kxS284&quot;,&quot;id&quot;:&quot;eGosDqOzVgHkqkCLaAN9&quot;},{&quot;accountno&quot;:&quot;shw-9999999&quot;,&quot;departmentno&quot;:&quot;2&quot;,&quot;salary&quot;:&quot;11111&quot;,&quot;pincode&quot;:&quot;111111&quot;,&quot;userid&quot;:&quot;hlI8xRxaKMwpontOHVoR&quot;,&quot;id&quot;:&quot;7z1cpgh1mZVXkiINhA5Y&quot;},{&quot;accountno&quot;:&quot;TA-00001111&quot;,&quot;departmentno&quot;:&quot;1&quot;,&quot;salary&quot;:&quot;1000&quot;,&quot;pincode&quot;:&quot;137137&quot;,&quot;userid&quot;:&quot;ziBRfLEfNtH2MHyH3MhK&quot;,&quot;id&quot;:&quot;9db0Yv1NXWxDNsoTw1Tf&quot;},{&quot;accountno&quot;:&quot;TA-999&quot;,&quot;departmentno&quot;:&quot;4&quot;,&quot;salary&quot;:&quot;11111&quot;,&quot;pincode&quot;:&quot;9511344&quot;,&quot;userid&quot;:&quot;PmSgJPYWxk9rbvH0WOO8&quot;,&quot;id&quot;:&quot;9Y8wH3AqS6OzsBHEoI8p&quot;},{&quot;accountno&quot;:&quot;Rrr12345&quot;,&quot;departmentno&quot;:9,&quot;salary&quot;:9999990,&quot;pincode&quot;:999990,&quot;userid&quot;:&quot;rSahIiSrRaWU7MNj1icW&quot;,&quot;id&quot;:&quot;QWWgn5JWfTHXNrCJEheo&quot;},{&quot;accountno&quot;:&quot;TA-9999999&quot;,&quot;departmentno&quot;:&quot;9&quot;,&quot;salary&quot;:&quot;9999999&quot;,&quot;pincode&quot;:&quot;999999&quot;,&quot;userid&quot;:&quot;rSahIiSrRaWU7MNj1icW&quot;,&quot;id&quot;:&quot;oWAb1yWWMq6Gi7MmjIhZ&quot;},{&quot;accountno&quot;:&quot;TA-6565656&quot;,&quot;departmentno&quot;:&quot;1&quot;,&quot;salary&quot;:&quot;6565&quot;,&quot;pincode&quot;:&quot;656565&quot;,&quot;userid&quot;:&quot;jB5M5JA4fhyBV7IKmOvl&quot;,&quot;id&quot;:&quot;pwRJhtEh3AoEuAT5OuIY&quot;},{&quot;accountno&quot;:&quot;TA-9999999&quot;,&quot;departmentno&quot;:&quot;2&quot;,&quot;salary&quot;:&quot;11111&quot;,&quot;pincode&quot;:&quot;111111&quot;,&quot;userid&quot;:&quot;hlI8xRxaKMwpontOHVoR&quot;,&quot;id&quot;:&quot;YsJ15xiagO7NWC48GkEB&quot;},{&quot;accountno&quot;:&quot;TA-5672334&quot;,&quot;departmentno&quot;:&quot;1&quot;,&quot;salary&quot;:&quot;11341&quot;,&quot;pincode&quot;:&quot;999899&quot;,&quot;userid&quot;:&quot;taGX4XQQfXD3Z76sI1Xn&quot;,&quot;id&quot;:&quot;pxSZgoJSrYgnRQz7GsCj&quot;},{&quot;accountno&quot;:&quot;TA-1122341&quot;,&quot;departmentno&quot;:2,&quot;salary&quot;:200000,&quot;pincode&quot;:770702,&quot;userid&quot;:&quot;qsAvy2acR3CH9AtEoVXA&quot;,&quot;id&quot;:&quot;X6WZZB4BshmME9NBhyoI&quot;},{&quot;accountno&quot;:&quot;TA-4040404&quot;,&quot;departmentno&quot;:&quot;4&quot;,&quot;salary&quot;:&quot;4&quot;,&quot;pincode&quot;:&quot;444444&quot;,&quot;userid&quot;:&quot;rGjPCz7q7Yv75qaHGWfi&quot;,&quot;id&quot;:&quot;8fJurOySpm9BlhkwIzSI&quot;},{&quot;accountno&quot;:&quot;TA-5432167&quot;,&quot;departmentno&quot;:2,&quot;salary&quot;:20000,&quot;pincode&quot;:300245,&quot;userid&quot;:&quot;sfQOqOMagd0FaUSioidz&quot;,&quot;id&quot;:&quot;alaWfnhc6cvaq1lzq1xf&quot;},{&quot;accountno&quot;:&quot;TA-1123341&quot;,&quot;departmentno&quot;:&quot;1&quot;,&quot;salary&quot;:&quot;100000&quot;,&quot;pincode&quot;:&quot;770702&quot;,&quot;userid&quot;:&quot;qsAvy2acR3CH9AtEoVXA&quot;,&quot;id&quot;:&quot;14ecOzKli2YMfTpRkgis&quot;},{&quot;accountno&quot;:&quot;TA-1235333&quot;,&quot;departmentno&quot;:&quot;1&quot;,&quot;salary&quot;:&quot;9000000&quot;,&quot;pincode&quot;:&quot;770403&quot;,&quot;userid&quot;:&quot;qsAvy2acR3CH9AtEoVXA&quot;,&quot;id&quot;:&quot;mkCRZgL7CNu4Rwequn8s&quot;},{&quot;accountno&quot;:&quot;TA-api8888&quot;,&quot;departmentno&quot;:&quot;9&quot;,&quot;salary&quot;:&quot;9999999&quot;,&quot;pincode&quot;:&quot;999999&quot;,&quot;userid&quot;:&quot;lXyAJlAAgskIPAyGhkhd&quot;,&quot;id&quot;:&quot;6uIjchzL3j78SQzycMTg&quot;},{&quot;accountno&quot;:&quot;TA-4040404&quot;,&quot;departmentno&quot;:&quot;4&quot;,&quot;salary&quot;:&quot;4&quot;,&quot;pincode&quot;:&quot;444444&quot;,&quot;userid&quot;:&quot;rGjPCz7q7Yv75qaHGWfi&quot;,&quot;id&quot;:&quot;YwEzzJgPEAnkLT21EodQ&quot;},{&quot;accountno&quot;:&quot;TA-6789345&quot;,&quot;departmentno&quot;:&quot;2&quot;,&quot;salary&quot;:&quot;1678654&quot;,&quot;pincode&quot;:&quot;701234&quot;,&quot;userid&quot;:&quot;jKfZ3sofRyGNLOt12ZrV&quot;,&quot;id&quot;:&quot;BmoZCMcwq1EI4AbM1BiR&quot;},{&quot;accountno&quot;:&quot;TA-4040404&quot;,&quot;departmentno&quot;:&quot;4&quot;,&quot;salary&quot;:&quot;4&quot;,&quot;pincode&quot;:&quot;444444&quot;,&quot;userid&quot;:&quot;rGjPCz7q7Yv75qaHGWfi&quot;,&quot;id&quot;:&quot;x0arS6xTiW6a1Xm913XP&quot;},{&quot;accountno&quot;:&quot;TA-3333333&quot;,&quot;departmentno&quot;:&quot;1&quot;,&quot;salary&quot;:&quot;700000&quot;,&quot;pincode&quot;:&quot;232312&quot;,&quot;userid&quot;:&quot;wvTE1ZsqbgfOMtiFejpq&quot;,&quot;id&quot;:&quot;oNcdiIuoE6aj4BEQsj1a&quot;},{&quot;accountno&quot;:&quot;TA-6789345&quot;,&quot;departmentno&quot;:&quot;2&quot;,&quot;salary&quot;:&quot;1678654&quot;,&quot;pincode&quot;:&quot;701234&quot;,&quot;userid&quot;:&quot;jKfZ3sofRyGNLOt12ZrV&quot;,&quot;id&quot;:&quot;N4YMl3t72j8Vk8YFkYYi&quot;},{&quot;accountno&quot;:&quot;TA-3333321&quot;,&quot;departmentno&quot;:&quot;1&quot;,&quot;salary&quot;:&quot;7023000&quot;,&quot;pincode&quot;:&quot;232311&quot;,&quot;userid&quot;:&quot;wvTE1ZsqbgfOMtiFejpq&quot;,&quot;id&quot;:&quot;cLMNc6VbsUbuR0t7nYlQ&quot;},{&quot;accountno&quot;:&quot;TA-333332&quot;,&quot;departmentno&quot;:&quot;2&quot;,&quot;salary&quot;:&quot;702000&quot;,&quot;pincode&quot;:&quot;232112&quot;,&quot;userid&quot;:&quot;wvTE1ZsqbgfOMtiFejpq&quot;,&quot;id&quot;:&quot;uIGR9ioFIURfy6SD4htS&quot;},{&quot;accountno&quot;:&quot;TA-2035684&quot;,&quot;departmentno&quot;:&quot;4&quot;,&quot;salary&quot;:&quot;3333333&quot;,&quot;pincode&quot;:&quot;500000&quot;,&quot;userid&quot;:&quot;rSahIiSrRaWU7MNj1icW&quot;,&quot;id&quot;:&quot;8Fk8o7USfTWQa2rkpk0V&quot;},{&quot;accountno&quot;:&quot;TA-3333333&quot;,&quot;departmentno&quot;:&quot;1&quot;,&quot;salary&quot;:&quot;700000&quot;,&quot;pincode&quot;:&quot;232312&quot;,&quot;userid&quot;:&quot;wvTE1ZsqbgfOMtiFejpq&quot;,&quot;id&quot;:&quot;DdbCCYcyyyz1QAxGOfNE&quot;},{&quot;accountno&quot;:&quot;TA-1122344&quot;,&quot;departmentno&quot;:&quot;2&quot;,&quot;salary&quot;:&quot;222222&quot;,&quot;pincode&quot;:&quot;068111&quot;,&quot;userid&quot;:&quot;rSahIiSrRaWU7MNj1icW&quot;,&quot;id&quot;:&quot;zfPRmtD8uPMRg0qXk0to&quot;},{&quot;accountno&quot;:&quot;TA-1122333&quot;,&quot;departmentno&quot;:22,&quot;salary&quot;:222222,&quot;pincode&quot;:68111,&quot;userid&quot;:&quot;rSahIiSrRaWU7MNj1icW&quot;,&quot;id&quot;:&quot;nbY568qug6MQmHHYjtDL&quot;},{&quot;accountno&quot;:&quot;TA-1122333&quot;,&quot;departmentno&quot;:&quot;2&quot;,&quot;salary&quot;:&quot;222222&quot;,&quot;pincode&quot;:&quot;068111&quot;,&quot;userid&quot;:&quot;rSahIiSrRaWU7MNj1icW&quot;,&quot;id&quot;:&quot;RerYrGQQT5Yw3bqMZJMQ&quot;},{&quot;accountno&quot;:&quot;TA-3333333&quot;,&quot;departmentno&quot;:&quot;1&quot;,&quot;salary&quot;:&quot;700000&quot;,&quot;pincode&quot;:&quot;232312&quot;,&quot;userid&quot;:&quot;wvTE1ZsqbgfOMtiFejpq&quot;,&quot;id&quot;:&quot;sfCfWiWs9rTZslOkndU6&quot;},{&quot;accountno&quot;:&quot;TA-2002121&quot;,&quot;departmentno&quot;:2,&quot;salary&quot;:800000,&quot;pincode&quot;:736511,&quot;userid&quot;:&quot;wvTE1ZsqbgfOMtiFejpq&quot;,&quot;id&quot;:&quot;XOcJzlueUkhzyMs0RCCY&quot;},{&quot;accountno&quot;:&quot;TA-2344321&quot;,&quot;departmentno&quot;:&quot;1&quot;,&quot;salary&quot;:&quot;60056&quot;,&quot;pincode&quot;:&quot;736523&quot;,&quot;userid&quot;:&quot;wvTE1ZsqbgfOMtiFejpq&quot;,&quot;id&quot;:&quot;hFbI2m6ZYyar6Zo3IVF3&quot;},{&quot;accountno&quot;:&quot;TA-2345123&quot;,&quot;departmentno&quot;:&quot;1&quot;,&quot;salary&quot;:&quot;60000&quot;,&quot;pincode&quot;:&quot;736552&quot;,&quot;userid&quot;:&quot;wvTE1ZsqbgfOMtiFejpq&quot;,&quot;id&quot;:&quot;5gykkcrlLRDfyJ0Plffa&quot;},{&quot;accountno&quot;:&quot;TA-2345124&quot;,&quot;departmentno&quot;:&quot;1&quot;,&quot;salary&quot;:&quot;6494&quot;,&quot;pincode&quot;:&quot;736555&quot;,&quot;userid&quot;:&quot;wvTE1ZsqbgfOMtiFejpq&quot;,&quot;id&quot;:&quot;DfcfhPnv7dCviUggrvm5&quot;},{&quot;accountno&quot;:&quot;TA-2345124&quot;,&quot;departmentno&quot;:1,&quot;salary&quot;:6494,&quot;pincode&quot;:736655,&quot;userid&quot;:&quot;XPSq6kASgDb3dWC1bfNo&quot;,&quot;id&quot;:&quot;Kf6vEXLb0uhGnZA0UCgJ&quot;},{&quot;accountno&quot;:&quot;TA-2345124&quot;,&quot;departmentno&quot;:1,&quot;salary&quot;:6494,&quot;pincode&quot;:736655,&quot;userid&quot;:&quot;XPSq6kASgDb3dWC1bfNo&quot;,&quot;id&quot;:&quot;Y50qiOyc89G0lmjAlBo9&quot;},{&quot;accountno&quot;:&quot;TA-2345123&quot;,&quot;departmentno&quot;:3,&quot;salary&quot;:6578,&quot;pincode&quot;:786655,&quot;userid&quot;:&quot;XPSq6kASgDb3dWC1bfNo&quot;,&quot;id&quot;:&quot;EyA0VgwPrgN8TWff5Z5S&quot;},{&quot;accountno&quot;:&quot;TA-50505050&quot;,&quot;departmentno&quot;:5,&quot;salary&quot;:5000,&quot;pincode&quot;:137137,&quot;userid&quot;:&quot;8Z9CZ8L5lvQiuyxEbokN&quot;,&quot;id&quot;:&quot;p1NRGGHUzNd6z6SUbaPY&quot;},{&quot;accountno&quot;:&quot;TA-2008012&quot;,&quot;departmentno&quot;:&quot;9&quot;,&quot;salary&quot;:&quot;2008012&quot;,&quot;pincode&quot;:&quot;200812&quot;,&quot;userid&quot;:&quot;pGNvLTNh7ajipS3IUPDT&quot;,&quot;id&quot;:&quot;SU27vQG7tAR1ZFqsu8gZ&quot;},{&quot;accountno&quot;:&quot;TA-0000000&quot;,&quot;departmentno&quot;:&quot;0&quot;,&quot;salary&quot;:&quot;000000&quot;,&quot;pincode&quot;:&quot;000000&quot;,&quot;userid&quot;:&quot;pGNvLTNh7ajipS3IUPDT&quot;,&quot;id&quot;:&quot;JcWODq0Mzi2UXyeBsn9O&quot;},{&quot;accountno&quot;:&quot;TA-0000000&quot;,&quot;departmentno&quot;:&quot;0&quot;,&quot;salary&quot;:&quot;000000&quot;,&quot;pincode&quot;:&quot;000000&quot;,&quot;userid&quot;:&quot;pGNvLTNh7ajipS3IUPDT&quot;,&quot;id&quot;:&quot;zp7ARUB55VvmhNxuYrbu&quot;},{&quot;accountno&quot;:&quot;TA-0000000&quot;,&quot;departmentno&quot;:&quot;0&quot;,&quot;salary&quot;:&quot;000000&quot;,&quot;pincode&quot;:&quot;000000&quot;,&quot;userid&quot;:&quot;PnfBLJA1eggslLwFRini&quot;,&quot;id&quot;:&quot;peqq4gEXMaijtsGYOH0w&quot;},{&quot;accountno&quot;:&quot;TA-1234567&quot;,&quot;departmentno&quot;:&quot;4&quot;,&quot;salary&quot;:&quot;12345&quot;,&quot;pincode&quot;:&quot;987654&quot;,&quot;userid&quot;:&quot;PmTM9XOFYIFaf3kWPbKy&quot;,&quot;id&quot;:&quot;D2orxuIA0X7mCQalGT20&quot;},{&quot;accountno&quot;:&quot;TA-4040404&quot;,&quot;departmentno&quot;:&quot;4&quot;,&quot;salary&quot;:&quot;4&quot;,&quot;pincode&quot;:&quot;444444&quot;,&quot;userid&quot;:&quot;rGjPCz7q7Yv75qaHGWfi&quot;,&quot;id&quot;:&quot;b6kVkJSxr2LOCDbavWd4&quot;},{&quot;accountno&quot;:&quot;TA-4444444&quot;,&quot;departmentno&quot;:&quot;4&quot;,&quot;salary&quot;:&quot;444&quot;,&quot;pincode&quot;:&quot;444444&quot;,&quot;userid&quot;:&quot;rGjPCz7q7Yv75qaHGWfi&quot;,&quot;id&quot;:&quot;YIbUaNE3nFHgJYeqoUOK&quot;},{&quot;accountno&quot;:&quot;TA-1414141&quot;,&quot;departmentno&quot;:&quot;1&quot;,&quot;salary&quot;:&quot;11&quot;,&quot;pincode&quot;:&quot;111111&quot;,&quot;userid&quot;:&quot;rGjPCz7q7Yv75qaHGWfi&quot;,&quot;id&quot;:&quot;CnmmQ4FEZRwjQYWkLZNo&quot;},{&quot;accountno&quot;:&quot;TA-1414141&quot;,&quot;departmentno&quot;:&quot;1&quot;,&quot;salary&quot;:&quot;11&quot;,&quot;pincode&quot;:&quot;111111&quot;,&quot;userid&quot;:&quot;rGjPCz7q7Yv75qaHGWfi&quot;,&quot;id&quot;:&quot;76zKoeQJox2cAkjQ78u9&quot;},{&quot;accountno&quot;:&quot;TA-1111220&quot;,&quot;departmentno&quot;:&quot;1220&quot;,&quot;salary&quot;:&quot;1220&quot;,&quot;pincode&quot;:&quot;111220&quot;,&quot;userid&quot;:&quot;t125VIABatxIit0Gfdqy&quot;,&quot;id&quot;:&quot;0D8GTvTgsB3PosMfRyie&quot;},{&quot;accountno&quot;:&quot;TA-9999999&quot;,&quot;departmentno&quot;:&quot;1&quot;,&quot;salary&quot;:&quot;11111&quot;,&quot;pincode&quot;:&quot;111111&quot;,&quot;userid&quot;:&quot;hlI8xRxaKMwpontOHVoR&quot;,&quot;id&quot;:&quot;rNtkpapZskWJfgflNeyf&quot;},{&quot;accountno&quot;:&quot;TA-9999999&quot;,&quot;departmentno&quot;:1,&quot;salary&quot;:111110,&quot;pincode&quot;:111111,&quot;userid&quot;:&quot;hlI8xRxaKMwpontOHVoR&quot;,&quot;id&quot;:&quot;mOk18ogcMdZMWSSNRSK7&quot;},{&quot;accountno&quot;:&quot;TA-bl54321&quot;,&quot;departmentno&quot;:&quot;2&quot;,&quot;salary&quot;:&quot;54321&quot;,&quot;pincode&quot;:&quot;222111&quot;,&quot;userid&quot;:&quot;wvTE1ZsqbgfOMtiFejpq&quot;,&quot;id&quot;:&quot;bqaIOQOrqokxWbGYYaXK&quot;},{&quot;accountno&quot;:&quot;TA-1234567&quot;,&quot;departmentno&quot;:4,&quot;salary&quot;:99999,&quot;pincode&quot;:666667,&quot;userid&quot;:&quot;hlI8xRxaKMwpontOHVoR&quot;,&quot;id&quot;:&quot;ncGeYdXgDJGVcDrusp5C&quot;},{&quot;accountno&quot;:&quot;TA-0404888&quot;,&quot;departmentno&quot;:&quot;4&quot;,&quot;salary&quot;:&quot;4&quot;,&quot;pincode&quot;:&quot;444444&quot;,&quot;userid&quot;:&quot;rGjPCz7q7Yv75qaHGWfi&quot;,&quot;id&quot;:&quot;HgKzHqYjXgwBlo6OGyOZ&quot;},{&quot;accountno&quot;:&quot;TA-3421566&quot;,&quot;departmentno&quot;:&quot;1&quot;,&quot;salary&quot;:&quot;43221&quot;,&quot;pincode&quot;:&quot;666777&quot;,&quot;userid&quot;:&quot;wvTE1ZsqbgfOMtiFejpq&quot;,&quot;id&quot;:&quot;kXCBqZ4MbxddDxiQGHsX&quot;},{&quot;accountno&quot;:&quot;TA-9999990&quot;,&quot;departmentno&quot;:&quot;90&quot;,&quot;salary&quot;:&quot;9990&quot;,&quot;pincode&quot;:&quot;999990&quot;,&quot;userid&quot;:&quot;t125VIABatxIit0Gfdqy&quot;,&quot;id&quot;:&quot;616X7hKtDfgFTXwMNCbD&quot;},{&quot;accountno&quot;:&quot;TA-2222222&quot;,&quot;departmentno&quot;:&quot;2&quot;,&quot;salary&quot;:&quot;222&quot;,&quot;pincode&quot;:&quot;222222&quot;,&quot;userid&quot;:&quot;gwcn6RK4r9LUWalrshHM&quot;,&quot;id&quot;:&quot;yLFgjJVnQQPOFBWGuNs8&quot;},{&quot;accountno&quot;:&quot;TA-123244&quot;,&quot;departmentno&quot;:&quot;1&quot;,&quot;salary&quot;:&quot;12645&quot;,&quot;pincode&quot;:&quot;11111&quot;,&quot;userid&quot;:&quot;taGX4XQQfXD3Z76sI1Xn&quot;,&quot;id&quot;:&quot;CuUHpgAmS8VxxSagxfpL&quot;},{&quot;accountno&quot;:&quot;TA-7766677&quot;,&quot;departmentno&quot;:&quot;1&quot;,&quot;salary&quot;:&quot;4000&quot;,&quot;pincode&quot;:&quot;667777&quot;,&quot;userid&quot;:&quot;vZHJD4gJwQZDv8AwTjat&quot;,&quot;id&quot;:&quot;pglHoTWBS4iST8TxPEWz&quot;},{&quot;accountno&quot;:&quot;TA-1223344&quot;,&quot;departmentno&quot;:&quot;1&quot;,&quot;salary&quot;:&quot;12345&quot;,&quot;pincode&quot;:&quot;111111&quot;,&quot;userid&quot;:&quot;taGX4XQQfXD3Z76sI1Xn&quot;,&quot;id&quot;:&quot;2J2NU7xQTUagWZxT1yM7&quot;},{&quot;accountno&quot;:&quot;TA-6666667&quot;,&quot;departmentno&quot;:&quot;1&quot;,&quot;salary&quot;:&quot;9000&quot;,&quot;pincode&quot;:&quot;666777&quot;,&quot;userid&quot;:&quot;vZHJD4gJwQZDv8AwTjat&quot;,&quot;id&quot;:&quot;vm9PCleXdrBtmoSGcAdl&quot;},{&quot;accountno&quot;:&quot;TA-suchi34&quot;,&quot;departmentno&quot;:1,&quot;salary&quot;:55555,&quot;pincode&quot;:700119,&quot;userid&quot;:&quot;iIQCsQ8hyJLxOhmuGK9t&quot;,&quot;id&quot;:&quot;1P64NsvWNZ89yTh0Ra7w&quot;},{&quot;accountno&quot;:&quot;TA-5673333&quot;,&quot;departmentno&quot;:&quot;1&quot;,&quot;salary&quot;:&quot;1234&quot;,&quot;pincode&quot;:&quot;999999&quot;,&quot;userid&quot;:&quot;iIQCsQ8hyJLxOhmuGK9t&quot;,&quot;id&quot;:&quot;1jr19nN35UY8b8J0HiBO&quot;},{&quot;accountno&quot;:&quot;TA-5673333&quot;,&quot;departmentno&quot;:&quot;1&quot;,&quot;salary&quot;:&quot;1234&quot;,&quot;pincode&quot;:&quot;999999&quot;,&quot;userid&quot;:&quot;iIQCsQ8hyJLxOhmuGK9t&quot;,&quot;id&quot;:&quot;j9r6MIWIqgQ4l3ZjV0fV&quot;},{&quot;accountno&quot;:&quot;TA-9999999&quot;,&quot;departmentno&quot;:&quot;9&quot;,&quot;salary&quot;:&quot;9000&quot;,&quot;pincode&quot;:&quot;999999&quot;,&quot;userid&quot;:&quot;t125VIABatxIit0Gfdqy&quot;,&quot;id&quot;:&quot;IpnVaztN1Y6UMOW8z4qe&quot;},{&quot;accountno&quot;:&quot;TA-1234567&quot;,&quot;departmentno&quot;:&quot;1&quot;,&quot;salary&quot;:&quot;43999&quot;,&quot;pincode&quot;:&quot;999999&quot;,&quot;userid&quot;:&quot;iIQCsQ8hyJLxOhmuGK9t&quot;,&quot;id&quot;:&quot;a3mQ57868rVcddxdpzQV&quot;},{&quot;accountno&quot;:&quot;TA-1234567&quot;,&quot;departmentno&quot;:&quot;7&quot;,&quot;salary&quot;:&quot;1000&quot;,&quot;pincode&quot;:&quot;987643&quot;,&quot;userid&quot;:&quot;t125VIABatxIit0Gfdqy&quot;,&quot;id&quot;:&quot;Z9FYDXCQif0sIokeTatC&quot;},{&quot;accountno&quot;:&quot;TA-123786&quot;,&quot;departmentno&quot;:&quot;2&quot;,&quot;salary&quot;:&quot;4000&quot;,&quot;pincode&quot;:&quot;971278&quot;,&quot;userid&quot;:&quot;pGfjZq98hw6BEeGMRRCc&quot;,&quot;id&quot;:&quot;qIZHPCGonUc2veLrNQhQ&quot;},{&quot;accountno&quot;:&quot;TA-vaa9090&quot;,&quot;departmentno&quot;:&quot;9&quot;,&quot;salary&quot;:&quot;88888&quot;,&quot;pincode&quot;:&quot;666666&quot;,&quot;userid&quot;:&quot;gwcn6RK4r9LUWalrshHM&quot;,&quot;id&quot;:&quot;Vl3o9qTufSuUiIGb93NM&quot;},{&quot;accountno&quot;:&quot;TA-vaa4568&quot;,&quot;departmentno&quot;:&quot;8&quot;,&quot;salary&quot;:&quot;123112&quot;,&quot;pincode&quot;:&quot;954011&quot;,&quot;userid&quot;:&quot;u7nq0GWiLeCacS4KOFe3&quot;,&quot;id&quot;:&quot;aSiqCaU25e7VQ7OHDZf7&quot;},{&quot;accountno&quot;:&quot;TA-7983479&quot;,&quot;departmentno&quot;:&quot;7&quot;,&quot;salary&quot;:&quot;7777&quot;,&quot;pincode&quot;:&quot;068110&quot;,&quot;userid&quot;:&quot;rSahIiSrRaWU7MNj1icW&quot;,&quot;id&quot;:&quot;V6z0Cx3oMJp5fy5IYRAY&quot;},{&quot;accountno&quot;:&quot;TA-5678988&quot;,&quot;departmentno&quot;:&quot;6&quot;,&quot;salary&quot;:&quot;34542&quot;,&quot;pincode&quot;:&quot;455567&quot;,&quot;userid&quot;:&quot;txyvZ2JBdVLa10kxS284&quot;,&quot;id&quot;:&quot;vq0i7TyyByoNZop259SD&quot;},{&quot;accountno&quot;:&quot;TA-5678933&quot;,&quot;departmentno&quot;:&quot;6&quot;,&quot;salary&quot;:&quot;34542&quot;,&quot;pincode&quot;:&quot;455567&quot;,&quot;userid&quot;:&quot;txyvZ2JBdVLa10kxS284&quot;,&quot;id&quot;:&quot;GBzAgyYjqvFzszjLx97L&quot;},{&quot;accountno&quot;:&quot;GEE-7994329&quot;,&quot;departmentno&quot;:8,&quot;salary&quot;:67890,&quot;pincode&quot;:537174,&quot;userid&quot;:&quot;txyvZ2JBdVLa10kxS284&quot;,&quot;id&quot;:&quot;0Ci36Gs3Dj67cPkyUAhB&quot;},{&quot;accountno&quot;:&quot;TA-7654320&quot;,&quot;departmentno&quot;:7,&quot;salary&quot;:5000,&quot;pincode&quot;:770635,&quot;userid&quot;:&quot;txyvZ2JBdVLa10kxS284&quot;,&quot;id&quot;:&quot;tvimn0b6L9ShHk1YIT9Q&quot;},{&quot;accountno&quot;:&quot;TA-5673333&quot;,&quot;departmentno&quot;:&quot;1&quot;,&quot;salary&quot;:&quot;1234&quot;,&quot;pincode&quot;:&quot;999999&quot;,&quot;userid&quot;:&quot;taGX4XQQfXD3Z76sI1Xn&quot;,&quot;id&quot;:&quot;vvPdgdlxfXsUQAMMWvSQ&quot;},{&quot;accountno&quot;:&quot;TA-9222221&quot;,&quot;departmentno&quot;:&quot;1&quot;,&quot;salary&quot;:&quot;88999&quot;,&quot;pincode&quot;:&quot;950871&quot;,&quot;userid&quot;:&quot;qzhBdM4Fa81tzldMkVwk&quot;,&quot;id&quot;:&quot;FTxL2Ggva8ihEUHUYiIG&quot;},{&quot;accountno&quot;:&quot;2211222331&quot;,&quot;departmentno&quot;:&quot;5&quot;,&quot;salary&quot;:&quot;2211&quot;,&quot;pincode&quot;:&quot;22222&quot;,&quot;userid&quot;:&quot;jNuJRaZD68Qzh2SYg7d8&quot;,&quot;id&quot;:&quot;Hns50qUJIsRT4wHx5tGZ&quot;},{&quot;accountno&quot;:&quot;TA-rabi&quot;,&quot;departmentno&quot;:&quot;2&quot;,&quot;salary&quot;:&quot;100000&quot;,&quot;pincode&quot;:&quot;671234&quot;,&quot;userid&quot;:&quot;jNuJRaZD68Qzh2SYg7d8&quot;,&quot;id&quot;:&quot;w5d6xM6dNfsA2JrDjT3L&quot;},{&quot;accountno&quot;:&quot;TA-1234597&quot;,&quot;departmentno&quot;:9,&quot;salary&quot;:1234565555,&quot;pincode&quot;:520003,&quot;userid&quot;:&quot;xm4wwFs5Hwr07duLwYVg&quot;,&quot;id&quot;:&quot;HZB0ybJy88X7edlCTTh1&quot;},{&quot;accountno&quot;:&quot;TA-1234587&quot;,&quot;departmentno&quot;:&quot;9&quot;,&quot;salary&quot;:&quot;123456789&quot;,&quot;pincode&quot;:&quot;520003&quot;,&quot;userid&quot;:&quot;xm4wwFs5Hwr07duLwYVg&quot;,&quot;id&quot;:&quot;XURXRd14psHCe12ERji9&quot;},{&quot;accountno&quot;:&quot;TA-5555555&quot;,&quot;departmentno&quot;:&quot;6&quot;,&quot;salary&quot;:&quot;77777&quot;,&quot;pincode&quot;:&quot;888888&quot;,&quot;userid&quot;:&quot;isfELhvM0RXfHcsLJDul&quot;,&quot;id&quot;:&quot;qOrn6DrZSUBtEzIdQiUq&quot;},{&quot;accountno&quot;:&quot;TAabcdekgh&quot;,&quot;departmentno&quot;:&quot;4&quot;,&quot;salary&quot;:&quot;45000&quot;,&quot;pincode&quot;:&quot;908033&quot;,&quot;userid&quot;:&quot;x6i83kk0zCjKq4CAPXST&quot;,&quot;id&quot;:&quot;7eFDAM98xlcZcbSXOPqe&quot;},{&quot;accountno&quot;:&quot;TA-1234767&quot;,&quot;departmentno&quot;:2,&quot;salary&quot;:56500,&quot;pincode&quot;:639008,&quot;userid&quot;:&quot;zZomRKuHLJV7NKhKVRY4&quot;,&quot;id&quot;:&quot;EqTZDeygstJeaDFlF8YK&quot;},{&quot;accountno&quot;:&quot;TA-1234767&quot;,&quot;departmentno&quot;:2,&quot;salary&quot;:56500,&quot;pincode&quot;:867868,&quot;userid&quot;:&quot;zZomRKuHLJV7NKhKVRY4&quot;,&quot;id&quot;:&quot;oXASNkmCDnDG0t6tUbcw&quot;},{&quot;accountno&quot;:&quot;TA-1234767&quot;,&quot;departmentno&quot;:2,&quot;salary&quot;:56500,&quot;pincode&quot;:867868,&quot;userid&quot;:&quot;zZomRKuHLJV7NKhKVRY4&quot;,&quot;id&quot;:&quot;9BOvMVOA0Ght799RrEaJ&quot;},{&quot;accountno&quot;:&quot;TA-1234566&quot;,&quot;departmentno&quot;:&quot;9&quot;,&quot;salary&quot;:&quot;123789&quot;,&quot;pincode&quot;:&quot;1307191&quot;,&quot;userid&quot;:&quot;taGX4XQQfXD3Z76sI1Xn&quot;,&quot;id&quot;:&quot;qbBZrGNyBWeeRuctDGrJ&quot;},{&quot;accountno&quot;:&quot;TA-98761000&quot;,&quot;departmentno&quot;:&quot;9&quot;,&quot;salary&quot;:&quot;9000&quot;,&quot;pincode&quot;:&quot;987654&quot;,&quot;userid&quot;:&quot;sDz6hu8wXncPmDthLNXn&quot;,&quot;id&quot;:&quot;hKQ2cYYGoRKiHuFwaAqe&quot;},{&quot;accountno&quot;:&quot;TA-1233455&quot;,&quot;departmentno&quot;:&quot;2&quot;,&quot;salary&quot;:&quot;100000&quot;,&quot;pincode&quot;:&quot;671234&quot;,&quot;userid&quot;:&quot;taGX4XQQfXD3Z76sI1Xn&quot;,&quot;id&quot;:&quot;EXel7pNYjejoNBhPEW7Z&quot;},{&quot;accountno&quot;:&quot;TA-1123567&quot;,&quot;departmentno&quot;:&quot;1&quot;,&quot;salary&quot;:&quot;123&quot;,&quot;pincode&quot;:&quot;234567&quot;,&quot;userid&quot;:&quot;taGX4XQQfXD3Z76sI1Xn&quot;,&quot;id&quot;:&quot;THXEitKK3oLKzzhCtKyd&quot;},{&quot;accountno&quot;:&quot;TA-1233445&quot;,&quot;departmentno&quot;:&quot;2&quot;,&quot;salary&quot;:&quot;1223444&quot;,&quot;pincode&quot;:&quot;123456&quot;,&quot;userid&quot;:&quot;taGX4XQQfXD3Z76sI1Xn&quot;,&quot;id&quot;:&quot;XGRE5KKpKSLg8WdKWaQ6&quot;},{&quot;accountno&quot;:&quot;TA-9751-jd&quot;,&quot;departmentno&quot;:9,&quot;salary&quot;:80550,&quot;pincode&quot;:284420,&quot;userid&quot;:&quot;ZOod5hungt9DCLnv0CoY&quot;,&quot;id&quot;:&quot;nPVx6Ot68sHxUQ0QCdt9&quot;},{&quot;accountno&quot;:&quot;TA-123456&quot;,&quot;departmentno&quot;:3,&quot;salary&quot;:60500,&quot;pincode&quot;:23456,&quot;userid&quot;:&quot;zrwpoTUIMWbfRpO76qJK&quot;,&quot;id&quot;:&quot;yJQBdhJvmWzzjIAFPMGP&quot;},{&quot;accountno&quot;:&quot;TA-1010102&quot;,&quot;departmentno&quot;:3,&quot;salary&quot;:77701,&quot;pincode&quot;:750345,&quot;userid&quot;:&quot;FpVQ3XUrF4t6hpWKnT8C&quot;,&quot;id&quot;:&quot;wL1malzZ2ASLINdFu1Oz&quot;},{&quot;accountno&quot;:&quot;TA-designs&quot;,&quot;departmentno&quot;:&quot;2&quot;,&quot;salary&quot;:&quot;25000&quot;,&quot;pincode&quot;:&quot;897253&quot;,&quot;userid&quot;:&quot;PO4uDNG4p3Ki8AGnulEN&quot;,&quot;id&quot;:&quot;BWliHNuKVdzjnDYY5F7Q&quot;},{&quot;accountno&quot;:&quot;11122233&quot;,&quot;departmentno&quot;:&quot;9&quot;,&quot;salary&quot;:&quot;500000&quot;,&quot;pincode&quot;:&quot;678901&quot;,&quot;userid&quot;:&quot;kqrqkGB4KffUDtO8otJn&quot;,&quot;id&quot;:&quot;opv5SAmHCetzy37As0sb&quot;},{&quot;accountno&quot;:&quot;TA-4563235&quot;,&quot;departmentno&quot;:&quot;3&quot;,&quot;salary&quot;:&quot;75003&quot;,&quot;pincode&quot;:&quot;560073&quot;,&quot;userid&quot;:&quot;taGX4XQQfXD3Z76sI1Xn&quot;,&quot;id&quot;:&quot;s9oC7pWtozZZxL49jZkX&quot;},{&quot;accountno&quot;:&quot;TA-4563235&quot;,&quot;departmentno&quot;:&quot;3&quot;,&quot;salary&quot;:&quot;75001&quot;,&quot;pincode&quot;:&quot;560073&quot;,&quot;userid&quot;:&quot;taGX4XQQfXD3Z76sI1Xn&quot;,&quot;id&quot;:&quot;FT8K3SNxm4l4mBpl3Rz9&quot;},{&quot;accountno&quot;:&quot;TA-1223133&quot;,&quot;departmentno&quot;:&quot;3&quot;,&quot;salary&quot;:&quot;75000&quot;,&quot;pincode&quot;:&quot;560073&quot;,&quot;userid&quot;:&quot;taGX4XQQfXD3Z76sI1Xn&quot;,&quot;id&quot;:&quot;Ijne1qXypXzQzk5yiR83&quot;},{&quot;accountno&quot;:&quot;TA-4563234&quot;,&quot;departmentno&quot;:&quot;3&quot;,&quot;salary&quot;:&quot;65000&quot;,&quot;pincode&quot;:&quot;234523&quot;,&quot;userid&quot;:&quot;taGX4XQQfXD3Z76sI1Xn&quot;,&quot;id&quot;:&quot;s2WH6NOF4vhGWIvVIwFX&quot;},{&quot;accountno&quot;:&quot;TA-0099882&quot;,&quot;departmentno&quot;:&quot;1&quot;,&quot;salary&quot;:&quot;123&quot;,&quot;pincode&quot;:&quot;111999&quot;,&quot;userid&quot;:&quot;fop79TzJpDpPIXSEPC4c&quot;,&quot;id&quot;:&quot;kVCOgyjxzSFJX4kFH1od&quot;},{&quot;accountno&quot;:&quot;TA-3333332&quot;,&quot;departmentno&quot;:&quot;3&quot;,&quot;salary&quot;:&quot;3333&quot;,&quot;pincode&quot;:&quot;333333&quot;,&quot;userid&quot;:&quot;xPgXXPtOkw2m8eiug6Qv&quot;,&quot;id&quot;:&quot;594gbX4LQ6jW0YSdIBBv&quot;},{&quot;accountno&quot;:&quot;TA-0099882&quot;,&quot;departmentno&quot;:&quot;1&quot;,&quot;salary&quot;:&quot;123&quot;,&quot;pincode&quot;:&quot;111999&quot;,&quot;userid&quot;:&quot;fop79TzJpDpPIXSEPC4c&quot;,&quot;id&quot;:&quot;VssJxgJ7k0W5ZLzvqwRk&quot;},{&quot;accountno&quot;:&quot;TA-4411223&quot;,&quot;departmentno&quot;:&quot;1&quot;,&quot;salary&quot;:&quot;123&quot;,&quot;pincode&quot;:&quot;123456&quot;,&quot;userid&quot;:&quot;LDgqXGs0YI310qvbz63k&quot;,&quot;id&quot;:&quot;hhsjpuh9rxX53rrt7mzz&quot;},{&quot;accountno&quot;:&quot;TA-0011223&quot;,&quot;departmentno&quot;:&quot;1&quot;,&quot;salary&quot;:&quot;123&quot;,&quot;pincode&quot;:&quot;123456&quot;,&quot;userid&quot;:&quot;LDgqXGs0YI310qvbz63k&quot;,&quot;id&quot;:&quot;gSovrwDoFlZqyt7HM95o&quot;},{&quot;accountno&quot;:&quot;TA-2233459&quot;,&quot;departmentno&quot;:&quot;2&quot;,&quot;salary&quot;:&quot;2222&quot;,&quot;pincode&quot;:&quot;233446&quot;,&quot;userid&quot;:&quot;hLmoSgaGxc5rJEWXeBuQ&quot;,&quot;id&quot;:&quot;WhsNZWslUu1OalGVZCYS&quot;},{&quot;accountno&quot;:&quot;TA-2233456&quot;,&quot;departmentno&quot;:&quot;2&quot;,&quot;salary&quot;:&quot;2222&quot;,&quot;pincode&quot;:&quot;233446&quot;,&quot;userid&quot;:&quot;hLmoSgaGxc5rJEWXeBuQ&quot;,&quot;id&quot;:&quot;bdGCGG1L1YKSoMMMmGAh&quot;},{&quot;accountno&quot;:&quot;TA-2233492&quot;,&quot;departmentno&quot;:&quot;5&quot;,&quot;salary&quot;:&quot;2222&quot;,&quot;pincode&quot;:&quot;404041&quot;,&quot;userid&quot;:&quot;hLmoSgaGxc5rJEWXeBuQ&quot;,&quot;id&quot;:&quot;GQ1gBLc7uPD5EpQ8BdBW&quot;},{&quot;accountno&quot;:&quot;TA-2233492&quot;,&quot;departmentno&quot;:&quot;5&quot;,&quot;salary&quot;:&quot;2222&quot;,&quot;pincode&quot;:&quot;404041&quot;,&quot;userid&quot;:&quot;hLmoSgaGxc5rJEWXeBuQ&quot;,&quot;id&quot;:&quot;pwL0LU8pEdBVNXIm3453&quot;},{&quot;accountno&quot;:&quot;TA-2233491&quot;,&quot;departmentno&quot;:&quot;5&quot;,&quot;salary&quot;:&quot;2222&quot;,&quot;pincode&quot;:&quot;404041&quot;,&quot;userid&quot;:&quot;hLmoSgaGxc5rJEWXeBuQ&quot;,&quot;id&quot;:&quot;uL9KhtTXe6GbHito8550&quot;},{&quot;accountno&quot;:&quot;TA-2233491&quot;,&quot;departmentno&quot;:&quot;5&quot;,&quot;salary&quot;:&quot;2222&quot;,&quot;pincode&quot;:&quot;404041&quot;,&quot;userid&quot;:&quot;hLmoSgaGxc5rJEWXeBuQ&quot;,&quot;id&quot;:&quot;z7BPONojDv7pGYphM8yo&quot;},{&quot;accountno&quot;:&quot;TA-2233490&quot;,&quot;departmentno&quot;:&quot;4&quot;,&quot;salary&quot;:&quot;444&quot;,&quot;pincode&quot;:&quot;404040&quot;,&quot;userid&quot;:&quot;hLmoSgaGxc5rJEWXeBuQ&quot;,&quot;id&quot;:&quot;xmPgvGZYBgPfhb1nZiaU&quot;},{&quot;accountno&quot;:&quot;TA-2233490&quot;,&quot;departmentno&quot;:&quot;4&quot;,&quot;salary&quot;:&quot;444&quot;,&quot;pincode&quot;:&quot;404040&quot;,&quot;userid&quot;:&quot;hLmoSgaGxc5rJEWXeBuQ&quot;,&quot;id&quot;:&quot;u0CVyNbzCk64TW1O2RWK&quot;},{&quot;accountno&quot;:&quot;TC11&quot;,&quot;departmentno&quot;:&quot;3&quot;,&quot;salary&quot;:10000,&quot;pincode&quot;:2222,&quot;userid&quot;:&quot;r657BEYL3kM8lckt64O0&quot;,&quot;id&quot;:&quot;4dIJ5IiryLrJdBotSLRl&quot;},{&quot;accountno&quot;:&quot;TC10&quot;,&quot;departmentno&quot;:&quot;3&quot;,&quot;salary&quot;:10000,&quot;pincode&quot;:2222,&quot;userid&quot;:&quot;r657BEYL3kM8lckt64O0&quot;,&quot;id&quot;:&quot;nP0ZniDV7L54ecHkZawg&quot;},{&quot;accountno&quot;:&quot;TA-1010101&quot;,&quot;departmentno&quot;:&quot;1&quot;,&quot;salary&quot;:&quot;31&quot;,&quot;pincode&quot;:&quot;900000&quot;,&quot;userid&quot;:&quot;rocJiQ1MfQGzLYqx5gwH&quot;,&quot;id&quot;:&quot;1JlXWYknsgJxPIPlqARO&quot;},{&quot;accountno&quot;:&quot;TC13&quot;,&quot;departmentno&quot;:&quot;2&quot;,&quot;salary&quot;:100000,&quot;pincode&quot;:1111,&quot;userid&quot;:&quot;r657BEYL3kM8lckt64O0&quot;,&quot;id&quot;:&quot;HORQKrnagQ4WQS78bNb9&quot;},{&quot;accountno&quot;:&quot;TC12&quot;,&quot;departmentno&quot;:&quot;2&quot;,&quot;salary&quot;:100000,&quot;pincode&quot;:1111,&quot;userid&quot;:&quot;r657BEYL3kM8lckt64O0&quot;,&quot;id&quot;:&quot;GYeaH3RdJOb4pYyLLc6N&quot;},{&quot;accountno&quot;:&quot;TC13&quot;,&quot;departmentno&quot;:&quot;2&quot;,&quot;salary&quot;:100000,&quot;pincode&quot;:1111,&quot;userid&quot;:&quot;r657BEYL3kM8lckt64O0&quot;,&quot;id&quot;:&quot;AQwzoyGLNlfwRP7UHYIY&quot;},{&quot;accountno&quot;:&quot;TC12&quot;,&quot;departmentno&quot;:&quot;2&quot;,&quot;salary&quot;:100000,&quot;pincode&quot;:1111,&quot;userid&quot;:&quot;r657BEYL3kM8lckt64O0&quot;,&quot;id&quot;:&quot;e5xRC829JMgocOb9Dihn&quot;},{&quot;accountno&quot;:&quot;TC13&quot;,&quot;departmentno&quot;:&quot;2&quot;,&quot;salary&quot;:100000,&quot;pincode&quot;:1111,&quot;userid&quot;:&quot;r657BEYL3kM8lckt64O0&quot;,&quot;id&quot;:&quot;FkYgJ9HoKDxoUsc9f7jg&quot;},{&quot;accountno&quot;:&quot;TA-PR11024&quot;,&quot;departmentno&quot;:&quot;1&quot;,&quot;salary&quot;:&quot;2000&quot;,&quot;pincode&quot;:&quot;945399&quot;,&quot;userid&quot;:&quot;o317WJnJvcdbT7eEI8I2&quot;,&quot;id&quot;:&quot;n0LZgZtPcq5Lqr1r6Ml6&quot;},{&quot;accountno&quot;:&quot;T111&quot;,&quot;departmentno&quot;:&quot;100&quot;,&quot;salary&quot;:&quot;10000&quot;,&quot;pincode&quot;:&quot;11111&quot;,&quot;userid&quot;:&quot;r657BEYL3kM8lckt64O0&quot;,&quot;id&quot;:&quot;n0qxk8LnYMtXkRZtnUPJ&quot;},{&quot;accountno&quot;:&quot;T111&quot;,&quot;departmentno&quot;:&quot;100&quot;,&quot;salary&quot;:&quot;10000&quot;,&quot;pincode&quot;:&quot;11111&quot;,&quot;userid&quot;:&quot;r657BEYL3kM8lckt64O0&quot;,&quot;id&quot;:&quot;rajLvWAlCNpzFqa2p8v2&quot;},{&quot;accountno&quot;:&quot;T111&quot;,&quot;departmentno&quot;:&quot;100&quot;,&quot;salary&quot;:&quot;10000&quot;,&quot;pincode&quot;:&quot;11111&quot;,&quot;userid&quot;:&quot;r657BEYL3kM8lckt64O0&quot;,&quot;id&quot;:&quot;IYVQ3VUIuvBpR8TYKHs2&quot;},{&quot;accountno&quot;:&quot;TA-7222221&quot;,&quot;departmentno&quot;:&quot;7&quot;,&quot;salary&quot;:&quot;5555&quot;,&quot;pincode&quot;:&quot;923465&quot;,&quot;userid&quot;:&quot;isfELhvM0RXfHcsLJDul&quot;,&quot;id&quot;:&quot;2AKSJEDTiszaZk19ktwP&quot;},{&quot;accountno&quot;:&quot;TA-PR11024&quot;,&quot;departmentno&quot;:&quot;1&quot;,&quot;salary&quot;:&quot;2000&quot;,&quot;pincode&quot;:&quot;945399&quot;,&quot;userid&quot;:&quot;o317WJnJvcdbT7eEI8I2&quot;,&quot;id&quot;:&quot;3A33ffVHpXfjD1kWuGKh&quot;},{&quot;accountno&quot;:&quot;T111&quot;,&quot;departmentno&quot;:&quot;100&quot;,&quot;salary&quot;:&quot;10000&quot;,&quot;pincode&quot;:&quot;11111&quot;,&quot;userid&quot;:&quot;r657BEYL3kM8lckt64O0&quot;,&quot;id&quot;:&quot;n2WrqXhMH3A8l8aXrDBL&quot;},{&quot;accountno&quot;:&quot;T111&quot;,&quot;departmentno&quot;:&quot;100&quot;,&quot;salary&quot;:&quot;10000&quot;,&quot;pincode&quot;:&quot;11111&quot;,&quot;userid&quot;:&quot;r657BEYL3kM8lckt64O0&quot;,&quot;id&quot;:&quot;avDRcYFtqspBdHqCFbOL&quot;},{&quot;accountno&quot;:&quot;T111&quot;,&quot;departmentno&quot;:&quot;100&quot;,&quot;salary&quot;:&quot;10000&quot;,&quot;pincode&quot;:&quot;11111&quot;,&quot;userid&quot;:&quot;r657BEYL3kM8lckt64O0&quot;,&quot;id&quot;:&quot;rnCzXhwhmaRVVKZn5xzv&quot;},{&quot;accountno&quot;:&quot;{{accountno}}&quot;,&quot;departmentno&quot;:&quot;{{departmentno}}&quot;,&quot;salary&quot;:&quot;{{salary}}&quot;,&quot;pincode&quot;:&quot;{{pincode}}&quot;,&quot;userid&quot;:&quot;r657BEYL3kM8lckt64O0&quot;,&quot;id&quot;:&quot;Kujqxb5uyiwjDrJXAr1s&quot;},{&quot;accountno&quot;:&quot;{{accountno}}&quot;,&quot;departmentno&quot;:&quot;{{departmentno}}&quot;,&quot;salary&quot;:&quot;{{salary}}&quot;,&quot;pincode&quot;:&quot;{{pincode}}&quot;,&quot;userid&quot;:&quot;r657BEYL3kM8lckt64O0&quot;,&quot;id&quot;:&quot;UndNzj3MwS0hhKIsiRa3&quot;},{&quot;accountno&quot;:&quot;TA-PR11024&quot;,&quot;departmentno&quot;:&quot;1&quot;,&quot;salary&quot;:&quot;2000&quot;,&quot;pincode&quot;:&quot;945399&quot;,&quot;userid&quot;:&quot;o317WJnJvcdbT7eEI8I2&quot;,&quot;id&quot;:&quot;NVySwwsz3tvgjK4itb6z&quot;},{&quot;accountno&quot;:&quot;TA-PR11023&quot;,&quot;departmentno&quot;:&quot;1&quot;,&quot;salary&quot;:&quot;2000&quot;,&quot;pincode&quot;:&quot;945399&quot;,&quot;userid&quot;:&quot;o317WJnJvcdbT7eEI8I2&quot;,&quot;id&quot;:&quot;H5xp5rGPoba26Z27cmdv&quot;},{&quot;accountno&quot;:&quot;TA-PR11023&quot;,&quot;departmentno&quot;:&quot;1&quot;,&quot;salary&quot;:&quot;2000&quot;,&quot;pincode&quot;:&quot;945399&quot;,&quot;userid&quot;:&quot;o317WJnJvcdbT7eEI8I2&quot;,&quot;id&quot;:&quot;XcD8DwRIsZ5PQSUIqHdD&quot;},{&quot;accountno&quot;:&quot;TA-PR11023&quot;,&quot;departmentno&quot;:&quot;1&quot;,&quot;salary&quot;:&quot;2000&quot;,&quot;pincode&quot;:&quot;945399&quot;,&quot;userid&quot;:&quot;o317WJnJvcdbT7eEI8I2&quot;,&quot;id&quot;:&quot;Q5AGw0aUUWWVZrIxtqoz&quot;},{&quot;accountno&quot;:&quot;TA-PR11023&quot;,&quot;departmentno&quot;:&quot;1&quot;,&quot;salary&quot;:&quot;2000&quot;,&quot;pincode&quot;:&quot;945399&quot;,&quot;userid&quot;:&quot;o317WJnJvcdbT7eEI8I2&quot;,&quot;id&quot;:&quot;1f0dmasdT9IRHf8vQabp&quot;},{&quot;accountno&quot;:&quot;TA-3333332&quot;,&quot;departmentno&quot;:&quot;3&quot;,&quot;salary&quot;:&quot;3333&quot;,&quot;pincode&quot;:&quot;333333&quot;,&quot;userid&quot;:&quot;xPgXXPtOkw2m8eiug6Qv&quot;,&quot;id&quot;:&quot;Q4kFAzvp3PtUWh3EoP7W&quot;},{&quot;accountno&quot;:&quot;TA-3333332&quot;,&quot;departmentno&quot;:&quot;3&quot;,&quot;salary&quot;:&quot;3333&quot;,&quot;pincode&quot;:&quot;333333&quot;,&quot;userid&quot;:&quot;xPgXXPtOkw2m8eiug6Qv&quot;,&quot;id&quot;:&quot;gyqnGK7YdmZMFcTDeKKI&quot;},{&quot;accountno&quot;:&quot;TA-3333332&quot;,&quot;departmentno&quot;:&quot;3&quot;,&quot;salary&quot;:&quot;3333&quot;,&quot;pincode&quot;:&quot;333333&quot;,&quot;userid&quot;:&quot;xPgXXPtOkw2m8eiug6Qv&quot;,&quot;id&quot;:&quot;pjBFdGvaHOCO5p4F260B&quot;},{&quot;accountno&quot;:&quot;TA-3333332&quot;,&quot;departmentno&quot;:&quot;3&quot;,&quot;salary&quot;:&quot;3333&quot;,&quot;pincode&quot;:&quot;333333&quot;,&quot;userid&quot;:&quot;xPgXXPtOkw2m8eiug6Qv&quot;,&quot;id&quot;:&quot;dLdwKcrru8FSZCbfzbno&quot;},{&quot;accountno&quot;:&quot;TA-9876333&quot;,&quot;departmentno&quot;:&quot;3&quot;,&quot;salary&quot;:&quot;3000&quot;,&quot;pincode&quot;:&quot;987000&quot;,&quot;userid&quot;:&quot;ryVwCNmn6bfypL1OgtSg&quot;,&quot;id&quot;:&quot;cPryvBNv8PPmG7Fs6hdx&quot;},{&quot;accountno&quot;:&quot;TA-9876333&quot;,&quot;departmentno&quot;:&quot;3&quot;,&quot;salary&quot;:&quot;3000&quot;,&quot;pincode&quot;:&quot;987000&quot;,&quot;userid&quot;:&quot;sDz6hu8wXncPmDthLNXn&quot;,&quot;id&quot;:&quot;9nliIX4uJMURdwE8KMEH&quot;},{&quot;accountno&quot;:&quot;TA-93333334&quot;,&quot;departmentno&quot;:&quot;3&quot;,&quot;salary&quot;:&quot;00003&quot;,&quot;pincode&quot;:&quot;000003&quot;,&quot;userid&quot;:&quot;taGX4XQQfXD3Z76sI1Xn&quot;,&quot;id&quot;:&quot;GvabbPNazhGcAJn2CueT&quot;},{&quot;accountno&quot;:&quot;TA-9876333&quot;,&quot;departmentno&quot;:&quot;3&quot;,&quot;salary&quot;:&quot;3000&quot;,&quot;pincode&quot;:&quot;987000&quot;,&quot;userid&quot;:&quot;taGX4XQQfXD3Z76sI1Xn&quot;,&quot;id&quot;:&quot;ZmXPemPyRIs8iRbboRqe&quot;},{&quot;accountno&quot;:&quot;TA-2222009&quot;,&quot;departmentno&quot;:&quot;7&quot;,&quot;salary&quot;:&quot;345&quot;,&quot;pincode&quot;:&quot;456789&quot;,&quot;userid&quot;:&quot;zooqXG7ZwAYI6imLwToS&quot;,&quot;id&quot;:&quot;pCq0muEZADbIOd5Mv7Sd&quot;},{&quot;accountno&quot;:&quot;TA-2222009&quot;,&quot;departmentno&quot;:&quot;9&quot;,&quot;salary&quot;:&quot;345&quot;,&quot;pincode&quot;:&quot;456789&quot;,&quot;userid&quot;:&quot;zooqXG7ZwAYI6imLwToS&quot;,&quot;id&quot;:&quot;6taPNUgOebCSuzyAoaVx&quot;},{&quot;accountno&quot;:&quot;TA-2222009&quot;,&quot;departmentno&quot;:&quot;9&quot;,&quot;salary&quot;:&quot;345&quot;,&quot;pincode&quot;:&quot;456789&quot;,&quot;userid&quot;:&quot;zooqXG7ZwAYI6imLwToS&quot;,&quot;id&quot;:&quot;lvVhCXmkg81WLCziHghj&quot;},{&quot;accountno&quot;:&quot;TA-2222009&quot;,&quot;departmentno&quot;:&quot;9&quot;,&quot;salary&quot;:&quot;345&quot;,&quot;pincode&quot;:&quot;456789&quot;,&quot;userid&quot;:&quot;zooqXG7ZwAYI6imLwToS&quot;,&quot;id&quot;:&quot;WJDMtsUZHuZor9fbM8bX&quot;},{&quot;accountno&quot;:&quot;TA-2222009&quot;,&quot;departmentno&quot;:&quot;9&quot;,&quot;salary&quot;:&quot;345&quot;,&quot;pincode&quot;:&quot;456789&quot;,&quot;userid&quot;:&quot;zooqXG7ZwAYI6imLwToS&quot;,&quot;id&quot;:&quot;oVIL2frCpmuAUNdQEs2X&quot;},{&quot;accountno&quot;:&quot;TA-9876333&quot;,&quot;departmentno&quot;:&quot;3&quot;,&quot;salary&quot;:&quot;3000&quot;,&quot;pincode&quot;:&quot;987000&quot;,&quot;userid&quot;:&quot;sDz6hu8wXncPmDthLNXn&quot;,&quot;id&quot;:&quot;IXo9dBIfk0SUcF5xtuJO&quot;},{&quot;accountno&quot;:&quot;TA-2222009&quot;,&quot;departmentno&quot;:&quot;9&quot;,&quot;salary&quot;:&quot;345&quot;,&quot;pincode&quot;:&quot;456789&quot;,&quot;userid&quot;:&quot;zooqXG7ZwAYI6imLwToS&quot;,&quot;id&quot;:&quot;u4SOrazsgcxtFhVS5INR&quot;},{&quot;accountno&quot;:&quot;TA-2222009&quot;,&quot;departmentno&quot;:&quot;9&quot;,&quot;salary&quot;:&quot;345&quot;,&quot;pincode&quot;:&quot;456789&quot;,&quot;userid&quot;:&quot;zooqXG7ZwAYI6imLwToS&quot;,&quot;id&quot;:&quot;pFU9E9BRlMIFzf8YxcXO&quot;},{&quot;accountno&quot;:&quot;TA-2222009&quot;,&quot;departmentno&quot;:&quot;9&quot;,&quot;salary&quot;:&quot;345&quot;,&quot;pincode&quot;:&quot;456789&quot;,&quot;userid&quot;:&quot;zooqXG7ZwAYI6imLwToS&quot;,&quot;id&quot;:&quot;OiqCYrEm5v6EBunAC7Z1&quot;},{&quot;accountno&quot;:&quot;TA-2222009&quot;,&quot;departmentno&quot;:&quot;7&quot;,&quot;salary&quot;:&quot;345&quot;,&quot;pincode&quot;:&quot;456789&quot;,&quot;userid&quot;:&quot;zooqXG7ZwAYI6imLwToS&quot;,&quot;id&quot;:&quot;an6ZHqCCFvt959xm8FWp&quot;},{&quot;accountno&quot;:&quot;TA-2222009&quot;,&quot;departmentno&quot;:&quot;9&quot;,&quot;salary&quot;:&quot;345&quot;,&quot;pincode&quot;:&quot;456789&quot;,&quot;userid&quot;:&quot;zooqXG7ZwAYI6imLwToS&quot;,&quot;id&quot;:&quot;Iwhvb8xoHuQUTPr2g12p&quot;},{&quot;accountno&quot;:&quot;TA-9876333&quot;,&quot;departmentno&quot;:&quot;3&quot;,&quot;salary&quot;:&quot;3000&quot;,&quot;pincode&quot;:&quot;987000&quot;,&quot;userid&quot;:&quot;sDz6hu8wXncPmDthLNXn&quot;,&quot;id&quot;:&quot;P7mTJoyRh2IJretDd3uM&quot;},{&quot;accountno&quot;:&quot;TA-9876333&quot;,&quot;departmentno&quot;:&quot;3&quot;,&quot;salary&quot;:&quot;3000&quot;,&quot;pincode&quot;:&quot;987000&quot;,&quot;userid&quot;:&quot;sDz6hu8wXncPmDthLNXn&quot;,&quot;id&quot;:&quot;Vmo62NmKM0NgHEaLCGHA&quot;},{&quot;accountno&quot;:&quot;TA-9876123&quot;,&quot;departmentno&quot;:&quot;3&quot;,&quot;salary&quot;:&quot;3000&quot;,&quot;pincode&quot;:&quot;987000&quot;,&quot;userid&quot;:&quot;sDz6hu8wXncPmDthLNXn&quot;,&quot;id&quot;:&quot;4AGEMRvTGIQg8ax5vxIB&quot;},{&quot;accountno&quot;:&quot;TA-PR11020&quot;,&quot;departmentno&quot;:&quot;2&quot;,&quot;salary&quot;:&quot;6000&quot;,&quot;pincode&quot;:&quot;945399&quot;,&quot;userid&quot;:&quot;o317WJnJvcdbT7eEI8I2&quot;,&quot;id&quot;:&quot;8j38gtOFYaBrb91B2ezB&quot;},{&quot;accountno&quot;:&quot;TA-PR11020&quot;,&quot;departmentno&quot;:&quot;2&quot;,&quot;salary&quot;:&quot;6000&quot;,&quot;pincode&quot;:&quot;945399&quot;,&quot;userid&quot;:&quot;o317WJnJvcdbT7eEI8I2&quot;,&quot;id&quot;:&quot;Jf8GK6pb9XDqjfk081B2&quot;},{&quot;accountno&quot;:&quot;TA-3333332&quot;,&quot;departmentno&quot;:&quot;3&quot;,&quot;salary&quot;:&quot;3333&quot;,&quot;pincode&quot;:&quot;333333&quot;,&quot;userid&quot;:&quot;xPgXXPtOkw2m8eiug6Qv&quot;,&quot;id&quot;:&quot;zHs8SuHSVcnbvPkAEjzF&quot;},{&quot;accountno&quot;:&quot;TA-3333332&quot;,&quot;departmentno&quot;:&quot;3&quot;,&quot;salary&quot;:&quot;3333&quot;,&quot;pincode&quot;:&quot;333333&quot;,&quot;userid&quot;:&quot;xPgXXPtOkw2m8eiug6Qv&quot;,&quot;id&quot;:&quot;kOmemmHLeKfGijkluYun&quot;},{&quot;accountno&quot;:&quot;TA-1234567&quot;,&quot;departmentno&quot;:&quot;4&quot;,&quot;salary&quot;:&quot;5000&quot;,&quot;pincode&quot;:&quot;123456&quot;,&quot;userid&quot;:&quot;zAaWSSxusVzNkGJGCuQB&quot;,&quot;id&quot;:&quot;5Y9A56DY2L5D6wrgIVTF&quot;},{&quot;accountno&quot;:&quot;TA-PR11019&quot;,&quot;departmentno&quot;:&quot;1&quot;,&quot;salary&quot;:&quot;123&quot;,&quot;pincode&quot;:&quot;945399&quot;,&quot;userid&quot;:&quot;o317WJnJvcdbT7eEI8I2&quot;,&quot;id&quot;:&quot;zeHhvfIs3kAIVi1EDPq6&quot;},{&quot;accountno&quot;:&quot;TA-PR11019&quot;,&quot;departmentno&quot;:&quot;1&quot;,&quot;salary&quot;:&quot;123&quot;,&quot;pincode&quot;:&quot;945399&quot;,&quot;userid&quot;:&quot;o317WJnJvcdbT7eEI8I2&quot;,&quot;id&quot;:&quot;Dv9YjWHht4N1alhokP2i&quot;},{&quot;accountno&quot;:&quot;TA-12345ab&quot;,&quot;departmentno&quot;:&quot;3&quot;,&quot;salary&quot;:&quot;5000&quot;,&quot;pincode&quot;:&quot;455555&quot;,&quot;userid&quot;:&quot;zAaWSSxusVzNkGJGCuQB&quot;,&quot;id&quot;:&quot;EUV8oYBY7V1LazS5zwQp&quot;},{&quot;accountno&quot;:&quot;TA-2222008&quot;,&quot;departmentno&quot;:&quot;9&quot;,&quot;salary&quot;:&quot;345&quot;,&quot;pincode&quot;:&quot;456789&quot;,&quot;userid&quot;:&quot;zooqXG7ZwAYI6imLwToS&quot;,&quot;id&quot;:&quot;D27vOjN90Ogg3qAqERRN&quot;},{&quot;accountno&quot;:&quot;TA-2222008&quot;,&quot;departmentno&quot;:&quot;9&quot;,&quot;salary&quot;:&quot;345&quot;,&quot;pincode&quot;:&quot;456789&quot;,&quot;userid&quot;:&quot;zooqXG7ZwAYI6imLwToS&quot;,&quot;id&quot;:&quot;INT7zYKRGocNuNAE6CaM&quot;},{&quot;accountno&quot;:&quot;TA-2222008&quot;,&quot;departmentno&quot;:&quot;9&quot;,&quot;salary&quot;:&quot;345&quot;,&quot;pincode&quot;:&quot;456789&quot;,&quot;userid&quot;:&quot;zooqXG7ZwAYI6imLwToS&quot;,&quot;id&quot;:&quot;bPXjesexdWQcGT7WGmQn&quot;},{&quot;accountno&quot;:&quot;TA-2222008&quot;,&quot;departmentno&quot;:&quot;9&quot;,&quot;salary&quot;:&quot;345&quot;,&quot;pincode&quot;:&quot;456789&quot;,&quot;userid&quot;:&quot;zooqXG7ZwAYI6imLwToS&quot;,&quot;id&quot;:&quot;utygK6mdV7iOLKkJ0qWM&quot;},{&quot;accountno&quot;:&quot;TA-2222009&quot;,&quot;departmentno&quot;:&quot;9&quot;,&quot;salary&quot;:&quot;345&quot;,&quot;pincode&quot;:&quot;456789&quot;,&quot;userid&quot;:&quot;zooqXG7ZwAYI6imLwToS&quot;,&quot;id&quot;:&quot;R6tk9Xa4SKAxTQok7hKd&quot;},{&quot;accountno&quot;:&quot;TA-PR11019&quot;,&quot;departmentno&quot;:&quot;1&quot;,&quot;salary&quot;:&quot;123&quot;,&quot;pincode&quot;:&quot;945399&quot;,&quot;userid&quot;:&quot;o317WJnJvcdbT7eEI8I2&quot;,&quot;id&quot;:&quot;JXCylajR96CeNVAbqJOV&quot;},{&quot;accountno&quot;:&quot;TA-20203pp&quot;,&quot;departmentno&quot;:&quot;5&quot;,&quot;salary&quot;:&quot;500&quot;,&quot;pincode&quot;:&quot;222222&quot;,&quot;userid&quot;:&quot;zAaWSSxusVzNkGJGCuQB&quot;,&quot;id&quot;:&quot;rWKPbtb1t8ywsoZi2tFN&quot;},{&quot;accountno&quot;:&quot;TA-3333332&quot;,&quot;departmentno&quot;:&quot;3&quot;,&quot;salary&quot;:&quot;3333&quot;,&quot;pincode&quot;:&quot;333333&quot;,&quot;userid&quot;:&quot;xPgXXPtOkw2m8eiug6Qv&quot;,&quot;id&quot;:&quot;x1AddAypLccRKszAp6g2&quot;},{&quot;accountno&quot;:&quot;TA-98761000&quot;,&quot;departmentno&quot;:&quot;9&quot;,&quot;salary&quot;:&quot;9000&quot;,&quot;pincode&quot;:&quot;987654&quot;,&quot;userid&quot;:&quot;sDz6hu8wXncPmDthLNXn&quot;,&quot;id&quot;:&quot;jlvYFdgOO6PIzz1ICRlT&quot;},{&quot;accountno&quot;:&quot;TA-3333332&quot;,&quot;departmentno&quot;:&quot;3&quot;,&quot;salary&quot;:&quot;3333&quot;,&quot;pincode&quot;:&quot;333333&quot;,&quot;userid&quot;:&quot;xPgXXPtOkw2m8eiug6Qv&quot;,&quot;id&quot;:&quot;1jMGLzbNJwMwpFqpBLmG&quot;},{&quot;accountno&quot;:&quot;TA-3333332&quot;,&quot;departmentno&quot;:&quot;3&quot;,&quot;salary&quot;:&quot;3333&quot;,&quot;pincode&quot;:&quot;333333&quot;,&quot;userid&quot;:&quot;xPgXXPtOkw2m8eiug6Qv&quot;,&quot;id&quot;:&quot;B5XVkbu7WwCWDsZ5Jafu&quot;},{&quot;accountno&quot;:&quot;TA-PR11018&quot;,&quot;departmentno&quot;:&quot;1&quot;,&quot;salary&quot;:&quot;123&quot;,&quot;pincode&quot;:&quot;945399&quot;,&quot;userid&quot;:&quot;o317WJnJvcdbT7eEI8I2&quot;,&quot;id&quot;:&quot;eL1QuOTdgTxmCbG04854&quot;},{&quot;accountno&quot;:&quot;TA-3333332&quot;,&quot;departmentno&quot;:&quot;3&quot;,&quot;salary&quot;:&quot;3333&quot;,&quot;pincode&quot;:&quot;333333&quot;,&quot;userid&quot;:&quot;xPgXXPtOkw2m8eiug6Qv&quot;,&quot;id&quot;:&quot;52Ogbgx8qBocPpbnyeit&quot;},{&quot;accountno&quot;:&quot;TA-3333332&quot;,&quot;departmentno&quot;:&quot;3&quot;,&quot;salary&quot;:&quot;3333&quot;,&quot;pincode&quot;:&quot;333333&quot;,&quot;userid&quot;:&quot;xPgXXPtOkw2m8eiug6Qv&quot;,&quot;id&quot;:&quot;SWTX45r06ePBadxaOoHx&quot;},{&quot;accountno&quot;:&quot;TA-3333332&quot;,&quot;departmentno&quot;:&quot;3&quot;,&quot;salary&quot;:&quot;3333&quot;,&quot;pincode&quot;:&quot;333333&quot;,&quot;userid&quot;:&quot;xPgXXPtOkw2m8eiug6Qv&quot;,&quot;id&quot;:&quot;Q2zBt4mNITfwOa3HTX6i&quot;},{&quot;accountno&quot;:&quot;TA-3333332&quot;,&quot;departmentno&quot;:&quot;3&quot;,&quot;salary&quot;:&quot;3333&quot;,&quot;pincode&quot;:&quot;333333&quot;,&quot;userid&quot;:&quot;xPgXXPtOkw2m8eiug6Qv&quot;,&quot;id&quot;:&quot;IZlxsYfUb0IvvBOo0CbJ&quot;},{&quot;accountno&quot;:&quot;TA-3333332&quot;,&quot;departmentno&quot;:&quot;3&quot;,&quot;salary&quot;:&quot;3333&quot;,&quot;pincode&quot;:&quot;333333&quot;,&quot;userid&quot;:&quot;xPgXXPtOkw2m8eiug6Qv&quot;,&quot;id&quot;:&quot;EVbaJX5HI9N1QXGzAvsS&quot;},{&quot;accountno&quot;:&quot;TA-3333332&quot;,&quot;departmentno&quot;:&quot;3&quot;,&quot;salary&quot;:&quot;3333&quot;,&quot;pincode&quot;:&quot;333333&quot;,&quot;userid&quot;:&quot;xPgXXPtOkw2m8eiug6Qv&quot;,&quot;id&quot;:&quot;nmuC1NPQ2NmHFrqn9TE0&quot;},{&quot;accountno&quot;:&quot;TA-2233454&quot;,&quot;departmentno&quot;:&quot;6&quot;,&quot;salary&quot;:&quot;6666&quot;,&quot;pincode&quot;:&quot;233445&quot;,&quot;userid&quot;:&quot;hLmoSgaGxc5rJEWXeBuQ&quot;,&quot;id&quot;:&quot;G77RZvptWLEkdaJWOkuq&quot;},{&quot;accountno&quot;:&quot;TA-3333332&quot;,&quot;departmentno&quot;:&quot;3&quot;,&quot;salary&quot;:&quot;3333&quot;,&quot;pincode&quot;:&quot;333333&quot;,&quot;userid&quot;:&quot;xPgXXPtOkw2m8eiug6Qv&quot;,&quot;id&quot;:&quot;mbx7QA7N1VhSUA0TKMbD&quot;},{&quot;accountno&quot;:&quot;TA-3333332&quot;,&quot;departmentno&quot;:&quot;3&quot;,&quot;salary&quot;:&quot;3333&quot;,&quot;pincode&quot;:&quot;333333&quot;,&quot;userid&quot;:&quot;xPgXXPtOkw2m8eiug6Qv&quot;,&quot;id&quot;:&quot;KbN50Lbp42qQjmtQCXGn&quot;},{&quot;accountno&quot;:&quot;TA-PR11017&quot;,&quot;departmentno&quot;:&quot;1&quot;,&quot;salary&quot;:&quot;123&quot;,&quot;pincode&quot;:&quot;945399&quot;,&quot;userid&quot;:&quot;o317WJnJvcdbT7eEI8I2&quot;,&quot;id&quot;:&quot;yeHlGCovhFXKbol08M5n&quot;},{&quot;accountno&quot;:&quot;TA-PR11017&quot;,&quot;departmentno&quot;:&quot;1&quot;,&quot;salary&quot;:&quot;123&quot;,&quot;pincode&quot;:&quot;945399&quot;,&quot;userid&quot;:&quot;o317WJnJvcdbT7eEI8I2&quot;,&quot;id&quot;:&quot;TvcSXyYe2xc1jSfDgAIB&quot;},{&quot;accountno&quot;:&quot;TA-PR11017&quot;,&quot;departmentno&quot;:&quot;1&quot;,&quot;salary&quot;:&quot;123&quot;,&quot;pincode&quot;:&quot;945399&quot;,&quot;userid&quot;:&quot;o317WJnJvcdbT7eEI8I2&quot;,&quot;id&quot;:&quot;cHnccd2sQPeKLFlZZq1F&quot;},{&quot;accountno&quot;:&quot;TA-PR11017&quot;,&quot;departmentno&quot;:&quot;1&quot;,&quot;salary&quot;:&quot;123&quot;,&quot;pincode&quot;:&quot;945399&quot;,&quot;userid&quot;:&quot;o317WJnJvcdbT7eEI8I2&quot;,&quot;id&quot;:&quot;6sPjPqIPkBbGp0QMLS6r&quot;},{&quot;accountno&quot;:&quot;TA-PR11017&quot;,&quot;departmentno&quot;:&quot;1&quot;,&quot;salary&quot;:&quot;123&quot;,&quot;pincode&quot;:&quot;945399&quot;,&quot;userid&quot;:&quot;o317WJnJvcdbT7eEI8I2&quot;,&quot;id&quot;:&quot;VP70hKT3pOcOcs5ieq9s&quot;},{&quot;accountno&quot;:&quot;TA-PR11017&quot;,&quot;departmentno&quot;:&quot;1&quot;,&quot;salary&quot;:&quot;123&quot;,&quot;pincode&quot;:&quot;945399&quot;,&quot;userid&quot;:&quot;o317WJnJvcdbT7eEI8I2&quot;,&quot;id&quot;:&quot;qluSrUWd4x6TwHezwmIz&quot;},{&quot;accountno&quot;:&quot;TA-PR11017&quot;,&quot;departmentno&quot;:&quot;1&quot;,&quot;salary&quot;:&quot;123&quot;,&quot;pincode&quot;:&quot;945399&quot;,&quot;userid&quot;:&quot;o317WJnJvcdbT7eEI8I2&quot;,&quot;id&quot;:&quot;TolYhfGkI5v6u898rdHj&quot;},{&quot;accountno&quot;:&quot;TA-2233451&quot;,&quot;departmentno&quot;:&quot;7&quot;,&quot;salary&quot;:&quot;7777&quot;,&quot;pincode&quot;:&quot;233445&quot;,&quot;userid&quot;:&quot;hLmoSgaGxc5rJEWXeBuQ&quot;,&quot;id&quot;:&quot;JCOdUGIkgLnu28OhGFYP&quot;},{&quot;accountno&quot;:&quot;TA-3333332&quot;,&quot;departmentno&quot;:&quot;3&quot;,&quot;salary&quot;:&quot;3333&quot;,&quot;pincode&quot;:&quot;333333&quot;,&quot;userid&quot;:&quot;xPgXXPtOkw2m8eiug6Qv&quot;,&quot;id&quot;:&quot;AejPFgO5ON7PIx6wNtpU&quot;},{&quot;accountno&quot;:&quot;TA-3333333&quot;,&quot;departmentno&quot;:&quot;3&quot;,&quot;salary&quot;:&quot;3333&quot;,&quot;pincode&quot;:&quot;333333&quot;,&quot;userid&quot;:&quot;xPgXXPtOkw2m8eiug6Qv&quot;,&quot;id&quot;:&quot;w4x1fLi7R1BzZk0IZg1e&quot;},{&quot;accountno&quot;:&quot;TA-2222222&quot;,&quot;departmentno&quot;:&quot;2&quot;,&quot;salary&quot;:&quot;2222&quot;,&quot;pincode&quot;:&quot;222222&quot;,&quot;userid&quot;:&quot;xPgXXPtOkw2m8eiug6Qv&quot;,&quot;id&quot;:&quot;eX5F1aSbBGKlpVg7BrJW&quot;},{&quot;accountno&quot;:&quot;TA-2222000&quot;,&quot;departmentno&quot;:&quot;7&quot;,&quot;salary&quot;:&quot;345&quot;,&quot;pincode&quot;:&quot;456789&quot;,&quot;userid&quot;:&quot;zooqXG7ZwAYI6imLwToS&quot;,&quot;id&quot;:&quot;WvN0wNWiEXgC6V1GtrdY&quot;},{&quot;accountno&quot;:&quot;TA-2222000&quot;,&quot;departmentno&quot;:&quot;7&quot;,&quot;salary&quot;:&quot;345&quot;,&quot;pincode&quot;:&quot;456789&quot;,&quot;userid&quot;:&quot;zooqXG7ZwAYI6imLwToS&quot;,&quot;id&quot;:&quot;1kOLduv6YsraFo3fH9Uf&quot;},{&quot;accountno&quot;:&quot;TA-2222000&quot;,&quot;departmentno&quot;:&quot;7&quot;,&quot;salary&quot;:&quot;345&quot;,&quot;pincode&quot;:&quot;456789&quot;,&quot;userid&quot;:&quot;zooqXG7ZwAYI6imLwToS&quot;,&quot;id&quot;:&quot;ibeaSGHbsMw8k6xK4YxV&quot;},{&quot;accountno&quot;:&quot;TA-2222000&quot;,&quot;departmentno&quot;:&quot;7&quot;,&quot;salary&quot;:&quot;345&quot;,&quot;pincode&quot;:&quot;456789&quot;,&quot;userid&quot;:&quot;zooqXG7ZwAYI6imLwToS&quot;,&quot;id&quot;:&quot;IBZCac6O68JbwrLTAMiH&quot;},{&quot;accountno&quot;:&quot;TA-9876123&quot;,&quot;departmentno&quot;:&quot;3&quot;,&quot;salary&quot;:&quot;3000&quot;,&quot;pincode&quot;:&quot;987000&quot;,&quot;userid&quot;:&quot;sDz6hu8wXncPmDthLNXn&quot;,&quot;id&quot;:&quot;uzLbHIjQD1LCr2bjRGWu&quot;},{&quot;accountno&quot;:&quot;TA-2222000&quot;,&quot;departmentno&quot;:&quot;7&quot;,&quot;salary&quot;:&quot;345&quot;,&quot;pincode&quot;:&quot;456789&quot;,&quot;userid&quot;:&quot;zooqXG7ZwAYI6imLwToS&quot;,&quot;id&quot;:&quot;Dv7mj9Zb1Lj9JyMdSecU&quot;},{&quot;accountno&quot;:&quot;TA-2222000&quot;,&quot;departmentno&quot;:&quot;7&quot;,&quot;salary&quot;:&quot;345&quot;,&quot;pincode&quot;:&quot;456789&quot;,&quot;userid&quot;:&quot;zooqXG7ZwAYI6imLwToS&quot;,&quot;id&quot;:&quot;hA2hn6ahTZPLU6HPCEqu&quot;},{&quot;accountno&quot;:&quot;TA-2222000&quot;,&quot;departmentno&quot;:&quot;7&quot;,&quot;salary&quot;:&quot;345&quot;,&quot;pincode&quot;:&quot;456789&quot;,&quot;userid&quot;:&quot;zooqXG7ZwAYI6imLwToS&quot;,&quot;id&quot;:&quot;Wx3JBPDDPRxjtHkHwXQ4&quot;},{&quot;accountno&quot;:&quot;TA-2222000&quot;,&quot;departmentno&quot;:&quot;9&quot;,&quot;salary&quot;:&quot;345&quot;,&quot;pincode&quot;:&quot;456789&quot;,&quot;userid&quot;:&quot;zooqXG7ZwAYI6imLwToS&quot;,&quot;id&quot;:&quot;MvT0jGcYHVXNsDlNjPYk&quot;},{&quot;accountno&quot;:&quot;TA-9876543&quot;,&quot;departmentno&quot;:&quot;4&quot;,&quot;salary&quot;:&quot;777&quot;,&quot;pincode&quot;:&quot;888888&quot;,&quot;userid&quot;:&quot;zooqXG7ZwAYI6imLwToS&quot;,&quot;id&quot;:&quot;5ZQ3MlxzUOVW7nzWqs5E&quot;},{&quot;accountno&quot;:&quot;TA-9876000&quot;,&quot;departmentno&quot;:&quot;9&quot;,&quot;salary&quot;:&quot;9000&quot;,&quot;pincode&quot;:&quot;987654&quot;,&quot;userid&quot;:&quot;sDz6hu8wXncPmDthLNXn&quot;,&quot;id&quot;:&quot;NvauWBsf0FBjDkESYOLB&quot;},{&quot;accountno&quot;:&quot;TA-9876541&quot;,&quot;departmentno&quot;:&quot;9&quot;,&quot;salary&quot;:&quot;9000&quot;,&quot;pincode&quot;:&quot;987654&quot;,&quot;userid&quot;:&quot;sDz6hu8wXncPmDthLNXn&quot;,&quot;id&quot;:&quot;jiDKJ7feD4OswAYoBw8Z&quot;},{&quot;accountno&quot;:&quot;TA-9876541&quot;,&quot;departmentno&quot;:&quot;9&quot;,&quot;salary&quot;:&quot;9000&quot;,&quot;pincode&quot;:&quot;987654&quot;,&quot;userid&quot;:&quot;sDz6hu8wXncPmDthLNXn&quot;,&quot;id&quot;:&quot;5wojuA4pTwPAhhxeamEX&quot;},{&quot;accountno&quot;:&quot;TA-9876543&quot;,&quot;departmentno&quot;:&quot;9&quot;,&quot;salary&quot;:&quot;9000&quot;,&quot;pincode&quot;:&quot;987654&quot;,&quot;userid&quot;:&quot;sDz6hu8wXncPmDthLNXn&quot;,&quot;id&quot;:&quot;mSZA2twjNQ4VwXLTj8O3&quot;},{&quot;accountno&quot;:&quot;TA-1234567&quot;,&quot;departmentno&quot;:&quot;3&quot;,&quot;salary&quot;:&quot;3000&quot;,&quot;pincode&quot;:&quot;123456&quot;,&quot;userid&quot;:&quot;sDz6hu8wXncPmDthLNXn&quot;,&quot;id&quot;:&quot;NpIgbwqN1tSHKFlIMvsQ&quot;},{&quot;accountno&quot;:&quot;TA-2222000&quot;,&quot;departmentno&quot;:&quot;9&quot;,&quot;salary&quot;:&quot;345&quot;,&quot;pincode&quot;:&quot;456789&quot;,&quot;userid&quot;:&quot;zooqXG7ZwAYI6imLwToS&quot;,&quot;id&quot;:&quot;O0KgIrE7JpuNFelIE1OE&quot;},{&quot;accountno&quot;:&quot;TA-9876543&quot;,&quot;departmentno&quot;:&quot;4&quot;,&quot;salary&quot;:&quot;777&quot;,&quot;pincode&quot;:&quot;888888&quot;,&quot;userid&quot;:&quot;zooqXG7ZwAYI6imLwToS&quot;,&quot;id&quot;:&quot;GDtIRI6Zngk2SKUeD9zp&quot;},{&quot;accountno&quot;:&quot;TA-9876543&quot;,&quot;departmentno&quot;:&quot;4&quot;,&quot;salary&quot;:&quot;777&quot;,&quot;pincode&quot;:&quot;888888&quot;,&quot;userid&quot;:&quot;zooqXG7ZwAYI6imLwToS&quot;,&quot;id&quot;:&quot;8PT0c9XjOquRrLamSOjQ&quot;},{&quot;accountno&quot;:&quot;TA-9876543&quot;,&quot;departmentno&quot;:&quot;4&quot;,&quot;salary&quot;:&quot;777&quot;,&quot;pincode&quot;:&quot;888888&quot;,&quot;userid&quot;:&quot;zooqXG7ZwAYI6imLwToS&quot;,&quot;id&quot;:&quot;VsqVZtowN6vIZ0JKiOzc&quot;},{&quot;accountno&quot;:&quot;TA-9876543&quot;,&quot;departmentno&quot;:&quot;null&quot;,&quot;salary&quot;:&quot;777&quot;,&quot;pincode&quot;:&quot;888888&quot;,&quot;userid&quot;:&quot;zooqXG7ZwAYI6imLwToS&quot;,&quot;id&quot;:&quot;W3Clm2IXXUQRMZ1Z4077&quot;},{&quot;accountno&quot;:&quot;TA-9876543&quot;,&quot;departmentno&quot;:&quot;7&quot;,&quot;salary&quot;:&quot;6666&quot;,&quot;pincode&quot;:&quot;909090&quot;,&quot;userid&quot;:&quot;zooqXG7ZwAYI6imLwToS&quot;,&quot;id&quot;:&quot;gYplJZbA0R0Bm0I0BOIs&quot;},{&quot;accountno&quot;:&quot;TA-2222000&quot;,&quot;departmentno&quot;:&quot;9&quot;,&quot;salary&quot;:&quot;345&quot;,&quot;pincode&quot;:&quot;456789&quot;,&quot;userid&quot;:&quot;zooqXG7ZwAYI6imLwToS&quot;,&quot;id&quot;:&quot;qJdqRuzgAOyucAmsHp83&quot;},{&quot;accountno&quot;:&quot;TA-2222000&quot;,&quot;departmentno&quot;:&quot;9&quot;,&quot;salary&quot;:&quot;345&quot;,&quot;pincode&quot;:&quot;456789&quot;,&quot;userid&quot;:&quot;zooqXG7ZwAYI6imLwToS&quot;,&quot;id&quot;:&quot;Z1TtDjTExeSwnaWAsoMW&quot;},{&quot;accountno&quot;:&quot;TA-2222000&quot;,&quot;departmentno&quot;:&quot;9&quot;,&quot;salary&quot;:&quot;345&quot;,&quot;pincode&quot;:&quot;456789&quot;,&quot;userid&quot;:&quot;zooqXG7ZwAYI6imLwToS&quot;,&quot;id&quot;:&quot;KJUYLJD22PlBNHVFKlAc&quot;},{&quot;accountno&quot;:&quot;TA-2222000&quot;,&quot;departmentno&quot;:&quot;9&quot;,&quot;salary&quot;:&quot;345&quot;,&quot;pincode&quot;:&quot;456789&quot;,&quot;userid&quot;:&quot;zooqXG7ZwAYI6imLwToS&quot;,&quot;id&quot;:&quot;GDrGcyYkPdY6APiVj7h3&quot;},{&quot;accountno&quot;:&quot;TA-2222000&quot;,&quot;departmentno&quot;:&quot;9&quot;,&quot;salary&quot;:&quot;345&quot;,&quot;pincode&quot;:&quot;456789&quot;,&quot;userid&quot;:&quot;zooqXG7ZwAYI6imLwToS&quot;,&quot;id&quot;:&quot;3BTW6TaBLjy9BlMuHzX2&quot;},{&quot;accountno&quot;:&quot;TA-2222000&quot;,&quot;departmentno&quot;:&quot;9&quot;,&quot;salary&quot;:&quot;345&quot;,&quot;pincode&quot;:&quot;456789&quot;,&quot;userid&quot;:&quot;zooqXG7ZwAYI6imLwToS&quot;,&quot;id&quot;:&quot;6lHSec81qbODfyGpipjZ&quot;},{&quot;accountno&quot;:&quot;TA-2222000&quot;,&quot;departmentno&quot;:&quot;9&quot;,&quot;salary&quot;:&quot;345&quot;,&quot;pincode&quot;:&quot;456789&quot;,&quot;userid&quot;:&quot;zooqXG7ZwAYI6imLwToS&quot;,&quot;id&quot;:&quot;v8lnKniDDueJuMfnlRSs&quot;},{&quot;accountno&quot;:&quot;TA-2222000&quot;,&quot;departmentno&quot;:&quot;9&quot;,&quot;salary&quot;:&quot;345&quot;,&quot;pincode&quot;:&quot;456789&quot;,&quot;userid&quot;:&quot;zooqXG7ZwAYI6imLwToS&quot;,&quot;id&quot;:&quot;WYrKJ8SGqYC2Ik6EzYqU&quot;},{&quot;accountno&quot;:&quot;TA-9876543&quot;,&quot;departmentno&quot;:&quot;6&quot;,&quot;salary&quot;:&quot;777&quot;,&quot;pincode&quot;:&quot;888888&quot;,&quot;userid&quot;:&quot;zooqXG7ZwAYI6imLwToS&quot;,&quot;id&quot;:&quot;hjpExMZmunKtFYlzZmVA&quot;},{&quot;accountno&quot;:&quot;TA-9876543&quot;,&quot;departmentno&quot;:&quot;7&quot;,&quot;salary&quot;:&quot;777&quot;,&quot;pincode&quot;:&quot;888888&quot;,&quot;userid&quot;:&quot;zooqXG7ZwAYI6imLwToS&quot;,&quot;id&quot;:&quot;OiGF9IED5YNvSmqcoc11&quot;},{&quot;accountno&quot;:&quot;TA-2220193&quot;,&quot;departmentno&quot;:&quot;9&quot;,&quot;salary&quot;:&quot;345&quot;,&quot;pincode&quot;:&quot;456789&quot;,&quot;userid&quot;:&quot;zooqXG7ZwAYI6imLwToS&quot;,&quot;id&quot;:&quot;1oqKSw6b07KWYVlk1NJj&quot;},{&quot;accountno&quot;:&quot;TA-2220133&quot;,&quot;departmentno&quot;:&quot;9&quot;,&quot;salary&quot;:&quot;345&quot;,&quot;pincode&quot;:&quot;456789&quot;,&quot;userid&quot;:&quot;zooqXG7ZwAYI6imLwToS&quot;,&quot;id&quot;:&quot;yiOu6AmDHt68GDbVqGq8&quot;},{&quot;accountno&quot;:&quot;TA-2220111&quot;,&quot;departmentno&quot;:&quot;9&quot;,&quot;salary&quot;:&quot;345&quot;,&quot;pincode&quot;:&quot;456789&quot;,&quot;userid&quot;:&quot;zooqXG7ZwAYI6imLwToS&quot;,&quot;id&quot;:&quot;4CNH8VNxZx6Lt6WEVHn1&quot;},{&quot;accountno&quot;:&quot;TA-2222111&quot;,&quot;departmentno&quot;:&quot;9&quot;,&quot;salary&quot;:&quot;345&quot;,&quot;pincode&quot;:&quot;456789&quot;,&quot;userid&quot;:&quot;zooqXG7ZwAYI6imLwToS&quot;,&quot;id&quot;:&quot;xHKMAEpPx5qnOARfqVZo&quot;},{&quot;accountno&quot;:&quot;TA-2222201&quot;,&quot;departmentno&quot;:9,&quot;salary&quot;:345,&quot;pincode&quot;:456789,&quot;userid&quot;:&quot;zooqXG7ZwAYI6imLwToS&quot;,&quot;id&quot;:&quot;UZlGWrWtqvq7YPfFVycb&quot;},{&quot;accountno&quot;:&quot;TA-2222000&quot;,&quot;departmentno&quot;:&quot;9&quot;,&quot;salary&quot;:&quot;345&quot;,&quot;pincode&quot;:&quot;456789&quot;,&quot;userid&quot;:&quot;zooqXG7ZwAYI6imLwToS&quot;,&quot;id&quot;:&quot;aYJUBmtxekewh2uoZ2qU&quot;},{&quot;accountno&quot;:&quot;TA-2222200&quot;,&quot;departmentno&quot;:&quot;9&quot;,&quot;salary&quot;:&quot;345&quot;,&quot;pincode&quot;:&quot;456789&quot;,&quot;userid&quot;:&quot;zooqXG7ZwAYI6imLwToS&quot;,&quot;id&quot;:&quot;gZUfULaXdYGd2LbhqYBY&quot;},{&quot;accountno&quot;:&quot;TA-2222220&quot;,&quot;departmentno&quot;:&quot;9&quot;,&quot;salary&quot;:&quot;345&quot;,&quot;pincode&quot;:&quot;456789&quot;,&quot;userid&quot;:&quot;zooqXG7ZwAYI6imLwToS&quot;,&quot;id&quot;:&quot;kKpOtXegYIAksONgqkPj&quot;},{&quot;accountno&quot;:&quot;TA-2222220&quot;,&quot;departmentno&quot;:&quot;9&quot;,&quot;salary&quot;:&quot;345&quot;,&quot;pincode&quot;:&quot;456789&quot;,&quot;userid&quot;:&quot;zooqXG7ZwAYI6imLwToS&quot;,&quot;id&quot;:&quot;btkpBA3ANruSyoQXIjby&quot;},{&quot;accountno&quot;:&quot;TA-2222220&quot;,&quot;departmentno&quot;:&quot;9&quot;,&quot;salary&quot;:&quot;345&quot;,&quot;pincode&quot;:&quot;456789&quot;,&quot;userid&quot;:&quot;zooqXG7ZwAYI6imLwToS&quot;,&quot;id&quot;:&quot;CRd7hWIlbsiVjp9JHA0i&quot;},{&quot;accountno&quot;:&quot;TA-6767342&quot;,&quot;departmentno&quot;:&quot;2&quot;,&quot;salary&quot;:&quot;40000&quot;,&quot;pincode&quot;:&quot;123456&quot;,&quot;userid&quot;:&quot;V53JqxS7nf5pZ0g7TbM2&quot;,&quot;id&quot;:&quot;aWpjx6FzpxNOFW3Igsgo&quot;},{&quot;accountno&quot;:&quot;TA-6767342&quot;,&quot;departmentno&quot;:&quot;2&quot;,&quot;salary&quot;:&quot;40000&quot;,&quot;pincode&quot;:&quot;123456&quot;,&quot;userid&quot;:&quot;V53JqxS7nf5pZ0g7TbM2&quot;,&quot;id&quot;:&quot;JXKvkgx4t72EqGxuoI4u&quot;},{&quot;accountno&quot;:&quot;TA-6767342&quot;,&quot;departmentno&quot;:&quot;2&quot;,&quot;salary&quot;:&quot;40000&quot;,&quot;pincode&quot;:&quot;123456&quot;,&quot;userid&quot;:&quot;V53JqxS7nf5pZ0g7TbM2&quot;,&quot;id&quot;:&quot;38XaAYxKFxrsMEaftGOs&quot;},{&quot;accountno&quot;:&quot;TA-6767342&quot;,&quot;departmentno&quot;:&quot;2&quot;,&quot;salary&quot;:&quot;40000&quot;,&quot;pincode&quot;:&quot;123456&quot;,&quot;userid&quot;:&quot;V53JqxS7nf5pZ0g7TbM2&quot;,&quot;id&quot;:&quot;s2q9CWrGRfaQX8x7LHsp&quot;},{&quot;accountno&quot;:&quot;TA-9999881&quot;,&quot;departmentno&quot;:&quot;1&quot;,&quot;salary&quot;:&quot;2000&quot;,&quot;pincode&quot;:&quot;123123&quot;,&quot;userid&quot;:&quot;taGX4XQQfXD3Z76sI1Xn&quot;,&quot;id&quot;:&quot;qw9yqWiJLr5J0tMY27Rp&quot;},{&quot;accountno&quot;:&quot;TA-9999882&quot;,&quot;departmentno&quot;:&quot;1&quot;,&quot;salary&quot;:&quot;123&quot;,&quot;pincode&quot;:&quot;111999&quot;,&quot;userid&quot;:&quot;taGX4XQQfXD3Z76sI1Xn&quot;,&quot;id&quot;:&quot;6lEKMJT5scWs6O6eW2Bo&quot;},{&quot;accountno&quot;:&quot;TA-93333333&quot;,&quot;departmentno&quot;:&quot;4&quot;,&quot;salary&quot;:&quot;00004&quot;,&quot;pincode&quot;:&quot;000003&quot;,&quot;userid&quot;:&quot;taGX4XQQfXD3Z76sI1Xn&quot;,&quot;id&quot;:&quot;eDxKzGqCoW55UroFXe5B&quot;},{&quot;accountno&quot;:&quot;TA-PR11016&quot;,&quot;departmentno&quot;:&quot;2&quot;,&quot;salary&quot;:&quot;6000&quot;,&quot;pincode&quot;:&quot;945399&quot;,&quot;userid&quot;:&quot;o317WJnJvcdbT7eEI8I2&quot;,&quot;id&quot;:&quot;LeqERSSzNYXmqNjDN9kF&quot;},{&quot;accountno&quot;:&quot;TA-PR11015&quot;,&quot;departmentno&quot;:&quot;2&quot;,&quot;salary&quot;:&quot;6000&quot;,&quot;pincode&quot;:&quot;945399&quot;,&quot;userid&quot;:&quot;o317WJnJvcdbT7eEI8I2&quot;,&quot;id&quot;:&quot;KHlTbTHpmXkkDwu5wRNF&quot;},{&quot;accountno&quot;:&quot;TA-7777777&quot;,&quot;departmentno&quot;:&quot;7&quot;,&quot;salary&quot;:&quot;4000&quot;,&quot;pincode&quot;:&quot;123456&quot;,&quot;userid&quot;:&quot;fop79TzJpDpPIXSEPC4c&quot;,&quot;id&quot;:&quot;LsqSSS08ZO94ZGeqzAGs&quot;},{&quot;accountno&quot;:&quot;TA-7777777&quot;,&quot;departmentno&quot;:&quot;7&quot;,&quot;salary&quot;:&quot;4000&quot;,&quot;pincode&quot;:&quot;123456&quot;,&quot;userid&quot;:&quot;fop79TzJpDpPIXSEPC4c&quot;,&quot;id&quot;:&quot;fAnrRG3DRT0EFhm1Z5ca&quot;},{&quot;accountno&quot;:&quot;TA-1111111&quot;,&quot;departmentno&quot;:&quot;1&quot;,&quot;salary&quot;:&quot;11111&quot;,&quot;pincode&quot;:&quot;111111&quot;,&quot;userid&quot;:&quot;xPgXXPtOkw2m8eiug6Qv&quot;,&quot;id&quot;:&quot;JABGUmKiHjewClIXlTzb&quot;},{&quot;accountno&quot;:&quot;TA-2233446&quot;,&quot;departmentno&quot;:&quot;5&quot;,&quot;salary&quot;:&quot;555&quot;,&quot;pincode&quot;:&quot;123455&quot;,&quot;userid&quot;:&quot;hLmoSgaGxc5rJEWXeBuQ&quot;,&quot;id&quot;:&quot;2jXkfSpcEnpERj0FcQeT&quot;},{&quot;accountno&quot;:&quot;TA-2233446&quot;,&quot;departmentno&quot;:&quot;5&quot;,&quot;salary&quot;:&quot;555&quot;,&quot;pincode&quot;:&quot;123455&quot;,&quot;userid&quot;:&quot;hLmoSgaGxc5rJEWXeBuQ&quot;,&quot;id&quot;:&quot;pAJwsnvnsKtB1TEUP3LV&quot;},{&quot;accountno&quot;:&quot;TA-2233446&quot;,&quot;departmentno&quot;:&quot;5&quot;,&quot;salary&quot;:&quot;555&quot;,&quot;pincode&quot;:&quot;123455&quot;,&quot;userid&quot;:&quot;hLmoSgaGxc5rJEWXeBuQ&quot;,&quot;id&quot;:&quot;uwlE15v9Ji6ePLYAy4AE&quot;},{&quot;accountno&quot;:&quot;TA-0099881&quot;,&quot;departmentno&quot;:&quot;1&quot;,&quot;salary&quot;:&quot;2000&quot;,&quot;pincode&quot;:&quot;123123&quot;,&quot;userid&quot;:&quot;t0FypKvwYJfLOXYFZTIN&quot;,&quot;id&quot;:&quot;dhcnz7UJKJPVttRC3ckT&quot;},{&quot;accountno&quot;:&quot;TA-0099881&quot;,&quot;departmentno&quot;:&quot;1&quot;,&quot;salary&quot;:&quot;2000&quot;,&quot;pincode&quot;:&quot;123123&quot;,&quot;userid&quot;:&quot;t0FypKvwYJfLOXYFZTIN&quot;,&quot;id&quot;:&quot;5ucchDkEijxdZ6gILOGL&quot;},{&quot;accountno&quot;:&quot;TA-0099881&quot;,&quot;departmentno&quot;:&quot;1&quot;,&quot;salary&quot;:&quot;2000&quot;,&quot;pincode&quot;:&quot;123123&quot;,&quot;userid&quot;:&quot;t0FypKvwYJfLOXYFZTIN&quot;,&quot;id&quot;:&quot;dI6PEhwJuesHjrqpsneU&quot;},{&quot;accountno&quot;:&quot;TA-0099881&quot;,&quot;departmentno&quot;:&quot;1&quot;,&quot;salary&quot;:&quot;2000&quot;,&quot;pincode&quot;:&quot;123123&quot;,&quot;userid&quot;:&quot;t0FypKvwYJfLOXYFZTIN&quot;,&quot;id&quot;:&quot;FlS5wo1eX2jaOSnzsyhg&quot;},{&quot;accountno&quot;:&quot;TA-0099881&quot;,&quot;departmentno&quot;:&quot;1&quot;,&quot;salary&quot;:&quot;2000&quot;,&quot;pincode&quot;:&quot;123123&quot;,&quot;userid&quot;:&quot;t0FypKvwYJfLOXYFZTIN&quot;,&quot;id&quot;:&quot;U0m9gUFLIOxNKeEpuURT&quot;},{&quot;accountno&quot;:&quot;TA-0099881&quot;,&quot;departmentno&quot;:&quot;1&quot;,&quot;salary&quot;:&quot;2000&quot;,&quot;pincode&quot;:&quot;123123&quot;,&quot;userid&quot;:&quot;t0FypKvwYJfLOXYFZTIN&quot;,&quot;id&quot;:&quot;SEKi2QAfTBB7J2DZF8kB&quot;},{&quot;accountno&quot;:&quot;TA-0099882&quot;,&quot;departmentno&quot;:&quot;1&quot;,&quot;salary&quot;:&quot;2000&quot;,&quot;pincode&quot;:&quot;123123&quot;,&quot;userid&quot;:&quot;zhFI4oQlHjP2cn3mW3GP&quot;,&quot;id&quot;:&quot;txXZ3rAUGh1pOkzLq9ly&quot;},{&quot;accountno&quot;:&quot;TA-0099881&quot;,&quot;departmentno&quot;:&quot;1&quot;,&quot;salary&quot;:&quot;2000&quot;,&quot;pincode&quot;:&quot;123123&quot;,&quot;userid&quot;:&quot;zhFI4oQlHjP2cn3mW3GP&quot;,&quot;id&quot;:&quot;HFplsSiwtCIR2zocyAlK&quot;},{&quot;accountno&quot;:&quot;TA-0099881&quot;,&quot;departmentno&quot;:&quot;5&quot;,&quot;salary&quot;:&quot;2000&quot;,&quot;pincode&quot;:&quot;123123&quot;,&quot;userid&quot;:&quot;t0FypKvwYJfLOXYFZTIN&quot;,&quot;id&quot;:&quot;EFuUqy1z2o23ftMgHPrZ&quot;},{&quot;accountno&quot;:&quot;TA-2233442&quot;,&quot;departmentno&quot;:&quot;5&quot;,&quot;salary&quot;:&quot;555&quot;,&quot;pincode&quot;:&quot;123455&quot;,&quot;userid&quot;:&quot;hLmoSgaGxc5rJEWXeBuQ&quot;,&quot;id&quot;:&quot;p5St0enGuO3vznlSb42m&quot;},{&quot;accountno&quot;:&quot;TA- 350350&quot;,&quot;departmentno&quot;:&quot;1&quot;,&quot;salary&quot;:&quot;352&quot;,&quot;pincode&quot;:&quot;153246&quot;,&quot;userid&quot;:&quot;ryVwCNmn6bfypL1OgtSg&quot;,&quot;id&quot;:&quot;K0uMjtVe6wo2VFbRyUm2&quot;},{&quot;accountno&quot;:&quot;TA-2233441&quot;,&quot;departmentno&quot;:&quot;5&quot;,&quot;salary&quot;:&quot;555&quot;,&quot;pincode&quot;:&quot;123455&quot;,&quot;userid&quot;:&quot;hLmoSgaGxc5rJEWXeBuQ&quot;,&quot;id&quot;:&quot;GIm34f9ML23nUtCkK0w3&quot;},{&quot;accountno&quot;:&quot;TA-4545454&quot;,&quot;departmentno&quot;:&quot;1&quot;,&quot;salary&quot;:&quot;500&quot;,&quot;pincode&quot;:&quot;627117&quot;,&quot;userid&quot;:&quot;ryVwCNmn6bfypL1OgtSg&quot;,&quot;id&quot;:&quot;o5QuRVLHcR4zJtKUh8P5&quot;},{&quot;accountno&quot;:&quot;TA-3333331&quot;,&quot;departmentno&quot;:&quot;9&quot;,&quot;salary&quot;:&quot;345&quot;,&quot;pincode&quot;:&quot;456789&quot;,&quot;userid&quot;:&quot;zooqXG7ZwAYI6imLwToS&quot;,&quot;id&quot;:&quot;KL5panNlUlc3a04Aqfik&quot;},{&quot;accountno&quot;:&quot;TA-1234567&quot;,&quot;departmentno&quot;:&quot;4&quot;,&quot;salary&quot;:&quot;444&quot;,&quot;pincode&quot;:&quot;445566&quot;,&quot;userid&quot;:&quot;zooqXG7ZwAYI6imLwToS&quot;,&quot;id&quot;:&quot;Bwr1ft52ZxB3Kf39e7Yk&quot;},{&quot;accountno&quot;:&quot;TA-6666669&quot;,&quot;departmentno&quot;:&quot;1&quot;,&quot;salary&quot;:&quot;100&quot;,&quot;pincode&quot;:&quot;123456&quot;,&quot;userid&quot;:&quot;fop79TzJpDpPIXSEPC4c&quot;,&quot;id&quot;:&quot;wOP2g1x8IDnxtWkTe3T8&quot;},{&quot;accountno&quot;:&quot;TA-1000000&quot;,&quot;departmentno&quot;:&quot;9&quot;,&quot;salary&quot;:&quot;345&quot;,&quot;pincode&quot;:&quot;456789&quot;,&quot;userid&quot;:&quot;zooqXG7ZwAYI6imLwToS&quot;,&quot;id&quot;:&quot;qSoi9ouYJxI9jMrvpwKk&quot;},{&quot;accountno&quot;:&quot;TA-1234565&quot;,&quot;departmentno&quot;:&quot;9&quot;,&quot;salary&quot;:&quot;345&quot;,&quot;pincode&quot;:&quot;456789&quot;,&quot;userid&quot;:&quot;zooqXG7ZwAYI6imLwToS&quot;,&quot;id&quot;:&quot;lGPntili91gvkruGH4d4&quot;},{&quot;accountno&quot;:&quot;TA-1234569&quot;,&quot;departmentno&quot;:&quot;9&quot;,&quot;salary&quot;:&quot;345&quot;,&quot;pincode&quot;:&quot;456789&quot;,&quot;userid&quot;:&quot;zooqXG7ZwAYI6imLwToS&quot;,&quot;id&quot;:&quot;9Y97uJlnWVyTnyw0S2Dg&quot;},{&quot;accountno&quot;:&quot;TA-1234568&quot;,&quot;departmentno&quot;:&quot;9&quot;,&quot;salary&quot;:&quot;345&quot;,&quot;pincode&quot;:&quot;456789&quot;,&quot;userid&quot;:&quot;zooqXG7ZwAYI6imLwToS&quot;,&quot;id&quot;:&quot;cjkooyV5zwmozmNZHgn7&quot;},{&quot;accountno&quot;:&quot;TA-1234560&quot;,&quot;departmentno&quot;:7,&quot;salary&quot;:345,&quot;pincode&quot;:456789,&quot;userid&quot;:&quot;zooqXG7ZwAYI6imLwToS&quot;,&quot;id&quot;:&quot;2KG259FUd6WxKmnZ8AWU&quot;},{&quot;accountno&quot;:&quot;TA-1234568&quot;,&quot;departmentno&quot;:&quot;5&quot;,&quot;salary&quot;:&quot;345&quot;,&quot;pincode&quot;:&quot;456789&quot;,&quot;userid&quot;:&quot;zooqXG7ZwAYI6imLwToS&quot;,&quot;id&quot;:&quot;g62u2qk98lO3xPNTzyT6&quot;},{&quot;accountno&quot;:&quot;TA-1234568&quot;,&quot;departmentno&quot;:6,&quot;salary&quot;:345,&quot;pincode&quot;:456789,&quot;userid&quot;:&quot;zooqXG7ZwAYI6imLwToS&quot;,&quot;id&quot;:&quot;LTgMGftmN645NegntWUX&quot;},{&quot;accountno&quot;:&quot;TA-1234568&quot;,&quot;departmentno&quot;:&quot;5&quot;,&quot;salary&quot;:&quot;345&quot;,&quot;pincode&quot;:&quot;456789&quot;,&quot;userid&quot;:&quot;zooqXG7ZwAYI6imLwToS&quot;,&quot;id&quot;:&quot;CowJK4rq7p2g61UBZ1ZL&quot;},{&quot;accountno&quot;:&quot;TA-1234565&quot;,&quot;departmentno&quot;:&quot;5&quot;,&quot;salary&quot;:&quot;345&quot;,&quot;pincode&quot;:&quot;456789&quot;,&quot;userid&quot;:&quot;zooqXG7ZwAYI6imLwToS&quot;,&quot;id&quot;:&quot;kmcQcVuornWKcpZ7ptbC&quot;},{&quot;accountno&quot;:&quot;TA-1234566&quot;,&quot;departmentno&quot;:1,&quot;salary&quot;:9996,&quot;pincode&quot;:123456,&quot;userid&quot;:&quot;xPgXXPtOkw2m8eiug6Qv&quot;,&quot;id&quot;:&quot;aODHGawBkfmicoJNFjFJ&quot;},{&quot;accountno&quot;:&quot;TA-6666667&quot;,&quot;departmentno&quot;:2,&quot;salary&quot;:600,&quot;pincode&quot;:123456,&quot;userid&quot;:&quot;fop79TzJpDpPIXSEPC4c&quot;,&quot;id&quot;:&quot;RLCp6kFaIntooPWmlWFs&quot;},{&quot;accountno&quot;:&quot;TA-1234567&quot;,&quot;departmentno&quot;:&quot;1&quot;,&quot;salary&quot;:&quot;9999&quot;,&quot;pincode&quot;:&quot;123456&quot;,&quot;userid&quot;:&quot;xPgXXPtOkw2m8eiug6Qv&quot;,&quot;id&quot;:&quot;JfyiDMUUU4ohZAkHenZT&quot;},{&quot;accountno&quot;:&quot;TA-6666666&quot;,&quot;departmentno&quot;:&quot;1&quot;,&quot;salary&quot;:&quot;100&quot;,&quot;pincode&quot;:&quot;123456&quot;,&quot;userid&quot;:&quot;fop79TzJpDpPIXSEPC4c&quot;,&quot;id&quot;:&quot;tSRCtFjVq1gw7s0W3lFf&quot;},{&quot;accountno&quot;:&quot;TA-3344555&quot;,&quot;departmentno&quot;:&quot;2&quot;,&quot;salary&quot;:&quot;4500&quot;,&quot;pincode&quot;:&quot;444555&quot;,&quot;userid&quot;:&quot;xPgXXPtOkw2m8eiug6Qv&quot;,&quot;id&quot;:&quot;RXYlTWbswzCSa6BouCwK&quot;},{&quot;accountno&quot;:&quot;TA-3344555&quot;,&quot;departmentno&quot;:&quot;2&quot;,&quot;salary&quot;:&quot;4500&quot;,&quot;pincode&quot;:&quot;444555&quot;,&quot;userid&quot;:&quot;xPgXXPtOkw2m8eiug6Qv&quot;,&quot;id&quot;:&quot;LyPuJeWKTj8TgI3X72Kj&quot;},{&quot;accountno&quot;:&quot;TA-PR11014&quot;,&quot;departmentno&quot;:&quot;1&quot;,&quot;salary&quot;:&quot;123&quot;,&quot;pincode&quot;:&quot;945399&quot;,&quot;userid&quot;:&quot;o317WJnJvcdbT7eEI8I2&quot;,&quot;id&quot;:&quot;qoG7rlQ6oV1PUtBYEpAi&quot;},{&quot;accountno&quot;:&quot;TA-PR11014&quot;,&quot;departmentno&quot;:&quot;1&quot;,&quot;salary&quot;:&quot;123&quot;,&quot;pincode&quot;:&quot;945399&quot;,&quot;userid&quot;:&quot;o317WJnJvcdbT7eEI8I2&quot;,&quot;id&quot;:&quot;Wsd1IcHss3zOY0HSp7mo&quot;},{&quot;accountno&quot;:&quot;TA-PR11013&quot;,&quot;departmentno&quot;:&quot;1&quot;,&quot;salary&quot;:&quot;123&quot;,&quot;pincode&quot;:&quot;945399&quot;,&quot;userid&quot;:&quot;o317WJnJvcdbT7eEI8I2&quot;,&quot;id&quot;:&quot;kW1lOdwWFAvhb6HKmCmL&quot;},{&quot;accountno&quot;:&quot;TA-PR11012&quot;,&quot;departmentno&quot;:&quot;1&quot;,&quot;salary&quot;:&quot;123&quot;,&quot;pincode&quot;:&quot;945399&quot;,&quot;userid&quot;:&quot;o317WJnJvcdbT7eEI8I2&quot;,&quot;id&quot;:&quot;Gs4vEwzGfBZBKEkA5BeG&quot;},{&quot;accountno&quot;:&quot;TA-6666666&quot;,&quot;departmentno&quot;:&quot;1&quot;,&quot;salary&quot;:&quot;100&quot;,&quot;pincode&quot;:&quot;123456&quot;,&quot;userid&quot;:&quot;fop79TzJpDpPIXSEPC4c&quot;,&quot;id&quot;:&quot;JvPfpHt3veG94Ni9pXWY&quot;},{&quot;accountno&quot;:&quot;TA-2222222&quot;,&quot;departmentno&quot;:2,&quot;salary&quot;:500,&quot;pincode&quot;:123456,&quot;userid&quot;:&quot;fop79TzJpDpPIXSEPC4c&quot;,&quot;id&quot;:&quot;nWwmQ6geSjIpgdfdXFcA&quot;},{&quot;accountno&quot;:&quot;TA-7777777&quot;,&quot;departmentno&quot;:&quot;2&quot;,&quot;salary&quot;:&quot;600&quot;,&quot;pincode&quot;:&quot;123467&quot;,&quot;userid&quot;:&quot;fop79TzJpDpPIXSEPC4c&quot;,&quot;id&quot;:&quot;tnNgPf4uicsPLap2sLwt&quot;},{&quot;accountno&quot;:&quot;TA-PR11011&quot;,&quot;departmentno&quot;:&quot;1&quot;,&quot;salary&quot;:&quot;123&quot;,&quot;pincode&quot;:&quot;945399&quot;,&quot;userid&quot;:&quot;o317WJnJvcdbT7eEI8I2&quot;,&quot;id&quot;:&quot;4LNZV43lotC50pQKIiK2&quot;},{&quot;accountno&quot;:&quot;TA-PR11010&quot;,&quot;departmentno&quot;:&quot;1&quot;,&quot;salary&quot;:&quot;123&quot;,&quot;pincode&quot;:&quot;945399&quot;,&quot;userid&quot;:&quot;o317WJnJvcdbT7eEI8I2&quot;,&quot;id&quot;:&quot;RNSjdTxChZ4vuKu5hISn&quot;},{&quot;accountno&quot;:&quot;TA-PR11010&quot;,&quot;departmentno&quot;:&quot;1&quot;,&quot;salary&quot;:&quot;123&quot;,&quot;pincode&quot;:&quot;945399&quot;,&quot;userid&quot;:&quot;o317WJnJvcdbT7eEI8I2&quot;,&quot;id&quot;:&quot;7cgVZP6YXuG6kBKIBYoM&quot;},{&quot;accountno&quot;:&quot;TA-7777776&quot;,&quot;departmentno&quot;:&quot;1&quot;,&quot;salary&quot;:&quot;700&quot;,&quot;pincode&quot;:&quot;123456&quot;,&quot;userid&quot;:&quot;fop79TzJpDpPIXSEPC4c&quot;,&quot;id&quot;:&quot;F7bsfJtwKiHcd4VvUwOF&quot;},{&quot;accountno&quot;:&quot;TA-0099881&quot;,&quot;departmentno&quot;:&quot;1&quot;,&quot;salary&quot;:&quot;2000&quot;,&quot;pincode&quot;:&quot;123123&quot;,&quot;userid&quot;:&quot;t0FypKvwYJfLOXYFZTIN&quot;,&quot;id&quot;:&quot;0P9aSRsivBLL9LA1NgQq&quot;},{&quot;accountno&quot;:&quot;TA-PR11009&quot;,&quot;departmentno&quot;:&quot;1&quot;,&quot;salary&quot;:&quot;123&quot;,&quot;pincode&quot;:&quot;945399&quot;,&quot;userid&quot;:&quot;o317WJnJvcdbT7eEI8I2&quot;,&quot;id&quot;:&quot;HEh5kLLjjzYekvmmDIhC&quot;},{&quot;accountno&quot;:&quot;TA-PR11008&quot;,&quot;departmentno&quot;:&quot;1&quot;,&quot;salary&quot;:&quot;123&quot;,&quot;pincode&quot;:&quot;945399&quot;,&quot;userid&quot;:&quot;o317WJnJvcdbT7eEI8I2&quot;,&quot;id&quot;:&quot;YdZSQ7NhwjE6qDdLnvPA&quot;},{&quot;accountno&quot;:&quot;TA-PR11008&quot;,&quot;departmentno&quot;:&quot;1&quot;,&quot;salary&quot;:&quot;123&quot;,&quot;pincode&quot;:&quot;945399&quot;,&quot;userid&quot;:&quot;o317WJnJvcdbT7eEI8I2&quot;,&quot;id&quot;:&quot;T49AqqCtqeW6ZffZRZYl&quot;},{&quot;accountno&quot;:&quot;TA-PR11008&quot;,&quot;departmentno&quot;:&quot;1&quot;,&quot;salary&quot;:&quot;123&quot;,&quot;pincode&quot;:&quot;945399&quot;,&quot;userid&quot;:&quot;o317WJnJvcdbT7eEI8I2&quot;,&quot;id&quot;:&quot;zu5hE3XCVbYHo66cRQ2v&quot;},{&quot;accountno&quot;:&quot;TA-PR11008&quot;,&quot;departmentno&quot;:&quot;1&quot;,&quot;salary&quot;:&quot;123&quot;,&quot;pincode&quot;:&quot;945399&quot;,&quot;userid&quot;:&quot;o317WJnJvcdbT7eEI8I2&quot;,&quot;id&quot;:&quot;b3xHwCrU0cKhpdxyYIcc&quot;},{&quot;accountno&quot;:&quot;TA-7777777&quot;,&quot;departmentno&quot;:&quot;1&quot;,&quot;salary&quot;:&quot;700&quot;,&quot;pincode&quot;:&quot;123456&quot;,&quot;userid&quot;:&quot;fop79TzJpDpPIXSEPC4c&quot;,&quot;id&quot;:&quot;GBDjnqZh1cIVELfIKTao&quot;},{&quot;accountno&quot;:&quot;TA-PR11008&quot;,&quot;departmentno&quot;:&quot;1&quot;,&quot;salary&quot;:&quot;123&quot;,&quot;pincode&quot;:&quot;945399&quot;,&quot;userid&quot;:&quot;o317WJnJvcdbT7eEI8I2&quot;,&quot;id&quot;:&quot;qYDqrDwFgjjpPpxbiyxS&quot;},{&quot;accountno&quot;:&quot;TA-0099881&quot;,&quot;departmentno&quot;:&quot;1&quot;,&quot;salary&quot;:&quot;2000&quot;,&quot;pincode&quot;:&quot;123123&quot;,&quot;userid&quot;:&quot;t0FypKvwYJfLOXYFZTIN&quot;,&quot;id&quot;:&quot;tNyB70ESVJgyPi4UNtLa&quot;},{&quot;accountno&quot;:&quot;TA-PR11008&quot;,&quot;departmentno&quot;:&quot;1&quot;,&quot;salary&quot;:&quot;123&quot;,&quot;pincode&quot;:&quot;945399&quot;,&quot;userid&quot;:&quot;o317WJnJvcdbT7eEI8I2&quot;,&quot;id&quot;:&quot;IG5HBykUBwLnEB6ZMz69&quot;},{&quot;accountno&quot;:&quot;TA-PR11008&quot;,&quot;departmentno&quot;:&quot;1&quot;,&quot;salary&quot;:&quot;123&quot;,&quot;pincode&quot;:&quot;945399&quot;,&quot;userid&quot;:&quot;o317WJnJvcdbT7eEI8I2&quot;,&quot;id&quot;:&quot;xRRtMrWd5T926r9rF4St&quot;},{&quot;accountno&quot;:&quot;TA-PR11007&quot;,&quot;departmentno&quot;:&quot;1&quot;,&quot;salary&quot;:&quot;123&quot;,&quot;pincode&quot;:&quot;945399&quot;,&quot;userid&quot;:&quot;o317WJnJvcdbT7eEI8I2&quot;,&quot;id&quot;:&quot;B2vJKhwRQPAqaZfu1dlq&quot;},{&quot;accountno&quot;:&quot;TA-PR11006&quot;,&quot;departmentno&quot;:&quot;1&quot;,&quot;salary&quot;:&quot;123&quot;,&quot;pincode&quot;:&quot;945399&quot;,&quot;userid&quot;:&quot;o317WJnJvcdbT7eEI8I2&quot;,&quot;id&quot;:&quot;KE1zeyICRP6nlgB0Vlfu&quot;},{&quot;accountno&quot;:&quot;TA-PR11005&quot;,&quot;departmentno&quot;:&quot;1&quot;,&quot;salary&quot;:&quot;123&quot;,&quot;pincode&quot;:&quot;945399&quot;,&quot;userid&quot;:&quot;o317WJnJvcdbT7eEI8I2&quot;,&quot;id&quot;:&quot;Cy1FG7KtsvVubuh5CM89&quot;},{&quot;accountno&quot;:&quot;TA-PR11005&quot;,&quot;departmentno&quot;:&quot;1&quot;,&quot;salary&quot;:&quot;123&quot;,&quot;pincode&quot;:&quot;945399&quot;,&quot;userid&quot;:&quot;o317WJnJvcdbT7eEI8I2&quot;,&quot;id&quot;:&quot;CTZj1sKxYDHffs7o3r6x&quot;},{&quot;accountno&quot;:&quot;TA-1010101&quot;,&quot;departmentno&quot;:&quot;1&quot;,&quot;salary&quot;:&quot;31&quot;,&quot;pincode&quot;:&quot;900000&quot;,&quot;userid&quot;:&quot;rocJiQ1MfQGzLYqx5gwH&quot;,&quot;id&quot;:&quot;SdOSzVEJ2WyLcJHHCFNr&quot;},{&quot;accountno&quot;:&quot;TA-1010101&quot;,&quot;departmentno&quot;:&quot;1&quot;,&quot;salary&quot;:&quot;31&quot;,&quot;pincode&quot;:&quot;900000&quot;,&quot;userid&quot;:&quot;rocJiQ1MfQGzLYqx5gwH&quot;,&quot;id&quot;:&quot;XhVl0nrQ782adb2vqXA4&quot;},{&quot;accountno&quot;:&quot;TA-1010101&quot;,&quot;departmentno&quot;:&quot;1&quot;,&quot;salary&quot;:&quot;31&quot;,&quot;pincode&quot;:&quot;900000&quot;,&quot;userid&quot;:&quot;rocJiQ1MfQGzLYqx5gwH&quot;,&quot;id&quot;:&quot;t8doUXEaJrXUOLdQbWzP&quot;},{&quot;accountno&quot;:&quot;TA-1010101&quot;,&quot;departmentno&quot;:&quot;1&quot;,&quot;salary&quot;:&quot;31&quot;,&quot;pincode&quot;:&quot;900000&quot;,&quot;userid&quot;:&quot;rocJiQ1MfQGzLYqx5gwH&quot;,&quot;id&quot;:&quot;pBx33wZHNrRvfVhKIwvu&quot;},{&quot;accountno&quot;:&quot;TA-1010101&quot;,&quot;departmentno&quot;:&quot;1&quot;,&quot;salary&quot;:&quot;31&quot;,&quot;pincode&quot;:&quot;900000&quot;,&quot;userid&quot;:&quot;rocJiQ1MfQGzLYqx5gwH&quot;,&quot;id&quot;:&quot;kY13AGxLV2a7BP7jz5w0&quot;},{&quot;accountno&quot;:&quot;TA-1010101&quot;,&quot;departmentno&quot;:&quot;1&quot;,&quot;salary&quot;:&quot;31&quot;,&quot;pincode&quot;:&quot;900000&quot;,&quot;userid&quot;:&quot;rocJiQ1MfQGzLYqx5gwH&quot;,&quot;id&quot;:&quot;NJ06DxUNQ7II1s51FZWv&quot;},{&quot;accountno&quot;:&quot;TA-PR11004&quot;,&quot;departmentno&quot;:&quot;1&quot;,&quot;salary&quot;:&quot;123&quot;,&quot;pincode&quot;:&quot;945399&quot;,&quot;userid&quot;:&quot;o317WJnJvcdbT7eEI8I2&quot;,&quot;id&quot;:&quot;oiQ4jMuHKfzIaUvPPlfe&quot;},{&quot;accountno&quot;:&quot;TA-PR11004&quot;,&quot;departmentno&quot;:&quot;1&quot;,&quot;salary&quot;:&quot;123&quot;,&quot;pincode&quot;:&quot;945399&quot;,&quot;userid&quot;:&quot;o317WJnJvcdbT7eEI8I2&quot;,&quot;id&quot;:&quot;uv9fk14gOT976kwQvuAF&quot;},{&quot;accountno&quot;:&quot;TA-1010103&quot;,&quot;departmentno&quot;:2,&quot;salary&quot;:311,&quot;pincode&quot;:900002,&quot;userid&quot;:&quot;rocJiQ1MfQGzLYqx5gwH&quot;,&quot;id&quot;:&quot;WMNI9ACEOrkInsKrJfgk&quot;},{&quot;accountno&quot;:&quot;TA-PR11003&quot;,&quot;departmentno&quot;:&quot;1&quot;,&quot;salary&quot;:&quot;123&quot;,&quot;pincode&quot;:&quot;94539&quot;,&quot;userid&quot;:&quot;o317WJnJvcdbT7eEI8I2&quot;,&quot;id&quot;:&quot;yGrMZfYvmf0zAD2Bh4at&quot;},{&quot;accountno&quot;:&quot;TA-1010101&quot;,&quot;departmentno&quot;:&quot;1&quot;,&quot;salary&quot;:&quot;31&quot;,&quot;pincode&quot;:&quot;900000&quot;,&quot;userid&quot;:&quot;rocJiQ1MfQGzLYqx5gwH&quot;,&quot;id&quot;:&quot;aQNHzYlZg4Qc94Wlk1qN&quot;},{&quot;accountno&quot;:&quot;TA-PR11003&quot;,&quot;departmentno&quot;:&quot;1&quot;,&quot;salary&quot;:&quot;123&quot;,&quot;pincode&quot;:&quot;94539&quot;,&quot;userid&quot;:&quot;o317WJnJvcdbT7eEI8I2&quot;,&quot;id&quot;:&quot;xx5k1ok8OwznrMj12Jee&quot;},{&quot;accountno&quot;:&quot;TA-PR11003&quot;,&quot;departmentno&quot;:&quot;1&quot;,&quot;salary&quot;:&quot;123&quot;,&quot;pincode&quot;:&quot;94539&quot;,&quot;userid&quot;:&quot;o317WJnJvcdbT7eEI8I2&quot;,&quot;id&quot;:&quot;HUnZaKbl3V5Xi9gpJjS1&quot;},{&quot;accountno&quot;:&quot;TA-PR11002&quot;,&quot;departmentno&quot;:&quot;1&quot;,&quot;salary&quot;:&quot;123&quot;,&quot;pincode&quot;:&quot;94539&quot;,&quot;userid&quot;:&quot;o317WJnJvcdbT7eEI8I2&quot;,&quot;id&quot;:&quot;rNdZBMED3My57qGt90yK&quot;},{&quot;accountno&quot;:&quot;TA-PR11001&quot;,&quot;departmentno&quot;:&quot;1&quot;,&quot;salary&quot;:&quot;123&quot;,&quot;pincode&quot;:&quot;94539&quot;,&quot;userid&quot;:&quot;o317WJnJvcdbT7eEI8I2&quot;,&quot;id&quot;:&quot;w4I5pppMiawrzo3qnXq9&quot;},{&quot;accountno&quot;:&quot;TA-PR11222&quot;,&quot;departmentno&quot;:&quot;2&quot;,&quot;salary&quot;:&quot;6000&quot;,&quot;pincode&quot;:&quot;945399&quot;,&quot;userid&quot;:&quot;o317WJnJvcdbT7eEI8I2&quot;,&quot;id&quot;:&quot;yszISJHfNoegzO3uCliQ&quot;},{&quot;accountno&quot;:&quot;TA-1020333&quot;,&quot;departmentno&quot;:&quot;3&quot;,&quot;salary&quot;:&quot;5000&quot;,&quot;pincode&quot;:&quot;560708&quot;,&quot;userid&quot;:&quot;vtEnAREUTN2kmDdtKPIh&quot;,&quot;id&quot;:&quot;2rABJn8TIXze62mqKvTL&quot;},{&quot;accountno&quot;:&quot;TA-9876542&quot;,&quot;departmentno&quot;:&quot;1&quot;,&quot;salary&quot;:&quot;6000&quot;,&quot;pincode&quot;:&quot;876956&quot;,&quot;userid&quot;:&quot;t0FypKvwYJfLOXYFZTIN&quot;,&quot;id&quot;:&quot;sRRARcrIs7Pupa2bIjvk&quot;},{&quot;accountno&quot;:&quot;TA-1345645&quot;,&quot;departmentno&quot;:&quot;2&quot;,&quot;salary&quot;:&quot;20000&quot;,&quot;pincode&quot;:&quot;123457&quot;,&quot;userid&quot;:&quot;t0FypKvwYJfLOXYFZTIN&quot;,&quot;id&quot;:&quot;qVCxpal1PwVGVw4wdGun&quot;},{&quot;accountno&quot;:&quot;TA-9876543&quot;,&quot;departmentno&quot;:&quot;1&quot;,&quot;salary&quot;:&quot;5000&quot;,&quot;pincode&quot;:&quot;685743&quot;,&quot;userid&quot;:&quot;tb3jjtQixhvuWkj60GEl&quot;,&quot;id&quot;:&quot;waWGzxm0skzAX0qwMIHv&quot;},{&quot;accountno&quot;:&quot;TA-9876543&quot;,&quot;departmentno&quot;:&quot;1&quot;,&quot;salary&quot;:&quot;6000&quot;,&quot;pincode&quot;:&quot;876956&quot;,&quot;userid&quot;:&quot;ZNXDf72w8FVNC69Llwly&quot;,&quot;id&quot;:&quot;kBeDPthHs3PpiQDCBpJu&quot;},{&quot;accountno&quot;:&quot;TA-4444888&quot;,&quot;departmentno&quot;:4,&quot;salary&quot;:7800,&quot;pincode&quot;:365231,&quot;userid&quot;:&quot;isfELhvM0RXfHcsLJDul&quot;,&quot;id&quot;:&quot;x8DQCNVZcPn1NdJ4zqVP&quot;},{&quot;accountno&quot;:&quot;TA-7676767&quot;,&quot;departmentno&quot;:&quot;3&quot;,&quot;salary&quot;:&quot;2000&quot;,&quot;pincode&quot;:&quot;123456&quot;,&quot;userid&quot;:&quot;V53JqxS7nf5pZ0g7TbM2&quot;,&quot;id&quot;:&quot;merZ9BbcXTqOs0jWLTVt&quot;},{&quot;accountno&quot;:&quot;TA-9997222&quot;,&quot;departmentno&quot;:&quot;3&quot;,&quot;salary&quot;:&quot;80000&quot;,&quot;pincode&quot;:&quot;567890&quot;,&quot;userid&quot;:&quot;V53JqxS7nf5pZ0g7TbM2&quot;,&quot;id&quot;:&quot;FALslUJ2ID4Qe1TSLRZJ&quot;},{&quot;accountno&quot;:&quot;TA-9997222&quot;,&quot;departmentno&quot;:&quot;3&quot;,&quot;salary&quot;:&quot;80000&quot;,&quot;pincode&quot;:&quot;567890&quot;,&quot;userid&quot;:&quot;V53JqxS7nf5pZ0g7TbM2&quot;,&quot;id&quot;:&quot;96IdOMNq6RbChip9hebT&quot;},{&quot;accountno&quot;:&quot;TA-5555567&quot;,&quot;departmentno&quot;:&quot;1&quot;,&quot;salary&quot;:&quot;80000&quot;,&quot;pincode&quot;:&quot;567890&quot;,&quot;userid&quot;:&quot;V53JqxS7nf5pZ0g7TbM2&quot;,&quot;id&quot;:&quot;jMRe0LsgoQvmr6dAkSLI&quot;},{&quot;accountno&quot;:&quot;TA-1112224&quot;,&quot;departmentno&quot;:&quot;1&quot;,&quot;salary&quot;:&quot;1201&quot;,&quot;pincode&quot;:&quot;123456&quot;,&quot;userid&quot;:&quot;V53JqxS7nf5pZ0g7TbM2&quot;,&quot;id&quot;:&quot;qKzpg0FIQ3WfgYb8JiMd&quot;},{&quot;accountno&quot;:&quot;TA-1112223&quot;,&quot;departmentno&quot;:&quot;1&quot;,&quot;salary&quot;:&quot;1200&quot;,&quot;pincode&quot;:&quot;123456&quot;,&quot;userid&quot;:&quot;V53JqxS7nf5pZ0g7TbM2&quot;,&quot;id&quot;:&quot;jG6MUkMFeow1NTTu0iLA&quot;},{&quot;accountno&quot;:&quot;TA-0099881&quot;,&quot;departmentno&quot;:&quot;1&quot;,&quot;salary&quot;:&quot;2000&quot;,&quot;pincode&quot;:&quot;123123&quot;,&quot;userid&quot;:&quot;zhFI4oQlHjP2cn3mW3GP&quot;,&quot;id&quot;:&quot;OgremujG9ycNFmsExHTr&quot;},{&quot;accountno&quot;:&quot;TA-0099881&quot;,&quot;departmentno&quot;:&quot;1&quot;,&quot;salary&quot;:&quot;2000&quot;,&quot;pincode&quot;:&quot;123123&quot;,&quot;userid&quot;:&quot;zhFI4oQlHjP2cn3mW3GP&quot;,&quot;id&quot;:&quot;VpoTCjs2oILBzdJcPg1n&quot;},{&quot;accountno&quot;:&quot;TA-1345675&quot;,&quot;departmentno&quot;:&quot;5&quot;,&quot;salary&quot;:&quot;4000&quot;,&quot;pincode&quot;:&quot;234567&quot;,&quot;userid&quot;:&quot;tb3jjtQixhvuWkj60GEl&quot;,&quot;id&quot;:&quot;UvFbC86E6HJHMKahctl5&quot;},{&quot;accountno&quot;:&quot;TA-1134tek&quot;,&quot;departmentno&quot;:&quot;1&quot;,&quot;salary&quot;:&quot;4000&quot;,&quot;pincode&quot;:&quot;765891&quot;,&quot;userid&quot;:&quot;tb3jjtQixhvuWkj60GEl&quot;,&quot;id&quot;:&quot;i2YUSlEscRQ9B6bTRfgx&quot;},{&quot;accountno&quot;:&quot;TA-1234567&quot;,&quot;departmentno&quot;:&quot;3&quot;,&quot;salary&quot;:&quot;123&quot;,&quot;pincode&quot;:&quot;123456&quot;,&quot;userid&quot;:&quot;zooqXG7ZwAYI6imLwToS&quot;,&quot;id&quot;:&quot;scGPcVIWqBKygQ1UoXkL&quot;},{&quot;accountno&quot;:&quot;TA-1234567&quot;,&quot;departmentno&quot;:&quot;3&quot;,&quot;salary&quot;:&quot;123&quot;,&quot;pincode&quot;:&quot;123456&quot;,&quot;userid&quot;:&quot;zooqXG7ZwAYI6imLwToS&quot;,&quot;id&quot;:&quot;sgrNwwQRiHtVeccrLoBD&quot;},{&quot;accountno&quot;:&quot;TA-1234567&quot;,&quot;departmentno&quot;:&quot;3&quot;,&quot;salary&quot;:&quot;123&quot;,&quot;pincode&quot;:&quot;123456&quot;,&quot;userid&quot;:&quot;zooqXG7ZwAYI6imLwToS&quot;,&quot;id&quot;:&quot;AlmJmrK8HkcnNGqGrmTe&quot;},{&quot;accountno&quot;:&quot;TA-1234567&quot;,&quot;departmentno&quot;:&quot;3&quot;,&quot;salary&quot;:&quot;123&quot;,&quot;pincode&quot;:&quot;123456&quot;,&quot;userid&quot;:&quot;zooqXG7ZwAYI6imLwToS&quot;,&quot;id&quot;:&quot;2LZXVuXLQ1H5yiSJdI9v&quot;},{&quot;accountno&quot;:&quot;TA-5555555&quot;,&quot;departmentno&quot;:&quot;7&quot;,&quot;salary&quot;:&quot;7000&quot;,&quot;pincode&quot;:&quot;123456&quot;,&quot;userid&quot;:&quot;fop79TzJpDpPIXSEPC4c&quot;,&quot;id&quot;:&quot;KZ0hRNJiFsuMl0cFNru7&quot;},{&quot;accountno&quot;:&quot;TA-1245628&quot;,&quot;departmentno&quot;:&quot;4&quot;,&quot;salary&quot;:&quot;7000&quot;,&quot;pincode&quot;:&quot;532185&quot;,&quot;userid&quot;:&quot;isfELhvM0RXfHcsLJDul&quot;,&quot;id&quot;:&quot;zW7oHSm4Odfts2shselO&quot;},{&quot;accountno&quot;:&quot;TA-1010100&quot;,&quot;departmentno&quot;:&quot;1&quot;,&quot;salary&quot;:&quot;3&quot;,&quot;pincode&quot;:&quot;333333&quot;,&quot;userid&quot;:&quot;XS0TYKgNEyQ2eAltHo8D&quot;,&quot;id&quot;:&quot;E3KamwVhyOo9ar2gDjL1&quot;},{&quot;accountno&quot;:&quot;TA-1122334&quot;,&quot;departmentno&quot;:&quot;1&quot;,&quot;salary&quot;:&quot;200&quot;,&quot;pincode&quot;:&quot;112233&quot;,&quot;userid&quot;:&quot;HuaikSiNMzZswICf5tFD&quot;,&quot;id&quot;:&quot;MDKUPs1txuGY66NkQkTW&quot;},{&quot;accountno&quot;:&quot;TA-8765689&quot;,&quot;departmentno&quot;:&quot;8&quot;,&quot;salary&quot;:&quot;4000&quot;,&quot;pincode&quot;:&quot;786975&quot;,&quot;userid&quot;:&quot;yPON3lTM67LdH2ILsunG&quot;,&quot;id&quot;:&quot;Iz6S9VJsKDOSs0QJnTpH&quot;},{&quot;accountno&quot;:&quot;TA-0000001&quot;,&quot;departmentno&quot;:&quot;1&quot;,&quot;salary&quot;:&quot;800&quot;,&quot;pincode&quot;:&quot;500000&quot;,&quot;userid&quot;:&quot;rocJiQ1MfQGzLYqx5gwH&quot;,&quot;id&quot;:&quot;d0nHheSkWwBrxOa8rEaB&quot;},{&quot;accountno&quot;:&quot;TA-1122tek&quot;,&quot;departmentno&quot;:&quot;1&quot;,&quot;salary&quot;:&quot;6000&quot;,&quot;pincode&quot;:&quot;876947&quot;,&quot;userid&quot;:&quot;tb3jjtQixhvuWkj60GEl&quot;,&quot;id&quot;:&quot;13lJ0ptmGyI5G3PJ7ZaU&quot;},{&quot;accountno&quot;:&quot;TA-1111111&quot;,&quot;departmentno&quot;:&quot;1&quot;,&quot;salary&quot;:&quot;1500&quot;,&quot;pincode&quot;:&quot;423445&quot;,&quot;userid&quot;:&quot;hLmoSgaGxc5rJEWXeBuQ&quot;,&quot;id&quot;:&quot;qvgpqzgB7V99YUUY3lJA&quot;},{&quot;accountno&quot;:&quot;TA-1234568&quot;,&quot;departmentno&quot;:&quot;3&quot;,&quot;salary&quot;:&quot;423&quot;,&quot;pincode&quot;:&quot;345678&quot;,&quot;userid&quot;:&quot;zooqXG7ZwAYI6imLwToS&quot;,&quot;id&quot;:&quot;tEthTpIT1A1eQ1o1GF74&quot;},{&quot;accountno&quot;:&quot;TA-1234568&quot;,&quot;departmentno&quot;:&quot;3&quot;,&quot;salary&quot;:&quot;423&quot;,&quot;pincode&quot;:&quot;345678&quot;,&quot;userid&quot;:&quot;zooqXG7ZwAYI6imLwToS&quot;,&quot;id&quot;:&quot;Rm9uJXgVGCsvefhbFP4Z&quot;},{&quot;accountno&quot;:&quot;TA-1234500&quot;,&quot;departmentno&quot;:3,&quot;salary&quot;:435325,&quot;pincode&quot;:123456,&quot;userid&quot;:&quot;zooqXG7ZwAYI6imLwToS&quot;,&quot;id&quot;:&quot;79IyzvciCL7HCqWTSwfc&quot;},{&quot;accountno&quot;:&quot;TA-9999787&quot;,&quot;departmentno&quot;:&quot;2&quot;,&quot;salary&quot;:&quot;40000&quot;,&quot;pincode&quot;:&quot;567894&quot;,&quot;userid&quot;:&quot;V53JqxS7nf5pZ0g7TbM2&quot;,&quot;id&quot;:&quot;ggarvMsXxrQSgiN8cl7W&quot;},{&quot;accountno&quot;:&quot;TA-1111111&quot;,&quot;departmentno&quot;:&quot;1&quot;,&quot;salary&quot;:&quot;1111111&quot;,&quot;pincode&quot;:&quot;111111&quot;,&quot;userid&quot;:&quot;lliqqQ08qWBQ5Nuj4qbj&quot;,&quot;id&quot;:&quot;SY43W1MIfXvgQ2wW9ErY&quot;},{&quot;accountno&quot;:&quot;TA-11111PR&quot;,&quot;departmentno&quot;:&quot;1&quot;,&quot;salary&quot;:&quot;5000&quot;,&quot;pincode&quot;:&quot;945399&quot;,&quot;userid&quot;:&quot;o317WJnJvcdbT7eEI8I2&quot;,&quot;id&quot;:&quot;wCu6BR4mQV0itss7yVCT&quot;},{&quot;accountno&quot;:&quot;TA-1223221&quot;,&quot;departmentno&quot;:&quot;1&quot;,&quot;salary&quot;:&quot;45&quot;,&quot;pincode&quot;:&quot;222111&quot;,&quot;userid&quot;:&quot;zhFI4oQlHjP2cn3mW3GP&quot;,&quot;id&quot;:&quot;mQPkuEejl4dDZXTq9ZeW&quot;},{&quot;accountno&quot;:&quot;TA-5555555&quot;,&quot;departmentno&quot;:&quot;1&quot;,&quot;salary&quot;:&quot;50&quot;,&quot;pincode&quot;:&quot;600000&quot;,&quot;userid&quot;:&quot;rocJiQ1MfQGzLYqx5gwH&quot;,&quot;id&quot;:&quot;WYljM8PHXsHTB1wcaIcx&quot;},{&quot;accountno&quot;:&quot;TA-1111111&quot;,&quot;departmentno&quot;:&quot;1&quot;,&quot;salary&quot;:&quot;50&quot;,&quot;pincode&quot;:&quot;600000&quot;,&quot;userid&quot;:&quot;rocJiQ1MfQGzLYqx5gwH&quot;,&quot;id&quot;:&quot;4DZHRBZ7vnhJxkMeb4MD&quot;},{&quot;accountno&quot;:&quot;TA-1111111&quot;,&quot;departmentno&quot;:&quot;1&quot;,&quot;salary&quot;:&quot;50&quot;,&quot;pincode&quot;:&quot;600000&quot;,&quot;userid&quot;:&quot;rocJiQ1MfQGzLYqx5gwH&quot;,&quot;id&quot;:&quot;oZDrOOTCWday6NzaFZ9t&quot;},{&quot;accountno&quot;:&quot;TA-1234567&quot;,&quot;departmentno&quot;:&quot;4&quot;,&quot;salary&quot;:&quot;5000&quot;,&quot;pincode&quot;:&quot;345789&quot;,&quot;userid&quot;:&quot;isfELhvM0RXfHcsLJDul&quot;,&quot;id&quot;:&quot;Yg359c0vJR9e8EfOfm3F&quot;},{&quot;accountno&quot;:&quot;TA-6767676&quot;,&quot;departmentno&quot;:&quot;2&quot;,&quot;salary&quot;:&quot;899&quot;,&quot;pincode&quot;:&quot;300000&quot;,&quot;userid&quot;:&quot;rocJiQ1MfQGzLYqx5gwH&quot;,&quot;id&quot;:&quot;BydTiKNIyW74Psu0aduy&quot;},{&quot;accountno&quot;:&quot;TA-2222222&quot;,&quot;departmentno&quot;:&quot;1&quot;,&quot;salary&quot;:&quot;2000&quot;,&quot;pincode&quot;:&quot;345678&quot;,&quot;userid&quot;:&quot;taGX4XQQfXD3Z76sI1Xn&quot;,&quot;id&quot;:&quot;AuNLXButicmNJMQPZ1FA&quot;},{&quot;accountno&quot;:&quot;TA-1979801&quot;,&quot;departmentno&quot;:2,&quot;salary&quot;:&quot;3333&quot;,&quot;pincode&quot;:&quot;123456&quot;,&quot;userid&quot;:&quot;taGX4XQQfXD3Z76sI1Xn&quot;,&quot;id&quot;:&quot;OtxqWTSHUggCBJz4VrVi&quot;},{&quot;accountno&quot;:&quot;TA-1979801&quot;,&quot;departmentno&quot;:&quot;2&quot;,&quot;salary&quot;:&quot;12345&quot;,&quot;pincode&quot;:&quot;123456&quot;,&quot;userid&quot;:&quot;taGX4XQQfXD3Z76sI1Xn&quot;,&quot;id&quot;:&quot;5wIV6p28vAI4Lwkvryb0&quot;},{&quot;accountno&quot;:&quot;{{accountno}}&quot;,&quot;departmentno&quot;:&quot;{{departmentno}}&quot;,&quot;salary&quot;:&quot;{{salary}}&quot;,&quot;pincode&quot;:&quot;{{pincode}}&quot;,&quot;userid&quot;:&quot;r657BEYL3kM8lckt64O0&quot;,&quot;id&quot;:&quot;v0vfOdnWlSbiGpCvwD6y&quot;},{&quot;accountno&quot;:&quot;{{accountno}}&quot;,&quot;departmentno&quot;:&quot;{{departmentno}}&quot;,&quot;salary&quot;:&quot;{{salary}}&quot;,&quot;pincode&quot;:&quot;{{pincode}}&quot;,&quot;userid&quot;:&quot;r657BEYL3kM8lckt64O0&quot;,&quot;id&quot;:&quot;ujlwRNdYIdH2azcNX2av&quot;},{&quot;accountno&quot;:&quot;{{accountno}}&quot;,&quot;departmentno&quot;:&quot;{{departmentno}}&quot;,&quot;salary&quot;:&quot;{{salary}}&quot;,&quot;pincode&quot;:&quot;{{pincode}}&quot;,&quot;userid&quot;:&quot;r657BEYL3kM8lckt64O0&quot;,&quot;id&quot;:&quot;jROGVthqZZ4V5zLBwJvn&quot;},{&quot;accountno&quot;:&quot;TA-6543258&quot;,&quot;departmentno&quot;:&quot;7&quot;,&quot;salary&quot;:&quot;900&quot;,&quot;pincode&quot;:&quot;691524&quot;,&quot;userid&quot;:&quot;y0ROQ195Nq0c8MTZyxMM&quot;,&quot;id&quot;:&quot;kWQvsn5yie4NPTIY8iry&quot;},{&quot;accountno&quot;:&quot;TA-6543259&quot;,&quot;departmentno&quot;:&quot;7&quot;,&quot;salary&quot;:&quot;900&quot;,&quot;pincode&quot;:&quot;691524&quot;,&quot;userid&quot;:&quot;y0ROQ195Nq0c8MTZyxMM&quot;,&quot;id&quot;:&quot;xIupGqXzRxeRgnBb4Obt&quot;},{&quot;accountno&quot;:&quot;TA-6543258&quot;,&quot;departmentno&quot;:&quot;7&quot;,&quot;salary&quot;:&quot;900&quot;,&quot;pincode&quot;:&quot;691524&quot;,&quot;userid&quot;:&quot;y0ROQ195Nq0c8MTZyxMM&quot;,&quot;id&quot;:&quot;GAqb13ChWkCjQ7QLLB3U&quot;},{&quot;accountno&quot;:&quot;TA-5577229&quot;,&quot;departmentno&quot;:&quot;8&quot;,&quot;salary&quot;:&quot;89&quot;,&quot;pincode&quot;:&quot;691524&quot;,&quot;userid&quot;:&quot;y0ROQ195Nq0c8MTZyxMM&quot;,&quot;id&quot;:&quot;VyWEk3KdeifujTrVC13E&quot;},{&quot;accountno&quot;:&quot;Amaya&quot;,&quot;departmentno&quot;:&quot;2&quot;,&quot;salary&quot;:&quot;1000&quot;,&quot;pincode&quot;:&quot;333444&quot;,&quot;userid&quot;:&quot;r657BEYL3kM8lckt64O0&quot;,&quot;id&quot;:&quot;JQviTJK4suw0TYhClJJp&quot;},{&quot;accountno&quot;:&quot;Amaya&quot;,&quot;departmentno&quot;:&quot;2&quot;,&quot;salary&quot;:&quot;1000&quot;,&quot;pincode&quot;:&quot;333444&quot;,&quot;userid&quot;:&quot;r657BEYL3kM8lckt64O0&quot;,&quot;id&quot;:&quot;rAYSkZOLAMawncGKoXmv&quot;},{&quot;accountno&quot;:&quot;Amaya&quot;,&quot;departmentno&quot;:&quot;2&quot;,&quot;salary&quot;:&quot;1000&quot;,&quot;pincode&quot;:&quot;333444&quot;,&quot;userid&quot;:&quot;r657BEYL3kM8lckt64O0&quot;,&quot;id&quot;:&quot;fWihiWFvnMhQAvyRfQ7S&quot;},{&quot;accountno&quot;:&quot;Amaya&quot;,&quot;departmentno&quot;:&quot;2&quot;,&quot;salary&quot;:&quot;1000&quot;,&quot;pincode&quot;:&quot;333444&quot;,&quot;userid&quot;:&quot;r657BEYL3kM8lckt64O0&quot;,&quot;id&quot;:&quot;DKFy9wAx8DRAyh00BLeB&quot;},{&quot;accountno&quot;:&quot;Amaya&quot;,&quot;departmentno&quot;:&quot;2&quot;,&quot;salary&quot;:&quot;1000&quot;,&quot;pincode&quot;:&quot;333444&quot;,&quot;userid&quot;:&quot;r657BEYL3kM8lckt64O0&quot;,&quot;id&quot;:&quot;kWLSPiS1ROfw0bwXZ52B&quot;},{&quot;accountno&quot;:&quot;Amaya&quot;,&quot;departmentno&quot;:&quot;2&quot;,&quot;salary&quot;:&quot;1000&quot;,&quot;pincode&quot;:&quot;333444&quot;,&quot;userid&quot;:&quot;r657BEYL3kM8lckt64O0&quot;,&quot;id&quot;:&quot;zFEdSxuhBpgoGnATBCPW&quot;},{&quot;accountno&quot;:&quot;Amaya&quot;,&quot;departmentno&quot;:&quot;2&quot;,&quot;salary&quot;:&quot;1000&quot;,&quot;pincode&quot;:&quot;333444&quot;,&quot;userid&quot;:&quot;r657BEYL3kM8lckt64O0&quot;,&quot;id&quot;:&quot;pcTK6MmClBzdXWx1OxyI&quot;},{&quot;accountno&quot;:&quot;Amaya&quot;,&quot;departmentno&quot;:&quot;2&quot;,&quot;salary&quot;:&quot;1000&quot;,&quot;pincode&quot;:&quot;333444&quot;,&quot;userid&quot;:&quot;r657BEYL3kM8lckt64O0&quot;,&quot;id&quot;:&quot;FSA1gUsBVA8QC2wiqqSU&quot;},{&quot;accountno&quot;:&quot;Amaya&quot;,&quot;departmentno&quot;:&quot;2&quot;,&quot;salary&quot;:&quot;1000&quot;,&quot;pincode&quot;:&quot;333444&quot;,&quot;userid&quot;:&quot;r657BEYL3kM8lckt64O0&quot;,&quot;id&quot;:&quot;EXWkl7g022kHr1g3XmsP&quot;},{&quot;accountno&quot;:&quot;Amaya&quot;,&quot;departmentno&quot;:&quot;2&quot;,&quot;salary&quot;:&quot;1000&quot;,&quot;pincode&quot;:&quot;333444&quot;,&quot;userid&quot;:&quot;r657BEYL3kM8lckt64O0&quot;,&quot;id&quot;:&quot;O2xvC0nFW5Tqdh5DmTkV&quot;},{&quot;accountno&quot;:&quot;Amaya&quot;,&quot;departmentno&quot;:&quot;2&quot;,&quot;salary&quot;:&quot;1000&quot;,&quot;pincode&quot;:&quot;333444&quot;,&quot;userid&quot;:&quot;r657BEYL3kM8lckt64O0&quot;,&quot;id&quot;:&quot;N12Flpi0nO5XKhgH9gqz&quot;},{&quot;accountno&quot;:&quot;Amaya&quot;,&quot;departmentno&quot;:&quot;2&quot;,&quot;salary&quot;:&quot;1000&quot;,&quot;pincode&quot;:&quot;333444&quot;,&quot;userid&quot;:&quot;r657BEYL3kM8lckt64O0&quot;,&quot;id&quot;:&quot;JcrtILbYTf63VMjd8y91&quot;},{&quot;accountno&quot;:&quot;Amaya&quot;,&quot;departmentno&quot;:&quot;2&quot;,&quot;salary&quot;:&quot;1000&quot;,&quot;pincode&quot;:&quot;333444&quot;,&quot;userid&quot;:&quot;r657BEYL3kM8lckt64O0&quot;,&quot;id&quot;:&quot;HaEywhpDOC4n7oglOpcx&quot;},{&quot;accountno&quot;:&quot;Amaya&quot;,&quot;departmentno&quot;:&quot;2&quot;,&quot;salary&quot;:&quot;1000&quot;,&quot;pincode&quot;:&quot;333444&quot;,&quot;userid&quot;:&quot;r657BEYL3kM8lckt64O0&quot;,&quot;id&quot;:&quot;neBKvDgLz6LpfvBuGn55&quot;},{&quot;accountno&quot;:&quot;Amaya&quot;,&quot;departmentno&quot;:&quot;2&quot;,&quot;salary&quot;:&quot;1000&quot;,&quot;pincode&quot;:&quot;333444&quot;,&quot;userid&quot;:&quot;r657BEYL3kM8lckt64O0&quot;,&quot;id&quot;:&quot;vHe4cxQeMVWGifuVBngg&quot;},{&quot;accountno&quot;:&quot;Amaya&quot;,&quot;departmentno&quot;:&quot;2&quot;,&quot;salary&quot;:&quot;1000&quot;,&quot;pincode&quot;:&quot;333444&quot;,&quot;userid&quot;:&quot;r657BEYL3kM8lckt64O0&quot;,&quot;id&quot;:&quot;fSI2JRRLCC6Ff3ZwqXG0&quot;},{&quot;accountno&quot;:&quot;{{accountno}}&quot;,&quot;departmentno&quot;:&quot;{{departmentno}}&quot;,&quot;salary&quot;:&quot;{{salary}}&quot;,&quot;pincode&quot;:&quot;{{pincode}}&quot;,&quot;userid&quot;:&quot;r657BEYL3kM8lckt64O0&quot;,&quot;id&quot;:&quot;eBn6TZ2e65DOSUSOde9A&quot;},{&quot;accountno&quot;:&quot;Amaya&quot;,&quot;departmentno&quot;:&quot;2&quot;,&quot;salary&quot;:&quot;1000&quot;,&quot;pincode&quot;:&quot;333444&quot;,&quot;userid&quot;:&quot;r657BEYL3kM8lckt64O0&quot;,&quot;id&quot;:&quot;wKD9hWXO1a7XPGyowC1C&quot;},{&quot;accountno&quot;:&quot;Amaya&quot;,&quot;departmentno&quot;:&quot;2&quot;,&quot;salary&quot;:&quot;1000&quot;,&quot;pincode&quot;:&quot;333444&quot;,&quot;userid&quot;:&quot;r657BEYL3kM8lckt64O0&quot;,&quot;id&quot;:&quot;FEGqx68UwAtafZnLoUvv&quot;},{&quot;accountno&quot;:&quot;Amaya&quot;,&quot;departmentno&quot;:&quot;2&quot;,&quot;salary&quot;:&quot;1000&quot;,&quot;pincode&quot;:&quot;333444&quot;,&quot;userid&quot;:&quot;r657BEYL3kM8lckt64O0&quot;,&quot;id&quot;:&quot;j8Kw7DiPjQ4igfSUCms9&quot;},{&quot;accountno&quot;:&quot;Amaya&quot;,&quot;departmentno&quot;:&quot;2&quot;,&quot;salary&quot;:&quot;1000&quot;,&quot;pincode&quot;:&quot;333444&quot;,&quot;userid&quot;:&quot;r657BEYL3kM8lckt64O0&quot;,&quot;id&quot;:&quot;LBKlxYe5dnzJ9voGNYUu&quot;},{&quot;accountno&quot;:&quot;Amaya&quot;,&quot;departmentno&quot;:&quot;2&quot;,&quot;salary&quot;:&quot;1000&quot;,&quot;pincode&quot;:&quot;333444&quot;,&quot;userid&quot;:&quot;r657BEYL3kM8lckt64O0&quot;,&quot;id&quot;:&quot;x1ovWqIY5NX2iAyG14nZ&quot;},{&quot;accountno&quot;:&quot;Amaya&quot;,&quot;departmentno&quot;:&quot;2&quot;,&quot;salary&quot;:&quot;1000&quot;,&quot;pincode&quot;:&quot;333444&quot;,&quot;userid&quot;:&quot;r657BEYL3kM8lckt64O0&quot;,&quot;id&quot;:&quot;GLDYdvvEiXj4F7hCOPRC&quot;},{&quot;accountno&quot;:&quot;Amaya&quot;,&quot;departmentno&quot;:&quot;2&quot;,&quot;salary&quot;:&quot;1000&quot;,&quot;pincode&quot;:&quot;333444&quot;,&quot;userid&quot;:&quot;r657BEYL3kM8lckt64O0&quot;,&quot;id&quot;:&quot;4iA4cMfkdiqLgHbIgb5Q&quot;},{&quot;accountno&quot;:&quot;Amaya&quot;,&quot;departmentno&quot;:&quot;2&quot;,&quot;salary&quot;:&quot;1000&quot;,&quot;pincode&quot;:&quot;333444&quot;,&quot;userid&quot;:&quot;r657BEYL3kM8lckt64O0&quot;,&quot;id&quot;:&quot;XYWDdybasXpXAf9NIKNh&quot;},{&quot;accountno&quot;:&quot;Amaya&quot;,&quot;departmentno&quot;:&quot;2&quot;,&quot;salary&quot;:&quot;1000&quot;,&quot;pincode&quot;:&quot;333444&quot;,&quot;userid&quot;:&quot;r657BEYL3kM8lckt64O0&quot;,&quot;id&quot;:&quot;I3PkLNEDj6M5vpTCdgWZ&quot;},{&quot;accountno&quot;:&quot;Amaya&quot;,&quot;departmentno&quot;:&quot;2&quot;,&quot;salary&quot;:&quot;1000&quot;,&quot;pincode&quot;:&quot;333444&quot;,&quot;userid&quot;:&quot;r657BEYL3kM8lckt64O0&quot;,&quot;id&quot;:&quot;C9wbdiR6PviQIeQv5qyR&quot;},{&quot;accountno&quot;:&quot;Amaya&quot;,&quot;departmentno&quot;:&quot;2&quot;,&quot;salary&quot;:&quot;1000&quot;,&quot;pincode&quot;:&quot;333444&quot;,&quot;userid&quot;:&quot;r657BEYL3kM8lckt64O0&quot;,&quot;id&quot;:&quot;WKniRg8cGHrOMyRnt1m1&quot;},{&quot;accountno&quot;:&quot;Amaya&quot;,&quot;departmentno&quot;:&quot;2&quot;,&quot;salary&quot;:&quot;1000&quot;,&quot;pincode&quot;:&quot;333444&quot;,&quot;userid&quot;:&quot;r657BEYL3kM8lckt64O0&quot;,&quot;id&quot;:&quot;qlqqJ7E1j84IIHTZ8saV&quot;},{&quot;accountno&quot;:&quot;Amaya&quot;,&quot;departmentno&quot;:&quot;2&quot;,&quot;salary&quot;:&quot;1000&quot;,&quot;pincode&quot;:&quot;333444&quot;,&quot;userid&quot;:&quot;r657BEYL3kM8lckt64O0&quot;,&quot;id&quot;:&quot;i4BlVJ5Xwn3QpgsrvNI9&quot;},{&quot;accountno&quot;:&quot;Amaya&quot;,&quot;departmentno&quot;:&quot;2&quot;,&quot;salary&quot;:&quot;1000&quot;,&quot;pincode&quot;:&quot;333444&quot;,&quot;userid&quot;:&quot;r657BEYL3kM8lckt64O0&quot;,&quot;id&quot;:&quot;LtAIZ2VYO48Tz7sMBtSD&quot;},{&quot;accountno&quot;:&quot;Amaya&quot;,&quot;departmentno&quot;:&quot;2&quot;,&quot;salary&quot;:&quot;1000&quot;,&quot;pincode&quot;:&quot;333444&quot;,&quot;userid&quot;:&quot;r657BEYL3kM8lckt64O0&quot;,&quot;id&quot;:&quot;SaaRi5gMcxMQfoMIIJCf&quot;},{&quot;accountno&quot;:&quot;Amaya&quot;,&quot;departmentno&quot;:&quot;2&quot;,&quot;salary&quot;:&quot;1000&quot;,&quot;pincode&quot;:&quot;333444&quot;,&quot;userid&quot;:&quot;r657BEYL3kM8lckt64O0&quot;,&quot;id&quot;:&quot;j25XflWTt34OqMNX2rMw&quot;},{&quot;accountno&quot;:&quot;Amaya&quot;,&quot;departmentno&quot;:&quot;2&quot;,&quot;salary&quot;:&quot;1000&quot;,&quot;pincode&quot;:&quot;333444&quot;,&quot;userid&quot;:&quot;r657BEYL3kM8lckt64O0&quot;,&quot;id&quot;:&quot;eSiy6D4XTzOZmSfEZ2rf&quot;},{&quot;accountno&quot;:&quot;Amaya&quot;,&quot;departmentno&quot;:&quot;2&quot;,&quot;salary&quot;:&quot;1000&quot;,&quot;pincode&quot;:&quot;333444&quot;,&quot;userid&quot;:&quot;r657BEYL3kM8lckt64O0&quot;,&quot;id&quot;:&quot;8d49Eivn0AzNYsmb0NHc&quot;},{&quot;accountno&quot;:&quot;Amaya&quot;,&quot;departmentno&quot;:&quot;2&quot;,&quot;salary&quot;:&quot;1000&quot;,&quot;pincode&quot;:&quot;333444&quot;,&quot;userid&quot;:&quot;r657BEYL3kM8lckt64O0&quot;,&quot;id&quot;:&quot;2RrKzMTqsDpIZ1rVAvHT&quot;},{&quot;accountno&quot;:&quot;Amaya&quot;,&quot;departmentno&quot;:&quot;2&quot;,&quot;salary&quot;:&quot;1000&quot;,&quot;pincode&quot;:&quot;333444&quot;,&quot;userid&quot;:&quot;r657BEYL3kM8lckt64O0&quot;,&quot;id&quot;:&quot;UWmzNNXhz7CTLeAtg0j1&quot;},{&quot;accountno&quot;:&quot;Amaya&quot;,&quot;departmentno&quot;:&quot;2&quot;,&quot;salary&quot;:&quot;1000&quot;,&quot;pincode&quot;:&quot;333444&quot;,&quot;userid&quot;:&quot;r657BEYL3kM8lckt64O0&quot;,&quot;id&quot;:&quot;rZ3hwqwgIRNLBOnj5hiU&quot;},{&quot;accountno&quot;:&quot;Amaya&quot;,&quot;departmentno&quot;:&quot;2&quot;,&quot;salary&quot;:&quot;1000&quot;,&quot;pincode&quot;:&quot;333444&quot;,&quot;userid&quot;:&quot;r657BEYL3kM8lckt64O0&quot;,&quot;id&quot;:&quot;BTzOQgZ8pODsdrgKyEFY&quot;},{&quot;accountno&quot;:&quot;TA-1234566&quot;,&quot;departmentno&quot;:&quot;9&quot;,&quot;salary&quot;:&quot;123789&quot;,&quot;pincode&quot;:&quot;1307191&quot;,&quot;userid&quot;:&quot;taGX4XQQfXD3Z76sI1Xn&quot;,&quot;id&quot;:&quot;tZDJe8WW4FMGOKyA3EpN&quot;},{&quot;accountno&quot;:&quot;TA-1234566&quot;,&quot;departmentno&quot;:&quot;9&quot;,&quot;salary&quot;:&quot;123789&quot;,&quot;pincode&quot;:&quot;1307191&quot;,&quot;userid&quot;:&quot;taGX4XQQfXD3Z76sI1Xn&quot;,&quot;id&quot;:&quot;UQbPvGvEiDeGVK0IJFwi&quot;},{&quot;accountno&quot;:&quot;TA-1234566&quot;,&quot;departmentno&quot;:&quot;9&quot;,&quot;salary&quot;:&quot;123789&quot;,&quot;pincode&quot;:&quot;1307191&quot;,&quot;userid&quot;:&quot;taGX4XQQfXD3Z76sI1Xn&quot;,&quot;id&quot;:&quot;pIlneAmyEWdDbXKenDN1&quot;},{&quot;accountno&quot;:&quot;TA-1234566&quot;,&quot;departmentno&quot;:&quot;9&quot;,&quot;salary&quot;:&quot;123789&quot;,&quot;pincode&quot;:&quot;1307191&quot;,&quot;userid&quot;:&quot;taGX4XQQfXD3Z76sI1Xn&quot;,&quot;id&quot;:&quot;4QAmNy2lgpCwpNwvL53r&quot;},{&quot;accountno&quot;:&quot;TA-1234566&quot;,&quot;departmentno&quot;:&quot;9&quot;,&quot;salary&quot;:&quot;123789&quot;,&quot;pincode&quot;:&quot;1307191&quot;,&quot;userid&quot;:&quot;taGX4XQQfXD3Z76sI1Xn&quot;,&quot;id&quot;:&quot;vIzNdIAzqvwdFQU9bGww&quot;},{&quot;accountno&quot;:&quot;TA-1234566&quot;,&quot;departmentno&quot;:&quot;9&quot;,&quot;salary&quot;:&quot;123789&quot;,&quot;pincode&quot;:&quot;1307191&quot;,&quot;userid&quot;:&quot;taGX4XQQfXD3Z76sI1Xn&quot;,&quot;id&quot;:&quot;7OszpDQTrTgM0bKU9wYH&quot;},{&quot;accountno&quot;:&quot;TA-1234566&quot;,&quot;departmentno&quot;:&quot;9&quot;,&quot;salary&quot;:&quot;123789&quot;,&quot;pincode&quot;:&quot;1307191&quot;,&quot;userid&quot;:&quot;taGX4XQQfXD3Z76sI1Xn&quot;,&quot;id&quot;:&quot;GZYNqOeHloJ4EWiIdV1G&quot;},{&quot;accountno&quot;:&quot;TA-1234566&quot;,&quot;departmentno&quot;:&quot;9&quot;,&quot;salary&quot;:&quot;123789&quot;,&quot;pincode&quot;:&quot;1307191&quot;,&quot;userid&quot;:&quot;taGX4XQQfXD3Z76sI1Xn&quot;,&quot;id&quot;:&quot;k3TOjBXm81uCuNSQdb09&quot;},{&quot;accountno&quot;:&quot;TA-1234566&quot;,&quot;departmentno&quot;:&quot;9&quot;,&quot;salary&quot;:&quot;123789&quot;,&quot;pincode&quot;:&quot;1307191&quot;,&quot;userid&quot;:&quot;taGX4XQQfXD3Z76sI1Xn&quot;,&quot;id&quot;:&quot;jGqq0BJwm0wvDn0DvTJf&quot;},{&quot;accountno&quot;:&quot;TA-1234564&quot;,&quot;departmentno&quot;:&quot;4&quot;,&quot;salary&quot;:&quot;2223358&quot;,&quot;pincode&quot;:&quot;112235&quot;,&quot;userid&quot;:&quot;taGX4XQQfXD3Z76sI1Xn&quot;,&quot;id&quot;:&quot;eZiklglQv7G6qKkx5XGm&quot;},{&quot;accountno&quot;:&quot;TA-BH$$$$6&quot;,&quot;departmentno&quot;:&quot;5&quot;,&quot;salary&quot;:&quot;500000&quot;,&quot;pincode&quot;:&quot;500005&quot;,&quot;userid&quot;:&quot;aVjYUGE0c0xLlerWKo7l&quot;,&quot;id&quot;:&quot;nvNVSjVdfJd8C3yd0oAG&quot;},{&quot;accountno&quot;:&quot;TA-1234564&quot;,&quot;departmentno&quot;:&quot;2&quot;,&quot;salary&quot;:&quot;2223358&quot;,&quot;pincode&quot;:&quot;112235&quot;,&quot;userid&quot;:&quot;taGX4XQQfXD3Z76sI1Xn&quot;,&quot;id&quot;:&quot;ytTF1T7OWiKmEYfs6D0c&quot;},{&quot;accountno&quot;:&quot;TA-1234564&quot;,&quot;departmentno&quot;:1,&quot;salary&quot;:666666,&quot;pincode&quot;:112234,&quot;userid&quot;:&quot;taGX4XQQfXD3Z76sI1Xn&quot;,&quot;id&quot;:&quot;8ml4if5V8IHbNkUhTEQy&quot;},{&quot;accountno&quot;:&quot;TA-1234564&quot;,&quot;departmentno&quot;:&quot;2&quot;,&quot;salary&quot;:&quot;22233&quot;,&quot;pincode&quot;:&quot;112234&quot;,&quot;userid&quot;:&quot;taGX4XQQfXD3Z76sI1Xn&quot;,&quot;id&quot;:&quot;y19g2hdoI520HThthrz2&quot;},{&quot;accountno&quot;:&quot;TA-7777777&quot;,&quot;departmentno&quot;:&quot;7&quot;,&quot;salary&quot;:&quot;777777&quot;,&quot;pincode&quot;:&quot;777777&quot;,&quot;userid&quot;:&quot;AcHQFAMAHVo1hEVKiZ0R&quot;,&quot;id&quot;:&quot;6JUG1IXzV7JGTytJ8Hxh&quot;},{&quot;accountno&quot;:&quot;TA-7777777&quot;,&quot;departmentno&quot;:&quot;7&quot;,&quot;salary&quot;:&quot;777777&quot;,&quot;pincode&quot;:&quot;777777&quot;,&quot;userid&quot;:&quot;AcHQFAMAHVo1hEVKiZ0R&quot;,&quot;id&quot;:&quot;lssAVcdg4TsrQ4TfMelE&quot;},{&quot;accountno&quot;:&quot;TA-2323233&quot;,&quot;departmentno&quot;:2,&quot;salary&quot;:232323,&quot;pincode&quot;:2323234,&quot;userid&quot;:&quot;AcHQFAMAHVo1hEVKiZ0R&quot;,&quot;id&quot;:&quot;nzD8ZmIZuwdTX6uxMh9G&quot;},{&quot;accountno&quot;:&quot;TA-BHBHB25&quot;,&quot;departmentno&quot;:&quot;6&quot;,&quot;salary&quot;:&quot;500054&quot;,&quot;pincode&quot;:&quot;666678&quot;,&quot;userid&quot;:&quot;aVjYUGE0c0xLlerWKo7l&quot;,&quot;id&quot;:&quot;4URJycL6nxzLXEfcWs7G&quot;},{&quot;accountno&quot;:&quot;TA-BH00025&quot;,&quot;departmentno&quot;:&quot;6&quot;,&quot;salary&quot;:&quot;500054&quot;,&quot;pincode&quot;:&quot;666678&quot;,&quot;userid&quot;:&quot;aVjYUGE0c0xLlerWKo7l&quot;,&quot;id&quot;:&quot;PKL82pCKBLvaHOxm3eJt&quot;},{&quot;accountno&quot;:&quot;999999&quot;,&quot;departmentno&quot;:5,&quot;salary&quot;:555,&quot;pincode&quot;:585405,&quot;userid&quot;:&quot;y648pmQXfsSeKK79RXnD&quot;,&quot;id&quot;:&quot;vYEfyxC4HWZ8XNZZb9iJ&quot;},{&quot;accountno&quot;:&quot;999999&quot;,&quot;departmentno&quot;:&quot;66&quot;,&quot;salary&quot;:&quot;6666&quot;,&quot;pincode&quot;:&quot;55555&quot;,&quot;userid&quot;:&quot;y648pmQXfsSeKK79RXnD&quot;,&quot;id&quot;:&quot;2l0NWoQfUNxgrUdUvvAP&quot;},{&quot;accountno&quot;:&quot;&quot;,&quot;departmentno&quot;:&quot;&quot;,&quot;salary&quot;:&quot;&quot;,&quot;pincode&quot;:&quot;&quot;,&quot;userid&quot;:&quot;y648pmQXfsSeKK79RXnD&quot;,&quot;id&quot;:&quot;GgXABjp6fdLVfG0oTToq&quot;},{&quot;accountno&quot;:&quot;&quot;,&quot;departmentno&quot;:&quot;9&quot;,&quot;salary&quot;:&quot;999&quot;,&quot;pincode&quot;:&quot;585409&quot;,&quot;userid&quot;:&quot;y648pmQXfsSeKK79RXnD&quot;,&quot;id&quot;:&quot;BObfB2aOIIe0qnAcAwXc&quot;},{&quot;accountno&quot;:&quot;99999999&quot;,&quot;departmentno&quot;:&quot;9&quot;,&quot;salary&quot;:&quot;999&quot;,&quot;pincode&quot;:&quot;585409&quot;,&quot;userid&quot;:&quot;y648pmQXfsSeKK79RXnD&quot;,&quot;id&quot;:&quot;MXq4IJRo9NybNqVDGwEw&quot;},{&quot;accountno&quot;:&quot;NULL&quot;,&quot;departmentno&quot;:&quot;8&quot;,&quot;salary&quot;:&quot;888&quot;,&quot;pincode&quot;:&quot;585408&quot;,&quot;userid&quot;:&quot;y648pmQXfsSeKK79RXnD&quot;,&quot;id&quot;:&quot;iJnYIDIOrW63SQGIhXho&quot;},{&quot;accountno&quot;:&quot;NULL&quot;,&quot;departmentno&quot;:&quot;8&quot;,&quot;salary&quot;:&quot;888&quot;,&quot;pincode&quot;:&quot;585408&quot;,&quot;userid&quot;:&quot;y648pmQXfsSeKK79RXnD&quot;,&quot;id&quot;:&quot;EtLPbjDe0lDCdLaESsoi&quot;},{&quot;accountno&quot;:&quot;88888888&quot;,&quot;departmentno&quot;:&quot;8&quot;,&quot;salary&quot;:&quot;888&quot;,&quot;pincode&quot;:&quot;585408&quot;,&quot;userid&quot;:&quot;y648pmQXfsSeKK79RXnD&quot;,&quot;id&quot;:&quot;ljbu8982LhclyHzUZcjw&quot;},{&quot;accountno&quot;:&quot;88888888&quot;,&quot;departmentno&quot;:&quot;8&quot;,&quot;salary&quot;:&quot;888&quot;,&quot;pincode&quot;:&quot;585408&quot;,&quot;userid&quot;:&quot;y648pmQXfsSeKK79RXnD&quot;,&quot;id&quot;:&quot;q5eFLQmKURzLVMkO5HWK&quot;},{&quot;accountno&quot;:&quot;TA-2105098&quot;,&quot;departmentno&quot;:&quot;2&quot;,&quot;salary&quot;:&quot;253670&quot;,&quot;pincode&quot;:&quot;142637&quot;,&quot;userid&quot;:&quot;bjMEIeH786owBw0agPKo&quot;,&quot;id&quot;:&quot;gJpPSuDPZaYogn98A7AC&quot;},{&quot;accountno&quot;:&quot;TA-postman&quot;,&quot;departmentno&quot;:&quot;1&quot;,&quot;salary&quot;:&quot;1000&quot;,&quot;pincode&quot;:&quot;111111&quot;,&quot;userid&quot;:&quot;taGX4XQQfXD3Z76sI1Xn&quot;,&quot;id&quot;:&quot;cH5sZtMeFk087I1uBTXx&quot;},{&quot;accountno&quot;:&quot;TA-6789877&quot;,&quot;departmentno&quot;:&quot;8&quot;,&quot;salary&quot;:&quot;89&quot;,&quot;pincode&quot;:&quot;778878&quot;,&quot;userid&quot;:&quot;jcBy26UDfXtrfBOrkfI8&quot;,&quot;id&quot;:&quot;V5zsF80SI4OYKIjFGddS&quot;},{&quot;accountno&quot;:&quot;88888888&quot;,&quot;departmentno&quot;:&quot;8&quot;,&quot;salary&quot;:&quot;888&quot;,&quot;pincode&quot;:&quot;585408&quot;,&quot;userid&quot;:&quot;y648pmQXfsSeKK79RXnD&quot;,&quot;id&quot;:&quot;euxuSfX2rQJX6OnADLkW&quot;},{&quot;accountno&quot;:&quot;TA-7654321&quot;,&quot;departmentno&quot;:&quot;10&quot;,&quot;salary&quot;:&quot;3000&quot;,&quot;pincode&quot;:&quot;636586&quot;,&quot;userid&quot;:&quot;Qv9VqoMypQb6l9QCZH54&quot;,&quot;id&quot;:&quot;HpvFafcHfLpqg9UoInuR&quot;},{&quot;accountno&quot;:&quot;TA-8989894&quot;,&quot;departmentno&quot;:&quot;80&quot;,&quot;salary&quot;:&quot;80001&quot;,&quot;pincode&quot;:&quot;098900&quot;,&quot;userid&quot;:&quot;xA8fC6JoQVE5F6qeqgDj&quot;,&quot;id&quot;:&quot;DyhN4iwwPH5CZKJrVFnP&quot;},{&quot;accountno&quot;:&quot;TA-4455667&quot;,&quot;departmentno&quot;:&quot;8&quot;,&quot;salary&quot;:&quot;1111&quot;,&quot;pincode&quot;:&quot;110022&quot;,&quot;userid&quot;:&quot;W7XLBI5UJHbtaYs3GptZ&quot;,&quot;id&quot;:&quot;L5acbamjEGceFHh0Ub9J&quot;},{&quot;accountno&quot;:&quot;TA-4455667&quot;,&quot;departmentno&quot;:&quot;8&quot;,&quot;salary&quot;:&quot;1111&quot;,&quot;pincode&quot;:&quot;110022&quot;,&quot;userid&quot;:&quot;W7XLBI5UJHbtaYs3GptZ&quot;,&quot;id&quot;:&quot;rbnDTZJ1zIZlbJKehHoh&quot;},{&quot;accountno&quot;:&quot;TA-1234567&quot;,&quot;departmentno&quot;:&quot;7&quot;,&quot;salary&quot;:&quot;32004&quot;,&quot;pincode&quot;:&quot;760043&quot;,&quot;userid&quot;:&quot;uIIZ28yjFRwIaO0ox9Lh&quot;,&quot;id&quot;:&quot;6Jg0BHcWFn0SBJycxso3&quot;},{&quot;accountno&quot;:&quot;TA-9087905&quot;,&quot;departmentno&quot;:&quot;7&quot;,&quot;salary&quot;:&quot;32004&quot;,&quot;pincode&quot;:&quot;760043&quot;,&quot;userid&quot;:&quot;uIIZ28yjFRwIaO0ox9Lh&quot;,&quot;id&quot;:&quot;7Hgsqv4BIJODvMoh8HTc&quot;},{&quot;accountno&quot;:&quot;TA-345674&quot;,&quot;departmentno&quot;:&quot;7&quot;,&quot;salary&quot;:&quot;12004&quot;,&quot;pincode&quot;:&quot;560043&quot;,&quot;userid&quot;:&quot;uIIZ28yjFRwIaO0ox9Lh&quot;,&quot;id&quot;:&quot;8nX8fzu6PEEvVJ1xksbl&quot;},{&quot;accountno&quot;:&quot;TA-9999999&quot;,&quot;departmentno&quot;:&quot;9&quot;,&quot;salary&quot;:&quot;9999&quot;,&quot;pincode&quot;:&quot;595959&quot;,&quot;userid&quot;:&quot;JQGgG0SnNsZlQgoI2840&quot;,&quot;id&quot;:&quot;vwvthMvm67LWYPWugY9W&quot;},{&quot;accountno&quot;:&quot;TA-9999999&quot;,&quot;departmentno&quot;:&quot;5&quot;,&quot;salary&quot;:&quot;9191&quot;,&quot;pincode&quot;:&quot;595959&quot;,&quot;userid&quot;:&quot;JQGgG0SnNsZlQgoI2840&quot;,&quot;id&quot;:&quot;8H2aTdZIbx3SQhHh9Ai1&quot;},{&quot;accountno&quot;:&quot;TA-9999999&quot;,&quot;departmentno&quot;:&quot;9&quot;,&quot;salary&quot;:&quot;9999&quot;,&quot;pincode&quot;:&quot;595959&quot;,&quot;userid&quot;:&quot;JQGgG0SnNsZlQgoI2840&quot;,&quot;id&quot;:&quot;PrNogNZM8Q0KMM6C8raF&quot;},{&quot;accountno&quot;:&quot;TA-9999999&quot;,&quot;departmentno&quot;:&quot;9&quot;,&quot;salary&quot;:&quot;9999&quot;,&quot;pincode&quot;:&quot;595959&quot;,&quot;userid&quot;:&quot;JQGgG0SnNsZlQgoI2840&quot;,&quot;id&quot;:&quot;XDbHFoMJCfS93VtinOKv&quot;},{&quot;accountno&quot;:&quot;TA-9999999&quot;,&quot;departmentno&quot;:&quot;5&quot;,&quot;salary&quot;:&quot;9191&quot;,&quot;pincode&quot;:&quot;595959&quot;,&quot;userid&quot;:&quot;JQGgG0SnNsZlQgoI2840&quot;,&quot;id&quot;:&quot;gIAQLmBGVe4vS6nHYdFN&quot;},{&quot;accountno&quot;:&quot;TA-9999999&quot;,&quot;departmentno&quot;:&quot;9&quot;,&quot;salary&quot;:&quot;9999&quot;,&quot;pincode&quot;:&quot;595959&quot;,&quot;userid&quot;:&quot;JQGgG0SnNsZlQgoI2840&quot;,&quot;id&quot;:&quot;4wvPdFvLwYucjPo78M5J&quot;},{&quot;accountno&quot;:&quot;TA-9999999&quot;,&quot;departmentno&quot;:&quot;9&quot;,&quot;salary&quot;:&quot;9999&quot;,&quot;pincode&quot;:&quot;595959&quot;,&quot;userid&quot;:&quot;JQGgG0SnNsZlQgoI2840&quot;,&quot;id&quot;:&quot;Wki0NfB7qJb0B6h33Pxf&quot;},{&quot;accountno&quot;:&quot;TA-9999999&quot;,&quot;departmentno&quot;:&quot;5&quot;,&quot;salary&quot;:&quot;9191&quot;,&quot;pincode&quot;:&quot;595959&quot;,&quot;userid&quot;:&quot;JQGgG0SnNsZlQgoI2840&quot;,&quot;id&quot;:&quot;aj6g0M2qAWuUFSPC5VOs&quot;},{&quot;accountno&quot;:&quot;TA-9999999&quot;,&quot;departmentno&quot;:&quot;9&quot;,&quot;salary&quot;:&quot;9999&quot;,&quot;pincode&quot;:&quot;595959&quot;,&quot;userid&quot;:&quot;JQGgG0SnNsZlQgoI2840&quot;,&quot;id&quot;:&quot;pRAqt0SyFBddN5yxhXZc&quot;},{&quot;accountno&quot;:&quot;TA-1234567&quot;,&quot;departmentno&quot;:&quot;1&quot;,&quot;salary&quot;:&quot;9000&quot;,&quot;pincode&quot;:&quot;636006&quot;,&quot;userid&quot;:&quot;Qv9VqoMypQb6l9QCZH54&quot;,&quot;id&quot;:&quot;cz5zY00Hi8VicTBpR08B&quot;},{&quot;accountno&quot;:&quot;TA-9999999&quot;,&quot;departmentno&quot;:&quot;9&quot;,&quot;salary&quot;:&quot;9191&quot;,&quot;pincode&quot;:&quot;595959&quot;,&quot;userid&quot;:&quot;JQGgG0SnNsZlQgoI2840&quot;,&quot;id&quot;:&quot;ud1xd6ioCNXQTtzLgp9D&quot;},{&quot;accountno&quot;:&quot;TA-9999999&quot;,&quot;departmentno&quot;:&quot;9&quot;,&quot;salary&quot;:&quot;&amp;&amp;&amp;&amp;&quot;,&quot;pincode&quot;:&quot;595959&quot;,&quot;userid&quot;:&quot;JQGgG0SnNsZlQgoI2840&quot;,&quot;id&quot;:&quot;s50LJzZQw4OX3r5YAE0K&quot;},{&quot;accountno&quot;:&quot;TA-9999999&quot;,&quot;departmentno&quot;:&quot;9&quot;,&quot;salary&quot;:&quot;&quot;,&quot;pincode&quot;:&quot;595959&quot;,&quot;userid&quot;:&quot;JQGgG0SnNsZlQgoI2840&quot;,&quot;id&quot;:&quot;y8AG04yOYqjfiq8J7vDc&quot;},{&quot;accountno&quot;:&quot;TA-9999999&quot;,&quot;departmentno&quot;:&quot;9&quot;,&quot;salary&quot;:&quot;9999&quot;,&quot;pincode&quot;:&quot;595959&quot;,&quot;userid&quot;:&quot;JQGgG0SnNsZlQgoI2840&quot;,&quot;id&quot;:&quot;BEmUwGSVTD7wHOXLagMV&quot;},{&quot;accountno&quot;:&quot;TA-9999999&quot;,&quot;departmentno&quot;:&quot;9&quot;,&quot;salary&quot;:&quot;9999&quot;,&quot;pincode&quot;:&quot;000000&quot;,&quot;userid&quot;:&quot;JQGgG0SnNsZlQgoI2840&quot;,&quot;id&quot;:&quot;ERm2JvnYo3qTW25fw81J&quot;},{&quot;accountno&quot;:&quot;Amaya&quot;,&quot;departmentno&quot;:&quot;1&quot;,&quot;salary&quot;:4000,&quot;pincode&quot;:333444,&quot;userid&quot;:&quot;r657BEYL3kM8lckt64O0&quot;,&quot;id&quot;:&quot;wpD9bduhEjgcy8CjJITf&quot;},{&quot;accountno&quot;:&quot;TA-BH00006&quot;,&quot;departmentno&quot;:&quot;6&quot;,&quot;salary&quot;:&quot;%%%%%%&quot;,&quot;pincode&quot;:&quot;######&quot;,&quot;userid&quot;:&quot;aVjYUGE0c0xLlerWKo7l&quot;,&quot;id&quot;:&quot;5YEg1jNnue6caYxXvgNW&quot;},{&quot;accountno&quot;:&quot;TA-BH00005&quot;,&quot;departmentno&quot;:&quot;&quot;,&quot;salary&quot;:&quot;&quot;,&quot;pincode&quot;:&quot;&quot;,&quot;userid&quot;:&quot;aVjYUGE0c0xLlerWKo7l&quot;,&quot;id&quot;:&quot;VwmBoYbLyFjiDxNDKCD9&quot;},{&quot;accountno&quot;:&quot;&quot;,&quot;departmentno&quot;:&quot;6&quot;,&quot;salary&quot;:&quot;500054&quot;,&quot;pincode&quot;:&quot;666678&quot;,&quot;userid&quot;:&quot;aVjYUGE0c0xLlerWKo7l&quot;,&quot;id&quot;:&quot;ME1SCbV4miCXyx7GtRmp&quot;},{&quot;accountno&quot;:&quot;TA-BH3&quot;,&quot;departmentno&quot;:&quot;6&quot;,&quot;salary&quot;:&quot;500054&quot;,&quot;pincode&quot;:&quot;666678&quot;,&quot;userid&quot;:&quot;aVjYUGE0c0xLlerWKo7l&quot;,&quot;id&quot;:&quot;8DFeQxtc76gz03SGuOKh&quot;},{&quot;accountno&quot;:&quot;TA-BH00002&quot;,&quot;departmentno&quot;:&quot;6&quot;,&quot;salary&quot;:&quot;500054&quot;,&quot;pincode&quot;:&quot;&quot;,&quot;userid&quot;:&quot;aVjYUGE0c0xLlerWKo7l&quot;,&quot;id&quot;:&quot;0fWYN5uxnZ9F7KFDNYQu&quot;},{&quot;accountno&quot;:&quot;TA-BH00001&quot;,&quot;departmentno&quot;:&quot;6&quot;,&quot;salary&quot;:&quot;500054&quot;,&quot;pincode&quot;:&quot;666678&quot;,&quot;userid&quot;:&quot;aVjYUGE0c0xLlerWKo7l&quot;,&quot;id&quot;:&quot;9KwJkzUfYqWC7QJCbDO9&quot;},{&quot;accountno&quot;:&quot;TA-BH00006&quot;,&quot;departmentno&quot;:&quot;6&quot;,&quot;salary&quot;:&quot;%%%%%%&quot;,&quot;pincode&quot;:&quot;######&quot;,&quot;userid&quot;:&quot;aVjYUGE0c0xLlerWKo7l&quot;,&quot;id&quot;:&quot;hbCCIKNjD0RHeHqjZ3Mn&quot;},{&quot;accountno&quot;:&quot;TA-BH00005&quot;,&quot;departmentno&quot;:&quot;&quot;,&quot;salary&quot;:&quot;&quot;,&quot;pincode&quot;:&quot;&quot;,&quot;userid&quot;:&quot;aVjYUGE0c0xLlerWKo7l&quot;,&quot;id&quot;:&quot;ZUe14TvXay8GHPJfnUXW&quot;},{&quot;accountno&quot;:&quot;&quot;,&quot;departmentno&quot;:&quot;6&quot;,&quot;salary&quot;:&quot;500054&quot;,&quot;pincode&quot;:&quot;666678&quot;,&quot;userid&quot;:&quot;aVjYUGE0c0xLlerWKo7l&quot;,&quot;id&quot;:&quot;7gKcoZalPtekSbjz6J4T&quot;},{&quot;accountno&quot;:&quot;TA-BH3&quot;,&quot;departmentno&quot;:&quot;6&quot;,&quot;salary&quot;:&quot;500054&quot;,&quot;pincode&quot;:&quot;666678&quot;,&quot;userid&quot;:&quot;aVjYUGE0c0xLlerWKo7l&quot;,&quot;id&quot;:&quot;EkDDnwgGqicAzOHA9wDJ&quot;},{&quot;accountno&quot;:&quot;TA-BH00002&quot;,&quot;departmentno&quot;:&quot;6&quot;,&quot;salary&quot;:&quot;500054&quot;,&quot;pincode&quot;:&quot;&quot;,&quot;userid&quot;:&quot;aVjYUGE0c0xLlerWKo7l&quot;,&quot;id&quot;:&quot;HStcEM9zQ15TxFxEHc8d&quot;},{&quot;accountno&quot;:&quot;TA-BH00001&quot;,&quot;departmentno&quot;:&quot;6&quot;,&quot;salary&quot;:&quot;500054&quot;,&quot;pincode&quot;:&quot;666678&quot;,&quot;userid&quot;:&quot;aVjYUGE0c0xLlerWKo7l&quot;,&quot;id&quot;:&quot;0T7Kst27L4nUZiUGktUF&quot;},{&quot;accountno&quot;:&quot;TA-kabuu&quot;,&quot;departmentno&quot;:&quot;1&quot;,&quot;salary&quot;:&quot;1212&quot;,&quot;pincode&quot;:&quot;9119&quot;,&quot;userid&quot;:&quot;zHei4hlbhNApF35AAVu1&quot;,&quot;id&quot;:&quot;ZLY2kH2c1KwWgkM5vvq4&quot;},{&quot;accountno&quot;:&quot;TA-kabuu&quot;,&quot;departmentno&quot;:&quot;1&quot;,&quot;salary&quot;:&quot;1212&quot;,&quot;pincode&quot;:&quot;9119&quot;,&quot;userid&quot;:&quot;zHei4hlbhNApF35AAVu1&quot;,&quot;id&quot;:&quot;bOHrrjdRNkUEY99sv5Do&quot;},{&quot;accountno&quot;:&quot;TA-kabuu24&quot;,&quot;departmentno&quot;:&quot;1&quot;,&quot;salary&quot;:&quot;1212&quot;,&quot;pincode&quot;:&quot;911908&quot;,&quot;userid&quot;:&quot;zHei4hlbhNApF35AAVu1&quot;,&quot;id&quot;:&quot;ESvQl8iou2HKTPjaLlpD&quot;},{&quot;accountno&quot;:&quot;TA-kabuu24&quot;,&quot;departmentno&quot;:&quot;1&quot;,&quot;salary&quot;:&quot;1212&quot;,&quot;pincode&quot;:&quot;911908&quot;,&quot;userid&quot;:&quot;zHei4hlbhNApF35AAVu1&quot;,&quot;id&quot;:&quot;HkqCc6KITFQPM0Kji1DF&quot;},{&quot;accountno&quot;:&quot;TA-kabuu24&quot;,&quot;departmentno&quot;:&quot;1&quot;,&quot;salary&quot;:&quot;1212&quot;,&quot;pincode&quot;:&quot;911908&quot;,&quot;userid&quot;:&quot;zHei4hlbhNApF35AAVu1&quot;,&quot;id&quot;:&quot;onOMI5YQyP6XTfTOEasm&quot;},{&quot;accountno&quot;:&quot;TA-kabuu&quot;,&quot;departmentno&quot;:&quot;1&quot;,&quot;salary&quot;:&quot;1212&quot;,&quot;pincode&quot;:&quot;9119&quot;,&quot;userid&quot;:&quot;zHei4hlbhNApF35AAVu1&quot;,&quot;id&quot;:&quot;i1XNuEI8ODmExpOLZYaV&quot;},{&quot;accountno&quot;:&quot;TA-kabuu&quot;,&quot;departmentno&quot;:&quot;1&quot;,&quot;salary&quot;:&quot;1212&quot;,&quot;pincode&quot;:&quot;911908&quot;,&quot;userid&quot;:&quot;zHei4hlbhNApF35AAVu1&quot;,&quot;id&quot;:&quot;zsdTmsWUqI8l5p7QBtNA&quot;},{&quot;accountno&quot;:&quot;TA-kabuu28&quot;,&quot;departmentno&quot;:&quot;1&quot;,&quot;salary&quot;:&quot;1212&quot;,&quot;pincode&quot;:&quot;911908&quot;,&quot;userid&quot;:&quot;zHei4hlbhNApF35AAVu1&quot;,&quot;id&quot;:&quot;Hc7PgCdiwCUI3qsAAycQ&quot;},{&quot;accountno&quot;:&quot;TA-sayalii&quot;,&quot;departmentno&quot;:&quot;1&quot;,&quot;salary&quot;:&quot;1111&quot;,&quot;pincode&quot;:&quot;111111&quot;,&quot;userid&quot;:&quot;zHei4hlbhNApF35AAVu1&quot;,&quot;id&quot;:&quot;tzpznvx25cXxR6x7c4lg&quot;},{&quot;accountno&quot;:&quot;TA-578344&quot;,&quot;departmentno&quot;:&quot;222&quot;,&quot;salary&quot;:111,&quot;pincode&quot;:691524,&quot;userid&quot;:&quot;y0ROQ195Nq0c8MTZyxMM&quot;,&quot;id&quot;:&quot;nMa9d4w9AN1un3ytmpwQ&quot;},{&quot;accountno&quot;:&quot;TA- kavya1&quot;,&quot;departmentno&quot;:&quot;1&quot;,&quot;salary&quot;:&quot;1111&quot;,&quot;pincode&quot;:&quot;878790&quot;,&quot;userid&quot;:&quot;zHei4hlbhNApF35AAVu1&quot;,&quot;id&quot;:&quot;lIwb9KzmFKiBTdgIbY7R&quot;},{&quot;accountno&quot;:&quot;SA-Nov29&quot;,&quot;departmentno&quot;:&quot;10&quot;,&quot;salary&quot;:&quot;111&quot;,&quot;pincode&quot;:&quot;123456&quot;,&quot;userid&quot;:&quot;wEasjdwk6Do6TJhXo7vl&quot;,&quot;id&quot;:&quot;qCtIO2Vlre9yZwECq9FB&quot;},{&quot;accountno&quot;:&quot;SA-Nov29&quot;,&quot;departmentno&quot;:&quot;10&quot;,&quot;salary&quot;:&quot;111&quot;,&quot;pincode&quot;:&quot;123456&quot;,&quot;userid&quot;:&quot;wEasjdwk6Do6TJhXo7vl&quot;,&quot;id&quot;:&quot;JrsCn5WOsn1xTf7bWl5U&quot;},{&quot;accountno&quot;:&quot;Amaya&quot;,&quot;departmentno&quot;:&quot;2&quot;,&quot;salary&quot;:&quot;1000&quot;,&quot;pincode&quot;:&quot;333444&quot;,&quot;userid&quot;:&quot;r657BEYL3kM8lckt64O0&quot;,&quot;id&quot;:&quot;spgwaZxN7f0KOquW3zkC&quot;},{&quot;accountno&quot;:&quot;Amaya&quot;,&quot;departmentno&quot;:&quot;2&quot;,&quot;salary&quot;:&quot;1000&quot;,&quot;pincode&quot;:&quot;333444&quot;,&quot;userid&quot;:&quot;r657BEYL3kM8lckt64O0&quot;,&quot;id&quot;:&quot;WKu1ChELwKRB0JYQlkj2&quot;},{&quot;accountno&quot;:&quot;Amaya&quot;,&quot;departmentno&quot;:&quot;2&quot;,&quot;salary&quot;:&quot;1000&quot;,&quot;pincode&quot;:&quot;333444&quot;,&quot;userid&quot;:&quot;r657BEYL3kM8lckt64O0&quot;,&quot;id&quot;:&quot;8IZTnKpkeFjvvchJRUAH&quot;},{&quot;accountno&quot;:&quot;Amaya&quot;,&quot;departmentno&quot;:&quot;2&quot;,&quot;salary&quot;:&quot;1000&quot;,&quot;pincode&quot;:&quot;333444&quot;,&quot;userid&quot;:&quot;r657BEYL3kM8lckt64O0&quot;,&quot;id&quot;:&quot;PwG3bExqPNV0U97ooFT4&quot;},{&quot;accountno&quot;:&quot;Amaya&quot;,&quot;departmentno&quot;:&quot;2&quot;,&quot;salary&quot;:&quot;1000&quot;,&quot;pincode&quot;:&quot;333444&quot;,&quot;userid&quot;:&quot;r657BEYL3kM8lckt64O0&quot;,&quot;id&quot;:&quot;QMK7axAUaC9vhy7vkcjQ&quot;},{&quot;accountno&quot;:&quot;tan777777&quot;,&quot;departmentno&quot;:&quot;77&quot;,&quot;salary&quot;:&quot;7777&quot;,&quot;pincode&quot;:&quot;777888&quot;,&quot;userid&quot;:&quot;v4LqA4tlGFVD0zR7Nmk1&quot;,&quot;id&quot;:&quot;LOJZThc6VytF2tiSX1no&quot;},{&quot;accountno&quot;:&quot;TA-priya87&quot;,&quot;departmentno&quot;:&quot;9&quot;,&quot;salary&quot;:&quot;99076&quot;,&quot;pincode&quot;:&quot;789065&quot;,&quot;userid&quot;:&quot;hx9jBCAKLzCVUPDUAshf&quot;,&quot;id&quot;:&quot;WsZsVQlWK8wOhT2xLLIS&quot;},{&quot;accountno&quot;:&quot;Priya777777&quot;,&quot;departmentno&quot;:&quot;77&quot;,&quot;salary&quot;:&quot;7777&quot;,&quot;pincode&quot;:&quot;777888&quot;,&quot;userid&quot;:&quot;hx9jBCAKLzCVUPDUAshf&quot;,&quot;id&quot;:&quot;MYvooW3jUQ9w7CLRn11h&quot;},{&quot;accountno&quot;:&quot;TA-priya87&quot;,&quot;departmentno&quot;:&quot;9&quot;,&quot;salary&quot;:&quot;99076&quot;,&quot;pincode&quot;:&quot;789065&quot;,&quot;userid&quot;:&quot;hx9jBCAKLzCVUPDUAshf&quot;,&quot;id&quot;:&quot;ExKfjVDMm06FMIcfKGqE&quot;},{&quot;accountno&quot;:&quot;TAabcdefgh&quot;,&quot;departmentno&quot;:&quot;4&quot;,&quot;salary&quot;:&quot;450006&quot;,&quot;pincode&quot;:&quot;908033&quot;,&quot;userid&quot;:&quot;x6i83kk0zCjKq4CAPXST&quot;,&quot;id&quot;:&quot;NG9lPqMrXxwXDcj2tz3B&quot;},{&quot;accountno&quot;:&quot;TA-priya87&quot;,&quot;departmentno&quot;:&quot;9&quot;,&quot;salary&quot;:&quot;99076&quot;,&quot;pincode&quot;:&quot;789065&quot;,&quot;userid&quot;:&quot;hx9jBCAKLzCVUPDUAshf&quot;,&quot;id&quot;:&quot;9YCqTVjJkN7iZCGAePRD&quot;},{&quot;accountno&quot;:&quot;TA-reeja93&quot;,&quot;departmentno&quot;:&quot;5&quot;,&quot;salary&quot;:&quot;44441&quot;,&quot;pincode&quot;:&quot;123456&quot;,&quot;userid&quot;:&quot;yj4lLufi6vTtJtT0MKL8&quot;,&quot;id&quot;:&quot;Nk7Bbd3KxbtNL0Ax2wzx&quot;},{&quot;accountno&quot;:&quot;TA-reeja93&quot;,&quot;departmentno&quot;:&quot;5&quot;,&quot;salary&quot;:&quot;44441&quot;,&quot;pincode&quot;:&quot;123456&quot;,&quot;userid&quot;:&quot;yj4lLufi6vTtJtT0MKL8&quot;,&quot;id&quot;:&quot;rY3hqJKNOK6PMhQsRT0F&quot;},{&quot;accountno&quot;:&quot;TA-reeja93&quot;,&quot;departmentno&quot;:&quot;5&quot;,&quot;salary&quot;:&quot;44441&quot;,&quot;pincode&quot;:&quot;123456&quot;,&quot;userid&quot;:&quot;yj4lLufi6vTtJtT0MKL8&quot;,&quot;id&quot;:&quot;vmYDl6d2TGPMnBNTQBne&quot;},{&quot;accountno&quot;:&quot;TA-reeja93&quot;,&quot;departmentno&quot;:&quot;5&quot;,&quot;salary&quot;:&quot;44441&quot;,&quot;pincode&quot;:&quot;123456&quot;,&quot;userid&quot;:&quot;yj4lLufi6vTtJtT0MKL8&quot;,&quot;id&quot;:&quot;tTOR1aYHiIjBYAbBH2i7&quot;},{&quot;accountno&quot;:&quot;TA-reeja93&quot;,&quot;departmentno&quot;:&quot;5&quot;,&quot;salary&quot;:&quot;44441&quot;,&quot;pincode&quot;:&quot;123456&quot;,&quot;userid&quot;:&quot;yj4lLufi6vTtJtT0MKL8&quot;,&quot;id&quot;:&quot;6QSkEZd6EnLDVjTuoIaD&quot;},{&quot;accountno&quot;:&quot;TA-reeja12&quot;,&quot;departmentno&quot;:&quot;3&quot;,&quot;salary&quot;:&quot;324325&quot;,&quot;pincode&quot;:&quot;232132&quot;,&quot;userid&quot;:&quot;taGX4XQQfXD3Z76sI1Xn&quot;,&quot;id&quot;:&quot;isuiSqtaPF55H202Rb5I&quot;},{&quot;accountno&quot;:&quot;TA-reeja13&quot;,&quot;departmentno&quot;:&quot;5&quot;,&quot;salary&quot;:&quot;44441&quot;,&quot;pincode&quot;:&quot;123456&quot;,&quot;userid&quot;:&quot;yj4lLufi6vTtJtT0MKL8&quot;,&quot;id&quot;:&quot;GdmIQKf3ngAXGvWJs7ng&quot;},{&quot;accountno&quot;:&quot;TA-reeja13&quot;,&quot;departmentno&quot;:&quot;5&quot;,&quot;salary&quot;:&quot;44441&quot;,&quot;pincode&quot;:&quot;123456&quot;,&quot;userid&quot;:&quot;yj4lLufi6vTtJtT0MKL8&quot;,&quot;id&quot;:&quot;mI4ahNCqFfHahAJmpNL5&quot;},{&quot;accountno&quot;:&quot;TA-reeja13&quot;,&quot;departmentno&quot;:&quot;5&quot;,&quot;salary&quot;:&quot;44441&quot;,&quot;pincode&quot;:&quot;123456&quot;,&quot;userid&quot;:&quot;yj4lLufi6vTtJtT0MKL8&quot;,&quot;id&quot;:&quot;kjcGxawATWjia6K6XPpl&quot;},{&quot;accountno&quot;:&quot;&quot;,&quot;departmentno&quot;:&quot;9&quot;,&quot;salary&quot;:&quot;444678544444&quot;,&quot;pincode&quot;:&quot;95678988&quot;,&quot;userid&quot;:&quot;jcBy26UDfXtrfBOrkfI8&quot;,&quot;id&quot;:&quot;z7wSsoiU1OywBPaUjcoJ&quot;},{&quot;accountno&quot;:&quot;TA-3330333&quot;,&quot;departmentno&quot;:&quot;9&quot;,&quot;salary&quot;:&quot;444678544444&quot;,&quot;pincode&quot;:&quot;95678988&quot;,&quot;userid&quot;:&quot;jcBy26UDfXtrfBOrkfI8&quot;,&quot;id&quot;:&quot;bZ4zOQUbjNty4WV0KYDJ&quot;},{&quot;accountno&quot;:&quot;&quot;,&quot;departmentno&quot;:&quot;9&quot;,&quot;salary&quot;:&quot;444678544444&quot;,&quot;pincode&quot;:&quot;95678988&quot;,&quot;userid&quot;:&quot;jcBy26UDfXtrfBOrkfI8&quot;,&quot;id&quot;:&quot;EqvfUQ894Ye6Fen1Ma49&quot;},{&quot;accountno&quot;:&quot;TA-3330333&quot;,&quot;departmentno&quot;:&quot;9&quot;,&quot;salary&quot;:&quot;444678544444&quot;,&quot;pincode&quot;:&quot;95678988&quot;,&quot;userid&quot;:&quot;jcBy26UDfXtrfBOrkfI8&quot;,&quot;id&quot;:&quot;Gl8yuLUrifYt0AzA3LRi&quot;},{&quot;accountno&quot;:&quot;&quot;,&quot;departmentno&quot;:&quot;9&quot;,&quot;salary&quot;:&quot;444678544444&quot;,&quot;pincode&quot;:&quot;95678988&quot;,&quot;userid&quot;:&quot;jcBy26UDfXtrfBOrkfI8&quot;,&quot;id&quot;:&quot;jt79G0iUjPy0DBZIIz1i&quot;},{&quot;accountno&quot;:&quot;TA-3330333&quot;,&quot;departmentno&quot;:&quot;9&quot;,&quot;salary&quot;:&quot;444678544444&quot;,&quot;pincode&quot;:&quot;95678988&quot;,&quot;userid&quot;:&quot;jcBy26UDfXtrfBOrkfI8&quot;,&quot;id&quot;:&quot;rIEPncDDOVBvivwggzvD&quot;},{&quot;accountno&quot;:&quot;&quot;,&quot;departmentno&quot;:&quot;9&quot;,&quot;salary&quot;:&quot;444678544444&quot;,&quot;pincode&quot;:&quot;95678988&quot;,&quot;userid&quot;:&quot;jcBy26UDfXtrfBOrkfI8&quot;,&quot;id&quot;:&quot;CWw6ZLI6GqimM8DOe91l&quot;},{&quot;accountno&quot;:&quot;TA-3330333&quot;,&quot;departmentno&quot;:&quot;9&quot;,&quot;salary&quot;:&quot;444678544444&quot;,&quot;pincode&quot;:&quot;95678988&quot;,&quot;userid&quot;:&quot;jcBy26UDfXtrfBOrkfI8&quot;,&quot;id&quot;:&quot;MlvO1VmPA9lrmCQuZNvU&quot;},{&quot;accountno&quot;:&quot;TA-9999999&quot;,&quot;departmentno&quot;:&quot;9&quot;,&quot;salary&quot;:&quot;9191&quot;,&quot;pincode&quot;:&quot;595959&quot;,&quot;userid&quot;:&quot;JQGgG0SnNsZlQgoI2840&quot;,&quot;id&quot;:&quot;HZPD0UCVeyVGP6LmMIjD&quot;},{&quot;accountno&quot;:&quot;TA-9999999&quot;,&quot;departmentno&quot;:&quot;9&quot;,&quot;salary&quot;:&quot;9191&quot;,&quot;pincode&quot;:&quot;595959&quot;,&quot;userid&quot;:&quot;JQGgG0SnNsZlQgoI2840&quot;,&quot;id&quot;:&quot;8MwumwfIGnum5sCIiOp4&quot;},{&quot;accountno&quot;:&quot;Amaya&quot;,&quot;departmentno&quot;:&quot;2&quot;,&quot;salary&quot;:&quot;1000&quot;,&quot;pincode&quot;:&quot;333444&quot;,&quot;userid&quot;:&quot;r657BEYL3kM8lckt64O0&quot;,&quot;id&quot;:&quot;ppTLZ9Tj90ABB26cGm1q&quot;},{&quot;accountno&quot;:&quot;Amaya&quot;,&quot;departmentno&quot;:&quot;2&quot;,&quot;salary&quot;:&quot;1000&quot;,&quot;pincode&quot;:&quot;333444&quot;,&quot;userid&quot;:&quot;r657BEYL3kM8lckt64O0&quot;,&quot;id&quot;:&quot;fWgLBu5jz64yLEuCQ2Dz&quot;},{&quot;accountno&quot;:&quot;AA-Nov29&quot;,&quot;departmentno&quot;:&quot;5&quot;,&quot;salary&quot;:&quot;111&quot;,&quot;pincode&quot;:&quot;123456&quot;,&quot;userid&quot;:&quot;wEasjdwk6Do6TJhXo7vl&quot;,&quot;id&quot;:&quot;ouQD9o5ToifZ1NJvvfDk&quot;},{&quot;accountno&quot;:&quot;AA-Nov29&quot;,&quot;departmentno&quot;:&quot;3&quot;,&quot;salary&quot;:&quot;111&quot;,&quot;pincode&quot;:&quot;123456&quot;,&quot;userid&quot;:&quot;wEasjdwk6Do6TJhXo7vl&quot;,&quot;id&quot;:&quot;KVigU3G1NLTUkxHkNwHY&quot;},{&quot;accountno&quot;:&quot;AA-Nov29&quot;,&quot;departmentno&quot;:&quot;2&quot;,&quot;salary&quot;:&quot;111&quot;,&quot;pincode&quot;:&quot;123456&quot;,&quot;userid&quot;:&quot;wEasjdwk6Do6TJhXo7vl&quot;,&quot;id&quot;:&quot;5IEhI5ypCIKYNeXqnktu&quot;},{&quot;accountno&quot;:&quot;AA-Nov29&quot;,&quot;departmentno&quot;:&quot;1&quot;,&quot;salary&quot;:&quot;111&quot;,&quot;pincode&quot;:&quot;123456&quot;,&quot;userid&quot;:&quot;wEasjdwk6Do6TJhXo7vl&quot;,&quot;id&quot;:&quot;vtKxmvoTcgdYqD57XowE&quot;},{&quot;accountno&quot;:&quot;TA-reej1234&quot;,&quot;departmentno&quot;:&quot;2&quot;,&quot;salary&quot;:&quot;343223&quot;,&quot;pincode&quot;:&quot;654321&quot;,&quot;userid&quot;:&quot;taGX4XQQfXD3Z76sI1Xn&quot;,&quot;id&quot;:&quot;ZmCiNVIgCJQzQy6ULa7C&quot;},{&quot;accountno&quot;:&quot;TA-abcd1234&quot;,&quot;departmentno&quot;:&quot;2&quot;,&quot;salary&quot;:&quot;3432&quot;,&quot;pincode&quot;:&quot;333456&quot;,&quot;userid&quot;:&quot;taGX4XQQfXD3Z76sI1Xn&quot;,&quot;id&quot;:&quot;ZBm3dhWnxec3EAnG1gTR&quot;},{&quot;accountno&quot;:&quot;TA-reeja12&quot;,&quot;departmentno&quot;:&quot;1&quot;,&quot;salary&quot;:&quot;12345&quot;,&quot;pincode&quot;:&quot;654321&quot;,&quot;userid&quot;:&quot;taGX4XQQfXD3Z76sI1Xn&quot;,&quot;id&quot;:&quot;AeN60JA7DEoek8cJoYbj&quot;},{&quot;accountno&quot;:&quot;TA-abcd1234&quot;,&quot;departmentno&quot;:&quot;2&quot;,&quot;salary&quot;:&quot;3432&quot;,&quot;pincode&quot;:&quot;333456&quot;,&quot;userid&quot;:&quot;taGX4XQQfXD3Z76sI1Xn&quot;,&quot;id&quot;:&quot;wlXL1O5jsY1RTVAFeCy6&quot;},{&quot;accountno&quot;:&quot;TA-abcd1234&quot;,&quot;departmentno&quot;:&quot;2&quot;,&quot;salary&quot;:&quot;3432&quot;,&quot;pincode&quot;:&quot;333456&quot;,&quot;userid&quot;:&quot;taGX4XQQfXD3Z76sI1Xn&quot;,&quot;id&quot;:&quot;PrOjqC1sz7dKK8mdWzde&quot;},{&quot;accountno&quot;:&quot;TA-abcd1234&quot;,&quot;departmentno&quot;:&quot;2&quot;,&quot;salary&quot;:&quot;3432&quot;,&quot;pincode&quot;:&quot;333456&quot;,&quot;userid&quot;:&quot;taGX4XQQfXD3Z76sI1Xn&quot;,&quot;id&quot;:&quot;A7wUZyVmGV1GBNcceovz&quot;},{&quot;accountno&quot;:&quot;TA-abcd1234&quot;,&quot;departmentno&quot;:&quot;2&quot;,&quot;salary&quot;:&quot;3432&quot;,&quot;pincode&quot;:&quot;333456&quot;,&quot;userid&quot;:&quot;taGX4XQQfXD3Z76sI1Xn&quot;,&quot;id&quot;:&quot;OkxW3DBTqPRjRB2Vj68F&quot;},{&quot;accountno&quot;:&quot;TA-5432168&quot;,&quot;departmentno&quot;:&quot;8&quot;,&quot;salary&quot;:&quot;09876y&quot;,&quot;pincode&quot;:&quot;876512&quot;,&quot;userid&quot;:&quot;xrp1geWRD8ZEaLzT6YCs&quot;,&quot;id&quot;:&quot;EXtb3DT7zLoxNUQJUrJG&quot;},{&quot;accountno&quot;:&quot;TA-1114@@@&quot;,&quot;departmentno&quot;:&quot;1&quot;,&quot;salary&quot;:&quot;2100@$$&quot;,&quot;pincode&quot;:&quot;543218&quot;,&quot;userid&quot;:&quot;xrp1geWRD8ZEaLzT6YCs&quot;,&quot;id&quot;:&quot;TpYeNO0r8KMoEuwdnE0R&quot;},{&quot;accountno&quot;:&quot;TA-1114@@@&quot;,&quot;departmentno&quot;:&quot;1&quot;,&quot;salary&quot;:&quot;2100&quot;,&quot;pincode&quot;:&quot;543218&quot;,&quot;userid&quot;:&quot;xrp1geWRD8ZEaLzT6YCs&quot;,&quot;id&quot;:&quot;JRaKlig7MWyEBQUAyYn0&quot;},{&quot;accountno&quot;:&quot;TA-BH00006&quot;,&quot;departmentno&quot;:&quot;6&quot;,&quot;salary&quot;:&quot;9999999&quot;,&quot;pincode&quot;:&quot;######&quot;,&quot;userid&quot;:&quot;aVjYUGE0c0xLlerWKo7l&quot;,&quot;id&quot;:&quot;rDD5ODpxPttyuOB1xgNi&quot;},{&quot;accountno&quot;:&quot;TA-BH00005&quot;,&quot;departmentno&quot;:&quot;&quot;,&quot;salary&quot;:&quot;&quot;,&quot;pincode&quot;:&quot;######&quot;,&quot;userid&quot;:&quot;aVjYUGE0c0xLlerWKo7l&quot;,&quot;id&quot;:&quot;EveQgmkduaRknXQKbekj&quot;},{&quot;accountno&quot;:&quot;&quot;,&quot;departmentno&quot;:&quot;6&quot;,&quot;salary&quot;:&quot;50^^54&quot;,&quot;pincode&quot;:&quot;666678&quot;,&quot;userid&quot;:&quot;aVjYUGE0c0xLlerWKo7l&quot;,&quot;id&quot;:&quot;jAkwUBA3MhFfzNZML18n&quot;},{&quot;accountno&quot;:&quot;TA-BH3&quot;,&quot;departmentno&quot;:&quot;6&quot;,&quot;salary&quot;:&quot;500054&quot;,&quot;pincode&quot;:&quot;0&quot;,&quot;userid&quot;:&quot;aVjYUGE0c0xLlerWKo7l&quot;,&quot;id&quot;:&quot;SGgKfh3p7oWGmVoRUGSU&quot;},{&quot;accountno&quot;:&quot;TA-BH00002&quot;,&quot;departmentno&quot;:&quot;6&quot;,&quot;salary&quot;:&quot;500054&quot;,&quot;pincode&quot;:&quot;&quot;,&quot;userid&quot;:&quot;aVjYUGE0c0xLlerWKo7l&quot;,&quot;id&quot;:&quot;98f8O2Q7bPNqdS4PgptN&quot;},{&quot;accountno&quot;:&quot;TA-BH00001&quot;,&quot;departmentno&quot;:&quot;6&quot;,&quot;salary&quot;:&quot;500054&quot;,&quot;pincode&quot;:&quot;666678&quot;,&quot;userid&quot;:&quot;aVjYUGE0c0xLlerWKo7l&quot;,&quot;id&quot;:&quot;c1jxhLJBNnEEtpTcJkM4&quot;},{&quot;accountno&quot;:&quot;TA-BH00006&quot;,&quot;departmentno&quot;:&quot;6&quot;,&quot;salary&quot;:&quot;%%%%%%&quot;,&quot;pincode&quot;:&quot;######&quot;,&quot;userid&quot;:&quot;aVjYUGE0c0xLlerWKo7l&quot;,&quot;id&quot;:&quot;a7D0hnDvPJPtuwGWlPMQ&quot;},{&quot;accountno&quot;:&quot;TA-BH00005&quot;,&quot;departmentno&quot;:&quot;&quot;,&quot;salary&quot;:&quot;&quot;,&quot;pincode&quot;:&quot;&quot;,&quot;userid&quot;:&quot;aVjYUGE0c0xLlerWKo7l&quot;,&quot;id&quot;:&quot;AWRrhakKDQjlfLI8svOp&quot;},{&quot;accountno&quot;:&quot;&quot;,&quot;departmentno&quot;:&quot;6&quot;,&quot;salary&quot;:&quot;500054&quot;,&quot;pincode&quot;:&quot;666678&quot;,&quot;userid&quot;:&quot;aVjYUGE0c0xLlerWKo7l&quot;,&quot;id&quot;:&quot;mE9MnJiIjSlKVjipYRp7&quot;},{&quot;accountno&quot;:&quot;TA-BH3&quot;,&quot;departmentno&quot;:&quot;6&quot;,&quot;salary&quot;:&quot;500054&quot;,&quot;pincode&quot;:&quot;666678&quot;,&quot;userid&quot;:&quot;aVjYUGE0c0xLlerWKo7l&quot;,&quot;id&quot;:&quot;dcJY4nc9SuMqNbX2SJhw&quot;},{&quot;accountno&quot;:&quot;TA-BH00002&quot;,&quot;departmentno&quot;:&quot;6&quot;,&quot;salary&quot;:&quot;500054&quot;,&quot;pincode&quot;:&quot;&quot;,&quot;userid&quot;:&quot;aVjYUGE0c0xLlerWKo7l&quot;,&quot;id&quot;:&quot;tlVTDzhRqyw6EDHisNYq&quot;},{&quot;accountno&quot;:&quot;TA-BH00001&quot;,&quot;departmentno&quot;:&quot;6&quot;,&quot;salary&quot;:&quot;500054&quot;,&quot;pincode&quot;:&quot;666678&quot;,&quot;userid&quot;:&quot;aVjYUGE0c0xLlerWKo7l&quot;,&quot;id&quot;:&quot;e2oMMoohRuYC82tCl3ZQ&quot;},{&quot;accountno&quot;:&quot;TA-004433&quot;,&quot;departmentno&quot;:&quot;2&quot;,&quot;salary&quot;:&quot;22224&quot;,&quot;pincode&quot;:&quot;333444&quot;,&quot;userid&quot;:&quot;lRMbtFMJIZt1u2Unwd9E&quot;,&quot;id&quot;:&quot;ztP69zHEneoVObELsQeE&quot;},{&quot;accountno&quot;:&quot;TA-004433&quot;,&quot;departmentno&quot;:&quot;2&quot;,&quot;salary&quot;:&quot;22224&quot;,&quot;pincode&quot;:&quot;333444&quot;,&quot;userid&quot;:&quot;lRMbtFMJIZt1u2Unwd9E&quot;,&quot;id&quot;:&quot;dcisnugYYk5CSGlLwGcQ&quot;},{&quot;accountno&quot;:&quot;TA-007722&quot;,&quot;departmentno&quot;:&quot;2&quot;,&quot;salary&quot;:&quot;22224&quot;,&quot;pincode&quot;:&quot;333444&quot;,&quot;userid&quot;:&quot;lRMbtFMJIZt1u2Unwd9E&quot;,&quot;id&quot;:&quot;tnBJ6LKozP49tBHQJ5Ig&quot;},{&quot;accountno&quot;:&quot;TA-007722&quot;,&quot;departmentno&quot;:&quot;2&quot;,&quot;salary&quot;:&quot;22224&quot;,&quot;pincode&quot;:&quot;333444&quot;,&quot;userid&quot;:&quot;lRMbtFMJIZt1u2Unwd9E&quot;,&quot;id&quot;:&quot;6SYar80DSZyt5kLKuVOW&quot;},{&quot;accountno&quot;:&quot;TA-889988&quot;,&quot;departmentno&quot;:&quot;2&quot;,&quot;salary&quot;:&quot;22224&quot;,&quot;pincode&quot;:&quot;333444&quot;,&quot;userid&quot;:&quot;lRMbtFMJIZt1u2Unwd9E&quot;,&quot;id&quot;:&quot;wq47ELI86yuWpABPO6aE&quot;},{&quot;accountno&quot;:&quot;TA-9999999&quot;,&quot;departmentno&quot;:&quot;9&quot;,&quot;salary&quot;:&quot;9191&quot;,&quot;pincode&quot;:&quot;595959&quot;,&quot;userid&quot;:&quot;JQGgG0SnNsZlQgoI2840&quot;,&quot;id&quot;:&quot;0xWGxyW68BpYFD20PwMo&quot;},{&quot;accountno&quot;:&quot;TA-111111&quot;,&quot;departmentno&quot;:1,&quot;salary&quot;:9191,&quot;pincode&quot;:111111,&quot;userid&quot;:&quot;JQGgG0SnNsZlQgoI2840&quot;,&quot;id&quot;:&quot;dsjFw4KrI8MAhK7oKEpO&quot;},{&quot;accountno&quot;:&quot;TA-9999999&quot;,&quot;departmentno&quot;:&quot;9&quot;,&quot;salary&quot;:&quot;9191&quot;,&quot;pincode&quot;:&quot;595959&quot;,&quot;userid&quot;:&quot;JQGgG0SnNsZlQgoI2840&quot;,&quot;id&quot;:&quot;yNvew4ilA9M6H5FtnDxX&quot;},{&quot;accountno&quot;:&quot;TA-1234567&quot;,&quot;departmentno&quot;:&quot;8&quot;,&quot;salary&quot;:&quot;8&quot;,&quot;pincode&quot;:&quot;123456&quot;,&quot;userid&quot;:&quot;JQGgG0SnNsZlQgoI2840&quot;,&quot;id&quot;:&quot;89uVtP1eLJZsWtE1HGg8&quot;},{&quot;accountno&quot;:&quot;TA-1234567&quot;,&quot;departmentno&quot;:&quot;8&quot;,&quot;salary&quot;:&quot;8&quot;,&quot;pincode&quot;:&quot;123456&quot;,&quot;userid&quot;:&quot;JQGgG0SnNsZlQgoI2840&quot;,&quot;id&quot;:&quot;576e09qxrf5hRCjbMdpe&quot;},{&quot;accountno&quot;:&quot;TA-1234567&quot;,&quot;departmentno&quot;:&quot;8&quot;,&quot;salary&quot;:&quot;8&quot;,&quot;pincode&quot;:&quot;123456&quot;,&quot;userid&quot;:&quot;JQGgG0SnNsZlQgoI2840&quot;,&quot;id&quot;:&quot;pfCXbq48mGuFKxIP3IEX&quot;},{&quot;accountno&quot;:&quot;Amaya&quot;,&quot;departmentno&quot;:&quot;2&quot;,&quot;salary&quot;:&quot;1000&quot;,&quot;pincode&quot;:&quot;333444&quot;,&quot;userid&quot;:&quot;r657BEYL3kM8lckt64O0&quot;,&quot;id&quot;:&quot;MfFHOYNmv4kQln2nrZYi&quot;},{&quot;accountno&quot;:&quot;TA-nur1264&quot;,&quot;departmentno&quot;:&quot;3&quot;,&quot;salary&quot;:&quot;4500&quot;,&quot;pincode&quot;:&quot;522101&quot;,&quot;userid&quot;:&quot;EU32tRCFTYNRf1cCYOCt&quot;,&quot;id&quot;:&quot;ew4s5yndt7STHTrlxDv0&quot;},{&quot;accountno&quot;:&quot;TA-nur1234&quot;,&quot;departmentno&quot;:&quot;3&quot;,&quot;salary&quot;:&quot;4500&quot;,&quot;pincode&quot;:&quot;522101&quot;,&quot;userid&quot;:&quot;EU32tRCFTYNRf1cCYOCt&quot;,&quot;id&quot;:&quot;caGQRuQUeXJx2dz9HHk0&quot;},{&quot;accountno&quot;:&quot;TA-nur1234&quot;,&quot;departmentno&quot;:&quot;2&quot;,&quot;salary&quot;:&quot;2800&quot;,&quot;pincode&quot;:&quot;522101&quot;,&quot;userid&quot;:&quot;EU32tRCFTYNRf1cCYOCt&quot;,&quot;id&quot;:&quot;X1dIXmZ8UpnHCp0YoYEj&quot;},{&quot;accountno&quot;:&quot;23456789&quot;,&quot;departmentno&quot;:&quot;3&quot;,&quot;salary&quot;:&quot;60000&quot;,&quot;pincode&quot;:&quot;908033&quot;,&quot;userid&quot;:&quot;v6CDWchW8Hjn1ShnwpH0&quot;,&quot;id&quot;:&quot;FQErcpJCyj4m3YdMhHG0&quot;},{&quot;accountno&quot;:&quot;TA-nur1234&quot;,&quot;departmentno&quot;:&quot;2&quot;,&quot;salary&quot;:&quot;2800&quot;,&quot;pincode&quot;:&quot;522101&quot;,&quot;userid&quot;:&quot;EU32tRCFTYNRf1cCYOCt&quot;,&quot;id&quot;:&quot;a3gGWGK4HWmQ7gwl4PXk&quot;},{&quot;accountno&quot;:&quot;TA-reeja13&quot;,&quot;departmentno&quot;:&quot;4&quot;,&quot;salary&quot;:&quot;4444&quot;,&quot;pincode&quot;:&quot;123456&quot;,&quot;userid&quot;:&quot;taGX4XQQfXD3Z76sI1Xn&quot;,&quot;id&quot;:&quot;yW2KA86Dg3ZIQRIBo3lq&quot;},{&quot;accountno&quot;:&quot;TA-reeja13&quot;,&quot;departmentno&quot;:&quot;4&quot;,&quot;salary&quot;:&quot;4444&quot;,&quot;pincode&quot;:&quot;123456&quot;,&quot;userid&quot;:&quot;taGX4XQQfXD3Z76sI1Xn&quot;,&quot;id&quot;:&quot;0C4XPwRCbdBxOE3ZafZE&quot;},{&quot;accountno&quot;:&quot;TAabcdefgh&quot;,&quot;departmentno&quot;:&quot;6&quot;,&quot;salary&quot;:&quot;58000&quot;,&quot;pincode&quot;:&quot;9070333&quot;,&quot;userid&quot;:&quot;x6i83kk0zCjKq4CAPXST&quot;,&quot;id&quot;:&quot;SClAjIP8GGDWlUGh6YfB&quot;},{&quot;accountno&quot;:&quot;TAabcdefgh&quot;,&quot;departmentno&quot;:9,&quot;salary&quot;:65000,&quot;pincode&quot;:908033,&quot;userid&quot;:&quot;x6i83kk0zCjKq4CAPXST&quot;,&quot;id&quot;:&quot;lQagAKQk7xpZZDYXIHsw&quot;},{&quot;accountno&quot;:&quot;TAabcdefgh&quot;,&quot;departmentno&quot;:&quot;4&quot;,&quot;salary&quot;:&quot;45000&quot;,&quot;pincode&quot;:&quot;908033&quot;,&quot;userid&quot;:&quot;x6i83kk0zCjKq4CAPXST&quot;,&quot;id&quot;:&quot;yc7ifodf4OY5TPthDONS&quot;},{&quot;accountno&quot;:&quot;TAabcdefgh&quot;,&quot;departmentno&quot;:&quot;4&quot;,&quot;salary&quot;:&quot;50000&quot;,&quot;pincode&quot;:&quot;908033&quot;,&quot;userid&quot;:&quot;x6i83kk0zCjKq4CAPXST&quot;,&quot;id&quot;:&quot;DF6vf4hie67eY17PXA10&quot;},{&quot;accountno&quot;:&quot;TAabcdefgh&quot;,&quot;departmentno&quot;:&quot;4&quot;,&quot;salary&quot;:&quot;45000&quot;,&quot;pincode&quot;:&quot;908033&quot;,&quot;userid&quot;:&quot;x6i83kk0zCjKq4CAPXST&quot;,&quot;id&quot;:&quot;888jp4ehKmZjaV9EUMKn&quot;},{&quot;accountno&quot;:&quot;TA-1234567&quot;,&quot;departmentno&quot;:&quot;1&quot;,&quot;salary&quot;:&quot;2333&quot;,&quot;pincode&quot;:&quot;343434&quot;,&quot;userid&quot;:&quot;yj4lLufi6vTtJtT0MKL8&quot;,&quot;id&quot;:&quot;PVqnM4J7wi0PEcDUI1Ds&quot;},{&quot;accountno&quot;:&quot;TA-1234567&quot;,&quot;departmentno&quot;:2,&quot;salary&quot;:654321,&quot;pincode&quot;:123456,&quot;userid&quot;:&quot;taGX4XQQfXD3Z76sI1Xn&quot;,&quot;id&quot;:&quot;y97HvLnT89bZdvrFzd0m&quot;},{&quot;accountno&quot;:&quot;TA-reeja1234&quot;,&quot;departmentno&quot;:1,&quot;salary&quot;:123,&quot;pincode&quot;:666666,&quot;userid&quot;:&quot;yj4lLufi6vTtJtT0MKL8&quot;,&quot;id&quot;:&quot;uu8rEusmIdd5aflhu6ca&quot;},{&quot;accountno&quot;:&quot;TA-123456&quot;,&quot;departmentno&quot;:2,&quot;salary&quot;:123445,&quot;pincode&quot;:123456,&quot;userid&quot;:&quot;taGX4XQQfXD3Z76sI1Xn&quot;,&quot;id&quot;:&quot;1LOsZTMw12GuMalZZJDX&quot;},{&quot;accountno&quot;:&quot;Amaya&quot;,&quot;departmentno&quot;:&quot;2&quot;,&quot;salary&quot;:&quot;1000&quot;,&quot;pincode&quot;:&quot;333444&quot;,&quot;userid&quot;:&quot;r657BEYL3kM8lckt64O0&quot;,&quot;id&quot;:&quot;rIbtjosZVK1g2AF3NfOE&quot;},{&quot;accountno&quot;:&quot;Amaya&quot;,&quot;departmentno&quot;:&quot;2&quot;,&quot;salary&quot;:&quot;1000&quot;,&quot;pincode&quot;:&quot;333444&quot;,&quot;userid&quot;:&quot;r657BEYL3kM8lckt64O0&quot;,&quot;id&quot;:&quot;baFimC5NKafoKoLyZR61&quot;},{&quot;accountno&quot;:&quot;Amaya&quot;,&quot;departmentno&quot;:&quot;2&quot;,&quot;salary&quot;:&quot;1000&quot;,&quot;pincode&quot;:&quot;333444&quot;,&quot;userid&quot;:&quot;r657BEYL3kM8lckt64O0&quot;,&quot;id&quot;:&quot;Q1hLbwyAX9hx4zrjIU7M&quot;},{&quot;accountno&quot;:&quot;TA-reeja13&quot;,&quot;departmentno&quot;:4,&quot;salary&quot;:4444,&quot;pincode&quot;:123456,&quot;userid&quot;:&quot;taGX4XQQfXD3Z76sI1Xn&quot;,&quot;id&quot;:&quot;esNgYOZFrQprOO3a1oYB&quot;},{&quot;accountno&quot;:&quot;TA-343435&quot;,&quot;departmentno&quot;:&quot;4&quot;,&quot;salary&quot;:&quot;7880&quot;,&quot;pincode&quot;:&quot;774331&quot;,&quot;userid&quot;:&quot;obMP0wHEOg8YW5N13tWF&quot;,&quot;id&quot;:&quot;w6VLvjs05rtHjhhUwCal&quot;},{&quot;accountno&quot;:&quot;TA-343435&quot;,&quot;departmentno&quot;:&quot;4&quot;,&quot;salary&quot;:&quot;7880&quot;,&quot;pincode&quot;:&quot;774331&quot;,&quot;userid&quot;:&quot;obMP0wHEOg8YW5N13tWF&quot;,&quot;id&quot;:&quot;dR6ODqJzpxJ65Qpbw0SD&quot;},{&quot;accountno&quot;:&quot;TA-343435&quot;,&quot;departmentno&quot;:&quot;4&quot;,&quot;salary&quot;:&quot;7880&quot;,&quot;pincode&quot;:&quot;567&quot;,&quot;userid&quot;:&quot;obMP0wHEOg8YW5N13tWF&quot;,&quot;id&quot;:&quot;hDj1AzyQcHxcDSCGceu7&quot;},{&quot;accountno&quot;:&quot;TA-343435&quot;,&quot;departmentno&quot;:&quot;&quot;,&quot;salary&quot;:&quot;7880&quot;,&quot;pincode&quot;:&quot;567&quot;,&quot;userid&quot;:&quot;obMP0wHEOg8YW5N13tWF&quot;,&quot;id&quot;:&quot;QhAWaHmW0Xz8WSKtqpRE&quot;},{&quot;accountno&quot;:&quot;TA-BH88990&quot;,&quot;departmentno&quot;:&quot;6&quot;,&quot;salary&quot;:&quot;500054&quot;,&quot;pincode&quot;:&quot;666678&quot;,&quot;userid&quot;:&quot;aVjYUGE0c0xLlerWKo7l&quot;,&quot;id&quot;:&quot;rFAlqsK1sVw09np6QVGb&quot;},{&quot;accountno&quot;:&quot;Amaya&quot;,&quot;departmentno&quot;:&quot;2&quot;,&quot;salary&quot;:&quot;1000&quot;,&quot;pincode&quot;:&quot;333444&quot;,&quot;userid&quot;:&quot;r657BEYL3kM8lckt64O0&quot;,&quot;id&quot;:&quot;wmFfW7sGubuxptS32edx&quot;},{&quot;accountno&quot;:&quot;TA-reeja13&quot;,&quot;departmentno&quot;:&quot;4&quot;,&quot;salary&quot;:&quot;4444&quot;,&quot;pincode&quot;:&quot;123456&quot;,&quot;userid&quot;:&quot;taGX4XQQfXD3Z76sI1Xn&quot;,&quot;id&quot;:&quot;QaOQ0xdXLkC0R5iIRdkY&quot;},{&quot;accountno&quot;:&quot;TA-reeja13&quot;,&quot;departmentno&quot;:&quot;3&quot;,&quot;salary&quot;:&quot;4444&quot;,&quot;pincode&quot;:&quot;123456&quot;,&quot;userid&quot;:&quot;taGX4XQQfXD3Z76sI1Xn&quot;,&quot;id&quot;:&quot;xTMZJtdt79C8BC5pWALv&quot;},{&quot;accountno&quot;:&quot;TA-2222222&quot;,&quot;departmentno&quot;:&quot;2&quot;,&quot;salary&quot;:&quot;202020&quot;,&quot;pincode&quot;:&quot;200200&quot;,&quot;userid&quot;:&quot;y4EGNLRjrgtEjC6KVUVR&quot;,&quot;id&quot;:&quot;2Cs8y3IGSOPLDPVAoVLt&quot;},{&quot;accountno&quot;:&quot;TA-reeja13&quot;,&quot;departmentno&quot;:&quot;3&quot;,&quot;salary&quot;:&quot;4444&quot;,&quot;pincode&quot;:&quot;123456&quot;,&quot;userid&quot;:&quot;taGX4XQQfXD3Z76sI1Xn&quot;,&quot;id&quot;:&quot;LTG7KFaZY4sdpph4SiRH&quot;},{&quot;accountno&quot;:&quot;Amaya&quot;,&quot;departmentno&quot;:&quot;2&quot;,&quot;salary&quot;:&quot;1000&quot;,&quot;pincode&quot;:&quot;333444&quot;,&quot;userid&quot;:&quot;r657BEYL3kM8lckt64O0&quot;,&quot;id&quot;:&quot;ENTG1GuFamQpTYldCnEK&quot;},{&quot;accountno&quot;:&quot;TA-reeja12&quot;,&quot;departmentno&quot;:&quot;1&quot;,&quot;salary&quot;:&quot;4444&quot;,&quot;pincode&quot;:&quot;123456&quot;,&quot;userid&quot;:&quot;taGX4XQQfXD3Z76sI1Xn&quot;,&quot;id&quot;:&quot;SnVz46jgltc62L8h7iKS&quot;},{&quot;accountno&quot;:&quot;TA-1234569&quot;,&quot;departmentno&quot;:&quot;9&quot;,&quot;salary&quot;:&quot;12345&quot;,&quot;pincode&quot;:&quot;320111&quot;,&quot;userid&quot;:&quot;xrp1geWRD8ZEaLzT6YCs&quot;,&quot;id&quot;:&quot;bi8e1hvTLa70S59MjJxM&quot;},{&quot;accountno&quot;:&quot;TA-1234567&quot;,&quot;departmentno&quot;:&quot;9&quot;,&quot;salary&quot;:&quot;12345&quot;,&quot;pincode&quot;:&quot;320111&quot;,&quot;userid&quot;:&quot;xrp1geWRD8ZEaLzT6YCs&quot;,&quot;id&quot;:&quot;swK07KWazlvuQmSCpRMH&quot;},{&quot;accountno&quot;:&quot;TA-reeja11&quot;,&quot;departmentno&quot;:&quot;1&quot;,&quot;salary&quot;:&quot;123&quot;,&quot;pincode&quot;:&quot;123456&quot;,&quot;userid&quot;:&quot;yj4lLufi6vTtJtT0MKL8&quot;,&quot;id&quot;:&quot;WkLH4iQtLlQgB2bw5ZVP&quot;},{&quot;accountno&quot;:&quot;TA-BH@@@@@&quot;,&quot;departmentno&quot;:2,&quot;salary&quot;:5600000,&quot;pincode&quot;:&quot;&quot;,&quot;userid&quot;:&quot;aVjYUGE0c0xLlerWKo7l&quot;,&quot;id&quot;:&quot;yhy7H3vVTOyR9nkLc59e&quot;},{&quot;accountno&quot;:&quot;TA-BH23@@@&quot;,&quot;departmentno&quot;:&quot;2&quot;,&quot;salary&quot;:&quot;5600000$$$&quot;,&quot;pincode&quot;:&quot;000000&quot;,&quot;userid&quot;:&quot;aVjYUGE0c0xLlerWKo7l&quot;,&quot;id&quot;:&quot;6TQoXBhB6eDJVLzfOXxY&quot;},{&quot;accountno&quot;:&quot;TA-prasan1&quot;,&quot;departmentno&quot;:&quot;2&quot;,&quot;salary&quot;:&quot;7000&quot;,&quot;pincode&quot;:&quot;756001&quot;,&quot;userid&quot;:&quot;xrp1geWRD8ZEaLzT6YCs&quot;,&quot;id&quot;:&quot;MwOK4nqpLSFOLVJ7scEX&quot;},{&quot;accountno&quot;:&quot;TA-prasanz&quot;,&quot;departmentno&quot;:&quot;9&quot;,&quot;salary&quot;:&quot;7500&quot;,&quot;pincode&quot;:&quot;756212&quot;,&quot;userid&quot;:&quot;xrp1geWRD8ZEaLzT6YCs&quot;,&quot;id&quot;:&quot;SFgTBStDqDdwQvOhim8Y&quot;},{&quot;accountno&quot;:&quot;TA-priya87&quot;,&quot;departmentno&quot;:&quot;9&quot;,&quot;salary&quot;:&quot;99076&quot;,&quot;pincode&quot;:&quot;789065&quot;,&quot;userid&quot;:&quot;hx9jBCAKLzCVUPDUAshf&quot;,&quot;id&quot;:&quot;iqmwvZadGXL5vAZ76fSa&quot;},{&quot;accountno&quot;:&quot;TA-BH56677&quot;,&quot;departmentno&quot;:&quot;5&quot;,&quot;salary&quot;:&quot;500054&quot;,&quot;pincode&quot;:&quot;666678&quot;,&quot;userid&quot;:&quot;dsihdoU16RpfgGNTUWPY&quot;,&quot;id&quot;:&quot;kJJyOeNMYtWZeaVFTHkl&quot;},{&quot;accountno&quot;:&quot;TA-855dp97&quot;,&quot;departmentno&quot;:&quot;9&quot;,&quot;salary&quot;:&quot;22397&quot;,&quot;pincode&quot;:&quot;234597&quot;,&quot;userid&quot;:&quot;taGX4XQQfXD3Z76sI1Xn&quot;,&quot;id&quot;:&quot;mA9gOaWML9O2NcsLjr06&quot;},{&quot;accountno&quot;:&quot;TA-855dp577&quot;,&quot;departmentno&quot;:&quot;77&quot;,&quot;salary&quot;:&quot;15577&quot;,&quot;pincode&quot;:&quot;232577&quot;,&quot;userid&quot;:&quot;taGX4XQQfXD3Z76sI1Xn&quot;,&quot;id&quot;:&quot;gTYp317e7fPOdyz72Xx6&quot;},{&quot;accountno&quot;:&quot;TA-855dp577&quot;,&quot;departmentno&quot;:&quot;77&quot;,&quot;salary&quot;:&quot;15577&quot;,&quot;pincode&quot;:&quot;232577&quot;,&quot;userid&quot;:&quot;taGX4XQQfXD3Z76sI1Xn&quot;,&quot;id&quot;:&quot;fyrTLQWUzb2rS8Se8gUT&quot;},{&quot;accountno&quot;:&quot;TA-855dp96&quot;,&quot;departmentno&quot;:&quot;9&quot;,&quot;salary&quot;:&quot;22396&quot;,&quot;pincode&quot;:&quot;234596&quot;,&quot;userid&quot;:&quot;taGX4XQQfXD3Z76sI1Xn&quot;,&quot;id&quot;:&quot;d4M5a6U1t3ev9pMF8653&quot;},{&quot;accountno&quot;:&quot;TA-855dp95&quot;,&quot;departmentno&quot;:&quot;9&quot;,&quot;salary&quot;:&quot;22395&quot;,&quot;pincode&quot;:&quot;234595&quot;,&quot;userid&quot;:&quot;taGX4XQQfXD3Z76sI1Xn&quot;,&quot;id&quot;:&quot;TNfAbLr0DljvxcRBHsP2&quot;},{&quot;accountno&quot;:&quot;&quot;,&quot;departmentno&quot;:&quot;9&quot;,&quot;salary&quot;:&quot;444678544444&quot;,&quot;pincode&quot;:&quot;95678988&quot;,&quot;userid&quot;:&quot;jcBy26UDfXtrfBOrkfI8&quot;,&quot;id&quot;:&quot;j4loBj0UZDzNVHtEPeba&quot;},{&quot;accountno&quot;:&quot;TA-4440444&quot;,&quot;departmentno&quot;:&quot;51&quot;,&quot;salary&quot;:&quot;&quot;,&quot;pincode&quot;:&quot;956789&quot;,&quot;userid&quot;:&quot;jcBy26UDfXtrfBOrkfI8&quot;,&quot;id&quot;:&quot;NzMlUlKC4CgYS5jZLncH&quot;},{&quot;accountno&quot;:&quot;TA-855dp555&quot;,&quot;departmentno&quot;:&quot;9&quot;,&quot;salary&quot;:&quot;15555&quot;,&quot;pincode&quot;:&quot;232323&quot;,&quot;userid&quot;:&quot;taGX4XQQfXD3Z76sI1Xn&quot;,&quot;id&quot;:&quot;fDiEA1PEAjDTdIUadOO5&quot;},{&quot;accountno&quot;:&quot;&quot;,&quot;departmentno&quot;:&quot;9&quot;,&quot;salary&quot;:&quot;444678544444&quot;,&quot;pincode&quot;:&quot;95678988&quot;,&quot;userid&quot;:&quot;jcBy26UDfXtrfBOrkfI8&quot;,&quot;id&quot;:&quot;DDr2g447LjAZZEXw2J8j&quot;},{&quot;accountno&quot;:&quot;TA-855dp94&quot;,&quot;departmentno&quot;:&quot;9&quot;,&quot;salary&quot;:&quot;22394&quot;,&quot;pincode&quot;:&quot;234591&quot;,&quot;userid&quot;:&quot;taGX4XQQfXD3Z76sI1Xn&quot;,&quot;id&quot;:&quot;09rpR2oi35L9rxwjq4db&quot;},{&quot;accountno&quot;:&quot;TA-BH22222&quot;,&quot;departmentno&quot;:&quot;%%%%%&quot;,&quot;salary&quot;:&quot;@@@@@@@&quot;,&quot;pincode&quot;:&quot;@@@@@@&quot;,&quot;userid&quot;:&quot;dsihdoU16RpfgGNTUWPY&quot;,&quot;id&quot;:&quot;rrJUezghhpGNZlRs7tS7&quot;},{&quot;accountno&quot;:&quot;TA-BH20211&quot;,&quot;departmentno&quot;:&quot;4&quot;,&quot;salary&quot;:&quot;??????????&quot;,&quot;pincode&quot;:&quot;000000&quot;,&quot;userid&quot;:&quot;dsihdoU16RpfgGNTUWPY&quot;,&quot;id&quot;:&quot;qMbpImfoIU5H1aqrbuYL&quot;},{&quot;accountno&quot;:&quot;TA-855dp92&quot;,&quot;departmentno&quot;:&quot;9&quot;,&quot;salary&quot;:&quot;22391&quot;,&quot;pincode&quot;:&quot;234591&quot;,&quot;userid&quot;:&quot;taGX4XQQfXD3Z76sI1Xn&quot;,&quot;id&quot;:&quot;c059fApdT9QhQCkKy5X6&quot;},{&quot;accountno&quot;:&quot;TA-nur1234&quot;,&quot;departmentno&quot;:&quot;2&quot;,&quot;salary&quot;:&quot;2800&quot;,&quot;pincode&quot;:&quot;522101&quot;,&quot;userid&quot;:&quot;EU32tRCFTYNRf1cCYOCt&quot;,&quot;id&quot;:&quot;4nFP7Rrk8yKLpSFLLDA1&quot;},{&quot;accountno&quot;:&quot;TA-nur1234&quot;,&quot;departmentno&quot;:&quot;2&quot;,&quot;salary&quot;:&quot;2800&quot;,&quot;pincode&quot;:&quot;522101&quot;,&quot;userid&quot;:&quot;EU32tRCFTYNRf1cCYOCt&quot;,&quot;id&quot;:&quot;Vd8I6OUeVzViHYXGvtx8&quot;},{&quot;accountno&quot;:&quot;TA-nur1234&quot;,&quot;departmentno&quot;:&quot;2&quot;,&quot;salary&quot;:&quot;2800&quot;,&quot;pincode&quot;:&quot;522101&quot;,&quot;userid&quot;:&quot;EU32tRCFTYNRf1cCYOCt&quot;,&quot;id&quot;:&quot;Svvq8S6QSGJhv4ecrOcS&quot;},{&quot;accountno&quot;:&quot;TA-nur1234&quot;,&quot;departmentno&quot;:&quot;2&quot;,&quot;salary&quot;:&quot;2800&quot;,&quot;pincode&quot;:&quot;522101&quot;,&quot;userid&quot;:&quot;EU32tRCFTYNRf1cCYOCt&quot;,&quot;id&quot;:&quot;M1aMblXEezmwJPKivs9E&quot;},{&quot;accountno&quot;:&quot;TA-nur1234&quot;,&quot;departmentno&quot;:&quot;2&quot;,&quot;salary&quot;:&quot;2800&quot;,&quot;pincode&quot;:&quot;522101&quot;,&quot;userid&quot;:&quot;EU32tRCFTYNRf1cCYOCt&quot;,&quot;id&quot;:&quot;jQwiiyw8SXlPfEAXxAfr&quot;},{&quot;accountno&quot;:&quot;Amaya&quot;,&quot;departmentno&quot;:&quot;2&quot;,&quot;salary&quot;:&quot;1000&quot;,&quot;pincode&quot;:&quot;333444&quot;,&quot;userid&quot;:&quot;r657BEYL3kM8lckt64O0&quot;,&quot;id&quot;:&quot;ty7gL5s7vAwhRLdiogZe&quot;},{&quot;accountno&quot;:&quot;TA-nur1234&quot;,&quot;departmentno&quot;:&quot;2&quot;,&quot;salary&quot;:&quot;2800&quot;,&quot;pincode&quot;:&quot;522101&quot;,&quot;userid&quot;:&quot;EU32tRCFTYNRf1cCYOCt&quot;,&quot;id&quot;:&quot;45MQGkKzWgZM6YfpyVZW&quot;},{&quot;accountno&quot;:&quot;Amaya&quot;,&quot;departmentno&quot;:&quot;2&quot;,&quot;salary&quot;:&quot;1000&quot;,&quot;pincode&quot;:&quot;333444&quot;,&quot;userid&quot;:&quot;r657BEYL3kM8lckt64O0&quot;,&quot;id&quot;:&quot;5xTLHq6GuHdnB195SFvI&quot;},{&quot;accountno&quot;:&quot;TA-nur1234&quot;,&quot;departmentno&quot;:&quot;2&quot;,&quot;salary&quot;:&quot;2800&quot;,&quot;pincode&quot;:&quot;522101&quot;,&quot;userid&quot;:&quot;EU32tRCFTYNRf1cCYOCt&quot;,&quot;id&quot;:&quot;iyCEDucHeYyTLTFe2xrj&quot;},{&quot;accountno&quot;:&quot;Amaya&quot;,&quot;departmentno&quot;:&quot;2&quot;,&quot;salary&quot;:&quot;1000&quot;,&quot;pincode&quot;:&quot;333444&quot;,&quot;userid&quot;:&quot;r657BEYL3kM8lckt64O0&quot;,&quot;id&quot;:&quot;4UmiC5LJ4xzFRPIDnu6i&quot;},{&quot;accountno&quot;:&quot;Amaya&quot;,&quot;departmentno&quot;:&quot;2&quot;,&quot;salary&quot;:&quot;1000&quot;,&quot;pincode&quot;:&quot;333444&quot;,&quot;userid&quot;:&quot;r657BEYL3kM8lckt64O0&quot;,&quot;id&quot;:&quot;gauFqFmPIWWsp5BYEAPq&quot;},{&quot;accountno&quot;:&quot;TA-nur1234&quot;,&quot;departmentno&quot;:&quot;2&quot;,&quot;salary&quot;:&quot;2800&quot;,&quot;pincode&quot;:&quot;522101&quot;,&quot;userid&quot;:&quot;EU32tRCFTYNRf1cCYOCt&quot;,&quot;id&quot;:&quot;s8ssmOAI3pmpDpkj249x&quot;},{&quot;accountno&quot;:&quot;TA-nur1234&quot;,&quot;departmentno&quot;:&quot;2&quot;,&quot;salary&quot;:&quot;2800&quot;,&quot;pincode&quot;:&quot;522101&quot;,&quot;userid&quot;:&quot;EU32tRCFTYNRf1cCYOCt&quot;,&quot;id&quot;:&quot;GiiSGFkahQyjDYK07zhl&quot;},{&quot;accountno&quot;:&quot;SA-Nov27&quot;,&quot;departmentno&quot;:&quot;1&quot;,&quot;salary&quot;:&quot;11102&quot;,&quot;pincode&quot;:&quot;123456&quot;,&quot;userid&quot;:&quot;wEasjdwk6Do6TJhXo7vl&quot;,&quot;id&quot;:&quot;I4lOJ1sdo46uV2FUb03C&quot;},{&quot;accountno&quot;:&quot;TA-nur1234&quot;,&quot;departmentno&quot;:&quot;1&quot;,&quot;salary&quot;:&quot;4566&quot;,&quot;pincode&quot;:&quot;564735&quot;,&quot;userid&quot;:&quot;EU32tRCFTYNRf1cCYOCt&quot;,&quot;id&quot;:&quot;QGHr5Armw9bOuTUsqcJs&quot;},{&quot;accountno&quot;:&quot;TA-1111111&quot;,&quot;departmentno&quot;:&quot;5&quot;,&quot;salary&quot;:&quot;1111&quot;,&quot;pincode&quot;:&quot;555555&quot;,&quot;userid&quot;:&quot;r657BEYL3kM8lckt64O0&quot;,&quot;id&quot;:&quot;zgXfENyYpJUQmbo0IbA9&quot;},{&quot;accountno&quot;:&quot;TA-1111111&quot;,&quot;departmentno&quot;:&quot;5&quot;,&quot;salary&quot;:&quot;1111&quot;,&quot;pincode&quot;:&quot;555555&quot;,&quot;userid&quot;:&quot;r657BEYL3kM8lckt64O0&quot;,&quot;id&quot;:&quot;HqCv5oRGDINcPH9GtlVl&quot;},{&quot;accountno&quot;:&quot;TA-1111111&quot;,&quot;departmentno&quot;:&quot;5&quot;,&quot;salary&quot;:&quot;1111&quot;,&quot;pincode&quot;:&quot;555555&quot;,&quot;userid&quot;:&quot;r657BEYL3kM8lckt64O0&quot;,&quot;id&quot;:&quot;wjUlY4uNzI0jOYmwZIX1&quot;},{&quot;accountno&quot;:&quot;TA-1111111&quot;,&quot;departmentno&quot;:&quot;5&quot;,&quot;salary&quot;:&quot;1111&quot;,&quot;pincode&quot;:&quot;555555&quot;,&quot;userid&quot;:&quot;r657BEYL3kM8lckt64O0&quot;,&quot;id&quot;:&quot;zPOkjdMQKnKWjCPkbNRP&quot;},{&quot;accountno&quot;:&quot;TA-1111111&quot;,&quot;departmentno&quot;:&quot;5&quot;,&quot;salary&quot;:&quot;1111&quot;,&quot;pincode&quot;:&quot;555555&quot;,&quot;userid&quot;:&quot;r657BEYL3kM8lckt64O0&quot;,&quot;id&quot;:&quot;EZ8w5gPMg1wdnhvbLTlG&quot;},{&quot;accountno&quot;:&quot;TA-1111111&quot;,&quot;departmentno&quot;:&quot;5&quot;,&quot;salary&quot;:&quot;1111&quot;,&quot;pincode&quot;:&quot;555555&quot;,&quot;userid&quot;:&quot;r657BEYL3kM8lckt64O0&quot;,&quot;id&quot;:&quot;KF47vMqlLzO6dC7AIfHC&quot;},{&quot;accountno&quot;:&quot;Raj999999&quot;,&quot;departmentno&quot;:&quot;9&quot;,&quot;salary&quot;:&quot;9009&quot;,&quot;pincode&quot;:&quot;999000&quot;,&quot;userid&quot;:&quot;v4LqA4tlGFVD0zR7Nmk1&quot;,&quot;id&quot;:&quot;2wvczuKcnnVKfBthTuT4&quot;},{&quot;accountno&quot;:&quot;TA-343434341234&quot;,&quot;departmentno&quot;:&quot;109&quot;,&quot;salary&quot;:&quot;48900&quot;,&quot;pincode&quot;:&quot;852602&quot;,&quot;userid&quot;:&quot;obMP0wHEOg8YW5N13tWF&quot;,&quot;id&quot;:&quot;tiFMt14RbJtzidL6NsZG&quot;},{&quot;accountno&quot;:&quot;TA-343434341234&quot;,&quot;departmentno&quot;:&quot;109&quot;,&quot;salary&quot;:&quot;48900&quot;,&quot;pincode&quot;:&quot;852602&quot;,&quot;userid&quot;:&quot;obMP0wHEOg8YW5N13tWF&quot;,&quot;id&quot;:&quot;D1skexwPxQrJi39VsArG&quot;},{&quot;accountno&quot;:&quot;TA-343434341234&quot;,&quot;departmentno&quot;:&quot;4&quot;,&quot;salary&quot;:&quot;48900&quot;,&quot;pincode&quot;:&quot;852602&quot;,&quot;userid&quot;:&quot;obMP0wHEOg8YW5N13tWF&quot;,&quot;id&quot;:&quot;IxglGeoW2FMSHtMYLPF8&quot;},{&quot;accountno&quot;:&quot;TA-34343434&quot;,&quot;departmentno&quot;:&quot;4&quot;,&quot;salary&quot;:&quot;48900&quot;,&quot;pincode&quot;:&quot;852602&quot;,&quot;userid&quot;:&quot;obMP0wHEOg8YW5N13tWF&quot;,&quot;id&quot;:&quot;Bzg7HXSPYKMsAGUGdIKS&quot;},{&quot;accountno&quot;:&quot;TA-343434&quot;,&quot;departmentno&quot;:&quot;4&quot;,&quot;salary&quot;:&quot;abcdef&quot;,&quot;pincode&quot;:&quot;852602&quot;,&quot;userid&quot;:&quot;obMP0wHEOg8YW5N13tWF&quot;,&quot;id&quot;:&quot;2iGENnDS01dvqPh3hVXC&quot;},{&quot;accountno&quot;:&quot;TA-343434&quot;,&quot;departmentno&quot;:&quot;4&quot;,&quot;salary&quot;:&quot;4900&quot;,&quot;pincode&quot;:&quot;852602&quot;,&quot;userid&quot;:&quot;obMP0wHEOg8YW5N13tWF&quot;,&quot;id&quot;:&quot;XJJ02DdzfKAQz8zCkoM6&quot;},{&quot;accountno&quot;:&quot;TA-343435&quot;,&quot;departmentno&quot;:&quot;45&quot;,&quot;salary&quot;:&quot;17880&quot;,&quot;pincode&quot;:&quot;774331&quot;,&quot;userid&quot;:&quot;obMP0wHEOg8YW5N13tWF&quot;,&quot;id&quot;:&quot;g6ezUvFvOtIrttWYCHjt&quot;},{&quot;accountno&quot;:&quot;Amaya&quot;,&quot;departmentno&quot;:&quot;2&quot;,&quot;salary&quot;:&quot;1000&quot;,&quot;pincode&quot;:&quot;333444&quot;,&quot;userid&quot;:&quot;r657BEYL3kM8lckt64O0&quot;,&quot;id&quot;:&quot;IuCvMuYkwkyOCsTKSGAy&quot;},{&quot;accountno&quot;:&quot;Amaya&quot;,&quot;departmentno&quot;:&quot;2&quot;,&quot;salary&quot;:&quot;1000&quot;,&quot;pincode&quot;:&quot;333444&quot;,&quot;userid&quot;:&quot;r657BEYL3kM8lckt64O0&quot;,&quot;id&quot;:&quot;TsOX614UvIEgqgaxhjk4&quot;},{&quot;accountno&quot;:&quot;TA-BH56677&quot;,&quot;departmentno&quot;:&quot;5&quot;,&quot;salary&quot;:&quot;500054&quot;,&quot;pincode&quot;:&quot;666678&quot;,&quot;userid&quot;:&quot;dsihdoU16RpfgGNTUWPY&quot;,&quot;id&quot;:&quot;AcuFSOxPJ0suNlN23dhA&quot;},{&quot;accountno&quot;:&quot;TA-1111122&quot;,&quot;departmentno&quot;:&quot;1&quot;,&quot;salary&quot;:&quot;11112&quot;,&quot;pincode&quot;:&quot;620019&quot;,&quot;userid&quot;:&quot;sbYnXDLlFUWxUjx9tZ7m&quot;,&quot;id&quot;:&quot;SeZSeO8VfRrBYD6iq39n&quot;},{&quot;accountno&quot;:&quot;TA-855dp111&quot;,&quot;departmentno&quot;:&quot;11&quot;,&quot;salary&quot;:&quot;22311&quot;,&quot;pincode&quot;:&quot;234511&quot;,&quot;userid&quot;:&quot;taGX4XQQfXD3Z76sI1Xn&quot;,&quot;id&quot;:&quot;VGO6HWKDfz9rkmhXqWBg&quot;},{&quot;accountno&quot;:&quot;TA-855dp11&quot;,&quot;departmentno&quot;:&quot;11&quot;,&quot;salary&quot;:&quot;22311&quot;,&quot;pincode&quot;:&quot;234511&quot;,&quot;userid&quot;:&quot;taGX4XQQfXD3Z76sI1Xn&quot;,&quot;id&quot;:&quot;r7AxU4Plot6J6WMOhDC7&quot;},{&quot;accountno&quot;:&quot;Sindhupalak2&quot;,&quot;departmentno&quot;:2,&quot;salary&quot;:2,&quot;pincode&quot;:2222,&quot;userid&quot;:&quot;rj2jMwRUZplTrFDbPJNP&quot;,&quot;id&quot;:&quot;fgubpHXsOiiSTaynYxvl&quot;},{&quot;accountno&quot;:&quot;palakpatel&quot;,&quot;departmentno&quot;:&quot;1&quot;,&quot;salary&quot;:&quot;1&quot;,&quot;pincode&quot;:&quot;111111&quot;,&quot;userid&quot;:&quot;x5gWjfBrP3HjfGpdDrP0&quot;,&quot;id&quot;:&quot;IVSvROilCFhlRUMeiMBQ&quot;},{&quot;accountno&quot;:&quot;TA-palak&quot;,&quot;departmentno&quot;:9,&quot;salary&quot;:6,&quot;pincode&quot;:111111,&quot;userid&quot;:&quot;x5gWjfBrP3HjfGpdDrP0&quot;,&quot;id&quot;:&quot;W9MPEvThmyIUFi9yApNA&quot;},{&quot;accountno&quot;:&quot;TA-palak0&quot;,&quot;departmentno&quot;:9,&quot;salary&quot;:6,&quot;pincode&quot;:111111,&quot;userid&quot;:&quot;x5gWjfBrP3HjfGpdDrP0&quot;,&quot;id&quot;:&quot;W0RXeHNePPm8StHRLbWs&quot;},{&quot;accountno&quot;:&quot;TA-palak09&quot;,&quot;departmentno&quot;:9,&quot;salary&quot;:6,&quot;pincode&quot;:1,&quot;userid&quot;:&quot;x5gWjfBrP3HjfGpdDrP0&quot;,&quot;id&quot;:&quot;E5T3unRjO46N8oiGrZsj&quot;},{&quot;accountno&quot;:&quot;TA-palak09&quot;,&quot;departmentno&quot;:9,&quot;salary&quot;:6,&quot;pincode&quot;:1,&quot;userid&quot;:&quot;x5gWjfBrP3HjfGpdDrP0&quot;,&quot;id&quot;:&quot;ev7MlHsFuBdqjOZFd3iK&quot;},{&quot;accountno&quot;:&quot;TA-palak09&quot;,&quot;departmentno&quot;:9,&quot;salary&quot;:6,&quot;pincode&quot;:1,&quot;userid&quot;:&quot;x5gWjfBrP3HjfGpdDrP0&quot;,&quot;id&quot;:&quot;Bi8snJfgbh6IiySimZdF&quot;},{&quot;accountno&quot;:&quot;TA-palak09&quot;,&quot;departmentno&quot;:9,&quot;salary&quot;:6,&quot;pincode&quot;:111,&quot;userid&quot;:&quot;x5gWjfBrP3HjfGpdDrP0&quot;,&quot;id&quot;:&quot;J7cmjCWBIeuwK3jAwZtn&quot;},{&quot;accountno&quot;:&quot;TA-1212125&quot;,&quot;departmentno&quot;:&quot;2&quot;,&quot;salary&quot;:&quot;20000&quot;,&quot;pincode&quot;:&quot;620019&quot;,&quot;userid&quot;:&quot;sbYnXDLlFUWxUjx9tZ7m&quot;,&quot;id&quot;:&quot;kMWPeejiEJEtD7fIKn4s&quot;},{&quot;accountno&quot;:&quot;TA-1212124&quot;,&quot;departmentno&quot;:&quot;2&quot;,&quot;salary&quot;:&quot;20000&quot;,&quot;pincode&quot;:&quot;620019&quot;,&quot;userid&quot;:&quot;sbYnXDLlFUWxUjx9tZ7m&quot;,&quot;id&quot;:&quot;bOrC4KNabrBDiqdJOfss&quot;},{&quot;accountno&quot;:&quot;Sindhupalak1&quot;,&quot;departmentno&quot;:1,&quot;salary&quot;:1,&quot;pincode&quot;:111,&quot;userid&quot;:&quot;rj2jMwRUZplTrFDbPJNP&quot;,&quot;id&quot;:&quot;m1G5qTU3Bg9qbyVXM9KL&quot;},{&quot;accountno&quot;:&quot;TA-1212123&quot;,&quot;departmentno&quot;:&quot;2&quot;,&quot;salary&quot;:&quot;20000&quot;,&quot;pincode&quot;:&quot;620019&quot;,&quot;userid&quot;:&quot;sbYnXDLlFUWxUjx9tZ7m&quot;,&quot;id&quot;:&quot;f8JFd9Xm1BG4ocGOcvSN&quot;},{&quot;accountno&quot;:&quot;TA-1212121&quot;,&quot;departmentno&quot;:&quot;2&quot;,&quot;salary&quot;:&quot;20000&quot;,&quot;pincode&quot;:&quot;620019&quot;,&quot;userid&quot;:&quot;sbYnXDLlFUWxUjx9tZ7m&quot;,&quot;id&quot;:&quot;x7HN6F0eeidPiiAL50Gf&quot;},{&quot;accountno&quot;:&quot;TA-1122114&quot;,&quot;departmentno&quot;:&quot;1&quot;,&quot;salary&quot;:&quot;1010&quot;,&quot;pincode&quot;:&quot;911111&quot;,&quot;userid&quot;:&quot;zHei4hlbhNApF35AAVu1&quot;,&quot;id&quot;:&quot;c3Po1JI2UOGB6BGnj1mu&quot;},{&quot;accountno&quot;:&quot;TA-4440444&quot;,&quot;departmentno&quot;:&quot;5&quot;,&quot;salary&quot;:&quot;4440444&quot;,&quot;pincode&quot;:&quot;956789&quot;,&quot;userid&quot;:&quot;r657BEYL3kM8lckt64O0&quot;,&quot;id&quot;:&quot;O9chMBBMhD7E5t5bqcVl&quot;},{&quot;accountno&quot;:&quot;TA-4440444&quot;,&quot;departmentno&quot;:&quot;5&quot;,&quot;salary&quot;:&quot;4440444&quot;,&quot;pincode&quot;:&quot;956789&quot;,&quot;userid&quot;:&quot;r657BEYL3kM8lckt64O0&quot;,&quot;id&quot;:&quot;u9yEWHpxpZTSz8Ns8HNK&quot;},{&quot;accountno&quot;:&quot;TA-8989892&quot;,&quot;departmentno&quot;:&quot;8&quot;,&quot;salary&quot;:&quot;80001&quot;,&quot;pincode&quot;:&quot;098900&quot;,&quot;userid&quot;:&quot;xA8fC6JoQVE5F6qeqgDj&quot;,&quot;id&quot;:&quot;58DNN6Tg6uMy01BBEpWA&quot;},{&quot;accountno&quot;:&quot;TA-priya12&quot;,&quot;departmentno&quot;:&quot;1&quot;,&quot;salary&quot;:&quot;78690&quot;,&quot;pincode&quot;:&quot;890890&quot;,&quot;userid&quot;:&quot;hx9jBCAKLzCVUPDUAshf&quot;,&quot;id&quot;:&quot;XDM1ZmzVbZ8VUSuP0RO8&quot;},{&quot;accountno&quot;:&quot;TA-priya12&quot;,&quot;departmentno&quot;:&quot;1&quot;,&quot;salary&quot;:&quot;78690&quot;,&quot;pincode&quot;:&quot;890890&quot;,&quot;userid&quot;:&quot;hx9jBCAKLzCVUPDUAshf&quot;,&quot;id&quot;:&quot;cFKV3dH4bSGQmp9ehMIf&quot;},{&quot;accountno&quot;:&quot;Sindhupalak1&quot;,&quot;departmentno&quot;:1,&quot;salary&quot;:1,&quot;pincode&quot;:111111,&quot;userid&quot;:&quot;rj2jMwRUZplTrFDbPJNP&quot;,&quot;id&quot;:&quot;jzZuceDyXfj5qjZdjpmd&quot;},{&quot;accountno&quot;:&quot;TA-4440444&quot;,&quot;departmentno&quot;:&quot;51&quot;,&quot;salary&quot;:&quot;4440444&quot;,&quot;pincode&quot;:&quot;A&quot;,&quot;userid&quot;:&quot;jcBy26UDfXtrfBOrkfI8&quot;,&quot;id&quot;:&quot;FPVSHbk2LtNbN8xa6V7Q&quot;},{&quot;accountno&quot;:&quot;TA-4440444&quot;,&quot;departmentno&quot;:&quot;51&quot;,&quot;salary&quot;:&quot;4440444&quot;,&quot;pincode&quot;:&quot;956789&quot;,&quot;userid&quot;:&quot;jcBy26UDfXtrfBOrkfI8&quot;,&quot;id&quot;:&quot;rsX1vdHbXKigWOPqvHqm&quot;},{&quot;accountno&quot;:&quot;TA-4440444&quot;,&quot;departmentno&quot;:&quot;51&quot;,&quot;salary&quot;:&quot;4440444&quot;,&quot;pincode&quot;:&quot;956789&quot;,&quot;userid&quot;:&quot;jcBy26UDfXtrfBOrkfI8&quot;,&quot;id&quot;:&quot;Isyn6FHnaEm1JaspBczE&quot;},{&quot;accountno&quot;:&quot;TA-4440444&quot;,&quot;departmentno&quot;:&quot;51&quot;,&quot;salary&quot;:&quot;4440444&quot;,&quot;pincode&quot;:&quot;956789&quot;,&quot;userid&quot;:&quot;jcBy26UDfXtrfBOrkfI8&quot;,&quot;id&quot;:&quot;1VgG8kwIptXvtyzLALFr&quot;},{&quot;accountno&quot;:&quot;TA-4440444&quot;,&quot;departmentno&quot;:&quot;5&quot;,&quot;salary&quot;:&quot;4440444&quot;,&quot;pincode&quot;:&quot;956789&quot;,&quot;userid&quot;:&quot;jcBy26UDfXtrfBOrkfI8&quot;,&quot;id&quot;:&quot;ZCvtlJO2F3v1NtmKVQHM&quot;},{&quot;accountno&quot;:&quot;TA-009933&quot;,&quot;departmentno&quot;:&quot;2&quot;,&quot;salary&quot;:&quot;22224&quot;,&quot;pincode&quot;:&quot;333444&quot;,&quot;userid&quot;:&quot;lRMbtFMJIZt1u2Unwd9E&quot;,&quot;id&quot;:&quot;qQIjghMJ1hrfZFZJDXL3&quot;},{&quot;accountno&quot;:&quot;TA-009977&quot;,&quot;departmentno&quot;:&quot;2&quot;,&quot;salary&quot;:&quot;22224&quot;,&quot;pincode&quot;:&quot;333444&quot;,&quot;userid&quot;:&quot;lRMbtFMJIZt1u2Unwd9E&quot;,&quot;id&quot;:&quot;ZRq7h3JfrNLfYtVtUC7T&quot;},{&quot;accountno&quot;:&quot;TA-4440444&quot;,&quot;departmentno&quot;:&quot;5&quot;,&quot;salary&quot;:&quot;&quot;,&quot;pincode&quot;:&quot;956789&quot;,&quot;userid&quot;:&quot;jcBy26UDfXtrfBOrkfI8&quot;,&quot;id&quot;:&quot;KQePp7xOC7HqKM5gVNZG&quot;},{&quot;accountno&quot;:&quot;TA-4440444&quot;,&quot;departmentno&quot;:&quot;5&quot;,&quot;salary&quot;:&quot;4440444&quot;,&quot;pincode&quot;:&quot;&quot;,&quot;userid&quot;:&quot;jcBy26UDfXtrfBOrkfI8&quot;,&quot;id&quot;:&quot;QOxySsiHqdzd0gzRt8Md&quot;},{&quot;accountno&quot;:&quot;TA-4440444&quot;,&quot;departmentno&quot;:&quot;5&quot;,&quot;salary&quot;:&quot;4440444&quot;,&quot;pincode&quot;:&quot;956789&quot;,&quot;userid&quot;:&quot;jcBy26UDfXtrfBOrkfI8&quot;,&quot;id&quot;:&quot;T8GiyP0fzhTzzdeq59s3&quot;},{&quot;accountno&quot;:&quot;TA-4440444&quot;,&quot;departmentno&quot;:&quot;5&quot;,&quot;salary&quot;:&quot;&quot;,&quot;pincode&quot;:&quot;956789&quot;,&quot;userid&quot;:&quot;jcBy26UDfXtrfBOrkfI8&quot;,&quot;id&quot;:&quot;mZUtohB4wLcPmtSwxNXu&quot;},{&quot;accountno&quot;:&quot;TA-4440444&quot;,&quot;departmentno&quot;:&quot;5&quot;,&quot;salary&quot;:&quot;4440444&quot;,&quot;pincode&quot;:&quot;956789&quot;,&quot;userid&quot;:&quot;jcBy26UDfXtrfBOrkfI8&quot;,&quot;id&quot;:&quot;PRYhONrCXDAKlRPCnm0C&quot;},{&quot;accountno&quot;:&quot;TA-3444444&quot;,&quot;departmentno&quot;:&quot;4&quot;,&quot;salary&quot;:&quot;4444&quot;,&quot;pincode&quot;:&quot;444444&quot;,&quot;userid&quot;:&quot;jcBy26UDfXtrfBOrkfI8&quot;,&quot;id&quot;:&quot;vbBEhVsBP2UAm11XR7y6&quot;},{&quot;accountno&quot;:&quot;TA-3455667&quot;,&quot;departmentno&quot;:&quot;6&quot;,&quot;salary&quot;:&quot;45&quot;,&quot;pincode&quot;:&quot;899988&quot;,&quot;userid&quot;:&quot;jcBy26UDfXtrfBOrkfI8&quot;,&quot;id&quot;:&quot;9yTFBQpoS5pgakrqlXT3&quot;},{&quot;accountno&quot;:&quot;TA-3455667&quot;,&quot;departmentno&quot;:&quot;6&quot;,&quot;salary&quot;:&quot;hj&quot;,&quot;pincode&quot;:&quot;899988&quot;,&quot;userid&quot;:&quot;jcBy26UDfXtrfBOrkfI8&quot;,&quot;id&quot;:&quot;5Ya1WJGBn4klqHiGAVXT&quot;},{&quot;accountno&quot;:&quot;TA-4567890&quot;,&quot;departmentno&quot;:&quot;1&quot;,&quot;salary&quot;:&quot;  &quot;,&quot;pincode&quot;:&quot;956787&quot;,&quot;userid&quot;:&quot;jcBy26UDfXtrfBOrkfI8&quot;,&quot;id&quot;:&quot;uoPuE43hgMcCH0BBasiT&quot;},{&quot;accountno&quot;:&quot;TA-4567890&quot;,&quot;departmentno&quot;:&quot;1&quot;,&quot;salary&quot;:&quot;12345&quot;,&quot;pincode&quot;:&quot;956787&quot;,&quot;userid&quot;:&quot;jcBy26UDfXtrfBOrkfI8&quot;,&quot;id&quot;:&quot;TWp9mewQqoc1wJ7Ee8FJ&quot;},{&quot;accountno&quot;:&quot;TA-8989892&quot;,&quot;departmentno&quot;:&quot;8&quot;,&quot;salary&quot;:&quot;80001&quot;,&quot;pincode&quot;:&quot;098900&quot;,&quot;userid&quot;:&quot;xA8fC6JoQVE5F6qeqgDj&quot;,&quot;id&quot;:&quot;Y376cEeFcYs0m3l5nYYd&quot;},{&quot;accountno&quot;:&quot;TA-4440444&quot;,&quot;departmentno&quot;:&quot;5&quot;,&quot;salary&quot;:&quot;4440444&quot;,&quot;pincode&quot;:&quot;956789&quot;,&quot;userid&quot;:&quot;jcBy26UDfXtrfBOrkfI8&quot;,&quot;id&quot;:&quot;jMupe3VwabjiYTGLV8Gj&quot;},{&quot;accountno&quot;:&quot;TA-palak09&quot;,&quot;departmentno&quot;:9,&quot;salary&quot;:6,&quot;pincode&quot;:111111,&quot;userid&quot;:&quot;x5gWjfBrP3HjfGpdDrP0&quot;,&quot;id&quot;:&quot;yxcZHO00BBH1W8bXFSDH&quot;},{&quot;accountno&quot;:&quot;TA-palak09&quot;,&quot;departmentno&quot;:9,&quot;salary&quot;:6,&quot;pincode&quot;:111111,&quot;userid&quot;:&quot;x5gWjfBrP3HjfGpdDrP0&quot;,&quot;id&quot;:&quot;a5fZenY5nPAspWr2blF8&quot;},{&quot;accountno&quot;:&quot;TA-palak09&quot;,&quot;departmentno&quot;:9,&quot;salary&quot;:6,&quot;pincode&quot;:111111,&quot;userid&quot;:&quot;x5gWjfBrP3HjfGpdDrP0&quot;,&quot;id&quot;:&quot;BoEDQCE0e0im5dDvSHIP&quot;},{&quot;accountno&quot;:&quot;TA-palak09&quot;,&quot;departmentno&quot;:9,&quot;salary&quot;:6,&quot;pincode&quot;:111111,&quot;userid&quot;:&quot;x5gWjfBrP3HjfGpdDrP0&quot;,&quot;id&quot;:&quot;icBgOnlmML2VNzsJLz1g&quot;},{&quot;accountno&quot;:&quot;TA-palak09&quot;,&quot;departmentno&quot;:9,&quot;salary&quot;:6,&quot;pincode&quot;:111111,&quot;userid&quot;:&quot;x5gWjfBrP3HjfGpdDrP0&quot;,&quot;id&quot;:&quot;TG313M8JWYbIgeRjGQV8&quot;},{&quot;accountno&quot;:&quot;TA-4440444&quot;,&quot;departmentno&quot;:&quot;5&quot;,&quot;salary&quot;:&quot;4440444&quot;,&quot;pincode&quot;:&quot;956789&quot;,&quot;userid&quot;:&quot;jcBy26UDfXtrfBOrkfI8&quot;,&quot;id&quot;:&quot;ojb9xuPLPw5FmgAXOHVL&quot;},{&quot;accountno&quot;:&quot;TA-4440444&quot;,&quot;departmentno&quot;:&quot;5&quot;,&quot;salary&quot;:&quot;4440444&quot;,&quot;pincode&quot;:&quot;956789&quot;,&quot;userid&quot;:&quot;jcBy26UDfXtrfBOrkfI8&quot;,&quot;id&quot;:&quot;Lgl1SqJzYpCedGHChiuL&quot;},{&quot;accountno&quot;:&quot;TA-4440444&quot;,&quot;departmentno&quot;:&quot;5&quot;,&quot;salary&quot;:&quot;4440444&quot;,&quot;pincode&quot;:&quot;956789&quot;,&quot;userid&quot;:&quot;jcBy26UDfXtrfBOrkfI8&quot;,&quot;id&quot;:&quot;tBSD3bibruadLfYFNYXv&quot;},{&quot;accountno&quot;:&quot;TA-palak09&quot;,&quot;departmentno&quot;:9,&quot;salary&quot;:6,&quot;pincode&quot;:111111,&quot;userid&quot;:&quot;x5gWjfBrP3HjfGpdDrP0&quot;,&quot;id&quot;:&quot;zMqD6h5mLwOcBobmFEmc&quot;},{&quot;accountno&quot;:&quot;TA-4440444&quot;,&quot;departmentno&quot;:&quot;5&quot;,&quot;salary&quot;:&quot;4440444&quot;,&quot;pincode&quot;:&quot;956789&quot;,&quot;userid&quot;:&quot;r657BEYL3kM8lckt64O0&quot;,&quot;id&quot;:&quot;p5vjw6IyTJ16Nq6ll55Q&quot;},{&quot;accountno&quot;:&quot;TA-4440444&quot;,&quot;departmentno&quot;:&quot;5&quot;,&quot;salary&quot;:&quot;4440444&quot;,&quot;pincode&quot;:&quot;956789&quot;,&quot;userid&quot;:&quot;r657BEYL3kM8lckt64O0&quot;,&quot;id&quot;:&quot;NRr8ZjsiDp6dwLiqS6DQ&quot;},{&quot;accountno&quot;:&quot;TA-4567900&quot;,&quot;departmentno&quot;:&quot;1&quot;,&quot;salary&quot;:&quot;1000&quot;,&quot;pincode&quot;:&quot;234567&quot;,&quot;userid&quot;:&quot;orjGegLSNrxGpGjFtLWi&quot;,&quot;id&quot;:&quot;uCHrn9PKtReaGVIFwpSQ&quot;},{&quot;accountno&quot;:&quot;TA-4567867&quot;,&quot;departmentno&quot;:&quot;1&quot;,&quot;salary&quot;:&quot;1000&quot;,&quot;pincode&quot;:&quot;234567&quot;,&quot;userid&quot;:&quot;orjGegLSNrxGpGjFtLWi&quot;,&quot;id&quot;:&quot;a47Pgu0YP6SsmUyam8vP&quot;},{&quot;accountno&quot;:&quot;TA-4567865&quot;,&quot;departmentno&quot;:&quot;1&quot;,&quot;salary&quot;:&quot;1000&quot;,&quot;pincode&quot;:&quot;234567&quot;,&quot;userid&quot;:&quot;orjGegLSNrxGpGjFtLWi&quot;,&quot;id&quot;:&quot;3XmQUPb8vzK06DrfFhQr&quot;},{&quot;accountno&quot;:&quot;TA-7755348&quot;,&quot;departmentno&quot;:&quot;5&quot;,&quot;salary&quot;:&quot;1000&quot;,&quot;pincode&quot;:&quot;478234&quot;,&quot;userid&quot;:&quot;orjGegLSNrxGpGjFtLWi&quot;,&quot;id&quot;:&quot;fIMOUh2xUOHZY4QRmD00&quot;},{&quot;accountno&quot;:&quot;TA-855dd10&quot;,&quot;departmentno&quot;:&quot;9&quot;,&quot;salary&quot;:&quot;22310&quot;,&quot;pincode&quot;:&quot;234510&quot;,&quot;userid&quot;:&quot;taGX4XQQfXD3Z76sI1Xn&quot;,&quot;id&quot;:&quot;llTRpfFxoqui90Q0YkkE&quot;},{&quot;accountno&quot;:&quot;VA-2727272&quot;,&quot;departmentno&quot;:&quot;2&quot;,&quot;salary&quot;:&quot;9000&quot;,&quot;pincode&quot;:&quot;456788&quot;,&quot;userid&quot;:&quot;rj2jMwRUZplTrFDbPJNP&quot;,&quot;id&quot;:&quot;RWb7dLy1knwCBsIGu0dc&quot;},{&quot;accountno&quot;:&quot;VA-2727272&quot;,&quot;departmentno&quot;:&quot;2&quot;,&quot;salary&quot;:&quot;12222&quot;,&quot;pincode&quot;:&quot;456788&quot;,&quot;userid&quot;:&quot;rj2jMwRUZplTrFDbPJNP&quot;,&quot;id&quot;:&quot;lKYNO9AwCup0vOxpUzL0&quot;},{&quot;accountno&quot;:&quot;TA-4440444&quot;,&quot;departmentno&quot;:&quot;5&quot;,&quot;salary&quot;:&quot;4440444&quot;,&quot;pincode&quot;:&quot;956789&quot;,&quot;userid&quot;:&quot;r657BEYL3kM8lckt64O0&quot;,&quot;id&quot;:&quot;S8d5QsPAgrJoXm9dzCoD&quot;},{&quot;accountno&quot;:&quot;AmayaM&quot;,&quot;departmentno&quot;:&quot;2&quot;,&quot;salary&quot;:&quot;1000&quot;,&quot;pincode&quot;:&quot;333444&quot;,&quot;userid&quot;:&quot;r657BEYL3kM8lckt64O0&quot;,&quot;id&quot;:&quot;8y81twOjQufBhJMyA375&quot;},{&quot;accountno&quot;:&quot;AmayaM&quot;,&quot;departmentno&quot;:&quot;2&quot;,&quot;salary&quot;:&quot;1000&quot;,&quot;pincode&quot;:&quot;333444&quot;,&quot;userid&quot;:&quot;r657BEYL3kM8lckt64O0&quot;,&quot;id&quot;:&quot;VR9Ix6V3lj7WY4awz4ln&quot;},{&quot;accountno&quot;:&quot;TA-4440444&quot;,&quot;departmentno&quot;:&quot;5&quot;,&quot;salary&quot;:&quot;4440444&quot;,&quot;pincode&quot;:&quot;956789&quot;,&quot;userid&quot;:&quot;jcBy26UDfXtrfBOrkfI8&quot;,&quot;id&quot;:&quot;N9P4mOQ3yyficeazlNTq&quot;},{&quot;accountno&quot;:&quot;TA-4440444&quot;,&quot;departmentno&quot;:&quot;5&quot;,&quot;salary&quot;:&quot;4440444&quot;,&quot;pincode&quot;:&quot;956789&quot;,&quot;userid&quot;:&quot;jcBy26UDfXtrfBOrkfI8&quot;,&quot;id&quot;:&quot;J4CGHwlht6zwhmS2e20i&quot;},{&quot;accountno&quot;:&quot;TA-4440444&quot;,&quot;departmentno&quot;:&quot;5&quot;,&quot;salary&quot;:&quot;4440444&quot;,&quot;pincode&quot;:&quot;956789&quot;,&quot;userid&quot;:&quot;jcBy26UDfXtrfBOrkfI8&quot;,&quot;id&quot;:&quot;6uUI8XDb8V153FRr5vOd&quot;},{&quot;accountno&quot;:&quot;TA-8989891&quot;,&quot;departmentno&quot;:&quot;8&quot;,&quot;salary&quot;:&quot;80001&quot;,&quot;pincode&quot;:&quot;098900&quot;,&quot;userid&quot;:&quot;xA8fC6JoQVE5F6qeqgDj&quot;,&quot;id&quot;:&quot;NxZ8KD22o06gXhKEDeYj&quot;},{&quot;accountno&quot;:&quot;SA-1234567&quot;,&quot;departmentno&quot;:&quot;1&quot;,&quot;salary&quot;:&quot;10&quot;,&quot;pincode&quot;:&quot;120878&quot;,&quot;userid&quot;:&quot;wEasjdwk6Do6TJhXo7vl&quot;,&quot;id&quot;:&quot;L5weY03b4ONyHiOpvYJf&quot;},{&quot;accountno&quot;:&quot;TA-343435&quot;,&quot;departmentno&quot;:&quot;4&quot;,&quot;salary&quot;:&quot;7880&quot;,&quot;pincode&quot;:&quot;774331&quot;,&quot;userid&quot;:&quot;obMP0wHEOg8YW5N13tWF&quot;,&quot;id&quot;:&quot;w3CtgycW5teNJzKjhptI&quot;},{&quot;accountno&quot;:&quot;TA-343434&quot;,&quot;departmentno&quot;:&quot;4&quot;,&quot;salary&quot;:&quot;4900&quot;,&quot;pincode&quot;:&quot;852602&quot;,&quot;userid&quot;:&quot;obMP0wHEOg8YW5N13tWF&quot;,&quot;id&quot;:&quot;kB7xdiotjWiTlXONecnp&quot;},{&quot;accountno&quot;:&quot;TA-855dp91&quot;,&quot;departmentno&quot;:&quot;9&quot;,&quot;salary&quot;:&quot;22391&quot;,&quot;pincode&quot;:&quot;234591&quot;,&quot;userid&quot;:&quot;taGX4XQQfXD3Z76sI1Xn&quot;,&quot;id&quot;:&quot;4Idi3WUPlSnEr34iSiMf&quot;},{&quot;accountno&quot;:&quot;TA-4440444&quot;,&quot;departmentno&quot;:&quot;5&quot;,&quot;salary&quot;:&quot;4440444&quot;,&quot;pincode&quot;:&quot;956789&quot;,&quot;userid&quot;:&quot;jcBy26UDfXtrfBOrkfI8&quot;,&quot;id&quot;:&quot;1TvWwcxWbz6oRf9mIC6K&quot;},{&quot;accountno&quot;:&quot;TA-4440444&quot;,&quot;departmentno&quot;:&quot;5&quot;,&quot;salary&quot;:&quot;4440444&quot;,&quot;pincode&quot;:&quot;956789&quot;,&quot;userid&quot;:&quot;yj4lLufi6vTtJtT0MKL8&quot;,&quot;id&quot;:&quot;5buKpo2lRFcftqY81S10&quot;},{&quot;accountno&quot;:&quot;TA-4440444&quot;,&quot;departmentno&quot;:&quot;5&quot;,&quot;salary&quot;:&quot;4440444&quot;,&quot;pincode&quot;:&quot;956789&quot;,&quot;userid&quot;:&quot;yj4lLufi6vTtJtT0MKL8&quot;,&quot;id&quot;:&quot;tFsmwGC18rP3DQvgjOGO&quot;},{&quot;accountno&quot;:&quot;TA-4440444&quot;,&quot;departmentno&quot;:&quot;5&quot;,&quot;salary&quot;:&quot;4440444&quot;,&quot;pincode&quot;:&quot;956789&quot;,&quot;userid&quot;:&quot;yj4lLufi6vTtJtT0MKL8&quot;,&quot;id&quot;:&quot;Nqc3zffrrmHSOMeVfCCp&quot;},{&quot;accountno&quot;:&quot;TA-8551dp1&quot;,&quot;departmentno&quot;:&quot;1&quot;,&quot;salary&quot;:&quot;22334&quot;,&quot;pincode&quot;:&quot;234567&quot;,&quot;userid&quot;:&quot;taGX4XQQfXD3Z76sI1Xn&quot;,&quot;id&quot;:&quot;ka4R0xqiLVnwXMjiJ8at&quot;},{&quot;accountno&quot;:&quot;TA-009901&quot;,&quot;departmentno&quot;:6,&quot;salary&quot;:6775,&quot;pincode&quot;:676767,&quot;userid&quot;:&quot;lRMbtFMJIZt1u2Unwd9E&quot;,&quot;id&quot;:&quot;EoLtNFTYHVNF6bITUEBT&quot;},{&quot;accountno&quot;:&quot;TA-April01&quot;,&quot;departmentno&quot;:&quot;1&quot;,&quot;salary&quot;:&quot;111&quot;,&quot;pincode&quot;:&quot;123456&quot;,&quot;userid&quot;:&quot;wEasjdwk6Do6TJhXo7vl&quot;,&quot;id&quot;:&quot;dmbgMig7YBVEDI7lrxb9&quot;},{&quot;accountno&quot;:&quot;TA-1111112&quot;,&quot;departmentno&quot;:&quot;2&quot;,&quot;salary&quot;:&quot;1112&quot;,&quot;pincode&quot;:&quot;197012&quot;,&quot;userid&quot;:&quot;y0ROQ195Nq0c8MTZyxMM&quot;,&quot;id&quot;:&quot;G5riN807XSkeUT7MYViH&quot;},{&quot;accountno&quot;:&quot;TA-1111112&quot;,&quot;departmentno&quot;:&quot;2&quot;,&quot;salary&quot;:&quot;1112&quot;,&quot;pincode&quot;:&quot;197012&quot;,&quot;userid&quot;:&quot;y0ROQ195Nq0c8MTZyxMM&quot;,&quot;id&quot;:&quot;qh9525Fznpcm6CuoDJvt&quot;},{&quot;accountno&quot;:&quot;TA-855dd5535&quot;,&quot;departmentno&quot;:&quot;123&quot;,&quot;salary&quot;:&quot;11111&quot;,&quot;pincode&quot;:&quot;2323233&quot;,&quot;userid&quot;:&quot;taGX4XQQfXD3Z76sI1Xn&quot;,&quot;id&quot;:&quot;ArdO9wzU6RyiY3UBttPw&quot;},{&quot;accountno&quot;:&quot;TA-8551dd6&quot;,&quot;departmentno&quot;:&quot;6&quot;,&quot;salary&quot;:&quot;22346&quot;,&quot;pincode&quot;:&quot;234566&quot;,&quot;userid&quot;:&quot;taGX4XQQfXD3Z76sI1Xn&quot;,&quot;id&quot;:&quot;eum5PISOCHQbuIiFK4Pp&quot;},{&quot;accountno&quot;:&quot;TA-1111112&quot;,&quot;departmentno&quot;:&quot;2&quot;,&quot;salary&quot;:&quot;1112&quot;,&quot;pincode&quot;:&quot;197012&quot;,&quot;userid&quot;:&quot;y0ROQ195Nq0c8MTZyxMM&quot;,&quot;id&quot;:&quot;NpSpf61ZM01dilSkb63h&quot;},{&quot;accountno&quot;:&quot;TA-1111112&quot;,&quot;departmentno&quot;:&quot;2&quot;,&quot;salary&quot;:&quot;1112&quot;,&quot;pincode&quot;:&quot;197012&quot;,&quot;userid&quot;:&quot;y0ROQ195Nq0c8MTZyxMM&quot;,&quot;id&quot;:&quot;ARrsFKsaPlkdlsTWDw1P&quot;},{&quot;accountno&quot;:&quot;TA-111&quot;,&quot;departmentno&quot;:&quot;2&quot;,&quot;salary&quot;:&quot;1112&quot;,&quot;pincode&quot;:&quot;197012&quot;,&quot;userid&quot;:&quot;y0ROQ195Nq0c8MTZyxMM&quot;,&quot;id&quot;:&quot;EqeGMtdm67yWGXUl1Wxu&quot;},{&quot;accountno&quot;:&quot;TA-111&quot;,&quot;departmentno&quot;:&quot;2&quot;,&quot;salary&quot;:&quot;1112&quot;,&quot;pincode&quot;:&quot;197012&quot;,&quot;userid&quot;:&quot;y0ROQ195Nq0c8MTZyxMM&quot;,&quot;id&quot;:&quot;6Jnh4qUo0QXvDFRysb9K&quot;},{&quot;accountno&quot;:&quot;TA-April01&quot;,&quot;departmentno&quot;:&quot;1&quot;,&quot;salary&quot;:&quot;111&quot;,&quot;pincode&quot;:&quot;123456&quot;,&quot;userid&quot;:&quot;wEasjdwk6Do6TJhXo7vl&quot;,&quot;id&quot;:&quot;8qeDxXFfEoU5Hk6hJ37o&quot;},{&quot;accountno&quot;:&quot;TA-BHMarch&quot;,&quot;departmentno&quot;:&quot;0&quot;,&quot;salary&quot;:&quot;@@@@@@@@@&quot;,&quot;pincode&quot;:&quot;888888&quot;,&quot;userid&quot;:&quot;dsihdoU16RpfgGNTUWPY&quot;,&quot;id&quot;:&quot;xtNepCoQpkj33UGKpLdk&quot;},{&quot;accountno&quot;:&quot;TA-8551dd4&quot;,&quot;departmentno&quot;:&quot;4&quot;,&quot;salary&quot;:&quot;22343&quot;,&quot;pincode&quot;:&quot;234565&quot;,&quot;userid&quot;:&quot;y35feW6tcm2WoS3hADp8&quot;,&quot;id&quot;:&quot;pxegOIxgkVSrcb9lqBMC&quot;},{&quot;accountno&quot;:&quot;TA-4440444&quot;,&quot;departmentno&quot;:&quot;5&quot;,&quot;salary&quot;:&quot;4440444&quot;,&quot;pincode&quot;:&quot;956789&quot;,&quot;userid&quot;:&quot;yj4lLufi6vTtJtT0MKL8&quot;,&quot;id&quot;:&quot;YhGQ3HlKr5zzfB6WcALx&quot;},{&quot;accountno&quot;:&quot;TA-April01&quot;,&quot;departmentno&quot;:&quot;1&quot;,&quot;salary&quot;:&quot;111&quot;,&quot;pincode&quot;:&quot;123456&quot;,&quot;userid&quot;:&quot;wEasjdwk6Do6TJhXo7vl&quot;,&quot;id&quot;:&quot;uumczZv4TAiItzxNR5qt&quot;},{&quot;accountno&quot;:&quot;TA-April01&quot;,&quot;departmentno&quot;:&quot;1&quot;,&quot;salary&quot;:&quot;111&quot;,&quot;pincode&quot;:&quot;123456&quot;,&quot;userid&quot;:&quot;wEasjdwk6Do6TJhXo7vl&quot;,&quot;id&quot;:&quot;WSIMcdC0Ydn94rrhrEZE&quot;},{&quot;accountno&quot;:&quot;TA-1234dd5&quot;,&quot;departmentno&quot;:&quot;5&quot;,&quot;salary&quot;:&quot;98765&quot;,&quot;pincode&quot;:&quot;435678&quot;,&quot;userid&quot;:&quot;y35feW6tcm2WoS3hADp8&quot;,&quot;id&quot;:&quot;iNwOV7pd2GMq9nUNFo4C&quot;},{&quot;accountno&quot;:&quot;TA-Sibi&quot;,&quot;departmentno&quot;:&quot;7&quot;,&quot;salary&quot;:&quot;7878&quot;,&quot;pincode&quot;:&quot;2314&quot;,&quot;userid&quot;:&quot;ly1BA6K8EnMerf0NcPl6&quot;,&quot;id&quot;:&quot;MzOufxLlQ6q04Hi2wxbZ&quot;},{&quot;accountno&quot;:&quot;TA-67676559&quot;,&quot;departmentno&quot;:&quot;7&quot;,&quot;salary&quot;:&quot;7878&quot;,&quot;pincode&quot;:&quot;2314&quot;,&quot;userid&quot;:&quot;ly1BA6K8EnMerf0NcPl6&quot;,&quot;id&quot;:&quot;sC58U9jyjhAwvM5XdeZR&quot;},{&quot;accountno&quot;:&quot;TA-67676559&quot;,&quot;departmentno&quot;:&quot;7&quot;,&quot;salary&quot;:&quot;7878&quot;,&quot;pincode&quot;:&quot;2314&quot;,&quot;userid&quot;:&quot;ly1BA6K8EnMerf0NcPl6&quot;,&quot;id&quot;:&quot;zZJryjAR8iNHOJVULt9Y&quot;},{&quot;accountno&quot;:&quot;TA-67676559&quot;,&quot;departmentno&quot;:&quot;abere&quot;,&quot;salary&quot;:&quot;7878&quot;,&quot;pincode&quot;:&quot;787878&quot;,&quot;userid&quot;:&quot;ly1BA6K8EnMerf0NcPl6&quot;,&quot;id&quot;:&quot;BfegUBLstarPy8RUYArg&quot;},{&quot;accountno&quot;:&quot;TA-67676559&quot;,&quot;departmentno&quot;:&quot;7&quot;,&quot;salary&quot;:&quot;7878&quot;,&quot;pincode&quot;:&quot;787878&quot;,&quot;userid&quot;:&quot;ly1BA6K8EnMerf0NcPl6&quot;,&quot;id&quot;:&quot;OX5YLXecUhbs9m95Bjxj&quot;},{&quot;accountno&quot;:&quot;TA-pri7890&quot;,&quot;departmentno&quot;:&quot;6&quot;,&quot;salary&quot;:&quot;89076&quot;,&quot;pincode&quot;:&quot;789065&quot;,&quot;userid&quot;:&quot;hx9jBCAKLzCVUPDUAshf&quot;,&quot;id&quot;:&quot;KoEH3gcUKRW5RxSse9I3&quot;},{&quot;accountno&quot;:&quot;TA-pri1234&quot;,&quot;departmentno&quot;:&quot;4&quot;,&quot;salary&quot;:&quot;78900&quot;,&quot;pincode&quot;:&quot;907030&quot;,&quot;userid&quot;:&quot;hx9jBCAKLzCVUPDUAshf&quot;,&quot;id&quot;:&quot;7f8aAZxk3PlVbHUDHnLt&quot;},{&quot;accountno&quot;:&quot;TA-prp1111&quot;,&quot;departmentno&quot;:&quot;1&quot;,&quot;salary&quot;:&quot;1&quot;,&quot;pincode&quot;:&quot;111111&quot;,&quot;userid&quot;:&quot;x5gWjfBrP3HjfGpdDrP0&quot;,&quot;id&quot;:&quot;TCkKpflm3sQLpKKCcmHC&quot;},{&quot;accountno&quot;:&quot;&quot;,&quot;departmentno&quot;:&quot;&quot;,&quot;salary&quot;:777777777,&quot;pincode&quot;:&quot;&quot;,&quot;userid&quot;:&quot;dsihdoU16RpfgGNTUWPY&quot;,&quot;id&quot;:&quot;saVQ09BsK9ZmAAVtzVf7&quot;},{&quot;accountno&quot;:&quot;TA-BH22&quot;,&quot;departmentno&quot;:&quot;0&quot;,&quot;salary&quot;:&quot;20000000&quot;,&quot;pincode&quot;:&quot;200000&quot;,&quot;userid&quot;:&quot;dsihdoU16RpfgGNTUWPY&quot;,&quot;id&quot;:&quot;ifW6oTuKwlRQ39sGs309&quot;},{&quot;accountno&quot;:&quot;TA-pmp1234&quot;,&quot;departmentno&quot;:&quot;1&quot;,&quot;salary&quot;:&quot;1&quot;,&quot;pincode&quot;:&quot;111111&quot;,&quot;userid&quot;:&quot;x5gWjfBrP3HjfGpdDrP0&quot;,&quot;id&quot;:&quot;P04SwcE1R8URBtfy7zaS&quot;},{&quot;accountno&quot;:&quot;TA-BH222&quot;,&quot;departmentno&quot;:&quot;0&quot;,&quot;salary&quot;:&quot;20000000&quot;,&quot;pincode&quot;:&quot;200000&quot;,&quot;userid&quot;:&quot;dsihdoU16RpfgGNTUWPY&quot;,&quot;id&quot;:&quot;EV5xmlwK1o8TjYQ3yyCw&quot;},{&quot;accountno&quot;:&quot;TA-BH22222&quot;,&quot;departmentno&quot;:&quot;0&quot;,&quot;salary&quot;:&quot;20000000&quot;,&quot;pincode&quot;:&quot;200000&quot;,&quot;userid&quot;:&quot;dsihdoU16RpfgGNTUWPY&quot;,&quot;id&quot;:&quot;8bSuemM1Liw0Qk9TB16Y&quot;},{&quot;accountno&quot;:&quot;TA-palak09&quot;,&quot;departmentno&quot;:1,&quot;salary&quot;:6,&quot;pincode&quot;:111111,&quot;userid&quot;:&quot;x5gWjfBrP3HjfGpdDrP0&quot;,&quot;id&quot;:&quot;JoZ2RbaGKGi0Y7kDflew&quot;},{&quot;accountno&quot;:&quot;TA-palak06&quot;,&quot;departmentno&quot;:1,&quot;salary&quot;:6,&quot;pincode&quot;:111111,&quot;userid&quot;:&quot;x5gWjfBrP3HjfGpdDrP0&quot;,&quot;id&quot;:&quot;6kDCkjzeUCnA1FWbrOUX&quot;},{&quot;accountno&quot;:&quot;TA-palak05&quot;,&quot;departmentno&quot;:1,&quot;salary&quot;:5,&quot;pincode&quot;:111111,&quot;userid&quot;:&quot;x5gWjfBrP3HjfGpdDrP0&quot;,&quot;id&quot;:&quot;oQMf0qOpqOgiZvVxPjaG&quot;},{&quot;accountno&quot;:&quot;AmayaM&quot;,&quot;departmentno&quot;:&quot;2&quot;,&quot;salary&quot;:&quot;111&quot;,&quot;pincode&quot;:&quot;333444&quot;,&quot;userid&quot;:&quot;r657BEYL3kM8lckt64O0&quot;,&quot;id&quot;:&quot;TQy9XVDdSDhr9iBPCs1f&quot;},{&quot;accountno&quot;:&quot;AmayaM&quot;,&quot;departmentno&quot;:&quot;2&quot;,&quot;salary&quot;:&quot;111&quot;,&quot;pincode&quot;:&quot;333444&quot;,&quot;userid&quot;:&quot;r657BEYL3kM8lckt64O0&quot;,&quot;id&quot;:&quot;DeLelRfE6AVqPCSjiHUV&quot;},{&quot;accountno&quot;:&quot;AmayaM&quot;,&quot;departmentno&quot;:&quot;2&quot;,&quot;salary&quot;:&quot;1000&quot;,&quot;pincode&quot;:&quot;333444&quot;,&quot;userid&quot;:&quot;r657BEYL3kM8lckt64O0&quot;,&quot;id&quot;:&quot;XWlY63GRcqimVnSSO9hF&quot;},{&quot;accountno&quot;:&quot;AmayaM&quot;,&quot;departmentno&quot;:&quot;2&quot;,&quot;salary&quot;:&quot;1000&quot;,&quot;pincode&quot;:&quot;333444&quot;,&quot;userid&quot;:&quot;r657BEYL3kM8lckt64O0&quot;,&quot;id&quot;:&quot;h159r9m6kp1m9vFaYEsw&quot;},{&quot;accountno&quot;:&quot;AmayaM&quot;,&quot;departmentno&quot;:&quot;2&quot;,&quot;salary&quot;:&quot;1000&quot;,&quot;pincode&quot;:&quot;333444&quot;,&quot;userid&quot;:&quot;r657BEYL3kM8lckt64O0&quot;,&quot;id&quot;:&quot;Fv4NJGUKkZ3agJfV47FB&quot;},{&quot;accountno&quot;:&quot;AmayaM&quot;,&quot;departmentno&quot;:&quot;2&quot;,&quot;salary&quot;:&quot;1000&quot;,&quot;pincode&quot;:&quot;333444&quot;,&quot;userid&quot;:&quot;r657BEYL3kM8lckt64O0&quot;,&quot;id&quot;:&quot;0JuTbVpzrpLtlSfRNOoz&quot;},{&quot;accountno&quot;:&quot;AmayaM&quot;,&quot;departmentno&quot;:&quot;2&quot;,&quot;salary&quot;:&quot;1000&quot;,&quot;pincode&quot;:&quot;333444&quot;,&quot;userid&quot;:&quot;r657BEYL3kM8lckt64O0&quot;,&quot;id&quot;:&quot;K2Wsfu6tqjRdK72rGC5X&quot;},{&quot;accountno&quot;:&quot;AmayaM&quot;,&quot;departmentno&quot;:&quot;2&quot;,&quot;salary&quot;:&quot;1000&quot;,&quot;pincode&quot;:&quot;333444&quot;,&quot;userid&quot;:&quot;r657BEYL3kM8lckt64O0&quot;,&quot;id&quot;:&quot;zwZrOR9QTxKT5vcQI1Zy&quot;},{&quot;accountno&quot;:&quot;AmayaM&quot;,&quot;departmentno&quot;:&quot;2&quot;,&quot;salary&quot;:&quot;1000&quot;,&quot;pincode&quot;:&quot;333444&quot;,&quot;userid&quot;:&quot;r657BEYL3kM8lckt64O0&quot;,&quot;id&quot;:&quot;oVtARMiF3ovIAEPyFUiG&quot;},{&quot;accountno&quot;:&quot;AmayaM&quot;,&quot;departmentno&quot;:&quot;2&quot;,&quot;salary&quot;:&quot;1000&quot;,&quot;pincode&quot;:&quot;333444&quot;,&quot;userid&quot;:&quot;r657BEYL3kM8lckt64O0&quot;,&quot;id&quot;:&quot;O7hpTcXaDM53fqwncnDC&quot;},{&quot;accountno&quot;:&quot;AmayaM&quot;,&quot;departmentno&quot;:&quot;2&quot;,&quot;salary&quot;:&quot;1000&quot;,&quot;pincode&quot;:&quot;333444&quot;,&quot;userid&quot;:&quot;r657BEYL3kM8lckt64O0&quot;,&quot;id&quot;:&quot;cbK9CvgT8FGxUCMpZgxy&quot;},{&quot;accountno&quot;:&quot;AmayaM&quot;,&quot;departmentno&quot;:&quot;2&quot;,&quot;salary&quot;:&quot;1000&quot;,&quot;pincode&quot;:&quot;333444&quot;,&quot;userid&quot;:&quot;r657BEYL3kM8lckt64O0&quot;,&quot;id&quot;:&quot;utjO49F5WC4J4S9I9X5E&quot;},{&quot;accountno&quot;:&quot;TA-1111112&quot;,&quot;departmentno&quot;:&quot;2&quot;,&quot;salary&quot;:&quot;1112&quot;,&quot;pincode&quot;:&quot;197&quot;,&quot;userid&quot;:&quot;y0ROQ195Nq0c8MTZyxMM&quot;,&quot;id&quot;:&quot;LIk1yUIMaD42sa1JtAbA&quot;},{&quot;accountno&quot;:&quot;TA-1111112&quot;,&quot;departmentno&quot;:&quot;2&quot;,&quot;salary&quot;:&quot;1112&quot;,&quot;pincode&quot;:&quot;197012fgsdfgsdfg&quot;,&quot;userid&quot;:&quot;y0ROQ195Nq0c8MTZyxMM&quot;,&quot;id&quot;:&quot;jBVlxSasOWuFPTQm2Hsa&quot;},{&quot;accountno&quot;:&quot;&quot;,&quot;departmentno&quot;:&quot;2&quot;,&quot;salary&quot;:&quot;1112&quot;,&quot;pincode&quot;:&quot;197012&quot;,&quot;userid&quot;:&quot;y0ROQ195Nq0c8MTZyxMM&quot;,&quot;id&quot;:&quot;4pGMdceSsrvRyGEGtPdR&quot;},{&quot;accountno&quot;:&quot;TA-1111112&quot;,&quot;departmentno&quot;:&quot;2&quot;,&quot;salary&quot;:&quot;1112&quot;,&quot;pincode&quot;:&quot;197012&quot;,&quot;userid&quot;:&quot;y0ROQ195Nq0c8MTZyxMM&quot;,&quot;id&quot;:&quot;nVAVSJF3LMJ3ZYQaddLn&quot;},{&quot;accountno&quot;:&quot;AmayaM&quot;,&quot;departmentno&quot;:&quot;2&quot;,&quot;salary&quot;:&quot;1000&quot;,&quot;pincode&quot;:&quot;333444&quot;,&quot;userid&quot;:&quot;r657BEYL3kM8lckt64O0&quot;,&quot;id&quot;:&quot;BaYJBDBDHYIpyj4Lswr9&quot;},{&quot;accountno&quot;:&quot;AmayaM&quot;,&quot;departmentno&quot;:&quot;2&quot;,&quot;salary&quot;:&quot;1000&quot;,&quot;pincode&quot;:&quot;333444&quot;,&quot;userid&quot;:&quot;r657BEYL3kM8lckt64O0&quot;,&quot;id&quot;:&quot;GGvp7793jhQQfuLCaM4q&quot;},{&quot;accountno&quot;:&quot;TA-1111112&quot;,&quot;departmentno&quot;:&quot;2&quot;,&quot;salary&quot;:&quot;1112&quot;,&quot;pincode&quot;:&quot;197012&quot;,&quot;userid&quot;:&quot;y0ROQ195Nq0c8MTZyxMM&quot;,&quot;id&quot;:&quot;kTtH90eAaTsCrGeUMmjF&quot;},{&quot;accountno&quot;:&quot;TA-4440444&quot;,&quot;departmentno&quot;:&quot;5&quot;,&quot;salary&quot;:&quot;4440444&quot;,&quot;pincode&quot;:&quot;956789&quot;,&quot;userid&quot;:&quot;zHei4hlbhNApF35AAVu1&quot;,&quot;id&quot;:&quot;dFDAvIOmzG6fvaO9RfPb&quot;},{&quot;accountno&quot;:&quot;TA-1111112&quot;,&quot;departmentno&quot;:&quot;2&quot;,&quot;salary&quot;:&quot;1112&quot;,&quot;pincode&quot;:&quot;197012&quot;,&quot;userid&quot;:&quot;y0ROQ195Nq0c8MTZyxMM&quot;,&quot;id&quot;:&quot;CPK9YWn5aD4ETXNaD3lH&quot;},{&quot;accountno&quot;:&quot;TA-8551dd3&quot;,&quot;departmentno&quot;:&quot;3&quot;,&quot;salary&quot;:&quot;22333&quot;,&quot;pincode&quot;:&quot;234564&quot;,&quot;userid&quot;:&quot;y35feW6tcm2WoS3hADp8&quot;,&quot;id&quot;:&quot;VOD3ryu4dJlOulDSpiJH&quot;},{&quot;accountno&quot;:&quot;TA-8551dd2&quot;,&quot;departmentno&quot;:&quot;2&quot;,&quot;salary&quot;:&quot;22335&quot;,&quot;pincode&quot;:&quot;234567&quot;,&quot;userid&quot;:&quot;y35feW6tcm2WoS3hADp8&quot;,&quot;id&quot;:&quot;l6PU6ysAsZhrHA4r9axx&quot;},{&quot;accountno&quot;:&quot;TA-8551dd1&quot;,&quot;departmentno&quot;:&quot;1&quot;,&quot;salary&quot;:&quot;22334&quot;,&quot;pincode&quot;:&quot;234567&quot;,&quot;userid&quot;:&quot;y35feW6tcm2WoS3hADp8&quot;,&quot;id&quot;:&quot;9xB8slpdbo4ucg4dBSt7&quot;},{&quot;accountno&quot;:&quot;AmayaM&quot;,&quot;departmentno&quot;:&quot;2&quot;,&quot;salary&quot;:&quot;1000&quot;,&quot;pincode&quot;:&quot;333444&quot;,&quot;userid&quot;:&quot;r657BEYL3kM8lckt64O0&quot;,&quot;id&quot;:&quot;e9WMvEILYrYSWdF6Mc6m&quot;},{&quot;accountno&quot;:&quot;TA-dhan589&quot;,&quot;departmentno&quot;:&quot;6&quot;,&quot;salary&quot;:&quot;3200&quot;,&quot;pincode&quot;:&quot;321321&quot;,&quot;userid&quot;:&quot;lqzmEgjwhPnWQGrstXxn&quot;,&quot;id&quot;:&quot;bUPPUocYScwyeCyduUQ0&quot;},{&quot;accountno&quot;:&quot;TA-4440444&quot;,&quot;departmentno&quot;:&quot;5&quot;,&quot;salary&quot;:&quot;4440444&quot;,&quot;pincode&quot;:&quot;956789&quot;,&quot;userid&quot;:&quot;zHei4hlbhNApF35AAVu1&quot;,&quot;id&quot;:&quot;DBU5vef0uiAI0KtG7VkL&quot;},{&quot;accountno&quot;:&quot;AmayaA&quot;,&quot;departmentno&quot;:&quot;2&quot;,&quot;salary&quot;:&quot;1000&quot;,&quot;pincode&quot;:&quot;333444&quot;,&quot;userid&quot;:&quot;r657BEYL3kM8lckt64O0&quot;,&quot;id&quot;:&quot;Iw7KdjlRtjuEmWPcYPSV&quot;},{&quot;accountno&quot;:&quot;TA-1111111&quot;,&quot;departmentno&quot;:&quot;2&quot;,&quot;salary&quot;:&quot;1000&quot;,&quot;pincode&quot;:&quot;333444&quot;,&quot;userid&quot;:&quot;r657BEYL3kM8lckt64O0&quot;,&quot;id&quot;:&quot;lCOro8bifEKzbeuf20Uf&quot;},{&quot;accountno&quot;:&quot;TA-1111111&quot;,&quot;departmentno&quot;:&quot;2&quot;,&quot;salary&quot;:&quot;1000&quot;,&quot;pincode&quot;:&quot;333444&quot;,&quot;userid&quot;:&quot;r657BEYL3kM8lckt64O0&quot;,&quot;id&quot;:&quot;MqG4J7MDt3OWKzwHxwwi&quot;},{&quot;accountno&quot;:&quot;TA-1111111&quot;,&quot;departmentno&quot;:&quot;2&quot;,&quot;salary&quot;:&quot;1000&quot;,&quot;pincode&quot;:&quot;333444&quot;,&quot;userid&quot;:&quot;r657BEYL3kM8lckt64O0&quot;,&quot;id&quot;:&quot;wW6jlZre3SxCqbRERflN&quot;},{&quot;accountno&quot;:&quot;TA-1111111&quot;,&quot;departmentno&quot;:&quot;2&quot;,&quot;salary&quot;:&quot;1000&quot;,&quot;pincode&quot;:&quot;333444&quot;,&quot;userid&quot;:&quot;r657BEYL3kM8lckt64O0&quot;,&quot;id&quot;:&quot;6DMZyZJnOZaOokyhMtx4&quot;},{&quot;accountno&quot;:&quot;TA-1111111&quot;,&quot;departmentno&quot;:&quot;2&quot;,&quot;salary&quot;:&quot;1000&quot;,&quot;pincode&quot;:&quot;333444&quot;,&quot;userid&quot;:&quot;r657BEYL3kM8lckt64O0&quot;,&quot;id&quot;:&quot;7pf58UrmA9fajWuhI3gA&quot;},{&quot;accountno&quot;:&quot;TA-1111111&quot;,&quot;departmentno&quot;:&quot;2&quot;,&quot;salary&quot;:&quot;1000&quot;,&quot;pincode&quot;:&quot;333444&quot;,&quot;userid&quot;:&quot;r657BEYL3kM8lckt64O0&quot;,&quot;id&quot;:&quot;Q4vjdodPWfRp6gEQIDMh&quot;},{&quot;accountno&quot;:&quot;TA-1111111&quot;,&quot;departmentno&quot;:&quot;2&quot;,&quot;salary&quot;:&quot;1000&quot;,&quot;pincode&quot;:&quot;333444&quot;,&quot;userid&quot;:&quot;r657BEYL3kM8lckt64O0&quot;,&quot;id&quot;:&quot;h9duEqwSSzj80SY23vdm&quot;},{&quot;accountno&quot;:&quot;TA-1111111&quot;,&quot;departmentno&quot;:&quot;2&quot;,&quot;salary&quot;:&quot;1000&quot;,&quot;pincode&quot;:&quot;333444&quot;,&quot;userid&quot;:&quot;r657BEYL3kM8lckt64O0&quot;,&quot;id&quot;:&quot;La1BW6FjGOduBYgjqYCh&quot;},{&quot;accountno&quot;:&quot;TA-1111111&quot;,&quot;departmentno&quot;:&quot;2&quot;,&quot;salary&quot;:&quot;1000&quot;,&quot;pincode&quot;:&quot;333444&quot;,&quot;userid&quot;:&quot;r657BEYL3kM8lckt64O0&quot;,&quot;id&quot;:&quot;3oyVAjfYDL5TdDPwm7um&quot;},{&quot;accountno&quot;:&quot;TA-4566560&quot;,&quot;departmentno&quot;:&quot;2&quot;,&quot;salary&quot;:&quot;1000&quot;,&quot;pincode&quot;:&quot;333444&quot;,&quot;userid&quot;:&quot;r657BEYL3kM8lckt64O0&quot;,&quot;id&quot;:&quot;weLVhWtIu5EemRj9hn20&quot;},{&quot;accountno&quot;:&quot;TA-4566560&quot;,&quot;departmentno&quot;:&quot;2&quot;,&quot;salary&quot;:&quot;1000&quot;,&quot;pincode&quot;:&quot;333444&quot;,&quot;userid&quot;:&quot;r657BEYL3kM8lckt64O0&quot;,&quot;id&quot;:&quot;pjusIjFvGe7lY1ZJEJ0x&quot;},{&quot;accountno&quot;:&quot;TA-AAA1111&quot;,&quot;departmentno&quot;:&quot;1&quot;,&quot;salary&quot;:&quot;1000000&quot;,&quot;pincode&quot;:&quot;123456&quot;,&quot;userid&quot;:&quot;wEasjdwk6Do6TJhXo7vl&quot;,&quot;id&quot;:&quot;fl2dKbAjoZAMaO0dEEuX&quot;},{&quot;accountno&quot;:&quot;TA-3333343&quot;,&quot;departmentno&quot;:&quot;1&quot;,&quot;salary&quot;:&quot;1000&quot;,&quot;pincode&quot;:&quot;113433&quot;,&quot;userid&quot;:&quot;r657BEYL3kM8lckt64O0&quot;,&quot;id&quot;:&quot;urKw4DUZ5hTbnarwaqee&quot;},{&quot;accountno&quot;:&quot;TA-dha1222&quot;,&quot;departmentno&quot;:&quot;2&quot;,&quot;salary&quot;:&quot;542132&quot;,&quot;pincode&quot;:&quot;321455&quot;,&quot;userid&quot;:&quot;lqzmEgjwhPnWQGrstXxn&quot;,&quot;id&quot;:&quot;v7wvfuD7W0ltxIuBKkYc&quot;},{&quot;accountno&quot;:&quot;TA-4440444&quot;,&quot;departmentno&quot;:&quot;5&quot;,&quot;salary&quot;:&quot;4440444&quot;,&quot;pincode&quot;:&quot;956789&quot;,&quot;userid&quot;:&quot;zHei4hlbhNApF35AAVu1&quot;,&quot;id&quot;:&quot;SPoKhk5Ofi92tLX2d2at&quot;},{&quot;accountno&quot;:&quot;TA-4440445&quot;,&quot;departmentno&quot;:&quot;5&quot;,&quot;salary&quot;:&quot;4440445&quot;,&quot;pincode&quot;:&quot;956785&quot;,&quot;userid&quot;:&quot;zHei4hlbhNApF35AAVu1&quot;,&quot;id&quot;:&quot;KWj3UZAS0mFCCZQEp9OL&quot;},{&quot;accountno&quot;:&quot;TA-4440444&quot;,&quot;departmentno&quot;:&quot;5&quot;,&quot;salary&quot;:&quot;4440444&quot;,&quot;pincode&quot;:&quot;956789&quot;,&quot;userid&quot;:&quot;zHei4hlbhNApF35AAVu1&quot;,&quot;id&quot;:&quot;7TGG5nyRCgNu5ZMkXW6b&quot;},{&quot;accountno&quot;:&quot;TA-4440444&quot;,&quot;departmentno&quot;:&quot;5&quot;,&quot;salary&quot;:&quot;4440444&quot;,&quot;pincode&quot;:&quot;956789&quot;,&quot;userid&quot;:&quot;zHei4hlbhNApF35AAVu1&quot;,&quot;id&quot;:&quot;wCLjjS4q6KKT6v9E3q02&quot;},{&quot;accountno&quot;:&quot;TA-3454653&quot;,&quot;departmentno&quot;:&quot;3&quot;,&quot;salary&quot;:&quot;345&quot;,&quot;pincode&quot;:&quot;432546&quot;,&quot;userid&quot;:&quot;r657BEYL3kM8lckt64O0&quot;,&quot;id&quot;:&quot;VIuQoqkOMP2g6bZWf9Pa&quot;},{&quot;accountno&quot;:&quot;TA-7876564&quot;,&quot;departmentno&quot;:&quot;2&quot;,&quot;salary&quot;:&quot;2121&quot;,&quot;pincode&quot;:&quot;343434&quot;,&quot;userid&quot;:&quot;obMP0wHEOg8YW5N13tWF&quot;,&quot;id&quot;:&quot;6Sarc9TCbcQxC7xDQXbn&quot;},{&quot;accountno&quot;:&quot;TA-8976548&quot;,&quot;departmentno&quot;:&quot;4&quot;,&quot;salary&quot;:&quot;9898&quot;,&quot;pincode&quot;:&quot;098989&quot;,&quot;userid&quot;:&quot;obMP0wHEOg8YW5N13tWF&quot;,&quot;id&quot;:&quot;Afh3vruIIjxHfFEtHZG1&quot;},{&quot;accountno&quot;:&quot;TAabcdefgh&quot;,&quot;departmentno&quot;:&quot;3&quot;,&quot;salary&quot;:&quot;40000&quot;,&quot;pincode&quot;:&quot;908033&quot;,&quot;userid&quot;:&quot;x6i83kk0zCjKq4CAPXST&quot;,&quot;id&quot;:&quot;uruoruhOMrAuYzu4r6I7&quot;},{&quot;accountno&quot;:&quot;TAabcdefgh&quot;,&quot;departmentno&quot;:&quot;3&quot;,&quot;salary&quot;:&quot;40000&quot;,&quot;pincode&quot;:&quot;908033&quot;,&quot;userid&quot;:&quot;x6i83kk0zCjKq4CAPXST&quot;,&quot;id&quot;:&quot;Uyv21HzeGeGGC2JnA0Ye&quot;},{&quot;accountno&quot;:&quot;TAabcdefgh&quot;,&quot;departmentno&quot;:&quot;3&quot;,&quot;salary&quot;:&quot;40000&quot;,&quot;pincode&quot;:&quot;908033&quot;,&quot;userid&quot;:&quot;x6i83kk0zCjKq4CAPXST&quot;,&quot;id&quot;:&quot;EdosQmyqpioQC6dwqIhe&quot;},{&quot;accountno&quot;:&quot;TA-palak01&quot;,&quot;departmentno&quot;:1,&quot;salary&quot;:3,&quot;pincode&quot;:111111,&quot;userid&quot;:&quot;x5gWjfBrP3HjfGpdDrP0&quot;,&quot;id&quot;:&quot;kJYneS6MeQRNBVsJj0FX&quot;},{&quot;accountno&quot;:&quot;TA-palak01&quot;,&quot;departmentno&quot;:1,&quot;salary&quot;:2,&quot;pincode&quot;:111111,&quot;userid&quot;:&quot;x5gWjfBrP3HjfGpdDrP0&quot;,&quot;id&quot;:&quot;SS8o8QR0IX6S6KknIG06&quot;},{&quot;accountno&quot;:&quot;TA-palak01&quot;,&quot;departmentno&quot;:1,&quot;salary&quot;:2,&quot;pincode&quot;:111111,&quot;userid&quot;:&quot;x5gWjfBrP3HjfGpdDrP0&quot;,&quot;id&quot;:&quot;mWSX0AWL8DDAmzdrKXuc&quot;},{&quot;accountno&quot;:&quot;TA-palak02&quot;,&quot;departmentno&quot;:1,&quot;salary&quot;:1,&quot;pincode&quot;:111111,&quot;userid&quot;:&quot;x5gWjfBrP3HjfGpdDrP0&quot;,&quot;id&quot;:&quot;8OwfkBJkULug1E9gFrrw&quot;},{&quot;accountno&quot;:&quot;TA-palak02&quot;,&quot;departmentno&quot;:1,&quot;salary&quot;:1,&quot;pincode&quot;:111111,&quot;userid&quot;:&quot;x5gWjfBrP3HjfGpdDrP0&quot;,&quot;id&quot;:&quot;PBor0Vrz9LAZG0VM6mzG&quot;},{&quot;accountno&quot;:&quot;TA-1111112&quot;,&quot;departmentno&quot;:&quot;1&quot;,&quot;salary&quot;:&quot;11112&quot;,&quot;pincode&quot;:&quot;620019&quot;,&quot;userid&quot;:&quot;sbYnXDLlFUWxUjx9tZ7m&quot;,&quot;id&quot;:&quot;XbfcO8NtF5116cIFSqk0&quot;},{&quot;accountno&quot;:&quot;TA-palak01&quot;,&quot;departmentno&quot;:1,&quot;salary&quot;:1,&quot;pincode&quot;:111111,&quot;userid&quot;:&quot;x5gWjfBrP3HjfGpdDrP0&quot;,&quot;id&quot;:&quot;3KA7wUZkgNPSV7nHwkMV&quot;},{&quot;accountno&quot;:&quot;TA-BH3333&quot;,&quot;departmentno&quot;:&quot;5&quot;,&quot;salary&quot;:&quot;545454&quot;,&quot;pincode&quot;:&quot;666666888&quot;,&quot;userid&quot;:&quot;dsihdoU16RpfgGNTUWPY&quot;,&quot;id&quot;:&quot;mt3cfCRwIVJ9AkdNjqbi&quot;},{&quot;accountno&quot;:&quot;TA-BH3333&quot;,&quot;departmentno&quot;:&quot;5&quot;,&quot;salary&quot;:&quot;545454&quot;,&quot;pincode&quot;:&quot;666666&quot;,&quot;userid&quot;:&quot;dsihdoU16RpfgGNTUWPY&quot;,&quot;id&quot;:&quot;sCAevJPVEzPOZeOVDvpB&quot;},{&quot;accountno&quot;:&quot;TA-s1b1678&quot;,&quot;departmentno&quot;:&quot;7&quot;,&quot;salary&quot;:&quot;7878&quot;,&quot;pincode&quot;:&quot;787878&quot;,&quot;userid&quot;:&quot;ly1BA6K8EnMerf0NcPl6&quot;,&quot;id&quot;:&quot;abX97tKyAWwZKSCIaJ8s&quot;},{&quot;accountno&quot;:&quot;TA-3333333&quot;,&quot;departmentno&quot;:&quot;3&quot;,&quot;salary&quot;:&quot;1000&quot;,&quot;pincode&quot;:&quot;453673&quot;,&quot;userid&quot;:&quot;orjGegLSNrxGpGjFtLWi&quot;,&quot;id&quot;:&quot;2HW2d7xahPlij1zw2L3u&quot;},{&quot;accountno&quot;:&quot;TA-s1b1678&quot;,&quot;departmentno&quot;:&quot;7&quot;,&quot;salary&quot;:&quot;7878&quot;,&quot;pincode&quot;:&quot;787878&quot;,&quot;userid&quot;:&quot;ly1BA6K8EnMerf0NcPl6&quot;,&quot;id&quot;:&quot;rUxoAHuR6HZ3Ozq3NPey&quot;},{&quot;accountno&quot;:&quot;TA-4566565&quot;,&quot;departmentno&quot;:&quot;2&quot;,&quot;salary&quot;:&quot;22224&quot;,&quot;pincode&quot;:&quot;333444&quot;,&quot;userid&quot;:&quot;lRMbtFMJIZt1u2Unwd9E&quot;,&quot;id&quot;:&quot;6zfmqNRQD9Rhfoj9H4bR&quot;},{&quot;accountno&quot;:&quot;TA-pri7890&quot;,&quot;departmentno&quot;:&quot;6&quot;,&quot;salary&quot;:&quot;89076&quot;,&quot;pincode&quot;:&quot;789065&quot;,&quot;userid&quot;:&quot;hx9jBCAKLzCVUPDUAshf&quot;,&quot;id&quot;:&quot;gRaou0wOmTVOdCuRD9LD&quot;},{&quot;accountno&quot;:&quot;TA-palak21&quot;,&quot;departmentno&quot;:&quot;5&quot;,&quot;salary&quot;:&quot;5&quot;,&quot;pincode&quot;:&quot;555555&quot;,&quot;userid&quot;:&quot;x5gWjfBrP3HjfGpdDrP0&quot;,&quot;id&quot;:&quot;PhBePPTZe8XE8lQOV9qj&quot;},{&quot;accountno&quot;:&quot;TA-pri7890&quot;,&quot;departmentno&quot;:&quot;6&quot;,&quot;salary&quot;:&quot;89076&quot;,&quot;pincode&quot;:&quot;789065&quot;,&quot;userid&quot;:&quot;hx9jBCAKLzCVUPDUAshf&quot;,&quot;id&quot;:&quot;4FqGucXlWdSOLXAeGIcm&quot;},{&quot;accountno&quot;:&quot;TA-111111&quot;,&quot;departmentno&quot;:1,&quot;salary&quot;:9191,&quot;pincode&quot;:111111,&quot;userid&quot;:&quot;JQGgG0SnNsZlQgoI2840&quot;,&quot;id&quot;:&quot;wh7E54XRQDdlHNjWeAvD&quot;},{&quot;accountno&quot;:&quot;TA-4566554&quot;,&quot;departmentno&quot;:&quot;2&quot;,&quot;salary&quot;:&quot;22224&quot;,&quot;pincode&quot;:&quot;333444&quot;,&quot;userid&quot;:&quot;lRMbtFMJIZt1u2Unwd9E&quot;,&quot;id&quot;:&quot;TY5ZeDKG25TTftlflafi&quot;},{&quot;accountno&quot;:&quot;TA-BH0000&quot;,&quot;departmentno&quot;:&quot;5&quot;,&quot;salary&quot;:&quot;000000&quot;,&quot;pincode&quot;:&quot;000000&quot;,&quot;userid&quot;:&quot;dsihdoU16RpfgGNTUWPY&quot;,&quot;id&quot;:&quot;gsP5yv38l68OvpDNcqa1&quot;},{&quot;accountno&quot;:&quot;TA-pri1234&quot;,&quot;departmentno&quot;:&quot;6&quot;,&quot;salary&quot;:&quot;78900&quot;,&quot;pincode&quot;:&quot;908909&quot;,&quot;userid&quot;:&quot;hx9jBCAKLzCVUPDUAshf&quot;,&quot;id&quot;:&quot;HOCeilxawFrV0AW6hfsO&quot;},{&quot;accountno&quot;:&quot;TA-BH#####&quot;,&quot;departmentno&quot;:&quot;343434&quot;,&quot;salary&quot;:777777777,&quot;pincode&quot;:&quot;&quot;,&quot;userid&quot;:&quot;dsihdoU16RpfgGNTUWPY&quot;,&quot;id&quot;:&quot;JFaZSQ6IhfxXZNMm3Drj&quot;},{&quot;accountno&quot;:&quot;TA-pri1234&quot;,&quot;departmentno&quot;:&quot;6&quot;,&quot;salary&quot;:&quot;78900&quot;,&quot;pincode&quot;:&quot;908909&quot;,&quot;userid&quot;:&quot;hx9jBCAKLzCVUPDUAshf&quot;,&quot;id&quot;:&quot;AaR3RGsxS36xiAwgbIuo&quot;},{&quot;accountno&quot;:&quot;TA-7654321&quot;,&quot;departmentno&quot;:&quot;4&quot;,&quot;salary&quot;:&quot;789090&quot;,&quot;pincode&quot;:&quot;567408&quot;,&quot;userid&quot;:&quot;hx9jBCAKLzCVUPDUAshf&quot;,&quot;id&quot;:&quot;gTmvrkNGzgqVFIV6vgzd&quot;},{&quot;accountno&quot;:&quot;TA-5081444&quot;,&quot;departmentno&quot;:&quot;5&quot;,&quot;salary&quot;:&quot;1111&quot;,&quot;pincode&quot;:&quot;110023&quot;,&quot;userid&quot;:&quot;taGX4XQQfXD3Z76sI1Xn&quot;,&quot;id&quot;:&quot;N1zbdw9KfHccjt9wwJlc&quot;},{&quot;accountno&quot;:&quot;TA-5783444&quot;,&quot;departmentno&quot;:&quot;5&quot;,&quot;salary&quot;:&quot;1234&quot;,&quot;pincode&quot;:&quot;666666&quot;,&quot;userid&quot;:&quot;taGX4XQQfXD3Z76sI1Xn&quot;,&quot;id&quot;:&quot;FuXyPia84kcAqFlr5BSL&quot;},{&quot;accountno&quot;:&quot;TA-5783444&quot;,&quot;departmentno&quot;:&quot;5&quot;,&quot;salary&quot;:&quot;1234&quot;,&quot;pincode&quot;:&quot;666666&quot;,&quot;userid&quot;:&quot;taGX4XQQfXD3Z76sI1Xn&quot;,&quot;id&quot;:&quot;z2GWyKizVcz52zTzNKM0&quot;},{&quot;accountno&quot;:&quot;TA-9900990&quot;,&quot;departmentno&quot;:&quot;4&quot;,&quot;salary&quot;:&quot;44532&quot;,&quot;pincode&quot;:&quot;789234&quot;,&quot;userid&quot;:&quot;lRMbtFMJIZt1u2Unwd9E&quot;,&quot;id&quot;:&quot;hYfMkpfLSvEjEqXWK2Uy&quot;},{&quot;accountno&quot;:&quot;TA-3452242&quot;,&quot;departmentno&quot;:&quot;4&quot;,&quot;salary&quot;:&quot;44532&quot;,&quot;pincode&quot;:&quot;789234&quot;,&quot;userid&quot;:&quot;lRMbtFMJIZt1u2Unwd9E&quot;,&quot;id&quot;:&quot;jOprxsghjPIUwe9iSEHh&quot;},{&quot;accountno&quot;:&quot;TA-bh21212&quot;,&quot;departmentno&quot;:&quot;5&quot;,&quot;salary&quot;:&quot;454545&quot;,&quot;pincode&quot;:&quot;656565&quot;,&quot;userid&quot;:&quot;dsihdoU16RpfgGNTUWPY&quot;,&quot;id&quot;:&quot;KPU2F7HVNsPq0B9w0qlt&quot;},{&quot;accountno&quot;:&quot;TA-8526521&quot;,&quot;departmentno&quot;:&quot;2&quot;,&quot;salary&quot;:&quot;2568&quot;,&quot;pincode&quot;:&quot;123856&quot;,&quot;userid&quot;:&quot;yKuEjMJgW6jLo0DYm93j&quot;,&quot;id&quot;:&quot;igRvH6ZTemPB7TaGJufj&quot;},{&quot;accountno&quot;:&quot;TA-5672844&quot;,&quot;departmentno&quot;:&quot;2&quot;,&quot;salary&quot;:&quot;3333&quot;,&quot;pincode&quot;:&quot;456739&quot;,&quot;userid&quot;:&quot;lRMbtFMJIZt1u2Unwd9E&quot;,&quot;id&quot;:&quot;HKFf4A0uPLsflgvfU5MZ&quot;},{&quot;accountno&quot;:&quot;TA-5672887&quot;,&quot;departmentno&quot;:&quot;2&quot;,&quot;salary&quot;:&quot;3333&quot;,&quot;pincode&quot;:&quot;456739&quot;,&quot;userid&quot;:&quot;lRMbtFMJIZt1u2Unwd9E&quot;,&quot;id&quot;:&quot;kJ1jHp7dwvRi5AC5KVaa&quot;},{&quot;accountno&quot;:&quot;TA-111111&quot;,&quot;departmentno&quot;:1,&quot;salary&quot;:9191,&quot;pincode&quot;:111111,&quot;userid&quot;:&quot;JQGgG0SnNsZlQgoI2840&quot;,&quot;id&quot;:&quot;oAAyLzjbsnWaCGo5aVi8&quot;},{&quot;accountno&quot;:&quot;TA-7845628&quot;,&quot;departmentno&quot;:&quot;2&quot;,&quot;salary&quot;:&quot;4258&quot;,&quot;pincode&quot;:&quot;600101&quot;,&quot;userid&quot;:&quot;yKuEjMJgW6jLo0DYm93j&quot;,&quot;id&quot;:&quot;LAFovL0KYEgWteVLCQQs&quot;},{&quot;accountno&quot;:&quot;TA-7845652&quot;,&quot;departmentno&quot;:&quot;2&quot;,&quot;salary&quot;:&quot;4568&quot;,&quot;pincode&quot;:&quot;600100&quot;,&quot;userid&quot;:&quot;yKuEjMJgW6jLo0DYm93j&quot;,&quot;id&quot;:&quot;mkwf2z9RPGIbBHMSG175&quot;},{&quot;accountno&quot;:&quot;TA-7845652&quot;,&quot;departmentno&quot;:&quot;2&quot;,&quot;salary&quot;:&quot;4568&quot;,&quot;pincode&quot;:&quot;600100&quot;,&quot;userid&quot;:&quot;yKuEjMJgW6jLo0DYm93j&quot;,&quot;id&quot;:&quot;uHQscnJjMU68EEBuijWN&quot;},{&quot;accountno&quot;:&quot;TA-sa11111&quot;,&quot;departmentno&quot;:&quot;1&quot;,&quot;salary&quot;:&quot;10000&quot;,&quot;pincode&quot;:&quot;320981&quot;,&quot;userid&quot;:&quot;xrp1geWRD8ZEaLzT6YCs&quot;,&quot;id&quot;:&quot;VhdSTjWUq3IjsDJ6pyls&quot;},{&quot;accountno&quot;:&quot;TA-1234567&quot;,&quot;departmentno&quot;:&quot;2&quot;,&quot;salary&quot;:&quot;2356&quot;,&quot;pincode&quot;:&quot;600100&quot;,&quot;userid&quot;:&quot;yKuEjMJgW6jLo0DYm93j&quot;,&quot;id&quot;:&quot;hDIFTMoCSxxFrWwY0xiF&quot;},{&quot;accountno&quot;:&quot;TA-1111113&quot;,&quot;departmentno&quot;:&quot;1&quot;,&quot;salary&quot;:&quot;11113&quot;,&quot;pincode&quot;:&quot;620019&quot;,&quot;userid&quot;:&quot;sbYnXDLlFUWxUjx9tZ7m&quot;,&quot;id&quot;:&quot;II6uGXvCcdrYDmZzzzqW&quot;},{&quot;accountno&quot;:&quot;TA-2sa4672&quot;,&quot;departmentno&quot;:&quot;1&quot;,&quot;salary&quot;:&quot;10009&quot;,&quot;pincode&quot;:&quot;234542&quot;,&quot;userid&quot;:&quot;r657BEYL3kM8lckt64O0&quot;,&quot;id&quot;:&quot;xEDxB4pg8rYxDFgC3vzL&quot;},{&quot;accountno&quot;:&quot;SA-1111112&quot;,&quot;departmentno&quot;:&quot;1&quot;,&quot;salary&quot;:&quot;11111111&quot;,&quot;pincode&quot;:&quot;111111&quot;,&quot;userid&quot;:&quot;wEasjdwk6Do6TJhXo7vl&quot;,&quot;id&quot;:&quot;CFiKHppyveEloG0QWO5N&quot;},{&quot;accountno&quot;:&quot;TA-1111112&quot;,&quot;departmentno&quot;:&quot;1&quot;,&quot;salary&quot;:&quot;11112&quot;,&quot;pincode&quot;:&quot;620019&quot;,&quot;userid&quot;:&quot;sbYnXDLlFUWxUjx9tZ7m&quot;,&quot;id&quot;:&quot;Y9ratF1jFnqCdQGaP8tE&quot;},{&quot;accountno&quot;:&quot;TA-dhan12121&quot;,&quot;departmentno&quot;:&quot;1&quot;,&quot;salary&quot;:&quot;1310&quot;,&quot;pincode&quot;:&quot;908909&quot;,&quot;userid&quot;:&quot;lqzmEgjwhPnWQGrstXxn&quot;,&quot;id&quot;:&quot;cHzPHm7RWvzTp5PZQfPu&quot;},{&quot;accountno&quot;:&quot;TA-dh12121&quot;,&quot;departmentno&quot;:&quot;1&quot;,&quot;salary&quot;:&quot;1210&quot;,&quot;pincode&quot;:&quot;908909&quot;,&quot;userid&quot;:&quot;lqzmEgjwhPnWQGrstXxn&quot;,&quot;id&quot;:&quot;U6fxftDZberbMU85qLYz&quot;},{&quot;accountno&quot;:&quot;TA-dh12121&quot;,&quot;departmentno&quot;:&quot;1&quot;,&quot;salary&quot;:&quot;1210&quot;,&quot;pincode&quot;:&quot;908909&quot;,&quot;userid&quot;:&quot;lqzmEgjwhPnWQGrstXxn&quot;,&quot;id&quot;:&quot;8Nn9UuHvT4MyDXsuy7df&quot;},{&quot;accountno&quot;:&quot;SA-1111111&quot;,&quot;departmentno&quot;:&quot;1&quot;,&quot;salary&quot;:&quot;11111111&quot;,&quot;pincode&quot;:&quot;111111&quot;,&quot;userid&quot;:&quot;wEasjdwk6Do6TJhXo7vl&quot;,&quot;id&quot;:&quot;fKKZg6qmSVFqfgdX5Plm&quot;},{&quot;accountno&quot;:&quot;TA-prasan0&quot;,&quot;departmentno&quot;:1,&quot;salary&quot;:10000,&quot;pincode&quot;:209870,&quot;userid&quot;:&quot;xrp1geWRD8ZEaLzT6YCs&quot;,&quot;id&quot;:&quot;D4xElF5PrEoiVuRAKkMS&quot;},{&quot;accountno&quot;:&quot;TA-prasanz&quot;,&quot;departmentno&quot;:&quot;1&quot;,&quot;salary&quot;:&quot;10000&quot;,&quot;pincode&quot;:&quot;209876&quot;,&quot;userid&quot;:&quot;xrp1geWRD8ZEaLzT6YCs&quot;,&quot;id&quot;:&quot;bGPsCHZvlGGD1UEKgPyp&quot;},{&quot;accountno&quot;:&quot;TA-palak19&quot;,&quot;departmentno&quot;:1,&quot;salary&quot;:1,&quot;pincode&quot;:111111,&quot;userid&quot;:&quot;x5gWjfBrP3HjfGpdDrP0&quot;,&quot;id&quot;:&quot;5tv0IWCCinxyunLF3ha8&quot;},{&quot;accountno&quot;:&quot;TA-2000300&quot;,&quot;departmentno&quot;:&quot;9&quot;,&quot;salary&quot;:&quot;1000000&quot;,&quot;pincode&quot;:&quot;345675&quot;,&quot;userid&quot;:&quot;wEasjdwk6Do6TJhXo7vl&quot;,&quot;id&quot;:&quot;RYKdqOInZF0ptjMWbJMa&quot;},{&quot;accountno&quot;:&quot;TA-prasan0&quot;,&quot;departmentno&quot;:1,&quot;salary&quot;:10000,&quot;pincode&quot;:587500,&quot;userid&quot;:&quot;iScO2GKFKBDSP6ZgPuK4&quot;,&quot;id&quot;:&quot;TimBO3IrZc06C8FhHtjn&quot;},{&quot;accountno&quot;:&quot;2873598459&quot;,&quot;departmentno&quot;:&quot;1&quot;,&quot;salary&quot;:&quot;12222&quot;,&quot;pincode&quot;:&quot;495497&quot;,&quot;userid&quot;:&quot;r657BEYL3kM8lckt64O0&quot;,&quot;id&quot;:&quot;cgnpcPYCGbLCPdhudMbd&quot;},{&quot;accountno&quot;:&quot;TA-654317p&quot;,&quot;departmentno&quot;:4,&quot;salary&quot;:9999,&quot;pincode&quot;:765432,&quot;userid&quot;:&quot;xrp1geWRD8ZEaLzT6YCs&quot;,&quot;id&quot;:&quot;WxSgQgO6ARN622tpn3X2&quot;},{&quot;accountno&quot;:&quot;TA-654317s&quot;,&quot;departmentno&quot;:&quot;5&quot;,&quot;salary&quot;:&quot;9999&quot;,&quot;pincode&quot;:&quot;765432&quot;,&quot;userid&quot;:&quot;xrp1geWRD8ZEaLzT6YCs&quot;,&quot;id&quot;:&quot;gbJTzS4Kh0aycMkGtDN9&quot;},{&quot;accountno&quot;:&quot;TA-sibi124&quot;,&quot;departmentno&quot;:7,&quot;salary&quot;:7777,&quot;pincode&quot;:777777,&quot;userid&quot;:&quot;ly1BA6K8EnMerf0NcPl6&quot;,&quot;id&quot;:&quot;gNXlyaz4B0jXssq7IzXr&quot;},{&quot;accountno&quot;:&quot;TA-palak17&quot;,&quot;departmentno&quot;:1,&quot;salary&quot;:1,&quot;pincode&quot;:111111,&quot;userid&quot;:&quot;x5gWjfBrP3HjfGpdDrP0&quot;,&quot;id&quot;:&quot;KgsI3y9Jhp0ufY49xRul&quot;},{&quot;accountno&quot;:&quot;TA-palak16&quot;,&quot;departmentno&quot;:1,&quot;salary&quot;:1,&quot;pincode&quot;:111111,&quot;userid&quot;:&quot;x5gWjfBrP3HjfGpdDrP0&quot;,&quot;id&quot;:&quot;6wS7VB2kyMOshnZDm4B0&quot;},{&quot;accountno&quot;:&quot;TA-2323232&quot;,&quot;departmentno&quot;:&quot;3&quot;,&quot;salary&quot;:&quot;4567&quot;,&quot;pincode&quot;:&quot;567890&quot;,&quot;userid&quot;:&quot;sbYnXDLlFUWxUjx9tZ7m&quot;,&quot;id&quot;:&quot;IdAlo2aRcTOPwrMob6zs&quot;},{&quot;accountno&quot;:&quot;TA-1111112&quot;,&quot;departmentno&quot;:&quot;2&quot;,&quot;salary&quot;:&quot;1112&quot;,&quot;pincode&quot;:&quot;197012&quot;,&quot;userid&quot;:&quot;y0ROQ195Nq0c8MTZyxMM&quot;,&quot;id&quot;:&quot;UhEsFlqTANKIM9tKeQza&quot;},{&quot;accountno&quot;:&quot;TA-1111111&quot;,&quot;departmentno&quot;:&quot;1&quot;,&quot;salary&quot;:&quot;1111&quot;,&quot;pincode&quot;:&quot;197011&quot;,&quot;userid&quot;:&quot;y0ROQ195Nq0c8MTZyxMM&quot;,&quot;id&quot;:&quot;ZwRLRfcnS8WXciTmgoWV&quot;},{&quot;accountno&quot;:&quot;TA-res1236&quot;,&quot;departmentno&quot;:&quot;1&quot;,&quot;salary&quot;:&quot;8900&quot;,&quot;pincode&quot;:&quot;564235&quot;,&quot;userid&quot;:&quot;EU32tRCFTYNRf1cCYOCt&quot;,&quot;id&quot;:&quot;6esEMdbtKUh0OHOxZ14x&quot;},{&quot;accountno&quot;:&quot;TA-4555666&quot;,&quot;departmentno&quot;:&quot;1&quot;,&quot;salary&quot;:&quot;6550&quot;,&quot;pincode&quot;:&quot;522009&quot;,&quot;userid&quot;:&quot;EU32tRCFTYNRf1cCYOCt&quot;,&quot;id&quot;:&quot;bh1U3Me1PcfZfmZPrcYt&quot;},{&quot;accountno&quot;:&quot;TA-8880444&quot;,&quot;departmentno&quot;:6,&quot;salary&quot;:56777,&quot;pincode&quot;:956788,&quot;userid&quot;:&quot;jcBy26UDfXtrfBOrkfI8&quot;,&quot;id&quot;:&quot;aLoy4g8AjKuE2axqWpBZ&quot;},{&quot;accountno&quot;:&quot;TA-1111111&quot;,&quot;departmentno&quot;:&quot;3&quot;,&quot;salary&quot;:&quot;1000&quot;,&quot;pincode&quot;:&quot;564326&quot;,&quot;userid&quot;:&quot;orjGegLSNrxGpGjFtLWi&quot;,&quot;id&quot;:&quot;5D3pHos4geqjJY37fGj6&quot;},{&quot;accountno&quot;:&quot;TA-dh12121&quot;,&quot;departmentno&quot;:1,&quot;salary&quot;:121000,&quot;pincode&quot;:908909,&quot;userid&quot;:&quot;lqzmEgjwhPnWQGrstXxn&quot;,&quot;id&quot;:&quot;Wz3D4y8LnvwxXO9oMMCL&quot;},{&quot;accountno&quot;:&quot;TA-9990999&quot;,&quot;departmentno&quot;:10,&quot;salary&quot;:999999,&quot;pincode&quot;:987655,&quot;userid&quot;:&quot;jcBy26UDfXtrfBOrkfI8&quot;,&quot;id&quot;:&quot;qQQpcmO7ll3Puxqk7byt&quot;},{&quot;accountno&quot;:&quot;TA-8551766&quot;,&quot;departmentno&quot;:&quot;1&quot;,&quot;salary&quot;:&quot;2233&quot;,&quot;pincode&quot;:&quot;234567&quot;,&quot;userid&quot;:&quot;y35feW6tcm2WoS3hADp8&quot;,&quot;id&quot;:&quot;SWizD61Ku0HT7cIaT7dd&quot;},{&quot;accountno&quot;:&quot;TA-palak14&quot;,&quot;departmentno&quot;:1,&quot;salary&quot;:4,&quot;pincode&quot;:111111,&quot;userid&quot;:&quot;x5gWjfBrP3HjfGpdDrP0&quot;,&quot;id&quot;:&quot;7YbHW1Vwcfbfo20VeUQW&quot;},{&quot;accountno&quot;:&quot;TA-palak14&quot;,&quot;departmentno&quot;:&quot;1&quot;,&quot;salary&quot;:&quot;1&quot;,&quot;pincode&quot;:&quot;111111&quot;,&quot;userid&quot;:&quot;x5gWjfBrP3HjfGpdDrP0&quot;,&quot;id&quot;:&quot;B6Cl6CpcgcjsVj80sZwx&quot;},{&quot;accountno&quot;:&quot;TA-palak11&quot;,&quot;departmentno&quot;:&quot;1&quot;,&quot;salary&quot;:&quot;1&quot;,&quot;pincode&quot;:&quot;111111&quot;,&quot;userid&quot;:&quot;x5gWjfBrP3HjfGpdDrP0&quot;,&quot;id&quot;:&quot;PrxBreNMT9I2pdE7rjE0&quot;},{&quot;accountno&quot;:&quot;TA-7755349&quot;,&quot;departmentno&quot;:&quot;5&quot;,&quot;salary&quot;:&quot;1000&quot;,&quot;pincode&quot;:&quot;478234&quot;,&quot;userid&quot;:&quot;orjGegLSNrxGpGjFtLWi&quot;,&quot;id&quot;:&quot;jiDak1uKmoYZVvUm0Dl0&quot;},{&quot;accountno&quot;:&quot;TA-7755349&quot;,&quot;departmentno&quot;:&quot;5&quot;,&quot;salary&quot;:&quot;1000&quot;,&quot;pincode&quot;:&quot;478234&quot;,&quot;userid&quot;:&quot;orjGegLSNrxGpGjFtLWi&quot;,&quot;id&quot;:&quot;ts9lEkZh9Co6Ja0mQBXh&quot;},{&quot;accountno&quot;:&quot;TA-6666666&quot;,&quot;departmentno&quot;:&quot;6&quot;,&quot;salary&quot;:&quot;6&quot;,&quot;pincode&quot;:&quot;666666&quot;,&quot;userid&quot;:&quot;x5gWjfBrP3HjfGpdDrP0&quot;,&quot;id&quot;:&quot;GY2gPv7hd4rEpGURMqOD&quot;},{&quot;accountno&quot;:&quot;1234729999&quot;,&quot;departmentno&quot;:&quot;1&quot;,&quot;salary&quot;:&quot;40503&quot;,&quot;pincode&quot;:&quot;923874&quot;,&quot;userid&quot;:&quot;r657BEYL3kM8lckt64O0&quot;,&quot;id&quot;:&quot;tXLYCvFxbGzaZ8VjwFW5&quot;},{&quot;accountno&quot;:&quot;TA-7755343&quot;,&quot;departmentno&quot;:&quot;5&quot;,&quot;salary&quot;:&quot;1000&quot;,&quot;pincode&quot;:&quot;478234&quot;,&quot;userid&quot;:&quot;orjGegLSNrxGpGjFtLWi&quot;,&quot;id&quot;:&quot;PQmsY1RUtASO18Vxn8Ji&quot;},{&quot;accountno&quot;:&quot;TA-4440444&quot;,&quot;departmentno&quot;:&quot;2&quot;,&quot;salary&quot;:&quot;4440444&quot;,&quot;pincode&quot;:&quot;956789&quot;,&quot;userid&quot;:&quot;jcBy26UDfXtrfBOrkfI8&quot;,&quot;id&quot;:&quot;8JckZbbAzOBq7vRfsSXM&quot;},{&quot;accountno&quot;:&quot;TA-3000000&quot;,&quot;departmentno&quot;:&quot;1&quot;,&quot;salary&quot;:&quot;30000&quot;,&quot;pincode&quot;:&quot;235452&quot;,&quot;userid&quot;:&quot;r657BEYL3kM8lckt64O0&quot;,&quot;id&quot;:&quot;5mz7f5cQaNWd1U7AIHVb&quot;},{&quot;accountno&quot;:&quot;TA-4999299&quot;,&quot;departmentno&quot;:&quot;1&quot;,&quot;salary&quot;:&quot;10283&quot;,&quot;pincode&quot;:&quot;345532&quot;,&quot;userid&quot;:&quot;r657BEYL3kM8lckt64O0&quot;,&quot;id&quot;:&quot;NaWxDtYDb4bKlHwfboG4&quot;},{&quot;accountno&quot;:&quot;TA-3999993&quot;,&quot;departmentno&quot;:&quot;1&quot;,&quot;salary&quot;:&quot;3000&quot;,&quot;pincode&quot;:&quot;123213&quot;,&quot;userid&quot;:&quot;r657BEYL3kM8lckt64O0&quot;,&quot;id&quot;:&quot;LIFAUdvH72qtMnA4pwzL&quot;},{&quot;accountno&quot;:&quot;TA-7777777&quot;,&quot;departmentno&quot;:&quot;7&quot;,&quot;salary&quot;:&quot;7&quot;,&quot;pincode&quot;:&quot;777777&quot;,&quot;userid&quot;:&quot;x5gWjfBrP3HjfGpdDrP0&quot;,&quot;id&quot;:&quot;fqKk91o7gUYufYLPQg7u&quot;},{&quot;accountno&quot;:&quot;TA-6666666&quot;,&quot;departmentno&quot;:&quot;6&quot;,&quot;salary&quot;:&quot;6&quot;,&quot;pincode&quot;:&quot;666666&quot;,&quot;userid&quot;:&quot;x5gWjfBrP3HjfGpdDrP0&quot;,&quot;id&quot;:&quot;VTdCKzxs1CewwITAT3a1&quot;},{&quot;accountno&quot;:&quot;TA-4440444&quot;,&quot;departmentno&quot;:&quot;1&quot;,&quot;salary&quot;:&quot;4440444&quot;,&quot;pincode&quot;:&quot;956789&quot;,&quot;userid&quot;:&quot;jcBy26UDfXtrfBOrkfI8&quot;,&quot;id&quot;:&quot;8aKlTdMS6vCypI89jw7t&quot;},{&quot;accountno&quot;:&quot;TA-4444444&quot;,&quot;departmentno&quot;:&quot;4&quot;,&quot;salary&quot;:&quot;4&quot;,&quot;pincode&quot;:&quot;444444&quot;,&quot;userid&quot;:&quot;x5gWjfBrP3HjfGpdDrP0&quot;,&quot;id&quot;:&quot;BYsTgLernnkgSHL8C5Sc&quot;},{&quot;accountno&quot;:&quot;TA-1122334&quot;,&quot;departmentno&quot;:&quot;4&quot;,&quot;salary&quot;:&quot;4500&quot;,&quot;pincode&quot;:&quot;444444&quot;,&quot;userid&quot;:&quot;ly1BA6K8EnMerf0NcPl6&quot;,&quot;id&quot;:&quot;FpvifnqE9FcRHEv4D1gL&quot;},{&quot;accountno&quot;:&quot;TA-1122334&quot;,&quot;departmentno&quot;:&quot;4&quot;,&quot;salary&quot;:&quot;4500&quot;,&quot;pincode&quot;:&quot;444444&quot;,&quot;userid&quot;:&quot;ly1BA6K8EnMerf0NcPl6&quot;,&quot;id&quot;:&quot;zwF9dzxB7azHtFXWtu5T&quot;},{&quot;accountno&quot;:&quot;TA-1234567&quot;,&quot;departmentno&quot;:&quot;8&quot;,&quot;salary&quot;:&quot;78900&quot;,&quot;pincode&quot;:&quot;567498&quot;,&quot;userid&quot;:&quot;hx9jBCAKLzCVUPDUAshf&quot;,&quot;id&quot;:&quot;fF7DPdiPTMaLnOvpdzWC&quot;},{&quot;accountno&quot;:&quot;TA-33333333&quot;,&quot;departmentno&quot;:&quot;3&quot;,&quot;salary&quot;:&quot;3&quot;,&quot;pincode&quot;:&quot;333333&quot;,&quot;userid&quot;:&quot;x5gWjfBrP3HjfGpdDrP0&quot;,&quot;id&quot;:&quot;8ktIucJOPCGoymApKBTK&quot;},{&quot;accountno&quot;:&quot;TA-8551731&quot;,&quot;departmentno&quot;:&quot;1&quot;,&quot;salary&quot;:&quot;2222&quot;,&quot;pincode&quot;:&quot;234567&quot;,&quot;userid&quot;:&quot;y35feW6tcm2WoS3hADp8&quot;,&quot;id&quot;:&quot;Th4zcjyZPamCvf2eoHBw&quot;},{&quot;accountno&quot;:&quot;TA-1234567&quot;,&quot;departmentno&quot;:&quot;8&quot;,&quot;salary&quot;:&quot;78900&quot;,&quot;pincode&quot;:&quot;567498&quot;,&quot;userid&quot;:&quot;hx9jBCAKLzCVUPDUAshf&quot;,&quot;id&quot;:&quot;balmw5yS1eJlsNLHOABZ&quot;},{&quot;accountno&quot;:&quot;TA-1234590&quot;,&quot;departmentno&quot;:6,&quot;salary&quot;:879650,&quot;pincode&quot;:907033,&quot;userid&quot;:&quot;hx9jBCAKLzCVUPDUAshf&quot;,&quot;id&quot;:&quot;uq1rPXiKOXBejWiu7hL5&quot;},{&quot;accountno&quot;:&quot;TA-1234567&quot;,&quot;departmentno&quot;:&quot;8&quot;,&quot;salary&quot;:&quot;87965&quot;,&quot;pincode&quot;:&quot;907030&quot;,&quot;userid&quot;:&quot;hx9jBCAKLzCVUPDUAshf&quot;,&quot;id&quot;:&quot;NzRbkw0yGegWGM7SBQI1&quot;},{&quot;accountno&quot;:&quot;TA-3836383&quot;,&quot;departmentno&quot;:&quot;9&quot;,&quot;salary&quot;:&quot;1212&quot;,&quot;pincode&quot;:&quot;522801&quot;,&quot;userid&quot;:&quot;EU32tRCFTYNRf1cCYOCt&quot;,&quot;id&quot;:&quot;d7e6FFevSDoA4NQe8Vtb&quot;},{&quot;accountno&quot;:&quot;TA-3838383&quot;,&quot;departmentno&quot;:&quot;9&quot;,&quot;salary&quot;:&quot;1212&quot;,&quot;pincode&quot;:&quot;522801&quot;,&quot;userid&quot;:&quot;EU32tRCFTYNRf1cCYOCt&quot;,&quot;id&quot;:&quot;IsJcHIrDeK7i9iDsLC9o&quot;},{&quot;accountno&quot;:&quot;TA-2233444&quot;,&quot;departmentno&quot;:&quot;3&quot;,&quot;salary&quot;:&quot;8888&quot;,&quot;pincode&quot;:&quot;212121&quot;,&quot;userid&quot;:&quot;dsihdoU16RpfgGNTUWPY&quot;,&quot;id&quot;:&quot;qvZ5bQNXiHBVcAO55eJ6&quot;},{&quot;accountno&quot;:&quot;TA-5781444&quot;,&quot;departmentno&quot;:&quot;1&quot;,&quot;salary&quot;:&quot;1111&quot;,&quot;pincode&quot;:&quot;110023&quot;,&quot;userid&quot;:&quot;taGX4XQQfXD3Z76sI1Xn&quot;,&quot;id&quot;:&quot;3G1oQp96LUJkIN4ZyQl4&quot;},{&quot;accountno&quot;:&quot;TA-5781244&quot;,&quot;departmentno&quot;:&quot;1&quot;,&quot;salary&quot;:&quot;1111&quot;,&quot;pincode&quot;:&quot;110023&quot;,&quot;userid&quot;:&quot;taGX4XQQfXD3Z76sI1Xn&quot;,&quot;id&quot;:&quot;Pp3d3IpxdKOw5F3k1UBO&quot;},{&quot;accountno&quot;:&quot;48484848&quot;,&quot;departmentno&quot;:&quot;5&quot;,&quot;salary&quot;:&quot;2525&quot;,&quot;pincode&quot;:&quot;255255&quot;,&quot;userid&quot;:&quot;jK6TLwt6oIcYQmeujB2R&quot;,&quot;id&quot;:&quot;maw7RcYLhDUZ1dBfgeAM&quot;},{&quot;accountno&quot;:&quot;48484848&quot;,&quot;departmentno&quot;:&quot;5&quot;,&quot;salary&quot;:&quot;2525&quot;,&quot;pincode&quot;:&quot;255255&quot;,&quot;userid&quot;:&quot;jK6TLwt6oIcYQmeujB2R&quot;,&quot;id&quot;:&quot;hS7GYX3aqy19bqXzn9f6&quot;},{&quot;accountno&quot;:&quot;48484848&quot;,&quot;departmentno&quot;:&quot;5&quot;,&quot;salary&quot;:&quot;2525&quot;,&quot;pincode&quot;:&quot;255255&quot;,&quot;userid&quot;:&quot;y4EGNLRjrgtEjC6KVUVR&quot;,&quot;id&quot;:&quot;bNVptyaSBfY83Lfw6clR&quot;},{&quot;accountno&quot;:&quot;48484848&quot;,&quot;departmentno&quot;:&quot;5&quot;,&quot;salary&quot;:&quot;2525&quot;,&quot;pincode&quot;:&quot;255255&quot;,&quot;userid&quot;:&quot;jK6TLwt6oIcYQmeujB2R&quot;,&quot;id&quot;:&quot;9fnbHz7dU0DKie772VUj&quot;},{&quot;accountno&quot;:&quot;48484848&quot;,&quot;departmentno&quot;:&quot;5&quot;,&quot;salary&quot;:&quot;2525&quot;,&quot;pincode&quot;:&quot;255255&quot;,&quot;userid&quot;:&quot;jK6TLwt6oIcYQmeujB2R&quot;,&quot;id&quot;:&quot;F16N4jsvbLhBkrhQN03A&quot;},{&quot;accountno&quot;:&quot;812346&quot;,&quot;departmentno&quot;:&quot;1&quot;,&quot;salary&quot;:&quot;8000&quot;,&quot;pincode&quot;:&quot;983210&quot;,&quot;userid&quot;:&quot;yicAlY5sAE3tHyJ9cYFz&quot;,&quot;id&quot;:&quot;r4nLAPEhug1nD4Eio01g&quot;},{&quot;accountno&quot;:&quot;0011111111&quot;,&quot;departmentno&quot;:&quot;7&quot;,&quot;salary&quot;:&quot;140000&quot;,&quot;pincode&quot;:&quot;700044&quot;,&quot;userid&quot;:&quot;jNuJRaZD68Qzh2SYg7d8&quot;,&quot;id&quot;:&quot;tsnGFOqVWz9oW1Fd1IwN&quot;},{&quot;accountno&quot;:&quot;11111111&quot;,&quot;departmentno&quot;:&quot;7&quot;,&quot;salary&quot;:&quot;140000&quot;,&quot;pincode&quot;:&quot;700044&quot;,&quot;userid&quot;:&quot;jNuJRaZD68Qzh2SYg7d8&quot;,&quot;id&quot;:&quot;p5UxMV4EpT7zJZzdRdCP&quot;},{&quot;accountno&quot;:&quot;TA-Rest128&quot;,&quot;departmentno&quot;:&quot;7&quot;,&quot;salary&quot;:&quot;1200&quot;,&quot;pincode&quot;:&quot;560043&quot;,&quot;userid&quot;:&quot;wb2ILYYVVKPxBFvM1klw&quot;,&quot;id&quot;:&quot;4Qg9sZMukvceWDcD58qe&quot;},{&quot;accountno&quot;:&quot;TA-Rest125&quot;,&quot;departmentno&quot;:&quot;7&quot;,&quot;salary&quot;:&quot;1200&quot;,&quot;pincode&quot;:&quot;560043&quot;,&quot;userid&quot;:&quot;wb2ILYYVVKPxBFvM1klw&quot;,&quot;id&quot;:&quot;b3apIPBjZxuThxaMHSVy&quot;},{&quot;accountno&quot;:&quot;TA-9999999&quot;,&quot;departmentno&quot;:&quot;9&quot;,&quot;salary&quot;:&quot;999999&quot;,&quot;pincode&quot;:&quot;999999&quot;,&quot;userid&quot;:&quot;uJhfN4X3SpGn1khqL47B&quot;,&quot;id&quot;:&quot;jas7gxwq5g8uh3NU4uJ9&quot;},{&quot;accountno&quot;:&quot;AU-1234567&quot;,&quot;departmentno&quot;:&quot;3&quot;,&quot;salary&quot;:&quot;54321&quot;,&quot;pincode&quot;:&quot;670078&quot;,&quot;userid&quot;:&quot;taGX4XQQfXD3Z76sI1Xn&quot;,&quot;id&quot;:&quot;xPnINxI35mhMB5bMlvAj&quot;},{&quot;accountno&quot;:&quot;sa-1234567&quot;,&quot;departmentno&quot;:&quot;9&quot;,&quot;salary&quot;:&quot;34466&quot;,&quot;pincode&quot;:&quot;652973&quot;,&quot;userid&quot;:&quot;taGX4XQQfXD3Z76sI1Xn&quot;,&quot;id&quot;:&quot;nc6H6io1Y7NCjHjgHNia&quot;},{&quot;accountno&quot;:&quot;TA-55533M&quot;,&quot;departmentno&quot;:2,&quot;salary&quot;:8000,&quot;pincode&quot;:983210,&quot;userid&quot;:&quot;taGX4XQQfXD3Z76sI1Xn&quot;,&quot;id&quot;:&quot;v6gXcYgkPZ9caoWZ8fQa&quot;},{&quot;accountno&quot;:&quot;sa-1234567&quot;,&quot;departmentno&quot;:&quot;9&quot;,&quot;salary&quot;:&quot;34466&quot;,&quot;pincode&quot;:&quot;652973&quot;,&quot;userid&quot;:&quot;taGX4XQQfXD3Z76sI1Xn&quot;,&quot;id&quot;:&quot;sUKkEYhDCwIZIETfkYqK&quot;},{&quot;accountno&quot;:&quot;TA-7777777&quot;,&quot;departmentno&quot;:&quot;5&quot;,&quot;salary&quot;:&quot;77777&quot;,&quot;pincode&quot;:&quot;877777&quot;,&quot;userid&quot;:&quot;taGX4XQQfXD3Z76sI1Xn&quot;,&quot;id&quot;:&quot;ejjfFarvlWmHE7k64v3v&quot;},{&quot;accountno&quot;:&quot;DA-989899&quot;,&quot;departmentno&quot;:&quot;1&quot;,&quot;salary&quot;:&quot;4000&quot;,&quot;pincode&quot;:&quot;342435&quot;,&quot;userid&quot;:&quot;taGX4XQQfXD3Z76sI1Xn&quot;,&quot;id&quot;:&quot;eMuZ5NyQSLxEul1oa8tC&quot;},{&quot;accountno&quot;:&quot;TA-999991&quot;,&quot;departmentno&quot;:1,&quot;salary&quot;:12000,&quot;pincode&quot;:342435,&quot;userid&quot;:&quot;taGX4XQQfXD3Z76sI1Xn&quot;,&quot;id&quot;:&quot;ptzq3D4vjciHdTBuwFMe&quot;},{&quot;accountno&quot;:&quot;TA-9999998&quot;,&quot;departmentno&quot;:&quot;1&quot;,&quot;salary&quot;:&quot;2000&quot;,&quot;pincode&quot;:&quot;121212&quot;,&quot;userid&quot;:&quot;taGX4XQQfXD3Z76sI1Xn&quot;,&quot;id&quot;:&quot;z14c09IYs8GByeaD9uae&quot;},{&quot;accountno&quot;:&quot;TA-22133A&quot;,&quot;departmentno&quot;:1,&quot;salary&quot;:8000,&quot;pincode&quot;:983216,&quot;userid&quot;:&quot;taGX4XQQfXD3Z76sI1Xn&quot;,&quot;id&quot;:&quot;CZ6eV89oeJRgPigfB28Z&quot;},{&quot;accountno&quot;:&quot;TA-2255335&quot;,&quot;departmentno&quot;:&quot;1&quot;,&quot;salary&quot;:&quot;8000&quot;,&quot;pincode&quot;:&quot;983210&quot;,&quot;userid&quot;:&quot;taGX4XQQfXD3Z76sI1Xn&quot;,&quot;id&quot;:&quot;GbwUf2n8QFm8vY276dmW&quot;},{&quot;accountno&quot;:&quot;TA-2255335&quot;,&quot;departmentno&quot;:&quot;1&quot;,&quot;salary&quot;:&quot;8000&quot;,&quot;pincode&quot;:&quot;983210&quot;,&quot;userid&quot;:&quot;taGX4XQQfXD3Z76sI1Xn&quot;,&quot;id&quot;:&quot;c5oiySLxsOSDuPpHhDUa&quot;},{&quot;accountno&quot;:&quot;TA-22061984&quot;,&quot;departmentno&quot;:&quot;1&quot;,&quot;salary&quot;:&quot;4000&quot;,&quot;pincode&quot;:&quot;763291&quot;,&quot;userid&quot;:&quot;xfvwphFcCCoaYVEl5Zb6&quot;,&quot;id&quot;:&quot;AOtJ8YIVpQKlmAIFVcB2&quot;},{&quot;accountno&quot;:&quot;TA-1111112&quot;,&quot;departmentno&quot;:3,&quot;salary&quot;:22222,&quot;pincode&quot;:444444,&quot;userid&quot;:&quot;taGX4XQQfXD3Z76sI1Xn&quot;,&quot;id&quot;:&quot;KUlQ9Yq2pu2UqMvlr96C&quot;},{&quot;accountno&quot;:&quot;TA-1111111&quot;,&quot;departmentno&quot;:&quot;3&quot;,&quot;salary&quot;:&quot;333333&quot;,&quot;pincode&quot;:&quot;444444&quot;,&quot;userid&quot;:&quot;taGX4XQQfXD3Z76sI1Xn&quot;,&quot;id&quot;:&quot;AJCkxaPkVOCEpXt2XPb0&quot;},{&quot;accountno&quot;:&quot;TA-1234569&quot;,&quot;departmentno&quot;:&quot;7&quot;,&quot;salary&quot;:&quot;6666&quot;,&quot;pincode&quot;:&quot;560043&quot;,&quot;userid&quot;:&quot;taGX4XQQfXD3Z76sI1Xn&quot;,&quot;id&quot;:&quot;cDZDXrsDOSeyRPzC9TFU&quot;},{&quot;accountno&quot;:&quot;TA-Rest125&quot;,&quot;departmentno&quot;:&quot;7&quot;,&quot;salary&quot;:&quot;1200&quot;,&quot;pincode&quot;:&quot;560043&quot;,&quot;userid&quot;:&quot;taGX4XQQfXD3Z76sI1Xn&quot;,&quot;id&quot;:&quot;OhsC8WopyXwsMDxs4iIt&quot;},{&quot;accountno&quot;:&quot;TA-9876543&quot;,&quot;departmentno&quot;:&quot;1&quot;,&quot;salary&quot;:&quot;30000&quot;,&quot;pincode&quot;:&quot;573116&quot;,&quot;userid&quot;:&quot;v4IEGsscftctjnf3W7q0&quot;,&quot;id&quot;:&quot;hxjGzwldgoYS1yu9mi27&quot;},{&quot;accountno&quot;:&quot;TA-1234567&quot;,&quot;departmentno&quot;:&quot;1&quot;,&quot;salary&quot;:&quot;123&quot;,&quot;pincode&quot;:&quot;123456&quot;,&quot;userid&quot;:&quot;JhBYP4cJfoSdzZYlgKZk&quot;,&quot;id&quot;:&quot;zkCtE9ESKa0cHpuKLF0T&quot;},{&quot;accountno&quot;:&quot;67798991&quot;,&quot;departmentno&quot;:&quot;2&quot;,&quot;salary&quot;:&quot;23454&quot;,&quot;pincode&quot;:&quot;676877&quot;,&quot;userid&quot;:&quot;XXB2MQqMeoUZ7CC5Dbhd&quot;,&quot;id&quot;:&quot;g6DtqK0nHCpAnHkiq9HC&quot;},{&quot;accountno&quot;:&quot;67798991&quot;,&quot;departmentno&quot;:&quot;2&quot;,&quot;salary&quot;:&quot;23454&quot;,&quot;pincode&quot;:&quot;676877&quot;,&quot;userid&quot;:&quot;XXB2MQqMeoUZ7CC5Dbhd&quot;,&quot;id&quot;:&quot;p9fSLl9axxmdQYtpfi6K&quot;},{&quot;accountno&quot;:&quot;67798991&quot;,&quot;departmentno&quot;:&quot;2&quot;,&quot;salary&quot;:&quot;23454&quot;,&quot;pincode&quot;:&quot;676877&quot;,&quot;userid&quot;:&quot;XXB2MQqMeoUZ7CC5Dbhd&quot;,&quot;id&quot;:&quot;dwkYI4qnitW7VO541bV2&quot;},{&quot;accountno&quot;:&quot;1010100&quot;,&quot;departmentno&quot;:&quot;1&quot;,&quot;salary&quot;:&quot;1000000&quot;,&quot;pincode&quot;:&quot;763291&quot;,&quot;userid&quot;:&quot;Qv9VqoMypQb6l9QCZH54&quot;,&quot;id&quot;:&quot;nOOE8Vz0fpG5xyDIg7PX&quot;},{&quot;accountno&quot;:&quot;1010100&quot;,&quot;departmentno&quot;:&quot;1&quot;,&quot;salary&quot;:&quot;4001&quot;,&quot;pincode&quot;:&quot;763291&quot;,&quot;userid&quot;:&quot;Qv9VqoMypQb6l9QCZH54&quot;,&quot;id&quot;:&quot;E1Wxxk7vhgV42TrGZu7G&quot;},{&quot;accountno&quot;:&quot;1010100&quot;,&quot;departmentno&quot;:&quot;1&quot;,&quot;salary&quot;:&quot;4001&quot;,&quot;pincode&quot;:&quot;763291&quot;,&quot;userid&quot;:&quot;Qv9VqoMypQb6l9QCZH54&quot;,&quot;id&quot;:&quot;qE4arjJrYtKEMquH6C1d&quot;},{&quot;accountno&quot;:&quot;1010100&quot;,&quot;departmentno&quot;:&quot;1&quot;,&quot;salary&quot;:&quot;4001&quot;,&quot;pincode&quot;:&quot;763291&quot;,&quot;userid&quot;:&quot;Qv9VqoMypQb6l9QCZH54&quot;,&quot;id&quot;:&quot;MvqUoGd2Dvjb2ZFEe8pd&quot;},{&quot;accountno&quot;:&quot;1010100&quot;,&quot;departmentno&quot;:&quot;1&quot;,&quot;salary&quot;:&quot;4001&quot;,&quot;pincode&quot;:&quot;763291&quot;,&quot;userid&quot;:&quot;Qv9VqoMypQb6l9QCZH54&quot;,&quot;id&quot;:&quot;rNEwWSSiB3mydjV51Qrm&quot;},{&quot;accountno&quot;:&quot;1010100&quot;,&quot;departmentno&quot;:&quot;1&quot;,&quot;salary&quot;:&quot;4001&quot;,&quot;pincode&quot;:&quot;763291&quot;,&quot;userid&quot;:&quot;Qv9VqoMypQb6l9QCZH54&quot;,&quot;id&quot;:&quot;t8sSr3ASA1BPfExYNkUt&quot;},{&quot;accountno&quot;:&quot;1010100&quot;,&quot;departmentno&quot;:&quot;1&quot;,&quot;salary&quot;:&quot;4001&quot;,&quot;pincode&quot;:&quot;763291&quot;,&quot;userid&quot;:&quot;Qv9VqoMypQb6l9QCZH54&quot;,&quot;id&quot;:&quot;oPqfjFBCWbnYwCvkEvZr&quot;},{&quot;accountno&quot;:&quot;1010100&quot;,&quot;departmentno&quot;:&quot;1&quot;,&quot;salary&quot;:&quot;4001&quot;,&quot;pincode&quot;:&quot;763291&quot;,&quot;userid&quot;:&quot;Qv9VqoMypQb6l9QCZH54&quot;,&quot;id&quot;:&quot;1urCpM0BVfOvjMJq0UZQ&quot;},{&quot;accountno&quot;:&quot;1010100&quot;,&quot;departmentno&quot;:&quot;1&quot;,&quot;salary&quot;:&quot;4001&quot;,&quot;pincode&quot;:&quot;763291&quot;,&quot;userid&quot;:&quot;Qv9VqoMypQb6l9QCZH54&quot;,&quot;id&quot;:&quot;eWp34TlmHYgKelF99rTU&quot;},{&quot;accountno&quot;:&quot;1010100&quot;,&quot;departmentno&quot;:&quot;1&quot;,&quot;salary&quot;:&quot;4001&quot;,&quot;pincode&quot;:&quot;763291&quot;,&quot;userid&quot;:&quot;Qv9VqoMypQb6l9QCZH54&quot;,&quot;id&quot;:&quot;SSw1G4P7PSIZwjwthOwO&quot;},{&quot;accountno&quot;:&quot;TA-1000234&quot;,&quot;departmentno&quot;:&quot;4&quot;,&quot;salary&quot;:&quot;1000&quot;,&quot;pincode&quot;:&quot;636006&quot;,&quot;userid&quot;:&quot;Qv9VqoMypQb6l9QCZH54&quot;,&quot;id&quot;:&quot;5jgRjNQt6vQf6QAOEgA0&quot;},{&quot;accountno&quot;:&quot;1010100&quot;,&quot;departmentno&quot;:&quot;1&quot;,&quot;salary&quot;:&quot;4001&quot;,&quot;pincode&quot;:&quot;763291&quot;,&quot;userid&quot;:&quot;Qv9VqoMypQb6l9QCZH54&quot;,&quot;id&quot;:&quot;5SnMhJJS8YQXKkIY5PYU&quot;},{&quot;accountno&quot;:&quot;1010100&quot;,&quot;departmentno&quot;:&quot;1&quot;,&quot;salary&quot;:&quot;4001&quot;,&quot;pincode&quot;:&quot;763291&quot;,&quot;userid&quot;:&quot;Qv9VqoMypQb6l9QCZH54&quot;,&quot;id&quot;:&quot;LUd0Pg0yAzs1pFrxcqgh&quot;},{&quot;accountno&quot;:&quot;1010100&quot;,&quot;departmentno&quot;:&quot;1&quot;,&quot;salary&quot;:&quot;4001&quot;,&quot;pincode&quot;:&quot;763291&quot;,&quot;userid&quot;:&quot;Qv9VqoMypQb6l9QCZH54&quot;,&quot;id&quot;:&quot;zjHTSvhXZCzcUXKKfQUe&quot;},{&quot;accountno&quot;:&quot;1010100&quot;,&quot;departmentno&quot;:&quot;1&quot;,&quot;salary&quot;:&quot;4001&quot;,&quot;pincode&quot;:&quot;763291&quot;,&quot;userid&quot;:&quot;Qv9VqoMypQb6l9QCZH54&quot;,&quot;id&quot;:&quot;fab3iXUhinHMF2lsKhBi&quot;},{&quot;accountno&quot;:&quot;10101010&quot;,&quot;departmentno&quot;:&quot;1&quot;,&quot;salary&quot;:&quot;4001&quot;,&quot;pincode&quot;:&quot;763291&quot;,&quot;userid&quot;:&quot;Qv9VqoMypQb6l9QCZH54&quot;,&quot;id&quot;:&quot;757dvVNxsQkpTnMbiMFS&quot;},{&quot;accountno&quot;:&quot;99999123&quot;,&quot;departmentno&quot;:&quot;1&quot;,&quot;salary&quot;:&quot;5333&quot;,&quot;pincode&quot;:&quot;901234&quot;,&quot;userid&quot;:&quot;Qv9VqoMypQb6l9QCZH54&quot;,&quot;id&quot;:&quot;cVXibUUFSsAKvv2hbweL&quot;},{&quot;accountno&quot;:&quot;10101010&quot;,&quot;departmentno&quot;:&quot;1&quot;,&quot;salary&quot;:&quot;4001&quot;,&quot;pincode&quot;:&quot;763291&quot;,&quot;userid&quot;:&quot;Qv9VqoMypQb6l9QCZH54&quot;,&quot;id&quot;:&quot;GVVZBAnXO8kMPbGp977M&quot;},{&quot;accountno&quot;:&quot;TA-0000000123&quot;,&quot;departmentno&quot;:&quot;1&quot;,&quot;salary&quot;:&quot;1&quot;,&quot;pincode&quot;:&quot;000002&quot;,&quot;userid&quot;:&quot;udhBK3zB8LiJm9Crv8KY&quot;,&quot;id&quot;:&quot;AHfRwZ8PrD57pCkFw34l&quot;},{&quot;accountno&quot;:&quot;TA-0000004&quot;,&quot;departmentno&quot;:&quot;1&quot;,&quot;salary&quot;:&quot;1&quot;,&quot;pincode&quot;:&quot;000002&quot;,&quot;userid&quot;:&quot;udhBK3zB8LiJm9Crv8KY&quot;,&quot;id&quot;:&quot;NeRQTUpyqjkpYCuOBoJG&quot;},{&quot;accountno&quot;:&quot;TA-0000000123&quot;,&quot;departmentno&quot;:&quot;1&quot;,&quot;salary&quot;:&quot;1&quot;,&quot;pincode&quot;:&quot;000002&quot;,&quot;userid&quot;:&quot;udhBK3zB8LiJm9Crv8KY&quot;,&quot;id&quot;:&quot;pcVwCUbIbopvQvqqNDHF&quot;},{&quot;accountno&quot;:&quot;TA-0000004&quot;,&quot;departmentno&quot;:&quot;1&quot;,&quot;salary&quot;:&quot;1&quot;,&quot;pincode&quot;:&quot;000002&quot;,&quot;userid&quot;:&quot;udhBK3zB8LiJm9Crv8KY&quot;,&quot;id&quot;:&quot;GecQ2sYSqnOU3Klsooyj&quot;},{&quot;accountno&quot;:&quot;TA-0000004&quot;,&quot;departmentno&quot;:&quot;1&quot;,&quot;salary&quot;:&quot;123455&quot;,&quot;pincode&quot;:&quot;000002&quot;,&quot;userid&quot;:&quot;y4EGNLRjrgtEjC6KVUVR&quot;,&quot;id&quot;:&quot;2tEtziQ9bNNn0Vqzk4pJ&quot;},{&quot;accountno&quot;:&quot;TA-2222222&quot;,&quot;departmentno&quot;:&quot;2&quot;,&quot;salary&quot;:&quot;22222222222&quot;,&quot;pincode&quot;:&quot;222222&quot;,&quot;userid&quot;:&quot;lliqqQ08qWBQ5Nuj4qbj&quot;,&quot;id&quot;:&quot;KC2VBbvoE4csxgmhWMiw&quot;},{&quot;accountno&quot;:&quot;TA-9898989&quot;,&quot;departmentno&quot;:&quot;2&quot;,&quot;salary&quot;:&quot;2&quot;,&quot;pincode&quot;:&quot;444444&quot;,&quot;userid&quot;:&quot;5peqXdShya0PTZrXGvCk&quot;,&quot;id&quot;:&quot;RazCFdu1JCpG5A1Ai7J3&quot;},{&quot;accountno&quot;:&quot;TA-7654321&quot;,&quot;departmentno&quot;:&quot;10&quot;,&quot;salary&quot;:&quot;3000&quot;,&quot;pincode&quot;:&quot;636586&quot;,&quot;userid&quot;:&quot;Qv9VqoMypQb6l9QCZH54&quot;,&quot;id&quot;:&quot;A6bvmoVYUzP3hjGApAzi&quot;},{&quot;accountno&quot;:&quot;TA-MAY01&quot;,&quot;departmentno&quot;:&quot;7&quot;,&quot;salary&quot;:&quot;8000&quot;,&quot;pincode&quot;:&quot;634204&quot;,&quot;userid&quot;:&quot;taGX4XQQfXD3Z76sI1Xn&quot;,&quot;id&quot;:&quot;85d91J14h5kZncGOFNUn&quot;},{&quot;accountno&quot;:&quot;TA-9laksh9&quot;,&quot;departmentno&quot;:&quot;2&quot;,&quot;salary&quot;:&quot;8000000&quot;,&quot;pincode&quot;:&quot;919191&quot;,&quot;userid&quot;:&quot;taGX4XQQfXD3Z76sI1Xn&quot;,&quot;id&quot;:&quot;du67KTa3p9K2QxatUIp2&quot;},{&quot;accountno&quot;:&quot;TA-9laksh9&quot;,&quot;departmentno&quot;:&quot;1&quot;,&quot;salary&quot;:&quot;9000000&quot;,&quot;pincode&quot;:&quot;919191&quot;,&quot;userid&quot;:&quot;aOR5IhOLYg5bk2VVYakp&quot;,&quot;id&quot;:&quot;1NaazmzE6mKnXntwFqV9&quot;},{&quot;accountno&quot;:&quot;TA-1234566&quot;,&quot;departmentno&quot;:&quot;3&quot;,&quot;salary&quot;:&quot;1500&quot;,&quot;pincode&quot;:&quot;750023&quot;,&quot;userid&quot;:&quot;taGX4XQQfXD3Z76sI1Xn&quot;,&quot;id&quot;:&quot;JXciaeAUXFnLURJX6P6U&quot;},{&quot;accountno&quot;:&quot;TA-1234566&quot;,&quot;departmentno&quot;:&quot;3&quot;,&quot;salary&quot;:&quot;1500&quot;,&quot;pincode&quot;:&quot;750023&quot;,&quot;userid&quot;:&quot;taGX4XQQfXD3Z76sI1Xn&quot;,&quot;id&quot;:&quot;53CvaMBjEhgFS9fOYRXY&quot;},{&quot;accountno&quot;:&quot;TA-U900&quot;,&quot;departmentno&quot;:&quot;10&quot;,&quot;salary&quot;:90000,&quot;pincode&quot;:111222,&quot;userid&quot;:&quot;taGX4XQQfXD3Z76sI1Xn&quot;,&quot;id&quot;:&quot;teVxMIpa1g4mviMOGn0i&quot;},{&quot;accountno&quot;:&quot;TA-1234566&quot;,&quot;departmentno&quot;:&quot;3&quot;,&quot;salary&quot;:&quot;2000&quot;,&quot;pincode&quot;:&quot;750023&quot;,&quot;userid&quot;:&quot;taGX4XQQfXD3Z76sI1Xn&quot;,&quot;id&quot;:&quot;FRxCg7XMpxuomUBkWI9U&quot;},{&quot;accountno&quot;:&quot;TA-S900&quot;,&quot;departmentno&quot;:&quot;10&quot;,&quot;salary&quot;:40000,&quot;pincode&quot;:111222,&quot;userid&quot;:&quot;taGX4XQQfXD3Z76sI1Xn&quot;,&quot;id&quot;:&quot;713f74K6e7FAeyljDCGs&quot;},{&quot;accountno&quot;:&quot;TA-S900&quot;,&quot;departmentno&quot;:&quot;10&quot;,&quot;salary&quot;:40000,&quot;pincode&quot;:111222,&quot;userid&quot;:&quot;taGX4XQQfXD3Z76sI1Xn&quot;,&quot;id&quot;:&quot;AFGifqaOGsaOZCw5FaGn&quot;},{&quot;accountno&quot;:&quot;TA-1234566&quot;,&quot;departmentno&quot;:&quot;4&quot;,&quot;salary&quot;:&quot;2200&quot;,&quot;pincode&quot;:&quot;750025&quot;,&quot;userid&quot;:&quot;taGX4XQQfXD3Z76sI1Xn&quot;,&quot;id&quot;:&quot;JN1J0FTXGb9PboJFlDRL&quot;},{&quot;accountno&quot;:&quot;TA-9laksh9&quot;,&quot;departmentno&quot;:&quot;9&quot;,&quot;salary&quot;:&quot;9000000&quot;,&quot;pincode&quot;:&quot;919191&quot;,&quot;userid&quot;:&quot;aOR5IhOLYg5bk2VVYakp&quot;,&quot;id&quot;:&quot;90FyMREgLxMmo4N2ikvh&quot;},{&quot;accountno&quot;:&quot;TA-9laksh9&quot;,&quot;departmentno&quot;:&quot;9&quot;,&quot;salary&quot;:&quot;9000000&quot;,&quot;pincode&quot;:&quot;919191&quot;,&quot;userid&quot;:&quot;aOR5IhOLYg5bk2VVYakp&quot;,&quot;id&quot;:&quot;KuHdzywKhyZRClNClYrF&quot;},{&quot;accountno&quot;:&quot;TA-N00&quot;,&quot;departmentno&quot;:&quot;1000&quot;,&quot;salary&quot;:&quot;900000&quot;,&quot;pincode&quot;:&quot;111222&quot;,&quot;userid&quot;:&quot;taGX4XQQfXD3Z76sI1Xn&quot;,&quot;id&quot;:&quot;Y3NkzQpHM89Sr2VRxjSq&quot;},{&quot;accountno&quot;:&quot;TA-1020304&quot;,&quot;departmentno&quot;:&quot;7&quot;,&quot;salary&quot;:&quot;7&quot;,&quot;pincode&quot;:&quot;999999&quot;,&quot;userid&quot;:&quot;taGX4XQQfXD3Z76sI1Xn&quot;,&quot;id&quot;:&quot;mvOub6CHEiSht84uaoLF&quot;},{&quot;accountno&quot;:&quot;TA-T900&quot;,&quot;departmentno&quot;:&quot;10&quot;,&quot;salary&quot;:40000,&quot;pincode&quot;:111222,&quot;userid&quot;:&quot;taGX4XQQfXD3Z76sI1Xn&quot;,&quot;id&quot;:&quot;8yj3jtnF7W0e2koONrl5&quot;},{&quot;accountno&quot;:&quot;TA-N0800&quot;,&quot;departmentno&quot;:&quot;10&quot;,&quot;salary&quot;:800000,&quot;pincode&quot;:111222,&quot;userid&quot;:&quot;taGX4XQQfXD3Z76sI1Xn&quot;,&quot;id&quot;:&quot;Lp64DghLDPIQpn3uP2aF&quot;},{&quot;accountno&quot;:&quot;TA-N0500&quot;,&quot;departmentno&quot;:&quot;10&quot;,&quot;salary&quot;:800000,&quot;pincode&quot;:111222,&quot;userid&quot;:&quot;taGX4XQQfXD3Z76sI1Xn&quot;,&quot;id&quot;:&quot;eUl6D1mpSwkBMl6qDpid&quot;},{&quot;accountno&quot;:&quot;TA-N0300&quot;,&quot;departmentno&quot;:&quot;10&quot;,&quot;salary&quot;:&quot;800000&quot;,&quot;pincode&quot;:&quot;111222&quot;,&quot;userid&quot;:&quot;taGX4XQQfXD3Z76sI1Xn&quot;,&quot;id&quot;:&quot;yTnRs9cCvBdMWYBONF7l&quot;},{&quot;accountno&quot;:&quot;TA-N0100&quot;,&quot;departmentno&quot;:&quot;1&quot;,&quot;salary&quot;:&quot;600000&quot;,&quot;pincode&quot;:&quot;111222&quot;,&quot;userid&quot;:&quot;taGX4XQQfXD3Z76sI1Xn&quot;,&quot;id&quot;:&quot;V6QD0uKTOxtk7AMWeR7Z&quot;},{&quot;accountno&quot;:&quot;TA-N004&quot;,&quot;departmentno&quot;:&quot;111&quot;,&quot;salary&quot;:&quot;6000&quot;,&quot;pincode&quot;:&quot;111222&quot;,&quot;userid&quot;:&quot;taGX4XQQfXD3Z76sI1Xn&quot;,&quot;id&quot;:&quot;LQmL4tJ9THzkhJUlz66Q&quot;},{&quot;accountno&quot;:&quot;TA-N000&quot;,&quot;departmentno&quot;:&quot;1&quot;,&quot;salary&quot;:&quot;1200000&quot;,&quot;pincode&quot;:&quot;111222&quot;,&quot;userid&quot;:&quot;taGX4XQQfXD3Z76sI1Xn&quot;,&quot;id&quot;:&quot;5e3pGAH2D7ePm58cGh76&quot;},{&quot;accountno&quot;:&quot;TA-N001&quot;,&quot;departmentno&quot;:&quot;10&quot;,&quot;salary&quot;:&quot;1200&quot;,&quot;pincode&quot;:&quot;111222&quot;,&quot;userid&quot;:&quot;taGX4XQQfXD3Z76sI1Xn&quot;,&quot;id&quot;:&quot;j29f1jCRHOcEWzjAZAda&quot;},{&quot;accountno&quot;:&quot;TA-N123&quot;,&quot;departmentno&quot;:&quot;10&quot;,&quot;salary&quot;:&quot;1200&quot;,&quot;pincode&quot;:&quot;111222&quot;,&quot;userid&quot;:&quot;taGX4XQQfXD3Z76sI1Xn&quot;,&quot;id&quot;:&quot;WroDS6Gou31APmiqyogs&quot;},{&quot;accountno&quot;:&quot;TA-RustamL&quot;,&quot;departmentno&quot;:&quot;9&quot;,&quot;salary&quot;:&quot;80000&quot;,&quot;pincode&quot;:&quot;123456&quot;,&quot;userid&quot;:&quot;9OdJY3EXV8AWo8wcrnG2&quot;,&quot;id&quot;:&quot;x50ZuvEu3rlcbJVdYfAa&quot;},{&quot;accountno&quot;:&quot;TA-1234567&quot;,&quot;departmentno&quot;:&quot;1&quot;,&quot;salary&quot;:&quot;10&quot;,&quot;pincode&quot;:&quot;123456&quot;,&quot;userid&quot;:&quot;taGX4XQQfXD3Z76sI1Xn&quot;,&quot;id&quot;:&quot;TxxR98RQflOn57NudWLE&quot;},{&quot;accountno&quot;:&quot;TA-5laksh5&quot;,&quot;departmentno&quot;:&quot;5&quot;,&quot;salary&quot;:&quot;1200000&quot;,&quot;pincode&quot;:&quot;121212&quot;,&quot;userid&quot;:&quot;aOR5IhOLYg5bk2VVYakp&quot;,&quot;id&quot;:&quot;9Bq3hpv30476S3apCif4&quot;},{&quot;accountno&quot;:&quot;TA-1234344&quot;,&quot;departmentno&quot;:&quot;6&quot;,&quot;salary&quot;:&quot;234234&quot;,&quot;pincode&quot;:&quot;453245&quot;,&quot;userid&quot;:&quot;taGX4XQQfXD3Z76sI1Xn&quot;,&quot;id&quot;:&quot;ocBu62WJMiR2tlcDXT0U&quot;},{&quot;accountno&quot;:&quot;TA-3lakshm&quot;,&quot;departmentno&quot;:&quot;6&quot;,&quot;salary&quot;:&quot;1200&quot;,&quot;pincode&quot;:&quot;121212&quot;,&quot;userid&quot;:&quot;aOR5IhOLYg5bk2VVYakp&quot;,&quot;id&quot;:&quot;L1ZIfP9f6f6jyLwYq083&quot;},{&quot;accountno&quot;:&quot;TA-5lksmn&quot;,&quot;departmentno&quot;:&quot;9&quot;,&quot;salary&quot;:&quot;555998&quot;,&quot;pincode&quot;:&quot;222222&quot;,&quot;userid&quot;:&quot;aOR5IhOLYg5bk2VVYakp&quot;,&quot;id&quot;:&quot;OyPnlNIpIHx9Q5gcFdtU&quot;},{&quot;accountno&quot;:&quot;TA-Rest123&quot;,&quot;departmentno&quot;:&quot;6&quot;,&quot;salary&quot;:&quot;1200&quot;,&quot;pincode&quot;:&quot;560043&quot;,&quot;userid&quot;:&quot;taGX4XQQfXD3Z76sI1Xn&quot;,&quot;id&quot;:&quot;IPfFcHL0vwpWTnNSonWf&quot;},{&quot;accountno&quot;:&quot;TA-RestApi&quot;,&quot;departmentno&quot;:&quot;5&quot;,&quot;salary&quot;:&quot;12000&quot;,&quot;pincode&quot;:&quot;560005&quot;,&quot;userid&quot;:&quot;taGX4XQQfXD3Z76sI1Xn&quot;,&quot;id&quot;:&quot;ayNY6R6LzekqdzCjtdD9&quot;},{&quot;accountno&quot;:&quot;TA-RestApi&quot;,&quot;departmentno&quot;:&quot;5&quot;,&quot;salary&quot;:&quot;12000&quot;,&quot;pincode&quot;:&quot;560005&quot;,&quot;userid&quot;:&quot;taGX4XQQfXD3Z76sI1Xn&quot;,&quot;id&quot;:&quot;8aLPmCGJdYVSRfDEkBhV&quot;},{&quot;accountno&quot;:&quot;TA-ojhshw4&quot;,&quot;departmentno&quot;:&quot;2&quot;,&quot;salary&quot;:&quot;500000&quot;,&quot;pincode&quot;:&quot;200000&quot;,&quot;userid&quot;:&quot;8FgZY2oyrdCqdtSIxvXR&quot;,&quot;id&quot;:&quot;pPB3hWbnH6hTvl79NYpQ&quot;},{&quot;accountno&quot;:&quot;TA-ojhshw4&quot;,&quot;departmentno&quot;:&quot;2&quot;,&quot;salary&quot;:&quot;500000&quot;,&quot;pincode&quot;:&quot;200000&quot;,&quot;userid&quot;:&quot;8FgZY2oyrdCqdtSIxvXR&quot;,&quot;id&quot;:&quot;4lNKC5LSDMGKNlvgEbva&quot;},{&quot;accountno&quot;:&quot;TA-ojhshw4&quot;,&quot;departmentno&quot;:&quot;2&quot;,&quot;salary&quot;:&quot;500000&quot;,&quot;pincode&quot;:&quot;200000&quot;,&quot;userid&quot;:&quot;8FgZY2oyrdCqdtSIxvXR&quot;,&quot;id&quot;:&quot;0c3SDBFGL33D3xE2KQ3a&quot;},{&quot;accountno&quot;:&quot;TA-ojhshw4&quot;,&quot;departmentno&quot;:&quot;2&quot;,&quot;salary&quot;:&quot;500000&quot;,&quot;pincode&quot;:&quot;200000&quot;,&quot;userid&quot;:&quot;8FgZY2oyrdCqdtSIxvXR&quot;,&quot;id&quot;:&quot;BMkRtXJPyGI8SNIKVQiT&quot;},{&quot;accountno&quot;:&quot;TA-ojhshw4&quot;,&quot;departmentno&quot;:&quot;2&quot;,&quot;salary&quot;:&quot;500000&quot;,&quot;pincode&quot;:&quot;200000&quot;,&quot;userid&quot;:&quot;8FgZY2oyrdCqdtSIxvXR&quot;,&quot;id&quot;:&quot;OvKggQR9876pxu7WY8BN&quot;},{&quot;accountno&quot;:&quot;TA-ojhshw4&quot;,&quot;departmentno&quot;:&quot;2&quot;,&quot;salary&quot;:&quot;500000&quot;,&quot;pincode&quot;:&quot;200000&quot;,&quot;userid&quot;:&quot;8FgZY2oyrdCqdtSIxvXR&quot;,&quot;id&quot;:&quot;nMcLlsTme079jxH2A1xa&quot;},{&quot;accountno&quot;:&quot;TA-ojhshw4&quot;,&quot;departmentno&quot;:&quot;2&quot;,&quot;salary&quot;:&quot;500000&quot;,&quot;pincode&quot;:&quot;200000&quot;,&quot;userid&quot;:&quot;8FgZY2oyrdCqdtSIxvXR&quot;,&quot;id&quot;:&quot;GodJYMkekq9lSwGxmvi5&quot;},{&quot;accountno&quot;:&quot;TA-ojhshw4&quot;,&quot;departmentno&quot;:&quot;2&quot;,&quot;salary&quot;:&quot;500000&quot;,&quot;pincode&quot;:&quot;200000&quot;,&quot;userid&quot;:&quot;8FgZY2oyrdCqdtSIxvXR&quot;,&quot;id&quot;:&quot;nQcnpDceHCJR9MM8oIvA&quot;},{&quot;accountno&quot;:&quot;TA-ojhshw4&quot;,&quot;departmentno&quot;:&quot;2&quot;,&quot;salary&quot;:&quot;500000&quot;,&quot;pincode&quot;:&quot;200000&quot;,&quot;userid&quot;:&quot;8FgZY2oyrdCqdtSIxvXR&quot;,&quot;id&quot;:&quot;W83xvzM0Zjjey6zybIlD&quot;},{&quot;accountno&quot;:&quot;TA-ojhshw4&quot;,&quot;departmentno&quot;:&quot;2&quot;,&quot;salary&quot;:&quot;500000&quot;,&quot;pincode&quot;:&quot;200000&quot;,&quot;userid&quot;:&quot;8FgZY2oyrdCqdtSIxvXR&quot;,&quot;id&quot;:&quot;SbSfV6gWMyStCMP48fro&quot;},{&quot;accountno&quot;:&quot;Sam0.4s7xgl1je42&quot;,&quot;departmentno&quot;:&quot;global123&quot;,&quot;salary&quot;:&quot;232323&quot;,&quot;pincode&quot;:&quot;55555&quot;,&quot;userid&quot;:&quot;r7Xs7rIWPFLpdqJqxV8J&quot;,&quot;id&quot;:&quot;6KNnUBR6AZKOcb21De1C&quot;},{&quot;accountno&quot;:&quot;Sam0.h70muyi7jjc&quot;,&quot;departmentno&quot;:&quot;global123&quot;,&quot;salary&quot;:&quot;232323&quot;,&quot;pincode&quot;:&quot;55555&quot;,&quot;userid&quot;:&quot;r7Xs7rIWPFLpdqJqxV8J&quot;,&quot;id&quot;:&quot;VjNRU6nlAe7W1qRwvuFT&quot;},{&quot;accountno&quot;:&quot;Sam0.1ecmzvz5izd&quot;,&quot;departmentno&quot;:&quot;global123&quot;,&quot;salary&quot;:&quot;232323&quot;,&quot;pincode&quot;:&quot;55555&quot;,&quot;userid&quot;:&quot;r7Xs7rIWPFLpdqJqxV8J&quot;,&quot;id&quot;:&quot;M7eCSLZJyjQOCDhqpE7S&quot;},{&quot;accountno&quot;:&quot;Sam0.4gmg3kkqs0w&quot;,&quot;departmentno&quot;:&quot;global123&quot;,&quot;salary&quot;:&quot;232323&quot;,&quot;pincode&quot;:&quot;55555&quot;,&quot;userid&quot;:&quot;r7Xs7rIWPFLpdqJqxV8J&quot;,&quot;id&quot;:&quot;FfmlrGk5ga82Vrzl6kyV&quot;},{&quot;accountno&quot;:&quot;Sam0.zwujtneaqxd&quot;,&quot;departmentno&quot;:&quot;global123&quot;,&quot;salary&quot;:&quot;232323&quot;,&quot;pincode&quot;:&quot;55555&quot;,&quot;userid&quot;:&quot;r7Xs7rIWPFLpdqJqxV8J&quot;,&quot;id&quot;:&quot;sH3DSY4UoFqAq2T0v7Qi&quot;},{&quot;accountno&quot;:&quot;Sam0.uuaa02784wj&quot;,&quot;departmentno&quot;:&quot;global123&quot;,&quot;salary&quot;:&quot;232323&quot;,&quot;pincode&quot;:&quot;55555&quot;,&quot;userid&quot;:&quot;r7Xs7rIWPFLpdqJqxV8J&quot;,&quot;id&quot;:&quot;qQ71UypVmKadG0oUDZnL&quot;},{&quot;accountno&quot;:&quot;7hll9hc06gsam&quot;,&quot;departmentno&quot;:&quot;global123&quot;,&quot;salary&quot;:&quot;232323&quot;,&quot;pincode&quot;:&quot;55555&quot;,&quot;userid&quot;:&quot;r7Xs7rIWPFLpdqJqxV8J&quot;,&quot;id&quot;:&quot;JIZxeBdEnf2FUAwMD7gK&quot;},{&quot;accountno&quot;:&quot;ction random() { [native code] }sam&quot;,&quot;departmentno&quot;:&quot;global123&quot;,&quot;salary&quot;:&quot;232323&quot;,&quot;pincode&quot;:&quot;55555&quot;,&quot;userid&quot;:&quot;r7Xs7rIWPFLpdqJqxV8J&quot;,&quot;id&quot;:&quot;v5Byg4u0c2y2ZrpKg8hX&quot;},{&quot;accountno&quot;:&quot;random12&quot;,&quot;departmentno&quot;:&quot;global123&quot;,&quot;salary&quot;:&quot;232323&quot;,&quot;pincode&quot;:&quot;55555&quot;,&quot;userid&quot;:&quot;r7Xs7rIWPFLpdqJqxV8J&quot;,&quot;id&quot;:&quot;fFrsDjo2jW0sOyZTnLSX&quot;},{&quot;accountno&quot;:&quot;random&quot;,&quot;departmentno&quot;:&quot;global123&quot;,&quot;salary&quot;:&quot;232323&quot;,&quot;pincode&quot;:&quot;55555&quot;,&quot;userid&quot;:&quot;r7Xs7rIWPFLpdqJqxV8J&quot;,&quot;id&quot;:&quot;FGQ435fZ56aWmDQtSI67&quot;},{&quot;accountno&quot;:&quot;null&quot;,&quot;departmentno&quot;:&quot;global123&quot;,&quot;salary&quot;:&quot;232323&quot;,&quot;pincode&quot;:&quot;55555&quot;,&quot;userid&quot;:&quot;r7Xs7rIWPFLpdqJqxV8J&quot;,&quot;id&quot;:&quot;zRzTo4aQ0kMdSU8mU46V&quot;},{&quot;accountno&quot;:&quot;null&quot;,&quot;departmentno&quot;:&quot;global123&quot;,&quot;salary&quot;:&quot;232323&quot;,&quot;pincode&quot;:&quot;55555&quot;,&quot;userid&quot;:&quot;r7Xs7rIWPFLpdqJqxV8J&quot;,&quot;id&quot;:&quot;BbTFyx3GNuCRcBLMYzms&quot;},{&quot;accountno&quot;:&quot;function random() { [native code] }&quot;,&quot;departmentno&quot;:&quot;global123&quot;,&quot;salary&quot;:&quot;232323&quot;,&quot;pincode&quot;:&quot;55555&quot;,&quot;userid&quot;:&quot;r7Xs7rIWPFLpdqJqxV8J&quot;,&quot;id&quot;:&quot;JQHNdvihXubbqRrMGYps&quot;},{&quot;accountno&quot;:&quot;function random() { [native code] }&quot;,&quot;departmentno&quot;:&quot;global123&quot;,&quot;salary&quot;:&quot;232323&quot;,&quot;pincode&quot;:&quot;55555&quot;,&quot;userid&quot;:&quot;r7Xs7rIWPFLpdqJqxV8J&quot;,&quot;id&quot;:&quot;tOiwY9El1I7C5YQZhdig&quot;},{&quot;accountno&quot;:&quot;function random() { [native code] }&quot;,&quot;departmentno&quot;:&quot;global123&quot;,&quot;salary&quot;:&quot;232323&quot;,&quot;pincode&quot;:&quot;666666&quot;,&quot;userid&quot;:&quot;r7Xs7rIWPFLpdqJqxV8J&quot;,&quot;id&quot;:&quot;QwoAoUMWFl4gKuWVq5Dj&quot;},{&quot;accountno&quot;:&quot;null&quot;,&quot;departmentno&quot;:&quot;global123&quot;,&quot;salary&quot;:&quot;232323&quot;,&quot;pincode&quot;:&quot;666666&quot;,&quot;userid&quot;:&quot;r7Xs7rIWPFLpdqJqxV8J&quot;,&quot;id&quot;:&quot;oGilYqnfW4miNsISHBjw&quot;},{&quot;accountno&quot;:&quot;null&quot;,&quot;departmentno&quot;:&quot;global123&quot;,&quot;salary&quot;:&quot;232323&quot;,&quot;pincode&quot;:&quot;666666&quot;,&quot;userid&quot;:&quot;r7Xs7rIWPFLpdqJqxV8J&quot;,&quot;id&quot;:&quot;tL676fMeP6kZzoHFyT29&quot;},{&quot;accountno&quot;:&quot;function random() { [native code] }&quot;,&quot;departmentno&quot;:&quot;global123&quot;,&quot;salary&quot;:&quot;232323&quot;,&quot;pincode&quot;:&quot;666666&quot;,&quot;userid&quot;:&quot;r7Xs7rIWPFLpdqJqxV8J&quot;,&quot;id&quot;:&quot;iqYqaHgPGzSJMPQNJe1L&quot;},{&quot;accountno&quot;:&quot;accountno&quot;,&quot;departmentno&quot;:&quot;global123&quot;,&quot;salary&quot;:&quot;232323&quot;,&quot;pincode&quot;:&quot;666666&quot;,&quot;userid&quot;:&quot;r7Xs7rIWPFLpdqJqxV8J&quot;,&quot;id&quot;:&quot;nOOOHiILumAfGSxO07Vw&quot;},{&quot;accountno&quot;:&quot;Sam12345&quot;,&quot;departmentno&quot;:&quot;global123&quot;,&quot;salary&quot;:&quot;232323&quot;,&quot;pincode&quot;:&quot;666666&quot;,&quot;userid&quot;:&quot;r7Xs7rIWPFLpdqJqxV8J&quot;,&quot;id&quot;:&quot;b9te5jEsmjKiiFLsOdrL&quot;},{&quot;accountno&quot;:&quot;25252424&quot;,&quot;departmentno&quot;:&quot;55&quot;,&quot;salary&quot;:&quot;232323&quot;,&quot;pincode&quot;:&quot;666666&quot;,&quot;userid&quot;:&quot;r7Xs7rIWPFLpdqJqxV8J&quot;,&quot;id&quot;:&quot;Or1WxJ5tO37TmSIwjntG&quot;},{&quot;accountno&quot;:&quot;Anil123&quot;,&quot;departmentno&quot;:&quot;sales&quot;,&quot;salary&quot;:&quot;40000&quot;,&quot;pincode&quot;:&quot;343434&quot;,&quot;userid&quot;:&quot;r7Xs7rIWPFLpdqJqxV8J&quot;,&quot;id&quot;:&quot;lKhHonST5nKQFBmauO5K&quot;},{&quot;accountno&quot;:&quot;88888888&quot;,&quot;departmentno&quot;:&quot;8&quot;,&quot;salary&quot;:&quot;8000&quot;,&quot;pincode&quot;:&quot;888888&quot;,&quot;userid&quot;:&quot;kHacG2IP7Olqmq1CLFho&quot;,&quot;id&quot;:&quot;9u0Mg7DAsWQ8vhKzc4Gi&quot;},{&quot;accountno&quot;:&quot;44444444&quot;,&quot;departmentno&quot;:&quot;4&quot;,&quot;salary&quot;:&quot;4000&quot;,&quot;pincode&quot;:&quot;444444&quot;,&quot;userid&quot;:&quot;kHacG2IP7Olqmq1CLFho&quot;,&quot;id&quot;:&quot;NTeQboypBgtBUaxeFGi0&quot;},{&quot;accountno&quot;:&quot;88884491&quot;,&quot;departmentno&quot;:&quot;1&quot;,&quot;salary&quot;:&quot;4000&quot;,&quot;pincode&quot;:&quot;763291&quot;,&quot;userid&quot;:&quot;kHacG2IP7Olqmq1CLFho&quot;,&quot;id&quot;:&quot;wI71UEoFoBcNcvk7zibA&quot;},{&quot;accountno&quot;:&quot;88884491&quot;,&quot;departmentno&quot;:&quot;1&quot;,&quot;salary&quot;:&quot;4000&quot;,&quot;pincode&quot;:&quot;763291&quot;,&quot;userid&quot;:&quot;kHacG2IP7Olqmq1CLFho&quot;,&quot;id&quot;:&quot;oc6McjULH0ouWbqkrfkM&quot;},{&quot;accountno&quot;:&quot;44444444&quot;,&quot;departmentno&quot;:&quot;4&quot;,&quot;salary&quot;:&quot;4000&quot;,&quot;pincode&quot;:&quot;444444&quot;,&quot;userid&quot;:&quot;kHacG2IP7Olqmq1CLFho&quot;,&quot;id&quot;:&quot;k5cxXGa4ODZaaeM54ujN&quot;},{&quot;accountno&quot;:&quot;44444444&quot;,&quot;departmentno&quot;:&quot;4&quot;,&quot;salary&quot;:&quot;4000&quot;,&quot;pincode&quot;:&quot;444444&quot;,&quot;userid&quot;:&quot;kHacG2IP7Olqmq1CLFho&quot;,&quot;id&quot;:&quot;1KHFXWHMDyiFGHbgUVhh&quot;},{&quot;accountno&quot;:&quot;44444444&quot;,&quot;departmentno&quot;:&quot;4&quot;,&quot;salary&quot;:&quot;4000&quot;,&quot;pincode&quot;:&quot;444444&quot;,&quot;userid&quot;:&quot;kHacG2IP7Olqmq1CLFho&quot;,&quot;id&quot;:&quot;E9VkT0Y2I7fKgfzcPwLf&quot;},{&quot;accountno&quot;:&quot;44444444&quot;,&quot;departmentno&quot;:&quot;4&quot;,&quot;salary&quot;:&quot;4000&quot;,&quot;pincode&quot;:&quot;444444&quot;,&quot;userid&quot;:&quot;kHacG2IP7Olqmq1CLFho&quot;,&quot;id&quot;:&quot;n02bJoSdLjxOgp3cA4hR&quot;},{&quot;accountno&quot;:&quot;44444444&quot;,&quot;departmentno&quot;:&quot;4&quot;,&quot;salary&quot;:&quot;4000&quot;,&quot;pincode&quot;:&quot;444444&quot;,&quot;userid&quot;:&quot;kHacG2IP7Olqmq1CLFho&quot;,&quot;id&quot;:&quot;uhAaFHGCjne7ebBsmpCs&quot;},{&quot;accountno&quot;:&quot;88884491&quot;,&quot;departmentno&quot;:&quot;1&quot;,&quot;salary&quot;:&quot;4000&quot;,&quot;pincode&quot;:&quot;763291&quot;,&quot;userid&quot;:&quot;kHacG2IP7Olqmq1CLFho&quot;,&quot;id&quot;:&quot;JASzrTtRP4cKnM710igB&quot;},{&quot;accountno&quot;:&quot;44444444&quot;,&quot;departmentno&quot;:&quot;4&quot;,&quot;salary&quot;:&quot;4000&quot;,&quot;pincode&quot;:&quot;444444&quot;,&quot;userid&quot;:&quot;kHacG2IP7Olqmq1CLFho&quot;,&quot;id&quot;:&quot;yGtZhZV5Th6AfHEyHqVM&quot;},{&quot;accountno&quot;:&quot;88888888&quot;,&quot;departmentno&quot;:&quot;8&quot;,&quot;salary&quot;:&quot;8000&quot;,&quot;pincode&quot;:&quot;888888&quot;,&quot;userid&quot;:&quot;kHacG2IP7Olqmq1CLFho&quot;,&quot;id&quot;:&quot;hKIOXm2TSepZXpjoyJK6&quot;},{&quot;accountno&quot;:&quot;44444444&quot;,&quot;departmentno&quot;:&quot;4&quot;,&quot;salary&quot;:&quot;4000&quot;,&quot;pincode&quot;:&quot;444444&quot;,&quot;userid&quot;:&quot;kHacG2IP7Olqmq1CLFho&quot;,&quot;id&quot;:&quot;4eS2ymYnKeTHMWtkrYlw&quot;},{&quot;accountno&quot;:&quot;88888888&quot;,&quot;departmentno&quot;:&quot;8&quot;,&quot;salary&quot;:&quot;8000&quot;,&quot;pincode&quot;:&quot;888888&quot;,&quot;userid&quot;:&quot;kHacG2IP7Olqmq1CLFho&quot;,&quot;id&quot;:&quot;gVyah6wtygV5gg38WFZ0&quot;},{&quot;accountno&quot;:&quot;44444444&quot;,&quot;departmentno&quot;:&quot;4&quot;,&quot;salary&quot;:&quot;4000&quot;,&quot;pincode&quot;:&quot;444444&quot;,&quot;userid&quot;:&quot;kHacG2IP7Olqmq1CLFho&quot;,&quot;id&quot;:&quot;lSkm3k3rmo5FOij3Pi2o&quot;},{&quot;accountno&quot;:&quot;88888888&quot;,&quot;departmentno&quot;:&quot;8&quot;,&quot;salary&quot;:&quot;8000&quot;,&quot;pincode&quot;:&quot;888888&quot;,&quot;userid&quot;:&quot;kHacG2IP7Olqmq1CLFho&quot;,&quot;id&quot;:&quot;ZuJF7CWhNkBTNZt9S9yU&quot;},{&quot;accountno&quot;:&quot;44444444&quot;,&quot;departmentno&quot;:&quot;4&quot;,&quot;salary&quot;:&quot;4000&quot;,&quot;pincode&quot;:&quot;444444&quot;,&quot;userid&quot;:&quot;kHacG2IP7Olqmq1CLFho&quot;,&quot;id&quot;:&quot;1qom5pFW1q3q56eRXZYN&quot;},{&quot;accountno&quot;:&quot;88888888&quot;,&quot;departmentno&quot;:&quot;8&quot;,&quot;salary&quot;:&quot;8000&quot;,&quot;pincode&quot;:&quot;888888&quot;,&quot;userid&quot;:&quot;kHacG2IP7Olqmq1CLFho&quot;,&quot;id&quot;:&quot;jmAZrKusEozAz3quWzaL&quot;},{&quot;accountno&quot;:&quot;44444444&quot;,&quot;departmentno&quot;:&quot;4&quot;,&quot;salary&quot;:&quot;4000&quot;,&quot;pincode&quot;:&quot;444444&quot;,&quot;userid&quot;:&quot;kHacG2IP7Olqmq1CLFho&quot;,&quot;id&quot;:&quot;MZcrUpTFZLhr0BiCEGNQ&quot;},{&quot;accountno&quot;:&quot;88888888&quot;,&quot;departmentno&quot;:&quot;8&quot;,&quot;salary&quot;:&quot;8000&quot;,&quot;pincode&quot;:&quot;888888&quot;,&quot;userid&quot;:&quot;kHacG2IP7Olqmq1CLFho&quot;,&quot;id&quot;:&quot;FiccTwKUHaoDQ2ZCkFG1&quot;},{&quot;accountno&quot;:&quot;44444444&quot;,&quot;departmentno&quot;:&quot;4&quot;,&quot;salary&quot;:&quot;4000&quot;,&quot;pincode&quot;:&quot;444444&quot;,&quot;userid&quot;:&quot;kHacG2IP7Olqmq1CLFho&quot;,&quot;id&quot;:&quot;nXELZVbWw3HY2RThl6W0&quot;},{&quot;accountno&quot;:&quot;99999123&quot;,&quot;departmentno&quot;:&quot;1&quot;,&quot;salary&quot;:&quot;5333&quot;,&quot;pincode&quot;:&quot;901234&quot;,&quot;userid&quot;:&quot;kHacG2IP7Olqmq1CLFho&quot;,&quot;id&quot;:&quot;Dokccg6cPnurFouGzuVS&quot;},{&quot;accountno&quot;:&quot;88884491&quot;,&quot;departmentno&quot;:&quot;1&quot;,&quot;salary&quot;:&quot;4000&quot;,&quot;pincode&quot;:&quot;763291&quot;,&quot;userid&quot;:&quot;kHacG2IP7Olqmq1CLFho&quot;,&quot;id&quot;:&quot;qXjzE16S9aqAmkZ78oPV&quot;},{&quot;accountno&quot;:&quot;88884491&quot;,&quot;departmentno&quot;:&quot;1&quot;,&quot;salary&quot;:&quot;4000&quot;,&quot;pincode&quot;:&quot;763291&quot;,&quot;userid&quot;:&quot;kHacG2IP7Olqmq1CLFho&quot;,&quot;id&quot;:&quot;eq8VZlIics5Ikn819AQ3&quot;},{&quot;accountno&quot;:&quot;88884491&quot;,&quot;departmentno&quot;:&quot;1&quot;,&quot;salary&quot;:&quot;4000&quot;,&quot;pincode&quot;:&quot;763291&quot;,&quot;userid&quot;:&quot;kHacG2IP7Olqmq1CLFho&quot;,&quot;id&quot;:&quot;ioUxKd8p0lXKP51rgWj7&quot;},{&quot;accountno&quot;:&quot;88884491&quot;,&quot;departmentno&quot;:&quot;1&quot;,&quot;salary&quot;:&quot;4000&quot;,&quot;pincode&quot;:&quot;763291&quot;,&quot;userid&quot;:&quot;kHacG2IP7Olqmq1CLFho&quot;,&quot;id&quot;:&quot;ptm2acw2SELuPzlWiMet&quot;},{&quot;accountno&quot;:&quot;88884491&quot;,&quot;departmentno&quot;:&quot;1&quot;,&quot;salary&quot;:&quot;4000&quot;,&quot;pincode&quot;:&quot;763291&quot;,&quot;userid&quot;:&quot;kHacG2IP7Olqmq1CLFho&quot;,&quot;id&quot;:&quot;QduVyI0PtT1bE4NliYxc&quot;},{&quot;accountno&quot;:&quot;88884491&quot;,&quot;departmentno&quot;:&quot;1&quot;,&quot;salary&quot;:&quot;4000&quot;,&quot;pincode&quot;:&quot;763291&quot;,&quot;userid&quot;:&quot;kHacG2IP7Olqmq1CLFho&quot;,&quot;id&quot;:&quot;aH3jfxLeKS43gQzGa4jS&quot;},{&quot;accountno&quot;:&quot;88884491&quot;,&quot;departmentno&quot;:&quot;1&quot;,&quot;salary&quot;:&quot;4000&quot;,&quot;pincode&quot;:&quot;763291&quot;,&quot;userid&quot;:&quot;kHacG2IP7Olqmq1CLFho&quot;,&quot;id&quot;:&quot;v6yT9y3buZ1r9Nf96Ap7&quot;},{&quot;accountno&quot;:&quot;88884491&quot;,&quot;departmentno&quot;:&quot;1&quot;,&quot;salary&quot;:&quot;4000&quot;,&quot;pincode&quot;:&quot;763291&quot;,&quot;userid&quot;:&quot;kHacG2IP7Olqmq1CLFho&quot;,&quot;id&quot;:&quot;AElOrb4mTjFIugggCGgb&quot;},{&quot;accountno&quot;:&quot;88884491&quot;,&quot;departmentno&quot;:&quot;1&quot;,&quot;salary&quot;:&quot;4000&quot;,&quot;pincode&quot;:&quot;763291&quot;,&quot;userid&quot;:&quot;kHacG2IP7Olqmq1CLFho&quot;,&quot;id&quot;:&quot;Pqp9DA5edJGbsNYukq61&quot;},{&quot;accountno&quot;:&quot;88884491&quot;,&quot;departmentno&quot;:&quot;1&quot;,&quot;salary&quot;:&quot;4000&quot;,&quot;pincode&quot;:&quot;763291&quot;,&quot;userid&quot;:&quot;kHacG2IP7Olqmq1CLFho&quot;,&quot;id&quot;:&quot;cWb2HS56ZTleGdh4Ckcz&quot;},{&quot;accountno&quot;:&quot;88884491&quot;,&quot;departmentno&quot;:&quot;1&quot;,&quot;salary&quot;:&quot;4000&quot;,&quot;pincode&quot;:&quot;763291&quot;,&quot;userid&quot;:&quot;kHacG2IP7Olqmq1CLFho&quot;,&quot;id&quot;:&quot;7JBTZL2WLDukGhouV0Nu&quot;},{&quot;accountno&quot;:&quot;88884491&quot;,&quot;departmentno&quot;:&quot;1&quot;,&quot;salary&quot;:&quot;4000&quot;,&quot;pincode&quot;:&quot;763291&quot;,&quot;userid&quot;:&quot;kHacG2IP7Olqmq1CLFho&quot;,&quot;id&quot;:&quot;a0P5Uqllr5vW3Ld6HqDt&quot;},{&quot;accountno&quot;:&quot;88884491&quot;,&quot;departmentno&quot;:&quot;1&quot;,&quot;salary&quot;:&quot;4000&quot;,&quot;pincode&quot;:&quot;763291&quot;,&quot;userid&quot;:&quot;kHacG2IP7Olqmq1CLFho&quot;,&quot;id&quot;:&quot;pGSELuhztuIFbG0s0KJo&quot;},{&quot;accountno&quot;:&quot;88884491&quot;,&quot;departmentno&quot;:&quot;1&quot;,&quot;salary&quot;:&quot;4000&quot;,&quot;pincode&quot;:&quot;763291&quot;,&quot;userid&quot;:&quot;kHacG2IP7Olqmq1CLFho&quot;,&quot;id&quot;:&quot;VbakRA5fzUwlTfDI0VuA&quot;},{&quot;accountno&quot;:&quot;99999123&quot;,&quot;departmentno&quot;:&quot;1&quot;,&quot;salary&quot;:&quot;5333&quot;,&quot;pincode&quot;:&quot;901234&quot;,&quot;userid&quot;:&quot;kHacG2IP7Olqmq1CLFho&quot;,&quot;id&quot;:&quot;FbkkGRGHGzeklFRHuqCF&quot;},{&quot;accountno&quot;:&quot;88884491&quot;,&quot;departmentno&quot;:&quot;1&quot;,&quot;salary&quot;:&quot;4000&quot;,&quot;pincode&quot;:&quot;763291&quot;,&quot;userid&quot;:&quot;kHacG2IP7Olqmq1CLFho&quot;,&quot;id&quot;:&quot;j6gDSFJ9KFy3L3Qi4CRL&quot;},{&quot;accountno&quot;:&quot;99999123&quot;,&quot;departmentno&quot;:&quot;1&quot;,&quot;salary&quot;:&quot;5333&quot;,&quot;pincode&quot;:&quot;901234&quot;,&quot;userid&quot;:&quot;kHacG2IP7Olqmq1CLFho&quot;,&quot;id&quot;:&quot;iyGNhfZIm4KcG2r8aW1j&quot;},{&quot;accountno&quot;:&quot;88884491&quot;,&quot;departmentno&quot;:&quot;1&quot;,&quot;salary&quot;:&quot;4000&quot;,&quot;pincode&quot;:&quot;763291&quot;,&quot;userid&quot;:&quot;kHacG2IP7Olqmq1CLFho&quot;,&quot;id&quot;:&quot;XDVnv5gN16d5ovoNisjq&quot;},{&quot;accountno&quot;:&quot;99999123&quot;,&quot;departmentno&quot;:&quot;1&quot;,&quot;salary&quot;:&quot;5333&quot;,&quot;pincode&quot;:&quot;901234&quot;,&quot;userid&quot;:&quot;kHacG2IP7Olqmq1CLFho&quot;,&quot;id&quot;:&quot;qcvYR7UufEP6vEXsVQwb&quot;},{&quot;accountno&quot;:&quot;88884491&quot;,&quot;departmentno&quot;:&quot;1&quot;,&quot;salary&quot;:&quot;4000&quot;,&quot;pincode&quot;:&quot;763291&quot;,&quot;userid&quot;:&quot;kHacG2IP7Olqmq1CLFho&quot;,&quot;id&quot;:&quot;lI2nvPsU84TSrEZuBxL6&quot;},{&quot;accountno&quot;:&quot;99999123&quot;,&quot;departmentno&quot;:&quot;1&quot;,&quot;salary&quot;:&quot;5333&quot;,&quot;pincode&quot;:&quot;901234&quot;,&quot;userid&quot;:&quot;kHacG2IP7Olqmq1CLFho&quot;,&quot;id&quot;:&quot;OQFMhKFPZkjGgEbIP60L&quot;},{&quot;accountno&quot;:&quot;88884491&quot;,&quot;departmentno&quot;:&quot;1&quot;,&quot;salary&quot;:&quot;4000&quot;,&quot;pincode&quot;:&quot;763291&quot;,&quot;userid&quot;:&quot;kHacG2IP7Olqmq1CLFho&quot;,&quot;id&quot;:&quot;U46Hysqe2HtIlXmmWvD6&quot;},{&quot;accountno&quot;:&quot;99999123&quot;,&quot;departmentno&quot;:&quot;1&quot;,&quot;salary&quot;:&quot;5333&quot;,&quot;pincode&quot;:&quot;901234&quot;,&quot;userid&quot;:&quot;kHacG2IP7Olqmq1CLFho&quot;,&quot;id&quot;:&quot;YfZbAxeaHDurR2Cj6y7Z&quot;},{&quot;accountno&quot;:&quot;88884491&quot;,&quot;departmentno&quot;:&quot;1&quot;,&quot;salary&quot;:&quot;4000&quot;,&quot;pincode&quot;:&quot;763291&quot;,&quot;userid&quot;:&quot;kHacG2IP7Olqmq1CLFho&quot;,&quot;id&quot;:&quot;E7alQj7fKFRKpYSLqM56&quot;},{&quot;accountno&quot;:&quot;99999123&quot;,&quot;departmentno&quot;:&quot;1&quot;,&quot;salary&quot;:&quot;5333&quot;,&quot;pincode&quot;:&quot;901234&quot;,&quot;userid&quot;:&quot;kHacG2IP7Olqmq1CLFho&quot;,&quot;id&quot;:&quot;HLoy3ScXjo4BgV934Y27&quot;},{&quot;accountno&quot;:&quot;88884491&quot;,&quot;departmentno&quot;:&quot;1&quot;,&quot;salary&quot;:&quot;4000&quot;,&quot;pincode&quot;:&quot;763291&quot;,&quot;userid&quot;:&quot;kHacG2IP7Olqmq1CLFho&quot;,&quot;id&quot;:&quot;m1ZJCR649HW4WMi5ONGd&quot;},{&quot;accountno&quot;:&quot;99999123&quot;,&quot;departmentno&quot;:&quot;1&quot;,&quot;salary&quot;:&quot;5333&quot;,&quot;pincode&quot;:&quot;901234&quot;,&quot;userid&quot;:&quot;kHacG2IP7Olqmq1CLFho&quot;,&quot;id&quot;:&quot;KXT7OACpVl1mHpFTipUY&quot;},{&quot;accountno&quot;:&quot;88884491&quot;,&quot;departmentno&quot;:&quot;1&quot;,&quot;salary&quot;:&quot;4000&quot;,&quot;pincode&quot;:&quot;763291&quot;,&quot;userid&quot;:&quot;kHacG2IP7Olqmq1CLFho&quot;,&quot;id&quot;:&quot;z48fZynE7D85swHLMR2n&quot;},{&quot;accountno&quot;:&quot;99999123&quot;,&quot;departmentno&quot;:&quot;1&quot;,&quot;salary&quot;:&quot;5333&quot;,&quot;pincode&quot;:&quot;901234&quot;,&quot;userid&quot;:&quot;kHacG2IP7Olqmq1CLFho&quot;,&quot;id&quot;:&quot;3Q6dvgTMLhuNl50cLNeB&quot;},{&quot;accountno&quot;:&quot;88884491&quot;,&quot;departmentno&quot;:&quot;1&quot;,&quot;salary&quot;:&quot;4000&quot;,&quot;pincode&quot;:&quot;763291&quot;,&quot;userid&quot;:&quot;kHacG2IP7Olqmq1CLFho&quot;,&quot;id&quot;:&quot;tGwKfzqtqvUhL7Rneuhr&quot;},{&quot;accountno&quot;:&quot;99999123&quot;,&quot;departmentno&quot;:&quot;1&quot;,&quot;salary&quot;:&quot;5333&quot;,&quot;pincode&quot;:&quot;901234&quot;,&quot;userid&quot;:&quot;kHacG2IP7Olqmq1CLFho&quot;,&quot;id&quot;:&quot;jjFPDcmTPgXZDKX2TC3f&quot;},{&quot;accountno&quot;:&quot;88884491&quot;,&quot;departmentno&quot;:&quot;1&quot;,&quot;salary&quot;:&quot;4000&quot;,&quot;pincode&quot;:&quot;763291&quot;,&quot;userid&quot;:&quot;kHacG2IP7Olqmq1CLFho&quot;,&quot;id&quot;:&quot;KDgrt2GVdaiaZgJWk0ES&quot;},{&quot;accountno&quot;:&quot;99999123&quot;,&quot;departmentno&quot;:&quot;1&quot;,&quot;salary&quot;:&quot;5333&quot;,&quot;pincode&quot;:&quot;901234&quot;,&quot;userid&quot;:&quot;kHacG2IP7Olqmq1CLFho&quot;,&quot;id&quot;:&quot;BbtdjVIIWg84cpGEWHt2&quot;},{&quot;accountno&quot;:&quot;88884491&quot;,&quot;departmentno&quot;:&quot;1&quot;,&quot;salary&quot;:&quot;4000&quot;,&quot;pincode&quot;:&quot;763291&quot;,&quot;userid&quot;:&quot;kHacG2IP7Olqmq1CLFho&quot;,&quot;id&quot;:&quot;nPR2De7qyLmm8WVdMuuB&quot;},{&quot;accountno&quot;:&quot;w2w2w2w2w2w2w&quot;,&quot;departmentno&quot;:&quot;d3d3d3d3d&quot;,&quot;salary&quot;:&quot;3AAA&quot;,&quot;pincode&quot;:&quot;32we32ew &quot;,&quot;userid&quot;:&quot;5peqXdShya0PTZrXGvCk&quot;,&quot;id&quot;:&quot;7fKc8hDvmSxiJVwHmh5x&quot;},{&quot;accountno&quot;:&quot; &quot;,&quot;departmentno&quot;:&quot; &quot;,&quot;salary&quot;:&quot;3&quot;,&quot;pincode&quot;:&quot; &quot;,&quot;userid&quot;:&quot;5peqXdShya0PTZrXGvCk&quot;,&quot;id&quot;:&quot;O4YnZhZQO09d0HUEEwkW&quot;},{&quot;accountno&quot;:&quot;TA-3333333&quot;,&quot;departmentno&quot;:3,&quot;salary&quot;:3,&quot;pincode&quot;:333333,&quot;userid&quot;:&quot;5peqXdShya0PTZrXGvCk&quot;,&quot;id&quot;:&quot;wwmA0AlJQr1GGDTHBLpA&quot;},{&quot;accountno&quot;:&quot; &quot;,&quot;departmentno&quot;:&quot; &quot;,&quot;salary&quot;:&quot;3&quot;,&quot;pincode&quot;:&quot; &quot;,&quot;userid&quot;:&quot;5peqXdShya0PTZrXGvCk&quot;,&quot;id&quot;:&quot;RwwzQeIoxuE3cfsu7mmu&quot;},{&quot;accountno&quot;:&quot;TA-3333333&quot;,&quot;departmentno&quot;:3,&quot;salary&quot;:3,&quot;pincode&quot;:333333,&quot;userid&quot;:&quot;5peqXdShya0PTZrXGvCk&quot;,&quot;id&quot;:&quot;3lhkeotJpFyFuG9VSgoI&quot;},{&quot;accountno&quot;:&quot;mnmnmnmnmnmnmn&quot;,&quot;departmentno&quot;:&quot;cdcdcddcd&quot;,&quot;salary&quot;:&quot;bbAAA&quot;,&quot;pincode&quot;:&quot;klmnop &quot;,&quot;userid&quot;:&quot;5peqXdShya0PTZrXGvCk&quot;,&quot;id&quot;:&quot;GW12naWLGaKT4kd1VsPY&quot;},{&quot;accountno&quot;:&quot;w2w2w2w2w2w2w&quot;,&quot;departmentno&quot;:&quot;d3d3d3d3d&quot;,&quot;salary&quot;:&quot;3AAA&quot;,&quot;pincode&quot;:&quot;32we32ew &quot;,&quot;userid&quot;:&quot;5peqXdShya0PTZrXGvCk&quot;,&quot;id&quot;:&quot;pra1WZkNAOcbwnckFbdk&quot;},{&quot;accountno&quot;:&quot; &quot;,&quot;departmentno&quot;:&quot; &quot;,&quot;salary&quot;:&quot;3&quot;,&quot;pincode&quot;:&quot; &quot;,&quot;userid&quot;:&quot;5peqXdShya0PTZrXGvCk&quot;,&quot;id&quot;:&quot;eTsbTUUI8r3WFKokMqYs&quot;},{&quot;accountno&quot;:&quot;TA-3333333&quot;,&quot;departmentno&quot;:3,&quot;salary&quot;:3,&quot;pincode&quot;:333333,&quot;userid&quot;:&quot;5peqXdShya0PTZrXGvCk&quot;,&quot;id&quot;:&quot;TRP2tLnrPNRwdpmjEFVf&quot;},{&quot;accountno&quot;:&quot;mnmnmnmnmnmnmn&quot;,&quot;departmentno&quot;:&quot;cdcdcddcd&quot;,&quot;salary&quot;:&quot;bbAAA&quot;,&quot;pincode&quot;:&quot;klmnop &quot;,&quot;userid&quot;:&quot;5peqXdShya0PTZrXGvCk&quot;,&quot;id&quot;:&quot;KJVGwTK2vGdV9STDCGHg&quot;},{&quot;accountno&quot;:&quot;w2w2w2w2w2w2w&quot;,&quot;departmentno&quot;:&quot;d3d3d3d3d&quot;,&quot;salary&quot;:&quot;3AAA&quot;,&quot;pincode&quot;:&quot;32we32ew &quot;,&quot;userid&quot;:&quot;5peqXdShya0PTZrXGvCk&quot;,&quot;id&quot;:&quot;hEib8n1KQJM49UG2dDu6&quot;},{&quot;accountno&quot;:&quot; &quot;,&quot;departmentno&quot;:&quot; &quot;,&quot;salary&quot;:&quot;3&quot;,&quot;pincode&quot;:&quot; &quot;,&quot;userid&quot;:&quot;5peqXdShya0PTZrXGvCk&quot;,&quot;id&quot;:&quot;4JF7YH3aapdks35X1oCr&quot;},{&quot;accountno&quot;:&quot;TA-3333333&quot;,&quot;departmentno&quot;:3,&quot;salary&quot;:3,&quot;pincode&quot;:333333,&quot;userid&quot;:&quot;5peqXdShya0PTZrXGvCk&quot;,&quot;id&quot;:&quot;MjPEOdY6naTW6L9hoPm0&quot;},{&quot;accountno&quot;:&quot;mnmnmnmnmnmnmn&quot;,&quot;departmentno&quot;:&quot;cdcdcddcd&quot;,&quot;salary&quot;:&quot;bbAAA&quot;,&quot;pincode&quot;:&quot;klmnop &quot;,&quot;userid&quot;:&quot;5peqXdShya0PTZrXGvCk&quot;,&quot;id&quot;:&quot;DWuYJGeNeYyoTSU0wQNp&quot;},{&quot;accountno&quot;:&quot;w2w2w2w2w2w2w&quot;,&quot;departmentno&quot;:&quot;d3d3d3d3d&quot;,&quot;salary&quot;:&quot;3AAA&quot;,&quot;pincode&quot;:&quot;32we32ew &quot;,&quot;userid&quot;:&quot;5peqXdShya0PTZrXGvCk&quot;,&quot;id&quot;:&quot;bL2nrPXl8BCMFlyp4S0e&quot;},{&quot;accountno&quot;:&quot; &quot;,&quot;departmentno&quot;:&quot; &quot;,&quot;salary&quot;:&quot;3&quot;,&quot;pincode&quot;:&quot; &quot;,&quot;userid&quot;:&quot;5peqXdShya0PTZrXGvCk&quot;,&quot;id&quot;:&quot;9gCxnvfNjASTG25F8lwK&quot;},{&quot;accountno&quot;:&quot;TA-3333333&quot;,&quot;departmentno&quot;:3,&quot;salary&quot;:3,&quot;pincode&quot;:333333,&quot;userid&quot;:&quot;5peqXdShya0PTZrXGvCk&quot;,&quot;id&quot;:&quot;Vlw73HOqrehIUny4GfJy&quot;},{&quot;accountno&quot;:&quot; &quot;,&quot;departmentno&quot;:&quot; &quot;,&quot;salary&quot;:&quot;3&quot;,&quot;pincode&quot;:&quot; &quot;,&quot;userid&quot;:&quot;5peqXdShya0PTZrXGvCk&quot;,&quot;id&quot;:&quot;AFL62BommZHcA8u7vEOd&quot;},{&quot;accountno&quot;:&quot;TA-3333333&quot;,&quot;departmentno&quot;:3,&quot;salary&quot;:3,&quot;pincode&quot;:333333,&quot;userid&quot;:&quot;5peqXdShya0PTZrXGvCk&quot;,&quot;id&quot;:&quot;2wg9hajrlntOudxg68wE&quot;},{&quot;accountno&quot;:&quot;TA-9898989&quot;,&quot;departmentno&quot;:-114294964,&quot;salary&quot;:-114294964,&quot;pincode&quot;:&quot;444444&quot;,&quot;userid&quot;:&quot;5peqXdShya0PTZrXGvCk&quot;,&quot;id&quot;:&quot;KcrIWPHHiVwbdLcOyw5x&quot;},{&quot;accountno&quot;:&quot;TA-ojhshw4&quot;,&quot;departmentno&quot;:&quot;2&quot;,&quot;salary&quot;:&quot;500000&quot;,&quot;pincode&quot;:&quot;200000&quot;,&quot;userid&quot;:&quot;8FgZY2oyrdCqdtSIxvXR&quot;,&quot;id&quot;:&quot;Lq3tW8Yuuku16rTFsae0&quot;},{&quot;accountno&quot;:&quot;TA-ojhshw4&quot;,&quot;departmentno&quot;:&quot;2&quot;,&quot;salary&quot;:&quot;500000&quot;,&quot;pincode&quot;:&quot;200000&quot;,&quot;userid&quot;:&quot;8FgZY2oyrdCqdtSIxvXR&quot;,&quot;id&quot;:&quot;IXgVPVdDC3JmLu2JU8sP&quot;},{&quot;accountno&quot;:&quot;TA-ojhshw4&quot;,&quot;departmentno&quot;:&quot;2&quot;,&quot;salary&quot;:&quot;500000&quot;,&quot;pincode&quot;:&quot;200000&quot;,&quot;userid&quot;:&quot;8FgZY2oyrdCqdtSIxvXR&quot;,&quot;id&quot;:&quot;ELGy0Ky8NG93G08fC8Pw&quot;},{&quot;accountno&quot;:&quot;TA-ojhshw4&quot;,&quot;departmentno&quot;:&quot;2&quot;,&quot;salary&quot;:&quot;500000&quot;,&quot;pincode&quot;:&quot;200000&quot;,&quot;userid&quot;:&quot;8FgZY2oyrdCqdtSIxvXR&quot;,&quot;id&quot;:&quot;nv3eHLv3NgN8tuCkmQri&quot;},{&quot;accountno&quot;:&quot;TA-ojhshw4&quot;,&quot;departmentno&quot;:&quot;2&quot;,&quot;salary&quot;:&quot;500000&quot;,&quot;pincode&quot;:&quot;200000&quot;,&quot;userid&quot;:&quot;8FgZY2oyrdCqdtSIxvXR&quot;,&quot;id&quot;:&quot;ywqRYJC0TrCOu1tF1mgT&quot;},{&quot;accountno&quot;:&quot;TA-ojhshw4&quot;,&quot;departmentno&quot;:&quot;2&quot;,&quot;salary&quot;:&quot;500000&quot;,&quot;pincode&quot;:&quot;200000&quot;,&quot;userid&quot;:&quot;8FgZY2oyrdCqdtSIxvXR&quot;,&quot;id&quot;:&quot;oP7fieYfORTbqjNaJA00&quot;},{&quot;accountno&quot;:&quot;TA-ojhshw4&quot;,&quot;departmentno&quot;:&quot;2&quot;,&quot;salary&quot;:&quot;500000&quot;,&quot;pincode&quot;:&quot;200000&quot;,&quot;userid&quot;:&quot;8FgZY2oyrdCqdtSIxvXR&quot;,&quot;id&quot;:&quot;JeMhIucoqBwr91CBMWd1&quot;},{&quot;accountno&quot;:&quot;TA-ojhshw4&quot;,&quot;departmentno&quot;:&quot;2&quot;,&quot;salary&quot;:&quot;500000&quot;,&quot;pincode&quot;:&quot;200000&quot;,&quot;userid&quot;:&quot;8FgZY2oyrdCqdtSIxvXR&quot;,&quot;id&quot;:&quot;4uec9HQ9LyJXVvzM2Zib&quot;},{&quot;accountno&quot;:&quot;TA-ojhshw4&quot;,&quot;departmentno&quot;:&quot;2&quot;,&quot;salary&quot;:&quot;500000&quot;,&quot;pincode&quot;:&quot;200000&quot;,&quot;userid&quot;:&quot;8FgZY2oyrdCqdtSIxvXR&quot;,&quot;id&quot;:&quot;V0IYAfJa8O8OG58IBTNw&quot;},{&quot;accountno&quot;:&quot;TA-ojhshw4&quot;,&quot;departmentno&quot;:&quot;2&quot;,&quot;salary&quot;:&quot;500000&quot;,&quot;pincode&quot;:&quot;200000&quot;,&quot;userid&quot;:&quot;8FgZY2oyrdCqdtSIxvXR&quot;,&quot;id&quot;:&quot;Qov3dlBSQ03ggizvAVUq&quot;},{&quot;accountno&quot;:&quot;TA-ojhshw2&quot;,&quot;departmentno&quot;:&quot;2&quot;,&quot;salary&quot;:&quot;400000&quot;,&quot;pincode&quot;:&quot;200000&quot;,&quot;userid&quot;:&quot;8FgZY2oyrdCqdtSIxvXR&quot;,&quot;id&quot;:&quot;2apx3cdRvNL3crk1ooEB&quot;},{&quot;accountno&quot;:&quot;TA-ojhshw2&quot;,&quot;departmentno&quot;:&quot;2&quot;,&quot;salary&quot;:&quot;400000&quot;,&quot;pincode&quot;:&quot;200000&quot;,&quot;userid&quot;:&quot;8FgZY2oyrdCqdtSIxvXR&quot;,&quot;id&quot;:&quot;IFpT2lmX0K395FABsjIR&quot;},{&quot;accountno&quot;:&quot;TA-ojhshw2&quot;,&quot;departmentno&quot;:&quot;2&quot;,&quot;salary&quot;:&quot;400000&quot;,&quot;pincode&quot;:&quot;200000&quot;,&quot;userid&quot;:&quot;8FgZY2oyrdCqdtSIxvXR&quot;,&quot;id&quot;:&quot;HlT6aQ2vEsZHMaUcfXca&quot;},{&quot;accountno&quot;:&quot;TA-ojhshw2&quot;,&quot;departmentno&quot;:&quot;2&quot;,&quot;salary&quot;:&quot;400000&quot;,&quot;pincode&quot;:&quot;200000&quot;,&quot;userid&quot;:&quot;8FgZY2oyrdCqdtSIxvXR&quot;,&quot;id&quot;:&quot;3mltyn69PyS8Q8eB3kP5&quot;},{&quot;accountno&quot;:&quot;TA-ojhshw2&quot;,&quot;departmentno&quot;:&quot;2&quot;,&quot;salary&quot;:&quot;400000&quot;,&quot;pincode&quot;:&quot;200000&quot;,&quot;userid&quot;:&quot;8FgZY2oyrdCqdtSIxvXR&quot;,&quot;id&quot;:&quot;76gtqL8TwOpI1fGTjGxO&quot;},{&quot;accountno&quot;:&quot;TA-ShOjha&quot;,&quot;departmentno&quot;:9,&quot;salary&quot;:10,&quot;pincode&quot;:100000,&quot;userid&quot;:&quot;8FgZY2oyrdCqdtSIxvXR&quot;,&quot;id&quot;:&quot;BzN2pNUrOwoeKs5QvxFC&quot;},{&quot;accountno&quot;:&quot;TA-1119999&quot;,&quot;departmentno&quot;:&quot;1&quot;,&quot;salary&quot;:&quot;1&quot;,&quot;pincode&quot;:&quot;111111&quot;,&quot;userid&quot;:&quot;kHacG2IP7Olqmq1CLFho&quot;,&quot;id&quot;:&quot;5VofTVa0f8mCX0n0P6PI&quot;},{&quot;accountno&quot;:&quot;TA-1119999&quot;,&quot;departmentno&quot;:&quot;1&quot;,&quot;salary&quot;:&quot;1&quot;,&quot;pincode&quot;:&quot;111111&quot;,&quot;userid&quot;:&quot;kHacG2IP7Olqmq1CLFho&quot;,&quot;id&quot;:&quot;CMc6acn13EwZM5Y5xDE5&quot;},{&quot;accountno&quot;:&quot;TA-1119999&quot;,&quot;departmentno&quot;:&quot;1&quot;,&quot;salary&quot;:&quot;1&quot;,&quot;pincode&quot;:&quot;111111&quot;,&quot;userid&quot;:&quot;kHacG2IP7Olqmq1CLFho&quot;,&quot;id&quot;:&quot;4kGlzToBWoTxmVo8NYNU&quot;},{&quot;accountno&quot;:&quot;TA-1119999&quot;,&quot;departmentno&quot;:&quot;1&quot;,&quot;salary&quot;:&quot;1&quot;,&quot;pincode&quot;:&quot;111111&quot;,&quot;userid&quot;:&quot;kHacG2IP7Olqmq1CLFho&quot;,&quot;id&quot;:&quot;q9LvpUSeRIoWWhwqpyP2&quot;},{&quot;accountno&quot;:&quot;TA-1119999&quot;,&quot;departmentno&quot;:&quot;1&quot;,&quot;salary&quot;:&quot;1&quot;,&quot;pincode&quot;:&quot;111111&quot;,&quot;userid&quot;:&quot;kHacG2IP7Olqmq1CLFho&quot;,&quot;id&quot;:&quot;uPNJit5Yme0GXFGXnxxY&quot;},{&quot;accountno&quot;:&quot;TA-1119999&quot;,&quot;departmentno&quot;:&quot;1&quot;,&quot;salary&quot;:&quot;1&quot;,&quot;pincode&quot;:&quot;111111&quot;,&quot;userid&quot;:&quot;kHacG2IP7Olqmq1CLFho&quot;,&quot;id&quot;:&quot;SpZBnNa69mxMmdtzXHJI&quot;},{&quot;accountno&quot;:&quot;TA-1119999&quot;,&quot;departmentno&quot;:&quot;1&quot;,&quot;salary&quot;:&quot;1&quot;,&quot;pincode&quot;:&quot;111111&quot;,&quot;userid&quot;:&quot;kHacG2IP7Olqmq1CLFho&quot;,&quot;id&quot;:&quot;s1tVSiioXOx3243JxbOD&quot;},{&quot;accountno&quot;:&quot;TA-1119999&quot;,&quot;departmentno&quot;:&quot;1&quot;,&quot;salary&quot;:&quot;1&quot;,&quot;pincode&quot;:&quot;111111&quot;,&quot;userid&quot;:&quot;kHacG2IP7Olqmq1CLFho&quot;,&quot;id&quot;:&quot;oQnKVIiWjTLYOz7qAp7Y&quot;},{&quot;accountno&quot;:&quot;TA-1119999&quot;,&quot;departmentno&quot;:&quot;1&quot;,&quot;salary&quot;:&quot;1&quot;,&quot;pincode&quot;:&quot;111111&quot;,&quot;userid&quot;:&quot;kHacG2IP7Olqmq1CLFho&quot;,&quot;id&quot;:&quot;VCPvrd7wGXi6Dmk3gVaj&quot;},{&quot;accountno&quot;:&quot;TA-1119999&quot;,&quot;departmentno&quot;:&quot;1&quot;,&quot;salary&quot;:&quot;1&quot;,&quot;pincode&quot;:&quot;111111&quot;,&quot;userid&quot;:&quot;kHacG2IP7Olqmq1CLFho&quot;,&quot;id&quot;:&quot;s7J9tD5z302DQamuM3Lf&quot;},{&quot;accountno&quot;:&quot;TA-1119999&quot;,&quot;departmentno&quot;:&quot;1&quot;,&quot;salary&quot;:&quot;1&quot;,&quot;pincode&quot;:&quot;111111&quot;,&quot;userid&quot;:&quot;kHacG2IP7Olqmq1CLFho&quot;,&quot;id&quot;:&quot;GnhOgLFa9kDW3rBcfKm9&quot;},{&quot;accountno&quot;:&quot;TA-1119999&quot;,&quot;departmentno&quot;:&quot;1&quot;,&quot;salary&quot;:&quot;1&quot;,&quot;pincode&quot;:&quot;111111&quot;,&quot;userid&quot;:&quot;kHacG2IP7Olqmq1CLFho&quot;,&quot;id&quot;:&quot;Jidsgqx93LuMp8yWLsvm&quot;},{&quot;accountno&quot;:&quot;TA-1119999&quot;,&quot;departmentno&quot;:&quot;1&quot;,&quot;salary&quot;:&quot;1&quot;,&quot;pincode&quot;:&quot;111111&quot;,&quot;userid&quot;:&quot;kHacG2IP7Olqmq1CLFho&quot;,&quot;id&quot;:&quot;pbde9VRhUo8AKQBb1Qhp&quot;},{&quot;accountno&quot;:&quot;TA-1119999&quot;,&quot;departmentno&quot;:&quot;1&quot;,&quot;salary&quot;:&quot;1&quot;,&quot;pincode&quot;:&quot;111111&quot;,&quot;userid&quot;:&quot;kHacG2IP7Olqmq1CLFho&quot;,&quot;id&quot;:&quot;9783URrCTlhqo46Q7xip&quot;},{&quot;accountno&quot;:&quot;TA-1119999&quot;,&quot;departmentno&quot;:&quot;1&quot;,&quot;salary&quot;:&quot;1&quot;,&quot;pincode&quot;:&quot;111111&quot;,&quot;userid&quot;:&quot;kHacG2IP7Olqmq1CLFho&quot;,&quot;id&quot;:&quot;f15rejeUaEtTSqLBTuuK&quot;},{&quot;accountno&quot;:&quot;TA-1119999&quot;,&quot;departmentno&quot;:&quot;1&quot;,&quot;salary&quot;:&quot;1&quot;,&quot;pincode&quot;:&quot;111111&quot;,&quot;userid&quot;:&quot;kHacG2IP7Olqmq1CLFho&quot;,&quot;id&quot;:&quot;ejMDN3Z3IueEpfpu6O63&quot;},{&quot;accountno&quot;:&quot;TA-1119999&quot;,&quot;departmentno&quot;:&quot;1&quot;,&quot;salary&quot;:&quot;1&quot;,&quot;pincode&quot;:&quot;111111&quot;,&quot;userid&quot;:&quot;kHacG2IP7Olqmq1CLFho&quot;,&quot;id&quot;:&quot;FyjQCFrTICECEuts9tVj&quot;},{&quot;accountno&quot;:&quot;TA-1119999&quot;,&quot;departmentno&quot;:&quot;1&quot;,&quot;salary&quot;:&quot;1&quot;,&quot;pincode&quot;:&quot;111111&quot;,&quot;userid&quot;:&quot;kHacG2IP7Olqmq1CLFho&quot;,&quot;id&quot;:&quot;ISntGnl5fEUf4wdGnzpU&quot;},{&quot;accountno&quot;:&quot;TA-1119999&quot;,&quot;departmentno&quot;:&quot;1&quot;,&quot;salary&quot;:&quot;1&quot;,&quot;pincode&quot;:&quot;111111&quot;,&quot;userid&quot;:&quot;kHacG2IP7Olqmq1CLFho&quot;,&quot;id&quot;:&quot;aAzaowOGdL155Tsjy8aL&quot;},{&quot;accountno&quot;:&quot;TA-1119999&quot;,&quot;departmentno&quot;:&quot;1&quot;,&quot;salary&quot;:&quot;1&quot;,&quot;pincode&quot;:&quot;111111&quot;,&quot;userid&quot;:&quot;kHacG2IP7Olqmq1CLFho&quot;,&quot;id&quot;:&quot;P9s8LFjtLpbg0zapNbPc&quot;},{&quot;accountno&quot;:&quot;TA-1119999&quot;,&quot;departmentno&quot;:&quot;1&quot;,&quot;salary&quot;:&quot;1&quot;,&quot;pincode&quot;:&quot;111111&quot;,&quot;userid&quot;:&quot;kHacG2IP7Olqmq1CLFho&quot;,&quot;id&quot;:&quot;SCaku1ra81q99BURjYpe&quot;},{&quot;accountno&quot;:&quot;TA-1119999&quot;,&quot;departmentno&quot;:&quot;1&quot;,&quot;salary&quot;:&quot;1&quot;,&quot;pincode&quot;:&quot;111111&quot;,&quot;userid&quot;:&quot;kHacG2IP7Olqmq1CLFho&quot;,&quot;id&quot;:&quot;WSHZ73cQFPTX4yAyIszx&quot;},{&quot;accountno&quot;:&quot;TA-1119999&quot;,&quot;departmentno&quot;:&quot;1&quot;,&quot;salary&quot;:&quot;1&quot;,&quot;pincode&quot;:&quot;111111&quot;,&quot;userid&quot;:&quot;kHacG2IP7Olqmq1CLFho&quot;,&quot;id&quot;:&quot;tNA53e14lmF0fphaBD6w&quot;},{&quot;accountno&quot;:&quot;TA-1119999&quot;,&quot;departmentno&quot;:&quot;1&quot;,&quot;salary&quot;:&quot;1&quot;,&quot;pincode&quot;:&quot;111111&quot;,&quot;userid&quot;:&quot;kHacG2IP7Olqmq1CLFho&quot;,&quot;id&quot;:&quot;qg0GQpoB83th9Q7rC481&quot;},{&quot;accountno&quot;:&quot;TA-1119999&quot;,&quot;departmentno&quot;:&quot;9&quot;,&quot;salary&quot;:&quot;9&quot;,&quot;pincode&quot;:&quot;111111&quot;,&quot;userid&quot;:&quot;kHacG2IP7Olqmq1CLFho&quot;,&quot;id&quot;:&quot;gMakeGkcXGvPdlU3GW3X&quot;},{&quot;accountno&quot;:&quot;TA-1119999&quot;,&quot;departmentno&quot;:&quot;9&quot;,&quot;salary&quot;:&quot;9&quot;,&quot;pincode&quot;:&quot;111111&quot;,&quot;userid&quot;:&quot;kHacG2IP7Olqmq1CLFho&quot;,&quot;id&quot;:&quot;7lqwYW8cRGN3zE492yls&quot;},{&quot;accountno&quot;:&quot;TA-1119999&quot;,&quot;departmentno&quot;:&quot;9&quot;,&quot;salary&quot;:&quot;9&quot;,&quot;pincode&quot;:&quot;111111&quot;,&quot;userid&quot;:&quot;yNCXX8NruCfcrpuLyFMc&quot;,&quot;id&quot;:&quot;CvjxrjgqtQHEUSQR0Yf6&quot;},{&quot;accountno&quot;:&quot;TA-1119999&quot;,&quot;departmentno&quot;:&quot;9&quot;,&quot;salary&quot;:&quot;9&quot;,&quot;pincode&quot;:&quot;111111&quot;,&quot;userid&quot;:&quot;yNCXX8NruCfcrpuLyFMc&quot;,&quot;id&quot;:&quot;GZEnUYfWL4dxSldj7QMx&quot;},{&quot;accountno&quot;:&quot;TA-1119999&quot;,&quot;departmentno&quot;:&quot;9&quot;,&quot;salary&quot;:&quot;9&quot;,&quot;pincode&quot;:&quot;111111&quot;,&quot;userid&quot;:&quot;yNCXX8NruCfcrpuLyFMc&quot;,&quot;id&quot;:&quot;KywEeF7BzWb4pmrQP4oi&quot;},{&quot;accountno&quot;:&quot;TA-1119999&quot;,&quot;departmentno&quot;:&quot;9&quot;,&quot;salary&quot;:&quot;9&quot;,&quot;pincode&quot;:&quot;111111&quot;,&quot;userid&quot;:&quot;yNCXX8NruCfcrpuLyFMc&quot;,&quot;id&quot;:&quot;UZ9RN7cgNL420Pe6hgJM&quot;},{&quot;accountno&quot;:&quot;TA-1119999&quot;,&quot;departmentno&quot;:&quot;9&quot;,&quot;salary&quot;:&quot;9&quot;,&quot;pincode&quot;:&quot;111111&quot;,&quot;userid&quot;:&quot;yNCXX8NruCfcrpuLyFMc&quot;,&quot;id&quot;:&quot;HFpp78e0dexM8AHrQ1Qc&quot;},{&quot;accountno&quot;:&quot;TA-2121212&quot;,&quot;departmentno&quot;:&quot;2&quot;,&quot;salary&quot;:&quot;2&quot;,&quot;pincode&quot;:&quot;121212&quot;,&quot;userid&quot;:&quot;kHacG2IP7Olqmq1CLFho&quot;,&quot;id&quot;:&quot;GMdwGZx5glp2HL6Db1lk&quot;},{&quot;accountno&quot;:&quot;TA-2121212&quot;,&quot;departmentno&quot;:&quot;2&quot;,&quot;salary&quot;:&quot;2&quot;,&quot;pincode&quot;:&quot;121212&quot;,&quot;userid&quot;:&quot;kHacG2IP7Olqmq1CLFho&quot;,&quot;id&quot;:&quot;9lUNQ6iroi5BiCmrrqhN&quot;},{&quot;accountno&quot;:&quot;TA-2121212&quot;,&quot;departmentno&quot;:&quot;2&quot;,&quot;salary&quot;:&quot;2&quot;,&quot;pincode&quot;:&quot;121212&quot;,&quot;userid&quot;:&quot;kHacG2IP7Olqmq1CLFho&quot;,&quot;id&quot;:&quot;sMy1ZAAzWF21Dye9msXM&quot;},{&quot;accountno&quot;:&quot;TA-2121212&quot;,&quot;departmentno&quot;:&quot;2&quot;,&quot;salary&quot;:&quot;2&quot;,&quot;pincode&quot;:&quot;121212&quot;,&quot;userid&quot;:&quot;kHacG2IP7Olqmq1CLFho&quot;,&quot;id&quot;:&quot;t4SJQpETb8uebGL4gYXN&quot;},{&quot;accountno&quot;:&quot;TA-2121212&quot;,&quot;departmentno&quot;:&quot;2&quot;,&quot;salary&quot;:&quot;2&quot;,&quot;pincode&quot;:&quot;121212&quot;,&quot;userid&quot;:&quot;kHacG2IP7Olqmq1CLFho&quot;,&quot;id&quot;:&quot;iUXiV9YuSqvE4JTHRcMa&quot;},{&quot;accountno&quot;:&quot;TA-2121212&quot;,&quot;departmentno&quot;:&quot;2&quot;,&quot;salary&quot;:&quot;2&quot;,&quot;pincode&quot;:&quot;121212&quot;,&quot;userid&quot;:&quot;kHacG2IP7Olqmq1CLFho&quot;,&quot;id&quot;:&quot;3pJUpgMWR62SjnsIpS1A&quot;},{&quot;accountno&quot;:&quot;TA-2121212&quot;,&quot;departmentno&quot;:&quot;2&quot;,&quot;salary&quot;:&quot;2&quot;,&quot;pincode&quot;:&quot;121212&quot;,&quot;userid&quot;:&quot;kHacG2IP7Olqmq1CLFho&quot;,&quot;id&quot;:&quot;A5yowVZkYUodJml3jY8K&quot;},{&quot;accountno&quot;:&quot;TA-2121212&quot;,&quot;departmentno&quot;:&quot;2&quot;,&quot;salary&quot;:&quot;2&quot;,&quot;pincode&quot;:&quot;121212&quot;,&quot;userid&quot;:&quot;kHacG2IP7Olqmq1CLFho&quot;,&quot;id&quot;:&quot;HMxIKF1DE2qJex9SiZ0G&quot;},{&quot;accountno&quot;:&quot;TA-2121212&quot;,&quot;departmentno&quot;:&quot;2&quot;,&quot;salary&quot;:&quot;2&quot;,&quot;pincode&quot;:&quot;121212&quot;,&quot;userid&quot;:&quot;kHacG2IP7Olqmq1CLFho&quot;,&quot;id&quot;:&quot;cb2Zl2G7ujT2i8E7Oglq&quot;},{&quot;accountno&quot;:&quot;TA-2121212&quot;,&quot;departmentno&quot;:&quot;2&quot;,&quot;salary&quot;:&quot;2&quot;,&quot;pincode&quot;:&quot;121212&quot;,&quot;userid&quot;:&quot;kHacG2IP7Olqmq1CLFho&quot;,&quot;id&quot;:&quot;rm7MgUjwoHvb25JcIC4Z&quot;},{&quot;accountno&quot;:&quot;TA-2222222&quot;,&quot;departmentno&quot;:&quot;2&quot;,&quot;salary&quot;:&quot;2&quot;,&quot;pincode&quot;:&quot;111111&quot;,&quot;userid&quot;:&quot;kHacG2IP7Olqmq1CLFho&quot;,&quot;id&quot;:&quot;aeIICzhzEqJk7KqTHDA9&quot;},{&quot;accountno&quot;:&quot;TA-1111122&quot;,&quot;departmentno&quot;:&quot;2&quot;,&quot;salary&quot;:&quot;2&quot;,&quot;pincode&quot;:&quot;111111&quot;,&quot;userid&quot;:&quot;kHacG2IP7Olqmq1CLFho&quot;,&quot;id&quot;:&quot;vYKsjaFPS8QZxOD85OO2&quot;},{&quot;accountno&quot;:&quot;TA-1111122&quot;,&quot;departmentno&quot;:&quot;2&quot;,&quot;salary&quot;:&quot;2&quot;,&quot;pincode&quot;:&quot;111111&quot;,&quot;userid&quot;:&quot;kHacG2IP7Olqmq1CLFho&quot;,&quot;id&quot;:&quot;vLHPiuYoZgZjn9LBz36Q&quot;},{&quot;accountno&quot;:&quot;TA-1111111&quot;,&quot;departmentno&quot;:&quot;1&quot;,&quot;salary&quot;:&quot;22&quot;,&quot;pincode&quot;:&quot;111111&quot;,&quot;userid&quot;:&quot;kHacG2IP7Olqmq1CLFho&quot;,&quot;id&quot;:&quot;0SCkC0dqgUcwe68UE5VH&quot;},{&quot;accountno&quot;:&quot;TA-1111111&quot;,&quot;departmentno&quot;:1,&quot;salary&quot;:1,&quot;pincode&quot;:111119,&quot;userid&quot;:&quot;kHacG2IP7Olqmq1CLFho&quot;,&quot;id&quot;:&quot;6A3stznUHAC4SI5rIwIY&quot;},{&quot;accountno&quot;:&quot;91233478&quot;,&quot;departmentno&quot;:&quot;5&quot;,&quot;salary&quot;:&quot;5000&quot;,&quot;pincode&quot;:&quot;349012&quot;,&quot;userid&quot;:&quot;UbzKln8jt3iwGZ5iKVw2&quot;,&quot;id&quot;:&quot;GtgspssvMLZTyARDaPfC&quot;},{&quot;accountno&quot;:&quot;65478978&quot;,&quot;departmentno&quot;:&quot;5&quot;,&quot;salary&quot;:&quot;8000&quot;,&quot;pincode&quot;:&quot;65987&quot;,&quot;userid&quot;:&quot;UbzKln8jt3iwGZ5iKVw2&quot;,&quot;id&quot;:&quot;61sPieryEbGLiomfoa4X&quot;},{&quot;accountno&quot;:&quot;91233478&quot;,&quot;departmentno&quot;:&quot;5&quot;,&quot;salary&quot;:&quot;5000&quot;,&quot;pincode&quot;:&quot;901234&quot;,&quot;userid&quot;:&quot;UbzKln8jt3iwGZ5iKVw2&quot;,&quot;id&quot;:&quot;s68qgAkkZYI6CqnYszcO&quot;},{&quot;accountno&quot;:&quot;45678978&quot;,&quot;departmentno&quot;:&quot;5&quot;,&quot;salary&quot;:&quot;8000&quot;,&quot;pincode&quot;:&quot;98765&quot;,&quot;userid&quot;:&quot;UbzKln8jt3iwGZ5iKVw2&quot;,&quot;id&quot;:&quot;p3FjPSUMX7tDgHvI3R4c&quot;},{&quot;accountno&quot;:&quot;91233478&quot;,&quot;departmentno&quot;:&quot;5&quot;,&quot;salary&quot;:&quot;5000&quot;,&quot;pincode&quot;:&quot;349012&quot;,&quot;userid&quot;:&quot;UbzKln8jt3iwGZ5iKVw2&quot;,&quot;id&quot;:&quot;WW7ci99APGxSBxdbvYkJ&quot;},{&quot;accountno&quot;:&quot;65478978&quot;,&quot;departmentno&quot;:&quot;5&quot;,&quot;salary&quot;:&quot;8000&quot;,&quot;pincode&quot;:&quot;65987&quot;,&quot;userid&quot;:&quot;UbzKln8jt3iwGZ5iKVw2&quot;,&quot;id&quot;:&quot;QGbIbAObVUaUEngf271b&quot;},{&quot;accountno&quot;:&quot;91233478&quot;,&quot;departmentno&quot;:&quot;5&quot;,&quot;salary&quot;:&quot;5000&quot;,&quot;pincode&quot;:&quot;901234&quot;,&quot;userid&quot;:&quot;UbzKln8jt3iwGZ5iKVw2&quot;,&quot;id&quot;:&quot;nEhXh11x1Myf7cspU7X6&quot;},{&quot;accountno&quot;:&quot;45678978&quot;,&quot;departmentno&quot;:&quot;5&quot;,&quot;salary&quot;:&quot;8000&quot;,&quot;pincode&quot;:&quot;98765&quot;,&quot;userid&quot;:&quot;UbzKln8jt3iwGZ5iKVw2&quot;,&quot;id&quot;:&quot;kptqcMT1jCDa71ihNqQ3&quot;},{&quot;accountno&quot;:&quot;65478978&quot;,&quot;departmentno&quot;:&quot;5&quot;,&quot;salary&quot;:&quot;8000&quot;,&quot;pincode&quot;:&quot;65987&quot;,&quot;userid&quot;:&quot;UbzKln8jt3iwGZ5iKVw2&quot;,&quot;id&quot;:&quot;9ozmv9ySgKMMrKvGVWn9&quot;},{&quot;accountno&quot;:&quot;91233478&quot;,&quot;departmentno&quot;:&quot;5&quot;,&quot;salary&quot;:&quot;5000&quot;,&quot;pincode&quot;:&quot;901234&quot;,&quot;userid&quot;:&quot;UbzKln8jt3iwGZ5iKVw2&quot;,&quot;id&quot;:&quot;lKZeDtTYoxTcHrg8hkFP&quot;},{&quot;accountno&quot;:&quot;45678978&quot;,&quot;departmentno&quot;:&quot;5&quot;,&quot;salary&quot;:&quot;8000&quot;,&quot;pincode&quot;:&quot;98765&quot;,&quot;userid&quot;:&quot;UbzKln8jt3iwGZ5iKVw2&quot;,&quot;id&quot;:&quot;p02yIBBGJ5Pyj1EQypw6&quot;},{&quot;accountno&quot;:&quot;91233478&quot;,&quot;departmentno&quot;:&quot;5&quot;,&quot;salary&quot;:&quot;5000&quot;,&quot;pincode&quot;:&quot;349012&quot;,&quot;userid&quot;:&quot;UbzKln8jt3iwGZ5iKVw2&quot;,&quot;id&quot;:&quot;yxUGlhdDeqbzMw92ODMZ&quot;},{&quot;accountno&quot;:&quot;65478978&quot;,&quot;departmentno&quot;:&quot;5&quot;,&quot;salary&quot;:&quot;8000&quot;,&quot;pincode&quot;:&quot;65987&quot;,&quot;userid&quot;:&quot;UbzKln8jt3iwGZ5iKVw2&quot;,&quot;id&quot;:&quot;EcQOYAuoZr4jJpJx0t6n&quot;},{&quot;accountno&quot;:&quot;91233478&quot;,&quot;departmentno&quot;:&quot;5&quot;,&quot;salary&quot;:&quot;5000&quot;,&quot;pincode&quot;:&quot;901234&quot;,&quot;userid&quot;:&quot;UbzKln8jt3iwGZ5iKVw2&quot;,&quot;id&quot;:&quot;Pa5BQMJeWnuzmM7pU1DT&quot;},{&quot;accountno&quot;:&quot;45678978&quot;,&quot;departmentno&quot;:&quot;5&quot;,&quot;salary&quot;:&quot;8000&quot;,&quot;pincode&quot;:&quot;98765&quot;,&quot;userid&quot;:&quot;UbzKln8jt3iwGZ5iKVw2&quot;,&quot;id&quot;:&quot;ouSbYRPiCn3s7swbIBFX&quot;},{&quot;accountno&quot;:&quot;65478978&quot;,&quot;departmentno&quot;:&quot;5&quot;,&quot;salary&quot;:&quot;8000&quot;,&quot;pincode&quot;:&quot;65987&quot;,&quot;userid&quot;:&quot;UbzKln8jt3iwGZ5iKVw2&quot;,&quot;id&quot;:&quot;CYOaZPsg8BTaEE9GuC5W&quot;},{&quot;accountno&quot;:&quot;91233478&quot;,&quot;departmentno&quot;:&quot;5&quot;,&quot;salary&quot;:&quot;5000&quot;,&quot;pincode&quot;:&quot;901234&quot;,&quot;userid&quot;:&quot;UbzKln8jt3iwGZ5iKVw2&quot;,&quot;id&quot;:&quot;Rnn6ADAXxfbZha2PlhJ7&quot;},{&quot;accountno&quot;:&quot;45678978&quot;,&quot;departmentno&quot;:&quot;5&quot;,&quot;salary&quot;:&quot;8000&quot;,&quot;pincode&quot;:&quot;98765&quot;,&quot;userid&quot;:&quot;UbzKln8jt3iwGZ5iKVw2&quot;,&quot;id&quot;:&quot;xRqo3cVMOdQNvCflGTqd&quot;},{&quot;accountno&quot;:&quot;91233478&quot;,&quot;departmentno&quot;:&quot;5&quot;,&quot;salary&quot;:&quot;5000&quot;,&quot;pincode&quot;:&quot;349012&quot;,&quot;userid&quot;:&quot;UbzKln8jt3iwGZ5iKVw2&quot;,&quot;id&quot;:&quot;LCfyKnV1ELch2g7OwTyp&quot;},{&quot;accountno&quot;:&quot;65478978&quot;,&quot;departmentno&quot;:&quot;5&quot;,&quot;salary&quot;:&quot;8000&quot;,&quot;pincode&quot;:&quot;65987&quot;,&quot;userid&quot;:&quot;UbzKln8jt3iwGZ5iKVw2&quot;,&quot;id&quot;:&quot;graEN5p6W9W70PpTbwGJ&quot;},{&quot;accountno&quot;:&quot;91233478&quot;,&quot;departmentno&quot;:&quot;5&quot;,&quot;salary&quot;:&quot;5000&quot;,&quot;pincode&quot;:&quot;901234&quot;,&quot;userid&quot;:&quot;UbzKln8jt3iwGZ5iKVw2&quot;,&quot;id&quot;:&quot;cuQZiNjlasYhwnSnMW23&quot;},{&quot;accountno&quot;:&quot;45678978&quot;,&quot;departmentno&quot;:&quot;5&quot;,&quot;salary&quot;:&quot;8000&quot;,&quot;pincode&quot;:&quot;98765&quot;,&quot;userid&quot;:&quot;UbzKln8jt3iwGZ5iKVw2&quot;,&quot;id&quot;:&quot;m0UppKRJ2LSMsMSv96SD&quot;},{&quot;accountno&quot;:&quot;65478978&quot;,&quot;departmentno&quot;:&quot;5&quot;,&quot;salary&quot;:&quot;8000&quot;,&quot;pincode&quot;:&quot;65987&quot;,&quot;userid&quot;:&quot;UbzKln8jt3iwGZ5iKVw2&quot;,&quot;id&quot;:&quot;uAsOf7UmsCb6uiGKG5W1&quot;},{&quot;accountno&quot;:&quot;91233478&quot;,&quot;departmentno&quot;:&quot;5&quot;,&quot;salary&quot;:&quot;5000&quot;,&quot;pincode&quot;:&quot;901234&quot;,&quot;userid&quot;:&quot;UbzKln8jt3iwGZ5iKVw2&quot;,&quot;id&quot;:&quot;AusvGsQFFS8qW9Iy2bt1&quot;},{&quot;accountno&quot;:&quot;45678978&quot;,&quot;departmentno&quot;:&quot;5&quot;,&quot;salary&quot;:&quot;8000&quot;,&quot;pincode&quot;:&quot;98765&quot;,&quot;userid&quot;:&quot;UbzKln8jt3iwGZ5iKVw2&quot;,&quot;id&quot;:&quot;BGuexRVozo9W33VJPwx9&quot;},{&quot;accountno&quot;:&quot;91233478&quot;,&quot;departmentno&quot;:&quot;5&quot;,&quot;salary&quot;:&quot;5000&quot;,&quot;pincode&quot;:&quot;349012&quot;,&quot;userid&quot;:&quot;UbzKln8jt3iwGZ5iKVw2&quot;,&quot;id&quot;:&quot;eGcJKh5q5s0GcireNURS&quot;},{&quot;accountno&quot;:&quot;65478978&quot;,&quot;departmentno&quot;:&quot;5&quot;,&quot;salary&quot;:&quot;8000&quot;,&quot;pincode&quot;:&quot;65987&quot;,&quot;userid&quot;:&quot;UbzKln8jt3iwGZ5iKVw2&quot;,&quot;id&quot;:&quot;WfYE2zTKtHWoMcKV9G5s&quot;},{&quot;accountno&quot;:&quot;91233478&quot;,&quot;departmentno&quot;:&quot;5&quot;,&quot;salary&quot;:&quot;5000&quot;,&quot;pincode&quot;:&quot;901234&quot;,&quot;userid&quot;:&quot;UbzKln8jt3iwGZ5iKVw2&quot;,&quot;id&quot;:&quot;2buOBL8zOJkRMWDtercL&quot;},{&quot;accountno&quot;:&quot;45678978&quot;,&quot;departmentno&quot;:&quot;5&quot;,&quot;salary&quot;:&quot;8000&quot;,&quot;pincode&quot;:&quot;98765&quot;,&quot;userid&quot;:&quot;UbzKln8jt3iwGZ5iKVw2&quot;,&quot;id&quot;:&quot;WP57kCYoYAXEZdhQLbMQ&quot;},{&quot;accountno&quot;:&quot;65478978&quot;,&quot;departmentno&quot;:&quot;5&quot;,&quot;salary&quot;:&quot;8000&quot;,&quot;pincode&quot;:&quot;65987&quot;,&quot;userid&quot;:&quot;UbzKln8jt3iwGZ5iKVw2&quot;,&quot;id&quot;:&quot;36gDPOTGnSnqbBV3k8u7&quot;},{&quot;accountno&quot;:&quot;91233478&quot;,&quot;departmentno&quot;:&quot;5&quot;,&quot;salary&quot;:&quot;5000&quot;,&quot;pincode&quot;:&quot;901234&quot;,&quot;userid&quot;:&quot;UbzKln8jt3iwGZ5iKVw2&quot;,&quot;id&quot;:&quot;FK2xfYcYqHShnA5n0RlH&quot;},{&quot;accountno&quot;:&quot;45678978&quot;,&quot;departmentno&quot;:&quot;5&quot;,&quot;salary&quot;:&quot;8000&quot;,&quot;pincode&quot;:&quot;98765&quot;,&quot;userid&quot;:&quot;UbzKln8jt3iwGZ5iKVw2&quot;,&quot;id&quot;:&quot;493tGMVgw19qCmfjPMnl&quot;},{&quot;accountno&quot;:&quot;91233478&quot;,&quot;departmentno&quot;:&quot;5&quot;,&quot;salary&quot;:&quot;5000&quot;,&quot;pincode&quot;:&quot;349012&quot;,&quot;userid&quot;:&quot;UbzKln8jt3iwGZ5iKVw2&quot;,&quot;id&quot;:&quot;stUKwkLhJhxF8vbqO0mS&quot;},{&quot;accountno&quot;:&quot;65478978&quot;,&quot;departmentno&quot;:&quot;5&quot;,&quot;salary&quot;:&quot;8000&quot;,&quot;pincode&quot;:&quot;65987&quot;,&quot;userid&quot;:&quot;UbzKln8jt3iwGZ5iKVw2&quot;,&quot;id&quot;:&quot;IovaYkdti8PhQDxlgkAn&quot;},{&quot;accountno&quot;:&quot;91233478&quot;,&quot;departmentno&quot;:&quot;5&quot;,&quot;salary&quot;:&quot;5000&quot;,&quot;pincode&quot;:&quot;901234&quot;,&quot;userid&quot;:&quot;UbzKln8jt3iwGZ5iKVw2&quot;,&quot;id&quot;:&quot;u5ddCamkgFb3YmhY2OTY&quot;},{&quot;accountno&quot;:&quot;45678978&quot;,&quot;departmentno&quot;:&quot;5&quot;,&quot;salary&quot;:&quot;8000&quot;,&quot;pincode&quot;:&quot;98765&quot;,&quot;userid&quot;:&quot;UbzKln8jt3iwGZ5iKVw2&quot;,&quot;id&quot;:&quot;s3uXPFRGGccnJI1ziNnx&quot;},{&quot;accountno&quot;:&quot;91233478&quot;,&quot;departmentno&quot;:&quot;5&quot;,&quot;salary&quot;:&quot;5000&quot;,&quot;pincode&quot;:&quot;349012&quot;,&quot;userid&quot;:&quot;UbzKln8jt3iwGZ5iKVw2&quot;,&quot;id&quot;:&quot;hnYLS1Nlnzm8qdXcor3q&quot;},{&quot;accountno&quot;:&quot;65478978&quot;,&quot;departmentno&quot;:&quot;5&quot;,&quot;salary&quot;:&quot;8000&quot;,&quot;pincode&quot;:&quot;65987&quot;,&quot;userid&quot;:&quot;UbzKln8jt3iwGZ5iKVw2&quot;,&quot;id&quot;:&quot;F5Eyy9Gwv6mprF8mwrGh&quot;},{&quot;accountno&quot;:&quot;91233478&quot;,&quot;departmentno&quot;:&quot;5&quot;,&quot;salary&quot;:&quot;5000&quot;,&quot;pincode&quot;:&quot;901234&quot;,&quot;userid&quot;:&quot;UbzKln8jt3iwGZ5iKVw2&quot;,&quot;id&quot;:&quot;2goUg7Sfq2QUPz1lYHWK&quot;},{&quot;accountno&quot;:&quot;45678978&quot;,&quot;departmentno&quot;:&quot;5&quot;,&quot;salary&quot;:&quot;8000&quot;,&quot;pincode&quot;:&quot;98765&quot;,&quot;userid&quot;:&quot;UbzKln8jt3iwGZ5iKVw2&quot;,&quot;id&quot;:&quot;F788bGFLjzbKivMzjZyu&quot;},{&quot;accountno&quot;:&quot;91233478&quot;,&quot;departmentno&quot;:&quot;5&quot;,&quot;salary&quot;:&quot;5000&quot;,&quot;pincode&quot;:&quot;349012&quot;,&quot;userid&quot;:&quot;UbzKln8jt3iwGZ5iKVw2&quot;,&quot;id&quot;:&quot;YM9NI4X3T5tdMAJmtVqE&quot;},{&quot;accountno&quot;:&quot;65478978&quot;,&quot;departmentno&quot;:&quot;5&quot;,&quot;salary&quot;:&quot;8000&quot;,&quot;pincode&quot;:&quot;65987&quot;,&quot;userid&quot;:&quot;UbzKln8jt3iwGZ5iKVw2&quot;,&quot;id&quot;:&quot;MfNnwwEeeJoxkkWMTQ73&quot;},{&quot;accountno&quot;:&quot;91233478&quot;,&quot;departmentno&quot;:&quot;5&quot;,&quot;salary&quot;:&quot;5000&quot;,&quot;pincode&quot;:&quot;901234&quot;,&quot;userid&quot;:&quot;UbzKln8jt3iwGZ5iKVw2&quot;,&quot;id&quot;:&quot;3TbHb6n7B9NkD3h2iWMm&quot;},{&quot;accountno&quot;:&quot;45678978&quot;,&quot;departmentno&quot;:&quot;5&quot;,&quot;salary&quot;:&quot;8000&quot;,&quot;pincode&quot;:&quot;98765&quot;,&quot;userid&quot;:&quot;UbzKln8jt3iwGZ5iKVw2&quot;,&quot;id&quot;:&quot;ps9Zpr2tDhFgCwHJYWeD&quot;},{&quot;accountno&quot;:&quot;91233478&quot;,&quot;departmentno&quot;:&quot;5&quot;,&quot;salary&quot;:&quot;5000&quot;,&quot;pincode&quot;:&quot;349012&quot;,&quot;userid&quot;:&quot;UbzKln8jt3iwGZ5iKVw2&quot;,&quot;id&quot;:&quot;EjHNf6aWrwHLWJZiKyHC&quot;},{&quot;accountno&quot;:&quot;65478978&quot;,&quot;departmentno&quot;:&quot;5&quot;,&quot;salary&quot;:&quot;8000&quot;,&quot;pincode&quot;:&quot;65987&quot;,&quot;userid&quot;:&quot;UbzKln8jt3iwGZ5iKVw2&quot;,&quot;id&quot;:&quot;kwKAf1WIJAyPQ67LCQFY&quot;},{&quot;accountno&quot;:&quot;91233478&quot;,&quot;departmentno&quot;:&quot;5&quot;,&quot;salary&quot;:&quot;5000&quot;,&quot;pincode&quot;:&quot;901234&quot;,&quot;userid&quot;:&quot;UbzKln8jt3iwGZ5iKVw2&quot;,&quot;id&quot;:&quot;SbMjz3RrC7yezT9qXjbh&quot;},{&quot;accountno&quot;:&quot;45678978&quot;,&quot;departmentno&quot;:&quot;5&quot;,&quot;salary&quot;:&quot;8000&quot;,&quot;pincode&quot;:&quot;98765&quot;,&quot;userid&quot;:&quot;UbzKln8jt3iwGZ5iKVw2&quot;,&quot;id&quot;:&quot;59YnuzZ8cJftcFyoyRd0&quot;},{&quot;accountno&quot;:&quot;19876543&quot;,&quot;departmentno&quot;:&quot;2&quot;,&quot;salary&quot;:&quot;500000&quot;,&quot;pincode&quot;:&quot;523456&quot;,&quot;userid&quot;:&quot;zkmNMhztAOmjb5NT2cL6&quot;,&quot;id&quot;:&quot;P41W0VExEaFDHSENokng&quot;},{&quot;accountno&quot;:&quot;12345678&quot;,&quot;departmentno&quot;:&quot;1&quot;,&quot;salary&quot;:&quot;150000&quot;,&quot;pincode&quot;:&quot;623456&quot;,&quot;userid&quot;:&quot;zkmNMhztAOmjb5NT2cL6&quot;,&quot;id&quot;:&quot;8XeeL5TyZC84TvOjbjWm&quot;},{&quot;accountno&quot;:&quot;TA-0000004&quot;,&quot;departmentno&quot;:&quot;1&quot;,&quot;salary&quot;:&quot;123455&quot;,&quot;pincode&quot;:&quot;000002&quot;,&quot;userid&quot;:&quot;zkmNMhztAOmjb5NT2cL6&quot;,&quot;id&quot;:&quot;QsYfBADdDOU5AhLWLWS4&quot;},{&quot;accountno&quot;:&quot;TA-0000004&quot;,&quot;departmentno&quot;:&quot;1&quot;,&quot;salary&quot;:&quot;123455&quot;,&quot;pincode&quot;:&quot;000002&quot;,&quot;userid&quot;:&quot;zkmNMhztAOmjb5NT2cL6&quot;,&quot;id&quot;:&quot;uxnuw6ad7hmCkJuEelxt&quot;},{&quot;accountno&quot;:&quot;TA-0000004&quot;,&quot;departmentno&quot;:&quot;1&quot;,&quot;salary&quot;:&quot;123455&quot;,&quot;pincode&quot;:&quot;000002&quot;,&quot;userid&quot;:&quot;zkmNMhztAOmjb5NT2cL6&quot;,&quot;id&quot;:&quot;uKa5pEExiGgyhRxCGh3d&quot;},{&quot;accountno&quot;:&quot;TA-0000004&quot;,&quot;departmentno&quot;:&quot;1&quot;,&quot;salary&quot;:&quot;123455&quot;,&quot;pincode&quot;:&quot;000002&quot;,&quot;userid&quot;:&quot;zkmNMhztAOmjb5NT2cL6&quot;,&quot;id&quot;:&quot;kgSW6fDS0sWMZb0CYDE7&quot;},{&quot;accountno&quot;:&quot;TA-0000004&quot;,&quot;departmentno&quot;:&quot;1&quot;,&quot;salary&quot;:&quot;123455&quot;,&quot;pincode&quot;:&quot;000002&quot;,&quot;userid&quot;:&quot;zkmNMhztAOmjb5NT2cL6&quot;,&quot;id&quot;:&quot;gkdOgiPoW161nlIQpDwF&quot;},{&quot;accountno&quot;:&quot;TA-0000004&quot;,&quot;departmentno&quot;:&quot;1&quot;,&quot;salary&quot;:&quot;123455&quot;,&quot;pincode&quot;:&quot;000002&quot;,&quot;userid&quot;:&quot;zkmNMhztAOmjb5NT2cL6&quot;,&quot;id&quot;:&quot;D2GKnQUxaE0Dmkf4AWJX&quot;},{&quot;accountno&quot;:&quot;TA-0000004&quot;,&quot;departmentno&quot;:&quot;1&quot;,&quot;salary&quot;:&quot;123455&quot;,&quot;pincode&quot;:&quot;000002&quot;,&quot;userid&quot;:&quot;zkmNMhztAOmjb5NT2cL6&quot;,&quot;id&quot;:&quot;09DUPCICHXcGhxLdGCzV&quot;},{&quot;accountno&quot;:&quot;TA-1122460&quot;,&quot;departmentno&quot;:&quot;9&quot;,&quot;salary&quot;:&quot;400567&quot;,&quot;pincode&quot;:&quot;530016&quot;,&quot;userid&quot;:&quot;yNCXX8NruCfcrpuLyFMc&quot;,&quot;id&quot;:&quot;Hu8qOCqEXDXnXXUOrnJl&quot;},{&quot;accountno&quot;:&quot;TA-1122459&quot;,&quot;departmentno&quot;:&quot;9&quot;,&quot;salary&quot;:&quot;400567&quot;,&quot;pincode&quot;:&quot;530016&quot;,&quot;userid&quot;:&quot;yNCXX8NruCfcrpuLyFMc&quot;,&quot;id&quot;:&quot;hXmRdyYFFlDc7Z0jrWYI&quot;},{&quot;accountno&quot;:&quot;TA-22061984&quot;,&quot;departmentno&quot;:&quot;1&quot;,&quot;salary&quot;:&quot;4000&quot;,&quot;pincode&quot;:&quot;763291&quot;,&quot;userid&quot;:&quot;xfvwphFcCCoaYVEl5Zb6&quot;,&quot;id&quot;:&quot;0P95wbbLErlyFLGgLNqM&quot;},{&quot;accountno&quot;:&quot;TA-22061984&quot;,&quot;departmentno&quot;:&quot;1&quot;,&quot;salary&quot;:&quot;4000&quot;,&quot;pincode&quot;:&quot;763291&quot;,&quot;userid&quot;:&quot;xfvwphFcCCoaYVEl5Zb6&quot;,&quot;id&quot;:&quot;41XYjUDRA2eyrQbsDNnx&quot;},{&quot;accountno&quot;:&quot;TA-22061984&quot;,&quot;departmentno&quot;:&quot;1&quot;,&quot;salary&quot;:&quot;4000&quot;,&quot;pincode&quot;:&quot;763291&quot;,&quot;userid&quot;:&quot;xfvwphFcCCoaYVEl5Zb6&quot;,&quot;id&quot;:&quot;yzIW36BKZhuXGbSNyVca&quot;},{&quot;accountno&quot;:&quot;TA-22061984&quot;,&quot;departmentno&quot;:&quot;1&quot;,&quot;salary&quot;:&quot;4000&quot;,&quot;pincode&quot;:&quot;763291&quot;,&quot;userid&quot;:&quot;xfvwphFcCCoaYVEl5Zb6&quot;,&quot;id&quot;:&quot;Y0OX9E49avXj4Sce0xYK&quot;},{&quot;accountno&quot;:&quot;TA-1122457&quot;,&quot;departmentno&quot;:&quot;9&quot;,&quot;salary&quot;:&quot;450456&quot;,&quot;pincode&quot;:&quot;530016&quot;,&quot;userid&quot;:&quot;zkmNMhztAOmjb5NT2cL6&quot;,&quot;id&quot;:&quot;JwXxpRt5t1sj7zSM0iNT&quot;},{&quot;accountno&quot;:&quot;TA-1818188&quot;,&quot;departmentno&quot;:&quot;1&quot;,&quot;salary&quot;:&quot;&quot;,&quot;pincode&quot;:&quot;&quot;,&quot;userid&quot;:&quot;9ATDdiU55R3Axp8t2Wdw&quot;,&quot;id&quot;:&quot;r3Embu1095841vFbFqHf&quot;},{&quot;accountno&quot;:&quot;TA-0206193&quot;,&quot;departmentno&quot;:&quot;123&quot;,&quot;salary&quot;:&quot;1000000&quot;,&quot;pincode&quot;:&quot;2555555&quot;,&quot;userid&quot;:&quot;9ATDdiU55R3Axp8t2Wdw&quot;,&quot;id&quot;:&quot;huLdQ824LCrhWSsxh42N&quot;},{&quot;accountno&quot;:&quot;TA-261&quot;,&quot;departmentno&quot;:&quot;1&quot;,&quot;salary&quot;:&quot;1000000&quot;,&quot;pincode&quot;:&quot;2555555&quot;,&quot;userid&quot;:&quot;9ATDdiU55R3Axp8t2Wdw&quot;,&quot;id&quot;:&quot;NIsdZ54RdFPmo5rk5o46&quot;},{&quot;accountno&quot;:&quot;TA-0000004&quot;,&quot;departmentno&quot;:&quot;1&quot;,&quot;salary&quot;:&quot;1&quot;,&quot;pincode&quot;:&quot;000002&quot;,&quot;userid&quot;:&quot;zkmNMhztAOmjb5NT2cL6&quot;,&quot;id&quot;:&quot;YIAhHRPQzXzWp7ldO76P&quot;},{&quot;accountno&quot;:&quot;TA-1122456&quot;,&quot;departmentno&quot;:8,&quot;salary&quot;:4564874,&quot;pincode&quot;:530016,&quot;userid&quot;:&quot;yNCXX8NruCfcrpuLyFMc&quot;,&quot;id&quot;:&quot;mTMIbYwz3JdEabA7lHpG&quot;},{&quot;accountno&quot;:&quot;TA-0000004&quot;,&quot;departmentno&quot;:&quot;1&quot;,&quot;salary&quot;:&quot;1&quot;,&quot;pincode&quot;:&quot;000002&quot;,&quot;userid&quot;:&quot;zkmNMhztAOmjb5NT2cL6&quot;,&quot;id&quot;:&quot;iXkjfDuTtZdCjPjuXiR7&quot;},{&quot;accountno&quot;:&quot;11111115&quot;,&quot;departmentno&quot;:&quot;1&quot;,&quot;salary&quot;:&quot;100011&quot;,&quot;pincode&quot;:&quot;612000&quot;,&quot;userid&quot;:&quot;m2IUsx9bvgkVwCXIt2Lg&quot;,&quot;id&quot;:&quot;L1hdKABplaRxdzf5Pbao&quot;},{&quot;accountno&quot;:&quot;22222222&quot;,&quot;departmentno&quot;:&quot;2&quot;,&quot;salary&quot;:&quot;500000&quot;,&quot;pincode&quot;:&quot;612001&quot;,&quot;userid&quot;:&quot;m2IUsx9bvgkVwCXIt2Lg&quot;,&quot;id&quot;:&quot;nrrTE3af9P34zM8VWQJo&quot;},{&quot;accountno&quot;:&quot;11111111&quot;,&quot;departmentno&quot;:&quot;1&quot;,&quot;salary&quot;:&quot;100011&quot;,&quot;pincode&quot;:&quot;612000&quot;,&quot;userid&quot;:&quot;m2IUsx9bvgkVwCXIt2Lg&quot;,&quot;id&quot;:&quot;eSscmt7kpvaPpCtYbPQd&quot;},{&quot;accountno&quot;:&quot;TA-0000004&quot;,&quot;departmentno&quot;:&quot;1&quot;,&quot;salary&quot;:&quot;1&quot;,&quot;pincode&quot;:&quot;000002&quot;,&quot;userid&quot;:&quot;zkmNMhztAOmjb5NT2cL6&quot;,&quot;id&quot;:&quot;3NitZfBDnrmYI9QHMQpS&quot;},{&quot;accountno&quot;:&quot;22222222&quot;,&quot;departmentno&quot;:&quot;2&quot;,&quot;salary&quot;:&quot;500000&quot;,&quot;pincode&quot;:&quot;612001&quot;,&quot;userid&quot;:&quot;m2IUsx9bvgkVwCXIt2Lg&quot;,&quot;id&quot;:&quot;ImMB5YK6OdvupG0zkqG2&quot;},{&quot;accountno&quot;:&quot;11111111&quot;,&quot;departmentno&quot;:&quot;1&quot;,&quot;salary&quot;:&quot;100011&quot;,&quot;pincode&quot;:&quot;612000&quot;,&quot;userid&quot;:&quot;m2IUsx9bvgkVwCXIt2Lg&quot;,&quot;id&quot;:&quot;RyGN3aNEQRmXsYq2zJwL&quot;},{&quot;accountno&quot;:&quot;TA-0000004&quot;,&quot;departmentno&quot;:&quot;1&quot;,&quot;salary&quot;:&quot;1&quot;,&quot;pincode&quot;:&quot;000002&quot;,&quot;userid&quot;:&quot;zkmNMhztAOmjb5NT2cL6&quot;,&quot;id&quot;:&quot;qbJZKEcJ47wJvQ05NZQB&quot;},{&quot;accountno&quot;:&quot;22222222&quot;,&quot;departmentno&quot;:&quot;2&quot;,&quot;salary&quot;:&quot;500000&quot;,&quot;pincode&quot;:&quot;612001&quot;,&quot;userid&quot;:&quot;m2IUsx9bvgkVwCXIt2Lg&quot;,&quot;id&quot;:&quot;cwZrvUhgAWG8QoyZKJEC&quot;},{&quot;accountno&quot;:&quot;11111111&quot;,&quot;departmentno&quot;:&quot;1&quot;,&quot;salary&quot;:&quot;100011&quot;,&quot;pincode&quot;:&quot;612000&quot;,&quot;userid&quot;:&quot;m2IUsx9bvgkVwCXIt2Lg&quot;,&quot;id&quot;:&quot;b0dXdPE3YwWLM3nHzDyU&quot;},{&quot;accountno&quot;:&quot;TA-0000004&quot;,&quot;departmentno&quot;:&quot;1&quot;,&quot;salary&quot;:&quot;1&quot;,&quot;pincode&quot;:&quot;000002&quot;,&quot;userid&quot;:&quot;zkmNMhztAOmjb5NT2cL6&quot;,&quot;id&quot;:&quot;PhsoS70zQ9Lu5gVLR6AH&quot;},{&quot;accountno&quot;:&quot;22222222&quot;,&quot;departmentno&quot;:&quot;2&quot;,&quot;salary&quot;:&quot;500000&quot;,&quot;pincode&quot;:&quot;612001&quot;,&quot;userid&quot;:&quot;m2IUsx9bvgkVwCXIt2Lg&quot;,&quot;id&quot;:&quot;UwJhIJONmcSr3P5syvzO&quot;},{&quot;accountno&quot;:&quot;11111111&quot;,&quot;departmentno&quot;:&quot;1&quot;,&quot;salary&quot;:&quot;100011&quot;,&quot;pincode&quot;:&quot;612000&quot;,&quot;userid&quot;:&quot;m2IUsx9bvgkVwCXIt2Lg&quot;,&quot;id&quot;:&quot;OmmHuH5CqWXvhzeX7Lsq&quot;},{&quot;accountno&quot;:&quot;TA-0000004&quot;,&quot;departmentno&quot;:&quot;1&quot;,&quot;salary&quot;:&quot;1&quot;,&quot;pincode&quot;:&quot;000002&quot;,&quot;userid&quot;:&quot;zkmNMhztAOmjb5NT2cL6&quot;,&quot;id&quot;:&quot;YMm0fm9DZcAy6dB9mz5i&quot;},{&quot;accountno&quot;:&quot;TA-0000004&quot;,&quot;departmentno&quot;:&quot;1&quot;,&quot;salary&quot;:&quot;1&quot;,&quot;pincode&quot;:&quot;000002&quot;,&quot;userid&quot;:&quot;zkmNMhztAOmjb5NT2cL6&quot;,&quot;id&quot;:&quot;3fPgO6zBtI7MSUgnljJn&quot;},{&quot;accountno&quot;:&quot;22222222&quot;,&quot;departmentno&quot;:&quot;2&quot;,&quot;salary&quot;:&quot;500000&quot;,&quot;pincode&quot;:&quot;612001&quot;,&quot;userid&quot;:&quot;m2IUsx9bvgkVwCXIt2Lg&quot;,&quot;id&quot;:&quot;xtW9humZXrRHXrEfnok9&quot;},{&quot;accountno&quot;:&quot;11111111&quot;,&quot;departmentno&quot;:&quot;1&quot;,&quot;salary&quot;:&quot;100011&quot;,&quot;pincode&quot;:&quot;612000&quot;,&quot;userid&quot;:&quot;m2IUsx9bvgkVwCXIt2Lg&quot;,&quot;id&quot;:&quot;CR7BgaweZmBH56DJoy75&quot;},{&quot;accountno&quot;:&quot;22222222&quot;,&quot;departmentno&quot;:&quot;2&quot;,&quot;salary&quot;:&quot;500000&quot;,&quot;pincode&quot;:&quot;612001&quot;,&quot;userid&quot;:&quot;m2IUsx9bvgkVwCXIt2Lg&quot;,&quot;id&quot;:&quot;ta2wMj8EACQqJJY4ppto&quot;},{&quot;accountno&quot;:&quot;11111111&quot;,&quot;departmentno&quot;:&quot;1&quot;,&quot;salary&quot;:&quot;100011&quot;,&quot;pincode&quot;:&quot;612000&quot;,&quot;userid&quot;:&quot;m2IUsx9bvgkVwCXIt2Lg&quot;,&quot;id&quot;:&quot;2vtBBcdrBd9waQzKJSyP&quot;},{&quot;accountno&quot;:&quot;22222222&quot;,&quot;departmentno&quot;:&quot;2&quot;,&quot;salary&quot;:&quot;500000&quot;,&quot;pincode&quot;:&quot;612001&quot;,&quot;userid&quot;:&quot;m2IUsx9bvgkVwCXIt2Lg&quot;,&quot;id&quot;:&quot;Tntuxtv49ykRoqD1O8eX&quot;},{&quot;accountno&quot;:&quot;11111111&quot;,&quot;departmentno&quot;:&quot;1&quot;,&quot;salary&quot;:&quot;100011&quot;,&quot;pincode&quot;:&quot;612000&quot;,&quot;userid&quot;:&quot;m2IUsx9bvgkVwCXIt2Lg&quot;,&quot;id&quot;:&quot;6ZLalQQR0Xt7LLyEHeE4&quot;},{&quot;accountno&quot;:&quot;22222222&quot;,&quot;departmentno&quot;:&quot;2&quot;,&quot;salary&quot;:&quot;500000&quot;,&quot;pincode&quot;:&quot;612001&quot;,&quot;userid&quot;:&quot;m2IUsx9bvgkVwCXIt2Lg&quot;,&quot;id&quot;:&quot;1qFiSFUzttifFD3K9BHH&quot;},{&quot;accountno&quot;:&quot;11111111&quot;,&quot;departmentno&quot;:&quot;1&quot;,&quot;salary&quot;:&quot;100011&quot;,&quot;pincode&quot;:&quot;612000&quot;,&quot;userid&quot;:&quot;m2IUsx9bvgkVwCXIt2Lg&quot;,&quot;id&quot;:&quot;6ggn5xWNSWlqJkpoKm1N&quot;},{&quot;accountno&quot;:&quot;22222222&quot;,&quot;departmentno&quot;:&quot;2&quot;,&quot;salary&quot;:&quot;500000&quot;,&quot;pincode&quot;:&quot;612001&quot;,&quot;userid&quot;:&quot;m2IUsx9bvgkVwCXIt2Lg&quot;,&quot;id&quot;:&quot;qHrBvozCEY4P11Hti2u4&quot;},{&quot;accountno&quot;:&quot;11111111&quot;,&quot;departmentno&quot;:&quot;1&quot;,&quot;salary&quot;:&quot;100011&quot;,&quot;pincode&quot;:&quot;612000&quot;,&quot;userid&quot;:&quot;m2IUsx9bvgkVwCXIt2Lg&quot;,&quot;id&quot;:&quot;nF1GTWo9FLV7YJGxUDQ3&quot;},{&quot;accountno&quot;:&quot;22222222&quot;,&quot;departmentno&quot;:&quot;2&quot;,&quot;salary&quot;:&quot;500000&quot;,&quot;pincode&quot;:&quot;612001&quot;,&quot;userid&quot;:&quot;m2IUsx9bvgkVwCXIt2Lg&quot;,&quot;id&quot;:&quot;RW5B1ngET0uEEBUXRBcq&quot;},{&quot;accountno&quot;:&quot;11111111&quot;,&quot;departmentno&quot;:&quot;1&quot;,&quot;salary&quot;:&quot;100011&quot;,&quot;pincode&quot;:&quot;612000&quot;,&quot;userid&quot;:&quot;m2IUsx9bvgkVwCXIt2Lg&quot;,&quot;id&quot;:&quot;hXrlkuN5603AFYzVFFPe&quot;},{&quot;accountno&quot;:&quot;22222222&quot;,&quot;departmentno&quot;:&quot;2&quot;,&quot;salary&quot;:&quot;500000&quot;,&quot;pincode&quot;:&quot;612001&quot;,&quot;userid&quot;:&quot;m2IUsx9bvgkVwCXIt2Lg&quot;,&quot;id&quot;:&quot;zbQpaFfRUtQyfyx7aYli&quot;},{&quot;accountno&quot;:&quot;11111111&quot;,&quot;departmentno&quot;:&quot;1&quot;,&quot;salary&quot;:&quot;100011&quot;,&quot;pincode&quot;:&quot;612000&quot;,&quot;userid&quot;:&quot;m2IUsx9bvgkVwCXIt2Lg&quot;,&quot;id&quot;:&quot;UGxg4RQBNVpILh8RGODg&quot;},{&quot;accountno&quot;:&quot;TA-1122456&quot;,&quot;departmentno&quot;:&quot;9&quot;,&quot;salary&quot;:&quot;4564874&quot;,&quot;pincode&quot;:&quot;530016&quot;,&quot;userid&quot;:&quot;yNCXX8NruCfcrpuLyFMc&quot;,&quot;id&quot;:&quot;qkj9PHAKQgHJlqNGq6Bg&quot;},{&quot;accountno&quot;:&quot;TA-3333333&quot;,&quot;departmentno&quot;:3,&quot;salary&quot;:3,&quot;pincode&quot;:333333,&quot;userid&quot;:&quot;5peqXdShya0PTZrXGvCk&quot;,&quot;id&quot;:&quot;zCzXqQ1MTyz57clb9nFD&quot;},{&quot;accountno&quot;:&quot;TA-3333333&quot;,&quot;departmentno&quot;:3,&quot;salary&quot;:3,&quot;pincode&quot;:333333,&quot;userid&quot;:&quot;5peqXdShya0PTZrXGvCk&quot;,&quot;id&quot;:&quot;VaVKNfpNLrloVU8nwIOx&quot;},{&quot;accountno&quot;:&quot;TA-3333333&quot;,&quot;departmentno&quot;:3,&quot;salary&quot;:3,&quot;pincode&quot;:333333,&quot;userid&quot;:&quot;5peqXdShya0PTZrXGvCk&quot;,&quot;id&quot;:&quot;It4VqSbPxHERx3Z7BiqP&quot;},{&quot;accountno&quot;:&quot;TA-000000&quot;,&quot;departmentno&quot;:3,&quot;salary&quot;:3,&quot;pincode&quot;:333333,&quot;userid&quot;:&quot;5peqXdShya0PTZrXGvCk&quot;,&quot;id&quot;:&quot;3znW1D8J3urzEZcwKspM&quot;},{&quot;accountno&quot;:&quot;TA-000000&quot;,&quot;departmentno&quot;:3,&quot;salary&quot;:3,&quot;pincode&quot;:333333,&quot;userid&quot;:&quot;5peqXdShya0PTZrXGvCk&quot;,&quot;id&quot;:&quot;zLTEkf37HWvY4Gw4oSX2&quot;},{&quot;accountno&quot;:&quot;TA-000000&quot;,&quot;departmentno&quot;:3,&quot;salary&quot;:3,&quot;pincode&quot;:333333,&quot;userid&quot;:&quot;5peqXdShya0PTZrXGvCk&quot;,&quot;id&quot;:&quot;M8u1pOFafqblJHZZc1G9&quot;},{&quot;accountno&quot;:&quot;TA-000000&quot;,&quot;departmentno&quot;:3,&quot;salary&quot;:3,&quot;pincode&quot;:333333,&quot;userid&quot;:&quot;5peqXdShya0PTZrXGvCk&quot;,&quot;id&quot;:&quot;XnYNWG7nfS6n1AcJRP6Z&quot;},{&quot;accountno&quot;:&quot;TA-000000&quot;,&quot;departmentno&quot;:3,&quot;salary&quot;:3,&quot;pincode&quot;:333333,&quot;userid&quot;:&quot;5peqXdShya0PTZrXGvCk&quot;,&quot;id&quot;:&quot;vDE1H3z1UL722CpSowcd&quot;},{&quot;accountno&quot;:&quot;TA-000000&quot;,&quot;departmentno&quot;:3,&quot;salary&quot;:3,&quot;pincode&quot;:333333,&quot;userid&quot;:&quot;5peqXdShya0PTZrXGvCk&quot;,&quot;id&quot;:&quot;vGhmKmpUW6Z3Mv13ynAc&quot;},{&quot;accountno&quot;:&quot;TA-3333333&quot;,&quot;departmentno&quot;:3,&quot;salary&quot;:3,&quot;pincode&quot;:333333,&quot;userid&quot;:&quot;5peqXdShya0PTZrXGvCk&quot;,&quot;id&quot;:&quot;KgaGwjsHerPePJm8RoM8&quot;},{&quot;accountno&quot;:&quot;TA-3333333&quot;,&quot;departmentno&quot;:3,&quot;salary&quot;:3,&quot;pincode&quot;:333333,&quot;userid&quot;:&quot;5peqXdShya0PTZrXGvCk&quot;,&quot;id&quot;:&quot;gFdxfr7TqXYZdzFccjfx&quot;},{&quot;accountno&quot;:&quot;TA-3333333&quot;,&quot;departmentno&quot;:3,&quot;salary&quot;:3,&quot;pincode&quot;:333333,&quot;userid&quot;:&quot;5peqXdShya0PTZrXGvCk&quot;,&quot;id&quot;:&quot;sXYjRuvkFWHMFTm8g8Zj&quot;},{&quot;accountno&quot;:&quot;TA-3333333&quot;,&quot;departmentno&quot;:3,&quot;salary&quot;:3,&quot;pincode&quot;:333333,&quot;userid&quot;:&quot;5peqXdShya0PTZrXGvCk&quot;,&quot;id&quot;:&quot;xviFaXnO0wllkRhlM0js&quot;},{&quot;accountno&quot;:&quot;TA-3333333&quot;,&quot;departmentno&quot;:3,&quot;salary&quot;:3,&quot;pincode&quot;:333333,&quot;userid&quot;:&quot;5peqXdShya0PTZrXGvCk&quot;,&quot;id&quot;:&quot;XAhyoPgHjVvbIAoUM2A9&quot;},{&quot;accountno&quot;:&quot;TA-3333333&quot;,&quot;departmentno&quot;:3,&quot;salary&quot;:3,&quot;pincode&quot;:333333,&quot;userid&quot;:&quot;5peqXdShya0PTZrXGvCk&quot;,&quot;id&quot;:&quot;brqTIofB1Q8BZMnvkZqH&quot;},{&quot;accountno&quot;:&quot;TA-3333333&quot;,&quot;departmentno&quot;:3,&quot;salary&quot;:3,&quot;pincode&quot;:333333,&quot;userid&quot;:&quot;5peqXdShya0PTZrXGvCk&quot;,&quot;id&quot;:&quot;Y167rx0XCWSkdPHtKtcV&quot;},{&quot;accountno&quot;:&quot; &quot;,&quot;departmentno&quot;:&quot; &quot;,&quot;salary&quot;:&quot;3&quot;,&quot;pincode&quot;:&quot; &quot;,&quot;userid&quot;:&quot;5peqXdShya0PTZrXGvCk&quot;,&quot;id&quot;:&quot;YDxKthumWJQFH9q8hiHK&quot;},{&quot;accountno&quot;:&quot;TA-3333333&quot;,&quot;departmentno&quot;:3,&quot;salary&quot;:3,&quot;pincode&quot;:333333,&quot;userid&quot;:&quot;5peqXdShya0PTZrXGvCk&quot;,&quot;id&quot;:&quot;yrAv7stmM0XlNNlWoGcI&quot;},{&quot;accountno&quot;:&quot;TA-3333333&quot;,&quot;departmentno&quot;:3,&quot;salary&quot;:3,&quot;pincode&quot;:333333,&quot;userid&quot;:&quot;5peqXdShya0PTZrXGvCk&quot;,&quot;id&quot;:&quot;K13AZFk21Lf8p5yCHWFp&quot;},{&quot;accountno&quot;:&quot;TA-3333333&quot;,&quot;departmentno&quot;:3,&quot;salary&quot;:3,&quot;pincode&quot;:333333,&quot;userid&quot;:&quot;5peqXdShya0PTZrXGvCk&quot;,&quot;id&quot;:&quot;mxDT8akrct41mDy2ziLR&quot;},{&quot;accountno&quot;:&quot;TA-3333333&quot;,&quot;departmentno&quot;:3,&quot;salary&quot;:3,&quot;pincode&quot;:333333,&quot;userid&quot;:&quot;5peqXdShya0PTZrXGvCk&quot;,&quot;id&quot;:&quot;M2s80DxJLyyd3CyJYYVt&quot;},{&quot;accountno&quot;:&quot;99999123&quot;,&quot;departmentno&quot;:&quot;1&quot;,&quot;salary&quot;:&quot;5333&quot;,&quot;pincode&quot;:&quot;901234&quot;,&quot;userid&quot;:&quot;Zkr5GwJhXN3dOEP2fImf&quot;,&quot;id&quot;:&quot;yjZtvWnGOQQRxQYvUVGb&quot;},{&quot;accountno&quot;:&quot;88884491&quot;,&quot;departmentno&quot;:&quot;1&quot;,&quot;salary&quot;:&quot;4000&quot;,&quot;pincode&quot;:&quot;763291&quot;,&quot;userid&quot;:&quot;Zkr5GwJhXN3dOEP2fImf&quot;,&quot;id&quot;:&quot;fjDCPO2EgrdJMwXWoROV&quot;},{&quot;accountno&quot;:&quot;TA-0000004&quot;,&quot;departmentno&quot;:&quot;1&quot;,&quot;salary&quot;:&quot;1325604&quot;,&quot;pincode&quot;:&quot;000002&quot;,&quot;userid&quot;:&quot;zkmNMhztAOmjb5NT2cL6&quot;,&quot;id&quot;:&quot;yowhEN6mjKqw6OnRqxB1&quot;},{&quot;accountno&quot;:&quot;TA-0000004&quot;,&quot;departmentno&quot;:&quot;1&quot;,&quot;salary&quot;:&quot;1&quot;,&quot;pincode&quot;:&quot;000002&quot;,&quot;userid&quot;:&quot;zkmNMhztAOmjb5NT2cL6&quot;,&quot;id&quot;:&quot;ZINc1vLIzMjxvy0exSVc&quot;},{&quot;accountno&quot;:&quot;01234567&quot;,&quot;departmentno&quot;:&quot;2&quot;,&quot;salary&quot;:&quot;6235873&quot;,&quot;pincode&quot;:&quot;012345&quot;,&quot;userid&quot;:&quot;udhBK3zB8LiJm9Crv8KY&quot;,&quot;id&quot;:&quot;KqIBApdEx4UMFF5VfkmS&quot;},{&quot;accountno&quot;:&quot;11100023&quot;,&quot;departmentno&quot;:&quot;1&quot;,&quot;salary&quot;:&quot;019838764&quot;,&quot;pincode&quot;:&quot;111222&quot;,&quot;userid&quot;:&quot;udhBK3zB8LiJm9Crv8KY&quot;,&quot;id&quot;:&quot;WzDuT4ZCa2NOtCxNzJBl&quot;},{&quot;accountno&quot;:&quot;91233478&quot;,&quot;departmentno&quot;:&quot;5&quot;,&quot;salary&quot;:&quot;5000&quot;,&quot;pincode&quot;:&quot;349012&quot;,&quot;userid&quot;:&quot;UbzKln8jt3iwGZ5iKVw2&quot;,&quot;id&quot;:&quot;7D0KPO3wphMnEQMy2TlO&quot;},{&quot;accountno&quot;:&quot;65478978&quot;,&quot;departmentno&quot;:&quot;5&quot;,&quot;salary&quot;:&quot;8000&quot;,&quot;pincode&quot;:&quot;65987&quot;,&quot;userid&quot;:&quot;UbzKln8jt3iwGZ5iKVw2&quot;,&quot;id&quot;:&quot;dbWceQoTKIeJML224tPr&quot;},{&quot;accountno&quot;:&quot;91233478&quot;,&quot;departmentno&quot;:&quot;5&quot;,&quot;salary&quot;:&quot;5000&quot;,&quot;pincode&quot;:&quot;901234&quot;,&quot;userid&quot;:&quot;UbzKln8jt3iwGZ5iKVw2&quot;,&quot;id&quot;:&quot;Yz3dRmnfS4avRMwIQUH5&quot;},{&quot;accountno&quot;:&quot;45678978&quot;,&quot;departmentno&quot;:&quot;5&quot;,&quot;salary&quot;:&quot;8000&quot;,&quot;pincode&quot;:&quot;98765&quot;,&quot;userid&quot;:&quot;UbzKln8jt3iwGZ5iKVw2&quot;,&quot;id&quot;:&quot;0cAzNKgQlllE3tPNgzEk&quot;},{&quot;accountno&quot;:&quot;91233478&quot;,&quot;departmentno&quot;:&quot;5&quot;,&quot;salary&quot;:&quot;5000&quot;,&quot;pincode&quot;:&quot;349012&quot;,&quot;userid&quot;:&quot;UbzKln8jt3iwGZ5iKVw2&quot;,&quot;id&quot;:&quot;tu9hgqcJVLWmQtp46PQM&quot;},{&quot;accountno&quot;:&quot;65478978&quot;,&quot;departmentno&quot;:&quot;5&quot;,&quot;salary&quot;:&quot;8000&quot;,&quot;pincode&quot;:&quot;65987&quot;,&quot;userid&quot;:&quot;UbzKln8jt3iwGZ5iKVw2&quot;,&quot;id&quot;:&quot;zsbfWI3PWrkymA36toHy&quot;},{&quot;accountno&quot;:&quot;91233478&quot;,&quot;departmentno&quot;:&quot;5&quot;,&quot;salary&quot;:&quot;5000&quot;,&quot;pincode&quot;:&quot;901234&quot;,&quot;userid&quot;:&quot;UbzKln8jt3iwGZ5iKVw2&quot;,&quot;id&quot;:&quot;jhviNC4FCsWlX683nhSQ&quot;},{&quot;accountno&quot;:&quot;45678978&quot;,&quot;departmentno&quot;:&quot;5&quot;,&quot;salary&quot;:&quot;8000&quot;,&quot;pincode&quot;:&quot;98765&quot;,&quot;userid&quot;:&quot;UbzKln8jt3iwGZ5iKVw2&quot;,&quot;id&quot;:&quot;SdcOSBEhXyw2RwAlvzH0&quot;},{&quot;accountno&quot;:&quot;TA-0000000&quot;,&quot;departmentno&quot;:&quot;2&quot;,&quot;salary&quot;:&quot;2&quot;,&quot;pincode&quot;:&quot;222222&quot;,&quot;userid&quot;:&quot;5peqXdShya0PTZrXGvCk&quot;,&quot;id&quot;:&quot;pNzVwZbv3QDsJDSOwvxD&quot;},{&quot;accountno&quot;:&quot; &quot;,&quot;departmentno&quot;:&quot; &quot;,&quot;salary&quot;:&quot;3&quot;,&quot;pincode&quot;:&quot; &quot;,&quot;userid&quot;:&quot;5peqXdShya0PTZrXGvCk&quot;,&quot;id&quot;:&quot;FOIv12zi44g6cXYYTngl&quot;},{&quot;accountno&quot;:&quot;TA-3333333&quot;,&quot;departmentno&quot;:3,&quot;salary&quot;:3,&quot;pincode&quot;:333333,&quot;userid&quot;:&quot;5peqXdShya0PTZrXGvCk&quot;,&quot;id&quot;:&quot;vhE19HsBFstnCDpnB2px&quot;},{&quot;accountno&quot;:&quot; &quot;,&quot;departmentno&quot;:&quot; &quot;,&quot;salary&quot;:&quot;3&quot;,&quot;pincode&quot;:&quot; &quot;,&quot;userid&quot;:&quot;5peqXdShya0PTZrXGvCk&quot;,&quot;id&quot;:&quot;UTnX7IajHybtyzpVY7uF&quot;},{&quot;accountno&quot;:&quot;TA-3333333&quot;,&quot;departmentno&quot;:3,&quot;salary&quot;:3,&quot;pincode&quot;:333333,&quot;userid&quot;:&quot;5peqXdShya0PTZrXGvCk&quot;,&quot;id&quot;:&quot;q2R3h6U79EJVJ61qA3MB&quot;},{&quot;accountno&quot;:&quot; &quot;,&quot;departmentno&quot;:&quot; &quot;,&quot;salary&quot;:&quot;3&quot;,&quot;pincode&quot;:&quot; &quot;,&quot;userid&quot;:&quot;5peqXdShya0PTZrXGvCk&quot;,&quot;id&quot;:&quot;S1IjCFVoRQGStAnxU7yR&quot;},{&quot;accountno&quot;:&quot;TA-3333333&quot;,&quot;departmentno&quot;:3,&quot;salary&quot;:3,&quot;pincode&quot;:333333,&quot;userid&quot;:&quot;5peqXdShya0PTZrXGvCk&quot;,&quot;id&quot;:&quot;k6pBx0aMWvv7k3FYJb6K&quot;},{&quot;accountno&quot;:&quot;TA-3333333&quot;,&quot;departmentno&quot;:3,&quot;salary&quot;:3,&quot;pincode&quot;:333333,&quot;userid&quot;:&quot;5peqXdShya0PTZrXGvCk&quot;,&quot;id&quot;:&quot;3mw9LpzWbaaQmpB0W98m&quot;},{&quot;accountno&quot;:&quot; &quot;,&quot;departmentno&quot;:&quot; &quot;,&quot;salary&quot;:&quot;3&quot;,&quot;pincode&quot;:&quot; &quot;,&quot;userid&quot;:&quot;5peqXdShya0PTZrXGvCk&quot;,&quot;id&quot;:&quot;OCIhxjGoWCU5IImDomrK&quot;},{&quot;accountno&quot;:&quot;TA-3333333&quot;,&quot;departmentno&quot;:3,&quot;salary&quot;:3,&quot;pincode&quot;:333333,&quot;userid&quot;:&quot;5peqXdShya0PTZrXGvCk&quot;,&quot;id&quot;:&quot;D0nxdANX09izls04QkpL&quot;},{&quot;accountno&quot;:&quot; &quot;,&quot;departmentno&quot;:&quot; &quot;,&quot;salary&quot;:&quot;3&quot;,&quot;pincode&quot;:&quot; &quot;,&quot;userid&quot;:&quot;5peqXdShya0PTZrXGvCk&quot;,&quot;id&quot;:&quot;xDDKqaBN5iYfmPTEvFFY&quot;},{&quot;accountno&quot;:&quot;TA-3333333&quot;,&quot;departmentno&quot;:3,&quot;salary&quot;:3,&quot;pincode&quot;:333333,&quot;userid&quot;:&quot;5peqXdShya0PTZrXGvCk&quot;,&quot;id&quot;:&quot;jWEncmOPLdOdNpyx0F7I&quot;},{&quot;accountno&quot;:&quot; &quot;,&quot;departmentno&quot;:&quot; &quot;,&quot;salary&quot;:&quot;3&quot;,&quot;pincode&quot;:&quot; &quot;,&quot;userid&quot;:&quot;5peqXdShya0PTZrXGvCk&quot;,&quot;id&quot;:&quot;ZJzZEunl83NfYDvhxx8G&quot;},{&quot;accountno&quot;:&quot;TA-3333333&quot;,&quot;departmentno&quot;:3,&quot;salary&quot;:3,&quot;pincode&quot;:333333,&quot;userid&quot;:&quot;5peqXdShya0PTZrXGvCk&quot;,&quot;id&quot;:&quot;8WAleLG6Mhzf8GOwmXV0&quot;},{&quot;accountno&quot;:&quot; &quot;,&quot;departmentno&quot;:&quot; &quot;,&quot;salary&quot;:&quot;3&quot;,&quot;pincode&quot;:&quot; &quot;,&quot;userid&quot;:&quot;5peqXdShya0PTZrXGvCk&quot;,&quot;id&quot;:&quot;UmkQGVdaUS5Mg9VTG1wG&quot;},{&quot;accountno&quot;:&quot;TA-3333333&quot;,&quot;departmentno&quot;:3,&quot;salary&quot;:3,&quot;pincode&quot;:333333,&quot;userid&quot;:&quot;5peqXdShya0PTZrXGvCk&quot;,&quot;id&quot;:&quot;X2NEHGQZUT581ZtZEmuO&quot;},{&quot;accountno&quot;:&quot; &quot;,&quot;departmentno&quot;:&quot; &quot;,&quot;salary&quot;:&quot;3&quot;,&quot;pincode&quot;:&quot; &quot;,&quot;userid&quot;:&quot;5peqXdShya0PTZrXGvCk&quot;,&quot;id&quot;:&quot;iOv9XJEWhgNE0tL4Bpvt&quot;},{&quot;accountno&quot;:&quot;TA-3333333&quot;,&quot;departmentno&quot;:3,&quot;salary&quot;:3,&quot;pincode&quot;:333333,&quot;userid&quot;:&quot;5peqXdShya0PTZrXGvCk&quot;,&quot;id&quot;:&quot;FYDyjvu5iiZiXoUHpPdL&quot;},{&quot;accountno&quot;:&quot; &quot;,&quot;departmentno&quot;:&quot; &quot;,&quot;salary&quot;:&quot;3&quot;,&quot;pincode&quot;:&quot; &quot;,&quot;userid&quot;:&quot;5peqXdShya0PTZrXGvCk&quot;,&quot;id&quot;:&quot;cVYHiER75dZZce1X1zWC&quot;},{&quot;accountno&quot;:&quot;TA-3333333&quot;,&quot;departmentno&quot;:3,&quot;salary&quot;:3,&quot;pincode&quot;:333333,&quot;userid&quot;:&quot;5peqXdShya0PTZrXGvCk&quot;,&quot;id&quot;:&quot;kFAGyqdjXMVScBIyvTSi&quot;},{&quot;accountno&quot;:&quot; &quot;,&quot;departmentno&quot;:&quot; &quot;,&quot;salary&quot;:&quot;3&quot;,&quot;pincode&quot;:&quot; &quot;,&quot;userid&quot;:&quot;5peqXdShya0PTZrXGvCk&quot;,&quot;id&quot;:&quot;Ph2b8sV6juqJpD0w3ksG&quot;},{&quot;accountno&quot;:&quot;TA-3333333&quot;,&quot;departmentno&quot;:3,&quot;salary&quot;:3,&quot;pincode&quot;:333333,&quot;userid&quot;:&quot;5peqXdShya0PTZrXGvCk&quot;,&quot;id&quot;:&quot;nr7aFTcWUsnfHwRfjQyB&quot;},{&quot;accountno&quot;:&quot; &quot;,&quot;departmentno&quot;:&quot; &quot;,&quot;salary&quot;:&quot;3&quot;,&quot;pincode&quot;:&quot; &quot;,&quot;userid&quot;:&quot;5peqXdShya0PTZrXGvCk&quot;,&quot;id&quot;:&quot;bNmLk8aJVVQg1QCC8zIL&quot;},{&quot;accountno&quot;:&quot;TA-3333333&quot;,&quot;departmentno&quot;:3,&quot;salary&quot;:3,&quot;pincode&quot;:333333,&quot;userid&quot;:&quot;5peqXdShya0PTZrXGvCk&quot;,&quot;id&quot;:&quot;QtjsV8W1Dc9ypR5jQQJ5&quot;},{&quot;accountno&quot;:&quot; &quot;,&quot;departmentno&quot;:&quot; &quot;,&quot;salary&quot;:&quot;3&quot;,&quot;pincode&quot;:&quot; &quot;,&quot;userid&quot;:&quot;5peqXdShya0PTZrXGvCk&quot;,&quot;id&quot;:&quot;fmw60SJXYNqFCbOXoMsM&quot;},{&quot;accountno&quot;:&quot;TA-3333333&quot;,&quot;departmentno&quot;:3,&quot;salary&quot;:3,&quot;pincode&quot;:333333,&quot;userid&quot;:&quot;5peqXdShya0PTZrXGvCk&quot;,&quot;id&quot;:&quot;2Eoqb8NSS3MvfDYfsDBw&quot;},{&quot;accountno&quot;:&quot;mnmnmnmnmnmnmn&quot;,&quot;departmentno&quot;:&quot;cdcdcddcd&quot;,&quot;salary&quot;:&quot;bbAAA&quot;,&quot;pincode&quot;:&quot;klmnop &quot;,&quot;userid&quot;:&quot;5peqXdShya0PTZrXGvCk&quot;,&quot;id&quot;:&quot;tzcU6DQxmP3eNpfGByth&quot;},{&quot;accountno&quot;:&quot; &quot;,&quot;departmentno&quot;:&quot; &quot;,&quot;salary&quot;:&quot;3&quot;,&quot;pincode&quot;:&quot; &quot;,&quot;userid&quot;:&quot;5peqXdShya0PTZrXGvCk&quot;,&quot;id&quot;:&quot;v1cgbsxSSuuvHG4eFtua&quot;},{&quot;accountno&quot;:&quot;w2w2w2w2w2w2w&quot;,&quot;departmentno&quot;:&quot;d3d3d3d3d&quot;,&quot;salary&quot;:&quot;3AAA&quot;,&quot;pincode&quot;:&quot;32we32ew &quot;,&quot;userid&quot;:&quot;5peqXdShya0PTZrXGvCk&quot;,&quot;id&quot;:&quot;Cx3iYxAsJqLadiSIjPco&quot;},{&quot;accountno&quot;:&quot;TA-3333333&quot;,&quot;departmentno&quot;:3,&quot;salary&quot;:3,&quot;pincode&quot;:333333,&quot;userid&quot;:&quot;5peqXdShya0PTZrXGvCk&quot;,&quot;id&quot;:&quot;liggyWLWykluon4ahVzY&quot;},{&quot;accountno&quot;:&quot;w2w2w2w2w2w2w&quot;,&quot;departmentno&quot;:&quot;d3d3d3d3d&quot;,&quot;salary&quot;:&quot;3AAA&quot;,&quot;pincode&quot;:&quot;32we32ew &quot;,&quot;userid&quot;:&quot;5peqXdShya0PTZrXGvCk&quot;,&quot;id&quot;:&quot;NTXyuHYBcH2OtUufHxsJ&quot;},{&quot;accountno&quot;:&quot;TA-3333333&quot;,&quot;departmentno&quot;:3,&quot;salary&quot;:3,&quot;pincode&quot;:333333,&quot;userid&quot;:&quot;5peqXdShya0PTZrXGvCk&quot;,&quot;id&quot;:&quot;8bVTj6b00dLb3b4lQPci&quot;},{&quot;accountno&quot;:&quot;w2w2w2w2w2w2w&quot;,&quot;departmentno&quot;:&quot;d3d3d3d3d&quot;,&quot;salary&quot;:&quot;3AAA&quot;,&quot;pincode&quot;:&quot;32we32ew &quot;,&quot;userid&quot;:&quot;5peqXdShya0PTZrXGvCk&quot;,&quot;id&quot;:&quot;YvzwJVwqRuAWgPXJAPVJ&quot;},{&quot;accountno&quot;:&quot;TA-3333333&quot;,&quot;departmentno&quot;:3,&quot;salary&quot;:3,&quot;pincode&quot;:333333,&quot;userid&quot;:&quot;5peqXdShya0PTZrXGvCk&quot;,&quot;id&quot;:&quot;gQWcxYQdoQhveL8AspmU&quot;},{&quot;accountno&quot;:&quot;w2w2w2w2w2w2w&quot;,&quot;departmentno&quot;:&quot;d3d3d3d3d&quot;,&quot;salary&quot;:&quot;3AAA&quot;,&quot;pincode&quot;:&quot;32we32ew &quot;,&quot;userid&quot;:&quot;5peqXdShya0PTZrXGvCk&quot;,&quot;id&quot;:&quot;5VbleNxnUH05UaSI6NQ0&quot;},{&quot;accountno&quot;:&quot;TA-3333333&quot;,&quot;departmentno&quot;:3,&quot;salary&quot;:3,&quot;pincode&quot;:333333,&quot;userid&quot;:&quot;5peqXdShya0PTZrXGvCk&quot;,&quot;id&quot;:&quot;JH4RHGzPjl3OxRBpDxOj&quot;},{&quot;accountno&quot;:&quot;w2w2w2w2w2w2w&quot;,&quot;departmentno&quot;:&quot;d3d3d3d3d&quot;,&quot;salary&quot;:&quot;3AAA&quot;,&quot;pincode&quot;:&quot;32we32ew &quot;,&quot;userid&quot;:&quot;5peqXdShya0PTZrXGvCk&quot;,&quot;id&quot;:&quot;tKlwsEuANesCjSmzgOLN&quot;},{&quot;accountno&quot;:&quot;TA-3333333&quot;,&quot;departmentno&quot;:3,&quot;salary&quot;:3,&quot;pincode&quot;:333333,&quot;userid&quot;:&quot;5peqXdShya0PTZrXGvCk&quot;,&quot;id&quot;:&quot;n93biBQgwHaArob8QPt1&quot;},{&quot;accountno&quot;:&quot;w2w2w2w2w2w2w&quot;,&quot;departmentno&quot;:&quot;d3d3d3d3d&quot;,&quot;salary&quot;:&quot;3AAA&quot;,&quot;pincode&quot;:&quot;32we32ew &quot;,&quot;userid&quot;:&quot;5peqXdShya0PTZrXGvCk&quot;,&quot;id&quot;:&quot;6ry0LbnUjONYTU5vWBcl&quot;},{&quot;accountno&quot;:&quot;TA-3333333&quot;,&quot;departmentno&quot;:3,&quot;salary&quot;:3,&quot;pincode&quot;:333333,&quot;userid&quot;:&quot;5peqXdShya0PTZrXGvCk&quot;,&quot;id&quot;:&quot;9cD3zwGSTbAp63J6kDiU&quot;},{&quot;accountno&quot;:&quot;w2w2w2w2w2w2w&quot;,&quot;departmentno&quot;:&quot;d3d3d3d3d&quot;,&quot;salary&quot;:&quot;3AAA&quot;,&quot;pincode&quot;:&quot;32we32ew &quot;,&quot;userid&quot;:&quot;5peqXdShya0PTZrXGvCk&quot;,&quot;id&quot;:&quot;fNDb2Nz9jtGvFv4fTMnt&quot;},{&quot;accountno&quot;:&quot;TA-3333333&quot;,&quot;departmentno&quot;:3,&quot;salary&quot;:3,&quot;pincode&quot;:333333,&quot;userid&quot;:&quot;5peqXdShya0PTZrXGvCk&quot;,&quot;id&quot;:&quot;FAsSUZJK4KNiGsxdPowo&quot;},{&quot;accountno&quot;:&quot;w2w2w2w2w2w2w&quot;,&quot;departmentno&quot;:&quot;d3d3d3d3d&quot;,&quot;salary&quot;:&quot;3AAA&quot;,&quot;pincode&quot;:&quot;32we32ew &quot;,&quot;userid&quot;:&quot;5peqXdShya0PTZrXGvCk&quot;,&quot;id&quot;:&quot;3Sxy1pgNkNipkit7KCci&quot;},{&quot;accountno&quot;:&quot;TA-3333333&quot;,&quot;departmentno&quot;:3,&quot;salary&quot;:3,&quot;pincode&quot;:333333,&quot;userid&quot;:&quot;5peqXdShya0PTZrXGvCk&quot;,&quot;id&quot;:&quot;GkvlsWs7jwti5RmmQH4D&quot;},{&quot;accountno&quot;:&quot;w2w2w2w2w2w2w&quot;,&quot;departmentno&quot;:&quot;d3d3d3d3d&quot;,&quot;salary&quot;:&quot;3AAA&quot;,&quot;pincode&quot;:&quot;32we32ew &quot;,&quot;userid&quot;:&quot;5peqXdShya0PTZrXGvCk&quot;,&quot;id&quot;:&quot;LmIFz55ao3rVHXZ6N9dC&quot;},{&quot;accountno&quot;:&quot;TA-3333333&quot;,&quot;departmentno&quot;:3,&quot;salary&quot;:3,&quot;pincode&quot;:333333,&quot;userid&quot;:&quot;5peqXdShya0PTZrXGvCk&quot;,&quot;id&quot;:&quot;SLQy2H1a1aR82h8oOtCT&quot;},{&quot;accountno&quot;:&quot;w2w2w2w2w2w2w&quot;,&quot;departmentno&quot;:&quot;d3d3d3d3d&quot;,&quot;salary&quot;:&quot;3AAA&quot;,&quot;pincode&quot;:&quot;32we32ew &quot;,&quot;userid&quot;:&quot;5peqXdShya0PTZrXGvCk&quot;,&quot;id&quot;:&quot;0cFfJCEGEUKOekVQEoKP&quot;},{&quot;accountno&quot;:&quot;TA-3333333&quot;,&quot;departmentno&quot;:3,&quot;salary&quot;:3,&quot;pincode&quot;:333333,&quot;userid&quot;:&quot;5peqXdShya0PTZrXGvCk&quot;,&quot;id&quot;:&quot;ugkuOuFNFaaNGASnRGEx&quot;},{&quot;accountno&quot;:&quot;w2w2w2w2w2w2w&quot;,&quot;departmentno&quot;:&quot;d3d3d3d3d&quot;,&quot;salary&quot;:&quot;3AAA&quot;,&quot;pincode&quot;:&quot;32we32ew &quot;,&quot;userid&quot;:&quot;5peqXdShya0PTZrXGvCk&quot;,&quot;id&quot;:&quot;h6cBA3abdbK666MIfYBB&quot;},{&quot;accountno&quot;:&quot;TA-3333333&quot;,&quot;departmentno&quot;:3,&quot;salary&quot;:3,&quot;pincode&quot;:333333,&quot;userid&quot;:&quot;5peqXdShya0PTZrXGvCk&quot;,&quot;id&quot;:&quot;wsytKwcE4jgllBpvgb2G&quot;},{&quot;accountno&quot;:&quot;w2w2w2w2w2w2w&quot;,&quot;departmentno&quot;:&quot;d3d3d3d3d&quot;,&quot;salary&quot;:&quot;3AAA&quot;,&quot;pincode&quot;:&quot;32we32ew &quot;,&quot;userid&quot;:&quot;5peqXdShya0PTZrXGvCk&quot;,&quot;id&quot;:&quot;hvBbCu6dFNHCJr0myDMH&quot;},{&quot;accountno&quot;:&quot;TA-3333333&quot;,&quot;departmentno&quot;:3,&quot;salary&quot;:3,&quot;pincode&quot;:333333,&quot;userid&quot;:&quot;5peqXdShya0PTZrXGvCk&quot;,&quot;id&quot;:&quot;cJEI8TBqOSYQYM7nvBdU&quot;},{&quot;accountno&quot;:&quot;w2w2w2w2w2w2w&quot;,&quot;departmentno&quot;:&quot;d3d3d3d3d&quot;,&quot;salary&quot;:&quot;3AAA&quot;,&quot;pincode&quot;:&quot;32we32ew &quot;,&quot;userid&quot;:&quot;5peqXdShya0PTZrXGvCk&quot;,&quot;id&quot;:&quot;SL0wWIWxvIvJGDLOOjqW&quot;},{&quot;accountno&quot;:&quot;TA-3333333&quot;,&quot;departmentno&quot;:3,&quot;salary&quot;:3,&quot;pincode&quot;:333333,&quot;userid&quot;:&quot;5peqXdShya0PTZrXGvCk&quot;,&quot;id&quot;:&quot;frad38HxP9fF5rRvChe6&quot;},{&quot;accountno&quot;:&quot; &quot;,&quot;departmentno&quot;:&quot; &quot;,&quot;salary&quot;:&quot;3&quot;,&quot;pincode&quot;:&quot; &quot;,&quot;userid&quot;:&quot;5peqXdShya0PTZrXGvCk&quot;,&quot;id&quot;:&quot;LWwkVXALzbBk3SQhg99P&quot;},{&quot;accountno&quot;:&quot;TA-3333333&quot;,&quot;departmentno&quot;:3,&quot;salary&quot;:3,&quot;pincode&quot;:333333,&quot;userid&quot;:&quot;5peqXdShya0PTZrXGvCk&quot;,&quot;id&quot;:&quot;C0Z2j1iygwwG8t1HOybv&quot;},{&quot;accountno&quot;:&quot; &quot;,&quot;departmentno&quot;:&quot; &quot;,&quot;salary&quot;:&quot;3&quot;,&quot;pincode&quot;:&quot; &quot;,&quot;userid&quot;:&quot;5peqXdShya0PTZrXGvCk&quot;,&quot;id&quot;:&quot;cHLeuEylVeERnYghDwTd&quot;},{&quot;accountno&quot;:&quot;TA-3333333&quot;,&quot;departmentno&quot;:3,&quot;salary&quot;:3,&quot;pincode&quot;:333333,&quot;userid&quot;:&quot;5peqXdShya0PTZrXGvCk&quot;,&quot;id&quot;:&quot;cU48MYuyL2vDVAdqhtj6&quot;},{&quot;accountno&quot;:&quot;TA-3333333&quot;,&quot;departmentno&quot;:3,&quot;salary&quot;:3,&quot;pincode&quot;:333333,&quot;userid&quot;:&quot;5peqXdShya0PTZrXGvCk&quot;,&quot;id&quot;:&quot;H4r9CmVExiSk8CZYAAPR&quot;},{&quot;accountno&quot;:&quot;91233478&quot;,&quot;departmentno&quot;:&quot;5&quot;,&quot;salary&quot;:&quot;5000&quot;,&quot;pincode&quot;:&quot;349012&quot;,&quot;userid&quot;:&quot;UbzKln8jt3iwGZ5iKVw2&quot;,&quot;id&quot;:&quot;JRtWVw2RbKBJjZxWRpe6&quot;},{&quot;accountno&quot;:&quot;65478978&quot;,&quot;departmentno&quot;:&quot;5&quot;,&quot;salary&quot;:&quot;8000&quot;,&quot;pincode&quot;:&quot;65987&quot;,&quot;userid&quot;:&quot;UbzKln8jt3iwGZ5iKVw2&quot;,&quot;id&quot;:&quot;7tv81OudZBMWmT7vvD0M&quot;},{&quot;accountno&quot;:&quot;91233478&quot;,&quot;departmentno&quot;:&quot;5&quot;,&quot;salary&quot;:&quot;5000&quot;,&quot;pincode&quot;:&quot;901234&quot;,&quot;userid&quot;:&quot;UbzKln8jt3iwGZ5iKVw2&quot;,&quot;id&quot;:&quot;h1IxU5AZQkz80rGAt0VS&quot;},{&quot;accountno&quot;:&quot;45678978&quot;,&quot;departmentno&quot;:&quot;5&quot;,&quot;salary&quot;:&quot;8000&quot;,&quot;pincode&quot;:&quot;98765&quot;,&quot;userid&quot;:&quot;UbzKln8jt3iwGZ5iKVw2&quot;,&quot;id&quot;:&quot;1GeEIyCRkEdP0Lq5OSkZ&quot;},{&quot;accountno&quot;:&quot;91233478&quot;,&quot;departmentno&quot;:&quot;5&quot;,&quot;salary&quot;:&quot;5000&quot;,&quot;pincode&quot;:&quot;349012&quot;,&quot;userid&quot;:&quot;UbzKln8jt3iwGZ5iKVw2&quot;,&quot;id&quot;:&quot;jDimp9cjafXkWi1wtpc4&quot;},{&quot;accountno&quot;:&quot;65478978&quot;,&quot;departmentno&quot;:&quot;5&quot;,&quot;salary&quot;:&quot;8000&quot;,&quot;pincode&quot;:&quot;65987&quot;,&quot;userid&quot;:&quot;UbzKln8jt3iwGZ5iKVw2&quot;,&quot;id&quot;:&quot;nKi8hxMPNd1Q744Lb6Ax&quot;},{&quot;accountno&quot;:&quot;91233478&quot;,&quot;departmentno&quot;:&quot;5&quot;,&quot;salary&quot;:&quot;5000&quot;,&quot;pincode&quot;:&quot;901234&quot;,&quot;userid&quot;:&quot;UbzKln8jt3iwGZ5iKVw2&quot;,&quot;id&quot;:&quot;Tlfsvpn5ii2QVtjg0R3P&quot;},{&quot;accountno&quot;:&quot;45678978&quot;,&quot;departmentno&quot;:&quot;5&quot;,&quot;salary&quot;:&quot;8000&quot;,&quot;pincode&quot;:&quot;98765&quot;,&quot;userid&quot;:&quot;UbzKln8jt3iwGZ5iKVw2&quot;,&quot;id&quot;:&quot;9RUZfnUYtS4ZJ47jmUP9&quot;},{&quot;accountno&quot;:&quot;TA-3333333&quot;,&quot;departmentno&quot;:3,&quot;salary&quot;:3,&quot;pincode&quot;:333333,&quot;userid&quot;:&quot;5peqXdShya0PTZrXGvCk&quot;,&quot;id&quot;:&quot;Wv1invHNjYmTw0QzxPrZ&quot;},{&quot;accountno&quot;:&quot;91233478&quot;,&quot;departmentno&quot;:&quot;5&quot;,&quot;salary&quot;:&quot;5000&quot;,&quot;pincode&quot;:&quot;349012&quot;,&quot;userid&quot;:&quot;UbzKln8jt3iwGZ5iKVw2&quot;,&quot;id&quot;:&quot;QNtWgQqAWXR0lVKKvmzO&quot;},{&quot;accountno&quot;:&quot;65478978&quot;,&quot;departmentno&quot;:&quot;5&quot;,&quot;salary&quot;:&quot;8000&quot;,&quot;pincode&quot;:&quot;65987&quot;,&quot;userid&quot;:&quot;UbzKln8jt3iwGZ5iKVw2&quot;,&quot;id&quot;:&quot;1AHFOEdupauDYfMRuDQM&quot;},{&quot;accountno&quot;:&quot;91233478&quot;,&quot;departmentno&quot;:&quot;5&quot;,&quot;salary&quot;:&quot;5000&quot;,&quot;pincode&quot;:&quot;901234&quot;,&quot;userid&quot;:&quot;UbzKln8jt3iwGZ5iKVw2&quot;,&quot;id&quot;:&quot;uIugruo4kPA06cYORy9i&quot;},{&quot;accountno&quot;:&quot;45678978&quot;,&quot;departmentno&quot;:&quot;5&quot;,&quot;salary&quot;:&quot;8000&quot;,&quot;pincode&quot;:&quot;98765&quot;,&quot;userid&quot;:&quot;UbzKln8jt3iwGZ5iKVw2&quot;,&quot;id&quot;:&quot;3rzy6bDKBM4L3Sgy6e3c&quot;},{&quot;accountno&quot;:&quot;91233478&quot;,&quot;departmentno&quot;:&quot;5&quot;,&quot;salary&quot;:&quot;5000&quot;,&quot;pincode&quot;:&quot;349012&quot;,&quot;userid&quot;:&quot;UbzKln8jt3iwGZ5iKVw2&quot;,&quot;id&quot;:&quot;3x7wB67Fs6M36ilxxIdB&quot;},{&quot;accountno&quot;:&quot;65478978&quot;,&quot;departmentno&quot;:&quot;5&quot;,&quot;salary&quot;:&quot;8000&quot;,&quot;pincode&quot;:&quot;65987&quot;,&quot;userid&quot;:&quot;UbzKln8jt3iwGZ5iKVw2&quot;,&quot;id&quot;:&quot;9TAvQueTaxBDPoHkUiCY&quot;},{&quot;accountno&quot;:&quot;91233478&quot;,&quot;departmentno&quot;:&quot;5&quot;,&quot;salary&quot;:&quot;5000&quot;,&quot;pincode&quot;:&quot;901234&quot;,&quot;userid&quot;:&quot;UbzKln8jt3iwGZ5iKVw2&quot;,&quot;id&quot;:&quot;4TVGZQO6Jhul0asExPHx&quot;},{&quot;accountno&quot;:&quot;45678978&quot;,&quot;departmentno&quot;:&quot;5&quot;,&quot;salary&quot;:&quot;8000&quot;,&quot;pincode&quot;:&quot;98765&quot;,&quot;userid&quot;:&quot;UbzKln8jt3iwGZ5iKVw2&quot;,&quot;id&quot;:&quot;JBRrxZAjxe2wwumpyMsV&quot;},{&quot;accountno&quot;:&quot;TA-1234567&quot;,&quot;departmentno&quot;:&quot;1&quot;,&quot;salary&quot;:&quot;3&quot;,&quot;pincode&quot;:&quot;222222&quot;,&quot;userid&quot;:&quot;d966psJS1G0lXYaj5GZJ&quot;,&quot;id&quot;:&quot;CvokD9j3MIaUvbMsI7ND&quot;},{&quot;accountno&quot;:&quot;TA-1237899&quot;,&quot;departmentno&quot;:&quot;4&quot;,&quot;salary&quot;:&quot;333&quot;,&quot;pincode&quot;:&quot;141010&quot;,&quot;userid&quot;:&quot;d966psJS1G0lXYaj5GZJ&quot;,&quot;id&quot;:&quot;ssMzX1tRwpUNixteB5a6&quot;},{&quot;accountno&quot;:&quot;TA-1234546&quot;,&quot;departmentno&quot;:&quot;3&quot;,&quot;salary&quot;:&quot;333&quot;,&quot;pincode&quot;:&quot;142022&quot;,&quot;userid&quot;:&quot;d966psJS1G0lXYaj5GZJ&quot;,&quot;id&quot;:&quot;QW2f5wXlObIYLxlyW0AN&quot;},{&quot;accountno&quot;:&quot;TA-1818188&quot;,&quot;departmentno&quot;:&quot;1&quot;,&quot;salary&quot;:&quot;&quot;,&quot;pincode&quot;:&quot;&quot;,&quot;userid&quot;:&quot;9ATDdiU55R3Axp8t2Wdw&quot;,&quot;id&quot;:&quot;CEN3JGLQ1PLVkikw1i2y&quot;},{&quot;accountno&quot;:&quot;TA-0206193&quot;,&quot;departmentno&quot;:&quot;123&quot;,&quot;salary&quot;:&quot;1000000&quot;,&quot;pincode&quot;:&quot;2555555&quot;,&quot;userid&quot;:&quot;9ATDdiU55R3Axp8t2Wdw&quot;,&quot;id&quot;:&quot;Mhgo1vgoDOPXACVZfRzm&quot;},{&quot;accountno&quot;:&quot;TA-261&quot;,&quot;departmentno&quot;:&quot;1&quot;,&quot;salary&quot;:&quot;1000000&quot;,&quot;pincode&quot;:&quot;2555555&quot;,&quot;userid&quot;:&quot;9ATDdiU55R3Axp8t2Wdw&quot;,&quot;id&quot;:&quot;iEd0hamJdxCquTheCOLn&quot;},{&quot;accountno&quot;:&quot;TA-1818188&quot;,&quot;departmentno&quot;:&quot;1&quot;,&quot;salary&quot;:&quot;&quot;,&quot;pincode&quot;:&quot;&quot;,&quot;userid&quot;:&quot;9ATDdiU55R3Axp8t2Wdw&quot;,&quot;id&quot;:&quot;nUbi1XplTydSfRdzbyB0&quot;},{&quot;accountno&quot;:&quot;TA-0206193&quot;,&quot;departmentno&quot;:&quot;123&quot;,&quot;salary&quot;:&quot;1000000&quot;,&quot;pincode&quot;:&quot;2555555&quot;,&quot;userid&quot;:&quot;9ATDdiU55R3Axp8t2Wdw&quot;,&quot;id&quot;:&quot;EhXYfDukcDnEdF7VWUAf&quot;},{&quot;accountno&quot;:&quot;TA-261&quot;,&quot;departmentno&quot;:&quot;1&quot;,&quot;salary&quot;:&quot;1000000&quot;,&quot;pincode&quot;:&quot;2555555&quot;,&quot;userid&quot;:&quot;9ATDdiU55R3Axp8t2Wdw&quot;,&quot;id&quot;:&quot;biZM0Ss4AJIB8oH4YVN8&quot;},{&quot;accountno&quot;:&quot;TA-2610151&quot;,&quot;departmentno&quot;:&quot;1&quot;,&quot;salary&quot;:&quot;1000000&quot;,&quot;pincode&quot;:&quot;2555555&quot;,&quot;userid&quot;:&quot;9ATDdiU55R3Axp8t2Wdw&quot;,&quot;id&quot;:&quot;Q5QfFnhqPI99Xfyou4Cn&quot;},{&quot;accountno&quot;:&quot;TA-1818188&quot;,&quot;departmentno&quot;:&quot;1&quot;,&quot;salary&quot;:&quot;&quot;,&quot;pincode&quot;:&quot;&quot;,&quot;userid&quot;:&quot;9ATDdiU55R3Axp8t2Wdw&quot;,&quot;id&quot;:&quot;IOK7X9PNDyaLUgwQgiq1&quot;},{&quot;accountno&quot;:&quot;TA-0206193&quot;,&quot;departmentno&quot;:&quot;123&quot;,&quot;salary&quot;:&quot;1000000&quot;,&quot;pincode&quot;:&quot;2555555&quot;,&quot;userid&quot;:&quot;9ATDdiU55R3Axp8t2Wdw&quot;,&quot;id&quot;:&quot;rcS0UJwL4vDFkCEOkj3J&quot;},{&quot;accountno&quot;:&quot;TA-261&quot;,&quot;departmentno&quot;:&quot;1&quot;,&quot;salary&quot;:&quot;1000000&quot;,&quot;pincode&quot;:&quot;2555555&quot;,&quot;userid&quot;:&quot;9ATDdiU55R3Axp8t2Wdw&quot;,&quot;id&quot;:&quot;ioeswAEdajwOXk8NB9HA&quot;},{&quot;accountno&quot;:&quot;TA-261&quot;,&quot;departmentno&quot;:&quot;1&quot;,&quot;salary&quot;:&quot;1000000&quot;,&quot;pincode&quot;:&quot;2555555&quot;,&quot;userid&quot;:&quot;9ATDdiU55R3Axp8t2Wdw&quot;,&quot;id&quot;:&quot;KhiHsOwyzCgIXPPCFSUL&quot;},{&quot;accountno&quot;:&quot;TA-0206193&quot;,&quot;departmentno&quot;:&quot;123&quot;,&quot;salary&quot;:&quot;1000000&quot;,&quot;pincode&quot;:&quot;2555555&quot;,&quot;userid&quot;:&quot;9ATDdiU55R3Axp8t2Wdw&quot;,&quot;id&quot;:&quot;ex5pVtmnr3L5ZYTRJVkz&quot;},{&quot;accountno&quot;:&quot;TA-261&quot;,&quot;departmentno&quot;:&quot;1&quot;,&quot;salary&quot;:&quot;1000000&quot;,&quot;pincode&quot;:&quot;2555555&quot;,&quot;userid&quot;:&quot;9ATDdiU55R3Axp8t2Wdw&quot;,&quot;id&quot;:&quot;tNIMxv7YbjIQes3o8wTZ&quot;},{&quot;accountno&quot;:&quot;TA-261&quot;,&quot;departmentno&quot;:&quot;1&quot;,&quot;salary&quot;:&quot;1000000&quot;,&quot;pincode&quot;:&quot;2555555&quot;,&quot;userid&quot;:&quot;9ATDdiU55R3Axp8t2Wdw&quot;,&quot;id&quot;:&quot;WwnNzTYr0bxS2TiqCQRC&quot;},{&quot;accountno&quot;:&quot;TA-261&quot;,&quot;departmentno&quot;:&quot;1&quot;,&quot;salary&quot;:&quot;1000000&quot;,&quot;pincode&quot;:&quot;2555555&quot;,&quot;userid&quot;:&quot;9ATDdiU55R3Axp8t2Wdw&quot;,&quot;id&quot;:&quot;dt3c4RRmVvEJeBwk8Hff&quot;},{&quot;accountno&quot;:&quot;TA-2610151&quot;,&quot;departmentno&quot;:&quot;1&quot;,&quot;salary&quot;:&quot;1000000&quot;,&quot;pincode&quot;:&quot;2555555&quot;,&quot;userid&quot;:&quot;9ATDdiU55R3Axp8t2Wdw&quot;,&quot;id&quot;:&quot;b0oPZ5oueQmdUWtgbAFE&quot;},{&quot;accountno&quot;:&quot;TA-2610151&quot;,&quot;departmentno&quot;:&quot;1&quot;,&quot;salary&quot;:&quot;1000000&quot;,&quot;pincode&quot;:&quot;2555555&quot;,&quot;userid&quot;:&quot;9ATDdiU55R3Axp8t2Wdw&quot;,&quot;id&quot;:&quot;X9XqHfmMx6nZg5KeA0E5&quot;},{&quot;accountno&quot;:&quot;59192356&quot;,&quot;departmentno&quot;:&quot;1&quot;,&quot;salary&quot;:&quot;61200&quot;,&quot;pincode&quot;:&quot;560064&quot;,&quot;userid&quot;:&quot;STPlkSG4zB7TihoZ78KK&quot;,&quot;id&quot;:&quot;ty8kq1pY6W7VAuqUMPE3&quot;},{&quot;accountno&quot;:&quot;@#$%^&amp;*&quot;,&quot;departmentno&quot;:&quot;Ganges11&quot;,&quot;salary&quot;:&quot;@#$%^&amp;*&quot;,&quot;pincode&quot;:&quot;!~!~!~&quot;,&quot;userid&quot;:&quot;5peqXdShya0PTZrXGvCk&quot;,&quot;id&quot;:&quot;S4pTNDnbewMDsYJyPmJ7&quot;},{&quot;accountno&quot;:&quot;TA-3333333&quot;,&quot;departmentno&quot;:&quot;3&quot;,&quot;salary&quot;:&quot;3&quot;,&quot;pincode&quot;:&quot;333333&quot;,&quot;userid&quot;:&quot;5peqXdShya0PTZrXGvCk&quot;,&quot;id&quot;:&quot;v5FyiEbMCb9kk2OVujWd&quot;},{&quot;accountno&quot;:&quot;@#$%^&amp;*&quot;,&quot;departmentno&quot;:&quot;Ganges11&quot;,&quot;salary&quot;:&quot;@#$%^&amp;*&quot;,&quot;pincode&quot;:&quot;!~!~!~&quot;,&quot;userid&quot;:&quot;5peqXdShya0PTZrXGvCk&quot;,&quot;id&quot;:&quot;d938DttTezhpIJZUr4qb&quot;},{&quot;accountno&quot;:&quot;TA-3333333&quot;,&quot;departmentno&quot;:&quot;3&quot;,&quot;salary&quot;:&quot;3&quot;,&quot;pincode&quot;:&quot;333333&quot;,&quot;userid&quot;:&quot;5peqXdShya0PTZrXGvCk&quot;,&quot;id&quot;:&quot;uqBgd80hDl6Mpxxw2TYS&quot;},{&quot;accountno&quot;:&quot;@#$%^&amp;*&quot;,&quot;departmentno&quot;:&quot;Ganges11&quot;,&quot;salary&quot;:&quot;@#$%^&amp;*&quot;,&quot;pincode&quot;:&quot;!~!~!~&quot;,&quot;userid&quot;:&quot;5peqXdShya0PTZrXGvCk&quot;,&quot;id&quot;:&quot;NmD7T3bNYPPZ4fMNUsM4&quot;},{&quot;accountno&quot;:&quot;TA-3333333&quot;,&quot;departmentno&quot;:&quot;3&quot;,&quot;salary&quot;:&quot;3&quot;,&quot;pincode&quot;:&quot;333333&quot;,&quot;userid&quot;:&quot;5peqXdShya0PTZrXGvCk&quot;,&quot;id&quot;:&quot;He5ZJvOCy9hsTqgHt2Uz&quot;},{&quot;accountno&quot;:&quot;@#$%^&amp;*&quot;,&quot;departmentno&quot;:&quot;Ganges11&quot;,&quot;salary&quot;:&quot;@#$%^&amp;*&quot;,&quot;pincode&quot;:&quot;!~!~!~&quot;,&quot;userid&quot;:&quot;5peqXdShya0PTZrXGvCk&quot;,&quot;id&quot;:&quot;YM4ZRnuBzx5yD7x7C6y6&quot;},{&quot;accountno&quot;:&quot;TA-3333333&quot;,&quot;departmentno&quot;:&quot;3&quot;,&quot;salary&quot;:&quot;3&quot;,&quot;pincode&quot;:&quot;333333&quot;,&quot;userid&quot;:&quot;5peqXdShya0PTZrXGvCk&quot;,&quot;id&quot;:&quot;418TqHmm5KAPF186gD1E&quot;},{&quot;accountno&quot;:&quot;@#$%^&amp;*&quot;,&quot;departmentno&quot;:&quot;Ganges11&quot;,&quot;salary&quot;:&quot;@#$%^&amp;*&quot;,&quot;pincode&quot;:&quot;!~!~!~&quot;,&quot;userid&quot;:&quot;5peqXdShya0PTZrXGvCk&quot;,&quot;id&quot;:&quot;EX7EgRq5gzcDTO79Z8Pj&quot;},{&quot;accountno&quot;:&quot;TA-3333333&quot;,&quot;departmentno&quot;:&quot;3&quot;,&quot;salary&quot;:&quot;3&quot;,&quot;pincode&quot;:&quot;333333&quot;,&quot;userid&quot;:&quot;5peqXdShya0PTZrXGvCk&quot;,&quot;id&quot;:&quot;AoYsb9RKvNTWMQvajy5l&quot;},{&quot;accountno&quot;:&quot;@#$%^&amp;*&quot;,&quot;departmentno&quot;:&quot;Ganges11&quot;,&quot;salary&quot;:&quot;@#$%^&amp;*&quot;,&quot;pincode&quot;:&quot;!~!~!~&quot;,&quot;userid&quot;:&quot;5peqXdShya0PTZrXGvCk&quot;,&quot;id&quot;:&quot;1Uoy2V19hHchvM9H8h56&quot;},{&quot;accountno&quot;:&quot;TA-3333333&quot;,&quot;departmentno&quot;:&quot;3&quot;,&quot;salary&quot;:&quot;3&quot;,&quot;pincode&quot;:&quot;333333&quot;,&quot;userid&quot;:&quot;5peqXdShya0PTZrXGvCk&quot;,&quot;id&quot;:&quot;qFSMuxr9qMNBrjrDUwfq&quot;},{&quot;accountno&quot;:&quot;@#$%^&amp;*&quot;,&quot;departmentno&quot;:&quot;Ganges11&quot;,&quot;salary&quot;:&quot;@#$%^&amp;*&quot;,&quot;pincode&quot;:&quot;!~!~!~&quot;,&quot;userid&quot;:&quot;5peqXdShya0PTZrXGvCk&quot;,&quot;id&quot;:&quot;qfBxD80HDuBx2pPqfu0R&quot;},{&quot;accountno&quot;:&quot;TA-3333333&quot;,&quot;departmentno&quot;:&quot;3&quot;,&quot;salary&quot;:&quot;3&quot;,&quot;pincode&quot;:&quot;333333&quot;,&quot;userid&quot;:&quot;5peqXdShya0PTZrXGvCk&quot;,&quot;id&quot;:&quot;BQP6JjxsC8o7yoB634ns&quot;},{&quot;accountno&quot;:&quot;@#$%^&amp;*&quot;,&quot;departmentno&quot;:&quot;Ganges11&quot;,&quot;salary&quot;:&quot;@#$%^&amp;*&quot;,&quot;pincode&quot;:&quot;!~!~!~&quot;,&quot;userid&quot;:&quot;5peqXdShya0PTZrXGvCk&quot;,&quot;id&quot;:&quot;wBE9favzArWos6d4JV5e&quot;},{&quot;accountno&quot;:&quot;TA-3333333&quot;,&quot;departmentno&quot;:&quot;3&quot;,&quot;salary&quot;:&quot;3&quot;,&quot;pincode&quot;:&quot;333333&quot;,&quot;userid&quot;:&quot;5peqXdShya0PTZrXGvCk&quot;,&quot;id&quot;:&quot;MYPMjDNxooiD8xJXCjLE&quot;},{&quot;accountno&quot;:&quot;TA-1000034&quot;,&quot;departmentno&quot;:&quot;19&quot;,&quot;salary&quot;:&quot;20000&quot;,&quot;pincode&quot;:&quot;600005&quot;,&quot;userid&quot;:&quot;J6orzdRaQ0UoDrwOnCQw&quot;,&quot;id&quot;:&quot;Nk2zU851nXToeZly4gGs&quot;},{&quot;accountno&quot;:&quot;@#$%^&amp;*&quot;,&quot;departmentno&quot;:&quot;Ganges11&quot;,&quot;salary&quot;:&quot;@#$%^&amp;*&quot;,&quot;pincode&quot;:&quot;!~!~!~&quot;,&quot;userid&quot;:&quot;5peqXdShya0PTZrXGvCk&quot;,&quot;id&quot;:&quot;jNrtmgAVkQQT9QJn24R1&quot;},{&quot;accountno&quot;:&quot;TA-3333333&quot;,&quot;departmentno&quot;:&quot;3&quot;,&quot;salary&quot;:&quot;3&quot;,&quot;pincode&quot;:&quot;333333&quot;,&quot;userid&quot;:&quot;5peqXdShya0PTZrXGvCk&quot;,&quot;id&quot;:&quot;PwnwZK0xnIApSrlEp7QI&quot;},{&quot;accountno&quot;:&quot;@#$%^&amp;*&quot;,&quot;departmentno&quot;:&quot;Ganges11&quot;,&quot;salary&quot;:&quot;@#$%^&amp;*&quot;,&quot;pincode&quot;:&quot;!~!~!~&quot;,&quot;userid&quot;:&quot;5peqXdShya0PTZrXGvCk&quot;,&quot;id&quot;:&quot;waJCCTlJ0g4n9QAftSub&quot;},{&quot;accountno&quot;:&quot;TA-3333333&quot;,&quot;departmentno&quot;:&quot;3&quot;,&quot;salary&quot;:&quot;3&quot;,&quot;pincode&quot;:&quot;333333&quot;,&quot;userid&quot;:&quot;5peqXdShya0PTZrXGvCk&quot;,&quot;id&quot;:&quot;iYaf3G1GhvkRwH3QTYoV&quot;},{&quot;accountno&quot;:&quot;91233478&quot;,&quot;departmentno&quot;:&quot;5&quot;,&quot;salary&quot;:&quot;5000&quot;,&quot;pincode&quot;:&quot;349012&quot;,&quot;userid&quot;:&quot;UbzKln8jt3iwGZ5iKVw2&quot;,&quot;id&quot;:&quot;daimN9aFvCmHWZZU9Gpv&quot;},{&quot;accountno&quot;:&quot;65478978&quot;,&quot;departmentno&quot;:&quot;5&quot;,&quot;salary&quot;:&quot;8000&quot;,&quot;pincode&quot;:&quot;65987&quot;,&quot;userid&quot;:&quot;UbzKln8jt3iwGZ5iKVw2&quot;,&quot;id&quot;:&quot;WBgqMriVPhYMeHcIOjh7&quot;},{&quot;accountno&quot;:&quot;91233478&quot;,&quot;departmentno&quot;:&quot;5&quot;,&quot;salary&quot;:&quot;5000&quot;,&quot;pincode&quot;:&quot;901234&quot;,&quot;userid&quot;:&quot;UbzKln8jt3iwGZ5iKVw2&quot;,&quot;id&quot;:&quot;KHaGh1MTFyRoKWlvf0mB&quot;},{&quot;accountno&quot;:&quot;45678978&quot;,&quot;departmentno&quot;:&quot;5&quot;,&quot;salary&quot;:&quot;8000&quot;,&quot;pincode&quot;:&quot;98765&quot;,&quot;userid&quot;:&quot;UbzKln8jt3iwGZ5iKVw2&quot;,&quot;id&quot;:&quot;UY62ggOlzC8X0wCOqrSn&quot;},{&quot;accountno&quot;:&quot;91233478&quot;,&quot;departmentno&quot;:&quot;5&quot;,&quot;salary&quot;:&quot;5000&quot;,&quot;pincode&quot;:&quot;349012&quot;,&quot;userid&quot;:&quot;UbzKln8jt3iwGZ5iKVw2&quot;,&quot;id&quot;:&quot;iiyXFhb0sIZ8zxwN3lzL&quot;},{&quot;accountno&quot;:&quot;65478978&quot;,&quot;departmentno&quot;:&quot;5&quot;,&quot;salary&quot;:&quot;8000&quot;,&quot;pincode&quot;:&quot;65987&quot;,&quot;userid&quot;:&quot;UbzKln8jt3iwGZ5iKVw2&quot;,&quot;id&quot;:&quot;BPNMLIR13naxW3A5DApF&quot;},{&quot;accountno&quot;:&quot;91233478&quot;,&quot;departmentno&quot;:&quot;5&quot;,&quot;salary&quot;:&quot;5000&quot;,&quot;pincode&quot;:&quot;901234&quot;,&quot;userid&quot;:&quot;UbzKln8jt3iwGZ5iKVw2&quot;,&quot;id&quot;:&quot;b0C6xTv9PrFAxKk77nSx&quot;},{&quot;accountno&quot;:&quot;45678978&quot;,&quot;departmentno&quot;:&quot;5&quot;,&quot;salary&quot;:&quot;8000&quot;,&quot;pincode&quot;:&quot;98765&quot;,&quot;userid&quot;:&quot;UbzKln8jt3iwGZ5iKVw2&quot;,&quot;id&quot;:&quot;lXdvcgZCIXXgIt2m0mdU&quot;},{&quot;accountno&quot;:&quot;91233478&quot;,&quot;departmentno&quot;:&quot;5&quot;,&quot;salary&quot;:&quot;5000&quot;,&quot;pincode&quot;:&quot;349012&quot;,&quot;userid&quot;:&quot;UbzKln8jt3iwGZ5iKVw2&quot;,&quot;id&quot;:&quot;wJNlCHHeFLyadBOIuQEq&quot;},{&quot;accountno&quot;:&quot;65478978&quot;,&quot;departmentno&quot;:&quot;5&quot;,&quot;salary&quot;:&quot;8000&quot;,&quot;pincode&quot;:&quot;65987&quot;,&quot;userid&quot;:&quot;UbzKln8jt3iwGZ5iKVw2&quot;,&quot;id&quot;:&quot;dNFQCZZmGHecDCBmvMNT&quot;},{&quot;accountno&quot;:&quot;91233478&quot;,&quot;departmentno&quot;:&quot;5&quot;,&quot;salary&quot;:&quot;5000&quot;,&quot;pincode&quot;:&quot;901234&quot;,&quot;userid&quot;:&quot;UbzKln8jt3iwGZ5iKVw2&quot;,&quot;id&quot;:&quot;Yj5N1i5qhm2FQACpRrNK&quot;},{&quot;accountno&quot;:&quot;45678978&quot;,&quot;departmentno&quot;:&quot;5&quot;,&quot;salary&quot;:&quot;8000&quot;,&quot;pincode&quot;:&quot;98765&quot;,&quot;userid&quot;:&quot;UbzKln8jt3iwGZ5iKVw2&quot;,&quot;id&quot;:&quot;tQZ9hRflNqxA8W9ET0kz&quot;},{&quot;accountno&quot;:&quot;TA-9610159&quot;,&quot;departmentno&quot;:&quot;19&quot;,&quot;salary&quot;:&quot;20000&quot;,&quot;pincode&quot;:&quot;600005&quot;,&quot;userid&quot;:&quot;J6orzdRaQ0UoDrwOnCQw&quot;,&quot;id&quot;:&quot;kl3RLdUTbRmer0eTfazP&quot;},{&quot;accountno&quot;:&quot;TA-2610151&quot;,&quot;departmentno&quot;:&quot;1&quot;,&quot;salary&quot;:&quot;1000000&quot;,&quot;pincode&quot;:&quot;2555555&quot;,&quot;userid&quot;:&quot;9ATDdiU55R3Axp8t2Wdw&quot;,&quot;id&quot;:&quot;eJZBYvn0yK10b4iExa3l&quot;},{&quot;accountno&quot;:&quot;TA-2610151&quot;,&quot;departmentno&quot;:&quot;1&quot;,&quot;salary&quot;:&quot;1000000&quot;,&quot;pincode&quot;:&quot;2555555&quot;,&quot;userid&quot;:&quot;9ATDdiU55R3Axp8t2Wdw&quot;,&quot;id&quot;:&quot;XNptBBMj7QWp3WSfo9zR&quot;},{&quot;accountno&quot;:&quot;TA-3008154&quot;,&quot;departmentno&quot;:&quot;1&quot;,&quot;salary&quot;:&quot;1000000&quot;,&quot;pincode&quot;:&quot;2555555&quot;,&quot;userid&quot;:&quot;9ATDdiU55R3Axp8t2Wdw&quot;,&quot;id&quot;:&quot;cU9QkVusbnpl87YvlJUe&quot;},{&quot;accountno&quot;:&quot;TA-0000000&quot;,&quot;departmentno&quot;:&quot;3&quot;,&quot;salary&quot;:&quot;3&quot;,&quot;pincode&quot;:&quot;111111&quot;,&quot;userid&quot;:&quot;HnEhoD02hv6iZxEBX4ni&quot;,&quot;id&quot;:&quot;DPeVxnZTPGITHGZxg86o&quot;},{&quot;accountno&quot;:&quot;2222222222&quot;,&quot;departmentno&quot;:&quot;3&quot;,&quot;salary&quot;:&quot;222222&quot;,&quot;pincode&quot;:&quot;222222&quot;,&quot;userid&quot;:&quot;YX2K8JJ205ix7q0MC7jw&quot;,&quot;id&quot;:&quot;g9B23E23IvakDgcRrUad&quot;},{&quot;accountno&quot;:&quot;TA-12345678&quot;,&quot;departmentno&quot;:&quot;3&quot;,&quot;salary&quot;:&quot;15000&quot;,&quot;pincode&quot;:&quot;456321&quot;,&quot;userid&quot;:&quot;zkmNMhztAOmjb5NT2cL6&quot;,&quot;id&quot;:&quot;5Z37b2hdsyLSWTESybFS&quot;},{&quot;accountno&quot;:&quot;TA-sdsbhbh&quot;,&quot;departmentno&quot;:&quot;2&quot;,&quot;salary&quot;:&quot;djdbbhbhbhb&quot;,&quot;pincode&quot;:&quot;122121&quot;,&quot;userid&quot;:&quot;5peqXdShya0PTZrXGvCk&quot;,&quot;id&quot;:&quot;4Vis93yKgPUB2AS39SVp&quot;},{&quot;accountno&quot;:&quot;TA-20000011&quot;,&quot;departmentno&quot;:&quot;2&quot;,&quot;salary&quot;:&quot;200000&quot;,&quot;pincode&quot;:&quot;211111&quot;,&quot;userid&quot;:&quot;m2IUsx9bvgkVwCXIt2Lg&quot;,&quot;id&quot;:&quot;VtZVrgWLpLNZRJ0OzNDk&quot;},{&quot;accountno&quot;:&quot;TA-10000011&quot;,&quot;departmentno&quot;:&quot;1&quot;,&quot;salary&quot;:&quot;100000&quot;,&quot;pincode&quot;:&quot;111111&quot;,&quot;userid&quot;:&quot;m2IUsx9bvgkVwCXIt2Lg&quot;,&quot;id&quot;:&quot;tNlDgXLXjWVss20jJtHo&quot;},{&quot;accountno&quot;:&quot;TA-4444444&quot;,&quot;departmentno&quot;:&quot;4&quot;,&quot;salary&quot;:&quot;4444&quot;,&quot;pincode&quot;:&quot;444444&quot;,&quot;userid&quot;:&quot;UbzKln8jt3iwGZ5iKVw2&quot;,&quot;id&quot;:&quot;NMtJsRgnIRbUhmqVp6cS&quot;},{&quot;accountno&quot;:&quot;TA-10000001&quot;,&quot;departmentno&quot;:&quot;1&quot;,&quot;salary&quot;:&quot;100000&quot;,&quot;pincode&quot;:&quot;111111&quot;,&quot;userid&quot;:&quot;m2IUsx9bvgkVwCXIt2Lg&quot;,&quot;id&quot;:&quot;RGW6W6cxu5D0ZzJrTjc5&quot;},{&quot;accountno&quot;:&quot;TA-10000001&quot;,&quot;departmentno&quot;:&quot;1&quot;,&quot;salary&quot;:&quot;100000&quot;,&quot;pincode&quot;:&quot;111111&quot;,&quot;userid&quot;:&quot;m2IUsx9bvgkVwCXIt2Lg&quot;,&quot;id&quot;:&quot;tymJaSCZHYcIoLzu88g9&quot;},{&quot;accountno&quot;:&quot;91233478&quot;,&quot;departmentno&quot;:&quot;5&quot;,&quot;salary&quot;:&quot;5000&quot;,&quot;pincode&quot;:&quot;349012&quot;,&quot;userid&quot;:&quot;UbzKln8jt3iwGZ5iKVw2&quot;,&quot;id&quot;:&quot;q4d0kFrAzoqwEoUqOLLJ&quot;},{&quot;accountno&quot;:&quot;65478978&quot;,&quot;departmentno&quot;:&quot;5&quot;,&quot;salary&quot;:&quot;8000&quot;,&quot;pincode&quot;:&quot;65987&quot;,&quot;userid&quot;:&quot;UbzKln8jt3iwGZ5iKVw2&quot;,&quot;id&quot;:&quot;mQe2awGkWGJALmljdtgy&quot;},{&quot;accountno&quot;:&quot;91233478&quot;,&quot;departmentno&quot;:&quot;5&quot;,&quot;salary&quot;:&quot;5000&quot;,&quot;pincode&quot;:&quot;901234&quot;,&quot;userid&quot;:&quot;UbzKln8jt3iwGZ5iKVw2&quot;,&quot;id&quot;:&quot;M3FEPoKtqM26k67eKuyY&quot;},{&quot;accountno&quot;:&quot;45678978&quot;,&quot;departmentno&quot;:&quot;5&quot;,&quot;salary&quot;:&quot;8000&quot;,&quot;pincode&quot;:&quot;98765&quot;,&quot;userid&quot;:&quot;UbzKln8jt3iwGZ5iKVw2&quot;,&quot;id&quot;:&quot;wpQ1kfaMZ73wAmN2MJUc&quot;},{&quot;accountno&quot;:&quot;91233478&quot;,&quot;departmentno&quot;:&quot;5&quot;,&quot;salary&quot;:&quot;5000&quot;,&quot;pincode&quot;:&quot;349012&quot;,&quot;userid&quot;:&quot;UbzKln8jt3iwGZ5iKVw2&quot;,&quot;id&quot;:&quot;QPNfzFHZJTk82FhaNqxy&quot;},{&quot;accountno&quot;:&quot;65478978&quot;,&quot;departmentno&quot;:&quot;5&quot;,&quot;salary&quot;:&quot;8000&quot;,&quot;pincode&quot;:&quot;65987&quot;,&quot;userid&quot;:&quot;UbzKln8jt3iwGZ5iKVw2&quot;,&quot;id&quot;:&quot;3OvfFwCWNvXX8gF9Ynj8&quot;},{&quot;accountno&quot;:&quot;91233478&quot;,&quot;departmentno&quot;:&quot;5&quot;,&quot;salary&quot;:&quot;5000&quot;,&quot;pincode&quot;:&quot;901234&quot;,&quot;userid&quot;:&quot;UbzKln8jt3iwGZ5iKVw2&quot;,&quot;id&quot;:&quot;CGBNuQ62VhW1mDSY4Fuk&quot;},{&quot;accountno&quot;:&quot;45678978&quot;,&quot;departmentno&quot;:&quot;5&quot;,&quot;salary&quot;:&quot;8000&quot;,&quot;pincode&quot;:&quot;98765&quot;,&quot;userid&quot;:&quot;UbzKln8jt3iwGZ5iKVw2&quot;,&quot;id&quot;:&quot;ewAecR5n6R8plfKUKj3r&quot;},{&quot;accountno&quot;:&quot;@#$%^&amp;*&quot;,&quot;departmentno&quot;:&quot;Ganges11&quot;,&quot;salary&quot;:&quot;@#$%^&amp;*&quot;,&quot;pincode&quot;:&quot;!~!~!~&quot;,&quot;userid&quot;:&quot;5peqXdShya0PTZrXGvCk&quot;,&quot;id&quot;:&quot;NilfFlS0apQC33K2PhKp&quot;},{&quot;accountno&quot;:&quot;TA-3333333&quot;,&quot;departmentno&quot;:&quot;3&quot;,&quot;salary&quot;:&quot;3&quot;,&quot;pincode&quot;:&quot;333333&quot;,&quot;userid&quot;:&quot;5peqXdShya0PTZrXGvCk&quot;,&quot;id&quot;:&quot;IPwGWhDpKLLk6r9vjog4&quot;},{&quot;accountno&quot;:&quot;Nile1111Zambazi&quot;,&quot;departmentno&quot;:&quot;Ganges11&quot;,&quot;salary&quot;:&quot;Amazon11&quot;,&quot;pincode&quot;:&quot;Congo11&quot;,&quot;userid&quot;:&quot;5peqXdShya0PTZrXGvCk&quot;,&quot;id&quot;:&quot;VwBjoJJxf7ik7ASh1jBf&quot;},{&quot;accountno&quot;:&quot;TA-3333333&quot;,&quot;departmentno&quot;:&quot;3&quot;,&quot;salary&quot;:&quot;3&quot;,&quot;pincode&quot;:&quot;333333&quot;,&quot;userid&quot;:&quot;5peqXdShya0PTZrXGvCk&quot;,&quot;id&quot;:&quot;rooU2J90mMn7FDjCVi5S&quot;},{&quot;accountno&quot;:&quot;Nile1111&quot;,&quot;departmentno&quot;:&quot;Ganges11&quot;,&quot;salary&quot;:&quot;Amazon11&quot;,&quot;pincode&quot;:&quot;Congo11&quot;,&quot;userid&quot;:&quot;5peqXdShya0PTZrXGvCk&quot;,&quot;id&quot;:&quot;iqVK9UmGc7QnIMoDPJgW&quot;},{&quot;accountno&quot;:&quot;TA-3333333&quot;,&quot;departmentno&quot;:&quot;3&quot;,&quot;salary&quot;:&quot;3&quot;,&quot;pincode&quot;:&quot;333333&quot;,&quot;userid&quot;:&quot;5peqXdShya0PTZrXGvCk&quot;,&quot;id&quot;:&quot;ukMUURkOuBcoegZKdLLG&quot;},{&quot;accountno&quot;:&quot;Nile1111&quot;,&quot;departmentno&quot;:&quot;Ganges11&quot;,&quot;salary&quot;:&quot;Amazon11&quot;,&quot;pincode&quot;:&quot;Congo11&quot;,&quot;userid&quot;:&quot;5peqXdShya0PTZrXGvCk&quot;,&quot;id&quot;:&quot;W8f8V9b9nnbsDXhU3rK0&quot;},{&quot;accountno&quot;:&quot;TA-3333333&quot;,&quot;departmentno&quot;:&quot;3&quot;,&quot;salary&quot;:&quot;3&quot;,&quot;pincode&quot;:&quot;333333&quot;,&quot;userid&quot;:&quot;5peqXdShya0PTZrXGvCk&quot;,&quot;id&quot;:&quot;7S7o67co2lKse88Vo8IG&quot;},{&quot;accountno&quot;:&quot;Nile&quot;,&quot;departmentno&quot;:&quot;Ganges&quot;,&quot;salary&quot;:&quot;Amazon&quot;,&quot;pincode&quot;:&quot;Congo&quot;,&quot;userid&quot;:&quot;5peqXdShya0PTZrXGvCk&quot;,&quot;id&quot;:&quot;aJuMqbqKTZJ34E6rlJjk&quot;},{&quot;accountno&quot;:&quot;TA-3333333&quot;,&quot;departmentno&quot;:&quot;3&quot;,&quot;salary&quot;:&quot;3&quot;,&quot;pincode&quot;:&quot;333333&quot;,&quot;userid&quot;:&quot;5peqXdShya0PTZrXGvCk&quot;,&quot;id&quot;:&quot;kxwX4cA3xHtsFCZUBVYy&quot;},{&quot;accountno&quot;:&quot;Nile&quot;,&quot;departmentno&quot;:&quot;Ganges&quot;,&quot;salary&quot;:&quot;Amazon&quot;,&quot;pincode&quot;:&quot;Congo&quot;,&quot;userid&quot;:&quot;5peqXdShya0PTZrXGvCk&quot;,&quot;id&quot;:&quot;QCJLoVjiFLFATAyX3FYb&quot;},{&quot;accountno&quot;:&quot;TA-3333333&quot;,&quot;departmentno&quot;:&quot;3&quot;,&quot;salary&quot;:&quot;3&quot;,&quot;pincode&quot;:&quot;333333&quot;,&quot;userid&quot;:&quot;5peqXdShya0PTZrXGvCk&quot;,&quot;id&quot;:&quot;X7DgQqUJp2hmxCooNSGv&quot;},{&quot;accountno&quot;:&quot;TA-3cdfdfdfdfd3333&quot;,&quot;departmentno&quot;:&quot;3AAAA&quot;,&quot;salary&quot;:&quot;Amazon&quot;,&quot;pincode&quot;:&quot;333333&quot;,&quot;userid&quot;:&quot;5peqXdShya0PTZrXGvCk&quot;,&quot;id&quot;:&quot;4B8zkinnzLChvovsS5pT&quot;},{&quot;accountno&quot;:&quot;TA-3333333&quot;,&quot;departmentno&quot;:&quot;3&quot;,&quot;salary&quot;:&quot;3&quot;,&quot;pincode&quot;:&quot;333333&quot;,&quot;userid&quot;:&quot;5peqXdShya0PTZrXGvCk&quot;,&quot;id&quot;:&quot;FGsNGsPn673RQvaMhWve&quot;},{&quot;accountno&quot;:&quot;TA-3cdfdfdfdfd3333&quot;,&quot;departmentno&quot;:&quot;3AAAA&quot;,&quot;salary&quot;:&quot;3&quot;,&quot;pincode&quot;:&quot;333333&quot;,&quot;userid&quot;:&quot;5peqXdShya0PTZrXGvCk&quot;,&quot;id&quot;:&quot;q8Gf8fNOQF1ShT6rId5J&quot;},{&quot;accountno&quot;:&quot;TA-3333333&quot;,&quot;departmentno&quot;:&quot;3&quot;,&quot;salary&quot;:&quot;3&quot;,&quot;pincode&quot;:&quot;333333&quot;,&quot;userid&quot;:&quot;5peqXdShya0PTZrXGvCk&quot;,&quot;id&quot;:&quot;Zi8bWXB19DUAkTHgMiaZ&quot;},{&quot;accountno&quot;:&quot;TA-3cdfdfdfdfd3333&quot;,&quot;departmentno&quot;:&quot;3&quot;,&quot;salary&quot;:&quot;3&quot;,&quot;pincode&quot;:&quot;333333&quot;,&quot;userid&quot;:&quot;5peqXdShya0PTZrXGvCk&quot;,&quot;id&quot;:&quot;DlhQdDEuRAqxrFrrbUEj&quot;},{&quot;accountno&quot;:&quot;TA-3333333&quot;,&quot;departmentno&quot;:&quot;3&quot;,&quot;salary&quot;:&quot;3&quot;,&quot;pincode&quot;:&quot;333333&quot;,&quot;userid&quot;:&quot;5peqXdShya0PTZrXGvCk&quot;,&quot;id&quot;:&quot;TDwjVoW2h198dn488Tkd&quot;},{&quot;accountno&quot;:&quot;91233478&quot;,&quot;departmentno&quot;:&quot;5&quot;,&quot;salary&quot;:&quot;5000&quot;,&quot;pincode&quot;:&quot;349012&quot;,&quot;userid&quot;:&quot;UbzKln8jt3iwGZ5iKVw2&quot;,&quot;id&quot;:&quot;hCaUfDYyS524HxDcwX0l&quot;},{&quot;accountno&quot;:&quot;65478978&quot;,&quot;departmentno&quot;:&quot;5&quot;,&quot;salary&quot;:&quot;8000&quot;,&quot;pincode&quot;:&quot;65987&quot;,&quot;userid&quot;:&quot;UbzKln8jt3iwGZ5iKVw2&quot;,&quot;id&quot;:&quot;aGggi3P9o3bi2Di5i0ot&quot;},{&quot;accountno&quot;:&quot;91233478&quot;,&quot;departmentno&quot;:&quot;5&quot;,&quot;salary&quot;:&quot;5000&quot;,&quot;pincode&quot;:&quot;901234&quot;,&quot;userid&quot;:&quot;UbzKln8jt3iwGZ5iKVw2&quot;,&quot;id&quot;:&quot;vNOAmeLJry5u0tnfUh0I&quot;},{&quot;accountno&quot;:&quot;45678978&quot;,&quot;departmentno&quot;:&quot;5&quot;,&quot;salary&quot;:&quot;8000&quot;,&quot;pincode&quot;:&quot;98765&quot;,&quot;userid&quot;:&quot;UbzKln8jt3iwGZ5iKVw2&quot;,&quot;id&quot;:&quot;QsHbX7fuNuruYM8Ofyxz&quot;},{&quot;accountno&quot;:&quot;91233478&quot;,&quot;departmentno&quot;:&quot;5&quot;,&quot;salary&quot;:&quot;5000&quot;,&quot;pincode&quot;:&quot;349012&quot;,&quot;userid&quot;:&quot;UbzKln8jt3iwGZ5iKVw2&quot;,&quot;id&quot;:&quot;8WW8SlkaEhG1ENMBmoBV&quot;},{&quot;accountno&quot;:&quot;65478978&quot;,&quot;departmentno&quot;:&quot;5&quot;,&quot;salary&quot;:&quot;8000&quot;,&quot;pincode&quot;:&quot;65987&quot;,&quot;userid&quot;:&quot;UbzKln8jt3iwGZ5iKVw2&quot;,&quot;id&quot;:&quot;62dnCh7FXAxgysK9eoIc&quot;},{&quot;accountno&quot;:&quot;91233478&quot;,&quot;departmentno&quot;:&quot;5&quot;,&quot;salary&quot;:&quot;5000&quot;,&quot;pincode&quot;:&quot;901234&quot;,&quot;userid&quot;:&quot;UbzKln8jt3iwGZ5iKVw2&quot;,&quot;id&quot;:&quot;BPGU6Alv06tBMC4xfHm9&quot;},{&quot;accountno&quot;:&quot;45678978&quot;,&quot;departmentno&quot;:&quot;5&quot;,&quot;salary&quot;:&quot;8000&quot;,&quot;pincode&quot;:&quot;98765&quot;,&quot;userid&quot;:&quot;UbzKln8jt3iwGZ5iKVw2&quot;,&quot;id&quot;:&quot;sWGZbFcPZYbaTH4jNdSO&quot;},{&quot;accountno&quot;:&quot;TA-0606130&quot;,&quot;departmentno&quot;:&quot;1&quot;,&quot;salary&quot;:&quot;1000000&quot;,&quot;pincode&quot;:&quot;380013&quot;,&quot;userid&quot;:&quot;9ATDdiU55R3Axp8t2Wdw&quot;,&quot;id&quot;:&quot;zW5UX5Nddwd9GtS20VFh&quot;},{&quot;accountno&quot;:&quot;TA-0606130&quot;,&quot;departmentno&quot;:&quot;1&quot;,&quot;salary&quot;:&quot;1000000&quot;,&quot;pincode&quot;:&quot;380013&quot;,&quot;userid&quot;:&quot;y4EGNLRjrgtEjC6KVUVR&quot;,&quot;id&quot;:&quot;AA1yIk4vAGSVNfcm4pC8&quot;},{&quot;accountno&quot;:&quot;TA-0606130&quot;,&quot;departmentno&quot;:&quot;1&quot;,&quot;salary&quot;:&quot;1000000&quot;,&quot;pincode&quot;:&quot;380013&quot;,&quot;userid&quot;:&quot;y4EGNLRjrgtEjC6KVUVR&quot;,&quot;id&quot;:&quot;D346rmehcQiSyoZ84pzk&quot;},{&quot;accountno&quot;:&quot;TA-1212123&quot;,&quot;departmentno&quot;:&quot;1&quot;,&quot;salary&quot;:&quot;100000&quot;,&quot;pincode&quot;:&quot;100000&quot;,&quot;userid&quot;:&quot;9ATDdiU55R3Axp8t2Wdw&quot;,&quot;id&quot;:&quot;rsNTDgVMomfifHPTL4KP&quot;},{&quot;accountno&quot;:&quot;TA-0606130&quot;,&quot;departmentno&quot;:&quot;1&quot;,&quot;salary&quot;:&quot;1000000&quot;,&quot;pincode&quot;:&quot;380013&quot;,&quot;userid&quot;:&quot;y4EGNLRjrgtEjC6KVUVR&quot;,&quot;id&quot;:&quot;m8I4q45nQZb8ISrUcmun&quot;},{&quot;accountno&quot;:&quot;TA-3333333&quot;,&quot;departmentno&quot;:&quot;3&quot;,&quot;salary&quot;:&quot;3&quot;,&quot;pincode&quot;:&quot;333333&quot;,&quot;userid&quot;:&quot;5peqXdShya0PTZrXGvCk&quot;,&quot;id&quot;:&quot;GJrDdmhHpiwOqB3p92vg&quot;},{&quot;accountno&quot;:&quot;TA-0101130&quot;,&quot;departmentno&quot;:&quot;1&quot;,&quot;salary&quot;:&quot;1000000&quot;,&quot;pincode&quot;:&quot;380007&quot;,&quot;userid&quot;:&quot;y4EGNLRjrgtEjC6KVUVR&quot;,&quot;id&quot;:&quot;7uFdMW6vwyojBQZZQFos&quot;},{&quot;accountno&quot;:&quot;TA-1605153&quot;,&quot;departmentno&quot;:&quot;7&quot;,&quot;salary&quot;:&quot;1000000&quot;,&quot;pincode&quot;:&quot;380007&quot;,&quot;userid&quot;:&quot;y4EGNLRjrgtEjC6KVUVR&quot;,&quot;id&quot;:&quot;wQ2foliLO6f3UfMg8C1d&quot;},{&quot;accountno&quot;:&quot;TA-1605153&quot;,&quot;departmentno&quot;:&quot;7&quot;,&quot;salary&quot;:&quot;1000000&quot;,&quot;pincode&quot;:&quot;380007&quot;,&quot;userid&quot;:&quot;y4EGNLRjrgtEjC6KVUVR&quot;,&quot;id&quot;:&quot;83AOzjuz35HxNwuW37wi&quot;},{&quot;accountno&quot;:&quot;TA-1605153&quot;,&quot;departmentno&quot;:&quot;7&quot;,&quot;salary&quot;:&quot;1000000&quot;,&quot;pincode&quot;:&quot;380007&quot;,&quot;userid&quot;:&quot;y4EGNLRjrgtEjC6KVUVR&quot;,&quot;id&quot;:&quot;J4EP9pY7MK24VjOZ0ixz&quot;},{&quot;accountno&quot;:&quot;TA-1605153&quot;,&quot;departmentno&quot;:&quot;7&quot;,&quot;salary&quot;:&quot;1000000&quot;,&quot;pincode&quot;:&quot;380007&quot;,&quot;userid&quot;:&quot;y4EGNLRjrgtEjC6KVUVR&quot;,&quot;id&quot;:&quot;ReCmSUdoPkuJiRdSwHYV&quot;},{&quot;accountno&quot;:&quot;TA-3333333&quot;,&quot;departmentno&quot;:&quot;3&quot;,&quot;salary&quot;:&quot;3&quot;,&quot;pincode&quot;:&quot;333333&quot;,&quot;userid&quot;:&quot;5peqXdShya0PTZrXGvCk&quot;,&quot;id&quot;:&quot;4NkfOPQZmfd2ePyRtBgM&quot;},{&quot;accountno&quot;:&quot;TA-3333333&quot;,&quot;departmentno&quot;:&quot;3&quot;,&quot;salary&quot;:&quot;3&quot;,&quot;pincode&quot;:&quot;333333&quot;,&quot;userid&quot;:&quot;5peqXdShya0PTZrXGvCk&quot;,&quot;id&quot;:&quot;RP1de2e9oc51cABwuOr5&quot;},{&quot;accountno&quot;:&quot;TA-1605153&quot;,&quot;departmentno&quot;:&quot;7&quot;,&quot;salary&quot;:&quot;1000000&quot;,&quot;pincode&quot;:&quot;380007&quot;,&quot;userid&quot;:&quot;y4EGNLRjrgtEjC6KVUVR&quot;,&quot;id&quot;:&quot;ZKWyFDb1vfTSSqL9RDuU&quot;},{&quot;accountno&quot;:&quot;TA-1605153&quot;,&quot;departmentno&quot;:&quot;7&quot;,&quot;salary&quot;:&quot;1000000&quot;,&quot;pincode&quot;:&quot;380007&quot;,&quot;userid&quot;:&quot;y4EGNLRjrgtEjC6KVUVR&quot;,&quot;id&quot;:&quot;nDYmq8efbmnFtykceBJr&quot;},{&quot;accountno&quot;:&quot;TA-1605153&quot;,&quot;departmentno&quot;:&quot;7&quot;,&quot;salary&quot;:&quot;1000000&quot;,&quot;pincode&quot;:&quot;380007&quot;,&quot;userid&quot;:&quot;y4EGNLRjrgtEjC6KVUVR&quot;,&quot;id&quot;:&quot;hRgyhBIhb1Iv9UYhj72w&quot;},{&quot;accountno&quot;:&quot;TA-0206183&quot;,&quot;departmentno&quot;:&quot;7&quot;,&quot;salary&quot;:&quot;1000000&quot;,&quot;pincode&quot;:&quot;232323&quot;,&quot;userid&quot;:&quot;y4EGNLRjrgtEjC6KVUVR&quot;,&quot;id&quot;:&quot;FKCjjDUSgxxrxSYLeVGQ&quot;},{&quot;accountno&quot;:&quot;TA-0206183&quot;,&quot;departmentno&quot;:&quot;7&quot;,&quot;salary&quot;:&quot;1000000&quot;,&quot;pincode&quot;:&quot;232323&quot;,&quot;userid&quot;:&quot;y4EGNLRjrgtEjC6KVUVR&quot;,&quot;id&quot;:&quot;KktYnHcDdSg33ODa5SHB&quot;},{&quot;accountno&quot;:&quot;TA-4440098&quot;,&quot;departmentno&quot;:&quot;4&quot;,&quot;salary&quot;:&quot;4448&quot;,&quot;pincode&quot;:&quot;366778&quot;,&quot;userid&quot;:&quot;8Z9CZ8L5lvQiuyxEbokN&quot;,&quot;id&quot;:&quot;Ndp7eKBXsoXvATLLdUZu&quot;},{&quot;accountno&quot;:&quot;TA-3330098&quot;,&quot;departmentno&quot;:4,&quot;salary&quot;:4544,&quot;pincode&quot;:466744,&quot;userid&quot;:&quot;8Z9CZ8L5lvQiuyxEbokN&quot;,&quot;id&quot;:&quot;QQDIiZ06cSRt9S0LS2bs&quot;},{&quot;accountno&quot;:&quot;TA-2790098&quot;,&quot;departmentno&quot;:&quot;7&quot;,&quot;salary&quot;:&quot;4708&quot;,&quot;pincode&quot;:&quot;466778&quot;,&quot;userid&quot;:&quot;8Z9CZ8L5lvQiuyxEbokN&quot;,&quot;id&quot;:&quot;poRjhK0v8QDwZXFU5xpH&quot;},{&quot;accountno&quot;:&quot;11111111&quot;,&quot;departmentno&quot;:&quot;1&quot;,&quot;salary&quot;:&quot;34343434&quot;,&quot;pincode&quot;:&quot;800271&quot;,&quot;userid&quot;:&quot;y4EGNLRjrgtEjC6KVUVR&quot;,&quot;id&quot;:&quot;Xeeuu4HaT8f4Ft0sOwFc&quot;},{&quot;accountno&quot;:&quot;11111111&quot;,&quot;departmentno&quot;:&quot;1&quot;,&quot;salary&quot;:&quot;34343434&quot;,&quot;pincode&quot;:&quot;800271&quot;,&quot;userid&quot;:&quot;y4EGNLRjrgtEjC6KVUVR&quot;,&quot;id&quot;:&quot;dfzkXtDQfuhXJliB7uFx&quot;},{&quot;accountno&quot;:&quot;11111111&quot;,&quot;departmentno&quot;:&quot;1&quot;,&quot;salary&quot;:&quot;34343434&quot;,&quot;pincode&quot;:&quot;800271&quot;,&quot;userid&quot;:&quot;y4EGNLRjrgtEjC6KVUVR&quot;,&quot;id&quot;:&quot;nKiSGo0DzTn5jvYUep6A&quot;},{&quot;accountno&quot;:&quot;11111111&quot;,&quot;departmentno&quot;:&quot;1&quot;,&quot;salary&quot;:&quot;34343434&quot;,&quot;pincode&quot;:&quot;800271&quot;,&quot;userid&quot;:&quot;y4EGNLRjrgtEjC6KVUVR&quot;,&quot;id&quot;:&quot;z0DFcFHY41Xzl1T8jFiM&quot;},{&quot;accountno&quot;:&quot;TA-12345&quot;,&quot;departmentno&quot;:&quot;7&quot;,&quot;salary&quot;:&quot;100000&quot;,&quot;pincode&quot;:&quot;555555&quot;,&quot;userid&quot;:&quot;9ATDdiU55R3Axp8t2Wdw&quot;,&quot;id&quot;:&quot;tXD6AizbHyg2WecLWFZg&quot;},{&quot;accountno&quot;:&quot;11111111&quot;,&quot;departmentno&quot;:&quot;1&quot;,&quot;salary&quot;:&quot;34343434&quot;,&quot;pincode&quot;:&quot;800271&quot;,&quot;userid&quot;:&quot;y4EGNLRjrgtEjC6KVUVR&quot;,&quot;id&quot;:&quot;7vJvYiIECAL3NpKjbgG2&quot;},{&quot;accountno&quot;:&quot;TA-10005555&quot;,&quot;departmentno&quot;:&quot;1&quot;,&quot;salary&quot;:&quot;10000555&quot;,&quot;pincode&quot;:&quot;123123&quot;,&quot;userid&quot;:&quot;m2IUsx9bvgkVwCXIt2Lg&quot;,&quot;id&quot;:&quot;2d01YXfSTkyihbx6omMg&quot;},{&quot;accountno&quot;:&quot;TA-9898989&quot;,&quot;departmentno&quot;:&quot;2&quot;,&quot;salary&quot;:&quot;2&quot;,&quot;pincode&quot;:&quot;444444&quot;,&quot;userid&quot;:&quot;5peqXdShya0PTZrXGvCk&quot;,&quot;id&quot;:&quot;uLsxiROH5oAPLMBfAstj&quot;},{&quot;accountno&quot;:&quot;TA-9898989&quot;,&quot;departmentno&quot;:&quot;2&quot;,&quot;salary&quot;:&quot;2&quot;,&quot;pincode&quot;:&quot;444444&quot;,&quot;userid&quot;:&quot;5peqXdShya0PTZrXGvCk&quot;,&quot;id&quot;:&quot;cP300MDu8lmAwlydYf58&quot;},{&quot;accountno&quot;:&quot;TA-12345&quot;,&quot;departmentno&quot;:&quot;7&quot;,&quot;salary&quot;:&quot;100000&quot;,&quot;pincode&quot;:&quot;555555&quot;,&quot;userid&quot;:&quot;9ATDdiU55R3Axp8t2Wdw&quot;,&quot;id&quot;:&quot;qDHfho7oUkw9oXGTWmPA&quot;},{&quot;accountno&quot;:&quot;TA-2005208&quot;,&quot;departmentno&quot;:&quot;9&quot;,&quot;salary&quot;:&quot;200005&quot;,&quot;pincode&quot;:&quot;555555&quot;,&quot;userid&quot;:&quot;9ATDdiU55R3Axp8t2Wdw&quot;,&quot;id&quot;:&quot;ImNPrOAYPkUTtLFRimb7&quot;},{&quot;accountno&quot;:&quot;TA-12345&quot;,&quot;departmentno&quot;:&quot;7&quot;,&quot;salary&quot;:&quot;100000&quot;,&quot;pincode&quot;:&quot;555555&quot;,&quot;userid&quot;:&quot;9ATDdiU55R3Axp8t2Wdw&quot;,&quot;id&quot;:&quot;lIpJm4YO81cF5vxCzQRT&quot;},{&quot;accountno&quot;:&quot;TA-1212182&quot;,&quot;departmentno&quot;:&quot;9&quot;,&quot;salary&quot;:&quot;12121820&quot;,&quot;pincode&quot;:&quot;555555&quot;,&quot;userid&quot;:&quot;9ATDdiU55R3Axp8t2Wdw&quot;,&quot;id&quot;:&quot;1o4cC5dgZRnMt7SDLNC3&quot;},{&quot;accountno&quot;:&quot;TA-1212182&quot;,&quot;departmentno&quot;:&quot;9&quot;,&quot;salary&quot;:&quot;12121820&quot;,&quot;pincode&quot;:&quot;555555&quot;,&quot;userid&quot;:&quot;9ATDdiU55R3Axp8t2Wdw&quot;,&quot;id&quot;:&quot;1RtoMlsvPkuuVWWpjcTh&quot;},{&quot;accountno&quot;:&quot;TA-1212182&quot;,&quot;departmentno&quot;:&quot;9&quot;,&quot;salary&quot;:&quot;12121820&quot;,&quot;pincode&quot;:&quot;555555&quot;,&quot;userid&quot;:&quot;9ATDdiU55R3Axp8t2Wdw&quot;,&quot;id&quot;:&quot;LLknQE860mnp3nA4Pf0z&quot;},{&quot;accountno&quot;:&quot;TA-12345&quot;,&quot;departmentno&quot;:&quot;7&quot;,&quot;salary&quot;:&quot;50000&quot;,&quot;pincode&quot;:&quot;555555&quot;,&quot;userid&quot;:&quot;9ATDdiU55R3Axp8t2Wdw&quot;,&quot;id&quot;:&quot;dVpAHjnKEicFpIBX4mLf&quot;},{&quot;accountno&quot;:&quot;TA-12345&quot;,&quot;departmentno&quot;:&quot;7&quot;,&quot;salary&quot;:&quot;50000&quot;,&quot;pincode&quot;:&quot;555555&quot;,&quot;userid&quot;:&quot;9ATDdiU55R3Axp8t2Wdw&quot;,&quot;id&quot;:&quot;QBR67aAQfdEOqghSpRWe&quot;},{&quot;accountno&quot;:&quot;TA-12345&quot;,&quot;departmentno&quot;:&quot;7&quot;,&quot;salary&quot;:&quot;50000&quot;,&quot;pincode&quot;:&quot;555555&quot;,&quot;userid&quot;:&quot;9ATDdiU55R3Axp8t2Wdw&quot;,&quot;id&quot;:&quot;yKuRlCeTx9J0tHvkgqEv&quot;},{&quot;accountno&quot;:&quot;TA-12345&quot;,&quot;departmentno&quot;:&quot;7&quot;,&quot;salary&quot;:&quot;50000&quot;,&quot;pincode&quot;:&quot;555555&quot;,&quot;userid&quot;:&quot;9ATDdiU55R3Axp8t2Wdw&quot;,&quot;id&quot;:&quot;j1QFLzwOT9G3XMHOVLvT&quot;},{&quot;accountno&quot;:&quot;TA-12345&quot;,&quot;departmentno&quot;:&quot;7&quot;,&quot;salary&quot;:&quot;50000&quot;,&quot;pincode&quot;:&quot;555555&quot;,&quot;userid&quot;:&quot;9ATDdiU55R3Axp8t2Wdw&quot;,&quot;id&quot;:&quot;0JERVfsJnjyLfhSuhKer&quot;},{&quot;accountno&quot;:&quot;TA-12345&quot;,&quot;departmentno&quot;:&quot;7&quot;,&quot;salary&quot;:&quot;50000&quot;,&quot;pincode&quot;:&quot;555555&quot;,&quot;userid&quot;:&quot;9ATDdiU55R3Axp8t2Wdw&quot;,&quot;id&quot;:&quot;CYCQuN5R7cStD7tITnD3&quot;},{&quot;accountno&quot;:&quot;TA-12345&quot;,&quot;departmentno&quot;:&quot;7&quot;,&quot;salary&quot;:&quot;50000&quot;,&quot;pincode&quot;:&quot;555555&quot;,&quot;userid&quot;:&quot;9ATDdiU55R3Axp8t2Wdw&quot;,&quot;id&quot;:&quot;C00t7ZXYoyCOgBYVmnFn&quot;},{&quot;accountno&quot;:&quot;TA-12345&quot;,&quot;departmentno&quot;:&quot;7&quot;,&quot;salary&quot;:&quot;50000&quot;,&quot;pincode&quot;:&quot;555555&quot;,&quot;userid&quot;:&quot;9ATDdiU55R3Axp8t2Wdw&quot;,&quot;id&quot;:&quot;hNMWVd4FbBxUpcitlSI5&quot;},{&quot;accountno&quot;:&quot;TA-12345&quot;,&quot;departmentno&quot;:&quot;7&quot;,&quot;salary&quot;:&quot;50000&quot;,&quot;pincode&quot;:&quot;555555&quot;,&quot;userid&quot;:&quot;9ATDdiU55R3Axp8t2Wdw&quot;,&quot;id&quot;:&quot;xt1l7ymWBUYI0xRRsApp&quot;},{&quot;accountno&quot;:&quot;TA-12345&quot;,&quot;departmentno&quot;:&quot;7&quot;,&quot;salary&quot;:&quot;50000&quot;,&quot;pincode&quot;:&quot;555555&quot;,&quot;userid&quot;:&quot;9ATDdiU55R3Axp8t2Wdw&quot;,&quot;id&quot;:&quot;FF5PtDwX1eEwl5Wp0C30&quot;},{&quot;accountno&quot;:&quot;TA-12345&quot;,&quot;departmentno&quot;:&quot;7&quot;,&quot;salary&quot;:&quot;50000&quot;,&quot;pincode&quot;:&quot;555555&quot;,&quot;userid&quot;:&quot;9ATDdiU55R3Axp8t2Wdw&quot;,&quot;id&quot;:&quot;uLHCVUUXapTe8KZ1KpHf&quot;},{&quot;accountno&quot;:&quot;TA-12345&quot;,&quot;departmentno&quot;:&quot;7&quot;,&quot;salary&quot;:&quot;50000&quot;,&quot;pincode&quot;:&quot;555555&quot;,&quot;userid&quot;:&quot;9ATDdiU55R3Axp8t2Wdw&quot;,&quot;id&quot;:&quot;N8ZivbYEiMddd4ThIDDR&quot;},{&quot;accountno&quot;:&quot;TA-12345&quot;,&quot;departmentno&quot;:&quot;7&quot;,&quot;salary&quot;:&quot;50000&quot;,&quot;pincode&quot;:&quot;555555&quot;,&quot;userid&quot;:&quot;9ATDdiU55R3Axp8t2Wdw&quot;,&quot;id&quot;:&quot;Fhh5mSZz5F8pWcsuZbuG&quot;},{&quot;accountno&quot;:&quot;TA-0985030&quot;,&quot;departmentno&quot;:&quot;1&quot;,&quot;salary&quot;:&quot;100000&quot;,&quot;pincode&quot;:&quot;123456&quot;,&quot;userid&quot;:&quot;CgpJJ4mrZzrTtp2M5Zag&quot;,&quot;id&quot;:&quot;7cmaoiZ7578eErpKpoHI&quot;},{&quot;accountno&quot;:&quot;TA-0985030&quot;,&quot;departmentno&quot;:&quot;1&quot;,&quot;salary&quot;:&quot;100000&quot;,&quot;pincode&quot;:&quot;123456&quot;,&quot;userid&quot;:&quot;CgpJJ4mrZzrTtp2M5Zag&quot;,&quot;id&quot;:&quot;S76JodhkJjnVncu53bKu&quot;},{&quot;accountno&quot;:&quot;TA-0985030&quot;,&quot;departmentno&quot;:1,&quot;salary&quot;:200000,&quot;pincode&quot;:123456,&quot;userid&quot;:&quot;CgpJJ4mrZzrTtp2M5Zag&quot;,&quot;id&quot;:&quot;jiCyIxR764GRbilpNXmY&quot;},{&quot;accountno&quot;:&quot;TA-0985030&quot;,&quot;departmentno&quot;:&quot;1&quot;,&quot;salary&quot;:&quot;100000&quot;,&quot;pincode&quot;:&quot;123456&quot;,&quot;userid&quot;:&quot;CgpJJ4mrZzrTtp2M5Zag&quot;,&quot;id&quot;:&quot;ub1UlLgLDZSChOu7RFHt&quot;},{&quot;accountno&quot;:&quot;TA-0985020&quot;,&quot;departmentno&quot;:&quot;1&quot;,&quot;salary&quot;:&quot;100000&quot;,&quot;pincode&quot;:&quot;123456&quot;,&quot;userid&quot;:&quot;CgpJJ4mrZzrTtp2M5Zag&quot;,&quot;id&quot;:&quot;JN2F1Fb79ZuvD6STavsH&quot;},{&quot;accountno&quot;:&quot;TA-0985020&quot;,&quot;departmentno&quot;:&quot;1&quot;,&quot;salary&quot;:&quot;100000&quot;,&quot;pincode&quot;:&quot;123456&quot;,&quot;userid&quot;:&quot;CgpJJ4mrZzrTtp2M5Zag&quot;,&quot;id&quot;:&quot;asGYhsOEoSXERf9b9oNy&quot;},{&quot;accountno&quot;:&quot;TA-10000555&quot;,&quot;departmentno&quot;:&quot;1&quot;,&quot;salary&quot;:&quot;10000055&quot;,&quot;pincode&quot;:&quot;123123&quot;,&quot;userid&quot;:&quot;m2IUsx9bvgkVwCXIt2Lg&quot;,&quot;id&quot;:&quot;mKZOghuGBel3cU0hpj7E&quot;},{&quot;accountno&quot;:&quot;TA-1234467&quot;,&quot;departmentno&quot;:&quot;1&quot;,&quot;salary&quot;:&quot;15000&quot;,&quot;pincode&quot;:&quot;638003&quot;,&quot;userid&quot;:&quot;zkmNMhztAOmjb5NT2cL6&quot;,&quot;id&quot;:&quot;yNelffH6epq4iBNRbEyz&quot;},{&quot;accountno&quot;:&quot;TA-1234567&quot;,&quot;departmentno&quot;:&quot;1&quot;,&quot;salary&quot;:&quot;10000&quot;,&quot;pincode&quot;:&quot;638002&quot;,&quot;userid&quot;:&quot;zkmNMhztAOmjb5NT2cL6&quot;,&quot;id&quot;:&quot;cXjukiFpD9p0HepBO59i&quot;},{&quot;accountno&quot;:&quot;TA-1234567&quot;,&quot;departmentno&quot;:&quot;1&quot;,&quot;salary&quot;:&quot;10000&quot;,&quot;pincode&quot;:&quot;638002&quot;,&quot;userid&quot;:&quot;zkmNMhztAOmjb5NT2cL6&quot;,&quot;id&quot;:&quot;E1PgddGTS5vByR66hNIq&quot;},{&quot;accountno&quot;:&quot;TA-2342342&quot;,&quot;departmentno&quot;:&quot;1&quot;,&quot;salary&quot;:&quot;23423&quot;,&quot;pincode&quot;:&quot;666666&quot;,&quot;userid&quot;:&quot;Qn9aLmEb5M9tHd0c1gK9&quot;,&quot;id&quot;:&quot;hmvPwf2yqhaZCIl0FiTP&quot;},{&quot;accountno&quot;:&quot;TA-0985020&quot;,&quot;departmentno&quot;:&quot;1&quot;,&quot;salary&quot;:&quot;100000&quot;,&quot;pincode&quot;:&quot;123456&quot;,&quot;userid&quot;:&quot;CgpJJ4mrZzrTtp2M5Zag&quot;,&quot;id&quot;:&quot;JYLA8J7IXRHj9jdzKBYL&quot;},{&quot;accountno&quot;:&quot;TA-0985010&quot;,&quot;departmentno&quot;:&quot;1&quot;,&quot;salary&quot;:&quot;100000&quot;,&quot;pincode&quot;:&quot;123456&quot;,&quot;userid&quot;:&quot;CgpJJ4mrZzrTtp2M5Zag&quot;,&quot;id&quot;:&quot;qIHOWHklwwEEZEf9fJq2&quot;},{&quot;accountno&quot;:&quot;JT-0998877&quot;,&quot;departmentno&quot;:&quot;8&quot;,&quot;salary&quot;:&quot;85000&quot;,&quot;pincode&quot;:&quot;945970&quot;,&quot;userid&quot;:&quot;Hv5rNrZg9rEhTS0YDzk2&quot;,&quot;id&quot;:&quot;dnMYWxprNsd4nfI7cV3H&quot;},{&quot;accountno&quot;:&quot;JT-0987654&quot;,&quot;departmentno&quot;:&quot;8&quot;,&quot;salary&quot;:&quot;85000&quot;,&quot;pincode&quot;:&quot;945970&quot;,&quot;userid&quot;:&quot;Hv5rNrZg9rEhTS0YDzk2&quot;,&quot;id&quot;:&quot;ovi7ZUa4xJ8LNULQjdVT&quot;},{&quot;accountno&quot;:&quot;99999123&quot;,&quot;departmentno&quot;:&quot;1&quot;,&quot;salary&quot;:&quot;5333&quot;,&quot;pincode&quot;:&quot;901234&quot;,&quot;userid&quot;:&quot;Zkr5GwJhXN3dOEP2fImf&quot;,&quot;id&quot;:&quot;kPzIZkeL29pSOawmIHkG&quot;},{&quot;accountno&quot;:&quot;88884491&quot;,&quot;departmentno&quot;:&quot;1&quot;,&quot;salary&quot;:&quot;4000&quot;,&quot;pincode&quot;:&quot;763291&quot;,&quot;userid&quot;:&quot;Zkr5GwJhXN3dOEP2fImf&quot;,&quot;id&quot;:&quot;cCQTieQD8YM5RzCMn648&quot;},{&quot;accountno&quot;:&quot;99999123&quot;,&quot;departmentno&quot;:&quot;1&quot;,&quot;salary&quot;:&quot;5333&quot;,&quot;pincode&quot;:&quot;901234&quot;,&quot;userid&quot;:&quot;Zkr5GwJhXN3dOEP2fImf&quot;,&quot;id&quot;:&quot;iPcWUqv6O0fUPVFmtCpA&quot;},{&quot;accountno&quot;:&quot;88884491&quot;,&quot;departmentno&quot;:&quot;1&quot;,&quot;salary&quot;:&quot;4000&quot;,&quot;pincode&quot;:&quot;763291&quot;,&quot;userid&quot;:&quot;Zkr5GwJhXN3dOEP2fImf&quot;,&quot;id&quot;:&quot;sEeXoCcP5CQAjXUe5xQv&quot;},{&quot;accountno&quot;:&quot;99999123&quot;,&quot;departmentno&quot;:&quot;1&quot;,&quot;salary&quot;:&quot;5333&quot;,&quot;pincode&quot;:&quot;901234&quot;,&quot;userid&quot;:&quot;Zkr5GwJhXN3dOEP2fImf&quot;,&quot;id&quot;:&quot;n9yMalVia0yGC3aKK7pg&quot;},{&quot;accountno&quot;:&quot;88884491&quot;,&quot;departmentno&quot;:&quot;1&quot;,&quot;salary&quot;:&quot;4000&quot;,&quot;pincode&quot;:&quot;763291&quot;,&quot;userid&quot;:&quot;Zkr5GwJhXN3dOEP2fImf&quot;,&quot;id&quot;:&quot;1rg0UpEr5vSV1RDol4Ax&quot;},{&quot;accountno&quot;:&quot;TA-0000004&quot;,&quot;departmentno&quot;:&quot;9&quot;,&quot;salary&quot;:&quot;265428832&quot;,&quot;pincode&quot;:&quot;000002&quot;,&quot;userid&quot;:&quot;udhBK3zB8LiJm9Crv8KY&quot;,&quot;id&quot;:&quot;R0BA0ckR055ZhM4KP9rh&quot;},{&quot;accountno&quot;:&quot;TA-0000004&quot;,&quot;departmentno&quot;:&quot;1&quot;,&quot;salary&quot;:&quot;1&quot;,&quot;pincode&quot;:&quot;000002&quot;,&quot;userid&quot;:&quot;udhBK3zB8LiJm9Crv8KY&quot;,&quot;id&quot;:&quot;N2HmUDTjpxvszaoyyLsf&quot;},{&quot;accountno&quot;:&quot;JT-1234567&quot;,&quot;departmentno&quot;:&quot;8&quot;,&quot;salary&quot;:&quot;12&quot;,&quot;pincode&quot;:&quot;945970&quot;,&quot;userid&quot;:&quot;Hv5rNrZg9rEhTS0YDzk2&quot;,&quot;id&quot;:&quot;p5tDXVrZ4UxVevbj6MUP&quot;},{&quot;accountno&quot;:&quot;TA-0000004&quot;,&quot;departmentno&quot;:&quot;1&quot;,&quot;salary&quot;:&quot;1&quot;,&quot;pincode&quot;:&quot;000002&quot;,&quot;userid&quot;:&quot;udhBK3zB8LiJm9Crv8KY&quot;,&quot;id&quot;:&quot;3irOIDWrvbWJhX0xk6EP&quot;},{&quot;accountno&quot;:&quot;TA-0000004&quot;,&quot;departmentno&quot;:&quot;1&quot;,&quot;salary&quot;:&quot;1&quot;,&quot;pincode&quot;:&quot;000002&quot;,&quot;userid&quot;:&quot;udhBK3zB8LiJm9Crv8KY&quot;,&quot;id&quot;:&quot;9MiXSUBXQIr0chD6LGZJ&quot;},{&quot;accountno&quot;:&quot;TA-0000004&quot;,&quot;departmentno&quot;:&quot;1&quot;,&quot;salary&quot;:&quot;1&quot;,&quot;pincode&quot;:&quot;000002&quot;,&quot;userid&quot;:&quot;udhBK3zB8LiJm9Crv8KY&quot;,&quot;id&quot;:&quot;YqvkaUA2lKrhwg49p7JG&quot;},{&quot;accountno&quot;:&quot;TA-0000004&quot;,&quot;departmentno&quot;:&quot;1&quot;,&quot;salary&quot;:&quot;1&quot;,&quot;pincode&quot;:&quot;000002&quot;,&quot;userid&quot;:&quot;udhBK3zB8LiJm9Crv8KY&quot;,&quot;id&quot;:&quot;tDNaCa77IVQulaff38u7&quot;},{&quot;accountno&quot;:&quot;01234567&quot;,&quot;departmentno&quot;:&quot;2&quot;,&quot;salary&quot;:&quot;6235873&quot;,&quot;pincode&quot;:&quot;012345&quot;,&quot;userid&quot;:&quot;udhBK3zB8LiJm9Crv8KY&quot;,&quot;id&quot;:&quot;B9P66In0TlqYuzq7pKTQ&quot;},{&quot;accountno&quot;:&quot;11100023&quot;,&quot;departmentno&quot;:&quot;1&quot;,&quot;salary&quot;:&quot;019838764&quot;,&quot;pincode&quot;:&quot;111222&quot;,&quot;userid&quot;:&quot;udhBK3zB8LiJm9Crv8KY&quot;,&quot;id&quot;:&quot;JdijlIk8e0e9lye3a9xv&quot;},{&quot;accountno&quot;:&quot;01234567&quot;,&quot;departmentno&quot;:&quot;2&quot;,&quot;salary&quot;:&quot;6235873&quot;,&quot;pincode&quot;:&quot;012345&quot;,&quot;userid&quot;:&quot;udhBK3zB8LiJm9Crv8KY&quot;,&quot;id&quot;:&quot;ZolprJwZ0CcU6R25mEJY&quot;},{&quot;accountno&quot;:&quot;11100023&quot;,&quot;departmentno&quot;:&quot;1&quot;,&quot;salary&quot;:&quot;019838764&quot;,&quot;pincode&quot;:&quot;111222&quot;,&quot;userid&quot;:&quot;udhBK3zB8LiJm9Crv8KY&quot;,&quot;id&quot;:&quot;ZqYeLaUtKTVtUKHfgVUQ&quot;},{&quot;accountno&quot;:&quot;01234567&quot;,&quot;departmentno&quot;:&quot;2&quot;,&quot;salary&quot;:&quot;6235873&quot;,&quot;pincode&quot;:&quot;012345&quot;,&quot;userid&quot;:&quot;udhBK3zB8LiJm9Crv8KY&quot;,&quot;id&quot;:&quot;zkktiG9tU6tb976KqLS0&quot;},{&quot;accountno&quot;:&quot;11100023&quot;,&quot;departmentno&quot;:&quot;1&quot;,&quot;salary&quot;:&quot;019838764&quot;,&quot;pincode&quot;:&quot;111222&quot;,&quot;userid&quot;:&quot;udhBK3zB8LiJm9Crv8KY&quot;,&quot;id&quot;:&quot;XYEqFoowndnYyRoRreLe&quot;},{&quot;accountno&quot;:&quot;TA-0000004&quot;,&quot;departmentno&quot;:&quot;1&quot;,&quot;salary&quot;:&quot;1&quot;,&quot;pincode&quot;:&quot;000002&quot;,&quot;userid&quot;:&quot;taGX4XQQfXD3Z76sI1Xn&quot;,&quot;id&quot;:&quot;TwCj0lkkkrorXfhPbSj9&quot;},{&quot;accountno&quot;:&quot;01234567&quot;,&quot;departmentno&quot;:&quot;2&quot;,&quot;salary&quot;:&quot;6235873&quot;,&quot;pincode&quot;:&quot;012345&quot;,&quot;userid&quot;:&quot;udhBK3zB8LiJm9Crv8KY&quot;,&quot;id&quot;:&quot;stJwSiW2TmfUr26BYHeA&quot;},{&quot;accountno&quot;:&quot;11100023&quot;,&quot;departmentno&quot;:&quot;1&quot;,&quot;salary&quot;:&quot;019838764&quot;,&quot;pincode&quot;:&quot;111222&quot;,&quot;userid&quot;:&quot;udhBK3zB8LiJm9Crv8KY&quot;,&quot;id&quot;:&quot;ubbBD9gbG5YZjbSxMQQt&quot;},{&quot;accountno&quot;:&quot;TA-0000004&quot;,&quot;departmentno&quot;:&quot;1&quot;,&quot;salary&quot;:&quot;1&quot;,&quot;pincode&quot;:&quot;000002&quot;,&quot;userid&quot;:&quot;taGX4XQQfXD3Z76sI1Xn&quot;,&quot;id&quot;:&quot;Ro4cFqJhvuim7J7ZtK5j&quot;},{&quot;accountno&quot;:&quot;TA-0000004&quot;,&quot;departmentno&quot;:&quot;1&quot;,&quot;salary&quot;:&quot;1&quot;,&quot;pincode&quot;:&quot;000002&quot;,&quot;userid&quot;:&quot;taGX4XQQfXD3Z76sI1Xn&quot;,&quot;id&quot;:&quot;SltM45z88Gh2LUAZxUo7&quot;},{&quot;accountno&quot;:&quot;TA-0000004&quot;,&quot;departmentno&quot;:&quot;1&quot;,&quot;salary&quot;:&quot;1&quot;,&quot;pincode&quot;:&quot;000002&quot;,&quot;userid&quot;:&quot;taGX4XQQfXD3Z76sI1Xn&quot;,&quot;id&quot;:&quot;BSmHP0aClrXfhIV92nRR&quot;},{&quot;accountno&quot;:&quot;TA-0000004&quot;,&quot;departmentno&quot;:&quot;1&quot;,&quot;salary&quot;:&quot;1&quot;,&quot;pincode&quot;:&quot;000002&quot;,&quot;userid&quot;:&quot;taGX4XQQfXD3Z76sI1Xn&quot;,&quot;id&quot;:&quot;GL4Qou1nwE86QY5z1s2x&quot;},{&quot;accountno&quot;:&quot;TA-0000004&quot;,&quot;departmentno&quot;:&quot;1&quot;,&quot;salary&quot;:&quot;1&quot;,&quot;pincode&quot;:&quot;000002&quot;,&quot;userid&quot;:&quot;taGX4XQQfXD3Z76sI1Xn&quot;,&quot;id&quot;:&quot;BsGs4ogNLKmExVSVAY10&quot;},{&quot;accountno&quot;:&quot;TA-0000004&quot;,&quot;departmentno&quot;:&quot;1&quot;,&quot;salary&quot;:&quot;1&quot;,&quot;pincode&quot;:&quot;000002&quot;,&quot;userid&quot;:&quot;taGX4XQQfXD3Z76sI1Xn&quot;,&quot;id&quot;:&quot;YiMctxwyb3ZKWMpT777o&quot;},{&quot;accountno&quot;:&quot;TA-0000004&quot;,&quot;departmentno&quot;:&quot;1&quot;,&quot;salary&quot;:&quot;1&quot;,&quot;pincode&quot;:&quot;000002&quot;,&quot;userid&quot;:&quot;taGX4XQQfXD3Z76sI1Xn&quot;,&quot;id&quot;:&quot;KfkDiP3GwCXxFDVeXZaQ&quot;},{&quot;accountno&quot;:&quot;TA-0000004&quot;,&quot;departmentno&quot;:&quot;1&quot;,&quot;salary&quot;:&quot;1&quot;,&quot;pincode&quot;:&quot;000002&quot;,&quot;userid&quot;:&quot;taGX4XQQfXD3Z76sI1Xn&quot;,&quot;id&quot;:&quot;cpteYDpvqcArzn8xQXFW&quot;},{&quot;accountno&quot;:&quot;TA-0000004&quot;,&quot;departmentno&quot;:&quot;1&quot;,&quot;salary&quot;:&quot;1&quot;,&quot;pincode&quot;:&quot;000002&quot;,&quot;userid&quot;:&quot;taGX4XQQfXD3Z76sI1Xn&quot;,&quot;id&quot;:&quot;tUlo2Zm5lOhgpF1EH6yQ&quot;},{&quot;accountno&quot;:&quot;TA-0000004&quot;,&quot;departmentno&quot;:&quot;1&quot;,&quot;salary&quot;:&quot;1&quot;,&quot;pincode&quot;:&quot;000002&quot;,&quot;userid&quot;:&quot;taGX4XQQfXD3Z76sI1Xn&quot;,&quot;id&quot;:&quot;WOWcwW2kr0SyD2d3YHvD&quot;},{&quot;accountno&quot;:&quot;TA-0000004&quot;,&quot;departmentno&quot;:&quot;1&quot;,&quot;salary&quot;:&quot;1&quot;,&quot;pincode&quot;:&quot;000002&quot;,&quot;userid&quot;:&quot;taGX4XQQfXD3Z76sI1Xn&quot;,&quot;id&quot;:&quot;ELwvIpQ20d8HOWrKQ26f&quot;},{&quot;accountno&quot;:&quot;TA-0000004&quot;,&quot;departmentno&quot;:&quot;1&quot;,&quot;salary&quot;:&quot;1&quot;,&quot;pincode&quot;:&quot;000002&quot;,&quot;userid&quot;:&quot;taGX4XQQfXD3Z76sI1Xn&quot;,&quot;id&quot;:&quot;3Kof7Qd0Xx29CZMECEN3&quot;},{&quot;accountno&quot;:&quot;TA-0000004&quot;,&quot;departmentno&quot;:&quot;1&quot;,&quot;salary&quot;:&quot;1&quot;,&quot;pincode&quot;:&quot;000002&quot;,&quot;userid&quot;:&quot;taGX4XQQfXD3Z76sI1Xn&quot;,&quot;id&quot;:&quot;OvLv0yJuEPmnAN6XtYja&quot;},{&quot;accountno&quot;:&quot;TA-0000004&quot;,&quot;departmentno&quot;:&quot;9&quot;,&quot;salary&quot;:&quot;265428832&quot;,&quot;pincode&quot;:&quot;000002&quot;,&quot;userid&quot;:&quot;taGX4XQQfXD3Z76sI1Xn&quot;,&quot;id&quot;:&quot;U6ZJSqcwMX8T07YQbElf&quot;},{&quot;accountno&quot;:&quot;TA-22061984&quot;,&quot;departmentno&quot;:&quot;1&quot;,&quot;salary&quot;:&quot;4000&quot;,&quot;pincode&quot;:&quot;763291&quot;,&quot;userid&quot;:&quot;xfvwphFcCCoaYVEl5Zb6&quot;,&quot;id&quot;:&quot;v7tfbqRXuOaXO2VjyN2P&quot;},{&quot;accountno&quot;:&quot;TA-22061984&quot;,&quot;departmentno&quot;:&quot;1&quot;,&quot;salary&quot;:&quot;4000&quot;,&quot;pincode&quot;:&quot;763291&quot;,&quot;userid&quot;:&quot;xfvwphFcCCoaYVEl5Zb6&quot;,&quot;id&quot;:&quot;zPa3D2sadoLadGU3XILw&quot;},{&quot;accountno&quot;:&quot;TA-0000004&quot;,&quot;departmentno&quot;:&quot;1&quot;,&quot;salary&quot;:&quot;1&quot;,&quot;pincode&quot;:&quot;000002&quot;,&quot;userid&quot;:&quot;taGX4XQQfXD3Z76sI1Xn&quot;,&quot;id&quot;:&quot;7HJOst0uQ9q3j99UMXgs&quot;},{&quot;accountno&quot;:&quot;TA-0000004&quot;,&quot;departmentno&quot;:&quot;1&quot;,&quot;salary&quot;:&quot;1&quot;,&quot;pincode&quot;:&quot;000002&quot;,&quot;userid&quot;:&quot;taGX4XQQfXD3Z76sI1Xn&quot;,&quot;id&quot;:&quot;ajY4SzVUjJnv9S4Lzbp4&quot;},{&quot;accountno&quot;:&quot;TA-0000004&quot;,&quot;departmentno&quot;:&quot;1&quot;,&quot;salary&quot;:&quot;1&quot;,&quot;pincode&quot;:&quot;000002&quot;,&quot;userid&quot;:&quot;taGX4XQQfXD3Z76sI1Xn&quot;,&quot;id&quot;:&quot;aejV2BZGnXOO4I2m8jEU&quot;},{&quot;accountno&quot;:&quot;01234567&quot;,&quot;departmentno&quot;:&quot;2&quot;,&quot;salary&quot;:&quot;6235873&quot;,&quot;pincode&quot;:&quot;012345&quot;,&quot;userid&quot;:&quot;udhBK3zB8LiJm9Crv8KY&quot;,&quot;id&quot;:&quot;TxMAY48sIlBLjFEM6uCw&quot;},{&quot;accountno&quot;:&quot;11100023&quot;,&quot;departmentno&quot;:&quot;1&quot;,&quot;salary&quot;:&quot;019838764&quot;,&quot;pincode&quot;:&quot;111222&quot;,&quot;userid&quot;:&quot;udhBK3zB8LiJm9Crv8KY&quot;,&quot;id&quot;:&quot;D5c0X4aazcbkpfBlfljU&quot;},{&quot;accountno&quot;:&quot;01234567&quot;,&quot;departmentno&quot;:&quot;2&quot;,&quot;salary&quot;:&quot;6235873&quot;,&quot;pincode&quot;:&quot;012345&quot;,&quot;userid&quot;:&quot;udhBK3zB8LiJm9Crv8KY&quot;,&quot;id&quot;:&quot;JXamcMmzXYlOpgRD8JSp&quot;},{&quot;accountno&quot;:&quot;11100023&quot;,&quot;departmentno&quot;:&quot;1&quot;,&quot;salary&quot;:&quot;019838764&quot;,&quot;pincode&quot;:&quot;111222&quot;,&quot;userid&quot;:&quot;udhBK3zB8LiJm9Crv8KY&quot;,&quot;id&quot;:&quot;872RiI5Y6vlSMvawKC5X&quot;},{&quot;accountno&quot;:&quot;01234567&quot;,&quot;departmentno&quot;:&quot;2&quot;,&quot;salary&quot;:&quot;6235873&quot;,&quot;pincode&quot;:&quot;012345&quot;,&quot;userid&quot;:&quot;udhBK3zB8LiJm9Crv8KY&quot;,&quot;id&quot;:&quot;o8Y7p3z59FljCB3jcdkl&quot;},{&quot;accountno&quot;:&quot;11100023&quot;,&quot;departmentno&quot;:&quot;1&quot;,&quot;salary&quot;:&quot;019838764&quot;,&quot;pincode&quot;:&quot;111222&quot;,&quot;userid&quot;:&quot;udhBK3zB8LiJm9Crv8KY&quot;,&quot;id&quot;:&quot;8gqMZ1qec1AMSPPH4SyM&quot;},{&quot;accountno&quot;:&quot;01234567&quot;,&quot;departmentno&quot;:&quot;2&quot;,&quot;salary&quot;:&quot;6235873&quot;,&quot;pincode&quot;:&quot;012345&quot;,&quot;userid&quot;:&quot;udhBK3zB8LiJm9Crv8KY&quot;,&quot;id&quot;:&quot;IWowwdyn8K1b5CfItpgE&quot;},{&quot;accountno&quot;:&quot;11100023&quot;,&quot;departmentno&quot;:&quot;1&quot;,&quot;salary&quot;:&quot;019838764&quot;,&quot;pincode&quot;:&quot;111222&quot;,&quot;userid&quot;:&quot;udhBK3zB8LiJm9Crv8KY&quot;,&quot;id&quot;:&quot;77lE9NhpuJYsRDqz1aq6&quot;},{&quot;accountno&quot;:&quot;01234567&quot;,&quot;departmentno&quot;:&quot;2&quot;,&quot;salary&quot;:&quot;6235873&quot;,&quot;pincode&quot;:&quot;012345&quot;,&quot;userid&quot;:&quot;udhBK3zB8LiJm9Crv8KY&quot;,&quot;id&quot;:&quot;eUVFzGqf1BrOnD0xdcMy&quot;},{&quot;accountno&quot;:&quot;11100023&quot;,&quot;departmentno&quot;:&quot;1&quot;,&quot;salary&quot;:&quot;019838764&quot;,&quot;pincode&quot;:&quot;111222&quot;,&quot;userid&quot;:&quot;udhBK3zB8LiJm9Crv8KY&quot;,&quot;id&quot;:&quot;jcHbrs4H14KNaL9AeGvL&quot;},{&quot;accountno&quot;:&quot;01234567&quot;,&quot;departmentno&quot;:&quot;2&quot;,&quot;salary&quot;:&quot;6235873&quot;,&quot;pincode&quot;:&quot;012345&quot;,&quot;userid&quot;:&quot;udhBK3zB8LiJm9Crv8KY&quot;,&quot;id&quot;:&quot;bXFNxc0b08dBl8mV4Vhf&quot;},{&quot;accountno&quot;:&quot;11100023&quot;,&quot;departmentno&quot;:&quot;1&quot;,&quot;salary&quot;:&quot;019838764&quot;,&quot;pincode&quot;:&quot;111222&quot;,&quot;userid&quot;:&quot;udhBK3zB8LiJm9Crv8KY&quot;,&quot;id&quot;:&quot;0dpQmogsSAz18Nx23e95&quot;},{&quot;accountno&quot;:&quot;TA-22061984&quot;,&quot;departmentno&quot;:&quot;1&quot;,&quot;salary&quot;:&quot;6000&quot;,&quot;pincode&quot;:&quot;763291&quot;,&quot;userid&quot;:&quot;xfvwphFcCCoaYVEl5Zb6&quot;,&quot;id&quot;:&quot;FAWqMEcpMeHwxZ4sKD0P&quot;},{&quot;accountno&quot;:&quot;TA-22061983&quot;,&quot;departmentno&quot;:&quot;1&quot;,&quot;salary&quot;:&quot;4000&quot;,&quot;pincode&quot;:&quot;763291&quot;,&quot;userid&quot;:&quot;xfvwphFcCCoaYVEl5Zb6&quot;,&quot;id&quot;:&quot;Za0rQ3QFphSfT47mY0pY&quot;},{&quot;accountno&quot;:&quot;TA-22061983&quot;,&quot;departmentno&quot;:&quot;1&quot;,&quot;salary&quot;:&quot;4000&quot;,&quot;pincode&quot;:&quot;763291&quot;,&quot;userid&quot;:&quot;xfvwphFcCCoaYVEl5Zb6&quot;,&quot;id&quot;:&quot;Gx9yECFRPxZEB9gPC1R5&quot;},{&quot;accountno&quot;:&quot;TA-22061983&quot;,&quot;departmentno&quot;:&quot;1&quot;,&quot;salary&quot;:&quot;4000&quot;,&quot;pincode&quot;:&quot;763291&quot;,&quot;userid&quot;:&quot;xfvwphFcCCoaYVEl5Zb6&quot;,&quot;id&quot;:&quot;DDgl98TVCHO4qhiyB3uM&quot;},{&quot;accountno&quot;:&quot;TA-22061981&quot;,&quot;departmentno&quot;:&quot;1&quot;,&quot;salary&quot;:&quot;4000&quot;,&quot;pincode&quot;:&quot;763291&quot;,&quot;userid&quot;:&quot;xfvwphFcCCoaYVEl5Zb6&quot;,&quot;id&quot;:&quot;2MVLbhjnW63d72cdInDY&quot;},{&quot;accountno&quot;:&quot;TA-22061981&quot;,&quot;departmentno&quot;:&quot;1&quot;,&quot;salary&quot;:&quot;4000&quot;,&quot;pincode&quot;:&quot;763291&quot;,&quot;userid&quot;:&quot;xfvwphFcCCoaYVEl5Zb6&quot;,&quot;id&quot;:&quot;GhnuqiSmXcGy38lzuOKl&quot;},{&quot;accountno&quot;:&quot;TA-9999901&quot;,&quot;departmentno&quot;:&quot;1&quot;,&quot;salary&quot;:&quot;80000&quot;,&quot;pincode&quot;:&quot;123456&quot;,&quot;userid&quot;:&quot;CgpJJ4mrZzrTtp2M5Zag&quot;,&quot;id&quot;:&quot;xscrYqMqXEjGNBo3oeZ5&quot;},{&quot;accountno&quot;:&quot;TA-9876543&quot;,&quot;departmentno&quot;:&quot;1&quot;,&quot;salary&quot;:&quot;90000&quot;,&quot;pincode&quot;:&quot;123456&quot;,&quot;userid&quot;:&quot;CgpJJ4mrZzrTtp2M5Zag&quot;,&quot;id&quot;:&quot;34PEpUk7JINDy2mVwlLH&quot;},{&quot;accountno&quot;:&quot;TA-0987653&quot;,&quot;departmentno&quot;:7,&quot;salary&quot;:100000,&quot;pincode&quot;:123456,&quot;userid&quot;:&quot;CgpJJ4mrZzrTtp2M5Zag&quot;,&quot;id&quot;:&quot;zdbszYlLLYW1vH8FXeoz&quot;},{&quot;accountno&quot;:&quot;TA-7867860&quot;,&quot;departmentno&quot;:&quot;8&quot;,&quot;salary&quot;:&quot;85000&quot;,&quot;pincode&quot;:&quot;945970&quot;,&quot;userid&quot;:&quot;Hv5rNrZg9rEhTS0YDzk2&quot;,&quot;id&quot;:&quot;xAmYRWTD8bptZm3PrOZZ&quot;},{&quot;accountno&quot;:&quot;TA-141414&quot;,&quot;departmentno&quot;:&quot;7&quot;,&quot;salary&quot;:&quot;9000&quot;,&quot;pincode&quot;:&quot;908760&quot;,&quot;userid&quot;:&quot;xfvwphFcCCoaYVEl5Zb6&quot;,&quot;id&quot;:&quot;XRLpGfb5yymsNEIS65Cl&quot;},{&quot;accountno&quot;:&quot;TA-2121212&quot;,&quot;departmentno&quot;:&quot;8&quot;,&quot;salary&quot;:&quot;101021&quot;,&quot;pincode&quot;:&quot;010121&quot;,&quot;userid&quot;:&quot;UbzKln8jt3iwGZ5iKVw2&quot;,&quot;id&quot;:&quot;fNOdlqpJj5pupwL6qsoV&quot;},{&quot;accountno&quot;:&quot;TA-1010101&quot;,&quot;departmentno&quot;:&quot;8&quot;,&quot;salary&quot;:&quot;101010&quot;,&quot;pincode&quot;:&quot;010110&quot;,&quot;userid&quot;:&quot;UbzKln8jt3iwGZ5iKVw2&quot;,&quot;id&quot;:&quot;SnJaV6PgTuXq83jA5Qgt&quot;},{&quot;accountno&quot;:&quot;TA-9898989&quot;,&quot;departmentno&quot;:&quot;2&quot;,&quot;salary&quot;:&quot;2&quot;,&quot;pincode&quot;:&quot;444444&quot;,&quot;userid&quot;:&quot;5peqXdShya0PTZrXGvCk&quot;,&quot;id&quot;:&quot;Js1eROSo81TghX0EJgJp&quot;},{&quot;accountno&quot;:&quot;TA-3423420&quot;,&quot;departmentno&quot;:&quot;8&quot;,&quot;salary&quot;:&quot;85000&quot;,&quot;pincode&quot;:&quot;945970&quot;,&quot;userid&quot;:&quot;Hv5rNrZg9rEhTS0YDzk2&quot;,&quot;id&quot;:&quot;TTgum7FSj4bg2b3087uw&quot;},{&quot;accountno&quot;:&quot;TA-7867860&quot;,&quot;departmentno&quot;:4,&quot;salary&quot;:45000,&quot;pincode&quot;:945970,&quot;userid&quot;:&quot;Hv5rNrZg9rEhTS0YDzk2&quot;,&quot;id&quot;:&quot;x32eXWuLuPA2KoHoyrXM&quot;},{&quot;accountno&quot;:&quot;TA-9898989&quot;,&quot;departmentno&quot;:&quot;2&quot;,&quot;salary&quot;:&quot;2&quot;,&quot;pincode&quot;:&quot;444444&quot;,&quot;userid&quot;:&quot;5peqXdShya0PTZrXGvCk&quot;,&quot;id&quot;:&quot;2ABT1Q09Dh6yVsBnyuXD&quot;},{&quot;accountno&quot;:&quot;TA-1122455&quot;,&quot;departmentno&quot;:&quot;9&quot;,&quot;salary&quot;:&quot;4564874&quot;,&quot;pincode&quot;:&quot;530016&quot;,&quot;userid&quot;:&quot;yNCXX8NruCfcrpuLyFMc&quot;,&quot;id&quot;:&quot;QNWbLHpMawZKw7DBIqLh&quot;},{&quot;accountno&quot;:&quot;TA-141414&quot;,&quot;departmentno&quot;:&quot;7&quot;,&quot;salary&quot;:&quot;9000&quot;,&quot;pincode&quot;:&quot;908760&quot;,&quot;userid&quot;:&quot;xfvwphFcCCoaYVEl5Zb6&quot;,&quot;id&quot;:&quot;p8qJGfpp0ABYYxqfK3IJ&quot;},{&quot;accountno&quot;:&quot;TA-1234567&quot;,&quot;departmentno&quot;:&quot;1&quot;,&quot;salary&quot;:&quot;9000&quot;,&quot;pincode&quot;:&quot;636006&quot;,&quot;userid&quot;:&quot;Qv9VqoMypQb6l9QCZH54&quot;,&quot;id&quot;:&quot;ka7C9RTC6bh6jwQfAOna&quot;},{&quot;accountno&quot;:&quot;TA-5003022&quot;,&quot;departmentno&quot;:2,&quot;salary&quot;:34466,&quot;pincode&quot;:222222,&quot;userid&quot;:&quot;UbzKln8jt3iwGZ5iKVw2&quot;,&quot;id&quot;:&quot;f4nQmiQMNKMetR6B4YPA&quot;},{&quot;accountno&quot;:&quot;TA-0000004&quot;,&quot;departmentno&quot;:&quot;1&quot;,&quot;salary&quot;:&quot;1&quot;,&quot;pincode&quot;:&quot;000002&quot;,&quot;userid&quot;:&quot;udhBK3zB8LiJm9Crv8KY&quot;,&quot;id&quot;:&quot;dX1JvqHcQYiTBmgjNLJc&quot;},{&quot;accountno&quot;:&quot;TA-0000004&quot;,&quot;departmentno&quot;:&quot;1&quot;,&quot;salary&quot;:&quot;1&quot;,&quot;pincode&quot;:&quot;000002&quot;,&quot;userid&quot;:&quot;udhBK3zB8LiJm9Crv8KY&quot;,&quot;id&quot;:&quot;N20DcR6Jj9ML6d3KwkFK&quot;},{&quot;accountno&quot;:&quot;TA-0000004&quot;,&quot;departmentno&quot;:&quot;1&quot;,&quot;salary&quot;:&quot;1&quot;,&quot;pincode&quot;:&quot;000002&quot;,&quot;userid&quot;:&quot;udhBK3zB8LiJm9Crv8KY&quot;,&quot;id&quot;:&quot;g7CatX9es9kkM9CJbgtX&quot;},{&quot;accountno&quot;:&quot;TA-0000004&quot;,&quot;departmentno&quot;:&quot;1&quot;,&quot;salary&quot;:&quot;1&quot;,&quot;pincode&quot;:&quot;000002&quot;,&quot;userid&quot;:&quot;udhBK3zB8LiJm9Crv8KY&quot;,&quot;id&quot;:&quot;yXaTrQNBa1ocdanY1nnl&quot;},{&quot;accountno&quot;:&quot;TA-0000004&quot;,&quot;departmentno&quot;:&quot;1&quot;,&quot;salary&quot;:&quot;1&quot;,&quot;pincode&quot;:&quot;000002&quot;,&quot;userid&quot;:&quot;udhBK3zB8LiJm9Crv8KY&quot;,&quot;id&quot;:&quot;0H7Iu4JeZ3zbSq6YSQmB&quot;},{&quot;accountno&quot;:&quot;TA-9898989&quot;,&quot;departmentno&quot;:-2140772261,&quot;salary&quot;:-2140772261,&quot;pincode&quot;:&quot;444444&quot;,&quot;userid&quot;:&quot;5peqXdShya0PTZrXGvCk&quot;,&quot;id&quot;:&quot;EeCp2aLHxAlA5Cg4zw19&quot;},{&quot;accountno&quot;:&quot;TA-9898989&quot;,&quot;departmentno&quot;:-2140908952,&quot;salary&quot;:-2140908952,&quot;pincode&quot;:&quot;444444&quot;,&quot;userid&quot;:&quot;5peqXdShya0PTZrXGvCk&quot;,&quot;id&quot;:&quot;lPgXrXHegTvdQvaiBZEx&quot;},{&quot;accountno&quot;:&quot;TA-9898989&quot;,&quot;departmentno&quot;:-2141028874,&quot;salary&quot;:-2141028874,&quot;pincode&quot;:&quot;444444&quot;,&quot;userid&quot;:&quot;5peqXdShya0PTZrXGvCk&quot;,&quot;id&quot;:&quot;QFcOaJr9fx0kekrpC5yO&quot;},{&quot;accountno&quot;:&quot;TA-9898989&quot;,&quot;departmentno&quot;:-2141190435,&quot;salary&quot;:-2141190435,&quot;pincode&quot;:&quot;444444&quot;,&quot;userid&quot;:&quot;5peqXdShya0PTZrXGvCk&quot;,&quot;id&quot;:&quot;Fe3CsqQCrOzEw6Cn78Mu&quot;},{&quot;accountno&quot;:&quot;TA-9898989&quot;,&quot;departmentno&quot;:2106006602,&quot;salary&quot;:2106006602,&quot;pincode&quot;:&quot;444444&quot;,&quot;userid&quot;:&quot;5peqXdShya0PTZrXGvCk&quot;,&quot;id&quot;:&quot;v7KjEsWREyEKVkUgu6AP&quot;},{&quot;accountno&quot;:&quot;TA-9898989&quot;,&quot;departmentno&quot;:2105702345,&quot;salary&quot;:2105702345,&quot;pincode&quot;:&quot;444444&quot;,&quot;userid&quot;:&quot;5peqXdShya0PTZrXGvCk&quot;,&quot;id&quot;:&quot;ER3VBjLzQ8TlelclB9Tl&quot;},{&quot;accountno&quot;:&quot;TA-9898989&quot;,&quot;departmentno&quot;:2105205958,&quot;salary&quot;:2105205958,&quot;pincode&quot;:&quot;444444&quot;,&quot;userid&quot;:&quot;5peqXdShya0PTZrXGvCk&quot;,&quot;id&quot;:&quot;7WX6vewRjR3WpdRekXwx&quot;},{&quot;accountno&quot;:&quot;TA-9898989&quot;,&quot;departmentno&quot;:2105093216,&quot;salary&quot;:2105093216,&quot;pincode&quot;:&quot;444444&quot;,&quot;userid&quot;:&quot;5peqXdShya0PTZrXGvCk&quot;,&quot;id&quot;:&quot;8TTwqSXyygUkfq9eOk5Z&quot;},{&quot;accountno&quot;:&quot;TA-9898989&quot;,&quot;departmentno&quot;:2097954871,&quot;salary&quot;:2097954871,&quot;pincode&quot;:&quot;444444&quot;,&quot;userid&quot;:&quot;5peqXdShya0PTZrXGvCk&quot;,&quot;id&quot;:&quot;hrGfmisYgajTuGNXoS9y&quot;},{&quot;accountno&quot;:&quot;TA-9898989&quot;,&quot;departmentno&quot;:2097919392,&quot;salary&quot;:2097919392,&quot;pincode&quot;:&quot;444444&quot;,&quot;userid&quot;:&quot;5peqXdShya0PTZrXGvCk&quot;,&quot;id&quot;:&quot;wuMcgI3WCvz9yjr63j26&quot;},{&quot;accountno&quot;:&quot;TA-9898989&quot;,&quot;departmentno&quot;:2097826629,&quot;salary&quot;:2097826629,&quot;pincode&quot;:&quot;444444&quot;,&quot;userid&quot;:&quot;5peqXdShya0PTZrXGvCk&quot;,&quot;id&quot;:&quot;jHpfaZAosjrca5rVFKjt&quot;},{&quot;accountno&quot;:&quot;TA-9898989&quot;,&quot;departmentno&quot;:1621300300808,&quot;salary&quot;:1621300300808,&quot;pincode&quot;:&quot;444444&quot;,&quot;userid&quot;:&quot;5peqXdShya0PTZrXGvCk&quot;,&quot;id&quot;:&quot;QWIY6aQLG0wNVAz56DWb&quot;},{&quot;accountno&quot;:&quot;TA-9898989&quot;,&quot;departmentno&quot;:1621300202483,&quot;salary&quot;:1621300202483,&quot;pincode&quot;:&quot;444444&quot;,&quot;userid&quot;:&quot;5peqXdShya0PTZrXGvCk&quot;,&quot;id&quot;:&quot;t2cdaGQhhuiPW7NXgWnY&quot;},{&quot;accountno&quot;:&quot;TA-9898989&quot;,&quot;departmentno&quot;:1621299018202,&quot;salary&quot;:1621299018202,&quot;pincode&quot;:&quot;444444&quot;,&quot;userid&quot;:&quot;5peqXdShya0PTZrXGvCk&quot;,&quot;id&quot;:&quot;tarPbzw2XSvTast1Lzr6&quot;},{&quot;accountno&quot;:&quot;TA-9898989&quot;,&quot;departmentno&quot;:1621298912970,&quot;salary&quot;:1621298912970,&quot;pincode&quot;:&quot;444444&quot;,&quot;userid&quot;:&quot;5peqXdShya0PTZrXGvCk&quot;,&quot;id&quot;:&quot;dQBow4l2tpC4fhhVziue&quot;},{&quot;accountno&quot;:&quot;TA-9898989&quot;,&quot;departmentno&quot;:1621298764098,&quot;salary&quot;:1621298764098,&quot;pincode&quot;:&quot;444444&quot;,&quot;userid&quot;:&quot;5peqXdShya0PTZrXGvCk&quot;,&quot;id&quot;:&quot;I8kZMNbGaPvDdr8ibPtw&quot;},{&quot;accountno&quot;:&quot;TA-9898989&quot;,&quot;departmentno&quot;:1621298651452,&quot;salary&quot;:1621298651452,&quot;pincode&quot;:&quot;444444&quot;,&quot;userid&quot;:&quot;5peqXdShya0PTZrXGvCk&quot;,&quot;id&quot;:&quot;btAFTO0zA5Lqkjm0bvAu&quot;},{&quot;accountno&quot;:&quot;TA-9898989&quot;,&quot;departmentno&quot;:1621298538628,&quot;salary&quot;:1621298538628,&quot;pincode&quot;:&quot;444444&quot;,&quot;userid&quot;:&quot;5peqXdShya0PTZrXGvCk&quot;,&quot;id&quot;:&quot;q6su1jKuDn3BgKkTmf20&quot;},{&quot;accountno&quot;:&quot;TA-9898989&quot;,&quot;departmentno&quot;:1621297514609,&quot;salary&quot;:1621297514609,&quot;pincode&quot;:&quot;444444&quot;,&quot;userid&quot;:&quot;5peqXdShya0PTZrXGvCk&quot;,&quot;id&quot;:&quot;sRVdTR6dmnbpkWtImbRI&quot;},{&quot;accountno&quot;:&quot;TA-9898989&quot;,&quot;departmentno&quot;:1621297440010,&quot;salary&quot;:1621297440010,&quot;pincode&quot;:&quot;444444&quot;,&quot;userid&quot;:&quot;5peqXdShya0PTZrXGvCk&quot;,&quot;id&quot;:&quot;zbvNY0Cd7euh9MIMuM5I&quot;},{&quot;accountno&quot;:&quot;TA-9898989&quot;,&quot;departmentno&quot;:&quot;4&quot;,&quot;salary&quot;:&quot;4&quot;,&quot;pincode&quot;:&quot;444444&quot;,&quot;userid&quot;:&quot;5peqXdShya0PTZrXGvCk&quot;,&quot;id&quot;:&quot;OlIkvBf8dzLuYXnRNrvm&quot;},{&quot;accountno&quot;:&quot;TA-0601871&quot;,&quot;departmentno&quot;:&quot;5&quot;,&quot;salary&quot;:&quot;10000&quot;,&quot;pincode&quot;:&quot;123455&quot;,&quot;userid&quot;:&quot;9ATDdiU55R3Axp8t2Wdw&quot;,&quot;id&quot;:&quot;uQ4WQLyvHWbcftU7LLnk&quot;},{&quot;accountno&quot;:&quot;TA-7654321&quot;,&quot;departmentno&quot;:&quot;10&quot;,&quot;salary&quot;:&quot;3000&quot;,&quot;pincode&quot;:&quot;636586&quot;,&quot;userid&quot;:&quot;Qv9VqoMypQb6l9QCZH54&quot;,&quot;id&quot;:&quot;z3pdKM6iHI7HkHkCDDDO&quot;},{&quot;accountno&quot;:&quot;TA-7654321&quot;,&quot;departmentno&quot;:&quot;10&quot;,&quot;salary&quot;:&quot;3000&quot;,&quot;pincode&quot;:&quot;636586&quot;,&quot;userid&quot;:&quot;Qv9VqoMypQb6l9QCZH54&quot;,&quot;id&quot;:&quot;jRE2C8c5ZqSsY2bvSQHg&quot;},{&quot;accountno&quot;:&quot;TA-1000234&quot;,&quot;departmentno&quot;:&quot;4&quot;,&quot;salary&quot;:&quot;1000&quot;,&quot;pincode&quot;:&quot;636006&quot;,&quot;userid&quot;:&quot;Qv9VqoMypQb6l9QCZH54&quot;,&quot;id&quot;:&quot;coMmUeyVM8PYRLAZU4qi&quot;},{&quot;accountno&quot;:&quot;TA-9999999&quot;,&quot;departmentno&quot;:&quot;9&quot;,&quot;salary&quot;:&quot;9999&quot;,&quot;pincode&quot;:&quot;999999&quot;,&quot;userid&quot;:&quot;wV6WMCO2yeVqDezlXdhH&quot;,&quot;id&quot;:&quot;ONr4ARgfn2WwyiUtQQcw&quot;},{&quot;accountno&quot;:&quot;TA-9999999&quot;,&quot;departmentno&quot;:&quot;9&quot;,&quot;salary&quot;:&quot;9999&quot;,&quot;pincode&quot;:&quot;999999&quot;,&quot;userid&quot;:&quot;wV6WMCO2yeVqDezlXdhH&quot;,&quot;id&quot;:&quot;PgBqnYb7XN0poM2RGSNm&quot;},{&quot;accountno&quot;:&quot;TA-9999999&quot;,&quot;departmentno&quot;:&quot;9&quot;,&quot;salary&quot;:&quot;9999&quot;,&quot;pincode&quot;:&quot;999999&quot;,&quot;userid&quot;:&quot;wV6WMCO2yeVqDezlXdhH&quot;,&quot;id&quot;:&quot;1InH4C2xqJ3pG6aoq50W&quot;},{&quot;accountno&quot;:&quot;TA-9999999&quot;,&quot;departmentno&quot;:&quot;9&quot;,&quot;salary&quot;:&quot;9999&quot;,&quot;pincode&quot;:&quot;999999&quot;,&quot;userid&quot;:&quot;wV6WMCO2yeVqDezlXdhH&quot;,&quot;id&quot;:&quot;lcPraxyTqcyG3qsXue2e&quot;},{&quot;accountno&quot;:&quot;TA-1000000&quot;,&quot;departmentno&quot;:&quot;1&quot;,&quot;salary&quot;:&quot;1&quot;,&quot;pincode&quot;:&quot;100000&quot;,&quot;userid&quot;:&quot;udhBK3zB8LiJm9Crv8KY&quot;,&quot;id&quot;:&quot;4uUnU32Uqg06HyTRcsfX&quot;},{&quot;accountno&quot;:&quot;TA-1&quot;,&quot;departmentno&quot;:&quot;1&quot;,&quot;salary&quot;:&quot;1&quot;,&quot;pincode&quot;:&quot;100000&quot;,&quot;userid&quot;:&quot;udhBK3zB8LiJm9Crv8KY&quot;,&quot;id&quot;:&quot;uWH21SAjflGVRAKEhVk9&quot;},{&quot;accountno&quot;:&quot;TA-1000000&quot;,&quot;departmentno&quot;:&quot;1&quot;,&quot;salary&quot;:&quot;1&quot;,&quot;pincode&quot;:&quot;100000&quot;,&quot;userid&quot;:&quot;udhBK3zB8LiJm9Crv8KY&quot;,&quot;id&quot;:&quot;AvdvOnLHXEqvznDs6EQR&quot;},{&quot;accountno&quot;:&quot;TA-9999999&quot;,&quot;departmentno&quot;:&quot;9&quot;,&quot;salary&quot;:&quot;9999&quot;,&quot;pincode&quot;:&quot;999999&quot;,&quot;userid&quot;:&quot;wV6WMCO2yeVqDezlXdhH&quot;,&quot;id&quot;:&quot;OqppJ481EQzJ5mX4KjxS&quot;},{&quot;accountno&quot;:&quot;TA-1&quot;,&quot;departmentno&quot;:&quot;1&quot;,&quot;salary&quot;:&quot;1&quot;,&quot;pincode&quot;:&quot;100000&quot;,&quot;userid&quot;:&quot;udhBK3zB8LiJm9Crv8KY&quot;,&quot;id&quot;:&quot;uccpmXE84gzVS51FGd0r&quot;},{&quot;accountno&quot;:&quot;TA-1000000&quot;,&quot;departmentno&quot;:&quot;1&quot;,&quot;salary&quot;:&quot;1&quot;,&quot;pincode&quot;:&quot;100000&quot;,&quot;userid&quot;:&quot;udhBK3zB8LiJm9Crv8KY&quot;,&quot;id&quot;:&quot;GXfNs3pTGl3HdPRODffJ&quot;},{&quot;accountno&quot;:&quot;TA-9999999&quot;,&quot;departmentno&quot;:&quot;9&quot;,&quot;salary&quot;:&quot;9999&quot;,&quot;pincode&quot;:&quot;999999&quot;,&quot;userid&quot;:&quot;wV6WMCO2yeVqDezlXdhH&quot;,&quot;id&quot;:&quot;NF5qiakUpRaCxzuOpeJ9&quot;},{&quot;accountno&quot;:&quot;TA-1&quot;,&quot;departmentno&quot;:&quot;1&quot;,&quot;salary&quot;:&quot;1&quot;,&quot;pincode&quot;:&quot;100000&quot;,&quot;userid&quot;:&quot;udhBK3zB8LiJm9Crv8KY&quot;,&quot;id&quot;:&quot;MI9UVJT7KHHvmhGUEQFj&quot;},{&quot;accountno&quot;:&quot;TA-1000000&quot;,&quot;departmentno&quot;:&quot;1&quot;,&quot;salary&quot;:&quot;1&quot;,&quot;pincode&quot;:&quot;100000&quot;,&quot;userid&quot;:&quot;udhBK3zB8LiJm9Crv8KY&quot;,&quot;id&quot;:&quot;xNZ7jIO5gGZvgVgRTNLQ&quot;},{&quot;accountno&quot;:&quot;TA-1&quot;,&quot;departmentno&quot;:&quot;1&quot;,&quot;salary&quot;:&quot;1&quot;,&quot;pincode&quot;:&quot;100000&quot;,&quot;userid&quot;:&quot;udhBK3zB8LiJm9Crv8KY&quot;,&quot;id&quot;:&quot;Gm6aNiIh5ZTBgJ1H99k9&quot;},{&quot;accountno&quot;:&quot;TA-1000000&quot;,&quot;departmentno&quot;:&quot;1&quot;,&quot;salary&quot;:&quot;1&quot;,&quot;pincode&quot;:&quot;100000&quot;,&quot;userid&quot;:&quot;udhBK3zB8LiJm9Crv8KY&quot;,&quot;id&quot;:&quot;LrTGEVTa77xHF8YJYgx8&quot;},{&quot;accountno&quot;:&quot;TA-1234567&quot;,&quot;departmentno&quot;:&quot;1&quot;,&quot;salary&quot;:&quot;9000&quot;,&quot;pincode&quot;:&quot;636006&quot;,&quot;userid&quot;:&quot;Qv9VqoMypQb6l9QCZH54&quot;,&quot;id&quot;:&quot;qmFNuoJkPlz0RQykfobM&quot;},{&quot;accountno&quot;:&quot;TA-1234567&quot;,&quot;departmentno&quot;:&quot;1&quot;,&quot;salary&quot;:&quot;9000&quot;,&quot;pincode&quot;:&quot;636006&quot;,&quot;userid&quot;:&quot;Qv9VqoMypQb6l9QCZH54&quot;,&quot;id&quot;:&quot;vDRKIQl3psI4htvOQcVW&quot;},{&quot;accountno&quot;:&quot;TA-1234567&quot;,&quot;departmentno&quot;:&quot;1&quot;,&quot;salary&quot;:&quot;9000&quot;,&quot;pincode&quot;:&quot;636006&quot;,&quot;userid&quot;:&quot;Qv9VqoMypQb6l9QCZH54&quot;,&quot;id&quot;:&quot;vvzHKWNlw6PYgh3tzDvN&quot;},{&quot;accountno&quot;:&quot;TA-1234567&quot;,&quot;departmentno&quot;:&quot;1&quot;,&quot;salary&quot;:&quot;9000&quot;,&quot;pincode&quot;:&quot;636006&quot;,&quot;userid&quot;:&quot;Qv9VqoMypQb6l9QCZH54&quot;,&quot;id&quot;:&quot;ZZ07AtvCQEHyCYynTxSX&quot;},{&quot;accountno&quot;:&quot;TA-1234567&quot;,&quot;departmentno&quot;:&quot;1&quot;,&quot;salary&quot;:&quot;9000&quot;,&quot;pincode&quot;:&quot;636006&quot;,&quot;userid&quot;:&quot;Qv9VqoMypQb6l9QCZH54&quot;,&quot;id&quot;:&quot;KL9WzlxpaBpVtfmOtYtN&quot;},{&quot;accountno&quot;:&quot;TA-1234567&quot;,&quot;departmentno&quot;:&quot;1&quot;,&quot;salary&quot;:&quot;9000&quot;,&quot;pincode&quot;:&quot;636006&quot;,&quot;userid&quot;:&quot;Qv9VqoMypQb6l9QCZH54&quot;,&quot;id&quot;:&quot;MxnP08Yn2mzDWMFUt2YC&quot;},{&quot;accountno&quot;:&quot;TA-1234567&quot;,&quot;departmentno&quot;:&quot;1&quot;,&quot;salary&quot;:&quot;9000&quot;,&quot;pincode&quot;:&quot;636006&quot;,&quot;userid&quot;:&quot;Qv9VqoMypQb6l9QCZH54&quot;,&quot;id&quot;:&quot;0JkHxAQM4NThc7Toa2nh&quot;},{&quot;accountno&quot;:&quot;TA-1234567&quot;,&quot;departmentno&quot;:&quot;1&quot;,&quot;salary&quot;:&quot;9000&quot;,&quot;pincode&quot;:&quot;636006&quot;,&quot;userid&quot;:&quot;Qv9VqoMypQb6l9QCZH54&quot;,&quot;id&quot;:&quot;WsDAwjAUwnbmy7X5UTNy&quot;},{&quot;accountno&quot;:&quot;TA-1234567&quot;,&quot;departmentno&quot;:&quot;1&quot;,&quot;salary&quot;:&quot;9000&quot;,&quot;pincode&quot;:&quot;636006&quot;,&quot;userid&quot;:&quot;Qv9VqoMypQb6l9QCZH54&quot;,&quot;id&quot;:&quot;4ufYloqOaIUlLUdzasAb&quot;},{&quot;accountno&quot;:&quot;TA-1234567&quot;,&quot;departmentno&quot;:&quot;1&quot;,&quot;salary&quot;:&quot;9000&quot;,&quot;pincode&quot;:&quot;636006&quot;,&quot;userid&quot;:&quot;Qv9VqoMypQb6l9QCZH54&quot;,&quot;id&quot;:&quot;ybPmJLpGPB59gYTtW5mw&quot;},{&quot;accountno&quot;:&quot;TA-1234567&quot;,&quot;departmentno&quot;:&quot;1&quot;,&quot;salary&quot;:&quot;9000&quot;,&quot;pincode&quot;:&quot;636006&quot;,&quot;userid&quot;:&quot;Qv9VqoMypQb6l9QCZH54&quot;,&quot;id&quot;:&quot;VrFBuYS6pJLB0KsifqUj&quot;},{&quot;accountno&quot;:&quot;TA-1234567&quot;,&quot;departmentno&quot;:&quot;1&quot;,&quot;salary&quot;:&quot;9000&quot;,&quot;pincode&quot;:&quot;636006&quot;,&quot;userid&quot;:&quot;Qv9VqoMypQb6l9QCZH54&quot;,&quot;id&quot;:&quot;qPpO423LSAAmYCKZknhX&quot;},{&quot;accountno&quot;:&quot;TA-1234567&quot;,&quot;departmentno&quot;:&quot;1&quot;,&quot;salary&quot;:&quot;9000&quot;,&quot;pincode&quot;:&quot;636006&quot;,&quot;userid&quot;:&quot;Qv9VqoMypQb6l9QCZH54&quot;,&quot;id&quot;:&quot;WITO6c2nTYIjFnega6Qr&quot;},{&quot;accountno&quot;:&quot;TA-1000002&quot;,&quot;departmentno&quot;:&quot;1&quot;,&quot;salary&quot;:&quot;9000&quot;,&quot;pincode&quot;:&quot;636006&quot;,&quot;userid&quot;:&quot;Qv9VqoMypQb6l9QCZH54&quot;,&quot;id&quot;:&quot;fX4almPMsiiQ4DfhoLYt&quot;},{&quot;accountno&quot;:&quot;TA-9898989&quot;,&quot;departmentno&quot;:1997127660,&quot;salary&quot;:1997127992,&quot;pincode&quot;:444444,&quot;userid&quot;:&quot;5peqXdShya0PTZrXGvCk&quot;,&quot;id&quot;:&quot;1CV06D1dn9iejjs5CjKb&quot;},{&quot;accountno&quot;:&quot;TA-9898989&quot;,&quot;departmentno&quot;:1999031379,&quot;salary&quot;:1999031379,&quot;pincode&quot;:&quot;444444&quot;,&quot;userid&quot;:&quot;5peqXdShya0PTZrXGvCk&quot;,&quot;id&quot;:&quot;jtoO4bBnm5dFOPSuYo4k&quot;},{&quot;accountno&quot;:&quot;TA-9898989&quot;,&quot;departmentno&quot;:1999013204,&quot;salary&quot;:1999013204,&quot;pincode&quot;:&quot;444444&quot;,&quot;userid&quot;:&quot;5peqXdShya0PTZrXGvCk&quot;,&quot;id&quot;:&quot;3grPuVLs5ZAl6PutGUe2&quot;},{&quot;accountno&quot;:&quot;TA-9999999&quot;,&quot;departmentno&quot;:&quot;9&quot;,&quot;salary&quot;:&quot;9999&quot;,&quot;pincode&quot;:&quot;999999&quot;,&quot;userid&quot;:&quot;wV6WMCO2yeVqDezlXdhH&quot;,&quot;id&quot;:&quot;DqL1c4QxpP7Bb2NZ0yBt&quot;},{&quot;accountno&quot;:&quot;TA-9999999&quot;,&quot;departmentno&quot;:&quot;9&quot;,&quot;salary&quot;:&quot;9999&quot;,&quot;pincode&quot;:&quot;999999&quot;,&quot;userid&quot;:&quot;wV6WMCO2yeVqDezlXdhH&quot;,&quot;id&quot;:&quot;ZWc42S5CjSCW6T7jcDmJ&quot;},{&quot;accountno&quot;:&quot;TA-9999999&quot;,&quot;departmentno&quot;:&quot;9&quot;,&quot;salary&quot;:&quot;9999&quot;,&quot;pincode&quot;:&quot;999999&quot;,&quot;userid&quot;:&quot;wV6WMCO2yeVqDezlXdhH&quot;,&quot;id&quot;:&quot;qtPQ2vfldklUudbTP31H&quot;},{&quot;accountno&quot;:&quot;TA-9999999&quot;,&quot;departmentno&quot;:&quot;9&quot;,&quot;salary&quot;:&quot;9999&quot;,&quot;pincode&quot;:&quot;999999&quot;,&quot;userid&quot;:&quot;wV6WMCO2yeVqDezlXdhH&quot;,&quot;id&quot;:&quot;QdNtVk2R9PCqAtClFyXM&quot;},{&quot;accountno&quot;:&quot;TA-9999999&quot;,&quot;departmentno&quot;:&quot;9&quot;,&quot;salary&quot;:&quot;9999&quot;,&quot;pincode&quot;:&quot;999999&quot;,&quot;userid&quot;:&quot;wV6WMCO2yeVqDezlXdhH&quot;,&quot;id&quot;:&quot;Pa2Qu2P4LLqGdgrJip7j&quot;},{&quot;accountno&quot;:&quot;TA-1111111&quot;,&quot;departmentno&quot;:&quot;2&quot;,&quot;salary&quot;:&quot;3333333333&quot;,&quot;pincode&quot;:&quot;444444&quot;,&quot;userid&quot;:&quot;Qn9aLmEb5M9tHd0c1gK9&quot;,&quot;id&quot;:&quot;GJIVQSZUr6FmAc5uqLhH&quot;},{&quot;accountno&quot;:&quot;TA-1111111&quot;,&quot;departmentno&quot;:&quot;2&quot;,&quot;salary&quot;:&quot;3333333333&quot;,&quot;pincode&quot;:&quot;444444&quot;,&quot;userid&quot;:&quot;Qn9aLmEb5M9tHd0c1gK9&quot;,&quot;id&quot;:&quot;oLdz0z0QtG78VLHKZqNk&quot;},{&quot;accountno&quot;:&quot;TA-1000002&quot;,&quot;departmentno&quot;:&quot;1&quot;,&quot;salary&quot;:&quot;9000&quot;,&quot;pincode&quot;:&quot;636006&quot;,&quot;userid&quot;:&quot;Qv9VqoMypQb6l9QCZH54&quot;,&quot;id&quot;:&quot;Gi2RItxCRJMXv1rGRxTL&quot;},{&quot;accountno&quot;:&quot;TA-1000002&quot;,&quot;departmentno&quot;:&quot;1&quot;,&quot;salary&quot;:&quot;9000&quot;,&quot;pincode&quot;:&quot;636006&quot;,&quot;userid&quot;:&quot;Qv9VqoMypQb6l9QCZH54&quot;,&quot;id&quot;:&quot;UqJA5mii0aVB0GJgoWV1&quot;},{&quot;accountno&quot;:&quot;TA-1000002&quot;,&quot;departmentno&quot;:&quot;1&quot;,&quot;salary&quot;:&quot;9000&quot;,&quot;pincode&quot;:&quot;636006&quot;,&quot;userid&quot;:&quot;Qv9VqoMypQb6l9QCZH54&quot;,&quot;id&quot;:&quot;LmwRlJ1mwr9SM8ga6sse&quot;},{&quot;accountno&quot;:&quot;TA-1000002&quot;,&quot;departmentno&quot;:&quot;1&quot;,&quot;salary&quot;:&quot;9000&quot;,&quot;pincode&quot;:&quot;636006&quot;,&quot;userid&quot;:&quot;Qv9VqoMypQb6l9QCZH54&quot;,&quot;id&quot;:&quot;jam6BjsgE81WDULtDwpM&quot;},{&quot;accountno&quot;:&quot;TA-1000002&quot;,&quot;departmentno&quot;:&quot;1&quot;,&quot;salary&quot;:&quot;9000&quot;,&quot;pincode&quot;:&quot;636006&quot;,&quot;userid&quot;:&quot;Qv9VqoMypQb6l9QCZH54&quot;,&quot;id&quot;:&quot;QZOpIpIqFS1TSjU5xNiv&quot;},{&quot;accountno&quot;:&quot;TA-9999999&quot;,&quot;departmentno&quot;:1,&quot;salary&quot;:9999,&quot;pincode&quot;:999999,&quot;userid&quot;:&quot;wV6WMCO2yeVqDezlXdhH&quot;,&quot;id&quot;:&quot;2c8pIiPgLzVDUN9dJHz1&quot;},{&quot;accountno&quot;:&quot;TA-9999999&quot;,&quot;departmentno&quot;:&quot;9&quot;,&quot;salary&quot;:&quot;9999&quot;,&quot;pincode&quot;:&quot;999999&quot;,&quot;userid&quot;:&quot;wV6WMCO2yeVqDezlXdhH&quot;,&quot;id&quot;:&quot;u9ZrfbkuTaYmg85QfUFZ&quot;},{&quot;accountno&quot;:&quot;TA-9999999&quot;,&quot;departmentno&quot;:&quot;9&quot;,&quot;salary&quot;:&quot;9999&quot;,&quot;pincode&quot;:&quot;999999&quot;,&quot;userid&quot;:&quot;wV6WMCO2yeVqDezlXdhH&quot;,&quot;id&quot;:&quot;CplfKitvZPoRCeis7h1P&quot;},{&quot;accountno&quot;:&quot;TA-9999999&quot;,&quot;departmentno&quot;:&quot;9&quot;,&quot;salary&quot;:&quot;9999&quot;,&quot;pincode&quot;:&quot;999999&quot;,&quot;userid&quot;:&quot;wV6WMCO2yeVqDezlXdhH&quot;,&quot;id&quot;:&quot;vifjgUn7YhHqRk2tSgXj&quot;},{&quot;accountno&quot;:&quot;TA-9999999&quot;,&quot;departmentno&quot;:&quot;9&quot;,&quot;salary&quot;:&quot;9999&quot;,&quot;pincode&quot;:&quot;999999&quot;,&quot;userid&quot;:&quot;wV6WMCO2yeVqDezlXdhH&quot;,&quot;id&quot;:&quot;PoqljZCXWcBEKXbrGSLH&quot;},{&quot;accountno&quot;:&quot;TA-123456&quot;,&quot;departmentno&quot;:2,&quot;salary&quot;:100,&quot;pincode&quot;:101010,&quot;userid&quot;:&quot;udhBK3zB8LiJm9Crv8KY&quot;,&quot;id&quot;:&quot;dhUODIOQrerJxD0HjoK4&quot;},{&quot;accountno&quot;:&quot;TA-1000000&quot;,&quot;departmentno&quot;:&quot;1&quot;,&quot;salary&quot;:&quot;1&quot;,&quot;pincode&quot;:&quot;100000&quot;,&quot;userid&quot;:&quot;udhBK3zB8LiJm9Crv8KY&quot;,&quot;id&quot;:&quot;Z150rw4eXSeuSTGRSkSi&quot;},{&quot;accountno&quot;:&quot;TA-1&quot;,&quot;departmentno&quot;:&quot;1&quot;,&quot;salary&quot;:&quot;1&quot;,&quot;pincode&quot;:&quot;100000&quot;,&quot;userid&quot;:&quot;udhBK3zB8LiJm9Crv8KY&quot;,&quot;id&quot;:&quot;My51q1sFhjMlEiDY9tL9&quot;},{&quot;accountno&quot;:&quot;TA-1000000&quot;,&quot;departmentno&quot;:&quot;1&quot;,&quot;salary&quot;:&quot;1&quot;,&quot;pincode&quot;:&quot;100000&quot;,&quot;userid&quot;:&quot;udhBK3zB8LiJm9Crv8KY&quot;,&quot;id&quot;:&quot;ViNZ7FKtQHi1acO9mHpZ&quot;},{&quot;accountno&quot;:&quot;TA-1&quot;,&quot;departmentno&quot;:&quot;1&quot;,&quot;salary&quot;:&quot;1&quot;,&quot;pincode&quot;:&quot;100000&quot;,&quot;userid&quot;:&quot;udhBK3zB8LiJm9Crv8KY&quot;,&quot;id&quot;:&quot;43k4Np1GvB0eZzXldx5E&quot;},{&quot;accountno&quot;:&quot;TA-1000000&quot;,&quot;departmentno&quot;:&quot;1&quot;,&quot;salary&quot;:&quot;1&quot;,&quot;pincode&quot;:&quot;100000&quot;,&quot;userid&quot;:&quot;udhBK3zB8LiJm9Crv8KY&quot;,&quot;id&quot;:&quot;NJ9InEhgOlYYz2wQodzr&quot;},{&quot;accountno&quot;:&quot;TA-1&quot;,&quot;departmentno&quot;:&quot;1&quot;,&quot;salary&quot;:&quot;1&quot;,&quot;pincode&quot;:&quot;100000&quot;,&quot;userid&quot;:&quot;udhBK3zB8LiJm9Crv8KY&quot;,&quot;id&quot;:&quot;DlgsXwg16YRuNxNtdq5S&quot;},{&quot;accountno&quot;:&quot;TA-1000000&quot;,&quot;departmentno&quot;:&quot;1&quot;,&quot;salary&quot;:&quot;1&quot;,&quot;pincode&quot;:&quot;100000&quot;,&quot;userid&quot;:&quot;udhBK3zB8LiJm9Crv8KY&quot;,&quot;id&quot;:&quot;JbDO5SBE0SZGjrx83QJL&quot;},{&quot;accountno&quot;:&quot;TA-1&quot;,&quot;departmentno&quot;:&quot;1&quot;,&quot;salary&quot;:&quot;1&quot;,&quot;pincode&quot;:&quot;100000&quot;,&quot;userid&quot;:&quot;udhBK3zB8LiJm9Crv8KY&quot;,&quot;id&quot;:&quot;mRNhKivE5waPawuSQl8S&quot;},{&quot;accountno&quot;:&quot;TA-1000000&quot;,&quot;departmentno&quot;:&quot;1&quot;,&quot;salary&quot;:&quot;1&quot;,&quot;pincode&quot;:&quot;100000&quot;,&quot;userid&quot;:&quot;udhBK3zB8LiJm9Crv8KY&quot;,&quot;id&quot;:&quot;WfNGplUfi79mXbtfKnNV&quot;},{&quot;accountno&quot;:&quot;TA-10000&quot;,&quot;departmentno&quot;:&quot;1&quot;,&quot;salary&quot;:&quot;1&quot;,&quot;pincode&quot;:&quot;100000&quot;,&quot;userid&quot;:&quot;udhBK3zB8LiJm9Crv8KY&quot;,&quot;id&quot;:&quot;XSGziBWATlZK9Fvxyn4N&quot;},{&quot;accountno&quot;:&quot;TA-1000000&quot;,&quot;departmentno&quot;:&quot;1&quot;,&quot;salary&quot;:&quot;1&quot;,&quot;pincode&quot;:&quot;100000&quot;,&quot;userid&quot;:&quot;udhBK3zB8LiJm9Crv8KY&quot;,&quot;id&quot;:&quot;O0T1qwlEnBQhPZFLKlNx&quot;},{&quot;accountno&quot;:&quot;TA-1000000&quot;,&quot;departmentno&quot;:&quot;1&quot;,&quot;salary&quot;:&quot;1&quot;,&quot;pincode&quot;:&quot;100000&quot;,&quot;userid&quot;:&quot;udhBK3zB8LiJm9Crv8KY&quot;,&quot;id&quot;:&quot;aYVVqPgDlZXg0Buwqjah&quot;},{&quot;accountno&quot;:&quot;TA-1000000&quot;,&quot;departmentno&quot;:&quot;1&quot;,&quot;salary&quot;:&quot;1&quot;,&quot;pincode&quot;:&quot;100000&quot;,&quot;userid&quot;:&quot;udhBK3zB8LiJm9Crv8KY&quot;,&quot;id&quot;:&quot;abaWzFa5pydj22KhxgZp&quot;},{&quot;accountno&quot;:&quot;TA-9999999&quot;,&quot;departmentno&quot;:&quot;9&quot;,&quot;salary&quot;:&quot;9999&quot;,&quot;pincode&quot;:&quot;999999&quot;,&quot;userid&quot;:&quot;wV6WMCO2yeVqDezlXdhH&quot;,&quot;id&quot;:&quot;ZySXnMKfrlOD4hXqUU5g&quot;},{&quot;accountno&quot;:&quot;TA-9999999&quot;,&quot;departmentno&quot;:&quot;9&quot;,&quot;salary&quot;:&quot;9999&quot;,&quot;pincode&quot;:&quot;999999&quot;,&quot;userid&quot;:&quot;wV6WMCO2yeVqDezlXdhH&quot;,&quot;id&quot;:&quot;PUkpyAezWaF7mN4skeZR&quot;},{&quot;accountno&quot;:&quot;TA-9999999&quot;,&quot;departmentno&quot;:&quot;9&quot;,&quot;salary&quot;:&quot;9999&quot;,&quot;pincode&quot;:&quot;999999&quot;,&quot;userid&quot;:&quot;wV6WMCO2yeVqDezlXdhH&quot;,&quot;id&quot;:&quot;Mwv6tO8GEKVSHlz8vKYf&quot;},{&quot;accountno&quot;:&quot;TA-9999999&quot;,&quot;departmentno&quot;:&quot;9&quot;,&quot;salary&quot;:&quot;9999&quot;,&quot;pincode&quot;:&quot;999999&quot;,&quot;userid&quot;:&quot;wV6WMCO2yeVqDezlXdhH&quot;,&quot;id&quot;:&quot;BENfwzVEXESQDRXaDyGP&quot;},{&quot;accountno&quot;:&quot;TA-9999999&quot;,&quot;departmentno&quot;:&quot;9&quot;,&quot;salary&quot;:&quot;9999&quot;,&quot;pincode&quot;:&quot;999999&quot;,&quot;userid&quot;:&quot;wV6WMCO2yeVqDezlXdhH&quot;,&quot;id&quot;:&quot;vCSGHQ7a1s87uIBBQq19&quot;},{&quot;accountno&quot;:&quot;TA-9999999&quot;,&quot;departmentno&quot;:&quot;9&quot;,&quot;salary&quot;:&quot;9999&quot;,&quot;pincode&quot;:&quot;999999&quot;,&quot;userid&quot;:&quot;wV6WMCO2yeVqDezlXdhH&quot;,&quot;id&quot;:&quot;LUyMWyIzDFOCOZRP4Gu7&quot;},{&quot;accountno&quot;:&quot;TA-9999999&quot;,&quot;departmentno&quot;:&quot;9&quot;,&quot;salary&quot;:&quot;9999&quot;,&quot;pincode&quot;:&quot;999999&quot;,&quot;userid&quot;:&quot;wV6WMCO2yeVqDezlXdhH&quot;,&quot;id&quot;:&quot;57bJZx81QRERHDkQOJyD&quot;},{&quot;accountno&quot;:&quot;TA-9999999&quot;,&quot;departmentno&quot;:&quot;9&quot;,&quot;salary&quot;:&quot;9999&quot;,&quot;pincode&quot;:&quot;999999&quot;,&quot;userid&quot;:&quot;wV6WMCO2yeVqDezlXdhH&quot;,&quot;id&quot;:&quot;2XJH3fyGXJZvgvzNrvKh&quot;},{&quot;accountno&quot;:&quot;TA-9999999&quot;,&quot;departmentno&quot;:&quot;9&quot;,&quot;salary&quot;:&quot;9999&quot;,&quot;pincode&quot;:&quot;999999&quot;,&quot;userid&quot;:&quot;wV6WMCO2yeVqDezlXdhH&quot;,&quot;id&quot;:&quot;Rpdv1aZV1ItDrCMxMZTo&quot;},{&quot;accountno&quot;:&quot;TA-9999999&quot;,&quot;departmentno&quot;:&quot;9&quot;,&quot;salary&quot;:&quot;9999&quot;,&quot;pincode&quot;:&quot;999999&quot;,&quot;userid&quot;:&quot;wV6WMCO2yeVqDezlXdhH&quot;,&quot;id&quot;:&quot;X6Ditb6Ykjp52BgIzz0C&quot;},{&quot;accountno&quot;:&quot;TA-9999999&quot;,&quot;departmentno&quot;:&quot;9&quot;,&quot;salary&quot;:&quot;9999&quot;,&quot;pincode&quot;:&quot;999999&quot;,&quot;userid&quot;:&quot;wV6WMCO2yeVqDezlXdhH&quot;,&quot;id&quot;:&quot;xQnBFLMe67lWqCnMeowy&quot;},{&quot;accountno&quot;:&quot;TA-1000002&quot;,&quot;departmentno&quot;:&quot;1&quot;,&quot;salary&quot;:&quot;9000&quot;,&quot;pincode&quot;:&quot;636006&quot;,&quot;userid&quot;:&quot;Qv9VqoMypQb6l9QCZH54&quot;,&quot;id&quot;:&quot;hfHgn7wAXjeFbZwssY5d&quot;},{&quot;accountno&quot;:&quot;TA-1000002&quot;,&quot;departmentno&quot;:&quot;1&quot;,&quot;salary&quot;:&quot;9000&quot;,&quot;pincode&quot;:&quot;636006&quot;,&quot;userid&quot;:&quot;Qv9VqoMypQb6l9QCZH54&quot;,&quot;id&quot;:&quot;WGKHLy2G3E01ed26BvMJ&quot;},{&quot;accountno&quot;:&quot;TA-1111111&quot;,&quot;departmentno&quot;:&quot;1&quot;,&quot;salary&quot;:&quot;1111&quot;,&quot;pincode&quot;:&quot;111111&quot;,&quot;userid&quot;:&quot;wV6WMCO2yeVqDezlXdhH&quot;,&quot;id&quot;:&quot;xRl4ZQmeFYobEqNHy0va&quot;},{&quot;accountno&quot;:&quot;TA-1111111&quot;,&quot;departmentno&quot;:1,&quot;salary&quot;:1111,&quot;pincode&quot;:111115,&quot;userid&quot;:&quot;wV6WMCO2yeVqDezlXdhH&quot;,&quot;id&quot;:&quot;ypUqewPPx6wJCITvJiQU&quot;},{&quot;accountno&quot;:&quot;TA-1111111&quot;,&quot;departmentno&quot;:&quot;1&quot;,&quot;salary&quot;:&quot;1111&quot;,&quot;pincode&quot;:&quot;111111&quot;,&quot;userid&quot;:&quot;wV6WMCO2yeVqDezlXdhH&quot;,&quot;id&quot;:&quot;TnzHfDSTA0P9HMVdfMx6&quot;},{&quot;accountno&quot;:&quot;TA-9999999&quot;,&quot;departmentno&quot;:&quot;9&quot;,&quot;salary&quot;:&quot;9999&quot;,&quot;pincode&quot;:&quot;999999&quot;,&quot;userid&quot;:&quot;wV6WMCO2yeVqDezlXdhH&quot;,&quot;id&quot;:&quot;0DtbhPunpU6lT1aku9Xx&quot;},{&quot;accountno&quot;:&quot;TA-9999999&quot;,&quot;departmentno&quot;:&quot;9&quot;,&quot;salary&quot;:&quot;9999&quot;,&quot;pincode&quot;:&quot;999999&quot;,&quot;userid&quot;:&quot;wV6WMCO2yeVqDezlXdhH&quot;,&quot;id&quot;:&quot;3tFioLGLPKNObhEYmXnm&quot;},{&quot;accountno&quot;:&quot;TA-9999999&quot;,&quot;departmentno&quot;:&quot;9&quot;,&quot;salary&quot;:&quot;9999&quot;,&quot;pincode&quot;:&quot;999999&quot;,&quot;userid&quot;:&quot;wV6WMCO2yeVqDezlXdhH&quot;,&quot;id&quot;:&quot;QW1UjyDUNLunFElVpKIJ&quot;},{&quot;accountno&quot;:&quot;TA-9999999&quot;,&quot;departmentno&quot;:&quot;9&quot;,&quot;salary&quot;:&quot;9999&quot;,&quot;pincode&quot;:&quot;999999&quot;,&quot;userid&quot;:&quot;wV6WMCO2yeVqDezlXdhH&quot;,&quot;id&quot;:&quot;RMCoDWXah4fHKQmZbBM5&quot;},{&quot;accountno&quot;:&quot;TA-9999999&quot;,&quot;departmentno&quot;:&quot;9&quot;,&quot;salary&quot;:&quot;9999&quot;,&quot;pincode&quot;:&quot;999999&quot;,&quot;userid&quot;:&quot;wV6WMCO2yeVqDezlXdhH&quot;,&quot;id&quot;:&quot;xJKQn6RonVY2D3zWElFz&quot;},{&quot;accountno&quot;:&quot;TA-9999999&quot;,&quot;departmentno&quot;:&quot;9&quot;,&quot;salary&quot;:&quot;9999&quot;,&quot;pincode&quot;:&quot;999999&quot;,&quot;userid&quot;:&quot;wV6WMCO2yeVqDezlXdhH&quot;,&quot;id&quot;:&quot;yE0KR01POREt9HSgtFGM&quot;},{&quot;accountno&quot;:&quot;TA-9999999&quot;,&quot;departmentno&quot;:&quot;9&quot;,&quot;salary&quot;:&quot;9999&quot;,&quot;pincode&quot;:&quot;999999&quot;,&quot;userid&quot;:&quot;wV6WMCO2yeVqDezlXdhH&quot;,&quot;id&quot;:&quot;H2vpetiMJWLTDP9JDDxS&quot;},{&quot;accountno&quot;:&quot;TA-9999999&quot;,&quot;departmentno&quot;:&quot;9&quot;,&quot;salary&quot;:&quot;9999&quot;,&quot;pincode&quot;:&quot;999999&quot;,&quot;userid&quot;:&quot;wV6WMCO2yeVqDezlXdhH&quot;,&quot;id&quot;:&quot;S8upiLn4kdU6bkKc8XZy&quot;},{&quot;accountno&quot;:&quot;TA-9999999&quot;,&quot;departmentno&quot;:&quot;9&quot;,&quot;salary&quot;:&quot;9999&quot;,&quot;pincode&quot;:&quot;999999&quot;,&quot;userid&quot;:&quot;wV6WMCO2yeVqDezlXdhH&quot;,&quot;id&quot;:&quot;3WAd3oolYd6cpZVy2gwh&quot;},{&quot;accountno&quot;:&quot;TA-9999999&quot;,&quot;departmentno&quot;:&quot;9&quot;,&quot;salary&quot;:&quot;9999&quot;,&quot;pincode&quot;:&quot;999999&quot;,&quot;userid&quot;:&quot;wV6WMCO2yeVqDezlXdhH&quot;,&quot;id&quot;:&quot;MpnEsMiIZmA5o83YmXWH&quot;},{&quot;accountno&quot;:&quot;TA-0000004&quot;,&quot;departmentno&quot;:&quot;1&quot;,&quot;salary&quot;:&quot;1&quot;,&quot;pincode&quot;:&quot;000002&quot;,&quot;userid&quot;:&quot;udhBK3zB8LiJm9Crv8KY&quot;,&quot;id&quot;:&quot;gFOWNWg62yFj9rm17FTz&quot;},{&quot;accountno&quot;:&quot;TA-0000004&quot;,&quot;departmentno&quot;:&quot;1&quot;,&quot;salary&quot;:&quot;0&quot;,&quot;pincode&quot;:&quot;000002&quot;,&quot;userid&quot;:&quot;udhBK3zB8LiJm9Crv8KY&quot;,&quot;id&quot;:&quot;OJFeXIT2kMt3VYx6eQNN&quot;},{&quot;accountno&quot;:&quot;TA-0000004&quot;,&quot;departmentno&quot;:&quot;0&quot;,&quot;salary&quot;:&quot;0&quot;,&quot;pincode&quot;:&quot;000002&quot;,&quot;userid&quot;:&quot;udhBK3zB8LiJm9Crv8KY&quot;,&quot;id&quot;:&quot;JoRhBn7iIoSPtAXBY6iC&quot;},{&quot;accountno&quot;:&quot;TA-0000003&quot;,&quot;departmentno&quot;:&quot;0&quot;,&quot;salary&quot;:&quot;0&quot;,&quot;pincode&quot;:&quot;000002&quot;,&quot;userid&quot;:&quot;udhBK3zB8LiJm9Crv8KY&quot;,&quot;id&quot;:&quot;4rJ9QNqRoqoq43FfiyKw&quot;},{&quot;accountno&quot;:&quot;TA-9999999&quot;,&quot;departmentno&quot;:&quot;9&quot;,&quot;salary&quot;:&quot;9999&quot;,&quot;pincode&quot;:&quot;999999&quot;,&quot;userid&quot;:&quot;wV6WMCO2yeVqDezlXdhH&quot;,&quot;id&quot;:&quot;jlLdNOF7lBRwVF9nuTcU&quot;},{&quot;accountno&quot;:&quot;TA-0000002&quot;,&quot;departmentno&quot;:&quot;0&quot;,&quot;salary&quot;:&quot;0&quot;,&quot;pincode&quot;:&quot;000002&quot;,&quot;userid&quot;:&quot;udhBK3zB8LiJm9Crv8KY&quot;,&quot;id&quot;:&quot;P0mWzNNdChXSSCPudG0f&quot;},{&quot;accountno&quot;:&quot;TA-9999999&quot;,&quot;departmentno&quot;:&quot;9&quot;,&quot;salary&quot;:&quot;9999&quot;,&quot;pincode&quot;:&quot;999999&quot;,&quot;userid&quot;:&quot;wV6WMCO2yeVqDezlXdhH&quot;,&quot;id&quot;:&quot;KMrTjWkuCmJKMOHM2csG&quot;},{&quot;accountno&quot;:&quot;TA-9999999&quot;,&quot;departmentno&quot;:&quot;9&quot;,&quot;salary&quot;:&quot;9999&quot;,&quot;pincode&quot;:&quot;999999&quot;,&quot;userid&quot;:&quot;wV6WMCO2yeVqDezlXdhH&quot;,&quot;id&quot;:&quot;zAYj7vIZnfBbPP91OcaN&quot;},{&quot;accountno&quot;:&quot;TA-5368819&quot;,&quot;departmentno&quot;:&quot;9&quot;,&quot;salary&quot;:&quot;9&quot;,&quot;pincode&quot;:&quot;048030&quot;,&quot;userid&quot;:&quot;udhBK3zB8LiJm9Crv8KY&quot;,&quot;id&quot;:&quot;Gq1SLy5G5sm9W4BUFY7h&quot;},{&quot;accountno&quot;:&quot;TA-9999999&quot;,&quot;departmentno&quot;:&quot;9&quot;,&quot;salary&quot;:&quot;9999&quot;,&quot;pincode&quot;:&quot;999999&quot;,&quot;userid&quot;:&quot;wV6WMCO2yeVqDezlXdhH&quot;,&quot;id&quot;:&quot;BzM3N1wsHbhpNlz5BHun&quot;},{&quot;accountno&quot;:&quot;TA-9999999&quot;,&quot;departmentno&quot;:&quot;9&quot;,&quot;salary&quot;:&quot;9999&quot;,&quot;pincode&quot;:&quot;999999&quot;,&quot;userid&quot;:&quot;wV6WMCO2yeVqDezlXdhH&quot;,&quot;id&quot;:&quot;K3m6MPTp4FHhBJ1R4nDH&quot;},{&quot;accountno&quot;:&quot;TA-9999999&quot;,&quot;departmentno&quot;:&quot;9&quot;,&quot;salary&quot;:&quot;9999&quot;,&quot;pincode&quot;:&quot;999999&quot;,&quot;userid&quot;:&quot;wV6WMCO2yeVqDezlXdhH&quot;,&quot;id&quot;:&quot;cRhHIDVegordToReBTZY&quot;},{&quot;accountno&quot;:&quot;TA-0000027&quot;,&quot;departmentno&quot;:&quot;0&quot;,&quot;salary&quot;:&quot;0&quot;,&quot;pincode&quot;:&quot;000001&quot;,&quot;userid&quot;:&quot;udhBK3zB8LiJm9Crv8KY&quot;,&quot;id&quot;:&quot;yZak3nTtxN471JfZ15dB&quot;},{&quot;accountno&quot;:&quot;TA-10000055&quot;,&quot;departmentno&quot;:&quot;1&quot;,&quot;salary&quot;:&quot;10000055&quot;,&quot;pincode&quot;:&quot;123123&quot;,&quot;userid&quot;:&quot;m2IUsx9bvgkVwCXIt2Lg&quot;,&quot;id&quot;:&quot;dt3EUxno6bghq52j20sW&quot;},{&quot;accountno&quot;:&quot;TA-8888008&quot;,&quot;departmentno&quot;:&quot;9&quot;,&quot;salary&quot;:&quot;8887&quot;,&quot;pincode&quot;:&quot;999997&quot;,&quot;userid&quot;:&quot;wV6WMCO2yeVqDezlXdhH&quot;,&quot;id&quot;:&quot;K2fAjLTzUGqfaDDD6DNd&quot;},{&quot;accountno&quot;:&quot;TA-5555555&quot;,&quot;departmentno&quot;:&quot;5&quot;,&quot;salary&quot;:&quot;5&quot;,&quot;pincode&quot;:&quot;505050&quot;,&quot;userid&quot;:&quot;kHacG2IP7Olqmq1CLFho&quot;,&quot;id&quot;:&quot;inGy2uKgNOlPTcMgqPD2&quot;},{&quot;accountno&quot;:&quot;TA-5555555&quot;,&quot;departmentno&quot;:&quot;5&quot;,&quot;salary&quot;:&quot;5&quot;,&quot;pincode&quot;:&quot;505050&quot;,&quot;userid&quot;:&quot;kHacG2IP7Olqmq1CLFho&quot;,&quot;id&quot;:&quot;OBGDzfwSk4nrLgh0YoWY&quot;},{&quot;accountno&quot;:&quot;TA-5555555&quot;,&quot;departmentno&quot;:&quot;5&quot;,&quot;salary&quot;:&quot;5&quot;,&quot;pincode&quot;:&quot;505050&quot;,&quot;userid&quot;:&quot;kHacG2IP7Olqmq1CLFho&quot;,&quot;id&quot;:&quot;cIUC9yF6NgVib8rwVfpW&quot;},{&quot;accountno&quot;:&quot;TA-5555555&quot;,&quot;departmentno&quot;:&quot;5&quot;,&quot;salary&quot;:&quot;5&quot;,&quot;pincode&quot;:&quot;505050&quot;,&quot;userid&quot;:&quot;kHacG2IP7Olqmq1CLFho&quot;,&quot;id&quot;:&quot;mKXLGSJXEg0RQ5S11NmN&quot;},{&quot;accountno&quot;:&quot;TA-5555555&quot;,&quot;departmentno&quot;:5,&quot;salary&quot;:5,&quot;pincode&quot;:505051,&quot;userid&quot;:&quot;kHacG2IP7Olqmq1CLFho&quot;,&quot;id&quot;:&quot;TnlDBhLjOd2ehpIgY5Kr&quot;},{&quot;accountno&quot;:&quot;TA-5555555&quot;,&quot;departmentno&quot;:&quot;5&quot;,&quot;salary&quot;:&quot;5&quot;,&quot;pincode&quot;:&quot;505050&quot;,&quot;userid&quot;:&quot;kHacG2IP7Olqmq1CLFho&quot;,&quot;id&quot;:&quot;QeXXm012XrNfVI8W6qRQ&quot;},{&quot;accountno&quot;:&quot;TA-5555555&quot;,&quot;departmentno&quot;:&quot;5&quot;,&quot;salary&quot;:&quot;5&quot;,&quot;pincode&quot;:&quot;505050&quot;,&quot;userid&quot;:&quot;kHacG2IP7Olqmq1CLFho&quot;,&quot;id&quot;:&quot;D8ot6axxd93lrKvMZqYg&quot;},{&quot;accountno&quot;:&quot;TA-5555555&quot;,&quot;departmentno&quot;:&quot;5&quot;,&quot;salary&quot;:&quot;5&quot;,&quot;pincode&quot;:&quot;505050&quot;,&quot;userid&quot;:&quot;kHacG2IP7Olqmq1CLFho&quot;,&quot;id&quot;:&quot;WvT3lMMEGZm7iYWbOGvZ&quot;},{&quot;accountno&quot;:&quot;TA-5555555&quot;,&quot;departmentno&quot;:&quot;5&quot;,&quot;salary&quot;:&quot;5&quot;,&quot;pincode&quot;:&quot;505050&quot;,&quot;userid&quot;:&quot;kHacG2IP7Olqmq1CLFho&quot;,&quot;id&quot;:&quot;9EzobAtmhIlBhkSfBV7U&quot;},{&quot;accountno&quot;:&quot;TA-5555555&quot;,&quot;departmentno&quot;:&quot;5&quot;,&quot;salary&quot;:&quot;5&quot;,&quot;pincode&quot;:&quot;505050&quot;,&quot;userid&quot;:&quot;kHacG2IP7Olqmq1CLFho&quot;,&quot;id&quot;:&quot;bwuPbO9xoHvzZ7vtyUVi&quot;},{&quot;accountno&quot;:&quot;TA-5555555&quot;,&quot;departmentno&quot;:&quot;5&quot;,&quot;salary&quot;:&quot;5&quot;,&quot;pincode&quot;:&quot;505050&quot;,&quot;userid&quot;:&quot;kHacG2IP7Olqmq1CLFho&quot;,&quot;id&quot;:&quot;e5MBxu4iqLjD8nB9MYcg&quot;},{&quot;accountno&quot;:&quot;TA-5555555&quot;,&quot;departmentno&quot;:&quot;5&quot;,&quot;salary&quot;:&quot;5&quot;,&quot;pincode&quot;:&quot;505050&quot;,&quot;userid&quot;:&quot;kHacG2IP7Olqmq1CLFho&quot;,&quot;id&quot;:&quot;vr3euCpRgDgw4TmKIp7K&quot;},{&quot;accountno&quot;:&quot;TA-5555555&quot;,&quot;departmentno&quot;:&quot;5&quot;,&quot;salary&quot;:&quot;5&quot;,&quot;pincode&quot;:&quot;505050&quot;,&quot;userid&quot;:&quot;kHacG2IP7Olqmq1CLFho&quot;,&quot;id&quot;:&quot;LL6CgcctKqzXzJFZCCxy&quot;},{&quot;accountno&quot;:&quot;TA-5555555&quot;,&quot;departmentno&quot;:&quot;5&quot;,&quot;salary&quot;:&quot;5&quot;,&quot;pincode&quot;:&quot;505050&quot;,&quot;userid&quot;:&quot;kHacG2IP7Olqmq1CLFho&quot;,&quot;id&quot;:&quot;lYogxbqpWheQPzalTodC&quot;},{&quot;accountno&quot;:&quot;TA-5555555&quot;,&quot;departmentno&quot;:&quot;5&quot;,&quot;salary&quot;:&quot;5&quot;,&quot;pincode&quot;:&quot;505050&quot;,&quot;userid&quot;:&quot;kHacG2IP7Olqmq1CLFho&quot;,&quot;id&quot;:&quot;wtUyR2wN9VV9CaG3xnB6&quot;},{&quot;accountno&quot;:&quot;TA-5555555&quot;,&quot;departmentno&quot;:&quot;5&quot;,&quot;salary&quot;:&quot;5&quot;,&quot;pincode&quot;:&quot;505050&quot;,&quot;userid&quot;:&quot;kHacG2IP7Olqmq1CLFho&quot;,&quot;id&quot;:&quot;uywMBgmUCmX3aVXF21xr&quot;},{&quot;accountno&quot;:&quot;TA-1234567&quot;,&quot;departmentno&quot;:6,&quot;salary&quot;:15000,&quot;pincode&quot;:600042,&quot;userid&quot;:&quot;J6orzdRaQ0UoDrwOnCQw&quot;,&quot;id&quot;:&quot;P3ZDp9NOurl31aPRuTvB&quot;},{&quot;accountno&quot;:&quot;TA-1234567&quot;,&quot;departmentno&quot;:6,&quot;salary&quot;:750000,&quot;pincode&quot;:600078,&quot;userid&quot;:&quot;J6orzdRaQ0UoDrwOnCQw&quot;,&quot;id&quot;:&quot;y6qGqdJWMsU16Bbs2Lyb&quot;},{&quot;accountno&quot;:&quot;TA-1111891&quot;,&quot;departmentno&quot;:&quot;1&quot;,&quot;salary&quot;:&quot;13313&quot;,&quot;pincode&quot;:&quot;113123&quot;,&quot;userid&quot;:&quot;HnEhoD02hv6iZxEBX4ni&quot;,&quot;id&quot;:&quot;oOGVfvLCvAAOIDmN7wdp&quot;},{&quot;accountno&quot;:&quot;TA-1111890&quot;,&quot;departmentno&quot;:&quot;1&quot;,&quot;salary&quot;:&quot;13313&quot;,&quot;pincode&quot;:&quot;113123&quot;,&quot;userid&quot;:&quot;HnEhoD02hv6iZxEBX4ni&quot;,&quot;id&quot;:&quot;xvceLYElnOpaJUnbrpuE&quot;},{&quot;accountno&quot;:&quot;TA-5555555&quot;,&quot;departmentno&quot;:&quot;5&quot;,&quot;salary&quot;:&quot;55&quot;,&quot;pincode&quot;:&quot;555555&quot;,&quot;userid&quot;:&quot;wV6WMCO2yeVqDezlXdhH&quot;,&quot;id&quot;:&quot;DMPzGsJ2GZ4q8Rm7y8CD&quot;},{&quot;accountno&quot;:&quot;TA-1111110&quot;,&quot;departmentno&quot;:8,&quot;salary&quot;:8000,&quot;pincode&quot;:888888,&quot;userid&quot;:&quot;wV6WMCO2yeVqDezlXdhH&quot;,&quot;id&quot;:&quot;W8E06ZUqKXKrheNPHJd7&quot;},{&quot;accountno&quot;:&quot;TA-8888888&quot;,&quot;departmentno&quot;:&quot;8&quot;,&quot;salary&quot;:&quot;8000&quot;,&quot;pincode&quot;:&quot;888888&quot;,&quot;userid&quot;:&quot;wV6WMCO2yeVqDezlXdhH&quot;,&quot;id&quot;:&quot;c0Xp420icB1e2fzdcZuC&quot;},{&quot;accountno&quot;:&quot;TA-8888888&quot;,&quot;departmentno&quot;:&quot;8&quot;,&quot;salary&quot;:&quot;8000&quot;,&quot;pincode&quot;:&quot;888888&quot;,&quot;userid&quot;:&quot;wV6WMCO2yeVqDezlXdhH&quot;,&quot;id&quot;:&quot;jdTrxZplhgN8PsGFRnfd&quot;},{&quot;accountno&quot;:&quot;TA-2536477&quot;,&quot;departmentno&quot;:&quot;3&quot;,&quot;salary&quot;:&quot;64634&quot;,&quot;pincode&quot;:&quot;345345&quot;,&quot;userid&quot;:&quot;UbzKln8jt3iwGZ5iKVw2&quot;,&quot;id&quot;:&quot;IJ2U0OuIhBhAwofz5UOR&quot;},{&quot;accountno&quot;:&quot;TA-2536477&quot;,&quot;departmentno&quot;:&quot;3&quot;,&quot;salary&quot;:&quot;64634&quot;,&quot;pincode&quot;:&quot;345345&quot;,&quot;userid&quot;:&quot;UbzKln8jt3iwGZ5iKVw2&quot;,&quot;id&quot;:&quot;DlQI9BoLaK9t2nh8NEKw&quot;},{&quot;accountno&quot;:&quot;TA-1000003&quot;,&quot;departmentno&quot;:&quot;1&quot;,&quot;salary&quot;:&quot;9000&quot;,&quot;pincode&quot;:&quot;636006&quot;,&quot;userid&quot;:&quot;Qv9VqoMypQb6l9QCZH54&quot;,&quot;id&quot;:&quot;R1GTCqnCQJQq38QGkXxV&quot;},{&quot;accountno&quot;:&quot;TA-11221122&quot;,&quot;departmentno&quot;:&quot;1&quot;,&quot;salary&quot;:&quot;11221122&quot;,&quot;pincode&quot;:&quot;112211&quot;,&quot;userid&quot;:&quot;Qn9aLmEb5M9tHd0c1gK9&quot;,&quot;id&quot;:&quot;O01EMXmgI7o1FbJX4V01&quot;},{&quot;accountno&quot;:&quot;TA-1000001&quot;,&quot;departmentno&quot;:&quot;0&quot;,&quot;salary&quot;:&quot;8000&quot;,&quot;pincode&quot;:&quot;201893&quot;,&quot;userid&quot;:&quot;Qv9VqoMypQb6l9QCZH54&quot;,&quot;id&quot;:&quot;lCnJ1CS4Ih5iLRIoBja4&quot;},{&quot;accountno&quot;:&quot;TA-1000001&quot;,&quot;departmentno&quot;:&quot;0&quot;,&quot;salary&quot;:&quot;8000&quot;,&quot;pincode&quot;:&quot;201893&quot;,&quot;userid&quot;:&quot;Qv9VqoMypQb6l9QCZH54&quot;,&quot;id&quot;:&quot;TJaFfbS2ETHgn1jj4kYq&quot;},{&quot;accountno&quot;:&quot;TA-1212182&quot;,&quot;departmentno&quot;:6,&quot;salary&quot;:999999,&quot;pincode&quot;:950356,&quot;userid&quot;:&quot;9ATDdiU55R3Axp8t2Wdw&quot;,&quot;id&quot;:&quot;gwruyZnVnXzcglc9MnjE&quot;},{&quot;accountno&quot;:&quot;TA-1112223&quot;,&quot;departmentno&quot;:&quot;1&quot;,&quot;salary&quot;:&quot;111111&quot;,&quot;pincode&quot;:&quot;222222&quot;,&quot;userid&quot;:&quot;UUzhVpTf825lAmt1AZpf&quot;,&quot;id&quot;:&quot;xUmgXJKHnjvLybg7Ehy4&quot;},{&quot;accountno&quot;:&quot;TA-2222222&quot;,&quot;departmentno&quot;:&quot;2&quot;,&quot;salary&quot;:&quot;2000&quot;,&quot;pincode&quot;:&quot;222222&quot;,&quot;userid&quot;:&quot;wV6WMCO2yeVqDezlXdhH&quot;,&quot;id&quot;:&quot;d9JKV3EDoMlsO3oSawOW&quot;},{&quot;accountno&quot;:&quot;TA-5555555&quot;,&quot;departmentno&quot;:&quot;5&quot;,&quot;salary&quot;:&quot;5&quot;,&quot;pincode&quot;:&quot;505050&quot;,&quot;userid&quot;:&quot;kHacG2IP7Olqmq1CLFho&quot;,&quot;id&quot;:&quot;FaHPkSJ9CuIIfQ8Zi5gF&quot;},{&quot;accountno&quot;:&quot;TA-112233&quot;,&quot;departmentno&quot;:1,&quot;salary&quot;:123456,&quot;pincode&quot;:123456,&quot;userid&quot;:&quot;UUzhVpTf825lAmt1AZpf&quot;,&quot;id&quot;:&quot;hEi62m5WG186nI5Cg8hn&quot;},{&quot;accountno&quot;:&quot;TA-1111111&quot;,&quot;departmentno&quot;:1,&quot;salary&quot;:1,&quot;pincode&quot;:111111,&quot;userid&quot;:&quot;kHacG2IP7Olqmq1CLFho&quot;,&quot;id&quot;:&quot;v6XzTtniZZbdpdM8mU4t&quot;},{&quot;accountno&quot;:&quot;TA-1122330&quot;,&quot;departmentno&quot;:&quot;&quot;,&quot;salary&quot;:4564874,&quot;pincode&quot;:530016,&quot;userid&quot;:&quot;kHacG2IP7Olqmq1CLFho&quot;,&quot;id&quot;:&quot;0Bq7Mj9RuighBEUBK6r3&quot;},{&quot;accountno&quot;:&quot;TA-4491001&quot;,&quot;departmentno&quot;:&quot;7&quot;,&quot;salary&quot;:&quot;9000&quot;,&quot;pincode&quot;:&quot;908760&quot;,&quot;userid&quot;:&quot;xfvwphFcCCoaYVEl5Zb6&quot;,&quot;id&quot;:&quot;masIZkmSSAfDs487ZsFr&quot;},{&quot;accountno&quot;:&quot;TA-4491001&quot;,&quot;departmentno&quot;:&quot;7&quot;,&quot;salary&quot;:&quot;9000&quot;,&quot;pincode&quot;:&quot;908760&quot;,&quot;userid&quot;:&quot;xfvwphFcCCoaYVEl5Zb6&quot;,&quot;id&quot;:&quot;fJqWWBgmKiPFbUAEnyg3&quot;},{&quot;accountno&quot;:&quot;TA-4491001&quot;,&quot;departmentno&quot;:&quot;7&quot;,&quot;salary&quot;:&quot;9000&quot;,&quot;pincode&quot;:&quot;908760&quot;,&quot;userid&quot;:&quot;xfvwphFcCCoaYVEl5Zb6&quot;,&quot;id&quot;:&quot;9MC2mq6LTcmk4VqaKC1M&quot;},{&quot;accountno&quot;:&quot;TA-1122456&quot;,&quot;departmentno&quot;:&quot;9&quot;,&quot;salary&quot;:&quot;4564874&quot;,&quot;pincode&quot;:&quot;530016&quot;,&quot;userid&quot;:&quot;yNCXX8NruCfcrpuLyFMc&quot;,&quot;id&quot;:&quot;FYfbMFEYTiju5QZaO35P&quot;},{&quot;accountno&quot;:&quot;TA-4491001&quot;,&quot;departmentno&quot;:&quot;7&quot;,&quot;salary&quot;:&quot;9000&quot;,&quot;pincode&quot;:&quot;908760&quot;,&quot;userid&quot;:&quot;xfvwphFcCCoaYVEl5Zb6&quot;,&quot;id&quot;:&quot;K3O2C2lAxoFVayR0fkdM&quot;},{&quot;accountno&quot;:&quot;TA-8888888&quot;,&quot;departmentno&quot;:&quot;8&quot;,&quot;salary&quot;:&quot;8888888&quot;,&quot;pincode&quot;:&quot;888888&quot;,&quot;userid&quot;:&quot;taGX4XQQfXD3Z76sI1Xn&quot;,&quot;id&quot;:&quot;1N8m55z28H5tzcifiP0j&quot;},{&quot;accountno&quot;:&quot;TA-4491001&quot;,&quot;departmentno&quot;:&quot;7&quot;,&quot;salary&quot;:&quot;9000&quot;,&quot;pincode&quot;:&quot;908760&quot;,&quot;userid&quot;:&quot;xfvwphFcCCoaYVEl5Zb6&quot;,&quot;id&quot;:&quot;XOHcAUcifXjf2OtsPU90&quot;},{&quot;accountno&quot;:&quot;TA-4491001&quot;,&quot;departmentno&quot;:&quot;7&quot;,&quot;salary&quot;:&quot;9000&quot;,&quot;pincode&quot;:&quot;908760&quot;,&quot;userid&quot;:&quot;xfvwphFcCCoaYVEl5Zb6&quot;,&quot;id&quot;:&quot;1jCp00Z5m7c1FYWJnqoE&quot;},{&quot;accountno&quot;:&quot;TA-1234123&quot;,&quot;departmentno&quot;:&quot;3&quot;,&quot;salary&quot;:&quot;300000&quot;,&quot;pincode&quot;:&quot;123123&quot;,&quot;userid&quot;:&quot;m2IUsx9bvgkVwCXIt2Lg&quot;,&quot;id&quot;:&quot;iMKFsVt5MvluKGaIF5de&quot;},{&quot;accountno&quot;:&quot;TA-1122455&quot;,&quot;departmentno&quot;:&quot;9&quot;,&quot;salary&quot;:&quot;4564874&quot;,&quot;pincode&quot;:&quot;530016&quot;,&quot;userid&quot;:&quot;kHacG2IP7Olqmq1CLFho&quot;,&quot;id&quot;:&quot;9yMAXZccOy6RUF544dqd&quot;},{&quot;accountno&quot;:&quot;TA-0123456&quot;,&quot;departmentno&quot;:&quot;0&quot;,&quot;salary&quot;:&quot;00000&quot;,&quot;pincode&quot;:&quot;000000&quot;,&quot;userid&quot;:&quot;udhBK3zB8LiJm9Crv8KY&quot;,&quot;id&quot;:&quot;Go9qzH4Exu2HM4wLzHGa&quot;},{&quot;accountno&quot;:&quot;TA-4491001&quot;,&quot;departmentno&quot;:&quot;7&quot;,&quot;salary&quot;:&quot;9000&quot;,&quot;pincode&quot;:&quot;908760&quot;,&quot;userid&quot;:&quot;xfvwphFcCCoaYVEl5Zb6&quot;,&quot;id&quot;:&quot;5f8o73yXaJ0MQYysC1jq&quot;},{&quot;accountno&quot;:&quot;TA-4491001&quot;,&quot;departmentno&quot;:&quot;9&quot;,&quot;salary&quot;:&quot;9000&quot;,&quot;pincode&quot;:&quot;908760&quot;,&quot;userid&quot;:&quot;xfvwphFcCCoaYVEl5Zb6&quot;,&quot;id&quot;:&quot;g7BAsAqJdIfzH8iXQFiI&quot;},{&quot;accountno&quot;:&quot;TA-4491001&quot;,&quot;departmentno&quot;:&quot;9&quot;,&quot;salary&quot;:&quot;9000&quot;,&quot;pincode&quot;:&quot;908765&quot;,&quot;userid&quot;:&quot;xfvwphFcCCoaYVEl5Zb6&quot;,&quot;id&quot;:&quot;iGhwtkuY8E5DYr1DK2zo&quot;},{&quot;accountno&quot;:&quot;TA-1122455&quot;,&quot;departmentno&quot;:&quot;9&quot;,&quot;salary&quot;:&quot;4564874&quot;,&quot;pincode&quot;:&quot;530016&quot;,&quot;userid&quot;:&quot;yNCXX8NruCfcrpuLyFMc&quot;,&quot;id&quot;:&quot;4vLpUF7mtdH226IRwouH&quot;},{&quot;accountno&quot;:&quot;TA-4491001&quot;,&quot;departmentno&quot;:&quot;8&quot;,&quot;salary&quot;:&quot;9000&quot;,&quot;pincode&quot;:&quot;908765&quot;,&quot;userid&quot;:&quot;xfvwphFcCCoaYVEl5Zb6&quot;,&quot;id&quot;:&quot;fJdWcX38Be0PDGhruOgQ&quot;},{&quot;accountno&quot;:&quot;TA-4491001&quot;,&quot;departmentno&quot;:&quot;8&quot;,&quot;salary&quot;:&quot;9000&quot;,&quot;pincode&quot;:&quot;908765&quot;,&quot;userid&quot;:&quot;xfvwphFcCCoaYVEl5Zb6&quot;,&quot;id&quot;:&quot;a9NfILD28kqtcEGlnMxK&quot;},{&quot;accountno&quot;:&quot;2222222122&quot;,&quot;departmentno&quot;:&quot;3&quot;,&quot;salary&quot;:&quot;22222&quot;,&quot;pincode&quot;:&quot;222222&quot;,&quot;userid&quot;:&quot;YX2K8JJ205ix7q0MC7jw&quot;,&quot;id&quot;:&quot;5cheTxDNH4g3kDmczQ8b&quot;},{&quot;accountno&quot;:&quot;2222222122&quot;,&quot;departmentno&quot;:&quot;3&quot;,&quot;salary&quot;:&quot;22222&quot;,&quot;pincode&quot;:&quot;222222&quot;,&quot;userid&quot;:&quot;YX2K8JJ205ix7q0MC7jw&quot;,&quot;id&quot;:&quot;jYMkAVjBZcXZCEFp6wP9&quot;},{&quot;accountno&quot;:&quot;2222222222&quot;,&quot;departmentno&quot;:&quot;5&quot;,&quot;salary&quot;:&quot;200000&quot;,&quot;pincode&quot;:&quot;233333&quot;,&quot;userid&quot;:&quot;YX2K8JJ205ix7q0MC7jw&quot;,&quot;id&quot;:&quot;BNWBWcR2eH8B4s6cdCf3&quot;},{&quot;accountno&quot;:&quot;TA-4491000&quot;,&quot;departmentno&quot;:&quot;8&quot;,&quot;salary&quot;:&quot;9000&quot;,&quot;pincode&quot;:&quot;908765&quot;,&quot;userid&quot;:&quot;xfvwphFcCCoaYVEl5Zb6&quot;,&quot;id&quot;:&quot;dEPjHX91mGgT7dN10MIB&quot;},{&quot;accountno&quot;:&quot;TA-1111111&quot;,&quot;departmentno&quot;:&quot;1&quot;,&quot;salary&quot;:&quot;1111111&quot;,&quot;pincode&quot;:&quot;111111&quot;,&quot;userid&quot;:&quot;wV6WMCO2yeVqDezlXdhH&quot;,&quot;id&quot;:&quot;x7er1PpeS6TGJDVDDcz3&quot;},{&quot;accountno&quot;:&quot;TA-1111111&quot;,&quot;departmentno&quot;:&quot;1&quot;,&quot;salary&quot;:&quot;1111111&quot;,&quot;pincode&quot;:&quot;111111&quot;,&quot;userid&quot;:&quot;wV6WMCO2yeVqDezlXdhH&quot;,&quot;id&quot;:&quot;QbsNaAMdYmUcTlPG6hDo&quot;},{&quot;accountno&quot;:&quot;TA-4444420&quot;,&quot;departmentno&quot;:&quot;4&quot;,&quot;salary&quot;:&quot;500000&quot;,&quot;pincode&quot;:&quot;908765&quot;,&quot;userid&quot;:&quot;xfvwphFcCCoaYVEl5Zb6&quot;,&quot;id&quot;:&quot;E5leluBZ2g0rzCbt2Jkx&quot;},{&quot;accountno&quot;:&quot;TA-4491000&quot;,&quot;departmentno&quot;:&quot;8&quot;,&quot;salary&quot;:&quot;9000&quot;,&quot;pincode&quot;:&quot;908765&quot;,&quot;userid&quot;:&quot;xfvwphFcCCoaYVEl5Zb6&quot;,&quot;id&quot;:&quot;VGSEHzGrtE3yu5HgySKG&quot;},{&quot;accountno&quot;:&quot;TA-4441000&quot;,&quot;departmentno&quot;:&quot;8&quot;,&quot;salary&quot;:&quot;9000&quot;,&quot;pincode&quot;:&quot;908765&quot;,&quot;userid&quot;:&quot;xfvwphFcCCoaYVEl5Zb6&quot;,&quot;id&quot;:&quot;MkmDnAwY2ZLlpLcJhXEY&quot;},{&quot;accountno&quot;:&quot;TA-2890044&quot;,&quot;departmentno&quot;:4,&quot;salary&quot;:4544,&quot;pincode&quot;:466744,&quot;userid&quot;:&quot;8Z9CZ8L5lvQiuyxEbokN&quot;,&quot;id&quot;:&quot;OZLN2IodoHFMXLYZTrNn&quot;},{&quot;accountno&quot;:&quot;TA-1276982&quot;,&quot;departmentno&quot;:2,&quot;salary&quot;:2502,&quot;pincode&quot;:257342,&quot;userid&quot;:&quot;8Z9CZ8L5lvQiuyxEbokN&quot;,&quot;id&quot;:&quot;La1QF6OMS7vBPMnjlImp&quot;},{&quot;accountno&quot;:&quot;TA-2323232&quot;,&quot;departmentno&quot;:&quot;3&quot;,&quot;salary&quot;:&quot;12&quot;,&quot;pincode&quot;:&quot;235678&quot;,&quot;userid&quot;:&quot;xfvwphFcCCoaYVEl5Zb6&quot;,&quot;id&quot;:&quot;VQXnVySZhIE9kRw6IvSL&quot;},{&quot;accountno&quot;:&quot;TA-1133455&quot;,&quot;departmentno&quot;:&quot;8&quot;,&quot;salary&quot;:&quot;4564874&quot;,&quot;pincode&quot;:&quot;530016&quot;,&quot;userid&quot;:&quot;yNCXX8NruCfcrpuLyFMc&quot;,&quot;id&quot;:&quot;n7gCpgpqmkzmNFHOL9Yr&quot;},{&quot;accountno&quot;:&quot;TA-2105098&quot;,&quot;departmentno&quot;:&quot;2&quot;,&quot;salary&quot;:&quot;253670&quot;,&quot;pincode&quot;:&quot;142637&quot;,&quot;userid&quot;:&quot;bjMEIeH786owBw0agPKo&quot;,&quot;id&quot;:&quot;zNdQBgH6zNBUHze8UoBp&quot;},{&quot;accountno&quot;:&quot;TA-2105098&quot;,&quot;departmentno&quot;:&quot;2&quot;,&quot;salary&quot;:&quot;253670&quot;,&quot;pincode&quot;:&quot;142637&quot;,&quot;userid&quot;:&quot;bjMEIeH786owBw0agPKo&quot;,&quot;id&quot;:&quot;PZugJejpXjeanyku5NxR&quot;},{&quot;accountno&quot;:&quot;TA-5675675&quot;,&quot;departmentno&quot;:&quot;3&quot;,&quot;salary&quot;:&quot;656565&quot;,&quot;pincode&quot;:&quot;530016&quot;,&quot;userid&quot;:&quot;yNCXX8NruCfcrpuLyFMc&quot;,&quot;id&quot;:&quot;7Y6PsUKUAOm5GmhM8thq&quot;},{&quot;accountno&quot;:&quot;TA-2234452&quot;,&quot;departmentno&quot;:&quot;2&quot;,&quot;salary&quot;:&quot;2&quot;,&quot;pincode&quot;:&quot;222222&quot;,&quot;userid&quot;:&quot;kHacG2IP7Olqmq1CLFho&quot;,&quot;id&quot;:&quot;sgOJMBeasSaFtP28DRvK&quot;},{&quot;accountno&quot;:&quot;TA-3334445&quot;,&quot;departmentno&quot;:&quot;8&quot;,&quot;salary&quot;:&quot;4564874&quot;,&quot;pincode&quot;:&quot;530016&quot;,&quot;userid&quot;:&quot;yNCXX8NruCfcrpuLyFMc&quot;,&quot;id&quot;:&quot;epvUMQ4FjxofoXn7sjR4&quot;},{&quot;accountno&quot;:&quot;TA-1234567&quot;,&quot;departmentno&quot;:&quot;8&quot;,&quot;salary&quot;:&quot;9999&quot;,&quot;pincode&quot;:&quot;142022&quot;,&quot;userid&quot;:&quot;d966psJS1G0lXYaj5GZJ&quot;,&quot;id&quot;:&quot;kKxicPsvgnGRBfsJFg8M&quot;},{&quot;accountno&quot;:&quot;TA-2234452&quot;,&quot;departmentno&quot;:&quot;2&quot;,&quot;salary&quot;:&quot;2&quot;,&quot;pincode&quot;:&quot;222222&quot;,&quot;userid&quot;:&quot;kHacG2IP7Olqmq1CLFho&quot;,&quot;id&quot;:&quot;mIdyy8EKMLRS4aQqWzWl&quot;},{&quot;accountno&quot;:&quot;TA-2356569&quot;,&quot;departmentno&quot;:&quot;0&quot;,&quot;salary&quot;:&quot;3333&quot;,&quot;pincode&quot;:&quot;233333&quot;,&quot;userid&quot;:&quot;YX2K8JJ205ix7q0MC7jw&quot;,&quot;id&quot;:&quot;X4gRYpkULFH5N0hwS2Yz&quot;},{&quot;accountno&quot;:&quot;TA-1111112&quot;,&quot;departmentno&quot;:5,&quot;salary&quot;:99999,&quot;pincode&quot;:435560,&quot;userid&quot;:&quot;YX2K8JJ205ix7q0MC7jw&quot;,&quot;id&quot;:&quot;4XjKsooeORwPmc85HmEW&quot;},{&quot;accountno&quot;:&quot;TA-1111112&quot;,&quot;departmentno&quot;:&quot;5&quot;,&quot;salary&quot;:&quot;99999&quot;,&quot;pincode&quot;:&quot;435566&quot;,&quot;userid&quot;:&quot;YX2K8JJ205ix7q0MC7jw&quot;,&quot;id&quot;:&quot;SSb5JAuskFri06fwcHVW&quot;},{&quot;accountno&quot;:&quot;TA-1111111&quot;,&quot;departmentno&quot;:&quot;5&quot;,&quot;salary&quot;:&quot;99999&quot;,&quot;pincode&quot;:&quot;435566&quot;,&quot;userid&quot;:&quot;YX2K8JJ205ix7q0MC7jw&quot;,&quot;id&quot;:&quot;kdD9oGszwlhF3GUkjnAi&quot;},{&quot;accountno&quot;:&quot;TA-2105095&quot;,&quot;departmentno&quot;:&quot;5&quot;,&quot;salary&quot;:&quot;189000&quot;,&quot;pincode&quot;:&quot;132575&quot;,&quot;userid&quot;:&quot;bjMEIeH786owBw0agPKo&quot;,&quot;id&quot;:&quot;Bzf4IYQDhBVusGdTz1tv&quot;},{&quot;accountno&quot;:&quot;TA-2105095&quot;,&quot;departmentno&quot;:&quot;5&quot;,&quot;salary&quot;:&quot;189000&quot;,&quot;pincode&quot;:&quot;132575&quot;,&quot;userid&quot;:&quot;bjMEIeH786owBw0agPKo&quot;,&quot;id&quot;:&quot;LKZnPEhUujcu5Wodx8Xi&quot;},{&quot;accountno&quot;:&quot;TA-1000001&quot;,&quot;departmentno&quot;:&quot;1&quot;,&quot;salary&quot;:&quot;100800&quot;,&quot;pincode&quot;:&quot;999999&quot;,&quot;userid&quot;:&quot;J6orzdRaQ0UoDrwOnCQw&quot;,&quot;id&quot;:&quot;QbBEE0pcquPtmRAGLSmC&quot;},{&quot;accountno&quot;:&quot;TA-1111199&quot;,&quot;departmentno&quot;:1,&quot;salary&quot;:1,&quot;pincode&quot;:111111,&quot;userid&quot;:&quot;J6orzdRaQ0UoDrwOnCQw&quot;,&quot;id&quot;:&quot;IbFBUKZT8RbDqBpDTO3A&quot;},{&quot;accountno&quot;:&quot;TA-0000089&quot;,&quot;departmentno&quot;:&quot;1&quot;,&quot;salary&quot;:&quot;100800&quot;,&quot;pincode&quot;:&quot;999999&quot;,&quot;userid&quot;:&quot;J6orzdRaQ0UoDrwOnCQw&quot;,&quot;id&quot;:&quot;qjXTnyGQ9tt643SoF9Hb&quot;},{&quot;accountno&quot;:&quot;TA-0000009&quot;,&quot;departmentno&quot;:1,&quot;salary&quot;:100000,&quot;pincode&quot;:600012,&quot;userid&quot;:&quot;J6orzdRaQ0UoDrwOnCQw&quot;,&quot;id&quot;:&quot;oblPq0RzgVH6Ygha8cAr&quot;},{&quot;accountno&quot;:&quot;TA-1000009&quot;,&quot;departmentno&quot;:&quot;1&quot;,&quot;salary&quot;:&quot;100000&quot;,&quot;pincode&quot;:&quot;999999&quot;,&quot;userid&quot;:&quot;J6orzdRaQ0UoDrwOnCQw&quot;,&quot;id&quot;:&quot;LIlmhEo2tPnkhLY2Re5i&quot;},{&quot;accountno&quot;:&quot;TA-12345678&quot;,&quot;departmentno&quot;:8,&quot;salary&quot;:888888,&quot;pincode&quot;:850271,&quot;userid&quot;:&quot;JQGgG0SnNsZlQgoI2840&quot;,&quot;id&quot;:&quot;6xSiElU14hL5PALrQAeZ&quot;},{&quot;accountno&quot;:&quot;TA-1111129&quot;,&quot;departmentno&quot;:&quot;1&quot;,&quot;salary&quot;:&quot;32232&quot;,&quot;pincode&quot;:&quot;999999&quot;,&quot;userid&quot;:&quot;J6orzdRaQ0UoDrwOnCQw&quot;,&quot;id&quot;:&quot;1MDDQ1cXWCzmuWHGDLjL&quot;},{&quot;accountno&quot;:&quot;TA-1111119&quot;,&quot;departmentno&quot;:&quot;1&quot;,&quot;salary&quot;:&quot;111&quot;,&quot;pincode&quot;:&quot;999999&quot;,&quot;userid&quot;:&quot;J6orzdRaQ0UoDrwOnCQw&quot;,&quot;id&quot;:&quot;76Du0lgfGecO6TeRNoMw&quot;},{&quot;accountno&quot;:&quot;TA-1234456&quot;,&quot;departmentno&quot;:&quot;1&quot;,&quot;salary&quot;:&quot;1&quot;,&quot;pincode&quot;:&quot;111222&quot;,&quot;userid&quot;:&quot;kHacG2IP7Olqmq1CLFho&quot;,&quot;id&quot;:&quot;ZMn32dFIRechrsuSjiLo&quot;},{&quot;accountno&quot;:&quot;TA-1111119&quot;,&quot;departmentno&quot;:&quot;1&quot;,&quot;salary&quot;:&quot;111&quot;,&quot;pincode&quot;:&quot;999999&quot;,&quot;userid&quot;:&quot;J6orzdRaQ0UoDrwOnCQw&quot;,&quot;id&quot;:&quot;6ZovJr8ys6rZ3uIyAOnS&quot;},{&quot;accountno&quot;:&quot;TA-3333445&quot;,&quot;departmentno&quot;:&quot;9&quot;,&quot;salary&quot;:&quot;456487&quot;,&quot;pincode&quot;:&quot;530016&quot;,&quot;userid&quot;:&quot;yNCXX8NruCfcrpuLyFMc&quot;,&quot;id&quot;:&quot;kug7zh6I1QqyIJWt0PtA&quot;},{&quot;accountno&quot;:&quot;TA-8888888&quot;,&quot;departmentno&quot;:&quot;8&quot;,&quot;salary&quot;:&quot;800000&quot;,&quot;pincode&quot;:&quot;850271&quot;,&quot;userid&quot;:&quot;JQGgG0SnNsZlQgoI2840&quot;,&quot;id&quot;:&quot;jl3ncGeS7SZHTtKV1dTQ&quot;},{&quot;accountno&quot;:&quot;TA-2233445&quot;,&quot;departmentno&quot;:&quot;6&quot;,&quot;salary&quot;:&quot;456487&quot;,&quot;pincode&quot;:&quot;530016&quot;,&quot;userid&quot;:&quot;yNCXX8NruCfcrpuLyFMc&quot;,&quot;id&quot;:&quot;MBfkzKrcfkbJkcdhI3Vt&quot;},{&quot;accountno&quot;:&quot;TA-1234456&quot;,&quot;departmentno&quot;:2,&quot;salary&quot;:2,&quot;pincode&quot;:111111,&quot;userid&quot;:&quot;kHacG2IP7Olqmq1CLFho&quot;,&quot;id&quot;:&quot;qOoPdqsN1tIY2AqIyUiP&quot;},{&quot;accountno&quot;:&quot;TA-1234532&quot;,&quot;departmentno&quot;:&quot;7&quot;,&quot;salary&quot;:&quot;40000&quot;,&quot;pincode&quot;:&quot;600021&quot;,&quot;userid&quot;:&quot;J6orzdRaQ0UoDrwOnCQw&quot;,&quot;id&quot;:&quot;2C3NJadCLDYTN4LThDko&quot;},{&quot;accountno&quot;:&quot;TA-2344670&quot;,&quot;departmentno&quot;:&quot;57&quot;,&quot;salary&quot;:&quot;456487&quot;,&quot;pincode&quot;:&quot;530016&quot;,&quot;userid&quot;:&quot;yNCXX8NruCfcrpuLyFMc&quot;,&quot;id&quot;:&quot;VLl7ynW5LrxGio3fqNzz&quot;},{&quot;accountno&quot;:&quot;TA-2345678&quot;,&quot;departmentno&quot;:&quot;2&quot;,&quot;salary&quot;:&quot;45645&quot;,&quot;pincode&quot;:&quot;518976&quot;,&quot;userid&quot;:&quot;taGX4XQQfXD3Z76sI1Xn&quot;,&quot;id&quot;:&quot;IfWH2L9bpZ7p8eYPDxpu&quot;},{&quot;accountno&quot;:&quot;TA-0000036&quot;,&quot;departmentno&quot;:6,&quot;salary&quot;:555555,&quot;pincode&quot;:123456,&quot;userid&quot;:&quot;AFBkhOy7QoXq6wEDT5Oe&quot;,&quot;id&quot;:&quot;JZismaTgJ9QmHgNU8qKG&quot;},{&quot;accountno&quot;:&quot;TA-0000035&quot;,&quot;departmentno&quot;:&quot;5&quot;,&quot;salary&quot;:&quot;555&quot;,&quot;pincode&quot;:&quot;123456&quot;,&quot;userid&quot;:&quot;AFBkhOy7QoXq6wEDT5Oe&quot;,&quot;id&quot;:&quot;lnHXKjgtFVL9AVFKL8D2&quot;},{&quot;accountno&quot;:&quot;TA-0000035&quot;,&quot;departmentno&quot;:&quot;5&quot;,&quot;salary&quot;:&quot;555&quot;,&quot;pincode&quot;:&quot;123456&quot;,&quot;userid&quot;:&quot;AFBkhOy7QoXq6wEDT5Oe&quot;,&quot;id&quot;:&quot;CBKbmHkRIEeEuaRO5hed&quot;},{&quot;accountno&quot;:&quot;TA-0000035&quot;,&quot;departmentno&quot;:&quot;5&quot;,&quot;salary&quot;:&quot;555&quot;,&quot;pincode&quot;:&quot;123456&quot;,&quot;userid&quot;:&quot;AFBkhOy7QoXq6wEDT5Oe&quot;,&quot;id&quot;:&quot;9ffvFCCRB0WB3Hsz1vvH&quot;},{&quot;accountno&quot;:&quot;TA-1234456&quot;,&quot;departmentno&quot;:&quot;1&quot;,&quot;salary&quot;:&quot;1&quot;,&quot;pincode&quot;:&quot;111111&quot;,&quot;userid&quot;:&quot;kHacG2IP7Olqmq1CLFho&quot;,&quot;id&quot;:&quot;wkYP3KbzCxnwN8DuUZBD&quot;},{&quot;accountno&quot;:&quot;TA-1111111&quot;,&quot;departmentno&quot;:11,&quot;salary&quot;:11111,&quot;pincode&quot;:111113,&quot;userid&quot;:&quot;kHacG2IP7Olqmq1CLFho&quot;,&quot;id&quot;:&quot;VveNotetQdoZ0TghM6IH&quot;},{&quot;accountno&quot;:&quot;TA-1234567&quot;,&quot;departmentno&quot;:5,&quot;salary&quot;:1000,&quot;pincode&quot;:950351,&quot;userid&quot;:&quot;9ATDdiU55R3Axp8t2Wdw&quot;,&quot;id&quot;:&quot;V8RJYYiJu63dWGBirIFS&quot;},{&quot;accountno&quot;:&quot;TA-91919191&quot;,&quot;departmentno&quot;:91,&quot;salary&quot;:90000,&quot;pincode&quot;:999999,&quot;userid&quot;:&quot;wV6WMCO2yeVqDezlXdhH&quot;,&quot;id&quot;:&quot;WkfxFT7oP7ES7mjdtj1x&quot;},{&quot;accountno&quot;:&quot;TA-4050607&quot;,&quot;departmentno&quot;:&quot;5&quot;,&quot;salary&quot;:&quot;9000000000&quot;,&quot;pincode&quot;:&quot;774944&quot;,&quot;userid&quot;:&quot;Qn9aLmEb5M9tHd0c1gK9&quot;,&quot;id&quot;:&quot;AMdRfAR3XtFB54Xc51YK&quot;},{&quot;accountno&quot;:&quot;TA-6732547&quot;,&quot;departmentno&quot;:&quot;2&quot;,&quot;salary&quot;:&quot;235435&quot;,&quot;pincode&quot;:&quot;345656&quot;,&quot;userid&quot;:&quot;udhBK3zB8LiJm9Crv8KY&quot;,&quot;id&quot;:&quot;M70XyBNCUjJMR4gsIQ66&quot;},{&quot;accountno&quot;:&quot;TA-1111111&quot;,&quot;departmentno&quot;:&quot;1&quot;,&quot;salary&quot;:&quot;10000&quot;,&quot;pincode&quot;:&quot;111111&quot;,&quot;userid&quot;:&quot;wV6WMCO2yeVqDezlXdhH&quot;,&quot;id&quot;:&quot;gF5IAQOIsai6zqBQqNIY&quot;},{&quot;accountno&quot;:&quot;TA-4050607&quot;,&quot;departmentno&quot;:&quot;5&quot;,&quot;salary&quot;:&quot;9000000000&quot;,&quot;pincode&quot;:&quot;774944&quot;,&quot;userid&quot;:&quot;Qn9aLmEb5M9tHd0c1gK9&quot;,&quot;id&quot;:&quot;JwxaNIZB4Nm0wSraYBeM&quot;},{&quot;accountno&quot;:&quot;TA-5673890&quot;,&quot;departmentno&quot;:6,&quot;salary&quot;:30000,&quot;pincode&quot;:673890,&quot;userid&quot;:&quot;CgpJJ4mrZzrTtp2M5Zag&quot;,&quot;id&quot;:&quot;SljzOq8Om5cjuFU191Z3&quot;},{&quot;accountno&quot;:&quot;TA-8888888&quot;,&quot;departmentno&quot;:&quot;8&quot;,&quot;salary&quot;:&quot;8000&quot;,&quot;pincode&quot;:&quot;888888&quot;,&quot;userid&quot;:&quot;wV6WMCO2yeVqDezlXdhH&quot;,&quot;id&quot;:&quot;rpM2cahB3UumgWAZNuPz&quot;},{&quot;accountno&quot;:&quot;TA-3333333&quot;,&quot;departmentno&quot;:&quot;3&quot;,&quot;salary&quot;:&quot;3000&quot;,&quot;pincode&quot;:&quot;333333&quot;,&quot;userid&quot;:&quot;wV6WMCO2yeVqDezlXdhH&quot;,&quot;id&quot;:&quot;vM3iNKYwFbJlE4vq8CoV&quot;},{&quot;accountno&quot;:&quot;TA-7777777&quot;,&quot;departmentno&quot;:&quot;7&quot;,&quot;salary&quot;:&quot;7000&quot;,&quot;pincode&quot;:&quot;777777&quot;,&quot;userid&quot;:&quot;wV6WMCO2yeVqDezlXdhH&quot;,&quot;id&quot;:&quot;HYqZHRnChlPi8DIMisLS&quot;},{&quot;accountno&quot;:&quot;TA-0123456&quot;,&quot;departmentno&quot;:&quot;5&quot;,&quot;salary&quot;:&quot;12345&quot;,&quot;pincode&quot;:&quot;012345&quot;,&quot;userid&quot;:&quot;udhBK3zB8LiJm9Crv8KY&quot;,&quot;id&quot;:&quot;HpYeX8MJuuDKQRx1U798&quot;},{&quot;accountno&quot;:&quot;TA-555552222&quot;,&quot;departmentno&quot;:2,&quot;salary&quot;:1000,&quot;pincode&quot;:950142,&quot;userid&quot;:&quot;wV6WMCO2yeVqDezlXdhH&quot;,&quot;id&quot;:&quot;3ipnOJdDHcM6JhfyoGGI&quot;},{&quot;accountno&quot;:&quot;TA-0000001&quot;,&quot;departmentno&quot;:&quot;0&quot;,&quot;salary&quot;:&quot;0&quot;,&quot;pincode&quot;:&quot;000000&quot;,&quot;userid&quot;:&quot;AFBkhOy7QoXq6wEDT5Oe&quot;,&quot;id&quot;:&quot;8F6SwTXwq7ZnFDLEDAo3&quot;},{&quot;accountno&quot;:&quot;TA-0000001&quot;,&quot;departmentno&quot;:&quot;0&quot;,&quot;salary&quot;:&quot;0&quot;,&quot;pincode&quot;:&quot;000000&quot;,&quot;userid&quot;:&quot;AFBkhOy7QoXq6wEDT5Oe&quot;,&quot;id&quot;:&quot;AaDMYHpxkp6fZhMPC9ug&quot;},{&quot;accountno&quot;:&quot;TA-0000000&quot;,&quot;departmentno&quot;:&quot;0&quot;,&quot;salary&quot;:&quot;0&quot;,&quot;pincode&quot;:&quot;000000&quot;,&quot;userid&quot;:&quot;AFBkhOy7QoXq6wEDT5Oe&quot;,&quot;id&quot;:&quot;M0zFhOIahjujJHls70WN&quot;},{&quot;accountno&quot;:&quot;TA-2222222&quot;,&quot;departmentno&quot;:&quot;2&quot;,&quot;salary&quot;:&quot;2&quot;,&quot;pincode&quot;:&quot;222222&quot;,&quot;userid&quot;:&quot;kHacG2IP7Olqmq1CLFho&quot;,&quot;id&quot;:&quot;vZDhCZ8Uf0AQJLFTIL2I&quot;},{&quot;accountno&quot;:&quot;TA-1233398&quot;,&quot;departmentno&quot;:&quot;5&quot;,&quot;salary&quot;:&quot;50000&quot;,&quot;pincode&quot;:&quot;789645&quot;,&quot;userid&quot;:&quot;CgpJJ4mrZzrTtp2M5Zag&quot;,&quot;id&quot;:&quot;yXVuPbDR9NuL5rmSti1L&quot;},{&quot;accountno&quot;:&quot;TA-1234567&quot;,&quot;departmentno&quot;:4,&quot;salary&quot;:560000,&quot;pincode&quot;:676767,&quot;userid&quot;:&quot;Qn9aLmEb5M9tHd0c1gK9&quot;,&quot;id&quot;:&quot;udPpaWkxDpZ2toQLhGzR&quot;},{&quot;accountno&quot;:&quot;12345678&quot;,&quot;departmentno&quot;:&quot;1&quot;,&quot;salary&quot;:&quot;12345&quot;,&quot;pincode&quot;:&quot;530015&quot;,&quot;userid&quot;:&quot;yNCXX8NruCfcrpuLyFMc&quot;,&quot;id&quot;:&quot;1nKGYeraCD8GTuyzv5kv&quot;},{&quot;accountno&quot;:&quot;87654321&quot;,&quot;departmentno&quot;:&quot;1&quot;,&quot;salary&quot;:&quot;5000000&quot;,&quot;pincode&quot;:&quot;850272&quot;,&quot;userid&quot;:&quot;JQGgG0SnNsZlQgoI2840&quot;,&quot;id&quot;:&quot;acuCJLOQgOKv5k6eS5Zb&quot;},{&quot;accountno&quot;:&quot;12345678&quot;,&quot;departmentno&quot;:&quot;5&quot;,&quot;salary&quot;:&quot;500000&quot;,&quot;pincode&quot;:&quot;850271&quot;,&quot;userid&quot;:&quot;JQGgG0SnNsZlQgoI2840&quot;,&quot;id&quot;:&quot;WszADCJNoCQMH45N6j5s&quot;},{&quot;accountno&quot;:&quot;12345678&quot;,&quot;departmentno&quot;:&quot;5&quot;,&quot;salary&quot;:&quot;56756&quot;,&quot;pincode&quot;:&quot;000098&quot;,&quot;userid&quot;:&quot;yNCXX8NruCfcrpuLyFMc&quot;,&quot;id&quot;:&quot;UUgu2zK2iqOF83XY0pfq&quot;},{&quot;accountno&quot;:&quot;TA-1234567&quot;,&quot;departmentno&quot;:&quot;6&quot;,&quot;salary&quot;:&quot;789&quot;,&quot;pincode&quot;:&quot;345678&quot;,&quot;userid&quot;:&quot;d966psJS1G0lXYaj5GZJ&quot;,&quot;id&quot;:&quot;OlekeiYtCTiJ82zo4ebK&quot;},{&quot;accountno&quot;:&quot;45454545&quot;,&quot;departmentno&quot;:&quot;8&quot;,&quot;salary&quot;:&quot;18999&quot;,&quot;pincode&quot;:&quot;678523&quot;,&quot;userid&quot;:&quot;yNCXX8NruCfcrpuLyFMc&quot;,&quot;id&quot;:&quot;fogrrGWZ0us3EZUVZci6&quot;},{&quot;accountno&quot;:&quot;TA-1234567&quot;,&quot;departmentno&quot;:&quot;2&quot;,&quot;salary&quot;:&quot;8000&quot;,&quot;pincode&quot;:&quot;905678&quot;,&quot;userid&quot;:&quot;Qv9VqoMypQb6l9QCZH54&quot;,&quot;id&quot;:&quot;A9GQK9uSFVfzoWGxEQer&quot;},{&quot;accountno&quot;:&quot;12344578&quot;,&quot;departmentno&quot;:&quot;4&quot;,&quot;salary&quot;:&quot;123455&quot;,&quot;pincode&quot;:&quot;098765&quot;,&quot;userid&quot;:&quot;Qn9aLmEb5M9tHd0c1gK9&quot;,&quot;id&quot;:&quot;PoAeZL12z5wfaq9mjIrA&quot;},{&quot;accountno&quot;:&quot;12321345&quot;,&quot;departmentno&quot;:&quot;1&quot;,&quot;salary&quot;:&quot;1234567&quot;,&quot;pincode&quot;:&quot;123456&quot;,&quot;userid&quot;:&quot;Qn9aLmEb5M9tHd0c1gK9&quot;,&quot;id&quot;:&quot;E3DRAkEeImR6qEN52RaP&quot;},{&quot;accountno&quot;:&quot;23444553&quot;,&quot;departmentno&quot;:&quot;3&quot;,&quot;salary&quot;:&quot;12345666&quot;,&quot;pincode&quot;:&quot;098765&quot;,&quot;userid&quot;:&quot;Qn9aLmEb5M9tHd0c1gK9&quot;,&quot;id&quot;:&quot;XegXJi0yrglhdOacgsWm&quot;},{&quot;accountno&quot;:&quot;12323443&quot;,&quot;departmentno&quot;:&quot;3&quot;,&quot;salary&quot;:&quot;345645677&quot;,&quot;pincode&quot;:&quot;345455&quot;,&quot;userid&quot;:&quot;Qn9aLmEb5M9tHd0c1gK9&quot;,&quot;id&quot;:&quot;vPDwOVn3o3ZIyov5VzKL&quot;},{&quot;accountno&quot;:&quot;TA-2105090&quot;,&quot;departmentno&quot;:2,&quot;salary&quot;:175000,&quot;pincode&quot;:236456,&quot;userid&quot;:&quot;bjMEIeH786owBw0agPKo&quot;,&quot;id&quot;:&quot;rQio3cjlnYTYXxNy6Mac&quot;},{&quot;accountno&quot;:&quot;TA-1234567&quot;,&quot;departmentno&quot;:&quot;5&quot;,&quot;salary&quot;:&quot;10000&quot;,&quot;pincode&quot;:&quot;380007&quot;,&quot;userid&quot;:&quot;9ATDdiU55R3Axp8t2Wdw&quot;,&quot;id&quot;:&quot;Wd7XfSElTdpwDjFmXjtM&quot;},{&quot;accountno&quot;:&quot;TA-1111111&quot;,&quot;departmentno&quot;:1,&quot;salary&quot;:232323,&quot;pincode&quot;:111111,&quot;userid&quot;:&quot;lliqqQ08qWBQ5Nuj4qbj&quot;,&quot;id&quot;:&quot;wvh7lDugCSxuTDvqxI9d&quot;},{&quot;accountno&quot;:&quot;12345678&quot;,&quot;departmentno&quot;:&quot;5&quot;,&quot;salary&quot;:&quot;10000000&quot;,&quot;pincode&quot;:&quot;123456&quot;,&quot;userid&quot;:&quot;UbzKln8jt3iwGZ5iKVw2&quot;,&quot;id&quot;:&quot;FF087UnJGxbrI1K44SH7&quot;},{&quot;accountno&quot;:&quot;12345678&quot;,&quot;departmentno&quot;:&quot;1&quot;,&quot;salary&quot;:&quot;20000&quot;,&quot;pincode&quot;:&quot;950351&quot;,&quot;userid&quot;:&quot;9ATDdiU55R3Axp8t2Wdw&quot;,&quot;id&quot;:&quot;sasWaGhKEIORfcerNHOK&quot;},{&quot;accountno&quot;:&quot;345758588&quot;,&quot;departmentno&quot;:&quot;3&quot;,&quot;salary&quot;:&quot;000&quot;,&quot;pincode&quot;:&quot;000000&quot;,&quot;userid&quot;:&quot;21DNJfRWMycoJKM8qgeS&quot;,&quot;id&quot;:&quot;dETkAG5QRxbKcdiRbPLM&quot;},{&quot;accountno&quot;:&quot;98989898&quot;,&quot;departmentno&quot;:&quot;9&quot;,&quot;salary&quot;:&quot;9898&quot;,&quot;pincode&quot;:&quot;989898&quot;,&quot;userid&quot;:&quot;slMmUbcVYDhaNDcAeSQv&quot;,&quot;id&quot;:&quot;9yt4Kq8c9UAPUQSYCZZL&quot;},{&quot;accountno&quot;:&quot;98989898&quot;,&quot;departmentno&quot;:&quot;9&quot;,&quot;salary&quot;:&quot;9898&quot;,&quot;pincode&quot;:&quot;989898&quot;,&quot;userid&quot;:&quot;slMmUbcVYDhaNDcAeSQv&quot;,&quot;id&quot;:&quot;Xag1oSMckqQKQTPtAhGw&quot;},{&quot;accountno&quot;:&quot;98989898&quot;,&quot;departmentno&quot;:&quot;9&quot;,&quot;salary&quot;:&quot;9898&quot;,&quot;pincode&quot;:&quot;989898&quot;,&quot;userid&quot;:&quot;slMmUbcVYDhaNDcAeSQv&quot;,&quot;id&quot;:&quot;Ko3kuoeb0KSGGCIjDM39&quot;},{&quot;accountno&quot;:&quot;98989898&quot;,&quot;departmentno&quot;:&quot;9&quot;,&quot;salary&quot;:&quot;9898&quot;,&quot;pincode&quot;:&quot;989898&quot;,&quot;userid&quot;:&quot;slMmUbcVYDhaNDcAeSQv&quot;,&quot;id&quot;:&quot;yJwP9qktFqKbpTRvsO64&quot;},{&quot;accountno&quot;:&quot;98989898&quot;,&quot;departmentno&quot;:&quot;9&quot;,&quot;salary&quot;:&quot;9898&quot;,&quot;pincode&quot;:&quot;989898&quot;,&quot;userid&quot;:&quot;slMmUbcVYDhaNDcAeSQv&quot;,&quot;id&quot;:&quot;BzuUOZjECT9ivXAxIHVb&quot;},{&quot;accountno&quot;:&quot;99999123&quot;,&quot;departmentno&quot;:&quot;1&quot;,&quot;salary&quot;:&quot;5333&quot;,&quot;pincode&quot;:&quot;901234&quot;,&quot;userid&quot;:&quot;Zkr5GwJhXN3dOEP2fImf&quot;,&quot;id&quot;:&quot;qtkQH173FXUQvrF4C8y0&quot;},{&quot;accountno&quot;:&quot;88884491&quot;,&quot;departmentno&quot;:&quot;1&quot;,&quot;salary&quot;:&quot;4000&quot;,&quot;pincode&quot;:&quot;763291&quot;,&quot;userid&quot;:&quot;Zkr5GwJhXN3dOEP2fImf&quot;,&quot;id&quot;:&quot;a3RqhPDcnenGTCpYDZCe&quot;},{&quot;accountno&quot;:&quot;48484848&quot;,&quot;departmentno&quot;:&quot;5&quot;,&quot;salary&quot;:&quot;2525&quot;,&quot;pincode&quot;:&quot;255255&quot;,&quot;userid&quot;:&quot;jK6TLwt6oIcYQmeujB2R&quot;,&quot;id&quot;:&quot;krJoeVvULfCeSQ59J6Iq&quot;},{&quot;accountno&quot;:&quot;99999123&quot;,&quot;departmentno&quot;:&quot;1&quot;,&quot;salary&quot;:&quot;53330&quot;,&quot;pincode&quot;:&quot;901234&quot;,&quot;userid&quot;:&quot;bkIputQuPTs2zkhrMT6d&quot;,&quot;id&quot;:&quot;ZJRNpsJuuOa558vE5FDE&quot;},{&quot;accountno&quot;:&quot;99999823;&quot;,&quot;departmentno&quot;:&quot;1&quot;,&quot;salary&quot;:&quot;40000&quot;,&quot;pincode&quot;:&quot;763291&quot;,&quot;userid&quot;:&quot;bkIputQuPTs2zkhrMT6d&quot;,&quot;id&quot;:&quot;x9GyOcxUMxmSJpIecGsG&quot;},{&quot;accountno&quot;:&quot;99999123&quot;,&quot;departmentno&quot;:&quot;1&quot;,&quot;salary&quot;:&quot;53330&quot;,&quot;pincode&quot;:&quot;901234&quot;,&quot;userid&quot;:&quot;Zkr5GwJhXN3dOEP2fImf&quot;,&quot;id&quot;:&quot;tOU8E9WcjEXfwL5HgbOE&quot;},{&quot;accountno&quot;:&quot;99999823;&quot;,&quot;departmentno&quot;:&quot;1&quot;,&quot;salary&quot;:&quot;40000&quot;,&quot;pincode&quot;:&quot;763291&quot;,&quot;userid&quot;:&quot;Zkr5GwJhXN3dOEP2fImf&quot;,&quot;id&quot;:&quot;vgJfyicIVkVS50UPZHT2&quot;},{&quot;accountno&quot;:&quot;23432422&quot;,&quot;departmentno&quot;:&quot;2&quot;,&quot;salary&quot;:&quot;233&quot;,&quot;pincode&quot;:&quot;234322&quot;,&quot;userid&quot;:&quot;Zkr5GwJhXN3dOEP2fImf&quot;,&quot;id&quot;:&quot;DOa1aFe9XzHzYpKqQFPG&quot;},{&quot;accountno&quot;:&quot;90909090&quot;,&quot;departmentno&quot;:&quot;5&quot;,&quot;salary&quot;:&quot;5678&quot;,&quot;pincode&quot;:&quot;345678&quot;,&quot;userid&quot;:&quot;rramin58ybocMNQoFYXl&quot;,&quot;id&quot;:&quot;24HQKiMTZpHCi9TetAZu&quot;},{&quot;accountno&quot;:&quot;90909090&quot;,&quot;departmentno&quot;:&quot;5&quot;,&quot;salary&quot;:&quot;5678&quot;,&quot;pincode&quot;:&quot;345678&quot;,&quot;userid&quot;:&quot;rramin58ybocMNQoFYXl&quot;,&quot;id&quot;:&quot;0Fgaeutb4kghmyUqJI23&quot;},{&quot;accountno&quot;:&quot;11111111&quot;,&quot;departmentno&quot;:&quot;1&quot;,&quot;salary&quot;:&quot;10000&quot;,&quot;pincode&quot;:&quot;111111&quot;,&quot;userid&quot;:&quot;NhIAWPJNpQoYlFjMPScL&quot;,&quot;id&quot;:&quot;8YD9Qk0pjJQPabDv9IZ2&quot;},{&quot;accountno&quot;:&quot;11111111&quot;,&quot;departmentno&quot;:&quot;1&quot;,&quot;salary&quot;:&quot;10000&quot;,&quot;pincode&quot;:&quot;111111&quot;,&quot;userid&quot;:&quot;NhIAWPJNpQoYlFjMPScL&quot;,&quot;id&quot;:&quot;v2PaopDyfLp8RbChhETa&quot;},{&quot;accountno&quot;:&quot;30303030&quot;,&quot;departmentno&quot;:&quot;43&quot;,&quot;salary&quot;:&quot;15000&quot;,&quot;pincode&quot;:&quot;666666&quot;,&quot;userid&quot;:&quot;IdB36E42UlOHhyfpFueu&quot;,&quot;id&quot;:&quot;tq6k9mJCsofg6fr4SAzm&quot;},{&quot;accountno&quot;:&quot;30303030&quot;,&quot;departmentno&quot;:&quot;43&quot;,&quot;salary&quot;:&quot;15000&quot;,&quot;pincode&quot;:&quot;666666&quot;,&quot;userid&quot;:&quot;IdB36E42UlOHhyfpFueu&quot;,&quot;id&quot;:&quot;WbCuIa7kcNbChXglM3Hh&quot;},{&quot;accountno&quot;:&quot;20000040&quot;,&quot;departmentno&quot;:&quot;4&quot;,&quot;salary&quot;:&quot;20040&quot;,&quot;pincode&quot;:&quot;200040&quot;,&quot;userid&quot;:&quot;XVdEAYnNkz3FsrWew6iu&quot;,&quot;id&quot;:&quot;cIB2loQKRpyKW76Hk9LA&quot;},{&quot;accountno&quot;:&quot;56785678&quot;,&quot;departmentno&quot;:&quot;5&quot;,&quot;salary&quot;:&quot;567765&quot;,&quot;pincode&quot;:&quot;567765&quot;,&quot;userid&quot;:&quot;aaTLunwlzmlOZuXsBm4W&quot;,&quot;id&quot;:&quot;PD16TqxJ8rCjlM13pfkK&quot;},{&quot;accountno&quot;:&quot;56785678&quot;,&quot;departmentno&quot;:&quot;5&quot;,&quot;salary&quot;:&quot;567765&quot;,&quot;pincode&quot;:&quot;567765&quot;,&quot;userid&quot;:&quot;aaTLunwlzmlOZuXsBm4W&quot;,&quot;id&quot;:&quot;iGeSLkQ2dXZw3axuqTeo&quot;},{&quot;accountno&quot;:&quot;56785678&quot;,&quot;departmentno&quot;:&quot;5&quot;,&quot;salary&quot;:&quot;567765&quot;,&quot;pincode&quot;:&quot;567765&quot;,&quot;userid&quot;:&quot;aaTLunwlzmlOZuXsBm4W&quot;,&quot;id&quot;:&quot;3n3FbrK8Um695WSMGwn3&quot;},{&quot;accountno&quot;:&quot;56785678&quot;,&quot;departmentno&quot;:&quot;5&quot;,&quot;salary&quot;:&quot;567765&quot;,&quot;pincode&quot;:&quot;567765&quot;,&quot;userid&quot;:&quot;aaTLunwlzmlOZuXsBm4W&quot;,&quot;id&quot;:&quot;3v7FYYDPjJKBL4SlIJh0&quot;},{&quot;accountno&quot;:&quot;56785678&quot;,&quot;departmentno&quot;:&quot;5&quot;,&quot;salary&quot;:&quot;567765&quot;,&quot;pincode&quot;:&quot;567765&quot;,&quot;userid&quot;:&quot;aaTLunwlzmlOZuXsBm4W&quot;,&quot;id&quot;:&quot;yWTNmdsI3tNmjRLc6bjM&quot;},{&quot;accountno&quot;:&quot;99999123&quot;,&quot;departmentno&quot;:&quot;1&quot;,&quot;salary&quot;:&quot;5333&quot;,&quot;pincode&quot;:&quot;901234&quot;,&quot;userid&quot;:&quot;Zkr5GwJhXN3dOEP2fImf&quot;,&quot;id&quot;:&quot;jgE7AoKVVwccIVodzLQ1&quot;},{&quot;accountno&quot;:&quot;99999823;&quot;,&quot;departmentno&quot;:&quot;1&quot;,&quot;salary&quot;:&quot;4000&quot;,&quot;pincode&quot;:&quot;763291&quot;,&quot;userid&quot;:&quot;Zkr5GwJhXN3dOEP2fImf&quot;,&quot;id&quot;:&quot;DbyGAz2YJcbcT6Rc7BUk&quot;},{&quot;accountno&quot;:&quot;99999123&quot;,&quot;departmentno&quot;:&quot;1&quot;,&quot;salary&quot;:&quot;5333&quot;,&quot;pincode&quot;:&quot;901234&quot;,&quot;userid&quot;:&quot;Zkr5GwJhXN3dOEP2fImf&quot;,&quot;id&quot;:&quot;7nVGar8SIAN50CzLmIRK&quot;},{&quot;accountno&quot;:&quot;99999823;&quot;,&quot;departmentno&quot;:&quot;1&quot;,&quot;salary&quot;:&quot;4000&quot;,&quot;pincode&quot;:&quot;763291&quot;,&quot;userid&quot;:&quot;Zkr5GwJhXN3dOEP2fImf&quot;,&quot;id&quot;:&quot;w9nw8hMII5gKQzSYYeev&quot;},{&quot;accountno&quot;:&quot;99999123&quot;,&quot;departmentno&quot;:&quot;1&quot;,&quot;salary&quot;:&quot;5333&quot;,&quot;pincode&quot;:&quot;901234&quot;,&quot;userid&quot;:&quot;Zkr5GwJhXN3dOEP2fImf&quot;,&quot;id&quot;:&quot;TBS7Ohtvp8POsNh29CIn&quot;},{&quot;accountno&quot;:&quot;99999823;&quot;,&quot;departmentno&quot;:&quot;1&quot;,&quot;salary&quot;:&quot;4000&quot;,&quot;pincode&quot;:&quot;763291&quot;,&quot;userid&quot;:&quot;Zkr5GwJhXN3dOEP2fImf&quot;,&quot;id&quot;:&quot;p7AjL9KAJjUAa5aVwgd9&quot;},{&quot;accountno&quot;:&quot;99999123&quot;,&quot;departmentno&quot;:&quot;1&quot;,&quot;salary&quot;:&quot;5333&quot;,&quot;pincode&quot;:&quot;901234&quot;,&quot;userid&quot;:&quot;Zkr5GwJhXN3dOEP2fImf&quot;,&quot;id&quot;:&quot;MFX0ErQUiRjGMEImiJmF&quot;},{&quot;accountno&quot;:&quot;99999823;&quot;,&quot;departmentno&quot;:&quot;1&quot;,&quot;salary&quot;:&quot;4000&quot;,&quot;pincode&quot;:&quot;763291&quot;,&quot;userid&quot;:&quot;Zkr5GwJhXN3dOEP2fImf&quot;,&quot;id&quot;:&quot;4AhUwEpZ0lVDiZFFA6YK&quot;},{&quot;accountno&quot;:&quot;99999123&quot;,&quot;departmentno&quot;:5,&quot;salary&quot;:5333,&quot;pincode&quot;:901234,&quot;userid&quot;:&quot;Zkr5GwJhXN3dOEP2fImf&quot;,&quot;id&quot;:&quot;thfd1oC011h2iwuqfaoc&quot;},{&quot;accountno&quot;:&quot;99999123&quot;,&quot;departmentno&quot;:&quot;1&quot;,&quot;salary&quot;:&quot;5333&quot;,&quot;pincode&quot;:&quot;901234&quot;,&quot;userid&quot;:&quot;Zkr5GwJhXN3dOEP2fImf&quot;,&quot;id&quot;:&quot;k1I1aEEaobc2EjDLGMmD&quot;},{&quot;accountno&quot;:&quot;22233666&quot;,&quot;departmentno&quot;:&quot;9&quot;,&quot;salary&quot;:&quot;90000&quot;,&quot;pincode&quot;:&quot;996688&quot;,&quot;userid&quot;:&quot;tlgGgFrL4EhtaG1QsIC0&quot;,&quot;id&quot;:&quot;AlZpvdcV2CAkUxsboZj1&quot;},{&quot;accountno&quot;:&quot;22233666&quot;,&quot;departmentno&quot;:&quot;9&quot;,&quot;salary&quot;:&quot;90000&quot;,&quot;pincode&quot;:&quot;996688&quot;,&quot;userid&quot;:&quot;tlgGgFrL4EhtaG1QsIC0&quot;,&quot;id&quot;:&quot;bbBj0NOytT3i2EsAdnXL&quot;},{&quot;accountno&quot;:&quot;99999123&quot;,&quot;departmentno&quot;:&quot;1&quot;,&quot;salary&quot;:&quot;5333&quot;,&quot;pincode&quot;:&quot;901234&quot;,&quot;userid&quot;:&quot;Zkr5GwJhXN3dOEP2fImf&quot;,&quot;id&quot;:&quot;Gf1lGXv0VpUMujJtabIF&quot;},{&quot;accountno&quot;:&quot;88884491&quot;,&quot;departmentno&quot;:&quot;1&quot;,&quot;salary&quot;:&quot;4000&quot;,&quot;pincode&quot;:&quot;763291&quot;,&quot;userid&quot;:&quot;Zkr5GwJhXN3dOEP2fImf&quot;,&quot;id&quot;:&quot;SwfM20lqyv2NcS6r56pc&quot;},{&quot;accountno&quot;:&quot;1110000&quot;,&quot;departmentno&quot;:&quot;9000&quot;,&quot;salary&quot;:&quot;676767&quot;,&quot;pincode&quot;:&quot;987654&quot;,&quot;userid&quot;:&quot;JkHqJgxoYXu4JmKVHecw&quot;,&quot;id&quot;:&quot;cCp8tbBrOP1PKqtTNt7B&quot;},{&quot;accountno&quot;:&quot;1110000&quot;,&quot;departmentno&quot;:&quot;9000&quot;,&quot;salary&quot;:&quot;676767&quot;,&quot;pincode&quot;:&quot;987654&quot;,&quot;userid&quot;:&quot;JkHqJgxoYXu4JmKVHecw&quot;,&quot;id&quot;:&quot;obo8YLih0otwhPneWLWU&quot;},{&quot;accountno&quot;:&quot;1110000&quot;,&quot;departmentno&quot;:&quot;9000&quot;,&quot;salary&quot;:&quot;676767&quot;,&quot;pincode&quot;:&quot;987654&quot;,&quot;userid&quot;:&quot;JkHqJgxoYXu4JmKVHecw&quot;,&quot;id&quot;:&quot;Jrg8R4dOGPB382N4vw7i&quot;},{&quot;accountno&quot;:&quot;1000000&quot;,&quot;departmentno&quot;:&quot;11100&quot;,&quot;salary&quot;:&quot;123456&quot;,&quot;pincode&quot;:&quot;987654&quot;,&quot;userid&quot;:&quot;JkHqJgxoYXu4JmKVHecw&quot;,&quot;id&quot;:&quot;PFNagGqJOMNM6eG0qmTu&quot;},{&quot;accountno&quot;:&quot;1000000&quot;,&quot;departmentno&quot;:&quot;11100&quot;,&quot;salary&quot;:&quot;123456&quot;,&quot;pincode&quot;:&quot;987654&quot;,&quot;userid&quot;:&quot;JkHqJgxoYXu4JmKVHecw&quot;,&quot;id&quot;:&quot;jKBqkICVf2lxRYiQ2MT8&quot;},{&quot;accountno&quot;:&quot;11111111&quot;,&quot;departmentno&quot;:&quot;1&quot;,&quot;salary&quot;:&quot;0000&quot;,&quot;pincode&quot;:&quot;000000&quot;,&quot;userid&quot;:&quot;bkIputQuPTs2zkhrMT6d&quot;,&quot;id&quot;:&quot;TBZM78TxCw72ZnSdvCUW&quot;},{&quot;accountno&quot;:&quot;88888899&quot;,&quot;departmentno&quot;:&quot;5&quot;,&quot;salary&quot;:&quot;6767&quot;,&quot;pincode&quot;:&quot;945971&quot;,&quot;userid&quot;:&quot;y4EGNLRjrgtEjC6KVUVR&quot;,&quot;id&quot;:&quot;WWG1lVZdyGQ9uxDpT6Wv&quot;},{&quot;accountno&quot;:&quot;88888888&quot;,&quot;departmentno&quot;:&quot;5&quot;,&quot;salary&quot;:&quot;6767&quot;,&quot;pincode&quot;:&quot;945971&quot;,&quot;userid&quot;:&quot;y4EGNLRjrgtEjC6KVUVR&quot;,&quot;id&quot;:&quot;c1TcbGWthQWcZTXjXOFb&quot;},{&quot;accountno&quot;:&quot;32132121&quot;,&quot;departmentno&quot;:&quot;3&quot;,&quot;salary&quot;:&quot;80000&quot;,&quot;pincode&quot;:&quot;321321&quot;,&quot;userid&quot;:&quot;g3XNrrwU0oVXB9kVJ132&quot;,&quot;id&quot;:&quot;bpjL0EiYFVRemgem1Qvg&quot;},{&quot;accountno&quot;:&quot;76576576&quot;,&quot;departmentno&quot;:&quot;5&quot;,&quot;salary&quot;:&quot;76767&quot;,&quot;pincode&quot;:&quot;565656&quot;,&quot;userid&quot;:&quot;y4EGNLRjrgtEjC6KVUVR&quot;,&quot;id&quot;:&quot;3MlzwpmiveRAHeV4r4MX&quot;},{&quot;accountno&quot;:&quot;76576576&quot;,&quot;departmentno&quot;:&quot;5&quot;,&quot;salary&quot;:&quot;76767&quot;,&quot;pincode&quot;:&quot;565656&quot;,&quot;userid&quot;:&quot;y4EGNLRjrgtEjC6KVUVR&quot;,&quot;id&quot;:&quot;MckaTJQWRoJL3Hze2iDk&quot;},{&quot;accountno&quot;:&quot;32132133&quot;,&quot;departmentno&quot;:4,&quot;salary&quot;:70000,&quot;pincode&quot;:321321,&quot;userid&quot;:&quot;g3XNrrwU0oVXB9kVJ132&quot;,&quot;id&quot;:&quot;v51oNwjKdoIYwPPxlBkF&quot;},{&quot;accountno&quot;:&quot;76222543&quot;,&quot;departmentno&quot;:&quot;9&quot;,&quot;salary&quot;:&quot;65872&quot;,&quot;pincode&quot;:&quot;177765&quot;,&quot;userid&quot;:&quot;VyzFzGdrldfutDmGHMRm&quot;,&quot;id&quot;:&quot;AK552shjBIuGudUpE6F3&quot;},{&quot;accountno&quot;:&quot;33333333&quot;,&quot;departmentno&quot;:&quot;7&quot;,&quot;salary&quot;:&quot;9000&quot;,&quot;pincode&quot;:&quot;111111&quot;,&quot;userid&quot;:&quot;y4EGNLRjrgtEjC6KVUVR&quot;,&quot;id&quot;:&quot;OCY6ssCiPCqcVqOmi3wQ&quot;},{&quot;accountno&quot;:&quot;76076543&quot;,&quot;departmentno&quot;:&quot;9&quot;,&quot;salary&quot;:&quot;65872&quot;,&quot;pincode&quot;:&quot;177765&quot;,&quot;userid&quot;:&quot;VyzFzGdrldfutDmGHMRm&quot;,&quot;id&quot;:&quot;L16OaDylT088Yv7CyhjQ&quot;},{&quot;accountno&quot;:&quot;76001111&quot;,&quot;departmentno&quot;:&quot;9&quot;,&quot;salary&quot;:&quot;65872&quot;,&quot;pincode&quot;:&quot;177765&quot;,&quot;userid&quot;:&quot;VyzFzGdrldfutDmGHMRm&quot;,&quot;id&quot;:&quot;YjDNPjqbDlkrZVD8pYZb&quot;},{&quot;accountno&quot;:&quot;76490001&quot;,&quot;departmentno&quot;:&quot;9&quot;,&quot;salary&quot;:&quot;65872&quot;,&quot;pincode&quot;:&quot;100005&quot;,&quot;userid&quot;:&quot;VyzFzGdrldfutDmGHMRm&quot;,&quot;id&quot;:&quot;9PxzYJ4xotoMXItVbhzH&quot;},{&quot;accountno&quot;:&quot;11111111&quot;,&quot;departmentno&quot;:&quot;1&quot;,&quot;salary&quot;:&quot;0000&quot;,&quot;pincode&quot;:&quot;000000&quot;,&quot;userid&quot;:&quot;y4EGNLRjrgtEjC6KVUVR&quot;,&quot;id&quot;:&quot;cKZXk6jwqKFzR4Xfa2hL&quot;},{&quot;accountno&quot;:&quot;95318631&quot;,&quot;departmentno&quot;:&quot;9&quot;,&quot;salary&quot;:&quot;65872&quot;,&quot;pincode&quot;:&quot;100005&quot;,&quot;userid&quot;:&quot;VyzFzGdrldfutDmGHMRm&quot;,&quot;id&quot;:&quot;EnCmFkQ27KZNJJeZv31c&quot;},{&quot;accountno&quot;:&quot;87421621&quot;,&quot;departmentno&quot;:&quot;9&quot;,&quot;salary&quot;:&quot;65872&quot;,&quot;pincode&quot;:&quot;100005&quot;,&quot;userid&quot;:&quot;VyzFzGdrldfutDmGHMRm&quot;,&quot;id&quot;:&quot;FBJ2maZXoCgl4wqH3318&quot;},{&quot;accountno&quot;:&quot;00000000&quot;,&quot;departmentno&quot;:&quot;7&quot;,&quot;salary&quot;:&quot;9000&quot;,&quot;pincode&quot;:&quot;111111&quot;,&quot;userid&quot;:&quot;tlgGgFrL4EhtaG1QsIC0&quot;,&quot;id&quot;:&quot;ofsMNaDp9ew0XUkK2h9G&quot;},{&quot;accountno&quot;:&quot;00000000&quot;,&quot;departmentno&quot;:&quot;7&quot;,&quot;salary&quot;:&quot;9000&quot;,&quot;pincode&quot;:&quot;111111&quot;,&quot;userid&quot;:&quot;tlgGgFrL4EhtaG1QsIC0&quot;,&quot;id&quot;:&quot;wFbXFmHOHWqOUR4aM3uI&quot;},{&quot;accountno&quot;:&quot;00000000&quot;,&quot;departmentno&quot;:&quot;7&quot;,&quot;salary&quot;:&quot;9000&quot;,&quot;pincode&quot;:&quot;111111&quot;,&quot;userid&quot;:&quot;tlgGgFrL4EhtaG1QsIC0&quot;,&quot;id&quot;:&quot;UY6zShvmsor6AuJmqcs9&quot;},{&quot;accountno&quot;:&quot;00000000&quot;,&quot;departmentno&quot;:&quot;7&quot;,&quot;salary&quot;:&quot;9000&quot;,&quot;pincode&quot;:&quot;111111&quot;,&quot;userid&quot;:&quot;y4EGNLRjrgtEjC6KVUVR&quot;,&quot;id&quot;:&quot;f5ULAhvbKzwJU3bi1W68&quot;},{&quot;accountno&quot;:&quot;65726621&quot;,&quot;departmentno&quot;:&quot;6&quot;,&quot;salary&quot;:&quot;655512&quot;,&quot;pincode&quot;:&quot;100005&quot;,&quot;userid&quot;:&quot;VyzFzGdrldfutDmGHMRm&quot;,&quot;id&quot;:&quot;VbbPIkmKf4gRtvvqpvsS&quot;},{&quot;accountno&quot;:&quot;90909000&quot;,&quot;departmentno&quot;:&quot;7&quot;,&quot;salary&quot;:&quot;9000&quot;,&quot;pincode&quot;:&quot;222222&quot;,&quot;userid&quot;:&quot;y4EGNLRjrgtEjC6KVUVR&quot;,&quot;id&quot;:&quot;VcIDVaIJoa5AiuSOKDiW&quot;},{&quot;accountno&quot;:&quot;90909090&quot;,&quot;departmentno&quot;:&quot;7&quot;,&quot;salary&quot;:&quot;9000&quot;,&quot;pincode&quot;:&quot;111111&quot;,&quot;userid&quot;:&quot;y4EGNLRjrgtEjC6KVUVR&quot;,&quot;id&quot;:&quot;5dMLeMClZs44jIqroKY4&quot;},{&quot;accountno&quot;:&quot;90909090&quot;,&quot;departmentno&quot;:&quot;7&quot;,&quot;salary&quot;:&quot;9000&quot;,&quot;pincode&quot;:&quot;111111&quot;,&quot;userid&quot;:&quot;y4EGNLRjrgtEjC6KVUVR&quot;,&quot;id&quot;:&quot;Me9eP0eoVuiizoQuqmUD&quot;},{&quot;accountno&quot;:&quot;90909090&quot;,&quot;departmentno&quot;:&quot;7&quot;,&quot;salary&quot;:&quot;9000&quot;,&quot;pincode&quot;:&quot;111111&quot;,&quot;userid&quot;:&quot;y4EGNLRjrgtEjC6KVUVR&quot;,&quot;id&quot;:&quot;savFRsyJV4x5S6fqdHHd&quot;},{&quot;accountno&quot;:&quot;10101010&quot;,&quot;departmentno&quot;:&quot;1&quot;,&quot;salary&quot;:&quot;10000&quot;,&quot;pincode&quot;:&quot;121212&quot;,&quot;userid&quot;:&quot;y4EGNLRjrgtEjC6KVUVR&quot;,&quot;id&quot;:&quot;KwXWpX1aKOiUVBECZ0ua&quot;},{&quot;accountno&quot;:&quot;12121212&quot;,&quot;departmentno&quot;:&quot;1&quot;,&quot;salary&quot;:&quot;10000&quot;,&quot;pincode&quot;:&quot;121212&quot;,&quot;userid&quot;:&quot;y4EGNLRjrgtEjC6KVUVR&quot;,&quot;id&quot;:&quot;oJruI90MvFNCk4YLBbp4&quot;},{&quot;accountno&quot;:&quot;48484848&quot;,&quot;departmentno&quot;:&quot;5&quot;,&quot;salary&quot;:&quot;2525&quot;,&quot;pincode&quot;:&quot;255255&quot;,&quot;userid&quot;:&quot;jK6TLwt6oIcYQmeujB2R&quot;,&quot;id&quot;:&quot;JPWOq04DwNG22Vvapsqw&quot;},{&quot;accountno&quot;:&quot;65726621&quot;,&quot;departmentno&quot;:&quot;6&quot;,&quot;salary&quot;:&quot;655512&quot;,&quot;pincode&quot;:&quot;100005&quot;,&quot;userid&quot;:&quot;VyzFzGdrldfutDmGHMRm&quot;,&quot;id&quot;:&quot;CEhU8oBvx18JnMvNjYtZ&quot;},{&quot;accountno&quot;:&quot;65726621&quot;,&quot;departmentno&quot;:&quot;6&quot;,&quot;salary&quot;:&quot;655512&quot;,&quot;pincode&quot;:&quot;100005&quot;,&quot;userid&quot;:&quot;VyzFzGdrldfutDmGHMRm&quot;,&quot;id&quot;:&quot;g5MDdPYsGFjiTzu6sCD2&quot;},{&quot;accountno&quot;:&quot;012345678&quot;,&quot;departmentno&quot;:&quot;7&quot;,&quot;salary&quot;:&quot;125512&quot;,&quot;pincode&quot;:&quot;100005&quot;,&quot;userid&quot;:&quot;TKd8CY7OebEXKuLypGxT&quot;,&quot;id&quot;:&quot;HSWzJr30JIRDLxNeXXlk&quot;},{&quot;accountno&quot;:&quot;55555555&quot;,&quot;departmentno&quot;:&quot;5&quot;,&quot;salary&quot;:&quot;125512&quot;,&quot;pincode&quot;:&quot;100005&quot;,&quot;userid&quot;:&quot;VyzFzGdrldfutDmGHMRm&quot;,&quot;id&quot;:&quot;RKLVtTI3gAeGsy565XGN&quot;},{&quot;accountno&quot;:&quot;11221122&quot;,&quot;departmentno&quot;:&quot;4&quot;,&quot;salary&quot;:&quot;12121212&quot;,&quot;pincode&quot;:&quot;543211&quot;,&quot;userid&quot;:&quot;uOeP1LqAOnF3DTNy7HRY&quot;,&quot;id&quot;:&quot;uY2udlEq9TwcoYYEIRW9&quot;},{&quot;accountno&quot;:&quot;12121219&quot;,&quot;departmentno&quot;:&quot;1&quot;,&quot;salary&quot;:&quot;121212&quot;,&quot;pincode&quot;:&quot;121219&quot;,&quot;userid&quot;:&quot;0i9ethfGZFRymdflhjue&quot;,&quot;id&quot;:&quot;sJt8zASjpABieWSGq9cv&quot;},{&quot;accountno&quot;:&quot;12121218&quot;,&quot;departmentno&quot;:&quot;1&quot;,&quot;salary&quot;:&quot;999999&quot;,&quot;pincode&quot;:&quot;121218&quot;,&quot;userid&quot;:&quot;0i9ethfGZFRymdflhjue&quot;,&quot;id&quot;:&quot;WL2JnyqS0EiiQKvGPjyl&quot;},{&quot;accountno&quot;:&quot;12121333&quot;,&quot;departmentno&quot;:&quot;1&quot;,&quot;salary&quot;:&quot;70000&quot;,&quot;pincode&quot;:&quot;121212&quot;,&quot;userid&quot;:&quot;y4EGNLRjrgtEjC6KVUVR&quot;,&quot;id&quot;:&quot;h3KX0DfGfeVOxOEcsQIv&quot;},{&quot;accountno&quot;:&quot;22233666&quot;,&quot;departmentno&quot;:&quot;9&quot;,&quot;salary&quot;:&quot;90000&quot;,&quot;pincode&quot;:&quot;996688&quot;,&quot;userid&quot;:&quot;tlgGgFrL4EhtaG1QsIC0&quot;,&quot;id&quot;:&quot;8kJj8X0Nr8ffiBDJLZ15&quot;},{&quot;accountno&quot;:&quot;22233666&quot;,&quot;departmentno&quot;:&quot;9&quot;,&quot;salary&quot;:&quot;90000&quot;,&quot;pincode&quot;:&quot;996688&quot;,&quot;userid&quot;:&quot;tlgGgFrL4EhtaG1QsIC0&quot;,&quot;id&quot;:&quot;FgIonDFszVEADl6nTHdi&quot;},{&quot;accountno&quot;:&quot;22233666&quot;,&quot;departmentno&quot;:&quot;9&quot;,&quot;salary&quot;:&quot;90000&quot;,&quot;pincode&quot;:&quot;996688&quot;,&quot;userid&quot;:&quot;tlgGgFrL4EhtaG1QsIC0&quot;,&quot;id&quot;:&quot;jcFqrruZpZ6nU9RCN4DI&quot;},{&quot;accountno&quot;:&quot;22233666&quot;,&quot;departmentno&quot;:&quot;9&quot;,&quot;salary&quot;:&quot;90000&quot;,&quot;pincode&quot;:&quot;996688&quot;,&quot;userid&quot;:&quot;y4EGNLRjrgtEjC6KVUVR&quot;,&quot;id&quot;:&quot;qdyu7QZQ2exf4D5afnvD&quot;},{&quot;accountno&quot;:&quot;12345678&quot;,&quot;departmentno&quot;:&quot;1&quot;,&quot;salary&quot;:&quot;1&quot;,&quot;pincode&quot;:&quot;123456&quot;,&quot;userid&quot;:&quot;g537KB9GfcGWqMrIlMPW&quot;,&quot;id&quot;:&quot;WV3vEN0wd4U3cyPa8aVD&quot;},{&quot;accountno&quot;:&quot;22233666&quot;,&quot;departmentno&quot;:&quot;9&quot;,&quot;salary&quot;:&quot;90000&quot;,&quot;pincode&quot;:&quot;996688&quot;,&quot;userid&quot;:&quot;tlgGgFrL4EhtaG1QsIC0&quot;,&quot;id&quot;:&quot;hNXwBoXj9IwPHTrMQnJo&quot;},{&quot;accountno&quot;:&quot;22233666&quot;,&quot;departmentno&quot;:&quot;9&quot;,&quot;salary&quot;:&quot;90000&quot;,&quot;pincode&quot;:&quot;996688&quot;,&quot;userid&quot;:&quot;tlgGgFrL4EhtaG1QsIC0&quot;,&quot;id&quot;:&quot;ZK6asc5Est8QTTVXyHb9&quot;},{&quot;accountno&quot;:&quot;22233666&quot;,&quot;departmentno&quot;:&quot;9&quot;,&quot;salary&quot;:&quot;90000&quot;,&quot;pincode&quot;:&quot;996688&quot;,&quot;userid&quot;:&quot;tlgGgFrL4EhtaG1QsIC0&quot;,&quot;id&quot;:&quot;i0bWPsNADe6DZUpAAPmb&quot;},{&quot;accountno&quot;:&quot;22233666&quot;,&quot;departmentno&quot;:&quot;9&quot;,&quot;salary&quot;:&quot;90000&quot;,&quot;pincode&quot;:&quot;996688&quot;,&quot;userid&quot;:&quot;y4EGNLRjrgtEjC6KVUVR&quot;,&quot;id&quot;:&quot;cGLDugEFfUvcReSsi81R&quot;},{&quot;accountno&quot;:&quot;12345678&quot;,&quot;departmentno&quot;:&quot;1&quot;,&quot;salary&quot;:&quot;1&quot;,&quot;pincode&quot;:&quot;123456&quot;,&quot;userid&quot;:&quot;g537KB9GfcGWqMrIlMPW&quot;,&quot;id&quot;:&quot;R39bHVGxeU1SeyXb59VK&quot;},{&quot;accountno&quot;:&quot;22233666&quot;,&quot;departmentno&quot;:&quot;9&quot;,&quot;salary&quot;:&quot;90000&quot;,&quot;pincode&quot;:&quot;996688&quot;,&quot;userid&quot;:&quot;tlgGgFrL4EhtaG1QsIC0&quot;,&quot;id&quot;:&quot;XcQ46vsnVVd3b1Pr7e67&quot;},{&quot;accountno&quot;:&quot;22233666&quot;,&quot;departmentno&quot;:&quot;9&quot;,&quot;salary&quot;:&quot;90000&quot;,&quot;pincode&quot;:&quot;996688&quot;,&quot;userid&quot;:&quot;tlgGgFrL4EhtaG1QsIC0&quot;,&quot;id&quot;:&quot;OPvRSot9NP7DKD3NtzAQ&quot;},{&quot;accountno&quot;:&quot;22233666&quot;,&quot;departmentno&quot;:&quot;9&quot;,&quot;salary&quot;:&quot;90000&quot;,&quot;pincode&quot;:&quot;996688&quot;,&quot;userid&quot;:&quot;tlgGgFrL4EhtaG1QsIC0&quot;,&quot;id&quot;:&quot;NRWgENToYpRCzk3zHG3O&quot;},{&quot;accountno&quot;:&quot;22233666&quot;,&quot;departmentno&quot;:&quot;9&quot;,&quot;salary&quot;:&quot;90000&quot;,&quot;pincode&quot;:&quot;996688&quot;,&quot;userid&quot;:&quot;y4EGNLRjrgtEjC6KVUVR&quot;,&quot;id&quot;:&quot;a4U1in7qtkrVRjHKwXbb&quot;},{&quot;accountno&quot;:&quot;11221121&quot;,&quot;departmentno&quot;:&quot;6&quot;,&quot;salary&quot;:&quot;12121212&quot;,&quot;pincode&quot;:&quot;543211&quot;,&quot;userid&quot;:&quot;uOeP1LqAOnF3DTNy7HRY&quot;,&quot;id&quot;:&quot;u0qiFtrbPsN7I3gXPrFv&quot;},{&quot;accountno&quot;:&quot;44444444&quot;,&quot;departmentno&quot;:&quot;4&quot;,&quot;salary&quot;:&quot;444444444&quot;,&quot;pincode&quot;:&quot;444444&quot;,&quot;userid&quot;:&quot;uOeP1LqAOnF3DTNy7HRY&quot;,&quot;id&quot;:&quot;AsZft58nSHXxwzlKfhIh&quot;},{&quot;accountno&quot;:&quot;33333333&quot;,&quot;departmentno&quot;:&quot;3&quot;,&quot;salary&quot;:&quot;33333333333&quot;,&quot;pincode&quot;:&quot;333333&quot;,&quot;userid&quot;:&quot;uOeP1LqAOnF3DTNy7HRY&quot;,&quot;id&quot;:&quot;4i3LTkKeIeAuw7cx7mrZ&quot;},{&quot;accountno&quot;:&quot;22222222&quot;,&quot;departmentno&quot;:&quot;2&quot;,&quot;salary&quot;:&quot;222222222&quot;,&quot;pincode&quot;:&quot;222222&quot;,&quot;userid&quot;:&quot;uOeP1LqAOnF3DTNy7HRY&quot;,&quot;id&quot;:&quot;D3qljas9L8dHrC1AFQ4s&quot;},{&quot;accountno&quot;:&quot;22233666&quot;,&quot;departmentno&quot;:&quot;9&quot;,&quot;salary&quot;:&quot;90000&quot;,&quot;pincode&quot;:&quot;996688&quot;,&quot;userid&quot;:&quot;tlgGgFrL4EhtaG1QsIC0&quot;,&quot;id&quot;:&quot;wPdUp18WVb11dvdWSVZW&quot;},{&quot;accountno&quot;:&quot;22233666&quot;,&quot;departmentno&quot;:&quot;9&quot;,&quot;salary&quot;:&quot;90000&quot;,&quot;pincode&quot;:&quot;996688&quot;,&quot;userid&quot;:&quot;tlgGgFrL4EhtaG1QsIC0&quot;,&quot;id&quot;:&quot;0oulMuZhLtnGJxO36c1d&quot;},{&quot;accountno&quot;:&quot;22233666&quot;,&quot;departmentno&quot;:&quot;9&quot;,&quot;salary&quot;:&quot;90000&quot;,&quot;pincode&quot;:&quot;996688&quot;,&quot;userid&quot;:&quot;tlgGgFrL4EhtaG1QsIC0&quot;,&quot;id&quot;:&quot;448sSIstlrmWvCjcKgDF&quot;},{&quot;accountno&quot;:&quot;22233666&quot;,&quot;departmentno&quot;:&quot;9&quot;,&quot;salary&quot;:&quot;90000&quot;,&quot;pincode&quot;:&quot;996688&quot;,&quot;userid&quot;:&quot;y4EGNLRjrgtEjC6KVUVR&quot;,&quot;id&quot;:&quot;p3UBQU7Qa3sRHsLKQ6yr&quot;},{&quot;accountno&quot;:&quot;22233666&quot;,&quot;departmentno&quot;:&quot;9&quot;,&quot;salary&quot;:&quot;90000&quot;,&quot;pincode&quot;:&quot;996688&quot;,&quot;userid&quot;:&quot;tlgGgFrL4EhtaG1QsIC0&quot;,&quot;id&quot;:&quot;Xo5ER1YrxWsTeau4vwbM&quot;},{&quot;accountno&quot;:&quot;22233666&quot;,&quot;departmentno&quot;:&quot;9&quot;,&quot;salary&quot;:&quot;90000&quot;,&quot;pincode&quot;:&quot;996688&quot;,&quot;userid&quot;:&quot;tlgGgFrL4EhtaG1QsIC0&quot;,&quot;id&quot;:&quot;jHjObCUu2jqT8R1LDh9T&quot;},{&quot;accountno&quot;:&quot;22233666&quot;,&quot;departmentno&quot;:&quot;9&quot;,&quot;salary&quot;:&quot;90000&quot;,&quot;pincode&quot;:&quot;996688&quot;,&quot;userid&quot;:&quot;tlgGgFrL4EhtaG1QsIC0&quot;,&quot;id&quot;:&quot;KTJRDLYwQtdU7aGOiI8G&quot;},{&quot;accountno&quot;:&quot;22233666&quot;,&quot;departmentno&quot;:&quot;9&quot;,&quot;salary&quot;:&quot;90000&quot;,&quot;pincode&quot;:&quot;996688&quot;,&quot;userid&quot;:&quot;y4EGNLRjrgtEjC6KVUVR&quot;,&quot;id&quot;:&quot;VTLCnKayPQ9bFVHizlA2&quot;},{&quot;accountno&quot;:&quot;22233666&quot;,&quot;departmentno&quot;:&quot;9&quot;,&quot;salary&quot;:&quot;90000&quot;,&quot;pincode&quot;:&quot;996688&quot;,&quot;userid&quot;:&quot;tlgGgFrL4EhtaG1QsIC0&quot;,&quot;id&quot;:&quot;iIueqi2yLtzoDe0bzwAx&quot;},{&quot;accountno&quot;:&quot;22233666&quot;,&quot;departmentno&quot;:&quot;9&quot;,&quot;salary&quot;:&quot;90000&quot;,&quot;pincode&quot;:&quot;996688&quot;,&quot;userid&quot;:&quot;tlgGgFrL4EhtaG1QsIC0&quot;,&quot;id&quot;:&quot;sMa1co1yEw7KHHQ3VNmx&quot;},{&quot;accountno&quot;:&quot;22233666&quot;,&quot;departmentno&quot;:&quot;9&quot;,&quot;salary&quot;:&quot;90000&quot;,&quot;pincode&quot;:&quot;996688&quot;,&quot;userid&quot;:&quot;tlgGgFrL4EhtaG1QsIC0&quot;,&quot;id&quot;:&quot;4jNo8ZOMLQA315pLy50Q&quot;},{&quot;accountno&quot;:&quot;22233666&quot;,&quot;departmentno&quot;:&quot;9&quot;,&quot;salary&quot;:&quot;90000&quot;,&quot;pincode&quot;:&quot;996688&quot;,&quot;userid&quot;:&quot;y4EGNLRjrgtEjC6KVUVR&quot;,&quot;id&quot;:&quot;xVQwVkP1P7Z07pKPHZGZ&quot;},{&quot;accountno&quot;:&quot;22233666&quot;,&quot;departmentno&quot;:&quot;9&quot;,&quot;salary&quot;:&quot;90000&quot;,&quot;pincode&quot;:&quot;996688&quot;,&quot;userid&quot;:&quot;tlgGgFrL4EhtaG1QsIC0&quot;,&quot;id&quot;:&quot;Hf9Ghpk4LuJCksbv6zgl&quot;},{&quot;accountno&quot;:&quot;22233666&quot;,&quot;departmentno&quot;:&quot;9&quot;,&quot;salary&quot;:&quot;90000&quot;,&quot;pincode&quot;:&quot;996688&quot;,&quot;userid&quot;:&quot;tlgGgFrL4EhtaG1QsIC0&quot;,&quot;id&quot;:&quot;oshKoQeu9uiCCsOFKp5F&quot;},{&quot;accountno&quot;:&quot;22233666&quot;,&quot;departmentno&quot;:&quot;9&quot;,&quot;salary&quot;:&quot;90000&quot;,&quot;pincode&quot;:&quot;996688&quot;,&quot;userid&quot;:&quot;tlgGgFrL4EhtaG1QsIC0&quot;,&quot;id&quot;:&quot;EWl3yFXZVAUU9N2SxR4r&quot;},{&quot;accountno&quot;:&quot;22233666&quot;,&quot;departmentno&quot;:&quot;9&quot;,&quot;salary&quot;:&quot;90000&quot;,&quot;pincode&quot;:&quot;996688&quot;,&quot;userid&quot;:&quot;y4EGNLRjrgtEjC6KVUVR&quot;,&quot;id&quot;:&quot;OJvvCbmETeinoYeOeJSc&quot;},{&quot;accountno&quot;:&quot;91919191&quot;,&quot;departmentno&quot;:&quot;9&quot;,&quot;salary&quot;:&quot;91919&quot;,&quot;pincode&quot;:&quot;121212&quot;,&quot;userid&quot;:&quot;y4EGNLRjrgtEjC6KVUVR&quot;,&quot;id&quot;:&quot;HdKKQrDSOTQB2X2DGGe0&quot;},{&quot;accountno&quot;:&quot;22233666&quot;,&quot;departmentno&quot;:&quot;9&quot;,&quot;salary&quot;:&quot;90000&quot;,&quot;pincode&quot;:&quot;996688&quot;,&quot;userid&quot;:&quot;tlgGgFrL4EhtaG1QsIC0&quot;,&quot;id&quot;:&quot;XP7BdJZ65o41WDxGc7Sv&quot;},{&quot;accountno&quot;:&quot;22233666&quot;,&quot;departmentno&quot;:&quot;9&quot;,&quot;salary&quot;:&quot;90000&quot;,&quot;pincode&quot;:&quot;996688&quot;,&quot;userid&quot;:&quot;tlgGgFrL4EhtaG1QsIC0&quot;,&quot;id&quot;:&quot;WHMRrrVvo9XsBpikzMoH&quot;},{&quot;accountno&quot;:&quot;22233666&quot;,&quot;departmentno&quot;:&quot;9&quot;,&quot;salary&quot;:&quot;90000&quot;,&quot;pincode&quot;:&quot;996688&quot;,&quot;userid&quot;:&quot;tlgGgFrL4EhtaG1QsIC0&quot;,&quot;id&quot;:&quot;xu5gCRYVeob0tfgC2ITR&quot;},{&quot;accountno&quot;:&quot;22233666&quot;,&quot;departmentno&quot;:&quot;9&quot;,&quot;salary&quot;:&quot;90000&quot;,&quot;pincode&quot;:&quot;996688&quot;,&quot;userid&quot;:&quot;y4EGNLRjrgtEjC6KVUVR&quot;,&quot;id&quot;:&quot;aZfIXRzBBftnRBD3kCvw&quot;},{&quot;accountno&quot;:&quot;91919191&quot;,&quot;departmentno&quot;:&quot;9&quot;,&quot;salary&quot;:&quot;91919&quot;,&quot;pincode&quot;:&quot;121212&quot;,&quot;userid&quot;:&quot;y4EGNLRjrgtEjC6KVUVR&quot;,&quot;id&quot;:&quot;1YAsyh2BgWa8bfXW1Jh8&quot;},{&quot;accountno&quot;:&quot;91919191&quot;,&quot;departmentno&quot;:&quot;9&quot;,&quot;salary&quot;:&quot;91919&quot;,&quot;pincode&quot;:&quot;121212&quot;,&quot;userid&quot;:&quot;y4EGNLRjrgtEjC6KVUVR&quot;,&quot;id&quot;:&quot;iifWDi02RyLeSboFf82W&quot;},{&quot;accountno&quot;:&quot;91919191&quot;,&quot;departmentno&quot;:&quot;9&quot;,&quot;salary&quot;:&quot;91919&quot;,&quot;pincode&quot;:&quot;121212&quot;,&quot;userid&quot;:&quot;y4EGNLRjrgtEjC6KVUVR&quot;,&quot;id&quot;:&quot;itKnGA57i340H9HunjLg&quot;},{&quot;accountno&quot;:&quot;91919191&quot;,&quot;departmentno&quot;:&quot;9&quot;,&quot;salary&quot;:&quot;91919&quot;,&quot;pincode&quot;:&quot;121212&quot;,&quot;userid&quot;:&quot;y4EGNLRjrgtEjC6KVUVR&quot;,&quot;id&quot;:&quot;3exWV9pEEKRrIVGqCpM1&quot;},{&quot;accountno&quot;:&quot;91919191&quot;,&quot;departmentno&quot;:&quot;9&quot;,&quot;salary&quot;:&quot;91919&quot;,&quot;pincode&quot;:&quot;121212&quot;,&quot;userid&quot;:&quot;y4EGNLRjrgtEjC6KVUVR&quot;,&quot;id&quot;:&quot;mGJefnzWwLL0SUkTOYyK&quot;},{&quot;accountno&quot;:&quot;48484848&quot;,&quot;departmentno&quot;:&quot;5&quot;,&quot;salary&quot;:&quot;2525&quot;,&quot;pincode&quot;:&quot;255255&quot;,&quot;userid&quot;:&quot;jK6TLwt6oIcYQmeujB2R&quot;,&quot;id&quot;:&quot;ZeeRliFAbhUqUGCY51T3&quot;},{&quot;accountno&quot;:&quot;48484848&quot;,&quot;departmentno&quot;:&quot;5&quot;,&quot;salary&quot;:&quot;2525&quot;,&quot;pincode&quot;:&quot;255255&quot;,&quot;userid&quot;:&quot;jK6TLwt6oIcYQmeujB2R&quot;,&quot;id&quot;:&quot;NwqZWlpXoXnfNT7z6V7z&quot;},{&quot;accountno&quot;:&quot;22233666&quot;,&quot;departmentno&quot;:&quot;9&quot;,&quot;salary&quot;:&quot;90000&quot;,&quot;pincode&quot;:&quot;996688&quot;,&quot;userid&quot;:&quot;tlgGgFrL4EhtaG1QsIC0&quot;,&quot;id&quot;:&quot;OHuUR11bBNVRo128O7FL&quot;},{&quot;accountno&quot;:&quot;22233666&quot;,&quot;departmentno&quot;:&quot;9&quot;,&quot;salary&quot;:&quot;90000&quot;,&quot;pincode&quot;:&quot;996688&quot;,&quot;userid&quot;:&quot;tlgGgFrL4EhtaG1QsIC0&quot;,&quot;id&quot;:&quot;j3BPk4bzVTMNKjJvzt14&quot;},{&quot;accountno&quot;:&quot;22233666&quot;,&quot;departmentno&quot;:&quot;9&quot;,&quot;salary&quot;:&quot;90000&quot;,&quot;pincode&quot;:&quot;996688&quot;,&quot;userid&quot;:&quot;tlgGgFrL4EhtaG1QsIC0&quot;,&quot;id&quot;:&quot;quF9nTPZZKRFgZKb1myN&quot;},{&quot;accountno&quot;:&quot;22233666&quot;,&quot;departmentno&quot;:&quot;9&quot;,&quot;salary&quot;:&quot;90000&quot;,&quot;pincode&quot;:&quot;996688&quot;,&quot;userid&quot;:&quot;y4EGNLRjrgtEjC6KVUVR&quot;,&quot;id&quot;:&quot;f3EDO49NlHj78qASp66b&quot;},{&quot;accountno&quot;:&quot;48484848&quot;,&quot;departmentno&quot;:&quot;5&quot;,&quot;salary&quot;:&quot;2525&quot;,&quot;pincode&quot;:&quot;255255&quot;,&quot;userid&quot;:&quot;jK6TLwt6oIcYQmeujB2R&quot;,&quot;id&quot;:&quot;RMUhe4yfx0aZV7cEURU8&quot;},{&quot;accountno&quot;:&quot;22233666&quot;,&quot;departmentno&quot;:&quot;9&quot;,&quot;salary&quot;:&quot;90000&quot;,&quot;pincode&quot;:&quot;996688&quot;,&quot;userid&quot;:&quot;tlgGgFrL4EhtaG1QsIC0&quot;,&quot;id&quot;:&quot;nAmo9gQZFOp2oZf3adzL&quot;},{&quot;accountno&quot;:&quot;22233666&quot;,&quot;departmentno&quot;:&quot;9&quot;,&quot;salary&quot;:&quot;90000&quot;,&quot;pincode&quot;:&quot;996688&quot;,&quot;userid&quot;:&quot;tlgGgFrL4EhtaG1QsIC0&quot;,&quot;id&quot;:&quot;SzzO1SK4ytDOFCKdVPij&quot;},{&quot;accountno&quot;:&quot;22233666&quot;,&quot;departmentno&quot;:&quot;9&quot;,&quot;salary&quot;:&quot;90000&quot;,&quot;pincode&quot;:&quot;996688&quot;,&quot;userid&quot;:&quot;tlgGgFrL4EhtaG1QsIC0&quot;,&quot;id&quot;:&quot;EIAzq6z5lxogZtGOwczC&quot;},{&quot;accountno&quot;:&quot;22233666&quot;,&quot;departmentno&quot;:&quot;9&quot;,&quot;salary&quot;:&quot;90000&quot;,&quot;pincode&quot;:&quot;996688&quot;,&quot;userid&quot;:&quot;y4EGNLRjrgtEjC6KVUVR&quot;,&quot;id&quot;:&quot;dj5HZGtTwrGDuYqSG0ZC&quot;},{&quot;accountno&quot;:&quot;22233666&quot;,&quot;departmentno&quot;:&quot;9&quot;,&quot;salary&quot;:&quot;90000&quot;,&quot;pincode&quot;:&quot;996688&quot;,&quot;userid&quot;:&quot;tlgGgFrL4EhtaG1QsIC0&quot;,&quot;id&quot;:&quot;UfKpyJ2Et84zEVO7hjed&quot;},{&quot;accountno&quot;:&quot;22233666&quot;,&quot;departmentno&quot;:&quot;9&quot;,&quot;salary&quot;:&quot;90000&quot;,&quot;pincode&quot;:&quot;996688&quot;,&quot;userid&quot;:&quot;tlgGgFrL4EhtaG1QsIC0&quot;,&quot;id&quot;:&quot;SVq6dLiLrjl5p08AZF20&quot;},{&quot;accountno&quot;:&quot;22233666&quot;,&quot;departmentno&quot;:&quot;9&quot;,&quot;salary&quot;:&quot;90000&quot;,&quot;pincode&quot;:&quot;996688&quot;,&quot;userid&quot;:&quot;tlgGgFrL4EhtaG1QsIC0&quot;,&quot;id&quot;:&quot;okEtkdlH45JqYR1A72KR&quot;},{&quot;accountno&quot;:&quot;22233666&quot;,&quot;departmentno&quot;:&quot;9&quot;,&quot;salary&quot;:&quot;90000&quot;,&quot;pincode&quot;:&quot;996688&quot;,&quot;userid&quot;:&quot;y4EGNLRjrgtEjC6KVUVR&quot;,&quot;id&quot;:&quot;2lYrtfTyLSiLl9kZaAV0&quot;},{&quot;accountno&quot;:&quot;22233666&quot;,&quot;departmentno&quot;:&quot;9&quot;,&quot;salary&quot;:&quot;90000&quot;,&quot;pincode&quot;:&quot;996688&quot;,&quot;userid&quot;:&quot;tlgGgFrL4EhtaG1QsIC0&quot;,&quot;id&quot;:&quot;SNDgw5ssINzQLWrNXrTc&quot;},{&quot;accountno&quot;:&quot;22233666&quot;,&quot;departmentno&quot;:&quot;9&quot;,&quot;salary&quot;:&quot;90000&quot;,&quot;pincode&quot;:&quot;996688&quot;,&quot;userid&quot;:&quot;tlgGgFrL4EhtaG1QsIC0&quot;,&quot;id&quot;:&quot;kJ5ugJOleYdXnyFzBDgj&quot;},{&quot;accountno&quot;:&quot;22233666&quot;,&quot;departmentno&quot;:&quot;9&quot;,&quot;salary&quot;:&quot;90000&quot;,&quot;pincode&quot;:&quot;996688&quot;,&quot;userid&quot;:&quot;tlgGgFrL4EhtaG1QsIC0&quot;,&quot;id&quot;:&quot;MRxHzFOP3LoS62lJEbP3&quot;},{&quot;accountno&quot;:&quot;22233666&quot;,&quot;departmentno&quot;:&quot;9&quot;,&quot;salary&quot;:&quot;90000&quot;,&quot;pincode&quot;:&quot;996688&quot;,&quot;userid&quot;:&quot;y4EGNLRjrgtEjC6KVUVR&quot;,&quot;id&quot;:&quot;eY2fjXtEh807ZGOc46Rh&quot;},{&quot;accountno&quot;:&quot;48484848&quot;,&quot;departmentno&quot;:&quot;5&quot;,&quot;salary&quot;:&quot;2525&quot;,&quot;pincode&quot;:&quot;255255&quot;,&quot;userid&quot;:&quot;jK6TLwt6oIcYQmeujB2R&quot;,&quot;id&quot;:&quot;pfVRHM2iBnmfghkVsiOE&quot;},{&quot;accountno&quot;:&quot;22233666&quot;,&quot;departmentno&quot;:&quot;9&quot;,&quot;salary&quot;:&quot;90000&quot;,&quot;pincode&quot;:&quot;996688&quot;,&quot;userid&quot;:&quot;tlgGgFrL4EhtaG1QsIC0&quot;,&quot;id&quot;:&quot;VOBlEdqYsEhJCeFCKyj0&quot;},{&quot;accountno&quot;:&quot;22233666&quot;,&quot;departmentno&quot;:&quot;9&quot;,&quot;salary&quot;:&quot;90000&quot;,&quot;pincode&quot;:&quot;996688&quot;,&quot;userid&quot;:&quot;tlgGgFrL4EhtaG1QsIC0&quot;,&quot;id&quot;:&quot;ynSDML2zD8YwSg7x0Hyt&quot;},{&quot;accountno&quot;:&quot;22233666&quot;,&quot;departmentno&quot;:&quot;9&quot;,&quot;salary&quot;:&quot;90000&quot;,&quot;pincode&quot;:&quot;996688&quot;,&quot;userid&quot;:&quot;tlgGgFrL4EhtaG1QsIC0&quot;,&quot;id&quot;:&quot;quhiDJubaFj0Bodiw53A&quot;},{&quot;accountno&quot;:&quot;22233666&quot;,&quot;departmentno&quot;:&quot;9&quot;,&quot;salary&quot;:&quot;90000&quot;,&quot;pincode&quot;:&quot;996688&quot;,&quot;userid&quot;:&quot;y4EGNLRjrgtEjC6KVUVR&quot;,&quot;id&quot;:&quot;jt9adM2ExgcZAJubVA8S&quot;},{&quot;accountno&quot;:&quot;22233666&quot;,&quot;departmentno&quot;:&quot;9&quot;,&quot;salary&quot;:&quot;90000&quot;,&quot;pincode&quot;:&quot;996688&quot;,&quot;userid&quot;:&quot;tlgGgFrL4EhtaG1QsIC0&quot;,&quot;id&quot;:&quot;qTyvQ8fLciXQI6UMSkk9&quot;},{&quot;accountno&quot;:&quot;22233666&quot;,&quot;departmentno&quot;:&quot;9&quot;,&quot;salary&quot;:&quot;90000&quot;,&quot;pincode&quot;:&quot;996688&quot;,&quot;userid&quot;:&quot;tlgGgFrL4EhtaG1QsIC0&quot;,&quot;id&quot;:&quot;fppNDJXhBafOhOBummZS&quot;},{&quot;accountno&quot;:&quot;22233666&quot;,&quot;departmentno&quot;:&quot;9&quot;,&quot;salary&quot;:&quot;90000&quot;,&quot;pincode&quot;:&quot;996688&quot;,&quot;userid&quot;:&quot;tlgGgFrL4EhtaG1QsIC0&quot;,&quot;id&quot;:&quot;XbNbotHK6l8OqXnJOyhQ&quot;},{&quot;accountno&quot;:&quot;22233666&quot;,&quot;departmentno&quot;:&quot;9&quot;,&quot;salary&quot;:&quot;90000&quot;,&quot;pincode&quot;:&quot;996688&quot;,&quot;userid&quot;:&quot;y4EGNLRjrgtEjC6KVUVR&quot;,&quot;id&quot;:&quot;xUCdnqrPdEdZH3IjelVs&quot;},{&quot;accountno&quot;:&quot;48484848&quot;,&quot;departmentno&quot;:&quot;5&quot;,&quot;salary&quot;:&quot;2525&quot;,&quot;pincode&quot;:&quot;255255&quot;,&quot;userid&quot;:&quot;jK6TLwt6oIcYQmeujB2R&quot;,&quot;id&quot;:&quot;amAFToDBp0ofwj3hXzoN&quot;},{&quot;accountno&quot;:&quot;48484848&quot;,&quot;departmentno&quot;:&quot;5&quot;,&quot;salary&quot;:&quot;2525&quot;,&quot;pincode&quot;:&quot;255255&quot;,&quot;userid&quot;:&quot;jK6TLwt6oIcYQmeujB2R&quot;,&quot;id&quot;:&quot;2N1SCBfbkglOKLx8X8ge&quot;},{&quot;accountno&quot;:&quot;22233666&quot;,&quot;departmentno&quot;:&quot;9&quot;,&quot;salary&quot;:&quot;90000&quot;,&quot;pincode&quot;:&quot;996688&quot;,&quot;userid&quot;:&quot;tlgGgFrL4EhtaG1QsIC0&quot;,&quot;id&quot;:&quot;LGNItIVBJjYv1lOUpvsY&quot;},{&quot;accountno&quot;:&quot;22233666&quot;,&quot;departmentno&quot;:&quot;9&quot;,&quot;salary&quot;:&quot;90000&quot;,&quot;pincode&quot;:&quot;996688&quot;,&quot;userid&quot;:&quot;tlgGgFrL4EhtaG1QsIC0&quot;,&quot;id&quot;:&quot;x9l61GKohIHahRSB6vCo&quot;},{&quot;accountno&quot;:&quot;22233666&quot;,&quot;departmentno&quot;:&quot;9&quot;,&quot;salary&quot;:&quot;90000&quot;,&quot;pincode&quot;:&quot;996688&quot;,&quot;userid&quot;:&quot;tlgGgFrL4EhtaG1QsIC0&quot;,&quot;id&quot;:&quot;rUGVxyy8DPCE981InWRa&quot;},{&quot;accountno&quot;:&quot;22233666&quot;,&quot;departmentno&quot;:&quot;9&quot;,&quot;salary&quot;:&quot;90000&quot;,&quot;pincode&quot;:&quot;996688&quot;,&quot;userid&quot;:&quot;y4EGNLRjrgtEjC6KVUVR&quot;,&quot;id&quot;:&quot;U7yTwjPCV9mA5QFiDLjs&quot;},{&quot;accountno&quot;:&quot;48484848&quot;,&quot;departmentno&quot;:&quot;5&quot;,&quot;salary&quot;:&quot;2525&quot;,&quot;pincode&quot;:&quot;255255&quot;,&quot;userid&quot;:&quot;jK6TLwt6oIcYQmeujB2R&quot;,&quot;id&quot;:&quot;LWiV6Eu2o6JcclLdwzhO&quot;},{&quot;accountno&quot;:&quot;38383838&quot;,&quot;departmentno&quot;:&quot;5&quot;,&quot;salary&quot;:&quot;2525&quot;,&quot;pincode&quot;:&quot;255255&quot;,&quot;userid&quot;:&quot;jK6TLwt6oIcYQmeujB2R&quot;,&quot;id&quot;:&quot;Y4LWemwwzyRHEQbPTINX&quot;},{&quot;accountno&quot;:&quot;22233666&quot;,&quot;departmentno&quot;:&quot;9&quot;,&quot;salary&quot;:&quot;90000&quot;,&quot;pincode&quot;:&quot;996688&quot;,&quot;userid&quot;:&quot;tlgGgFrL4EhtaG1QsIC0&quot;,&quot;id&quot;:&quot;1PV1tB7Ufn7RTU6Rkdbf&quot;},{&quot;accountno&quot;:&quot;22233666&quot;,&quot;departmentno&quot;:&quot;9&quot;,&quot;salary&quot;:&quot;90000&quot;,&quot;pincode&quot;:&quot;996688&quot;,&quot;userid&quot;:&quot;tlgGgFrL4EhtaG1QsIC0&quot;,&quot;id&quot;:&quot;66f0VKL3cfB6nbMIYNKX&quot;},{&quot;accountno&quot;:&quot;22233666&quot;,&quot;departmentno&quot;:&quot;9&quot;,&quot;salary&quot;:&quot;90000&quot;,&quot;pincode&quot;:&quot;996688&quot;,&quot;userid&quot;:&quot;tlgGgFrL4EhtaG1QsIC0&quot;,&quot;id&quot;:&quot;dxOHu7yw24144q0WdEe9&quot;},{&quot;accountno&quot;:&quot;22233666&quot;,&quot;departmentno&quot;:&quot;9&quot;,&quot;salary&quot;:&quot;90000&quot;,&quot;pincode&quot;:&quot;996688&quot;,&quot;userid&quot;:&quot;y4EGNLRjrgtEjC6KVUVR&quot;,&quot;id&quot;:&quot;wSw2ea52f8ycuivLJybJ&quot;},{&quot;accountno&quot;:&quot;87654321&quot;,&quot;departmentno&quot;:&quot;0&quot;,&quot;salary&quot;:&quot;1230&quot;,&quot;pincode&quot;:&quot;654321&quot;,&quot;userid&quot;:&quot;jK6TLwt6oIcYQmeujB2R&quot;,&quot;id&quot;:&quot;Fj6FGwQMQOOVX4V4pgxl&quot;},{&quot;accountno&quot;:&quot;22233666&quot;,&quot;departmentno&quot;:&quot;9&quot;,&quot;salary&quot;:&quot;90000&quot;,&quot;pincode&quot;:&quot;996688&quot;,&quot;userid&quot;:&quot;tlgGgFrL4EhtaG1QsIC0&quot;,&quot;id&quot;:&quot;AZHQFMpOi86ZuJFQp4Ga&quot;},{&quot;accountno&quot;:&quot;22233666&quot;,&quot;departmentno&quot;:&quot;9&quot;,&quot;salary&quot;:&quot;90000&quot;,&quot;pincode&quot;:&quot;996688&quot;,&quot;userid&quot;:&quot;tlgGgFrL4EhtaG1QsIC0&quot;,&quot;id&quot;:&quot;XkYdyYmAs0flVwgcqBLP&quot;},{&quot;accountno&quot;:&quot;22233666&quot;,&quot;departmentno&quot;:&quot;9&quot;,&quot;salary&quot;:&quot;90000&quot;,&quot;pincode&quot;:&quot;996688&quot;,&quot;userid&quot;:&quot;tlgGgFrL4EhtaG1QsIC0&quot;,&quot;id&quot;:&quot;7z8ISgK1MbV4PYu0TX9c&quot;},{&quot;accountno&quot;:&quot;22233666&quot;,&quot;departmentno&quot;:&quot;9&quot;,&quot;salary&quot;:&quot;90000&quot;,&quot;pincode&quot;:&quot;996688&quot;,&quot;userid&quot;:&quot;y4EGNLRjrgtEjC6KVUVR&quot;,&quot;id&quot;:&quot;uQigzrFKdeNF2O0wNKdR&quot;},{&quot;accountno&quot;:&quot;57575757&quot;,&quot;departmentno&quot;:&quot;5&quot;,&quot;salary&quot;:&quot;2525&quot;,&quot;pincode&quot;:&quot;255255&quot;,&quot;userid&quot;:&quot;jK6TLwt6oIcYQmeujB2R&quot;,&quot;id&quot;:&quot;tKZdKrpAakvn2r3XTizj&quot;},{&quot;accountno&quot;:&quot;52525252&quot;,&quot;departmentno&quot;:&quot;5&quot;,&quot;salary&quot;:&quot;2525&quot;,&quot;pincode&quot;:&quot;255255&quot;,&quot;userid&quot;:&quot;jK6TLwt6oIcYQmeujB2R&quot;,&quot;id&quot;:&quot;Ms6YBb1lCjhSsZ2Y0byj&quot;},{&quot;accountno&quot;:&quot;22233666&quot;,&quot;departmentno&quot;:&quot;9&quot;,&quot;salary&quot;:&quot;90000&quot;,&quot;pincode&quot;:&quot;996688&quot;,&quot;userid&quot;:&quot;tlgGgFrL4EhtaG1QsIC0&quot;,&quot;id&quot;:&quot;zOJASpGJd3MBkO44ISYL&quot;},{&quot;accountno&quot;:&quot;22233666&quot;,&quot;departmentno&quot;:&quot;9&quot;,&quot;salary&quot;:&quot;90000&quot;,&quot;pincode&quot;:&quot;996688&quot;,&quot;userid&quot;:&quot;tlgGgFrL4EhtaG1QsIC0&quot;,&quot;id&quot;:&quot;CYNDdP7CBX1tZx8Q0cLp&quot;},{&quot;accountno&quot;:&quot;22233666&quot;,&quot;departmentno&quot;:&quot;9&quot;,&quot;salary&quot;:&quot;90000&quot;,&quot;pincode&quot;:&quot;996688&quot;,&quot;userid&quot;:&quot;tlgGgFrL4EhtaG1QsIC0&quot;,&quot;id&quot;:&quot;QgVR1YDChEEVpqeg7Uey&quot;},{&quot;accountno&quot;:&quot;22233666&quot;,&quot;departmentno&quot;:&quot;9&quot;,&quot;salary&quot;:&quot;90000&quot;,&quot;pincode&quot;:&quot;996688&quot;,&quot;userid&quot;:&quot;y4EGNLRjrgtEjC6KVUVR&quot;,&quot;id&quot;:&quot;8JfvQ0lmxyojYKWguepO&quot;},{&quot;accountno&quot;:&quot;22233666&quot;,&quot;departmentno&quot;:&quot;9&quot;,&quot;salary&quot;:&quot;90000&quot;,&quot;pincode&quot;:&quot;996688&quot;,&quot;userid&quot;:&quot;tlgGgFrL4EhtaG1QsIC0&quot;,&quot;id&quot;:&quot;JU2EtMZ7VQgRFsj8Lcui&quot;},{&quot;accountno&quot;:&quot;22233666&quot;,&quot;departmentno&quot;:&quot;9&quot;,&quot;salary&quot;:&quot;90000&quot;,&quot;pincode&quot;:&quot;996688&quot;,&quot;userid&quot;:&quot;tlgGgFrL4EhtaG1QsIC0&quot;,&quot;id&quot;:&quot;mUbMOuqFUXX3Cg95eQlH&quot;},{&quot;accountno&quot;:&quot;22233666&quot;,&quot;departmentno&quot;:&quot;9&quot;,&quot;salary&quot;:&quot;90000&quot;,&quot;pincode&quot;:&quot;996688&quot;,&quot;userid&quot;:&quot;tlgGgFrL4EhtaG1QsIC0&quot;,&quot;id&quot;:&quot;4aFQDJKFNt8v9qtMTjj0&quot;},{&quot;accountno&quot;:&quot;22233666&quot;,&quot;departmentno&quot;:&quot;9&quot;,&quot;salary&quot;:&quot;90000&quot;,&quot;pincode&quot;:&quot;996688&quot;,&quot;userid&quot;:&quot;y4EGNLRjrgtEjC6KVUVR&quot;,&quot;id&quot;:&quot;hsr9QA7UNkgdGnGgzYeO&quot;},{&quot;accountno&quot;:&quot;22233666&quot;,&quot;departmentno&quot;:&quot;9&quot;,&quot;salary&quot;:&quot;90000&quot;,&quot;pincode&quot;:&quot;996688&quot;,&quot;userid&quot;:&quot;tlgGgFrL4EhtaG1QsIC0&quot;,&quot;id&quot;:&quot;AX8hOt8DKgWNTsPN2l4d&quot;},{&quot;accountno&quot;:&quot;22233666&quot;,&quot;departmentno&quot;:&quot;9&quot;,&quot;salary&quot;:&quot;90000&quot;,&quot;pincode&quot;:&quot;996688&quot;,&quot;userid&quot;:&quot;tlgGgFrL4EhtaG1QsIC0&quot;,&quot;id&quot;:&quot;jvzPApjOl6KsDNSrICWl&quot;},{&quot;accountno&quot;:&quot;22233666&quot;,&quot;departmentno&quot;:&quot;9&quot;,&quot;salary&quot;:&quot;90000&quot;,&quot;pincode&quot;:&quot;996688&quot;,&quot;userid&quot;:&quot;tlgGgFrL4EhtaG1QsIC0&quot;,&quot;id&quot;:&quot;Qsi4lNdXDzZcViOkzAUw&quot;},{&quot;accountno&quot;:&quot;22233666&quot;,&quot;departmentno&quot;:&quot;9&quot;,&quot;salary&quot;:&quot;90000&quot;,&quot;pincode&quot;:&quot;996688&quot;,&quot;userid&quot;:&quot;y4EGNLRjrgtEjC6KVUVR&quot;,&quot;id&quot;:&quot;qyF8rSzYc2LPWnnq93vF&quot;},{&quot;accountno&quot;:&quot;22233666&quot;,&quot;departmentno&quot;:&quot;9&quot;,&quot;salary&quot;:&quot;90000&quot;,&quot;pincode&quot;:&quot;996688&quot;,&quot;userid&quot;:&quot;tlgGgFrL4EhtaG1QsIC0&quot;,&quot;id&quot;:&quot;t8MSvEUx4zBIsLhoAU7i&quot;},{&quot;accountno&quot;:&quot;22233666&quot;,&quot;departmentno&quot;:&quot;9&quot;,&quot;salary&quot;:&quot;90000&quot;,&quot;pincode&quot;:&quot;996688&quot;,&quot;userid&quot;:&quot;tlgGgFrL4EhtaG1QsIC0&quot;,&quot;id&quot;:&quot;nhLQz7Khv10KtZmSp1qZ&quot;},{&quot;accountno&quot;:&quot;22233666&quot;,&quot;departmentno&quot;:&quot;9&quot;,&quot;salary&quot;:&quot;90000&quot;,&quot;pincode&quot;:&quot;996688&quot;,&quot;userid&quot;:&quot;tlgGgFrL4EhtaG1QsIC0&quot;,&quot;id&quot;:&quot;pRRt6nVbLPGhAb782STL&quot;},{&quot;accountno&quot;:&quot;22233666&quot;,&quot;departmentno&quot;:&quot;9&quot;,&quot;salary&quot;:&quot;90000&quot;,&quot;pincode&quot;:&quot;996688&quot;,&quot;userid&quot;:&quot;y4EGNLRjrgtEjC6KVUVR&quot;,&quot;id&quot;:&quot;dzUA8FWBf8XG0ibiXvSB&quot;},{&quot;accountno&quot;:&quot;22233666&quot;,&quot;departmentno&quot;:&quot;9&quot;,&quot;salary&quot;:&quot;90000&quot;,&quot;pincode&quot;:&quot;996688&quot;,&quot;userid&quot;:&quot;tlgGgFrL4EhtaG1QsIC0&quot;,&quot;id&quot;:&quot;LfwsZeFtyomKNqZQEe15&quot;},{&quot;accountno&quot;:&quot;22233666&quot;,&quot;departmentno&quot;:&quot;9&quot;,&quot;salary&quot;:&quot;90000&quot;,&quot;pincode&quot;:&quot;996688&quot;,&quot;userid&quot;:&quot;tlgGgFrL4EhtaG1QsIC0&quot;,&quot;id&quot;:&quot;ILyKwWG5aOB9CatOxgd3&quot;},{&quot;accountno&quot;:&quot;22233666&quot;,&quot;departmentno&quot;:&quot;9&quot;,&quot;salary&quot;:&quot;90000&quot;,&quot;pincode&quot;:&quot;996688&quot;,&quot;userid&quot;:&quot;tlgGgFrL4EhtaG1QsIC0&quot;,&quot;id&quot;:&quot;yI69B7BeXVnsEjcp9s7V&quot;},{&quot;accountno&quot;:&quot;22233666&quot;,&quot;departmentno&quot;:&quot;9&quot;,&quot;salary&quot;:&quot;90000&quot;,&quot;pincode&quot;:&quot;996688&quot;,&quot;userid&quot;:&quot;y4EGNLRjrgtEjC6KVUVR&quot;,&quot;id&quot;:&quot;r1HXbH8ZyFkOA33iYxwv&quot;},{&quot;accountno&quot;:&quot;22233666&quot;,&quot;departmentno&quot;:&quot;9&quot;,&quot;salary&quot;:&quot;90000&quot;,&quot;pincode&quot;:&quot;996688&quot;,&quot;userid&quot;:&quot;tlgGgFrL4EhtaG1QsIC0&quot;,&quot;id&quot;:&quot;zp5lDBu53NGWcDg80qAQ&quot;},{&quot;accountno&quot;:&quot;22233666&quot;,&quot;departmentno&quot;:&quot;9&quot;,&quot;salary&quot;:&quot;90000&quot;,&quot;pincode&quot;:&quot;996688&quot;,&quot;userid&quot;:&quot;tlgGgFrL4EhtaG1QsIC0&quot;,&quot;id&quot;:&quot;DpLblPTg7qslHm9BXyAG&quot;},{&quot;accountno&quot;:&quot;22233666&quot;,&quot;departmentno&quot;:&quot;9&quot;,&quot;salary&quot;:&quot;90000&quot;,&quot;pincode&quot;:&quot;996688&quot;,&quot;userid&quot;:&quot;tlgGgFrL4EhtaG1QsIC0&quot;,&quot;id&quot;:&quot;csYHyqhwR4W4Ky1501lI&quot;},{&quot;accountno&quot;:&quot;22233666&quot;,&quot;departmentno&quot;:&quot;9&quot;,&quot;salary&quot;:&quot;90000&quot;,&quot;pincode&quot;:&quot;996688&quot;,&quot;userid&quot;:&quot;y4EGNLRjrgtEjC6KVUVR&quot;,&quot;id&quot;:&quot;9mHn3jLkh9wVjxAn7CGu&quot;},{&quot;accountno&quot;:&quot;22233666&quot;,&quot;departmentno&quot;:&quot;9&quot;,&quot;salary&quot;:&quot;90000&quot;,&quot;pincode&quot;:&quot;996688&quot;,&quot;userid&quot;:&quot;tlgGgFrL4EhtaG1QsIC0&quot;,&quot;id&quot;:&quot;6ppaYJXQNP6Ac0ESY1MG&quot;},{&quot;accountno&quot;:&quot;22233666&quot;,&quot;departmentno&quot;:&quot;9&quot;,&quot;salary&quot;:&quot;90000&quot;,&quot;pincode&quot;:&quot;996688&quot;,&quot;userid&quot;:&quot;tlgGgFrL4EhtaG1QsIC0&quot;,&quot;id&quot;:&quot;7Tr5ZcLoogDft5ulUioi&quot;},{&quot;accountno&quot;:&quot;22233666&quot;,&quot;departmentno&quot;:&quot;9&quot;,&quot;salary&quot;:&quot;90000&quot;,&quot;pincode&quot;:&quot;996688&quot;,&quot;userid&quot;:&quot;tlgGgFrL4EhtaG1QsIC0&quot;,&quot;id&quot;:&quot;aB6CSmLq61SyTkP703ex&quot;},{&quot;accountno&quot;:&quot;22233666&quot;,&quot;departmentno&quot;:&quot;9&quot;,&quot;salary&quot;:&quot;90000&quot;,&quot;pincode&quot;:&quot;996688&quot;,&quot;userid&quot;:&quot;y4EGNLRjrgtEjC6KVUVR&quot;,&quot;id&quot;:&quot;l3ZiPDZzMQowTojba3h2&quot;},{&quot;accountno&quot;:&quot;22233666&quot;,&quot;departmentno&quot;:&quot;9&quot;,&quot;salary&quot;:&quot;90000&quot;,&quot;pincode&quot;:&quot;996688&quot;,&quot;userid&quot;:&quot;tlgGgFrL4EhtaG1QsIC0&quot;,&quot;id&quot;:&quot;obRljuIWT7zZ1aO77kbF&quot;},{&quot;accountno&quot;:&quot;22233666&quot;,&quot;departmentno&quot;:&quot;9&quot;,&quot;salary&quot;:&quot;90000&quot;,&quot;pincode&quot;:&quot;996688&quot;,&quot;userid&quot;:&quot;tlgGgFrL4EhtaG1QsIC0&quot;,&quot;id&quot;:&quot;w2CqOS3xAD39gqSsbiHG&quot;},{&quot;accountno&quot;:&quot;22233666&quot;,&quot;departmentno&quot;:&quot;9&quot;,&quot;salary&quot;:&quot;90000&quot;,&quot;pincode&quot;:&quot;996688&quot;,&quot;userid&quot;:&quot;tlgGgFrL4EhtaG1QsIC0&quot;,&quot;id&quot;:&quot;QNdywIiACFHJWOHZ1LsN&quot;},{&quot;accountno&quot;:&quot;22233666&quot;,&quot;departmentno&quot;:&quot;9&quot;,&quot;salary&quot;:&quot;90000&quot;,&quot;pincode&quot;:&quot;996688&quot;,&quot;userid&quot;:&quot;y4EGNLRjrgtEjC6KVUVR&quot;,&quot;id&quot;:&quot;xEPyo4mdf4EaAb4Nhdpf&quot;},{&quot;accountno&quot;:&quot;22233666&quot;,&quot;departmentno&quot;:&quot;9&quot;,&quot;salary&quot;:&quot;90000&quot;,&quot;pincode&quot;:&quot;996688&quot;,&quot;userid&quot;:&quot;tlgGgFrL4EhtaG1QsIC0&quot;,&quot;id&quot;:&quot;8aWi5KAJC0DAi4cRpFhN&quot;},{&quot;accountno&quot;:&quot;22233666&quot;,&quot;departmentno&quot;:&quot;9&quot;,&quot;salary&quot;:&quot;90000&quot;,&quot;pincode&quot;:&quot;996688&quot;,&quot;userid&quot;:&quot;tlgGgFrL4EhtaG1QsIC0&quot;,&quot;id&quot;:&quot;u6zbKWZx0UJcWajZrymU&quot;},{&quot;accountno&quot;:&quot;22233666&quot;,&quot;departmentno&quot;:&quot;9&quot;,&quot;salary&quot;:&quot;90000&quot;,&quot;pincode&quot;:&quot;996688&quot;,&quot;userid&quot;:&quot;tlgGgFrL4EhtaG1QsIC0&quot;,&quot;id&quot;:&quot;iH7x2uk6vaAoSNcnobEN&quot;},{&quot;accountno&quot;:&quot;22233666&quot;,&quot;departmentno&quot;:&quot;9&quot;,&quot;salary&quot;:&quot;90000&quot;,&quot;pincode&quot;:&quot;996688&quot;,&quot;userid&quot;:&quot;y4EGNLRjrgtEjC6KVUVR&quot;,&quot;id&quot;:&quot;kCKGDTxWrkt11ZRRKpf2&quot;},{&quot;accountno&quot;:&quot;11223344&quot;,&quot;departmentno&quot;:&quot;4&quot;,&quot;salary&quot;:&quot;0000&quot;,&quot;pincode&quot;:&quot;000000&quot;,&quot;userid&quot;:&quot;bkIputQuPTs2zkhrMT6d&quot;,&quot;id&quot;:&quot;OVRQZBt9il84sBMVZa2E&quot;},{&quot;accountno&quot;:&quot;22233555&quot;,&quot;departmentno&quot;:&quot;9&quot;,&quot;salary&quot;:&quot;90000&quot;,&quot;pincode&quot;:&quot;996688&quot;,&quot;userid&quot;:&quot;tlgGgFrL4EhtaG1QsIC0&quot;,&quot;id&quot;:&quot;Fif5QkoWcacthmw3Zye4&quot;},{&quot;accountno&quot;:&quot;22233555&quot;,&quot;departmentno&quot;:&quot;9&quot;,&quot;salary&quot;:&quot;90000&quot;,&quot;pincode&quot;:&quot;996688&quot;,&quot;userid&quot;:&quot;tlgGgFrL4EhtaG1QsIC0&quot;,&quot;id&quot;:&quot;qmP4PgajU8VhciYICa7R&quot;},{&quot;accountno&quot;:&quot;22233555&quot;,&quot;departmentno&quot;:&quot;9&quot;,&quot;salary&quot;:&quot;90000&quot;,&quot;pincode&quot;:&quot;996688&quot;,&quot;userid&quot;:&quot;tlgGgFrL4EhtaG1QsIC0&quot;,&quot;id&quot;:&quot;svVm9jcNl1Z9NpPtM0LP&quot;},{&quot;accountno&quot;:&quot;22233555&quot;,&quot;departmentno&quot;:&quot;9&quot;,&quot;salary&quot;:&quot;90000&quot;,&quot;pincode&quot;:&quot;996688&quot;,&quot;userid&quot;:&quot;y4EGNLRjrgtEjC6KVUVR&quot;,&quot;id&quot;:&quot;1OqQ3q79Ko4i73LFdItv&quot;},{&quot;accountno&quot;:&quot;22233555&quot;,&quot;departmentno&quot;:&quot;9&quot;,&quot;salary&quot;:&quot;90000&quot;,&quot;pincode&quot;:&quot;996688&quot;,&quot;userid&quot;:&quot;tlgGgFrL4EhtaG1QsIC0&quot;,&quot;id&quot;:&quot;qcqV8dCi9fLLyP74fN1Z&quot;},{&quot;accountno&quot;:&quot;22233555&quot;,&quot;departmentno&quot;:&quot;9&quot;,&quot;salary&quot;:&quot;90000&quot;,&quot;pincode&quot;:&quot;996688&quot;,&quot;userid&quot;:&quot;tlgGgFrL4EhtaG1QsIC0&quot;,&quot;id&quot;:&quot;dw5vjg5T7b1fmh2M574o&quot;},{&quot;accountno&quot;:&quot;22233555&quot;,&quot;departmentno&quot;:&quot;9&quot;,&quot;salary&quot;:&quot;90000&quot;,&quot;pincode&quot;:&quot;996688&quot;,&quot;userid&quot;:&quot;tlgGgFrL4EhtaG1QsIC0&quot;,&quot;id&quot;:&quot;a5C77QgYkYywbERQ5uw1&quot;},{&quot;accountno&quot;:&quot;22233555&quot;,&quot;departmentno&quot;:&quot;9&quot;,&quot;salary&quot;:&quot;90000&quot;,&quot;pincode&quot;:&quot;996688&quot;,&quot;userid&quot;:&quot;y4EGNLRjrgtEjC6KVUVR&quot;,&quot;id&quot;:&quot;KClkXI8Tgdh2TnWQLPxX&quot;},{&quot;accountno&quot;:&quot;9999999&quot;,&quot;departmentno&quot;:&quot;00000&quot;,&quot;salary&quot;:&quot;123456&quot;,&quot;pincode&quot;:&quot;987654&quot;,&quot;userid&quot;:&quot;JkHqJgxoYXu4JmKVHecw&quot;,&quot;id&quot;:&quot;AhVc9QrWLZWia3w2tr5Y&quot;},{&quot;accountno&quot;:&quot;12121212&quot;,&quot;departmentno&quot;:&quot;4&quot;,&quot;salary&quot;:&quot;12121212&quot;,&quot;pincode&quot;:&quot;543211&quot;,&quot;userid&quot;:&quot;uOeP1LqAOnF3DTNy7HRY&quot;,&quot;id&quot;:&quot;MIdgQFIkY1ocRPnVQP8i&quot;},{&quot;accountno&quot;:&quot;22233444&quot;,&quot;departmentno&quot;:&quot;9&quot;,&quot;salary&quot;:&quot;90000&quot;,&quot;pincode&quot;:&quot;996688&quot;,&quot;userid&quot;:&quot;tlgGgFrL4EhtaG1QsIC0&quot;,&quot;id&quot;:&quot;La6cQkV30nfdtoRyV40s&quot;},{&quot;accountno&quot;:&quot;22233444&quot;,&quot;departmentno&quot;:&quot;9&quot;,&quot;salary&quot;:&quot;90000&quot;,&quot;pincode&quot;:&quot;996688&quot;,&quot;userid&quot;:&quot;tlgGgFrL4EhtaG1QsIC0&quot;,&quot;id&quot;:&quot;nfXDEdbjUH2U6hruG7Fl&quot;},{&quot;accountno&quot;:&quot;22233444&quot;,&quot;departmentno&quot;:&quot;9&quot;,&quot;salary&quot;:&quot;90000&quot;,&quot;pincode&quot;:&quot;996688&quot;,&quot;userid&quot;:&quot;tlgGgFrL4EhtaG1QsIC0&quot;,&quot;id&quot;:&quot;tc94fDTO6nHUtURJGZg8&quot;},{&quot;accountno&quot;:&quot;22233444&quot;,&quot;departmentno&quot;:&quot;9&quot;,&quot;salary&quot;:&quot;90000&quot;,&quot;pincode&quot;:&quot;996688&quot;,&quot;userid&quot;:&quot;y4EGNLRjrgtEjC6KVUVR&quot;,&quot;id&quot;:&quot;gf4ZeF9Ia60aEm4E6Hi1&quot;},{&quot;accountno&quot;:&quot;22233444&quot;,&quot;departmentno&quot;:&quot;9&quot;,&quot;salary&quot;:&quot;90000&quot;,&quot;pincode&quot;:&quot;996688&quot;,&quot;userid&quot;:&quot;tlgGgFrL4EhtaG1QsIC0&quot;,&quot;id&quot;:&quot;nYOIRrGmwbXfcJCi3rLA&quot;},{&quot;accountno&quot;:&quot;22233444&quot;,&quot;departmentno&quot;:&quot;9&quot;,&quot;salary&quot;:&quot;90000&quot;,&quot;pincode&quot;:&quot;996688&quot;,&quot;userid&quot;:&quot;tlgGgFrL4EhtaG1QsIC0&quot;,&quot;id&quot;:&quot;3wICNlsAKCNwkQkg3jog&quot;},{&quot;accountno&quot;:&quot;22233444&quot;,&quot;departmentno&quot;:&quot;9&quot;,&quot;salary&quot;:&quot;90000&quot;,&quot;pincode&quot;:&quot;996688&quot;,&quot;userid&quot;:&quot;y4EGNLRjrgtEjC6KVUVR&quot;,&quot;id&quot;:&quot;393s7BADDEL3vNpY89Lr&quot;},{&quot;accountno&quot;:&quot;55555555&quot;,&quot;departmentno&quot;:&quot;5&quot;,&quot;salary&quot;:&quot;400004&quot;,&quot;pincode&quot;:&quot;888888&quot;,&quot;userid&quot;:&quot;fT6My7qojoDykkx53dTK&quot;,&quot;id&quot;:&quot;hW69HbD363SzCAewFEhU&quot;},{&quot;accountno&quot;:&quot;44544545&quot;,&quot;departmentno&quot;:&quot;9&quot;,&quot;salary&quot;:&quot;445554&quot;,&quot;pincode&quot;:&quot;511115&quot;,&quot;userid&quot;:&quot;fT6My7qojoDykkx53dTK&quot;,&quot;id&quot;:&quot;sOIQUYa2xo5XJSf0PSRh&quot;},{&quot;accountno&quot;:&quot;44444444&quot;,&quot;departmentno&quot;:&quot;4&quot;,&quot;salary&quot;:&quot;444444&quot;,&quot;pincode&quot;:&quot;521185&quot;,&quot;userid&quot;:&quot;fT6My7qojoDykkx53dTK&quot;,&quot;id&quot;:&quot;LSSALOqLYRwFI8MpAOz7&quot;},{&quot;accountno&quot;:&quot;44444444&quot;,&quot;departmentno&quot;:&quot;4&quot;,&quot;salary&quot;:&quot;444444&quot;,&quot;pincode&quot;:&quot;521185&quot;,&quot;userid&quot;:&quot;fT6My7qojoDykkx53dTK&quot;,&quot;id&quot;:&quot;WNrL5By5RydapBq0A8vE&quot;},{&quot;accountno&quot;:&quot;12222216&quot;,&quot;departmentno&quot;:1,&quot;salary&quot;:121212,&quot;pincode&quot;:&quot;122216&quot;,&quot;userid&quot;:&quot;0i9ethfGZFRymdflhjue&quot;,&quot;id&quot;:&quot;QzlXnr4xTpSiQMu5JUq2&quot;},{&quot;accountno&quot;:&quot;10888005&quot;,&quot;departmentno&quot;:&quot;1&quot;,&quot;salary&quot;:&quot;121212&quot;,&quot;pincode&quot;:&quot;100005&quot;,&quot;userid&quot;:&quot;VyzFzGdrldfutDmGHMRm&quot;,&quot;id&quot;:&quot;hLpyaDtwZ00JolGFAmvE&quot;},{&quot;accountno&quot;:&quot;12222216&quot;,&quot;departmentno&quot;:1,&quot;salary&quot;:121212,&quot;pincode&quot;:&quot;122216&quot;,&quot;userid&quot;:&quot;0i9ethfGZFRymdflhjue&quot;,&quot;id&quot;:&quot;oTt60nVMyQDOAr3I0vhd&quot;},{&quot;accountno&quot;:&quot;10040005&quot;,&quot;departmentno&quot;:&quot;1&quot;,&quot;salary&quot;:&quot;121212&quot;,&quot;pincode&quot;:&quot;100005&quot;,&quot;userid&quot;:&quot;VyzFzGdrldfutDmGHMRm&quot;,&quot;id&quot;:&quot;U6vbD8Coi6UXCMdEkIhV&quot;},{&quot;accountno&quot;:&quot;12222216&quot;,&quot;departmentno&quot;:1,&quot;salary&quot;:121212,&quot;pincode&quot;:&quot;122216&quot;,&quot;userid&quot;:&quot;0i9ethfGZFRymdflhjue&quot;,&quot;id&quot;:&quot;vftP5WM4uK36EW1RJ958&quot;},{&quot;accountno&quot;:&quot;12121217&quot;,&quot;departmentno&quot;:&quot;1&quot;,&quot;salary&quot;:&quot;121212&quot;,&quot;pincode&quot;:&quot;121217&quot;,&quot;userid&quot;:&quot;0i9ethfGZFRymdflhjue&quot;,&quot;id&quot;:&quot;hZPjPLgNiMXKhj4q23Sw&quot;},{&quot;accountno&quot;:&quot;10000005&quot;,&quot;departmentno&quot;:&quot;1&quot;,&quot;salary&quot;:&quot;121212&quot;,&quot;pincode&quot;:&quot;100005&quot;,&quot;userid&quot;:&quot;VyzFzGdrldfutDmGHMRm&quot;,&quot;id&quot;:&quot;3pwYvbpDNGNnoQChFOvf&quot;},{&quot;accountno&quot;:&quot;12121216&quot;,&quot;departmentno&quot;:&quot;1&quot;,&quot;salary&quot;:&quot;121212&quot;,&quot;pincode&quot;:&quot;121216&quot;,&quot;userid&quot;:&quot;0i9ethfGZFRymdflhjue&quot;,&quot;id&quot;:&quot;lmEtEjIzMpssLy5nElkr&quot;},{&quot;accountno&quot;:&quot;12121215&quot;,&quot;departmentno&quot;:&quot;1&quot;,&quot;salary&quot;:&quot;121212&quot;,&quot;pincode&quot;:&quot;121215&quot;,&quot;userid&quot;:&quot;0i9ethfGZFRymdflhjue&quot;,&quot;id&quot;:&quot;V7YymazCwZ7y54fD7cfZ&quot;},{&quot;accountno&quot;:&quot;12121214&quot;,&quot;departmentno&quot;:&quot;1&quot;,&quot;salary&quot;:&quot;121212&quot;,&quot;pincode&quot;:&quot;121214&quot;,&quot;userid&quot;:&quot;0i9ethfGZFRymdflhjue&quot;,&quot;id&quot;:&quot;PqAGV1cPWLPbbD4AHvcx&quot;},{&quot;accountno&quot;:&quot;12121214&quot;,&quot;departmentno&quot;:&quot;1&quot;,&quot;salary&quot;:&quot;121212&quot;,&quot;pincode&quot;:&quot;121214&quot;,&quot;userid&quot;:&quot;0i9ethfGZFRymdflhjue&quot;,&quot;id&quot;:&quot;K7PyUG1mTJiXn4CwOMb4&quot;},{&quot;accountno&quot;:&quot;45454545&quot;,&quot;departmentno&quot;:&quot;4&quot;,&quot;salary&quot;:&quot;555555&quot;,&quot;pincode&quot;:&quot;000000&quot;,&quot;userid&quot;:&quot;TKd8CY7OebEXKuLypGxT&quot;,&quot;id&quot;:&quot;1suCpG4rPKMuR03gsbSL&quot;},{&quot;accountno&quot;:&quot;12121213&quot;,&quot;departmentno&quot;:&quot;1&quot;,&quot;salary&quot;:&quot;87451&quot;,&quot;pincode&quot;:&quot;121213&quot;,&quot;userid&quot;:&quot;0i9ethfGZFRymdflhjue&quot;,&quot;id&quot;:&quot;eW4h2VpdC337Priq89Qq&quot;},{&quot;accountno&quot;:&quot;12121213&quot;,&quot;departmentno&quot;:&quot;1&quot;,&quot;salary&quot;:&quot;87451&quot;,&quot;pincode&quot;:&quot;121213&quot;,&quot;userid&quot;:&quot;0i9ethfGZFRymdflhjue&quot;,&quot;id&quot;:&quot;Q3pXHmIgPtFj3ia5YjBu&quot;},{&quot;accountno&quot;:&quot;12121213&quot;,&quot;departmentno&quot;:&quot;1&quot;,&quot;salary&quot;:&quot;87451&quot;,&quot;pincode&quot;:&quot;121213&quot;,&quot;userid&quot;:&quot;0i9ethfGZFRymdflhjue&quot;,&quot;id&quot;:&quot;lDAQTo8PmH4DWqgeqa5Y&quot;},{&quot;accountno&quot;:&quot;12121212&quot;,&quot;departmentno&quot;:&quot;1&quot;,&quot;salary&quot;:&quot;87451&quot;,&quot;pincode&quot;:&quot;121212&quot;,&quot;userid&quot;:&quot;0i9ethfGZFRymdflhjue&quot;,&quot;id&quot;:&quot;ebrbGi40vkCi2C6xjpqD&quot;},{&quot;accountno&quot;:&quot;12121212&quot;,&quot;departmentno&quot;:&quot;1&quot;,&quot;salary&quot;:&quot;87451&quot;,&quot;pincode&quot;:&quot;121212&quot;,&quot;userid&quot;:&quot;0i9ethfGZFRymdflhjue&quot;,&quot;id&quot;:&quot;qQMakiyNIZWeNNOCVQoS&quot;},{&quot;accountno&quot;:&quot;12121212&quot;,&quot;departmentno&quot;:&quot;1&quot;,&quot;salary&quot;:&quot;87451&quot;,&quot;pincode&quot;:&quot;121212&quot;,&quot;userid&quot;:&quot;0i9ethfGZFRymdflhjue&quot;,&quot;id&quot;:&quot;MTXHE3EtulbeewbaDIpm&quot;},{&quot;accountno&quot;:&quot;12121212&quot;,&quot;departmentno&quot;:&quot;1&quot;,&quot;salary&quot;:&quot;87451&quot;,&quot;pincode&quot;:&quot;121212&quot;,&quot;userid&quot;:&quot;0i9ethfGZFRymdflhjue&quot;,&quot;id&quot;:&quot;oe1rRLTSIv4mdrPiQ6RG&quot;},{&quot;accountno&quot;:&quot;32132121&quot;,&quot;departmentno&quot;:&quot;3&quot;,&quot;salary&quot;:&quot;80000&quot;,&quot;pincode&quot;:&quot;321321&quot;,&quot;userid&quot;:&quot;g3XNrrwU0oVXB9kVJ132&quot;,&quot;id&quot;:&quot;Ni5JX55m0QAf5WfSa0HD&quot;},{&quot;accountno&quot;:&quot;88888888&quot;,&quot;departmentno&quot;:7,&quot;salary&quot;:6767,&quot;pincode&quot;:945971,&quot;userid&quot;:&quot;Hv5rNrZg9rEhTS0YDzk2&quot;,&quot;id&quot;:&quot;D6MlqUd5VZ4KxhJxY6hc&quot;},{&quot;accountno&quot;:&quot;12121212&quot;,&quot;departmentno&quot;:&quot;1&quot;,&quot;salary&quot;:&quot;87451&quot;,&quot;pincode&quot;:&quot;121212&quot;,&quot;userid&quot;:&quot;0i9ethfGZFRymdflhjue&quot;,&quot;id&quot;:&quot;etqzQGJCD49MBxLwpVxI&quot;},{&quot;accountno&quot;:&quot;32132121&quot;,&quot;departmentno&quot;:&quot;3&quot;,&quot;salary&quot;:&quot;80000&quot;,&quot;pincode&quot;:&quot;321321&quot;,&quot;userid&quot;:&quot;g3XNrrwU0oVXB9kVJ132&quot;,&quot;id&quot;:&quot;jp2j30W7nrNwNdgWdMrS&quot;},{&quot;accountno&quot;:&quot;11111111&quot;,&quot;departmentno&quot;:&quot;1&quot;,&quot;salary&quot;:&quot;34343434&quot;,&quot;pincode&quot;:&quot;800271&quot;,&quot;userid&quot;:&quot;y4EGNLRjrgtEjC6KVUVR&quot;,&quot;id&quot;:&quot;rRajIRLeyYgBLX85VASh&quot;},{&quot;accountno&quot;:&quot;11111111&quot;,&quot;departmentno&quot;:&quot;1&quot;,&quot;salary&quot;:&quot;34343434&quot;,&quot;pincode&quot;:&quot;800271&quot;,&quot;userid&quot;:&quot;y4EGNLRjrgtEjC6KVUVR&quot;,&quot;id&quot;:&quot;KwGi2dvSaYfmB5yeF9tr&quot;},{&quot;accountno&quot;:&quot;11111111&quot;,&quot;departmentno&quot;:&quot;1&quot;,&quot;salary&quot;:&quot;34343434&quot;,&quot;pincode&quot;:&quot;800271&quot;,&quot;userid&quot;:&quot;y4EGNLRjrgtEjC6KVUVR&quot;,&quot;id&quot;:&quot;eAEMsy2ZnxRMmo1MTKRA&quot;},{&quot;accountno&quot;:&quot;11111111&quot;,&quot;departmentno&quot;:&quot;1&quot;,&quot;salary&quot;:&quot;34343434&quot;,&quot;pincode&quot;:&quot;800271&quot;,&quot;userid&quot;:&quot;y4EGNLRjrgtEjC6KVUVR&quot;,&quot;id&quot;:&quot;0zepugTPWHWM6umxdMMM&quot;},{&quot;accountno&quot;:&quot;22222222&quot;,&quot;departmentno&quot;:&quot;2&quot;,&quot;salary&quot;:&quot;80000&quot;,&quot;pincode&quot;:&quot;300033&quot;,&quot;userid&quot;:&quot;bkIputQuPTs2zkhrMT6d&quot;,&quot;id&quot;:&quot;3NMF1qH349ZmSjVeyKTE&quot;},{&quot;accountno&quot;:&quot;111111&quot;,&quot;departmentno&quot;:3,&quot;salary&quot;:80000,&quot;pincode&quot;:300033,&quot;userid&quot;:&quot;Ngo0URCwDvqyxEI81rvs&quot;,&quot;id&quot;:&quot;IwZUelhdF4O27YmNSW2B&quot;},{&quot;accountno&quot;:&quot;11111111&quot;,&quot;departmentno&quot;:&quot;1&quot;,&quot;salary&quot;:&quot;11111&quot;,&quot;pincode&quot;:&quot;111111&quot;,&quot;userid&quot;:&quot;bkIputQuPTs2zkhrMT6d&quot;,&quot;id&quot;:&quot;5vDrUUlV5ixJPI4XP3SP&quot;},{&quot;accountno&quot;:&quot;0000000&quot;,&quot;departmentno&quot;:3,&quot;salary&quot;:80000,&quot;pincode&quot;:300033,&quot;userid&quot;:&quot;Ngo0URCwDvqyxEI81rvs&quot;,&quot;id&quot;:&quot;QfP06dqoDma8z947WgVD&quot;},{&quot;accountno&quot;:&quot;11111111&quot;,&quot;departmentno&quot;:&quot;1&quot;,&quot;salary&quot;:&quot;111111111111111&quot;,&quot;pincode&quot;:&quot;111111&quot;,&quot;userid&quot;:&quot;jK6TLwt6oIcYQmeujB2R&quot;,&quot;id&quot;:&quot;LrV1L9r496YAcEMRHMC3&quot;},{&quot;accountno&quot;:&quot;22222222&quot;,&quot;departmentno&quot;:&quot;1&quot;,&quot;salary&quot;:&quot;11111111&quot;,&quot;pincode&quot;:&quot;800271&quot;,&quot;userid&quot;:&quot;Cc08XR4EsHnSgXK8Iyjp&quot;,&quot;id&quot;:&quot;h2TVAJZK2GdF9WWuKZsp&quot;},{&quot;accountno&quot;:&quot;30303030&quot;,&quot;departmentno&quot;:&quot;000&quot;,&quot;salary&quot;:&quot;0000&quot;,&quot;pincode&quot;:&quot;120000&quot;,&quot;userid&quot;:&quot;jK6TLwt6oIcYQmeujB2R&quot;,&quot;id&quot;:&quot;BkXtelFSHAC0GMjQrvXj&quot;},{&quot;accountno&quot;:&quot;30303030&quot;,&quot;departmentno&quot;:&quot;000&quot;,&quot;salary&quot;:&quot;0000&quot;,&quot;pincode&quot;:&quot;120000&quot;,&quot;userid&quot;:&quot;jK6TLwt6oIcYQmeujB2R&quot;,&quot;id&quot;:&quot;yq3rIxxSssimAA90Jbty&quot;},{&quot;accountno&quot;:&quot;30303030&quot;,&quot;departmentno&quot;:&quot;000&quot;,&quot;salary&quot;:&quot;0000&quot;,&quot;pincode&quot;:&quot;120000&quot;,&quot;userid&quot;:&quot;jK6TLwt6oIcYQmeujB2R&quot;,&quot;id&quot;:&quot;pQsKzIAXrNRBdaCwLfnR&quot;},{&quot;accountno&quot;:&quot;30303030&quot;,&quot;departmentno&quot;:&quot;000&quot;,&quot;salary&quot;:&quot;0000&quot;,&quot;pincode&quot;:&quot;120000&quot;,&quot;userid&quot;:&quot;jK6TLwt6oIcYQmeujB2R&quot;,&quot;id&quot;:&quot;5bKMzsbVLTZBlgq110Ak&quot;},{&quot;accountno&quot;:&quot;30303030&quot;,&quot;departmentno&quot;:&quot;000&quot;,&quot;salary&quot;:&quot;0000&quot;,&quot;pincode&quot;:&quot;120000&quot;,&quot;userid&quot;:&quot;jK6TLwt6oIcYQmeujB2R&quot;,&quot;id&quot;:&quot;Cjr0xzddZlewfASNZu49&quot;},{&quot;accountno&quot;:&quot;12121212&quot;,&quot;departmentno&quot;:&quot;1&quot;,&quot;salary&quot;:&quot;10000000&quot;,&quot;pincode&quot;:&quot;800271&quot;,&quot;userid&quot;:&quot;Cc08XR4EsHnSgXK8Iyjp&quot;,&quot;id&quot;:&quot;2WREx5zHSiIm4C1OkgAk&quot;},{&quot;accountno&quot;:&quot;11111111&quot;,&quot;departmentno&quot;:&quot;1&quot;,&quot;salary&quot;:&quot;34343434&quot;,&quot;pincode&quot;:&quot;800271&quot;,&quot;userid&quot;:&quot;Cc08XR4EsHnSgXK8Iyjp&quot;,&quot;id&quot;:&quot;KMxDsMh5uGoWpuOjbCuw&quot;},{&quot;accountno&quot;:&quot;12121212&quot;,&quot;departmentno&quot;:&quot;3&quot;,&quot;salary&quot;:&quot;2222233&quot;,&quot;pincode&quot;:&quot;800271&quot;,&quot;userid&quot;:&quot;Cc08XR4EsHnSgXK8Iyjp&quot;,&quot;id&quot;:&quot;ON1v8aHEzsoWEOv9CSOD&quot;},{&quot;accountno&quot;:&quot;99999999&quot;,&quot;departmentno&quot;:&quot;000&quot;,&quot;salary&quot;:&quot;0000&quot;,&quot;pincode&quot;:&quot;120000&quot;,&quot;userid&quot;:&quot;jK6TLwt6oIcYQmeujB2R&quot;,&quot;id&quot;:&quot;KjPe9qsDjShfDklrx8Mt&quot;},{&quot;accountno&quot;:&quot;99988877&quot;,&quot;departmentno&quot;:&quot;5&quot;,&quot;salary&quot;:&quot;666666&quot;,&quot;pincode&quot;:&quot;555555&quot;,&quot;userid&quot;:&quot;aOR5IhOLYg5bk2VVYakp&quot;,&quot;id&quot;:&quot;1Xq83GnNaQbGDN4ZA7u9&quot;},{&quot;accountno&quot;:&quot;99999999&quot;,&quot;departmentno&quot;:&quot;000&quot;,&quot;salary&quot;:&quot;0000&quot;,&quot;pincode&quot;:&quot;000000&quot;,&quot;userid&quot;:&quot;jK6TLwt6oIcYQmeujB2R&quot;,&quot;id&quot;:&quot;pSqWbcFfNMyoMIpTWat8&quot;},{&quot;accountno&quot;:&quot;99999999&quot;,&quot;departmentno&quot;:&quot;000&quot;,&quot;salary&quot;:&quot;0000&quot;,&quot;pincode&quot;:&quot;000000&quot;,&quot;userid&quot;:&quot;jK6TLwt6oIcYQmeujB2R&quot;,&quot;id&quot;:&quot;A3fYeo0Lf8R7OCe6CBM5&quot;},{&quot;accountno&quot;:&quot;99999999&quot;,&quot;departmentno&quot;:&quot;000&quot;,&quot;salary&quot;:&quot;0000&quot;,&quot;pincode&quot;:&quot;000000&quot;,&quot;userid&quot;:&quot;jK6TLwt6oIcYQmeujB2R&quot;,&quot;id&quot;:&quot;ZPXNRHXU3jfApvs5Jh17&quot;},{&quot;accountno&quot;:&quot;55555566&quot;,&quot;departmentno&quot;:&quot;5&quot;,&quot;salary&quot;:&quot;555566&quot;,&quot;pincode&quot;:&quot;555566&quot;,&quot;userid&quot;:&quot;aOR5IhOLYg5bk2VVYakp&quot;,&quot;id&quot;:&quot;MFFOoUQbJ9BPtAhYtSHi&quot;},{&quot;accountno&quot;:&quot;99999999&quot;,&quot;departmentno&quot;:&quot;000&quot;,&quot;salary&quot;:&quot;0000&quot;,&quot;pincode&quot;:&quot;000000&quot;,&quot;userid&quot;:&quot;jK6TLwt6oIcYQmeujB2R&quot;,&quot;id&quot;:&quot;eZ76VsYbKIod1LLVTTPl&quot;},{&quot;accountno&quot;:&quot;99999999&quot;,&quot;departmentno&quot;:&quot;000&quot;,&quot;salary&quot;:&quot;0000&quot;,&quot;pincode&quot;:&quot;000000&quot;,&quot;userid&quot;:&quot;jK6TLwt6oIcYQmeujB2R&quot;,&quot;id&quot;:&quot;GlHAexlxft1n9Wc0ygoA&quot;},{&quot;accountno&quot;:&quot;00007666&quot;,&quot;departmentno&quot;:&quot;0&quot;,&quot;salary&quot;:&quot;0000&quot;,&quot;pincode&quot;:&quot;000000&quot;,&quot;userid&quot;:&quot;VyzFzGdrldfutDmGHMRm&quot;,&quot;id&quot;:&quot;ONj9OvzmjGS2xp3GnUPM&quot;},{&quot;accountno&quot;:&quot;0000000&quot;,&quot;departmentno&quot;:3,&quot;salary&quot;:80000,&quot;pincode&quot;:300033,&quot;userid&quot;:&quot;Ngo0URCwDvqyxEI81rvs&quot;,&quot;id&quot;:&quot;mBREqsj9hRKVgGZVfXDE&quot;},{&quot;accountno&quot;:&quot;99999999&quot;,&quot;departmentno&quot;:&quot;000&quot;,&quot;salary&quot;:&quot;0000&quot;,&quot;pincode&quot;:&quot;000000&quot;,&quot;userid&quot;:&quot;jK6TLwt6oIcYQmeujB2R&quot;,&quot;id&quot;:&quot;cjXcWgoP9SoXhZph4liK&quot;},{&quot;accountno&quot;:&quot;00000000&quot;,&quot;departmentno&quot;:&quot;000&quot;,&quot;salary&quot;:&quot;0000&quot;,&quot;pincode&quot;:&quot;000000&quot;,&quot;userid&quot;:&quot;jK6TLwt6oIcYQmeujB2R&quot;,&quot;id&quot;:&quot;de8UTDeYaPHCkB2YyVbw&quot;},{&quot;accountno&quot;:&quot;00000000&quot;,&quot;departmentno&quot;:&quot;000&quot;,&quot;salary&quot;:&quot;0000&quot;,&quot;pincode&quot;:&quot;000000&quot;,&quot;userid&quot;:&quot;jK6TLwt6oIcYQmeujB2R&quot;,&quot;id&quot;:&quot;v006xwIhD9MYTeFZMQil&quot;},{&quot;accountno&quot;:&quot;00000000&quot;,&quot;departmentno&quot;:&quot;000&quot;,&quot;salary&quot;:&quot;0000&quot;,&quot;pincode&quot;:&quot;000000&quot;,&quot;userid&quot;:&quot;jK6TLwt6oIcYQmeujB2R&quot;,&quot;id&quot;:&quot;UWHx9juEavoL0Yajq8fX&quot;},{&quot;accountno&quot;:&quot;00000000&quot;,&quot;departmentno&quot;:&quot;000&quot;,&quot;salary&quot;:&quot;0000&quot;,&quot;pincode&quot;:&quot;000000&quot;,&quot;userid&quot;:&quot;jK6TLwt6oIcYQmeujB2R&quot;,&quot;id&quot;:&quot;RBsHEYOJEnuWXGPW6kKc&quot;},{&quot;accountno&quot;:&quot;00000000&quot;,&quot;departmentno&quot;:&quot;000&quot;,&quot;salary&quot;:&quot;0000&quot;,&quot;pincode&quot;:&quot;000000&quot;,&quot;userid&quot;:&quot;jK6TLwt6oIcYQmeujB2R&quot;,&quot;id&quot;:&quot;7NtmQbJK7q1mnZEkD8hb&quot;},{&quot;accountno&quot;:&quot;00000000&quot;,&quot;departmentno&quot;:&quot;000&quot;,&quot;salary&quot;:&quot;0000&quot;,&quot;pincode&quot;:&quot;000000&quot;,&quot;userid&quot;:&quot;jK6TLwt6oIcYQmeujB2R&quot;,&quot;id&quot;:&quot;zQrodug1W4AvGY6JOI2f&quot;},{&quot;accountno&quot;:&quot;87654321&quot;,&quot;departmentno&quot;:&quot;0&quot;,&quot;salary&quot;:&quot;1230&quot;,&quot;pincode&quot;:&quot;654321&quot;,&quot;userid&quot;:&quot;jK6TLwt6oIcYQmeujB2R&quot;,&quot;id&quot;:&quot;ADedZp0I0OLRoNVFEdeo&quot;},{&quot;accountno&quot;:&quot;98765432&quot;,&quot;departmentno&quot;:&quot;9&quot;,&quot;salary&quot;:&quot;158946&quot;,&quot;pincode&quot;:&quot;636845&quot;,&quot;userid&quot;:&quot;qR4qAxCXCQhGzSxdWe92&quot;,&quot;id&quot;:&quot;ESlzMCJqu85K2PNiTB1R&quot;},{&quot;accountno&quot;:&quot;98765432&quot;,&quot;departmentno&quot;:&quot;9&quot;,&quot;salary&quot;:&quot;158946&quot;,&quot;pincode&quot;:&quot;636845&quot;,&quot;userid&quot;:&quot;qR4qAxCXCQhGzSxdWe92&quot;,&quot;id&quot;:&quot;ex9fuWnZCXrL9AyxUV9Y&quot;},{&quot;accountno&quot;:&quot;12345678&quot;,&quot;departmentno&quot;:2,&quot;salary&quot;:111111,&quot;pincode&quot;:111111,&quot;userid&quot;:&quot;TKd8CY7OebEXKuLypGxT&quot;,&quot;id&quot;:&quot;Gq8pGL0Zo6xxu80clGrY&quot;},{&quot;accountno&quot;:&quot;10101010&quot;,&quot;departmentno&quot;:&quot;21&quot;,&quot;salary&quot;:&quot;20000&quot;,&quot;pincode&quot;:&quot;254788&quot;,&quot;userid&quot;:&quot;TdVstg5dMDwsl2dk2Ob0&quot;,&quot;id&quot;:&quot;a3P1YqNdPyrMq0hR2B8G&quot;},{&quot;accountno&quot;:&quot;10101010&quot;,&quot;departmentno&quot;:&quot;21&quot;,&quot;salary&quot;:&quot;20000&quot;,&quot;pincode&quot;:&quot;254788&quot;,&quot;userid&quot;:&quot;TdVstg5dMDwsl2dk2Ob0&quot;,&quot;id&quot;:&quot;GzxNr7Nhsg0RpoGupIt7&quot;},{&quot;accountno&quot;:&quot;Whatisyourname&quot;,&quot;departmentno&quot;:&quot;6&quot;,&quot;salary&quot;:&quot;888333&quot;,&quot;pincode&quot;:&quot;99999&quot;,&quot;userid&quot;:&quot;aOR5IhOLYg5bk2VVYakp&quot;,&quot;id&quot;:&quot;CLXJ6zzKmNNRBIv5F9WN&quot;},{&quot;accountno&quot;:&quot;22222222&quot;,&quot;departmentno&quot;:&quot;1&quot;,&quot;salary&quot;:&quot;222222&quot;,&quot;pincode&quot;:&quot;333333&quot;,&quot;userid&quot;:&quot;aOR5IhOLYg5bk2VVYakp&quot;,&quot;id&quot;:&quot;yndPPZHmfX1xraRdaEbY&quot;},{&quot;accountno&quot;:&quot;10101010&quot;,&quot;departmentno&quot;:&quot;21&quot;,&quot;salary&quot;:&quot;20000&quot;,&quot;pincode&quot;:&quot;254788&quot;,&quot;userid&quot;:&quot;TdVstg5dMDwsl2dk2Ob0&quot;,&quot;id&quot;:&quot;n9zHQ0tb5YjN9zCxeyia&quot;},{&quot;accountno&quot;:&quot;98746515&quot;,&quot;departmentno&quot;:&quot;9&quot;,&quot;salary&quot;:&quot;12365&quot;,&quot;pincode&quot;:&quot;154875&quot;,&quot;userid&quot;:&quot;qR4qAxCXCQhGzSxdWe92&quot;,&quot;id&quot;:&quot;pSmHrqpjE6R5ll9NOUjI&quot;},{&quot;accountno&quot;:&quot;0000000&quot;,&quot;departmentno&quot;:3,&quot;salary&quot;:80000,&quot;pincode&quot;:300033,&quot;userid&quot;:&quot;Ngo0URCwDvqyxEI81rvs&quot;,&quot;id&quot;:&quot;w217uGujIehVlHjOUJuR&quot;},{&quot;accountno&quot;:&quot;0000000&quot;,&quot;departmentno&quot;:3,&quot;salary&quot;:80000,&quot;pincode&quot;:300033,&quot;userid&quot;:&quot;Ngo0URCwDvqyxEI81rvs&quot;,&quot;id&quot;:&quot;hgqvNfWrUEYbG6WRFEVo&quot;},{&quot;accountno&quot;:&quot;32132121&quot;,&quot;departmentno&quot;:3,&quot;salary&quot;:80000,&quot;pincode&quot;:300033,&quot;userid&quot;:&quot;Ngo0URCwDvqyxEI81rvs&quot;,&quot;id&quot;:&quot;1KpSBqUBjixGOuqJouLU&quot;},{&quot;accountno&quot;:&quot;98765432&quot;,&quot;departmentno&quot;:&quot;9&quot;,&quot;salary&quot;:&quot;158946&quot;,&quot;pincode&quot;:&quot;636845&quot;,&quot;userid&quot;:&quot;qR4qAxCXCQhGzSxdWe92&quot;,&quot;id&quot;:&quot;7gPqiqhrrXxMru01nNpM&quot;},{&quot;accountno&quot;:&quot;12345677&quot;,&quot;departmentno&quot;:1,&quot;salary&quot;:123,&quot;pincode&quot;:123456,&quot;userid&quot;:&quot;g537KB9GfcGWqMrIlMPW&quot;,&quot;id&quot;:&quot;BsECbEqa7nxFJqQN1FSP&quot;},{&quot;accountno&quot;:&quot;98765443&quot;,&quot;departmentno&quot;:9,&quot;salary&quot;:123456,&quot;pincode&quot;:122548,&quot;userid&quot;:&quot;qR4qAxCXCQhGzSxdWe92&quot;,&quot;id&quot;:&quot;buR5dND7EJX1q4bVuGIL&quot;},{&quot;accountno&quot;:&quot;75668588&quot;,&quot;departmentno&quot;:&quot;8&quot;,&quot;salary&quot;:&quot;8678&quot;,&quot;pincode&quot;:&quot;786996&quot;,&quot;userid&quot;:&quot;g537KB9GfcGWqMrIlMPW&quot;,&quot;id&quot;:&quot;p6idn41AQ3t7OTYHmNdz&quot;},{&quot;accountno&quot;:&quot;32132121&quot;,&quot;departmentno&quot;:3,&quot;salary&quot;:80000,&quot;pincode&quot;:300033,&quot;userid&quot;:&quot;Ngo0URCwDvqyxEI81rvs&quot;,&quot;id&quot;:&quot;WttknEppjYaxuGN2OWrY&quot;},{&quot;accountno&quot;:&quot;32132121&quot;,&quot;departmentno&quot;:&quot;3&quot;,&quot;salary&quot;:&quot;80000&quot;,&quot;pincode&quot;:&quot;321321&quot;,&quot;userid&quot;:&quot;g3XNrrwU0oVXB9kVJ132&quot;,&quot;id&quot;:&quot;QPBBmWhAjdwtLY1n9BFG&quot;},{&quot;accountno&quot;:&quot;111110&quot;,&quot;departmentno&quot;:&quot;11123&quot;,&quot;salary&quot;:&quot;123456&quot;,&quot;pincode&quot;:&quot;999999&quot;,&quot;userid&quot;:&quot;JkHqJgxoYXu4JmKVHecw&quot;,&quot;id&quot;:&quot;mhm0rrZvLhdpMQ1ydDA7&quot;},{&quot;accountno&quot;:&quot;32132121&quot;,&quot;departmentno&quot;:&quot;3&quot;,&quot;salary&quot;:&quot;80000&quot;,&quot;pincode&quot;:&quot;321321&quot;,&quot;userid&quot;:&quot;g3XNrrwU0oVXB9kVJ132&quot;,&quot;id&quot;:&quot;rJyK7AnUO27GE8SKbcwg&quot;},{&quot;accountno&quot;:&quot;88822444&quot;,&quot;departmentno&quot;:&quot;8&quot;,&quot;salary&quot;:&quot;442288&quot;,&quot;pincode&quot;:&quot;842284&quot;,&quot;userid&quot;:&quot;g3XNrrwU0oVXB9kVJ132&quot;,&quot;id&quot;:&quot;ftdKNj1rG9TlWTWxnQoW&quot;},{&quot;accountno&quot;:&quot;98765431&quot;,&quot;departmentno&quot;:7,&quot;salary&quot;:190000,&quot;pincode&quot;:123456,&quot;userid&quot;:&quot;g3XNrrwU0oVXB9kVJ132&quot;,&quot;id&quot;:&quot;bRpL2WLw7cra3JiYiCUr&quot;},{&quot;accountno&quot;:&quot;88877666&quot;,&quot;departmentno&quot;:7,&quot;salary&quot;:810000,&quot;pincode&quot;:657721,&quot;userid&quot;:&quot;g3XNrrwU0oVXB9kVJ132&quot;,&quot;id&quot;:&quot;ioMJ7XKUZld82NdhYR6H&quot;},{&quot;accountno&quot;:&quot;92920000&quot;,&quot;departmentno&quot;:&quot;8&quot;,&quot;salary&quot;:&quot;100000&quot;,&quot;pincode&quot;:&quot;504004&quot;,&quot;userid&quot;:&quot;g3XNrrwU0oVXB9kVJ132&quot;,&quot;id&quot;:&quot;SyqJsTevr3b303XbPhmh&quot;},{&quot;accountno&quot;:&quot;12354678&quot;,&quot;departmentno&quot;:&quot;5&quot;,&quot;salary&quot;:&quot;34526&quot;,&quot;pincode&quot;:&quot;567483&quot;,&quot;userid&quot;:&quot;g3XNrrwU0oVXB9kVJ132&quot;,&quot;id&quot;:&quot;x94APz42JDcyXUpStG0c&quot;},{&quot;accountno&quot;:&quot;63046332&quot;,&quot;departmentno&quot;:2,&quot;salary&quot;:7654321,&quot;pincode&quot;:950542,&quot;userid&quot;:&quot;g3XNrrwU0oVXB9kVJ132&quot;,&quot;id&quot;:&quot;nOpU0mb9QVXZkNM6CmeC&quot;},{&quot;accountno&quot;:&quot;33163332&quot;,&quot;departmentno&quot;:2,&quot;salary&quot;:50000,&quot;pincode&quot;:450012,&quot;userid&quot;:&quot;g3XNrrwU0oVXB9kVJ132&quot;,&quot;id&quot;:&quot;L9aohif57XeIxqubtSb1&quot;},{&quot;accountno&quot;:&quot;12312312&quot;,&quot;departmentno&quot;:9,&quot;salary&quot;:1011111,&quot;pincode&quot;:123457,&quot;userid&quot;:&quot;uOeP1LqAOnF3DTNy7HRY&quot;,&quot;id&quot;:&quot;cpkRklBhuzHGduXpJica&quot;},{&quot;accountno&quot;:&quot;12345678&quot;,&quot;departmentno&quot;:8,&quot;salary&quot;:700012,&quot;pincode&quot;:123456,&quot;userid&quot;:&quot;uOeP1LqAOnF3DTNy7HRY&quot;,&quot;id&quot;:&quot;PskMQqHaAx7dXo227xmq&quot;},{&quot;accountno&quot;:&quot;50000000&quot;,&quot;departmentno&quot;:&quot;9&quot;,&quot;salary&quot;:&quot;00000&quot;,&quot;pincode&quot;:&quot;951299&quot;,&quot;userid&quot;:&quot;VyzFzGdrldfutDmGHMRm&quot;,&quot;id&quot;:&quot;L6LxcUkemNX2GduK4VOp&quot;},{&quot;accountno&quot;:&quot;12345679&quot;,&quot;departmentno&quot;:&quot;2&quot;,&quot;salary&quot;:&quot;101&quot;,&quot;pincode&quot;:&quot;123457&quot;,&quot;userid&quot;:&quot;UMpV7GiXRFxg4E4zczvb&quot;,&quot;id&quot;:&quot;qGSKz1jD8O27HzZgnxtq&quot;},{&quot;accountno&quot;:&quot;77777777&quot;,&quot;departmentno&quot;:&quot;0&quot;,&quot;salary&quot;:&quot;000000&quot;,&quot;pincode&quot;:&quot;555555&quot;,&quot;userid&quot;:&quot;TKd8CY7OebEXKuLypGxT&quot;,&quot;id&quot;:&quot;oCEGPkRoWqnHT4xptpsZ&quot;},{&quot;accountno&quot;:&quot;10000001&quot;,&quot;departmentno&quot;:&quot;9&quot;,&quot;salary&quot;:&quot;909090&quot;,&quot;pincode&quot;:&quot;545456&quot;,&quot;userid&quot;:&quot;TKd8CY7OebEXKuLypGxT&quot;,&quot;id&quot;:&quot;8nnFAWHnnYruWmaYISrt&quot;},{&quot;accountno&quot;:&quot;75787578&quot;,&quot;departmentno&quot;:&quot;9&quot;,&quot;salary&quot;:&quot;123456&quot;,&quot;pincode&quot;:&quot;456789&quot;,&quot;userid&quot;:&quot;xdxCXbqCYalNgsGKFOcx&quot;,&quot;id&quot;:&quot;AH2zUZibDQQRnIyJ4d7B&quot;},{&quot;accountno&quot;:&quot;11111111&quot;,&quot;departmentno&quot;:27,&quot;salary&quot;:180230,&quot;pincode&quot;:521185,&quot;userid&quot;:&quot;fT6My7qojoDykkx53dTK&quot;,&quot;id&quot;:&quot;rnPoVGwIkXQrrVkIH5cA&quot;},{&quot;accountno&quot;:&quot;12121212&quot;,&quot;departmentno&quot;:1,&quot;salary&quot;:&quot;&quot;,&quot;pincode&quot;:121212,&quot;userid&quot;:&quot;tlgGgFrL4EhtaG1QsIC0&quot;,&quot;id&quot;:&quot;E4d7c06uE1CSm9wRVQER&quot;},{&quot;accountno&quot;:&quot;111110&quot;,&quot;departmentno&quot;:&quot;12345&quot;,&quot;salary&quot;:&quot;9999999&quot;,&quot;pincode&quot;:&quot;012345&quot;,&quot;userid&quot;:&quot;JkHqJgxoYXu4JmKVHecw&quot;,&quot;id&quot;:&quot;Y6qURh4yuGaYRqW8p5rY&quot;},{&quot;accountno&quot;:&quot;87654321&quot;,&quot;departmentno&quot;:&quot;99999999&quot;,&quot;salary&quot;:&quot;1230&quot;,&quot;pincode&quot;:&quot;654321&quot;,&quot;userid&quot;:&quot;jK6TLwt6oIcYQmeujB2R&quot;,&quot;id&quot;:&quot;cM5TMe5CRP2YShZ9xMFH&quot;},{&quot;accountno&quot;:&quot;12365478&quot;,&quot;departmentno&quot;:&quot;5&quot;,&quot;salary&quot;:&quot;158946&quot;,&quot;pincode&quot;:&quot;636845&quot;,&quot;userid&quot;:&quot;qR4qAxCXCQhGzSxdWe92&quot;,&quot;id&quot;:&quot;3T4gPAmjBoX0MxKxCYx6&quot;},{&quot;accountno&quot;:&quot;87654321&quot;,&quot;departmentno&quot;:&quot;0&quot;,&quot;salary&quot;:&quot;1230&quot;,&quot;pincode&quot;:&quot;654321&quot;,&quot;userid&quot;:&quot;jK6TLwt6oIcYQmeujB2R&quot;,&quot;id&quot;:&quot;puwscij4ewts3pPwhpTp&quot;},{&quot;accountno&quot;:&quot;123457&quot;,&quot;departmentno&quot;:&quot;0000&quot;,&quot;salary&quot;:&quot;11111&quot;,&quot;pincode&quot;:&quot;111111&quot;,&quot;userid&quot;:&quot;JkHqJgxoYXu4JmKVHecw&quot;,&quot;id&quot;:&quot;KLjfaHLOwrWrtZxjx4ow&quot;},{&quot;accountno&quot;:&quot;12365478&quot;,&quot;departmentno&quot;:&quot;5&quot;,&quot;salary&quot;:&quot;158946&quot;,&quot;pincode&quot;:&quot;636845&quot;,&quot;userid&quot;:&quot;qR4qAxCXCQhGzSxdWe92&quot;,&quot;id&quot;:&quot;HIskUZ8YQUvS8ciqh4tK&quot;},{&quot;accountno&quot;:&quot;12365478&quot;,&quot;departmentno&quot;:&quot;5&quot;,&quot;salary&quot;:&quot;158946&quot;,&quot;pincode&quot;:&quot;636845&quot;,&quot;userid&quot;:&quot;qR4qAxCXCQhGzSxdWe92&quot;,&quot;id&quot;:&quot;vNh5RRzDqZOiitWZemhG&quot;},{&quot;accountno&quot;:&quot;11111112&quot;,&quot;departmentno&quot;:8,&quot;salary&quot;:20000,&quot;pincode&quot;:254788,&quot;userid&quot;:&quot;TdVstg5dMDwsl2dk2Ob0&quot;,&quot;id&quot;:&quot;6iqQ7gbkYu0DZ9nBKzcO&quot;},{&quot;accountno&quot;:&quot;11122233&quot;,&quot;departmentno&quot;:&quot;1&quot;,&quot;salary&quot;:&quot;500&quot;,&quot;pincode&quot;:&quot;205433&quot;,&quot;userid&quot;:&quot;znu0JsBdqlW8Z4BObFeU&quot;,&quot;id&quot;:&quot;HaTJ4b0jrSwmgLytuIja&quot;},{&quot;accountno&quot;:&quot;12365478&quot;,&quot;departmentno&quot;:&quot;5&quot;,&quot;salary&quot;:&quot;158946&quot;,&quot;pincode&quot;:&quot;636845&quot;,&quot;userid&quot;:&quot;qR4qAxCXCQhGzSxdWe92&quot;,&quot;id&quot;:&quot;xyBKcUH0ttuXHMiyXISD&quot;},{&quot;accountno&quot;:&quot;32244555&quot;,&quot;departmentno&quot;:&quot;1&quot;,&quot;salary&quot;:&quot;2322111&quot;,&quot;pincode&quot;:&quot;605432&quot;,&quot;userid&quot;:&quot;znu0JsBdqlW8Z4BObFeU&quot;,&quot;id&quot;:&quot;2sP6tABohPvI3yv9KD7P&quot;},{&quot;accountno&quot;:12121212,&quot;departmentno&quot;:1,&quot;salary&quot;:&quot;985555&quot;,&quot;pincode&quot;:&quot;00&quot;,&quot;userid&quot;:&quot;0i9ethfGZFRymdflhjue&quot;,&quot;id&quot;:&quot;skFRDUVOnTcbpzWT20GI&quot;},{&quot;accountno&quot;:&quot;87654321&quot;,&quot;departmentno&quot;:&quot;0&quot;,&quot;salary&quot;:&quot;1230&quot;,&quot;pincode&quot;:&quot;654321&quot;,&quot;userid&quot;:&quot;jK6TLwt6oIcYQmeujB2R&quot;,&quot;id&quot;:&quot;xMUeaCfs1hpjMvd7mHpK&quot;},{&quot;accountno&quot;:&quot;12365478&quot;,&quot;departmentno&quot;:&quot;4&quot;,&quot;salary&quot;:&quot;158946&quot;,&quot;pincode&quot;:&quot;636845&quot;,&quot;userid&quot;:&quot;qR4qAxCXCQhGzSxdWe92&quot;,&quot;id&quot;:&quot;6e7gEBgQhWnMFbX41hDg&quot;},{&quot;accountno&quot;:&quot;32244555&quot;,&quot;departmentno&quot;:1,&quot;salary&quot;:100000,&quot;pincode&quot;:605432,&quot;userid&quot;:&quot;znu0JsBdqlW8Z4BObFeU&quot;,&quot;id&quot;:&quot;AhguCOPC9rwAbdqFO6do&quot;},{&quot;accountno&quot;:&quot;78906547&quot;,&quot;departmentno&quot;:&quot;9&quot;,&quot;salary&quot;:&quot;1111000&quot;,&quot;pincode&quot;:&quot;222222&quot;,&quot;userid&quot;:&quot;xdxCXbqCYalNgsGKFOcx&quot;,&quot;id&quot;:&quot;e0rYO3C9gpsuYYs2gvM7&quot;},{&quot;accountno&quot;:&quot;88855881&quot;,&quot;departmentno&quot;:8,&quot;salary&quot;:123456,&quot;pincode&quot;:456789,&quot;userid&quot;:&quot;xdxCXbqCYalNgsGKFOcx&quot;,&quot;id&quot;:&quot;Ah58cbYmhL6nGLgdm1CH&quot;},{&quot;accountno&quot;:&quot;21456378&quot;,&quot;departmentno&quot;:&quot;3&quot;,&quot;salary&quot;:&quot;210000&quot;,&quot;pincode&quot;:&quot;765432&quot;,&quot;userid&quot;:&quot;znu0JsBdqlW8Z4BObFeU&quot;,&quot;id&quot;:&quot;TWuFnlkUIjGvDNwDsjm0&quot;},{&quot;accountno&quot;:&quot;77777777&quot;,&quot;departmentno&quot;:&quot;1&quot;,&quot;salary&quot;:&quot;99999&quot;,&quot;pincode&quot;:&quot;888888&quot;,&quot;userid&quot;:&quot;0i9ethfGZFRymdflhjue&quot;,&quot;id&quot;:&quot;A4Pse9yefdgmUErPwr6e&quot;},{&quot;accountno&quot;:&quot;21456378&quot;,&quot;departmentno&quot;:&quot;3&quot;,&quot;salary&quot;:&quot;210000&quot;,&quot;pincode&quot;:&quot;765432&quot;,&quot;userid&quot;:&quot;znu0JsBdqlW8Z4BObFeU&quot;,&quot;id&quot;:&quot;kx8eRqzgcz3W6OaiScpL&quot;},{&quot;accountno&quot;:&quot;123456&quot;,&quot;departmentno&quot;:&quot;6&quot;,&quot;salary&quot;:&quot;456642&quot;,&quot;pincode&quot;:&quot;234566&quot;,&quot;userid&quot;:&quot;JkHqJgxoYXu4JmKVHecw&quot;,&quot;id&quot;:&quot;3CB6JKtJHoOtCeWzusBT&quot;},{&quot;accountno&quot;:&quot;12345678&quot;,&quot;departmentno&quot;:&quot;8&quot;,&quot;salary&quot;:&quot;7000&quot;,&quot;pincode&quot;:&quot;567893&quot;,&quot;userid&quot;:&quot;tlgGgFrL4EhtaG1QsIC0&quot;,&quot;id&quot;:&quot;nAnktC6qv01xlThV8yTa&quot;},{&quot;accountno&quot;:&quot;12345678&quot;,&quot;departmentno&quot;:&quot;8&quot;,&quot;salary&quot;:&quot;3456770&quot;,&quot;pincode&quot;:&quot;567893&quot;,&quot;userid&quot;:&quot;tlgGgFrL4EhtaG1QsIC0&quot;,&quot;id&quot;:&quot;pfVF2Lyx7ZGq8RhJ8FXh&quot;},{&quot;accountno&quot;:&quot;88888888&quot;,&quot;departmentno&quot;:&quot;8&quot;,&quot;salary&quot;:&quot;1111111&quot;,&quot;pincode&quot;:&quot;222222&quot;,&quot;userid&quot;:&quot;xdxCXbqCYalNgsGKFOcx&quot;,&quot;id&quot;:&quot;CZZIFwaTU629Ai6duQRD&quot;},{&quot;accountno&quot;:&quot;12345678&quot;,&quot;departmentno&quot;:&quot;7&quot;,&quot;salary&quot;:&quot;123456&quot;,&quot;pincode&quot;:&quot;098765&quot;,&quot;userid&quot;:&quot;xdxCXbqCYalNgsGKFOcx&quot;,&quot;id&quot;:&quot;HvtETYRvcNiQ9nmFRdMk&quot;},{&quot;accountno&quot;:&quot;23456712&quot;,&quot;departmentno&quot;:2,&quot;salary&quot;:350000,&quot;pincode&quot;:543216,&quot;userid&quot;:&quot;znu0JsBdqlW8Z4BObFeU&quot;,&quot;id&quot;:&quot;8ZCEHXZdVXv4KPy5Km8x&quot;},{&quot;accountno&quot;:&quot;78634598&quot;,&quot;departmentno&quot;:&quot;8&quot;,&quot;salary&quot;:&quot;90876&quot;,&quot;pincode&quot;:&quot;584201&quot;,&quot;userid&quot;:&quot;bkIputQuPTs2zkhrMT6d&quot;,&quot;id&quot;:&quot;oG8AFKFQV5tOTyQmsqce&quot;},{&quot;accountno&quot;:&quot;23423423&quot;,&quot;departmentno&quot;:&quot;9&quot;,&quot;salary&quot;:&quot;2000&quot;,&quot;pincode&quot;:&quot;254786&quot;,&quot;userid&quot;:&quot;TdVstg5dMDwsl2dk2Ob0&quot;,&quot;id&quot;:&quot;rZyo0uwirHc2VoVzRuYd&quot;},{&quot;accountno&quot;:&quot;78634598&quot;,&quot;departmentno&quot;:3,&quot;salary&quot;:90876,&quot;pincode&quot;:584201,&quot;userid&quot;:&quot;bkIputQuPTs2zkhrMT6d&quot;,&quot;id&quot;:&quot;K0ZYHCK9PYS1Q9X16xPO&quot;},{&quot;accountno&quot;:&quot;56789325&quot;,&quot;departmentno&quot;:&quot;4&quot;,&quot;salary&quot;:&quot;213456&quot;,&quot;pincode&quot;:&quot;584100&quot;,&quot;userid&quot;:&quot;bkIputQuPTs2zkhrMT6d&quot;,&quot;id&quot;:&quot;HZ2G9l4WFIwG8JUtY228&quot;},{&quot;accountno&quot;:&quot;12345678&quot;,&quot;departmentno&quot;:&quot;1&quot;,&quot;salary&quot;:&quot;125000&quot;,&quot;pincode&quot;:&quot;654321&quot;,&quot;userid&quot;:&quot;znu0JsBdqlW8Z4BObFeU&quot;,&quot;id&quot;:&quot;tsaM1kR9XOFfbiKYOQfS&quot;},{&quot;accountno&quot;:&quot;56789325&quot;,&quot;departmentno&quot;:&quot;4&quot;,&quot;salary&quot;:&quot;213456&quot;,&quot;pincode&quot;:&quot;584100&quot;,&quot;userid&quot;:&quot;bkIputQuPTs2zkhrMT6d&quot;,&quot;id&quot;:&quot;IXuxwPgHyHqGKG0mbXrU&quot;},{&quot;accountno&quot;:&quot;77778888&quot;,&quot;departmentno&quot;:&quot;1&quot;,&quot;salary&quot;:&quot;55555&quot;,&quot;pincode&quot;:&quot;666666&quot;,&quot;userid&quot;:&quot;0i9ethfGZFRymdflhjue&quot;,&quot;id&quot;:&quot;Jk9Weq2EZRmEWJS5uWlV&quot;},{&quot;accountno&quot;:&quot;12345678&quot;,&quot;departmentno&quot;:&quot;1&quot;,&quot;salary&quot;:&quot;3434&quot;,&quot;pincode&quot;:&quot;111111&quot;,&quot;userid&quot;:&quot;TKd8CY7OebEXKuLypGxT&quot;,&quot;id&quot;:&quot;ZheYX0c2WmHUR1NiKgMT&quot;},{&quot;accountno&quot;:&quot;12365478&quot;,&quot;departmentno&quot;:&quot;2&quot;,&quot;salary&quot;:&quot;158946&quot;,&quot;pincode&quot;:&quot;636845&quot;,&quot;userid&quot;:&quot;qR4qAxCXCQhGzSxdWe92&quot;,&quot;id&quot;:&quot;hMo9kB82S2Af2xRDRvtK&quot;},{&quot;accountno&quot;:&quot;12345678&quot;,&quot;departmentno&quot;:&quot;7&quot;,&quot;salary&quot;:&quot;34567&quot;,&quot;pincode&quot;:&quot;567893&quot;,&quot;userid&quot;:&quot;tlgGgFrL4EhtaG1QsIC0&quot;,&quot;id&quot;:&quot;RLs7LboaiNJeKBpQkFeg&quot;},{&quot;accountno&quot;:&quot;12345678&quot;,&quot;departmentno&quot;:&quot;7&quot;,&quot;salary&quot;:&quot;34567&quot;,&quot;pincode&quot;:&quot;567893&quot;,&quot;userid&quot;:&quot;tlgGgFrL4EhtaG1QsIC0&quot;,&quot;id&quot;:&quot;4MWsHKhJFg4aiYrFKC4w&quot;},{&quot;accountno&quot;:78584712,&quot;departmentno&quot;:1,&quot;salary&quot;:&quot;985555&quot;,&quot;pincode&quot;:&quot;471111&quot;,&quot;userid&quot;:&quot;0i9ethfGZFRymdflhjue&quot;,&quot;id&quot;:&quot;NeLPadwd6YjsCWO8yCic&quot;},{&quot;accountno&quot;:&quot;71452636&quot;,&quot;departmentno&quot;:&quot;1&quot;,&quot;salary&quot;:&quot;451235&quot;,&quot;pincode&quot;:&quot;741566&quot;,&quot;userid&quot;:&quot;0i9ethfGZFRymdflhjue&quot;,&quot;id&quot;:&quot;aAJPm8v6xLRO8rxP3Ubh&quot;},{&quot;accountno&quot;:&quot;12365478&quot;,&quot;departmentno&quot;:&quot;1&quot;,&quot;salary&quot;:&quot;154896&quot;,&quot;pincode&quot;:&quot;658742&quot;,&quot;userid&quot;:&quot;qR4qAxCXCQhGzSxdWe92&quot;,&quot;id&quot;:&quot;bkkJw80hJbI4mqELkhqF&quot;},{&quot;accountno&quot;:&quot;56565657&quot;,&quot;departmentno&quot;:&quot;7&quot;,&quot;salary&quot;:&quot;8989898&quot;,&quot;pincode&quot;:&quot;909876&quot;,&quot;userid&quot;:&quot;tlgGgFrL4EhtaG1QsIC0&quot;,&quot;id&quot;:&quot;OY7Gp3Fr0KhWrvVkRYNl&quot;},{&quot;accountno&quot;:&quot;56565657&quot;,&quot;departmentno&quot;:&quot;7&quot;,&quot;salary&quot;:&quot;8989898&quot;,&quot;pincode&quot;:&quot;909876&quot;,&quot;userid&quot;:&quot;tlgGgFrL4EhtaG1QsIC0&quot;,&quot;id&quot;:&quot;QLvhemKOHKCQ1nqE0FbG&quot;},{&quot;accountno&quot;:&quot;56565657&quot;,&quot;departmentno&quot;:&quot;7&quot;,&quot;salary&quot;:&quot;8989898&quot;,&quot;pincode&quot;:&quot;909876&quot;,&quot;userid&quot;:&quot;tlgGgFrL4EhtaG1QsIC0&quot;,&quot;id&quot;:&quot;rO9GTRQI6UCdX2gixmFT&quot;},{&quot;accountno&quot;:&quot;34567892&quot;,&quot;departmentno&quot;:5,&quot;salary&quot;:4907788,&quot;pincode&quot;:674679,&quot;userid&quot;:&quot;tlgGgFrL4EhtaG1QsIC0&quot;,&quot;id&quot;:&quot;dPPhzD99LNHJxwGm7ibU&quot;},{&quot;accountno&quot;:&quot;34567892&quot;,&quot;departmentno&quot;:5,&quot;salary&quot;:4907788,&quot;pincode&quot;:674679,&quot;userid&quot;:&quot;tlgGgFrL4EhtaG1QsIC0&quot;,&quot;id&quot;:&quot;LntBZswvSLGxG2ooGs4Q&quot;},{&quot;accountno&quot;:&quot;34567892&quot;,&quot;departmentno&quot;:5,&quot;salary&quot;:4907788,&quot;pincode&quot;:674679,&quot;userid&quot;:&quot;tlgGgFrL4EhtaG1QsIC0&quot;,&quot;id&quot;:&quot;y9MIbFvAj9No783Xo5I8&quot;},{&quot;accountno&quot;:&quot;12345678&quot;,&quot;departmentno&quot;:&quot;1&quot;,&quot;salary&quot;:&quot;1234&quot;,&quot;pincode&quot;:&quot;123456&quot;,&quot;userid&quot;:&quot;g537KB9GfcGWqMrIlMPW&quot;,&quot;id&quot;:&quot;TqS57PwlYg8IvsFZ5QjE&quot;},{&quot;accountno&quot;:&quot;12313423&quot;,&quot;departmentno&quot;:1,&quot;salary&quot;:1200122,&quot;pincode&quot;:123455,&quot;userid&quot;:&quot;taGX4XQQfXD3Z76sI1Xn&quot;,&quot;id&quot;:&quot;wei73hpYCEuejHYU8IZE&quot;},{&quot;accountno&quot;:&quot;77777777&quot;,&quot;departmentno&quot;:&quot;9&quot;,&quot;salary&quot;:&quot;500000&quot;,&quot;pincode&quot;:&quot;678901&quot;,&quot;userid&quot;:&quot;kqrqkGB4KffUDtO8otJn&quot;,&quot;id&quot;:&quot;KHVc3Qyxq8iRrGXNopNy&quot;},{&quot;accountno&quot;:&quot;20000040&quot;,&quot;departmentno&quot;:&quot;4&quot;,&quot;salary&quot;:&quot;20040&quot;,&quot;pincode&quot;:&quot;200040&quot;,&quot;userid&quot;:&quot;XVdEAYnNkz3FsrWew6iu&quot;,&quot;id&quot;:&quot;QLFxDmdp6lzL5G76hQ0T&quot;},{&quot;accountno&quot;:&quot;20000020&quot;,&quot;departmentno&quot;:11,&quot;salary&quot;:20021,&quot;pincode&quot;:200020,&quot;userid&quot;:&quot;XVdEAYnNkz3FsrWew6iu&quot;,&quot;id&quot;:&quot;4vM4aF2zlxCBHpboPfAP&quot;},{&quot;accountno&quot;:&quot;20000020&quot;,&quot;departmentno&quot;:11,&quot;salary&quot;:20021,&quot;pincode&quot;:200020,&quot;userid&quot;:&quot;XVdEAYnNkz3FsrWew6iu&quot;,&quot;id&quot;:&quot;rKR6oknuXGjlmXRi441U&quot;},{&quot;accountno&quot;:&quot;20000020&quot;,&quot;departmentno&quot;:11,&quot;salary&quot;:20021,&quot;pincode&quot;:200020,&quot;userid&quot;:&quot;XVdEAYnNkz3FsrWew6iu&quot;,&quot;id&quot;:&quot;ap0hNA3IDWkOS07NCLaV&quot;},{&quot;accountno&quot;:&quot;13334343&quot;,&quot;departmentno&quot;:&quot;9&quot;,&quot;salary&quot;:&quot;30022&quot;,&quot;pincode&quot;:&quot;590001&quot;,&quot;userid&quot;:&quot;IdB36E42UlOHhyfpFueu&quot;,&quot;id&quot;:&quot;VDZWBhAbVhzwk9aOY9b1&quot;},{&quot;accountno&quot;:&quot;34343434&quot;,&quot;departmentno&quot;:&quot;3&quot;,&quot;salary&quot;:&quot;3333&quot;,&quot;pincode&quot;:&quot;333333&quot;,&quot;userid&quot;:&quot;rramin58ybocMNQoFYXl&quot;,&quot;id&quot;:&quot;GCD4ofW96H9tf2DHOUfD&quot;},{&quot;accountno&quot;:&quot;90909090&quot;,&quot;departmentno&quot;:&quot;5&quot;,&quot;salary&quot;:&quot;5678&quot;,&quot;pincode&quot;:&quot;345678&quot;,&quot;userid&quot;:&quot;nUf87k2SXNyiDE32Mghy&quot;,&quot;id&quot;:&quot;n3VShEW962A74EaZF0zr&quot;},{&quot;accountno&quot;:&quot;20820808&quot;,&quot;departmentno&quot;:&quot;208&quot;,&quot;salary&quot;:&quot;90009&quot;,&quot;pincode&quot;:&quot;530044&quot;,&quot;userid&quot;:&quot;HuYhG15hCmuwXBhKEYKt&quot;,&quot;id&quot;:&quot;hwUuri9RB8dddEofGc5V&quot;},{&quot;accountno&quot;:&quot;44444451&quot;,&quot;departmentno&quot;:&quot;4&quot;,&quot;salary&quot;:&quot;10000&quot;,&quot;pincode&quot;:&quot;951233&quot;,&quot;userid&quot;:&quot;f3au9cGnbYj4Y3qVxcY9&quot;,&quot;id&quot;:&quot;8UxlAUI4d3wNdc7UJ4Wo&quot;},{&quot;accountno&quot;:&quot;44444451&quot;,&quot;departmentno&quot;:&quot;4&quot;,&quot;salary&quot;:&quot;10000&quot;,&quot;pincode&quot;:&quot;951233&quot;,&quot;userid&quot;:&quot;f3au9cGnbYj4Y3qVxcY9&quot;,&quot;id&quot;:&quot;fnnOqaQL9xqZfyr1gIAM&quot;},{&quot;accountno&quot;:&quot;44444450&quot;,&quot;departmentno&quot;:&quot;4&quot;,&quot;salary&quot;:&quot;10000&quot;,&quot;pincode&quot;:&quot;951233&quot;,&quot;userid&quot;:&quot;f3au9cGnbYj4Y3qVxcY9&quot;,&quot;id&quot;:&quot;pmGTodooH8DJxqXD6Bo8&quot;},{&quot;accountno&quot;:&quot;44444448&quot;,&quot;departmentno&quot;:&quot;4&quot;,&quot;salary&quot;:&quot;10000&quot;,&quot;pincode&quot;:&quot;951233&quot;,&quot;userid&quot;:&quot;f3au9cGnbYj4Y3qVxcY9&quot;,&quot;id&quot;:&quot;dEyse7AIF6fKyqzrtv9T&quot;},{&quot;accountno&quot;:&quot;44444447&quot;,&quot;departmentno&quot;:&quot;4&quot;,&quot;salary&quot;:&quot;10000&quot;,&quot;pincode&quot;:&quot;951233&quot;,&quot;userid&quot;:&quot;f3au9cGnbYj4Y3qVxcY9&quot;,&quot;id&quot;:&quot;otqBFHoz1cCplDSZo1II&quot;},{&quot;accountno&quot;:&quot;44444447&quot;,&quot;departmentno&quot;:&quot;4&quot;,&quot;salary&quot;:&quot;10000&quot;,&quot;pincode&quot;:&quot;951233&quot;,&quot;userid&quot;:&quot;f3au9cGnbYj4Y3qVxcY9&quot;,&quot;id&quot;:&quot;YDzQZGKESCqJjDEueFu4&quot;},{&quot;accountno&quot;:&quot;44444446&quot;,&quot;departmentno&quot;:&quot;4&quot;,&quot;salary&quot;:&quot;10000&quot;,&quot;pincode&quot;:&quot;951233&quot;,&quot;userid&quot;:&quot;f3au9cGnbYj4Y3qVxcY9&quot;,&quot;id&quot;:&quot;qIflFZfC4TlbU5Pcrgvr&quot;},{&quot;accountno&quot;:&quot;44444445&quot;,&quot;departmentno&quot;:&quot;4&quot;,&quot;salary&quot;:&quot;10000&quot;,&quot;pincode&quot;:&quot;951233&quot;,&quot;userid&quot;:&quot;f3au9cGnbYj4Y3qVxcY9&quot;,&quot;id&quot;:&quot;3vjFrzLfdurs52NvZeEJ&quot;},{&quot;accountno&quot;:&quot;44444444&quot;,&quot;departmentno&quot;:&quot;4&quot;,&quot;salary&quot;:&quot;10000&quot;,&quot;pincode&quot;:&quot;951233&quot;,&quot;userid&quot;:&quot;f3au9cGnbYj4Y3qVxcY9&quot;,&quot;id&quot;:&quot;eIPSJXIxTdLejh8CYOev&quot;},{&quot;accountno&quot;:&quot;44444444&quot;,&quot;departmentno&quot;:&quot;4&quot;,&quot;salary&quot;:&quot;10000&quot;,&quot;pincode&quot;:&quot;951233&quot;,&quot;userid&quot;:&quot;f3au9cGnbYj4Y3qVxcY9&quot;,&quot;id&quot;:&quot;Ufb1YbRr0aJ2gHOR3Lf5&quot;},{&quot;accountno&quot;:&quot;10045002&quot;,&quot;departmentno&quot;:2,&quot;salary&quot;:5000005,&quot;pincode&quot;:905005,&quot;userid&quot;:&quot;hl5fOcSfs3kPAPjSDQhT&quot;,&quot;id&quot;:&quot;rGeKIFOdQtAoucOoAefv&quot;},{&quot;accountno&quot;:&quot;10045003&quot;,&quot;departmentno&quot;:&quot;7&quot;,&quot;salary&quot;:&quot;5000000&quot;,&quot;pincode&quot;:&quot;905005&quot;,&quot;userid&quot;:&quot;hl5fOcSfs3kPAPjSDQhT&quot;,&quot;id&quot;:&quot;UcByNiTxzey5jdMh8avS&quot;},{&quot;accountno&quot;:&quot;10045009&quot;,&quot;departmentno&quot;:&quot;7&quot;,&quot;salary&quot;:&quot;5000000&quot;,&quot;pincode&quot;:&quot;905005&quot;,&quot;userid&quot;:&quot;hl5fOcSfs3kPAPjSDQhT&quot;,&quot;id&quot;:&quot;GdXIcCMM3ihRlIJtGGIm&quot;},{&quot;accountno&quot;:&quot;12345678&quot;,&quot;departmentno&quot;:2,&quot;salary&quot;:1234,&quot;pincode&quot;:123456,&quot;userid&quot;:&quot;Sg8U7tEgC3yAYOjqNkUK&quot;,&quot;id&quot;:&quot;L81LB4wfBCt9ELf1yHBa&quot;},{&quot;accountno&quot;:&quot;12345678&quot;,&quot;departmentno&quot;:2,&quot;salary&quot;:1234,&quot;pincode&quot;:123456,&quot;userid&quot;:&quot;Sg8U7tEgC3yAYOjqNkUK&quot;,&quot;id&quot;:&quot;o0AUiCb2fiOHTk9eRnve&quot;},{&quot;accountno&quot;:&quot;88000088&quot;,&quot;departmentno&quot;:8,&quot;salary&quot;:7777,&quot;pincode&quot;:777777,&quot;userid&quot;:&quot;taGX4XQQfXD3Z76sI1Xn&quot;,&quot;id&quot;:&quot;BElIZSOPCa0C7zmriSPV&quot;},{&quot;accountno&quot;:&quot;70000007&quot;,&quot;departmentno&quot;:&quot;7&quot;,&quot;salary&quot;:&quot;7777&quot;,&quot;pincode&quot;:&quot;777777&quot;,&quot;userid&quot;:&quot;taGX4XQQfXD3Z76sI1Xn&quot;,&quot;id&quot;:&quot;Jk14veikVCnWvH8fhl9y&quot;},{&quot;accountno&quot;:&quot;70000007&quot;,&quot;departmentno&quot;:&quot;7&quot;,&quot;salary&quot;:&quot;7777&quot;,&quot;pincode&quot;:&quot;777777&quot;,&quot;userid&quot;:&quot;taGX4XQQfXD3Z76sI1Xn&quot;,&quot;id&quot;:&quot;rMD44c6ICHuaJktNk4TJ&quot;},{&quot;accountno&quot;:&quot;70000007&quot;,&quot;departmentno&quot;:&quot;7&quot;,&quot;salary&quot;:&quot;7777&quot;,&quot;pincode&quot;:&quot;777777&quot;,&quot;userid&quot;:&quot;taGX4XQQfXD3Z76sI1Xn&quot;,&quot;id&quot;:&quot;NiAIsIPN7bDQBo6qckGN&quot;},{&quot;accountno&quot;:&quot;70000007&quot;,&quot;departmentno&quot;:&quot;7&quot;,&quot;salary&quot;:&quot;7777&quot;,&quot;pincode&quot;:&quot;777777&quot;,&quot;userid&quot;:&quot;taGX4XQQfXD3Z76sI1Xn&quot;,&quot;id&quot;:&quot;89ftN4AlS8HJxMufriHE&quot;},{&quot;accountno&quot;:&quot;70000007&quot;,&quot;departmentno&quot;:&quot;7&quot;,&quot;salary&quot;:&quot;7777&quot;,&quot;pincode&quot;:&quot;777777&quot;,&quot;userid&quot;:&quot;taGX4XQQfXD3Z76sI1Xn&quot;,&quot;id&quot;:&quot;OrflKHCauwzxZurP29d0&quot;},{&quot;accountno&quot;:&quot;70000007&quot;,&quot;departmentno&quot;:&quot;7&quot;,&quot;salary&quot;:&quot;7777&quot;,&quot;pincode&quot;:&quot;777777&quot;,&quot;userid&quot;:&quot;taGX4XQQfXD3Z76sI1Xn&quot;,&quot;id&quot;:&quot;fCfYMk7dU3LODqI1vi88&quot;},{&quot;accountno&quot;:&quot;70000007&quot;,&quot;departmentno&quot;:&quot;7&quot;,&quot;salary&quot;:&quot;7777&quot;,&quot;pincode&quot;:&quot;777777&quot;,&quot;userid&quot;:&quot;taGX4XQQfXD3Z76sI1Xn&quot;,&quot;id&quot;:&quot;FAhmigYZDbNqngBMEmny&quot;},{&quot;accountno&quot;:&quot;70000007&quot;,&quot;departmentno&quot;:&quot;7&quot;,&quot;salary&quot;:&quot;7777&quot;,&quot;pincode&quot;:&quot;777777&quot;,&quot;userid&quot;:&quot;taGX4XQQfXD3Z76sI1Xn&quot;,&quot;id&quot;:&quot;b1QMDxo9O4OUrCY6MYSK&quot;},{&quot;accountno&quot;:&quot;66677777&quot;,&quot;departmentno&quot;:&quot;5&quot;,&quot;salary&quot;:&quot;5555&quot;,&quot;pincode&quot;:&quot;555555&quot;,&quot;userid&quot;:&quot;aaTLunwlzmlOZuXsBm4W&quot;,&quot;id&quot;:&quot;oCKl2oAuqpNw7wiyPGA3&quot;},{&quot;accountno&quot;:&quot;66677777&quot;,&quot;departmentno&quot;:&quot;5&quot;,&quot;salary&quot;:&quot;5555&quot;,&quot;pincode&quot;:&quot;555555&quot;,&quot;userid&quot;:&quot;aaTLunwlzmlOZuXsBm4W&quot;,&quot;id&quot;:&quot;1NybHb2y7fclpgs0q4sL&quot;},{&quot;accountno&quot;:&quot;66677777&quot;,&quot;departmentno&quot;:&quot;5&quot;,&quot;salary&quot;:&quot;5555&quot;,&quot;pincode&quot;:&quot;555555&quot;,&quot;userid&quot;:&quot;aaTLunwlzmlOZuXsBm4W&quot;,&quot;id&quot;:&quot;QGhh0K5YG53BOQx6Ezo0&quot;},{&quot;accountno&quot;:&quot;66677777&quot;,&quot;departmentno&quot;:&quot;5&quot;,&quot;salary&quot;:&quot;5555&quot;,&quot;pincode&quot;:&quot;555555&quot;,&quot;userid&quot;:&quot;aaTLunwlzmlOZuXsBm4W&quot;,&quot;id&quot;:&quot;ohlBIitAKt52xDtBmdKJ&quot;},{&quot;accountno&quot;:&quot;66677777&quot;,&quot;departmentno&quot;:&quot;5&quot;,&quot;salary&quot;:&quot;5555&quot;,&quot;pincode&quot;:&quot;555555&quot;,&quot;userid&quot;:&quot;aaTLunwlzmlOZuXsBm4W&quot;,&quot;id&quot;:&quot;SjKEoTpJz4gJsiXv5W7H&quot;},{&quot;accountno&quot;:&quot;66677777&quot;,&quot;departmentno&quot;:&quot;5&quot;,&quot;salary&quot;:&quot;5555&quot;,&quot;pincode&quot;:&quot;555555&quot;,&quot;userid&quot;:&quot;aaTLunwlzmlOZuXsBm4W&quot;,&quot;id&quot;:&quot;0QZNwqAheMYFfifD5Z48&quot;},{&quot;accountno&quot;:&quot;66667777&quot;,&quot;departmentno&quot;:&quot;5&quot;,&quot;salary&quot;:&quot;5555&quot;,&quot;pincode&quot;:&quot;555555&quot;,&quot;userid&quot;:&quot;aaTLunwlzmlOZuXsBm4W&quot;,&quot;id&quot;:&quot;TSfp1tdFbHsMUtlZZLJB&quot;},{&quot;accountno&quot;:&quot;66667777&quot;,&quot;departmentno&quot;:&quot;5&quot;,&quot;salary&quot;:&quot;5555&quot;,&quot;pincode&quot;:&quot;555555&quot;,&quot;userid&quot;:&quot;aaTLunwlzmlOZuXsBm4W&quot;,&quot;id&quot;:&quot;Sf3v24zQw9VQhrvDWHIl&quot;},{&quot;accountno&quot;:&quot;10045007&quot;,&quot;departmentno&quot;:7,&quot;salary&quot;:59999990,&quot;pincode&quot;:905004,&quot;userid&quot;:&quot;hl5fOcSfs3kPAPjSDQhT&quot;,&quot;id&quot;:&quot;GZ8Pkb5EzrfDIy7DS8Zy&quot;},{&quot;accountno&quot;:&quot;98765413&quot;,&quot;departmentno&quot;:&quot;7&quot;,&quot;salary&quot;:&quot;500000&quot;,&quot;pincode&quot;:&quot;678901&quot;,&quot;userid&quot;:&quot;kqrqkGB4KffUDtO8otJn&quot;,&quot;id&quot;:&quot;yUGfLpq2vd4I3CFrCrRN&quot;},{&quot;accountno&quot;:&quot;98765413&quot;,&quot;departmentno&quot;:&quot;7&quot;,&quot;salary&quot;:&quot;500000&quot;,&quot;pincode&quot;:&quot;678901&quot;,&quot;userid&quot;:&quot;kqrqkGB4KffUDtO8otJn&quot;,&quot;id&quot;:&quot;iX1bH4JN0iJCQ2IrniKE&quot;},{&quot;accountno&quot;:&quot;59192370&quot;,&quot;departmentno&quot;:&quot;1&quot;,&quot;salary&quot;:&quot;1670840&quot;,&quot;pincode&quot;:&quot;560064&quot;,&quot;userid&quot;:&quot;taGX4XQQfXD3Z76sI1Xn&quot;,&quot;id&quot;:&quot;8n1ODTImNSp75KEmDWiN&quot;},{&quot;accountno&quot;:&quot;98765413&quot;,&quot;departmentno&quot;:&quot;7&quot;,&quot;salary&quot;:&quot;500000&quot;,&quot;pincode&quot;:&quot;678901&quot;,&quot;userid&quot;:&quot;kqrqkGB4KffUDtO8otJn&quot;,&quot;id&quot;:&quot;t8LEGgf3WBOW0hJtaIZu&quot;},{&quot;accountno&quot;:&quot;98765414&quot;,&quot;departmentno&quot;:&quot;7&quot;,&quot;salary&quot;:&quot;500000&quot;,&quot;pincode&quot;:&quot;678901&quot;,&quot;userid&quot;:&quot;kqrqkGB4KffUDtO8otJn&quot;,&quot;id&quot;:&quot;US6YVKMLfHM5pxD3Do9b&quot;},{&quot;accountno&quot;:&quot;22000022&quot;,&quot;departmentno&quot;:&quot;2&quot;,&quot;salary&quot;:&quot;2000&quot;,&quot;pincode&quot;:&quot;212122&quot;,&quot;userid&quot;:&quot;taGX4XQQfXD3Z76sI1Xn&quot;,&quot;id&quot;:&quot;dPBT4aOB6DsV15KfstHA&quot;},{&quot;accountno&quot;:&quot;22000022&quot;,&quot;departmentno&quot;:&quot;2&quot;,&quot;salary&quot;:&quot;2000&quot;,&quot;pincode&quot;:&quot;212122&quot;,&quot;userid&quot;:&quot;fdWRTuQoh9lYWLpYDOhv&quot;,&quot;id&quot;:&quot;WjRRNQ74lDOtO7D1rU7M&quot;},{&quot;accountno&quot;:&quot;22000022&quot;,&quot;departmentno&quot;:&quot;2&quot;,&quot;salary&quot;:&quot;2000&quot;,&quot;pincode&quot;:&quot;212122&quot;,&quot;userid&quot;:&quot;fh9K352kVWEZPxVs60W2&quot;,&quot;id&quot;:&quot;V0ucrWJCjf0eeCVetVgw&quot;},{&quot;accountno&quot;:&quot;22000022&quot;,&quot;departmentno&quot;:&quot;2&quot;,&quot;salary&quot;:&quot;2000&quot;,&quot;pincode&quot;:&quot;212122&quot;,&quot;userid&quot;:&quot;taGX4XQQfXD3Z76sI1Xn&quot;,&quot;id&quot;:&quot;6mZ3CRQNKlJqjNCryNjn&quot;},{&quot;accountno&quot;:&quot;22000022&quot;,&quot;departmentno&quot;:&quot;2&quot;,&quot;salary&quot;:&quot;2000&quot;,&quot;pincode&quot;:&quot;212122&quot;,&quot;userid&quot;:&quot;fdWRTuQoh9lYWLpYDOhv&quot;,&quot;id&quot;:&quot;F7hFQc2WVaUBLBnTD6pW&quot;},{&quot;accountno&quot;:&quot;22000022&quot;,&quot;departmentno&quot;:&quot;2&quot;,&quot;salary&quot;:&quot;2000&quot;,&quot;pincode&quot;:&quot;212122&quot;,&quot;userid&quot;:&quot;fh9K352kVWEZPxVs60W2&quot;,&quot;id&quot;:&quot;gdP8q1fuP7MYTv6VBYXN&quot;},{&quot;accountno&quot;:&quot;22000022&quot;,&quot;departmentno&quot;:&quot;2&quot;,&quot;salary&quot;:&quot;2000&quot;,&quot;pincode&quot;:&quot;212122&quot;,&quot;userid&quot;:&quot;taGX4XQQfXD3Z76sI1Xn&quot;,&quot;id&quot;:&quot;YDX6oer1sH7Au4pwIgLK&quot;},{&quot;accountno&quot;:&quot;22000022&quot;,&quot;departmentno&quot;:&quot;2&quot;,&quot;salary&quot;:&quot;2000&quot;,&quot;pincode&quot;:&quot;212122&quot;,&quot;userid&quot;:&quot;fdWRTuQoh9lYWLpYDOhv&quot;,&quot;id&quot;:&quot;m4KSVNrsBs0siO1S4Nmo&quot;},{&quot;accountno&quot;:&quot;22000022&quot;,&quot;departmentno&quot;:&quot;2&quot;,&quot;salary&quot;:&quot;2000&quot;,&quot;pincode&quot;:&quot;212122&quot;,&quot;userid&quot;:&quot;fh9K352kVWEZPxVs60W2&quot;,&quot;id&quot;:&quot;1S1kvd2dwMJFmNol7Tpy&quot;},{&quot;accountno&quot;:&quot;22000022&quot;,&quot;departmentno&quot;:&quot;2&quot;,&quot;salary&quot;:&quot;2000&quot;,&quot;pincode&quot;:&quot;212122&quot;,&quot;userid&quot;:&quot;fdWRTuQoh9lYWLpYDOhv&quot;,&quot;id&quot;:&quot;FPKMVcJjw7y3wHtU6B5X&quot;},{&quot;accountno&quot;:&quot;98765414&quot;,&quot;departmentno&quot;:&quot;7&quot;,&quot;salary&quot;:&quot;500000&quot;,&quot;pincode&quot;:&quot;678901&quot;,&quot;userid&quot;:&quot;kqrqkGB4KffUDtO8otJn&quot;,&quot;id&quot;:&quot;lC2miVM53Vame1WsN8BN&quot;},{&quot;accountno&quot;:&quot;98765414&quot;,&quot;departmentno&quot;:&quot;7&quot;,&quot;salary&quot;:&quot;500000&quot;,&quot;pincode&quot;:&quot;678901&quot;,&quot;userid&quot;:&quot;kqrqkGB4KffUDtO8otJn&quot;,&quot;id&quot;:&quot;OmerXKVPYzJtYLQkGqMi&quot;},{&quot;accountno&quot;:&quot;22000022&quot;,&quot;departmentno&quot;:&quot;2&quot;,&quot;salary&quot;:&quot;2000&quot;,&quot;pincode&quot;:&quot;212122&quot;,&quot;userid&quot;:&quot;fdWRTuQoh9lYWLpYDOhv&quot;,&quot;id&quot;:&quot;tc5e88Ss2rvpL9Hapckw&quot;},{&quot;accountno&quot;:&quot;22000022&quot;,&quot;departmentno&quot;:&quot;2&quot;,&quot;salary&quot;:&quot;2000&quot;,&quot;pincode&quot;:&quot;212122&quot;,&quot;userid&quot;:&quot;fdWRTuQoh9lYWLpYDOhv&quot;,&quot;id&quot;:&quot;n09zh5QYs7bcG31IiI2W&quot;},{&quot;accountno&quot;:&quot;22000022&quot;,&quot;departmentno&quot;:&quot;2&quot;,&quot;salary&quot;:&quot;2000&quot;,&quot;pincode&quot;:&quot;212122&quot;,&quot;userid&quot;:&quot;fdWRTuQoh9lYWLpYDOhv&quot;,&quot;id&quot;:&quot;Hq63W48krFwX98Emc5G3&quot;},{&quot;accountno&quot;:&quot;22000022&quot;,&quot;departmentno&quot;:&quot;2&quot;,&quot;salary&quot;:&quot;2000&quot;,&quot;pincode&quot;:&quot;212122&quot;,&quot;userid&quot;:&quot;taGX4XQQfXD3Z76sI1Xn&quot;,&quot;id&quot;:&quot;qLfx2y8vtEF4hiko5Q09&quot;},{&quot;accountno&quot;:&quot;22000022&quot;,&quot;departmentno&quot;:&quot;2&quot;,&quot;salary&quot;:&quot;2000&quot;,&quot;pincode&quot;:&quot;212122&quot;,&quot;userid&quot;:&quot;fdWRTuQoh9lYWLpYDOhv&quot;,&quot;id&quot;:&quot;yJIB42pcVIRjWQaMLgjt&quot;},{&quot;accountno&quot;:&quot;22000022&quot;,&quot;departmentno&quot;:&quot;2&quot;,&quot;salary&quot;:&quot;2000&quot;,&quot;pincode&quot;:&quot;212122&quot;,&quot;userid&quot;:&quot;taGX4XQQfXD3Z76sI1Xn&quot;,&quot;id&quot;:&quot;YD4GzdbmaGE5xK69h5xQ&quot;},{&quot;accountno&quot;:&quot;22000022&quot;,&quot;departmentno&quot;:&quot;2&quot;,&quot;salary&quot;:&quot;2000&quot;,&quot;pincode&quot;:&quot;212122&quot;,&quot;userid&quot;:&quot;fdWRTuQoh9lYWLpYDOhv&quot;,&quot;id&quot;:&quot;tyxM7zHDUVPDpFisx7FJ&quot;},{&quot;accountno&quot;:&quot;22000022&quot;,&quot;departmentno&quot;:&quot;2&quot;,&quot;salary&quot;:&quot;2000&quot;,&quot;pincode&quot;:&quot;212122&quot;,&quot;userid&quot;:&quot;fh9K352kVWEZPxVs60W2&quot;,&quot;id&quot;:&quot;Q2gXfLvkjHnhAsFJr6ml&quot;},{&quot;accountno&quot;:&quot;22000022&quot;,&quot;departmentno&quot;:&quot;2&quot;,&quot;salary&quot;:&quot;2000&quot;,&quot;pincode&quot;:&quot;212122&quot;,&quot;userid&quot;:&quot;taGX4XQQfXD3Z76sI1Xn&quot;,&quot;id&quot;:&quot;g0ngjinN0PuAzaZYWoE8&quot;},{&quot;accountno&quot;:&quot;22000022&quot;,&quot;departmentno&quot;:&quot;2&quot;,&quot;salary&quot;:&quot;2000&quot;,&quot;pincode&quot;:&quot;212122&quot;,&quot;userid&quot;:&quot;fdWRTuQoh9lYWLpYDOhv&quot;,&quot;id&quot;:&quot;Gl5XYXfT1Mxip9uvtusi&quot;},{&quot;accountno&quot;:&quot;22000022&quot;,&quot;departmentno&quot;:&quot;2&quot;,&quot;salary&quot;:&quot;2000&quot;,&quot;pincode&quot;:&quot;212122&quot;,&quot;userid&quot;:&quot;fdWRTuQoh9lYWLpYDOhv&quot;,&quot;id&quot;:&quot;i2brhqitFS5qlIazQHej&quot;},{&quot;accountno&quot;:&quot;22000022&quot;,&quot;departmentno&quot;:&quot;2&quot;,&quot;salary&quot;:&quot;2000&quot;,&quot;pincode&quot;:&quot;212122&quot;,&quot;userid&quot;:&quot;taGX4XQQfXD3Z76sI1Xn&quot;,&quot;id&quot;:&quot;0hvcaRPhD7zJogyv31ri&quot;},{&quot;accountno&quot;:&quot;22000022&quot;,&quot;departmentno&quot;:&quot;2&quot;,&quot;salary&quot;:&quot;2000&quot;,&quot;pincode&quot;:&quot;212122&quot;,&quot;userid&quot;:&quot;fdWRTuQoh9lYWLpYDOhv&quot;,&quot;id&quot;:&quot;rKO9GNEH9w6zudhUfzyZ&quot;},{&quot;accountno&quot;:&quot;98765414&quot;,&quot;departmentno&quot;:&quot;7&quot;,&quot;salary&quot;:&quot;500000&quot;,&quot;pincode&quot;:&quot;678901&quot;,&quot;userid&quot;:&quot;kqrqkGB4KffUDtO8otJn&quot;,&quot;id&quot;:&quot;MKRikinaOwoONg5GDcMZ&quot;},{&quot;accountno&quot;:&quot;98765414&quot;,&quot;departmentno&quot;:&quot;7&quot;,&quot;salary&quot;:&quot;500000&quot;,&quot;pincode&quot;:&quot;678901&quot;,&quot;userid&quot;:&quot;kqrqkGB4KffUDtO8otJn&quot;,&quot;id&quot;:&quot;Qq4VM5vqwQ7SKCBLzdF7&quot;},{&quot;accountno&quot;:&quot;98765414&quot;,&quot;departmentno&quot;:&quot;7&quot;,&quot;salary&quot;:&quot;500000&quot;,&quot;pincode&quot;:&quot;678901&quot;,&quot;userid&quot;:&quot;kqrqkGB4KffUDtO8otJn&quot;,&quot;id&quot;:&quot;cHU49kiI6oSswGE2Srof&quot;},{&quot;accountno&quot;:&quot;22000022&quot;,&quot;departmentno&quot;:&quot;2&quot;,&quot;salary&quot;:&quot;2000&quot;,&quot;pincode&quot;:&quot;212122&quot;,&quot;userid&quot;:&quot;taGX4XQQfXD3Z76sI1Xn&quot;,&quot;id&quot;:&quot;P00q0WQxUm2FBbPf9qA0&quot;},{&quot;accountno&quot;:&quot;22000022&quot;,&quot;departmentno&quot;:&quot;2&quot;,&quot;salary&quot;:&quot;2000&quot;,&quot;pincode&quot;:&quot;212122&quot;,&quot;userid&quot;:&quot;fdWRTuQoh9lYWLpYDOhv&quot;,&quot;id&quot;:&quot;D9g5PuKqN8kiAEgvrPKD&quot;},{&quot;accountno&quot;:&quot;22000022&quot;,&quot;departmentno&quot;:&quot;2&quot;,&quot;salary&quot;:&quot;2000&quot;,&quot;pincode&quot;:&quot;212122&quot;,&quot;userid&quot;:&quot;taGX4XQQfXD3Z76sI1Xn&quot;,&quot;id&quot;:&quot;TLDhFlsSD5eCHe4910fj&quot;},{&quot;accountno&quot;:&quot;22000022&quot;,&quot;departmentno&quot;:&quot;2&quot;,&quot;salary&quot;:&quot;2000&quot;,&quot;pincode&quot;:&quot;212122&quot;,&quot;userid&quot;:&quot;fdWRTuQoh9lYWLpYDOhv&quot;,&quot;id&quot;:&quot;wDyFvNEbBa6r4TI5ijLM&quot;},{&quot;accountno&quot;:&quot;22000022&quot;,&quot;departmentno&quot;:&quot;2&quot;,&quot;salary&quot;:&quot;2000&quot;,&quot;pincode&quot;:&quot;212122&quot;,&quot;userid&quot;:&quot;taGX4XQQfXD3Z76sI1Xn&quot;,&quot;id&quot;:&quot;4CIMQ7d4RT3BYkZ7Lc0j&quot;},{&quot;accountno&quot;:&quot;22000022&quot;,&quot;departmentno&quot;:&quot;2&quot;,&quot;salary&quot;:&quot;2000&quot;,&quot;pincode&quot;:&quot;212122&quot;,&quot;userid&quot;:&quot;fdWRTuQoh9lYWLpYDOhv&quot;,&quot;id&quot;:&quot;pr77xJ6odlJlMA8A3ljV&quot;},{&quot;accountno&quot;:&quot;22000022&quot;,&quot;departmentno&quot;:&quot;2&quot;,&quot;salary&quot;:&quot;2000&quot;,&quot;pincode&quot;:&quot;212122&quot;,&quot;userid&quot;:&quot;taGX4XQQfXD3Z76sI1Xn&quot;,&quot;id&quot;:&quot;GgRzD91KMX3a3livb26E&quot;},{&quot;accountno&quot;:&quot;22000022&quot;,&quot;departmentno&quot;:&quot;2&quot;,&quot;salary&quot;:&quot;2000&quot;,&quot;pincode&quot;:&quot;212122&quot;,&quot;userid&quot;:&quot;fdWRTuQoh9lYWLpYDOhv&quot;,&quot;id&quot;:&quot;4dKs32ND79uzKV66hyT8&quot;},{&quot;accountno&quot;:&quot;22000022&quot;,&quot;departmentno&quot;:&quot;2&quot;,&quot;salary&quot;:&quot;2000&quot;,&quot;pincode&quot;:&quot;212122&quot;,&quot;userid&quot;:&quot;taGX4XQQfXD3Z76sI1Xn&quot;,&quot;id&quot;:&quot;AHj0KV9TKnrm3POYTHOd&quot;},{&quot;accountno&quot;:&quot;22000022&quot;,&quot;departmentno&quot;:&quot;2&quot;,&quot;salary&quot;:&quot;2000&quot;,&quot;pincode&quot;:&quot;212122&quot;,&quot;userid&quot;:&quot;fdWRTuQoh9lYWLpYDOhv&quot;,&quot;id&quot;:&quot;4HTUmYjTOPAGHfM0B4Lp&quot;},{&quot;accountno&quot;:&quot;98765414&quot;,&quot;departmentno&quot;:&quot;7&quot;,&quot;salary&quot;:&quot;500000&quot;,&quot;pincode&quot;:&quot;678901&quot;,&quot;userid&quot;:&quot;kqrqkGB4KffUDtO8otJn&quot;,&quot;id&quot;:&quot;S4nuClZRDkCpu06Fieoe&quot;},{&quot;accountno&quot;:&quot;22000022&quot;,&quot;departmentno&quot;:&quot;2&quot;,&quot;salary&quot;:&quot;2000&quot;,&quot;pincode&quot;:&quot;212122&quot;,&quot;userid&quot;:&quot;taGX4XQQfXD3Z76sI1Xn&quot;,&quot;id&quot;:&quot;U3LB5PpyozJKxfnYtvTO&quot;},{&quot;accountno&quot;:&quot;22000022&quot;,&quot;departmentno&quot;:&quot;2&quot;,&quot;salary&quot;:&quot;2000&quot;,&quot;pincode&quot;:&quot;212122&quot;,&quot;userid&quot;:&quot;fdWRTuQoh9lYWLpYDOhv&quot;,&quot;id&quot;:&quot;LxR4pFoJh4evZrhpDGNA&quot;},{&quot;accountno&quot;:&quot;22000022&quot;,&quot;departmentno&quot;:&quot;2&quot;,&quot;salary&quot;:&quot;2000&quot;,&quot;pincode&quot;:&quot;212122&quot;,&quot;userid&quot;:&quot;taGX4XQQfXD3Z76sI1Xn&quot;,&quot;id&quot;:&quot;cglWVd90gSlssrrxBBCq&quot;},{&quot;accountno&quot;:&quot;22000022&quot;,&quot;departmentno&quot;:&quot;2&quot;,&quot;salary&quot;:&quot;2000&quot;,&quot;pincode&quot;:&quot;212122&quot;,&quot;userid&quot;:&quot;fdWRTuQoh9lYWLpYDOhv&quot;,&quot;id&quot;:&quot;lS7rBqsSUAfbRR6w0BSK&quot;},{&quot;accountno&quot;:&quot;98765412&quot;,&quot;departmentno&quot;:&quot;7&quot;,&quot;salary&quot;:&quot;500000&quot;,&quot;pincode&quot;:&quot;678901&quot;,&quot;userid&quot;:&quot;kqrqkGB4KffUDtO8otJn&quot;,&quot;id&quot;:&quot;4GR8QpeJU21fRhIRB0qN&quot;},{&quot;accountno&quot;:&quot;22000022&quot;,&quot;departmentno&quot;:&quot;2&quot;,&quot;salary&quot;:&quot;2000&quot;,&quot;pincode&quot;:&quot;212122&quot;,&quot;userid&quot;:&quot;taGX4XQQfXD3Z76sI1Xn&quot;,&quot;id&quot;:&quot;bPOhll1KeHKMQrUBOOgL&quot;},{&quot;accountno&quot;:&quot;22000022&quot;,&quot;departmentno&quot;:&quot;2&quot;,&quot;salary&quot;:&quot;2000&quot;,&quot;pincode&quot;:&quot;212122&quot;,&quot;userid&quot;:&quot;fdWRTuQoh9lYWLpYDOhv&quot;,&quot;id&quot;:&quot;yowk1Y8sL5kflOUXKrcI&quot;},{&quot;accountno&quot;:&quot;98765412&quot;,&quot;departmentno&quot;:&quot;7&quot;,&quot;salary&quot;:&quot;500000&quot;,&quot;pincode&quot;:&quot;678901&quot;,&quot;userid&quot;:&quot;kqrqkGB4KffUDtO8otJn&quot;,&quot;id&quot;:&quot;kkyYBn5MRmgF4nIYKH0x&quot;},{&quot;accountno&quot;:&quot;01012222&quot;,&quot;departmentno&quot;:&quot;9&quot;,&quot;salary&quot;:&quot;5000&quot;,&quot;pincode&quot;:&quot;212129&quot;,&quot;userid&quot;:&quot;taGX4XQQfXD3Z76sI1Xn&quot;,&quot;id&quot;:&quot;ZR0jRVOdkEWtw7qfP57B&quot;},{&quot;accountno&quot;:&quot;01012222&quot;,&quot;departmentno&quot;:&quot;9&quot;,&quot;salary&quot;:&quot;5000&quot;,&quot;pincode&quot;:&quot;212129&quot;,&quot;userid&quot;:&quot;fdWRTuQoh9lYWLpYDOhv&quot;,&quot;id&quot;:&quot;5a5vzWLtv9mB9YrU8bYf&quot;},{&quot;accountno&quot;:&quot;01012222&quot;,&quot;departmentno&quot;:&quot;9&quot;,&quot;salary&quot;:&quot;5000&quot;,&quot;pincode&quot;:&quot;212129&quot;,&quot;userid&quot;:&quot;fh9K352kVWEZPxVs60W2&quot;,&quot;id&quot;:&quot;RFVzSJhMfO8bFjY2P5Mf&quot;},{&quot;accountno&quot;:&quot;01012222&quot;,&quot;departmentno&quot;:&quot;9&quot;,&quot;salary&quot;:&quot;5000&quot;,&quot;pincode&quot;:&quot;212129&quot;,&quot;userid&quot;:&quot;taGX4XQQfXD3Z76sI1Xn&quot;,&quot;id&quot;:&quot;eJEDDQxPjp5xWbxPTDGG&quot;},{&quot;accountno&quot;:&quot;01012222&quot;,&quot;departmentno&quot;:&quot;9&quot;,&quot;salary&quot;:&quot;5000&quot;,&quot;pincode&quot;:&quot;212129&quot;,&quot;userid&quot;:&quot;fh9K352kVWEZPxVs60W2&quot;,&quot;id&quot;:&quot;A3EIFQsYBEeM2xDAHpsj&quot;},{&quot;accountno&quot;:&quot;01012222&quot;,&quot;departmentno&quot;:&quot;9&quot;,&quot;salary&quot;:&quot;5000&quot;,&quot;pincode&quot;:&quot;212129&quot;,&quot;userid&quot;:&quot;taGX4XQQfXD3Z76sI1Xn&quot;,&quot;id&quot;:&quot;RjbLoo8a4V81bjiI48kd&quot;},{&quot;accountno&quot;:&quot;01012222&quot;,&quot;departmentno&quot;:&quot;9&quot;,&quot;salary&quot;:&quot;5000&quot;,&quot;pincode&quot;:&quot;212129&quot;,&quot;userid&quot;:&quot;fh9K352kVWEZPxVs60W2&quot;,&quot;id&quot;:&quot;PS0kteOdhBboEuQ2dXRN&quot;},{&quot;accountno&quot;:&quot;01012222&quot;,&quot;departmentno&quot;:&quot;9&quot;,&quot;salary&quot;:&quot;5000&quot;,&quot;pincode&quot;:&quot;212129&quot;,&quot;userid&quot;:&quot;taGX4XQQfXD3Z76sI1Xn&quot;,&quot;id&quot;:&quot;CGRDs7mVhdZPGgAdRUtP&quot;},{&quot;accountno&quot;:&quot;01012222&quot;,&quot;departmentno&quot;:&quot;9&quot;,&quot;salary&quot;:&quot;5000&quot;,&quot;pincode&quot;:&quot;212129&quot;,&quot;userid&quot;:&quot;fdWRTuQoh9lYWLpYDOhv&quot;,&quot;id&quot;:&quot;rRsBl2BCfN1zmy4lsnmH&quot;},{&quot;accountno&quot;:&quot;01012222&quot;,&quot;departmentno&quot;:&quot;9&quot;,&quot;salary&quot;:&quot;5000&quot;,&quot;pincode&quot;:&quot;212129&quot;,&quot;userid&quot;:&quot;fh9K352kVWEZPxVs60W2&quot;,&quot;id&quot;:&quot;eLRAN7tC2k3VABYFMjyC&quot;},{&quot;accountno&quot;:&quot;01012222&quot;,&quot;departmentno&quot;:&quot;9&quot;,&quot;salary&quot;:&quot;5000&quot;,&quot;pincode&quot;:&quot;212129&quot;,&quot;userid&quot;:&quot;taGX4XQQfXD3Z76sI1Xn&quot;,&quot;id&quot;:&quot;hykqG1Ygmh58E2Y8nke2&quot;},{&quot;accountno&quot;:&quot;01012222&quot;,&quot;departmentno&quot;:&quot;9&quot;,&quot;salary&quot;:&quot;5000&quot;,&quot;pincode&quot;:&quot;212129&quot;,&quot;userid&quot;:&quot;fdWRTuQoh9lYWLpYDOhv&quot;,&quot;id&quot;:&quot;cyODKfTFoexlBVlqEnED&quot;},{&quot;accountno&quot;:&quot;01012222&quot;,&quot;departmentno&quot;:&quot;9&quot;,&quot;salary&quot;:&quot;5000&quot;,&quot;pincode&quot;:&quot;212129&quot;,&quot;userid&quot;:&quot;fh9K352kVWEZPxVs60W2&quot;,&quot;id&quot;:&quot;QTtRn09unOY5MqjyehWv&quot;},{&quot;accountno&quot;:&quot;01012222&quot;,&quot;departmentno&quot;:&quot;9&quot;,&quot;salary&quot;:&quot;5000&quot;,&quot;pincode&quot;:&quot;212129&quot;,&quot;userid&quot;:&quot;taGX4XQQfXD3Z76sI1Xn&quot;,&quot;id&quot;:&quot;3OxE7WRzt3B6SLv2VJTM&quot;},{&quot;accountno&quot;:&quot;01012222&quot;,&quot;departmentno&quot;:&quot;9&quot;,&quot;salary&quot;:&quot;5000&quot;,&quot;pincode&quot;:&quot;212129&quot;,&quot;userid&quot;:&quot;fdWRTuQoh9lYWLpYDOhv&quot;,&quot;id&quot;:&quot;aGICF95BDjOuj3A7WUgZ&quot;},{&quot;accountno&quot;:&quot;01012222&quot;,&quot;departmentno&quot;:&quot;9&quot;,&quot;salary&quot;:&quot;5000&quot;,&quot;pincode&quot;:&quot;212129&quot;,&quot;userid&quot;:&quot;fh9K352kVWEZPxVs60W2&quot;,&quot;id&quot;:&quot;M9oqdUTSL5JJ3uUEopB5&quot;},{&quot;accountno&quot;:&quot;01012222&quot;,&quot;departmentno&quot;:&quot;9&quot;,&quot;salary&quot;:&quot;5000&quot;,&quot;pincode&quot;:&quot;212129&quot;,&quot;userid&quot;:&quot;taGX4XQQfXD3Z76sI1Xn&quot;,&quot;id&quot;:&quot;YAcLpUHXO1JfbfO1q76J&quot;},{&quot;accountno&quot;:&quot;01012222&quot;,&quot;departmentno&quot;:&quot;9&quot;,&quot;salary&quot;:&quot;5000&quot;,&quot;pincode&quot;:&quot;212129&quot;,&quot;userid&quot;:&quot;fh9K352kVWEZPxVs60W2&quot;,&quot;id&quot;:&quot;0e3eNRHO0W6DvnD0HY3k&quot;},{&quot;accountno&quot;:&quot;01012222&quot;,&quot;departmentno&quot;:&quot;9&quot;,&quot;salary&quot;:&quot;5000&quot;,&quot;pincode&quot;:&quot;212129&quot;,&quot;userid&quot;:&quot;taGX4XQQfXD3Z76sI1Xn&quot;,&quot;id&quot;:&quot;PzX0TSLjXQqfIpRabLeq&quot;},{&quot;accountno&quot;:&quot;01012222&quot;,&quot;departmentno&quot;:&quot;9&quot;,&quot;salary&quot;:&quot;5000&quot;,&quot;pincode&quot;:&quot;212129&quot;,&quot;userid&quot;:&quot;fh9K352kVWEZPxVs60W2&quot;,&quot;id&quot;:&quot;SLBbqSqpqficdsjG4CgY&quot;},{&quot;accountno&quot;:&quot;01012222&quot;,&quot;departmentno&quot;:&quot;9&quot;,&quot;salary&quot;:&quot;5000&quot;,&quot;pincode&quot;:&quot;212129&quot;,&quot;userid&quot;:&quot;taGX4XQQfXD3Z76sI1Xn&quot;,&quot;id&quot;:&quot;dSuPGeOHIDuLd5izajUf&quot;},{&quot;accountno&quot;:&quot;01012222&quot;,&quot;departmentno&quot;:&quot;9&quot;,&quot;salary&quot;:&quot;5000&quot;,&quot;pincode&quot;:&quot;212129&quot;,&quot;userid&quot;:&quot;fdWRTuQoh9lYWLpYDOhv&quot;,&quot;id&quot;:&quot;yK7bz9IbjX6Uu8ZQ8Uoe&quot;},{&quot;accountno&quot;:&quot;01012222&quot;,&quot;departmentno&quot;:&quot;9&quot;,&quot;salary&quot;:&quot;5000&quot;,&quot;pincode&quot;:&quot;212129&quot;,&quot;userid&quot;:&quot;fh9K352kVWEZPxVs60W2&quot;,&quot;id&quot;:&quot;YuOyRZ4AcC2BHs9zen1g&quot;},{&quot;accountno&quot;:&quot;01012222&quot;,&quot;departmentno&quot;:&quot;9&quot;,&quot;salary&quot;:&quot;5000&quot;,&quot;pincode&quot;:&quot;212129&quot;,&quot;userid&quot;:&quot;taGX4XQQfXD3Z76sI1Xn&quot;,&quot;id&quot;:&quot;qHBisaeGWWAqN65a95OW&quot;},{&quot;accountno&quot;:&quot;01012222&quot;,&quot;departmentno&quot;:&quot;9&quot;,&quot;salary&quot;:&quot;5000&quot;,&quot;pincode&quot;:&quot;212129&quot;,&quot;userid&quot;:&quot;fdWRTuQoh9lYWLpYDOhv&quot;,&quot;id&quot;:&quot;ZDKDXdWx417cBTkRBavS&quot;},{&quot;accountno&quot;:&quot;01012222&quot;,&quot;departmentno&quot;:&quot;9&quot;,&quot;salary&quot;:&quot;5000&quot;,&quot;pincode&quot;:&quot;212129&quot;,&quot;userid&quot;:&quot;fh9K352kVWEZPxVs60W2&quot;,&quot;id&quot;:&quot;JsdiNBEzz2LUBaZpq1EV&quot;},{&quot;accountno&quot;:&quot;10045008&quot;,&quot;departmentno&quot;:&quot;7&quot;,&quot;salary&quot;:&quot;99999999&quot;,&quot;pincode&quot;:&quot;905004&quot;,&quot;userid&quot;:&quot;hl5fOcSfs3kPAPjSDQhT&quot;,&quot;id&quot;:&quot;6RfR0fPBodDvv3hSNiu2&quot;},{&quot;accountno&quot;:&quot;59192370&quot;,&quot;departmentno&quot;:&quot;1&quot;,&quot;salary&quot;:&quot;99990&quot;,&quot;pincode&quot;:&quot;560064&quot;,&quot;userid&quot;:&quot;STPlkSG4zB7TihoZ78KK&quot;,&quot;id&quot;:&quot;fX6fEmuvBsfAOQ81gNpe&quot;},{&quot;accountno&quot;:&quot;59192370&quot;,&quot;departmentno&quot;:&quot;1&quot;,&quot;salary&quot;:&quot;1670840&quot;,&quot;pincode&quot;:&quot;560064&quot;,&quot;userid&quot;:&quot;STPlkSG4zB7TihoZ78KK&quot;,&quot;id&quot;:&quot;0RPW8JY9H1qcLbswLM13&quot;},{&quot;accountno&quot;:&quot;59192388&quot;,&quot;departmentno&quot;:&quot;1&quot;,&quot;salary&quot;:&quot;1670840&quot;,&quot;pincode&quot;:&quot;560064&quot;,&quot;userid&quot;:&quot;STPlkSG4zB7TihoZ78KK&quot;,&quot;id&quot;:&quot;RQF054WrWjAQrM7MfzS2&quot;},{&quot;accountno&quot;:&quot;59192388&quot;,&quot;departmentno&quot;:&quot;1&quot;,&quot;salary&quot;:&quot;1670840&quot;,&quot;pincode&quot;:&quot;560064&quot;,&quot;userid&quot;:&quot;STPlkSG4zB7TihoZ78KK&quot;,&quot;id&quot;:&quot;2VYcAlSowc7VjRXCUf4B&quot;},{&quot;accountno&quot;:&quot;59192388&quot;,&quot;departmentno&quot;:&quot;1&quot;,&quot;salary&quot;:&quot;1670840&quot;,&quot;pincode&quot;:&quot;560064&quot;,&quot;userid&quot;:&quot;STPlkSG4zB7TihoZ78KK&quot;,&quot;id&quot;:&quot;GVUjqg4weLrk3pFNTtVN&quot;},{&quot;accountno&quot;:&quot;59192388&quot;,&quot;departmentno&quot;:&quot;1&quot;,&quot;salary&quot;:&quot;1670840&quot;,&quot;pincode&quot;:&quot;560064&quot;,&quot;userid&quot;:&quot;STPlkSG4zB7TihoZ78KK&quot;,&quot;id&quot;:&quot;2YFky6lAD7hKEb5ArAAe&quot;},{&quot;accountno&quot;:&quot;59192340&quot;,&quot;departmentno&quot;:&quot;1&quot;,&quot;salary&quot;:&quot;1670810&quot;,&quot;pincode&quot;:&quot;560064&quot;,&quot;userid&quot;:&quot;STPlkSG4zB7TihoZ78KK&quot;,&quot;id&quot;:&quot;aWjT1OP21xjmayPoVYEA&quot;},{&quot;accountno&quot;:&quot;59192340&quot;,&quot;departmentno&quot;:&quot;1&quot;,&quot;salary&quot;:&quot;1670810&quot;,&quot;pincode&quot;:&quot;560064&quot;,&quot;userid&quot;:&quot;STPlkSG4zB7TihoZ78KK&quot;,&quot;id&quot;:&quot;BvzGscvTqjYsmKZVxZid&quot;},{&quot;accountno&quot;:&quot;59192328&quot;,&quot;departmentno&quot;:&quot;1&quot;,&quot;salary&quot;:&quot;1670810&quot;,&quot;pincode&quot;:&quot;560064&quot;,&quot;userid&quot;:&quot;STPlkSG4zB7TihoZ78KK&quot;,&quot;id&quot;:&quot;LO2TLBCt00DV2nZlt1gg&quot;},{&quot;accountno&quot;:&quot;59192328&quot;,&quot;departmentno&quot;:&quot;1&quot;,&quot;salary&quot;:&quot;1670810&quot;,&quot;pincode&quot;:&quot;560064&quot;,&quot;userid&quot;:&quot;STPlkSG4zB7TihoZ78KK&quot;,&quot;id&quot;:&quot;kuirxeRRFBh39qnj3t7H&quot;},{&quot;accountno&quot;:&quot;59192328&quot;,&quot;departmentno&quot;:&quot;1&quot;,&quot;salary&quot;:&quot;1670810&quot;,&quot;pincode&quot;:&quot;560064&quot;,&quot;userid&quot;:&quot;STPlkSG4zB7TihoZ78KK&quot;,&quot;id&quot;:&quot;3VODCYQgEnqx180AmDlw&quot;},{&quot;accountno&quot;:&quot;59192328&quot;,&quot;departmentno&quot;:&quot;1&quot;,&quot;salary&quot;:&quot;1670810&quot;,&quot;pincode&quot;:&quot;560064&quot;,&quot;userid&quot;:&quot;STPlkSG4zB7TihoZ78KK&quot;,&quot;id&quot;:&quot;Rui5tNJnbCgYx0gIBEWy&quot;},{&quot;accountno&quot;:&quot;59192328&quot;,&quot;departmentno&quot;:&quot;1&quot;,&quot;salary&quot;:&quot;1670810&quot;,&quot;pincode&quot;:&quot;560064&quot;,&quot;userid&quot;:&quot;STPlkSG4zB7TihoZ78KK&quot;,&quot;id&quot;:&quot;of94W7XqKn0cmzwLXvtR&quot;},{&quot;accountno&quot;:&quot;59192328&quot;,&quot;departmentno&quot;:&quot;1&quot;,&quot;salary&quot;:&quot;1670810&quot;,&quot;pincode&quot;:&quot;560064&quot;,&quot;userid&quot;:&quot;STPlkSG4zB7TihoZ78KK&quot;,&quot;id&quot;:&quot;qDNvazu204gyOWQcl7B4&quot;},{&quot;accountno&quot;:&quot;59192328&quot;,&quot;departmentno&quot;:&quot;1&quot;,&quot;salary&quot;:&quot;1670810&quot;,&quot;pincode&quot;:&quot;560064&quot;,&quot;userid&quot;:&quot;STPlkSG4zB7TihoZ78KK&quot;,&quot;id&quot;:&quot;kIU1WfBFzbhwxIe3KOJd&quot;},{&quot;accountno&quot;:&quot;59192328&quot;,&quot;departmentno&quot;:&quot;1&quot;,&quot;salary&quot;:&quot;1670810&quot;,&quot;pincode&quot;:&quot;560064&quot;,&quot;userid&quot;:&quot;STPlkSG4zB7TihoZ78KK&quot;,&quot;id&quot;:&quot;hSly0uI5KygBMgojiZCf&quot;},{&quot;accountno&quot;:&quot;59192328&quot;,&quot;departmentno&quot;:&quot;1&quot;,&quot;salary&quot;:&quot;1670810&quot;,&quot;pincode&quot;:&quot;560064&quot;,&quot;userid&quot;:&quot;STPlkSG4zB7TihoZ78KK&quot;,&quot;id&quot;:&quot;IHEYqSkNwWt89mOVip9I&quot;},{&quot;accountno&quot;:&quot;12345678&quot;,&quot;departmentno&quot;:&quot;1&quot;,&quot;salary&quot;:&quot;5000&quot;,&quot;pincode&quot;:&quot;123456&quot;,&quot;userid&quot;:&quot;cclYwE8pokGeurIPVSxa&quot;,&quot;id&quot;:&quot;u3QwzndTXS4t53rlMABN&quot;},{&quot;accountno&quot;:&quot;12345678&quot;,&quot;departmentno&quot;:&quot;0&quot;,&quot;salary&quot;:&quot;12345&quot;,&quot;pincode&quot;:&quot;123456&quot;,&quot;userid&quot;:&quot;Sg8U7tEgC3yAYOjqNkUK&quot;,&quot;id&quot;:&quot;qmksoRatzyrlJtVIt2Zy&quot;},{&quot;accountno&quot;:&quot;01012222&quot;,&quot;departmentno&quot;:&quot;9&quot;,&quot;salary&quot;:&quot;5000&quot;,&quot;pincode&quot;:&quot;212129&quot;,&quot;userid&quot;:&quot;taGX4XQQfXD3Z76sI1Xn&quot;,&quot;id&quot;:&quot;Uz7CDJtjluaKXcnadyis&quot;},{&quot;accountno&quot;:&quot;01012222&quot;,&quot;departmentno&quot;:&quot;9&quot;,&quot;salary&quot;:&quot;5000&quot;,&quot;pincode&quot;:&quot;212129&quot;,&quot;userid&quot;:&quot;fdWRTuQoh9lYWLpYDOhv&quot;,&quot;id&quot;:&quot;i5sEw9UZiS2JkJd5Ym1d&quot;},{&quot;accountno&quot;:&quot;01012222&quot;,&quot;departmentno&quot;:&quot;9&quot;,&quot;salary&quot;:&quot;5000&quot;,&quot;pincode&quot;:&quot;212129&quot;,&quot;userid&quot;:&quot;fh9K352kVWEZPxVs60W2&quot;,&quot;id&quot;:&quot;ETVVUsF8DmlH8TaNbLj1&quot;},{&quot;accountno&quot;:&quot;01012222&quot;,&quot;departmentno&quot;:&quot;9&quot;,&quot;salary&quot;:&quot;5000&quot;,&quot;pincode&quot;:&quot;212129&quot;,&quot;userid&quot;:&quot;taGX4XQQfXD3Z76sI1Xn&quot;,&quot;id&quot;:&quot;DVh8X9K4jQW5thLsopwJ&quot;},{&quot;accountno&quot;:&quot;01012222&quot;,&quot;departmentno&quot;:&quot;9&quot;,&quot;salary&quot;:&quot;5000&quot;,&quot;pincode&quot;:&quot;212129&quot;,&quot;userid&quot;:&quot;fdWRTuQoh9lYWLpYDOhv&quot;,&quot;id&quot;:&quot;7rbs6UBscWYp5II9lvEK&quot;},{&quot;accountno&quot;:&quot;01012222&quot;,&quot;departmentno&quot;:&quot;9&quot;,&quot;salary&quot;:&quot;5000&quot;,&quot;pincode&quot;:&quot;212129&quot;,&quot;userid&quot;:&quot;fh9K352kVWEZPxVs60W2&quot;,&quot;id&quot;:&quot;QOSlEyVfEQ0XbyDUSnRx&quot;},{&quot;accountno&quot;:&quot;01012222&quot;,&quot;departmentno&quot;:&quot;9&quot;,&quot;salary&quot;:&quot;5000&quot;,&quot;pincode&quot;:&quot;212129&quot;,&quot;userid&quot;:&quot;taGX4XQQfXD3Z76sI1Xn&quot;,&quot;id&quot;:&quot;EX8QLa4WGdnGJm1GQyMG&quot;},{&quot;accountno&quot;:&quot;01012222&quot;,&quot;departmentno&quot;:&quot;9&quot;,&quot;salary&quot;:&quot;5000&quot;,&quot;pincode&quot;:&quot;212129&quot;,&quot;userid&quot;:&quot;fdWRTuQoh9lYWLpYDOhv&quot;,&quot;id&quot;:&quot;NdS7530MEoQn1x9QCxPe&quot;},{&quot;accountno&quot;:&quot;01012222&quot;,&quot;departmentno&quot;:&quot;9&quot;,&quot;salary&quot;:&quot;5000&quot;,&quot;pincode&quot;:&quot;212129&quot;,&quot;userid&quot;:&quot;fh9K352kVWEZPxVs60W2&quot;,&quot;id&quot;:&quot;zQvOifZKBbBJGTvbkHag&quot;},{&quot;accountno&quot;:&quot;01012222&quot;,&quot;departmentno&quot;:&quot;9&quot;,&quot;salary&quot;:&quot;5000&quot;,&quot;pincode&quot;:&quot;212129&quot;,&quot;userid&quot;:&quot;taGX4XQQfXD3Z76sI1Xn&quot;,&quot;id&quot;:&quot;igSTIa2D0dgCreBjuo13&quot;},{&quot;accountno&quot;:&quot;01012222&quot;,&quot;departmentno&quot;:&quot;9&quot;,&quot;salary&quot;:&quot;5000&quot;,&quot;pincode&quot;:&quot;212129&quot;,&quot;userid&quot;:&quot;fdWRTuQoh9lYWLpYDOhv&quot;,&quot;id&quot;:&quot;eP5ffgAbWX2SH8j9oTxD&quot;},{&quot;accountno&quot;:&quot;01012222&quot;,&quot;departmentno&quot;:&quot;9&quot;,&quot;salary&quot;:&quot;5000&quot;,&quot;pincode&quot;:&quot;212129&quot;,&quot;userid&quot;:&quot;fh9K352kVWEZPxVs60W2&quot;,&quot;id&quot;:&quot;nXekgTaKvyV0vZILCyGB&quot;},{&quot;accountno&quot;:&quot;01012222&quot;,&quot;departmentno&quot;:&quot;9&quot;,&quot;salary&quot;:&quot;5000&quot;,&quot;pincode&quot;:&quot;212129&quot;,&quot;userid&quot;:&quot;taGX4XQQfXD3Z76sI1Xn&quot;,&quot;id&quot;:&quot;XSjZ0VIX9SaBg0ogovb1&quot;},{&quot;accountno&quot;:&quot;01012222&quot;,&quot;departmentno&quot;:&quot;9&quot;,&quot;salary&quot;:&quot;5000&quot;,&quot;pincode&quot;:&quot;212129&quot;,&quot;userid&quot;:&quot;fdWRTuQoh9lYWLpYDOhv&quot;,&quot;id&quot;:&quot;PmQhInigzc1z1ddJFrTC&quot;},{&quot;accountno&quot;:&quot;01012222&quot;,&quot;departmentno&quot;:&quot;9&quot;,&quot;salary&quot;:&quot;5000&quot;,&quot;pincode&quot;:&quot;212129&quot;,&quot;userid&quot;:&quot;fh9K352kVWEZPxVs60W2&quot;,&quot;id&quot;:&quot;Db5xLrUoAfRH2Jsx2mYJ&quot;},{&quot;accountno&quot;:&quot;01012222&quot;,&quot;departmentno&quot;:&quot;9&quot;,&quot;salary&quot;:&quot;5000&quot;,&quot;pincode&quot;:&quot;212129&quot;,&quot;userid&quot;:&quot;taGX4XQQfXD3Z76sI1Xn&quot;,&quot;id&quot;:&quot;jsMda5dWU6irZD0UsC1N&quot;},{&quot;accountno&quot;:&quot;01012222&quot;,&quot;departmentno&quot;:&quot;9&quot;,&quot;salary&quot;:&quot;5000&quot;,&quot;pincode&quot;:&quot;212129&quot;,&quot;userid&quot;:&quot;fdWRTuQoh9lYWLpYDOhv&quot;,&quot;id&quot;:&quot;zUtRVJQ04eGq1VoeWs1w&quot;},{&quot;accountno&quot;:&quot;01012222&quot;,&quot;departmentno&quot;:&quot;9&quot;,&quot;salary&quot;:&quot;5000&quot;,&quot;pincode&quot;:&quot;212129&quot;,&quot;userid&quot;:&quot;fh9K352kVWEZPxVs60W2&quot;,&quot;id&quot;:&quot;RZuLUqSf5Sk1iRcOWGdE&quot;},{&quot;accountno&quot;:&quot;01012222&quot;,&quot;departmentno&quot;:&quot;9&quot;,&quot;salary&quot;:&quot;5000&quot;,&quot;pincode&quot;:&quot;212129&quot;,&quot;userid&quot;:&quot;taGX4XQQfXD3Z76sI1Xn&quot;,&quot;id&quot;:&quot;selIqv2z8p0hWQKNtaiV&quot;},{&quot;accountno&quot;:&quot;01012222&quot;,&quot;departmentno&quot;:&quot;9&quot;,&quot;salary&quot;:&quot;5000&quot;,&quot;pincode&quot;:&quot;212129&quot;,&quot;userid&quot;:&quot;fdWRTuQoh9lYWLpYDOhv&quot;,&quot;id&quot;:&quot;oiZD9ly4Wysn7RFr9o3a&quot;},{&quot;accountno&quot;:&quot;01012222&quot;,&quot;departmentno&quot;:&quot;9&quot;,&quot;salary&quot;:&quot;5000&quot;,&quot;pincode&quot;:&quot;212129&quot;,&quot;userid&quot;:&quot;fh9K352kVWEZPxVs60W2&quot;,&quot;id&quot;:&quot;juGj6d8lT1GZw6lNxmrt&quot;},{&quot;accountno&quot;:&quot;01012222&quot;,&quot;departmentno&quot;:&quot;9&quot;,&quot;salary&quot;:&quot;5000&quot;,&quot;pincode&quot;:&quot;212129&quot;,&quot;userid&quot;:&quot;taGX4XQQfXD3Z76sI1Xn&quot;,&quot;id&quot;:&quot;A6M0WmlK63NGsePXQDGE&quot;},{&quot;accountno&quot;:&quot;01012222&quot;,&quot;departmentno&quot;:&quot;9&quot;,&quot;salary&quot;:&quot;5000&quot;,&quot;pincode&quot;:&quot;212129&quot;,&quot;userid&quot;:&quot;fdWRTuQoh9lYWLpYDOhv&quot;,&quot;id&quot;:&quot;ObMLvSXFcKIX6Hj67ajf&quot;},{&quot;accountno&quot;:&quot;01012222&quot;,&quot;departmentno&quot;:&quot;9&quot;,&quot;salary&quot;:&quot;5000&quot;,&quot;pincode&quot;:&quot;212129&quot;,&quot;userid&quot;:&quot;fh9K352kVWEZPxVs60W2&quot;,&quot;id&quot;:&quot;dPe0MvXzhHpWPr3fWaOc&quot;},{&quot;accountno&quot;:&quot;01012222&quot;,&quot;departmentno&quot;:&quot;9&quot;,&quot;salary&quot;:&quot;5000&quot;,&quot;pincode&quot;:&quot;212129&quot;,&quot;userid&quot;:&quot;taGX4XQQfXD3Z76sI1Xn&quot;,&quot;id&quot;:&quot;HCqVeA5CodBvcOE45F5W&quot;},{&quot;accountno&quot;:&quot;01012222&quot;,&quot;departmentno&quot;:&quot;9&quot;,&quot;salary&quot;:&quot;5000&quot;,&quot;pincode&quot;:&quot;212129&quot;,&quot;userid&quot;:&quot;fdWRTuQoh9lYWLpYDOhv&quot;,&quot;id&quot;:&quot;UDYwUuPtgXecLpZ6aBUE&quot;},{&quot;accountno&quot;:&quot;01012222&quot;,&quot;departmentno&quot;:&quot;9&quot;,&quot;salary&quot;:&quot;5000&quot;,&quot;pincode&quot;:&quot;212129&quot;,&quot;userid&quot;:&quot;fh9K352kVWEZPxVs60W2&quot;,&quot;id&quot;:&quot;EJBemKpkgOKSNmlqmRNC&quot;},{&quot;accountno&quot;:&quot;01019900&quot;,&quot;departmentno&quot;:&quot;9&quot;,&quot;salary&quot;:&quot;5000&quot;,&quot;pincode&quot;:&quot;212129&quot;,&quot;userid&quot;:&quot;taGX4XQQfXD3Z76sI1Xn&quot;,&quot;id&quot;:&quot;3X0vnuXv0CERlvOVau3E&quot;},{&quot;accountno&quot;:&quot;01019900&quot;,&quot;departmentno&quot;:&quot;9&quot;,&quot;salary&quot;:&quot;5000&quot;,&quot;pincode&quot;:&quot;212129&quot;,&quot;userid&quot;:&quot;fdWRTuQoh9lYWLpYDOhv&quot;,&quot;id&quot;:&quot;CV1YVgXPGsCtvfc0eXaQ&quot;},{&quot;accountno&quot;:&quot;01019900&quot;,&quot;departmentno&quot;:&quot;9&quot;,&quot;salary&quot;:&quot;5000&quot;,&quot;pincode&quot;:&quot;212129&quot;,&quot;userid&quot;:&quot;fh9K352kVWEZPxVs60W2&quot;,&quot;id&quot;:&quot;Ii9kFLMdvEPrHjnK8Phc&quot;},{&quot;accountno&quot;:&quot;01019900&quot;,&quot;departmentno&quot;:&quot;9&quot;,&quot;salary&quot;:&quot;5000&quot;,&quot;pincode&quot;:&quot;212129&quot;,&quot;userid&quot;:&quot;taGX4XQQfXD3Z76sI1Xn&quot;,&quot;id&quot;:&quot;3tHsOKU7zJ4PsDUjJ3r8&quot;},{&quot;accountno&quot;:&quot;01019900&quot;,&quot;departmentno&quot;:&quot;9&quot;,&quot;salary&quot;:&quot;5000&quot;,&quot;pincode&quot;:&quot;212129&quot;,&quot;userid&quot;:&quot;fdWRTuQoh9lYWLpYDOhv&quot;,&quot;id&quot;:&quot;YbbxxkqthoS0bwAaD3Mp&quot;},{&quot;accountno&quot;:&quot;01019900&quot;,&quot;departmentno&quot;:&quot;9&quot;,&quot;salary&quot;:&quot;5000&quot;,&quot;pincode&quot;:&quot;212129&quot;,&quot;userid&quot;:&quot;fh9K352kVWEZPxVs60W2&quot;,&quot;id&quot;:&quot;nwyhlT88JLYtUcZnI1KE&quot;},{&quot;accountno&quot;:&quot;01019900&quot;,&quot;departmentno&quot;:&quot;9&quot;,&quot;salary&quot;:&quot;5000&quot;,&quot;pincode&quot;:&quot;212129&quot;,&quot;userid&quot;:&quot;taGX4XQQfXD3Z76sI1Xn&quot;,&quot;id&quot;:&quot;OedIDZ3vnwX3xvbnJa5I&quot;},{&quot;accountno&quot;:&quot;01019900&quot;,&quot;departmentno&quot;:&quot;9&quot;,&quot;salary&quot;:&quot;5000&quot;,&quot;pincode&quot;:&quot;212129&quot;,&quot;userid&quot;:&quot;fdWRTuQoh9lYWLpYDOhv&quot;,&quot;id&quot;:&quot;546Ev2vMtgIXPj9OAauG&quot;},{&quot;accountno&quot;:&quot;01019900&quot;,&quot;departmentno&quot;:&quot;9&quot;,&quot;salary&quot;:&quot;5000&quot;,&quot;pincode&quot;:&quot;212129&quot;,&quot;userid&quot;:&quot;fh9K352kVWEZPxVs60W2&quot;,&quot;id&quot;:&quot;ii8OGeczen5srb1MZioA&quot;},{&quot;accountno&quot;:&quot;01019900&quot;,&quot;departmentno&quot;:&quot;9&quot;,&quot;salary&quot;:&quot;5000&quot;,&quot;pincode&quot;:&quot;212129&quot;,&quot;userid&quot;:&quot;taGX4XQQfXD3Z76sI1Xn&quot;,&quot;id&quot;:&quot;HP9iX2y3ip6L2IqE7WoG&quot;},{&quot;accountno&quot;:&quot;01019900&quot;,&quot;departmentno&quot;:&quot;9&quot;,&quot;salary&quot;:&quot;5000&quot;,&quot;pincode&quot;:&quot;212129&quot;,&quot;userid&quot;:&quot;fdWRTuQoh9lYWLpYDOhv&quot;,&quot;id&quot;:&quot;53erOugAkOKHUQfAskCQ&quot;},{&quot;accountno&quot;:&quot;01019900&quot;,&quot;departmentno&quot;:&quot;9&quot;,&quot;salary&quot;:&quot;5000&quot;,&quot;pincode&quot;:&quot;212129&quot;,&quot;userid&quot;:&quot;fh9K352kVWEZPxVs60W2&quot;,&quot;id&quot;:&quot;eh6VEvFZ38yqgPeaYqZs&quot;},{&quot;accountno&quot;:&quot;01019900&quot;,&quot;departmentno&quot;:&quot;9&quot;,&quot;salary&quot;:&quot;5000&quot;,&quot;pincode&quot;:&quot;212129&quot;,&quot;userid&quot;:&quot;taGX4XQQfXD3Z76sI1Xn&quot;,&quot;id&quot;:&quot;DlK7QfDezvjQ6CpHgBW9&quot;},{&quot;accountno&quot;:&quot;01019900&quot;,&quot;departmentno&quot;:&quot;9&quot;,&quot;salary&quot;:&quot;5000&quot;,&quot;pincode&quot;:&quot;212129&quot;,&quot;userid&quot;:&quot;fdWRTuQoh9lYWLpYDOhv&quot;,&quot;id&quot;:&quot;8M1Lb8IC4kIuAKmBWpPG&quot;},{&quot;accountno&quot;:&quot;01019900&quot;,&quot;departmentno&quot;:&quot;9&quot;,&quot;salary&quot;:&quot;5000&quot;,&quot;pincode&quot;:&quot;212129&quot;,&quot;userid&quot;:&quot;fh9K352kVWEZPxVs60W2&quot;,&quot;id&quot;:&quot;Hfo2wmUwS8NkB85iNnCY&quot;},{&quot;accountno&quot;:&quot;01019900&quot;,&quot;departmentno&quot;:&quot;9&quot;,&quot;salary&quot;:&quot;5000&quot;,&quot;pincode&quot;:&quot;212129&quot;,&quot;userid&quot;:&quot;taGX4XQQfXD3Z76sI1Xn&quot;,&quot;id&quot;:&quot;vJk6y4ygfQosIhzEYUs3&quot;},{&quot;accountno&quot;:&quot;01019900&quot;,&quot;departmentno&quot;:&quot;9&quot;,&quot;salary&quot;:&quot;5000&quot;,&quot;pincode&quot;:&quot;212129&quot;,&quot;userid&quot;:&quot;fdWRTuQoh9lYWLpYDOhv&quot;,&quot;id&quot;:&quot;nNbJtbtS4RQcFQ5XZL4A&quot;},{&quot;accountno&quot;:&quot;01019900&quot;,&quot;departmentno&quot;:&quot;9&quot;,&quot;salary&quot;:&quot;5000&quot;,&quot;pincode&quot;:&quot;212129&quot;,&quot;userid&quot;:&quot;fh9K352kVWEZPxVs60W2&quot;,&quot;id&quot;:&quot;iv7Ttv9TIEwvrF7HdJO9&quot;},{&quot;accountno&quot;:&quot;01019900&quot;,&quot;departmentno&quot;:&quot;9&quot;,&quot;salary&quot;:&quot;5000&quot;,&quot;pincode&quot;:&quot;212129&quot;,&quot;userid&quot;:&quot;taGX4XQQfXD3Z76sI1Xn&quot;,&quot;id&quot;:&quot;ZomcaNuzF5HeVEfA7iX7&quot;},{&quot;accountno&quot;:&quot;01019900&quot;,&quot;departmentno&quot;:&quot;9&quot;,&quot;salary&quot;:&quot;5000&quot;,&quot;pincode&quot;:&quot;212129&quot;,&quot;userid&quot;:&quot;fdWRTuQoh9lYWLpYDOhv&quot;,&quot;id&quot;:&quot;BmIB8oQQZwN1MiTXSIT7&quot;},{&quot;accountno&quot;:&quot;01019900&quot;,&quot;departmentno&quot;:&quot;9&quot;,&quot;salary&quot;:&quot;5000&quot;,&quot;pincode&quot;:&quot;212129&quot;,&quot;userid&quot;:&quot;fh9K352kVWEZPxVs60W2&quot;,&quot;id&quot;:&quot;pLuguLBfNCKpXfADhoTY&quot;},{&quot;accountno&quot;:&quot;01019900&quot;,&quot;departmentno&quot;:&quot;9&quot;,&quot;salary&quot;:&quot;5000&quot;,&quot;pincode&quot;:&quot;212129&quot;,&quot;userid&quot;:&quot;taGX4XQQfXD3Z76sI1Xn&quot;,&quot;id&quot;:&quot;5zGBSgHWLz6K2XVRETLU&quot;},{&quot;accountno&quot;:&quot;01019900&quot;,&quot;departmentno&quot;:&quot;9&quot;,&quot;salary&quot;:&quot;5000&quot;,&quot;pincode&quot;:&quot;212129&quot;,&quot;userid&quot;:&quot;fdWRTuQoh9lYWLpYDOhv&quot;,&quot;id&quot;:&quot;Qqtv1sRE5KIharTHYrkH&quot;},{&quot;accountno&quot;:&quot;01019900&quot;,&quot;departmentno&quot;:&quot;9&quot;,&quot;salary&quot;:&quot;5000&quot;,&quot;pincode&quot;:&quot;212129&quot;,&quot;userid&quot;:&quot;fh9K352kVWEZPxVs60W2&quot;,&quot;id&quot;:&quot;jFZkYYFghuTs7VK5YRuU&quot;},{&quot;accountno&quot;:&quot;01019900&quot;,&quot;departmentno&quot;:&quot;9&quot;,&quot;salary&quot;:&quot;5000&quot;,&quot;pincode&quot;:&quot;212129&quot;,&quot;userid&quot;:&quot;taGX4XQQfXD3Z76sI1Xn&quot;,&quot;id&quot;:&quot;iZWdJbMXa6y9R7voBmex&quot;},{&quot;accountno&quot;:&quot;01019900&quot;,&quot;departmentno&quot;:&quot;9&quot;,&quot;salary&quot;:&quot;5000&quot;,&quot;pincode&quot;:&quot;212129&quot;,&quot;userid&quot;:&quot;fdWRTuQoh9lYWLpYDOhv&quot;,&quot;id&quot;:&quot;3h9XERArH885AhKxyKZU&quot;},{&quot;accountno&quot;:&quot;01019900&quot;,&quot;departmentno&quot;:&quot;9&quot;,&quot;salary&quot;:&quot;5000&quot;,&quot;pincode&quot;:&quot;212129&quot;,&quot;userid&quot;:&quot;fh9K352kVWEZPxVs60W2&quot;,&quot;id&quot;:&quot;ziZKEZQCRoxTm9LkX67E&quot;},{&quot;accountno&quot;:&quot;01019900&quot;,&quot;departmentno&quot;:&quot;9&quot;,&quot;salary&quot;:&quot;5000&quot;,&quot;pincode&quot;:&quot;212129&quot;,&quot;userid&quot;:&quot;taGX4XQQfXD3Z76sI1Xn&quot;,&quot;id&quot;:&quot;WvszPQZ8KLPBVpZa6Z0G&quot;},{&quot;accountno&quot;:&quot;01019900&quot;,&quot;departmentno&quot;:&quot;9&quot;,&quot;salary&quot;:&quot;5000&quot;,&quot;pincode&quot;:&quot;212129&quot;,&quot;userid&quot;:&quot;fdWRTuQoh9lYWLpYDOhv&quot;,&quot;id&quot;:&quot;QijyHF9PC3OjtsFwpaGP&quot;},{&quot;accountno&quot;:&quot;01019900&quot;,&quot;departmentno&quot;:&quot;9&quot;,&quot;salary&quot;:&quot;5000&quot;,&quot;pincode&quot;:&quot;212129&quot;,&quot;userid&quot;:&quot;fh9K352kVWEZPxVs60W2&quot;,&quot;id&quot;:&quot;xZJMHWPTthWNE4vYeT7q&quot;},{&quot;accountno&quot;:&quot;01019900&quot;,&quot;departmentno&quot;:&quot;9&quot;,&quot;salary&quot;:&quot;5000&quot;,&quot;pincode&quot;:&quot;212129&quot;,&quot;userid&quot;:&quot;taGX4XQQfXD3Z76sI1Xn&quot;,&quot;id&quot;:&quot;jyHMzIwjQo8KA0UfiWck&quot;},{&quot;accountno&quot;:&quot;01019900&quot;,&quot;departmentno&quot;:&quot;9&quot;,&quot;salary&quot;:&quot;5000&quot;,&quot;pincode&quot;:&quot;212129&quot;,&quot;userid&quot;:&quot;fdWRTuQoh9lYWLpYDOhv&quot;,&quot;id&quot;:&quot;PywXj7GnjpN8mJjtDhsF&quot;},{&quot;accountno&quot;:&quot;01019900&quot;,&quot;departmentno&quot;:&quot;9&quot;,&quot;salary&quot;:&quot;5000&quot;,&quot;pincode&quot;:&quot;212129&quot;,&quot;userid&quot;:&quot;fh9K352kVWEZPxVs60W2&quot;,&quot;id&quot;:&quot;DhncOsgQHo5yvBoMNZ5E&quot;},{&quot;accountno&quot;:&quot;21219900&quot;,&quot;departmentno&quot;:&quot;9&quot;,&quot;salary&quot;:&quot;5000&quot;,&quot;pincode&quot;:&quot;212129&quot;,&quot;userid&quot;:&quot;taGX4XQQfXD3Z76sI1Xn&quot;,&quot;id&quot;:&quot;AQzzsHU969e33FSPnDYb&quot;},{&quot;accountno&quot;:&quot;21219900&quot;,&quot;departmentno&quot;:&quot;9&quot;,&quot;salary&quot;:&quot;5000&quot;,&quot;pincode&quot;:&quot;212129&quot;,&quot;userid&quot;:&quot;fdWRTuQoh9lYWLpYDOhv&quot;,&quot;id&quot;:&quot;ioU0klvaK7Sp1l8ncqTa&quot;},{&quot;accountno&quot;:&quot;21219900&quot;,&quot;departmentno&quot;:&quot;9&quot;,&quot;salary&quot;:&quot;5000&quot;,&quot;pincode&quot;:&quot;212129&quot;,&quot;userid&quot;:&quot;fh9K352kVWEZPxVs60W2&quot;,&quot;id&quot;:&quot;t66FPDfL8Bu8dEKuTSF0&quot;},{&quot;accountno&quot;:&quot;21219900&quot;,&quot;departmentno&quot;:&quot;9&quot;,&quot;salary&quot;:&quot;5000&quot;,&quot;pincode&quot;:&quot;212129&quot;,&quot;userid&quot;:&quot;taGX4XQQfXD3Z76sI1Xn&quot;,&quot;id&quot;:&quot;6eTMSOIxNUxrKd3tG5st&quot;},{&quot;accountno&quot;:&quot;21219900&quot;,&quot;departmentno&quot;:&quot;9&quot;,&quot;salary&quot;:&quot;5000&quot;,&quot;pincode&quot;:&quot;212129&quot;,&quot;userid&quot;:&quot;fdWRTuQoh9lYWLpYDOhv&quot;,&quot;id&quot;:&quot;8TyTxHo7CNEjzwuuDaNV&quot;},{&quot;accountno&quot;:&quot;21219900&quot;,&quot;departmentno&quot;:&quot;9&quot;,&quot;salary&quot;:&quot;5000&quot;,&quot;pincode&quot;:&quot;212129&quot;,&quot;userid&quot;:&quot;fh9K352kVWEZPxVs60W2&quot;,&quot;id&quot;:&quot;EKskl5333ED00aT9rbLt&quot;},{&quot;accountno&quot;:&quot;21219900&quot;,&quot;departmentno&quot;:&quot;9&quot;,&quot;salary&quot;:&quot;5000&quot;,&quot;pincode&quot;:&quot;212129&quot;,&quot;userid&quot;:&quot;taGX4XQQfXD3Z76sI1Xn&quot;,&quot;id&quot;:&quot;lvgkKFgF74DGleLUqYzn&quot;},{&quot;accountno&quot;:&quot;21219900&quot;,&quot;departmentno&quot;:&quot;9&quot;,&quot;salary&quot;:&quot;5000&quot;,&quot;pincode&quot;:&quot;212129&quot;,&quot;userid&quot;:&quot;fdWRTuQoh9lYWLpYDOhv&quot;,&quot;id&quot;:&quot;ZwrCSNxvl6yrRvylO1fu&quot;},{&quot;accountno&quot;:&quot;21219900&quot;,&quot;departmentno&quot;:&quot;9&quot;,&quot;salary&quot;:&quot;5000&quot;,&quot;pincode&quot;:&quot;212129&quot;,&quot;userid&quot;:&quot;fh9K352kVWEZPxVs60W2&quot;,&quot;id&quot;:&quot;PLSqC2vAN76kHLfsfVHa&quot;},{&quot;accountno&quot;:&quot;21219900&quot;,&quot;departmentno&quot;:&quot;9&quot;,&quot;salary&quot;:&quot;5000&quot;,&quot;pincode&quot;:&quot;212129&quot;,&quot;userid&quot;:&quot;taGX4XQQfXD3Z76sI1Xn&quot;,&quot;id&quot;:&quot;eEORwFCFfJSTyFb2TpAM&quot;},{&quot;accountno&quot;:&quot;21219900&quot;,&quot;departmentno&quot;:&quot;9&quot;,&quot;salary&quot;:&quot;5000&quot;,&quot;pincode&quot;:&quot;212129&quot;,&quot;userid&quot;:&quot;fdWRTuQoh9lYWLpYDOhv&quot;,&quot;id&quot;:&quot;t10QpFkoTThXrY4sjRSI&quot;},{&quot;accountno&quot;:&quot;21219900&quot;,&quot;departmentno&quot;:&quot;9&quot;,&quot;salary&quot;:&quot;5000&quot;,&quot;pincode&quot;:&quot;212129&quot;,&quot;userid&quot;:&quot;fh9K352kVWEZPxVs60W2&quot;,&quot;id&quot;:&quot;r74NTLCh2k35UkGeJ0Av&quot;},{&quot;accountno&quot;:&quot;21219900&quot;,&quot;departmentno&quot;:&quot;9&quot;,&quot;salary&quot;:&quot;5000&quot;,&quot;pincode&quot;:&quot;212129&quot;,&quot;userid&quot;:&quot;taGX4XQQfXD3Z76sI1Xn&quot;,&quot;id&quot;:&quot;sdAXhAak3FKE6LlipRnM&quot;},{&quot;accountno&quot;:&quot;21219900&quot;,&quot;departmentno&quot;:&quot;9&quot;,&quot;salary&quot;:&quot;5000&quot;,&quot;pincode&quot;:&quot;212129&quot;,&quot;userid&quot;:&quot;fdWRTuQoh9lYWLpYDOhv&quot;,&quot;id&quot;:&quot;OisCPkboSuO2g7ZZ1L3g&quot;},{&quot;accountno&quot;:&quot;21219900&quot;,&quot;departmentno&quot;:&quot;9&quot;,&quot;salary&quot;:&quot;5000&quot;,&quot;pincode&quot;:&quot;212129&quot;,&quot;userid&quot;:&quot;fh9K352kVWEZPxVs60W2&quot;,&quot;id&quot;:&quot;PYvf2D7tunnUCbRUdyqO&quot;},{&quot;accountno&quot;:&quot;21219900&quot;,&quot;departmentno&quot;:&quot;9&quot;,&quot;salary&quot;:&quot;5000&quot;,&quot;pincode&quot;:&quot;212129&quot;,&quot;userid&quot;:&quot;taGX4XQQfXD3Z76sI1Xn&quot;,&quot;id&quot;:&quot;FoAQhlE2inV2Q9oRaDXP&quot;},{&quot;accountno&quot;:&quot;21219900&quot;,&quot;departmentno&quot;:&quot;9&quot;,&quot;salary&quot;:&quot;5000&quot;,&quot;pincode&quot;:&quot;212129&quot;,&quot;userid&quot;:&quot;fdWRTuQoh9lYWLpYDOhv&quot;,&quot;id&quot;:&quot;2tsLu4lt2rDqouvviw9I&quot;},{&quot;accountno&quot;:&quot;21219900&quot;,&quot;departmentno&quot;:&quot;9&quot;,&quot;salary&quot;:&quot;5000&quot;,&quot;pincode&quot;:&quot;212129&quot;,&quot;userid&quot;:&quot;fh9K352kVWEZPxVs60W2&quot;,&quot;id&quot;:&quot;co6SOsxiFsvIkMNUTlkh&quot;},{&quot;accountno&quot;:&quot;21210000&quot;,&quot;departmentno&quot;:&quot;9&quot;,&quot;salary&quot;:&quot;5000&quot;,&quot;pincode&quot;:&quot;212129&quot;,&quot;userid&quot;:&quot;taGX4XQQfXD3Z76sI1Xn&quot;,&quot;id&quot;:&quot;OBq73seSOvGzrHhELOoe&quot;},{&quot;accountno&quot;:&quot;21210000&quot;,&quot;departmentno&quot;:&quot;9&quot;,&quot;salary&quot;:&quot;5000&quot;,&quot;pincode&quot;:&quot;212129&quot;,&quot;userid&quot;:&quot;fdWRTuQoh9lYWLpYDOhv&quot;,&quot;id&quot;:&quot;PrKHFSwyFdLKXwjEt5ek&quot;},{&quot;accountno&quot;:&quot;21210000&quot;,&quot;departmentno&quot;:&quot;9&quot;,&quot;salary&quot;:&quot;5000&quot;,&quot;pincode&quot;:&quot;212129&quot;,&quot;userid&quot;:&quot;fh9K352kVWEZPxVs60W2&quot;,&quot;id&quot;:&quot;sE9hYqdjLFBzKRXmf3dL&quot;},{&quot;accountno&quot;:&quot;21210000&quot;,&quot;departmentno&quot;:&quot;9&quot;,&quot;salary&quot;:&quot;5000&quot;,&quot;pincode&quot;:&quot;212129&quot;,&quot;userid&quot;:&quot;taGX4XQQfXD3Z76sI1Xn&quot;,&quot;id&quot;:&quot;GmE4gMmIsZyGYJES3uhL&quot;},{&quot;accountno&quot;:&quot;21210000&quot;,&quot;departmentno&quot;:&quot;9&quot;,&quot;salary&quot;:&quot;5000&quot;,&quot;pincode&quot;:&quot;212129&quot;,&quot;userid&quot;:&quot;fdWRTuQoh9lYWLpYDOhv&quot;,&quot;id&quot;:&quot;HRJR1u8y52t571fOGqS5&quot;},{&quot;accountno&quot;:&quot;21210000&quot;,&quot;departmentno&quot;:&quot;9&quot;,&quot;salary&quot;:&quot;5000&quot;,&quot;pincode&quot;:&quot;212129&quot;,&quot;userid&quot;:&quot;fh9K352kVWEZPxVs60W2&quot;,&quot;id&quot;:&quot;VNpb3KJ1tfM8yqy1J44X&quot;},{&quot;accountno&quot;:&quot;90909090&quot;,&quot;departmentno&quot;:&quot;5&quot;,&quot;salary&quot;:&quot;5678&quot;,&quot;pincode&quot;:&quot;345678&quot;,&quot;userid&quot;:&quot;nUf87k2SXNyiDE32Mghy&quot;,&quot;id&quot;:&quot;bMoI5QVGXWR5FY1yiJU4&quot;},{&quot;accountno&quot;:&quot;11122233&quot;,&quot;departmentno&quot;:&quot;9&quot;,&quot;salary&quot;:&quot;500000&quot;,&quot;pincode&quot;:&quot;678901&quot;,&quot;userid&quot;:&quot;kqrqkGB4KffUDtO8otJn&quot;,&quot;id&quot;:&quot;2fnrbBHzcg0bFXR8xuxC&quot;},{&quot;accountno&quot;:&quot;11122233&quot;,&quot;departmentno&quot;:&quot;9&quot;,&quot;salary&quot;:&quot;500000&quot;,&quot;pincode&quot;:&quot;678901&quot;,&quot;userid&quot;:&quot;kqrqkGB4KffUDtO8otJn&quot;,&quot;id&quot;:&quot;cvgXcoZqDLDxsaPLFxG2&quot;},{&quot;accountno&quot;:&quot;11122233&quot;,&quot;departmentno&quot;:&quot;5&quot;,&quot;salary&quot;:&quot;500000&quot;,&quot;pincode&quot;:&quot;678901&quot;,&quot;userid&quot;:&quot;kqrqkGB4KffUDtO8otJn&quot;,&quot;id&quot;:&quot;l9qSI3H3L07zALXB6bAY&quot;},{&quot;accountno&quot;:&quot;11122233&quot;,&quot;departmentno&quot;:&quot;9&quot;,&quot;salary&quot;:&quot;500000&quot;,&quot;pincode&quot;:&quot;678901&quot;,&quot;userid&quot;:&quot;kqrqkGB4KffUDtO8otJn&quot;,&quot;id&quot;:&quot;OeERLgQSJQzrd5yOqdJU&quot;},{&quot;accountno&quot;:&quot;11122233&quot;,&quot;departmentno&quot;:&quot;9&quot;,&quot;salary&quot;:&quot;500000&quot;,&quot;pincode&quot;:&quot;678901&quot;,&quot;userid&quot;:&quot;kqrqkGB4KffUDtO8otJn&quot;,&quot;id&quot;:&quot;TDUMtXDgekaBe3R5ToEq&quot;},{&quot;accountno&quot;:&quot;11122233&quot;,&quot;departmentno&quot;:&quot;9&quot;,&quot;salary&quot;:&quot;500000&quot;,&quot;pincode&quot;:&quot;678901&quot;,&quot;userid&quot;:&quot;kqrqkGB4KffUDtO8otJn&quot;,&quot;id&quot;:&quot;HVdDDEg4YYUKKpQxGv1P&quot;},{&quot;accountno&quot;:&quot;11122233&quot;,&quot;departmentno&quot;:&quot;9&quot;,&quot;salary&quot;:&quot;500000&quot;,&quot;pincode&quot;:&quot;678901&quot;,&quot;userid&quot;:&quot;kqrqkGB4KffUDtO8otJn&quot;,&quot;id&quot;:&quot;w5mmcY5Z1Sdde7U5OMtu&quot;},{&quot;accountno&quot;:&quot;11122233&quot;,&quot;departmentno&quot;:&quot;9&quot;,&quot;salary&quot;:&quot;500000&quot;,&quot;pincode&quot;:&quot;678901&quot;,&quot;userid&quot;:&quot;kqrqkGB4KffUDtO8otJn&quot;,&quot;id&quot;:&quot;8epOX4UgqVJzslmlz3d3&quot;},{&quot;accountno&quot;:&quot;11122233&quot;,&quot;departmentno&quot;:&quot;9&quot;,&quot;salary&quot;:&quot;500000&quot;,&quot;pincode&quot;:&quot;678901&quot;,&quot;userid&quot;:&quot;kqrqkGB4KffUDtO8otJn&quot;,&quot;id&quot;:&quot;0GqhW2fRIgjIF6LJNoQv&quot;},{&quot;accountno&quot;:&quot;11122233&quot;,&quot;departmentno&quot;:&quot;9&quot;,&quot;salary&quot;:&quot;500000&quot;,&quot;pincode&quot;:&quot;678901&quot;,&quot;userid&quot;:&quot;kqrqkGB4KffUDtO8otJn&quot;,&quot;id&quot;:&quot;EiBLjKKJJjmcKCGoZ7oA&quot;},{&quot;accountno&quot;:&quot;11122233&quot;,&quot;departmentno&quot;:&quot;9&quot;,&quot;salary&quot;:&quot;500000&quot;,&quot;pincode&quot;:&quot;678901&quot;,&quot;userid&quot;:&quot;kqrqkGB4KffUDtO8otJn&quot;,&quot;id&quot;:&quot;S3rFlLBQ3gXmArQNbFDk&quot;},{&quot;accountno&quot;:&quot;11122233&quot;,&quot;departmentno&quot;:&quot;9&quot;,&quot;salary&quot;:&quot;500000&quot;,&quot;pincode&quot;:&quot;678901&quot;,&quot;userid&quot;:&quot;kqrqkGB4KffUDtO8otJn&quot;,&quot;id&quot;:&quot;RpOeACHQiC86GVCWiAwH&quot;},{&quot;accountno&quot;:&quot;11122233&quot;,&quot;departmentno&quot;:&quot;9&quot;,&quot;salary&quot;:&quot;500000&quot;,&quot;pincode&quot;:&quot;678901&quot;,&quot;userid&quot;:&quot;kqrqkGB4KffUDtO8otJn&quot;,&quot;id&quot;:&quot;NlBAE7y29rRWxWl9xr0L&quot;},{&quot;accountno&quot;:&quot;11122233&quot;,&quot;departmentno&quot;:&quot;9&quot;,&quot;salary&quot;:&quot;500000&quot;,&quot;pincode&quot;:&quot;678901&quot;,&quot;userid&quot;:&quot;kqrqkGB4KffUDtO8otJn&quot;,&quot;id&quot;:&quot;SfKo3UqcMyt8D5FyJe8T&quot;},{&quot;accountno&quot;:&quot;33445566&quot;,&quot;departmentno&quot;:&quot;11&quot;,&quot;salary&quot;:&quot;44444&quot;,&quot;pincode&quot;:&quot;666666&quot;,&quot;userid&quot;:&quot;LDgqXGs0YI310qvbz63k&quot;,&quot;id&quot;:&quot;zrHi1Ko05qRw3t4SyWgs&quot;},{&quot;accountno&quot;:&quot;11122233&quot;,&quot;departmentno&quot;:&quot;9&quot;,&quot;salary&quot;:&quot;500000&quot;,&quot;pincode&quot;:&quot;678901&quot;,&quot;userid&quot;:&quot;kqrqkGB4KffUDtO8otJn&quot;,&quot;id&quot;:&quot;WjAMAD0auV02c0K6TZCb&quot;},{&quot;accountno&quot;:&quot;11122233&quot;,&quot;departmentno&quot;:&quot;9&quot;,&quot;salary&quot;:&quot;500000&quot;,&quot;pincode&quot;:&quot;678901&quot;,&quot;userid&quot;:&quot;kqrqkGB4KffUDtO8otJn&quot;,&quot;id&quot;:&quot;uCwE6xVTuXSJYGUipiU8&quot;},{&quot;accountno&quot;:&quot;11122233&quot;,&quot;departmentno&quot;:&quot;9&quot;,&quot;salary&quot;:&quot;500000&quot;,&quot;pincode&quot;:&quot;678901&quot;,&quot;userid&quot;:&quot;kqrqkGB4KffUDtO8otJn&quot;,&quot;id&quot;:&quot;nqmnJgkaOFyP8AdqFVPV&quot;},{&quot;accountno&quot;:&quot;56575859&quot;,&quot;departmentno&quot;:&quot;5&quot;,&quot;salary&quot;:&quot;22222&quot;,&quot;pincode&quot;:&quot;333333&quot;,&quot;userid&quot;:&quot;LDgqXGs0YI310qvbz63k&quot;,&quot;id&quot;:&quot;8lZFBPtYOeEpByqzdp53&quot;},{&quot;accountno&quot;:&quot;27262520&quot;,&quot;departmentno&quot;:3,&quot;salary&quot;:11111,&quot;pincode&quot;:555555,&quot;userid&quot;:&quot;LDgqXGs0YI310qvbz63k&quot;,&quot;id&quot;:&quot;MdEV92MKTK0tHdKKf1og&quot;},{&quot;accountno&quot;:&quot;20252627&quot;,&quot;departmentno&quot;:&quot;1&quot;,&quot;salary&quot;:&quot;55555&quot;,&quot;pincode&quot;:&quot;112211&quot;,&quot;userid&quot;:&quot;LDgqXGs0YI310qvbz63k&quot;,&quot;id&quot;:&quot;HNW0PIVcEshYBA2DdiZh&quot;},{&quot;accountno&quot;:&quot;55551156&quot;,&quot;departmentno&quot;:&quot;6&quot;,&quot;salary&quot;:&quot;110001&quot;,&quot;pincode&quot;:&quot;113333&quot;,&quot;userid&quot;:&quot;YtScOjLrbE3jlTdfCbRP&quot;,&quot;id&quot;:&quot;B4bNaRp0QdxwBkUlSre2&quot;},{&quot;accountno&quot;:&quot;13212121&quot;,&quot;departmentno&quot;:&quot;6&quot;,&quot;salary&quot;:&quot;6666&quot;,&quot;pincode&quot;:&quot;666666&quot;,&quot;userid&quot;:&quot;mVUMtJ8McXbP6Xkm86Ee&quot;,&quot;id&quot;:&quot;YlmUb9M5YwXxzMpkSkHS&quot;},{&quot;accountno&quot;:&quot;13212121&quot;,&quot;departmentno&quot;:&quot;6&quot;,&quot;salary&quot;:&quot;6666&quot;,&quot;pincode&quot;:&quot;666666&quot;,&quot;userid&quot;:&quot;mVUMtJ8McXbP6Xkm86Ee&quot;,&quot;id&quot;:&quot;AlTxvsrDwDp1f2ngplmj&quot;},{&quot;accountno&quot;:&quot;13212121&quot;,&quot;departmentno&quot;:&quot;6&quot;,&quot;salary&quot;:&quot;6666&quot;,&quot;pincode&quot;:&quot;666666&quot;,&quot;userid&quot;:&quot;mVUMtJ8McXbP6Xkm86Ee&quot;,&quot;id&quot;:&quot;UnJnWheSvuP0bx1cv4cq&quot;},{&quot;accountno&quot;:&quot;13212121&quot;,&quot;departmentno&quot;:&quot;6&quot;,&quot;salary&quot;:&quot;6666&quot;,&quot;pincode&quot;:&quot;666666&quot;,&quot;userid&quot;:&quot;mVUMtJ8McXbP6Xkm86Ee&quot;,&quot;id&quot;:&quot;eedpnPVXhqHy3zgVbb8k&quot;},{&quot;accountno&quot;:&quot;13212121&quot;,&quot;departmentno&quot;:&quot;6&quot;,&quot;salary&quot;:&quot;6666&quot;,&quot;pincode&quot;:&quot;666666&quot;,&quot;userid&quot;:&quot;mVUMtJ8McXbP6Xkm86Ee&quot;,&quot;id&quot;:&quot;xBOf5GBwW2rE0ycw9Vjh&quot;},{&quot;accountno&quot;:&quot;13212121&quot;,&quot;departmentno&quot;:&quot;6&quot;,&quot;salary&quot;:&quot;6666&quot;,&quot;pincode&quot;:&quot;666666&quot;,&quot;userid&quot;:&quot;mVUMtJ8McXbP6Xkm86Ee&quot;,&quot;id&quot;:&quot;eOkufQROcdfwhTQoajBI&quot;},{&quot;accountno&quot;:&quot;13212121&quot;,&quot;departmentno&quot;:&quot;6&quot;,&quot;salary&quot;:&quot;6666&quot;,&quot;pincode&quot;:&quot;666666&quot;,&quot;userid&quot;:&quot;mVUMtJ8McXbP6Xkm86Ee&quot;,&quot;id&quot;:&quot;Ap52J3bgHJ5fbiZiBoLI&quot;},{&quot;accountno&quot;:&quot;13212121&quot;,&quot;departmentno&quot;:&quot;6&quot;,&quot;salary&quot;:&quot;6666&quot;,&quot;pincode&quot;:&quot;666666&quot;,&quot;userid&quot;:&quot;mVUMtJ8McXbP6Xkm86Ee&quot;,&quot;id&quot;:&quot;RNzBkTrDq9Gp2ig5kPHV&quot;},{&quot;accountno&quot;:&quot;13212121&quot;,&quot;departmentno&quot;:&quot;6&quot;,&quot;salary&quot;:&quot;6666&quot;,&quot;pincode&quot;:&quot;666666&quot;,&quot;userid&quot;:&quot;mVUMtJ8McXbP6Xkm86Ee&quot;,&quot;id&quot;:&quot;8VLZm21re3EJFNnZ3HSA&quot;},{&quot;accountno&quot;:44444444,&quot;departmentno&quot;:4,&quot;salary&quot;:4000,&quot;pincode&quot;:444444,&quot;userid&quot;:&quot;NhIAWPJNpQoYlFjMPScL&quot;,&quot;id&quot;:&quot;7YKh5I1QuB8bGfwAlIAp&quot;},{&quot;accountno&quot;:&quot;13212121&quot;,&quot;departmentno&quot;:&quot;6&quot;,&quot;salary&quot;:&quot;6666&quot;,&quot;pincode&quot;:&quot;666666&quot;,&quot;userid&quot;:&quot;mVUMtJ8McXbP6Xkm86Ee&quot;,&quot;id&quot;:&quot;VtPI3eU8u8tGgzV63xxt&quot;},{&quot;accountno&quot;:&quot;13212121&quot;,&quot;departmentno&quot;:&quot;6&quot;,&quot;salary&quot;:&quot;6666&quot;,&quot;pincode&quot;:&quot;666666&quot;,&quot;userid&quot;:&quot;mVUMtJ8McXbP6Xkm86Ee&quot;,&quot;id&quot;:&quot;pGP64Edza0WvqEseQ4TA&quot;},{&quot;accountno&quot;:&quot;20000040&quot;,&quot;departmentno&quot;:&quot;4&quot;,&quot;salary&quot;:&quot;20040&quot;,&quot;pincode&quot;:&quot;200040&quot;,&quot;userid&quot;:&quot;XVdEAYnNkz3FsrWew6iu&quot;,&quot;id&quot;:&quot;Y6jOt1kofQj1cIbr4gqV&quot;},{&quot;accountno&quot;:&quot;20000020&quot;,&quot;departmentno&quot;:11,&quot;salary&quot;:20021,&quot;pincode&quot;:200020,&quot;userid&quot;:&quot;XVdEAYnNkz3FsrWew6iu&quot;,&quot;id&quot;:&quot;reMTQYWlxiI0BfEove9i&quot;},{&quot;accountno&quot;:&quot;20000020&quot;,&quot;departmentno&quot;:11,&quot;salary&quot;:20021,&quot;pincode&quot;:200020,&quot;userid&quot;:&quot;XVdEAYnNkz3FsrWew6iu&quot;,&quot;id&quot;:&quot;sBi7OXoDHKK7Kcgv2wAK&quot;},{&quot;accountno&quot;:&quot;20000020&quot;,&quot;departmentno&quot;:11,&quot;salary&quot;:20021,&quot;pincode&quot;:200020,&quot;userid&quot;:&quot;XVdEAYnNkz3FsrWew6iu&quot;,&quot;id&quot;:&quot;guAeD7vmKS48DL6lZicn&quot;},{&quot;accountno&quot;:&quot;20000020&quot;,&quot;departmentno&quot;:11,&quot;salary&quot;:20021,&quot;pincode&quot;:200020,&quot;userid&quot;:&quot;XVdEAYnNkz3FsrWew6iu&quot;,&quot;id&quot;:&quot;bBzdHtbvlOWiKUiXCNLq&quot;},{&quot;accountno&quot;:44444444,&quot;departmentno&quot;:4,&quot;salary&quot;:4000,&quot;pincode&quot;:444444,&quot;userid&quot;:&quot;NhIAWPJNpQoYlFjMPScL&quot;,&quot;id&quot;:&quot;DyvG1kcE9J0HtRG4p8Sb&quot;},{&quot;accountno&quot;:&quot;13212121&quot;,&quot;departmentno&quot;:&quot;6&quot;,&quot;salary&quot;:&quot;6666&quot;,&quot;pincode&quot;:&quot;666666&quot;,&quot;userid&quot;:&quot;mVUMtJ8McXbP6Xkm86Ee&quot;,&quot;id&quot;:&quot;p4wYZ9OxzpC7PKnOlAT3&quot;},{&quot;accountno&quot;:44444444,&quot;departmentno&quot;:4,&quot;salary&quot;:4000,&quot;pincode&quot;:444444,&quot;userid&quot;:&quot;NhIAWPJNpQoYlFjMPScL&quot;,&quot;id&quot;:&quot;xa1hNXMurZwj3n8ur8bj&quot;},{&quot;accountno&quot;:44444444,&quot;departmentno&quot;:4,&quot;salary&quot;:4000,&quot;pincode&quot;:444444,&quot;userid&quot;:&quot;NhIAWPJNpQoYlFjMPScL&quot;,&quot;id&quot;:&quot;QTDFKfc1WiUV53LJB34I&quot;},{&quot;accountno&quot;:&quot;20000040&quot;,&quot;departmentno&quot;:&quot;4&quot;,&quot;salary&quot;:&quot;20040&quot;,&quot;pincode&quot;:&quot;200040&quot;,&quot;userid&quot;:&quot;XVdEAYnNkz3FsrWew6iu&quot;,&quot;id&quot;:&quot;zBQM7tVFt1vWtct6BHSg&quot;},{&quot;accountno&quot;:&quot;13212121&quot;,&quot;departmentno&quot;:&quot;6&quot;,&quot;salary&quot;:&quot;6666&quot;,&quot;pincode&quot;:&quot;666666&quot;,&quot;userid&quot;:&quot;mVUMtJ8McXbP6Xkm86Ee&quot;,&quot;id&quot;:&quot;oCNwmJBZS8ZIdwqYDXea&quot;},{&quot;accountno&quot;:&quot;13212121&quot;,&quot;departmentno&quot;:&quot;6&quot;,&quot;salary&quot;:&quot;6666&quot;,&quot;pincode&quot;:&quot;666666&quot;,&quot;userid&quot;:&quot;mVUMtJ8McXbP6Xkm86Ee&quot;,&quot;id&quot;:&quot;UzoWa0Zbwb26znTP9I80&quot;},{&quot;accountno&quot;:&quot;13212121&quot;,&quot;departmentno&quot;:&quot;6&quot;,&quot;salary&quot;:&quot;6666&quot;,&quot;pincode&quot;:&quot;666666&quot;,&quot;userid&quot;:&quot;mVUMtJ8McXbP6Xkm86Ee&quot;,&quot;id&quot;:&quot;mSQteNhpLoprmpqdufsG&quot;},{&quot;accountno&quot;:&quot;20000040&quot;,&quot;departmentno&quot;:&quot;4&quot;,&quot;salary&quot;:&quot;20040&quot;,&quot;pincode&quot;:&quot;200040&quot;,&quot;userid&quot;:&quot;XVdEAYnNkz3FsrWew6iu&quot;,&quot;id&quot;:&quot;JCEDr0aAvtTqdSZlN15C&quot;},{&quot;accountno&quot;:&quot;20000020&quot;,&quot;departmentno&quot;:11,&quot;salary&quot;:20021,&quot;pincode&quot;:200020,&quot;userid&quot;:&quot;XVdEAYnNkz3FsrWew6iu&quot;,&quot;id&quot;:&quot;Mj5rf5rRk4dQcOEwEmMo&quot;},{&quot;accountno&quot;:&quot;20000020&quot;,&quot;departmentno&quot;:11,&quot;salary&quot;:20021,&quot;pincode&quot;:200020,&quot;userid&quot;:&quot;XVdEAYnNkz3FsrWew6iu&quot;,&quot;id&quot;:&quot;T45O1jDKiFVDCZNMPpgZ&quot;},{&quot;accountno&quot;:&quot;13212121&quot;,&quot;departmentno&quot;:&quot;6&quot;,&quot;salary&quot;:&quot;6666&quot;,&quot;pincode&quot;:&quot;666666&quot;,&quot;userid&quot;:&quot;mVUMtJ8McXbP6Xkm86Ee&quot;,&quot;id&quot;:&quot;y0HATWIbxvrLoc5bwGjS&quot;},{&quot;accountno&quot;:&quot;13212121&quot;,&quot;departmentno&quot;:&quot;6&quot;,&quot;salary&quot;:&quot;6666&quot;,&quot;pincode&quot;:&quot;666666&quot;,&quot;userid&quot;:&quot;mVUMtJ8McXbP6Xkm86Ee&quot;,&quot;id&quot;:&quot;5nNowv7GZGObHmZjE8Wk&quot;},{&quot;accountno&quot;:&quot;13212121&quot;,&quot;departmentno&quot;:&quot;6&quot;,&quot;salary&quot;:&quot;6666&quot;,&quot;pincode&quot;:&quot;666666&quot;,&quot;userid&quot;:&quot;mVUMtJ8McXbP6Xkm86Ee&quot;,&quot;id&quot;:&quot;SEQSpw09DSqpsuR73Jle&quot;},{&quot;accountno&quot;:&quot;13212121&quot;,&quot;departmentno&quot;:&quot;6&quot;,&quot;salary&quot;:&quot;6666&quot;,&quot;pincode&quot;:&quot;666666&quot;,&quot;userid&quot;:&quot;mVUMtJ8McXbP6Xkm86Ee&quot;,&quot;id&quot;:&quot;LErygDFqfsj4GctZ2uUJ&quot;},{&quot;accountno&quot;:&quot;43242343&quot;,&quot;departmentno&quot;:&quot;2&quot;,&quot;salary&quot;:&quot;54352345&quot;,&quot;pincode&quot;:&quot;201306&quot;,&quot;userid&quot;:&quot;DWwNzRcKM6NqfkmyBUqn&quot;,&quot;id&quot;:&quot;nBG8TU6HEilLGhkObdC1&quot;},{&quot;accountno&quot;:&quot;43242343&quot;,&quot;departmentno&quot;:&quot;2&quot;,&quot;salary&quot;:&quot;54352345&quot;,&quot;pincode&quot;:&quot;201306&quot;,&quot;userid&quot;:&quot;DWwNzRcKM6NqfkmyBUqn&quot;,&quot;id&quot;:&quot;d1oFSV6Jy9ziYsfFTY2e&quot;},{&quot;accountno&quot;:&quot;78654328&quot;,&quot;departmentno&quot;:&quot;8&quot;,&quot;salary&quot;:&quot;90000&quot;,&quot;pincode&quot;:&quot;543678&quot;,&quot;userid&quot;:&quot;Ai9neuJ54Gd8B8hh9Sa2&quot;,&quot;id&quot;:&quot;522PutrWO0b0n8eRhAVR&quot;},{&quot;accountno&quot;:&quot;13212121&quot;,&quot;departmentno&quot;:&quot;6&quot;,&quot;salary&quot;:&quot;6666&quot;,&quot;pincode&quot;:&quot;666666&quot;,&quot;userid&quot;:&quot;mVUMtJ8McXbP6Xkm86Ee&quot;,&quot;id&quot;:&quot;896I9sifVuQY1BaKi9iQ&quot;},{&quot;accountno&quot;:&quot;13212121&quot;,&quot;departmentno&quot;:&quot;6&quot;,&quot;salary&quot;:&quot;6666&quot;,&quot;pincode&quot;:&quot;666666&quot;,&quot;userid&quot;:&quot;mVUMtJ8McXbP6Xkm86Ee&quot;,&quot;id&quot;:&quot;xYZ8xVy3fwwUfTnwP0dT&quot;},{&quot;accountno&quot;:&quot;13212121&quot;,&quot;departmentno&quot;:&quot;6&quot;,&quot;salary&quot;:&quot;6666&quot;,&quot;pincode&quot;:&quot;666666&quot;,&quot;userid&quot;:&quot;mVUMtJ8McXbP6Xkm86Ee&quot;,&quot;id&quot;:&quot;niLIIVgYbWtW4VpXPdex&quot;},{&quot;accountno&quot;:&quot;12345678&quot;,&quot;departmentno&quot;:&quot;2&quot;,&quot;salary&quot;:&quot;5000&quot;,&quot;pincode&quot;:&quot;555555&quot;,&quot;userid&quot;:&quot;DWwNzRcKM6NqfkmyBUqn&quot;,&quot;id&quot;:&quot;D7THRsbHznUzfM2bRHQ7&quot;},{&quot;accountno&quot;:&quot;56785678&quot;,&quot;departmentno&quot;:&quot;5&quot;,&quot;salary&quot;:&quot;567765&quot;,&quot;pincode&quot;:&quot;567765&quot;,&quot;userid&quot;:&quot;aaTLunwlzmlOZuXsBm4W&quot;,&quot;id&quot;:&quot;Xkg1e2ncVpuA5BIzc2tr&quot;},{&quot;accountno&quot;:&quot;88542099&quot;,&quot;departmentno&quot;:&quot;7&quot;,&quot;salary&quot;:&quot;6666&quot;,&quot;pincode&quot;:&quot;666666&quot;,&quot;userid&quot;:&quot;aaTLunwlzmlOZuXsBm4W&quot;,&quot;id&quot;:&quot;Rfuq9NDbYTrJkYQmGEen&quot;},{&quot;accountno&quot;:&quot;55468234&quot;,&quot;departmentno&quot;:&quot;6&quot;,&quot;salary&quot;:&quot;90000&quot;,&quot;pincode&quot;:&quot;944044&quot;,&quot;userid&quot;:&quot;Ai9neuJ54Gd8B8hh9Sa2&quot;,&quot;id&quot;:&quot;tIGGUJJbKZkz0gjRyRBQ&quot;},{&quot;accountno&quot;:&quot;55468234&quot;,&quot;departmentno&quot;:&quot;6&quot;,&quot;salary&quot;:&quot;90000&quot;,&quot;pincode&quot;:&quot;944044&quot;,&quot;userid&quot;:&quot;Ai9neuJ54Gd8B8hh9Sa2&quot;,&quot;id&quot;:&quot;KnPYjHK30MbanWSbDicG&quot;},{&quot;accountno&quot;:&quot;56785678&quot;,&quot;departmentno&quot;:&quot;5&quot;,&quot;salary&quot;:&quot;567765&quot;,&quot;pincode&quot;:&quot;567765&quot;,&quot;userid&quot;:&quot;aaTLunwlzmlOZuXsBm4W&quot;,&quot;id&quot;:&quot;OOKHvQBa0DCPBquKnOty&quot;},{&quot;accountno&quot;:&quot;20000040&quot;,&quot;departmentno&quot;:&quot;4&quot;,&quot;salary&quot;:&quot;20040&quot;,&quot;pincode&quot;:&quot;200040&quot;,&quot;userid&quot;:&quot;XVdEAYnNkz3FsrWew6iu&quot;,&quot;id&quot;:&quot;hVo5lpa03GS1plQCvAnn&quot;},{&quot;accountno&quot;:&quot;20000020&quot;,&quot;departmentno&quot;:11,&quot;salary&quot;:20021,&quot;pincode&quot;:200020,&quot;userid&quot;:&quot;XVdEAYnNkz3FsrWew6iu&quot;,&quot;id&quot;:&quot;zpNO02egzh2civqXKeOV&quot;},{&quot;accountno&quot;:&quot;20000020&quot;,&quot;departmentno&quot;:11,&quot;salary&quot;:20021,&quot;pincode&quot;:200020,&quot;userid&quot;:&quot;XVdEAYnNkz3FsrWew6iu&quot;,&quot;id&quot;:&quot;edU25nwg7xxhLm7zqStV&quot;},{&quot;accountno&quot;:&quot;56785678&quot;,&quot;departmentno&quot;:&quot;5&quot;,&quot;salary&quot;:&quot;567765&quot;,&quot;pincode&quot;:&quot;567765&quot;,&quot;userid&quot;:&quot;aaTLunwlzmlOZuXsBm4W&quot;,&quot;id&quot;:&quot;N9eW1LHGt5RsP3lATynO&quot;},{&quot;accountno&quot;:&quot;11122233&quot;,&quot;departmentno&quot;:&quot;9&quot;,&quot;salary&quot;:&quot;500000&quot;,&quot;pincode&quot;:&quot;678901&quot;,&quot;userid&quot;:&quot;kqrqkGB4KffUDtO8otJn&quot;,&quot;id&quot;:&quot;mzvg1lCXopXntlUyaybV&quot;},{&quot;accountno&quot;:&quot;11122233&quot;,&quot;departmentno&quot;:&quot;9&quot;,&quot;salary&quot;:&quot;500000&quot;,&quot;pincode&quot;:&quot;678901&quot;,&quot;userid&quot;:&quot;kqrqkGB4KffUDtO8otJn&quot;,&quot;id&quot;:&quot;e9HlouOh1wdaCuo4Vxtj&quot;},{&quot;accountno&quot;:&quot;11122233&quot;,&quot;departmentno&quot;:&quot;9&quot;,&quot;salary&quot;:&quot;500000&quot;,&quot;pincode&quot;:&quot;678901&quot;,&quot;userid&quot;:&quot;kqrqkGB4KffUDtO8otJn&quot;,&quot;id&quot;:&quot;TAthFwCrl3J4If5jU2Dp&quot;},{&quot;accountno&quot;:&quot;11122233&quot;,&quot;departmentno&quot;:&quot;9&quot;,&quot;salary&quot;:&quot;500000&quot;,&quot;pincode&quot;:&quot;678901&quot;,&quot;userid&quot;:&quot;kqrqkGB4KffUDtO8otJn&quot;,&quot;id&quot;:&quot;Tie5EDy1fFBdcaebY9wA&quot;},{&quot;accountno&quot;:&quot;09876544&quot;,&quot;departmentno&quot;:&quot;5&quot;,&quot;salary&quot;:&quot;09876&quot;,&quot;pincode&quot;:&quot;098765&quot;,&quot;userid&quot;:&quot;Sg8U7tEgC3yAYOjqNkUK&quot;,&quot;id&quot;:&quot;uk9lYTJhTF8mREGp4uTh&quot;},{&quot;accountno&quot;:&quot;09876544&quot;,&quot;departmentno&quot;:&quot;5&quot;,&quot;salary&quot;:&quot;09876&quot;,&quot;pincode&quot;:&quot;098765&quot;,&quot;userid&quot;:&quot;Sg8U7tEgC3yAYOjqNkUK&quot;,&quot;id&quot;:&quot;HVuuCRMpasQuJVN8n8IH&quot;},{&quot;accountno&quot;:&quot;09876544&quot;,&quot;departmentno&quot;:&quot;5&quot;,&quot;salary&quot;:&quot;09876&quot;,&quot;pincode&quot;:&quot;098765&quot;,&quot;userid&quot;:&quot;Sg8U7tEgC3yAYOjqNkUK&quot;,&quot;id&quot;:&quot;FizOk3BqYrmi6fyS5qel&quot;},{&quot;accountno&quot;:&quot;09876544&quot;,&quot;departmentno&quot;:6,&quot;salary&quot;:9876,&quot;pincode&quot;:98765,&quot;userid&quot;:&quot;Sg8U7tEgC3yAYOjqNkUK&quot;,&quot;id&quot;:&quot;3TayXl1r3I5TiDan3Cn5&quot;},{&quot;accountno&quot;:&quot;56561156&quot;,&quot;departmentno&quot;:&quot;5&quot;,&quot;salary&quot;:&quot;980001&quot;,&quot;pincode&quot;:&quot;111112&quot;,&quot;userid&quot;:&quot;YtScOjLrbE3jlTdfCbRP&quot;,&quot;id&quot;:&quot;LlMxwlvHtrFIfNtCmpDe&quot;},{&quot;accountno&quot;:&quot;20000040&quot;,&quot;departmentno&quot;:&quot;4&quot;,&quot;salary&quot;:&quot;20040&quot;,&quot;pincode&quot;:&quot;200040&quot;,&quot;userid&quot;:&quot;XVdEAYnNkz3FsrWew6iu&quot;,&quot;id&quot;:&quot;ksMzKoHlgateauiQtzk0&quot;},{&quot;accountno&quot;:&quot;59192356&quot;,&quot;departmentno&quot;:&quot;1&quot;,&quot;salary&quot;:&quot;123411&quot;,&quot;pincode&quot;:&quot;560064&quot;,&quot;userid&quot;:&quot;STPlkSG4zB7TihoZ78KK&quot;,&quot;id&quot;:&quot;rhTVzJWlOewDx3VI4i0Z&quot;},{&quot;accountno&quot;:&quot;20000040&quot;,&quot;departmentno&quot;:&quot;4&quot;,&quot;salary&quot;:&quot;20040&quot;,&quot;pincode&quot;:&quot;200040&quot;,&quot;userid&quot;:&quot;XVdEAYnNkz3FsrWew6iu&quot;,&quot;id&quot;:&quot;zlPJbn5cViO9hrrMZjRh&quot;},{&quot;accountno&quot;:&quot;20000020&quot;,&quot;departmentno&quot;:11,&quot;salary&quot;:20021,&quot;pincode&quot;:200020,&quot;userid&quot;:&quot;XVdEAYnNkz3FsrWew6iu&quot;,&quot;id&quot;:&quot;qeDmIG94WdZLwBsG9Ovk&quot;},{&quot;accountno&quot;:&quot;20000020&quot;,&quot;departmentno&quot;:11,&quot;salary&quot;:20021,&quot;pincode&quot;:200020,&quot;userid&quot;:&quot;XVdEAYnNkz3FsrWew6iu&quot;,&quot;id&quot;:&quot;290ZB9k3Z7xIgikRpjLT&quot;},{&quot;accountno&quot;:&quot;20000020&quot;,&quot;departmentno&quot;:11,&quot;salary&quot;:20021,&quot;pincode&quot;:200020,&quot;userid&quot;:&quot;XVdEAYnNkz3FsrWew6iu&quot;,&quot;id&quot;:&quot;ceZN1lFYMFenxdaZrUzQ&quot;},{&quot;accountno&quot;:&quot;20000020&quot;,&quot;departmentno&quot;:11,&quot;salary&quot;:20021,&quot;pincode&quot;:200020,&quot;userid&quot;:&quot;XVdEAYnNkz3FsrWew6iu&quot;,&quot;id&quot;:&quot;Q0RPgZ7dFF2ffthtmIAW&quot;},{&quot;accountno&quot;:&quot;20000020&quot;,&quot;departmentno&quot;:11,&quot;salary&quot;:20021,&quot;pincode&quot;:200020,&quot;userid&quot;:&quot;XVdEAYnNkz3FsrWew6iu&quot;,&quot;id&quot;:&quot;ALncq0qmusdtPR0do4Jq&quot;},{&quot;accountno&quot;:&quot;20000020&quot;,&quot;departmentno&quot;:11,&quot;salary&quot;:20021,&quot;pincode&quot;:200020,&quot;userid&quot;:&quot;XVdEAYnNkz3FsrWew6iu&quot;,&quot;id&quot;:&quot;yYrj7hLrGEKYPh9ALchR&quot;},{&quot;accountno&quot;:&quot;20000020&quot;,&quot;departmentno&quot;:11,&quot;salary&quot;:20021,&quot;pincode&quot;:200020,&quot;userid&quot;:&quot;XVdEAYnNkz3FsrWew6iu&quot;,&quot;id&quot;:&quot;MJ4ecAcps3ePCdxmdGFI&quot;},{&quot;accountno&quot;:&quot;20000020&quot;,&quot;departmentno&quot;:11,&quot;salary&quot;:20021,&quot;pincode&quot;:200020,&quot;userid&quot;:&quot;XVdEAYnNkz3FsrWew6iu&quot;,&quot;id&quot;:&quot;z2adRfrAiQd7uwqSb3f5&quot;},{&quot;accountno&quot;:&quot;12345678&quot;,&quot;departmentno&quot;:&quot;1&quot;,&quot;salary&quot;:&quot;12345&quot;,&quot;pincode&quot;:&quot;123456&quot;,&quot;userid&quot;:&quot;Sg8U7tEgC3yAYOjqNkUK&quot;,&quot;id&quot;:&quot;Dc2Btl0FUUnR4mrcDKI4&quot;},{&quot;accountno&quot;:&quot;20000040&quot;,&quot;departmentno&quot;:&quot;4&quot;,&quot;salary&quot;:&quot;20040&quot;,&quot;pincode&quot;:&quot;200040&quot;,&quot;userid&quot;:&quot;XVdEAYnNkz3FsrWew6iu&quot;,&quot;id&quot;:&quot;1rglXcvgdNIVxUmJyt6w&quot;},{&quot;accountno&quot;:&quot;12345678&quot;,&quot;departmentno&quot;:&quot;1&quot;,&quot;salary&quot;:&quot;12345&quot;,&quot;pincode&quot;:&quot;123456&quot;,&quot;userid&quot;:&quot;Sg8U7tEgC3yAYOjqNkUK&quot;,&quot;id&quot;:&quot;iKee0E3LPc5MZFH7jlVO&quot;},{&quot;accountno&quot;:&quot;20000040&quot;,&quot;departmentno&quot;:&quot;4&quot;,&quot;salary&quot;:&quot;20040&quot;,&quot;pincode&quot;:&quot;200040&quot;,&quot;userid&quot;:&quot;XVdEAYnNkz3FsrWew6iu&quot;,&quot;id&quot;:&quot;vmvewt5hARZiXo8NZ1I3&quot;},{&quot;accountno&quot;:&quot;20000020&quot;,&quot;departmentno&quot;:11,&quot;salary&quot;:20021,&quot;pincode&quot;:200020,&quot;userid&quot;:&quot;XVdEAYnNkz3FsrWew6iu&quot;,&quot;id&quot;:&quot;Q1PcMiZNisPg7pjS68c4&quot;},{&quot;accountno&quot;:&quot;20000020&quot;,&quot;departmentno&quot;:11,&quot;salary&quot;:20021,&quot;pincode&quot;:200020,&quot;userid&quot;:&quot;XVdEAYnNkz3FsrWew6iu&quot;,&quot;id&quot;:&quot;zoTfCm7W58tYn8LLsE2I&quot;},{&quot;accountno&quot;:&quot;12345678&quot;,&quot;departmentno&quot;:&quot;5&quot;,&quot;salary&quot;:&quot;12345&quot;,&quot;pincode&quot;:&quot;123456&quot;,&quot;userid&quot;:&quot;Sg8U7tEgC3yAYOjqNkUK&quot;,&quot;id&quot;:&quot;ejsrjDHaD3IKdMyzNACa&quot;},{&quot;accountno&quot;:&quot;20000040&quot;,&quot;departmentno&quot;:&quot;4&quot;,&quot;salary&quot;:&quot;20040&quot;,&quot;pincode&quot;:&quot;200040&quot;,&quot;userid&quot;:&quot;XVdEAYnNkz3FsrWew6iu&quot;,&quot;id&quot;:&quot;fouB5ODfeyExvNomE7WK&quot;},{&quot;accountno&quot;:&quot;87654321&quot;,&quot;departmentno&quot;:&quot;1&quot;,&quot;salary&quot;:&quot;1000&quot;,&quot;pincode&quot;:&quot;500000&quot;,&quot;userid&quot;:&quot;NwJ3oPk7YJMHXYkcRLoJ&quot;,&quot;id&quot;:&quot;OZR4Ovu2sO5k98LKvuvM&quot;},{&quot;accountno&quot;:&quot;87654321&quot;,&quot;departmentno&quot;:&quot;1&quot;,&quot;salary&quot;:&quot;1000&quot;,&quot;pincode&quot;:&quot;500000&quot;,&quot;userid&quot;:&quot;NwJ3oPk7YJMHXYkcRLoJ&quot;,&quot;id&quot;:&quot;0wjFzxCn1Z5wM5jv3Hbr&quot;},{&quot;accountno&quot;:&quot;12345678&quot;,&quot;departmentno&quot;:&quot;1&quot;,&quot;salary&quot;:&quot;12345&quot;,&quot;pincode&quot;:&quot;123456&quot;,&quot;userid&quot;:&quot;Sg8U7tEgC3yAYOjqNkUK&quot;,&quot;id&quot;:&quot;k8Ac7Pq7cAg8RNqKvbb7&quot;},{&quot;accountno&quot;:&quot;59192338&quot;,&quot;departmentno&quot;:&quot;1&quot;,&quot;salary&quot;:&quot;50011&quot;,&quot;pincode&quot;:&quot;560064&quot;,&quot;userid&quot;:&quot;STPlkSG4zB7TihoZ78KK&quot;,&quot;id&quot;:&quot;KCf4aFY73grjKwDQC5nk&quot;},{&quot;accountno&quot;:&quot;59192338&quot;,&quot;departmentno&quot;:&quot;1&quot;,&quot;salary&quot;:&quot;61200&quot;,&quot;pincode&quot;:&quot;560064&quot;,&quot;userid&quot;:&quot;STPlkSG4zB7TihoZ78KK&quot;,&quot;id&quot;:&quot;hnKcWB9Yp5lDu7S5b7no&quot;},{&quot;accountno&quot;:&quot;59192331&quot;,&quot;departmentno&quot;:&quot;1&quot;,&quot;salary&quot;:&quot;61200&quot;,&quot;pincode&quot;:&quot;560064&quot;,&quot;userid&quot;:&quot;STPlkSG4zB7TihoZ78KK&quot;,&quot;id&quot;:&quot;VeucqSx55b5AGhkDb4u5&quot;},{&quot;accountno&quot;:&quot;59192331&quot;,&quot;departmentno&quot;:&quot;1&quot;,&quot;salary&quot;:&quot;61200&quot;,&quot;pincode&quot;:&quot;560064&quot;,&quot;userid&quot;:&quot;STPlkSG4zB7TihoZ78KK&quot;,&quot;id&quot;:&quot;oLmZRM6PnjJibjy5ucZS&quot;},{&quot;accountno&quot;:&quot;59192331&quot;,&quot;departmentno&quot;:&quot;1&quot;,&quot;salary&quot;:&quot;61200&quot;,&quot;pincode&quot;:&quot;560064&quot;,&quot;userid&quot;:&quot;STPlkSG4zB7TihoZ78KK&quot;,&quot;id&quot;:&quot;dmpJlXISRnFblcdbRam1&quot;},{&quot;accountno&quot;:&quot;56785678&quot;,&quot;departmentno&quot;:&quot;5&quot;,&quot;salary&quot;:&quot;567765&quot;,&quot;pincode&quot;:&quot;567765&quot;,&quot;userid&quot;:&quot;aaTLunwlzmlOZuXsBm4W&quot;,&quot;id&quot;:&quot;efHPWKcwOJ9dcM9ZdB32&quot;},{&quot;accountno&quot;:&quot;59192331&quot;,&quot;departmentno&quot;:&quot;1&quot;,&quot;salary&quot;:&quot;61200&quot;,&quot;pincode&quot;:&quot;560064&quot;,&quot;userid&quot;:&quot;STPlkSG4zB7TihoZ78KK&quot;,&quot;id&quot;:&quot;lXY557QNP1l2iwPkSsoR&quot;},{&quot;accountno&quot;:&quot;59192331&quot;,&quot;departmentno&quot;:&quot;1&quot;,&quot;salary&quot;:&quot;61200&quot;,&quot;pincode&quot;:&quot;560064&quot;,&quot;userid&quot;:&quot;STPlkSG4zB7TihoZ78KK&quot;,&quot;id&quot;:&quot;YGLLxo3yFBKjjjSobHrA&quot;},{&quot;accountno&quot;:&quot;59192331&quot;,&quot;departmentno&quot;:&quot;1&quot;,&quot;salary&quot;:&quot;61200&quot;,&quot;pincode&quot;:&quot;560064&quot;,&quot;userid&quot;:&quot;STPlkSG4zB7TihoZ78KK&quot;,&quot;id&quot;:&quot;Va37kSv3A3svDVnIjZyY&quot;},{&quot;accountno&quot;:&quot;59192331&quot;,&quot;departmentno&quot;:&quot;1&quot;,&quot;salary&quot;:&quot;61200&quot;,&quot;pincode&quot;:&quot;560064&quot;,&quot;userid&quot;:&quot;STPlkSG4zB7TihoZ78KK&quot;,&quot;id&quot;:&quot;EbS24WS27v1pfUY4PALg&quot;},{&quot;accountno&quot;:&quot;59192331&quot;,&quot;departmentno&quot;:&quot;1&quot;,&quot;salary&quot;:&quot;61200&quot;,&quot;pincode&quot;:&quot;560064&quot;,&quot;userid&quot;:&quot;STPlkSG4zB7TihoZ78KK&quot;,&quot;id&quot;:&quot;6NMXOMLSgGxqMYPG6u84&quot;},{&quot;accountno&quot;:&quot;59192331&quot;,&quot;departmentno&quot;:&quot;1&quot;,&quot;salary&quot;:&quot;61200&quot;,&quot;pincode&quot;:&quot;560064&quot;,&quot;userid&quot;:&quot;STPlkSG4zB7TihoZ78KK&quot;,&quot;id&quot;:&quot;yzvhjcbebu4AD4x6gKCM&quot;},{&quot;accountno&quot;:&quot;59192331&quot;,&quot;departmentno&quot;:&quot;1&quot;,&quot;salary&quot;:&quot;61200&quot;,&quot;pincode&quot;:&quot;560064&quot;,&quot;userid&quot;:&quot;STPlkSG4zB7TihoZ78KK&quot;,&quot;id&quot;:&quot;zDppH4JdYT9pupVh3xyS&quot;},{&quot;accountno&quot;:&quot;59192331&quot;,&quot;departmentno&quot;:&quot;1&quot;,&quot;salary&quot;:&quot;61200&quot;,&quot;pincode&quot;:&quot;560064&quot;,&quot;userid&quot;:&quot;STPlkSG4zB7TihoZ78KK&quot;,&quot;id&quot;:&quot;gIHR6TAriWWr1sTYBTjJ&quot;},{&quot;accountno&quot;:&quot;56785678&quot;,&quot;departmentno&quot;:&quot;5&quot;,&quot;salary&quot;:&quot;567765&quot;,&quot;pincode&quot;:&quot;567765&quot;,&quot;userid&quot;:&quot;aaTLunwlzmlOZuXsBm4W&quot;,&quot;id&quot;:&quot;9Mtk7jJbtXRqL9OE5ZLS&quot;},{&quot;accountno&quot;:&quot;56785678&quot;,&quot;departmentno&quot;:&quot;5&quot;,&quot;salary&quot;:&quot;567765&quot;,&quot;pincode&quot;:&quot;567765&quot;,&quot;userid&quot;:&quot;aaTLunwlzmlOZuXsBm4W&quot;,&quot;id&quot;:&quot;rfnwNON8v4n37CvhB6zh&quot;},{&quot;accountno&quot;:&quot;59192331&quot;,&quot;departmentno&quot;:&quot;1&quot;,&quot;salary&quot;:&quot;61200&quot;,&quot;pincode&quot;:&quot;560064&quot;,&quot;userid&quot;:&quot;STPlkSG4zB7TihoZ78KK&quot;,&quot;id&quot;:&quot;4hOBvIBuygA3sHOD34Dr&quot;},{&quot;accountno&quot;:&quot;59192331&quot;,&quot;departmentno&quot;:&quot;1&quot;,&quot;salary&quot;:&quot;61200&quot;,&quot;pincode&quot;:&quot;560064&quot;,&quot;userid&quot;:&quot;STPlkSG4zB7TihoZ78KK&quot;,&quot;id&quot;:&quot;Sy1py4xsbKbp3XsoXxPF&quot;},{&quot;accountno&quot;:&quot;56785678&quot;,&quot;departmentno&quot;:&quot;5&quot;,&quot;salary&quot;:&quot;567765&quot;,&quot;pincode&quot;:&quot;567765&quot;,&quot;userid&quot;:&quot;aaTLunwlzmlOZuXsBm4W&quot;,&quot;id&quot;:&quot;wYl7vY20miv7tWlONZ6s&quot;},{&quot;accountno&quot;:&quot;59192330&quot;,&quot;departmentno&quot;:&quot;1&quot;,&quot;salary&quot;:&quot;61200&quot;,&quot;pincode&quot;:&quot;560064&quot;,&quot;userid&quot;:&quot;STPlkSG4zB7TihoZ78KK&quot;,&quot;id&quot;:&quot;aAcsgcbDqHXIKJBya1zC&quot;},{&quot;accountno&quot;:&quot;59192330&quot;,&quot;departmentno&quot;:&quot;1&quot;,&quot;salary&quot;:&quot;61200&quot;,&quot;pincode&quot;:&quot;560064&quot;,&quot;userid&quot;:&quot;STPlkSG4zB7TihoZ78KK&quot;,&quot;id&quot;:&quot;VPbF4agEgA9n9SqraDny&quot;},{&quot;accountno&quot;:&quot;59192330&quot;,&quot;departmentno&quot;:&quot;1&quot;,&quot;salary&quot;:&quot;61200&quot;,&quot;pincode&quot;:&quot;560064&quot;,&quot;userid&quot;:&quot;STPlkSG4zB7TihoZ78KK&quot;,&quot;id&quot;:&quot;D1JRlvy5iwIBLLuOHkeY&quot;},{&quot;accountno&quot;:&quot;59192330&quot;,&quot;departmentno&quot;:&quot;1&quot;,&quot;salary&quot;:&quot;61200&quot;,&quot;pincode&quot;:&quot;560064&quot;,&quot;userid&quot;:&quot;STPlkSG4zB7TihoZ78KK&quot;,&quot;id&quot;:&quot;iZBzNC2tggsddovLXPPq&quot;},{&quot;accountno&quot;:&quot;88542098&quot;,&quot;departmentno&quot;:&quot;5&quot;,&quot;salary&quot;:&quot;5566&quot;,&quot;pincode&quot;:&quot;666666&quot;,&quot;userid&quot;:&quot;aaTLunwlzmlOZuXsBm4W&quot;,&quot;id&quot;:&quot;9pJANQx8SP89a8dqJJzc&quot;},{&quot;accountno&quot;:&quot;59192330&quot;,&quot;departmentno&quot;:&quot;1&quot;,&quot;salary&quot;:&quot;61200&quot;,&quot;pincode&quot;:&quot;560064&quot;,&quot;userid&quot;:&quot;STPlkSG4zB7TihoZ78KK&quot;,&quot;id&quot;:&quot;pnXhmXOMPGXq67VkvqKm&quot;},{&quot;accountno&quot;:&quot;13212121&quot;,&quot;departmentno&quot;:&quot;6&quot;,&quot;salary&quot;:&quot;6666&quot;,&quot;pincode&quot;:&quot;666666&quot;,&quot;userid&quot;:&quot;mVUMtJ8McXbP6Xkm86Ee&quot;,&quot;id&quot;:&quot;cUfg83Mx9XGKTb69R9P7&quot;},{&quot;accountno&quot;:&quot;13212121&quot;,&quot;departmentno&quot;:&quot;6&quot;,&quot;salary&quot;:&quot;6666&quot;,&quot;pincode&quot;:&quot;666666&quot;,&quot;userid&quot;:&quot;mVUMtJ8McXbP6Xkm86Ee&quot;,&quot;id&quot;:&quot;0Mn0gyX0q08RaRZxVnOq&quot;},{&quot;accountno&quot;:&quot;13212121&quot;,&quot;departmentno&quot;:&quot;6&quot;,&quot;salary&quot;:&quot;6666&quot;,&quot;pincode&quot;:&quot;666666&quot;,&quot;userid&quot;:&quot;mVUMtJ8McXbP6Xkm86Ee&quot;,&quot;id&quot;:&quot;ipHfoshH4Gk8cnVlABNv&quot;},{&quot;accountno&quot;:&quot;59192317&quot;,&quot;departmentno&quot;:&quot;1&quot;,&quot;salary&quot;:&quot;61200&quot;,&quot;pincode&quot;:&quot;560064&quot;,&quot;userid&quot;:&quot;STPlkSG4zB7TihoZ78KK&quot;,&quot;id&quot;:&quot;kmLusKMgmy3j3QZ6s8Xj&quot;},{&quot;accountno&quot;:&quot;59192320&quot;,&quot;departmentno&quot;:&quot;1&quot;,&quot;salary&quot;:&quot;61200&quot;,&quot;pincode&quot;:&quot;560064&quot;,&quot;userid&quot;:&quot;STPlkSG4zB7TihoZ78KK&quot;,&quot;id&quot;:&quot;sBxyjDNUG7m25pOPlquK&quot;},{&quot;accountno&quot;:&quot;13212121&quot;,&quot;departmentno&quot;:&quot;6&quot;,&quot;salary&quot;:&quot;6666&quot;,&quot;pincode&quot;:&quot;666666&quot;,&quot;userid&quot;:&quot;mVUMtJ8McXbP6Xkm86Ee&quot;,&quot;id&quot;:&quot;mk0PGESr57102V5vwOYU&quot;},{&quot;accountno&quot;:&quot;88542098&quot;,&quot;departmentno&quot;:&quot;5&quot;,&quot;salary&quot;:&quot;5566&quot;,&quot;pincode&quot;:&quot;666666&quot;,&quot;userid&quot;:&quot;aaTLunwlzmlOZuXsBm4W&quot;,&quot;id&quot;:&quot;MxxaFrVMxnC8tbC0GkUR&quot;},{&quot;accountno&quot;:&quot;13212121&quot;,&quot;departmentno&quot;:&quot;6&quot;,&quot;salary&quot;:&quot;6666&quot;,&quot;pincode&quot;:&quot;666666&quot;,&quot;userid&quot;:&quot;mVUMtJ8McXbP6Xkm86Ee&quot;,&quot;id&quot;:&quot;D80bzhOIoxoImeX5PigP&quot;},{&quot;accountno&quot;:&quot;59192320&quot;,&quot;departmentno&quot;:&quot;1&quot;,&quot;salary&quot;:&quot;61201&quot;,&quot;pincode&quot;:&quot;560064&quot;,&quot;userid&quot;:&quot;STPlkSG4zB7TihoZ78KK&quot;,&quot;id&quot;:&quot;cUrVQgGyVg24mpNDveww&quot;},{&quot;accountno&quot;:&quot;13212121&quot;,&quot;departmentno&quot;:&quot;6&quot;,&quot;salary&quot;:&quot;6666&quot;,&quot;pincode&quot;:&quot;666666&quot;,&quot;userid&quot;:&quot;mVUMtJ8McXbP6Xkm86Ee&quot;,&quot;id&quot;:&quot;f2KAgmYcFAUv6v5cHrCO&quot;},{&quot;accountno&quot;:&quot;88542098&quot;,&quot;departmentno&quot;:&quot;5&quot;,&quot;salary&quot;:&quot;5566&quot;,&quot;pincode&quot;:&quot;666666&quot;,&quot;userid&quot;:&quot;aaTLunwlzmlOZuXsBm4W&quot;,&quot;id&quot;:&quot;QWuktqumtZNxSwkDBQ3w&quot;},{&quot;accountno&quot;:&quot;88542098&quot;,&quot;departmentno&quot;:&quot;5&quot;,&quot;salary&quot;:&quot;5566&quot;,&quot;pincode&quot;:&quot;666666&quot;,&quot;userid&quot;:&quot;aaTLunwlzmlOZuXsBm4W&quot;,&quot;id&quot;:&quot;miMD7Kee6zlLC2DIwa8f&quot;},{&quot;accountno&quot;:&quot;88542098&quot;,&quot;departmentno&quot;:&quot;5&quot;,&quot;salary&quot;:&quot;5566&quot;,&quot;pincode&quot;:&quot;666666&quot;,&quot;userid&quot;:&quot;aaTLunwlzmlOZuXsBm4W&quot;,&quot;id&quot;:&quot;M0hcylrpJAzgn0jKXaSu&quot;},{&quot;accountno&quot;:&quot;88542098&quot;,&quot;departmentno&quot;:&quot;5&quot;,&quot;salary&quot;:&quot;5566&quot;,&quot;pincode&quot;:&quot;666666&quot;,&quot;userid&quot;:&quot;aaTLunwlzmlOZuXsBm4W&quot;,&quot;id&quot;:&quot;KWMos4AP7x6U2NXsAopY&quot;},{&quot;accountno&quot;:&quot;88542098&quot;,&quot;departmentno&quot;:&quot;5&quot;,&quot;salary&quot;:&quot;5566&quot;,&quot;pincode&quot;:&quot;666666&quot;,&quot;userid&quot;:&quot;aaTLunwlzmlOZuXsBm4W&quot;,&quot;id&quot;:&quot;NOdjtK8a8qHNHBzFl1lw&quot;},{&quot;accountno&quot;:&quot;59192317&quot;,&quot;departmentno&quot;:&quot;1&quot;,&quot;salary&quot;:&quot;50000&quot;,&quot;pincode&quot;:&quot;560064&quot;,&quot;userid&quot;:&quot;STPlkSG4zB7TihoZ78KK&quot;,&quot;id&quot;:&quot;GDjNA9LUQTCQq263Tltj&quot;},{&quot;accountno&quot;:&quot;20000040&quot;,&quot;departmentno&quot;:&quot;4&quot;,&quot;salary&quot;:&quot;20040&quot;,&quot;pincode&quot;:&quot;200040&quot;,&quot;userid&quot;:&quot;XVdEAYnNkz3FsrWew6iu&quot;,&quot;id&quot;:&quot;8lv1lkIDuvkYIZJP2gPz&quot;},{&quot;accountno&quot;:&quot;20000020&quot;,&quot;departmentno&quot;:11,&quot;salary&quot;:20021,&quot;pincode&quot;:200020,&quot;userid&quot;:&quot;XVdEAYnNkz3FsrWew6iu&quot;,&quot;id&quot;:&quot;fgny1a5XperuskIQCMtM&quot;},{&quot;accountno&quot;:&quot;20000040&quot;,&quot;departmentno&quot;:&quot;4&quot;,&quot;salary&quot;:&quot;20040&quot;,&quot;pincode&quot;:&quot;200040&quot;,&quot;userid&quot;:&quot;XVdEAYnNkz3FsrWew6iu&quot;,&quot;id&quot;:&quot;TgrfYqrDZHZ6ml5Xze5N&quot;},{&quot;accountno&quot;:&quot;20000040&quot;,&quot;departmentno&quot;:&quot;4&quot;,&quot;salary&quot;:&quot;20040&quot;,&quot;pincode&quot;:&quot;200040&quot;,&quot;userid&quot;:&quot;XVdEAYnNkz3FsrWew6iu&quot;,&quot;id&quot;:&quot;gaJAVTPYjIO1eJ5Bx6Q9&quot;},{&quot;accountno&quot;:&quot;20000040&quot;,&quot;departmentno&quot;:&quot;4&quot;,&quot;salary&quot;:&quot;20040&quot;,&quot;pincode&quot;:&quot;200040&quot;,&quot;userid&quot;:&quot;XVdEAYnNkz3FsrWew6iu&quot;,&quot;id&quot;:&quot;lSN2KqEbHDfTKvv6Q5T4&quot;},{&quot;accountno&quot;:&quot;59192316&quot;,&quot;departmentno&quot;:&quot;1&quot;,&quot;salary&quot;:&quot;50000&quot;,&quot;pincode&quot;:&quot;560064&quot;,&quot;userid&quot;:&quot;STPlkSG4zB7TihoZ78KK&quot;,&quot;id&quot;:&quot;1ElKNWk74vWnu34Bw0Y3&quot;},{&quot;accountno&quot;:&quot;20000040&quot;,&quot;departmentno&quot;:&quot;4&quot;,&quot;salary&quot;:&quot;20040&quot;,&quot;pincode&quot;:&quot;200040&quot;,&quot;userid&quot;:&quot;XVdEAYnNkz3FsrWew6iu&quot;,&quot;id&quot;:&quot;3P2J0QCv0QZp052pFXa9&quot;},{&quot;accountno&quot;:&quot;59192316&quot;,&quot;departmentno&quot;:&quot;1&quot;,&quot;salary&quot;:&quot;50000&quot;,&quot;pincode&quot;:&quot;560064&quot;,&quot;userid&quot;:&quot;STPlkSG4zB7TihoZ78KK&quot;,&quot;id&quot;:&quot;QGsrE0zEUgvru4MNWajU&quot;},{&quot;accountno&quot;:&quot;20000040&quot;,&quot;departmentno&quot;:&quot;4&quot;,&quot;salary&quot;:&quot;20040&quot;,&quot;pincode&quot;:&quot;200040&quot;,&quot;userid&quot;:&quot;XVdEAYnNkz3FsrWew6iu&quot;,&quot;id&quot;:&quot;SPk9hso2zuSglPd1q6Iz&quot;},{&quot;accountno&quot;:&quot;20000040&quot;,&quot;departmentno&quot;:&quot;4&quot;,&quot;salary&quot;:&quot;20040&quot;,&quot;pincode&quot;:&quot;200040&quot;,&quot;userid&quot;:&quot;XVdEAYnNkz3FsrWew6iu&quot;,&quot;id&quot;:&quot;jK4pEGiNOqAu7Qqr2Hry&quot;},{&quot;accountno&quot;:&quot;20000040&quot;,&quot;departmentno&quot;:&quot;4&quot;,&quot;salary&quot;:&quot;20040&quot;,&quot;pincode&quot;:&quot;200040&quot;,&quot;userid&quot;:&quot;XVdEAYnNkz3FsrWew6iu&quot;,&quot;id&quot;:&quot;w1WyMCFRPAAvnl7I1X1h&quot;},{&quot;accountno&quot;:&quot;20000040&quot;,&quot;departmentno&quot;:&quot;4&quot;,&quot;salary&quot;:&quot;20040&quot;,&quot;pincode&quot;:&quot;200040&quot;,&quot;userid&quot;:&quot;XVdEAYnNkz3FsrWew6iu&quot;,&quot;id&quot;:&quot;1tQWh5wkhPfrT2tdLAuw&quot;},{&quot;accountno&quot;:&quot;59192316&quot;,&quot;departmentno&quot;:&quot;1&quot;,&quot;salary&quot;:&quot;50000&quot;,&quot;pincode&quot;:&quot;560064&quot;,&quot;userid&quot;:&quot;STPlkSG4zB7TihoZ78KK&quot;,&quot;id&quot;:&quot;NUjSBJB5QpTSysK5Wyfa&quot;},{&quot;accountno&quot;:&quot;59192316&quot;,&quot;departmentno&quot;:&quot;1&quot;,&quot;salary&quot;:&quot;50000&quot;,&quot;pincode&quot;:&quot;560064&quot;,&quot;userid&quot;:&quot;STPlkSG4zB7TihoZ78KK&quot;,&quot;id&quot;:&quot;GNZkdzf7xfojZTKi7gJD&quot;},{&quot;accountno&quot;:&quot;59192316&quot;,&quot;departmentno&quot;:&quot;1&quot;,&quot;salary&quot;:&quot;50000&quot;,&quot;pincode&quot;:&quot;560064&quot;,&quot;userid&quot;:&quot;STPlkSG4zB7TihoZ78KK&quot;,&quot;id&quot;:&quot;K43DHtG59LNI01MygyNQ&quot;},{&quot;accountno&quot;:&quot;59192316&quot;,&quot;departmentno&quot;:&quot;1&quot;,&quot;salary&quot;:&quot;50000&quot;,&quot;pincode&quot;:&quot;560064&quot;,&quot;userid&quot;:&quot;STPlkSG4zB7TihoZ78KK&quot;,&quot;id&quot;:&quot;ytpGgqhNDqxVdPBivQEa&quot;},{&quot;accountno&quot;:&quot;20000040&quot;,&quot;departmentno&quot;:&quot;4&quot;,&quot;salary&quot;:&quot;20040&quot;,&quot;pincode&quot;:&quot;200040&quot;,&quot;userid&quot;:&quot;XVdEAYnNkz3FsrWew6iu&quot;,&quot;id&quot;:&quot;oUFhtSpUMBXWSO6ksaU2&quot;},{&quot;accountno&quot;:&quot;59192316&quot;,&quot;departmentno&quot;:&quot;1&quot;,&quot;salary&quot;:&quot;50000&quot;,&quot;pincode&quot;:&quot;560064&quot;,&quot;userid&quot;:&quot;STPlkSG4zB7TihoZ78KK&quot;,&quot;id&quot;:&quot;TVLfaAJ5HzGzCXHmDx2c&quot;},{&quot;accountno&quot;:&quot;59192316&quot;,&quot;departmentno&quot;:&quot;1&quot;,&quot;salary&quot;:&quot;50000&quot;,&quot;pincode&quot;:&quot;560064&quot;,&quot;userid&quot;:&quot;STPlkSG4zB7TihoZ78KK&quot;,&quot;id&quot;:&quot;NaPUAtI2Es2QZJ7zpg92&quot;},{&quot;accountno&quot;:&quot;59192316&quot;,&quot;departmentno&quot;:&quot;1&quot;,&quot;salary&quot;:&quot;50000&quot;,&quot;pincode&quot;:&quot;560064&quot;,&quot;userid&quot;:&quot;STPlkSG4zB7TihoZ78KK&quot;,&quot;id&quot;:&quot;WhXRJ0n5Lvm6nKndf4G3&quot;},{&quot;accountno&quot;:&quot;59192315&quot;,&quot;departmentno&quot;:&quot;1&quot;,&quot;salary&quot;:&quot;50000&quot;,&quot;pincode&quot;:&quot;560064&quot;,&quot;userid&quot;:&quot;STPlkSG4zB7TihoZ78KK&quot;,&quot;id&quot;:&quot;zALMSy9M9ttNXpdauOi4&quot;},{&quot;accountno&quot;:&quot;59192314&quot;,&quot;departmentno&quot;:&quot;1&quot;,&quot;salary&quot;:&quot;50000&quot;,&quot;pincode&quot;:&quot;560064&quot;,&quot;userid&quot;:&quot;STPlkSG4zB7TihoZ78KK&quot;,&quot;id&quot;:&quot;UPN6f1CWoZi8hXDUixn5&quot;},{&quot;accountno&quot;:&quot;12345678&quot;,&quot;departmentno&quot;:&quot;1&quot;,&quot;salary&quot;:&quot;12345&quot;,&quot;pincode&quot;:&quot;123456&quot;,&quot;userid&quot;:&quot;Sg8U7tEgC3yAYOjqNkUK&quot;,&quot;id&quot;:&quot;UHx5UDr0wAm094sntJwD&quot;},{&quot;accountno&quot;:&quot;59192313&quot;,&quot;departmentno&quot;:&quot;1&quot;,&quot;salary&quot;:&quot;50000&quot;,&quot;pincode&quot;:&quot;560064&quot;,&quot;userid&quot;:&quot;STPlkSG4zB7TihoZ78KK&quot;,&quot;id&quot;:&quot;oLZVHfeqbolGXNNtHR55&quot;},{&quot;accountno&quot;:&quot;59192313&quot;,&quot;departmentno&quot;:&quot;1&quot;,&quot;salary&quot;:&quot;50000&quot;,&quot;pincode&quot;:&quot;560064&quot;,&quot;userid&quot;:&quot;STPlkSG4zB7TihoZ78KK&quot;,&quot;id&quot;:&quot;WKgZk6FLVDElqMB9afmU&quot;},{&quot;accountno&quot;:&quot;59192312&quot;,&quot;departmentno&quot;:&quot;2&quot;,&quot;salary&quot;:&quot;50000&quot;,&quot;pincode&quot;:&quot;560064&quot;,&quot;userid&quot;:&quot;STPlkSG4zB7TihoZ78KK&quot;,&quot;id&quot;:&quot;IqdvIyWudJ41fIUPPxDJ&quot;},{&quot;accountno&quot;:&quot;59192311&quot;,&quot;departmentno&quot;:&quot;2&quot;,&quot;salary&quot;:&quot;50000&quot;,&quot;pincode&quot;:&quot;560064&quot;,&quot;userid&quot;:&quot;STPlkSG4zB7TihoZ78KK&quot;,&quot;id&quot;:&quot;eq5bh5KY2WdmJkldgK9K&quot;},{&quot;accountno&quot;:&quot;12341238&quot;,&quot;departmentno&quot;:&quot;2&quot;,&quot;salary&quot;:&quot;13800&quot;,&quot;pincode&quot;:&quot;560064&quot;,&quot;userid&quot;:&quot;STPlkSG4zB7TihoZ78KK&quot;,&quot;id&quot;:&quot;sr71PfEvh2UzldzoiBwM&quot;},{&quot;accountno&quot;:&quot;12341238&quot;,&quot;departmentno&quot;:&quot;2&quot;,&quot;salary&quot;:&quot;13800&quot;,&quot;pincode&quot;:&quot;560064&quot;,&quot;userid&quot;:&quot;STPlkSG4zB7TihoZ78KK&quot;,&quot;id&quot;:&quot;bULhqoLvmsIW2vXu0Awy&quot;},{&quot;accountno&quot;:&quot;11123344&quot;,&quot;departmentno&quot;:&quot;2&quot;,&quot;salary&quot;:&quot;13800&quot;,&quot;pincode&quot;:&quot;560064&quot;,&quot;userid&quot;:&quot;STPlkSG4zB7TihoZ78KK&quot;,&quot;id&quot;:&quot;jkjTOlxP89HsYKiyAC8B&quot;},{&quot;accountno&quot;:&quot;11123344&quot;,&quot;departmentno&quot;:&quot;2&quot;,&quot;salary&quot;:&quot;13800&quot;,&quot;pincode&quot;:&quot;560064&quot;,&quot;userid&quot;:&quot;STPlkSG4zB7TihoZ78KK&quot;,&quot;id&quot;:&quot;xBWin5X2uR9lR6cRFoJP&quot;},{&quot;accountno&quot;:&quot;11123344&quot;,&quot;departmentno&quot;:&quot;2&quot;,&quot;salary&quot;:&quot;13800&quot;,&quot;pincode&quot;:&quot;560064&quot;,&quot;userid&quot;:&quot;STPlkSG4zB7TihoZ78KK&quot;,&quot;id&quot;:&quot;x9rFNISVuKb9R9BIpq3J&quot;},{&quot;accountno&quot;:&quot;11123344&quot;,&quot;departmentno&quot;:&quot;2&quot;,&quot;salary&quot;:&quot;13800&quot;,&quot;pincode&quot;:&quot;560064&quot;,&quot;userid&quot;:&quot;STPlkSG4zB7TihoZ78KK&quot;,&quot;id&quot;:&quot;LR2qJfILq8vh8EimuA2S&quot;},{&quot;accountno&quot;:&quot;11123344&quot;,&quot;departmentno&quot;:&quot;2&quot;,&quot;salary&quot;:&quot;13800&quot;,&quot;pincode&quot;:&quot;560064&quot;,&quot;userid&quot;:&quot;STPlkSG4zB7TihoZ78KK&quot;,&quot;id&quot;:&quot;PUVODgqSD7OIti50Dg1h&quot;},{&quot;accountno&quot;:&quot;11123344&quot;,&quot;departmentno&quot;:&quot;2&quot;,&quot;salary&quot;:&quot;13800&quot;,&quot;pincode&quot;:&quot;560064&quot;,&quot;userid&quot;:&quot;STPlkSG4zB7TihoZ78KK&quot;,&quot;id&quot;:&quot;dKPpHVEmvcQCZYCyjcrh&quot;},{&quot;accountno&quot;:&quot;11123344&quot;,&quot;departmentno&quot;:&quot;2&quot;,&quot;salary&quot;:&quot;13800&quot;,&quot;pincode&quot;:&quot;560064&quot;,&quot;userid&quot;:&quot;STPlkSG4zB7TihoZ78KK&quot;,&quot;id&quot;:&quot;hxuZXjnPzrKz7iEbUK1r&quot;},{&quot;accountno&quot;:&quot;11123344&quot;,&quot;departmentno&quot;:&quot;2&quot;,&quot;salary&quot;:&quot;13800&quot;,&quot;pincode&quot;:&quot;560064&quot;,&quot;userid&quot;:&quot;STPlkSG4zB7TihoZ78KK&quot;,&quot;id&quot;:&quot;9xL7AUXCroi52zf76IOw&quot;},{&quot;accountno&quot;:&quot;11123344&quot;,&quot;departmentno&quot;:&quot;2&quot;,&quot;salary&quot;:&quot;13800&quot;,&quot;pincode&quot;:&quot;560064&quot;,&quot;userid&quot;:&quot;STPlkSG4zB7TihoZ78KK&quot;,&quot;id&quot;:&quot;QkQD11ctcIbUrCSN7htb&quot;},{&quot;accountno&quot;:&quot;11123344&quot;,&quot;departmentno&quot;:&quot;2&quot;,&quot;salary&quot;:&quot;13800&quot;,&quot;pincode&quot;:&quot;560064&quot;,&quot;userid&quot;:&quot;STPlkSG4zB7TihoZ78KK&quot;,&quot;id&quot;:&quot;edbYgSCceh8mdS3uggx4&quot;},{&quot;accountno&quot;:&quot;11123344&quot;,&quot;departmentno&quot;:&quot;2&quot;,&quot;salary&quot;:&quot;13800&quot;,&quot;pincode&quot;:&quot;560064&quot;,&quot;userid&quot;:&quot;STPlkSG4zB7TihoZ78KK&quot;,&quot;id&quot;:&quot;rBOt9uvygL8fwaobEuY0&quot;},{&quot;accountno&quot;:&quot;11123344&quot;,&quot;departmentno&quot;:&quot;2&quot;,&quot;salary&quot;:&quot;13800&quot;,&quot;pincode&quot;:&quot;560064&quot;,&quot;userid&quot;:&quot;STPlkSG4zB7TihoZ78KK&quot;,&quot;id&quot;:&quot;ecsn4I8ivPKhn0XIvD6Y&quot;},{&quot;accountno&quot;:&quot;11123344&quot;,&quot;departmentno&quot;:&quot;2&quot;,&quot;salary&quot;:&quot;13800&quot;,&quot;pincode&quot;:&quot;560064&quot;,&quot;userid&quot;:&quot;STPlkSG4zB7TihoZ78KK&quot;,&quot;id&quot;:&quot;KXlkJkgD02so40i3i1yQ&quot;},{&quot;accountno&quot;:&quot;11123344&quot;,&quot;departmentno&quot;:&quot;2&quot;,&quot;salary&quot;:&quot;13800&quot;,&quot;pincode&quot;:&quot;560064&quot;,&quot;userid&quot;:&quot;STPlkSG4zB7TihoZ78KK&quot;,&quot;id&quot;:&quot;iwLgDDBh1O1mXU7enOiw&quot;},{&quot;accountno&quot;:&quot;11123344&quot;,&quot;departmentno&quot;:&quot;2&quot;,&quot;salary&quot;:&quot;13800&quot;,&quot;pincode&quot;:&quot;560064&quot;,&quot;userid&quot;:&quot;STPlkSG4zB7TihoZ78KK&quot;,&quot;id&quot;:&quot;QDkrEqW2OAFQxZy7Nq2S&quot;},{&quot;accountno&quot;:&quot;11123344&quot;,&quot;departmentno&quot;:&quot;2&quot;,&quot;salary&quot;:&quot;13800&quot;,&quot;pincode&quot;:&quot;560064&quot;,&quot;userid&quot;:&quot;STPlkSG4zB7TihoZ78KK&quot;,&quot;id&quot;:&quot;Ts4TDjFnLZdTPl7P7Cpz&quot;},{&quot;accountno&quot;:&quot;20000040&quot;,&quot;departmentno&quot;:&quot;4&quot;,&quot;salary&quot;:&quot;20040&quot;,&quot;pincode&quot;:&quot;200040&quot;,&quot;userid&quot;:&quot;XVdEAYnNkz3FsrWew6iu&quot;,&quot;id&quot;:&quot;guIG12RAhmf3BolsrCpF&quot;},{&quot;accountno&quot;:&quot;20000040&quot;,&quot;departmentno&quot;:&quot;4&quot;,&quot;salary&quot;:&quot;20040&quot;,&quot;pincode&quot;:&quot;200040&quot;,&quot;userid&quot;:&quot;XVdEAYnNkz3FsrWew6iu&quot;,&quot;id&quot;:&quot;nQUzTceEEztzaPEBgd7H&quot;},{&quot;accountno&quot;:&quot;20000040&quot;,&quot;departmentno&quot;:&quot;4&quot;,&quot;salary&quot;:&quot;20040&quot;,&quot;pincode&quot;:&quot;200040&quot;,&quot;userid&quot;:&quot;XVdEAYnNkz3FsrWew6iu&quot;,&quot;id&quot;:&quot;sbB8qCai3lqoeBMvXSLl&quot;},{&quot;accountno&quot;:&quot;20000040&quot;,&quot;departmentno&quot;:&quot;4&quot;,&quot;salary&quot;:&quot;20040&quot;,&quot;pincode&quot;:&quot;200040&quot;,&quot;userid&quot;:&quot;XVdEAYnNkz3FsrWew6iu&quot;,&quot;id&quot;:&quot;XogIi0ced9cHeSNgldyY&quot;},{&quot;accountno&quot;:&quot;20000030&quot;,&quot;departmentno&quot;:&quot;3&quot;,&quot;salary&quot;:&quot;20030&quot;,&quot;pincode&quot;:&quot;200030&quot;,&quot;userid&quot;:&quot;XVdEAYnNkz3FsrWew6iu&quot;,&quot;id&quot;:&quot;5JOocJUwe1y4d2bIgodM&quot;},{&quot;accountno&quot;:&quot;88542098&quot;,&quot;departmentno&quot;:&quot;5&quot;,&quot;salary&quot;:&quot;5566&quot;,&quot;pincode&quot;:&quot;666666&quot;,&quot;userid&quot;:&quot;aaTLunwlzmlOZuXsBm4W&quot;,&quot;id&quot;:&quot;gyHwMmJPOHfQbmviSxRY&quot;},{&quot;accountno&quot;:&quot;88542098&quot;,&quot;departmentno&quot;:&quot;5&quot;,&quot;salary&quot;:&quot;5566&quot;,&quot;pincode&quot;:&quot;666666&quot;,&quot;userid&quot;:&quot;aaTLunwlzmlOZuXsBm4W&quot;,&quot;id&quot;:&quot;iZsfMzXYofPWsupMpNEZ&quot;},{&quot;accountno&quot;:&quot;88542098&quot;,&quot;departmentno&quot;:&quot;5&quot;,&quot;salary&quot;:&quot;5566&quot;,&quot;pincode&quot;:&quot;666666&quot;,&quot;userid&quot;:&quot;aaTLunwlzmlOZuXsBm4W&quot;,&quot;id&quot;:&quot;3eUFZqZaXY7ziJEE4VLA&quot;},{&quot;accountno&quot;:&quot;88542098&quot;,&quot;departmentno&quot;:&quot;5&quot;,&quot;salary&quot;:&quot;5566&quot;,&quot;pincode&quot;:&quot;666666&quot;,&quot;userid&quot;:&quot;aaTLunwlzmlOZuXsBm4W&quot;,&quot;id&quot;:&quot;ImnK2B0xgKkkkPqMBVJ5&quot;},{&quot;accountno&quot;:&quot;88542098&quot;,&quot;departmentno&quot;:&quot;5&quot;,&quot;salary&quot;:&quot;5566&quot;,&quot;pincode&quot;:&quot;666666&quot;,&quot;userid&quot;:&quot;aaTLunwlzmlOZuXsBm4W&quot;,&quot;id&quot;:&quot;qwx7XlsSDylgOlpClSF6&quot;},{&quot;accountno&quot;:&quot;88542098&quot;,&quot;departmentno&quot;:&quot;5&quot;,&quot;salary&quot;:&quot;5566&quot;,&quot;pincode&quot;:&quot;666666&quot;,&quot;userid&quot;:&quot;aaTLunwlzmlOZuXsBm4W&quot;,&quot;id&quot;:&quot;eK4bZe4P6tYHyYvTBYnk&quot;},{&quot;accountno&quot;:&quot;13212121&quot;,&quot;departmentno&quot;:&quot;6&quot;,&quot;salary&quot;:&quot;6666&quot;,&quot;pincode&quot;:&quot;666666&quot;,&quot;userid&quot;:&quot;mVUMtJ8McXbP6Xkm86Ee&quot;,&quot;id&quot;:&quot;idX3sU0k8k6R1uSUfcby&quot;},{&quot;accountno&quot;:&quot;88542098&quot;,&quot;departmentno&quot;:&quot;5&quot;,&quot;salary&quot;:&quot;5566&quot;,&quot;pincode&quot;:&quot;666666&quot;,&quot;userid&quot;:&quot;aaTLunwlzmlOZuXsBm4W&quot;,&quot;id&quot;:&quot;GS8ThJ7oCAIEueSVlm7D&quot;},{&quot;accountno&quot;:&quot;13212121&quot;,&quot;departmentno&quot;:&quot;6&quot;,&quot;salary&quot;:&quot;6666&quot;,&quot;pincode&quot;:&quot;666666&quot;,&quot;userid&quot;:&quot;mVUMtJ8McXbP6Xkm86Ee&quot;,&quot;id&quot;:&quot;WgNy2NWrznJjZRRHbRda&quot;},{&quot;accountno&quot;:&quot;16677889&quot;,&quot;departmentno&quot;:&quot;4&quot;,&quot;salary&quot;:&quot;177777&quot;,&quot;pincode&quot;:&quot;110028&quot;,&quot;userid&quot;:&quot;udhBK3zB8LiJm9Crv8KY&quot;,&quot;id&quot;:&quot;t3DWnXVamxp4223jzZB7&quot;},{&quot;accountno&quot;:&quot;16677889&quot;,&quot;departmentno&quot;:&quot;4&quot;,&quot;salary&quot;:&quot;177777&quot;,&quot;pincode&quot;:&quot;110028&quot;,&quot;userid&quot;:&quot;udhBK3zB8LiJm9Crv8KY&quot;,&quot;id&quot;:&quot;ZGwvEv8TvW535lBpASP6&quot;},{&quot;accountno&quot;:&quot;16677889&quot;,&quot;departmentno&quot;:&quot;4&quot;,&quot;salary&quot;:&quot;177777&quot;,&quot;pincode&quot;:&quot;110028&quot;,&quot;userid&quot;:&quot;udhBK3zB8LiJm9Crv8KY&quot;,&quot;id&quot;:&quot;JQ5C35Zua9mJqTT2sjC8&quot;},{&quot;accountno&quot;:&quot;13212121&quot;,&quot;departmentno&quot;:&quot;6&quot;,&quot;salary&quot;:&quot;6666&quot;,&quot;pincode&quot;:&quot;666666&quot;,&quot;userid&quot;:&quot;mVUMtJ8McXbP6Xkm86Ee&quot;,&quot;id&quot;:&quot;2RGRGKNXtw9UqLVSgXWX&quot;},{&quot;accountno&quot;:&quot;12345555&quot;,&quot;departmentno&quot;:&quot;4&quot;,&quot;salary&quot;:&quot;400000&quot;,&quot;pincode&quot;:&quot;560077&quot;,&quot;userid&quot;:&quot;f3au9cGnbYj4Y3qVxcY9&quot;,&quot;id&quot;:&quot;KmVNz1f88ulnH9wzCeyI&quot;},{&quot;accountno&quot;:&quot;16677889&quot;,&quot;departmentno&quot;:&quot;4&quot;,&quot;salary&quot;:&quot;177777&quot;,&quot;pincode&quot;:&quot;110028&quot;,&quot;userid&quot;:&quot;udhBK3zB8LiJm9Crv8KY&quot;,&quot;id&quot;:&quot;xNAl2paCe6JDpaelKPPl&quot;},{&quot;accountno&quot;:&quot;16677889&quot;,&quot;departmentno&quot;:&quot;4&quot;,&quot;salary&quot;:&quot;177777&quot;,&quot;pincode&quot;:&quot;110028&quot;,&quot;userid&quot;:&quot;udhBK3zB8LiJm9Crv8KY&quot;,&quot;id&quot;:&quot;o87MlNKhS93ztZywx6Kl&quot;},{&quot;accountno&quot;:&quot;16677889&quot;,&quot;departmentno&quot;:&quot;4&quot;,&quot;salary&quot;:&quot;177777&quot;,&quot;pincode&quot;:&quot;110028&quot;,&quot;userid&quot;:&quot;udhBK3zB8LiJm9Crv8KY&quot;,&quot;id&quot;:&quot;Tp3RI4dFdcUl9f8bFxAh&quot;},{&quot;accountno&quot;:&quot;12345555&quot;,&quot;departmentno&quot;:&quot;4&quot;,&quot;salary&quot;:&quot;400000&quot;,&quot;pincode&quot;:&quot;560077&quot;,&quot;userid&quot;:&quot;f3au9cGnbYj4Y3qVxcY9&quot;,&quot;id&quot;:&quot;V2fbqGfRcrv53mTi4O86&quot;},{&quot;accountno&quot;:&quot;16677889&quot;,&quot;departmentno&quot;:&quot;4&quot;,&quot;salary&quot;:&quot;177777&quot;,&quot;pincode&quot;:&quot;110028&quot;,&quot;userid&quot;:&quot;udhBK3zB8LiJm9Crv8KY&quot;,&quot;id&quot;:&quot;YHBSjB15Q48yK45vbRRY&quot;},{&quot;accountno&quot;:&quot;16677889&quot;,&quot;departmentno&quot;:&quot;4&quot;,&quot;salary&quot;:&quot;177777&quot;,&quot;pincode&quot;:&quot;110028&quot;,&quot;userid&quot;:&quot;udhBK3zB8LiJm9Crv8KY&quot;,&quot;id&quot;:&quot;rjcHYbI3fLmWB189H4BL&quot;},{&quot;accountno&quot;:&quot;12345555&quot;,&quot;departmentno&quot;:&quot;4&quot;,&quot;salary&quot;:&quot;400000&quot;,&quot;pincode&quot;:&quot;560077&quot;,&quot;userid&quot;:&quot;f3au9cGnbYj4Y3qVxcY9&quot;,&quot;id&quot;:&quot;qW7TYS1gI804hnOw3KDA&quot;},{&quot;accountno&quot;:&quot;12345555&quot;,&quot;departmentno&quot;:&quot;4&quot;,&quot;salary&quot;:&quot;400000&quot;,&quot;pincode&quot;:&quot;560077&quot;,&quot;userid&quot;:&quot;f3au9cGnbYj4Y3qVxcY9&quot;,&quot;id&quot;:&quot;qM6fSjCoH5PSJit2KCW6&quot;},{&quot;accountno&quot;:&quot;12345555&quot;,&quot;departmentno&quot;:&quot;4&quot;,&quot;salary&quot;:&quot;400000&quot;,&quot;pincode&quot;:&quot;560077&quot;,&quot;userid&quot;:&quot;f3au9cGnbYj4Y3qVxcY9&quot;,&quot;id&quot;:&quot;w6gJUpnyKlk1ykLQQxfF&quot;},{&quot;accountno&quot;:&quot;88542098&quot;,&quot;departmentno&quot;:&quot;5&quot;,&quot;salary&quot;:&quot;5566&quot;,&quot;pincode&quot;:&quot;666666&quot;,&quot;userid&quot;:&quot;aaTLunwlzmlOZuXsBm4W&quot;,&quot;id&quot;:&quot;uZIaqto1p2v1QPjCsNaQ&quot;},{&quot;accountno&quot;:44444444,&quot;departmentno&quot;:4,&quot;salary&quot;:4000,&quot;pincode&quot;:444444,&quot;userid&quot;:&quot;NhIAWPJNpQoYlFjMPScL&quot;,&quot;id&quot;:&quot;N2Q6pBiFFSXQrTWJXXtb&quot;},{&quot;accountno&quot;:44444444,&quot;departmentno&quot;:4,&quot;salary&quot;:4000,&quot;pincode&quot;:444444,&quot;userid&quot;:&quot;NhIAWPJNpQoYlFjMPScL&quot;,&quot;id&quot;:&quot;guxNh0fMuKdKk2ZlYrfO&quot;},{&quot;accountno&quot;:44444444,&quot;departmentno&quot;:4,&quot;salary&quot;:4000,&quot;pincode&quot;:444444,&quot;userid&quot;:&quot;NhIAWPJNpQoYlFjMPScL&quot;,&quot;id&quot;:&quot;SEDY4ag1KNB7tUNWFfur&quot;},{&quot;accountno&quot;:44444444,&quot;departmentno&quot;:4,&quot;salary&quot;:4000,&quot;pincode&quot;:444444,&quot;userid&quot;:&quot;NhIAWPJNpQoYlFjMPScL&quot;,&quot;id&quot;:&quot;7GrsuXeiHtrryneNMSAo&quot;},{&quot;accountno&quot;:&quot;88542098&quot;,&quot;departmentno&quot;:&quot;5&quot;,&quot;salary&quot;:&quot;5566&quot;,&quot;pincode&quot;:&quot;666666&quot;,&quot;userid&quot;:&quot;aaTLunwlzmlOZuXsBm4W&quot;,&quot;id&quot;:&quot;qi0oVBN56vAYoWvxnC13&quot;},{&quot;accountno&quot;:&quot;88542098&quot;,&quot;departmentno&quot;:&quot;5&quot;,&quot;salary&quot;:&quot;5566&quot;,&quot;pincode&quot;:&quot;666666&quot;,&quot;userid&quot;:&quot;aaTLunwlzmlOZuXsBm4W&quot;,&quot;id&quot;:&quot;hGsmRcJf9zyeXJaOYuVQ&quot;},{&quot;accountno&quot;:&quot;88542098&quot;,&quot;departmentno&quot;:&quot;5&quot;,&quot;salary&quot;:&quot;5566&quot;,&quot;pincode&quot;:&quot;666666&quot;,&quot;userid&quot;:&quot;aaTLunwlzmlOZuXsBm4W&quot;,&quot;id&quot;:&quot;G9FVfpAyXsxIsWN5EMNw&quot;},{&quot;accountno&quot;:&quot;16677889&quot;,&quot;departmentno&quot;:&quot;4&quot;,&quot;salary&quot;:&quot;177777&quot;,&quot;pincode&quot;:&quot;110028&quot;,&quot;userid&quot;:&quot;udhBK3zB8LiJm9Crv8KY&quot;,&quot;id&quot;:&quot;Xm0GocDPae7YAhwKEhtL&quot;},{&quot;accountno&quot;:&quot;16677889&quot;,&quot;departmentno&quot;:&quot;4&quot;,&quot;salary&quot;:&quot;177777&quot;,&quot;pincode&quot;:&quot;110028&quot;,&quot;userid&quot;:&quot;udhBK3zB8LiJm9Crv8KY&quot;,&quot;id&quot;:&quot;7nd5aw3cGytGsTEwjWCv&quot;},{&quot;accountno&quot;:&quot;88542098&quot;,&quot;departmentno&quot;:&quot;5&quot;,&quot;salary&quot;:&quot;5566&quot;,&quot;pincode&quot;:&quot;666666&quot;,&quot;userid&quot;:&quot;aaTLunwlzmlOZuXsBm4W&quot;,&quot;id&quot;:&quot;0Soe5t9d4OIGTrimhm85&quot;},{&quot;accountno&quot;:&quot;88542098&quot;,&quot;departmentno&quot;:&quot;5&quot;,&quot;salary&quot;:&quot;5566&quot;,&quot;pincode&quot;:&quot;666666&quot;,&quot;userid&quot;:&quot;aaTLunwlzmlOZuXsBm4W&quot;,&quot;id&quot;:&quot;Rd6YEP0iHzgnG9L2EcK2&quot;},{&quot;accountno&quot;:&quot;88542098&quot;,&quot;departmentno&quot;:&quot;5&quot;,&quot;salary&quot;:&quot;5566&quot;,&quot;pincode&quot;:&quot;666666&quot;,&quot;userid&quot;:&quot;aaTLunwlzmlOZuXsBm4W&quot;,&quot;id&quot;:&quot;A3w0rzeP64RwlYMu705W&quot;},{&quot;accountno&quot;:&quot;16677889&quot;,&quot;departmentno&quot;:&quot;4&quot;,&quot;salary&quot;:&quot;177777&quot;,&quot;pincode&quot;:&quot;110028&quot;,&quot;userid&quot;:&quot;udhBK3zB8LiJm9Crv8KY&quot;,&quot;id&quot;:&quot;1WTAYCWBb5HdGJ65Gxin&quot;},{&quot;accountno&quot;:&quot;16677889&quot;,&quot;departmentno&quot;:&quot;4&quot;,&quot;salary&quot;:&quot;177777&quot;,&quot;pincode&quot;:&quot;110028&quot;,&quot;userid&quot;:&quot;udhBK3zB8LiJm9Crv8KY&quot;,&quot;id&quot;:&quot;1cinjMH5jTiYaOogizG0&quot;},{&quot;accountno&quot;:&quot;88542098&quot;,&quot;departmentno&quot;:&quot;5&quot;,&quot;salary&quot;:&quot;5566&quot;,&quot;pincode&quot;:&quot;666666&quot;,&quot;userid&quot;:&quot;aaTLunwlzmlOZuXsBm4W&quot;,&quot;id&quot;:&quot;wcWsPJtbbMUUbH3gYnv5&quot;},{&quot;accountno&quot;:&quot;88542098&quot;,&quot;departmentno&quot;:&quot;5&quot;,&quot;salary&quot;:&quot;5566&quot;,&quot;pincode&quot;:&quot;666666&quot;,&quot;userid&quot;:&quot;aaTLunwlzmlOZuXsBm4W&quot;,&quot;id&quot;:&quot;PLtHZEVOEI8mFRXkGooW&quot;},{&quot;accountno&quot;:&quot;13212121&quot;,&quot;departmentno&quot;:&quot;6&quot;,&quot;salary&quot;:&quot;6666&quot;,&quot;pincode&quot;:&quot;666666&quot;,&quot;userid&quot;:&quot;mVUMtJ8McXbP6Xkm86Ee&quot;,&quot;id&quot;:&quot;EtfwGu5fQgXvfqafXxAD&quot;},{&quot;accountno&quot;:&quot;88542098&quot;,&quot;departmentno&quot;:&quot;5&quot;,&quot;salary&quot;:&quot;5566&quot;,&quot;pincode&quot;:&quot;666666&quot;,&quot;userid&quot;:&quot;aaTLunwlzmlOZuXsBm4W&quot;,&quot;id&quot;:&quot;sT7EEFu3I4UQQvDosF8O&quot;},{&quot;accountno&quot;:&quot;88542098&quot;,&quot;departmentno&quot;:&quot;5&quot;,&quot;salary&quot;:&quot;5566&quot;,&quot;pincode&quot;:&quot;666666&quot;,&quot;userid&quot;:&quot;aaTLunwlzmlOZuXsBm4W&quot;,&quot;id&quot;:&quot;xvLKZqVFYzmqA3eHfd3S&quot;},{&quot;accountno&quot;:&quot;88542098&quot;,&quot;departmentno&quot;:&quot;5&quot;,&quot;salary&quot;:&quot;5566&quot;,&quot;pincode&quot;:&quot;666666&quot;,&quot;userid&quot;:&quot;aaTLunwlzmlOZuXsBm4W&quot;,&quot;id&quot;:&quot;iimFm7tYAhIyG9lzEKn4&quot;},{&quot;accountno&quot;:&quot;16677889&quot;,&quot;departmentno&quot;:&quot;4&quot;,&quot;salary&quot;:&quot;177777&quot;,&quot;pincode&quot;:&quot;110028&quot;,&quot;userid&quot;:&quot;udhBK3zB8LiJm9Crv8KY&quot;,&quot;id&quot;:&quot;iP76YEuDzTKIjBPV1LIZ&quot;},{&quot;accountno&quot;:&quot;88542098&quot;,&quot;departmentno&quot;:&quot;5&quot;,&quot;salary&quot;:&quot;5566&quot;,&quot;pincode&quot;:&quot;666666&quot;,&quot;userid&quot;:&quot;aaTLunwlzmlOZuXsBm4W&quot;,&quot;id&quot;:&quot;nnEbLVPzyI5rIGrPVUHF&quot;},{&quot;accountno&quot;:&quot;88542098&quot;,&quot;departmentno&quot;:&quot;5&quot;,&quot;salary&quot;:&quot;5566&quot;,&quot;pincode&quot;:&quot;666666&quot;,&quot;userid&quot;:&quot;aaTLunwlzmlOZuXsBm4W&quot;,&quot;id&quot;:&quot;ixzLJmoCH5yWtXGo0NeC&quot;},{&quot;accountno&quot;:&quot;88542098&quot;,&quot;departmentno&quot;:&quot;5&quot;,&quot;salary&quot;:&quot;5566&quot;,&quot;pincode&quot;:&quot;666666&quot;,&quot;userid&quot;:&quot;aaTLunwlzmlOZuXsBm4W&quot;,&quot;id&quot;:&quot;7h6mvocLQ2K6JfYIZwVR&quot;},{&quot;accountno&quot;:&quot;88542099&quot;,&quot;departmentno&quot;:&quot;5&quot;,&quot;salary&quot;:&quot;5566&quot;,&quot;pincode&quot;:&quot;666666&quot;,&quot;userid&quot;:&quot;aaTLunwlzmlOZuXsBm4W&quot;,&quot;id&quot;:&quot;GBcatQXluWewL8sOlRiD&quot;},{&quot;accountno&quot;:&quot;12345678&quot;,&quot;departmentno&quot;:&quot;1&quot;,&quot;salary&quot;:&quot;12345&quot;,&quot;pincode&quot;:&quot;123456&quot;,&quot;userid&quot;:&quot;Sg8U7tEgC3yAYOjqNkUK&quot;,&quot;id&quot;:&quot;wANtT74b91vuHkwLsiQQ&quot;},{&quot;accountno&quot;:&quot;88542099&quot;,&quot;departmentno&quot;:&quot;5&quot;,&quot;salary&quot;:&quot;5555&quot;,&quot;pincode&quot;:&quot;666666&quot;,&quot;userid&quot;:&quot;aaTLunwlzmlOZuXsBm4W&quot;,&quot;id&quot;:&quot;83KDyTRR5dT59Lv4exXt&quot;},{&quot;accountno&quot;:&quot;88542099&quot;,&quot;departmentno&quot;:&quot;5&quot;,&quot;salary&quot;:&quot;5555&quot;,&quot;pincode&quot;:&quot;666666&quot;,&quot;userid&quot;:&quot;aaTLunwlzmlOZuXsBm4W&quot;,&quot;id&quot;:&quot;jcojIDLIpgRDvPZYjjh4&quot;},{&quot;accountno&quot;:&quot;12345678&quot;,&quot;departmentno&quot;:&quot;1&quot;,&quot;salary&quot;:&quot;12345&quot;,&quot;pincode&quot;:&quot;123456&quot;,&quot;userid&quot;:&quot;Sg8U7tEgC3yAYOjqNkUK&quot;,&quot;id&quot;:&quot;8QuD9mB6mELHYgIKf66O&quot;},{&quot;accountno&quot;:&quot;12345678&quot;,&quot;departmentno&quot;:&quot;1&quot;,&quot;salary&quot;:&quot;12345&quot;,&quot;pincode&quot;:&quot;123456&quot;,&quot;userid&quot;:&quot;Sg8U7tEgC3yAYOjqNkUK&quot;,&quot;id&quot;:&quot;kwG7uLB7I6RF7U0KfvYq&quot;},{&quot;accountno&quot;:&quot;12345678&quot;,&quot;departmentno&quot;:&quot;1&quot;,&quot;salary&quot;:&quot;12345&quot;,&quot;pincode&quot;:&quot;123456&quot;,&quot;userid&quot;:&quot;Sg8U7tEgC3yAYOjqNkUK&quot;,&quot;id&quot;:&quot;0M10O3YSaM7XHr9giKFO&quot;},{&quot;accountno&quot;:&quot;12345678&quot;,&quot;departmentno&quot;:&quot;1&quot;,&quot;salary&quot;:&quot;12345&quot;,&quot;pincode&quot;:&quot;123456&quot;,&quot;userid&quot;:&quot;Sg8U7tEgC3yAYOjqNkUK&quot;,&quot;id&quot;:&quot;YxUnXbKz4WAOJISCLD4B&quot;},{&quot;accountno&quot;:&quot;12345678&quot;,&quot;departmentno&quot;:&quot;1&quot;,&quot;salary&quot;:&quot;12345&quot;,&quot;pincode&quot;:&quot;123456&quot;,&quot;userid&quot;:&quot;Sg8U7tEgC3yAYOjqNkUK&quot;,&quot;id&quot;:&quot;OX8oQ0aiFvz9sOlK6Fd6&quot;},{&quot;accountno&quot;:&quot;12345678&quot;,&quot;departmentno&quot;:&quot;1&quot;,&quot;salary&quot;:&quot;12345&quot;,&quot;pincode&quot;:&quot;123456&quot;,&quot;userid&quot;:&quot;Sg8U7tEgC3yAYOjqNkUK&quot;,&quot;id&quot;:&quot;JfiRxxRVsyIZKSnz2dKe&quot;},{&quot;accountno&quot;:&quot;88542099&quot;,&quot;departmentno&quot;:&quot;5&quot;,&quot;salary&quot;:&quot;5555&quot;,&quot;pincode&quot;:&quot;666666&quot;,&quot;userid&quot;:&quot;aaTLunwlzmlOZuXsBm4W&quot;,&quot;id&quot;:&quot;o6wePokqh8l32Su3GzyH&quot;},{&quot;accountno&quot;:&quot;12345678&quot;,&quot;departmentno&quot;:&quot;1&quot;,&quot;salary&quot;:&quot;12345&quot;,&quot;pincode&quot;:&quot;123456&quot;,&quot;userid&quot;:&quot;Sg8U7tEgC3yAYOjqNkUK&quot;,&quot;id&quot;:&quot;UlCh69yHp5h4R8mVj6jw&quot;},{&quot;accountno&quot;:&quot;88542099&quot;,&quot;departmentno&quot;:&quot;5&quot;,&quot;salary&quot;:&quot;5555&quot;,&quot;pincode&quot;:&quot;666666&quot;,&quot;userid&quot;:&quot;aaTLunwlzmlOZuXsBm4W&quot;,&quot;id&quot;:&quot;TiW9p8Tku24BxSl25xJt&quot;},{&quot;accountno&quot;:&quot;88542099&quot;,&quot;departmentno&quot;:&quot;5&quot;,&quot;salary&quot;:&quot;5555&quot;,&quot;pincode&quot;:&quot;666666&quot;,&quot;userid&quot;:&quot;aaTLunwlzmlOZuXsBm4W&quot;,&quot;id&quot;:&quot;FWSjBkrzNO4NxBmlhFrj&quot;},{&quot;accountno&quot;:&quot;12345678&quot;,&quot;departmentno&quot;:&quot;1&quot;,&quot;salary&quot;:&quot;12345&quot;,&quot;pincode&quot;:&quot;123456&quot;,&quot;userid&quot;:&quot;Sg8U7tEgC3yAYOjqNkUK&quot;,&quot;id&quot;:&quot;MNqs941ufEwwoWeI7Izz&quot;},{&quot;accountno&quot;:&quot;88542099&quot;,&quot;departmentno&quot;:&quot;5&quot;,&quot;salary&quot;:&quot;5555&quot;,&quot;pincode&quot;:&quot;666666&quot;,&quot;userid&quot;:&quot;aaTLunwlzmlOZuXsBm4W&quot;,&quot;id&quot;:&quot;Kntum9LlCJEWwjETMmPH&quot;},{&quot;accountno&quot;:&quot;12345678&quot;,&quot;departmentno&quot;:&quot;1&quot;,&quot;salary&quot;:&quot;12345&quot;,&quot;pincode&quot;:&quot;123456&quot;,&quot;userid&quot;:&quot;Sg8U7tEgC3yAYOjqNkUK&quot;,&quot;id&quot;:&quot;ibwO5V7EH228h2pdfbQ6&quot;},{&quot;accountno&quot;:&quot;88542099&quot;,&quot;departmentno&quot;:&quot;5&quot;,&quot;salary&quot;:&quot;5555&quot;,&quot;pincode&quot;:&quot;666666&quot;,&quot;userid&quot;:&quot;aaTLunwlzmlOZuXsBm4W&quot;,&quot;id&quot;:&quot;0cdDm04Ix0FwxDBbdfrt&quot;},{&quot;accountno&quot;:&quot;12345678&quot;,&quot;departmentno&quot;:&quot;1&quot;,&quot;salary&quot;:&quot;12345&quot;,&quot;pincode&quot;:&quot;123456&quot;,&quot;userid&quot;:&quot;Sg8U7tEgC3yAYOjqNkUK&quot;,&quot;id&quot;:&quot;GcteoFexvDqx7vuKlaXq&quot;},{&quot;accountno&quot;:&quot;12345678&quot;,&quot;departmentno&quot;:&quot;0&quot;,&quot;salary&quot;:&quot;12345&quot;,&quot;pincode&quot;:&quot;123456&quot;,&quot;userid&quot;:&quot;Sg8U7tEgC3yAYOjqNkUK&quot;,&quot;id&quot;:&quot;O5OYOD4FcLtJuZw03Cu4&quot;},{&quot;accountno&quot;:&quot;12345678&quot;,&quot;departmentno&quot;:&quot;0&quot;,&quot;salary&quot;:&quot;12345&quot;,&quot;pincode&quot;:&quot;123456&quot;,&quot;userid&quot;:&quot;Sg8U7tEgC3yAYOjqNkUK&quot;,&quot;id&quot;:&quot;AAq5dg9cJOUQZkDbm62f&quot;},{&quot;accountno&quot;:&quot;12345678&quot;,&quot;departmentno&quot;:&quot;0&quot;,&quot;salary&quot;:&quot;12345&quot;,&quot;pincode&quot;:&quot;123456&quot;,&quot;userid&quot;:&quot;Sg8U7tEgC3yAYOjqNkUK&quot;,&quot;id&quot;:&quot;2k2q06BxNrYwwRGr747a&quot;},{&quot;accountno&quot;:&quot;88542099&quot;,&quot;departmentno&quot;:&quot;5&quot;,&quot;salary&quot;:&quot;5555&quot;,&quot;pincode&quot;:&quot;666666&quot;,&quot;userid&quot;:&quot;aaTLunwlzmlOZuXsBm4W&quot;,&quot;id&quot;:&quot;9Faf0Y15eHnjT7fR547L&quot;},{&quot;accountno&quot;:&quot;88542099&quot;,&quot;departmentno&quot;:&quot;5&quot;,&quot;salary&quot;:&quot;5555&quot;,&quot;pincode&quot;:&quot;666666&quot;,&quot;userid&quot;:&quot;aaTLunwlzmlOZuXsBm4W&quot;,&quot;id&quot;:&quot;BMh5TCnMGVWUnCvpY9DA&quot;},{&quot;accountno&quot;:&quot;88542099&quot;,&quot;departmentno&quot;:&quot;5&quot;,&quot;salary&quot;:&quot;5555&quot;,&quot;pincode&quot;:&quot;666666&quot;,&quot;userid&quot;:&quot;aaTLunwlzmlOZuXsBm4W&quot;,&quot;id&quot;:&quot;gP7WAjghXqE49cDfVy2k&quot;},{&quot;accountno&quot;:&quot;88542099&quot;,&quot;departmentno&quot;:&quot;5&quot;,&quot;salary&quot;:&quot;5555&quot;,&quot;pincode&quot;:&quot;666666&quot;,&quot;userid&quot;:&quot;aaTLunwlzmlOZuXsBm4W&quot;,&quot;id&quot;:&quot;w9hjZsuf2QXJbaAiNdbW&quot;},{&quot;accountno&quot;:&quot;88542099&quot;,&quot;departmentno&quot;:&quot;5&quot;,&quot;salary&quot;:&quot;5555&quot;,&quot;pincode&quot;:&quot;666666&quot;,&quot;userid&quot;:&quot;aaTLunwlzmlOZuXsBm4W&quot;,&quot;id&quot;:&quot;gC1oNtBI7ON71cpLRcB4&quot;},{&quot;accountno&quot;:&quot;88542099&quot;,&quot;departmentno&quot;:&quot;5&quot;,&quot;salary&quot;:&quot;5555&quot;,&quot;pincode&quot;:&quot;666666&quot;,&quot;userid&quot;:&quot;aaTLunwlzmlOZuXsBm4W&quot;,&quot;id&quot;:&quot;jnVDq25XIIKzqLDd09Kc&quot;},{&quot;accountno&quot;:&quot;88542099&quot;,&quot;departmentno&quot;:&quot;5&quot;,&quot;salary&quot;:&quot;5555&quot;,&quot;pincode&quot;:&quot;666666&quot;,&quot;userid&quot;:&quot;aaTLunwlzmlOZuXsBm4W&quot;,&quot;id&quot;:&quot;0rnHeG6oezOlyeItqCxs&quot;},{&quot;accountno&quot;:&quot;88542099&quot;,&quot;departmentno&quot;:&quot;5&quot;,&quot;salary&quot;:&quot;5555&quot;,&quot;pincode&quot;:&quot;666666&quot;,&quot;userid&quot;:&quot;aaTLunwlzmlOZuXsBm4W&quot;,&quot;id&quot;:&quot;0FIfUjhKZR1ZJap2JMWE&quot;},{&quot;accountno&quot;:&quot;12123891&quot;,&quot;departmentno&quot;:&quot;2&quot;,&quot;salary&quot;:&quot;121212&quot;,&quot;pincode&quot;:&quot;121212&quot;,&quot;userid&quot;:&quot;tUV5eLS8PrHkECApptwj&quot;,&quot;id&quot;:&quot;bEfhbMgh45D31eSxYC6H&quot;},{&quot;accountno&quot;:&quot;863434&quot;,&quot;departmentno&quot;:&quot;011&quot;,&quot;salary&quot;:&quot;48900&quot;,&quot;pincode&quot;:&quot;455555&quot;,&quot;userid&quot;:&quot;muvI8FoTMGhQfxspPb1D&quot;,&quot;id&quot;:&quot;ZmU1sdqGuYsbQ77RCZWO&quot;},{&quot;accountno&quot;:&quot;863434&quot;,&quot;departmentno&quot;:&quot;011&quot;,&quot;salary&quot;:&quot;48900&quot;,&quot;pincode&quot;:&quot;455555&quot;,&quot;userid&quot;:&quot;muvI8FoTMGhQfxspPb1D&quot;,&quot;id&quot;:&quot;ilmCPgXS53q77k7sqZe2&quot;},{&quot;accountno&quot;:&quot;863434&quot;,&quot;departmentno&quot;:&quot;011&quot;,&quot;salary&quot;:&quot;48900&quot;,&quot;pincode&quot;:&quot;455555&quot;,&quot;userid&quot;:&quot;muvI8FoTMGhQfxspPb1D&quot;,&quot;id&quot;:&quot;4B9FE2WkpODwXcDwpK17&quot;},{&quot;accountno&quot;:&quot;863434&quot;,&quot;departmentno&quot;:&quot;011&quot;,&quot;salary&quot;:&quot;48900&quot;,&quot;pincode&quot;:&quot;455555&quot;,&quot;userid&quot;:&quot;muvI8FoTMGhQfxspPb1D&quot;,&quot;id&quot;:&quot;4jRwAFVWypXHRptHHjk0&quot;},{&quot;accountno&quot;:&quot;863434&quot;,&quot;departmentno&quot;:&quot;011&quot;,&quot;salary&quot;:&quot;48900&quot;,&quot;pincode&quot;:&quot;455555&quot;,&quot;userid&quot;:&quot;muvI8FoTMGhQfxspPb1D&quot;,&quot;id&quot;:&quot;LOAJEDcpBQJhb0GmcjAi&quot;},{&quot;accountno&quot;:&quot;863434&quot;,&quot;departmentno&quot;:&quot;011&quot;,&quot;salary&quot;:&quot;48900&quot;,&quot;pincode&quot;:&quot;455555&quot;,&quot;userid&quot;:&quot;muvI8FoTMGhQfxspPb1D&quot;,&quot;id&quot;:&quot;RWQ3y24QIMya6qgYfSeg&quot;},{&quot;accountno&quot;:&quot;863434&quot;,&quot;departmentno&quot;:&quot;011&quot;,&quot;salary&quot;:&quot;48900&quot;,&quot;pincode&quot;:&quot;455555&quot;,&quot;userid&quot;:&quot;muvI8FoTMGhQfxspPb1D&quot;,&quot;id&quot;:&quot;sSfKaYE6DGqA7DhzT2IB&quot;},{&quot;accountno&quot;:&quot;2322331&quot;,&quot;departmentno&quot;:&quot;5&quot;,&quot;salary&quot;:&quot;2211&quot;,&quot;pincode&quot;:&quot;33333&quot;,&quot;userid&quot;:&quot;jNuJRaZD68Qzh2SYg7d8&quot;,&quot;id&quot;:&quot;fDWIfQgaU4bL8cCF4xof&quot;},{&quot;accountno&quot;:&quot;11123344&quot;,&quot;departmentno&quot;:&quot;2&quot;,&quot;salary&quot;:&quot;13800&quot;,&quot;pincode&quot;:&quot;560064&quot;,&quot;userid&quot;:&quot;STPlkSG4zB7TihoZ78KK&quot;,&quot;id&quot;:&quot;60OxZ3hFF3rsHId3qKEs&quot;},{&quot;accountno&quot;:&quot;11123344&quot;,&quot;departmentno&quot;:&quot;2&quot;,&quot;salary&quot;:&quot;13800&quot;,&quot;pincode&quot;:&quot;560064&quot;,&quot;userid&quot;:&quot;STPlkSG4zB7TihoZ78KK&quot;,&quot;id&quot;:&quot;ioOTcFF6PKtXYm8pnlsI&quot;},{&quot;accountno&quot;:&quot;11223378&quot;,&quot;departmentno&quot;:&quot;2&quot;,&quot;salary&quot;:&quot;123300&quot;,&quot;pincode&quot;:&quot;560064&quot;,&quot;userid&quot;:&quot;STPlkSG4zB7TihoZ78KK&quot;,&quot;id&quot;:&quot;FJjtQdWZiNWbFyqQFbl7&quot;},{&quot;accountno&quot;:&quot;22222331&quot;,&quot;departmentno&quot;:&quot;5&quot;,&quot;salary&quot;:&quot;2211&quot;,&quot;pincode&quot;:&quot;22222&quot;,&quot;userid&quot;:&quot;jNuJRaZD68Qzh2SYg7d8&quot;,&quot;id&quot;:&quot;0kKM2RaCWMAByhUEV6bo&quot;},{&quot;accountno&quot;:&quot;11123344&quot;,&quot;departmentno&quot;:&quot;2&quot;,&quot;salary&quot;:&quot;13800&quot;,&quot;pincode&quot;:&quot;560064&quot;,&quot;userid&quot;:&quot;STPlkSG4zB7TihoZ78KK&quot;,&quot;id&quot;:&quot;YHnWkioLgEZjTUgxWUII&quot;},{&quot;accountno&quot;:&quot;11123344&quot;,&quot;departmentno&quot;:&quot;2&quot;,&quot;salary&quot;:&quot;13800&quot;,&quot;pincode&quot;:&quot;560064&quot;,&quot;userid&quot;:&quot;STPlkSG4zB7TihoZ78KK&quot;,&quot;id&quot;:&quot;X8jyhtsHzFbBKSPDBqp3&quot;},{&quot;accountno&quot;:&quot;99999990&quot;,&quot;departmentno&quot;:&quot;2&quot;,&quot;salary&quot;:&quot;209000&quot;,&quot;pincode&quot;:&quot;534534&quot;,&quot;userid&quot;:&quot;PcHlag1PW7hFh5mapvRn&quot;,&quot;id&quot;:&quot;maKzFhBqIuWF4nSOCkGX&quot;},{&quot;accountno&quot;:&quot;11123344&quot;,&quot;departmentno&quot;:&quot;2&quot;,&quot;salary&quot;:&quot;13800&quot;,&quot;pincode&quot;:&quot;560064&quot;,&quot;userid&quot;:&quot;STPlkSG4zB7TihoZ78KK&quot;,&quot;id&quot;:&quot;StYgbO1OopTKrUwTYN2M&quot;},{&quot;accountno&quot;:&quot;11223378&quot;,&quot;departmentno&quot;:&quot;2&quot;,&quot;salary&quot;:&quot;61900&quot;,&quot;pincode&quot;:&quot;560064&quot;,&quot;userid&quot;:&quot;STPlkSG4zB7TihoZ78KK&quot;,&quot;id&quot;:&quot;ipgMxShTaRqv67AxayZe&quot;},{&quot;accountno&quot;:&quot;11223344&quot;,&quot;departmentno&quot;:&quot;2&quot;,&quot;salary&quot;:&quot;13800&quot;,&quot;pincode&quot;:&quot;560064&quot;,&quot;userid&quot;:&quot;STPlkSG4zB7TihoZ78KK&quot;,&quot;id&quot;:&quot;UOxAlQ9flb9iyBSVTJNw&quot;},{&quot;accountno&quot;:&quot;11223343&quot;,&quot;departmentno&quot;:&quot;2&quot;,&quot;salary&quot;:&quot;61200&quot;,&quot;pincode&quot;:&quot;560064&quot;,&quot;userid&quot;:&quot;STPlkSG4zB7TihoZ78KK&quot;,&quot;id&quot;:&quot;PBNkjcx3PZQPkWzGkkfL&quot;},{&quot;accountno&quot;:&quot;88542099&quot;,&quot;departmentno&quot;:&quot;5&quot;,&quot;salary&quot;:&quot;5555&quot;,&quot;pincode&quot;:&quot;666666&quot;,&quot;userid&quot;:&quot;aaTLunwlzmlOZuXsBm4W&quot;,&quot;id&quot;:&quot;Gm8WXHQ33Tf4Z6akfLEH&quot;},{&quot;accountno&quot;:&quot;88542099&quot;,&quot;departmentno&quot;:&quot;5&quot;,&quot;salary&quot;:&quot;5555&quot;,&quot;pincode&quot;:&quot;666666&quot;,&quot;userid&quot;:&quot;aaTLunwlzmlOZuXsBm4W&quot;,&quot;id&quot;:&quot;bEqkHt3gVdCSaYS1KxKr&quot;},{&quot;accountno&quot;:&quot;88542099&quot;,&quot;departmentno&quot;:&quot;5&quot;,&quot;salary&quot;:&quot;5555&quot;,&quot;pincode&quot;:&quot;666666&quot;,&quot;userid&quot;:&quot;aaTLunwlzmlOZuXsBm4W&quot;,&quot;id&quot;:&quot;SCEzpMpqK5SnRCxr0dXN&quot;},{&quot;accountno&quot;:&quot;12345657&quot;,&quot;departmentno&quot;:&quot;1&quot;,&quot;salary&quot;:&quot;12233334&quot;,&quot;pincode&quot;:&quot;123445&quot;,&quot;userid&quot;:&quot;tUV5eLS8PrHkECApptwj&quot;,&quot;id&quot;:&quot;NiNfuHGy0uAvNvEe1X9p&quot;},{&quot;accountno&quot;:&quot;87654321&quot;,&quot;departmentno&quot;:&quot;1&quot;,&quot;salary&quot;:&quot;1000&quot;,&quot;pincode&quot;:&quot;500000&quot;,&quot;userid&quot;:&quot;NwJ3oPk7YJMHXYkcRLoJ&quot;,&quot;id&quot;:&quot;y8MXw2UyAvbtTvBSW5LI&quot;},{&quot;accountno&quot;:&quot;87654321&quot;,&quot;departmentno&quot;:&quot;1&quot;,&quot;salary&quot;:&quot;1000&quot;,&quot;pincode&quot;:&quot;500000&quot;,&quot;userid&quot;:&quot;NwJ3oPk7YJMHXYkcRLoJ&quot;,&quot;id&quot;:&quot;IsfxPvAyepNa2mv2lp5g&quot;},{&quot;accountno&quot;:&quot;12345678&quot;,&quot;departmentno&quot;:&quot;0&quot;,&quot;salary&quot;:&quot;12345&quot;,&quot;pincode&quot;:&quot;123456&quot;,&quot;userid&quot;:&quot;Sg8U7tEgC3yAYOjqNkUK&quot;,&quot;id&quot;:&quot;lTpZgmjnumzezkiEwV7i&quot;},{&quot;accountno&quot;:&quot;12345678&quot;,&quot;departmentno&quot;:&quot;0&quot;,&quot;salary&quot;:&quot;12345&quot;,&quot;pincode&quot;:&quot;123456&quot;,&quot;userid&quot;:&quot;Sg8U7tEgC3yAYOjqNkUK&quot;,&quot;id&quot;:&quot;GjUvCpluiT0nkdppbrH9&quot;},{&quot;accountno&quot;:&quot;12345678&quot;,&quot;departmentno&quot;:&quot;0&quot;,&quot;salary&quot;:&quot;12345&quot;,&quot;pincode&quot;:&quot;123456&quot;,&quot;userid&quot;:&quot;Sg8U7tEgC3yAYOjqNkUK&quot;,&quot;id&quot;:&quot;QWJkZmFDaxcDjUGylvgf&quot;},{&quot;accountno&quot;:&quot;12345678&quot;,&quot;departmentno&quot;:&quot;0&quot;,&quot;salary&quot;:&quot;12345&quot;,&quot;pincode&quot;:&quot;123456&quot;,&quot;userid&quot;:&quot;Sg8U7tEgC3yAYOjqNkUK&quot;,&quot;id&quot;:&quot;KHHhBq8jLpOTlhZXcLaZ&quot;},{&quot;accountno&quot;:&quot;12345678&quot;,&quot;departmentno&quot;:&quot;0&quot;,&quot;salary&quot;:&quot;12345&quot;,&quot;pincode&quot;:&quot;123456&quot;,&quot;userid&quot;:&quot;Sg8U7tEgC3yAYOjqNkUK&quot;,&quot;id&quot;:&quot;Oi7bzZceNKQc7hH755va&quot;},{&quot;accountno&quot;:&quot;12345678&quot;,&quot;departmentno&quot;:&quot;0&quot;,&quot;salary&quot;:&quot;12345&quot;,&quot;pincode&quot;:&quot;123456&quot;,&quot;userid&quot;:&quot;Sg8U7tEgC3yAYOjqNkUK&quot;,&quot;id&quot;:&quot;HxxT2OnakW0Ni9EXnYbQ&quot;},{&quot;accountno&quot;:&quot;12345678&quot;,&quot;departmentno&quot;:&quot;0&quot;,&quot;salary&quot;:&quot;12345&quot;,&quot;pincode&quot;:&quot;123456&quot;,&quot;userid&quot;:&quot;Sg8U7tEgC3yAYOjqNkUK&quot;,&quot;id&quot;:&quot;wtYtlMxFHIegVn5EowUA&quot;},{&quot;accountno&quot;:&quot;12345678&quot;,&quot;departmentno&quot;:&quot;0&quot;,&quot;salary&quot;:&quot;12345&quot;,&quot;pincode&quot;:&quot;123456&quot;,&quot;userid&quot;:&quot;Sg8U7tEgC3yAYOjqNkUK&quot;,&quot;id&quot;:&quot;B82r9mxNG2bNCsxbFYTM&quot;},{&quot;accountno&quot;:&quot;12345678&quot;,&quot;departmentno&quot;:&quot;0&quot;,&quot;salary&quot;:&quot;12345&quot;,&quot;pincode&quot;:&quot;123456&quot;,&quot;userid&quot;:&quot;Sg8U7tEgC3yAYOjqNkUK&quot;,&quot;id&quot;:&quot;aZRK8vgomx6Oq4MLZzBq&quot;},{&quot;accountno&quot;:&quot;88540099&quot;,&quot;departmentno&quot;:&quot;5&quot;,&quot;salary&quot;:&quot;5555&quot;,&quot;pincode&quot;:&quot;555555&quot;,&quot;userid&quot;:&quot;aaTLunwlzmlOZuXsBm4W&quot;,&quot;id&quot;:&quot;DPeqMWOs8a0xHLYsRivp&quot;},{&quot;accountno&quot;:&quot;12345678&quot;,&quot;departmentno&quot;:&quot;0&quot;,&quot;salary&quot;:&quot;12345&quot;,&quot;pincode&quot;:&quot;123456&quot;,&quot;userid&quot;:&quot;Sg8U7tEgC3yAYOjqNkUK&quot;,&quot;id&quot;:&quot;XTmNSrFCklNsewOxVBJd&quot;},{&quot;accountno&quot;:&quot;12345678&quot;,&quot;departmentno&quot;:&quot;0&quot;,&quot;salary&quot;:&quot;12345&quot;,&quot;pincode&quot;:&quot;123456&quot;,&quot;userid&quot;:&quot;Sg8U7tEgC3yAYOjqNkUK&quot;,&quot;id&quot;:&quot;t2Gm7SWlyfYcUCgMQ2Ue&quot;},{&quot;accountno&quot;:&quot;12345678&quot;,&quot;departmentno&quot;:&quot;0&quot;,&quot;salary&quot;:&quot;12345&quot;,&quot;pincode&quot;:&quot;123456&quot;,&quot;userid&quot;:&quot;Sg8U7tEgC3yAYOjqNkUK&quot;,&quot;id&quot;:&quot;ur40QoGMhvbcw0Lb27n4&quot;},{&quot;accountno&quot;:&quot;12345678&quot;,&quot;departmentno&quot;:&quot;0&quot;,&quot;salary&quot;:&quot;12345&quot;,&quot;pincode&quot;:&quot;123456&quot;,&quot;userid&quot;:&quot;Sg8U7tEgC3yAYOjqNkUK&quot;,&quot;id&quot;:&quot;uJR5URrfaIfLfDu3e0bN&quot;},{&quot;accountno&quot;:&quot;12345678&quot;,&quot;departmentno&quot;:&quot;0&quot;,&quot;salary&quot;:&quot;12345&quot;,&quot;pincode&quot;:&quot;123456&quot;,&quot;userid&quot;:&quot;Sg8U7tEgC3yAYOjqNkUK&quot;,&quot;id&quot;:&quot;Z2hTCW0msaxBERmphDLM&quot;},{&quot;accountno&quot;:&quot;88540099&quot;,&quot;departmentno&quot;:&quot;5&quot;,&quot;salary&quot;:&quot;5555&quot;,&quot;pincode&quot;:&quot;555555&quot;,&quot;userid&quot;:&quot;aaTLunwlzmlOZuXsBm4W&quot;,&quot;id&quot;:&quot;GHK4fCc9OjcpilMICi0x&quot;},{&quot;accountno&quot;:&quot;88540099&quot;,&quot;departmentno&quot;:&quot;5&quot;,&quot;salary&quot;:&quot;5555&quot;,&quot;pincode&quot;:&quot;555555&quot;,&quot;userid&quot;:&quot;aaTLunwlzmlOZuXsBm4W&quot;,&quot;id&quot;:&quot;2ggeOLLZ0OPtXxCkf4Mu&quot;},{&quot;accountno&quot;:&quot;12345678&quot;,&quot;departmentno&quot;:&quot;0&quot;,&quot;salary&quot;:&quot;12345&quot;,&quot;pincode&quot;:&quot;123456&quot;,&quot;userid&quot;:&quot;Sg8U7tEgC3yAYOjqNkUK&quot;,&quot;id&quot;:&quot;lc7WzPWMV6DztyIsI0OH&quot;},{&quot;accountno&quot;:&quot;12365439&quot;,&quot;departmentno&quot;:&quot;7&quot;,&quot;salary&quot;:&quot;2000&quot;,&quot;pincode&quot;:&quot;323457&quot;,&quot;userid&quot;:&quot;U3Z1Yidij6RxyoK29ayU&quot;,&quot;id&quot;:&quot;vecOCSz0YSJNGsppIVRm&quot;},{&quot;accountno&quot;:&quot;77765439&quot;,&quot;departmentno&quot;:&quot;7&quot;,&quot;salary&quot;:&quot;2000&quot;,&quot;pincode&quot;:&quot;323457&quot;,&quot;userid&quot;:&quot;U3Z1Yidij6RxyoK29ayU&quot;,&quot;id&quot;:&quot;GXPJhorITTUZxOGvtVIm&quot;},{&quot;accountno&quot;:&quot;50000010&quot;,&quot;departmentno&quot;:&quot;2&quot;,&quot;salary&quot;:&quot;209000&quot;,&quot;pincode&quot;:&quot;534534&quot;,&quot;userid&quot;:&quot;PcHlag1PW7hFh5mapvRn&quot;,&quot;id&quot;:&quot;zCRNWGxFy8EQehVjKHgv&quot;},{&quot;accountno&quot;:&quot;12123156&quot;,&quot;departmentno&quot;:&quot;2&quot;,&quot;salary&quot;:&quot;1212566&quot;,&quot;pincode&quot;:&quot;121278&quot;,&quot;userid&quot;:&quot;tUV5eLS8PrHkECApptwj&quot;,&quot;id&quot;:&quot;ZGFwBZ432IRC4LWqaHew&quot;},{&quot;accountno&quot;:&quot;87654321&quot;,&quot;departmentno&quot;:&quot;1&quot;,&quot;salary&quot;:&quot;1000&quot;,&quot;pincode&quot;:&quot;500000&quot;,&quot;userid&quot;:&quot;NwJ3oPk7YJMHXYkcRLoJ&quot;,&quot;id&quot;:&quot;CnWXFKHjTqeftXT1S6Aj&quot;},{&quot;accountno&quot;:&quot;12345678&quot;,&quot;departmentno&quot;:&quot;0&quot;,&quot;salary&quot;:&quot;12345&quot;,&quot;pincode&quot;:&quot;123456&quot;,&quot;userid&quot;:&quot;Sg8U7tEgC3yAYOjqNkUK&quot;,&quot;id&quot;:&quot;cuX2XQYeTWfM6B23ZqQO&quot;},{&quot;accountno&quot;:&quot;12345678&quot;,&quot;departmentno&quot;:&quot;0&quot;,&quot;salary&quot;:&quot;12345&quot;,&quot;pincode&quot;:&quot;123456&quot;,&quot;userid&quot;:&quot;Sg8U7tEgC3yAYOjqNkUK&quot;,&quot;id&quot;:&quot;VLlz8NGs7kGTJjtytYMd&quot;},{&quot;accountno&quot;:&quot;12345678&quot;,&quot;departmentno&quot;:&quot;9&quot;,&quot;salary&quot;:&quot;12345&quot;,&quot;pincode&quot;:&quot;123456&quot;,&quot;userid&quot;:&quot;Sg8U7tEgC3yAYOjqNkUK&quot;,&quot;id&quot;:&quot;ixdcBksDzBMLIL4gAWmN&quot;},{&quot;accountno&quot;:&quot;18767777&quot;,&quot;departmentno&quot;:&quot;7&quot;,&quot;salary&quot;:&quot;2000&quot;,&quot;pincode&quot;:&quot;323457&quot;,&quot;userid&quot;:&quot;U3Z1Yidij6RxyoK29ayU&quot;,&quot;id&quot;:&quot;17WSpCSx1JehQHubuTIy&quot;},{&quot;accountno&quot;:&quot;18765438&quot;,&quot;departmentno&quot;:&quot;7&quot;,&quot;salary&quot;:&quot;2000&quot;,&quot;pincode&quot;:&quot;323457&quot;,&quot;userid&quot;:&quot;U3Z1Yidij6RxyoK29ayU&quot;,&quot;id&quot;:&quot;fyLAy4IUjt42lxVPhRnf&quot;},{&quot;accountno&quot;:&quot;13212121&quot;,&quot;departmentno&quot;:&quot;6&quot;,&quot;salary&quot;:&quot;6666&quot;,&quot;pincode&quot;:&quot;666666&quot;,&quot;userid&quot;:&quot;mVUMtJ8McXbP6Xkm86Ee&quot;,&quot;id&quot;:&quot;zGBA6wRkmuv5pXabM3pZ&quot;},{&quot;accountno&quot;:&quot;13212121&quot;,&quot;departmentno&quot;:&quot;6&quot;,&quot;salary&quot;:&quot;6666&quot;,&quot;pincode&quot;:&quot;666666&quot;,&quot;userid&quot;:&quot;mVUMtJ8McXbP6Xkm86Ee&quot;,&quot;id&quot;:&quot;XKt5gtsJIv2W9T1KkBva&quot;},{&quot;accountno&quot;:&quot;13212121&quot;,&quot;departmentno&quot;:&quot;6&quot;,&quot;salary&quot;:&quot;6666&quot;,&quot;pincode&quot;:&quot;666666&quot;,&quot;userid&quot;:&quot;mVUMtJ8McXbP6Xkm86Ee&quot;,&quot;id&quot;:&quot;zsLJdJgppNIxOGg8NLeS&quot;},{&quot;accountno&quot;:&quot;12345678&quot;,&quot;departmentno&quot;:&quot;9&quot;,&quot;salary&quot;:&quot;12345&quot;,&quot;pincode&quot;:&quot;123456&quot;,&quot;userid&quot;:&quot;Sg8U7tEgC3yAYOjqNkUK&quot;,&quot;id&quot;:&quot;OjlkkhtjUHJw2Zcer0OU&quot;},{&quot;accountno&quot;:&quot;13212121&quot;,&quot;departmentno&quot;:&quot;9&quot;,&quot;salary&quot;:&quot;66669&quot;,&quot;pincode&quot;:&quot;666666&quot;,&quot;userid&quot;:&quot;mVUMtJ8McXbP6Xkm86Ee&quot;,&quot;id&quot;:&quot;LadY6DY2DckKBVzw3bnc&quot;},{&quot;accountno&quot;:&quot;18765431&quot;,&quot;departmentno&quot;:&quot;7&quot;,&quot;salary&quot;:&quot;2000&quot;,&quot;pincode&quot;:&quot;323457&quot;,&quot;userid&quot;:&quot;U3Z1Yidij6RxyoK29ayU&quot;,&quot;id&quot;:&quot;a9c6ci6f1zSY0esS8pI1&quot;},{&quot;accountno&quot;:&quot;18765431&quot;,&quot;departmentno&quot;:&quot;7&quot;,&quot;salary&quot;:&quot;2000&quot;,&quot;pincode&quot;:&quot;323457&quot;,&quot;userid&quot;:&quot;U3Z1Yidij6RxyoK29ayU&quot;,&quot;id&quot;:&quot;TZFGMn08NJlawYAx8QmA&quot;},{&quot;accountno&quot;:&quot;18765431&quot;,&quot;departmentno&quot;:&quot;7&quot;,&quot;salary&quot;:&quot;2000&quot;,&quot;pincode&quot;:&quot;323457&quot;,&quot;userid&quot;:&quot;U3Z1Yidij6RxyoK29ayU&quot;,&quot;id&quot;:&quot;ZP0V2Grnw1jkVOagVCHu&quot;},{&quot;accountno&quot;:&quot;26765432&quot;,&quot;departmentno&quot;:&quot;7&quot;,&quot;salary&quot;:&quot;2000&quot;,&quot;pincode&quot;:&quot;323457&quot;,&quot;userid&quot;:&quot;U3Z1Yidij6RxyoK29ayU&quot;,&quot;id&quot;:&quot;Ym3WhhJX6N7spzTTKjkW&quot;},{&quot;accountno&quot;:&quot;12345567&quot;,&quot;departmentno&quot;:&quot;1&quot;,&quot;salary&quot;:&quot;80&quot;,&quot;pincode&quot;:&quot;123456&quot;,&quot;userid&quot;:&quot;jqRcPYgCUbWnsE2mr8CQ&quot;,&quot;id&quot;:&quot;KQOduL3qzkrWwa6AztvM&quot;},{&quot;accountno&quot;:&quot;12345678&quot;,&quot;departmentno&quot;:&quot;9&quot;,&quot;salary&quot;:&quot;12345&quot;,&quot;pincode&quot;:&quot;123456&quot;,&quot;userid&quot;:&quot;Sg8U7tEgC3yAYOjqNkUK&quot;,&quot;id&quot;:&quot;cI7FsiNdBEEwinB02tIw&quot;},{&quot;accountno&quot;:&quot;25225478&quot;,&quot;departmentno&quot;:9,&quot;salary&quot;:4625,&quot;pincode&quot;:845396,&quot;userid&quot;:&quot;Bf2SSUSveYyeya6EZayR&quot;,&quot;id&quot;:&quot;8JiBO9WcsigADzIyGqGH&quot;},{&quot;accountno&quot;:&quot;25225478&quot;,&quot;departmentno&quot;:9,&quot;salary&quot;:4625,&quot;pincode&quot;:845396,&quot;userid&quot;:&quot;Bf2SSUSveYyeya6EZayR&quot;,&quot;id&quot;:&quot;XF5dA3JYqtdVWno1HaTV&quot;},{&quot;accountno&quot;:&quot;25225478&quot;,&quot;departmentno&quot;:9,&quot;salary&quot;:4625,&quot;pincode&quot;:845396,&quot;userid&quot;:&quot;Bf2SSUSveYyeya6EZayR&quot;,&quot;id&quot;:&quot;QU1OevtcAxeZI0Sk16zR&quot;},{&quot;accountno&quot;:&quot;25225478&quot;,&quot;departmentno&quot;:9,&quot;salary&quot;:4625,&quot;pincode&quot;:845396,&quot;userid&quot;:&quot;Bf2SSUSveYyeya6EZayR&quot;,&quot;id&quot;:&quot;Bs1flu3vIeaYs9G6H40W&quot;},{&quot;accountno&quot;:&quot;25225478&quot;,&quot;departmentno&quot;:9,&quot;salary&quot;:4625,&quot;pincode&quot;:845396,&quot;userid&quot;:&quot;Bf2SSUSveYyeya6EZayR&quot;,&quot;id&quot;:&quot;Ou3GsqmN5RWjrnBs8Jb0&quot;},{&quot;accountno&quot;:&quot;25225478&quot;,&quot;departmentno&quot;:9,&quot;salary&quot;:4625,&quot;pincode&quot;:845396,&quot;userid&quot;:&quot;Bf2SSUSveYyeya6EZayR&quot;,&quot;id&quot;:&quot;gIdeKI7SlCY9rQw7RjCX&quot;},{&quot;accountno&quot;:&quot;25225478&quot;,&quot;departmentno&quot;:9,&quot;salary&quot;:4625,&quot;pincode&quot;:845396,&quot;userid&quot;:&quot;Bf2SSUSveYyeya6EZayR&quot;,&quot;id&quot;:&quot;O6BM5CRax30bDDg8JUyW&quot;},{&quot;accountno&quot;:&quot;25225478&quot;,&quot;departmentno&quot;:9,&quot;salary&quot;:4625,&quot;pincode&quot;:845396,&quot;userid&quot;:&quot;Bf2SSUSveYyeya6EZayR&quot;,&quot;id&quot;:&quot;DV4bRuP9YpsYJEwoYsM1&quot;},{&quot;accountno&quot;:&quot;25225478&quot;,&quot;departmentno&quot;:9,&quot;salary&quot;:4625,&quot;pincode&quot;:845396,&quot;userid&quot;:&quot;Bf2SSUSveYyeya6EZayR&quot;,&quot;id&quot;:&quot;YwLuTLjhbG7NzoOKhZi8&quot;},{&quot;accountno&quot;:&quot;25225478&quot;,&quot;departmentno&quot;:9,&quot;salary&quot;:4625,&quot;pincode&quot;:845396,&quot;userid&quot;:&quot;Bf2SSUSveYyeya6EZayR&quot;,&quot;id&quot;:&quot;DwgJFNjfi2kfs8wFZiFG&quot;},{&quot;accountno&quot;:&quot;25225478&quot;,&quot;departmentno&quot;:9,&quot;salary&quot;:4625,&quot;pincode&quot;:845396,&quot;userid&quot;:&quot;Bf2SSUSveYyeya6EZayR&quot;,&quot;id&quot;:&quot;b8PMhDrqrdmrkDak51s0&quot;},{&quot;accountno&quot;:&quot;25225478&quot;,&quot;departmentno&quot;:9,&quot;salary&quot;:4625,&quot;pincode&quot;:845396,&quot;userid&quot;:&quot;Bf2SSUSveYyeya6EZayR&quot;,&quot;id&quot;:&quot;Pumfu7SJIKQnkRruabi8&quot;},{&quot;accountno&quot;:&quot;25225478&quot;,&quot;departmentno&quot;:9,&quot;salary&quot;:4625,&quot;pincode&quot;:845396,&quot;userid&quot;:&quot;Bf2SSUSveYyeya6EZayR&quot;,&quot;id&quot;:&quot;y7iJPmXaQCld6tkKX5GL&quot;},{&quot;accountno&quot;:&quot;98765437&quot;,&quot;departmentno&quot;:&quot;7&quot;,&quot;salary&quot;:&quot;2000&quot;,&quot;pincode&quot;:&quot;323457&quot;,&quot;userid&quot;:&quot;U3Z1Yidij6RxyoK29ayU&quot;,&quot;id&quot;:&quot;3g7fAgd3usfSR8XAUweg&quot;},{&quot;accountno&quot;:&quot;98765437&quot;,&quot;departmentno&quot;:&quot;7&quot;,&quot;salary&quot;:&quot;2000&quot;,&quot;pincode&quot;:&quot;323457&quot;,&quot;userid&quot;:&quot;U3Z1Yidij6RxyoK29ayU&quot;,&quot;id&quot;:&quot;0dYzIp8EfqlXYGq1nkBX&quot;},{&quot;accountno&quot;:&quot;98765437&quot;,&quot;departmentno&quot;:&quot;7&quot;,&quot;salary&quot;:&quot;2000&quot;,&quot;pincode&quot;:&quot;323457&quot;,&quot;userid&quot;:&quot;U3Z1Yidij6RxyoK29ayU&quot;,&quot;id&quot;:&quot;hu77dgLrPWwOCeMeX8Hq&quot;},{&quot;accountno&quot;:&quot;98765437&quot;,&quot;departmentno&quot;:&quot;7&quot;,&quot;salary&quot;:&quot;2000&quot;,&quot;pincode&quot;:&quot;323457&quot;,&quot;userid&quot;:&quot;U3Z1Yidij6RxyoK29ayU&quot;,&quot;id&quot;:&quot;zD2UzJT3huY3k5sJ7c9n&quot;},{&quot;accountno&quot;:&quot;98765435&quot;,&quot;departmentno&quot;:&quot;7&quot;,&quot;salary&quot;:&quot;2000&quot;,&quot;pincode&quot;:&quot;323457&quot;,&quot;userid&quot;:&quot;U3Z1Yidij6RxyoK29ayU&quot;,&quot;id&quot;:&quot;FR25kWeGBKgbcd65HFk2&quot;},{&quot;accountno&quot;:&quot;11111111&quot;,&quot;departmentno&quot;:&quot;1&quot;,&quot;salary&quot;:&quot;10000&quot;,&quot;pincode&quot;:&quot;111111&quot;,&quot;userid&quot;:&quot;NhIAWPJNpQoYlFjMPScL&quot;,&quot;id&quot;:&quot;2PFhUuQQLIrX3MXm7pNh&quot;},{&quot;accountno&quot;:&quot;11111111&quot;,&quot;departmentno&quot;:&quot;1&quot;,&quot;salary&quot;:&quot;10000&quot;,&quot;pincode&quot;:&quot;111111&quot;,&quot;userid&quot;:&quot;NhIAWPJNpQoYlFjMPScL&quot;,&quot;id&quot;:&quot;uqypisQxUyFCYpQTjgxM&quot;},{&quot;accountno&quot;:&quot;11111111&quot;,&quot;departmentno&quot;:&quot;1&quot;,&quot;salary&quot;:&quot;10000&quot;,&quot;pincode&quot;:&quot;111111&quot;,&quot;userid&quot;:&quot;NhIAWPJNpQoYlFjMPScL&quot;,&quot;id&quot;:&quot;sc04e2Z2NNTo9GfKBDwy&quot;},{&quot;accountno&quot;:&quot;11111111&quot;,&quot;departmentno&quot;:&quot;1&quot;,&quot;salary&quot;:&quot;10000&quot;,&quot;pincode&quot;:&quot;111111&quot;,&quot;userid&quot;:&quot;NhIAWPJNpQoYlFjMPScL&quot;,&quot;id&quot;:&quot;bjZgAfVJXVZRTebtG0UM&quot;},{&quot;accountno&quot;:&quot;11111111&quot;,&quot;departmentno&quot;:&quot;1&quot;,&quot;salary&quot;:&quot;10000&quot;,&quot;pincode&quot;:&quot;111111&quot;,&quot;userid&quot;:&quot;NhIAWPJNpQoYlFjMPScL&quot;,&quot;id&quot;:&quot;IyNbiIfW1yURoKNXQ6ML&quot;},{&quot;accountno&quot;:&quot;11111111&quot;,&quot;departmentno&quot;:&quot;1&quot;,&quot;salary&quot;:&quot;10000&quot;,&quot;pincode&quot;:&quot;111111&quot;,&quot;userid&quot;:&quot;NhIAWPJNpQoYlFjMPScL&quot;,&quot;id&quot;:&quot;ZroUNAL7gLN1D0R8rudw&quot;},{&quot;accountno&quot;:&quot;11111111&quot;,&quot;departmentno&quot;:&quot;1&quot;,&quot;salary&quot;:&quot;10000&quot;,&quot;pincode&quot;:&quot;111111&quot;,&quot;userid&quot;:&quot;NhIAWPJNpQoYlFjMPScL&quot;,&quot;id&quot;:&quot;FMpRgYW5I9SXezZ03b52&quot;},{&quot;accountno&quot;:&quot;11111111&quot;,&quot;departmentno&quot;:&quot;1&quot;,&quot;salary&quot;:&quot;10000&quot;,&quot;pincode&quot;:&quot;111111&quot;,&quot;userid&quot;:&quot;NhIAWPJNpQoYlFjMPScL&quot;,&quot;id&quot;:&quot;nDz1pd9jJ2JtkIgDIt4l&quot;},{&quot;accountno&quot;:&quot;11111111&quot;,&quot;departmentno&quot;:&quot;1&quot;,&quot;salary&quot;:&quot;10000&quot;,&quot;pincode&quot;:&quot;111111&quot;,&quot;userid&quot;:&quot;NhIAWPJNpQoYlFjMPScL&quot;,&quot;id&quot;:&quot;DSXHjbZNxzfW3jmXMh08&quot;},{&quot;accountno&quot;:&quot;11111111&quot;,&quot;departmentno&quot;:&quot;1&quot;,&quot;salary&quot;:&quot;10000&quot;,&quot;pincode&quot;:&quot;111111&quot;,&quot;userid&quot;:&quot;NhIAWPJNpQoYlFjMPScL&quot;,&quot;id&quot;:&quot;kCHwxalMgltHAzjLwSv5&quot;},{&quot;accountno&quot;:&quot;13212121&quot;,&quot;departmentno&quot;:&quot;6&quot;,&quot;salary&quot;:&quot;6666&quot;,&quot;pincode&quot;:&quot;666666&quot;,&quot;userid&quot;:&quot;mVUMtJ8McXbP6Xkm86Ee&quot;,&quot;id&quot;:&quot;bR1MedX5ciebND1LSHxa&quot;},{&quot;accountno&quot;:&quot;11111111&quot;,&quot;departmentno&quot;:&quot;1&quot;,&quot;salary&quot;:&quot;10000&quot;,&quot;pincode&quot;:&quot;111111&quot;,&quot;userid&quot;:&quot;NhIAWPJNpQoYlFjMPScL&quot;,&quot;id&quot;:&quot;gpP7kQImgJU8SBCVfEtT&quot;},{&quot;accountno&quot;:&quot;13212121&quot;,&quot;departmentno&quot;:&quot;6&quot;,&quot;salary&quot;:&quot;6666&quot;,&quot;pincode&quot;:&quot;666666&quot;,&quot;userid&quot;:&quot;mVUMtJ8McXbP6Xkm86Ee&quot;,&quot;id&quot;:&quot;edNB1tilRNUDcd2lJ5bh&quot;},{&quot;accountno&quot;:&quot;13212121&quot;,&quot;departmentno&quot;:&quot;6&quot;,&quot;salary&quot;:&quot;6666&quot;,&quot;pincode&quot;:&quot;666666&quot;,&quot;userid&quot;:&quot;mVUMtJ8McXbP6Xkm86Ee&quot;,&quot;id&quot;:&quot;NobcHLaB2sJcjiVUMOmk&quot;},{&quot;accountno&quot;:&quot;13212121&quot;,&quot;departmentno&quot;:&quot;6&quot;,&quot;salary&quot;:&quot;6666&quot;,&quot;pincode&quot;:&quot;666666&quot;,&quot;userid&quot;:&quot;mVUMtJ8McXbP6Xkm86Ee&quot;,&quot;id&quot;:&quot;txz0QN6vjLi5nYDROwXo&quot;},{&quot;accountno&quot;:&quot;13212121&quot;,&quot;departmentno&quot;:&quot;6&quot;,&quot;salary&quot;:&quot;6666&quot;,&quot;pincode&quot;:&quot;666666&quot;,&quot;userid&quot;:&quot;mVUMtJ8McXbP6Xkm86Ee&quot;,&quot;id&quot;:&quot;ui1HbvBPvKJguXG8tu3E&quot;},{&quot;accountno&quot;:&quot;13212121&quot;,&quot;departmentno&quot;:&quot;6&quot;,&quot;salary&quot;:&quot;6666&quot;,&quot;pincode&quot;:&quot;666666&quot;,&quot;userid&quot;:&quot;mVUMtJ8McXbP6Xkm86Ee&quot;,&quot;id&quot;:&quot;Xr9XzaWz079Axx9MKpGD&quot;},{&quot;accountno&quot;:&quot;13212121&quot;,&quot;departmentno&quot;:&quot;6&quot;,&quot;salary&quot;:&quot;6666&quot;,&quot;pincode&quot;:&quot;666666&quot;,&quot;userid&quot;:&quot;mVUMtJ8McXbP6Xkm86Ee&quot;,&quot;id&quot;:&quot;rMf7EL0i0LoyZNzPge5c&quot;},{&quot;accountno&quot;:&quot;13212121&quot;,&quot;departmentno&quot;:&quot;6&quot;,&quot;salary&quot;:&quot;6666&quot;,&quot;pincode&quot;:&quot;666666&quot;,&quot;userid&quot;:&quot;mVUMtJ8McXbP6Xkm86Ee&quot;,&quot;id&quot;:&quot;WYdxIgxQ6CbViKx4nAcL&quot;},{&quot;accountno&quot;:&quot;13212121&quot;,&quot;departmentno&quot;:&quot;6&quot;,&quot;salary&quot;:&quot;6666&quot;,&quot;pincode&quot;:&quot;666666&quot;,&quot;userid&quot;:&quot;mVUMtJ8McXbP6Xkm86Ee&quot;,&quot;id&quot;:&quot;1UMv0g9HXmxMSYj8zGMP&quot;},{&quot;accountno&quot;:&quot;13212121&quot;,&quot;departmentno&quot;:&quot;6&quot;,&quot;salary&quot;:&quot;6666&quot;,&quot;pincode&quot;:&quot;666666&quot;,&quot;userid&quot;:&quot;mVUMtJ8McXbP6Xkm86Ee&quot;,&quot;id&quot;:&quot;BwN7EeFDdw3xZH1kx9Oo&quot;},{&quot;accountno&quot;:&quot;13212121&quot;,&quot;departmentno&quot;:7,&quot;salary&quot;:66668,&quot;pincode&quot;:666666,&quot;userid&quot;:&quot;mVUMtJ8McXbP6Xkm86Ee&quot;,&quot;id&quot;:&quot;DlynoEx9ElSbVOd4KLOo&quot;},{&quot;accountno&quot;:&quot;11111111&quot;,&quot;departmentno&quot;:&quot;1&quot;,&quot;salary&quot;:&quot;10000&quot;,&quot;pincode&quot;:&quot;111111&quot;,&quot;userid&quot;:&quot;NhIAWPJNpQoYlFjMPScL&quot;,&quot;id&quot;:&quot;AnFPcCHnEhupuraDLCDF&quot;},{&quot;accountno&quot;:&quot;11111111&quot;,&quot;departmentno&quot;:&quot;1&quot;,&quot;salary&quot;:&quot;10000&quot;,&quot;pincode&quot;:&quot;111111&quot;,&quot;userid&quot;:&quot;NhIAWPJNpQoYlFjMPScL&quot;,&quot;id&quot;:&quot;1YMVaXOSXCrE0iQuMzcG&quot;},{&quot;accountno&quot;:&quot;98765435&quot;,&quot;departmentno&quot;:&quot;7&quot;,&quot;salary&quot;:&quot;2000&quot;,&quot;pincode&quot;:&quot;323457&quot;,&quot;userid&quot;:&quot;U3Z1Yidij6RxyoK29ayU&quot;,&quot;id&quot;:&quot;F0t4jcilDYQ5tk7ktPjK&quot;},{&quot;accountno&quot;:&quot;98765434&quot;,&quot;departmentno&quot;:&quot;7&quot;,&quot;salary&quot;:&quot;2000&quot;,&quot;pincode&quot;:&quot;323457&quot;,&quot;userid&quot;:&quot;U3Z1Yidij6RxyoK29ayU&quot;,&quot;id&quot;:&quot;6t9Hd0KVwLEHa4WVNezd&quot;},{&quot;accountno&quot;:&quot;11111111&quot;,&quot;departmentno&quot;:&quot;1&quot;,&quot;salary&quot;:&quot;10000&quot;,&quot;pincode&quot;:&quot;111111&quot;,&quot;userid&quot;:&quot;NhIAWPJNpQoYlFjMPScL&quot;,&quot;id&quot;:&quot;EJsZrVfCXZqTuHpMoKjk&quot;},{&quot;accountno&quot;:&quot;11111111&quot;,&quot;departmentno&quot;:&quot;1&quot;,&quot;salary&quot;:&quot;10000&quot;,&quot;pincode&quot;:&quot;111111&quot;,&quot;userid&quot;:&quot;NhIAWPJNpQoYlFjMPScL&quot;,&quot;id&quot;:&quot;MfhmDaqOheTr0XU99AO4&quot;},{&quot;accountno&quot;:&quot;11111111&quot;,&quot;departmentno&quot;:&quot;1&quot;,&quot;salary&quot;:&quot;10000&quot;,&quot;pincode&quot;:&quot;111111&quot;,&quot;userid&quot;:&quot;NhIAWPJNpQoYlFjMPScL&quot;,&quot;id&quot;:&quot;8cbKTblwwDkpXO0IxCLO&quot;},{&quot;accountno&quot;:&quot;11111111&quot;,&quot;departmentno&quot;:&quot;1&quot;,&quot;salary&quot;:&quot;10000&quot;,&quot;pincode&quot;:&quot;111111&quot;,&quot;userid&quot;:&quot;NhIAWPJNpQoYlFjMPScL&quot;,&quot;id&quot;:&quot;psq4aUSJmgds9SMf6V0D&quot;},{&quot;accountno&quot;:&quot;11111111&quot;,&quot;departmentno&quot;:&quot;1&quot;,&quot;salary&quot;:&quot;10000&quot;,&quot;pincode&quot;:&quot;111111&quot;,&quot;userid&quot;:&quot;NhIAWPJNpQoYlFjMPScL&quot;,&quot;id&quot;:&quot;0VfCG08jdxKilxQgrUDN&quot;},{&quot;accountno&quot;:&quot;11111111&quot;,&quot;departmentno&quot;:&quot;1&quot;,&quot;salary&quot;:&quot;10000&quot;,&quot;pincode&quot;:&quot;111111&quot;,&quot;userid&quot;:&quot;NhIAWPJNpQoYlFjMPScL&quot;,&quot;id&quot;:&quot;ErC0L6stLz0It8K2ZC3y&quot;},{&quot;accountno&quot;:&quot;11111111&quot;,&quot;departmentno&quot;:&quot;1&quot;,&quot;salary&quot;:&quot;10000&quot;,&quot;pincode&quot;:&quot;111111&quot;,&quot;userid&quot;:&quot;NhIAWPJNpQoYlFjMPScL&quot;,&quot;id&quot;:&quot;7sGTxCy4WcBJfeZJeXin&quot;},{&quot;accountno&quot;:&quot;11111111&quot;,&quot;departmentno&quot;:&quot;1&quot;,&quot;salary&quot;:&quot;10000&quot;,&quot;pincode&quot;:&quot;111111&quot;,&quot;userid&quot;:&quot;NhIAWPJNpQoYlFjMPScL&quot;,&quot;id&quot;:&quot;gI1d1zWYbdgUMF9st4YW&quot;},{&quot;accountno&quot;:&quot;11111111&quot;,&quot;departmentno&quot;:&quot;1&quot;,&quot;salary&quot;:&quot;10000&quot;,&quot;pincode&quot;:&quot;111111&quot;,&quot;userid&quot;:&quot;NhIAWPJNpQoYlFjMPScL&quot;,&quot;id&quot;:&quot;xC9LsMMBU8WDLbF14VWN&quot;},{&quot;accountno&quot;:&quot;11111111&quot;,&quot;departmentno&quot;:&quot;1&quot;,&quot;salary&quot;:&quot;10000&quot;,&quot;pincode&quot;:&quot;111111&quot;,&quot;userid&quot;:&quot;NhIAWPJNpQoYlFjMPScL&quot;,&quot;id&quot;:&quot;snD2tlJbpNu0G5HcL1Ef&quot;},{&quot;accountno&quot;:&quot;66765433&quot;,&quot;departmentno&quot;:&quot;7&quot;,&quot;salary&quot;:&quot;2000&quot;,&quot;pincode&quot;:&quot;323457&quot;,&quot;userid&quot;:&quot;U3Z1Yidij6RxyoK29ayU&quot;,&quot;id&quot;:&quot;Aq4JUVoXDuaiTnLykdw3&quot;},{&quot;accountno&quot;:&quot;98765432&quot;,&quot;departmentno&quot;:&quot;7&quot;,&quot;salary&quot;:&quot;2000&quot;,&quot;pincode&quot;:&quot;223457&quot;,&quot;userid&quot;:&quot;U3Z1Yidij6RxyoK29ayU&quot;,&quot;id&quot;:&quot;420HZR8767olgq8zQHBg&quot;},{&quot;accountno&quot;:&quot;98765432&quot;,&quot;departmentno&quot;:&quot;7&quot;,&quot;salary&quot;:&quot;2000&quot;,&quot;pincode&quot;:&quot;223457&quot;,&quot;userid&quot;:&quot;U3Z1Yidij6RxyoK29ayU&quot;,&quot;id&quot;:&quot;OSZGY1gj0z8eJcxC8tYk&quot;},{&quot;accountno&quot;:&quot;11666666&quot;,&quot;departmentno&quot;:&quot;7&quot;,&quot;salary&quot;:&quot;2000&quot;,&quot;pincode&quot;:&quot;223457&quot;,&quot;userid&quot;:&quot;U3Z1Yidij6RxyoK29ayU&quot;,&quot;id&quot;:&quot;CWUr6nf3JHCGYQuX6LMj&quot;},{&quot;accountno&quot;:&quot;11666666&quot;,&quot;departmentno&quot;:&quot;7&quot;,&quot;salary&quot;:&quot;2000&quot;,&quot;pincode&quot;:&quot;223457&quot;,&quot;userid&quot;:&quot;U3Z1Yidij6RxyoK29ayU&quot;,&quot;id&quot;:&quot;LxgL5w9zduZVM97FXTtJ&quot;},{&quot;accountno&quot;:&quot;12212121&quot;,&quot;departmentno&quot;:&quot;6&quot;,&quot;salary&quot;:&quot;6666&quot;,&quot;pincode&quot;:&quot;666666&quot;,&quot;userid&quot;:&quot;mVUMtJ8McXbP6Xkm86Ee&quot;,&quot;id&quot;:&quot;SoIXckXa3RuHTRaacbGj&quot;},{&quot;accountno&quot;:&quot;11666666&quot;,&quot;departmentno&quot;:&quot;7&quot;,&quot;salary&quot;:&quot;2000&quot;,&quot;pincode&quot;:&quot;223457&quot;,&quot;userid&quot;:&quot;U3Z1Yidij6RxyoK29ayU&quot;,&quot;id&quot;:&quot;LBPnWUKyNS6nstuTTz2H&quot;},{&quot;accountno&quot;:&quot;11111111&quot;,&quot;departmentno&quot;:&quot;1&quot;,&quot;salary&quot;:&quot;10000&quot;,&quot;pincode&quot;:&quot;111111&quot;,&quot;userid&quot;:&quot;NhIAWPJNpQoYlFjMPScL&quot;,&quot;id&quot;:&quot;XjsjEr9RL1pEvKHkJhJ3&quot;},{&quot;accountno&quot;:&quot;11111111&quot;,&quot;departmentno&quot;:&quot;1&quot;,&quot;salary&quot;:&quot;10000&quot;,&quot;pincode&quot;:&quot;111111&quot;,&quot;userid&quot;:&quot;NhIAWPJNpQoYlFjMPScL&quot;,&quot;id&quot;:&quot;eNMqupcqco1JUA7Fn509&quot;},{&quot;accountno&quot;:&quot;21212121&quot;,&quot;departmentno&quot;:&quot;6&quot;,&quot;salary&quot;:&quot;6666&quot;,&quot;pincode&quot;:&quot;666666&quot;,&quot;userid&quot;:&quot;mVUMtJ8McXbP6Xkm86Ee&quot;,&quot;id&quot;:&quot;eJtnUNSOhgZPyufQmwuw&quot;},{&quot;accountno&quot;:&quot;87654321&quot;,&quot;departmentno&quot;:&quot;1&quot;,&quot;salary&quot;:&quot;1000&quot;,&quot;pincode&quot;:&quot;500000&quot;,&quot;userid&quot;:&quot;NwJ3oPk7YJMHXYkcRLoJ&quot;,&quot;id&quot;:&quot;sFU4Vm7lUyNmYwykcII1&quot;},{&quot;accountno&quot;:&quot;87654321&quot;,&quot;departmentno&quot;:&quot;1&quot;,&quot;salary&quot;:&quot;1000&quot;,&quot;pincode&quot;:&quot;500000&quot;,&quot;userid&quot;:&quot;NwJ3oPk7YJMHXYkcRLoJ&quot;,&quot;id&quot;:&quot;FmfjBo45cYgqiWNfEI0i&quot;},{&quot;accountno&quot;:&quot;87654321&quot;,&quot;departmentno&quot;:&quot;1&quot;,&quot;salary&quot;:&quot;1000&quot;,&quot;pincode&quot;:&quot;500000&quot;,&quot;userid&quot;:&quot;NwJ3oPk7YJMHXYkcRLoJ&quot;,&quot;id&quot;:&quot;1asYYEkEtw6Ym3JeMMPk&quot;},{&quot;accountno&quot;:&quot;87654321&quot;,&quot;departmentno&quot;:&quot;1&quot;,&quot;salary&quot;:&quot;1000&quot;,&quot;pincode&quot;:&quot;500000&quot;,&quot;userid&quot;:&quot;NwJ3oPk7YJMHXYkcRLoJ&quot;,&quot;id&quot;:&quot;d54xzJ4VjlXJVG2auqub&quot;},{&quot;accountno&quot;:&quot;87654321&quot;,&quot;departmentno&quot;:&quot;1&quot;,&quot;salary&quot;:&quot;1000&quot;,&quot;pincode&quot;:&quot;500000&quot;,&quot;userid&quot;:&quot;NwJ3oPk7YJMHXYkcRLoJ&quot;,&quot;id&quot;:&quot;P1sKEy7InLre6eFBXaqi&quot;},{&quot;accountno&quot;:&quot;12123156&quot;,&quot;departmentno&quot;:&quot;2&quot;,&quot;salary&quot;:&quot;1212566&quot;,&quot;pincode&quot;:&quot;121278&quot;,&quot;userid&quot;:&quot;tUV5eLS8PrHkECApptwj&quot;,&quot;id&quot;:&quot;HSoEf3d5YIStirUNBOIJ&quot;},{&quot;accountno&quot;:&quot;12123156&quot;,&quot;departmentno&quot;:&quot;2&quot;,&quot;salary&quot;:&quot;1212566&quot;,&quot;pincode&quot;:&quot;121278&quot;,&quot;userid&quot;:&quot;tUV5eLS8PrHkECApptwj&quot;,&quot;id&quot;:&quot;U6apv51TvrHJiNawvPqI&quot;},{&quot;accountno&quot;:&quot;12123156&quot;,&quot;departmentno&quot;:&quot;2&quot;,&quot;salary&quot;:&quot;1212566&quot;,&quot;pincode&quot;:&quot;121278&quot;,&quot;userid&quot;:&quot;tUV5eLS8PrHkECApptwj&quot;,&quot;id&quot;:&quot;w9feiGrnJU3LEJykXDmS&quot;},{&quot;accountno&quot;:&quot;87654321&quot;,&quot;departmentno&quot;:&quot;1&quot;,&quot;salary&quot;:&quot;1000&quot;,&quot;pincode&quot;:&quot;500000&quot;,&quot;userid&quot;:&quot;NwJ3oPk7YJMHXYkcRLoJ&quot;,&quot;id&quot;:&quot;atS80oIQuZHa6Cnz6riK&quot;},{&quot;accountno&quot;:&quot;12122112&quot;,&quot;departmentno&quot;:&quot;1&quot;,&quot;salary&quot;:&quot;1223&quot;,&quot;pincode&quot;:&quot;122122&quot;,&quot;userid&quot;:&quot;tUV5eLS8PrHkECApptwj&quot;,&quot;id&quot;:&quot;681jBwvxfrQ8H50xNv8N&quot;},{&quot;accountno&quot;:&quot;12121212&quot;,&quot;departmentno&quot;:&quot;1&quot;,&quot;salary&quot;:&quot;21&quot;,&quot;pincode&quot;:&quot;121212&quot;,&quot;userid&quot;:&quot;tUV5eLS8PrHkECApptwj&quot;,&quot;id&quot;:&quot;jgzlHS61tYGDuXbXLtZK&quot;},{&quot;accountno&quot;:&quot;12121212&quot;,&quot;departmentno&quot;:&quot;2&quot;,&quot;salary&quot;:&quot;32&quot;,&quot;pincode&quot;:&quot;121212&quot;,&quot;userid&quot;:&quot;tUV5eLS8PrHkECApptwj&quot;,&quot;id&quot;:&quot;pFbfko1NGTLilrufrIqP&quot;},{&quot;accountno&quot;:&quot;12123156&quot;,&quot;departmentno&quot;:&quot;2&quot;,&quot;salary&quot;:&quot;1212566&quot;,&quot;pincode&quot;:&quot;121278&quot;,&quot;userid&quot;:&quot;tUV5eLS8PrHkECApptwj&quot;,&quot;id&quot;:&quot;xxtbcSNh8XP8uKQpawg3&quot;},{&quot;accountno&quot;:&quot;12123156&quot;,&quot;departmentno&quot;:&quot;2&quot;,&quot;salary&quot;:&quot;1212566&quot;,&quot;pincode&quot;:&quot;121278&quot;,&quot;userid&quot;:&quot;tUV5eLS8PrHkECApptwj&quot;,&quot;id&quot;:&quot;gtqR7YgFYAf6FgkiOWqG&quot;},{&quot;accountno&quot;:&quot;12123156&quot;,&quot;departmentno&quot;:&quot;2&quot;,&quot;salary&quot;:&quot;1212566&quot;,&quot;pincode&quot;:&quot;121278&quot;,&quot;userid&quot;:&quot;tUV5eLS8PrHkECApptwj&quot;,&quot;id&quot;:&quot;kr9hSdSyioE8fYSQwfls&quot;},{&quot;accountno&quot;:&quot;12123156&quot;,&quot;departmentno&quot;:&quot;2&quot;,&quot;salary&quot;:&quot;1212566&quot;,&quot;pincode&quot;:&quot;121278&quot;,&quot;userid&quot;:&quot;tUV5eLS8PrHkECApptwj&quot;,&quot;id&quot;:&quot;tpcu0xRUsfIax1rjwJQa&quot;},{&quot;accountno&quot;:&quot;12123156&quot;,&quot;departmentno&quot;:&quot;2&quot;,&quot;salary&quot;:&quot;1212566&quot;,&quot;pincode&quot;:&quot;121278&quot;,&quot;userid&quot;:&quot;tUV5eLS8PrHkECApptwj&quot;,&quot;id&quot;:&quot;sj4EhZ1sGgjgLmE7jlOt&quot;},{&quot;accountno&quot;:&quot;11111111&quot;,&quot;departmentno&quot;:&quot;1&quot;,&quot;salary&quot;:&quot;10000&quot;,&quot;pincode&quot;:&quot;111111&quot;,&quot;userid&quot;:&quot;NhIAWPJNpQoYlFjMPScL&quot;,&quot;id&quot;:&quot;kuV4CBPyDf80bDdMRjjw&quot;},{&quot;accountno&quot;:&quot;11111111&quot;,&quot;departmentno&quot;:&quot;1&quot;,&quot;salary&quot;:&quot;10000&quot;,&quot;pincode&quot;:&quot;111111&quot;,&quot;userid&quot;:&quot;NhIAWPJNpQoYlFjMPScL&quot;,&quot;id&quot;:&quot;VZUGHWnQFzHWMUYHjU8H&quot;},{&quot;accountno&quot;:&quot;11111111&quot;,&quot;departmentno&quot;:&quot;1&quot;,&quot;salary&quot;:&quot;10000&quot;,&quot;pincode&quot;:&quot;111111&quot;,&quot;userid&quot;:&quot;NhIAWPJNpQoYlFjMPScL&quot;,&quot;id&quot;:&quot;FFW2cRxGwDAVSEXRdkBV&quot;},{&quot;accountno&quot;:&quot;11111111&quot;,&quot;departmentno&quot;:&quot;1&quot;,&quot;salary&quot;:&quot;10000&quot;,&quot;pincode&quot;:&quot;111111&quot;,&quot;userid&quot;:&quot;NhIAWPJNpQoYlFjMPScL&quot;,&quot;id&quot;:&quot;dM32yBTnAmw0stWLVBHi&quot;},{&quot;accountno&quot;:&quot;11111111&quot;,&quot;departmentno&quot;:&quot;1&quot;,&quot;salary&quot;:&quot;10000&quot;,&quot;pincode&quot;:&quot;111111&quot;,&quot;userid&quot;:&quot;NhIAWPJNpQoYlFjMPScL&quot;,&quot;id&quot;:&quot;nbSu7BTRM5odOE0Lk7Ni&quot;},{&quot;accountno&quot;:&quot;11111111&quot;,&quot;departmentno&quot;:&quot;1&quot;,&quot;salary&quot;:&quot;10000&quot;,&quot;pincode&quot;:&quot;111111&quot;,&quot;userid&quot;:&quot;NhIAWPJNpQoYlFjMPScL&quot;,&quot;id&quot;:&quot;8SGNTXMEmcXumvdahTZN&quot;},{&quot;accountno&quot;:&quot;11111111&quot;,&quot;departmentno&quot;:&quot;1&quot;,&quot;salary&quot;:&quot;10000&quot;,&quot;pincode&quot;:&quot;111111&quot;,&quot;userid&quot;:&quot;NhIAWPJNpQoYlFjMPScL&quot;,&quot;id&quot;:&quot;qiO1aM6WvzPCdGGCYbEu&quot;},{&quot;accountno&quot;:&quot;11111111&quot;,&quot;departmentno&quot;:&quot;1&quot;,&quot;salary&quot;:&quot;10000&quot;,&quot;pincode&quot;:&quot;111111&quot;,&quot;userid&quot;:&quot;NhIAWPJNpQoYlFjMPScL&quot;,&quot;id&quot;:&quot;uDVMqA15Pv0s5r2o0Ld2&quot;},{&quot;accountno&quot;:11111111,&quot;departmentno&quot;:1,&quot;salary&quot;:&quot;1000&quot;,&quot;pincode&quot;:111111,&quot;userid&quot;:&quot;NhIAWPJNpQoYlFjMPScL&quot;,&quot;id&quot;:&quot;LcN3P4iIOn9JYqDBtaIe&quot;},{&quot;accountno&quot;:&quot;11111111&quot;,&quot;departmentno&quot;:&quot;1&quot;,&quot;salary&quot;:&quot;10000&quot;,&quot;pincode&quot;:&quot;111111&quot;,&quot;userid&quot;:&quot;NhIAWPJNpQoYlFjMPScL&quot;,&quot;id&quot;:&quot;J24LdPNAvthitTUWJuIh&quot;},{&quot;accountno&quot;:&quot;11111111&quot;,&quot;departmentno&quot;:&quot;1&quot;,&quot;salary&quot;:&quot;10000&quot;,&quot;pincode&quot;:&quot;111111&quot;,&quot;userid&quot;:&quot;NhIAWPJNpQoYlFjMPScL&quot;,&quot;id&quot;:&quot;0DgDcEzy9xk8R2NLlFxU&quot;},{&quot;accountno&quot;:&quot;11111111&quot;,&quot;departmentno&quot;:&quot;1&quot;,&quot;salary&quot;:&quot;10000&quot;,&quot;pincode&quot;:&quot;111111&quot;,&quot;userid&quot;:&quot;NhIAWPJNpQoYlFjMPScL&quot;,&quot;id&quot;:&quot;fN6XFxg2h0eFLIf69XUt&quot;},{&quot;accountno&quot;:&quot;11111111&quot;,&quot;departmentno&quot;:&quot;1&quot;,&quot;salary&quot;:&quot;10000&quot;,&quot;pincode&quot;:&quot;111111&quot;,&quot;userid&quot;:&quot;NhIAWPJNpQoYlFjMPScL&quot;,&quot;id&quot;:&quot;XU9W67AgYixzN1fNo4HY&quot;},{&quot;accountno&quot;:&quot;11111111&quot;,&quot;departmentno&quot;:&quot;1&quot;,&quot;salary&quot;:&quot;10000&quot;,&quot;pincode&quot;:&quot;111111&quot;,&quot;userid&quot;:&quot;NhIAWPJNpQoYlFjMPScL&quot;,&quot;id&quot;:&quot;R1taKdsQFivHpf9NzIvN&quot;},{&quot;accountno&quot;:&quot;11111111&quot;,&quot;departmentno&quot;:&quot;1&quot;,&quot;salary&quot;:&quot;10000&quot;,&quot;pincode&quot;:&quot;111111&quot;,&quot;userid&quot;:&quot;NhIAWPJNpQoYlFjMPScL&quot;,&quot;id&quot;:&quot;P9lY6GGubEJbUHMkTHPQ&quot;},{&quot;accountno&quot;:&quot;12123156&quot;,&quot;departmentno&quot;:&quot;2&quot;,&quot;salary&quot;:&quot;1212566&quot;,&quot;pincode&quot;:&quot;121278&quot;,&quot;userid&quot;:&quot;tUV5eLS8PrHkECApptwj&quot;,&quot;id&quot;:&quot;3PsDCYpQwlh99xw3uJw6&quot;},{&quot;accountno&quot;:&quot;12123190&quot;,&quot;departmentno&quot;:&quot;2&quot;,&quot;salary&quot;:&quot;121212&quot;,&quot;pincode&quot;:&quot;121212&quot;,&quot;userid&quot;:&quot;tUV5eLS8PrHkECApptwj&quot;,&quot;id&quot;:&quot;OFgErThzBXVxtZjjoyti&quot;},{&quot;accountno&quot;:&quot;13334333&quot;,&quot;departmentno&quot;:&quot;9&quot;,&quot;salary&quot;:&quot;30022&quot;,&quot;pincode&quot;:&quot;590001&quot;,&quot;userid&quot;:&quot;IdB36E42UlOHhyfpFueu&quot;,&quot;id&quot;:&quot;poXPVWwO8V1MCmjI5L8b&quot;},{&quot;accountno&quot;:&quot;11111111&quot;,&quot;departmentno&quot;:&quot;1&quot;,&quot;salary&quot;:&quot;10&quot;,&quot;pincode&quot;:&quot;111111&quot;,&quot;userid&quot;:&quot;NhIAWPJNpQoYlFjMPScL&quot;,&quot;id&quot;:&quot;o5frbxwxpCiTfhUeq8C0&quot;},{&quot;accountno&quot;:&quot;87654321&quot;,&quot;departmentno&quot;:&quot;1&quot;,&quot;salary&quot;:&quot;1000&quot;,&quot;pincode&quot;:&quot;500000&quot;,&quot;userid&quot;:&quot;NwJ3oPk7YJMHXYkcRLoJ&quot;,&quot;id&quot;:&quot;spZPclWEjdwPVM0rEIim&quot;},{&quot;accountno&quot;:&quot;87654321&quot;,&quot;departmentno&quot;:&quot;1&quot;,&quot;salary&quot;:&quot;1000&quot;,&quot;pincode&quot;:&quot;500000&quot;,&quot;userid&quot;:&quot;NwJ3oPk7YJMHXYkcRLoJ&quot;,&quot;id&quot;:&quot;3efPOa2nIYbegeG3MamE&quot;},{&quot;accountno&quot;:&quot;87654321&quot;,&quot;departmentno&quot;:&quot;1&quot;,&quot;salary&quot;:&quot;1000&quot;,&quot;pincode&quot;:&quot;500000&quot;,&quot;userid&quot;:&quot;NwJ3oPk7YJMHXYkcRLoJ&quot;,&quot;id&quot;:&quot;Tnp6nUePMIBHahC1syl0&quot;},{&quot;accountno&quot;:&quot;87654321&quot;,&quot;departmentno&quot;:&quot;1&quot;,&quot;salary&quot;:&quot;1000&quot;,&quot;pincode&quot;:&quot;500000&quot;,&quot;userid&quot;:&quot;NwJ3oPk7YJMHXYkcRLoJ&quot;,&quot;id&quot;:&quot;ax3Rd8iZ5NSOL70nGzY8&quot;},{&quot;accountno&quot;:&quot;11111111&quot;,&quot;departmentno&quot;:&quot;1&quot;,&quot;salary&quot;:&quot;10&quot;,&quot;pincode&quot;:&quot;111111&quot;,&quot;userid&quot;:&quot;NhIAWPJNpQoYlFjMPScL&quot;,&quot;id&quot;:&quot;CD3wH76XxrqDoOvFenrO&quot;},{&quot;accountno&quot;:&quot;11111111&quot;,&quot;departmentno&quot;:&quot;1&quot;,&quot;salary&quot;:&quot;1&quot;,&quot;pincode&quot;:&quot;111111&quot;,&quot;userid&quot;:&quot;NhIAWPJNpQoYlFjMPScL&quot;,&quot;id&quot;:&quot;uwo2nqVYq72TNrgzoOiG&quot;},{&quot;accountno&quot;:&quot;87654321&quot;,&quot;departmentno&quot;:&quot;1&quot;,&quot;salary&quot;:&quot;1000&quot;,&quot;pincode&quot;:&quot;500000&quot;,&quot;userid&quot;:&quot;NwJ3oPk7YJMHXYkcRLoJ&quot;,&quot;id&quot;:&quot;ssqQKa99IlupJekftMVn&quot;},{&quot;accountno&quot;:&quot;87654321&quot;,&quot;departmentno&quot;:&quot;1&quot;,&quot;salary&quot;:&quot;1000&quot;,&quot;pincode&quot;:&quot;500000&quot;,&quot;userid&quot;:&quot;NwJ3oPk7YJMHXYkcRLoJ&quot;,&quot;id&quot;:&quot;AuGo4ZCBSsiuO4E3mnbQ&quot;},{&quot;accountno&quot;:&quot;20000000&quot;,&quot;departmentno&quot;:2,&quot;salary&quot;:20000,&quot;pincode&quot;:200000,&quot;userid&quot;:&quot;NhIAWPJNpQoYlFjMPScL&quot;,&quot;id&quot;:&quot;7VlQdYjEKeVk9lTPz8fB&quot;},{&quot;accountno&quot;:&quot;99999999&quot;,&quot;departmentno&quot;:&quot;9&quot;,&quot;salary&quot;:&quot;9999&quot;,&quot;pincode&quot;:&quot;999999&quot;,&quot;userid&quot;:&quot;NhIAWPJNpQoYlFjMPScL&quot;,&quot;id&quot;:&quot;TNDaSpd4emNwY811UsiG&quot;},{&quot;accountno&quot;:&quot;12345555&quot;,&quot;departmentno&quot;:&quot;4&quot;,&quot;salary&quot;:&quot;400000&quot;,&quot;pincode&quot;:&quot;560077&quot;,&quot;userid&quot;:&quot;f3au9cGnbYj4Y3qVxcY9&quot;,&quot;id&quot;:&quot;pYKIFTodJGypVcBdtrFf&quot;},{&quot;accountno&quot;:&quot;87654321&quot;,&quot;departmentno&quot;:&quot;1&quot;,&quot;salary&quot;:&quot;1000&quot;,&quot;pincode&quot;:&quot;500000&quot;,&quot;userid&quot;:&quot;NwJ3oPk7YJMHXYkcRLoJ&quot;,&quot;id&quot;:&quot;scZTASu9J4hk7lgXtV6H&quot;},{&quot;accountno&quot;:&quot;87654321&quot;,&quot;departmentno&quot;:&quot;1&quot;,&quot;salary&quot;:&quot;1000&quot;,&quot;pincode&quot;:&quot;500000&quot;,&quot;userid&quot;:&quot;NwJ3oPk7YJMHXYkcRLoJ&quot;,&quot;id&quot;:&quot;vhPlaBHwYFmdlQSjiUKW&quot;},{&quot;accountno&quot;:&quot;87654321&quot;,&quot;departmentno&quot;:&quot;1&quot;,&quot;salary&quot;:&quot;1000&quot;,&quot;pincode&quot;:&quot;500000&quot;,&quot;userid&quot;:&quot;NwJ3oPk7YJMHXYkcRLoJ&quot;,&quot;id&quot;:&quot;MZjbNbJWcnQT4Ad8KNnC&quot;},{&quot;accountno&quot;:&quot;87654321&quot;,&quot;departmentno&quot;:&quot;1&quot;,&quot;salary&quot;:&quot;1000&quot;,&quot;pincode&quot;:&quot;500000&quot;,&quot;userid&quot;:&quot;NwJ3oPk7YJMHXYkcRLoJ&quot;,&quot;id&quot;:&quot;z9U57hnoKOTTe2WFI93s&quot;},{&quot;accountno&quot;:&quot;87654321&quot;,&quot;departmentno&quot;:&quot;1&quot;,&quot;salary&quot;:&quot;1000&quot;,&quot;pincode&quot;:&quot;500000&quot;,&quot;userid&quot;:&quot;NwJ3oPk7YJMHXYkcRLoJ&quot;,&quot;id&quot;:&quot;KuLL31YY0FOvsVYsIBT9&quot;},{&quot;accountno&quot;:&quot;87654321&quot;,&quot;departmentno&quot;:&quot;1&quot;,&quot;salary&quot;:&quot;1000&quot;,&quot;pincode&quot;:&quot;500000&quot;,&quot;userid&quot;:&quot;NwJ3oPk7YJMHXYkcRLoJ&quot;,&quot;id&quot;:&quot;rphjV2tHHWv0NcMrwktN&quot;},{&quot;accountno&quot;:&quot;56561156&quot;,&quot;departmentno&quot;:&quot;5&quot;,&quot;salary&quot;:&quot;980001&quot;,&quot;pincode&quot;:&quot;111112&quot;,&quot;userid&quot;:&quot;YtScOjLrbE3jlTdfCbRP&quot;,&quot;id&quot;:&quot;ISWe8mk5hDWzKzl5A4af&quot;},{&quot;accountno&quot;:&quot;11223344&quot;,&quot;departmentno&quot;:&quot;4&quot;,&quot;salary&quot;:&quot;400000&quot;,&quot;pincode&quot;:&quot;560077&quot;,&quot;userid&quot;:&quot;rramin58ybocMNQoFYXl&quot;,&quot;id&quot;:&quot;8fEAS2mVAiWiepPrp4NM&quot;},{&quot;accountno&quot;:&quot;87654321&quot;,&quot;departmentno&quot;:2,&quot;salary&quot;:1000,&quot;pincode&quot;:500000,&quot;userid&quot;:&quot;NwJ3oPk7YJMHXYkcRLoJ&quot;,&quot;id&quot;:&quot;Jl2Mk6Vq3IqO3aQqkkLj&quot;},{&quot;accountno&quot;:&quot;87654321&quot;,&quot;departmentno&quot;:&quot;1&quot;,&quot;salary&quot;:&quot;1000&quot;,&quot;pincode&quot;:&quot;500000&quot;,&quot;userid&quot;:&quot;NwJ3oPk7YJMHXYkcRLoJ&quot;,&quot;id&quot;:&quot;1CK20nD7NrtD1afjP7yh&quot;},{&quot;accountno&quot;:&quot;87654321&quot;,&quot;departmentno&quot;:&quot;1&quot;,&quot;salary&quot;:&quot;1000&quot;,&quot;pincode&quot;:&quot;500000&quot;,&quot;userid&quot;:&quot;NwJ3oPk7YJMHXYkcRLoJ&quot;,&quot;id&quot;:&quot;b3WYj9px2d260IMIQfY7&quot;},{&quot;accountno&quot;:&quot;87654321&quot;,&quot;departmentno&quot;:&quot;1&quot;,&quot;salary&quot;:&quot;1000&quot;,&quot;pincode&quot;:&quot;500000&quot;,&quot;userid&quot;:&quot;NwJ3oPk7YJMHXYkcRLoJ&quot;,&quot;id&quot;:&quot;fJsNsK2Kg8HSkTMnJPzk&quot;},{&quot;accountno&quot;:&quot;87654321&quot;,&quot;departmentno&quot;:&quot;1&quot;,&quot;salary&quot;:&quot;1000&quot;,&quot;pincode&quot;:&quot;500000&quot;,&quot;userid&quot;:&quot;NwJ3oPk7YJMHXYkcRLoJ&quot;,&quot;id&quot;:&quot;52jT0ZochRAQH1DXR4tJ&quot;},{&quot;accountno&quot;:&quot;12345678&quot;,&quot;departmentno&quot;:3,&quot;salary&quot;:23,&quot;pincode&quot;:201305,&quot;userid&quot;:&quot;DWwNzRcKM6NqfkmyBUqn&quot;,&quot;id&quot;:&quot;AwnrPGCitnVJ54agYkpR&quot;},{&quot;accountno&quot;:&quot;12345555&quot;,&quot;departmentno&quot;:&quot;4&quot;,&quot;salary&quot;:&quot;400000&quot;,&quot;pincode&quot;:&quot;560077&quot;,&quot;userid&quot;:&quot;f3au9cGnbYj4Y3qVxcY9&quot;,&quot;id&quot;:&quot;Lsscky3WTxKfFB3lvCdw&quot;},{&quot;accountno&quot;:&quot;88540099&quot;,&quot;departmentno&quot;:&quot;5&quot;,&quot;salary&quot;:&quot;5555&quot;,&quot;pincode&quot;:&quot;555555&quot;,&quot;userid&quot;:&quot;aaTLunwlzmlOZuXsBm4W&quot;,&quot;id&quot;:&quot;HWkOGndBYpW4gK5LfRS6&quot;},{&quot;accountno&quot;:&quot;12345555&quot;,&quot;departmentno&quot;:&quot;4&quot;,&quot;salary&quot;:&quot;400000&quot;,&quot;pincode&quot;:&quot;560077&quot;,&quot;userid&quot;:&quot;f3au9cGnbYj4Y3qVxcY9&quot;,&quot;id&quot;:&quot;6vsJtLwmvtQtRwxOcSNA&quot;},{&quot;accountno&quot;:&quot;12345555&quot;,&quot;departmentno&quot;:&quot;4&quot;,&quot;salary&quot;:&quot;400000&quot;,&quot;pincode&quot;:&quot;560077&quot;,&quot;userid&quot;:&quot;f3au9cGnbYj4Y3qVxcY9&quot;,&quot;id&quot;:&quot;A6iwUyNaA9v6g77cwEfc&quot;},{&quot;accountno&quot;:&quot;12345555&quot;,&quot;departmentno&quot;:&quot;4&quot;,&quot;salary&quot;:&quot;400000&quot;,&quot;pincode&quot;:&quot;560077&quot;,&quot;userid&quot;:&quot;f3au9cGnbYj4Y3qVxcY9&quot;,&quot;id&quot;:&quot;Bo3fBROR8R9Ah7rpaDNB&quot;},{&quot;accountno&quot;:&quot;12345555&quot;,&quot;departmentno&quot;:&quot;4&quot;,&quot;salary&quot;:&quot;400000&quot;,&quot;pincode&quot;:&quot;560077&quot;,&quot;userid&quot;:&quot;f3au9cGnbYj4Y3qVxcY9&quot;,&quot;id&quot;:&quot;gsZi3XmMWS86KVCK8WY2&quot;},{&quot;accountno&quot;:&quot;12345555&quot;,&quot;departmentno&quot;:&quot;4&quot;,&quot;salary&quot;:&quot;400000&quot;,&quot;pincode&quot;:&quot;560077&quot;,&quot;userid&quot;:&quot;f3au9cGnbYj4Y3qVxcY9&quot;,&quot;id&quot;:&quot;bx9mEC4BZsXSjQCeHQwK&quot;},{&quot;accountno&quot;:&quot;12345555&quot;,&quot;departmentno&quot;:&quot;4&quot;,&quot;salary&quot;:&quot;400000&quot;,&quot;pincode&quot;:&quot;560077&quot;,&quot;userid&quot;:&quot;f3au9cGnbYj4Y3qVxcY9&quot;,&quot;id&quot;:&quot;7PgQXuAI1qk6tY8B8FIL&quot;},{&quot;accountno&quot;:&quot;12345555&quot;,&quot;departmentno&quot;:&quot;4&quot;,&quot;salary&quot;:&quot;400000&quot;,&quot;pincode&quot;:&quot;560077&quot;,&quot;userid&quot;:&quot;f3au9cGnbYj4Y3qVxcY9&quot;,&quot;id&quot;:&quot;4sAgkfCpuV3iGZJIsPDg&quot;},{&quot;accountno&quot;:&quot;12345555&quot;,&quot;departmentno&quot;:&quot;4&quot;,&quot;salary&quot;:&quot;400000&quot;,&quot;pincode&quot;:&quot;560077&quot;,&quot;userid&quot;:&quot;f3au9cGnbYj4Y3qVxcY9&quot;,&quot;id&quot;:&quot;xHiiGdCyVpFLWneOGazj&quot;},{&quot;accountno&quot;:&quot;12345555&quot;,&quot;departmentno&quot;:&quot;4&quot;,&quot;salary&quot;:&quot;400000&quot;,&quot;pincode&quot;:&quot;560077&quot;,&quot;userid&quot;:&quot;f3au9cGnbYj4Y3qVxcY9&quot;,&quot;id&quot;:&quot;3Kkrbizg9R0ZilkrEl7S&quot;},{&quot;accountno&quot;:&quot;1231234567&quot;,&quot;departmentno&quot;:&quot;9&quot;,&quot;salary&quot;:&quot;100000&quot;,&quot;pincode&quot;:&quot;560077&quot;,&quot;userid&quot;:&quot;f3au9cGnbYj4Y3qVxcY9&quot;,&quot;id&quot;:&quot;aYgQAiN8xcVRe9XjUIrV&quot;},{&quot;accountno&quot;:&quot;12345555&quot;,&quot;departmentno&quot;:&quot;4&quot;,&quot;salary&quot;:&quot;400000&quot;,&quot;pincode&quot;:&quot;560077&quot;,&quot;userid&quot;:&quot;f3au9cGnbYj4Y3qVxcY9&quot;,&quot;id&quot;:&quot;urrCl4ehydvAN6FunGHy&quot;},{&quot;accountno&quot;:&quot;12345555&quot;,&quot;departmentno&quot;:&quot;4&quot;,&quot;salary&quot;:&quot;400000&quot;,&quot;pincode&quot;:&quot;560077&quot;,&quot;userid&quot;:&quot;f3au9cGnbYj4Y3qVxcY9&quot;,&quot;id&quot;:&quot;FTJ2iR5DBNpTP3iSr76b&quot;},{&quot;accountno&quot;:&quot;88540099&quot;,&quot;departmentno&quot;:&quot;5&quot;,&quot;salary&quot;:&quot;5555&quot;,&quot;pincode&quot;:&quot;555555&quot;,&quot;userid&quot;:&quot;aaTLunwlzmlOZuXsBm4W&quot;,&quot;id&quot;:&quot;r4Zr8zGWQCKp1ugh1mOL&quot;},{&quot;accountno&quot;:&quot;20000002&quot;,&quot;departmentno&quot;:&quot;8&quot;,&quot;salary&quot;:&quot;2002&quot;,&quot;pincode&quot;:&quot;200000&quot;,&quot;userid&quot;:&quot;fh9K352kVWEZPxVs60W2&quot;,&quot;id&quot;:&quot;Y7dTPT1KU7LoKccik9Mj&quot;},{&quot;accountno&quot;:&quot;20000002&quot;,&quot;departmentno&quot;:&quot;8&quot;,&quot;salary&quot;:&quot;2002&quot;,&quot;pincode&quot;:&quot;200000&quot;,&quot;userid&quot;:&quot;fh9K352kVWEZPxVs60W2&quot;,&quot;id&quot;:&quot;S144Z8JQm6kQQkRz0ZFh&quot;},{&quot;accountno&quot;:&quot;20000002&quot;,&quot;departmentno&quot;:&quot;8&quot;,&quot;salary&quot;:&quot;2002&quot;,&quot;pincode&quot;:&quot;200000&quot;,&quot;userid&quot;:&quot;fh9K352kVWEZPxVs60W2&quot;,&quot;id&quot;:&quot;oqycWjoZWDbzzMhoM6uO&quot;},{&quot;accountno&quot;:&quot;22888822&quot;,&quot;departmentno&quot;:&quot;8&quot;,&quot;salary&quot;:&quot;8000&quot;,&quot;pincode&quot;:&quot;999999&quot;,&quot;userid&quot;:&quot;fh9K352kVWEZPxVs60W2&quot;,&quot;id&quot;:&quot;rBZKh0faySXh1TZX59LF&quot;},{&quot;accountno&quot;:&quot;863434&quot;,&quot;departmentno&quot;:&quot;011&quot;,&quot;salary&quot;:&quot;48900&quot;,&quot;pincode&quot;:&quot;455555&quot;,&quot;userid&quot;:&quot;muvI8FoTMGhQfxspPb1D&quot;,&quot;id&quot;:&quot;ov2fj4P8CSAekzZdRDsy&quot;},{&quot;accountno&quot;:&quot;78888888&quot;,&quot;departmentno&quot;:&quot;20&quot;,&quot;salary&quot;:&quot;1&quot;,&quot;pincode&quot;:&quot;111111&quot;,&quot;userid&quot;:&quot;w7SYSrTpYgGYNxdgROxd&quot;,&quot;id&quot;:&quot;aO3GL0TO3vXckGj0fMiz&quot;},{&quot;accountno&quot;:&quot;78888888&quot;,&quot;departmentno&quot;:&quot;20&quot;,&quot;salary&quot;:&quot;1&quot;,&quot;pincode&quot;:&quot;111111&quot;,&quot;userid&quot;:&quot;w7SYSrTpYgGYNxdgROxd&quot;,&quot;id&quot;:&quot;KTnArutBVEV6vfzXZ40T&quot;},{&quot;accountno&quot;:&quot;863434&quot;,&quot;departmentno&quot;:&quot;011&quot;,&quot;salary&quot;:&quot;48900&quot;,&quot;pincode&quot;:&quot;455555&quot;,&quot;userid&quot;:&quot;muvI8FoTMGhQfxspPb1D&quot;,&quot;id&quot;:&quot;pyhBcITx1DuWt4E0x8Uj&quot;},{&quot;accountno&quot;:&quot;78888888&quot;,&quot;departmentno&quot;:&quot;20&quot;,&quot;salary&quot;:&quot;1&quot;,&quot;pincode&quot;:&quot;111111&quot;,&quot;userid&quot;:&quot;w7SYSrTpYgGYNxdgROxd&quot;,&quot;id&quot;:&quot;h5dNZc1ydBzbfnBIU0Ef&quot;},{&quot;accountno&quot;:&quot;55553333&quot;,&quot;departmentno&quot;:&quot;6&quot;,&quot;salary&quot;:&quot;5555&quot;,&quot;pincode&quot;:&quot;555555&quot;,&quot;userid&quot;:&quot;aaTLunwlzmlOZuXsBm4W&quot;,&quot;id&quot;:&quot;qYeYu1jUMXP4fHb2Exhc&quot;},{&quot;accountno&quot;:&quot;88888888&quot;,&quot;departmentno&quot;:&quot;20&quot;,&quot;salary&quot;:&quot;1&quot;,&quot;pincode&quot;:&quot;111111&quot;,&quot;userid&quot;:&quot;w7SYSrTpYgGYNxdgROxd&quot;,&quot;id&quot;:&quot;7Wj5XDhOhO2y7sAYjCl2&quot;},{&quot;accountno&quot;:&quot;88888888&quot;,&quot;departmentno&quot;:&quot;20&quot;,&quot;salary&quot;:&quot;1&quot;,&quot;pincode&quot;:&quot;111111&quot;,&quot;userid&quot;:&quot;w7SYSrTpYgGYNxdgROxd&quot;,&quot;id&quot;:&quot;mY0uD5KsWCaGyWimkKBO&quot;},{&quot;accountno&quot;:&quot;88888888&quot;,&quot;departmentno&quot;:&quot;20&quot;,&quot;salary&quot;:&quot;1&quot;,&quot;pincode&quot;:&quot;111111&quot;,&quot;userid&quot;:&quot;w7SYSrTpYgGYNxdgROxd&quot;,&quot;id&quot;:&quot;U5Cz6a25f05qSwNswBpo&quot;},{&quot;accountno&quot;:&quot;55468234&quot;,&quot;departmentno&quot;:&quot;1&quot;,&quot;salary&quot;:&quot;80000&quot;,&quot;pincode&quot;:&quot;944044&quot;,&quot;userid&quot;:&quot;Ai9neuJ54Gd8B8hh9Sa2&quot;,&quot;id&quot;:&quot;Iia827y5jnDtzSBwDqNg&quot;},{&quot;accountno&quot;:&quot;88888888&quot;,&quot;departmentno&quot;:&quot;20&quot;,&quot;salary&quot;:&quot;1&quot;,&quot;pincode&quot;:&quot;111111&quot;,&quot;userid&quot;:&quot;w7SYSrTpYgGYNxdgROxd&quot;,&quot;id&quot;:&quot;8Pk3y2stzdy1WUnK88jv&quot;},{&quot;accountno&quot;:&quot;55468234&quot;,&quot;departmentno&quot;:6,&quot;salary&quot;:80074,&quot;pincode&quot;:944040,&quot;userid&quot;:&quot;Ai9neuJ54Gd8B8hh9Sa2&quot;,&quot;id&quot;:&quot;1PIMwJuIuauDrPtNJup2&quot;},{&quot;accountno&quot;:&quot;55468234&quot;,&quot;departmentno&quot;:&quot;1&quot;,&quot;salary&quot;:&quot;80000&quot;,&quot;pincode&quot;:&quot;944044&quot;,&quot;userid&quot;:&quot;Ai9neuJ54Gd8B8hh9Sa2&quot;,&quot;id&quot;:&quot;VyBkUE9En4MsOIsIURys&quot;},{&quot;accountno&quot;:&quot;55468234&quot;,&quot;departmentno&quot;:3,&quot;salary&quot;:80000,&quot;pincode&quot;:944044,&quot;userid&quot;:&quot;Ai9neuJ54Gd8B8hh9Sa2&quot;,&quot;id&quot;:&quot;eDAHd2dmaYzNvOcFBTmP&quot;},{&quot;accountno&quot;:&quot;55468498&quot;,&quot;departmentno&quot;:&quot;3&quot;,&quot;salary&quot;:&quot;80000&quot;,&quot;pincode&quot;:&quot;944044&quot;,&quot;userid&quot;:&quot;A5h12i1wUGvLU5CnIEgn&quot;,&quot;id&quot;:&quot;tSotsUB3AY3m5dXIeguS&quot;},{&quot;accountno&quot;:&quot;88888888&quot;,&quot;departmentno&quot;:8,&quot;salary&quot;:880001,&quot;pincode&quot;:121212,&quot;userid&quot;:&quot;YtScOjLrbE3jlTdfCbRP&quot;,&quot;id&quot;:&quot;XvFJr0eXM0wOHdBJmq1b&quot;},{&quot;accountno&quot;:&quot;55468498&quot;,&quot;departmentno&quot;:&quot;3&quot;,&quot;salary&quot;:&quot;80000&quot;,&quot;pincode&quot;:&quot;944044&quot;,&quot;userid&quot;:&quot;A5h12i1wUGvLU5CnIEgn&quot;,&quot;id&quot;:&quot;oygrtGwjCSo48iyVbMuz&quot;},{&quot;accountno&quot;:&quot;55468498&quot;,&quot;departmentno&quot;:&quot;3&quot;,&quot;salary&quot;:&quot;80000&quot;,&quot;pincode&quot;:&quot;944044&quot;,&quot;userid&quot;:&quot;A5h12i1wUGvLU5CnIEgn&quot;,&quot;id&quot;:&quot;DH5ugS98u0JWs7fmHAuB&quot;},{&quot;accountno&quot;:&quot;55468498&quot;,&quot;departmentno&quot;:&quot;3&quot;,&quot;salary&quot;:&quot;80000&quot;,&quot;pincode&quot;:&quot;944044&quot;,&quot;userid&quot;:&quot;A5h12i1wUGvLU5CnIEgn&quot;,&quot;id&quot;:&quot;evrzzRxJojo3yBJZDqBo&quot;},{&quot;accountno&quot;:&quot;55478498&quot;,&quot;departmentno&quot;:&quot;3&quot;,&quot;salary&quot;:&quot;80000&quot;,&quot;pincode&quot;:&quot;944044&quot;,&quot;userid&quot;:&quot;A5h12i1wUGvLU5CnIEgn&quot;,&quot;id&quot;:&quot;GmVNlLoIPXvppVEivlXy&quot;},{&quot;accountno&quot;:&quot;863452&quot;,&quot;departmentno&quot;:&quot;9&quot;,&quot;salary&quot;:&quot;48900&quot;,&quot;pincode&quot;:&quot;455555&quot;,&quot;userid&quot;:&quot;muvI8FoTMGhQfxspPb1D&quot;,&quot;id&quot;:&quot;96XdnQ0idpDANIpLfGaQ&quot;},{&quot;accountno&quot;:&quot;12345678&quot;,&quot;departmentno&quot;:&quot;9&quot;,&quot;salary&quot;:&quot;12345&quot;,&quot;pincode&quot;:&quot;123456&quot;,&quot;userid&quot;:&quot;Sg8U7tEgC3yAYOjqNkUK&quot;,&quot;id&quot;:&quot;2bRcWHWVIWEwPOggzsIo&quot;},{&quot;accountno&quot;:&quot;16677889&quot;,&quot;departmentno&quot;:&quot;4&quot;,&quot;salary&quot;:&quot;177777&quot;,&quot;pincode&quot;:&quot;110028&quot;,&quot;userid&quot;:&quot;udhBK3zB8LiJm9Crv8KY&quot;,&quot;id&quot;:&quot;f3KrWW2Cf9QBPrEcZNrl&quot;},{&quot;accountno&quot;:&quot;50000001&quot;,&quot;departmentno&quot;:&quot;2&quot;,&quot;salary&quot;:&quot;209000&quot;,&quot;pincode&quot;:&quot;534534&quot;,&quot;userid&quot;:&quot;PcHlag1PW7hFh5mapvRn&quot;,&quot;id&quot;:&quot;UObswAKjHJtePp7btlaL&quot;},{&quot;accountno&quot;:&quot;12345679&quot;,&quot;departmentno&quot;:8,&quot;salary&quot;:77799990,&quot;pincode&quot;:555999,&quot;userid&quot;:&quot;YtScOjLrbE3jlTdfCbRP&quot;,&quot;id&quot;:&quot;n37f6ctbxhJ6EKGVkfWz&quot;},{&quot;accountno&quot;:&quot;22222222&quot;,&quot;departmentno&quot;:2,&quot;salary&quot;:222,&quot;pincode&quot;:222222,&quot;userid&quot;:&quot;NhIAWPJNpQoYlFjMPScL&quot;,&quot;id&quot;:&quot;QUR1URWQezxUvkwe4JLl&quot;},{&quot;accountno&quot;:&quot;12345679&quot;,&quot;departmentno&quot;:&quot;9&quot;,&quot;salary&quot;:&quot;77799990&quot;,&quot;pincode&quot;:&quot;555999&quot;,&quot;userid&quot;:&quot;YtScOjLrbE3jlTdfCbRP&quot;,&quot;id&quot;:&quot;uHOMCRDiQZOjcQDZnkgM&quot;},{&quot;accountno&quot;:&quot;00000002&quot;,&quot;departmentno&quot;:4,&quot;salary&quot;:1000,&quot;pincode&quot;:454545,&quot;userid&quot;:&quot;PcHlag1PW7hFh5mapvRn&quot;,&quot;id&quot;:&quot;zthlbc5SlFvYcVSgFdrw&quot;},{&quot;accountno&quot;:&quot;50000001&quot;,&quot;departmentno&quot;:&quot;2&quot;,&quot;salary&quot;:&quot;209000&quot;,&quot;pincode&quot;:&quot;534534&quot;,&quot;userid&quot;:&quot;PcHlag1PW7hFh5mapvRn&quot;,&quot;id&quot;:&quot;MtXPYOIRR60ccFfyEkoP&quot;},{&quot;accountno&quot;:&quot;55550003&quot;,&quot;departmentno&quot;:&quot;5&quot;,&quot;salary&quot;:&quot;5555&quot;,&quot;pincode&quot;:&quot;555555&quot;,&quot;userid&quot;:&quot;aaTLunwlzmlOZuXsBm4W&quot;,&quot;id&quot;:&quot;B2dhprck9EbkHAFqMwf2&quot;},{&quot;accountno&quot;:&quot;55550000&quot;,&quot;departmentno&quot;:&quot;5&quot;,&quot;salary&quot;:&quot;5555&quot;,&quot;pincode&quot;:&quot;555555&quot;,&quot;userid&quot;:&quot;aaTLunwlzmlOZuXsBm4W&quot;,&quot;id&quot;:&quot;x1CffecNU7a2gxGbWXNI&quot;},{&quot;accountno&quot;:&quot;88540099&quot;,&quot;departmentno&quot;:&quot;5&quot;,&quot;salary&quot;:&quot;5555&quot;,&quot;pincode&quot;:&quot;555555&quot;,&quot;userid&quot;:&quot;aaTLunwlzmlOZuXsBm4W&quot;,&quot;id&quot;:&quot;Te7wWGJrwbmgGDZbPdo5&quot;},{&quot;accountno&quot;:&quot;55540099&quot;,&quot;departmentno&quot;:&quot;5&quot;,&quot;salary&quot;:&quot;5555&quot;,&quot;pincode&quot;:&quot;555555&quot;,&quot;userid&quot;:&quot;aaTLunwlzmlOZuXsBm4W&quot;,&quot;id&quot;:&quot;fezxyICimj2WdCQJkixb&quot;},{&quot;accountno&quot;:&quot;55550099&quot;,&quot;departmentno&quot;:&quot;5&quot;,&quot;salary&quot;:&quot;5555&quot;,&quot;pincode&quot;:&quot;555555&quot;,&quot;userid&quot;:&quot;aaTLunwlzmlOZuXsBm4W&quot;,&quot;id&quot;:&quot;yujCew7VfsCYC8Mp8Gvu&quot;},{&quot;accountno&quot;:&quot;55550000&quot;,&quot;departmentno&quot;:&quot;5&quot;,&quot;salary&quot;:&quot;5555&quot;,&quot;pincode&quot;:&quot;555555&quot;,&quot;userid&quot;:&quot;aaTLunwlzmlOZuXsBm4W&quot;,&quot;id&quot;:&quot;evNo2zRF90TqLR68gPQ4&quot;},{&quot;accountno&quot;:&quot;77777777&quot;,&quot;departmentno&quot;:&quot;5&quot;,&quot;salary&quot;:&quot;5555&quot;,&quot;pincode&quot;:&quot;555555&quot;,&quot;userid&quot;:&quot;aaTLunwlzmlOZuXsBm4W&quot;,&quot;id&quot;:&quot;AFKbuHkXXZhYCXPA0tR9&quot;},{&quot;accountno&quot;:&quot;65554760&quot;,&quot;departmentno&quot;:&quot;5&quot;,&quot;salary&quot;:&quot;5555&quot;,&quot;pincode&quot;:&quot;555555&quot;,&quot;userid&quot;:&quot;aaTLunwlzmlOZuXsBm4W&quot;,&quot;id&quot;:&quot;eRi5Cnu6fAuKpcZ0wQ5h&quot;},{&quot;accountno&quot;:&quot;11221122&quot;,&quot;departmentno&quot;:&quot;4&quot;,&quot;salary&quot;:&quot;300022&quot;,&quot;pincode&quot;:&quot;500001&quot;,&quot;userid&quot;:&quot;IdB36E42UlOHhyfpFueu&quot;,&quot;id&quot;:&quot;iSj4ah41Br0n0yvJw6Rr&quot;},{&quot;accountno&quot;:&quot;11111111&quot;,&quot;departmentno&quot;:&quot;6&quot;,&quot;salary&quot;:&quot;3000&quot;,&quot;pincode&quot;:&quot;543210&quot;,&quot;userid&quot;:&quot;IdB36E42UlOHhyfpFueu&quot;,&quot;id&quot;:&quot;y0iENCiHQ7QgalzCzdGZ&quot;},{&quot;accountno&quot;:&quot;1231234568&quot;,&quot;departmentno&quot;:&quot;4&quot;,&quot;salary&quot;:&quot;100000&quot;,&quot;pincode&quot;:&quot;560077&quot;,&quot;userid&quot;:&quot;f3au9cGnbYj4Y3qVxcY9&quot;,&quot;id&quot;:&quot;IqwmB55QRKe4abbB41ht&quot;},{&quot;accountno&quot;:&quot;23456789&quot;,&quot;departmentno&quot;:&quot;3&quot;,&quot;salary&quot;:&quot;3000&quot;,&quot;pincode&quot;:&quot;543210&quot;,&quot;userid&quot;:&quot;Qn9aLmEb5M9tHd0c1gK9&quot;,&quot;id&quot;:&quot;FHRl9hPN4IzY55AZiV8b&quot;},{&quot;accountno&quot;:&quot;43242343&quot;,&quot;departmentno&quot;:&quot;2&quot;,&quot;salary&quot;:&quot;54352345&quot;,&quot;pincode&quot;:&quot;201301&quot;,&quot;userid&quot;:&quot;DWwNzRcKM6NqfkmyBUqn&quot;,&quot;id&quot;:&quot;iAGZSXJhmd71dGTjzkxu&quot;},{&quot;accountno&quot;:&quot;43242343&quot;,&quot;departmentno&quot;:&quot;2&quot;,&quot;salary&quot;:&quot;54352345&quot;,&quot;pincode&quot;:&quot;201301&quot;,&quot;userid&quot;:&quot;DWwNzRcKM6NqfkmyBUqn&quot;,&quot;id&quot;:&quot;U0POz6IQsbBXOF5jAHcs&quot;},{&quot;accountno&quot;:&quot;12345677&quot;,&quot;departmentno&quot;:8,&quot;salary&quot;:67000,&quot;pincode&quot;:560064,&quot;userid&quot;:&quot;STPlkSG4zB7TihoZ78KK&quot;,&quot;id&quot;:&quot;0ArrqpoXS13Trs3XDzFH&quot;},{&quot;accountno&quot;:&quot;65894760&quot;,&quot;departmentno&quot;:&quot;5&quot;,&quot;salary&quot;:&quot;5555&quot;,&quot;pincode&quot;:&quot;555555&quot;,&quot;userid&quot;:&quot;aaTLunwlzmlOZuXsBm4W&quot;,&quot;id&quot;:&quot;e28AQUddJ3yIqkpqjyDJ&quot;},{&quot;accountno&quot;:&quot;12121211&quot;,&quot;departmentno&quot;:&quot;1&quot;,&quot;salary&quot;:&quot;121212&quot;,&quot;pincode&quot;:&quot;121212&quot;,&quot;userid&quot;:&quot;tUV5eLS8PrHkECApptwj&quot;,&quot;id&quot;:&quot;68Lsrx37MlWfqouBYL59&quot;},{&quot;accountno&quot;:&quot;12345543&quot;,&quot;departmentno&quot;:&quot;1&quot;,&quot;salary&quot;:&quot;12345&quot;,&quot;pincode&quot;:&quot;123455&quot;,&quot;userid&quot;:&quot;tUV5eLS8PrHkECApptwj&quot;,&quot;id&quot;:&quot;Vc8WPWkKCdorjDKI2I40&quot;},{&quot;accountno&quot;:&quot;12123121&quot;,&quot;departmentno&quot;:&quot;2&quot;,&quot;salary&quot;:&quot;121212&quot;,&quot;pincode&quot;:&quot;121212&quot;,&quot;userid&quot;:&quot;tUV5eLS8PrHkECApptwj&quot;,&quot;id&quot;:&quot;xwK8A1ttdEsQCpixcNfI&quot;},{&quot;accountno&quot;:&quot;12345679&quot;,&quot;departmentno&quot;:&quot;9&quot;,&quot;salary&quot;:&quot;77799990&quot;,&quot;pincode&quot;:&quot;555999&quot;,&quot;userid&quot;:&quot;YtScOjLrbE3jlTdfCbRP&quot;,&quot;id&quot;:&quot;Sr9RnRYtsozfc46DJ923&quot;},{&quot;accountno&quot;:&quot;12345678&quot;,&quot;departmentno&quot;:&quot;5&quot;,&quot;salary&quot;:&quot;77788880&quot;,&quot;pincode&quot;:&quot;555888&quot;,&quot;userid&quot;:&quot;YtScOjLrbE3jlTdfCbRP&quot;,&quot;id&quot;:&quot;jRPHXT1SXoBQEBcbE4eg&quot;},{&quot;accountno&quot;:&quot;12345699&quot;,&quot;departmentno&quot;:&quot;6&quot;,&quot;salary&quot;:&quot;77755550&quot;,&quot;pincode&quot;:&quot;555777&quot;,&quot;userid&quot;:&quot;YtScOjLrbE3jlTdfCbRP&quot;,&quot;id&quot;:&quot;V8IxjZ83HAgVvXoifQdm&quot;},{&quot;accountno&quot;:&quot;12345678&quot;,&quot;departmentno&quot;:7,&quot;salary&quot;:77744440,&quot;pincode&quot;:744777,&quot;userid&quot;:&quot;YtScOjLrbE3jlTdfCbRP&quot;,&quot;id&quot;:&quot;c8tqDdRvPGFHRFgy0UWX&quot;},{&quot;accountno&quot;:&quot;66666660&quot;,&quot;departmentno&quot;:&quot;3&quot;,&quot;salary&quot;:&quot;77777770&quot;,&quot;pincode&quot;:&quot;777777&quot;,&quot;userid&quot;:&quot;3sK9CLM0ynfto5YiO8uB&quot;,&quot;id&quot;:&quot;1iBUYboQ9FkGeZtkiLoh&quot;},{&quot;accountno&quot;:&quot;09123456&quot;,&quot;departmentno&quot;:&quot;2&quot;,&quot;salary&quot;:&quot;012345&quot;,&quot;pincode&quot;:&quot;123456&quot;,&quot;userid&quot;:&quot;Sg8U7tEgC3yAYOjqNkUK&quot;,&quot;id&quot;:&quot;MGkWYc1uccoluIEcZ6Mv&quot;},{&quot;accountno&quot;:&quot;77777777&quot;,&quot;departmentno&quot;:&quot;3&quot;,&quot;salary&quot;:&quot;77777770&quot;,&quot;pincode&quot;:&quot;777777&quot;,&quot;userid&quot;:&quot;3sK9CLM0ynfto5YiO8uB&quot;,&quot;id&quot;:&quot;PYgMSi9WJQvDP9Yla4Z6&quot;},{&quot;accountno&quot;:&quot;11111111&quot;,&quot;departmentno&quot;:1,&quot;salary&quot;:111111,&quot;pincode&quot;:111111,&quot;userid&quot;:&quot;mVUMtJ8McXbP6Xkm86Ee&quot;,&quot;id&quot;:&quot;MlnCTwJddCg6ch8Xs8lY&quot;},{&quot;accountno&quot;:&quot;33333333&quot;,&quot;departmentno&quot;:&quot;3&quot;,&quot;salary&quot;:&quot;3333&quot;,&quot;pincode&quot;:&quot;333333&quot;,&quot;userid&quot;:&quot;NhIAWPJNpQoYlFjMPScL&quot;,&quot;id&quot;:&quot;5IVcpAgVH22GW1sAeXYL&quot;},{&quot;accountno&quot;:&quot;12345678&quot;,&quot;departmentno&quot;:&quot;9&quot;,&quot;salary&quot;:&quot;5000&quot;,&quot;pincode&quot;:&quot;532001&quot;,&quot;userid&quot;:&quot;NwJ3oPk7YJMHXYkcRLoJ&quot;,&quot;id&quot;:&quot;GN0dAyUuF40filCoQtjK&quot;},{&quot;accountno&quot;:&quot;12345688&quot;,&quot;departmentno&quot;:&quot;5&quot;,&quot;salary&quot;:&quot;131324&quot;,&quot;pincode&quot;:&quot;342023&quot;,&quot;userid&quot;:&quot;IdB36E42UlOHhyfpFueu&quot;,&quot;id&quot;:&quot;1AV3TIFoqYYn3oYRidh0&quot;},{&quot;accountno&quot;:&quot;12345678&quot;,&quot;departmentno&quot;:5,&quot;salary&quot;:131324,&quot;pincode&quot;:342100,&quot;userid&quot;:&quot;IdB36E42UlOHhyfpFueu&quot;,&quot;id&quot;:&quot;3XcBaSVFTs6Bu5q4RwFH&quot;},{&quot;accountno&quot;:&quot;16677889&quot;,&quot;departmentno&quot;:&quot;4&quot;,&quot;salary&quot;:&quot;177777&quot;,&quot;pincode&quot;:&quot;110028&quot;,&quot;userid&quot;:&quot;udhBK3zB8LiJm9Crv8KY&quot;,&quot;id&quot;:&quot;GHlfgNEDdW6Sp9rEFt7e&quot;},{&quot;accountno&quot;:&quot;16677889&quot;,&quot;departmentno&quot;:&quot;4&quot;,&quot;salary&quot;:&quot;177777&quot;,&quot;pincode&quot;:&quot;110028&quot;,&quot;userid&quot;:&quot;udhBK3zB8LiJm9Crv8KY&quot;,&quot;id&quot;:&quot;eZqlAdRFr2gqaFcLR2mw&quot;},{&quot;accountno&quot;:&quot;17171717&quot;,&quot;departmentno&quot;:&quot;6&quot;,&quot;salary&quot;:&quot;500&quot;,&quot;pincode&quot;:&quot;733457&quot;,&quot;userid&quot;:&quot;U3Z1Yidij6RxyoK29ayU&quot;,&quot;id&quot;:&quot;v3Gn4Q8Qyo9sycD307Ot&quot;},{&quot;accountno&quot;:&quot;24171724&quot;,&quot;departmentno&quot;:&quot;6&quot;,&quot;salary&quot;:&quot;5000&quot;,&quot;pincode&quot;:&quot;723457&quot;,&quot;userid&quot;:&quot;U3Z1Yidij6RxyoK29ayU&quot;,&quot;id&quot;:&quot;dImcrzVES5osRJc84FPv&quot;},{&quot;accountno&quot;:&quot;09876543&quot;,&quot;departmentno&quot;:&quot;1&quot;,&quot;salary&quot;:&quot;09876&quot;,&quot;pincode&quot;:&quot;098765&quot;,&quot;userid&quot;:&quot;Sg8U7tEgC3yAYOjqNkUK&quot;,&quot;id&quot;:&quot;YujULYwbLjLFBXd1Ueo4&quot;},{&quot;accountno&quot;:&quot;98765412&quot;,&quot;departmentno&quot;:&quot;7&quot;,&quot;salary&quot;:&quot;500001&quot;,&quot;pincode&quot;:&quot;678917&quot;,&quot;userid&quot;:&quot;kqrqkGB4KffUDtO8otJn&quot;,&quot;id&quot;:&quot;mcBlU6Vzm3QHOsMVfLQv&quot;},{&quot;accountno&quot;:&quot;123456789&quot;,&quot;departmentno&quot;:&quot;109&quot;,&quot;salary&quot;:&quot;903345&quot;,&quot;pincode&quot;:&quot;11223344&quot;,&quot;userid&quot;:&quot;w7SYSrTpYgGYNxdgROxd&quot;,&quot;id&quot;:&quot;XwgkbLS1YZJk8P0QUptB&quot;},{&quot;accountno&quot;:&quot;123123456&quot;,&quot;departmentno&quot;:&quot;9&quot;,&quot;salary&quot;:&quot;100000&quot;,&quot;pincode&quot;:&quot;560077&quot;,&quot;userid&quot;:&quot;f3au9cGnbYj4Y3qVxcY9&quot;,&quot;id&quot;:&quot;RUKt5BkcQxezN8eMI6DF&quot;},{&quot;accountno&quot;:&quot;12312345&quot;,&quot;departmentno&quot;:&quot;9&quot;,&quot;salary&quot;:&quot;100000&quot;,&quot;pincode&quot;:&quot;560077&quot;,&quot;userid&quot;:&quot;f3au9cGnbYj4Y3qVxcY9&quot;,&quot;id&quot;:&quot;k9yPgnUAVsznTxwn2OLe&quot;},{&quot;accountno&quot;:&quot;1231234&quot;,&quot;departmentno&quot;:&quot;9&quot;,&quot;salary&quot;:&quot;100000&quot;,&quot;pincode&quot;:&quot;560077&quot;,&quot;userid&quot;:&quot;f3au9cGnbYj4Y3qVxcY9&quot;,&quot;id&quot;:&quot;2279ax38QTRFBPsFNbbn&quot;},{&quot;accountno&quot;:&quot;11111111&quot;,&quot;departmentno&quot;:4,&quot;salary&quot;:10001,&quot;pincode&quot;:123456,&quot;userid&quot;:&quot;NhIAWPJNpQoYlFjMPScL&quot;,&quot;id&quot;:&quot;FiZy7aJnuLz32i1FqWP0&quot;},{&quot;accountno&quot;:&quot;45045601&quot;,&quot;departmentno&quot;:&quot;8&quot;,&quot;salary&quot;:&quot;34000&quot;,&quot;pincode&quot;:&quot;560064&quot;,&quot;userid&quot;:&quot;STPlkSG4zB7TihoZ78KK&quot;,&quot;id&quot;:&quot;LXWqE5x5BUb3yFiYPD6K&quot;},{&quot;accountno&quot;:&quot;45045601&quot;,&quot;departmentno&quot;:8,&quot;salary&quot;:74000,&quot;pincode&quot;:560064,&quot;userid&quot;:&quot;STPlkSG4zB7TihoZ78KK&quot;,&quot;id&quot;:&quot;gg7uhh4ZDwGleyEDoUFc&quot;},{&quot;accountno&quot;:&quot;55478498&quot;,&quot;departmentno&quot;:&quot;3&quot;,&quot;salary&quot;:&quot;80000&quot;,&quot;pincode&quot;:&quot;944044&quot;,&quot;userid&quot;:&quot;tUV5eLS8PrHkECApptwj&quot;,&quot;id&quot;:&quot;6VP7pG9W30SWpeVZj53X&quot;},{&quot;accountno&quot;:&quot;55478498&quot;,&quot;departmentno&quot;:&quot;3&quot;,&quot;salary&quot;:&quot;80000&quot;,&quot;pincode&quot;:&quot;944044&quot;,&quot;userid&quot;:&quot;A5h12i1wUGvLU5CnIEgn&quot;,&quot;id&quot;:&quot;I21G4pAqskfKit5yTmWp&quot;},{&quot;accountno&quot;:&quot;12345674&quot;,&quot;departmentno&quot;:&quot;2&quot;,&quot;salary&quot;:&quot;50000&quot;,&quot;pincode&quot;:&quot;560064&quot;,&quot;userid&quot;:&quot;STPlkSG4zB7TihoZ78KK&quot;,&quot;id&quot;:&quot;3HfngNFSPqoVqWKWvUFE&quot;},{&quot;accountno&quot;:&quot;12345678&quot;,&quot;departmentno&quot;:&quot;9&quot;,&quot;salary&quot;:&quot;100000&quot;,&quot;pincode&quot;:&quot;560077&quot;,&quot;userid&quot;:&quot;f3au9cGnbYj4Y3qVxcY9&quot;,&quot;id&quot;:&quot;7b5iKW1cmUoJ01KdKJ9S&quot;},{&quot;accountno&quot;:&quot;12121212&quot;,&quot;departmentno&quot;:&quot;7&quot;,&quot;salary&quot;:&quot;500000&quot;,&quot;pincode&quot;:&quot;678901&quot;,&quot;userid&quot;:&quot;kqrqkGB4KffUDtO8otJn&quot;,&quot;id&quot;:&quot;3Uv1984vkvEuCu48ljbe&quot;},{&quot;accountno&quot;:&quot;12345678&quot;,&quot;departmentno&quot;:&quot;7&quot;,&quot;salary&quot;:&quot;500000&quot;,&quot;pincode&quot;:&quot;678901&quot;,&quot;userid&quot;:&quot;kqrqkGB4KffUDtO8otJn&quot;,&quot;id&quot;:&quot;DjuIKT6x0PQPK8CrcDNH&quot;},{&quot;accountno&quot;:&quot;32345633&quot;,&quot;departmentno&quot;:&quot;4&quot;,&quot;salary&quot;:&quot;2345678&quot;,&quot;pincode&quot;:&quot;423454&quot;,&quot;userid&quot;:&quot;YtScOjLrbE3jlTdfCbRP&quot;,&quot;id&quot;:&quot;657JRycP4lgrDrTiZ3ic&quot;},{&quot;accountno&quot;:&quot;11223334&quot;,&quot;departmentno&quot;:&quot;6&quot;,&quot;salary&quot;:&quot;1000&quot;,&quot;pincode&quot;:&quot;123457&quot;,&quot;userid&quot;:&quot;U3Z1Yidij6RxyoK29ayU&quot;,&quot;id&quot;:&quot;GijC12akR1ZuXNgG0ZBO&quot;},{&quot;accountno&quot;:&quot;20210124&quot;,&quot;departmentno&quot;:&quot;9&quot;,&quot;salary&quot;:&quot;20000&quot;,&quot;pincode&quot;:&quot;491023&quot;,&quot;userid&quot;:&quot;XVdEAYnNkz3FsrWew6iu&quot;,&quot;id&quot;:&quot;1fnWL0Vw98kKgD4jckoQ&quot;},{&quot;accountno&quot;:&quot;12345678&quot;,&quot;departmentno&quot;:&quot;7&quot;,&quot;salary&quot;:&quot;500000&quot;,&quot;pincode&quot;:&quot;678901&quot;,&quot;userid&quot;:&quot;kqrqkGB4KffUDtO8otJn&quot;,&quot;id&quot;:&quot;0UguPV04AHlLNrIDOMA2&quot;},{&quot;accountno&quot;:&quot;50000001&quot;,&quot;departmentno&quot;:2,&quot;salary&quot;:209000,&quot;pincode&quot;:534534,&quot;userid&quot;:&quot;PcHlag1PW7hFh5mapvRn&quot;,&quot;id&quot;:&quot;UYLubLzbNBbzm5hNe1he&quot;},{&quot;accountno&quot;:&quot;50000000&quot;,&quot;departmentno&quot;:&quot;2&quot;,&quot;salary&quot;:&quot;209000&quot;,&quot;pincode&quot;:&quot;534534&quot;,&quot;userid&quot;:&quot;PcHlag1PW7hFh5mapvRn&quot;,&quot;id&quot;:&quot;HxD6x5frdqwbthxtrThu&quot;},{&quot;accountno&quot;:&quot;25225478&quot;,&quot;departmentno&quot;:9,&quot;salary&quot;:4625,&quot;pincode&quot;:845396,&quot;userid&quot;:&quot;Bf2SSUSveYyeya6EZayR&quot;,&quot;id&quot;:&quot;OgQu0V1uyAjvSr9ifPJa&quot;},{&quot;accountno&quot;:&quot;20210123&quot;,&quot;departmentno&quot;:&quot;9&quot;,&quot;salary&quot;:&quot;20000&quot;,&quot;pincode&quot;:&quot;491023&quot;,&quot;userid&quot;:&quot;XVdEAYnNkz3FsrWew6iu&quot;,&quot;id&quot;:&quot;pCHjpPjDbAZwwAAvL35M&quot;},{&quot;accountno&quot;:&quot;20210123&quot;,&quot;departmentno&quot;:&quot;9&quot;,&quot;salary&quot;:&quot;20000&quot;,&quot;pincode&quot;:&quot;491023&quot;,&quot;userid&quot;:&quot;XVdEAYnNkz3FsrWew6iu&quot;,&quot;id&quot;:&quot;x24c5L4lJqS4qatuz6zQ&quot;},{&quot;accountno&quot;:&quot;55345435&quot;,&quot;departmentno&quot;:&quot;3&quot;,&quot;salary&quot;:&quot;200000&quot;,&quot;pincode&quot;:&quot;534534&quot;,&quot;userid&quot;:&quot;PcHlag1PW7hFh5mapvRn&quot;,&quot;id&quot;:&quot;ao80WOZyN96u5HyDPQTA&quot;},{&quot;accountno&quot;:&quot;12345678&quot;,&quot;departmentno&quot;:&quot;1&quot;,&quot;salary&quot;:&quot;5000&quot;,&quot;pincode&quot;:&quot;123456&quot;,&quot;userid&quot;:&quot;cclYwE8pokGeurIPVSxa&quot;,&quot;id&quot;:&quot;yaXtEK6l2iFdTuEqkzHI&quot;},{&quot;accountno&quot;:&quot;19876543&quot;,&quot;departmentno&quot;:&quot;1&quot;,&quot;salary&quot;:&quot;9513&quot;,&quot;pincode&quot;:&quot;530001&quot;,&quot;userid&quot;:&quot;NwJ3oPk7YJMHXYkcRLoJ&quot;,&quot;id&quot;:&quot;O3WY0m13RpBA92KICFMd&quot;},{&quot;accountno&quot;:&quot;25527655&quot;,&quot;departmentno&quot;:&quot;9&quot;,&quot;salary&quot;:&quot;3625&quot;,&quot;pincode&quot;:&quot;845396&quot;,&quot;userid&quot;:&quot;Bf2SSUSveYyeya6EZayR&quot;,&quot;id&quot;:&quot;06GdF1sxB7dC9UjZkWgN&quot;},{&quot;accountno&quot;:&quot;25787655&quot;,&quot;departmentno&quot;:9,&quot;salary&quot;:4625,&quot;pincode&quot;:845396,&quot;userid&quot;:&quot;Bf2SSUSveYyeya6EZayR&quot;,&quot;id&quot;:&quot;YKJ9LqJ5vqA5GjHJaS5F&quot;},{&quot;accountno&quot;:&quot;65541222&quot;,&quot;departmentno&quot;:&quot;7&quot;,&quot;salary&quot;:&quot;6214&quot;,&quot;pincode&quot;:&quot;644444&quot;,&quot;userid&quot;:&quot;Bf2SSUSveYyeya6EZayR&quot;,&quot;id&quot;:&quot;8CehoXqpnOfQZyajjXRD&quot;},{&quot;accountno&quot;:&quot;1231234567&quot;,&quot;departmentno&quot;:&quot;9&quot;,&quot;salary&quot;:&quot;100000&quot;,&quot;pincode&quot;:&quot;560077&quot;,&quot;userid&quot;:&quot;f3au9cGnbYj4Y3qVxcY9&quot;,&quot;id&quot;:&quot;pnwRmt00aUKhE3iMAnJn&quot;},{&quot;accountno&quot;:&quot;12345432&quot;,&quot;departmentno&quot;:&quot;6&quot;,&quot;salary&quot;:&quot;3456&quot;,&quot;pincode&quot;:&quot;989878&quot;,&quot;userid&quot;:&quot;Bf2SSUSveYyeya6EZayR&quot;,&quot;id&quot;:&quot;OoPoqLMmLWkqvZBaUbNV&quot;},{&quot;accountno&quot;:&quot;85128963&quot;,&quot;departmentno&quot;:&quot;4&quot;,&quot;salary&quot;:&quot;6000&quot;,&quot;pincode&quot;:&quot;325484&quot;,&quot;userid&quot;:&quot;Bf2SSUSveYyeya6EZayR&quot;,&quot;id&quot;:&quot;sHj0XkpFAGSmfs6nAd6R&quot;},{&quot;accountno&quot;:&quot;12345678&quot;,&quot;departmentno&quot;:2,&quot;salary&quot;:5000,&quot;pincode&quot;:123456,&quot;userid&quot;:&quot;cclYwE8pokGeurIPVSxa&quot;,&quot;id&quot;:&quot;kXhi6VMOS4W8bVrRplJj&quot;},{&quot;accountno&quot;:&quot;56677668&quot;,&quot;departmentno&quot;:6,&quot;salary&quot;:89898,&quot;pincode&quot;:898989,&quot;userid&quot;:&quot;tUV5eLS8PrHkECApptwj&quot;,&quot;id&quot;:&quot;UDh19Gr96WjhnRixH5XB&quot;},{&quot;accountno&quot;:&quot;11223344&quot;,&quot;departmentno&quot;:&quot;6&quot;,&quot;salary&quot;:&quot;10000&quot;,&quot;pincode&quot;:&quot;111111&quot;,&quot;userid&quot;:&quot;U3Z1Yidij6RxyoK29ayU&quot;,&quot;id&quot;:&quot;GgjhShCBbzk97JAoOwbh&quot;},{&quot;accountno&quot;:&quot;12367675&quot;,&quot;departmentno&quot;:&quot;8&quot;,&quot;salary&quot;:&quot;78788&quot;,&quot;pincode&quot;:&quot;959006&quot;,&quot;userid&quot;:&quot;tUV5eLS8PrHkECApptwj&quot;,&quot;id&quot;:&quot;6yfAuN8mALG7MvdqlebO&quot;},{&quot;accountno&quot;:&quot;77776777&quot;,&quot;departmentno&quot;:&quot;8&quot;,&quot;salary&quot;:&quot;789778&quot;,&quot;pincode&quot;:&quot;944044&quot;,&quot;userid&quot;:&quot;A5h12i1wUGvLU5CnIEgn&quot;,&quot;id&quot;:&quot;HmWxfFS0e5MMRkFFN8kU&quot;},{&quot;accountno&quot;:&quot;12345678&quot;,&quot;departmentno&quot;:&quot;9&quot;,&quot;salary&quot;:&quot;654321&quot;,&quot;pincode&quot;:&quot;987654&quot;,&quot;userid&quot;:&quot;Sg8U7tEgC3yAYOjqNkUK&quot;,&quot;id&quot;:&quot;Dfmv6fGonyitn8chxQgD&quot;},{&quot;accountno&quot;:&quot;11223344&quot;,&quot;departmentno&quot;:6,&quot;salary&quot;:&quot;8000000&quot;,&quot;pincode&quot;:989900,&quot;userid&quot;:&quot;udhBK3zB8LiJm9Crv8KY&quot;,&quot;id&quot;:&quot;qBicEWu4JBZtFohOy6vN&quot;},{&quot;accountno&quot;:&quot;12223344&quot;,&quot;departmentno&quot;:&quot;6&quot;,&quot;salary&quot;:&quot;80&quot;,&quot;pincode&quot;:&quot;989900&quot;,&quot;userid&quot;:&quot;jqRcPYgCUbWnsE2mr8CQ&quot;,&quot;id&quot;:&quot;LyxiETqq01CRTXBUQrl7&quot;},{&quot;accountno&quot;:&quot;90909090&quot;,&quot;departmentno&quot;:&quot;5&quot;,&quot;salary&quot;:&quot;5678&quot;,&quot;pincode&quot;:&quot;345678&quot;,&quot;userid&quot;:&quot;nUf87k2SXNyiDE32Mghy&quot;,&quot;id&quot;:&quot;ebxy0yKhl5nNExS2TgEU&quot;},{&quot;accountno&quot;:&quot;90909090&quot;,&quot;departmentno&quot;:&quot;5&quot;,&quot;salary&quot;:&quot;5678&quot;,&quot;pincode&quot;:&quot;345678&quot;,&quot;userid&quot;:&quot;nUf87k2SXNyiDE32Mghy&quot;,&quot;id&quot;:&quot;uO7jO2ixlpsPJVgFh4eq&quot;},{&quot;accountno&quot;:&quot;34567898&quot;,&quot;departmentno&quot;:&quot;2&quot;,&quot;salary&quot;:&quot;1000&quot;,&quot;pincode&quot;:&quot;365478&quot;,&quot;userid&quot;:&quot;U3Z1Yidij6RxyoK29ayU&quot;,&quot;id&quot;:&quot;ihMkqVuPpMEAuiAFFRe6&quot;},{&quot;accountno&quot;:&quot;12345678&quot;,&quot;departmentno&quot;:&quot;1&quot;,&quot;salary&quot;:&quot;12312454&quot;,&quot;pincode&quot;:&quot;864646&quot;,&quot;userid&quot;:&quot;taGX4XQQfXD3Z76sI1Xn&quot;,&quot;id&quot;:&quot;PjiiBCiGgw0Xs0njEMlv&quot;},{&quot;accountno&quot;:&quot;99999123&quot;,&quot;departmentno&quot;:&quot;1&quot;,&quot;salary&quot;:&quot;5333&quot;,&quot;pincode&quot;:&quot;901234&quot;,&quot;userid&quot;:&quot;Zkr5GwJhXN3dOEP2fImf&quot;,&quot;id&quot;:&quot;vMwV44jJiIYiUG5clmZB&quot;},{&quot;accountno&quot;:&quot;88884491&quot;,&quot;departmentno&quot;:&quot;1&quot;,&quot;salary&quot;:&quot;4000&quot;,&quot;pincode&quot;:&quot;763291&quot;,&quot;userid&quot;:&quot;Zkr5GwJhXN3dOEP2fImf&quot;,&quot;id&quot;:&quot;OheQEtA8052T7q4bkFhB&quot;},{&quot;accountno&quot;:&quot;90909090&quot;,&quot;departmentno&quot;:&quot;5&quot;,&quot;salary&quot;:&quot;5678&quot;,&quot;pincode&quot;:&quot;345678&quot;,&quot;userid&quot;:&quot;nUf87k2SXNyiDE32Mghy&quot;,&quot;id&quot;:&quot;36KTheRjO5zIWDQ9gPcc&quot;},{&quot;accountno&quot;:&quot;90909090&quot;,&quot;departmentno&quot;:&quot;5&quot;,&quot;salary&quot;:&quot;5678&quot;,&quot;pincode&quot;:&quot;345678&quot;,&quot;userid&quot;:&quot;nUf87k2SXNyiDE32Mghy&quot;,&quot;id&quot;:&quot;PfDizohzzZltDMwtgBHQ&quot;},{&quot;accountno&quot;:&quot;90909090&quot;,&quot;departmentno&quot;:&quot;5&quot;,&quot;salary&quot;:&quot;5678&quot;,&quot;pincode&quot;:&quot;345678&quot;,&quot;userid&quot;:&quot;nUf87k2SXNyiDE32Mghy&quot;,&quot;id&quot;:&quot;WItM3cgiZoH32F5cJELm&quot;},{&quot;accountno&quot;:&quot;90909090&quot;,&quot;departmentno&quot;:&quot;5&quot;,&quot;salary&quot;:&quot;5678&quot;,&quot;pincode&quot;:&quot;345678&quot;,&quot;userid&quot;:&quot;nUf87k2SXNyiDE32Mghy&quot;,&quot;id&quot;:&quot;XSWi0fHKd04UFO2eNaAp&quot;},{&quot;accountno&quot;:&quot;90909090&quot;,&quot;departmentno&quot;:&quot;5&quot;,&quot;salary&quot;:&quot;5678&quot;,&quot;pincode&quot;:&quot;345678&quot;,&quot;userid&quot;:&quot;nUf87k2SXNyiDE32Mghy&quot;,&quot;id&quot;:&quot;buxnNhaNuCYMzOaTzvda&quot;},{&quot;accountno&quot;:&quot;90909090&quot;,&quot;departmentno&quot;:&quot;5&quot;,&quot;salary&quot;:&quot;5678&quot;,&quot;pincode&quot;:&quot;345678&quot;,&quot;userid&quot;:&quot;nUf87k2SXNyiDE32Mghy&quot;,&quot;id&quot;:&quot;OZFxhJ1EqPgOYf9b3Ysu&quot;},{&quot;accountno&quot;:&quot;90909090&quot;,&quot;departmentno&quot;:&quot;5&quot;,&quot;salary&quot;:&quot;5678&quot;,&quot;pincode&quot;:&quot;345678&quot;,&quot;userid&quot;:&quot;nUf87k2SXNyiDE32Mghy&quot;,&quot;id&quot;:&quot;9cYfssGXm0aqc8PSPeQE&quot;},{&quot;accountno&quot;:&quot;90909090&quot;,&quot;departmentno&quot;:&quot;5&quot;,&quot;salary&quot;:&quot;5678&quot;,&quot;pincode&quot;:&quot;345678&quot;,&quot;userid&quot;:&quot;nUf87k2SXNyiDE32Mghy&quot;,&quot;id&quot;:&quot;p9hQR4JiVCFaPCZLR9EA&quot;},{&quot;accountno&quot;:&quot;90909090&quot;,&quot;departmentno&quot;:&quot;5&quot;,&quot;salary&quot;:&quot;5678&quot;,&quot;pincode&quot;:&quot;345678&quot;,&quot;userid&quot;:&quot;nUf87k2SXNyiDE32Mghy&quot;,&quot;id&quot;:&quot;DW8eHakhTranEsOK8imu&quot;},{&quot;accountno&quot;:&quot;90909090&quot;,&quot;departmentno&quot;:&quot;5&quot;,&quot;salary&quot;:&quot;5678&quot;,&quot;pincode&quot;:&quot;345678&quot;,&quot;userid&quot;:&quot;nUf87k2SXNyiDE32Mghy&quot;,&quot;id&quot;:&quot;qeYnuOefMJHOeHEsMv5p&quot;},{&quot;accountno&quot;:&quot;90909090&quot;,&quot;departmentno&quot;:&quot;5&quot;,&quot;salary&quot;:&quot;5678&quot;,&quot;pincode&quot;:&quot;345678&quot;,&quot;userid&quot;:&quot;nUf87k2SXNyiDE32Mghy&quot;,&quot;id&quot;:&quot;vEmG2IoTCp0BryB55n0z&quot;},{&quot;accountno&quot;:&quot;90909090&quot;,&quot;departmentno&quot;:&quot;5&quot;,&quot;salary&quot;:&quot;5678&quot;,&quot;pincode&quot;:&quot;345678&quot;,&quot;userid&quot;:&quot;nUf87k2SXNyiDE32Mghy&quot;,&quot;id&quot;:&quot;WItadwGCnveJTApFdfjL&quot;},{&quot;accountno&quot;:&quot;12345&quot;,&quot;departmentno&quot;:&quot;109&quot;,&quot;salary&quot;:&quot;903345&quot;,&quot;pincode&quot;:&quot;11223344&quot;,&quot;userid&quot;:&quot;w7SYSrTpYgGYNxdgROxd&quot;,&quot;id&quot;:&quot;RAs688oB4sMB7ax3UgP4&quot;},{&quot;accountno&quot;:&quot;90909090&quot;,&quot;departmentno&quot;:&quot;5&quot;,&quot;salary&quot;:&quot;5678&quot;,&quot;pincode&quot;:&quot;345678&quot;,&quot;userid&quot;:&quot;nUf87k2SXNyiDE32Mghy&quot;,&quot;id&quot;:&quot;gpYDPT1BgrXAKaslsZwS&quot;},{&quot;accountno&quot;:&quot;90909090&quot;,&quot;departmentno&quot;:&quot;5&quot;,&quot;salary&quot;:&quot;5678&quot;,&quot;pincode&quot;:&quot;345678&quot;,&quot;userid&quot;:&quot;nUf87k2SXNyiDE32Mghy&quot;,&quot;id&quot;:&quot;kXCeRG5rjxTsLzgujs1C&quot;},{&quot;accountno&quot;:&quot;90909090&quot;,&quot;departmentno&quot;:&quot;5&quot;,&quot;salary&quot;:&quot;5678&quot;,&quot;pincode&quot;:&quot;345678&quot;,&quot;userid&quot;:&quot;nUf87k2SXNyiDE32Mghy&quot;,&quot;id&quot;:&quot;mZsFwWdoWCpB3d9E6gIV&quot;},{&quot;accountno&quot;:&quot;90909090&quot;,&quot;departmentno&quot;:&quot;5&quot;,&quot;salary&quot;:&quot;5678&quot;,&quot;pincode&quot;:&quot;345678&quot;,&quot;userid&quot;:&quot;nUf87k2SXNyiDE32Mghy&quot;,&quot;id&quot;:&quot;FBV2dMWVSkURXzqXdbHG&quot;},{&quot;accountno&quot;:&quot;10203040B&quot;,&quot;departmentno&quot;:&quot;1&quot;,&quot;salary&quot;:&quot;102,030&quot;,&quot;pincode&quot;:&quot;95136&quot;,&quot;userid&quot;:&quot;y4EGNLRjrgtEjC6KVUVR&quot;,&quot;id&quot;:&quot;ZCD450JrBPBpLsXJ0tXi&quot;},{&quot;accountno&quot;:&quot;10203040B&quot;,&quot;departmentno&quot;:&quot;1&quot;,&quot;salary&quot;:&quot;102,030&quot;,&quot;pincode&quot;:&quot;95136&quot;,&quot;userid&quot;:&quot;y4EGNLRjrgtEjC6KVUVR&quot;,&quot;id&quot;:&quot;7VkLthty6k9IsJrV1Pqw&quot;},{&quot;accountno&quot;:&quot;99999123&quot;,&quot;departmentno&quot;:&quot;1&quot;,&quot;salary&quot;:&quot;5333&quot;,&quot;pincode&quot;:&quot;901234&quot;,&quot;userid&quot;:&quot;Zkr5GwJhXN3dOEP2fImf&quot;,&quot;id&quot;:&quot;zbKzI8WqWRpAAj2wfPzI&quot;},{&quot;accountno&quot;:&quot;88884491&quot;,&quot;departmentno&quot;:&quot;1&quot;,&quot;salary&quot;:&quot;4000&quot;,&quot;pincode&quot;:&quot;763291&quot;,&quot;userid&quot;:&quot;Zkr5GwJhXN3dOEP2fImf&quot;,&quot;id&quot;:&quot;P8jVjubdUovsWacHLs0N&quot;},{&quot;accountno&quot;:&quot;22341439&quot;,&quot;departmentno&quot;:4,&quot;salary&quot;:40100,&quot;pincode&quot;:974212,&quot;userid&quot;:&quot;C0yGuGvV6MSRbMwQUBbg&quot;,&quot;id&quot;:&quot;4Oven4RfZV5005WTZfa0&quot;},{&quot;accountno&quot;:&quot;22341439&quot;,&quot;departmentno&quot;:4,&quot;salary&quot;:40100,&quot;pincode&quot;:974212,&quot;userid&quot;:&quot;Zkr5GwJhXN3dOEP2fImf&quot;,&quot;id&quot;:&quot;vIcvmeWdDaUScimJMVOT&quot;},{&quot;accountno&quot;:&quot;2234d39&quot;,&quot;departmentno&quot;:3,&quot;salary&quot;:40100,&quot;pincode&quot;:974212,&quot;userid&quot;:&quot;Zkr5GwJhXN3dOEP2fImf&quot;,&quot;id&quot;:&quot;3DH6XTBeW6WZyECauZje&quot;},{&quot;accountno&quot;:&quot;2234d39&quot;,&quot;departmentno&quot;:3,&quot;salary&quot;:40100,&quot;pincode&quot;:974212,&quot;userid&quot;:&quot;Zkr5GwJhXN3dOEP2fImf&quot;,&quot;id&quot;:&quot;qRvkrbFjxYy4A8srUl1b&quot;},{&quot;accountno&quot;:&quot;22341439&quot;,&quot;departmentno&quot;:3,&quot;salary&quot;:40100,&quot;pincode&quot;:974212,&quot;userid&quot;:&quot;Zkr5GwJhXN3dOEP2fImf&quot;,&quot;id&quot;:&quot;nAI5U8QnYpA6TjuuH5vs&quot;},{&quot;accountno&quot;:&quot;9999999&quot;,&quot;departmentno&quot;:&quot;9&quot;,&quot;salary&quot;:&quot;99999 &quot;,&quot;pincode&quot;:&quot;999999 &quot;,&quot;userid&quot;:&quot;BZdHLbA1022kPvlfnnBn&quot;,&quot;id&quot;:&quot;fb3GegFlINH1QAtBrrTi&quot;},{&quot;accountno&quot;:&quot;12121212&quot;,&quot;departmentno&quot;:9,&quot;salary&quot;:99999,&quot;pincode&quot;:99999,&quot;userid&quot;:&quot;BZdHLbA1022kPvlfnnBn&quot;,&quot;id&quot;:&quot;XzAhm9fRStkzGnogZVKc&quot;},{&quot;accountno&quot;:&quot;77777777&quot;,&quot;departmentno&quot;:&quot;2&quot;,&quot;salary&quot;:&quot;32&quot;,&quot;pincode&quot;:&quot;234567&quot;,&quot;userid&quot;:&quot;UUzhVpTf825lAmt1AZpf&quot;,&quot;id&quot;:&quot;AMojo62JdSL3K1xxk8h2&quot;},{&quot;accountno&quot;:&quot;12121212&quot;,&quot;departmentno&quot;:9,&quot;salary&quot;:99999,&quot;pincode&quot;:99999,&quot;userid&quot;:&quot;BZdHLbA1022kPvlfnnBn&quot;,&quot;id&quot;:&quot;qq6AEXN9tXJlcFQRARGN&quot;},{&quot;accountno&quot;:&quot;56644314&quot;,&quot;departmentno&quot;:5,&quot;salary&quot;:212,&quot;pincode&quot;:125415,&quot;userid&quot;:&quot;0PqtYURK2FdUT6Qlqp0p&quot;,&quot;id&quot;:&quot;HeQUzhWrnJQhoLsufdtt&quot;},{&quot;accountno&quot;:&quot;09876545&quot;,&quot;departmentno&quot;:&quot;3&quot;,&quot;salary&quot;:&quot;12346&quot;,&quot;pincode&quot;:&quot;987653&quot;,&quot;userid&quot;:&quot;aVjYUGE0c0xLlerWKo7l&quot;,&quot;id&quot;:&quot;hfQbZUQ4HX6jLXfHN65P&quot;},{&quot;accountno&quot;:&quot;09876544&quot;,&quot;departmentno&quot;:&quot;1&quot;,&quot;salary&quot;:&quot;12346&quot;,&quot;pincode&quot;:&quot;987653&quot;,&quot;userid&quot;:&quot;aVjYUGE0c0xLlerWKo7l&quot;,&quot;id&quot;:&quot;srgBjtFuw4y9wwWrcH8M&quot;},{&quot;accountno&quot;:&quot;09876544&quot;,&quot;departmentno&quot;:&quot;1&quot;,&quot;salary&quot;:&quot;12346&quot;,&quot;pincode&quot;:&quot;987653&quot;,&quot;userid&quot;:&quot;aVjYUGE0c0xLlerWKo7l&quot;,&quot;id&quot;:&quot;aQTDYYEKBqUtbcpsytIT&quot;},{&quot;accountno&quot;:&quot;09876543&quot;,&quot;departmentno&quot;:&quot;2&quot;,&quot;salary&quot;:&quot;12345&quot;,&quot;pincode&quot;:&quot;987654&quot;,&quot;userid&quot;:&quot;aVjYUGE0c0xLlerWKo7l&quot;,&quot;id&quot;:&quot;X4xBBZvZsuN6gbvg6jNt&quot;},{&quot;accountno&quot;:&quot;13243546&quot;,&quot;departmentno&quot;:&quot;5&quot;,&quot;salary&quot;:&quot;1234&quot;,&quot;pincode&quot;:&quot;967854&quot;,&quot;userid&quot;:&quot;aVjYUGE0c0xLlerWKo7l&quot;,&quot;id&quot;:&quot;PJpRunBpvnnCkeaAFVQ0&quot;},{&quot;accountno&quot;:&quot;12312312&quot;,&quot;departmentno&quot;:&quot;1&quot;,&quot;salary&quot;:&quot;230000&quot;,&quot;pincode&quot;:&quot;956373&quot;,&quot;userid&quot;:&quot;oMd5YAmhluD6Tj1uDNmd&quot;,&quot;id&quot;:&quot;QbgieDT5M1w04dVC7193&quot;},{&quot;accountno&quot;:&quot;12312312&quot;,&quot;departmentno&quot;:&quot;1&quot;,&quot;salary&quot;:&quot;230000&quot;,&quot;pincode&quot;:&quot;956373&quot;,&quot;userid&quot;:&quot;oMd5YAmhluD6Tj1uDNmd&quot;,&quot;id&quot;:&quot;bvkp6aji67vrPCK0BYai&quot;},{&quot;accountno&quot;:&quot;55678999&quot;,&quot;departmentno&quot;:&quot;5&quot;,&quot;salary&quot;:&quot;3456&quot;,&quot;pincode&quot;:&quot;345435&quot;,&quot;userid&quot;:&quot;j75Ai530R7kDA0TYhnd5&quot;,&quot;id&quot;:&quot;UIp77V3XTEyfy6MOYWHw&quot;},{&quot;accountno&quot;:&quot;12345678&quot;,&quot;departmentno&quot;:6,&quot;salary&quot;:8888,&quot;pincode&quot;:987654,&quot;userid&quot;:&quot;j75Ai530R7kDA0TYhnd5&quot;,&quot;id&quot;:&quot;UmmMkPSHyqUBsL1bGF1t&quot;},{&quot;accountno&quot;:&quot;10203040B&quot;,&quot;departmentno&quot;:&quot;1&quot;,&quot;salary&quot;:&quot;102,030&quot;,&quot;pincode&quot;:&quot;95136&quot;,&quot;userid&quot;:&quot;y4EGNLRjrgtEjC6KVUVR&quot;,&quot;id&quot;:&quot;q4OZExfZjESHjY93SOdn&quot;},{&quot;accountno&quot;:&quot;10203040B&quot;,&quot;departmentno&quot;:&quot;1&quot;,&quot;salary&quot;:&quot;102,030&quot;,&quot;pincode&quot;:&quot;95136&quot;,&quot;userid&quot;:&quot;y4EGNLRjrgtEjC6KVUVR&quot;,&quot;id&quot;:&quot;J8BQKf0cYDDrw5DtEu9e&quot;},{&quot;accountno&quot;:&quot;wwwwwww&quot;,&quot;departmentno&quot;:1,&quot;salary&quot;:11,&quot;pincode&quot;:11111,&quot;userid&quot;:&quot;W6vNYCLbnLEIGcqkCT23&quot;,&quot;id&quot;:&quot;ujfUrDdLKZsEkW3nXeOq&quot;},{&quot;accountno&quot;:&quot;22222222&quot;,&quot;departmentno&quot;:1,&quot;salary&quot;:33333,&quot;pincode&quot;:991111,&quot;userid&quot;:&quot;W6vNYCLbnLEIGcqkCT23&quot;,&quot;id&quot;:&quot;zXLkVgUI8th0WOAQY25b&quot;},{&quot;accountno&quot;:&quot;33333333&quot;,&quot;departmentno&quot;:&quot;1&quot;,&quot;salary&quot;:&quot;33333&quot;,&quot;pincode&quot;:&quot;991111&quot;,&quot;userid&quot;:&quot;W6vNYCLbnLEIGcqkCT23&quot;,&quot;id&quot;:&quot;IkVshUjQR0tfaDshekRE&quot;},{&quot;accountno&quot;:&quot;33333333&quot;,&quot;departmentno&quot;:&quot;1&quot;,&quot;salary&quot;:&quot;33333&quot;,&quot;pincode&quot;:&quot;991111&quot;,&quot;userid&quot;:&quot;W6vNYCLbnLEIGcqkCT23&quot;,&quot;id&quot;:&quot;zRu3gJw33L7BX9qHZ0bE&quot;},{&quot;accountno&quot;:&quot;11111111&quot;,&quot;departmentno&quot;:&quot;1&quot;,&quot;salary&quot;:&quot;111&quot;,&quot;pincode&quot;:&quot;111111&quot;,&quot;userid&quot;:&quot;W6vNYCLbnLEIGcqkCT23&quot;,&quot;id&quot;:&quot;El0tx5dMeBEWdmBGKcR3&quot;},{&quot;accountno&quot;:&quot;&quot;,&quot;departmentno&quot;:&quot;111&quot;,&quot;salary&quot;:&quot;33&quot;,&quot;pincode&quot;:&quot;991112&quot;,&quot;userid&quot;:&quot;W6vNYCLbnLEIGcqkCT23&quot;,&quot;id&quot;:&quot;eBTTGX6Xb7Z9ZC9UqUt1&quot;},{&quot;accountno&quot;:&quot;&quot;,&quot;departmentno&quot;:&quot;111&quot;,&quot;salary&quot;:&quot;33&quot;,&quot;pincode&quot;:&quot;991112&quot;,&quot;userid&quot;:&quot;W6vNYCLbnLEIGcqkCT23&quot;,&quot;id&quot;:&quot;3lAlG3mMO7h5QtzYgD0Z&quot;},{&quot;accountno&quot;:&quot;&quot;,&quot;departmentno&quot;:&quot;111&quot;,&quot;salary&quot;:&quot;33333&quot;,&quot;pincode&quot;:&quot;991112&quot;,&quot;userid&quot;:&quot;W6vNYCLbnLEIGcqkCT23&quot;,&quot;id&quot;:&quot;ZdmusBDGD9qfUUSIa0mQ&quot;},{&quot;accountno&quot;:&quot;&quot;,&quot;departmentno&quot;:&quot;1&quot;,&quot;salary&quot;:&quot;33333&quot;,&quot;pincode&quot;:&quot;991112&quot;,&quot;userid&quot;:&quot;W6vNYCLbnLEIGcqkCT23&quot;,&quot;id&quot;:&quot;NSOnvN6SRMtSM5a9AEA9&quot;},{&quot;accountno&quot;:&quot;&quot;,&quot;departmentno&quot;:&quot;1&quot;,&quot;salary&quot;:&quot;33333&quot;,&quot;pincode&quot;:&quot;991112&quot;,&quot;userid&quot;:&quot;W6vNYCLbnLEIGcqkCT23&quot;,&quot;id&quot;:&quot;zOUdkclLntcp1RfSjMQW&quot;},{&quot;accountno&quot;:&quot;1&quot;,&quot;departmentno&quot;:&quot;1&quot;,&quot;salary&quot;:&quot;33333&quot;,&quot;pincode&quot;:&quot;991112&quot;,&quot;userid&quot;:&quot;W6vNYCLbnLEIGcqkCT23&quot;,&quot;id&quot;:&quot;0c7FegiBgqJvXPw5lbB0&quot;},{&quot;accountno&quot;:&quot;1&quot;,&quot;departmentno&quot;:&quot;1&quot;,&quot;salary&quot;:&quot;33333&quot;,&quot;pincode&quot;:&quot;991112&quot;,&quot;userid&quot;:&quot;W6vNYCLbnLEIGcqkCT23&quot;,&quot;id&quot;:&quot;tL6zs2tmkjHxts5BCaBT&quot;},{&quot;accountno&quot;:&quot;3333333&quot;,&quot;departmentno&quot;:&quot;1&quot;,&quot;salary&quot;:&quot;33333&quot;,&quot;pincode&quot;:&quot;991112&quot;,&quot;userid&quot;:&quot;W6vNYCLbnLEIGcqkCT23&quot;,&quot;id&quot;:&quot;VPiL5sJc4L1bcmxtpSJJ&quot;},{&quot;accountno&quot;:&quot;3333333&quot;,&quot;departmentno&quot;:&quot;1&quot;,&quot;salary&quot;:&quot;33333&quot;,&quot;pincode&quot;:&quot;991112&quot;,&quot;userid&quot;:&quot;W6vNYCLbnLEIGcqkCT23&quot;,&quot;id&quot;:&quot;HssVCzSYpFihUNBONDqE&quot;},{&quot;accountno&quot;:&quot;33333333&quot;,&quot;departmentno&quot;:&quot;1&quot;,&quot;salary&quot;:&quot;33333&quot;,&quot;pincode&quot;:&quot;991112&quot;,&quot;userid&quot;:&quot;W6vNYCLbnLEIGcqkCT23&quot;,&quot;id&quot;:&quot;YXvdnnRcx74N76Y0h05m&quot;},{&quot;accountno&quot;:&quot;33333333&quot;,&quot;departmentno&quot;:&quot;1&quot;,&quot;salary&quot;:&quot;33333&quot;,&quot;pincode&quot;:&quot;991111&quot;,&quot;userid&quot;:&quot;W6vNYCLbnLEIGcqkCT23&quot;,&quot;id&quot;:&quot;wfC8CNsHQMYQHeNdoo3p&quot;},{&quot;accountno&quot;:&quot;33333333&quot;,&quot;departmentno&quot;:&quot;1&quot;,&quot;salary&quot;:&quot;33333&quot;,&quot;pincode&quot;:&quot;991111&quot;,&quot;userid&quot;:&quot;W6vNYCLbnLEIGcqkCT23&quot;,&quot;id&quot;:&quot;Cdk2uFQMGqvPNpVTB87d&quot;},{&quot;accountno&quot;:&quot;99999123&quot;,&quot;departmentno&quot;:&quot;1&quot;,&quot;salary&quot;:&quot;5333&quot;,&quot;pincode&quot;:&quot;901234&quot;,&quot;userid&quot;:&quot;Zkr5GwJhXN3dOEP2fImf&quot;,&quot;id&quot;:&quot;4FKLAhv7N4dhIfmzqG3c&quot;},{&quot;accountno&quot;:&quot;88884491&quot;,&quot;departmentno&quot;:&quot;1&quot;,&quot;salary&quot;:&quot;4000&quot;,&quot;pincode&quot;:&quot;763291&quot;,&quot;userid&quot;:&quot;Zkr5GwJhXN3dOEP2fImf&quot;,&quot;id&quot;:&quot;vLpPt0IRYiqdghecWbbT&quot;},{&quot;accountno&quot;:&quot;88884491&quot;,&quot;departmentno&quot;:&quot;1&quot;,&quot;salary&quot;:&quot;4000&quot;,&quot;pincode&quot;:&quot;763291&quot;,&quot;userid&quot;:&quot;Zkr5GwJhXN3dOEP2fImf&quot;,&quot;id&quot;:&quot;lUnuhiz7vsdS0NHn8C7S&quot;},{&quot;accountno&quot;:&quot;88884491&quot;,&quot;departmentno&quot;:&quot;1&quot;,&quot;salary&quot;:&quot;4000&quot;,&quot;pincode&quot;:&quot;763291&quot;,&quot;userid&quot;:&quot;Zkr5GwJhXN3dOEP2fImf&quot;,&quot;id&quot;:&quot;ykxpBX7VjN0X3IpI9vbN&quot;},{&quot;accountno&quot;:&quot;88884491&quot;,&quot;departmentno&quot;:&quot;1&quot;,&quot;salary&quot;:&quot;4000&quot;,&quot;pincode&quot;:&quot;763291&quot;,&quot;userid&quot;:&quot;Zkr5GwJhXN3dOEP2fImf&quot;,&quot;id&quot;:&quot;anpmBsrnyS1ZsgQTmfjx&quot;},{&quot;accountno&quot;:&quot;88884491&quot;,&quot;departmentno&quot;:&quot;1&quot;,&quot;salary&quot;:&quot;4000&quot;,&quot;pincode&quot;:&quot;763291&quot;,&quot;userid&quot;:&quot;Zkr5GwJhXN3dOEP2fImf&quot;,&quot;id&quot;:&quot;nuiK0DPqiTEpIAf6frFQ&quot;},{&quot;accountno&quot;:&quot;88884491&quot;,&quot;departmentno&quot;:&quot;1&quot;,&quot;salary&quot;:&quot;4000&quot;,&quot;pincode&quot;:&quot;763291&quot;,&quot;userid&quot;:&quot;Zkr5GwJhXN3dOEP2fImf&quot;,&quot;id&quot;:&quot;ZMSYzhzNeXeBYTX7q58V&quot;},{&quot;accountno&quot;:&quot;88884491&quot;,&quot;departmentno&quot;:&quot;1&quot;,&quot;salary&quot;:&quot;4000&quot;,&quot;pincode&quot;:&quot;763291&quot;,&quot;userid&quot;:&quot;Zkr5GwJhXN3dOEP2fImf&quot;,&quot;id&quot;:&quot;4QlmKV3VfMuHROkVSlFZ&quot;},{&quot;accountno&quot;:&quot;99999123&quot;,&quot;departmentno&quot;:&quot;1&quot;,&quot;salary&quot;:&quot;5333&quot;,&quot;pincode&quot;:&quot;901234&quot;,&quot;userid&quot;:&quot;Zkr5GwJhXN3dOEP2fImf&quot;,&quot;id&quot;:&quot;k9ur3v4BKwkqfDUbxJPh&quot;},{&quot;accountno&quot;:&quot;88884491&quot;,&quot;departmentno&quot;:&quot;1&quot;,&quot;salary&quot;:&quot;4000&quot;,&quot;pincode&quot;:&quot;763291&quot;,&quot;userid&quot;:&quot;Zkr5GwJhXN3dOEP2fImf&quot;,&quot;id&quot;:&quot;MjzcGTRrUVC9y6QB08HN&quot;},{&quot;accountno&quot;:&quot;88884491&quot;,&quot;departmentno&quot;:&quot;1&quot;,&quot;salary&quot;:&quot;4000&quot;,&quot;pincode&quot;:&quot;763291&quot;,&quot;userid&quot;:&quot;Zkr5GwJhXN3dOEP2fImf&quot;,&quot;id&quot;:&quot;hL7W6npztf3XiGXm3jrO&quot;},{&quot;accountno&quot;:&quot;88884491&quot;,&quot;departmentno&quot;:&quot;1&quot;,&quot;salary&quot;:&quot;4000&quot;,&quot;pincode&quot;:&quot;763291&quot;,&quot;userid&quot;:&quot;Zkr5GwJhXN3dOEP2fImf&quot;,&quot;id&quot;:&quot;aXyt7Pv7kN40lPAQggdC&quot;},{&quot;accountno&quot;:&quot;88884491&quot;,&quot;departmentno&quot;:1,&quot;salary&quot;:4008,&quot;pincode&quot;:763291,&quot;userid&quot;:&quot;Zkr5GwJhXN3dOEP2fImf&quot;,&quot;id&quot;:&quot;oVDQjwEzo58lYrKpyKp7&quot;},{&quot;accountno&quot;:&quot;88884491&quot;,&quot;departmentno&quot;:&quot;1&quot;,&quot;salary&quot;:&quot;4000&quot;,&quot;pincode&quot;:&quot;763291&quot;,&quot;userid&quot;:&quot;Zkr5GwJhXN3dOEP2fImf&quot;,&quot;id&quot;:&quot;ezJ77Paelt3bavbA5p4z&quot;},{&quot;accountno&quot;:&quot;88884491&quot;,&quot;departmentno&quot;:&quot;1&quot;,&quot;salary&quot;:&quot;4000&quot;,&quot;pincode&quot;:&quot;763291&quot;,&quot;userid&quot;:&quot;Zkr5GwJhXN3dOEP2fImf&quot;,&quot;id&quot;:&quot;4mWvI5YYilRWG7BMnq7b&quot;},{&quot;accountno&quot;:&quot;88884491&quot;,&quot;departmentno&quot;:&quot;1&quot;,&quot;salary&quot;:&quot;4000&quot;,&quot;pincode&quot;:&quot;763291&quot;,&quot;userid&quot;:&quot;Zkr5GwJhXN3dOEP2fImf&quot;,&quot;id&quot;:&quot;HPZahCsYlkthlMONoovG&quot;},{&quot;accountno&quot;:&quot;88884491&quot;,&quot;departmentno&quot;:2,&quot;salary&quot;:4000,&quot;pincode&quot;:763291,&quot;userid&quot;:&quot;Zkr5GwJhXN3dOEP2fImf&quot;,&quot;id&quot;:&quot;tp6nweE3mNvag1xA0WwZ&quot;},{&quot;accountno&quot;:&quot;86540333&quot;,&quot;departmentno&quot;:&quot;2&quot;,&quot;salary&quot;:&quot;34344&quot;,&quot;pincode&quot;:&quot;123056&quot;,&quot;userid&quot;:&quot;vPjmLlrUuG6vuxphh19Q&quot;,&quot;id&quot;:&quot;VfBv9pYKKOxShUg69N6Y&quot;},{&quot;accountno&quot;:&quot;99999123&quot;,&quot;departmentno&quot;:&quot;1&quot;,&quot;salary&quot;:&quot;5333&quot;,&quot;pincode&quot;:&quot;901234&quot;,&quot;userid&quot;:&quot;Zkr5GwJhXN3dOEP2fImf&quot;,&quot;id&quot;:&quot;kq0f8IMBfuPQx1JUpTkM&quot;},{&quot;accountno&quot;:&quot;88884491&quot;,&quot;departmentno&quot;:&quot;1&quot;,&quot;salary&quot;:&quot;4000&quot;,&quot;pincode&quot;:&quot;763291&quot;,&quot;userid&quot;:&quot;Zkr5GwJhXN3dOEP2fImf&quot;,&quot;id&quot;:&quot;1YyzRC40Nrbj3b5pWYde&quot;},{&quot;accountno&quot;:&quot;99999123&quot;,&quot;departmentno&quot;:&quot;1&quot;,&quot;salary&quot;:&quot;5333&quot;,&quot;pincode&quot;:&quot;901234&quot;,&quot;userid&quot;:&quot;ngo3TXLYVKKH46xyo6zn&quot;,&quot;id&quot;:&quot;Cf5SrSJ3JbwIpx7p1KEj&quot;},{&quot;accountno&quot;:&quot;88884491&quot;,&quot;departmentno&quot;:&quot;1&quot;,&quot;salary&quot;:&quot;4000&quot;,&quot;pincode&quot;:&quot;763291&quot;,&quot;userid&quot;:&quot;Zkr5GwJhXN3dOEP2fImf&quot;,&quot;id&quot;:&quot;EPiqRTVrubNYH4lpaXgd&quot;},{&quot;accountno&quot;:&quot;88888888&quot;,&quot;departmentno&quot;:7,&quot;salary&quot;:4444,&quot;pincode&quot;:123456,&quot;userid&quot;:&quot;ngo3TXLYVKKH46xyo6zn&quot;,&quot;id&quot;:&quot;PaY4VYhHJAOmiOnjE2UV&quot;},{&quot;accountno&quot;:&quot;88884496&quot;,&quot;departmentno&quot;:1,&quot;salary&quot;:4000,&quot;pincode&quot;:763291,&quot;userid&quot;:&quot;Zkr5GwJhXN3dOEP2fImf&quot;,&quot;id&quot;:&quot;Jh9PMIm6C7mGZoSL1DTX&quot;},{&quot;accountno&quot;:&quot;88884491&quot;,&quot;departmentno&quot;:&quot;1&quot;,&quot;salary&quot;:&quot;4000&quot;,&quot;pincode&quot;:&quot;763291&quot;,&quot;userid&quot;:&quot;Zkr5GwJhXN3dOEP2fImf&quot;,&quot;id&quot;:&quot;fNtYOsCYKQOKoA9ScX8q&quot;},{&quot;accountno&quot;:&quot;44343434&quot;,&quot;departmentno&quot;:&quot;2&quot;,&quot;salary&quot;:&quot;21313&quot;,&quot;pincode&quot;:&quot;121212&quot;,&quot;userid&quot;:&quot;ngo3TXLYVKKH46xyo6zn&quot;,&quot;id&quot;:&quot;EDhIi9qY2gVZLsoPltHn&quot;},{&quot;accountno&quot;:&quot;10203040B&quot;,&quot;departmentno&quot;:&quot;1&quot;,&quot;salary&quot;:&quot;102,030&quot;,&quot;pincode&quot;:&quot;95136&quot;,&quot;userid&quot;:&quot;y4EGNLRjrgtEjC6KVUVR&quot;,&quot;id&quot;:&quot;4VreQjXJfVdc27fHi5C6&quot;},{&quot;accountno&quot;:&quot;10203040B&quot;,&quot;departmentno&quot;:&quot;1&quot;,&quot;salary&quot;:&quot;102,030&quot;,&quot;pincode&quot;:&quot;95136&quot;,&quot;userid&quot;:&quot;y4EGNLRjrgtEjC6KVUVR&quot;,&quot;id&quot;:&quot;NUTjGtZ82mcbpqdJyEEU&quot;},{&quot;accountno&quot;:&quot;90909090&quot;,&quot;departmentno&quot;:&quot;5&quot;,&quot;salary&quot;:&quot;5678&quot;,&quot;pincode&quot;:&quot;345678&quot;,&quot;userid&quot;:&quot;nUf87k2SXNyiDE32Mghy&quot;,&quot;id&quot;:&quot;arGuAjTsj4uThMJlxJRU&quot;},{&quot;accountno&quot;:&quot;40440440&quot;,&quot;departmentno&quot;:&quot;1&quot;,&quot;salary&quot;:&quot;700000&quot;,&quot;pincode&quot;:&quot;852490&quot;,&quot;userid&quot;:&quot;y4EGNLRjrgtEjC6KVUVR&quot;,&quot;id&quot;:&quot;ILi6PFlCshBs7FKrHfOB&quot;},{&quot;accountno&quot;:&quot;90909090&quot;,&quot;departmentno&quot;:&quot;5&quot;,&quot;salary&quot;:&quot;5678&quot;,&quot;pincode&quot;:&quot;345678&quot;,&quot;userid&quot;:&quot;nUf87k2SXNyiDE32Mghy&quot;,&quot;id&quot;:&quot;RMAR5kd1kKjHVofwsnTA&quot;},{&quot;accountno&quot;:&quot;90909090&quot;,&quot;departmentno&quot;:&quot;5&quot;,&quot;salary&quot;:&quot;5678&quot;,&quot;pincode&quot;:&quot;345678&quot;,&quot;userid&quot;:&quot;nUf87k2SXNyiDE32Mghy&quot;,&quot;id&quot;:&quot;uBEdO9HMHU6SRXnihtO6&quot;},{&quot;accountno&quot;:&quot;90909090&quot;,&quot;departmentno&quot;:&quot;5&quot;,&quot;salary&quot;:&quot;5678&quot;,&quot;pincode&quot;:&quot;345678&quot;,&quot;userid&quot;:&quot;nUf87k2SXNyiDE32Mghy&quot;,&quot;id&quot;:&quot;wBM9ZRH2xm5bdwwZSYog&quot;},{&quot;accountno&quot;:&quot;33232323&quot;,&quot;departmentno&quot;:&quot;2&quot;,&quot;salary&quot;:&quot;23&quot;,&quot;pincode&quot;:&quot;232323&quot;,&quot;userid&quot;:&quot;ngo3TXLYVKKH46xyo6zn&quot;,&quot;id&quot;:&quot;uJUpNDiFtUdGMOAecZJF&quot;},{&quot;accountno&quot;:&quot;33333333&quot;,&quot;departmentno&quot;:&quot;3&quot;,&quot;salary&quot;:&quot;33333&quot;,&quot;pincode&quot;:&quot;100016&quot;,&quot;userid&quot;:&quot;W6vNYCLbnLEIGcqkCT23&quot;,&quot;id&quot;:&quot;j9Ygt38DcFw8M07JisCf&quot;},{&quot;accountno&quot;:&quot;35353535&quot;,&quot;departmentno&quot;:&quot;2&quot;,&quot;salary&quot;:&quot;3&quot;,&quot;pincode&quot;:&quot;343434&quot;,&quot;userid&quot;:&quot;ngo3TXLYVKKH46xyo6zn&quot;,&quot;id&quot;:&quot;wsdEOJaUuMuIRrx01UGZ&quot;},{&quot;accountno&quot;:&quot;35353535&quot;,&quot;departmentno&quot;:&quot;2&quot;,&quot;salary&quot;:&quot;3&quot;,&quot;pincode&quot;:&quot;343434&quot;,&quot;userid&quot;:&quot;ngo3TXLYVKKH46xyo6zn&quot;,&quot;id&quot;:&quot;fHmJXzICnDcrDJ9013UN&quot;},{&quot;accountno&quot;:&quot;35353535&quot;,&quot;departmentno&quot;:&quot;2&quot;,&quot;salary&quot;:&quot;3&quot;,&quot;pincode&quot;:&quot;343434&quot;,&quot;userid&quot;:&quot;ngo3TXLYVKKH46xyo6zn&quot;,&quot;id&quot;:&quot;Wr3B3WR1YEJ2BITprmZI&quot;},{&quot;accountno&quot;:&quot;35353535&quot;,&quot;departmentno&quot;:&quot;2&quot;,&quot;salary&quot;:&quot;3&quot;,&quot;pincode&quot;:&quot;343434&quot;,&quot;userid&quot;:&quot;ngo3TXLYVKKH46xyo6zn&quot;,&quot;id&quot;:&quot;wccEvlDqOfa05zaCt6Sf&quot;},{&quot;accountno&quot;:&quot;35353535&quot;,&quot;departmentno&quot;:&quot;2&quot;,&quot;salary&quot;:&quot;3&quot;,&quot;pincode&quot;:&quot;343434&quot;,&quot;userid&quot;:&quot;ngo3TXLYVKKH46xyo6zn&quot;,&quot;id&quot;:&quot;LKufgMRCCiGstb1SM3qV&quot;},{&quot;accountno&quot;:&quot;34343434&quot;,&quot;departmentno&quot;:&quot;2&quot;,&quot;salary&quot;:&quot;3&quot;,&quot;pincode&quot;:&quot;343434&quot;,&quot;userid&quot;:&quot;ngo3TXLYVKKH46xyo6zn&quot;,&quot;id&quot;:&quot;2KzufNRMENeUdSoQ8v6R&quot;},{&quot;accountno&quot;:&quot;11111511&quot;,&quot;departmentno&quot;:&quot;1&quot;,&quot;salary&quot;:&quot;50000&quot;,&quot;pincode&quot;:&quot;750680&quot;,&quot;userid&quot;:&quot;Tq0x3VBTGmejU4cjTUV1&quot;,&quot;id&quot;:&quot;FZLnOrRYOuEv55ng1wGA&quot;},{&quot;accountno&quot;:&quot;11111511&quot;,&quot;departmentno&quot;:&quot;1&quot;,&quot;salary&quot;:&quot;50000&quot;,&quot;pincode&quot;:&quot;750680&quot;,&quot;userid&quot;:&quot;Tq0x3VBTGmejU4cjTUV1&quot;,&quot;id&quot;:&quot;0sXYGU2acWCqvqN0H0Ji&quot;},{&quot;accountno&quot;:&quot;345430&quot;,&quot;departmentno&quot;:&quot;5&quot;,&quot;salary&quot;:&quot;5000&quot;,&quot;pincode&quot;:&quot;543212&quot;,&quot;userid&quot;:&quot;Tq0x3VBTGmejU4cjTUV1&quot;,&quot;id&quot;:&quot;Y3KvajL36GmwmCkiXEKz&quot;},{&quot;accountno&quot;:&quot;345439&quot;,&quot;departmentno&quot;:&quot;5&quot;,&quot;salary&quot;:&quot;5000&quot;,&quot;pincode&quot;:&quot;543212&quot;,&quot;userid&quot;:&quot;Tq0x3VBTGmejU4cjTUV1&quot;,&quot;id&quot;:&quot;xLmZ6kIj1rKYZjzA2VFQ&quot;},{&quot;accountno&quot;:&quot;345439&quot;,&quot;departmentno&quot;:&quot;5&quot;,&quot;salary&quot;:&quot;5000&quot;,&quot;pincode&quot;:&quot;543212&quot;,&quot;userid&quot;:&quot;Tq0x3VBTGmejU4cjTUV1&quot;,&quot;id&quot;:&quot;aM5wGet6BKZlO7POytpt&quot;},{&quot;accountno&quot;:&quot;88884491&quot;,&quot;departmentno&quot;:&quot;1&quot;,&quot;salary&quot;:&quot;4000&quot;,&quot;pincode&quot;:&quot;763291&quot;,&quot;userid&quot;:&quot;Zkr5GwJhXN3dOEP2fImf&quot;,&quot;id&quot;:&quot;lUzjiL8MM9Gb3QHaHBuz&quot;},{&quot;accountno&quot;:&quot;88884491&quot;,&quot;departmentno&quot;:&quot;1&quot;,&quot;salary&quot;:&quot;4000&quot;,&quot;pincode&quot;:&quot;763291&quot;,&quot;userid&quot;:&quot;Zkr5GwJhXN3dOEP2fImf&quot;,&quot;id&quot;:&quot;TGPenagN9gqsBYj8a8vE&quot;},{&quot;accountno&quot;:&quot;88884491&quot;,&quot;departmentno&quot;:&quot;1&quot;,&quot;salary&quot;:&quot;4000&quot;,&quot;pincode&quot;:&quot;763291&quot;,&quot;userid&quot;:&quot;Zkr5GwJhXN3dOEP2fImf&quot;,&quot;id&quot;:&quot;K8dvI3zmZrMdSLrGbL1P&quot;},{&quot;accountno&quot;:&quot;88884491&quot;,&quot;departmentno&quot;:&quot;1&quot;,&quot;salary&quot;:&quot;4000&quot;,&quot;pincode&quot;:&quot;763291&quot;,&quot;userid&quot;:&quot;Zkr5GwJhXN3dOEP2fImf&quot;,&quot;id&quot;:&quot;eBPVaTIOkXjgwxLPajsC&quot;},{&quot;accountno&quot;:&quot;88884491&quot;,&quot;departmentno&quot;:&quot;1&quot;,&quot;salary&quot;:&quot;4000&quot;,&quot;pincode&quot;:&quot;763291&quot;,&quot;userid&quot;:&quot;Zkr5GwJhXN3dOEP2fImf&quot;,&quot;id&quot;:&quot;TF6MDcfmmti9IldItiPf&quot;},{&quot;accountno&quot;:&quot;88884491&quot;,&quot;departmentno&quot;:&quot;1&quot;,&quot;salary&quot;:&quot;4000&quot;,&quot;pincode&quot;:&quot;763291&quot;,&quot;userid&quot;:&quot;Zkr5GwJhXN3dOEP2fImf&quot;,&quot;id&quot;:&quot;WeBBeoKsMLTAK9qk68x7&quot;},{&quot;accountno&quot;:&quot;88884491&quot;,&quot;departmentno&quot;:&quot;1&quot;,&quot;salary&quot;:&quot;4000&quot;,&quot;pincode&quot;:&quot;763291&quot;,&quot;userid&quot;:&quot;Zkr5GwJhXN3dOEP2fImf&quot;,&quot;id&quot;:&quot;khnjEF0tVqSMOnuCRBnQ&quot;},{&quot;accountno&quot;:&quot;88884491&quot;,&quot;departmentno&quot;:&quot;1&quot;,&quot;salary&quot;:&quot;4000&quot;,&quot;pincode&quot;:&quot;763291&quot;,&quot;userid&quot;:&quot;Zkr5GwJhXN3dOEP2fImf&quot;,&quot;id&quot;:&quot;nJ9dJLThDzCwrit4f5aO&quot;},{&quot;accountno&quot;:&quot;88884491&quot;,&quot;departmentno&quot;:&quot;1&quot;,&quot;salary&quot;:&quot;4000&quot;,&quot;pincode&quot;:&quot;763291&quot;,&quot;userid&quot;:&quot;Zkr5GwJhXN3dOEP2fImf&quot;,&quot;id&quot;:&quot;t6X1PTxBv2EXMmBfNZqE&quot;},{&quot;accountno&quot;:&quot;88884491&quot;,&quot;departmentno&quot;:&quot;1&quot;,&quot;salary&quot;:&quot;4000&quot;,&quot;pincode&quot;:&quot;763291&quot;,&quot;userid&quot;:&quot;Zkr5GwJhXN3dOEP2fImf&quot;,&quot;id&quot;:&quot;EdQATsg98xbqcweL8rkB&quot;},{&quot;accountno&quot;:&quot;88884491&quot;,&quot;departmentno&quot;:&quot;1&quot;,&quot;salary&quot;:&quot;4000&quot;,&quot;pincode&quot;:&quot;763291&quot;,&quot;userid&quot;:&quot;Zkr5GwJhXN3dOEP2fImf&quot;,&quot;id&quot;:&quot;ZabvX5umCrONtnBs2vdZ&quot;},{&quot;accountno&quot;:&quot;88884491&quot;,&quot;departmentno&quot;:&quot;1&quot;,&quot;salary&quot;:&quot;4000&quot;,&quot;pincode&quot;:&quot;763291&quot;,&quot;userid&quot;:&quot;Zkr5GwJhXN3dOEP2fImf&quot;,&quot;id&quot;:&quot;TaJ9MWgSPjf7TUoLeXBT&quot;},{&quot;accountno&quot;:&quot;88884491&quot;,&quot;departmentno&quot;:&quot;1&quot;,&quot;salary&quot;:&quot;4000&quot;,&quot;pincode&quot;:&quot;763291&quot;,&quot;userid&quot;:&quot;Zkr5GwJhXN3dOEP2fImf&quot;,&quot;id&quot;:&quot;Mp2vfVvLIVXZbeBgyAFt&quot;},{&quot;accountno&quot;:&quot;88884491&quot;,&quot;departmentno&quot;:&quot;1&quot;,&quot;salary&quot;:&quot;4000&quot;,&quot;pincode&quot;:&quot;763291&quot;,&quot;userid&quot;:&quot;Zkr5GwJhXN3dOEP2fImf&quot;,&quot;id&quot;:&quot;yU328cM6Vx3BEBR9VGQP&quot;},{&quot;accountno&quot;:&quot;88884491&quot;,&quot;departmentno&quot;:&quot;1&quot;,&quot;salary&quot;:&quot;4000&quot;,&quot;pincode&quot;:&quot;763291&quot;,&quot;userid&quot;:&quot;Zkr5GwJhXN3dOEP2fImf&quot;,&quot;id&quot;:&quot;MjcJWtahX9rpYhZK91Np&quot;},{&quot;accountno&quot;:&quot;88884491&quot;,&quot;departmentno&quot;:&quot;1&quot;,&quot;salary&quot;:&quot;4000&quot;,&quot;pincode&quot;:&quot;763291&quot;,&quot;userid&quot;:&quot;Zkr5GwJhXN3dOEP2fImf&quot;,&quot;id&quot;:&quot;uVEvSBApd2ZJAcqpSKPa&quot;},{&quot;accountno&quot;:&quot;88884491&quot;,&quot;departmentno&quot;:&quot;1&quot;,&quot;salary&quot;:&quot;4000&quot;,&quot;pincode&quot;:&quot;763291&quot;,&quot;userid&quot;:&quot;Zkr5GwJhXN3dOEP2fImf&quot;,&quot;id&quot;:&quot;2lpX96liV27z8M0t0OKy&quot;},{&quot;accountno&quot;:&quot;88884491&quot;,&quot;departmentno&quot;:&quot;1&quot;,&quot;salary&quot;:&quot;4000&quot;,&quot;pincode&quot;:&quot;763291&quot;,&quot;userid&quot;:&quot;Zkr5GwJhXN3dOEP2fImf&quot;,&quot;id&quot;:&quot;j9RtDRzqiKJ8rk26DlA4&quot;},{&quot;accountno&quot;:&quot;88884491&quot;,&quot;departmentno&quot;:&quot;1&quot;,&quot;salary&quot;:&quot;4000&quot;,&quot;pincode&quot;:&quot;763291&quot;,&quot;userid&quot;:&quot;Zkr5GwJhXN3dOEP2fImf&quot;,&quot;id&quot;:&quot;RQwbl0LO9iVRagTIK1FI&quot;},{&quot;accountno&quot;:&quot;88884491&quot;,&quot;departmentno&quot;:&quot;1&quot;,&quot;salary&quot;:&quot;4000&quot;,&quot;pincode&quot;:&quot;763291&quot;,&quot;userid&quot;:&quot;Zkr5GwJhXN3dOEP2fImf&quot;,&quot;id&quot;:&quot;75Zr8RsiA9GO1VRblZCO&quot;},{&quot;accountno&quot;:&quot;88884491&quot;,&quot;departmentno&quot;:&quot;1&quot;,&quot;salary&quot;:&quot;4000&quot;,&quot;pincode&quot;:&quot;763291&quot;,&quot;userid&quot;:&quot;Zkr5GwJhXN3dOEP2fImf&quot;,&quot;id&quot;:&quot;ClRqPiumxTnifahSPvcy&quot;},{&quot;accountno&quot;:&quot;88884491&quot;,&quot;departmentno&quot;:&quot;1&quot;,&quot;salary&quot;:&quot;4000&quot;,&quot;pincode&quot;:&quot;763291&quot;,&quot;userid&quot;:&quot;Zkr5GwJhXN3dOEP2fImf&quot;,&quot;id&quot;:&quot;KpcQSltwgPXC0lgAPcfw&quot;},{&quot;accountno&quot;:&quot;88884491&quot;,&quot;departmentno&quot;:&quot;1&quot;,&quot;salary&quot;:&quot;4000&quot;,&quot;pincode&quot;:&quot;763291&quot;,&quot;userid&quot;:&quot;Zkr5GwJhXN3dOEP2fImf&quot;,&quot;id&quot;:&quot;4lqSvcRrPqEClnz9XeAv&quot;},{&quot;accountno&quot;:&quot;88884491&quot;,&quot;departmentno&quot;:&quot;1&quot;,&quot;salary&quot;:&quot;4000&quot;,&quot;pincode&quot;:&quot;763291&quot;,&quot;userid&quot;:&quot;Zkr5GwJhXN3dOEP2fImf&quot;,&quot;id&quot;:&quot;TA7uLC2h2yQi5jyhg1lV&quot;},{&quot;accountno&quot;:&quot;88884491&quot;,&quot;departmentno&quot;:&quot;1&quot;,&quot;salary&quot;:&quot;4000&quot;,&quot;pincode&quot;:&quot;763291&quot;,&quot;userid&quot;:&quot;Zkr5GwJhXN3dOEP2fImf&quot;,&quot;id&quot;:&quot;7QX5oC8RsEEugALoA2CM&quot;},{&quot;accountno&quot;:&quot;88884491&quot;,&quot;departmentno&quot;:&quot;1&quot;,&quot;salary&quot;:&quot;4000&quot;,&quot;pincode&quot;:&quot;763291&quot;,&quot;userid&quot;:&quot;Zkr5GwJhXN3dOEP2fImf&quot;,&quot;id&quot;:&quot;TvAAlGJxRm8fZRriEkAs&quot;},{&quot;accountno&quot;:&quot;88884491&quot;,&quot;departmentno&quot;:&quot;1&quot;,&quot;salary&quot;:&quot;4000&quot;,&quot;pincode&quot;:&quot;763291&quot;,&quot;userid&quot;:&quot;Zkr5GwJhXN3dOEP2fImf&quot;,&quot;id&quot;:&quot;4SOEjYxGLyhEq3u8RdLs&quot;},{&quot;accountno&quot;:&quot;88884491&quot;,&quot;departmentno&quot;:&quot;1&quot;,&quot;salary&quot;:&quot;4000&quot;,&quot;pincode&quot;:&quot;763291&quot;,&quot;userid&quot;:&quot;Zkr5GwJhXN3dOEP2fImf&quot;,&quot;id&quot;:&quot;zfRFORD6SgpmzyB1ay79&quot;},{&quot;accountno&quot;:&quot;88884491&quot;,&quot;departmentno&quot;:&quot;1&quot;,&quot;salary&quot;:&quot;4000&quot;,&quot;pincode&quot;:&quot;763291&quot;,&quot;userid&quot;:&quot;Zkr5GwJhXN3dOEP2fImf&quot;,&quot;id&quot;:&quot;G6xlXqhUzVABb7yQ6UrH&quot;},{&quot;accountno&quot;:&quot;88884491&quot;,&quot;departmentno&quot;:&quot;1&quot;,&quot;salary&quot;:&quot;4000&quot;,&quot;pincode&quot;:&quot;763291&quot;,&quot;userid&quot;:&quot;Zkr5GwJhXN3dOEP2fImf&quot;,&quot;id&quot;:&quot;CPGUOsf8TSYJQaNxaogh&quot;},{&quot;accountno&quot;:&quot;88884491&quot;,&quot;departmentno&quot;:&quot;1&quot;,&quot;salary&quot;:&quot;4000&quot;,&quot;pincode&quot;:&quot;763291&quot;,&quot;userid&quot;:&quot;Zkr5GwJhXN3dOEP2fImf&quot;,&quot;id&quot;:&quot;SzuQdDd3uqnnP799iEtD&quot;},{&quot;accountno&quot;:&quot;88884491&quot;,&quot;departmentno&quot;:&quot;1&quot;,&quot;salary&quot;:&quot;4000&quot;,&quot;pincode&quot;:&quot;763291&quot;,&quot;userid&quot;:&quot;Zkr5GwJhXN3dOEP2fImf&quot;,&quot;id&quot;:&quot;6s5r2Qigh4j1TASHyI5f&quot;},{&quot;accountno&quot;:&quot;88884491&quot;,&quot;departmentno&quot;:&quot;1&quot;,&quot;salary&quot;:&quot;4000&quot;,&quot;pincode&quot;:&quot;763291&quot;,&quot;userid&quot;:&quot;Zkr5GwJhXN3dOEP2fImf&quot;,&quot;id&quot;:&quot;fasYondZhNcgz2ikMYgP&quot;},{&quot;accountno&quot;:&quot;88884491&quot;,&quot;departmentno&quot;:&quot;1&quot;,&quot;salary&quot;:&quot;4000&quot;,&quot;pincode&quot;:&quot;763291&quot;,&quot;userid&quot;:&quot;Zkr5GwJhXN3dOEP2fImf&quot;,&quot;id&quot;:&quot;kbMDHAW5SHzIa3ZjKIhj&quot;},{&quot;accountno&quot;:&quot;88884491&quot;,&quot;departmentno&quot;:&quot;1&quot;,&quot;salary&quot;:&quot;4000&quot;,&quot;pincode&quot;:&quot;763291&quot;,&quot;userid&quot;:&quot;Zkr5GwJhXN3dOEP2fImf&quot;,&quot;id&quot;:&quot;eu09Ocy64wQh0yHZY9dF&quot;},{&quot;accountno&quot;:&quot;88884491&quot;,&quot;departmentno&quot;:&quot;1&quot;,&quot;salary&quot;:&quot;4000&quot;,&quot;pincode&quot;:&quot;763291&quot;,&quot;userid&quot;:&quot;Zkr5GwJhXN3dOEP2fImf&quot;,&quot;id&quot;:&quot;ETWgP5ykyAS5voWdxQnH&quot;},{&quot;accountno&quot;:&quot;88884491&quot;,&quot;departmentno&quot;:&quot;1&quot;,&quot;salary&quot;:&quot;4000&quot;,&quot;pincode&quot;:&quot;763291&quot;,&quot;userid&quot;:&quot;Zkr5GwJhXN3dOEP2fImf&quot;,&quot;id&quot;:&quot;uHLKCOXFI0Fcf1KsEl5Q&quot;},{&quot;accountno&quot;:&quot;88884491&quot;,&quot;departmentno&quot;:&quot;1&quot;,&quot;salary&quot;:&quot;4000&quot;,&quot;pincode&quot;:&quot;763291&quot;,&quot;userid&quot;:&quot;Zkr5GwJhXN3dOEP2fImf&quot;,&quot;id&quot;:&quot;IOA2UFZMQ2LOIr4yOMS5&quot;},{&quot;accountno&quot;:&quot;88884491&quot;,&quot;departmentno&quot;:&quot;1&quot;,&quot;salary&quot;:&quot;4000&quot;,&quot;pincode&quot;:&quot;763291&quot;,&quot;userid&quot;:&quot;Zkr5GwJhXN3dOEP2fImf&quot;,&quot;id&quot;:&quot;JHMqdxePDzSIpXp3ebCf&quot;},{&quot;accountno&quot;:&quot;88884491&quot;,&quot;departmentno&quot;:&quot;1&quot;,&quot;salary&quot;:&quot;4000&quot;,&quot;pincode&quot;:&quot;763291&quot;,&quot;userid&quot;:&quot;Zkr5GwJhXN3dOEP2fImf&quot;,&quot;id&quot;:&quot;UiHiaMckOODULd85yP3K&quot;},{&quot;accountno&quot;:&quot;88884491&quot;,&quot;departmentno&quot;:&quot;1&quot;,&quot;salary&quot;:&quot;4000&quot;,&quot;pincode&quot;:&quot;763291&quot;,&quot;userid&quot;:&quot;Zkr5GwJhXN3dOEP2fImf&quot;,&quot;id&quot;:&quot;nNTRJHEvX4JQacvpNybv&quot;},{&quot;accountno&quot;:&quot;88884491&quot;,&quot;departmentno&quot;:&quot;1&quot;,&quot;salary&quot;:&quot;4000&quot;,&quot;pincode&quot;:&quot;763291&quot;,&quot;userid&quot;:&quot;Zkr5GwJhXN3dOEP2fImf&quot;,&quot;id&quot;:&quot;fvUPLPIAR3IbYCp2wubF&quot;},{&quot;accountno&quot;:&quot;88884491&quot;,&quot;departmentno&quot;:&quot;1&quot;,&quot;salary&quot;:&quot;4000&quot;,&quot;pincode&quot;:&quot;763291&quot;,&quot;userid&quot;:&quot;Zkr5GwJhXN3dOEP2fImf&quot;,&quot;id&quot;:&quot;QH2cqy5Ep47O1Jw8Wj90&quot;},{&quot;accountno&quot;:&quot;88884491&quot;,&quot;departmentno&quot;:&quot;1&quot;,&quot;salary&quot;:&quot;4000&quot;,&quot;pincode&quot;:&quot;763291&quot;,&quot;userid&quot;:&quot;Zkr5GwJhXN3dOEP2fImf&quot;,&quot;id&quot;:&quot;Ma4LJBjrpuYoNscYRDFy&quot;},{&quot;accountno&quot;:&quot;88884491&quot;,&quot;departmentno&quot;:&quot;1&quot;,&quot;salary&quot;:&quot;4000&quot;,&quot;pincode&quot;:&quot;763291&quot;,&quot;userid&quot;:&quot;Zkr5GwJhXN3dOEP2fImf&quot;,&quot;id&quot;:&quot;eBHPKZZSdMxePuvo5Ilo&quot;},{&quot;accountno&quot;:&quot;88884491&quot;,&quot;departmentno&quot;:&quot;1&quot;,&quot;salary&quot;:&quot;4000&quot;,&quot;pincode&quot;:&quot;763291&quot;,&quot;userid&quot;:&quot;Zkr5GwJhXN3dOEP2fImf&quot;,&quot;id&quot;:&quot;9TW6M0JmwU5Txvskbqu5&quot;},{&quot;accountno&quot;:&quot;88884491&quot;,&quot;departmentno&quot;:&quot;1&quot;,&quot;salary&quot;:&quot;4000&quot;,&quot;pincode&quot;:&quot;763291&quot;,&quot;userid&quot;:&quot;Zkr5GwJhXN3dOEP2fImf&quot;,&quot;id&quot;:&quot;68nBnsVrVCdayx2if8Np&quot;},{&quot;accountno&quot;:&quot;88884491&quot;,&quot;departmentno&quot;:&quot;1&quot;,&quot;salary&quot;:&quot;4000&quot;,&quot;pincode&quot;:&quot;763291&quot;,&quot;userid&quot;:&quot;Zkr5GwJhXN3dOEP2fImf&quot;,&quot;id&quot;:&quot;2HYtUjw617P5pbZSghqK&quot;},{&quot;accountno&quot;:&quot;88884491&quot;,&quot;departmentno&quot;:&quot;1&quot;,&quot;salary&quot;:&quot;4000&quot;,&quot;pincode&quot;:&quot;763291&quot;,&quot;userid&quot;:&quot;Zkr5GwJhXN3dOEP2fImf&quot;,&quot;id&quot;:&quot;UeMap3m8NCqvP9uWSmlv&quot;},{&quot;accountno&quot;:&quot;88854491&quot;,&quot;departmentno&quot;:&quot;1&quot;,&quot;salary&quot;:&quot;4000&quot;,&quot;pincode&quot;:&quot;763291&quot;,&quot;userid&quot;:&quot;Zkr5GwJhXN3dOEP2fImf&quot;,&quot;id&quot;:&quot;nZDhvRKqwEO25WwoSOMX&quot;},{&quot;accountno&quot;:&quot;23430232&quot;,&quot;departmentno&quot;:&quot;2&quot;,&quot;salary&quot;:&quot;3232&quot;,&quot;pincode&quot;:&quot;434322&quot;,&quot;userid&quot;:&quot;Zkr5GwJhXN3dOEP2fImf&quot;,&quot;id&quot;:&quot;CIyDfELsBHXsVq30GayY&quot;},{&quot;accountno&quot;:&quot;88854490&quot;,&quot;departmentno&quot;:&quot;1&quot;,&quot;salary&quot;:&quot;4000&quot;,&quot;pincode&quot;:&quot;763291&quot;,&quot;userid&quot;:&quot;Zkr5GwJhXN3dOEP2fImf&quot;,&quot;id&quot;:&quot;z1RLZlaomRTnFdj9rLIG&quot;},{&quot;accountno&quot;:&quot;56565657&quot;,&quot;departmentno&quot;:&quot;7&quot;,&quot;salary&quot;:&quot;123456&quot;,&quot;pincode&quot;:&quot;123456&quot;,&quot;userid&quot;:&quot;cdLDqldUxp2AHtLpTiqG&quot;,&quot;id&quot;:&quot;UkAtmxeu4YrbbKNihBxc&quot;},{&quot;accountno&quot;:&quot;11110003&quot;,&quot;departmentno&quot;:&quot;6&quot;,&quot;salary&quot;:&quot;300001&quot;,&quot;pincode&quot;:&quot;3000000&quot;,&quot;userid&quot;:&quot;cdLDqldUxp2AHtLpTiqG&quot;,&quot;id&quot;:&quot;drcmmQHFLwAmWglChA3D&quot;},{&quot;accountno&quot;:&quot;11110002&quot;,&quot;departmentno&quot;:&quot;5&quot;,&quot;salary&quot;:&quot;200001&quot;,&quot;pincode&quot;:&quot;2000000&quot;,&quot;userid&quot;:&quot;cdLDqldUxp2AHtLpTiqG&quot;,&quot;id&quot;:&quot;0omBDgyrfFtb3ZZZqWQv&quot;},{&quot;accountno&quot;:&quot;11110001&quot;,&quot;departmentno&quot;:&quot;4&quot;,&quot;salary&quot;:&quot;100001&quot;,&quot;pincode&quot;:&quot;1000000&quot;,&quot;userid&quot;:&quot;cdLDqldUxp2AHtLpTiqG&quot;,&quot;id&quot;:&quot;V74N6N2W5Dy96JYscNR4&quot;},{&quot;accountno&quot;:&quot;11110001&quot;,&quot;departmentno&quot;:&quot;4&quot;,&quot;salary&quot;:&quot;100001&quot;,&quot;pincode&quot;:&quot;1000000&quot;,&quot;userid&quot;:&quot;cdLDqldUxp2AHtLpTiqG&quot;,&quot;id&quot;:&quot;huupt26eAY4kwGVguzjc&quot;},{&quot;accountno&quot;:&quot;11110001&quot;,&quot;departmentno&quot;:&quot;4&quot;,&quot;salary&quot;:&quot;100001&quot;,&quot;pincode&quot;:&quot;1000000&quot;,&quot;userid&quot;:&quot;cdLDqldUxp2AHtLpTiqG&quot;,&quot;id&quot;:&quot;UgQ3FTIEqwpSz258IXnL&quot;},{&quot;accountno&quot;:&quot;11110001&quot;,&quot;departmentno&quot;:&quot;4&quot;,&quot;salary&quot;:&quot;100001&quot;,&quot;pincode&quot;:&quot;1000000&quot;,&quot;userid&quot;:&quot;cdLDqldUxp2AHtLpTiqG&quot;,&quot;id&quot;:&quot;9l2OOrxHBJ62wcWKqQlp&quot;},{&quot;accountno&quot;:&quot;12445678&quot;,&quot;departmentno&quot;:&quot;1&quot;,&quot;salary&quot;:&quot;124456&quot;,&quot;pincode&quot;:&quot;124456&quot;,&quot;userid&quot;:&quot;wozinFeN6FJBAuFTkkRg&quot;,&quot;id&quot;:&quot;OCpZK8QmcGTBaBZrF0g9&quot;},{&quot;accountno&quot;:&quot;12445678&quot;,&quot;departmentno&quot;:&quot;1&quot;,&quot;salary&quot;:&quot;124456&quot;,&quot;pincode&quot;:&quot;124456&quot;,&quot;userid&quot;:&quot;wozinFeN6FJBAuFTkkRg&quot;,&quot;id&quot;:&quot;qPqfHqP1XkpaoIcK1Aed&quot;},{&quot;accountno&quot;:&quot;12445678&quot;,&quot;departmentno&quot;:&quot;1&quot;,&quot;salary&quot;:&quot;124456&quot;,&quot;pincode&quot;:&quot;124456&quot;,&quot;userid&quot;:&quot;wozinFeN6FJBAuFTkkRg&quot;,&quot;id&quot;:&quot;CNbdFsU1kKu95AQtKsiq&quot;},{&quot;accountno&quot;:&quot;88877770&quot;,&quot;departmentno&quot;:&quot;1&quot;,&quot;salary&quot;:&quot;132&quot;,&quot;pincode&quot;:&quot;123459&quot;,&quot;userid&quot;:&quot;vPjmLlrUuG6vuxphh19Q&quot;,&quot;id&quot;:&quot;zexKOZFlV6XGTDPj39Gc&quot;},{&quot;accountno&quot;:&quot;88877770&quot;,&quot;departmentno&quot;:&quot;1&quot;,&quot;salary&quot;:&quot;132&quot;,&quot;pincode&quot;:&quot;123459&quot;,&quot;userid&quot;:&quot;vPjmLlrUuG6vuxphh19Q&quot;,&quot;id&quot;:&quot;lOgv0olr9AgMtxYOpZ1y&quot;},{&quot;accountno&quot;:&quot;88877770&quot;,&quot;departmentno&quot;:&quot;1&quot;,&quot;salary&quot;:&quot;132&quot;,&quot;pincode&quot;:&quot;123459&quot;,&quot;userid&quot;:&quot;vPjmLlrUuG6vuxphh19Q&quot;,&quot;id&quot;:&quot;pFPXipxYjmQgydkLayKx&quot;},{&quot;accountno&quot;:&quot;88877770&quot;,&quot;departmentno&quot;:&quot;1&quot;,&quot;salary&quot;:&quot;132&quot;,&quot;pincode&quot;:&quot;123459&quot;,&quot;userid&quot;:&quot;vPjmLlrUuG6vuxphh19Q&quot;,&quot;id&quot;:&quot;EwvWzjdX9bYjAA7sD6UC&quot;},{&quot;accountno&quot;:&quot;88877770&quot;,&quot;departmentno&quot;:&quot;1&quot;,&quot;salary&quot;:&quot;132&quot;,&quot;pincode&quot;:&quot;123459&quot;,&quot;userid&quot;:&quot;vPjmLlrUuG6vuxphh19Q&quot;,&quot;id&quot;:&quot;klryFtxw26kUobUpDAi6&quot;},{&quot;accountno&quot;:&quot;88877770&quot;,&quot;departmentno&quot;:&quot;1&quot;,&quot;salary&quot;:&quot;132&quot;,&quot;pincode&quot;:&quot;123459&quot;,&quot;userid&quot;:&quot;vPjmLlrUuG6vuxphh19Q&quot;,&quot;id&quot;:&quot;SdJzuJi3OlJKahLXttvb&quot;},{&quot;accountno&quot;:&quot;88877770&quot;,&quot;departmentno&quot;:&quot;1&quot;,&quot;salary&quot;:&quot;132&quot;,&quot;pincode&quot;:&quot;123459&quot;,&quot;userid&quot;:&quot;vPjmLlrUuG6vuxphh19Q&quot;,&quot;id&quot;:&quot;jsPwuzIAddA58nCKQ1iK&quot;},{&quot;accountno&quot;:&quot;12345678&quot;,&quot;departmentno&quot;:&quot;1&quot;,&quot;salary&quot;:&quot;4567&quot;,&quot;pincode&quot;:&quot;900021&quot;,&quot;userid&quot;:&quot;Ua3IcakByVg8k4sG2OWt&quot;,&quot;id&quot;:&quot;kN1LFHc74Fmid7w37PjJ&quot;},{&quot;accountno&quot;:&quot;12345678&quot;,&quot;departmentno&quot;:&quot;1&quot;,&quot;salary&quot;:&quot;4567&quot;,&quot;pincode&quot;:&quot;900021&quot;,&quot;userid&quot;:&quot;Ua3IcakByVg8k4sG2OWt&quot;,&quot;id&quot;:&quot;AX9DcfhxRHUYkuhNYD9K&quot;},{&quot;accountno&quot;:&quot;88877770&quot;,&quot;departmentno&quot;:&quot;1&quot;,&quot;salary&quot;:&quot;132&quot;,&quot;pincode&quot;:&quot;123459&quot;,&quot;userid&quot;:&quot;vPjmLlrUuG6vuxphh19Q&quot;,&quot;id&quot;:&quot;rsKR5vPlrpKtgYjt4sGN&quot;},{&quot;accountno&quot;:&quot;12345678&quot;,&quot;departmentno&quot;:&quot;1&quot;,&quot;salary&quot;:&quot;4567&quot;,&quot;pincode&quot;:&quot;900021&quot;,&quot;userid&quot;:&quot;Ua3IcakByVg8k4sG2OWt&quot;,&quot;id&quot;:&quot;HaFB0c6oilMjAKygceAZ&quot;},{&quot;accountno&quot;:&quot;12345678&quot;,&quot;departmentno&quot;:&quot;1&quot;,&quot;salary&quot;:&quot;4567&quot;,&quot;pincode&quot;:&quot;900021&quot;,&quot;userid&quot;:&quot;Ua3IcakByVg8k4sG2OWt&quot;,&quot;id&quot;:&quot;CLzpQYj0f2FxqLohNrp1&quot;},{&quot;accountno&quot;:&quot;12345678&quot;,&quot;departmentno&quot;:&quot;1&quot;,&quot;salary&quot;:&quot;4567&quot;,&quot;pincode&quot;:&quot;900021&quot;,&quot;userid&quot;:&quot;Ua3IcakByVg8k4sG2OWt&quot;,&quot;id&quot;:&quot;hMVpYACYEJYd6miqm3Z2&quot;},{&quot;accountno&quot;:&quot;88877770&quot;,&quot;departmentno&quot;:&quot;1&quot;,&quot;salary&quot;:&quot;132&quot;,&quot;pincode&quot;:&quot;123459&quot;,&quot;userid&quot;:&quot;vPjmLlrUuG6vuxphh19Q&quot;,&quot;id&quot;:&quot;xM7mhuowUJUNPcFDZZ4k&quot;},{&quot;accountno&quot;:&quot;98877770&quot;,&quot;departmentno&quot;:&quot;1&quot;,&quot;salary&quot;:&quot;132&quot;,&quot;pincode&quot;:&quot;123459&quot;,&quot;userid&quot;:&quot;vPjmLlrUuG6vuxphh19Q&quot;,&quot;id&quot;:&quot;mRKFMhpOqR4wfQ2gLWSq&quot;},{&quot;accountno&quot;:&quot;98877770&quot;,&quot;departmentno&quot;:&quot;1&quot;,&quot;salary&quot;:&quot;132&quot;,&quot;pincode&quot;:&quot;123459&quot;,&quot;userid&quot;:&quot;vPjmLlrUuG6vuxphh19Q&quot;,&quot;id&quot;:&quot;78ik82sgGqwpU7fgCAvV&quot;},{&quot;accountno&quot;:&quot;98877777&quot;,&quot;departmentno&quot;:&quot;1&quot;,&quot;salary&quot;:&quot;132&quot;,&quot;pincode&quot;:&quot;123456&quot;,&quot;userid&quot;:&quot;vPjmLlrUuG6vuxphh19Q&quot;,&quot;id&quot;:&quot;AIxhh5ZDJlHc7i0ZNoEo&quot;},{&quot;accountno&quot;:&quot;86540333&quot;,&quot;departmentno&quot;:&quot;2&quot;,&quot;salary&quot;:&quot;34344&quot;,&quot;pincode&quot;:&quot;123056&quot;,&quot;userid&quot;:&quot;vPjmLlrUuG6vuxphh19Q&quot;,&quot;id&quot;:&quot;K5v7GX4AkockFABLJilc&quot;},{&quot;accountno&quot;:&quot;12121212&quot;,&quot;departmentno&quot;:&quot;1&quot;,&quot;salary&quot;:&quot;123&quot;,&quot;pincode&quot;:&quot;111111&quot;,&quot;userid&quot;:&quot;vPjmLlrUuG6vuxphh19Q&quot;,&quot;id&quot;:&quot;STDNCcqhk6gWlHJQLDz5&quot;},{&quot;accountno&quot;:&quot;45455667&quot;,&quot;departmentno&quot;:&quot;5&quot;,&quot;salary&quot;:&quot;24&quot;,&quot;pincode&quot;:&quot;124234&quot;,&quot;userid&quot;:&quot;vPjmLlrUuG6vuxphh19Q&quot;,&quot;id&quot;:&quot;UP9paPxS8KQfwqXGXLIK&quot;},{&quot;accountno&quot;:&quot;21321322&quot;,&quot;departmentno&quot;:&quot;2&quot;,&quot;salary&quot;:&quot;32&quot;,&quot;pincode&quot;:&quot;234567&quot;,&quot;userid&quot;:&quot;UUzhVpTf825lAmt1AZpf&quot;,&quot;id&quot;:&quot;RRwtziuHHBeQ3trjeGKP&quot;},{&quot;accountno&quot;:&quot;87654321&quot;,&quot;departmentno&quot;:&quot;1&quot;,&quot;salary&quot;:&quot;300&quot;,&quot;pincode&quot;:&quot;654321&quot;,&quot;userid&quot;:&quot;uHlioc8HrdughhsRebNO&quot;,&quot;id&quot;:&quot;ZR76mmxpTGepnHLTyoDI&quot;},{&quot;accountno&quot;:&quot;21321322&quot;,&quot;departmentno&quot;:&quot;2&quot;,&quot;salary&quot;:&quot;32&quot;,&quot;pincode&quot;:&quot;234567&quot;,&quot;userid&quot;:&quot;UUzhVpTf825lAmt1AZpf&quot;,&quot;id&quot;:&quot;lYKHXZFaO6NHkUqaomZA&quot;},{&quot;accountno&quot;:&quot;88844492&quot;,&quot;departmentno&quot;:&quot;1&quot;,&quot;salary&quot;:&quot;4000&quot;,&quot;pincode&quot;:&quot;763291&quot;,&quot;userid&quot;:&quot;Zkr5GwJhXN3dOEP2fImf&quot;,&quot;id&quot;:&quot;vUqqQtAI3jKq7UBHbyyJ&quot;},{&quot;accountno&quot;:&quot;12354462&quot;,&quot;departmentno&quot;:&quot;1&quot;,&quot;salary&quot;:&quot;23333&quot;,&quot;pincode&quot;:&quot;293839&quot;,&quot;userid&quot;:&quot;Zkr5GwJhXN3dOEP2fImf&quot;,&quot;id&quot;:&quot;qqgFnJlWCE72Oqq0haMW&quot;},{&quot;accountno&quot;:&quot;56565656&quot;,&quot;departmentno&quot;:&quot;7&quot;,&quot;salary&quot;:&quot;123456&quot;,&quot;pincode&quot;:&quot;123456&quot;,&quot;userid&quot;:&quot;cdLDqldUxp2AHtLpTiqG&quot;,&quot;id&quot;:&quot;ZV9CrjgRWosygIj0DYYH&quot;},{&quot;accountno&quot;:&quot;21321322&quot;,&quot;departmentno&quot;:&quot;2&quot;,&quot;salary&quot;:&quot;32&quot;,&quot;pincode&quot;:&quot;234567&quot;,&quot;userid&quot;:&quot;UUzhVpTf825lAmt1AZpf&quot;,&quot;id&quot;:&quot;9AoXcfqPDt1EEdOjwggH&quot;},{&quot;accountno&quot;:&quot;21321322&quot;,&quot;departmentno&quot;:&quot;2&quot;,&quot;salary&quot;:&quot;32&quot;,&quot;pincode&quot;:&quot;234567&quot;,&quot;userid&quot;:&quot;UUzhVpTf825lAmt1AZpf&quot;,&quot;id&quot;:&quot;T1PpCxhN70lDp7ML9vPF&quot;},{&quot;accountno&quot;:&quot;21321322&quot;,&quot;departmentno&quot;:&quot;2&quot;,&quot;salary&quot;:&quot;32&quot;,&quot;pincode&quot;:&quot;234567&quot;,&quot;userid&quot;:&quot;UUzhVpTf825lAmt1AZpf&quot;,&quot;id&quot;:&quot;XMMamoDvB8vRWFDYwslp&quot;},{&quot;accountno&quot;:&quot;21321322&quot;,&quot;departmentno&quot;:2,&quot;salary&quot;:32,&quot;pincode&quot;:234567,&quot;userid&quot;:&quot;UUzhVpTf825lAmt1AZpf&quot;,&quot;id&quot;:&quot;FqSeTmUJJ6Qsx6DhuJeX&quot;},{&quot;accountno&quot;:&quot;21321322&quot;,&quot;departmentno&quot;:&quot;2&quot;,&quot;salary&quot;:&quot;32&quot;,&quot;pincode&quot;:&quot;234567&quot;,&quot;userid&quot;:&quot;UUzhVpTf825lAmt1AZpf&quot;,&quot;id&quot;:&quot;acACpKwCSKcrhr41zMyA&quot;},{&quot;accountno&quot;:&quot;58392019&quot;,&quot;departmentno&quot;:&quot;2&quot;,&quot;salary&quot;:&quot;1500&quot;,&quot;pincode&quot;:&quot;978392&quot;,&quot;userid&quot;:&quot;Zkr5GwJhXN3dOEP2fImf&quot;,&quot;id&quot;:&quot;TRGOT4UuVtWZ1LoUmIy3&quot;},{&quot;accountno&quot;:&quot;21321322&quot;,&quot;departmentno&quot;:&quot;2&quot;,&quot;salary&quot;:&quot;32&quot;,&quot;pincode&quot;:&quot;234567&quot;,&quot;userid&quot;:&quot;UUzhVpTf825lAmt1AZpf&quot;,&quot;id&quot;:&quot;vzR5zq2msbr08bOcwtNS&quot;},{&quot;accountno&quot;:&quot;51023523&quot;,&quot;departmentno&quot;:&quot;2&quot;,&quot;salary&quot;:&quot;1500&quot;,&quot;pincode&quot;:&quot;956832&quot;,&quot;userid&quot;:&quot;Zkr5GwJhXN3dOEP2fImf&quot;,&quot;id&quot;:&quot;jETk685dI7pqsukgZ0kG&quot;},{&quot;accountno&quot;:&quot;21321322&quot;,&quot;departmentno&quot;:&quot;2&quot;,&quot;salary&quot;:&quot;32&quot;,&quot;pincode&quot;:&quot;234567&quot;,&quot;userid&quot;:&quot;UUzhVpTf825lAmt1AZpf&quot;,&quot;id&quot;:&quot;GcjtDsvUywqyRAIPEgTq&quot;},{&quot;accountno&quot;:&quot;21321322&quot;,&quot;departmentno&quot;:&quot;2&quot;,&quot;salary&quot;:&quot;32&quot;,&quot;pincode&quot;:&quot;234567&quot;,&quot;userid&quot;:&quot;UUzhVpTf825lAmt1AZpf&quot;,&quot;id&quot;:&quot;rix0UsvDDNtbmHjF1QPL&quot;},{&quot;accountno&quot;:&quot;21321322&quot;,&quot;departmentno&quot;:&quot;2&quot;,&quot;salary&quot;:&quot;32&quot;,&quot;pincode&quot;:&quot;234567&quot;,&quot;userid&quot;:&quot;UUzhVpTf825lAmt1AZpf&quot;,&quot;id&quot;:&quot;GJCFu6tUWabQhiUhx4MD&quot;},{&quot;accountno&quot;:&quot;21321322&quot;,&quot;departmentno&quot;:&quot;2&quot;,&quot;salary&quot;:&quot;32&quot;,&quot;pincode&quot;:&quot;234567&quot;,&quot;userid&quot;:&quot;UUzhVpTf825lAmt1AZpf&quot;,&quot;id&quot;:&quot;CU4QS8m3prvlrNDOQOvp&quot;},{&quot;accountno&quot;:&quot;33333333&quot;,&quot;departmentno&quot;:&quot;3&quot;,&quot;salary&quot;:&quot;33333&quot;,&quot;pincode&quot;:&quot;100016&quot;,&quot;userid&quot;:&quot;W6vNYCLbnLEIGcqkCT23&quot;,&quot;id&quot;:&quot;x2lN6Z9TKUFkGvyNoIRF&quot;},{&quot;accountno&quot;:&quot;33333333&quot;,&quot;departmentno&quot;:&quot;3&quot;,&quot;salary&quot;:&quot;33333&quot;,&quot;pincode&quot;:&quot;100016&quot;,&quot;userid&quot;:&quot;W6vNYCLbnLEIGcqkCT23&quot;,&quot;id&quot;:&quot;TArCvh1fFBNB14g53t3A&quot;},{&quot;accountno&quot;:&quot;33333333&quot;,&quot;departmentno&quot;:&quot;3&quot;,&quot;salary&quot;:&quot;33333&quot;,&quot;pincode&quot;:&quot;100016&quot;,&quot;userid&quot;:&quot;W6vNYCLbnLEIGcqkCT23&quot;,&quot;id&quot;:&quot;rgDfJSbkOYLDMiMb5KAP&quot;},{&quot;accountno&quot;:&quot;33333333&quot;,&quot;departmentno&quot;:&quot;3&quot;,&quot;salary&quot;:&quot;33333&quot;,&quot;pincode&quot;:&quot;100016&quot;,&quot;userid&quot;:&quot;W6vNYCLbnLEIGcqkCT23&quot;,&quot;id&quot;:&quot;MbN2sez5y6QjqEKnND50&quot;},{&quot;accountno&quot;:&quot;33333333&quot;,&quot;departmentno&quot;:&quot;3&quot;,&quot;salary&quot;:&quot;33333&quot;,&quot;pincode&quot;:&quot;100016&quot;,&quot;userid&quot;:&quot;W6vNYCLbnLEIGcqkCT23&quot;,&quot;id&quot;:&quot;UAkWps0BzBwl9gzPa8KJ&quot;},{&quot;accountno&quot;:&quot;33333333&quot;,&quot;departmentno&quot;:&quot;3&quot;,&quot;salary&quot;:&quot;33333&quot;,&quot;pincode&quot;:&quot;100016&quot;,&quot;userid&quot;:&quot;W6vNYCLbnLEIGcqkCT23&quot;,&quot;id&quot;:&quot;Btt3pwvtV1z5PhnTc4cL&quot;},{&quot;accountno&quot;:&quot;33333333&quot;,&quot;departmentno&quot;:&quot;3&quot;,&quot;salary&quot;:&quot;33333&quot;,&quot;pincode&quot;:&quot;100016&quot;,&quot;userid&quot;:&quot;W6vNYCLbnLEIGcqkCT23&quot;,&quot;id&quot;:&quot;GZZ4JkNjsHCLPtb4lyKJ&quot;},{&quot;accountno&quot;:&quot;33333333&quot;,&quot;departmentno&quot;:3,&quot;salary&quot;:33333,&quot;pincode&quot;:999999,&quot;userid&quot;:&quot;W6vNYCLbnLEIGcqkCT23&quot;,&quot;id&quot;:&quot;w2uj3XuU6gaSMxhUsVb5&quot;},{&quot;accountno&quot;:&quot;33333333&quot;,&quot;departmentno&quot;:&quot;3&quot;,&quot;salary&quot;:&quot;33333&quot;,&quot;pincode&quot;:&quot;100016&quot;,&quot;userid&quot;:&quot;W6vNYCLbnLEIGcqkCT23&quot;,&quot;id&quot;:&quot;UDTcsyqLJ437JOPMI8ed&quot;},{&quot;accountno&quot;:&quot;33333333&quot;,&quot;departmentno&quot;:&quot;3&quot;,&quot;salary&quot;:&quot;33333&quot;,&quot;pincode&quot;:&quot;100016&quot;,&quot;userid&quot;:&quot;W6vNYCLbnLEIGcqkCT23&quot;,&quot;id&quot;:&quot;JNLBkfez4Wde5AA1GN2P&quot;},{&quot;accountno&quot;:&quot;33333333&quot;,&quot;departmentno&quot;:&quot;3&quot;,&quot;salary&quot;:&quot;33333&quot;,&quot;pincode&quot;:&quot;100016&quot;,&quot;userid&quot;:&quot;W6vNYCLbnLEIGcqkCT23&quot;,&quot;id&quot;:&quot;sNRYPQpcj0p1Rfp1dGTV&quot;},{&quot;accountno&quot;:&quot;33333333&quot;,&quot;departmentno&quot;:&quot;3&quot;,&quot;salary&quot;:&quot;33333&quot;,&quot;pincode&quot;:&quot;100016&quot;,&quot;userid&quot;:&quot;W6vNYCLbnLEIGcqkCT23&quot;,&quot;id&quot;:&quot;9pMNo4KTUC1YWqo9RnZG&quot;},{&quot;accountno&quot;:&quot;33333333&quot;,&quot;departmentno&quot;:&quot;3&quot;,&quot;salary&quot;:&quot;33333&quot;,&quot;pincode&quot;:&quot;100016&quot;,&quot;userid&quot;:&quot;W6vNYCLbnLEIGcqkCT23&quot;,&quot;id&quot;:&quot;hddnQRvcriKeQlXPkAlA&quot;},{&quot;accountno&quot;:&quot;33333333&quot;,&quot;departmentno&quot;:&quot;3&quot;,&quot;salary&quot;:&quot;33333&quot;,&quot;pincode&quot;:&quot;100016&quot;,&quot;userid&quot;:&quot;W6vNYCLbnLEIGcqkCT23&quot;,&quot;id&quot;:&quot;Jkt8M7YTtx7m2zKv2Uvv&quot;},{&quot;accountno&quot;:&quot;33333333&quot;,&quot;departmentno&quot;:&quot;3&quot;,&quot;salary&quot;:&quot;33333&quot;,&quot;pincode&quot;:&quot;100016&quot;,&quot;userid&quot;:&quot;W6vNYCLbnLEIGcqkCT23&quot;,&quot;id&quot;:&quot;UYgYMAew0oWy8gCEFGfi&quot;},{&quot;accountno&quot;:&quot;33333333&quot;,&quot;departmentno&quot;:&quot;3&quot;,&quot;salary&quot;:&quot;33333&quot;,&quot;pincode&quot;:&quot;100016&quot;,&quot;userid&quot;:&quot;W6vNYCLbnLEIGcqkCT23&quot;,&quot;id&quot;:&quot;Eb2iELTCDK0qNLsu07BN&quot;},{&quot;accountno&quot;:&quot;33333333&quot;,&quot;departmentno&quot;:&quot;3&quot;,&quot;salary&quot;:&quot;33333&quot;,&quot;pincode&quot;:&quot;100016&quot;,&quot;userid&quot;:&quot;W6vNYCLbnLEIGcqkCT23&quot;,&quot;id&quot;:&quot;ntLOGTDMggxpNlFzVAij&quot;},{&quot;accountno&quot;:&quot;33333333&quot;,&quot;departmentno&quot;:&quot;3&quot;,&quot;salary&quot;:&quot;33333&quot;,&quot;pincode&quot;:&quot;100016&quot;,&quot;userid&quot;:&quot;W6vNYCLbnLEIGcqkCT23&quot;,&quot;id&quot;:&quot;Noe1U6FDaULXhR4o7J5V&quot;},{&quot;accountno&quot;:&quot;33333333&quot;,&quot;departmentno&quot;:&quot;3&quot;,&quot;salary&quot;:&quot;33333&quot;,&quot;pincode&quot;:&quot;100016&quot;,&quot;userid&quot;:&quot;W6vNYCLbnLEIGcqkCT23&quot;,&quot;id&quot;:&quot;KudLtNxcQT3TMj7cFLIB&quot;},{&quot;accountno&quot;:&quot;33333333&quot;,&quot;departmentno&quot;:&quot;3&quot;,&quot;salary&quot;:&quot;33333&quot;,&quot;pincode&quot;:&quot;100016&quot;,&quot;userid&quot;:&quot;W6vNYCLbnLEIGcqkCT23&quot;,&quot;id&quot;:&quot;kXqFbAj9n2i01x9GJPgw&quot;},{&quot;accountno&quot;:&quot;33333333&quot;,&quot;departmentno&quot;:&quot;3&quot;,&quot;salary&quot;:&quot;33333&quot;,&quot;pincode&quot;:&quot;100016&quot;,&quot;userid&quot;:&quot;W6vNYCLbnLEIGcqkCT23&quot;,&quot;id&quot;:&quot;MNKt3RbW7xCVLEEs4Zvw&quot;},{&quot;accountno&quot;:&quot;33333333&quot;,&quot;departmentno&quot;:&quot;3&quot;,&quot;salary&quot;:&quot;33333&quot;,&quot;pincode&quot;:&quot;100016&quot;,&quot;userid&quot;:&quot;W6vNYCLbnLEIGcqkCT23&quot;,&quot;id&quot;:&quot;eCzq3gXHqyGWpZbmEsEz&quot;},{&quot;accountno&quot;:&quot;33333333&quot;,&quot;departmentno&quot;:&quot;3&quot;,&quot;salary&quot;:&quot;33333&quot;,&quot;pincode&quot;:&quot;100016&quot;,&quot;userid&quot;:&quot;W6vNYCLbnLEIGcqkCT23&quot;,&quot;id&quot;:&quot;P8o9LOZx0gxY5vLqy7Pn&quot;},{&quot;accountno&quot;:&quot;33333333&quot;,&quot;departmentno&quot;:&quot;3&quot;,&quot;salary&quot;:&quot;33333&quot;,&quot;pincode&quot;:&quot;100016&quot;,&quot;userid&quot;:&quot;W6vNYCLbnLEIGcqkCT23&quot;,&quot;id&quot;:&quot;4C7VI42nETWovAkiYrfj&quot;},{&quot;accountno&quot;:&quot;33333333&quot;,&quot;departmentno&quot;:&quot;3&quot;,&quot;salary&quot;:&quot;33333&quot;,&quot;pincode&quot;:&quot;100016&quot;,&quot;userid&quot;:&quot;W6vNYCLbnLEIGcqkCT23&quot;,&quot;id&quot;:&quot;Y1vHt9Yb1VCdibutNFhF&quot;},{&quot;accountno&quot;:&quot;33333333&quot;,&quot;departmentno&quot;:&quot;3&quot;,&quot;salary&quot;:&quot;33333&quot;,&quot;pincode&quot;:&quot;100016&quot;,&quot;userid&quot;:&quot;W6vNYCLbnLEIGcqkCT23&quot;,&quot;id&quot;:&quot;H2vcNylizweIRzzr2pTp&quot;},{&quot;accountno&quot;:&quot;33333333&quot;,&quot;departmentno&quot;:&quot;3&quot;,&quot;salary&quot;:&quot;33333&quot;,&quot;pincode&quot;:&quot;100016&quot;,&quot;userid&quot;:&quot;W6vNYCLbnLEIGcqkCT23&quot;,&quot;id&quot;:&quot;WII66lsMUaZqyIpW63X4&quot;},{&quot;accountno&quot;:&quot;33333333&quot;,&quot;departmentno&quot;:&quot;3&quot;,&quot;salary&quot;:&quot;33333&quot;,&quot;pincode&quot;:&quot;100016&quot;,&quot;userid&quot;:&quot;W6vNYCLbnLEIGcqkCT23&quot;,&quot;id&quot;:&quot;LOE96aQ3FinBqePLWIXO&quot;},{&quot;accountno&quot;:&quot;33333333&quot;,&quot;departmentno&quot;:3,&quot;salary&quot;:33333,&quot;pincode&quot;:100019,&quot;userid&quot;:&quot;W6vNYCLbnLEIGcqkCT23&quot;,&quot;id&quot;:&quot;71i0RXsu5NtD8i2JXvNc&quot;},{&quot;accountno&quot;:&quot;33333333&quot;,&quot;departmentno&quot;:&quot;3&quot;,&quot;salary&quot;:&quot;33333&quot;,&quot;pincode&quot;:&quot;100016&quot;,&quot;userid&quot;:&quot;W6vNYCLbnLEIGcqkCT23&quot;,&quot;id&quot;:&quot;mxy8exxtHrpDvCliUFh9&quot;},{&quot;accountno&quot;:&quot;33333333&quot;,&quot;departmentno&quot;:&quot;3&quot;,&quot;salary&quot;:&quot;33333&quot;,&quot;pincode&quot;:&quot;100015&quot;,&quot;userid&quot;:&quot;W6vNYCLbnLEIGcqkCT23&quot;,&quot;id&quot;:&quot;zy5TL7qe6Aq6eZOCRKit&quot;},{&quot;accountno&quot;:&quot;33333333&quot;,&quot;departmentno&quot;:&quot;3&quot;,&quot;salary&quot;:&quot;33333&quot;,&quot;pincode&quot;:&quot;100014&quot;,&quot;userid&quot;:&quot;W6vNYCLbnLEIGcqkCT23&quot;,&quot;id&quot;:&quot;i7g5yZXfEqFcUPEgkSCP&quot;},{&quot;accountno&quot;:&quot;33333333&quot;,&quot;departmentno&quot;:&quot;3&quot;,&quot;salary&quot;:&quot;33333&quot;,&quot;pincode&quot;:&quot;100014&quot;,&quot;userid&quot;:&quot;W6vNYCLbnLEIGcqkCT23&quot;,&quot;id&quot;:&quot;ioSwaxJtzQRXVe62Qh9v&quot;},{&quot;accountno&quot;:&quot;33333333&quot;,&quot;departmentno&quot;:&quot;3&quot;,&quot;salary&quot;:&quot;33333&quot;,&quot;pincode&quot;:&quot;100014&quot;,&quot;userid&quot;:&quot;W6vNYCLbnLEIGcqkCT23&quot;,&quot;id&quot;:&quot;4fQZ3NyTyXaStxDE3GMj&quot;},{&quot;accountno&quot;:&quot;33333333&quot;,&quot;departmentno&quot;:&quot;3&quot;,&quot;salary&quot;:&quot;33333&quot;,&quot;pincode&quot;:&quot;100014&quot;,&quot;userid&quot;:&quot;W6vNYCLbnLEIGcqkCT23&quot;,&quot;id&quot;:&quot;I8lKCy8U186rYNDTydQ8&quot;},{&quot;accountno&quot;:&quot;33333333&quot;,&quot;departmentno&quot;:&quot;3&quot;,&quot;salary&quot;:&quot;33333&quot;,&quot;pincode&quot;:&quot;100014&quot;,&quot;userid&quot;:&quot;W6vNYCLbnLEIGcqkCT23&quot;,&quot;id&quot;:&quot;2O09hOttEXwQ2TXFuQ4a&quot;},{&quot;accountno&quot;:&quot;33333333&quot;,&quot;departmentno&quot;:&quot;3&quot;,&quot;salary&quot;:&quot;33333&quot;,&quot;pincode&quot;:&quot;100014&quot;,&quot;userid&quot;:&quot;W6vNYCLbnLEIGcqkCT23&quot;,&quot;id&quot;:&quot;JUN91DF9M6Dgbo1rUjkw&quot;},{&quot;accountno&quot;:&quot;98888888&quot;,&quot;departmentno&quot;:&quot;1&quot;,&quot;salary&quot;:&quot;132&quot;,&quot;pincode&quot;:&quot;123456&quot;,&quot;userid&quot;:&quot;vPjmLlrUuG6vuxphh19Q&quot;,&quot;id&quot;:&quot;KkScrTPtolGffOGURptT&quot;},{&quot;accountno&quot;:&quot;12345678&quot;,&quot;departmentno&quot;:&quot;2&quot;,&quot;salary&quot;:&quot;12324&quot;,&quot;pincode&quot;:&quot;111111&quot;,&quot;userid&quot;:&quot;vPjmLlrUuG6vuxphh19Q&quot;,&quot;id&quot;:&quot;E2T68AnG4CI5wBV4uusM&quot;},{&quot;accountno&quot;:&quot;33333333&quot;,&quot;departmentno&quot;:&quot;3&quot;,&quot;salary&quot;:&quot;33333&quot;,&quot;pincode&quot;:&quot;100014&quot;,&quot;userid&quot;:&quot;W6vNYCLbnLEIGcqkCT23&quot;,&quot;id&quot;:&quot;prMKJ3mmAVMpLAAfdVS6&quot;},{&quot;accountno&quot;:&quot;33333333&quot;,&quot;departmentno&quot;:&quot;3&quot;,&quot;salary&quot;:&quot;33333&quot;,&quot;pincode&quot;:&quot;100014&quot;,&quot;userid&quot;:&quot;W6vNYCLbnLEIGcqkCT23&quot;,&quot;id&quot;:&quot;NTVCu4UHf4DuNNlB2TUY&quot;},{&quot;accountno&quot;:&quot;33333333&quot;,&quot;departmentno&quot;:&quot;3&quot;,&quot;salary&quot;:&quot;33333&quot;,&quot;pincode&quot;:&quot;100014&quot;,&quot;userid&quot;:&quot;W6vNYCLbnLEIGcqkCT23&quot;,&quot;id&quot;:&quot;bBs9xSEh1hlScBuHMiui&quot;},{&quot;accountno&quot;:&quot;33333333&quot;,&quot;departmentno&quot;:&quot;3&quot;,&quot;salary&quot;:&quot;33333&quot;,&quot;pincode&quot;:&quot;100014&quot;,&quot;userid&quot;:&quot;W6vNYCLbnLEIGcqkCT23&quot;,&quot;id&quot;:&quot;gMk0ehy4bj594t7nW4gY&quot;},{&quot;accountno&quot;:&quot;12345678&quot;,&quot;departmentno&quot;:&quot;8&quot;,&quot;salary&quot;:&quot;12345&quot;,&quot;pincode&quot;:&quot;123456&quot;,&quot;userid&quot;:&quot;JhBYP4cJfoSdzZYlgKZk&quot;,&quot;id&quot;:&quot;fzs7lNANELjrCBkYIca7&quot;},{&quot;accountno&quot;:&quot;44444444&quot;,&quot;departmentno&quot;:&quot;4&quot;,&quot;salary&quot;:&quot;444&quot;,&quot;pincode&quot;:&quot;444444&quot;,&quot;userid&quot;:&quot;uHlioc8HrdughhsRebNO&quot;,&quot;id&quot;:&quot;kCFWZahT3zkTZi16nMxm&quot;},{&quot;accountno&quot;:&quot;44444444&quot;,&quot;departmentno&quot;:&quot;4&quot;,&quot;salary&quot;:&quot;444&quot;,&quot;pincode&quot;:&quot;444444&quot;,&quot;userid&quot;:&quot;uHlioc8HrdughhsRebNO&quot;,&quot;id&quot;:&quot;lt6nVE0VLWJce19QLVeK&quot;},{&quot;accountno&quot;:&quot;12345678&quot;,&quot;departmentno&quot;:&quot;8&quot;,&quot;salary&quot;:&quot;12345&quot;,&quot;pincode&quot;:&quot;123456&quot;,&quot;userid&quot;:&quot;JhBYP4cJfoSdzZYlgKZk&quot;,&quot;id&quot;:&quot;fsrVcZGJG0UwbvNSdqx7&quot;},{&quot;accountno&quot;:&quot;11111111&quot;,&quot;departmentno&quot;:&quot;1&quot;,&quot;salary&quot;:&quot;1&quot;,&quot;pincode&quot;:&quot;111111&quot;,&quot;userid&quot;:&quot;JhBYP4cJfoSdzZYlgKZk&quot;,&quot;id&quot;:&quot;uep162Y76DZACKanZ9oh&quot;},{&quot;accountno&quot;:&quot;11111111&quot;,&quot;departmentno&quot;:&quot;1&quot;,&quot;salary&quot;:&quot;100&quot;,&quot;pincode&quot;:&quot;222222&quot;,&quot;userid&quot;:&quot;uHlioc8HrdughhsRebNO&quot;,&quot;id&quot;:&quot;MjhJtN62O89qLP9h4xWl&quot;},{&quot;accountno&quot;:&quot;24567886&quot;,&quot;departmentno&quot;:&quot;4&quot;,&quot;salary&quot;:&quot;4&quot;,&quot;pincode&quot;:&quot;444444&quot;,&quot;userid&quot;:&quot;JhBYP4cJfoSdzZYlgKZk&quot;,&quot;id&quot;:&quot;pM0RySFmbNrJvZJhaQ1b&quot;},{&quot;accountno&quot;:&quot;23456678&quot;,&quot;departmentno&quot;:&quot;1&quot;,&quot;salary&quot;:&quot;1&quot;,&quot;pincode&quot;:&quot;122344&quot;,&quot;userid&quot;:&quot;JhBYP4cJfoSdzZYlgKZk&quot;,&quot;id&quot;:&quot;9B2lB9fPoAzblVr77zPY&quot;},{&quot;accountno&quot;:&quot;23455566&quot;,&quot;departmentno&quot;:&quot;2&quot;,&quot;salary&quot;:&quot;2345&quot;,&quot;pincode&quot;:&quot;234565&quot;,&quot;userid&quot;:&quot;JhBYP4cJfoSdzZYlgKZk&quot;,&quot;id&quot;:&quot;JXnO6t7bf8KE7VXcQCYJ&quot;},{&quot;accountno&quot;:&quot;21321322&quot;,&quot;departmentno&quot;:&quot;2&quot;,&quot;salary&quot;:&quot;32&quot;,&quot;pincode&quot;:&quot;234567&quot;,&quot;userid&quot;:&quot;UUzhVpTf825lAmt1AZpf&quot;,&quot;id&quot;:&quot;YrmSHUwlNofUs689J3dg&quot;},{&quot;accountno&quot;:&quot;21321322&quot;,&quot;departmentno&quot;:&quot;2&quot;,&quot;salary&quot;:&quot;32&quot;,&quot;pincode&quot;:&quot;234567&quot;,&quot;userid&quot;:&quot;UUzhVpTf825lAmt1AZpf&quot;,&quot;id&quot;:&quot;5R5MmQpz6fnyG5McTY2u&quot;},{&quot;accountno&quot;:&quot;21321322&quot;,&quot;departmentno&quot;:&quot;2&quot;,&quot;salary&quot;:&quot;32&quot;,&quot;pincode&quot;:&quot;234567&quot;,&quot;userid&quot;:&quot;UUzhVpTf825lAmt1AZpf&quot;,&quot;id&quot;:&quot;byTbzqK7g534gBA1cVeO&quot;},{&quot;accountno&quot;:&quot;21321322&quot;,&quot;departmentno&quot;:&quot;2&quot;,&quot;salary&quot;:&quot;32&quot;,&quot;pincode&quot;:&quot;234567&quot;,&quot;userid&quot;:&quot;UUzhVpTf825lAmt1AZpf&quot;,&quot;id&quot;:&quot;IcUOiS2HpYNfk43SdMtc&quot;},{&quot;accountno&quot;:&quot;21321322&quot;,&quot;departmentno&quot;:&quot;2&quot;,&quot;salary&quot;:&quot;32&quot;,&quot;pincode&quot;:&quot;234567&quot;,&quot;userid&quot;:&quot;UUzhVpTf825lAmt1AZpf&quot;,&quot;id&quot;:&quot;x46VG0topy0JjpPE9Pm3&quot;},{&quot;accountno&quot;:&quot;21321322&quot;,&quot;departmentno&quot;:&quot;2&quot;,&quot;salary&quot;:&quot;32&quot;,&quot;pincode&quot;:&quot;234567&quot;,&quot;userid&quot;:&quot;UUzhVpTf825lAmt1AZpf&quot;,&quot;id&quot;:&quot;pnsF9tTXxa39CmCTXZvf&quot;},{&quot;accountno&quot;:&quot;21321322&quot;,&quot;departmentno&quot;:&quot;2&quot;,&quot;salary&quot;:&quot;32&quot;,&quot;pincode&quot;:&quot;234567&quot;,&quot;userid&quot;:&quot;UUzhVpTf825lAmt1AZpf&quot;,&quot;id&quot;:&quot;Fn8MiQWO2aBGVuji50tE&quot;},{&quot;accountno&quot;:&quot;12345678&quot;,&quot;departmentno&quot;:&quot;8&quot;,&quot;salary&quot;:&quot;12345&quot;,&quot;pincode&quot;:&quot;123456&quot;,&quot;userid&quot;:&quot;JhBYP4cJfoSdzZYlgKZk&quot;,&quot;id&quot;:&quot;QjlcXCV6PIzBMQ3LwMdX&quot;},{&quot;accountno&quot;:&quot;12345678&quot;,&quot;departmentno&quot;:&quot;8&quot;,&quot;salary&quot;:&quot;12345&quot;,&quot;pincode&quot;:&quot;123456&quot;,&quot;userid&quot;:&quot;JhBYP4cJfoSdzZYlgKZk&quot;,&quot;id&quot;:&quot;01PPJS6Z4DoaTekwAqAY&quot;},{&quot;accountno&quot;:&quot;67798991&quot;,&quot;departmentno&quot;:&quot;2&quot;,&quot;salary&quot;:&quot;23454&quot;,&quot;pincode&quot;:&quot;676877&quot;,&quot;userid&quot;:&quot;XXB2MQqMeoUZ7CC5Dbhd&quot;,&quot;id&quot;:&quot;L5QNkbeJ5NBptEbejIJE&quot;},{&quot;accountno&quot;:&quot;23247458&quot;,&quot;departmentno&quot;:&quot;4&quot;,&quot;salary&quot;:&quot;3432&quot;,&quot;pincode&quot;:&quot;459580&quot;,&quot;userid&quot;:&quot;XXB2MQqMeoUZ7CC5Dbhd&quot;,&quot;id&quot;:&quot;4AWuu61ACMXIWuhpSppL&quot;},{&quot;accountno&quot;:&quot;67798991&quot;,&quot;departmentno&quot;:&quot;2&quot;,&quot;salary&quot;:&quot;23454&quot;,&quot;pincode&quot;:&quot;676877&quot;,&quot;userid&quot;:&quot;XXB2MQqMeoUZ7CC5Dbhd&quot;,&quot;id&quot;:&quot;jjDXySo8J02xwSuFj1jz&quot;},{&quot;accountno&quot;:&quot;67798991&quot;,&quot;departmentno&quot;:&quot;2&quot;,&quot;salary&quot;:&quot;23454&quot;,&quot;pincode&quot;:&quot;676877&quot;,&quot;userid&quot;:&quot;XXB2MQqMeoUZ7CC5Dbhd&quot;,&quot;id&quot;:&quot;BRyBkv6RuOgkYPbKYHoo&quot;},{&quot;accountno&quot;:&quot;67798991&quot;,&quot;departmentno&quot;:&quot;2&quot;,&quot;salary&quot;:&quot;23454&quot;,&quot;pincode&quot;:&quot;676877&quot;,&quot;userid&quot;:&quot;XXB2MQqMeoUZ7CC5Dbhd&quot;,&quot;id&quot;:&quot;6yzgu4tMDjZR9KFSyahy&quot;},{&quot;accountno&quot;:&quot;67798991&quot;,&quot;departmentno&quot;:&quot;2&quot;,&quot;salary&quot;:&quot;23454&quot;,&quot;pincode&quot;:&quot;676877&quot;,&quot;userid&quot;:&quot;XXB2MQqMeoUZ7CC5Dbhd&quot;,&quot;id&quot;:&quot;SurnURKp54TdmXDnwcxF&quot;},{&quot;accountno&quot;:&quot;67798991&quot;,&quot;departmentno&quot;:&quot;2&quot;,&quot;salary&quot;:&quot;23454&quot;,&quot;pincode&quot;:&quot;676877&quot;,&quot;userid&quot;:&quot;XXB2MQqMeoUZ7CC5Dbhd&quot;,&quot;id&quot;:&quot;kz1UHQ4H6jhCaydRsgJc&quot;},{&quot;accountno&quot;:&quot;67798991&quot;,&quot;departmentno&quot;:&quot;2&quot;,&quot;salary&quot;:&quot;23454&quot;,&quot;pincode&quot;:&quot;676877&quot;,&quot;userid&quot;:&quot;XXB2MQqMeoUZ7CC5Dbhd&quot;,&quot;id&quot;:&quot;4kRn2SHW494wFna1p8kr&quot;},{&quot;accountno&quot;:&quot;67798991&quot;,&quot;departmentno&quot;:&quot;2&quot;,&quot;salary&quot;:&quot;23454&quot;,&quot;pincode&quot;:&quot;676877&quot;,&quot;userid&quot;:&quot;XXB2MQqMeoUZ7CC5Dbhd&quot;,&quot;id&quot;:&quot;Tlv9AR5Xfh20mUSr9Kxx&quot;},{&quot;accountno&quot;:&quot;67798991&quot;,&quot;departmentno&quot;:&quot;2&quot;,&quot;salary&quot;:&quot;23454&quot;,&quot;pincode&quot;:&quot;676877&quot;,&quot;userid&quot;:&quot;XXB2MQqMeoUZ7CC5Dbhd&quot;,&quot;id&quot;:&quot;g8Afb1UrxZWvtej47h2x&quot;},{&quot;accountno&quot;:&quot;77777990&quot;,&quot;departmentno&quot;:&quot;8&quot;,&quot;salary&quot;:&quot;560&quot;,&quot;pincode&quot;:&quot;801300&quot;,&quot;userid&quot;:&quot;qSiZBtR9Sz20Wrgu42hf&quot;,&quot;id&quot;:&quot;oZNu6LO1y0fpPWeV8zpJ&quot;},{&quot;accountno&quot;:&quot;12345678&quot;,&quot;departmentno&quot;:&quot;8&quot;,&quot;salary&quot;:&quot;12345&quot;,&quot;pincode&quot;:&quot;123456&quot;,&quot;userid&quot;:&quot;JhBYP4cJfoSdzZYlgKZk&quot;,&quot;id&quot;:&quot;9r6vtZGsAAPIDRfbbqXL&quot;},{&quot;accountno&quot;:&quot;12345678&quot;,&quot;departmentno&quot;:&quot;8&quot;,&quot;salary&quot;:&quot;12345&quot;,&quot;pincode&quot;:&quot;123456&quot;,&quot;userid&quot;:&quot;JhBYP4cJfoSdzZYlgKZk&quot;,&quot;id&quot;:&quot;pP4GZOTBTjjhX3MlvZWB&quot;},{&quot;accountno&quot;:&quot;12345678&quot;,&quot;departmentno&quot;:&quot;8&quot;,&quot;salary&quot;:&quot;12345&quot;,&quot;pincode&quot;:&quot;123456&quot;,&quot;userid&quot;:&quot;JhBYP4cJfoSdzZYlgKZk&quot;,&quot;id&quot;:&quot;ceY7vKm6WdL5Q52tPoIU&quot;},{&quot;accountno&quot;:&quot;12345678&quot;,&quot;departmentno&quot;:&quot;8&quot;,&quot;salary&quot;:&quot;12345&quot;,&quot;pincode&quot;:&quot;123456&quot;,&quot;userid&quot;:&quot;JhBYP4cJfoSdzZYlgKZk&quot;,&quot;id&quot;:&quot;Wvuuax6sawU4akIh395o&quot;},{&quot;accountno&quot;:&quot;33333333&quot;,&quot;departmentno&quot;:&quot;3&quot;,&quot;salary&quot;:&quot;33333&quot;,&quot;pincode&quot;:&quot;100013&quot;,&quot;userid&quot;:&quot;W6vNYCLbnLEIGcqkCT23&quot;,&quot;id&quot;:&quot;6s3oUGG3PywMHVNl1epd&quot;},{&quot;accountno&quot;:&quot;33333333&quot;,&quot;departmentno&quot;:&quot;3&quot;,&quot;salary&quot;:&quot;33333&quot;,&quot;pincode&quot;:&quot;100012&quot;,&quot;userid&quot;:&quot;W6vNYCLbnLEIGcqkCT23&quot;,&quot;id&quot;:&quot;2JpeLlxLY178YsoH9xjq&quot;},{&quot;accountno&quot;:&quot;33333333&quot;,&quot;departmentno&quot;:&quot;3&quot;,&quot;salary&quot;:&quot;33333&quot;,&quot;pincode&quot;:&quot;100010&quot;,&quot;userid&quot;:&quot;W6vNYCLbnLEIGcqkCT23&quot;,&quot;id&quot;:&quot;sH6uFXHV2zN8Kxm65zLP&quot;},{&quot;accountno&quot;:&quot;11223344&quot;,&quot;departmentno&quot;:&quot;3&quot;,&quot;salary&quot;:&quot;9999&quot;,&quot;pincode&quot;:&quot;123123&quot;,&quot;userid&quot;:&quot;iENM4DPpcw0JtgS0hQiW&quot;,&quot;id&quot;:&quot;G1AXsEmhHAVaEDieMksV&quot;},{&quot;accountno&quot;:&quot;33333333&quot;,&quot;departmentno&quot;:3,&quot;salary&quot;:33333,&quot;pincode&quot;:111111,&quot;userid&quot;:&quot;W6vNYCLbnLEIGcqkCT23&quot;,&quot;id&quot;:&quot;GtTvlHFsAyX4i9JCKRKi&quot;},{&quot;accountno&quot;:&quot;33333333&quot;,&quot;departmentno&quot;:&quot;3&quot;,&quot;salary&quot;:&quot;33333&quot;,&quot;pincode&quot;:&quot;333331&quot;,&quot;userid&quot;:&quot;W6vNYCLbnLEIGcqkCT23&quot;,&quot;id&quot;:&quot;DZL469OkxzSpIe7mEpxu&quot;},{&quot;accountno&quot;:&quot;33333333&quot;,&quot;departmentno&quot;:&quot;3&quot;,&quot;salary&quot;:&quot;33333&quot;,&quot;pincode&quot;:&quot;333340&quot;,&quot;userid&quot;:&quot;W6vNYCLbnLEIGcqkCT23&quot;,&quot;id&quot;:&quot;RY4foXVNfyhnkVSEurZD&quot;},{&quot;accountno&quot;:&quot;67798991&quot;,&quot;departmentno&quot;:&quot;2&quot;,&quot;salary&quot;:&quot;23454&quot;,&quot;pincode&quot;:&quot;676877&quot;,&quot;userid&quot;:&quot;XXB2MQqMeoUZ7CC5Dbhd&quot;,&quot;id&quot;:&quot;vhuIIYfz8jePR9VP94O3&quot;},{&quot;accountno&quot;:&quot;29292929&quot;,&quot;departmentno&quot;:&quot;9&quot;,&quot;salary&quot;:&quot;999999&quot;,&quot;pincode&quot;:&quot;493333&quot;,&quot;userid&quot;:&quot;Zkr5GwJhXN3dOEP2fImf&quot;,&quot;id&quot;:&quot;LNe8xf45V3tJyrh8AChp&quot;},{&quot;accountno&quot;:&quot;12345678&quot;,&quot;departmentno&quot;:&quot;1&quot;,&quot;salary&quot;:&quot;1400&quot;,&quot;pincode&quot;:&quot;123456&quot;,&quot;userid&quot;:&quot;j75Ai530R7kDA0TYhnd5&quot;,&quot;id&quot;:&quot;N81wpEuH6I7qzGMqL4H6&quot;},{&quot;accountno&quot;:&quot;12345678&quot;,&quot;departmentno&quot;:&quot;1&quot;,&quot;salary&quot;:&quot;12000&quot;,&quot;pincode&quot;:&quot;123456&quot;,&quot;userid&quot;:&quot;j75Ai530R7kDA0TYhnd5&quot;,&quot;id&quot;:&quot;o9gY1b9OPzov3PvRr88y&quot;},{&quot;accountno&quot;:&quot;99999778&quot;,&quot;departmentno&quot;:&quot;2&quot;,&quot;salary&quot;:&quot;34344&quot;,&quot;pincode&quot;:&quot;123456&quot;,&quot;userid&quot;:&quot;vPjmLlrUuG6vuxphh19Q&quot;,&quot;id&quot;:&quot;xwZVUjah7KV3cK6BkP0y&quot;},{&quot;accountno&quot;:&quot;99999998&quot;,&quot;departmentno&quot;:&quot;2&quot;,&quot;salary&quot;:&quot;34344&quot;,&quot;pincode&quot;:&quot;123456&quot;,&quot;userid&quot;:&quot;vPjmLlrUuG6vuxphh19Q&quot;,&quot;id&quot;:&quot;pQEJscANVpP0CGuvccR9&quot;},{&quot;accountno&quot;:&quot;12345678&quot;,&quot;departmentno&quot;:&quot;8&quot;,&quot;salary&quot;:&quot;12345&quot;,&quot;pincode&quot;:&quot;123456&quot;,&quot;userid&quot;:&quot;JhBYP4cJfoSdzZYlgKZk&quot;,&quot;id&quot;:&quot;MFZqBbxLm8eDYEVFSzn2&quot;},{&quot;accountno&quot;:&quot;12345678&quot;,&quot;departmentno&quot;:&quot;8&quot;,&quot;salary&quot;:&quot;12345&quot;,&quot;pincode&quot;:&quot;123456&quot;,&quot;userid&quot;:&quot;JhBYP4cJfoSdzZYlgKZk&quot;,&quot;id&quot;:&quot;HEr7geTVxpoItZKi2Rdu&quot;},{&quot;accountno&quot;:&quot;12345678&quot;,&quot;departmentno&quot;:&quot;8&quot;,&quot;salary&quot;:&quot;12345&quot;,&quot;pincode&quot;:&quot;123456&quot;,&quot;userid&quot;:&quot;JhBYP4cJfoSdzZYlgKZk&quot;,&quot;id&quot;:&quot;7GnKBuh6XVkwHrgqURzG&quot;},{&quot;accountno&quot;:&quot;12345678&quot;,&quot;departmentno&quot;:&quot;8&quot;,&quot;salary&quot;:&quot;12345&quot;,&quot;pincode&quot;:&quot;123456&quot;,&quot;userid&quot;:&quot;JhBYP4cJfoSdzZYlgKZk&quot;,&quot;id&quot;:&quot;tsCFd2HYPDRa95FDAASe&quot;},{&quot;accountno&quot;:&quot;12345678&quot;,&quot;departmentno&quot;:&quot;8&quot;,&quot;salary&quot;:&quot;12345&quot;,&quot;pincode&quot;:&quot;123456&quot;,&quot;userid&quot;:&quot;JhBYP4cJfoSdzZYlgKZk&quot;,&quot;id&quot;:&quot;y59F6mJsB9Q0DNwXytpl&quot;},{&quot;accountno&quot;:&quot;12345678&quot;,&quot;departmentno&quot;:&quot;8&quot;,&quot;salary&quot;:&quot;12345&quot;,&quot;pincode&quot;:&quot;123456&quot;,&quot;userid&quot;:&quot;JhBYP4cJfoSdzZYlgKZk&quot;,&quot;id&quot;:&quot;Mt18QL4D8MFTbrzZ8aia&quot;},{&quot;accountno&quot;:&quot;12345678&quot;,&quot;departmentno&quot;:&quot;8&quot;,&quot;salary&quot;:&quot;12345&quot;,&quot;pincode&quot;:&quot;123456&quot;,&quot;userid&quot;:&quot;JhBYP4cJfoSdzZYlgKZk&quot;,&quot;id&quot;:&quot;HLHdUkcW3Q6GKw92Igio&quot;},{&quot;accountno&quot;:&quot;12345678&quot;,&quot;departmentno&quot;:&quot;8&quot;,&quot;salary&quot;:&quot;12345&quot;,&quot;pincode&quot;:&quot;123456&quot;,&quot;userid&quot;:&quot;JhBYP4cJfoSdzZYlgKZk&quot;,&quot;id&quot;:&quot;1z5PdiiRN5Wy9L9K67PQ&quot;},{&quot;accountno&quot;:&quot;12345678&quot;,&quot;departmentno&quot;:&quot;4&quot;,&quot;salary&quot;:&quot;12345&quot;,&quot;pincode&quot;:&quot;123456&quot;,&quot;userid&quot;:&quot;JhBYP4cJfoSdzZYlgKZk&quot;,&quot;id&quot;:&quot;lwgqzmknIESAScJtz7Nr&quot;},{&quot;accountno&quot;:&quot;12345678&quot;,&quot;departmentno&quot;:&quot;8&quot;,&quot;salary&quot;:&quot;12345&quot;,&quot;pincode&quot;:&quot;123456&quot;,&quot;userid&quot;:&quot;JhBYP4cJfoSdzZYlgKZk&quot;,&quot;id&quot;:&quot;t0nFPAoM8cb4dv2BXaCj&quot;},{&quot;accountno&quot;:&quot;12349900&quot;,&quot;departmentno&quot;:1,&quot;salary&quot;:12345,&quot;pincode&quot;:123456,&quot;userid&quot;:&quot;JhBYP4cJfoSdzZYlgKZk&quot;,&quot;id&quot;:&quot;4E8oVnbjX2hu4uiodFTT&quot;},{&quot;accountno&quot;:&quot;12345678&quot;,&quot;departmentno&quot;:&quot;8&quot;,&quot;salary&quot;:&quot;12345&quot;,&quot;pincode&quot;:&quot;123456&quot;,&quot;userid&quot;:&quot;JhBYP4cJfoSdzZYlgKZk&quot;,&quot;id&quot;:&quot;pyGitXTsDkC7jyiTTaa4&quot;},{&quot;accountno&quot;:&quot;12345678&quot;,&quot;departmentno&quot;:&quot;8&quot;,&quot;salary&quot;:&quot;12345&quot;,&quot;pincode&quot;:&quot;123456&quot;,&quot;userid&quot;:&quot;JhBYP4cJfoSdzZYlgKZk&quot;,&quot;id&quot;:&quot;KyiYbSeg4VANbXtgH0y8&quot;},{&quot;accountno&quot;:&quot;22341432&quot;,&quot;departmentno&quot;:3,&quot;salary&quot;:40100,&quot;pincode&quot;:974212,&quot;userid&quot;:&quot;Zkr5GwJhXN3dOEP2fImf&quot;,&quot;id&quot;:&quot;KzCzidv3WigOWFeB5C1w&quot;},{&quot;accountno&quot;:&quot;25252526&quot;,&quot;departmentno&quot;:&quot;2&quot;,&quot;salary&quot;:&quot;40000&quot;,&quot;pincode&quot;:&quot;974212&quot;,&quot;userid&quot;:&quot;Zkr5GwJhXN3dOEP2fImf&quot;,&quot;id&quot;:&quot;0bGCQksXMVfbD6epeklx&quot;},{&quot;accountno&quot;:&quot;33333333&quot;,&quot;departmentno&quot;:&quot;3&quot;,&quot;salary&quot;:&quot;33333&quot;,&quot;pincode&quot;:&quot;333333&quot;,&quot;userid&quot;:&quot;W6vNYCLbnLEIGcqkCT23&quot;,&quot;id&quot;:&quot;aWNsVoX3BGXkkuia3s3E&quot;},{&quot;accountno&quot;:&quot;55555555&quot;,&quot;departmentno&quot;:5,&quot;salary&quot;:5,&quot;pincode&quot;:666666,&quot;userid&quot;:&quot;W6vNYCLbnLEIGcqkCT23&quot;,&quot;id&quot;:&quot;u6Swqvf3ZDsTS8nwKNeK&quot;},{&quot;accountno&quot;:&quot;12312367&quot;,&quot;departmentno&quot;:&quot;7&quot;,&quot;salary&quot;:&quot;654321&quot;,&quot;pincode&quot;:&quot;098766&quot;,&quot;userid&quot;:&quot;E24MgXdPeRPPU23JcjU1&quot;,&quot;id&quot;:&quot;DwSHP9dbmfxxZW5d5FoW&quot;},{&quot;accountno&quot;:&quot;23432211&quot;,&quot;departmentno&quot;:&quot;3&quot;,&quot;salary&quot;:&quot;2343432&quot;,&quot;pincode&quot;:&quot;343235&quot;,&quot;userid&quot;:&quot;Zkr5GwJhXN3dOEP2fImf&quot;,&quot;id&quot;:&quot;h3QMQXXVCcnmeFz0LYP8&quot;},{&quot;accountno&quot;:&quot;23432323&quot;,&quot;departmentno&quot;:&quot;2&quot;,&quot;salary&quot;:&quot;43111&quot;,&quot;pincode&quot;:&quot;234532&quot;,&quot;userid&quot;:&quot;Zkr5GwJhXN3dOEP2fImf&quot;,&quot;id&quot;:&quot;T5WlJGdnOSJ6OlndUkjp&quot;},{&quot;accountno&quot;:&quot;29452123&quot;,&quot;departmentno&quot;:&quot;3&quot;,&quot;salary&quot;:&quot;234000&quot;,&quot;pincode&quot;:&quot;941000&quot;,&quot;userid&quot;:&quot;Zkr5GwJhXN3dOEP2fImf&quot;,&quot;id&quot;:&quot;zzYU3iKhJgipRsphGd5n&quot;},{&quot;accountno&quot;:&quot;98765443&quot;,&quot;departmentno&quot;:&quot;2&quot;,&quot;salary&quot;:&quot;12345&quot;,&quot;pincode&quot;:&quot;560040&quot;,&quot;userid&quot;:&quot;E24MgXdPeRPPU23JcjU1&quot;,&quot;id&quot;:&quot;PIZA2RVHryxjLRUqeMOD&quot;},{&quot;accountno&quot;:&quot;34567891&quot;,&quot;departmentno&quot;:&quot;1&quot;,&quot;salary&quot;:&quot;3456&quot;,&quot;pincode&quot;:&quot;244211&quot;,&quot;userid&quot;:&quot;Ua3IcakByVg8k4sG2OWt&quot;,&quot;id&quot;:&quot;jvYRG8dHIdWxXq3WFb0n&quot;},{&quot;accountno&quot;:&quot;00000008&quot;,&quot;departmentno&quot;:&quot;0&quot;,&quot;salary&quot;:&quot;100&quot;,&quot;pincode&quot;:&quot;123456&quot;,&quot;userid&quot;:&quot;UUzhVpTf825lAmt1AZpf&quot;,&quot;id&quot;:&quot;9acYj8adA6POCHp6nLvA&quot;},{&quot;accountno&quot;:&quot;55555555&quot;,&quot;departmentno&quot;:&quot;5&quot;,&quot;salary&quot;:&quot;555555&quot;,&quot;pincode&quot;:&quot;555555&quot;,&quot;userid&quot;:&quot;W6vNYCLbnLEIGcqkCT23&quot;,&quot;id&quot;:&quot;xaeONKQ5T4zWEC8wm5Q6&quot;},{&quot;accountno&quot;:&quot;22222222&quot;,&quot;departmentno&quot;:&quot;2&quot;,&quot;salary&quot;:11111,&quot;pincode&quot;:&quot;333333&quot;,&quot;userid&quot;:&quot;W6vNYCLbnLEIGcqkCT23&quot;,&quot;id&quot;:&quot;pHHhFVcCENvuPwNOPN0m&quot;},{&quot;accountno&quot;:&quot;12345678&quot;,&quot;departmentno&quot;:1,&quot;salary&quot;:11111,&quot;pincode&quot;:222222,&quot;userid&quot;:&quot;W6vNYCLbnLEIGcqkCT23&quot;,&quot;id&quot;:&quot;XsWX5YAsr9odGF58ZOZQ&quot;},{&quot;accountno&quot;:&quot;12312312&quot;,&quot;departmentno&quot;:1,&quot;salary&quot;:60000,&quot;pincode&quot;:812312,&quot;userid&quot;:&quot;aVjYUGE0c0xLlerWKo7l&quot;,&quot;id&quot;:&quot;340OkSC41P6U4XZrHPnc&quot;},{&quot;accountno&quot;:&quot;87654321&quot;,&quot;departmentno&quot;:&quot;1&quot;,&quot;salary&quot;:&quot;60000&quot;,&quot;pincode&quot;:&quot;950100&quot;,&quot;userid&quot;:&quot;EU32tRCFTYNRf1cCYOCt&quot;,&quot;id&quot;:&quot;i15EdJwDH6rD9Jy5KuVo&quot;},{&quot;accountno&quot;:&quot;12345678&quot;,&quot;departmentno&quot;:&quot;5&quot;,&quot;salary&quot;:&quot;50000&quot;,&quot;pincode&quot;:&quot;950000&quot;,&quot;userid&quot;:&quot;EU32tRCFTYNRf1cCYOCt&quot;,&quot;id&quot;:&quot;irfRirWwF8EGa5v9RQ6D&quot;},{&quot;accountno&quot;:&quot;12345678&quot;,&quot;departmentno&quot;:&quot;8&quot;,&quot;salary&quot;:&quot;12345&quot;,&quot;pincode&quot;:&quot;123456&quot;,&quot;userid&quot;:&quot;JhBYP4cJfoSdzZYlgKZk&quot;,&quot;id&quot;:&quot;LbekO7UjqLE9zXGqD00G&quot;},{&quot;accountno&quot;:&quot;12345612&quot;,&quot;departmentno&quot;:&quot;1&quot;,&quot;salary&quot;:&quot;123&quot;,&quot;pincode&quot;:&quot;123456&quot;,&quot;userid&quot;:&quot;JhBYP4cJfoSdzZYlgKZk&quot;,&quot;id&quot;:&quot;LehfHv5RAfDaM6J3lY2N&quot;},{&quot;accountno&quot;:&quot;12334456&quot;,&quot;departmentno&quot;:&quot;3&quot;,&quot;salary&quot;:&quot;234&quot;,&quot;pincode&quot;:&quot;123456&quot;,&quot;userid&quot;:&quot;JhBYP4cJfoSdzZYlgKZk&quot;,&quot;id&quot;:&quot;hGhHY1xm5Ec90nBhznQv&quot;},{&quot;accountno&quot;:&quot;12312312&quot;,&quot;departmentno&quot;:5,&quot;salary&quot;:22222,&quot;pincode&quot;:123456,&quot;userid&quot;:&quot;wozinFeN6FJBAuFTkkRg&quot;,&quot;id&quot;:&quot;WeRLUGXaA5mPx0UH3dCn&quot;},{&quot;accountno&quot;:&quot;34567654&quot;,&quot;departmentno&quot;:&quot;1&quot;,&quot;salary&quot;:&quot;231231&quot;,&quot;pincode&quot;:&quot;123123&quot;,&quot;userid&quot;:&quot;JhBYP4cJfoSdzZYlgKZk&quot;,&quot;id&quot;:&quot;hYWIx079rYuc4Yue4QtA&quot;},{&quot;accountno&quot;:&quot;26021985&quot;,&quot;departmentno&quot;:4,&quot;salary&quot;:340200,&quot;pincode&quot;:&quot;657627&quot;,&quot;userid&quot;:&quot;JhBYP4cJfoSdzZYlgKZk&quot;,&quot;id&quot;:&quot;8H8fQKT2Q1jACLckKuwN&quot;},{&quot;accountno&quot;:&quot;12345678&quot;,&quot;departmentno&quot;:5,&quot;salary&quot;:50000,&quot;pincode&quot;:123456,&quot;userid&quot;:&quot;wozinFeN6FJBAuFTkkRg&quot;,&quot;id&quot;:&quot;kIbAcNVAn94tunMP44j6&quot;},{&quot;accountno&quot;:&quot;34534534&quot;,&quot;departmentno&quot;:4,&quot;salary&quot;:340200,&quot;pincode&quot;:963499,&quot;userid&quot;:&quot;oMd5YAmhluD6Tj1uDNmd&quot;,&quot;id&quot;:&quot;kVPWcPwiP041lLmCE3Tm&quot;},{&quot;accountno&quot;:&quot;12121210&quot;,&quot;departmentno&quot;:3,&quot;salary&quot;:4444,&quot;pincode&quot;:543210,&quot;userid&quot;:&quot;uHlioc8HrdughhsRebNO&quot;,&quot;id&quot;:&quot;Rqf2HWitHH6b4UT6nrpx&quot;},{&quot;accountno&quot;:&quot;12312312&quot;,&quot;departmentno&quot;:&quot;2&quot;,&quot;salary&quot;:&quot;85000&quot;,&quot;pincode&quot;:&quot;968322&quot;,&quot;userid&quot;:&quot;oMd5YAmhluD6Tj1uDNmd&quot;,&quot;id&quot;:&quot;NnmEfa3PGIlaA2TA4vUU&quot;},{&quot;accountno&quot;:&quot;11122233&quot;,&quot;departmentno&quot;:3,&quot;salary&quot;:123222,&quot;pincode&quot;:444555,&quot;userid&quot;:&quot;fb4a0fhoAAehQGIQ3DUg&quot;,&quot;id&quot;:&quot;ey0CrdoYIeypEeMUlKSk&quot;},{&quot;accountno&quot;:&quot;838392&quot;,&quot;departmentno&quot;:&quot;45&quot;,&quot;salary&quot;:&quot;5555&quot;,&quot;pincode&quot;:&quot;565656&quot;,&quot;userid&quot;:&quot;BIDNMczcV6BPtYdHfM89&quot;,&quot;id&quot;:&quot;6MKTSGQb6dmGUpK5e9as&quot;},{&quot;accountno&quot;:&quot;4444444&quot;,&quot;departmentno&quot;:&quot;4&quot;,&quot;salary&quot;:&quot;4444&quot;,&quot;pincode&quot;:&quot;44444&quot;,&quot;userid&quot;:&quot;eUElBTpUvjJXLAlXqboz&quot;,&quot;id&quot;:&quot;jRneJhIK2DLJoMsBKE5s&quot;},{&quot;accountno&quot;:&quot;98989898&quot;,&quot;departmentno&quot;:&quot;9&quot;,&quot;salary&quot;:&quot;9898&quot;,&quot;pincode&quot;:&quot;989898&quot;,&quot;userid&quot;:&quot;slMmUbcVYDhaNDcAeSQv&quot;,&quot;id&quot;:&quot;1hzDdcCxiaL904H6HI7w&quot;},{&quot;accountno&quot;:&quot;23232323&quot;,&quot;departmentno&quot;:&quot;4&quot;,&quot;salary&quot;:&quot;55666&quot;,&quot;pincode&quot;:&quot;666777&quot;,&quot;userid&quot;:&quot;slMmUbcVYDhaNDcAeSQv&quot;,&quot;id&quot;:&quot;DSh9sz4i2PCkFMoyfieE&quot;},{&quot;accountno&quot;:&quot;22222331&quot;,&quot;departmentno&quot;:&quot;5&quot;,&quot;salary&quot;:&quot;1111&quot;,&quot;pincode&quot;:&quot;111111&quot;,&quot;userid&quot;:&quot;jNuJRaZD68Qzh2SYg7d8&quot;,&quot;id&quot;:&quot;F0E5QyyBRPxOKhyIjqUt&quot;},{&quot;accountno&quot;:&quot;65659880&quot;,&quot;departmentno&quot;:5,&quot;salary&quot;:&quot;232839&quot;,&quot;pincode&quot;:666667,&quot;userid&quot;:&quot;r7Xs7rIWPFLpdqJqxV8J&quot;,&quot;id&quot;:&quot;fgWLfy6vashuJdxFENJv&quot;},{&quot;accountno&quot;:&quot;65656890&quot;,&quot;departmentno&quot;:&quot;5&quot;,&quot;salary&quot;:&quot;236789&quot;,&quot;pincode&quot;:&quot;666666&quot;,&quot;userid&quot;:&quot;r7Xs7rIWPFLpdqJqxV8J&quot;,&quot;id&quot;:&quot;OmsRB1dB0O44RyJiH2qO&quot;},{&quot;accountno&quot;:&quot;65659880&quot;,&quot;departmentno&quot;:5,&quot;salary&quot;:&quot;232839&quot;,&quot;pincode&quot;:666667,&quot;userid&quot;:&quot;r7Xs7rIWPFLpdqJqxV8J&quot;,&quot;id&quot;:&quot;xjBiHUEnHQxzACq9F8Jm&quot;},{&quot;accountno&quot;:&quot;12222221&quot;,&quot;departmentno&quot;:&quot;1&quot;,&quot;salary&quot;:&quot;111&quot;,&quot;pincode&quot;:&quot;111111&quot;,&quot;userid&quot;:&quot;o5z0wWQmLgIEd5ubM9Sd&quot;,&quot;id&quot;:&quot;8VPUUzxuzJN0MisUZnw3&quot;},{&quot;accountno&quot;:&quot;12222221&quot;,&quot;departmentno&quot;:&quot;1&quot;,&quot;salary&quot;:&quot;111&quot;,&quot;pincode&quot;:&quot;111111&quot;,&quot;userid&quot;:&quot;o5z0wWQmLgIEd5ubM9Sd&quot;,&quot;id&quot;:&quot;EzT10Z7L0ol6uaiYqyVp&quot;},{&quot;accountno&quot;:&quot;12345678&quot;,&quot;departmentno&quot;:&quot;1&quot;,&quot;salary&quot;:&quot;2000&quot;,&quot;pincode&quot;:&quot;950141&quot;,&quot;userid&quot;:&quot;o5z0wWQmLgIEd5ubM9Sd&quot;,&quot;id&quot;:&quot;pvv0H90xgQYq7dFMipI4&quot;},{&quot;accountno&quot;:&quot;10998886&quot;,&quot;departmentno&quot;:&quot;1&quot;,&quot;salary&quot;:&quot;998877&quot;,&quot;pincode&quot;:&quot;998877&quot;,&quot;userid&quot;:&quot;PMtbCbA3ch7BcLhyUGTM&quot;,&quot;id&quot;:&quot;GKhyP2aag9xyAEqXvyXj&quot;},{&quot;accountno&quot;:&quot;TA-1111119&quot;,&quot;departmentno&quot;:&quot;1&quot;,&quot;salary&quot;:&quot;1000000&quot;,&quot;pincode&quot;:&quot;123456&quot;,&quot;userid&quot;:&quot;7SgE9egdJYoR0rWjUqrx&quot;,&quot;id&quot;:&quot;HP4zwKAavE5AbOUDppWQ&quot;},{&quot;accountno&quot;:&quot;TA-1111119&quot;,&quot;departmentno&quot;:&quot;1&quot;,&quot;salary&quot;:&quot;1000000&quot;,&quot;pincode&quot;:&quot;123456&quot;,&quot;userid&quot;:&quot;7SgE9egdJYoR0rWjUqrx&quot;,&quot;id&quot;:&quot;IHvXVpfO6GbrHaWCQfjH&quot;},{&quot;accountno&quot;:&quot;TA-1111119&quot;,&quot;departmentno&quot;:&quot;1&quot;,&quot;salary&quot;:&quot;1000000&quot;,&quot;pincode&quot;:&quot;123456&quot;,&quot;userid&quot;:&quot;7SgE9egdJYoR0rWjUqrx&quot;,&quot;id&quot;:&quot;IZrIDNOKadSAkvvVzYsA&quot;},{&quot;accountno&quot;:&quot;TA-1111119&quot;,&quot;departmentno&quot;:&quot;1&quot;,&quot;salary&quot;:&quot;1000000&quot;,&quot;pincode&quot;:&quot;123456&quot;,&quot;userid&quot;:&quot;7SgE9egdJYoR0rWjUqrx&quot;,&quot;id&quot;:&quot;dbNRUZqauoRyAPqOsrI4&quot;},{&quot;accountno&quot;:&quot;20820808&quot;,&quot;departmentno&quot;:&quot;208&quot;,&quot;salary&quot;:&quot;80008&quot;,&quot;pincode&quot;:&quot;530044&quot;,&quot;userid&quot;:&quot;HuYhG15hCmuwXBhKEYKt&quot;,&quot;id&quot;:&quot;lTjwOqqtHiUjSWTDBddU&quot;},{&quot;accountno&quot;:234567,&quot;departmentno&quot;:3,&quot;salary&quot;:45000,&quot;pincode&quot;:95035,&quot;userid&quot;:&quot;xlqBI2bMTgs2WYDkMnQo&quot;,&quot;id&quot;:&quot;ckC0h0qYFJEe6GYDOPA8&quot;},{&quot;accountno&quot;:234567,&quot;departmentno&quot;:3,&quot;salary&quot;:45000,&quot;pincode&quot;:95035,&quot;userid&quot;:&quot;xlqBI2bMTgs2WYDkMnQo&quot;,&quot;id&quot;:&quot;pvWu7f4XgeqPVrEawvzi&quot;},{&quot;accountno&quot;:234567,&quot;departmentno&quot;:3,&quot;salary&quot;:45000,&quot;pincode&quot;:95035,&quot;userid&quot;:&quot;xlqBI2bMTgs2WYDkMnQo&quot;,&quot;id&quot;:&quot;rxaBhaFKdeUMgRmqc3q8&quot;},{&quot;accountno&quot;:234567,&quot;departmentno&quot;:3,&quot;salary&quot;:45000,&quot;pincode&quot;:95035,&quot;userid&quot;:&quot;xlqBI2bMTgs2WYDkMnQo&quot;,&quot;id&quot;:&quot;mHjdcckOLINC9Q6hRvsH&quot;},{&quot;accountno&quot;:234567,&quot;departmentno&quot;:3,&quot;salary&quot;:45000,&quot;pincode&quot;:95035,&quot;userid&quot;:&quot;xlqBI2bMTgs2WYDkMnQo&quot;,&quot;id&quot;:&quot;wHOdRVWxSdOozuamCcc7&quot;},{&quot;accountno&quot;:234567,&quot;departmentno&quot;:3,&quot;salary&quot;:45000,&quot;pincode&quot;:95035,&quot;userid&quot;:&quot;xlqBI2bMTgs2WYDkMnQo&quot;,&quot;id&quot;:&quot;VTwEyKTRI07IuW6kDDmx&quot;},{&quot;accountno&quot;:234567,&quot;departmentno&quot;:3,&quot;salary&quot;:45000,&quot;pincode&quot;:95035,&quot;userid&quot;:&quot;xlqBI2bMTgs2WYDkMnQo&quot;,&quot;id&quot;:&quot;sdhyk9DpcqYbSxHWbc93&quot;},{&quot;accountno&quot;:234567,&quot;departmentno&quot;:3,&quot;salary&quot;:45000,&quot;pincode&quot;:95035,&quot;userid&quot;:&quot;xlqBI2bMTgs2WYDkMnQo&quot;,&quot;id&quot;:&quot;ecyLL5GJ2FoLHcOd46x4&quot;},{&quot;accountno&quot;:&quot;65659880&quot;,&quot;departmentno&quot;:5,&quot;salary&quot;:&quot;232839&quot;,&quot;pincode&quot;:666667,&quot;userid&quot;:&quot;r7Xs7rIWPFLpdqJqxV8J&quot;,&quot;id&quot;:&quot;IWoV2TAzFrTzQffxa7GO&quot;},{&quot;accountno&quot;:&quot;65659880&quot;,&quot;departmentno&quot;:5,&quot;salary&quot;:&quot;232839&quot;,&quot;pincode&quot;:666667,&quot;userid&quot;:&quot;r7Xs7rIWPFLpdqJqxV8J&quot;,&quot;id&quot;:&quot;iLU9Tyc8tT9ZaUrTH2Ur&quot;},{&quot;accountno&quot;:&quot;65659880&quot;,&quot;departmentno&quot;:5,&quot;salary&quot;:&quot;232839&quot;,&quot;pincode&quot;:666667,&quot;userid&quot;:&quot;r7Xs7rIWPFLpdqJqxV8J&quot;,&quot;id&quot;:&quot;fzOcLcS2DvTxODHWhgvi&quot;},{&quot;accountno&quot;:&quot;65659880&quot;,&quot;departmentno&quot;:5,&quot;salary&quot;:&quot;232839&quot;,&quot;pincode&quot;:666667,&quot;userid&quot;:&quot;r7Xs7rIWPFLpdqJqxV8J&quot;,&quot;id&quot;:&quot;uhUXBcqzYNl4ZBxJDKu0&quot;},{&quot;accountno&quot;:&quot;65659880&quot;,&quot;departmentno&quot;:5,&quot;salary&quot;:&quot;232839&quot;,&quot;pincode&quot;:666667,&quot;userid&quot;:&quot;r7Xs7rIWPFLpdqJqxV8J&quot;,&quot;id&quot;:&quot;cRFYU5IAPpg79ZhP1OMg&quot;},{&quot;accountno&quot;:&quot;TA-1111119&quot;,&quot;departmentno&quot;:&quot;1&quot;,&quot;salary&quot;:&quot;1000000&quot;,&quot;pincode&quot;:&quot;123456&quot;,&quot;userid&quot;:&quot;7SgE9egdJYoR0rWjUqrx&quot;,&quot;id&quot;:&quot;kgNJkau0ew3TLmIy0cOB&quot;},{&quot;accountno&quot;:&quot;TA-1111119&quot;,&quot;departmentno&quot;:&quot;1&quot;,&quot;salary&quot;:&quot;1000000&quot;,&quot;pincode&quot;:&quot;123456&quot;,&quot;userid&quot;:&quot;7SgE9egdJYoR0rWjUqrx&quot;,&quot;id&quot;:&quot;9J0eEYJ50E7FBvvKaZDz&quot;},{&quot;accountno&quot;:&quot;TA-1111119&quot;,&quot;departmentno&quot;:&quot;1&quot;,&quot;salary&quot;:&quot;1000000&quot;,&quot;pincode&quot;:&quot;123456&quot;,&quot;userid&quot;:&quot;7SgE9egdJYoR0rWjUqrx&quot;,&quot;id&quot;:&quot;skyiyZlhPfkINs1RqGDr&quot;},{&quot;accountno&quot;:&quot;TA-1111119&quot;,&quot;departmentno&quot;:&quot;1&quot;,&quot;salary&quot;:&quot;1000000&quot;,&quot;pincode&quot;:&quot;123456&quot;,&quot;userid&quot;:&quot;7SgE9egdJYoR0rWjUqrx&quot;,&quot;id&quot;:&quot;UPPkqjQLx8qYnCx5x46q&quot;},{&quot;accountno&quot;:&quot;65659880&quot;,&quot;departmentno&quot;:5,&quot;salary&quot;:&quot;232839&quot;,&quot;pincode&quot;:666667,&quot;userid&quot;:&quot;r7Xs7rIWPFLpdqJqxV8J&quot;,&quot;id&quot;:&quot;HGwEpp0IwpJrw5DTtESp&quot;},{&quot;accountno&quot;:&quot;65659880&quot;,&quot;departmentno&quot;:5,&quot;salary&quot;:&quot;232839&quot;,&quot;pincode&quot;:666667,&quot;userid&quot;:&quot;r7Xs7rIWPFLpdqJqxV8J&quot;,&quot;id&quot;:&quot;gQkjRfXPB6Md0kySKYSM&quot;},{&quot;accountno&quot;:234567,&quot;departmentno&quot;:3,&quot;salary&quot;:45000,&quot;pincode&quot;:95035,&quot;userid&quot;:&quot;xlqBI2bMTgs2WYDkMnQo&quot;,&quot;id&quot;:&quot;pBDjRqKq8SVCNGz7REjl&quot;},{&quot;accountno&quot;:234567,&quot;departmentno&quot;:3,&quot;salary&quot;:45000,&quot;pincode&quot;:95035,&quot;userid&quot;:&quot;xlqBI2bMTgs2WYDkMnQo&quot;,&quot;id&quot;:&quot;l9DJVRVRC43WvPokbaEw&quot;},{&quot;accountno&quot;:234567,&quot;departmentno&quot;:3,&quot;salary&quot;:45000,&quot;pincode&quot;:95035,&quot;userid&quot;:&quot;xlqBI2bMTgs2WYDkMnQo&quot;,&quot;id&quot;:&quot;dQjIrb3dALOCn9cCMtcs&quot;},{&quot;accountno&quot;:234567,&quot;departmentno&quot;:3,&quot;salary&quot;:45000,&quot;pincode&quot;:95035,&quot;userid&quot;:&quot;xlqBI2bMTgs2WYDkMnQo&quot;,&quot;id&quot;:&quot;XhtrvD6hOJaFxje4KSx5&quot;},{&quot;accountno&quot;:234567,&quot;departmentno&quot;:3,&quot;salary&quot;:45000,&quot;pincode&quot;:95035,&quot;userid&quot;:&quot;xlqBI2bMTgs2WYDkMnQo&quot;,&quot;id&quot;:&quot;vyS1nXULtuYs8N7891Rj&quot;},{&quot;accountno&quot;:234567,&quot;departmentno&quot;:3,&quot;salary&quot;:45000,&quot;pincode&quot;:95035,&quot;userid&quot;:&quot;xlqBI2bMTgs2WYDkMnQo&quot;,&quot;id&quot;:&quot;PGBvsDnhGuySze7syDcv&quot;},{&quot;accountno&quot;:234567,&quot;departmentno&quot;:3,&quot;salary&quot;:45000,&quot;pincode&quot;:95035,&quot;userid&quot;:&quot;xlqBI2bMTgs2WYDkMnQo&quot;,&quot;id&quot;:&quot;A9yOViqjHki2BHuF80oZ&quot;},{&quot;accountno&quot;:234567,&quot;departmentno&quot;:3,&quot;salary&quot;:45000,&quot;pincode&quot;:95035,&quot;userid&quot;:&quot;xlqBI2bMTgs2WYDkMnQo&quot;,&quot;id&quot;:&quot;HZVhaOpQ2mJj8iQgPlY8&quot;},{&quot;accountno&quot;:234567,&quot;departmentno&quot;:3,&quot;salary&quot;:45000,&quot;pincode&quot;:95035,&quot;userid&quot;:&quot;xlqBI2bMTgs2WYDkMnQo&quot;,&quot;id&quot;:&quot;986KkNw8H4DTUB5jbFZx&quot;},{&quot;accountno&quot;:234567,&quot;departmentno&quot;:3,&quot;salary&quot;:45000,&quot;pincode&quot;:95035,&quot;userid&quot;:&quot;xlqBI2bMTgs2WYDkMnQo&quot;,&quot;id&quot;:&quot;yUFZUXkAz6S5XZGApipg&quot;},{&quot;accountno&quot;:234567,&quot;departmentno&quot;:3,&quot;salary&quot;:45000,&quot;pincode&quot;:95035,&quot;userid&quot;:&quot;xlqBI2bMTgs2WYDkMnQo&quot;,&quot;id&quot;:&quot;YbZptwYwkMaJgBFCoZEM&quot;},{&quot;accountno&quot;:234567,&quot;departmentno&quot;:3,&quot;salary&quot;:45000,&quot;pincode&quot;:95035,&quot;userid&quot;:&quot;xlqBI2bMTgs2WYDkMnQo&quot;,&quot;id&quot;:&quot;N8TX3uLG5REEVqbGaJbT&quot;},{&quot;accountno&quot;:234567,&quot;departmentno&quot;:3,&quot;salary&quot;:45000,&quot;pincode&quot;:95035,&quot;userid&quot;:&quot;xlqBI2bMTgs2WYDkMnQo&quot;,&quot;id&quot;:&quot;P1BbxUgWpB8rsxdMbry9&quot;},{&quot;accountno&quot;:234567,&quot;departmentno&quot;:3,&quot;salary&quot;:45000,&quot;pincode&quot;:95035,&quot;userid&quot;:&quot;xlqBI2bMTgs2WYDkMnQo&quot;,&quot;id&quot;:&quot;50T8e7mk2cANeWMvAShu&quot;},{&quot;accountno&quot;:234567,&quot;departmentno&quot;:3,&quot;salary&quot;:45000,&quot;pincode&quot;:95035,&quot;userid&quot;:&quot;xlqBI2bMTgs2WYDkMnQo&quot;,&quot;id&quot;:&quot;DUdiM5tnzuGdo8c0zVLf&quot;},{&quot;accountno&quot;:234567,&quot;departmentno&quot;:3,&quot;salary&quot;:45000,&quot;pincode&quot;:95035,&quot;userid&quot;:&quot;xlqBI2bMTgs2WYDkMnQo&quot;,&quot;id&quot;:&quot;BxhGY2imjwnfCmZTDjoi&quot;},{&quot;accountno&quot;:234567,&quot;departmentno&quot;:3,&quot;salary&quot;:45000,&quot;pincode&quot;:95035,&quot;userid&quot;:&quot;xlqBI2bMTgs2WYDkMnQo&quot;,&quot;id&quot;:&quot;QTlPmIq6kMY8AwHy0igN&quot;},{&quot;accountno&quot;:234567,&quot;departmentno&quot;:3,&quot;salary&quot;:45000,&quot;pincode&quot;:95035,&quot;userid&quot;:&quot;xlqBI2bMTgs2WYDkMnQo&quot;,&quot;id&quot;:&quot;LM95F5CBAWNFhsXScY5j&quot;},{&quot;accountno&quot;:234567,&quot;departmentno&quot;:3,&quot;salary&quot;:45000,&quot;pincode&quot;:95035,&quot;userid&quot;:&quot;xlqBI2bMTgs2WYDkMnQo&quot;,&quot;id&quot;:&quot;f8UJkB73Pr8JMbYnTfK2&quot;},{&quot;accountno&quot;:234567,&quot;departmentno&quot;:3,&quot;salary&quot;:45000,&quot;pincode&quot;:95035,&quot;userid&quot;:&quot;xlqBI2bMTgs2WYDkMnQo&quot;,&quot;id&quot;:&quot;9sB9Zoc0BZzFrfZf9Ece&quot;},{&quot;accountno&quot;:234567,&quot;departmentno&quot;:3,&quot;salary&quot;:45000,&quot;pincode&quot;:95035,&quot;userid&quot;:&quot;xlqBI2bMTgs2WYDkMnQo&quot;,&quot;id&quot;:&quot;AnFlxAlecqwi4MZdc1Jw&quot;},{&quot;accountno&quot;:234567,&quot;departmentno&quot;:3,&quot;salary&quot;:45000,&quot;pincode&quot;:95035,&quot;userid&quot;:&quot;xlqBI2bMTgs2WYDkMnQo&quot;,&quot;id&quot;:&quot;EOd0ORzB438i8NuvOpXw&quot;},{&quot;accountno&quot;:234567,&quot;departmentno&quot;:3,&quot;salary&quot;:45000,&quot;pincode&quot;:95035,&quot;userid&quot;:&quot;xlqBI2bMTgs2WYDkMnQo&quot;,&quot;id&quot;:&quot;J9istTDKetPywV3WxXdr&quot;},{&quot;accountno&quot;:234567,&quot;departmentno&quot;:3,&quot;salary&quot;:45000,&quot;pincode&quot;:95035,&quot;userid&quot;:&quot;xlqBI2bMTgs2WYDkMnQo&quot;,&quot;id&quot;:&quot;yhJMzfXpebXMHK88vp3C&quot;},{&quot;accountno&quot;:234567,&quot;departmentno&quot;:3,&quot;salary&quot;:45000,&quot;pincode&quot;:95035,&quot;userid&quot;:&quot;xlqBI2bMTgs2WYDkMnQo&quot;,&quot;id&quot;:&quot;sRINxUfGfkOxfs4CaqGN&quot;},{&quot;accountno&quot;:&quot;14145657&quot;,&quot;departmentno&quot;:6,&quot;salary&quot;:750000,&quot;pincode&quot;:950356,&quot;userid&quot;:&quot;ynD11D7ODdXV2bEc0s3m&quot;,&quot;id&quot;:&quot;eJf65Wocd8f3g5odmR1t&quot;},{&quot;accountno&quot;:234567,&quot;departmentno&quot;:3,&quot;salary&quot;:45000,&quot;pincode&quot;:95035,&quot;userid&quot;:&quot;xlqBI2bMTgs2WYDkMnQo&quot;,&quot;id&quot;:&quot;gV9phsZ0IeBnLLgg1J2j&quot;},{&quot;accountno&quot;:234567,&quot;departmentno&quot;:3,&quot;salary&quot;:45000,&quot;pincode&quot;:95035,&quot;userid&quot;:&quot;xlqBI2bMTgs2WYDkMnQo&quot;,&quot;id&quot;:&quot;32j2w9J6ToaQkyzxaVgT&quot;},{&quot;accountno&quot;:&quot;14145657&quot;,&quot;departmentno&quot;:6,&quot;salary&quot;:750000,&quot;pincode&quot;:950356,&quot;userid&quot;:&quot;ynD11D7ODdXV2bEc0s3m&quot;,&quot;id&quot;:&quot;1ZeRVlyygOpIdYRS9LqH&quot;},{&quot;accountno&quot;:&quot;14145657&quot;,&quot;departmentno&quot;:6,&quot;salary&quot;:750000,&quot;pincode&quot;:950356,&quot;userid&quot;:&quot;ynD11D7ODdXV2bEc0s3m&quot;,&quot;id&quot;:&quot;956a3stFX79ihZ7yEL31&quot;},{&quot;accountno&quot;:234567,&quot;departmentno&quot;:3,&quot;salary&quot;:45000,&quot;pincode&quot;:95035,&quot;userid&quot;:&quot;xlqBI2bMTgs2WYDkMnQo&quot;,&quot;id&quot;:&quot;AIAIZFWaaOI6kI0ITGob&quot;},{&quot;accountno&quot;:234567,&quot;departmentno&quot;:3,&quot;salary&quot;:45000,&quot;pincode&quot;:95035,&quot;userid&quot;:&quot;xlqBI2bMTgs2WYDkMnQo&quot;,&quot;id&quot;:&quot;8sezgjbfrHpwJZNATImn&quot;},{&quot;accountno&quot;:234567,&quot;departmentno&quot;:3,&quot;salary&quot;:45000,&quot;pincode&quot;:95035,&quot;userid&quot;:&quot;xlqBI2bMTgs2WYDkMnQo&quot;,&quot;id&quot;:&quot;PPlQ1GsXjljSMy9UKlZe&quot;},{&quot;accountno&quot;:234567,&quot;departmentno&quot;:3,&quot;salary&quot;:45000,&quot;pincode&quot;:95035,&quot;userid&quot;:&quot;xlqBI2bMTgs2WYDkMnQo&quot;,&quot;id&quot;:&quot;69i8BSkgtoORaxVg8SlZ&quot;},{&quot;accountno&quot;:234567,&quot;departmentno&quot;:3,&quot;salary&quot;:45000,&quot;pincode&quot;:95035,&quot;userid&quot;:&quot;xlqBI2bMTgs2WYDkMnQo&quot;,&quot;id&quot;:&quot;V5uFP0MImn89QZVOpm6M&quot;},{&quot;accountno&quot;:234567,&quot;departmentno&quot;:3,&quot;salary&quot;:45000,&quot;pincode&quot;:95035,&quot;userid&quot;:&quot;xlqBI2bMTgs2WYDkMnQo&quot;,&quot;id&quot;:&quot;pvtWpp3zLNptt35YLHym&quot;},{&quot;accountno&quot;:234567,&quot;departmentno&quot;:3,&quot;salary&quot;:45000,&quot;pincode&quot;:95035,&quot;userid&quot;:&quot;xlqBI2bMTgs2WYDkMnQo&quot;,&quot;id&quot;:&quot;6p9oWiPLk0wVjtvAlrRR&quot;},{&quot;accountno&quot;:&quot;14145657&quot;,&quot;departmentno&quot;:6,&quot;salary&quot;:750000,&quot;pincode&quot;:950356,&quot;userid&quot;:&quot;ynD11D7ODdXV2bEc0s3m&quot;,&quot;id&quot;:&quot;qWZ9uw0A0StL34ykk7eZ&quot;},{&quot;accountno&quot;:&quot;14145657&quot;,&quot;departmentno&quot;:6,&quot;salary&quot;:750000,&quot;pincode&quot;:950356,&quot;userid&quot;:&quot;ynD11D7ODdXV2bEc0s3m&quot;,&quot;id&quot;:&quot;ZozCNO8mkbybEyDA6V1O&quot;},{&quot;accountno&quot;:&quot;14145657&quot;,&quot;departmentno&quot;:6,&quot;salary&quot;:750000,&quot;pincode&quot;:950356,&quot;userid&quot;:&quot;ynD11D7ODdXV2bEc0s3m&quot;,&quot;id&quot;:&quot;3DIAwzcz8wKBxxyevoF7&quot;},{&quot;accountno&quot;:234567,&quot;departmentno&quot;:3,&quot;salary&quot;:45000,&quot;pincode&quot;:95035,&quot;userid&quot;:&quot;xlqBI2bMTgs2WYDkMnQo&quot;,&quot;id&quot;:&quot;srpZyzDw0AVoV2xxDQfG&quot;},{&quot;accountno&quot;:234567,&quot;departmentno&quot;:3,&quot;salary&quot;:45000,&quot;pincode&quot;:95035,&quot;userid&quot;:&quot;xlqBI2bMTgs2WYDkMnQo&quot;,&quot;id&quot;:&quot;fm24vseTIqIwnht1XFGP&quot;},{&quot;accountno&quot;:234567,&quot;departmentno&quot;:3,&quot;salary&quot;:45000,&quot;pincode&quot;:95035,&quot;userid&quot;:&quot;xlqBI2bMTgs2WYDkMnQo&quot;,&quot;id&quot;:&quot;nPmwrTrjJmc9Spu2fnl3&quot;},{&quot;accountno&quot;:234567,&quot;departmentno&quot;:3,&quot;salary&quot;:45000,&quot;pincode&quot;:95035,&quot;userid&quot;:&quot;xlqBI2bMTgs2WYDkMnQo&quot;,&quot;id&quot;:&quot;kKbJoHidp5gewTFpDvxK&quot;},{&quot;accountno&quot;:&quot;98989898&quot;,&quot;departmentno&quot;:&quot;9&quot;,&quot;salary&quot;:&quot;9898&quot;,&quot;pincode&quot;:&quot;989898&quot;,&quot;userid&quot;:&quot;slMmUbcVYDhaNDcAeSQv&quot;,&quot;id&quot;:&quot;AvaPqZYyuEvFZsgMQvUo&quot;},{&quot;accountno&quot;:&quot;5555555&quot;,&quot;departmentno&quot;:&quot;5&quot;,&quot;salary&quot;:&quot;5&quot;,&quot;pincode&quot;:&quot;55555555&quot;,&quot;userid&quot;:&quot;ajXcTA5IE2uIheV6YVab&quot;,&quot;id&quot;:&quot;3bOWF7vysPB7GFk8vg8h&quot;},{&quot;accountno&quot;:&quot;5555555&quot;,&quot;departmentno&quot;:&quot;5&quot;,&quot;salary&quot;:&quot;5&quot;,&quot;pincode&quot;:&quot;55555555&quot;,&quot;userid&quot;:&quot;ajXcTA5IE2uIheV6YVab&quot;,&quot;id&quot;:&quot;1usTEwLxzDjALCLJ7gMN&quot;},{&quot;accountno&quot;:&quot;10998887&quot;,&quot;departmentno&quot;:1,&quot;salary&quot;:99677,&quot;pincode&quot;:996677,&quot;userid&quot;:&quot;omTcoRmnaJkTGX9oZHG8&quot;,&quot;id&quot;:&quot;kh0mUY0NSvUUImTS8fee&quot;},{&quot;accountno&quot;:&quot;646464&quot;,&quot;departmentno&quot;:&quot;6&quot;,&quot;salary&quot;:&quot;64446&quot;,&quot;pincode&quot;:&quot;644446&quot;,&quot;userid&quot;:&quot;D2nTsRTUj40G3GdDZDs8&quot;,&quot;id&quot;:&quot;gjkymoDzZSjxhIyY3Iz6&quot;},{&quot;accountno&quot;:&quot;646464&quot;,&quot;departmentno&quot;:&quot;6&quot;,&quot;salary&quot;:&quot;64446&quot;,&quot;pincode&quot;:&quot;644446&quot;,&quot;userid&quot;:&quot;D2nTsRTUj40G3GdDZDs8&quot;,&quot;id&quot;:&quot;xbXpPGZcsI8GeKBGfe8N&quot;},{&quot;accountno&quot;:&quot;33746611&quot;,&quot;departmentno&quot;:&quot;2&quot;,&quot;salary&quot;:&quot;150081&quot;,&quot;pincode&quot;:&quot;687688&quot;,&quot;userid&quot;:&quot;Dike7NPhrAlQBXVvwCWX&quot;,&quot;id&quot;:&quot;fZP9QJq3cYfTxB1OS6RR&quot;},{&quot;accountno&quot;:&quot;11111111&quot;,&quot;departmentno&quot;:&quot;1&quot;,&quot;salary&quot;:&quot;111111&quot;,&quot;pincode&quot;:&quot;111111&quot;,&quot;userid&quot;:&quot;cYQUm0RLwjF8cH82r0c9&quot;,&quot;id&quot;:&quot;EvXrIiky80NpKztIrdJC&quot;},{&quot;accountno&quot;:&quot;87654321&quot;,&quot;departmentno&quot;:&quot;1&quot;,&quot;salary&quot;:&quot;120&quot;,&quot;pincode&quot;:&quot;852256&quot;,&quot;userid&quot;:&quot;y4EGNLRjrgtEjC6KVUVR&quot;,&quot;id&quot;:&quot;j5jokQZKKmWApr9p0Jwo&quot;},{&quot;accountno&quot;:&quot;20820806&quot;,&quot;departmentno&quot;:1,&quot;salary&quot;:80007,&quot;pincode&quot;:530044,&quot;userid&quot;:&quot;EkETnpudraNXM8GStxKE&quot;,&quot;id&quot;:&quot;EhJCAFRngY6TcypXDBdm&quot;},{&quot;accountno&quot;:&quot;20820808&quot;,&quot;departmentno&quot;:&quot;208&quot;,&quot;salary&quot;:&quot;80008&quot;,&quot;pincode&quot;:&quot;530044&quot;,&quot;userid&quot;:&quot;HuYhG15hCmuwXBhKEYKt&quot;,&quot;id&quot;:&quot;hfVivPoCS9oJ5pAogAji&quot;},{&quot;accountno&quot;:&quot;34344354&quot;,&quot;departmentno&quot;:&quot;9&quot;,&quot;salary&quot;:&quot;897667&quot;,&quot;pincode&quot;:&quot;675764&quot;,&quot;userid&quot;:&quot;qS0mZw0pk9dYD5A7F0MC&quot;,&quot;id&quot;:&quot;VlTUyykrZeYgznWHekNb&quot;},{&quot;accountno&quot;:&quot;19711972&quot;,&quot;departmentno&quot;:&quot;1&quot;,&quot;salary&quot;:&quot;10000&quot;,&quot;pincode&quot;:&quot;110011&quot;,&quot;userid&quot;:&quot;dh516zwKYjck3DNNx3wA&quot;,&quot;id&quot;:&quot;SeZr211sQkkteaGNqoIr&quot;},{&quot;accountno&quot;:&quot;19711972&quot;,&quot;departmentno&quot;:&quot;1&quot;,&quot;salary&quot;:&quot;10000&quot;,&quot;pincode&quot;:&quot;110011&quot;,&quot;userid&quot;:&quot;dh516zwKYjck3DNNx3wA&quot;,&quot;id&quot;:&quot;AK07jWrbUIOHXZxyWslM&quot;},{&quot;accountno&quot;:&quot;19711971&quot;,&quot;departmentno&quot;:&quot;1&quot;,&quot;salary&quot;:&quot;10000&quot;,&quot;pincode&quot;:&quot;110011&quot;,&quot;userid&quot;:&quot;dh516zwKYjck3DNNx3wA&quot;,&quot;id&quot;:&quot;LS952LEPlJYkBEO4UU3T&quot;},{&quot;accountno&quot;:&quot;19711971&quot;,&quot;departmentno&quot;:&quot;1&quot;,&quot;salary&quot;:&quot;10000&quot;,&quot;pincode&quot;:&quot;110011&quot;,&quot;userid&quot;:&quot;dh516zwKYjck3DNNx3wA&quot;,&quot;id&quot;:&quot;E9GCO6HuZZrnHuZGTWfa&quot;},{&quot;accountno&quot;:&quot;19811981&quot;,&quot;departmentno&quot;:&quot;1&quot;,&quot;salary&quot;:&quot;10000&quot;,&quot;pincode&quot;:&quot;110011&quot;,&quot;userid&quot;:&quot;dh516zwKYjck3DNNx3wA&quot;,&quot;id&quot;:&quot;VL99QOEvvXN7IBHPY2ix&quot;},{&quot;accountno&quot;:&quot;78127890&quot;,&quot;departmentno&quot;:&quot;1&quot;,&quot;salary&quot;:&quot;10000&quot;,&quot;pincode&quot;:&quot;110011&quot;,&quot;userid&quot;:&quot;dh516zwKYjck3DNNx3wA&quot;,&quot;id&quot;:&quot;ZmteSXrrd1TFuzw6at3P&quot;},{&quot;accountno&quot;:&quot;12356789&quot;,&quot;departmentno&quot;:&quot;1&quot;,&quot;salary&quot;:&quot;10000&quot;,&quot;pincode&quot;:&quot;110011&quot;,&quot;userid&quot;:&quot;dh516zwKYjck3DNNx3wA&quot;,&quot;id&quot;:&quot;kHvCB8AFW5DG1xxNVVh7&quot;},{&quot;accountno&quot;:&quot;12356789&quot;,&quot;departmentno&quot;:&quot;1&quot;,&quot;salary&quot;:&quot;10000&quot;,&quot;pincode&quot;:&quot;110011&quot;,&quot;userid&quot;:&quot;dh516zwKYjck3DNNx3wA&quot;,&quot;id&quot;:&quot;igDv495QlNZgKZKcHVYu&quot;},{&quot;accountno&quot;:&quot;12356789&quot;,&quot;departmentno&quot;:&quot;1&quot;,&quot;salary&quot;:&quot;10000&quot;,&quot;pincode&quot;:&quot;110011&quot;,&quot;userid&quot;:&quot;dh516zwKYjck3DNNx3wA&quot;,&quot;id&quot;:&quot;Rof8st2pXZm6K71RN9ZZ&quot;},{&quot;accountno&quot;:&quot;12356789&quot;,&quot;departmentno&quot;:&quot;1&quot;,&quot;salary&quot;:&quot;10000&quot;,&quot;pincode&quot;:&quot;110011&quot;,&quot;userid&quot;:&quot;dh516zwKYjck3DNNx3wA&quot;,&quot;id&quot;:&quot;9KqFKc87cvqMvrQuMbO4&quot;},{&quot;accountno&quot;:&quot;12356789&quot;,&quot;departmentno&quot;:&quot;1&quot;,&quot;salary&quot;:&quot;10000&quot;,&quot;pincode&quot;:&quot;110011&quot;,&quot;userid&quot;:&quot;dh516zwKYjck3DNNx3wA&quot;,&quot;id&quot;:&quot;3sjncXyiKysq43piuSd5&quot;},{&quot;accountno&quot;:&quot;87654321&quot;,&quot;departmentno&quot;:&quot;8&quot;,&quot;salary&quot;:&quot;1000023&quot;,&quot;pincode&quot;:&quot;654321&quot;,&quot;userid&quot;:&quot;qS0mZw0pk9dYD5A7F0MC&quot;,&quot;id&quot;:&quot;DgHcy7ffUfT5W6UQqCOF&quot;},{&quot;accountno&quot;:&quot;12356789&quot;,&quot;departmentno&quot;:&quot;1&quot;,&quot;salary&quot;:&quot;10000&quot;,&quot;pincode&quot;:&quot;110011&quot;,&quot;userid&quot;:&quot;dh516zwKYjck3DNNx3wA&quot;,&quot;id&quot;:&quot;ka6FnYGxi3Okpbt5xq1R&quot;},{&quot;accountno&quot;:&quot;12356789&quot;,&quot;departmentno&quot;:&quot;1&quot;,&quot;salary&quot;:&quot;10000&quot;,&quot;pincode&quot;:&quot;110011&quot;,&quot;userid&quot;:&quot;dh516zwKYjck3DNNx3wA&quot;,&quot;id&quot;:&quot;RFDlCIvXp1pfvIep8OCR&quot;},{&quot;accountno&quot;:&quot;12356789&quot;,&quot;departmentno&quot;:&quot;1&quot;,&quot;salary&quot;:&quot;10000&quot;,&quot;pincode&quot;:&quot;110011&quot;,&quot;userid&quot;:&quot;dh516zwKYjck3DNNx3wA&quot;,&quot;id&quot;:&quot;o6CQFEmpP64KY5OVTYks&quot;},{&quot;accountno&quot;:&quot;12356789&quot;,&quot;departmentno&quot;:&quot;1&quot;,&quot;salary&quot;:&quot;10000&quot;,&quot;pincode&quot;:&quot;110011&quot;,&quot;userid&quot;:&quot;dh516zwKYjck3DNNx3wA&quot;,&quot;id&quot;:&quot;53iA42FYKGSyD4o8vlue&quot;},{&quot;accountno&quot;:&quot;12356789&quot;,&quot;departmentno&quot;:&quot;1&quot;,&quot;salary&quot;:&quot;10000&quot;,&quot;pincode&quot;:&quot;110011&quot;,&quot;userid&quot;:&quot;dh516zwKYjck3DNNx3wA&quot;,&quot;id&quot;:&quot;RXm9jKmYkGK8wGNKH9JH&quot;},{&quot;accountno&quot;:&quot;87651111&quot;,&quot;departmentno&quot;:&quot;8&quot;,&quot;salary&quot;:&quot;1000035&quot;,&quot;pincode&quot;:&quot;654321&quot;,&quot;userid&quot;:&quot;qS0mZw0pk9dYD5A7F0MC&quot;,&quot;id&quot;:&quot;Pjo3mXwMwni6szgB5ti7&quot;},{&quot;accountno&quot;:&quot;88888888&quot;,&quot;departmentno&quot;:8,&quot;salary&quot;:888,&quot;pincode&quot;:585408,&quot;userid&quot;:&quot;y648pmQXfsSeKK79RXnD&quot;,&quot;id&quot;:&quot;tPCZqqg2xowZ5Ma0MGQ8&quot;},{&quot;accountno&quot;:&quot;35345346&quot;,&quot;departmentno&quot;:&quot;4&quot;,&quot;salary&quot;:&quot;43546546&quot;,&quot;pincode&quot;:&quot;436455&quot;,&quot;userid&quot;:&quot;qS0mZw0pk9dYD5A7F0MC&quot;,&quot;id&quot;:&quot;ixF1ov1uxhvF8FNMmuFB&quot;},{&quot;accountno&quot;:&quot;12340987&quot;,&quot;departmentno&quot;:&quot;2&quot;,&quot;salary&quot;:&quot;1290&quot;,&quot;pincode&quot;:&quot;110011&quot;,&quot;userid&quot;:&quot;dh516zwKYjck3DNNx3wA&quot;,&quot;id&quot;:&quot;q63DVIZn6Moy7JIMnTg5&quot;},{&quot;accountno&quot;:&quot;12340987&quot;,&quot;departmentno&quot;:&quot;2&quot;,&quot;salary&quot;:&quot;1290&quot;,&quot;pincode&quot;:&quot;110011&quot;,&quot;userid&quot;:&quot;dh516zwKYjck3DNNx3wA&quot;,&quot;id&quot;:&quot;2ySVSsmJgwas9ptOw4bi&quot;},{&quot;accountno&quot;:&quot;33339999&quot;,&quot;departmentno&quot;:&quot;9&quot;,&quot;salary&quot;:&quot;393939&quot;,&quot;pincode&quot;:&quot;393939&quot;,&quot;userid&quot;:&quot;dh516zwKYjck3DNNx3wA&quot;,&quot;id&quot;:&quot;uch0WUHNLm74mR5ENUeV&quot;},{&quot;accountno&quot;:&quot;12340987&quot;,&quot;departmentno&quot;:&quot;2&quot;,&quot;salary&quot;:&quot;1290&quot;,&quot;pincode&quot;:&quot;110011&quot;,&quot;userid&quot;:&quot;dh516zwKYjck3DNNx3wA&quot;,&quot;id&quot;:&quot;yVx4jxURYL89uuynyCoq&quot;},{&quot;accountno&quot;:&quot;12340987&quot;,&quot;departmentno&quot;:&quot;2&quot;,&quot;salary&quot;:&quot;1290&quot;,&quot;pincode&quot;:&quot;110011&quot;,&quot;userid&quot;:&quot;dh516zwKYjck3DNNx3wA&quot;,&quot;id&quot;:&quot;VwGO7sTX04g5QonaONOv&quot;},{&quot;accountno&quot;:&quot;33333311&quot;,&quot;departmentno&quot;:&quot;31&quot;,&quot;salary&quot;:&quot;414&quot;,&quot;pincode&quot;:&quot;442244&quot;,&quot;userid&quot;:&quot;o5z0wWQmLgIEd5ubM9Sd&quot;,&quot;id&quot;:&quot;QaFUdOFZaBkWHI7VBsfA&quot;},{&quot;accountno&quot;:&quot;25111984&quot;,&quot;departmentno&quot;:&quot;1&quot;,&quot;salary&quot;:&quot;200&quot;,&quot;pincode&quot;:&quot;272991&quot;,&quot;userid&quot;:&quot;3J5bkU2v3mKCf3KHcBVV&quot;,&quot;id&quot;:&quot;gVq3KGiiE8zGlpiUCZaT&quot;},{&quot;accountno&quot;:&quot;88888888&quot;,&quot;departmentno&quot;:&quot;8&quot;,&quot;salary&quot;:&quot;88888888&quot;,&quot;pincode&quot;:&quot;888888&quot;,&quot;userid&quot;:&quot;f3OzzF7FjoRC4V2o7e5x&quot;,&quot;id&quot;:&quot;NFYtPMoos9dI2zOfPJy3&quot;},{&quot;accountno&quot;:&quot;88888888&quot;,&quot;departmentno&quot;:&quot;8&quot;,&quot;salary&quot;:&quot;88888888&quot;,&quot;pincode&quot;:&quot;888888&quot;,&quot;userid&quot;:&quot;f3OzzF7FjoRC4V2o7e5x&quot;,&quot;id&quot;:&quot;6f4OL1vULeNu7U8caK62&quot;},{&quot;accountno&quot;:&quot;12312312&quot;,&quot;departmentno&quot;:&quot;2&quot;,&quot;salary&quot;:&quot;121312312&quot;,&quot;pincode&quot;:&quot;342132&quot;,&quot;userid&quot;:&quot;qS0mZw0pk9dYD5A7F0MC&quot;,&quot;id&quot;:&quot;TgRTCuC3tgubiugIIUEn&quot;},{&quot;accountno&quot;:&quot;12121212&quot;,&quot;departmentno&quot;:&quot;1&quot;,&quot;salary&quot;:&quot;112234&quot;,&quot;pincode&quot;:&quot;111111&quot;,&quot;userid&quot;:&quot;qS0mZw0pk9dYD5A7F0MC&quot;,&quot;id&quot;:&quot;71A6XleCoZmpesGTruG3&quot;},{&quot;accountno&quot;:&quot;12222221&quot;,&quot;departmentno&quot;:&quot;1&quot;,&quot;salary&quot;:&quot;111&quot;,&quot;pincode&quot;:&quot;111111&quot;,&quot;userid&quot;:&quot;o5z0wWQmLgIEd5ubM9Sd&quot;,&quot;id&quot;:&quot;4ndcnnGq1IGULXtLswrO&quot;},{&quot;accountno&quot;:&quot;00000025&quot;,&quot;departmentno&quot;:&quot;1&quot;,&quot;salary&quot;:&quot;600000&quot;,&quot;pincode&quot;:&quot;950546&quot;,&quot;userid&quot;:&quot;snEzeOA2EDEZEpkJrwh5&quot;,&quot;id&quot;:&quot;1dSRQK5hIpvmXQapdLeR&quot;},{&quot;accountno&quot;:&quot;12345678&quot;,&quot;departmentno&quot;:&quot;6&quot;,&quot;salary&quot;:&quot;3324234234&quot;,&quot;pincode&quot;:&quot;344555&quot;,&quot;userid&quot;:&quot;qS0mZw0pk9dYD5A7F0MC&quot;,&quot;id&quot;:&quot;WeNtd6wNPnxSePZJyoSB&quot;},{&quot;accountno&quot;:&quot;23232323&quot;,&quot;departmentno&quot;:&quot;4&quot;,&quot;salary&quot;:&quot;55666&quot;,&quot;pincode&quot;:&quot;666777&quot;,&quot;userid&quot;:&quot;slMmUbcVYDhaNDcAeSQv&quot;,&quot;id&quot;:&quot;M2nGsGPbQP024aVn8dVh&quot;},{&quot;accountno&quot;:&quot;11112222&quot;,&quot;departmentno&quot;:&quot;3&quot;,&quot;salary&quot;:&quot;44555&quot;,&quot;pincode&quot;:&quot;666666&quot;,&quot;userid&quot;:&quot;slMmUbcVYDhaNDcAeSQv&quot;,&quot;id&quot;:&quot;6PK65oNZ0ia4iM8JwBy7&quot;},{&quot;accountno&quot;:&quot;11111111&quot;,&quot;departmentno&quot;:&quot;1&quot;,&quot;salary&quot;:&quot;111&quot;,&quot;pincode&quot;:&quot;111111&quot;,&quot;userid&quot;:&quot;o5z0wWQmLgIEd5ubM9Sd&quot;,&quot;id&quot;:&quot;h4KIVoUgK0Ny1Lg2AXEX&quot;},{&quot;accountno&quot;:&quot;12312312&quot;,&quot;departmentno&quot;:&quot;4&quot;,&quot;salary&quot;:&quot;55&quot;,&quot;pincode&quot;:&quot;222222&quot;,&quot;userid&quot;:&quot;o5z0wWQmLgIEd5ubM9Sd&quot;,&quot;id&quot;:&quot;olGaRyw7gn2hc0Eak9Td&quot;},{&quot;accountno&quot;:&quot;83339977&quot;,&quot;departmentno&quot;:9,&quot;salary&quot;:393939,&quot;pincode&quot;:393939,&quot;userid&quot;:&quot;dh516zwKYjck3DNNx3wA&quot;,&quot;id&quot;:&quot;fuGRnQPZeXgLRcJg1Bwh&quot;},{&quot;accountno&quot;:&quot;33339999&quot;,&quot;departmentno&quot;:&quot;9&quot;,&quot;salary&quot;:&quot;393939&quot;,&quot;pincode&quot;:&quot;393939&quot;,&quot;userid&quot;:&quot;dh516zwKYjck3DNNx3wA&quot;,&quot;id&quot;:&quot;6qPC7py0k44Vx9JhmgiC&quot;},{&quot;accountno&quot;:&quot;33339999&quot;,&quot;departmentno&quot;:&quot;9&quot;,&quot;salary&quot;:&quot;393939&quot;,&quot;pincode&quot;:&quot;393939&quot;,&quot;userid&quot;:&quot;dh516zwKYjck3DNNx3wA&quot;,&quot;id&quot;:&quot;wSC7CbZ3MAmcTLyap9tZ&quot;},{&quot;accountno&quot;:&quot;00000023&quot;,&quot;departmentno&quot;:&quot;1&quot;,&quot;salary&quot;:&quot;600000&quot;,&quot;pincode&quot;:&quot;950546&quot;,&quot;userid&quot;:&quot;snEzeOA2EDEZEpkJrwh5&quot;,&quot;id&quot;:&quot;0TpVVA5GNtlYXQXynB7m&quot;},{&quot;accountno&quot;:&quot;99999999&quot;,&quot;departmentno&quot;:&quot;9&quot;,&quot;salary&quot;:&quot;9999&quot;,&quot;pincode&quot;:&quot;989898&quot;,&quot;userid&quot;:&quot;slMmUbcVYDhaNDcAeSQv&quot;,&quot;id&quot;:&quot;4u7bHeOpdEqfpSG3fSdL&quot;},{&quot;accountno&quot;:&quot;33339999&quot;,&quot;departmentno&quot;:&quot;9&quot;,&quot;salary&quot;:&quot;393939&quot;,&quot;pincode&quot;:&quot;393939&quot;,&quot;userid&quot;:&quot;dh516zwKYjck3DNNx3wA&quot;,&quot;id&quot;:&quot;bex1MGICsPf3lviULaci&quot;},{&quot;accountno&quot;:&quot;33339999&quot;,&quot;departmentno&quot;:&quot;9&quot;,&quot;salary&quot;:&quot;393939&quot;,&quot;pincode&quot;:&quot;393939&quot;,&quot;userid&quot;:&quot;dh516zwKYjck3DNNx3wA&quot;,&quot;id&quot;:&quot;jlkMfMDCDJ8Juh7F8nhu&quot;},{&quot;accountno&quot;:&quot;99992222&quot;,&quot;departmentno&quot;:&quot;9&quot;,&quot;salary&quot;:&quot;929292&quot;,&quot;pincode&quot;:&quot;929292&quot;,&quot;userid&quot;:&quot;dh516zwKYjck3DNNx3wA&quot;,&quot;id&quot;:&quot;XDZn4gtob3Z5qcXulvNf&quot;},{&quot;accountno&quot;:&quot;71717171&quot;,&quot;departmentno&quot;:&quot;7&quot;,&quot;salary&quot;:&quot;7171&quot;,&quot;pincode&quot;:&quot;717171&quot;,&quot;userid&quot;:&quot;slMmUbcVYDhaNDcAeSQv&quot;,&quot;id&quot;:&quot;ARYIO8FBc4mXoqCnFCwf&quot;},{&quot;accountno&quot;:&quot;10001000&quot;,&quot;departmentno&quot;:&quot;1&quot;,&quot;salary&quot;:&quot;1000&quot;,&quot;pincode&quot;:&quot;100100&quot;,&quot;userid&quot;:&quot;slMmUbcVYDhaNDcAeSQv&quot;,&quot;id&quot;:&quot;YkyT8DEIR4VxLGKIR0ZD&quot;},{&quot;accountno&quot;:&quot;99999111&quot;,&quot;departmentno&quot;:&quot;9&quot;,&quot;salary&quot;:&quot;99999&quot;,&quot;pincode&quot;:&quot;999999&quot;,&quot;userid&quot;:&quot;dh516zwKYjck3DNNx3wA&quot;,&quot;id&quot;:&quot;yiGiUoPx0xWxtzUYsqDS&quot;},{&quot;accountno&quot;:&quot;12341234&quot;,&quot;departmentno&quot;:1,&quot;salary&quot;:1,&quot;pincode&quot;:123456,&quot;userid&quot;:&quot;e6IYJVn0u9r3IjRsDg1u&quot;,&quot;id&quot;:&quot;50rPY8ziCJUeF51aAkgT&quot;},{&quot;accountno&quot;:&quot;11111111&quot;,&quot;departmentno&quot;:&quot;0&quot;,&quot;salary&quot;:&quot;0&quot;,&quot;pincode&quot;:&quot;000000&quot;,&quot;userid&quot;:&quot;1gCZogzCXtLtINAF5cZ5&quot;,&quot;id&quot;:&quot;m5B6upqgU2nWFrcsGLA4&quot;},{&quot;accountno&quot;:&quot;11111111&quot;,&quot;departmentno&quot;:&quot;0&quot;,&quot;salary&quot;:&quot;0&quot;,&quot;pincode&quot;:&quot;000000&quot;,&quot;userid&quot;:&quot;1gCZogzCXtLtINAF5cZ5&quot;,&quot;id&quot;:&quot;Bp73FTg2mESoA04Akzfe&quot;},{&quot;accountno&quot;:&quot;11111111&quot;,&quot;departmentno&quot;:&quot;0&quot;,&quot;salary&quot;:&quot;0&quot;,&quot;pincode&quot;:&quot;000000&quot;,&quot;userid&quot;:&quot;1gCZogzCXtLtINAF5cZ5&quot;,&quot;id&quot;:&quot;Q0RmUmpTLERSSLpZ21rt&quot;},{&quot;accountno&quot;:&quot;12121212&quot;,&quot;departmentno&quot;:&quot;8&quot;,&quot;salary&quot;:&quot;8&quot;,&quot;pincode&quot;:&quot;000000&quot;,&quot;userid&quot;:&quot;1gCZogzCXtLtINAF5cZ5&quot;,&quot;id&quot;:&quot;ELV7dIrKCDufO3iRCb2w&quot;},{&quot;accountno&quot;:&quot;12121212&quot;,&quot;departmentno&quot;:1,&quot;salary&quot;:1,&quot;pincode&quot;:123456,&quot;userid&quot;:&quot;1gCZogzCXtLtINAF5cZ5&quot;,&quot;id&quot;:&quot;7jHGt2z97UqKlam0OPzN&quot;},{&quot;accountno&quot;:&quot;25111983&quot;,&quot;departmentno&quot;:&quot;2&quot;,&quot;salary&quot;:&quot;100&quot;,&quot;pincode&quot;:&quot;272990&quot;,&quot;userid&quot;:&quot;3J5bkU2v3mKCf3KHcBVV&quot;,&quot;id&quot;:&quot;T0JTRk4iimyrtEWZ42uQ&quot;},{&quot;accountno&quot;:&quot;00000000&quot;,&quot;departmentno&quot;:&quot;&quot;,&quot;salary&quot;:&quot;&quot;,&quot;pincode&quot;:123456,&quot;userid&quot;:&quot;1gCZogzCXtLtINAF5cZ5&quot;,&quot;id&quot;:&quot;kAziWMzv1EGAV4O2s4Zt&quot;},{&quot;accountno&quot;:&quot;11111111&quot;,&quot;departmentno&quot;:&quot;1&quot;,&quot;salary&quot;:&quot;1111111111111111&quot;,&quot;pincode&quot;:&quot;111111&quot;,&quot;userid&quot;:&quot;f3OzzF7FjoRC4V2o7e5x&quot;,&quot;id&quot;:&quot;aPetovIWjw3UzzimKg2b&quot;},{&quot;accountno&quot;:&quot;12345677&quot;,&quot;departmentno&quot;:&quot;1&quot;,&quot;salary&quot;:&quot;1&quot;,&quot;pincode&quot;:&quot;123456&quot;,&quot;userid&quot;:&quot;EkETnpudraNXM8GStxKE&quot;,&quot;id&quot;:&quot;GLLC11x7RflWTYXkZxxQ&quot;},{&quot;accountno&quot;:&quot;20052010&quot;,&quot;departmentno&quot;:&quot;5&quot;,&quot;salary&quot;:&quot;930000&quot;,&quot;pincode&quot;:&quot;654321&quot;,&quot;userid&quot;:&quot;y4EGNLRjrgtEjC6KVUVR&quot;,&quot;id&quot;:&quot;6MeRq4gf601N1zyO6oFk&quot;},{&quot;accountno&quot;:&quot;19751975&quot;,&quot;departmentno&quot;:&quot;3&quot;,&quot;salary&quot;:&quot;24000&quot;,&quot;pincode&quot;:&quot;123456&quot;,&quot;userid&quot;:&quot;y4EGNLRjrgtEjC6KVUVR&quot;,&quot;id&quot;:&quot;4TnNrVjmzmEBg2NeV5DY&quot;},{&quot;accountno&quot;:&quot;00000022&quot;,&quot;departmentno&quot;:&quot;1&quot;,&quot;salary&quot;:&quot;23&quot;,&quot;pincode&quot;:&quot;00000&quot;,&quot;userid&quot;:&quot;OQfrGIvshFh885gKDL8M&quot;,&quot;id&quot;:&quot;hh9llgv76el0HW0DPtzJ&quot;},{&quot;accountno&quot;:&quot;00000022&quot;,&quot;departmentno&quot;:&quot;1&quot;,&quot;salary&quot;:&quot;23&quot;,&quot;pincode&quot;:&quot;00000&quot;,&quot;userid&quot;:&quot;OQfrGIvshFh885gKDL8M&quot;,&quot;id&quot;:&quot;0E0mLT8XU9HWOSWyRiul&quot;},{&quot;accountno&quot;:&quot;66666666&quot;,&quot;departmentno&quot;:&quot;6&quot;,&quot;salary&quot;:&quot;666&quot;,&quot;pincode&quot;:&quot;585406&quot;,&quot;userid&quot;:&quot;y648pmQXfsSeKK79RXnD&quot;,&quot;id&quot;:&quot;oJOxU4qWD6zbAWsF0EKU&quot;},{&quot;accountno&quot;:&quot;13131313&quot;,&quot;departmentno&quot;:&quot;4&quot;,&quot;salary&quot;:&quot;444&quot;,&quot;pincode&quot;:&quot;666666&quot;,&quot;userid&quot;:&quot;WhMNBbqcui6CH5f9u96a&quot;,&quot;id&quot;:&quot;EUphRegyRpMtyeiRLnwC&quot;},{&quot;accountno&quot;:&quot;90909090&quot;,&quot;departmentno&quot;:5,&quot;salary&quot;:333444,&quot;pincode&quot;:666000,&quot;userid&quot;:&quot;slMmUbcVYDhaNDcAeSQv&quot;,&quot;id&quot;:&quot;pG2UJR0jBwoFvE7zOcRg&quot;},{&quot;accountno&quot;:&quot;12344590&quot;,&quot;departmentno&quot;:&quot;1&quot;,&quot;salary&quot;:&quot;1234&quot;,&quot;pincode&quot;:&quot;123456&quot;,&quot;userid&quot;:&quot;e6IYJVn0u9r3IjRsDg1u&quot;,&quot;id&quot;:&quot;ySNG3solAcG4RZug1lwE&quot;},{&quot;accountno&quot;:&quot;34567890&quot;,&quot;departmentno&quot;:&quot;4&quot;,&quot;salary&quot;:&quot;567&quot;,&quot;pincode&quot;:&quot;456789&quot;,&quot;userid&quot;:&quot;e6IYJVn0u9r3IjRsDg1u&quot;,&quot;id&quot;:&quot;DDmNP3D85XkU6LmvolF5&quot;},{&quot;accountno&quot;:&quot;11111111&quot;,&quot;departmentno&quot;:&quot;1&quot;,&quot;salary&quot;:&quot;1111&quot;,&quot;pincode&quot;:&quot;111111&quot;,&quot;userid&quot;:&quot;ZetuQjrmE0VFKEdoEZgh&quot;,&quot;id&quot;:&quot;Tl6u7wrkUB4UqJasZ5b4&quot;},{&quot;accountno&quot;:&quot;12333321&quot;,&quot;departmentno&quot;:&quot;9&quot;,&quot;salary&quot;:&quot;1199&quot;,&quot;pincode&quot;:&quot;380002&quot;,&quot;userid&quot;:&quot;dh516zwKYjck3DNNx3wA&quot;,&quot;id&quot;:&quot;Fogy3omyNHG5Q6aL1tft&quot;},{&quot;accountno&quot;:&quot;12344321&quot;,&quot;departmentno&quot;:&quot;9&quot;,&quot;salary&quot;:&quot;1199&quot;,&quot;pincode&quot;:&quot;380001&quot;,&quot;userid&quot;:&quot;dh516zwKYjck3DNNx3wA&quot;,&quot;id&quot;:&quot;O7PSXkhGK4HzQi0XdHdh&quot;},{&quot;accountno&quot;:&quot;00000015&quot;,&quot;departmentno&quot;:&quot;1&quot;,&quot;salary&quot;:&quot;450000&quot;,&quot;pincode&quot;:&quot;950546&quot;,&quot;userid&quot;:&quot;snEzeOA2EDEZEpkJrwh5&quot;,&quot;id&quot;:&quot;HRhCq1B8uSg7b0fALIt0&quot;},{&quot;accountno&quot;:&quot;00000015&quot;,&quot;departmentno&quot;:&quot;1&quot;,&quot;salary&quot;:&quot;450000&quot;,&quot;pincode&quot;:&quot;950546&quot;,&quot;userid&quot;:&quot;snEzeOA2EDEZEpkJrwh5&quot;,&quot;id&quot;:&quot;BwBry5Hh7cu1xA4mRc56&quot;},{&quot;accountno&quot;:&quot;11111111&quot;,&quot;departmentno&quot;:&quot;2&quot;,&quot;salary&quot;:&quot;3&quot;,&quot;pincode&quot;:&quot;111111&quot;,&quot;userid&quot;:&quot;OQfrGIvshFh885gKDL8M&quot;,&quot;id&quot;:&quot;shYBRB8Xk1HSM9Fl1yI3&quot;},{&quot;accountno&quot;:&quot;99999999&quot;,&quot;departmentno&quot;:&quot;9&quot;,&quot;salary&quot;:&quot;999&quot;,&quot;pincode&quot;:&quot;585409&quot;,&quot;userid&quot;:&quot;y648pmQXfsSeKK79RXnD&quot;,&quot;id&quot;:&quot;UlJXgBmQAUjApzWzhTCn&quot;},{&quot;accountno&quot;:&quot;00000000&quot;,&quot;departmentno&quot;:&quot;0&quot;,&quot;salary&quot;:&quot;3&quot;,&quot;pincode&quot;:&quot;0&quot;,&quot;userid&quot;:&quot;OQfrGIvshFh885gKDL8M&quot;,&quot;id&quot;:&quot;2PciQub9K2oqII3SuAu5&quot;},{&quot;accountno&quot;:&quot;00000000&quot;,&quot;departmentno&quot;:&quot;0&quot;,&quot;salary&quot;:&quot;1&quot;,&quot;pincode&quot;:&quot;000000&quot;,&quot;userid&quot;:&quot;OQfrGIvshFh885gKDL8M&quot;,&quot;id&quot;:&quot;a17igsNCwil52PeApd9e&quot;},{&quot;accountno&quot;:&quot;00000013&quot;,&quot;departmentno&quot;:&quot;1&quot;,&quot;salary&quot;:&quot;45000&quot;,&quot;pincode&quot;:&quot;950546&quot;,&quot;userid&quot;:&quot;snEzeOA2EDEZEpkJrwh5&quot;,&quot;id&quot;:&quot;E1iMX2PHwtJKFr9Fch0T&quot;},{&quot;accountno&quot;:&quot;222222&quot;,&quot;departmentno&quot;:&quot;2&quot;,&quot;salary&quot;:&quot;222&quot;,&quot;pincode&quot;:&quot;585422&quot;,&quot;userid&quot;:&quot;y648pmQXfsSeKK79RXnD&quot;,&quot;id&quot;:&quot;1pMq72reiGOF1BjYpKCM&quot;},{&quot;accountno&quot;:&quot;00000011&quot;,&quot;departmentno&quot;:&quot;1&quot;,&quot;salary&quot;:&quot;47000&quot;,&quot;pincode&quot;:&quot;950546&quot;,&quot;userid&quot;:&quot;snEzeOA2EDEZEpkJrwh5&quot;,&quot;id&quot;:&quot;Xt2q2fM06hFOO5EgACFv&quot;},{&quot;accountno&quot;:&quot;222222&quot;,&quot;departmentno&quot;:&quot;2&quot;,&quot;salary&quot;:&quot;222&quot;,&quot;pincode&quot;:&quot;585422&quot;,&quot;userid&quot;:&quot;y648pmQXfsSeKK79RXnD&quot;,&quot;id&quot;:&quot;SiC5sxFnxfhu61iHnPKn&quot;},{&quot;accountno&quot;:&quot;13131313&quot;,&quot;departmentno&quot;:&quot;3&quot;,&quot;salary&quot;:&quot;131313&quot;,&quot;pincode&quot;:&quot;131313&quot;,&quot;userid&quot;:&quot;dh516zwKYjck3DNNx3wA&quot;,&quot;id&quot;:&quot;ZVKqWyNrTANZeyzpXOxW&quot;},{&quot;accountno&quot;:&quot;10101010&quot;,&quot;departmentno&quot;:&quot;0&quot;,&quot;salary&quot;:&quot;1000000&quot;,&quot;pincode&quot;:&quot;101010&quot;,&quot;userid&quot;:&quot;dh516zwKYjck3DNNx3wA&quot;,&quot;id&quot;:&quot;kwhQOZmQjEsysulxpcMf&quot;},{&quot;accountno&quot;:&quot;99999999&quot;,&quot;departmentno&quot;:&quot;9&quot;,&quot;salary&quot;:&quot;9000&quot;,&quot;pincode&quot;:&quot;999999&quot;,&quot;userid&quot;:&quot;f3OzzF7FjoRC4V2o7e5x&quot;,&quot;id&quot;:&quot;YjlBvIdoPoAv0TjAnf21&quot;},{&quot;accountno&quot;:&quot;12345678&quot;,&quot;departmentno&quot;:5,&quot;salary&quot;:6000,&quot;pincode&quot;:595013,&quot;userid&quot;:&quot;53oSudrTOulWDysvHxC8&quot;,&quot;id&quot;:&quot;pGonNU9MNRWPqOgSEtx8&quot;},{&quot;accountno&quot;:&quot;99999999&quot;,&quot;departmentno&quot;:&quot;9&quot;,&quot;salary&quot;:&quot;9999&quot;,&quot;pincode&quot;:&quot;999999&quot;,&quot;userid&quot;:&quot;f3OzzF7FjoRC4V2o7e5x&quot;,&quot;id&quot;:&quot;Rx0B3lHKPsw3EgDi6DwF&quot;},{&quot;accountno&quot;:&quot;11223344&quot;,&quot;departmentno&quot;:&quot;5&quot;,&quot;salary&quot;:&quot;700&quot;,&quot;pincode&quot;:&quot;585405&quot;,&quot;userid&quot;:&quot;y648pmQXfsSeKK79RXnD&quot;,&quot;id&quot;:&quot;RiRmR9aCHuchY1dP2T9J&quot;},{&quot;accountno&quot;:&quot;11111111&quot;,&quot;departmentno&quot;:&quot;1&quot;,&quot;salary&quot;:&quot;222&quot;,&quot;pincode&quot;:&quot;222222&quot;,&quot;userid&quot;:&quot;WhMNBbqcui6CH5f9u96a&quot;,&quot;id&quot;:&quot;h8AasJx4hHiHmJAtSFv3&quot;},{&quot;accountno&quot;:&quot;98765482&quot;,&quot;departmentno&quot;:1,&quot;salary&quot;:200,&quot;pincode&quot;:585408,&quot;userid&quot;:&quot;y648pmQXfsSeKK79RXnD&quot;,&quot;id&quot;:&quot;R2dNU2Td9dNUGxMV2D68&quot;},{&quot;accountno&quot;:&quot;90909090&quot;,&quot;departmentno&quot;:&quot;3&quot;,&quot;salary&quot;:&quot;9090&quot;,&quot;pincode&quot;:&quot;555555&quot;,&quot;userid&quot;:&quot;ZetuQjrmE0VFKEdoEZgh&quot;,&quot;id&quot;:&quot;a5u4Av3mWAwBtuIy4A7a&quot;},{&quot;accountno&quot;:&quot;11111111&quot;,&quot;departmentno&quot;:&quot;0&quot;,&quot;salary&quot;:&quot;0&quot;,&quot;pincode&quot;:&quot;000000&quot;,&quot;userid&quot;:&quot;1gCZogzCXtLtINAF5cZ5&quot;,&quot;id&quot;:&quot;BT9kfvTnZ2KfO8anEOgy&quot;},{&quot;accountno&quot;:&quot;11111112&quot;,&quot;departmentno&quot;:&quot;0&quot;,&quot;salary&quot;:&quot;0&quot;,&quot;pincode&quot;:&quot;000000&quot;,&quot;userid&quot;:&quot;1gCZogzCXtLtINAF5cZ5&quot;,&quot;id&quot;:&quot;vmw521ewa86vtsHOBN0C&quot;},{&quot;accountno&quot;:&quot;20202020&quot;,&quot;departmentno&quot;:6,&quot;salary&quot;:300000,&quot;pincode&quot;:591985,&quot;userid&quot;:&quot;UgUmtwqsLqATYR2aFE54&quot;,&quot;id&quot;:&quot;LN5skeDonqCuaNldAFms&quot;},{&quot;accountno&quot;:&quot;11111111&quot;,&quot;departmentno&quot;:&quot;0&quot;,&quot;salary&quot;:&quot;0&quot;,&quot;pincode&quot;:&quot;000000&quot;,&quot;userid&quot;:&quot;1gCZogzCXtLtINAF5cZ5&quot;,&quot;id&quot;:&quot;3e8SxQICMTPKLi6bOJGR&quot;},{&quot;accountno&quot;:&quot;00000000&quot;,&quot;departmentno&quot;:&quot;0&quot;,&quot;salary&quot;:&quot;0&quot;,&quot;pincode&quot;:&quot;000000&quot;,&quot;userid&quot;:&quot;1gCZogzCXtLtINAF5cZ5&quot;,&quot;id&quot;:&quot;bMy64skE78V7qjZFkZcP&quot;},{&quot;accountno&quot;:&quot;98765432&quot;,&quot;departmentno&quot;:&quot;9&quot;,&quot;salary&quot;:&quot;500&quot;,&quot;pincode&quot;:&quot;585402&quot;,&quot;userid&quot;:&quot;y648pmQXfsSeKK79RXnD&quot;,&quot;id&quot;:&quot;AMmrE7SFO1EQ2RY1qz4P&quot;},{&quot;accountno&quot;:&quot;12345678&quot;,&quot;departmentno&quot;:&quot;1&quot;,&quot;salary&quot;:&quot;100&quot;,&quot;pincode&quot;:&quot;585401&quot;,&quot;userid&quot;:&quot;y648pmQXfsSeKK79RXnD&quot;,&quot;id&quot;:&quot;D6Jw6gFaM6AUOlBriXND&quot;},{&quot;accountno&quot;:&quot;42341234&quot;,&quot;departmentno&quot;:&quot;9&quot;,&quot;salary&quot;:&quot;15000&quot;,&quot;pincode&quot;:&quot;522101&quot;,&quot;userid&quot;:&quot;fEEsAOqXbm8K2ZYUGoDC&quot;,&quot;id&quot;:&quot;USx5EsGFaB4ar0sVGBEo&quot;},{&quot;accountno&quot;:&quot;34561345&quot;,&quot;departmentno&quot;:&quot;8&quot;,&quot;salary&quot;:&quot;15000&quot;,&quot;pincode&quot;:&quot;522890&quot;,&quot;userid&quot;:&quot;fEEsAOqXbm8K2ZYUGoDC&quot;,&quot;id&quot;:&quot;5M9hqljyM9ooKVxEDM3C&quot;},{&quot;accountno&quot;:&quot;20202020&quot;,&quot;departmentno&quot;:&quot;4&quot;,&quot;salary&quot;:&quot;200000&quot;,&quot;pincode&quot;:&quot;591985&quot;,&quot;userid&quot;:&quot;y4EGNLRjrgtEjC6KVUVR&quot;,&quot;id&quot;:&quot;BRG0ojr2HxiAYs2yLsAQ&quot;},{&quot;accountno&quot;:&quot;02345671&quot;,&quot;departmentno&quot;:&quot;1&quot;,&quot;salary&quot;:&quot;67500&quot;,&quot;pincode&quot;:&quot;973062&quot;,&quot;userid&quot;:&quot;0XElQ05qhdituZANdzdv&quot;,&quot;id&quot;:&quot;HjysCIGTqoqNmhCscpjv&quot;},{&quot;accountno&quot;:&quot;01234567&quot;,&quot;departmentno&quot;:&quot;4&quot;,&quot;salary&quot;:&quot;57505&quot;,&quot;pincode&quot;:&quot;973061&quot;,&quot;userid&quot;:&quot;0XElQ05qhdituZANdzdv&quot;,&quot;id&quot;:&quot;U1oBLpFZ7onU0jNbifcf&quot;},{&quot;accountno&quot;:&quot;11111111&quot;,&quot;departmentno&quot;:&quot;2&quot;,&quot;salary&quot;:&quot;1234523224&quot;,&quot;pincode&quot;:&quot;222222&quot;,&quot;userid&quot;:&quot;qS0mZw0pk9dYD5A7F0MC&quot;,&quot;id&quot;:&quot;fwpMSZIHjIdSSIGhbbp0&quot;},{&quot;accountno&quot;:&quot;34343434&quot;,&quot;departmentno&quot;:&quot;3&quot;,&quot;salary&quot;:&quot;123456&quot;,&quot;pincode&quot;:&quot;786787&quot;,&quot;userid&quot;:&quot;3nkveukUnxkdEXr92jZ8&quot;,&quot;id&quot;:&quot;Th1V4VGDJKveBf4sEyGD&quot;},{&quot;accountno&quot;:&quot;11111112&quot;,&quot;departmentno&quot;:&quot;1&quot;,&quot;salary&quot;:&quot;1111&quot;,&quot;pincode&quot;:&quot;111112&quot;,&quot;userid&quot;:&quot;rCxlKQBYK3Bhlev5Cqgf&quot;,&quot;id&quot;:&quot;g3EZcK5KNus5OvmFAOjt&quot;},{&quot;accountno&quot;:&quot;56565656&quot;,&quot;departmentno&quot;:&quot;5&quot;,&quot;salary&quot;:&quot;5000000&quot;,&quot;pincode&quot;:&quot;565656&quot;,&quot;userid&quot;:&quot;dh516zwKYjck3DNNx3wA&quot;,&quot;id&quot;:&quot;gER6iP9NacKcWTnJ81Xa&quot;},{&quot;accountno&quot;:&quot;99515728&quot;,&quot;departmentno&quot;:&quot;3&quot;,&quot;salary&quot;:&quot;100999&quot;,&quot;pincode&quot;:&quot;973061&quot;,&quot;userid&quot;:&quot;0XElQ05qhdituZANdzdv&quot;,&quot;id&quot;:&quot;X2UClbFjrwaCJ75EEl1n&quot;},{&quot;accountno&quot;:&quot;91686907&quot;,&quot;departmentno&quot;:&quot;2&quot;,&quot;salary&quot;:&quot;97500&quot;,&quot;pincode&quot;:&quot;973061&quot;,&quot;userid&quot;:&quot;0XElQ05qhdituZANdzdv&quot;,&quot;id&quot;:&quot;xVMHvTdZsymUY72FL4uw&quot;},{&quot;accountno&quot;:&quot;23456750&quot;,&quot;departmentno&quot;:&quot;5&quot;,&quot;salary&quot;:&quot;30000&quot;,&quot;pincode&quot;:&quot;456710&quot;,&quot;userid&quot;:&quot;UgUmtwqsLqATYR2aFE54&quot;,&quot;id&quot;:&quot;H6e3TwS0CE4MKbGIUyEC&quot;},{&quot;accountno&quot;:&quot;45672345&quot;,&quot;departmentno&quot;:&quot;2&quot;,&quot;salary&quot;:&quot;40000&quot;,&quot;pincode&quot;:&quot;566102&quot;,&quot;userid&quot;:&quot;UgUmtwqsLqATYR2aFE54&quot;,&quot;id&quot;:&quot;ujAzSfz9ebbUGoNAfCCE&quot;},{&quot;accountno&quot;:&quot;43567890&quot;,&quot;departmentno&quot;:4,&quot;salary&quot;:9000,&quot;pincode&quot;:950146,&quot;userid&quot;:&quot;53oSudrTOulWDysvHxC8&quot;,&quot;id&quot;:&quot;BM15J2DqRsWynmC4Vtbz&quot;},{&quot;accountno&quot;:&quot;22222222&quot;,&quot;departmentno&quot;:&quot;7&quot;,&quot;salary&quot;:&quot;40000&quot;,&quot;pincode&quot;:&quot;750108&quot;,&quot;userid&quot;:&quot;UgUmtwqsLqATYR2aFE54&quot;,&quot;id&quot;:&quot;eiSEnSVKbUsCHTa6AAfU&quot;},{&quot;accountno&quot;:&quot;56675777&quot;,&quot;departmentno&quot;:4,&quot;salary&quot;:45000,&quot;pincode&quot;:950543,&quot;userid&quot;:&quot;UQQS41IH58ZdvPeVUAeB&quot;,&quot;id&quot;:&quot;FssPPHKPhtVxgcBleh8i&quot;},{&quot;accountno&quot;:&quot;42424242&quot;,&quot;departmentno&quot;:&quot;4&quot;,&quot;salary&quot;:&quot;666666&quot;,&quot;pincode&quot;:&quot;888888&quot;,&quot;userid&quot;:&quot;QxP6HkeDitsMvgX8wWK8&quot;,&quot;id&quot;:&quot;lmmy0oe6JkXqhcOKKKDW&quot;},{&quot;accountno&quot;:&quot;12345678&quot;,&quot;departmentno&quot;:&quot;1&quot;,&quot;salary&quot;:&quot;100&quot;,&quot;pincode&quot;:&quot;585401&quot;,&quot;userid&quot;:&quot;y648pmQXfsSeKK79RXnD&quot;,&quot;id&quot;:&quot;1J4cbr3CrCaVvpQlKPiu&quot;},{&quot;accountno&quot;:&quot;10101010&quot;,&quot;departmentno&quot;:&quot;3&quot;,&quot;salary&quot;:&quot;1010101&quot;,&quot;pincode&quot;:&quot;101010&quot;,&quot;userid&quot;:&quot;ZetuQjrmE0VFKEdoEZgh&quot;,&quot;id&quot;:&quot;XNdGyvSG1LQy3EqURlIU&quot;},{&quot;accountno&quot;:&quot;76767677&quot;,&quot;departmentno&quot;:7,&quot;salary&quot;:23232323,&quot;pincode&quot;:222333,&quot;userid&quot;:&quot;qS0mZw0pk9dYD5A7F0MC&quot;,&quot;id&quot;:&quot;Z9tKckeUIZj4DB2GgPsb&quot;},{&quot;accountno&quot;:&quot;10100102&quot;,&quot;departmentno&quot;:1,&quot;salary&quot;:122211233,&quot;pincode&quot;:121212,&quot;userid&quot;:&quot;cYQUm0RLwjF8cH82r0c9&quot;,&quot;id&quot;:&quot;ZGd7vK8dghOqgGXZrjIn&quot;},{&quot;accountno&quot;:&quot;01234567&quot;,&quot;departmentno&quot;:&quot;8&quot;,&quot;salary&quot;:&quot;67676767&quot;,&quot;pincode&quot;:&quot;000111&quot;,&quot;userid&quot;:&quot;1gCZogzCXtLtINAF5cZ5&quot;,&quot;id&quot;:&quot;0vFN7b4oEFRlarH1rFY9&quot;},{&quot;accountno&quot;:&quot;23456780&quot;,&quot;departmentno&quot;:4,&quot;salary&quot;:9000,&quot;pincode&quot;:950146,&quot;userid&quot;:&quot;53oSudrTOulWDysvHxC8&quot;,&quot;id&quot;:&quot;hAag6d1fY5WlAa5CwgIl&quot;},{&quot;accountno&quot;:&quot;12345678&quot;,&quot;departmentno&quot;:&quot;9&quot;,&quot;salary&quot;:&quot;123456&quot;,&quot;pincode&quot;:&quot;654321&quot;,&quot;userid&quot;:&quot;slMmUbcVYDhaNDcAeSQv&quot;,&quot;id&quot;:&quot;XR0rPJkDo8IrRZuZUfXD&quot;},{&quot;accountno&quot;:&quot;80000000&quot;,&quot;departmentno&quot;:8,&quot;salary&quot;:800,&quot;pincode&quot;:889900,&quot;userid&quot;:&quot;f3OzzF7FjoRC4V2o7e5x&quot;,&quot;id&quot;:&quot;4Jbi7jCFgjT942cB6kMb&quot;},{&quot;accountno&quot;:&quot;24242424&quot;,&quot;departmentno&quot;:&quot;2&quot;,&quot;salary&quot;:&quot;444444&quot;,&quot;pincode&quot;:&quot;666666&quot;,&quot;userid&quot;:&quot;QxP6HkeDitsMvgX8wWK8&quot;,&quot;id&quot;:&quot;6cpO2pIgv9Yg7itNzn3N&quot;},{&quot;accountno&quot;:&quot;88888888&quot;,&quot;departmentno&quot;:&quot;0&quot;,&quot;salary&quot;:&quot;222222&quot;,&quot;pincode&quot;:&quot;654321&quot;,&quot;userid&quot;:&quot;slMmUbcVYDhaNDcAeSQv&quot;,&quot;id&quot;:&quot;iFCBcDo8dx6xAC6hPVMi&quot;},{&quot;accountno&quot;:&quot;25976455&quot;,&quot;departmentno&quot;:&quot;7&quot;,&quot;salary&quot;:&quot;254545&quot;,&quot;pincode&quot;:&quot;334345&quot;,&quot;userid&quot;:&quot;VnpEQrOGJO6SMb8x3Trn&quot;,&quot;id&quot;:&quot;arWFc789kVIPp5BHGEWW&quot;},{&quot;accountno&quot;:&quot;66666666&quot;,&quot;departmentno&quot;:6,&quot;salary&quot;:67676767,&quot;pincode&quot;:777666,&quot;userid&quot;:&quot;VxjNcLqcBpWGvcTNBYDd&quot;,&quot;id&quot;:&quot;jwe9fiqZ5zQDiqHL73Xj&quot;},{&quot;accountno&quot;:&quot;00000000&quot;,&quot;departmentno&quot;:&quot;0&quot;,&quot;salary&quot;:&quot;0&quot;,&quot;pincode&quot;:&quot;000000&quot;,&quot;userid&quot;:&quot;1gCZogzCXtLtINAF5cZ5&quot;,&quot;id&quot;:&quot;8CxqMN2JVuk5Xyls113e&quot;},{&quot;accountno&quot;:&quot;12233344&quot;,&quot;departmentno&quot;:5,&quot;salary&quot;:&quot;666666&quot;,&quot;pincode&quot;:123456,&quot;userid&quot;:&quot;slMmUbcVYDhaNDcAeSQv&quot;,&quot;id&quot;:&quot;1JMK4rUBJry88jgDRtgq&quot;},{&quot;accountno&quot;:&quot;12349000&quot;,&quot;departmentno&quot;:3,&quot;salary&quot;:46000,&quot;pincode&quot;:950541,&quot;userid&quot;:&quot;snEzeOA2EDEZEpkJrwh5&quot;,&quot;id&quot;:&quot;Glftgh6CJdZfpXYRJ7MW&quot;},{&quot;accountno&quot;:&quot;67867867&quot;,&quot;departmentno&quot;:&quot;1&quot;,&quot;salary&quot;:&quot;50000&quot;,&quot;pincode&quot;:&quot;123456&quot;,&quot;userid&quot;:&quot;Dr4JbMG788CcDYvmEfmP&quot;,&quot;id&quot;:&quot;R4u2qaHY1hcXRzO5kC9R&quot;},{&quot;accountno&quot;:&quot;11882235&quot;,&quot;departmentno&quot;:&quot;3&quot;,&quot;salary&quot;:&quot;35000&quot;,&quot;pincode&quot;:&quot;756062&quot;,&quot;userid&quot;:&quot;r83KCRDfOEVTaGgWUaBl&quot;,&quot;id&quot;:&quot;Pkj4tU9RYauD3G5mA7lX&quot;},{&quot;accountno&quot;:&quot;36363636&quot;,&quot;departmentno&quot;:&quot;5&quot;,&quot;salary&quot;:&quot;88888888&quot;,&quot;pincode&quot;:&quot;565656&quot;,&quot;userid&quot;:&quot;77jmTzecBI7xFgTbxeSX&quot;,&quot;id&quot;:&quot;azMSyIfgWx4NlyvvLMyv&quot;},{&quot;accountno&quot;:&quot;12345678&quot;,&quot;departmentno&quot;:&quot;1&quot;,&quot;salary&quot;:&quot;9999999&quot;,&quot;pincode&quot;:&quot;555555&quot;,&quot;userid&quot;:&quot;XOcAFV09Yj02CuWR96A1&quot;,&quot;id&quot;:&quot;B3P7fG0nFluWyAOMlxnC&quot;},{&quot;accountno&quot;:&quot;12345678&quot;,&quot;departmentno&quot;:4,&quot;salary&quot;:2224,&quot;pincode&quot;:222222,&quot;userid&quot;:&quot;o5z0wWQmLgIEd5ubM9Sd&quot;,&quot;id&quot;:&quot;rcw7vyKRRGPCJJfhlEZb&quot;},{&quot;accountno&quot;:&quot;56675778&quot;,&quot;departmentno&quot;:&quot;4&quot;,&quot;salary&quot;:&quot;45000&quot;,&quot;pincode&quot;:&quot;950543&quot;,&quot;userid&quot;:&quot;snEzeOA2EDEZEpkJrwh5&quot;,&quot;id&quot;:&quot;G0C7WS1Kmv9JP8auHyB9&quot;},{&quot;accountno&quot;:&quot;12345678&quot;,&quot;departmentno&quot;:&quot;2&quot;,&quot;salary&quot;:&quot;4000&quot;,&quot;pincode&quot;:&quot;987654&quot;,&quot;userid&quot;:&quot;53oSudrTOulWDysvHxC8&quot;,&quot;id&quot;:&quot;GQe24TsEm54lNKqWdx68&quot;},{&quot;accountno&quot;:&quot;12344590&quot;,&quot;departmentno&quot;:&quot;1&quot;,&quot;salary&quot;:&quot;1234&quot;,&quot;pincode&quot;:&quot;123456&quot;,&quot;userid&quot;:&quot;e6IYJVn0u9r3IjRsDg1u&quot;,&quot;id&quot;:&quot;cRixiYNQzKGq6R059b6p&quot;},{&quot;accountno&quot;:&quot;23456789&quot;,&quot;departmentno&quot;:&quot;2&quot;,&quot;salary&quot;:&quot;100&quot;,&quot;pincode&quot;:&quot;234567&quot;,&quot;userid&quot;:&quot;3J5bkU2v3mKCf3KHcBVV&quot;,&quot;id&quot;:&quot;aAdG7CIEurFqTMEJGVp4&quot;},{&quot;accountno&quot;:&quot;12121212&quot;,&quot;departmentno&quot;:&quot;1&quot;,&quot;salary&quot;:&quot;111&quot;,&quot;pincode&quot;:&quot;111111&quot;,&quot;userid&quot;:&quot;WhMNBbqcui6CH5f9u96a&quot;,&quot;id&quot;:&quot;psX4LHxoxy7TnjxiJUxr&quot;},{&quot;accountno&quot;:&quot;44444444&quot;,&quot;departmentno&quot;:&quot;4&quot;,&quot;salary&quot;:&quot;4000&quot;,&quot;pincode&quot;:&quot;444444&quot;,&quot;userid&quot;:&quot;f3OzzF7FjoRC4V2o7e5x&quot;,&quot;id&quot;:&quot;mmOqLRzcJyjhhQa4ejcZ&quot;},{&quot;accountno&quot;:&quot;23454345&quot;,&quot;departmentno&quot;:9,&quot;salary&quot;:60000,&quot;pincode&quot;:954325,&quot;userid&quot;:&quot;UQQS41IH58ZdvPeVUAeB&quot;,&quot;id&quot;:&quot;pQ87VE2i2ATd7ECbpEgw&quot;},{&quot;accountno&quot;:&quot;23454343&quot;,&quot;departmentno&quot;:4,&quot;salary&quot;:50000,&quot;pincode&quot;:954325,&quot;userid&quot;:&quot;UQQS41IH58ZdvPeVUAeB&quot;,&quot;id&quot;:&quot;AUdaSCfnjTHrx3LPOlSm&quot;},{&quot;accountno&quot;:&quot;12121212&quot;,&quot;departmentno&quot;:&quot;5&quot;,&quot;salary&quot;:&quot;555&quot;,&quot;pincode&quot;:&quot;555555&quot;,&quot;userid&quot;:&quot;WhMNBbqcui6CH5f9u96a&quot;,&quot;id&quot;:&quot;SFGdwd2Ofj8UGagDGSgg&quot;},{&quot;accountno&quot;:&quot;12334455&quot;,&quot;departmentno&quot;:&quot;2&quot;,&quot;salary&quot;:&quot;12345&quot;,&quot;pincode&quot;:&quot;123456&quot;,&quot;userid&quot;:&quot;e6IYJVn0u9r3IjRsDg1u&quot;,&quot;id&quot;:&quot;IQ5TL5KUEICR0YFVY8Pu&quot;},{&quot;accountno&quot;:&quot;12345678&quot;,&quot;departmentno&quot;:&quot;1&quot;,&quot;salary&quot;:&quot;100000&quot;,&quot;pincode&quot;:&quot;600087&quot;,&quot;userid&quot;:&quot;8rPqqAFD0GxVxgZVUeh9&quot;,&quot;id&quot;:&quot;l54SD2rcJpclPS09yAQk&quot;},{&quot;accountno&quot;:&quot;11344321&quot;,&quot;departmentno&quot;:&quot;2&quot;,&quot;salary&quot;:&quot;2&quot;,&quot;pincode&quot;:&quot;123456&quot;,&quot;userid&quot;:&quot;EkETnpudraNXM8GStxKE&quot;,&quot;id&quot;:&quot;A4lJ1RdAC2hgxo4GxxW3&quot;},{&quot;accountno&quot;:&quot;12344321&quot;,&quot;departmentno&quot;:&quot;2&quot;,&quot;salary&quot;:&quot;2&quot;,&quot;pincode&quot;:&quot;123456&quot;,&quot;userid&quot;:&quot;EkETnpudraNXM8GStxKE&quot;,&quot;id&quot;:&quot;h3jK2FB5qh6Gud93AJKe&quot;},{&quot;accountno&quot;:&quot;22222223&quot;,&quot;departmentno&quot;:2,&quot;salary&quot;:2222,&quot;pincode&quot;:222222,&quot;userid&quot;:&quot;EkETnpudraNXM8GStxKE&quot;,&quot;id&quot;:&quot;gDXPwh048llWJDx56a9p&quot;},{&quot;accountno&quot;:&quot;11111111&quot;,&quot;departmentno&quot;:&quot;1&quot;,&quot;salary&quot;:&quot;100000&quot;,&quot;pincode&quot;:&quot;111111&quot;,&quot;userid&quot;:&quot;dh516zwKYjck3DNNx3wA&quot;,&quot;id&quot;:&quot;3irGzp1mjSNpJJsn2dsC&quot;},{&quot;accountno&quot;:&quot;22222222&quot;,&quot;departmentno&quot;:&quot;2&quot;,&quot;salary&quot;:&quot;2222&quot;,&quot;pincode&quot;:&quot;222222&quot;,&quot;userid&quot;:&quot;1gCZogzCXtLtINAF5cZ5&quot;,&quot;id&quot;:&quot;jfzWjwpBKBkBJ8qe0BjR&quot;},{&quot;accountno&quot;:&quot;11110000&quot;,&quot;departmentno&quot;:&quot;1&quot;,&quot;salary&quot;:&quot;123143&quot;,&quot;pincode&quot;:&quot;123123&quot;,&quot;userid&quot;:&quot;taGX4XQQfXD3Z76sI1Xn&quot;,&quot;id&quot;:&quot;4DfJgpeM38tOaJWLqFaI&quot;},{&quot;accountno&quot;:&quot;12312311&quot;,&quot;departmentno&quot;:&quot;2&quot;,&quot;salary&quot;:&quot;12234432&quot;,&quot;pincode&quot;:&quot;222222&quot;,&quot;userid&quot;:&quot;o5z0wWQmLgIEd5ubM9Sd&quot;,&quot;id&quot;:&quot;4h2GL5Cyq8xWMu092p8g&quot;},{&quot;accountno&quot;:&quot;12345678&quot;,&quot;departmentno&quot;:&quot;1&quot;,&quot;salary&quot;:&quot;1000000&quot;,&quot;pincode&quot;:&quot;111111&quot;,&quot;userid&quot;:&quot;f3OzzF7FjoRC4V2o7e5x&quot;,&quot;id&quot;:&quot;1gks7Xme3OzXZuc4w1NB&quot;},{&quot;accountno&quot;:&quot;12345683&quot;,&quot;departmentno&quot;:&quot;1&quot;,&quot;salary&quot;:&quot;1234&quot;,&quot;pincode&quot;:&quot;950543&quot;,&quot;userid&quot;:&quot;snEzeOA2EDEZEpkJrwh5&quot;,&quot;id&quot;:&quot;tIg9WRjRM3ekPJa3rYMs&quot;},{&quot;accountno&quot;:&quot;78945612&quot;,&quot;departmentno&quot;:&quot;7&quot;,&quot;salary&quot;:&quot;54526&quot;,&quot;pincode&quot;:&quot;897542&quot;,&quot;userid&quot;:&quot;1gCZogzCXtLtINAF5cZ5&quot;,&quot;id&quot;:&quot;vAssJUi2T4FDJbwdnU0B&quot;},{&quot;accountno&quot;:&quot;5555555&quot;,&quot;departmentno&quot;:&quot;5&quot;,&quot;salary&quot;:&quot;5&quot;,&quot;pincode&quot;:&quot;55555555&quot;,&quot;userid&quot;:&quot;ajXcTA5IE2uIheV6YVab&quot;,&quot;id&quot;:&quot;gHyD3bpGQSZr18UwMB4Y&quot;},{&quot;accountno&quot;:&quot;5555555&quot;,&quot;departmentno&quot;:&quot;5&quot;,&quot;salary&quot;:&quot;5&quot;,&quot;pincode&quot;:&quot;55555555&quot;,&quot;userid&quot;:&quot;ajXcTA5IE2uIheV6YVab&quot;,&quot;id&quot;:&quot;FwvSLjYx45SenGp13otU&quot;},{&quot;accountno&quot;:&quot;5555555&quot;,&quot;departmentno&quot;:&quot;5&quot;,&quot;salary&quot;:&quot;5&quot;,&quot;pincode&quot;:&quot;55555555&quot;,&quot;userid&quot;:&quot;ajXcTA5IE2uIheV6YVab&quot;,&quot;id&quot;:&quot;gR5T7dt6JaeSIcZyWVDY&quot;},{&quot;accountno&quot;:&quot;5555555&quot;,&quot;departmentno&quot;:&quot;5&quot;,&quot;salary&quot;:&quot;5&quot;,&quot;pincode&quot;:&quot;55555555&quot;,&quot;userid&quot;:&quot;ajXcTA5IE2uIheV6YVab&quot;,&quot;id&quot;:&quot;fOonoSGQjcc1isJweq6B&quot;},{&quot;accountno&quot;:&quot;5555555&quot;,&quot;departmentno&quot;:&quot;5&quot;,&quot;salary&quot;:&quot;5&quot;,&quot;pincode&quot;:&quot;55555555&quot;,&quot;userid&quot;:&quot;ajXcTA5IE2uIheV6YVab&quot;,&quot;id&quot;:&quot;CNLirNQQZl7oo1BfLCLY&quot;},{&quot;accountno&quot;:&quot;5555555&quot;,&quot;departmentno&quot;:&quot;5&quot;,&quot;salary&quot;:&quot;5&quot;,&quot;pincode&quot;:&quot;55555555&quot;,&quot;userid&quot;:&quot;ajXcTA5IE2uIheV6YVab&quot;,&quot;id&quot;:&quot;t6YQTryjDVfVJWFjfpaZ&quot;},{&quot;accountno&quot;:&quot;646464&quot;,&quot;departmentno&quot;:&quot;6&quot;,&quot;salary&quot;:&quot;64446&quot;,&quot;pincode&quot;:&quot;644446&quot;,&quot;userid&quot;:&quot;D2nTsRTUj40G3GdDZDs8&quot;,&quot;id&quot;:&quot;zKF497nzWN2Stw7VN8wD&quot;},{&quot;accountno&quot;:&quot;646464&quot;,&quot;departmentno&quot;:&quot;6&quot;,&quot;salary&quot;:&quot;64446&quot;,&quot;pincode&quot;:&quot;644446&quot;,&quot;userid&quot;:&quot;D2nTsRTUj40G3GdDZDs8&quot;,&quot;id&quot;:&quot;9qXVLUwZ2BzYKciH9d9o&quot;},{&quot;accountno&quot;:&quot;33007705&quot;,&quot;departmentno&quot;:&quot;5&quot;,&quot;salary&quot;:&quot;500000&quot;,&quot;pincode&quot;:&quot;555555&quot;,&quot;userid&quot;:&quot;hCROf023QNGzOYv1Twme&quot;,&quot;id&quot;:&quot;pmZuLbIJkIBRVUvjt7EU&quot;},{&quot;accountno&quot;:&quot;5555555&quot;,&quot;departmentno&quot;:&quot;5&quot;,&quot;salary&quot;:&quot;5&quot;,&quot;pincode&quot;:&quot;55555555&quot;,&quot;userid&quot;:&quot;ajXcTA5IE2uIheV6YVab&quot;,&quot;id&quot;:&quot;wTHScCA23PJEjOhAnDgq&quot;},{&quot;accountno&quot;:&quot;5555555&quot;,&quot;departmentno&quot;:&quot;5&quot;,&quot;salary&quot;:&quot;5&quot;,&quot;pincode&quot;:&quot;55555555&quot;,&quot;userid&quot;:&quot;ajXcTA5IE2uIheV6YVab&quot;,&quot;id&quot;:&quot;QAgj8tqjrF8MWDL054fA&quot;},{&quot;accountno&quot;:&quot;5555555&quot;,&quot;departmentno&quot;:&quot;5&quot;,&quot;salary&quot;:&quot;5&quot;,&quot;pincode&quot;:&quot;55555555&quot;,&quot;userid&quot;:&quot;ajXcTA5IE2uIheV6YVab&quot;,&quot;id&quot;:&quot;Og8SJA4L3YN86Fazf8LG&quot;},{&quot;accountno&quot;:&quot;5555555&quot;,&quot;departmentno&quot;:&quot;5&quot;,&quot;salary&quot;:&quot;5&quot;,&quot;pincode&quot;:&quot;55555555&quot;,&quot;userid&quot;:&quot;ajXcTA5IE2uIheV6YVab&quot;,&quot;id&quot;:&quot;5PEC6aKETkuPHVIA6Sbj&quot;},{&quot;accountno&quot;:&quot;5555555&quot;,&quot;departmentno&quot;:&quot;5&quot;,&quot;salary&quot;:&quot;5&quot;,&quot;pincode&quot;:&quot;55555555&quot;,&quot;userid&quot;:&quot;ajXcTA5IE2uIheV6YVab&quot;,&quot;id&quot;:&quot;0hiTb8yKFMoMEaEquiHi&quot;},{&quot;accountno&quot;:&quot;5555555&quot;,&quot;departmentno&quot;:&quot;5&quot;,&quot;salary&quot;:&quot;5&quot;,&quot;pincode&quot;:&quot;55555555&quot;,&quot;userid&quot;:&quot;ajXcTA5IE2uIheV6YVab&quot;,&quot;id&quot;:&quot;m5azBVxo5J2hdaYOHHei&quot;},{&quot;accountno&quot;:&quot;5555555&quot;,&quot;departmentno&quot;:&quot;5&quot;,&quot;salary&quot;:&quot;5&quot;,&quot;pincode&quot;:&quot;55555555&quot;,&quot;userid&quot;:&quot;ajXcTA5IE2uIheV6YVab&quot;,&quot;id&quot;:&quot;1UCaMa77NyAR9WmPevVk&quot;},{&quot;accountno&quot;:&quot;5555555&quot;,&quot;departmentno&quot;:&quot;5&quot;,&quot;salary&quot;:&quot;555&quot;,&quot;pincode&quot;:&quot;55555555&quot;,&quot;userid&quot;:&quot;ajXcTA5IE2uIheV6YVab&quot;,&quot;id&quot;:&quot;YHxacXpWHaPrtKCHhb4H&quot;},{&quot;accountno&quot;:&quot;646464&quot;,&quot;departmentno&quot;:&quot;6&quot;,&quot;salary&quot;:&quot;64446&quot;,&quot;pincode&quot;:&quot;644446&quot;,&quot;userid&quot;:&quot;D2nTsRTUj40G3GdDZDs8&quot;,&quot;id&quot;:&quot;U6osLpFq1tEMEvKWWn47&quot;},{&quot;accountno&quot;:&quot;88888888&quot;,&quot;departmentno&quot;:&quot;888&quot;,&quot;salary&quot;:&quot;88888&quot;,&quot;pincode&quot;:&quot;888888&quot;,&quot;userid&quot;:&quot;iP7IM5QwF4WnnG4wV645&quot;,&quot;id&quot;:&quot;jMlh9jnb2nP8JpJSnGge&quot;},{&quot;accountno&quot;:&quot;785936&quot;,&quot;departmentno&quot;:&quot;7&quot;,&quot;salary&quot;:&quot;45635&quot;,&quot;pincode&quot;:&quot;23534&quot;,&quot;userid&quot;:&quot;Zkr5GwJhXN3dOEP2fImf&quot;,&quot;id&quot;:&quot;pOVF6ysgVmvUbSJszckd&quot;},{&quot;accountno&quot;:&quot;838392&quot;,&quot;departmentno&quot;:&quot;45&quot;,&quot;salary&quot;:&quot;5555&quot;,&quot;pincode&quot;:&quot;565656&quot;,&quot;userid&quot;:&quot;BIDNMczcV6BPtYdHfM89&quot;,&quot;id&quot;:&quot;rezc0fXP69TuNmMa39Jz&quot;},{&quot;accountno&quot;:&quot;345439&quot;,&quot;departmentno&quot;:&quot;5&quot;,&quot;salary&quot;:&quot;5000&quot;,&quot;pincode&quot;:&quot;543212&quot;,&quot;userid&quot;:&quot;Tq0x3VBTGmejU4cjTUV1&quot;,&quot;id&quot;:&quot;IUlPi3paOLrQfup7eGeu&quot;},{&quot;accountno&quot;:&quot;11111511&quot;,&quot;departmentno&quot;:&quot;1&quot;,&quot;salary&quot;:&quot;50000&quot;,&quot;pincode&quot;:&quot;750680&quot;,&quot;userid&quot;:&quot;Tq0x3VBTGmejU4cjTUV1&quot;,&quot;id&quot;:&quot;T9pRLQ0ekNSdDbgyFxwY&quot;},{&quot;accountno&quot;:&quot;43543543&quot;,&quot;departmentno&quot;:&quot;109&quot;,&quot;salary&quot;:&quot;90009&quot;,&quot;pincode&quot;:&quot;909090&quot;,&quot;userid&quot;:&quot;9AKrNDiLofCFvnOn7dMM&quot;,&quot;id&quot;:&quot;Tro96SI8wTX8ugj1tRFq&quot;},{&quot;accountno&quot;:&quot;77770003&quot;,&quot;departmentno&quot;:&quot;7&quot;,&quot;salary&quot;:&quot;140000&quot;,&quot;pincode&quot;:&quot;700044&quot;,&quot;userid&quot;:&quot;xlqBI2bMTgs2WYDkMnQo&quot;,&quot;id&quot;:&quot;SpJcvoAhbUE8b9RiA5rL&quot;},{&quot;accountno&quot;:&quot;77770003&quot;,&quot;departmentno&quot;:&quot;7&quot;,&quot;salary&quot;:&quot;140000&quot;,&quot;pincode&quot;:&quot;700044&quot;,&quot;userid&quot;:&quot;xlqBI2bMTgs2WYDkMnQo&quot;,&quot;id&quot;:&quot;BrrYk8LYh9nbtp0hQOr0&quot;},{&quot;accountno&quot;:&quot;77770003&quot;,&quot;departmentno&quot;:&quot;7&quot;,&quot;salary&quot;:&quot;140000&quot;,&quot;pincode&quot;:&quot;700044&quot;,&quot;userid&quot;:&quot;xlqBI2bMTgs2WYDkMnQo&quot;,&quot;id&quot;:&quot;pEfb4q2uhWNnuWLzAZY6&quot;},{&quot;accountno&quot;:&quot;77770003&quot;,&quot;departmentno&quot;:&quot;7&quot;,&quot;salary&quot;:&quot;140000&quot;,&quot;pincode&quot;:&quot;700044&quot;,&quot;userid&quot;:&quot;xlqBI2bMTgs2WYDkMnQo&quot;,&quot;id&quot;:&quot;usGYZsYLCpE5UDYl6Acu&quot;},{&quot;accountno&quot;:&quot;77770003&quot;,&quot;departmentno&quot;:&quot;7&quot;,&quot;salary&quot;:&quot;140000&quot;,&quot;pincode&quot;:&quot;700044&quot;,&quot;userid&quot;:&quot;xlqBI2bMTgs2WYDkMnQo&quot;,&quot;id&quot;:&quot;CkCRuBtUhC4qy8Mq9int&quot;},{&quot;accountno&quot;:&quot;77770003&quot;,&quot;departmentno&quot;:&quot;7&quot;,&quot;salary&quot;:&quot;140000&quot;,&quot;pincode&quot;:&quot;700044&quot;,&quot;userid&quot;:&quot;xlqBI2bMTgs2WYDkMnQo&quot;,&quot;id&quot;:&quot;rKc5Bwy2ADm6prAuEmes&quot;},{&quot;accountno&quot;:&quot;77575551&quot;,&quot;departmentno&quot;:&quot;9&quot;,&quot;salary&quot;:&quot;150000&quot;,&quot;pincode&quot;:&quot;700033&quot;,&quot;userid&quot;:&quot;jNuJRaZD68Qzh2SYg7d8&quot;,&quot;id&quot;:&quot;mvrgOr2TbWmSj3Q4Pp93&quot;},{&quot;accountno&quot;:&quot;10203040B&quot;,&quot;departmentno&quot;:&quot;1&quot;,&quot;salary&quot;:&quot;102,030&quot;,&quot;pincode&quot;:&quot;95136&quot;,&quot;userid&quot;:&quot;xlqBI2bMTgs2WYDkMnQo&quot;,&quot;id&quot;:&quot;bjBuHddwm829XW0Dn04a&quot;},{&quot;accountno&quot;:&quot;233322&quot;,&quot;departmentno&quot;:&quot;123&quot;,&quot;salary&quot;:&quot;56787&quot;,&quot;pincode&quot;:&quot;234322&quot;,&quot;userid&quot;:&quot;qGf6TRUSKD1a0w6JqySl&quot;,&quot;id&quot;:&quot;qml5gLyJcQHPi39aohn4&quot;},{&quot;accountno&quot;:&quot;233322&quot;,&quot;departmentno&quot;:&quot;123&quot;,&quot;salary&quot;:&quot;56787&quot;,&quot;pincode&quot;:&quot;234322&quot;,&quot;userid&quot;:&quot;qGf6TRUSKD1a0w6JqySl&quot;,&quot;id&quot;:&quot;JHsVDW9Mjf4D7FlCXrSR&quot;},{&quot;accountno&quot;:&quot;233322&quot;,&quot;departmentno&quot;:&quot;123&quot;,&quot;salary&quot;:&quot;56787&quot;,&quot;pincode&quot;:&quot;234322&quot;,&quot;userid&quot;:&quot;qGf6TRUSKD1a0w6JqySl&quot;,&quot;id&quot;:&quot;N6vlaJeXkmLw907XvSIO&quot;},{&quot;accountno&quot;:&quot;22222222&quot;,&quot;departmentno&quot;:&quot;2&quot;,&quot;salary&quot;:&quot;200000&quot;,&quot;pincode&quot;:&quot;222222&quot;,&quot;userid&quot;:&quot;q6WoqGKoPu5IJLmfeVk7&quot;,&quot;id&quot;:&quot;0wraWNLSh03zqXjSlPNy&quot;},{&quot;accountno&quot;:&quot;22222224&quot;,&quot;departmentno&quot;:&quot;224&quot;,&quot;salary&quot;:&quot;224&quot;,&quot;pincode&quot;:&quot;222224&quot;,&quot;userid&quot;:&quot;eUElBTpUvjJXLAlXqboz&quot;,&quot;id&quot;:&quot;kXXlFZ9Rj7PEWc5Ua7tC&quot;},{&quot;accountno&quot;:&quot;12312323&quot;,&quot;departmentno&quot;:&quot;123&quot;,&quot;salary&quot;:&quot;30000&quot;,&quot;pincode&quot;:&quot;600034&quot;,&quot;userid&quot;:&quot;1Ym9ZlG2O3D0yGacYTrG&quot;,&quot;id&quot;:&quot;P1NQsifsSryHlI9xNy5Z&quot;},{&quot;accountno&quot;:&quot;838392&quot;,&quot;departmentno&quot;:&quot;45&quot;,&quot;salary&quot;:&quot;5555&quot;,&quot;pincode&quot;:&quot;565656&quot;,&quot;userid&quot;:&quot;BIDNMczcV6BPtYdHfM89&quot;,&quot;id&quot;:&quot;pUS6iqF1o3hdMeVTEJKz&quot;},{&quot;accountno&quot;:&quot;838392&quot;,&quot;departmentno&quot;:&quot;45&quot;,&quot;salary&quot;:&quot;5555&quot;,&quot;pincode&quot;:&quot;565656&quot;,&quot;userid&quot;:&quot;BIDNMczcV6BPtYdHfM89&quot;,&quot;id&quot;:&quot;t12FW42J0xLrLx5GLMJr&quot;},{&quot;accountno&quot;:&quot;838392&quot;,&quot;departmentno&quot;:&quot;45&quot;,&quot;salary&quot;:&quot;5555&quot;,&quot;pincode&quot;:&quot;565656&quot;,&quot;userid&quot;:&quot;BIDNMczcV6BPtYdHfM89&quot;,&quot;id&quot;:&quot;1dT2M8nOXIOi9ogPWx1V&quot;},{&quot;accountno&quot;:&quot;838392&quot;,&quot;departmentno&quot;:&quot;45&quot;,&quot;salary&quot;:&quot;5555&quot;,&quot;pincode&quot;:&quot;565656&quot;,&quot;userid&quot;:&quot;BIDNMczcV6BPtYdHfM89&quot;,&quot;id&quot;:&quot;TPHMMHvM8jnH7rp0Oguq&quot;},{&quot;accountno&quot;:&quot;838392&quot;,&quot;departmentno&quot;:&quot;45&quot;,&quot;salary&quot;:&quot;5555&quot;,&quot;pincode&quot;:&quot;565656&quot;,&quot;userid&quot;:&quot;BIDNMczcV6BPtYdHfM89&quot;,&quot;id&quot;:&quot;btYpGBAEfmlvoPy729QU&quot;},{&quot;accountno&quot;:&quot;12121212&quot;,&quot;departmentno&quot;:&quot;121&quot;,&quot;salary&quot;:&quot;109&quot;,&quot;pincode&quot;:&quot;909090&quot;,&quot;userid&quot;:&quot;DXTNZRBikzuf3HinG3nv&quot;,&quot;id&quot;:&quot;Pm6O7irwLUJmwkFNbGEf&quot;},{&quot;accountno&quot;:&quot;12121212&quot;,&quot;departmentno&quot;:&quot;121&quot;,&quot;salary&quot;:&quot;109&quot;,&quot;pincode&quot;:&quot;909090&quot;,&quot;userid&quot;:&quot;DXTNZRBikzuf3HinG3nv&quot;,&quot;id&quot;:&quot;t5o2d1ysZigZbVqf0a2m&quot;},{&quot;accountno&quot;:&quot;12121212&quot;,&quot;departmentno&quot;:&quot;121&quot;,&quot;salary&quot;:&quot;109&quot;,&quot;pincode&quot;:&quot;909090&quot;,&quot;userid&quot;:&quot;DXTNZRBikzuf3HinG3nv&quot;,&quot;id&quot;:&quot;2OxO1fVivBf8RGx96jSp&quot;},{&quot;accountno&quot;:&quot;15161516&quot;,&quot;departmentno&quot;:&quot;1&quot;,&quot;salary&quot;:&quot;50000&quot;,&quot;pincode&quot;:&quot;750680&quot;,&quot;userid&quot;:&quot;r68yO5XQSyobaI5VQ6Fo&quot;,&quot;id&quot;:&quot;7ZZBlZeer3A1XocQ9i8t&quot;},{&quot;accountno&quot;:&quot;9999999&quot;,&quot;departmentno&quot;:9,&quot;salary&quot;:99999,&quot;pincode&quot;:99999,&quot;userid&quot;:&quot;BZdHLbA1022kPvlfnnBn&quot;,&quot;id&quot;:&quot;nCnt2c4Ka1vooMMICmRA&quot;},{&quot;accountno&quot;:&quot;11111511&quot;,&quot;departmentno&quot;:&quot;1&quot;,&quot;salary&quot;:&quot;50000&quot;,&quot;pincode&quot;:&quot;750680&quot;,&quot;userid&quot;:&quot;Tq0x3VBTGmejU4cjTUV1&quot;,&quot;id&quot;:&quot;hQ1xTQMhRqF28BGvxSU7&quot;},{&quot;accountno&quot;:&quot;11111511&quot;,&quot;departmentno&quot;:&quot;1&quot;,&quot;salary&quot;:&quot;50000&quot;,&quot;pincode&quot;:&quot;750680&quot;,&quot;userid&quot;:&quot;Tq0x3VBTGmejU4cjTUV1&quot;,&quot;id&quot;:&quot;Xa7OwUMVcyamb5Juw2gI&quot;},{&quot;accountno&quot;:&quot;838392&quot;,&quot;departmentno&quot;:&quot;45&quot;,&quot;salary&quot;:&quot;5555&quot;,&quot;pincode&quot;:&quot;565656&quot;,&quot;userid&quot;:&quot;BIDNMczcV6BPtYdHfM89&quot;,&quot;id&quot;:&quot;FQd6HoBWfMyetbHtEjg4&quot;},{&quot;accountno&quot;:&quot;10203040B&quot;,&quot;departmentno&quot;:&quot;1&quot;,&quot;salary&quot;:&quot;102,030&quot;,&quot;pincode&quot;:&quot;95136&quot;,&quot;userid&quot;:&quot;xlqBI2bMTgs2WYDkMnQo&quot;,&quot;id&quot;:&quot;8oxzO8TqmkqX7kUH9TBM&quot;},{&quot;accountno&quot;:&quot;10203040B&quot;,&quot;departmentno&quot;:&quot;1&quot;,&quot;salary&quot;:&quot;102,030&quot;,&quot;pincode&quot;:&quot;95136&quot;,&quot;userid&quot;:&quot;xlqBI2bMTgs2WYDkMnQo&quot;,&quot;id&quot;:&quot;rzJIsz3x72DL9TnUe3fW&quot;},{&quot;accountno&quot;:&quot;10203040B&quot;,&quot;departmentno&quot;:&quot;1&quot;,&quot;salary&quot;:&quot;102,030&quot;,&quot;pincode&quot;:&quot;95136&quot;,&quot;userid&quot;:&quot;xlqBI2bMTgs2WYDkMnQo&quot;,&quot;id&quot;:&quot;mT740iQgM0jHO9grwndw&quot;},{&quot;accountno&quot;:&quot;10203040B&quot;,&quot;departmentno&quot;:&quot;1&quot;,&quot;salary&quot;:&quot;102,030&quot;,&quot;pincode&quot;:&quot;95136&quot;,&quot;userid&quot;:&quot;xlqBI2bMTgs2WYDkMnQo&quot;,&quot;id&quot;:&quot;53EyUqIVHTLlHN0nKTjV&quot;},{&quot;accountno&quot;:&quot;10203040B&quot;,&quot;departmentno&quot;:&quot;1&quot;,&quot;salary&quot;:&quot;102,030&quot;,&quot;pincode&quot;:&quot;95136&quot;,&quot;userid&quot;:&quot;xlqBI2bMTgs2WYDkMnQo&quot;,&quot;id&quot;:&quot;87S8GZtAuWXRRRPYDnY4&quot;},{&quot;accountno&quot;:&quot;10203040B&quot;,&quot;departmentno&quot;:&quot;1&quot;,&quot;salary&quot;:&quot;102,030&quot;,&quot;pincode&quot;:&quot;95136&quot;,&quot;userid&quot;:&quot;xlqBI2bMTgs2WYDkMnQo&quot;,&quot;id&quot;:&quot;bp2CPcSpP90cTyb0smK2&quot;},{&quot;accountno&quot;:&quot;10203040B&quot;,&quot;departmentno&quot;:&quot;1&quot;,&quot;salary&quot;:&quot;102,030&quot;,&quot;pincode&quot;:&quot;95136&quot;,&quot;userid&quot;:&quot;xlqBI2bMTgs2WYDkMnQo&quot;,&quot;id&quot;:&quot;k0fTaA2KpksSge4OzCc4&quot;},{&quot;accountno&quot;:&quot;10203040B&quot;,&quot;departmentno&quot;:&quot;1&quot;,&quot;salary&quot;:&quot;102,030&quot;,&quot;pincode&quot;:&quot;95136&quot;,&quot;userid&quot;:&quot;xlqBI2bMTgs2WYDkMnQo&quot;,&quot;id&quot;:&quot;N8zsEvvDmAgqkABut2uP&quot;},{&quot;accountno&quot;:&quot;3333333&quot;,&quot;departmentno&quot;:&quot;110&quot;,&quot;salary&quot;:&quot;903345&quot;,&quot;pincode&quot;:&quot;11223344&quot;,&quot;userid&quot;:&quot;w7SYSrTpYgGYNxdgROxd&quot;,&quot;id&quot;:&quot;jaCnGs936coWWxpMz8gj&quot;},{&quot;accountno&quot;:&quot;222111&quot;,&quot;departmentno&quot;:&quot;109&quot;,&quot;salary&quot;:&quot;903345&quot;,&quot;pincode&quot;:&quot;11223344&quot;,&quot;userid&quot;:&quot;w7SYSrTpYgGYNxdgROxd&quot;,&quot;id&quot;:&quot;3klXwvUbNLcv4AnwP7iP&quot;},{&quot;accountno&quot;:&quot;3333333&quot;,&quot;departmentno&quot;:&quot;110&quot;,&quot;salary&quot;:&quot;903345&quot;,&quot;pincode&quot;:&quot;11223344&quot;,&quot;userid&quot;:&quot;w7SYSrTpYgGYNxdgROxd&quot;,&quot;id&quot;:&quot;5rp1XmuPtyBHT1sDcTkJ&quot;},{&quot;accountno&quot;:&quot;222111&quot;,&quot;departmentno&quot;:&quot;109&quot;,&quot;salary&quot;:&quot;903345&quot;,&quot;pincode&quot;:&quot;11223344&quot;,&quot;userid&quot;:&quot;w7SYSrTpYgGYNxdgROxd&quot;,&quot;id&quot;:&quot;R9qRZUG8y9So5yHGnbly&quot;},{&quot;accountno&quot;:&quot;3333333&quot;,&quot;departmentno&quot;:&quot;110&quot;,&quot;salary&quot;:&quot;903345&quot;,&quot;pincode&quot;:&quot;11223344&quot;,&quot;userid&quot;:&quot;w7SYSrTpYgGYNxdgROxd&quot;,&quot;id&quot;:&quot;cQskU9LCl6dQLw1rloB5&quot;},{&quot;accountno&quot;:&quot;222111&quot;,&quot;departmentno&quot;:&quot;109&quot;,&quot;salary&quot;:&quot;903345&quot;,&quot;pincode&quot;:&quot;11223344&quot;,&quot;userid&quot;:&quot;w7SYSrTpYgGYNxdgROxd&quot;,&quot;id&quot;:&quot;tQEoyhXnJ77kvD4wMVO6&quot;},{&quot;accountno&quot;:&quot;222111&quot;,&quot;departmentno&quot;:&quot;109&quot;,&quot;salary&quot;:&quot;903345&quot;,&quot;pincode&quot;:&quot;11223344&quot;,&quot;userid&quot;:&quot;w7SYSrTpYgGYNxdgROxd&quot;,&quot;id&quot;:&quot;DKWWgy8DQ5o6Dh4fXsOH&quot;},{&quot;accountno&quot;:&quot;12121212&quot;,&quot;departmentno&quot;:&quot;155&quot;,&quot;salary&quot;:&quot;16600&quot;,&quot;pincode&quot;:&quot;530044&quot;,&quot;userid&quot;:&quot;qZQHtKMExTaFVplLmeyk&quot;,&quot;id&quot;:&quot;bbVV3wDxGx6XUxNUgJPL&quot;},{&quot;accountno&quot;:&quot;15551555&quot;,&quot;departmentno&quot;:&quot;155&quot;,&quot;salary&quot;:&quot;15500&quot;,&quot;pincode&quot;:&quot;530044&quot;,&quot;userid&quot;:&quot;HuYhG15hCmuwXBhKEYKt&quot;,&quot;id&quot;:&quot;C7RspwF6szUWvlXFNe8Z&quot;},{&quot;accountno&quot;:&quot;838392&quot;,&quot;departmentno&quot;:&quot;45&quot;,&quot;salary&quot;:&quot;5555&quot;,&quot;pincode&quot;:&quot;565656&quot;,&quot;userid&quot;:&quot;BIDNMczcV6BPtYdHfM89&quot;,&quot;id&quot;:&quot;Spaz39zsvaRcuxNmOWHD&quot;},{&quot;accountno&quot;:&quot;838392&quot;,&quot;departmentno&quot;:&quot;45&quot;,&quot;salary&quot;:&quot;5555&quot;,&quot;pincode&quot;:&quot;565656&quot;,&quot;userid&quot;:&quot;BIDNMczcV6BPtYdHfM89&quot;,&quot;id&quot;:&quot;oJ4wnMUyxFGxeQ9j55aN&quot;},{&quot;accountno&quot;:&quot;838392&quot;,&quot;departmentno&quot;:&quot;45&quot;,&quot;salary&quot;:&quot;5555&quot;,&quot;pincode&quot;:&quot;565656&quot;,&quot;userid&quot;:&quot;BIDNMczcV6BPtYdHfM89&quot;,&quot;id&quot;:&quot;7LQtAeeDLlAZvo2aw0PV&quot;},{&quot;accountno&quot;:&quot;838392&quot;,&quot;departmentno&quot;:&quot;45&quot;,&quot;salary&quot;:&quot;5555&quot;,&quot;pincode&quot;:&quot;565656&quot;,&quot;userid&quot;:&quot;BIDNMczcV6BPtYdHfM89&quot;,&quot;id&quot;:&quot;acCTUkuNccU8O02ThusI&quot;},{&quot;accountno&quot;:&quot;838392&quot;,&quot;departmentno&quot;:&quot;45&quot;,&quot;salary&quot;:&quot;5555&quot;,&quot;pincode&quot;:&quot;565656&quot;,&quot;userid&quot;:&quot;BIDNMczcV6BPtYdHfM89&quot;,&quot;id&quot;:&quot;wYDz0nC4WN0d0tiUU3lM&quot;},{&quot;accountno&quot;:&quot;10203040B&quot;,&quot;departmentno&quot;:&quot;1&quot;,&quot;salary&quot;:&quot;102,030&quot;,&quot;pincode&quot;:&quot;95136&quot;,&quot;userid&quot;:&quot;xlqBI2bMTgs2WYDkMnQo&quot;,&quot;id&quot;:&quot;ebpVaJjwA93rJTrekTpT&quot;},{&quot;accountno&quot;:&quot;10203040B&quot;,&quot;departmentno&quot;:&quot;1&quot;,&quot;salary&quot;:&quot;102,030&quot;,&quot;pincode&quot;:&quot;95136&quot;,&quot;userid&quot;:&quot;xlqBI2bMTgs2WYDkMnQo&quot;,&quot;id&quot;:&quot;8r0xMDPqmatHvhl8jfmO&quot;},{&quot;accountno&quot;:&quot;10203040B&quot;,&quot;departmentno&quot;:&quot;1&quot;,&quot;salary&quot;:&quot;102,030&quot;,&quot;pincode&quot;:&quot;95136&quot;,&quot;userid&quot;:&quot;xlqBI2bMTgs2WYDkMnQo&quot;,&quot;id&quot;:&quot;R44iaNMKGPGfK4unoKqc&quot;},{&quot;accountno&quot;:&quot;11111511&quot;,&quot;departmentno&quot;:&quot;1&quot;,&quot;salary&quot;:&quot;50000&quot;,&quot;pincode&quot;:&quot;750680&quot;,&quot;userid&quot;:&quot;6eSDfJWGYLX40hP5amCv&quot;,&quot;id&quot;:&quot;Ep55TMdzamBtOYN4fY88&quot;},{&quot;accountno&quot;:&quot;10203040B&quot;,&quot;departmentno&quot;:&quot;1&quot;,&quot;salary&quot;:&quot;102,030&quot;,&quot;pincode&quot;:&quot;95136&quot;,&quot;userid&quot;:&quot;xlqBI2bMTgs2WYDkMnQo&quot;,&quot;id&quot;:&quot;L0oBwbqcRmkinIcOJBxx&quot;},{&quot;accountno&quot;:&quot;10203040B&quot;,&quot;departmentno&quot;:&quot;1&quot;,&quot;salary&quot;:&quot;102,030&quot;,&quot;pincode&quot;:&quot;95136&quot;,&quot;userid&quot;:&quot;xlqBI2bMTgs2WYDkMnQo&quot;,&quot;id&quot;:&quot;k2rfCu1cAaXPog0v5akd&quot;},{&quot;accountno&quot;:&quot;10203040B&quot;,&quot;departmentno&quot;:&quot;1&quot;,&quot;salary&quot;:&quot;102,030&quot;,&quot;pincode&quot;:&quot;95136&quot;,&quot;userid&quot;:&quot;xlqBI2bMTgs2WYDkMnQo&quot;,&quot;id&quot;:&quot;ADltZ3NQtbRzd4XNn1Ug&quot;},{&quot;accountno&quot;:&quot;10203040B&quot;,&quot;departmentno&quot;:&quot;1&quot;,&quot;salary&quot;:&quot;102,030&quot;,&quot;pincode&quot;:&quot;95136&quot;,&quot;userid&quot;:&quot;xlqBI2bMTgs2WYDkMnQo&quot;,&quot;id&quot;:&quot;g5PMLAz13WzqSXlQvZdE&quot;},{&quot;accountno&quot;:&quot;10203040B&quot;,&quot;departmentno&quot;:&quot;1&quot;,&quot;salary&quot;:&quot;102,030&quot;,&quot;pincode&quot;:&quot;95136&quot;,&quot;userid&quot;:&quot;xlqBI2bMTgs2WYDkMnQo&quot;,&quot;id&quot;:&quot;mVP1PGSsB0W6rpgUinou&quot;},{&quot;accountno&quot;:&quot;10203040B&quot;,&quot;departmentno&quot;:&quot;1&quot;,&quot;salary&quot;:&quot;102,030&quot;,&quot;pincode&quot;:&quot;95136&quot;,&quot;userid&quot;:&quot;xlqBI2bMTgs2WYDkMnQo&quot;,&quot;id&quot;:&quot;CIuSCKsnq0gBxkf0rD0R&quot;},{&quot;accountno&quot;:&quot;10203040B&quot;,&quot;departmentno&quot;:&quot;1&quot;,&quot;salary&quot;:&quot;102,030&quot;,&quot;pincode&quot;:&quot;95136&quot;,&quot;userid&quot;:&quot;xlqBI2bMTgs2WYDkMnQo&quot;,&quot;id&quot;:&quot;RGAk1JE8ohKOTj1bJnrx&quot;},{&quot;accountno&quot;:&quot;10203040B&quot;,&quot;departmentno&quot;:&quot;1&quot;,&quot;salary&quot;:&quot;102,030&quot;,&quot;pincode&quot;:&quot;95136&quot;,&quot;userid&quot;:&quot;xlqBI2bMTgs2WYDkMnQo&quot;,&quot;id&quot;:&quot;G413LodXOxZoRxBF8VBh&quot;},{&quot;accountno&quot;:&quot;10203040B&quot;,&quot;departmentno&quot;:&quot;1&quot;,&quot;salary&quot;:&quot;102,030&quot;,&quot;pincode&quot;:&quot;95136&quot;,&quot;userid&quot;:&quot;xlqBI2bMTgs2WYDkMnQo&quot;,&quot;id&quot;:&quot;jqjkpVRE3g58slJ7aGUx&quot;},{&quot;accountno&quot;:&quot;10203040B&quot;,&quot;departmentno&quot;:&quot;1&quot;,&quot;salary&quot;:&quot;102,030&quot;,&quot;pincode&quot;:&quot;95136&quot;,&quot;userid&quot;:&quot;xlqBI2bMTgs2WYDkMnQo&quot;,&quot;id&quot;:&quot;mMxbRogr3HH1qvhQ8T47&quot;},{&quot;accountno&quot;:&quot;10203040B&quot;,&quot;departmentno&quot;:&quot;1&quot;,&quot;salary&quot;:&quot;102,030&quot;,&quot;pincode&quot;:&quot;95136&quot;,&quot;userid&quot;:&quot;xlqBI2bMTgs2WYDkMnQo&quot;,&quot;id&quot;:&quot;huV8MvW7fdsTKoUCMK8h&quot;},{&quot;accountno&quot;:&quot;10203040B&quot;,&quot;departmentno&quot;:&quot;1&quot;,&quot;salary&quot;:&quot;102,030&quot;,&quot;pincode&quot;:&quot;95136&quot;,&quot;userid&quot;:&quot;xlqBI2bMTgs2WYDkMnQo&quot;,&quot;id&quot;:&quot;4WnlhicyqyFsIvj8OrrX&quot;},{&quot;accountno&quot;:&quot;10203040B&quot;,&quot;departmentno&quot;:&quot;1&quot;,&quot;salary&quot;:&quot;102,030&quot;,&quot;pincode&quot;:&quot;95136&quot;,&quot;userid&quot;:&quot;xlqBI2bMTgs2WYDkMnQo&quot;,&quot;id&quot;:&quot;qJXGWFmEeu8XoE1hNubL&quot;},{&quot;accountno&quot;:&quot;10203040B&quot;,&quot;departmentno&quot;:&quot;1&quot;,&quot;salary&quot;:&quot;102,030&quot;,&quot;pincode&quot;:&quot;95136&quot;,&quot;userid&quot;:&quot;xlqBI2bMTgs2WYDkMnQo&quot;,&quot;id&quot;:&quot;saGXi4HM681oL1i67mPH&quot;},{&quot;accountno&quot;:&quot;10203040B&quot;,&quot;departmentno&quot;:&quot;1&quot;,&quot;salary&quot;:&quot;102,030&quot;,&quot;pincode&quot;:&quot;95136&quot;,&quot;userid&quot;:&quot;xlqBI2bMTgs2WYDkMnQo&quot;,&quot;id&quot;:&quot;IFyznpH3xhQpbj4i3B1N&quot;},{&quot;accountno&quot;:&quot;10203040B&quot;,&quot;departmentno&quot;:&quot;1&quot;,&quot;salary&quot;:&quot;102,030&quot;,&quot;pincode&quot;:&quot;95136&quot;,&quot;userid&quot;:&quot;xlqBI2bMTgs2WYDkMnQo&quot;,&quot;id&quot;:&quot;H2GLvE6Ls3KuZK2X5bTi&quot;},{&quot;accountno&quot;:&quot;10203040B&quot;,&quot;departmentno&quot;:&quot;1&quot;,&quot;salary&quot;:&quot;102,030&quot;,&quot;pincode&quot;:&quot;95136&quot;,&quot;userid&quot;:&quot;xlqBI2bMTgs2WYDkMnQo&quot;,&quot;id&quot;:&quot;fX2uTjXU3GEUy1heHix4&quot;},{&quot;accountno&quot;:&quot;10203040B&quot;,&quot;departmentno&quot;:&quot;1&quot;,&quot;salary&quot;:&quot;102,030&quot;,&quot;pincode&quot;:&quot;95136&quot;,&quot;userid&quot;:&quot;xlqBI2bMTgs2WYDkMnQo&quot;,&quot;id&quot;:&quot;S9GxHrF9ByxKazMI7Pl6&quot;},{&quot;accountno&quot;:&quot;10203040B&quot;,&quot;departmentno&quot;:&quot;1&quot;,&quot;salary&quot;:&quot;102,030&quot;,&quot;pincode&quot;:&quot;95136&quot;,&quot;userid&quot;:&quot;xlqBI2bMTgs2WYDkMnQo&quot;,&quot;id&quot;:&quot;IvwmO2dVWLidArELGmGy&quot;},{&quot;accountno&quot;:&quot;10203040B&quot;,&quot;departmentno&quot;:&quot;1&quot;,&quot;salary&quot;:&quot;102,030&quot;,&quot;pincode&quot;:&quot;95136&quot;,&quot;userid&quot;:&quot;xlqBI2bMTgs2WYDkMnQo&quot;,&quot;id&quot;:&quot;h2fShPo2YXNXc7gyJZs3&quot;},{&quot;accountno&quot;:&quot;10203040B&quot;,&quot;departmentno&quot;:&quot;1&quot;,&quot;salary&quot;:&quot;102,030&quot;,&quot;pincode&quot;:&quot;95136&quot;,&quot;userid&quot;:&quot;xlqBI2bMTgs2WYDkMnQo&quot;,&quot;id&quot;:&quot;PcyOk366JKwrF6NFqRJB&quot;},{&quot;accountno&quot;:&quot;10203040B&quot;,&quot;departmentno&quot;:&quot;1&quot;,&quot;salary&quot;:&quot;102,030&quot;,&quot;pincode&quot;:&quot;95136&quot;,&quot;userid&quot;:&quot;xlqBI2bMTgs2WYDkMnQo&quot;,&quot;id&quot;:&quot;4KYIHlYWqbq5XU9sWl1o&quot;},{&quot;accountno&quot;:&quot;10203040B&quot;,&quot;departmentno&quot;:&quot;1&quot;,&quot;salary&quot;:&quot;102,030&quot;,&quot;pincode&quot;:&quot;95136&quot;,&quot;userid&quot;:&quot;xlqBI2bMTgs2WYDkMnQo&quot;,&quot;id&quot;:&quot;0gKe4ymOFpUepx3wABkh&quot;},{&quot;accountno&quot;:&quot;10203040B&quot;,&quot;departmentno&quot;:&quot;1&quot;,&quot;salary&quot;:&quot;102,030&quot;,&quot;pincode&quot;:&quot;95136&quot;,&quot;userid&quot;:&quot;xlqBI2bMTgs2WYDkMnQo&quot;,&quot;id&quot;:&quot;HI6E1MUErblLiMsOhTVI&quot;},{&quot;accountno&quot;:&quot;10203040B&quot;,&quot;departmentno&quot;:&quot;1&quot;,&quot;salary&quot;:&quot;102,030&quot;,&quot;pincode&quot;:&quot;95136&quot;,&quot;userid&quot;:&quot;xlqBI2bMTgs2WYDkMnQo&quot;,&quot;id&quot;:&quot;vgALRp7gfdcBf649NnuM&quot;},{&quot;accountno&quot;:&quot;10203040B&quot;,&quot;departmentno&quot;:&quot;1&quot;,&quot;salary&quot;:&quot;102,030&quot;,&quot;pincode&quot;:&quot;95136&quot;,&quot;userid&quot;:&quot;xlqBI2bMTgs2WYDkMnQo&quot;,&quot;id&quot;:&quot;d307SzvKrBFHE4hwH837&quot;},{&quot;accountno&quot;:&quot;10203040B&quot;,&quot;departmentno&quot;:&quot;1&quot;,&quot;salary&quot;:&quot;102,030&quot;,&quot;pincode&quot;:&quot;95136&quot;,&quot;userid&quot;:&quot;xlqBI2bMTgs2WYDkMnQo&quot;,&quot;id&quot;:&quot;k3IvWgvM1vMMYBSEuC33&quot;},{&quot;accountno&quot;:&quot;10203040B&quot;,&quot;departmentno&quot;:&quot;1&quot;,&quot;salary&quot;:&quot;102,030&quot;,&quot;pincode&quot;:&quot;95136&quot;,&quot;userid&quot;:&quot;xlqBI2bMTgs2WYDkMnQo&quot;,&quot;id&quot;:&quot;Deg8FxvEVd5OTTOTtBvJ&quot;},{&quot;accountno&quot;:&quot;10203040B&quot;,&quot;departmentno&quot;:&quot;1&quot;,&quot;salary&quot;:&quot;102,030&quot;,&quot;pincode&quot;:&quot;95136&quot;,&quot;userid&quot;:&quot;xlqBI2bMTgs2WYDkMnQo&quot;,&quot;id&quot;:&quot;VLeB1amNK4bVQaE7weRY&quot;},{&quot;accountno&quot;:&quot;10203040B&quot;,&quot;departmentno&quot;:&quot;1&quot;,&quot;salary&quot;:&quot;102,030&quot;,&quot;pincode&quot;:&quot;95136&quot;,&quot;userid&quot;:&quot;xlqBI2bMTgs2WYDkMnQo&quot;,&quot;id&quot;:&quot;aFYjfOdeuPgF9ckaDQV0&quot;},{&quot;accountno&quot;:&quot;556393549A&quot;,&quot;departmentno&quot;:&quot;2&quot;,&quot;salary&quot;:&quot;951,309&quot;,&quot;pincode&quot;:&quot;95053&quot;,&quot;userid&quot;:&quot;6eSDfJWGYLX40hP5amCv&quot;,&quot;id&quot;:&quot;ndPTrbEWE1rLd4WrZwTB&quot;},{&quot;accountno&quot;:&quot;10203040B&quot;,&quot;departmentno&quot;:&quot;1&quot;,&quot;salary&quot;:&quot;102,030&quot;,&quot;pincode&quot;:&quot;95136&quot;,&quot;userid&quot;:&quot;xlqBI2bMTgs2WYDkMnQo&quot;,&quot;id&quot;:&quot;pe6bZb2JLLSg34z2hAMV&quot;},{&quot;accountno&quot;:&quot;10203040B&quot;,&quot;departmentno&quot;:&quot;1&quot;,&quot;salary&quot;:&quot;102,030&quot;,&quot;pincode&quot;:&quot;95136&quot;,&quot;userid&quot;:&quot;xlqBI2bMTgs2WYDkMnQo&quot;,&quot;id&quot;:&quot;ADfx2aCqnSLcpExmMEeX&quot;},{&quot;accountno&quot;:&quot;10203040B&quot;,&quot;departmentno&quot;:&quot;1&quot;,&quot;salary&quot;:&quot;102,030&quot;,&quot;pincode&quot;:&quot;95136&quot;,&quot;userid&quot;:&quot;xlqBI2bMTgs2WYDkMnQo&quot;,&quot;id&quot;:&quot;lT3pKE0Ro06aLwfiI4sG&quot;},{&quot;accountno&quot;:&quot;10203040B&quot;,&quot;departmentno&quot;:&quot;1&quot;,&quot;salary&quot;:&quot;102,030&quot;,&quot;pincode&quot;:&quot;95136&quot;,&quot;userid&quot;:&quot;xlqBI2bMTgs2WYDkMnQo&quot;,&quot;id&quot;:&quot;eT1vPuigT0W5hgDCrXhe&quot;},{&quot;accountno&quot;:&quot;10203040B&quot;,&quot;departmentno&quot;:&quot;1&quot;,&quot;salary&quot;:&quot;102,030&quot;,&quot;pincode&quot;:&quot;95136&quot;,&quot;userid&quot;:&quot;xlqBI2bMTgs2WYDkMnQo&quot;,&quot;id&quot;:&quot;f062X4Xf8rEl0vWjQwvA&quot;},{&quot;accountno&quot;:&quot;10203040B&quot;,&quot;departmentno&quot;:&quot;1&quot;,&quot;salary&quot;:&quot;102,030&quot;,&quot;pincode&quot;:&quot;95136&quot;,&quot;userid&quot;:&quot;xlqBI2bMTgs2WYDkMnQo&quot;,&quot;id&quot;:&quot;DueMtF2lbGgyEbO7bPdR&quot;},{&quot;accountno&quot;:&quot;10203040B&quot;,&quot;departmentno&quot;:&quot;1&quot;,&quot;salary&quot;:&quot;102,030&quot;,&quot;pincode&quot;:&quot;95136&quot;,&quot;userid&quot;:&quot;xlqBI2bMTgs2WYDkMnQo&quot;,&quot;id&quot;:&quot;X0dcQul2yxXCO76LakYx&quot;},{&quot;accountno&quot;:&quot;10203040B&quot;,&quot;departmentno&quot;:&quot;1&quot;,&quot;salary&quot;:&quot;102,030&quot;,&quot;pincode&quot;:&quot;95136&quot;,&quot;userid&quot;:&quot;xlqBI2bMTgs2WYDkMnQo&quot;,&quot;id&quot;:&quot;SApvgorAaX02hFBHqo35&quot;},{&quot;accountno&quot;:&quot;10203040B&quot;,&quot;departmentno&quot;:&quot;1&quot;,&quot;salary&quot;:&quot;102,030&quot;,&quot;pincode&quot;:&quot;95136&quot;,&quot;userid&quot;:&quot;xlqBI2bMTgs2WYDkMnQo&quot;,&quot;id&quot;:&quot;FQfqzwbc8Aej4m9amCX4&quot;},{&quot;accountno&quot;:&quot;10203040B&quot;,&quot;departmentno&quot;:&quot;1&quot;,&quot;salary&quot;:&quot;102,030&quot;,&quot;pincode&quot;:&quot;95136&quot;,&quot;userid&quot;:&quot;xlqBI2bMTgs2WYDkMnQo&quot;,&quot;id&quot;:&quot;ZO5VJF12XexlsKr2dWF2&quot;},{&quot;accountno&quot;:&quot;838392&quot;,&quot;departmentno&quot;:&quot;45&quot;,&quot;salary&quot;:&quot;5555&quot;,&quot;pincode&quot;:&quot;565656&quot;,&quot;userid&quot;:&quot;BIDNMczcV6BPtYdHfM89&quot;,&quot;id&quot;:&quot;w5bz7qDcrcWqRCmJZIfu&quot;},{&quot;accountno&quot;:&quot;838392&quot;,&quot;departmentno&quot;:&quot;45&quot;,&quot;salary&quot;:&quot;5555&quot;,&quot;pincode&quot;:&quot;565656&quot;,&quot;userid&quot;:&quot;BIDNMczcV6BPtYdHfM89&quot;,&quot;id&quot;:&quot;DSlfERyCg8UBmlY1l82D&quot;},{&quot;accountno&quot;:&quot;838392&quot;,&quot;departmentno&quot;:&quot;45&quot;,&quot;salary&quot;:&quot;5555&quot;,&quot;pincode&quot;:&quot;565656&quot;,&quot;userid&quot;:&quot;BIDNMczcV6BPtYdHfM89&quot;,&quot;id&quot;:&quot;U5tfwDZ7DQfwkUCxRrDB&quot;},{&quot;accountno&quot;:&quot;838392&quot;,&quot;departmentno&quot;:&quot;45&quot;,&quot;salary&quot;:&quot;5555&quot;,&quot;pincode&quot;:&quot;565656&quot;,&quot;userid&quot;:&quot;BIDNMczcV6BPtYdHfM89&quot;,&quot;id&quot;:&quot;YObuwwvLYEAjUDog9yV8&quot;},{&quot;accountno&quot;:&quot;838392&quot;,&quot;departmentno&quot;:&quot;45&quot;,&quot;salary&quot;:&quot;5555&quot;,&quot;pincode&quot;:&quot;565656&quot;,&quot;userid&quot;:&quot;BIDNMczcV6BPtYdHfM89&quot;,&quot;id&quot;:&quot;79996bpKPrpLd0UcIFEu&quot;},{&quot;accountno&quot;:&quot;838392&quot;,&quot;departmentno&quot;:&quot;45&quot;,&quot;salary&quot;:&quot;5555&quot;,&quot;pincode&quot;:&quot;565656&quot;,&quot;userid&quot;:&quot;BIDNMczcV6BPtYdHfM89&quot;,&quot;id&quot;:&quot;LnRyAXwxcRl8gSLWkMUM&quot;},{&quot;accountno&quot;:&quot;838392&quot;,&quot;departmentno&quot;:&quot;45&quot;,&quot;salary&quot;:&quot;5555&quot;,&quot;pincode&quot;:&quot;565656&quot;,&quot;userid&quot;:&quot;BIDNMczcV6BPtYdHfM89&quot;,&quot;id&quot;:&quot;OvSVLjM6smJaeSkq0jqP&quot;},{&quot;accountno&quot;:&quot;838392&quot;,&quot;departmentno&quot;:&quot;45&quot;,&quot;salary&quot;:&quot;5555&quot;,&quot;pincode&quot;:&quot;565656&quot;,&quot;userid&quot;:&quot;BIDNMczcV6BPtYdHfM89&quot;,&quot;id&quot;:&quot;jHSFZExlaCGpPoFRFSKa&quot;},{&quot;accountno&quot;:&quot;838392&quot;,&quot;departmentno&quot;:&quot;45&quot;,&quot;salary&quot;:&quot;5555&quot;,&quot;pincode&quot;:&quot;565656&quot;,&quot;userid&quot;:&quot;BIDNMczcV6BPtYdHfM89&quot;,&quot;id&quot;:&quot;NEwhC0YUj73fa9mKJLRm&quot;},{&quot;accountno&quot;:&quot;556393549A&quot;,&quot;departmentno&quot;:&quot;2&quot;,&quot;salary&quot;:&quot;951,309&quot;,&quot;pincode&quot;:&quot;95053&quot;,&quot;userid&quot;:&quot;6eSDfJWGYLX40hP5amCv&quot;,&quot;id&quot;:&quot;1q1xFqiguGGCalYcYocO&quot;},{&quot;accountno&quot;:&quot;22222222&quot;,&quot;departmentno&quot;:&quot;2&quot;,&quot;salary&quot;:&quot;200000&quot;,&quot;pincode&quot;:&quot;222222&quot;,&quot;userid&quot;:&quot;q6WoqGKoPu5IJLmfeVk7&quot;,&quot;id&quot;:&quot;zw57TQc5HLhtuVwSrmBl&quot;},{&quot;accountno&quot;:&quot;22222222&quot;,&quot;departmentno&quot;:&quot;2&quot;,&quot;salary&quot;:&quot;200000&quot;,&quot;pincode&quot;:&quot;222222&quot;,&quot;userid&quot;:&quot;q6WoqGKoPu5IJLmfeVk7&quot;,&quot;id&quot;:&quot;PnFzELO1OcYjkH8gCNtI&quot;},{&quot;accountno&quot;:&quot;22222222&quot;,&quot;departmentno&quot;:&quot;2&quot;,&quot;salary&quot;:&quot;200000&quot;,&quot;pincode&quot;:&quot;222222&quot;,&quot;userid&quot;:&quot;q6WoqGKoPu5IJLmfeVk7&quot;,&quot;id&quot;:&quot;7TQCsrDI5kKdVT90R8Y4&quot;},{&quot;accountno&quot;:&quot;22222222&quot;,&quot;departmentno&quot;:&quot;2&quot;,&quot;salary&quot;:&quot;200000&quot;,&quot;pincode&quot;:&quot;222222&quot;,&quot;userid&quot;:&quot;q6WoqGKoPu5IJLmfeVk7&quot;,&quot;id&quot;:&quot;a5wZr1zBxwbnko84iNN1&quot;},{&quot;accountno&quot;:&quot;22222222&quot;,&quot;departmentno&quot;:&quot;2&quot;,&quot;salary&quot;:&quot;200000&quot;,&quot;pincode&quot;:&quot;222222&quot;,&quot;userid&quot;:&quot;q6WoqGKoPu5IJLmfeVk7&quot;,&quot;id&quot;:&quot;peIQ4KskwAMUduAXMDIL&quot;},{&quot;accountno&quot;:&quot;22222222&quot;,&quot;departmentno&quot;:&quot;2&quot;,&quot;salary&quot;:&quot;200000&quot;,&quot;pincode&quot;:&quot;222222&quot;,&quot;userid&quot;:&quot;q6WoqGKoPu5IJLmfeVk7&quot;,&quot;id&quot;:&quot;hyjECtz55PeUveh9M37e&quot;},{&quot;accountno&quot;:&quot;22222225&quot;,&quot;departmentno&quot;:&quot;225&quot;,&quot;salary&quot;:&quot;225&quot;,&quot;pincode&quot;:&quot;222225&quot;,&quot;userid&quot;:&quot;eUElBTpUvjJXLAlXqboz&quot;,&quot;id&quot;:&quot;UfUA1EA7A02p3wKukPoS&quot;},{&quot;accountno&quot;:&quot;22222225&quot;,&quot;departmentno&quot;:&quot;225&quot;,&quot;salary&quot;:&quot;225&quot;,&quot;pincode&quot;:&quot;222225&quot;,&quot;userid&quot;:&quot;eUElBTpUvjJXLAlXqboz&quot;,&quot;id&quot;:&quot;0JaWGzPa7x7OwH9ISJ41&quot;},{&quot;accountno&quot;:&quot;22222224&quot;,&quot;departmentno&quot;:&quot;224&quot;,&quot;salary&quot;:&quot;224&quot;,&quot;pincode&quot;:&quot;222224&quot;,&quot;userid&quot;:&quot;eUElBTpUvjJXLAlXqboz&quot;,&quot;id&quot;:&quot;gFY1YZ9VpinxxdNajMfS&quot;},{&quot;accountno&quot;:&quot;22222224&quot;,&quot;departmentno&quot;:&quot;224&quot;,&quot;salary&quot;:&quot;224&quot;,&quot;pincode&quot;:&quot;222224&quot;,&quot;userid&quot;:&quot;eUElBTpUvjJXLAlXqboz&quot;,&quot;id&quot;:&quot;gtodZAYQ5hOvjAgzRstU&quot;},{&quot;accountno&quot;:&quot;22222224&quot;,&quot;departmentno&quot;:&quot;224&quot;,&quot;salary&quot;:&quot;224&quot;,&quot;pincode&quot;:&quot;222224&quot;,&quot;userid&quot;:&quot;eUElBTpUvjJXLAlXqboz&quot;,&quot;id&quot;:&quot;uvKMZOwd9FjtBfVI4drP&quot;},{&quot;accountno&quot;:&quot;22222225&quot;,&quot;departmentno&quot;:&quot;225&quot;,&quot;salary&quot;:&quot;225&quot;,&quot;pincode&quot;:&quot;222225&quot;,&quot;userid&quot;:&quot;eUElBTpUvjJXLAlXqboz&quot;,&quot;id&quot;:&quot;yt8izsZ3lK8QleG5Coun&quot;},{&quot;accountno&quot;:&quot;22222225&quot;,&quot;departmentno&quot;:&quot;225&quot;,&quot;salary&quot;:&quot;225&quot;,&quot;pincode&quot;:&quot;222225&quot;,&quot;userid&quot;:&quot;eUElBTpUvjJXLAlXqboz&quot;,&quot;id&quot;:&quot;wLH7S2I5d7boMASFdOMD&quot;},{&quot;accountno&quot;:&quot;12121212&quot;,&quot;departmentno&quot;:&quot;9&quot;,&quot;salary&quot;:&quot;99999 &quot;,&quot;pincode&quot;:&quot;999999 &quot;,&quot;userid&quot;:&quot;xlqBI2bMTgs2WYDkMnQo&quot;,&quot;id&quot;:&quot;8DHW7yoOcswwFrWW0AkG&quot;},{&quot;accountno&quot;:&quot;12312323&quot;,&quot;departmentno&quot;:&quot;123&quot;,&quot;salary&quot;:&quot;30000&quot;,&quot;pincode&quot;:&quot;600034&quot;,&quot;userid&quot;:&quot;1Ym9ZlG2O3D0yGacYTrG&quot;,&quot;id&quot;:&quot;jkA2GIRR7XP30Wxy4E2G&quot;},{&quot;accountno&quot;:&quot;222111&quot;,&quot;departmentno&quot;:&quot;109&quot;,&quot;salary&quot;:&quot;903345&quot;,&quot;pincode&quot;:&quot;11223344&quot;,&quot;userid&quot;:&quot;w7SYSrTpYgGYNxdgROxd&quot;,&quot;id&quot;:&quot;7Jrv8ZZcEZQpNBbaVyR4&quot;},{&quot;accountno&quot;:&quot;12312323&quot;,&quot;departmentno&quot;:&quot;123&quot;,&quot;salary&quot;:&quot;30000&quot;,&quot;pincode&quot;:&quot;600034&quot;,&quot;userid&quot;:&quot;1Ym9ZlG2O3D0yGacYTrG&quot;,&quot;id&quot;:&quot;yg4h2tbZzJshr0d4qzHx&quot;},{&quot;accountno&quot;:&quot;222111&quot;,&quot;departmentno&quot;:&quot;109&quot;,&quot;salary&quot;:&quot;903345&quot;,&quot;pincode&quot;:&quot;11223344&quot;,&quot;userid&quot;:&quot;w7SYSrTpYgGYNxdgROxd&quot;,&quot;id&quot;:&quot;Tj6KlSWghcagedpjJwcU&quot;},{&quot;accountno&quot;:&quot;222111&quot;,&quot;departmentno&quot;:&quot;109&quot;,&quot;salary&quot;:&quot;903345&quot;,&quot;pincode&quot;:&quot;11223344&quot;,&quot;userid&quot;:&quot;w7SYSrTpYgGYNxdgROxd&quot;,&quot;id&quot;:&quot;6jStm0fPLduL9JOvIkmh&quot;},{&quot;accountno&quot;:&quot;222111&quot;,&quot;departmentno&quot;:&quot;109&quot;,&quot;salary&quot;:&quot;903345&quot;,&quot;pincode&quot;:&quot;11223344&quot;,&quot;userid&quot;:&quot;w7SYSrTpYgGYNxdgROxd&quot;,&quot;id&quot;:&quot;ysml7V8wymE5NOLUOxQu&quot;},{&quot;accountno&quot;:&quot;12312323&quot;,&quot;departmentno&quot;:&quot;123&quot;,&quot;salary&quot;:&quot;30000&quot;,&quot;pincode&quot;:&quot;600034&quot;,&quot;userid&quot;:&quot;1Ym9ZlG2O3D0yGacYTrG&quot;,&quot;id&quot;:&quot;ZgK8SAX5pgTjSQVwGLPy&quot;},{&quot;accountno&quot;:&quot;12121212&quot;,&quot;departmentno&quot;:&quot;9&quot;,&quot;salary&quot;:&quot;99999 &quot;,&quot;pincode&quot;:&quot;999999 &quot;,&quot;userid&quot;:&quot;xlqBI2bMTgs2WYDkMnQo&quot;,&quot;id&quot;:&quot;hfhDczTENg6hfdB2hV8w&quot;},{&quot;accountno&quot;:&quot;12312323&quot;,&quot;departmentno&quot;:&quot;123&quot;,&quot;salary&quot;:&quot;30000&quot;,&quot;pincode&quot;:&quot;600034&quot;,&quot;userid&quot;:&quot;1Ym9ZlG2O3D0yGacYTrG&quot;,&quot;id&quot;:&quot;7LVFhQLKHMInjHMcNG1B&quot;},{&quot;accountno&quot;:&quot;12121212&quot;,&quot;departmentno&quot;:&quot;9&quot;,&quot;salary&quot;:&quot;99999 &quot;,&quot;pincode&quot;:&quot;999999 &quot;,&quot;userid&quot;:&quot;xlqBI2bMTgs2WYDkMnQo&quot;,&quot;id&quot;:&quot;W6URWHGPU7LRJZNGR4pm&quot;},{&quot;accountno&quot;:&quot;12121212&quot;,&quot;departmentno&quot;:&quot;9&quot;,&quot;salary&quot;:&quot;99999 &quot;,&quot;pincode&quot;:&quot;999999 &quot;,&quot;userid&quot;:&quot;xlqBI2bMTgs2WYDkMnQo&quot;,&quot;id&quot;:&quot;im2a6S8lBoUh80pXD01T&quot;},{&quot;accountno&quot;:&quot;12121212&quot;,&quot;departmentno&quot;:&quot;9&quot;,&quot;salary&quot;:&quot;99999 &quot;,&quot;pincode&quot;:&quot;999999 &quot;,&quot;userid&quot;:&quot;xlqBI2bMTgs2WYDkMnQo&quot;,&quot;id&quot;:&quot;ppxhEQbNMNQMgFJTNlsR&quot;},{&quot;accountno&quot;:&quot;12312323&quot;,&quot;departmentno&quot;:&quot;123&quot;,&quot;salary&quot;:&quot;30000&quot;,&quot;pincode&quot;:&quot;600034&quot;,&quot;userid&quot;:&quot;1Ym9ZlG2O3D0yGacYTrG&quot;,&quot;id&quot;:&quot;kcCeJ6OJDoi7DWIIkJgf&quot;},{&quot;accountno&quot;:&quot;12121212&quot;,&quot;departmentno&quot;:&quot;9&quot;,&quot;salary&quot;:&quot;99999 &quot;,&quot;pincode&quot;:&quot;999999 &quot;,&quot;userid&quot;:&quot;xlqBI2bMTgs2WYDkMnQo&quot;,&quot;id&quot;:&quot;5SfiHJ58t7WXUWXmpy65&quot;},{&quot;accountno&quot;:&quot;22222225&quot;,&quot;departmentno&quot;:&quot;225&quot;,&quot;salary&quot;:&quot;225&quot;,&quot;pincode&quot;:&quot;222225&quot;,&quot;userid&quot;:&quot;eUElBTpUvjJXLAlXqboz&quot;,&quot;id&quot;:&quot;rnmlAXsyK8JcM0nhKuUJ&quot;},{&quot;accountno&quot;:&quot;12121212&quot;,&quot;departmentno&quot;:&quot;9&quot;,&quot;salary&quot;:&quot;99999 &quot;,&quot;pincode&quot;:&quot;999999 &quot;,&quot;userid&quot;:&quot;xlqBI2bMTgs2WYDkMnQo&quot;,&quot;id&quot;:&quot;LeQREil8tp0pCnDUpGWd&quot;},{&quot;accountno&quot;:&quot;12121212&quot;,&quot;departmentno&quot;:&quot;9&quot;,&quot;salary&quot;:&quot;99999 &quot;,&quot;pincode&quot;:&quot;999999 &quot;,&quot;userid&quot;:&quot;xlqBI2bMTgs2WYDkMnQo&quot;,&quot;id&quot;:&quot;uvZ1lIJrG8UQK6r4MPmd&quot;},{&quot;accountno&quot;:&quot;12121212&quot;,&quot;departmentno&quot;:&quot;9&quot;,&quot;salary&quot;:&quot;99999 &quot;,&quot;pincode&quot;:&quot;999999 &quot;,&quot;userid&quot;:&quot;xlqBI2bMTgs2WYDkMnQo&quot;,&quot;id&quot;:&quot;h3hExA1yJjgrb7V4VAwC&quot;},{&quot;accountno&quot;:&quot;222111&quot;,&quot;departmentno&quot;:&quot;109&quot;,&quot;salary&quot;:&quot;903345&quot;,&quot;pincode&quot;:&quot;11223344&quot;,&quot;userid&quot;:&quot;w7SYSrTpYgGYNxdgROxd&quot;,&quot;id&quot;:&quot;RHY5h20tyesTnH6Mi6rN&quot;},{&quot;accountno&quot;:&quot;12121212&quot;,&quot;departmentno&quot;:&quot;9&quot;,&quot;salary&quot;:&quot;99999 &quot;,&quot;pincode&quot;:&quot;999999 &quot;,&quot;userid&quot;:&quot;xlqBI2bMTgs2WYDkMnQo&quot;,&quot;id&quot;:&quot;A6CF6TAIYUOqVIqkal9r&quot;},{&quot;accountno&quot;:&quot;12121212&quot;,&quot;departmentno&quot;:&quot;9&quot;,&quot;salary&quot;:&quot;99999 &quot;,&quot;pincode&quot;:&quot;999999 &quot;,&quot;userid&quot;:&quot;xlqBI2bMTgs2WYDkMnQo&quot;,&quot;id&quot;:&quot;4pNZyg4B0UREpG3KsHrF&quot;},{&quot;accountno&quot;:&quot;222111&quot;,&quot;departmentno&quot;:&quot;109&quot;,&quot;salary&quot;:&quot;903345&quot;,&quot;pincode&quot;:&quot;11223344&quot;,&quot;userid&quot;:&quot;w7SYSrTpYgGYNxdgROxd&quot;,&quot;id&quot;:&quot;B8wmsVHtZxTY08Eogdo6&quot;},{&quot;accountno&quot;:&quot;11111511&quot;,&quot;departmentno&quot;:&quot;1&quot;,&quot;salary&quot;:&quot;50000&quot;,&quot;pincode&quot;:&quot;750680&quot;,&quot;userid&quot;:&quot;Tq0x3VBTGmejU4cjTUV1&quot;,&quot;id&quot;:&quot;YfFIgx5iAai8IGipzDfL&quot;},{&quot;accountno&quot;:&quot;12121212&quot;,&quot;departmentno&quot;:&quot;9&quot;,&quot;salary&quot;:&quot;99999 &quot;,&quot;pincode&quot;:&quot;999999 &quot;,&quot;userid&quot;:&quot;xlqBI2bMTgs2WYDkMnQo&quot;,&quot;id&quot;:&quot;mF5b8QN0ceDEh94qrFK7&quot;},{&quot;accountno&quot;:&quot;12121212&quot;,&quot;departmentno&quot;:&quot;9&quot;,&quot;salary&quot;:&quot;99999 &quot;,&quot;pincode&quot;:&quot;999999 &quot;,&quot;userid&quot;:&quot;xlqBI2bMTgs2WYDkMnQo&quot;,&quot;id&quot;:&quot;GvWZY07QjRzRDTaEzhJY&quot;},{&quot;accountno&quot;:&quot;22365&quot;,&quot;departmentno&quot;:&quot;2&quot;,&quot;salary&quot;:&quot;6000&quot;,&quot;pincode&quot;:&quot;526312&quot;,&quot;userid&quot;:&quot;xlqBI2bMTgs2WYDkMnQo&quot;,&quot;id&quot;:&quot;R9bsSyZHiuCx8VWwd2Rz&quot;},{&quot;accountno&quot;:&quot;22222224&quot;,&quot;departmentno&quot;:&quot;224&quot;,&quot;salary&quot;:&quot;224&quot;,&quot;pincode&quot;:&quot;222224&quot;,&quot;userid&quot;:&quot;eUElBTpUvjJXLAlXqboz&quot;,&quot;id&quot;:&quot;lyeTIWuxMw7ZwtYn6CpH&quot;},{&quot;accountno&quot;:&quot;222111&quot;,&quot;departmentno&quot;:&quot;109&quot;,&quot;salary&quot;:&quot;903345&quot;,&quot;pincode&quot;:&quot;11223344&quot;,&quot;userid&quot;:&quot;w7SYSrTpYgGYNxdgROxd&quot;,&quot;id&quot;:&quot;WyosBCQRagvhpQBbBalu&quot;},{&quot;accountno&quot;:&quot;12121212&quot;,&quot;departmentno&quot;:&quot;9&quot;,&quot;salary&quot;:&quot;99999 &quot;,&quot;pincode&quot;:&quot;999999 &quot;,&quot;userid&quot;:&quot;xlqBI2bMTgs2WYDkMnQo&quot;,&quot;id&quot;:&quot;x9wKzwfaGTDo6kK5TO6k&quot;},{&quot;accountno&quot;:&quot;222111&quot;,&quot;departmentno&quot;:&quot;109&quot;,&quot;salary&quot;:&quot;903345&quot;,&quot;pincode&quot;:&quot;11223344&quot;,&quot;userid&quot;:&quot;w7SYSrTpYgGYNxdgROxd&quot;,&quot;id&quot;:&quot;Itvip5kiE1TYU4TX65vd&quot;},{&quot;accountno&quot;:&quot;12121212&quot;,&quot;departmentno&quot;:&quot;121&quot;,&quot;salary&quot;:&quot;109&quot;,&quot;pincode&quot;:&quot;909090&quot;,&quot;userid&quot;:&quot;DXTNZRBikzuf3HinG3nv&quot;,&quot;id&quot;:&quot;ABUX1H3Ff8MAGLiEENdf&quot;},{&quot;accountno&quot;:&quot;12121212&quot;,&quot;departmentno&quot;:&quot;121&quot;,&quot;salary&quot;:&quot;109&quot;,&quot;pincode&quot;:&quot;909090&quot;,&quot;userid&quot;:&quot;DXTNZRBikzuf3HinG3nv&quot;,&quot;id&quot;:&quot;VFWitTPOyILsIOGtzbm6&quot;},{&quot;accountno&quot;:&quot;12121212&quot;,&quot;departmentno&quot;:&quot;121&quot;,&quot;salary&quot;:&quot;109&quot;,&quot;pincode&quot;:&quot;909090&quot;,&quot;userid&quot;:&quot;DXTNZRBikzuf3HinG3nv&quot;,&quot;id&quot;:&quot;5DycJVJvyXMQwBi9GcBD&quot;},{&quot;accountno&quot;:&quot;33746611&quot;,&quot;departmentno&quot;:&quot;2&quot;,&quot;salary&quot;:&quot;15008&quot;,&quot;pincode&quot;:&quot;687688&quot;,&quot;userid&quot;:&quot;Dike7NPhrAlQBXVvwCWX&quot;,&quot;id&quot;:&quot;DvJ83iwdNR2ysMSrZ78F&quot;},{&quot;accountno&quot;:&quot;11221133&quot;,&quot;departmentno&quot;:&quot;109&quot;,&quot;salary&quot;:&quot;90009&quot;,&quot;pincode&quot;:&quot;909090&quot;,&quot;userid&quot;:&quot;DXTNZRBikzuf3HinG3nv&quot;,&quot;id&quot;:&quot;ZRAvGwU8BreeYkQsAKoX&quot;},{&quot;accountno&quot;:&quot;15161516&quot;,&quot;departmentno&quot;:&quot;1&quot;,&quot;salary&quot;:&quot;50000&quot;,&quot;pincode&quot;:&quot;750680&quot;,&quot;userid&quot;:&quot;r68yO5XQSyobaI5VQ6Fo&quot;,&quot;id&quot;:&quot;TG8gROM7999fu6OuG7Q6&quot;},{&quot;accountno&quot;:&quot;22222225&quot;,&quot;departmentno&quot;:&quot;225&quot;,&quot;salary&quot;:&quot;225&quot;,&quot;pincode&quot;:&quot;222225&quot;,&quot;userid&quot;:&quot;eUElBTpUvjJXLAlXqboz&quot;,&quot;id&quot;:&quot;gqHEiLcGB7sXQfJzzNL9&quot;},{&quot;accountno&quot;:&quot;11111511&quot;,&quot;departmentno&quot;:&quot;1&quot;,&quot;salary&quot;:&quot;50000&quot;,&quot;pincode&quot;:&quot;750680&quot;,&quot;userid&quot;:&quot;Tq0x3VBTGmejU4cjTUV1&quot;,&quot;id&quot;:&quot;5VLI3dpNq6OgVLFN41Rl&quot;},{&quot;accountno&quot;:&quot;11111516&quot;,&quot;departmentno&quot;:&quot;1&quot;,&quot;salary&quot;:&quot;50000&quot;,&quot;pincode&quot;:&quot;750680&quot;,&quot;userid&quot;:&quot;Tq0x3VBTGmejU4cjTUV1&quot;,&quot;id&quot;:&quot;hh0jXZFjB95X1VbVNkCJ&quot;},{&quot;accountno&quot;:&quot;11111516&quot;,&quot;departmentno&quot;:&quot;1&quot;,&quot;salary&quot;:&quot;50000&quot;,&quot;pincode&quot;:&quot;750680&quot;,&quot;userid&quot;:&quot;Tq0x3VBTGmejU4cjTUV1&quot;,&quot;id&quot;:&quot;0GLz82lS2zGGIzNI8yCc&quot;},{&quot;accountno&quot;:&quot;12121212&quot;,&quot;departmentno&quot;:&quot;121&quot;,&quot;salary&quot;:&quot;109&quot;,&quot;pincode&quot;:&quot;909090&quot;,&quot;userid&quot;:&quot;DXTNZRBikzuf3HinG3nv&quot;,&quot;id&quot;:&quot;TsA8zOezjrMKMCgjyGiE&quot;},{&quot;accountno&quot;:&quot;12121212&quot;,&quot;departmentno&quot;:&quot;121&quot;,&quot;salary&quot;:&quot;109&quot;,&quot;pincode&quot;:&quot;909090&quot;,&quot;userid&quot;:&quot;DXTNZRBikzuf3HinG3nv&quot;,&quot;id&quot;:&quot;5GVLraZTFTOCo6Ly9hds&quot;},{&quot;accountno&quot;:&quot;12121212&quot;,&quot;departmentno&quot;:&quot;9&quot;,&quot;salary&quot;:&quot;99999 &quot;,&quot;pincode&quot;:&quot;999999 &quot;,&quot;userid&quot;:&quot;xlqBI2bMTgs2WYDkMnQo&quot;,&quot;id&quot;:&quot;Y8ww9eSL9oduFTcLo8EX&quot;},{&quot;accountno&quot;:&quot;12121212&quot;,&quot;departmentno&quot;:&quot;9&quot;,&quot;salary&quot;:&quot;99999 &quot;,&quot;pincode&quot;:&quot;999999 &quot;,&quot;userid&quot;:&quot;xlqBI2bMTgs2WYDkMnQo&quot;,&quot;id&quot;:&quot;t2b08Xz0UfOztRDyKNoL&quot;},{&quot;accountno&quot;:&quot;12121212&quot;,&quot;departmentno&quot;:&quot;9&quot;,&quot;salary&quot;:&quot;99999 &quot;,&quot;pincode&quot;:&quot;999999 &quot;,&quot;userid&quot;:&quot;xlqBI2bMTgs2WYDkMnQo&quot;,&quot;id&quot;:&quot;R5Gv8ZL4m1zhu2g73SaP&quot;},{&quot;accountno&quot;:&quot;11111516&quot;,&quot;departmentno&quot;:&quot;1&quot;,&quot;salary&quot;:&quot;50000&quot;,&quot;pincode&quot;:&quot;750680&quot;,&quot;userid&quot;:&quot;Tq0x3VBTGmejU4cjTUV1&quot;,&quot;id&quot;:&quot;NDumhTp5tH3NgyjvvHDo&quot;},{&quot;accountno&quot;:&quot;345432&quot;,&quot;departmentno&quot;:&quot;5&quot;,&quot;salary&quot;:&quot;5000&quot;,&quot;pincode&quot;:&quot;543212&quot;,&quot;userid&quot;:&quot;Tq0x3VBTGmejU4cjTUV1&quot;,&quot;id&quot;:&quot;e2AkmtgCp50CVbCh541Q&quot;},{&quot;accountno&quot;:&quot;88888888&quot;,&quot;departmentno&quot;:&quot;888&quot;,&quot;salary&quot;:&quot;88888&quot;,&quot;pincode&quot;:&quot;888888&quot;,&quot;userid&quot;:&quot;iP7IM5QwF4WnnG4wV645&quot;,&quot;id&quot;:&quot;zkfDqHotKdcGlzh8zTwz&quot;},{&quot;accountno&quot;:&quot;09090909&quot;,&quot;departmentno&quot;:&quot;09&quot;,&quot;salary&quot;:&quot;90909&quot;,&quot;pincode&quot;:&quot;909090&quot;,&quot;userid&quot;:&quot;iP7IM5QwF4WnnG4wV645&quot;,&quot;id&quot;:&quot;mQWLhpg8KeeUrnSr01Rh&quot;},{&quot;accountno&quot;:&quot;15161516&quot;,&quot;departmentno&quot;:&quot;1&quot;,&quot;salary&quot;:&quot;50000&quot;,&quot;pincode&quot;:&quot;750680&quot;,&quot;userid&quot;:&quot;Tq0x3VBTGmejU4cjTUV1&quot;,&quot;id&quot;:&quot;4QrMGugK05LTC0w6EMGH&quot;},{&quot;accountno&quot;:&quot;15161516&quot;,&quot;departmentno&quot;:&quot;1&quot;,&quot;salary&quot;:&quot;50000&quot;,&quot;pincode&quot;:&quot;750680&quot;,&quot;userid&quot;:&quot;Tq0x3VBTGmejU4cjTUV1&quot;,&quot;id&quot;:&quot;9wbgQPvhzQZItdrzkOvY&quot;},{&quot;accountno&quot;:&quot;15161516&quot;,&quot;departmentno&quot;:&quot;1&quot;,&quot;salary&quot;:&quot;50000&quot;,&quot;pincode&quot;:&quot;750680&quot;,&quot;userid&quot;:&quot;Tq0x3VBTGmejU4cjTUV1&quot;,&quot;id&quot;:&quot;wetnwlSz0hoVSrQyLmVL&quot;},{&quot;accountno&quot;:&quot;88888888&quot;,&quot;departmentno&quot;:&quot;888&quot;,&quot;salary&quot;:&quot;88888&quot;,&quot;pincode&quot;:&quot;888888&quot;,&quot;userid&quot;:&quot;iP7IM5QwF4WnnG4wV645&quot;,&quot;id&quot;:&quot;m3LaB2h3Ih4hcarcd5fC&quot;},{&quot;accountno&quot;:&quot;10203040B&quot;,&quot;departmentno&quot;:&quot;1&quot;,&quot;salary&quot;:&quot;102,030&quot;,&quot;pincode&quot;:&quot;95136&quot;,&quot;userid&quot;:&quot;xlqBI2bMTgs2WYDkMnQo&quot;,&quot;id&quot;:&quot;1ziqa9KuDwIvc67InPtG&quot;},{&quot;accountno&quot;:&quot;88888888&quot;,&quot;departmentno&quot;:&quot;888&quot;,&quot;salary&quot;:&quot;88888&quot;,&quot;pincode&quot;:&quot;888888&quot;,&quot;userid&quot;:&quot;iP7IM5QwF4WnnG4wV645&quot;,&quot;id&quot;:&quot;TfRn5g3AaeOXgu6GQR8F&quot;},{&quot;accountno&quot;:&quot;88888888&quot;,&quot;departmentno&quot;:&quot;888&quot;,&quot;salary&quot;:&quot;88888&quot;,&quot;pincode&quot;:&quot;888888&quot;,&quot;userid&quot;:&quot;iP7IM5QwF4WnnG4wV645&quot;,&quot;id&quot;:&quot;4tFu7rUQGovYP5FgUDsP&quot;},{&quot;accountno&quot;:&quot;88888888&quot;,&quot;departmentno&quot;:&quot;888&quot;,&quot;salary&quot;:&quot;88888&quot;,&quot;pincode&quot;:&quot;888888&quot;,&quot;userid&quot;:&quot;iP7IM5QwF4WnnG4wV645&quot;,&quot;id&quot;:&quot;D87In3bL6q7wsbBPIBVw&quot;},{&quot;accountno&quot;:&quot;88888888&quot;,&quot;departmentno&quot;:&quot;888&quot;,&quot;salary&quot;:&quot;88888&quot;,&quot;pincode&quot;:&quot;888888&quot;,&quot;userid&quot;:&quot;iP7IM5QwF4WnnG4wV645&quot;,&quot;id&quot;:&quot;HGVWDlJSIZJhhCPAGGPX&quot;},{&quot;accountno&quot;:&quot;88888888&quot;,&quot;departmentno&quot;:&quot;888&quot;,&quot;salary&quot;:&quot;88888&quot;,&quot;pincode&quot;:&quot;888888&quot;,&quot;userid&quot;:&quot;iP7IM5QwF4WnnG4wV645&quot;,&quot;id&quot;:&quot;BaKT4mSFltAmzcwY3lyd&quot;},{&quot;accountno&quot;:&quot;15161516&quot;,&quot;departmentno&quot;:&quot;1&quot;,&quot;salary&quot;:&quot;50000&quot;,&quot;pincode&quot;:&quot;750680&quot;,&quot;userid&quot;:&quot;Tq0x3VBTGmejU4cjTUV1&quot;,&quot;id&quot;:&quot;Yj6OUylqMYpgFVm4djdH&quot;},{&quot;accountno&quot;:&quot;345436&quot;,&quot;departmentno&quot;:&quot;5&quot;,&quot;salary&quot;:&quot;5000&quot;,&quot;pincode&quot;:&quot;543212&quot;,&quot;userid&quot;:&quot;Tq0x3VBTGmejU4cjTUV1&quot;,&quot;id&quot;:&quot;1RnUh15cdhfgxz6Mr2cS&quot;},{&quot;accountno&quot;:&quot;88888888&quot;,&quot;departmentno&quot;:&quot;888&quot;,&quot;salary&quot;:&quot;88888&quot;,&quot;pincode&quot;:&quot;888888&quot;,&quot;userid&quot;:&quot;iP7IM5QwF4WnnG4wV645&quot;,&quot;id&quot;:&quot;iohdk338tucG0QvkJTR5&quot;},{&quot;accountno&quot;:&quot;15161516&quot;,&quot;departmentno&quot;:&quot;1&quot;,&quot;salary&quot;:&quot;50000&quot;,&quot;pincode&quot;:&quot;750680&quot;,&quot;userid&quot;:&quot;Tq0x3VBTGmejU4cjTUV1&quot;,&quot;id&quot;:&quot;J8yt7jx6LXAUuWnqnMk2&quot;},{&quot;accountno&quot;:&quot;88888888&quot;,&quot;departmentno&quot;:&quot;888&quot;,&quot;salary&quot;:&quot;88888&quot;,&quot;pincode&quot;:&quot;888888&quot;,&quot;userid&quot;:&quot;iP7IM5QwF4WnnG4wV645&quot;,&quot;id&quot;:&quot;JEzbqHIDdR4v2KjpnYft&quot;},{&quot;accountno&quot;:&quot;15161516&quot;,&quot;departmentno&quot;:&quot;1&quot;,&quot;salary&quot;:&quot;50000&quot;,&quot;pincode&quot;:&quot;750680&quot;,&quot;userid&quot;:&quot;Tq0x3VBTGmejU4cjTUV1&quot;,&quot;id&quot;:&quot;EFWN4hrHAwJuYJkkU9Av&quot;},{&quot;accountno&quot;:&quot;88888888&quot;,&quot;departmentno&quot;:&quot;888&quot;,&quot;salary&quot;:&quot;88888&quot;,&quot;pincode&quot;:&quot;888888&quot;,&quot;userid&quot;:&quot;iP7IM5QwF4WnnG4wV645&quot;,&quot;id&quot;:&quot;HZp9U9GiqXFpFNBLG3hg&quot;},{&quot;accountno&quot;:&quot;88888888&quot;,&quot;departmentno&quot;:&quot;888&quot;,&quot;salary&quot;:&quot;88888&quot;,&quot;pincode&quot;:&quot;888888&quot;,&quot;userid&quot;:&quot;iP7IM5QwF4WnnG4wV645&quot;,&quot;id&quot;:&quot;gcmDVAdDxpHQt6y8f4iz&quot;},{&quot;accountno&quot;:&quot;22222222&quot;,&quot;departmentno&quot;:&quot;2&quot;,&quot;salary&quot;:&quot;200000&quot;,&quot;pincode&quot;:&quot;222222&quot;,&quot;userid&quot;:&quot;q6WoqGKoPu5IJLmfeVk7&quot;,&quot;id&quot;:&quot;Y00SvkEgafUjwjyWPcUd&quot;},{&quot;accountno&quot;:&quot;22222222&quot;,&quot;departmentno&quot;:&quot;2&quot;,&quot;salary&quot;:&quot;200000&quot;,&quot;pincode&quot;:&quot;222222&quot;,&quot;userid&quot;:&quot;q6WoqGKoPu5IJLmfeVk7&quot;,&quot;id&quot;:&quot;IX6kKFHq1P4Q96utvlGU&quot;},{&quot;accountno&quot;:&quot;22222222&quot;,&quot;departmentno&quot;:&quot;2&quot;,&quot;salary&quot;:&quot;200000&quot;,&quot;pincode&quot;:&quot;222222&quot;,&quot;userid&quot;:&quot;q6WoqGKoPu5IJLmfeVk7&quot;,&quot;id&quot;:&quot;B0aV9ouDSHCsiCf2IhH0&quot;},{&quot;accountno&quot;:&quot;22222222&quot;,&quot;departmentno&quot;:&quot;2&quot;,&quot;salary&quot;:&quot;200000&quot;,&quot;pincode&quot;:&quot;222222&quot;,&quot;userid&quot;:&quot;q6WoqGKoPu5IJLmfeVk7&quot;,&quot;id&quot;:&quot;RhGkck7OlQVJWOQEa0L1&quot;},{&quot;accountno&quot;:&quot;22222222&quot;,&quot;departmentno&quot;:&quot;2&quot;,&quot;salary&quot;:&quot;200000&quot;,&quot;pincode&quot;:&quot;222222&quot;,&quot;userid&quot;:&quot;q6WoqGKoPu5IJLmfeVk7&quot;,&quot;id&quot;:&quot;7cEygykfDfT6ppHWTh91&quot;},{&quot;accountno&quot;:&quot;22222222&quot;,&quot;departmentno&quot;:&quot;2&quot;,&quot;salary&quot;:&quot;200000&quot;,&quot;pincode&quot;:&quot;222222&quot;,&quot;userid&quot;:&quot;q6WoqGKoPu5IJLmfeVk7&quot;,&quot;id&quot;:&quot;prFcCjDIzpnMw769zeGo&quot;},{&quot;accountno&quot;:&quot;22222222&quot;,&quot;departmentno&quot;:&quot;2&quot;,&quot;salary&quot;:&quot;200000&quot;,&quot;pincode&quot;:&quot;222222&quot;,&quot;userid&quot;:&quot;q6WoqGKoPu5IJLmfeVk7&quot;,&quot;id&quot;:&quot;LAg0vY2TuYUNQhgivzny&quot;},{&quot;accountno&quot;:&quot;22222222&quot;,&quot;departmentno&quot;:&quot;2&quot;,&quot;salary&quot;:&quot;200000&quot;,&quot;pincode&quot;:&quot;222222&quot;,&quot;userid&quot;:&quot;q6WoqGKoPu5IJLmfeVk7&quot;,&quot;id&quot;:&quot;gc1fhY93gaqv0Xs2e9pN&quot;},{&quot;accountno&quot;:&quot;34343333&quot;,&quot;departmentno&quot;:&quot;3&quot;,&quot;salary&quot;:&quot;125000&quot;,&quot;pincode&quot;:&quot;85226&quot;,&quot;userid&quot;:&quot;Tq0x3VBTGmejU4cjTUV1&quot;,&quot;id&quot;:&quot;JQz2GQA5nnmaiSpcuIBf&quot;},{&quot;accountno&quot;:&quot;22222222&quot;,&quot;departmentno&quot;:&quot;2&quot;,&quot;salary&quot;:&quot;200000&quot;,&quot;pincode&quot;:&quot;222222&quot;,&quot;userid&quot;:&quot;q6WoqGKoPu5IJLmfeVk7&quot;,&quot;id&quot;:&quot;S0l6sPcdMie4tsapZS38&quot;},{&quot;accountno&quot;:&quot;22222222&quot;,&quot;departmentno&quot;:&quot;2&quot;,&quot;salary&quot;:&quot;200000&quot;,&quot;pincode&quot;:&quot;222222&quot;,&quot;userid&quot;:&quot;q6WoqGKoPu5IJLmfeVk7&quot;,&quot;id&quot;:&quot;bddOuNbgz6nMolTraJF1&quot;},{&quot;accountno&quot;:&quot;22222222&quot;,&quot;departmentno&quot;:&quot;2&quot;,&quot;salary&quot;:&quot;200000&quot;,&quot;pincode&quot;:&quot;222222&quot;,&quot;userid&quot;:&quot;q6WoqGKoPu5IJLmfeVk7&quot;,&quot;id&quot;:&quot;ImNAL2IcZYNJeuXVH0i4&quot;},{&quot;accountno&quot;:&quot;22222222&quot;,&quot;departmentno&quot;:&quot;2&quot;,&quot;salary&quot;:&quot;200000&quot;,&quot;pincode&quot;:&quot;222222&quot;,&quot;userid&quot;:&quot;q6WoqGKoPu5IJLmfeVk7&quot;,&quot;id&quot;:&quot;k76SKNUzB96yfxx1M7o5&quot;},{&quot;accountno&quot;:&quot;22222222&quot;,&quot;departmentno&quot;:&quot;2&quot;,&quot;salary&quot;:&quot;200000&quot;,&quot;pincode&quot;:&quot;222222&quot;,&quot;userid&quot;:&quot;q6WoqGKoPu5IJLmfeVk7&quot;,&quot;id&quot;:&quot;OIvQqYG4eSgT30bjnnwD&quot;},{&quot;accountno&quot;:&quot;22222222&quot;,&quot;departmentno&quot;:&quot;2&quot;,&quot;salary&quot;:&quot;200000&quot;,&quot;pincode&quot;:&quot;222222&quot;,&quot;userid&quot;:&quot;q6WoqGKoPu5IJLmfeVk7&quot;,&quot;id&quot;:&quot;hy2n7d5yw4BdZOhN1o1j&quot;},{&quot;accountno&quot;:&quot;22222222&quot;,&quot;departmentno&quot;:&quot;2&quot;,&quot;salary&quot;:&quot;200000&quot;,&quot;pincode&quot;:&quot;222222&quot;,&quot;userid&quot;:&quot;q6WoqGKoPu5IJLmfeVk7&quot;,&quot;id&quot;:&quot;AdBNpVKIQpY8B7DDoaJk&quot;},{&quot;accountno&quot;:&quot;10014404&quot;,&quot;departmentno&quot;:&quot;144&quot;,&quot;salary&quot;:&quot;14400&quot;,&quot;pincode&quot;:&quot;530044&quot;,&quot;userid&quot;:&quot;HuYhG15hCmuwXBhKEYKt&quot;,&quot;id&quot;:&quot;JZRYXUtMzI06qB10jrBO&quot;},{&quot;accountno&quot;:&quot;10014404&quot;,&quot;departmentno&quot;:&quot;144&quot;,&quot;salary&quot;:&quot;14400&quot;,&quot;pincode&quot;:&quot;530044&quot;,&quot;userid&quot;:&quot;HuYhG15hCmuwXBhKEYKt&quot;,&quot;id&quot;:&quot;avmfXu9tiVnGYUel33Zh&quot;},{&quot;accountno&quot;:&quot;10014404&quot;,&quot;departmentno&quot;:&quot;144&quot;,&quot;salary&quot;:&quot;14400&quot;,&quot;pincode&quot;:&quot;530044&quot;,&quot;userid&quot;:&quot;HuYhG15hCmuwXBhKEYKt&quot;,&quot;id&quot;:&quot;oNSZK8qa9vXgZenxniBo&quot;},{&quot;accountno&quot;:&quot;10014404&quot;,&quot;departmentno&quot;:&quot;144&quot;,&quot;salary&quot;:&quot;14400&quot;,&quot;pincode&quot;:&quot;530044&quot;,&quot;userid&quot;:&quot;HuYhG15hCmuwXBhKEYKt&quot;,&quot;id&quot;:&quot;HaUhHcd5XlNTlwCsXOWu&quot;},{&quot;accountno&quot;:&quot;5678901&quot;,&quot;departmentno&quot;:&quot;109&quot;,&quot;salary&quot;:&quot;903345&quot;,&quot;pincode&quot;:&quot;11223344&quot;,&quot;userid&quot;:&quot;nUx8xWLNhC8Mw8dM70Oe&quot;,&quot;id&quot;:&quot;1SgMB7YOrqG7R8MS19aD&quot;},{&quot;accountno&quot;:&quot;5678901&quot;,&quot;departmentno&quot;:&quot;109&quot;,&quot;salary&quot;:&quot;903345&quot;,&quot;pincode&quot;:&quot;11223344&quot;,&quot;userid&quot;:&quot;nUx8xWLNhC8Mw8dM70Oe&quot;,&quot;id&quot;:&quot;wnj1QVvoFtDUHIZcErdm&quot;},{&quot;accountno&quot;:&quot;556393549A&quot;,&quot;departmentno&quot;:&quot;2&quot;,&quot;salary&quot;:&quot;951,309&quot;,&quot;pincode&quot;:&quot;95053&quot;,&quot;userid&quot;:&quot;6eSDfJWGYLX40hP5amCv&quot;,&quot;id&quot;:&quot;ZdDsT60YliZMKgjEtD6t&quot;},{&quot;accountno&quot;:&quot;556393549A&quot;,&quot;departmentno&quot;:&quot;2&quot;,&quot;salary&quot;:&quot;951,309&quot;,&quot;pincode&quot;:&quot;95050&quot;,&quot;userid&quot;:&quot;6eSDfJWGYLX40hP5amCv&quot;,&quot;id&quot;:&quot;V88PQDxbIuLhRhUvoCrl&quot;},{&quot;accountno&quot;:&quot;556393549A&quot;,&quot;departmentno&quot;:&quot;2&quot;,&quot;salary&quot;:&quot;951,309&quot;,&quot;pincode&quot;:&quot;95050&quot;,&quot;userid&quot;:&quot;xlqBI2bMTgs2WYDkMnQo&quot;,&quot;id&quot;:&quot;VZSQBB8Kq3SRQ5dsFWFm&quot;},{&quot;accountno&quot;:&quot;556393549A&quot;,&quot;departmentno&quot;:&quot;2&quot;,&quot;salary&quot;:&quot;951,309&quot;,&quot;pincode&quot;:&quot;95050&quot;,&quot;userid&quot;:&quot;6eSDfJWGYLX40hP5amCv&quot;,&quot;id&quot;:&quot;okymrkKGWAGCGVHqMhxF&quot;},{&quot;accountno&quot;:&quot;53393549A&quot;,&quot;departmentno&quot;:&quot;2&quot;,&quot;salary&quot;:&quot;951,309&quot;,&quot;pincode&quot;:&quot;95051&quot;,&quot;userid&quot;:&quot;6eSDfJWGYLX40hP5amCv&quot;,&quot;id&quot;:&quot;GfAAzNxjW68vV6SLCDnl&quot;},{&quot;accountno&quot;:&quot;53393549A&quot;,&quot;departmentno&quot;:&quot;2&quot;,&quot;salary&quot;:&quot;951,309&quot;,&quot;pincode&quot;:&quot;95051&quot;,&quot;userid&quot;:&quot;6eSDfJWGYLX40hP5amCv&quot;,&quot;id&quot;:&quot;UCuG91vxirOnatXwsai1&quot;},{&quot;accountno&quot;:&quot;53393549A&quot;,&quot;departmentno&quot;:&quot;2&quot;,&quot;salary&quot;:&quot;951,309&quot;,&quot;pincode&quot;:&quot;95051&quot;,&quot;userid&quot;:&quot;6eSDfJWGYLX40hP5amCv&quot;,&quot;id&quot;:&quot;BTuOr3ZOf7nj1qtvzT2V&quot;},{&quot;accountno&quot;:&quot;22222222&quot;,&quot;departmentno&quot;:&quot;2&quot;,&quot;salary&quot;:&quot;200000&quot;,&quot;pincode&quot;:&quot;222222&quot;,&quot;userid&quot;:&quot;q6WoqGKoPu5IJLmfeVk7&quot;,&quot;id&quot;:&quot;65P0wsX4UlafXGiBkjPM&quot;},{&quot;accountno&quot;:&quot;53393549A&quot;,&quot;departmentno&quot;:&quot;2&quot;,&quot;salary&quot;:&quot;951,309&quot;,&quot;pincode&quot;:&quot;95051&quot;,&quot;userid&quot;:&quot;xlqBI2bMTgs2WYDkMnQo&quot;,&quot;id&quot;:&quot;sQgE8HnfhyBTAgX4Lsgq&quot;},{&quot;accountno&quot;:&quot;53393549A&quot;,&quot;departmentno&quot;:&quot;2&quot;,&quot;salary&quot;:&quot;951,309&quot;,&quot;pincode&quot;:&quot;95051&quot;,&quot;userid&quot;:&quot;xlqBI2bMTgs2WYDkMnQo&quot;,&quot;id&quot;:&quot;h6kgshiafudhY5VIGxOG&quot;},{&quot;accountno&quot;:&quot;22222222&quot;,&quot;departmentno&quot;:&quot;2&quot;,&quot;salary&quot;:&quot;200000&quot;,&quot;pincode&quot;:&quot;222222&quot;,&quot;userid&quot;:&quot;q6WoqGKoPu5IJLmfeVk7&quot;,&quot;id&quot;:&quot;Wb0w6AudJVdmB20DrGD5&quot;},{&quot;accountno&quot;:&quot;22222222&quot;,&quot;departmentno&quot;:&quot;2&quot;,&quot;salary&quot;:&quot;200000&quot;,&quot;pincode&quot;:&quot;222222&quot;,&quot;userid&quot;:&quot;q6WoqGKoPu5IJLmfeVk7&quot;,&quot;id&quot;:&quot;hYcfVe4XU4QtlFrwdbH0&quot;},{&quot;accountno&quot;:&quot;12312323&quot;,&quot;departmentno&quot;:&quot;123&quot;,&quot;salary&quot;:&quot;30000&quot;,&quot;pincode&quot;:&quot;600034&quot;,&quot;userid&quot;:&quot;1Ym9ZlG2O3D0yGacYTrG&quot;,&quot;id&quot;:&quot;U8jrnyCnT9K2792R6mZl&quot;},{&quot;accountno&quot;:&quot;12312323&quot;,&quot;departmentno&quot;:&quot;123&quot;,&quot;salary&quot;:&quot;30000&quot;,&quot;pincode&quot;:&quot;600034&quot;,&quot;userid&quot;:&quot;1Ym9ZlG2O3D0yGacYTrG&quot;,&quot;id&quot;:&quot;QBEsNXSVY0gJfDTmXcnx&quot;},{&quot;accountno&quot;:&quot;12312323&quot;,&quot;departmentno&quot;:&quot;123&quot;,&quot;salary&quot;:&quot;30000&quot;,&quot;pincode&quot;:&quot;600034&quot;,&quot;userid&quot;:&quot;1Ym9ZlG2O3D0yGacYTrG&quot;,&quot;id&quot;:&quot;x6ZoJoSSRBEJ8BZUdqlW&quot;},{&quot;accountno&quot;:&quot;12312323&quot;,&quot;departmentno&quot;:&quot;123&quot;,&quot;salary&quot;:&quot;30000&quot;,&quot;pincode&quot;:&quot;600034&quot;,&quot;userid&quot;:&quot;1Ym9ZlG2O3D0yGacYTrG&quot;,&quot;id&quot;:&quot;xDgHFE2QqkFXcf8HWDtd&quot;},{&quot;accountno&quot;:&quot;77775551&quot;,&quot;departmentno&quot;:&quot;9&quot;,&quot;salary&quot;:&quot;150000&quot;,&quot;pincode&quot;:&quot;700033&quot;,&quot;userid&quot;:&quot;jNuJRaZD68Qzh2SYg7d8&quot;,&quot;id&quot;:&quot;LihnNmssBpLFsQUINk2d&quot;},{&quot;accountno&quot;:&quot;12312323&quot;,&quot;departmentno&quot;:&quot;123&quot;,&quot;salary&quot;:&quot;30000&quot;,&quot;pincode&quot;:&quot;600034&quot;,&quot;userid&quot;:&quot;1Ym9ZlG2O3D0yGacYTrG&quot;,&quot;id&quot;:&quot;AgDq27AOO101iuW8atN8&quot;},{&quot;accountno&quot;:&quot;53393549A&quot;,&quot;departmentno&quot;:&quot;2&quot;,&quot;salary&quot;:&quot;951,309&quot;,&quot;pincode&quot;:&quot;95051&quot;,&quot;userid&quot;:&quot;6eSDfJWGYLX40hP5amCv&quot;,&quot;id&quot;:&quot;PyyxWLqdpqf9Bj6B9P9J&quot;},{&quot;accountno&quot;:&quot;12312323&quot;,&quot;departmentno&quot;:&quot;123&quot;,&quot;salary&quot;:&quot;30000&quot;,&quot;pincode&quot;:&quot;600034&quot;,&quot;userid&quot;:&quot;1Ym9ZlG2O3D0yGacYTrG&quot;,&quot;id&quot;:&quot;fwtUahdHVekhRp0oO4PH&quot;},{&quot;accountno&quot;:&quot;77775551&quot;,&quot;departmentno&quot;:&quot;9&quot;,&quot;salary&quot;:&quot;150000&quot;,&quot;pincode&quot;:&quot;700033&quot;,&quot;userid&quot;:&quot;jNuJRaZD68Qzh2SYg7d8&quot;,&quot;id&quot;:&quot;A3jg2jEiRssAs1P9z05s&quot;},{&quot;accountno&quot;:&quot;77775551&quot;,&quot;departmentno&quot;:&quot;9&quot;,&quot;salary&quot;:&quot;150000&quot;,&quot;pincode&quot;:&quot;700033&quot;,&quot;userid&quot;:&quot;jNuJRaZD68Qzh2SYg7d8&quot;,&quot;id&quot;:&quot;Cf1xOD6146mf43eQvLQV&quot;},{&quot;accountno&quot;:&quot;12121212&quot;,&quot;departmentno&quot;:&quot;9&quot;,&quot;salary&quot;:&quot;99999 &quot;,&quot;pincode&quot;:&quot;999999 &quot;,&quot;userid&quot;:&quot;xlqBI2bMTgs2WYDkMnQo&quot;,&quot;id&quot;:&quot;8l4Dx74v1g7fMdWtw0bu&quot;},{&quot;accountno&quot;:&quot;12121212&quot;,&quot;departmentno&quot;:&quot;9&quot;,&quot;salary&quot;:&quot;99999 &quot;,&quot;pincode&quot;:&quot;999999 &quot;,&quot;userid&quot;:&quot;xlqBI2bMTgs2WYDkMnQo&quot;,&quot;id&quot;:&quot;nGcBAkzv7UkBdMdeQLMk&quot;},{&quot;accountno&quot;:&quot;12121212&quot;,&quot;departmentno&quot;:&quot;9&quot;,&quot;salary&quot;:&quot;99999 &quot;,&quot;pincode&quot;:&quot;999999 &quot;,&quot;userid&quot;:&quot;xlqBI2bMTgs2WYDkMnQo&quot;,&quot;id&quot;:&quot;FSodvztyuOkUO56ukEPT&quot;},{&quot;accountno&quot;:&quot;12121212&quot;,&quot;departmentno&quot;:&quot;9&quot;,&quot;salary&quot;:&quot;99999 &quot;,&quot;pincode&quot;:&quot;999999 &quot;,&quot;userid&quot;:&quot;xlqBI2bMTgs2WYDkMnQo&quot;,&quot;id&quot;:&quot;tlOlnPqQt9pz8lzVJEQk&quot;},{&quot;accountno&quot;:&quot;12121212&quot;,&quot;departmentno&quot;:&quot;9&quot;,&quot;salary&quot;:&quot;99999 &quot;,&quot;pincode&quot;:&quot;999999 &quot;,&quot;userid&quot;:&quot;xlqBI2bMTgs2WYDkMnQo&quot;,&quot;id&quot;:&quot;d0jlynwwwUAONA6AaxwH&quot;},{&quot;accountno&quot;:&quot;12121212&quot;,&quot;departmentno&quot;:&quot;9&quot;,&quot;salary&quot;:&quot;99999 &quot;,&quot;pincode&quot;:&quot;999999 &quot;,&quot;userid&quot;:&quot;xlqBI2bMTgs2WYDkMnQo&quot;,&quot;id&quot;:&quot;Fme7lrKIwosQaSXUIBq5&quot;},{&quot;accountno&quot;:&quot;5678926&quot;,&quot;departmentno&quot;:&quot;109&quot;,&quot;salary&quot;:&quot;903345&quot;,&quot;pincode&quot;:&quot;11223344&quot;,&quot;userid&quot;:&quot;nUx8xWLNhC8Mw8dM70Oe&quot;,&quot;id&quot;:&quot;txEkNbIE5xzcXpour5af&quot;},{&quot;accountno&quot;:&quot;12121212&quot;,&quot;departmentno&quot;:&quot;9&quot;,&quot;salary&quot;:&quot;99999 &quot;,&quot;pincode&quot;:&quot;999999 &quot;,&quot;userid&quot;:&quot;xlqBI2bMTgs2WYDkMnQo&quot;,&quot;id&quot;:&quot;gCvneyULohv4acqpUy8i&quot;},{&quot;accountno&quot;:&quot;12121212&quot;,&quot;departmentno&quot;:&quot;9&quot;,&quot;salary&quot;:&quot;99999 &quot;,&quot;pincode&quot;:&quot;999999 &quot;,&quot;userid&quot;:&quot;xlqBI2bMTgs2WYDkMnQo&quot;,&quot;id&quot;:&quot;bWv7hllpSLNxvvlg1LYz&quot;},{&quot;accountno&quot;:&quot;12121212&quot;,&quot;departmentno&quot;:&quot;9&quot;,&quot;salary&quot;:&quot;99999 &quot;,&quot;pincode&quot;:&quot;999999 &quot;,&quot;userid&quot;:&quot;xlqBI2bMTgs2WYDkMnQo&quot;,&quot;id&quot;:&quot;16H4kxMfiBFkGhoD3mU4&quot;},{&quot;accountno&quot;:&quot;12121212&quot;,&quot;departmentno&quot;:&quot;9&quot;,&quot;salary&quot;:&quot;99999 &quot;,&quot;pincode&quot;:&quot;999999 &quot;,&quot;userid&quot;:&quot;xlqBI2bMTgs2WYDkMnQo&quot;,&quot;id&quot;:&quot;QQn9ODAm7C3qpNFO4qIB&quot;},{&quot;accountno&quot;:&quot;12121212&quot;,&quot;departmentno&quot;:&quot;9&quot;,&quot;salary&quot;:&quot;99999 &quot;,&quot;pincode&quot;:&quot;999999 &quot;,&quot;userid&quot;:&quot;xlqBI2bMTgs2WYDkMnQo&quot;,&quot;id&quot;:&quot;Gn9kvj4adK9qxtNp3ZmO&quot;},{&quot;accountno&quot;:&quot;12121212&quot;,&quot;departmentno&quot;:&quot;9&quot;,&quot;salary&quot;:&quot;99999 &quot;,&quot;pincode&quot;:&quot;999999 &quot;,&quot;userid&quot;:&quot;xlqBI2bMTgs2WYDkMnQo&quot;,&quot;id&quot;:&quot;5hpHY1SbfuzZqN30qFB7&quot;},{&quot;accountno&quot;:&quot;12121212&quot;,&quot;departmentno&quot;:&quot;9&quot;,&quot;salary&quot;:&quot;99999 &quot;,&quot;pincode&quot;:&quot;999999 &quot;,&quot;userid&quot;:&quot;xlqBI2bMTgs2WYDkMnQo&quot;,&quot;id&quot;:&quot;KsZZInEBtCNA1bgyQ3FO&quot;},{&quot;accountno&quot;:&quot;9999999&quot;,&quot;departmentno&quot;:&quot;9&quot;,&quot;salary&quot;:&quot;99999 &quot;,&quot;pincode&quot;:&quot;999999 &quot;,&quot;userid&quot;:&quot;xlqBI2bMTgs2WYDkMnQo&quot;,&quot;id&quot;:&quot;RRh69GJGP5c60SDbJxT2&quot;},{&quot;accountno&quot;:&quot;9999999&quot;,&quot;departmentno&quot;:&quot;9&quot;,&quot;salary&quot;:&quot;99999 &quot;,&quot;pincode&quot;:&quot;999999 &quot;,&quot;userid&quot;:&quot;xlqBI2bMTgs2WYDkMnQo&quot;,&quot;id&quot;:&quot;UjApOxgF8OrapZ3E07lB&quot;},{&quot;accountno&quot;:&quot;9999999&quot;,&quot;departmentno&quot;:&quot;9&quot;,&quot;salary&quot;:&quot;99999 &quot;,&quot;pincode&quot;:&quot;999999 &quot;,&quot;userid&quot;:&quot;xlqBI2bMTgs2WYDkMnQo&quot;,&quot;id&quot;:&quot;njZ7D4kKuzKbmOHRcA1l&quot;},{&quot;accountno&quot;:&quot;22222222&quot;,&quot;departmentno&quot;:&quot;2&quot;,&quot;salary&quot;:&quot;200000&quot;,&quot;pincode&quot;:&quot;222222&quot;,&quot;userid&quot;:&quot;q6WoqGKoPu5IJLmfeVk7&quot;,&quot;id&quot;:&quot;tfedKnbRji3FqV9VIKZr&quot;},{&quot;accountno&quot;:&quot;9999999&quot;,&quot;departmentno&quot;:&quot;9&quot;,&quot;salary&quot;:&quot;99999 &quot;,&quot;pincode&quot;:&quot;999999 &quot;,&quot;userid&quot;:&quot;xlqBI2bMTgs2WYDkMnQo&quot;,&quot;id&quot;:&quot;RxYKhWgZcF8jJQVvuywH&quot;},{&quot;accountno&quot;:&quot;9999999&quot;,&quot;departmentno&quot;:9,&quot;salary&quot;:99999,&quot;pincode&quot;:99999,&quot;userid&quot;:&quot;BZdHLbA1022kPvlfnnBn&quot;,&quot;id&quot;:&quot;uv0sjHF3xInnJkXip79b&quot;},{&quot;accountno&quot;:&quot;11111113&quot;,&quot;departmentno&quot;:&quot;13&quot;,&quot;salary&quot;:&quot;1300000&quot;,&quot;pincode&quot;:&quot;333333&quot;,&quot;userid&quot;:&quot;q6WoqGKoPu5IJLmfeVk7&quot;,&quot;id&quot;:&quot;lzVO63rdwuqQjXtc4XUn&quot;},{&quot;accountno&quot;:&quot;9999999&quot;,&quot;departmentno&quot;:&quot;9&quot;,&quot;salary&quot;:&quot;99999 &quot;,&quot;pincode&quot;:&quot;999999 &quot;,&quot;userid&quot;:&quot;xlqBI2bMTgs2WYDkMnQo&quot;,&quot;id&quot;:&quot;IHcEunmnerpAHymjBDOY&quot;},{&quot;accountno&quot;:&quot;77775551&quot;,&quot;departmentno&quot;:&quot;9&quot;,&quot;salary&quot;:&quot;150000&quot;,&quot;pincode&quot;:&quot;733344&quot;,&quot;userid&quot;:&quot;jNuJRaZD68Qzh2SYg7d8&quot;,&quot;id&quot;:&quot;4YTrCME5lxjf3SHkHFKA&quot;},{&quot;accountno&quot;:&quot;55555555&quot;,&quot;departmentno&quot;:&quot;109&quot;,&quot;salary&quot;:&quot;903345&quot;,&quot;pincode&quot;:&quot;11223344&quot;,&quot;userid&quot;:&quot;w7SYSrTpYgGYNxdgROxd&quot;,&quot;id&quot;:&quot;QctaRCIngAtvNG3aRrht&quot;},{&quot;accountno&quot;:&quot;55555555&quot;,&quot;departmentno&quot;:&quot;109&quot;,&quot;salary&quot;:&quot;903345&quot;,&quot;pincode&quot;:&quot;11223344&quot;,&quot;userid&quot;:&quot;w7SYSrTpYgGYNxdgROxd&quot;,&quot;id&quot;:&quot;aNUvujJhDA6wXBStyyMf&quot;},{&quot;accountno&quot;:&quot;55555555&quot;,&quot;departmentno&quot;:&quot;109&quot;,&quot;salary&quot;:&quot;903345&quot;,&quot;pincode&quot;:&quot;11223344&quot;,&quot;userid&quot;:&quot;w7SYSrTpYgGYNxdgROxd&quot;,&quot;id&quot;:&quot;70iHtccXPyQzjWTwkOpg&quot;},{&quot;accountno&quot;:&quot;55555555&quot;,&quot;departmentno&quot;:&quot;109&quot;,&quot;salary&quot;:&quot;903345&quot;,&quot;pincode&quot;:&quot;11223344&quot;,&quot;userid&quot;:&quot;w7SYSrTpYgGYNxdgROxd&quot;,&quot;id&quot;:&quot;F72n27zg1lOoe1Wb8KF6&quot;},{&quot;accountno&quot;:&quot;55555555&quot;,&quot;departmentno&quot;:&quot;109&quot;,&quot;salary&quot;:&quot;903345&quot;,&quot;pincode&quot;:&quot;11223344&quot;,&quot;userid&quot;:&quot;w7SYSrTpYgGYNxdgROxd&quot;,&quot;id&quot;:&quot;9IwwliKvJcSAybgNiQIX&quot;},{&quot;accountno&quot;:&quot;55555555&quot;,&quot;departmentno&quot;:&quot;109&quot;,&quot;salary&quot;:&quot;903345&quot;,&quot;pincode&quot;:&quot;11223344&quot;,&quot;userid&quot;:&quot;w7SYSrTpYgGYNxdgROxd&quot;,&quot;id&quot;:&quot;EZraJxSfhs01xHqVTkcl&quot;},{&quot;accountno&quot;:&quot;55555555&quot;,&quot;departmentno&quot;:&quot;109&quot;,&quot;salary&quot;:&quot;903345&quot;,&quot;pincode&quot;:&quot;11223344&quot;,&quot;userid&quot;:&quot;w7SYSrTpYgGYNxdgROxd&quot;,&quot;id&quot;:&quot;fUsybTqilcMDB0RW9vWp&quot;},{&quot;accountno&quot;:&quot;44444444&quot;,&quot;departmentno&quot;:&quot;4&quot;,&quot;salary&quot;:&quot;444&quot;,&quot;pincode&quot;:&quot;444444&quot;,&quot;userid&quot;:&quot;eUElBTpUvjJXLAlXqboz&quot;,&quot;id&quot;:&quot;LxJ5KbOvpX3MnTA4w664&quot;},{&quot;accountno&quot;:&quot;10014404&quot;,&quot;departmentno&quot;:&quot;144&quot;,&quot;salary&quot;:&quot;14400&quot;,&quot;pincode&quot;:&quot;530044&quot;,&quot;userid&quot;:&quot;HuYhG15hCmuwXBhKEYKt&quot;,&quot;id&quot;:&quot;hieBtoEsHwh2IBVf7VZQ&quot;},{&quot;accountno&quot;:&quot;10014404&quot;,&quot;departmentno&quot;:&quot;144&quot;,&quot;salary&quot;:&quot;14400&quot;,&quot;pincode&quot;:&quot;530044&quot;,&quot;userid&quot;:&quot;HuYhG15hCmuwXBhKEYKt&quot;,&quot;id&quot;:&quot;MKCV7ZUAD83NAFymKYvX&quot;},{&quot;accountno&quot;:&quot;77775551&quot;,&quot;departmentno&quot;:&quot;9&quot;,&quot;salary&quot;:&quot;150000&quot;,&quot;pincode&quot;:&quot;733344&quot;,&quot;userid&quot;:&quot;jNuJRaZD68Qzh2SYg7d8&quot;,&quot;id&quot;:&quot;OGHYZs6QFwEtGVfMTVEE&quot;},{&quot;accountno&quot;:&quot;10014404&quot;,&quot;departmentno&quot;:&quot;144&quot;,&quot;salary&quot;:&quot;14400&quot;,&quot;pincode&quot;:&quot;530044&quot;,&quot;userid&quot;:&quot;HuYhG15hCmuwXBhKEYKt&quot;,&quot;id&quot;:&quot;BFyOQohJm43wCkMbBYE3&quot;},{&quot;accountno&quot;:&quot;55555555&quot;,&quot;departmentno&quot;:&quot;109&quot;,&quot;salary&quot;:&quot;903345&quot;,&quot;pincode&quot;:&quot;11223344&quot;,&quot;userid&quot;:&quot;w7SYSrTpYgGYNxdgROxd&quot;,&quot;id&quot;:&quot;Ag6C89GhPuTeDPdJdrkV&quot;},{&quot;accountno&quot;:&quot;55555555&quot;,&quot;departmentno&quot;:&quot;109&quot;,&quot;salary&quot;:&quot;903345&quot;,&quot;pincode&quot;:&quot;11223344&quot;,&quot;userid&quot;:&quot;w7SYSrTpYgGYNxdgROxd&quot;,&quot;id&quot;:&quot;J6YJoYKxLjd48a1lvjmf&quot;},{&quot;accountno&quot;:&quot;10014404&quot;,&quot;departmentno&quot;:&quot;144&quot;,&quot;salary&quot;:&quot;14400&quot;,&quot;pincode&quot;:&quot;530044&quot;,&quot;userid&quot;:&quot;HuYhG15hCmuwXBhKEYKt&quot;,&quot;id&quot;:&quot;2v4jOnbHwewvnk83NtWF&quot;},{&quot;accountno&quot;:&quot;123456789&quot;,&quot;departmentno&quot;:&quot;109&quot;,&quot;salary&quot;:&quot;903345&quot;,&quot;pincode&quot;:&quot;11223344&quot;,&quot;userid&quot;:&quot;w7SYSrTpYgGYNxdgROxd&quot;,&quot;id&quot;:&quot;fyqA6Dd6Q5mGdate1SCc&quot;},{&quot;accountno&quot;:&quot;14414414&quot;,&quot;departmentno&quot;:&quot;144&quot;,&quot;salary&quot;:&quot;14440&quot;,&quot;pincode&quot;:&quot;530044&quot;,&quot;userid&quot;:&quot;HuYhG15hCmuwXBhKEYKt&quot;,&quot;id&quot;:&quot;Y33YoWz0R0udim7glWxl&quot;},{&quot;accountno&quot;:&quot;77770002&quot;,&quot;departmentno&quot;:&quot;7&quot;,&quot;salary&quot;:&quot;140000&quot;,&quot;pincode&quot;:&quot;700044&quot;,&quot;userid&quot;:&quot;lzQHg4ywe0MI87vM7fpF&quot;,&quot;id&quot;:&quot;sZo9DIeowhov16XdJ1k8&quot;},{&quot;accountno&quot;:&quot;12345&quot;,&quot;departmentno&quot;:&quot;109&quot;,&quot;salary&quot;:&quot;903345&quot;,&quot;pincode&quot;:&quot;11223344&quot;,&quot;userid&quot;:&quot;w7SYSrTpYgGYNxdgROxd&quot;,&quot;id&quot;:&quot;qGr0aOLBTQ5kWuzM2NtJ&quot;},{&quot;accountno&quot;:&quot;77770001&quot;,&quot;departmentno&quot;:&quot;7&quot;,&quot;salary&quot;:&quot;140000&quot;,&quot;pincode&quot;:&quot;700044&quot;,&quot;userid&quot;:&quot;jNuJRaZD68Qzh2SYg7d8&quot;,&quot;id&quot;:&quot;Cb4W2ckNrYuY5CBtNKRl&quot;},{&quot;accountno&quot;:&quot;77770001&quot;,&quot;departmentno&quot;:&quot;7&quot;,&quot;salary&quot;:&quot;140000&quot;,&quot;pincode&quot;:&quot;700044&quot;,&quot;userid&quot;:&quot;lzQHg4ywe0MI87vM7fpF&quot;,&quot;id&quot;:&quot;xcUd3LpoVlEqhYsJ4Iea&quot;},{&quot;accountno&quot;:&quot;12345&quot;,&quot;departmentno&quot;:&quot;109&quot;,&quot;salary&quot;:&quot;903345&quot;,&quot;pincode&quot;:&quot;11223344&quot;,&quot;userid&quot;:&quot;w7SYSrTpYgGYNxdgROxd&quot;,&quot;id&quot;:&quot;PVtGjvEHv5JZkhp4qtoU&quot;},{&quot;accountno&quot;:&quot;10203040B&quot;,&quot;departmentno&quot;:&quot;1&quot;,&quot;salary&quot;:&quot;102,030&quot;,&quot;pincode&quot;:&quot;95136&quot;,&quot;userid&quot;:&quot;xlqBI2bMTgs2WYDkMnQo&quot;,&quot;id&quot;:&quot;HEvoGIyUS4eA49vaDyoH&quot;},{&quot;accountno&quot;:&quot;10203040B&quot;,&quot;departmentno&quot;:&quot;1&quot;,&quot;salary&quot;:&quot;102,030&quot;,&quot;pincode&quot;:&quot;95136&quot;,&quot;userid&quot;:&quot;xlqBI2bMTgs2WYDkMnQo&quot;,&quot;id&quot;:&quot;KTZzd4vhQ3W7YzH5R2I3&quot;},{&quot;accountno&quot;:&quot;13313313&quot;,&quot;departmentno&quot;:&quot;133&quot;,&quot;salary&quot;:&quot;13330&quot;,&quot;pincode&quot;:&quot;530044&quot;,&quot;userid&quot;:&quot;HuYhG15hCmuwXBhKEYKt&quot;,&quot;id&quot;:&quot;GIr9gXXaW6m4VTwyUhIZ&quot;},{&quot;accountno&quot;:&quot;13313313&quot;,&quot;departmentno&quot;:&quot;133&quot;,&quot;salary&quot;:&quot;13330&quot;,&quot;pincode&quot;:&quot;530044&quot;,&quot;userid&quot;:&quot;HuYhG15hCmuwXBhKEYKt&quot;,&quot;id&quot;:&quot;pqXk1TMIbzDUy0YFNt4Z&quot;},{&quot;accountno&quot;:&quot;9999999&quot;,&quot;departmentno&quot;:&quot;9&quot;,&quot;salary&quot;:&quot;99999 &quot;,&quot;pincode&quot;:&quot;999999 &quot;,&quot;userid&quot;:&quot;BZdHLbA1022kPvlfnnBn&quot;,&quot;id&quot;:&quot;GmIvmK4oW9Ph6dkKnV2X&quot;},{&quot;accountno&quot;:&quot;88888888&quot;,&quot;departmentno&quot;:&quot;888&quot;,&quot;salary&quot;:&quot;88888&quot;,&quot;pincode&quot;:&quot;888888&quot;,&quot;userid&quot;:&quot;iP7IM5QwF4WnnG4wV645&quot;,&quot;id&quot;:&quot;P9cwH2A3zGSAVoK9AlY4&quot;},{&quot;accountno&quot;:&quot;12345&quot;,&quot;departmentno&quot;:&quot;109&quot;,&quot;salary&quot;:&quot;903345&quot;,&quot;pincode&quot;:&quot;11223344&quot;,&quot;userid&quot;:&quot;w7SYSrTpYgGYNxdgROxd&quot;,&quot;id&quot;:&quot;axrqgG88W2QpHGO0SBBb&quot;},{&quot;accountno&quot;:&quot;12345&quot;,&quot;departmentno&quot;:&quot;109&quot;,&quot;salary&quot;:&quot;903345&quot;,&quot;pincode&quot;:&quot;11223344&quot;,&quot;userid&quot;:&quot;w7SYSrTpYgGYNxdgROxd&quot;,&quot;id&quot;:&quot;NOFec9hDavERyCtNbPK4&quot;},{&quot;accountno&quot;:&quot;22222225&quot;,&quot;departmentno&quot;:&quot;225&quot;,&quot;salary&quot;:&quot;225&quot;,&quot;pincode&quot;:&quot;222225&quot;,&quot;userid&quot;:&quot;eUElBTpUvjJXLAlXqboz&quot;,&quot;id&quot;:&quot;reRULcMm4bvTlizmsM89&quot;},{&quot;accountno&quot;:&quot;22222225&quot;,&quot;departmentno&quot;:&quot;225&quot;,&quot;salary&quot;:&quot;225&quot;,&quot;pincode&quot;:&quot;222225&quot;,&quot;userid&quot;:&quot;eUElBTpUvjJXLAlXqboz&quot;,&quot;id&quot;:&quot;bVxQflUX2GqXWsqJaOvX&quot;},{&quot;accountno&quot;:&quot;22222224&quot;,&quot;departmentno&quot;:&quot;224&quot;,&quot;salary&quot;:&quot;224&quot;,&quot;pincode&quot;:&quot;222224&quot;,&quot;userid&quot;:&quot;eUElBTpUvjJXLAlXqboz&quot;,&quot;id&quot;:&quot;eNKeZFbnjxRqSA6qU51O&quot;},{&quot;accountno&quot;:&quot;22222224&quot;,&quot;departmentno&quot;:&quot;224&quot;,&quot;salary&quot;:&quot;224&quot;,&quot;pincode&quot;:&quot;222224&quot;,&quot;userid&quot;:&quot;eUElBTpUvjJXLAlXqboz&quot;,&quot;id&quot;:&quot;9vFVY9gxSZmrUAmvZ3ti&quot;},{&quot;accountno&quot;:&quot;22222224&quot;,&quot;departmentno&quot;:&quot;224&quot;,&quot;salary&quot;:&quot;224&quot;,&quot;pincode&quot;:&quot;222224&quot;,&quot;userid&quot;:&quot;eUElBTpUvjJXLAlXqboz&quot;,&quot;id&quot;:&quot;kqd2W3l08BWQHSbzDl9R&quot;},{&quot;accountno&quot;:&quot;22222224&quot;,&quot;departmentno&quot;:&quot;224&quot;,&quot;salary&quot;:&quot;224&quot;,&quot;pincode&quot;:&quot;222224&quot;,&quot;userid&quot;:&quot;eUElBTpUvjJXLAlXqboz&quot;,&quot;id&quot;:&quot;3QWxQq0Jct7BzQsye2cs&quot;},{&quot;accountno&quot;:&quot;22222224&quot;,&quot;departmentno&quot;:&quot;224&quot;,&quot;salary&quot;:&quot;224&quot;,&quot;pincode&quot;:&quot;222224&quot;,&quot;userid&quot;:&quot;eUElBTpUvjJXLAlXqboz&quot;,&quot;id&quot;:&quot;Q7jfllJ6ck2JIf4BuMr4&quot;},{&quot;accountno&quot;:&quot;10203040B&quot;,&quot;departmentno&quot;:&quot;1&quot;,&quot;salary&quot;:&quot;102,030&quot;,&quot;pincode&quot;:&quot;95136&quot;,&quot;userid&quot;:&quot;xlqBI2bMTgs2WYDkMnQo&quot;,&quot;id&quot;:&quot;FNMv3qGiILalpidyiYQr&quot;},{&quot;accountno&quot;:&quot;22222222&quot;,&quot;departmentno&quot;:&quot;222&quot;,&quot;salary&quot;:&quot;222&quot;,&quot;pincode&quot;:&quot;222222&quot;,&quot;userid&quot;:&quot;eUElBTpUvjJXLAlXqboz&quot;,&quot;id&quot;:&quot;LBNdXQkb3xZsnSyoyh1P&quot;},{&quot;accountno&quot;:&quot;22222222&quot;,&quot;departmentno&quot;:&quot;222&quot;,&quot;salary&quot;:&quot;222&quot;,&quot;pincode&quot;:&quot;222222&quot;,&quot;userid&quot;:&quot;eUElBTpUvjJXLAlXqboz&quot;,&quot;id&quot;:&quot;omgb6QfdtexGAr32REGc&quot;},{&quot;accountno&quot;:&quot;22222222&quot;,&quot;departmentno&quot;:&quot;222&quot;,&quot;salary&quot;:&quot;222&quot;,&quot;pincode&quot;:&quot;222222&quot;,&quot;userid&quot;:&quot;xlqBI2bMTgs2WYDkMnQo&quot;,&quot;id&quot;:&quot;OxxLYtrex1Wxwk1AC09I&quot;},{&quot;accountno&quot;:&quot;22222222&quot;,&quot;departmentno&quot;:&quot;222&quot;,&quot;salary&quot;:&quot;222&quot;,&quot;pincode&quot;:&quot;222222&quot;,&quot;userid&quot;:&quot;eUElBTpUvjJXLAlXqboz&quot;,&quot;id&quot;:&quot;h9qGLt4LZGc20f1YezTh&quot;},{&quot;accountno&quot;:&quot;22222223&quot;,&quot;departmentno&quot;:&quot;223&quot;,&quot;salary&quot;:&quot;223&quot;,&quot;pincode&quot;:&quot;222223&quot;,&quot;userid&quot;:&quot;eUElBTpUvjJXLAlXqboz&quot;,&quot;id&quot;:&quot;ZdEzA1smQ42bjQDzlBK8&quot;},{&quot;accountno&quot;:&quot;12121212&quot;,&quot;departmentno&quot;:&quot;121&quot;,&quot;salary&quot;:&quot;109&quot;,&quot;pincode&quot;:&quot;909090&quot;,&quot;userid&quot;:&quot;DXTNZRBikzuf3HinG3nv&quot;,&quot;id&quot;:&quot;4R2fiDzUtrgbrYVYfBtk&quot;},{&quot;accountno&quot;:&quot;12121212&quot;,&quot;departmentno&quot;:&quot;121&quot;,&quot;salary&quot;:&quot;109&quot;,&quot;pincode&quot;:&quot;909090&quot;,&quot;userid&quot;:&quot;DXTNZRBikzuf3HinG3nv&quot;,&quot;id&quot;:&quot;U24Z0d5biEigelj69q8h&quot;},{&quot;accountno&quot;:&quot;12121212&quot;,&quot;departmentno&quot;:&quot;121&quot;,&quot;salary&quot;:&quot;109&quot;,&quot;pincode&quot;:&quot;909090&quot;,&quot;userid&quot;:&quot;DXTNZRBikzuf3HinG3nv&quot;,&quot;id&quot;:&quot;tXpqNYjaAmcQBQ5QY5Gy&quot;},{&quot;accountno&quot;:&quot;12121212&quot;,&quot;departmentno&quot;:&quot;121&quot;,&quot;salary&quot;:&quot;109&quot;,&quot;pincode&quot;:&quot;909090&quot;,&quot;userid&quot;:&quot;DXTNZRBikzuf3HinG3nv&quot;,&quot;id&quot;:&quot;RRFtrY3DMULpT3Qi6iS4&quot;},{&quot;accountno&quot;:&quot;12121212&quot;,&quot;departmentno&quot;:&quot;121&quot;,&quot;salary&quot;:&quot;109&quot;,&quot;pincode&quot;:&quot;909090&quot;,&quot;userid&quot;:&quot;DXTNZRBikzuf3HinG3nv&quot;,&quot;id&quot;:&quot;CiTS4P670Rd8EIbcWB4L&quot;},{&quot;accountno&quot;:&quot;12121212&quot;,&quot;departmentno&quot;:&quot;121&quot;,&quot;salary&quot;:&quot;109&quot;,&quot;pincode&quot;:&quot;909090&quot;,&quot;userid&quot;:&quot;DXTNZRBikzuf3HinG3nv&quot;,&quot;id&quot;:&quot;IJWlFEuLJLfYstv0x2nb&quot;},{&quot;accountno&quot;:&quot;22365&quot;,&quot;departmentno&quot;:&quot;2&quot;,&quot;salary&quot;:&quot;6000&quot;,&quot;pincode&quot;:&quot;526312&quot;,&quot;userid&quot;:&quot;UNWkCUhbbHMbb1AIjjEZ&quot;,&quot;id&quot;:&quot;6nbv6MomYIImeP53BzoX&quot;},{&quot;accountno&quot;:&quot;12121212&quot;,&quot;departmentno&quot;:&quot;121&quot;,&quot;salary&quot;:&quot;109&quot;,&quot;pincode&quot;:&quot;909090&quot;,&quot;userid&quot;:&quot;DXTNZRBikzuf3HinG3nv&quot;,&quot;id&quot;:&quot;jX53g4Kpa8ovS8LNOauB&quot;},{&quot;accountno&quot;:&quot;34343333&quot;,&quot;departmentno&quot;:&quot;3&quot;,&quot;salary&quot;:&quot;125000&quot;,&quot;pincode&quot;:&quot;85226&quot;,&quot;userid&quot;:&quot;Tq0x3VBTGmejU4cjTUV1&quot;,&quot;id&quot;:&quot;Qu04YpSkLQFvTciMxfdU&quot;},{&quot;accountno&quot;:&quot;22365&quot;,&quot;departmentno&quot;:&quot;2&quot;,&quot;salary&quot;:&quot;6000&quot;,&quot;pincode&quot;:&quot;526312&quot;,&quot;userid&quot;:&quot;UNWkCUhbbHMbb1AIjjEZ&quot;,&quot;id&quot;:&quot;QH1TCQonTZ90t33MCEV1&quot;},{&quot;accountno&quot;:&quot;15161516&quot;,&quot;departmentno&quot;:&quot;1&quot;,&quot;salary&quot;:&quot;50000&quot;,&quot;pincode&quot;:&quot;750680&quot;,&quot;userid&quot;:&quot;r68yO5XQSyobaI5VQ6Fo&quot;,&quot;id&quot;:&quot;hOrhF4IhTq6dbTsEXciS&quot;},{&quot;accountno&quot;:&quot;15161516&quot;,&quot;departmentno&quot;:&quot;1&quot;,&quot;salary&quot;:&quot;50000&quot;,&quot;pincode&quot;:&quot;750680&quot;,&quot;userid&quot;:&quot;r68yO5XQSyobaI5VQ6Fo&quot;,&quot;id&quot;:&quot;joAOjPsfhwUp8E9r9GE8&quot;},{&quot;accountno&quot;:&quot;15161516&quot;,&quot;departmentno&quot;:&quot;1&quot;,&quot;salary&quot;:&quot;50000&quot;,&quot;pincode&quot;:&quot;750680&quot;,&quot;userid&quot;:&quot;r68yO5XQSyobaI5VQ6Fo&quot;,&quot;id&quot;:&quot;j0BNGgBdH94SGYyOsOCE&quot;},{&quot;accountno&quot;:&quot;12121212&quot;,&quot;departmentno&quot;:&quot;121&quot;,&quot;salary&quot;:&quot;109&quot;,&quot;pincode&quot;:&quot;909090&quot;,&quot;userid&quot;:&quot;DXTNZRBikzuf3HinG3nv&quot;,&quot;id&quot;:&quot;uzzgScScwDO5PABUDfjU&quot;},{&quot;accountno&quot;:&quot;15161516&quot;,&quot;departmentno&quot;:&quot;1&quot;,&quot;salary&quot;:&quot;50000&quot;,&quot;pincode&quot;:&quot;750680&quot;,&quot;userid&quot;:&quot;r68yO5XQSyobaI5VQ6Fo&quot;,&quot;id&quot;:&quot;c45v5fBhqU9FB1GMn1jr&quot;},{&quot;accountno&quot;:&quot;9999999&quot;,&quot;departmentno&quot;:9,&quot;salary&quot;:99999,&quot;pincode&quot;:99999,&quot;userid&quot;:&quot;BZdHLbA1022kPvlfnnBn&quot;,&quot;id&quot;:&quot;2XdfDXyRJGOBM0KLD9Rg&quot;},{&quot;accountno&quot;:&quot;22222222&quot;,&quot;departmentno&quot;:&quot;2&quot;,&quot;salary&quot;:&quot;200000&quot;,&quot;pincode&quot;:&quot;222222&quot;,&quot;userid&quot;:&quot;q6WoqGKoPu5IJLmfeVk7&quot;,&quot;id&quot;:&quot;otf9RAF22ncE35au5OvD&quot;},{&quot;accountno&quot;:&quot;11111112&quot;,&quot;departmentno&quot;:&quot;1&quot;,&quot;salary&quot;:&quot;100000&quot;,&quot;pincode&quot;:&quot;111111&quot;,&quot;userid&quot;:&quot;q6WoqGKoPu5IJLmfeVk7&quot;,&quot;id&quot;:&quot;kz1vP2v3dO0cT0eOmInW&quot;},{&quot;accountno&quot;:&quot;838392&quot;,&quot;departmentno&quot;:&quot;45&quot;,&quot;salary&quot;:&quot;5555&quot;,&quot;pincode&quot;:&quot;565656&quot;,&quot;userid&quot;:&quot;BIDNMczcV6BPtYdHfM89&quot;,&quot;id&quot;:&quot;18DS1a1HFJbcZ6yUKGpq&quot;},{&quot;accountno&quot;:&quot;22222222&quot;,&quot;departmentno&quot;:&quot;2&quot;,&quot;salary&quot;:&quot;200000&quot;,&quot;pincode&quot;:&quot;222222&quot;,&quot;userid&quot;:&quot;q6WoqGKoPu5IJLmfeVk7&quot;,&quot;id&quot;:&quot;tUnDf1rB5nKBGheIzc8k&quot;},{&quot;accountno&quot;:&quot;838392&quot;,&quot;departmentno&quot;:&quot;45&quot;,&quot;salary&quot;:&quot;5555&quot;,&quot;pincode&quot;:&quot;565656&quot;,&quot;userid&quot;:&quot;BIDNMczcV6BPtYdHfM89&quot;,&quot;id&quot;:&quot;zcWMQFkiAZUF6m3T7ak7&quot;},{&quot;accountno&quot;:&quot;345436&quot;,&quot;departmentno&quot;:&quot;5&quot;,&quot;salary&quot;:&quot;5000&quot;,&quot;pincode&quot;:&quot;543212&quot;,&quot;userid&quot;:&quot;Tq0x3VBTGmejU4cjTUV1&quot;,&quot;id&quot;:&quot;oaO6qT4FqzyPN0JSq5U2&quot;},{&quot;accountno&quot;:&quot;11111112&quot;,&quot;departmentno&quot;:&quot;1&quot;,&quot;salary&quot;:&quot;100000&quot;,&quot;pincode&quot;:&quot;111111&quot;,&quot;userid&quot;:&quot;q6WoqGKoPu5IJLmfeVk7&quot;,&quot;id&quot;:&quot;akRyDMpHIAYYACoLGZqD&quot;},{&quot;accountno&quot;:&quot;11111111&quot;,&quot;departmentno&quot;:&quot;1&quot;,&quot;salary&quot;:&quot;100000&quot;,&quot;pincode&quot;:&quot;111111&quot;,&quot;userid&quot;:&quot;q6WoqGKoPu5IJLmfeVk7&quot;,&quot;id&quot;:&quot;zr3ggGswtBjPzO71ipPF&quot;},{&quot;accountno&quot;:&quot;88888888&quot;,&quot;departmentno&quot;:&quot;888&quot;,&quot;salary&quot;:&quot;88888&quot;,&quot;pincode&quot;:&quot;888888&quot;,&quot;userid&quot;:&quot;iP7IM5QwF4WnnG4wV645&quot;,&quot;id&quot;:&quot;VfiPCqp8NOLkrXNEazQj&quot;},{&quot;accountno&quot;:&quot;12312323&quot;,&quot;departmentno&quot;:&quot;123&quot;,&quot;salary&quot;:&quot;30000&quot;,&quot;pincode&quot;:&quot;600034&quot;,&quot;userid&quot;:&quot;1Ym9ZlG2O3D0yGacYTrG&quot;,&quot;id&quot;:&quot;BP6BszANSL384ZlDjDpp&quot;},{&quot;accountno&quot;:&quot;11111111&quot;,&quot;departmentno&quot;:&quot;1&quot;,&quot;salary&quot;:&quot;100&quot;,&quot;pincode&quot;:&quot;111111&quot;,&quot;userid&quot;:&quot;q6WoqGKoPu5IJLmfeVk7&quot;,&quot;id&quot;:&quot;1GYTb5whzVdfUfV98SQk&quot;},{&quot;accountno&quot;:&quot;12312323&quot;,&quot;departmentno&quot;:&quot;123&quot;,&quot;salary&quot;:&quot;30000&quot;,&quot;pincode&quot;:&quot;600034&quot;,&quot;userid&quot;:&quot;1Ym9ZlG2O3D0yGacYTrG&quot;,&quot;id&quot;:&quot;4esKasXgReEU2x9omAm8&quot;},{&quot;accountno&quot;:&quot;12312323&quot;,&quot;departmentno&quot;:&quot;123&quot;,&quot;salary&quot;:&quot;30000&quot;,&quot;pincode&quot;:&quot;600034&quot;,&quot;userid&quot;:&quot;1Ym9ZlG2O3D0yGacYTrG&quot;,&quot;id&quot;:&quot;9QmQPq1DxUKgWjcN0n4q&quot;},{&quot;accountno&quot;:&quot;12212212&quot;,&quot;departmentno&quot;:&quot;122&quot;,&quot;salary&quot;:&quot;122220&quot;,&quot;pincode&quot;:&quot;530044&quot;,&quot;userid&quot;:&quot;HuYhG15hCmuwXBhKEYKt&quot;,&quot;id&quot;:&quot;RbGBW3RhtcEohrjQYHsh&quot;},{&quot;accountno&quot;:&quot;10010010&quot;,&quot;departmentno&quot;:&quot;100&quot;,&quot;salary&quot;:&quot;100000&quot;,&quot;pincode&quot;:&quot;530044&quot;,&quot;userid&quot;:&quot;HuYhG15hCmuwXBhKEYKt&quot;,&quot;id&quot;:&quot;ktNxt5cU50lCSYKz83o5&quot;},{&quot;accountno&quot;:&quot;12345&quot;,&quot;departmentno&quot;:&quot;109&quot;,&quot;salary&quot;:&quot;903345&quot;,&quot;pincode&quot;:&quot;11223344&quot;,&quot;userid&quot;:&quot;w7SYSrTpYgGYNxdgROxd&quot;,&quot;id&quot;:&quot;woda696vCRFZDbUX1wV3&quot;},{&quot;accountno&quot;:&quot;12345&quot;,&quot;departmentno&quot;:&quot;109&quot;,&quot;salary&quot;:&quot;903345&quot;,&quot;pincode&quot;:&quot;11223344&quot;,&quot;userid&quot;:&quot;w7SYSrTpYgGYNxdgROxd&quot;,&quot;id&quot;:&quot;4yqdZAvTj7LEQQFXaBfR&quot;},{&quot;accountno&quot;:&quot;53393549A&quot;,&quot;departmentno&quot;:&quot;2&quot;,&quot;salary&quot;:&quot;951,309&quot;,&quot;pincode&quot;:&quot;95051&quot;,&quot;userid&quot;:&quot;6eSDfJWGYLX40hP5amCv&quot;,&quot;id&quot;:&quot;aIxceiIPF1a4nTRPanvH&quot;},{&quot;accountno&quot;:&quot;53393549A&quot;,&quot;departmentno&quot;:&quot;2&quot;,&quot;salary&quot;:&quot;951,309&quot;,&quot;pincode&quot;:&quot;95051&quot;,&quot;userid&quot;:&quot;6eSDfJWGYLX40hP5amCv&quot;,&quot;id&quot;:&quot;QaFOAZc1CSVEFiliDMBu&quot;},{&quot;accountno&quot;:&quot;10203040A&quot;,&quot;departmentno&quot;:&quot;1&quot;,&quot;salary&quot;:&quot;102,030&quot;,&quot;pincode&quot;:&quot;95136&quot;,&quot;userid&quot;:&quot;IS23Y3QscNIjcCmGnAg2&quot;,&quot;id&quot;:&quot;mg7LGG80HoKUe46YpBsp&quot;},{&quot;accountno&quot;:&quot;10203040A&quot;,&quot;departmentno&quot;:&quot;1&quot;,&quot;salary&quot;:&quot;102,030&quot;,&quot;pincode&quot;:&quot;95136&quot;,&quot;userid&quot;:&quot;IS23Y3QscNIjcCmGnAg2&quot;,&quot;id&quot;:&quot;Nl7Cj1sN7nG0EtxwRPyJ&quot;},{&quot;accountno&quot;:&quot;15161516&quot;,&quot;departmentno&quot;:&quot;1&quot;,&quot;salary&quot;:&quot;50000&quot;,&quot;pincode&quot;:&quot;750680&quot;,&quot;userid&quot;:&quot;r68yO5XQSyobaI5VQ6Fo&quot;,&quot;id&quot;:&quot;yItbS9o382IdpROzSS3T&quot;},{&quot;accountno&quot;:&quot;15161516&quot;,&quot;departmentno&quot;:&quot;1&quot;,&quot;salary&quot;:&quot;50000&quot;,&quot;pincode&quot;:&quot;750680&quot;,&quot;userid&quot;:&quot;r68yO5XQSyobaI5VQ6Fo&quot;,&quot;id&quot;:&quot;Swka1Hxq0fc9K1dksor1&quot;},{&quot;accountno&quot;:&quot;10203040A&quot;,&quot;departmentno&quot;:&quot;1&quot;,&quot;salary&quot;:&quot;102,030&quot;,&quot;pincode&quot;:&quot;95136&quot;,&quot;userid&quot;:&quot;IS23Y3QscNIjcCmGnAg2&quot;,&quot;id&quot;:&quot;BqAyaLfN9WLZDRJXmlKV&quot;},{&quot;accountno&quot;:&quot;15161516&quot;,&quot;departmentno&quot;:&quot;1&quot;,&quot;salary&quot;:&quot;50000&quot;,&quot;pincode&quot;:&quot;750680&quot;,&quot;userid&quot;:&quot;r68yO5XQSyobaI5VQ6Fo&quot;,&quot;id&quot;:&quot;Ddj6dX4XcAJDulxY9qZk&quot;},{&quot;accountno&quot;:&quot;10203040&quot;,&quot;departmentno&quot;:&quot;10&quot;,&quot;salary&quot;:&quot;102,030&quot;,&quot;pincode&quot;:&quot;95136&quot;,&quot;userid&quot;:&quot;IS23Y3QscNIjcCmGnAg2&quot;,&quot;id&quot;:&quot;et88lCscgH99ZOEybJBV&quot;},{&quot;accountno&quot;:&quot;15161516&quot;,&quot;departmentno&quot;:&quot;1&quot;,&quot;salary&quot;:&quot;50000&quot;,&quot;pincode&quot;:&quot;750680&quot;,&quot;userid&quot;:&quot;r68yO5XQSyobaI5VQ6Fo&quot;,&quot;id&quot;:&quot;RPMbOUvuHMLXlLtfZXaY&quot;},{&quot;accountno&quot;:&quot;10203040&quot;,&quot;departmentno&quot;:&quot;10&quot;,&quot;salary&quot;:&quot;300,000&quot;,&quot;pincode&quot;:&quot;95136&quot;,&quot;userid&quot;:&quot;IS23Y3QscNIjcCmGnAg2&quot;,&quot;id&quot;:&quot;d2vyK3dIuKCDVJoOi0Wt&quot;},{&quot;accountno&quot;:&quot;88888888&quot;,&quot;departmentno&quot;:&quot;888&quot;,&quot;salary&quot;:&quot;88888&quot;,&quot;pincode&quot;:&quot;888888&quot;,&quot;userid&quot;:&quot;iP7IM5QwF4WnnG4wV645&quot;,&quot;id&quot;:&quot;G2E3P8LMf8fWrOrcokmQ&quot;},{&quot;accountno&quot;:&quot;10010010&quot;,&quot;departmentno&quot;:&quot;100&quot;,&quot;salary&quot;:&quot;100000&quot;,&quot;pincode&quot;:&quot;530044&quot;,&quot;userid&quot;:&quot;HuYhG15hCmuwXBhKEYKt&quot;,&quot;id&quot;:&quot;9l3FGQwo9ENPMKm66094&quot;},{&quot;accountno&quot;:&quot;43653549&quot;,&quot;departmentno&quot;:&quot;105&quot;,&quot;salary&quot;:&quot;9054309&quot;,&quot;pincode&quot;:&quot;9093490&quot;,&quot;userid&quot;:&quot;6eSDfJWGYLX40hP5amCv&quot;,&quot;id&quot;:&quot;WbolKBrTlnj5TRWnBkFr&quot;},{&quot;accountno&quot;:&quot;11223344&quot;,&quot;departmentno&quot;:&quot;7&quot;,&quot;salary&quot;:&quot;80000&quot;,&quot;pincode&quot;:&quot;777777&quot;,&quot;userid&quot;:&quot;9AKrNDiLofCFvnOn7dMM&quot;,&quot;id&quot;:&quot;LO8CULQ3kdFg9QCXHxWS&quot;},{&quot;accountno&quot;:&quot;00000111&quot;,&quot;departmentno&quot;:&quot;5&quot;,&quot;salary&quot;:&quot;20005&quot;,&quot;pincode&quot;:&quot;562107&quot;,&quot;userid&quot;:&quot;taGX4XQQfXD3Z76sI1Xn&quot;,&quot;id&quot;:&quot;x458jHi2WeU3285vld1F&quot;},{&quot;accountno&quot;:&quot;43343549&quot;,&quot;departmentno&quot;:&quot;105&quot;,&quot;salary&quot;:&quot;900309&quot;,&quot;pincode&quot;:&quot;909w090&quot;,&quot;userid&quot;:&quot;6eSDfJWGYLX40hP5amCv&quot;,&quot;id&quot;:&quot;r4ocUiKth99NZVmnNp6g&quot;},{&quot;accountno&quot;:&quot;11111111&quot;,&quot;departmentno&quot;:&quot;1&quot;,&quot;salary&quot;:&quot;100000&quot;,&quot;pincode&quot;:&quot;111111&quot;,&quot;userid&quot;:&quot;q6WoqGKoPu5IJLmfeVk7&quot;,&quot;id&quot;:&quot;8l4LZsSPVzeuEJDG2qel&quot;},{&quot;accountno&quot;:&quot;15161516&quot;,&quot;departmentno&quot;:&quot;1&quot;,&quot;salary&quot;:&quot;50000&quot;,&quot;pincode&quot;:&quot;750680&quot;,&quot;userid&quot;:&quot;r68yO5XQSyobaI5VQ6Fo&quot;,&quot;id&quot;:&quot;KagmbfVODSAcHTJsUw3T&quot;},{&quot;accountno&quot;:&quot;15151515&quot;,&quot;departmentno&quot;:&quot;1&quot;,&quot;salary&quot;:&quot;50000&quot;,&quot;pincode&quot;:&quot;750680&quot;,&quot;userid&quot;:&quot;r68yO5XQSyobaI5VQ6Fo&quot;,&quot;id&quot;:&quot;EZrBgJOulIoSJ1cYwnSL&quot;},{&quot;accountno&quot;:&quot;77770000&quot;,&quot;departmentno&quot;:&quot;7&quot;,&quot;salary&quot;:&quot;140000&quot;,&quot;pincode&quot;:&quot;700044&quot;,&quot;userid&quot;:&quot;lzQHg4ywe0MI87vM7fpF&quot;,&quot;id&quot;:&quot;gpq2G8QLEFmf611v9NpB&quot;},{&quot;accountno&quot;:&quot;838392&quot;,&quot;departmentno&quot;:&quot;45&quot;,&quot;salary&quot;:&quot;5555&quot;,&quot;pincode&quot;:&quot;565656&quot;,&quot;userid&quot;:&quot;BIDNMczcV6BPtYdHfM89&quot;,&quot;id&quot;:&quot;xaolNeB5mN6LzSlzEgTd&quot;},{&quot;accountno&quot;:&quot;45675789&quot;,&quot;departmentno&quot;:&quot;45&quot;,&quot;salary&quot;:&quot;5555&quot;,&quot;pincode&quot;:&quot;565656&quot;,&quot;userid&quot;:&quot;BIDNMczcV6BPtYdHfM89&quot;,&quot;id&quot;:&quot;LA0cL6esEaoVMJlJ9fQ2&quot;},{&quot;accountno&quot;:&quot;45675789&quot;,&quot;departmentno&quot;:&quot;45&quot;,&quot;salary&quot;:&quot;5555&quot;,&quot;pincode&quot;:&quot;565656&quot;,&quot;userid&quot;:&quot;BIDNMczcV6BPtYdHfM89&quot;,&quot;id&quot;:&quot;GqhXrwc5viVuFb6C6VPj&quot;},{&quot;accountno&quot;:&quot;45675789&quot;,&quot;departmentno&quot;:&quot;45&quot;,&quot;salary&quot;:&quot;5555&quot;,&quot;pincode&quot;:&quot;565656&quot;,&quot;userid&quot;:&quot;BIDNMczcV6BPtYdHfM89&quot;,&quot;id&quot;:&quot;tWfEj0yKZf3eVwGoPprd&quot;},{&quot;accountno&quot;:&quot;16151615&quot;,&quot;departmentno&quot;:&quot;111&quot;,&quot;salary&quot;:&quot;56065&quot;,&quot;pincode&quot;:&quot;530044&quot;,&quot;userid&quot;:&quot;HuYhG15hCmuwXBhKEYKt&quot;,&quot;id&quot;:&quot;pLkIK2L48IY8im4XuMUO&quot;},{&quot;accountno&quot;:&quot;45675789&quot;,&quot;departmentno&quot;:&quot;45&quot;,&quot;salary&quot;:&quot;5555&quot;,&quot;pincode&quot;:&quot;565656&quot;,&quot;userid&quot;:&quot;BIDNMczcV6BPtYdHfM89&quot;,&quot;id&quot;:&quot;oReSEY8ivn9PcKV72O5d&quot;},{&quot;accountno&quot;:&quot;15151515&quot;,&quot;departmentno&quot;:&quot;104&quot;,&quot;salary&quot;:&quot;50005&quot;,&quot;pincode&quot;:&quot;530044&quot;,&quot;userid&quot;:&quot;HuYhG15hCmuwXBhKEYKt&quot;,&quot;id&quot;:&quot;4ssY1qLZ4Q0q0vbxEhDy&quot;},{&quot;accountno&quot;:&quot;10810888&quot;,&quot;departmentno&quot;:&quot;108&quot;,&quot;salary&quot;:&quot;80008&quot;,&quot;pincode&quot;:&quot;530044&quot;,&quot;userid&quot;:&quot;HuYhG15hCmuwXBhKEYKt&quot;,&quot;id&quot;:&quot;AwFt9Cg1h0ONd49U6OZh&quot;},{&quot;accountno&quot;:&quot;10810810&quot;,&quot;departmentno&quot;:&quot;108&quot;,&quot;salary&quot;:&quot;50008&quot;,&quot;pincode&quot;:&quot;530044&quot;,&quot;userid&quot;:&quot;HuYhG15hCmuwXBhKEYKt&quot;,&quot;id&quot;:&quot;jjxOKs6ZmSc9HEdgz00t&quot;},{&quot;accountno&quot;:&quot;99999999&quot;,&quot;departmentno&quot;:&quot;109&quot;,&quot;salary&quot;:&quot;90009&quot;,&quot;pincode&quot;:&quot;909090&quot;,&quot;userid&quot;:&quot;HuYhG15hCmuwXBhKEYKt&quot;,&quot;id&quot;:&quot;rpcHUknvgNJjH6XEhs2N&quot;},{&quot;accountno&quot;:&quot;12312323&quot;,&quot;departmentno&quot;:&quot;123&quot;,&quot;salary&quot;:&quot;30000&quot;,&quot;pincode&quot;:&quot;600034&quot;,&quot;userid&quot;:&quot;1Ym9ZlG2O3D0yGacYTrG&quot;,&quot;id&quot;:&quot;pRHitM1RXzzQKHMwRcpC&quot;},{&quot;accountno&quot;:&quot;43343549&quot;,&quot;departmentno&quot;:&quot;105&quot;,&quot;salary&quot;:&quot;900309&quot;,&quot;pincode&quot;:&quot;909w090&quot;,&quot;userid&quot;:&quot;6eSDfJWGYLX40hP5amCv&quot;,&quot;id&quot;:&quot;qJVBWgPaVPy9m5ABPBzM&quot;},{&quot;accountno&quot;:&quot;4444444&quot;,&quot;departmentno&quot;:&quot;4&quot;,&quot;salary&quot;:&quot;4444&quot;,&quot;pincode&quot;:&quot;44444&quot;,&quot;userid&quot;:&quot;eUElBTpUvjJXLAlXqboz&quot;,&quot;id&quot;:&quot;2NjyP3ONOBWuukBLXwzz&quot;},{&quot;accountno&quot;:&quot;12345&quot;,&quot;departmentno&quot;:&quot;109&quot;,&quot;salary&quot;:&quot;903345&quot;,&quot;pincode&quot;:&quot;11223344&quot;,&quot;userid&quot;:&quot;w7SYSrTpYgGYNxdgROxd&quot;,&quot;id&quot;:&quot;gtfUPvi2zoHneLMxmNUq&quot;},{&quot;accountno&quot;:&quot;12345&quot;,&quot;departmentno&quot;:&quot;109&quot;,&quot;salary&quot;:&quot;903345&quot;,&quot;pincode&quot;:&quot;11223344&quot;,&quot;userid&quot;:&quot;w7SYSrTpYgGYNxdgROxd&quot;,&quot;id&quot;:&quot;B0mACPArXqwGZasiSGze&quot;},{&quot;accountno&quot;:&quot;12345&quot;,&quot;departmentno&quot;:&quot;109&quot;,&quot;salary&quot;:&quot;903345&quot;,&quot;pincode&quot;:&quot;11223344&quot;,&quot;userid&quot;:&quot;w7SYSrTpYgGYNxdgROxd&quot;,&quot;id&quot;:&quot;Pw8yfm5kJwI0VRrh7tid&quot;},{&quot;accountno&quot;:&quot;43343549&quot;,&quot;departmentno&quot;:&quot;105&quot;,&quot;salary&quot;:&quot;900309&quot;,&quot;pincode&quot;:&quot;909w090&quot;,&quot;userid&quot;:&quot;6eSDfJWGYLX40hP5amCv&quot;,&quot;id&quot;:&quot;QdboDh0u2ODxvtACtvCi&quot;},{&quot;accountno&quot;:&quot;444335&quot;,&quot;departmentno&quot;:&quot;4&quot;,&quot;salary&quot;:&quot;45000&quot;,&quot;pincode&quot;:&quot;543312&quot;,&quot;userid&quot;:&quot;UNWkCUhbbHMbb1AIjjEZ&quot;,&quot;id&quot;:&quot;xrt79sbxm9eIMbL3RaRP&quot;},{&quot;accountno&quot;:&quot;444335&quot;,&quot;departmentno&quot;:&quot;4&quot;,&quot;salary&quot;:&quot;45000&quot;,&quot;pincode&quot;:&quot;543312&quot;,&quot;userid&quot;:&quot;UNWkCUhbbHMbb1AIjjEZ&quot;,&quot;id&quot;:&quot;ud8qRiO3JOVM43M0ftwl&quot;},{&quot;accountno&quot;:&quot;15151515&quot;,&quot;departmentno&quot;:&quot;1&quot;,&quot;salary&quot;:&quot;50000&quot;,&quot;pincode&quot;:&quot;750680&quot;,&quot;userid&quot;:&quot;r68yO5XQSyobaI5VQ6Fo&quot;,&quot;id&quot;:&quot;XcTSroncZo8criO8iksm&quot;},{&quot;accountno&quot;:&quot;43543549&quot;,&quot;departmentno&quot;:&quot;109&quot;,&quot;salary&quot;:&quot;90009&quot;,&quot;pincode&quot;:&quot;909090&quot;,&quot;userid&quot;:&quot;6eSDfJWGYLX40hP5amCv&quot;,&quot;id&quot;:&quot;AxFEGUuenRNqAGwHC7jX&quot;},{&quot;accountno&quot;:&quot;12345&quot;,&quot;departmentno&quot;:&quot;109&quot;,&quot;salary&quot;:&quot;903345&quot;,&quot;pincode&quot;:&quot;11223344&quot;,&quot;userid&quot;:&quot;w7SYSrTpYgGYNxdgROxd&quot;,&quot;id&quot;:&quot;TYlSTrPVdWjolkU52Fxx&quot;},{&quot;accountno&quot;:&quot;4444444&quot;,&quot;departmentno&quot;:&quot;4&quot;,&quot;salary&quot;:&quot;4444&quot;,&quot;pincode&quot;:&quot;44444&quot;,&quot;userid&quot;:&quot;eUElBTpUvjJXLAlXqboz&quot;,&quot;id&quot;:&quot;guRCb3s5XE1mr7Mdukhf&quot;},{&quot;accountno&quot;:&quot;15151515&quot;,&quot;departmentno&quot;:&quot;1&quot;,&quot;salary&quot;:&quot;50000&quot;,&quot;pincode&quot;:&quot;750680&quot;,&quot;userid&quot;:&quot;r68yO5XQSyobaI5VQ6Fo&quot;,&quot;id&quot;:&quot;JtRsxfjhQtuQ2LEtpcN7&quot;},{&quot;accountno&quot;:&quot;10810810&quot;,&quot;departmentno&quot;:&quot;108&quot;,&quot;salary&quot;:&quot;50008&quot;,&quot;pincode&quot;:&quot;530044&quot;,&quot;userid&quot;:&quot;HuYhG15hCmuwXBhKEYKt&quot;,&quot;id&quot;:&quot;TAozSHWKW7sUl85Ga3eK&quot;},{&quot;accountno&quot;:&quot;15151515&quot;,&quot;departmentno&quot;:&quot;1&quot;,&quot;salary&quot;:&quot;50000&quot;,&quot;pincode&quot;:&quot;750680&quot;,&quot;userid&quot;:&quot;r68yO5XQSyobaI5VQ6Fo&quot;,&quot;id&quot;:&quot;EHo7pTJUHSF22pAMJgXw&quot;},{&quot;accountno&quot;:&quot;55555555&quot;,&quot;departmentno&quot;:&quot;5&quot;,&quot;salary&quot;:&quot;555&quot;,&quot;pincode&quot;:&quot;555555&quot;,&quot;userid&quot;:&quot;eUElBTpUvjJXLAlXqboz&quot;,&quot;id&quot;:&quot;1IYQdip4aQgsss03tBlB&quot;},{&quot;accountno&quot;:&quot;33333333&quot;,&quot;departmentno&quot;:&quot;3&quot;,&quot;salary&quot;:&quot;33333&quot;,&quot;pincode&quot;:&quot;333333&quot;,&quot;userid&quot;:&quot;eUElBTpUvjJXLAlXqboz&quot;,&quot;id&quot;:&quot;GWMy9H97ZPeYdwTDHUgr&quot;},{&quot;accountno&quot;:&quot;4444444&quot;,&quot;departmentno&quot;:&quot;4&quot;,&quot;salary&quot;:&quot;4444&quot;,&quot;pincode&quot;:&quot;44444&quot;,&quot;userid&quot;:&quot;eUElBTpUvjJXLAlXqboz&quot;,&quot;id&quot;:&quot;qGk9XXBwAa8Wjf5moinw&quot;},{&quot;accountno&quot;:&quot;77777777&quot;,&quot;departmentno&quot;:7,&quot;salary&quot;:7777,&quot;pincode&quot;:777777,&quot;userid&quot;:&quot;eUElBTpUvjJXLAlXqboz&quot;,&quot;id&quot;:&quot;gGULRkKVeKvkx7ZE0fkp&quot;},{&quot;accountno&quot;:&quot;12312323&quot;,&quot;departmentno&quot;:&quot;123&quot;,&quot;salary&quot;:&quot;30000&quot;,&quot;pincode&quot;:&quot;600034&quot;,&quot;userid&quot;:&quot;1Ym9ZlG2O3D0yGacYTrG&quot;,&quot;id&quot;:&quot;j9knSpmKp4CtkBoBM0RR&quot;},{&quot;accountno&quot;:&quot;12345678&quot;,&quot;departmentno&quot;:&quot;1&quot;,&quot;salary&quot;:&quot;100&quot;,&quot;pincode&quot;:&quot;123456&quot;,&quot;userid&quot;:&quot;q6WoqGKoPu5IJLmfeVk7&quot;,&quot;id&quot;:&quot;IbovSAfpTVX8SEXBjqQr&quot;},{&quot;accountno&quot;:&quot;58585855&quot;,&quot;departmentno&quot;:&quot;7&quot;,&quot;salary&quot;:&quot;68699&quot;,&quot;pincode&quot;:&quot;696969&quot;,&quot;userid&quot;:&quot;BIDNMczcV6BPtYdHfM89&quot;,&quot;id&quot;:&quot;Dlo3Cv0rAX9h02brs7yK&quot;},{&quot;accountno&quot;:&quot;11221133&quot;,&quot;departmentno&quot;:&quot;109&quot;,&quot;salary&quot;:&quot;90009&quot;,&quot;pincode&quot;:&quot;909090&quot;,&quot;userid&quot;:&quot;DXTNZRBikzuf3HinG3nv&quot;,&quot;id&quot;:&quot;fBjeB6Kg9XYfgiE3F2lX&quot;},{&quot;accountno&quot;:&quot;15151515&quot;,&quot;departmentno&quot;:&quot;1&quot;,&quot;salary&quot;:&quot;50000&quot;,&quot;pincode&quot;:&quot;750680&quot;,&quot;userid&quot;:&quot;r68yO5XQSyobaI5VQ6Fo&quot;,&quot;id&quot;:&quot;PGIlkCRT8nltrK7sUcK8&quot;},{&quot;accountno&quot;:&quot;10203040&quot;,&quot;departmentno&quot;:&quot;3&quot;,&quot;salary&quot;:&quot;200,000&quot;,&quot;pincode&quot;:&quot;95136&quot;,&quot;userid&quot;:&quot;IS23Y3QscNIjcCmGnAg2&quot;,&quot;id&quot;:&quot;D6McbeYF2fbNDyXMUEDS&quot;},{&quot;accountno&quot;:&quot;99999999&quot;,&quot;departmentno&quot;:&quot;999&quot;,&quot;salary&quot;:&quot;99999&quot;,&quot;pincode&quot;:&quot;99999&quot;,&quot;userid&quot;:&quot;iP7IM5QwF4WnnG4wV645&quot;,&quot;id&quot;:&quot;3XJtqvJXnDN3ZJ8IFJCB&quot;},{&quot;accountno&quot;:&quot;15151515&quot;,&quot;departmentno&quot;:&quot;1&quot;,&quot;salary&quot;:&quot;50000&quot;,&quot;pincode&quot;:&quot;750680&quot;,&quot;userid&quot;:&quot;r68yO5XQSyobaI5VQ6Fo&quot;,&quot;id&quot;:&quot;LrA17JpFPPeiKPelXVvm&quot;},{&quot;accountno&quot;:&quot;16161616&quot;,&quot;departmentno&quot;:&quot;1&quot;,&quot;salary&quot;:&quot;50000&quot;,&quot;pincode&quot;:&quot;750680&quot;,&quot;userid&quot;:&quot;r68yO5XQSyobaI5VQ6Fo&quot;,&quot;id&quot;:&quot;krSk8NnRYb8kquYVjd8F&quot;},{&quot;accountno&quot;:&quot;10510510&quot;,&quot;departmentno&quot;:&quot;105&quot;,&quot;salary&quot;:&quot;50000&quot;,&quot;pincode&quot;:&quot;530044&quot;,&quot;userid&quot;:&quot;r68yO5XQSyobaI5VQ6Fo&quot;,&quot;id&quot;:&quot;u4CzTR9PGROU6WUaD8SE&quot;},{&quot;accountno&quot;:&quot;10510510&quot;,&quot;departmentno&quot;:&quot;105&quot;,&quot;salary&quot;:&quot;50000&quot;,&quot;pincode&quot;:&quot;530044&quot;,&quot;userid&quot;:&quot;HuYhG15hCmuwXBhKEYKt&quot;,&quot;id&quot;:&quot;QxY7w6ueF68r0kThn7OY&quot;},{&quot;accountno&quot;:&quot;567890&quot;,&quot;departmentno&quot;:&quot;109&quot;,&quot;salary&quot;:&quot;903345&quot;,&quot;pincode&quot;:&quot;11223344&quot;,&quot;userid&quot;:&quot;nUx8xWLNhC8Mw8dM70Oe&quot;,&quot;id&quot;:&quot;8G3QLHD9yWFGG7P5v5ED&quot;},{&quot;accountno&quot;:&quot;28888223&quot;,&quot;departmentno&quot;:&quot;2&quot;,&quot;salary&quot;:&quot;788885&quot;,&quot;pincode&quot;:&quot;957511&quot;,&quot;userid&quot;:&quot;jNuJRaZD68Qzh2SYg7d8&quot;,&quot;id&quot;:&quot;CXQzlypB501sQ5zpsL6k&quot;},{&quot;accountno&quot;:&quot;12345&quot;,&quot;departmentno&quot;:&quot;109&quot;,&quot;salary&quot;:&quot;903345&quot;,&quot;pincode&quot;:&quot;11223344&quot;,&quot;userid&quot;:&quot;w7SYSrTpYgGYNxdgROxd&quot;,&quot;id&quot;:&quot;9UYr4uRsfcI1gFMtZ6Mz&quot;},{&quot;accountno&quot;:&quot;10410410&quot;,&quot;departmentno&quot;:&quot;104&quot;,&quot;salary&quot;:&quot;50000&quot;,&quot;pincode&quot;:&quot;530044&quot;,&quot;userid&quot;:&quot;HuYhG15hCmuwXBhKEYKt&quot;,&quot;id&quot;:&quot;Npl3vYKNvcfVU84cnWSq&quot;},{&quot;accountno&quot;:&quot;10210210&quot;,&quot;departmentno&quot;:&quot;102&quot;,&quot;salary&quot;:&quot;50000&quot;,&quot;pincode&quot;:&quot;530044&quot;,&quot;userid&quot;:&quot;HuYhG15hCmuwXBhKEYKt&quot;,&quot;id&quot;:&quot;vtiYFnHk2YooSbJYZlKl&quot;},{&quot;accountno&quot;:&quot;66666666&quot;,&quot;departmentno&quot;:&quot;666&quot;,&quot;salary&quot;:&quot;666&quot;,&quot;pincode&quot;:&quot;666666&quot;,&quot;userid&quot;:&quot;eUElBTpUvjJXLAlXqboz&quot;,&quot;id&quot;:&quot;cVis54K6FIJvUuc8LfMW&quot;},{&quot;accountno&quot;:&quot;23333333&quot;,&quot;departmentno&quot;:&quot;3&quot;,&quot;salary&quot;:&quot;78635&quot;,&quot;pincode&quot;:&quot;950511&quot;,&quot;userid&quot;:&quot;6eSDfJWGYLX40hP5amCv&quot;,&quot;id&quot;:&quot;V2CMUmJ32XTjWYxkstOv&quot;},{&quot;accountno&quot;:&quot;345439&quot;,&quot;departmentno&quot;:&quot;5&quot;,&quot;salary&quot;:&quot;5000&quot;,&quot;pincode&quot;:&quot;543212&quot;,&quot;userid&quot;:&quot;Tq0x3VBTGmejU4cjTUV1&quot;,&quot;id&quot;:&quot;v7VY3bV9VeQ7NJelkNlq&quot;},{&quot;accountno&quot;:&quot;345435&quot;,&quot;departmentno&quot;:&quot;5&quot;,&quot;salary&quot;:&quot;5000&quot;,&quot;pincode&quot;:&quot;543212&quot;,&quot;userid&quot;:&quot;UNWkCUhbbHMbb1AIjjEZ&quot;,&quot;id&quot;:&quot;yzcR5Gym0M9ZNv3oBZNn&quot;},{&quot;accountno&quot;:&quot;12312323&quot;,&quot;departmentno&quot;:&quot;123&quot;,&quot;salary&quot;:&quot;30000&quot;,&quot;pincode&quot;:&quot;600034&quot;,&quot;userid&quot;:&quot;1Ym9ZlG2O3D0yGacYTrG&quot;,&quot;id&quot;:&quot;5Oyb6XAAJ1k1HBfujwgW&quot;},{&quot;accountno&quot;:&quot;12312323&quot;,&quot;departmentno&quot;:&quot;123&quot;,&quot;salary&quot;:&quot;30000&quot;,&quot;pincode&quot;:&quot;600034&quot;,&quot;userid&quot;:&quot;1Ym9ZlG2O3D0yGacYTrG&quot;,&quot;id&quot;:&quot;v4KH08mTfBeNJMEWktN9&quot;},{&quot;accountno&quot;:&quot;00000011&quot;,&quot;departmentno&quot;:&quot;5&quot;,&quot;salary&quot;:&quot;20005&quot;,&quot;pincode&quot;:&quot;562107&quot;,&quot;userid&quot;:&quot;taGX4XQQfXD3Z76sI1Xn&quot;,&quot;id&quot;:&quot;78h7o0bNukaKB3mxmUrz&quot;},{&quot;accountno&quot;:&quot;99999999&quot;,&quot;departmentno&quot;:9,&quot;salary&quot;:99999,&quot;pincode&quot;:999999,&quot;userid&quot;:&quot;eUElBTpUvjJXLAlXqboz&quot;,&quot;id&quot;:&quot;LCWF6b6xfiF07C5zQdC1&quot;},{&quot;accountno&quot;:&quot;45675789&quot;,&quot;departmentno&quot;:&quot;45&quot;,&quot;salary&quot;:&quot;5555&quot;,&quot;pincode&quot;:&quot;565656&quot;,&quot;userid&quot;:&quot;BIDNMczcV6BPtYdHfM89&quot;,&quot;id&quot;:&quot;4a7SBGJ5ildTB2ZI0pvw&quot;},{&quot;accountno&quot;:&quot;6666666&quot;,&quot;departmentno&quot;:6,&quot;salary&quot;:666666,&quot;pincode&quot;:666666,&quot;userid&quot;:&quot;BZdHLbA1022kPvlfnnBn&quot;,&quot;id&quot;:&quot;IBOBGgKiLCgnhaYrCqsN&quot;},{&quot;accountno&quot;:&quot;5555555&quot;,&quot;departmentno&quot;:7,&quot;salary&quot;:555555,&quot;pincode&quot;:555555,&quot;userid&quot;:&quot;BZdHLbA1022kPvlfnnBn&quot;,&quot;id&quot;:&quot;eAmUrqbiaSuVugUgDCzd&quot;},{&quot;accountno&quot;:&quot;10101010&quot;,&quot;departmentno&quot;:7,&quot;salary&quot;:10101010,&quot;pincode&quot;:101010,&quot;userid&quot;:&quot;BZdHLbA1022kPvlfnnBn&quot;,&quot;id&quot;:&quot;aODSN0KmKkfofxZ2AbEF&quot;},{&quot;accountno&quot;:&quot;77447744&quot;,&quot;departmentno&quot;:&quot;5&quot;,&quot;salary&quot;:&quot;80000&quot;,&quot;pincode&quot;:&quot;530065&quot;,&quot;userid&quot;:&quot;lzQHg4ywe0MI87vM7fpF&quot;,&quot;id&quot;:&quot;KplwvzQFWJd97VeB5atu&quot;},{&quot;accountno&quot;:&quot;32323234&quot;,&quot;departmentno&quot;:&quot;4&quot;,&quot;salary&quot;:&quot;234234&quot;,&quot;pincode&quot;:&quot;323232&quot;,&quot;userid&quot;:&quot;UNWkCUhbbHMbb1AIjjEZ&quot;,&quot;id&quot;:&quot;RExuuJLlDxDMIhWNuoEx&quot;},{&quot;accountno&quot;:&quot;12121212&quot;,&quot;departmentno&quot;:&quot;1&quot;,&quot;salary&quot;:&quot;3000&quot;,&quot;pincode&quot;:&quot;600033&quot;,&quot;userid&quot;:&quot;1Ym9ZlG2O3D0yGacYTrG&quot;,&quot;id&quot;:&quot;JftbSpou1D41uIniNYEv&quot;},{&quot;accountno&quot;:&quot;47474747&quot;,&quot;departmentno&quot;:&quot;7&quot;,&quot;salary&quot;:&quot;200&quot;,&quot;pincode&quot;:&quot;878678&quot;,&quot;userid&quot;:&quot;lzQHg4ywe0MI87vM7fpF&quot;,&quot;id&quot;:&quot;bIrDlvlxI1sAAcgon5SR&quot;},{&quot;accountno&quot;:&quot;22233344&quot;,&quot;departmentno&quot;:&quot;2&quot;,&quot;salary&quot;:&quot;50000&quot;,&quot;pincode&quot;:&quot;530044&quot;,&quot;userid&quot;:&quot;HuYhG15hCmuwXBhKEYKt&quot;,&quot;id&quot;:&quot;aoq8KXk9SsPxmPJFMYta&quot;},{&quot;accountno&quot;:&quot;43543543&quot;,&quot;departmentno&quot;:&quot;109&quot;,&quot;salary&quot;:&quot;90009&quot;,&quot;pincode&quot;:&quot;909090&quot;,&quot;userid&quot;:&quot;fb4a0fhoAAehQGIQ3DUg&quot;,&quot;id&quot;:&quot;hQcJYykMLpFKwYPRVd4x&quot;},{&quot;accountno&quot;:&quot;12344321&quot;,&quot;departmentno&quot;:&quot;2&quot;,&quot;salary&quot;:&quot;111&quot;,&quot;pincode&quot;:&quot;432234&quot;,&quot;userid&quot;:&quot;fb4a0fhoAAehQGIQ3DUg&quot;,&quot;id&quot;:&quot;fcPwGAEH2LCfOvYeYwsO&quot;},{&quot;accountno&quot;:&quot;34343333&quot;,&quot;departmentno&quot;:&quot;3&quot;,&quot;salary&quot;:&quot;34343434&quot;,&quot;pincode&quot;:&quot;343434&quot;,&quot;userid&quot;:&quot;laCGA21I8UVpjNbEFcP4&quot;,&quot;id&quot;:&quot;G7e1SZo8swkKwydcFEUy&quot;},{&quot;accountno&quot;:&quot;34343333&quot;,&quot;departmentno&quot;:&quot;3&quot;,&quot;salary&quot;:&quot;34343434&quot;,&quot;pincode&quot;:&quot;343434&quot;,&quot;userid&quot;:&quot;laCGA21I8UVpjNbEFcP4&quot;,&quot;id&quot;:&quot;RZVV5lr3lNiuSh0VXPBp&quot;},{&quot;accountno&quot;:&quot;34343333&quot;,&quot;departmentno&quot;:&quot;3&quot;,&quot;salary&quot;:&quot;34343434&quot;,&quot;pincode&quot;:&quot;343434&quot;,&quot;userid&quot;:&quot;laCGA21I8UVpjNbEFcP4&quot;,&quot;id&quot;:&quot;k1RHb5khIgJCOa9C0TJB&quot;},{&quot;accountno&quot;:&quot;34343333&quot;,&quot;departmentno&quot;:&quot;3&quot;,&quot;salary&quot;:&quot;34343434&quot;,&quot;pincode&quot;:&quot;343434&quot;,&quot;userid&quot;:&quot;laCGA21I8UVpjNbEFcP4&quot;,&quot;id&quot;:&quot;UzSJAsXGbDn4TXXGVV3p&quot;},{&quot;accountno&quot;:&quot;99999999&quot;,&quot;departmentno&quot;:&quot;109&quot;,&quot;salary&quot;:&quot;90009&quot;,&quot;pincode&quot;:&quot;909090&quot;,&quot;userid&quot;:&quot;CeYVmyH64ZKM1gSZhwYr&quot;,&quot;id&quot;:&quot;42W2ESaOCIc91rTyAVkB&quot;},{&quot;accountno&quot;:&quot;99999999&quot;,&quot;departmentno&quot;:&quot;109&quot;,&quot;salary&quot;:&quot;90009&quot;,&quot;pincode&quot;:&quot;909090&quot;,&quot;userid&quot;:&quot;CeYVmyH64ZKM1gSZhwYr&quot;,&quot;id&quot;:&quot;SCbwozPWNvUtBUHYJjr0&quot;},{&quot;accountno&quot;:&quot;99999999&quot;,&quot;departmentno&quot;:&quot;109&quot;,&quot;salary&quot;:&quot;90009&quot;,&quot;pincode&quot;:&quot;909090&quot;,&quot;userid&quot;:&quot;CeYVmyH64ZKM1gSZhwYr&quot;,&quot;id&quot;:&quot;89NAn5ketNbM0NYlOQbT&quot;}]
" type="java.lang.AssertionError">
      <![CDATA[java.lang.AssertionError: 1 expectation failed.
Response body doesn't match expectation.
Expected: The content to match the given JSON schema.
error: instance type (integer) does not match any allowed primitive type (allowed: ["string"])
    level: "error"
    schema: {"loadingURI":"file:/C:/Users/agmarc80/eclipse-workspace/ApiTesting/target/test-classes/getDataSchem.json#","pointer":"/items/0/properties/departmentno"}
    instance: {"pointer":"/0/departmentno"}
    domain: "validation"
    keyword: "type"
    found: "integer"
    expected: ["string"]
error: instance type (integer) does not match any allowed primitive type (allowed: ["string"])
    level: "error"
    schema: {"loadingURI":"file:/C:/Users/agmarc80/eclipse-workspace/ApiTesting/target/test-classes/getDataSchem.json#","pointer":"/items/0/properties/pincode"}
    instance: {"pointer":"/0/pincode"}
    domain: "validation"
    keyword: "type"
    found: "integer"
    expected: ["string"]
error: instance type (integer) does not match any allowed primitive type (allowed: ["string"])
    level: "error"
    schema: {"loadingURI":"file:/C:/Users/agmarc80/eclipse-workspace/ApiTesting/target/test-classes/getDataSchem.json#","pointer":"/items/0/properties/salary"}
    instance: {"pointer":"/0/salary"}
    domain: "validation"
    keyword: "type"
    found: "integer"
    expected: ["string"]

  Actual: [{"accountno":"TA-1000011","departmentno":5,"salary":1211,"pincode":111112,"userid":"DKbvIDLcPJxTB93pE55B","id":"WGaLhxiltrSPqF2N3SJl"},{"accountno":"BN-1234535","departmentno":"7","salary":"12190","pincode":"123458","userid":"wvTE1ZsqbgfOMtiFejpq","id":"orq4Wbd0ogikNFw5H0qb"},{"accountno":"TA-1000011","departmentno":"1","salary":"111","pincode":"111112","userid":"DKbvIDLcPJxTB93pE55B","id":"VFqTVEojnWupjZbQyFN0"},{"accountno":"TA-1000011","departmentno":"1","salary":"111","pincode":"111112","userid":"DKbvIDLcPJxTB93pE55B","id":"hvYdHnFnMEDsdbu1FSc1"},{"accountno":"TA-1000011","departmentno":"1","salary":"111","pincode":"111112","userid":"DKbvIDLcPJxTB93pE55B","id":"nAmYD8i4LRxpE9J3HVNX"},{"accountno":"TA-1000011","departmentno":"1","salary":"111","pincode":"111112","userid":"DKbvIDLcPJxTB93pE55B","id":"Ly1wAfHId1v1qQJRbErJ"},{"accountno":"TA-1000011","departmentno":"1","salary":"111","pincode":"111112","userid":"DKbvIDLcPJxTB93pE55B","id":"neb0akMgRvaRed0mmFij"},{"accountno":"TA-1000011","departmentno":"1","salary":"111","pincode":"111112","userid":"DKbvIDLcPJxTB93pE55B","id":"1qOyT3E2ONJISThyMaxP"},{"accountno":"TA-1000011","departmentno":"1","salary":"111","pincode":"111112","userid":"DKbvIDLcPJxTB93pE55B","id":"JB5N7SU7Bm2XhKB4AoPB"},{"accountno":"TA-1000001","departmentno":"1","salary":"1111","pincode":"111111","userid":"DKbvIDLcPJxTB93pE55B","id":"s01LIfs597cKKqvQmcrz"},{"accountno":"AA-May0588","departmentno":"9","salary":"7000","pincode":"888888","userid":"yjlDHEK3zfwmVUHfHXhT","id":"wnbllXmHONZg5Rch6pPK"},{"accountno":"DA-eclipseSuchi","departmentno":"1","salary":"8000","pincode":"700118","userid":"bX7hmQFiuM2xGSoOYCFJ","id":"Es5RtUBLzuo5uakJCeEV"},{"accountno":"TA-1114576","departmentno":"11","salary":"6000","pincode":"111111","userid":"PdrsmnimOWo7a4mWiHCi","id":"h1GrCWbCjhpHAxFLFL6s"},{"accountno":"AA-May0588","departmentno":"9","salary":"7000","pincode":"888888","userid":"yjlDHEK3zfwmVUHfHXhT","id":"dxHjjTSsegS78uw2Bjok"},{"accountno":"GO-1111111","departmentno":"2","salary":"22222","pincode":"212121","userid":"ZVdeMZRRo0zsE3F83L3s","id":"q1lOZwvt0NX6PqkaqsKo"},{"accountno":"AA-May0588","departmentno":"9","salary":"7000","pincode":"888888","userid":"yjlDHEK3zfwmVUHfHXhT","id":"F7BSDkfhdooRA2FjsgjD"},{"accountno":"GO-2222222","departmentno":"2","salary":"22222","pincode":"222222","userid":"ZVdeMZRRo0zsE3F83L3s","id":"5CJ8EcRieF81VVcQyjzS"},{"accountno":"NewAccount","departmentno":"2","salary":"233334","pincode":"233334","userid":"pCxvzktUyFAsJ1PS4iEe","id":"6s9Up3xn25Ra1YI7aOJ9"},{"accountno":"TA-UserPAG","departmentno":"1","salary":"888888","pincode":"888888","userid":"pCxvzktUyFAsJ1PS4iEe","id":"5U5EBhtIc8ydLGCMDJhZ"},{"accountno":"TA-98989898","departmentno":"2","salary":"233334","pincode":"233334","userid":"pCxvzktUyFAsJ1PS4iEe","id":"3baGB1pocFjhBmU3JZdm"},{"accountno":"TA-23333334","departmentno":"2","salary":"233334","pincode":"233334","userid":"pCxvzktUyFAsJ1PS4iEe","id":"AtTmTBzVcbqazSgFQKnq"},{"accountno":"TA-2333334","departmentno":"2","salary":"233334","pincode":"233334","userid":"pCxvzktUyFAsJ1PS4iEe","id":"0EgsIFJOdJXVVBvj9tDX"},{"accountno":"TA-gdhjdsj","departmentno":"1","salary":"2346511","pincode":"223344","userid":"R3DiQUIslpedNfpMFBeD","id":"A800bbh6xQCtO9ykO916"},{"accountno":"TA-2222224","departmentno":"2","salary":"222224","pincode":"222224","userid":"pCxvzktUyFAsJ1PS4iEe","id":"Eu0usPV7W3XE56Trhmes"},{"accountno":"TA-2222223","departmentno":"2","salary":"222223","pincode":"222223","userid":"pCxvzktUyFAsJ1PS4iEe","id":"DUaH6pN7NSyPjECxwmwy"},{"accountno":"DA-postman","departmentno":"1","salary":"1000","pincode":"242435","userid":"d0EKEpsgBHDEjnOtkFRp","id":"W6YKCDfYYjJXSQZAYnM7"},{"accountno":"TA-2222222","departmentno":"2","salary":"222222","pincode":"222222","userid":"pCxvzktUyFAsJ1PS4iEe","id":"ugE2w3rSPo0Q2xqD7KdS"},{"accountno":"testing_hra","departmentno":"1","salary":"1000","pincode":"342435","userid":"Qs15ifctp0dtkEdVlUz0","id":"s9KEi2PNCIdXPFNbds5g"},{"accountno":"TA-Eclipse","departmentno":"1","salary":"7000","pincode":"112233","userid":"sC7k5CCGLcMJtmqa9qk1","id":"SHJUiOVWVwpLw5cYknSN"},{"accountno":"DA-eclipseSuchi","departmentno":"1","salary":"8000","pincode":"700118","userid":"sC7k5CCGLcMJtmqa9qk1","id":"8AeltuDd11flIlwSq0M8"},{"accountno":"DA-eclipse","departmentno":"1","salary":"1000","pincode":"342435","userid":"sC7k5CCGLcMJtmqa9qk1","id":"I0aN0gpsyfDh0D2MDf9H"},{"accountno":"BN-1234535","departmentno":"7","salary":"12190","pincode":"123458","userid":"wvTE1ZsqbgfOMtiFejpq","id":"UUe8UjBFSsxI22vhuLTR"},{"accountno":"DA-eclipseSuchi","departmentno":"1","salary":"8000","pincode":"700118","userid":"bX7hmQFiuM2xGSoOYCFJ","id":"Pzj00UoFSPpv4fpEwzdm"},{"accountno":"AA-May0588","departmentno":"9","salary":"7000","pincode":"888888","userid":"yjlDHEK3zfwmVUHfHXhT","id":"G0XwVGqZuiEBW2ErYNIy"},{"accountno":"AA-May0588","departmentno":"9","salary":"7000","pincode":"888888","userid":"yjlDHEK3zfwmVUHfHXhT","id":"5fpajoRvOgCTZRQMViPF"},{"accountno":"AA-May0588","departmentno":"9","salary":"7000","pincode":"888888","userid":"yjlDHEK3zfwmVUHfHXhT","id":"JVxAod8GqI4iwUYWaZDC"},{"accountno":"AA-May0589","departmentno":"9","salary":"7000","pincode":"888888","userid":"yjlDHEK3zfwmVUHfHXhT","id":"Ieux7ifa7bq862MjGxEC"},{"accountno":"DA-eclipse","departmentno":"9","salary":"2121","pincode":"565656","userid":"rLIAitoB0TJsjPAre41y","id":"v1LR6PZG0nzZcJTDKbpX"},{"accountno":"DA-Start","departmentno":3,"salary":1000,"pincode":342435,"userid":"rLIAitoB0TJsjPAre41y","id":"Pdb9ETc22k5CPbCN2VhU"},{"accountno":"TA-2222222","departmentno":"2","salary":"222222","pincode":"222222","userid":"pCxvzktUyFAsJ1PS4iEe","id":"XHuqONmPUukpqu3j1enk"},{"accountno":"TA-4678577666","departmentno":"6","salary":"111777","pincode":"232777","userid":"vWgxzCFg2dEEmc7xfrJj","id":"W9pWFUxpImTCHOc6PIZv"},{"accountno":"1234567","departmentno":"6","salary":"124262","pincode":"345263","userid":"vWgxzCFg2dEEmc7xfrJj","id":"Z49tO31doGi1SoUMhGbI"},{"accountno":"TA-4678577666","departmentno":"6","salary":"111777","pincode":"232777","userid":"vWgxzCFg2dEEmc7xfrJj","id":"yxnEgFwa5tuNukmJyzM4"},{"accountno":"1234567","departmentno":"6","salary":"124262","pincode":"345263","userid":"vWgxzCFg2dEEmc7xfrJj","id":"pRf8rkkaScGfGtHLnRrw"},{"accountno":"TA-2222222","departmentno":"2","salary":"222222","pincode":"222222","userid":"pCxvzktUyFAsJ1PS4iEe","id":"csEscNjd35jGBtnPdpSV"},{"accountno":"DA-eclipse","departmentno":"9","salary":"2121","pincode":"565656","userid":"rLIAitoB0TJsjPAre41y","id":"s5HcXhkZG01VUKK12bJn"},{"accountno":"TA-1234576","departmentno":"9","salary":"6000","pincode":"111111","userid":"rLIAitoB0TJsjPAre41y","id":"0nYZL8LbHBsHOgZuxaJv"},{"accountno":"TA-jan2301","departmentno":"1","salary":"2000","pincode":"456789","userid":"zhFI4oQlHjP2cn3mW3GP","id":"Xnfk719hDK3oUYr2hjID"},{"accountno":"TA-1234576","departmentno":"9","salary":"6000","pincode":"111111","userid":"PdrsmnimOWo7a4mWiHCi","id":"nBPxvPpevwOBvl5rVQ4e"},{"accountno":"RM:12345678","departmentno":"3","salary":"154645","pincode":"556776","userid":"JBFBUgrJ3VQaudaTXM0r","id":"6E8J7AxBabCMC43GeTmZ"},{"accountno":"TA-4678577666","departmentno":"6","salary":"111777","pincode":"232777","userid":"vWgxzCFg2dEEmc7xfrJj","id":"idQUDtU7ZjwOwwNoe1yP"},{"accountno":"1234567","departmentno":"6","salary":"124262","pincode":"345263","userid":"vWgxzCFg2dEEmc7xfrJj","id":"rQn8HGonuuHdY7GgdBO8"},{"accountno":"TA-4678577666","departmentno":"6","salary":"111777","pincode":"232777","userid":"vWgxzCFg2dEEmc7xfrJj","id":"1rGn6cenwA4KUGbl4j8W"},{"accountno":"TA-4678577666","departmentno":"6","salary":"111777","pincode":"232777","userid":"vWgxzCFg2dEEmc7xfrJj","id":"FufVkS1wXxrAEJ6Kxqen"},{"accountno":"AA-May0188","departmentno":"6","salary":"9000","pincode":"888888","userid":"yjlDHEK3zfwmVUHfHXhT","id":"2DEf18YSX54hZ0Kq4JRW"},{"accountno":"TA-March82","departmentno":6,"salary":4000,"pincode":673423,"userid":"HHlWEZnF14WqT7LHhHc7","id":"88kBnN62WxHCsgAUCs6J"},{"accountno":"TA-4545677","departmentno":7,"salary":987,"pincode":678909,"userid":"d0EKEpsgBHDEjnOtkFRp","id":"fDMbh7VIR8uJZXMxlzMZ"},{"accountno":"RM:12345678","departmentno":3,"salary":154645,"pincode":556776,"userid":"JBFBUgrJ3VQaudaTXM0r","id":"RUJK0Y2mKkhHjrEAGTly"},{"accountno":"TA-5678985","departmentno":"5","salary":"1325","pincode":"569832","userid":"rLIAitoB0TJsjPAre41y","id":"xtU92YM7ynY8CWTNWg65"},{"accountno":"3454534456","departmentno":"5","salary":"54645","pincode":"756776","userid":"JBFBUgrJ3VQaudaTXM0r","id":"hrF9x6uu4SbpxexqQZOm"},{"accountno":"BN-1234535","departmentno":"7","salary":"12190","pincode":"123458","userid":"wvTE1ZsqbgfOMtiFejpq","id":"hJoWSG9gvnMfFTnSldZf"},{"accountno":"TA-2026mar","departmentno":"9","salary":"679","pincode":"674964","userid":"p2AiPHqacISNeeGHyEEb","id":"nlgymXo7tMn5z5lUzMfj"},{"accountno":"RM-2345678","departmentno":"1","salary":"6536546","pincode":"654355","userid":"JBFBUgrJ3VQaudaTXM0r","id":"8VLFsQGa0WWiH7VOpLF2"},{"accountno":"TA-Jan2031","departmentno":"2","salary":"2200","pincode":"234568","userid":"Ck6CD9qzkm608fnZLQ8u","id":"IQBH3UbAxvjyO7clQ3fM"},{"accountno":"TA-Jan2023","departmentno":"2","salary":"2200","pincode":"234567","userid":"Ck6CD9qzkm608fnZLQ8u","id":"mFrrd0QlzQmnLb0M3IHJ"},{"accountno":"TA-Jan2023","departmentno":"1","salary":"2100","pincode":"234567","userid":"Ck6CD9qzkm608fnZLQ8u","id":"GRCSo4qh3M1efNCp0UQJ"},{"accountno":"TA-1111111","departmentno":"2","salary":"111111","pincode":"123456","userid":"N1D4P4ykE7TcYgJNM1fB","id":"hsFqEFnyRdYgybEf3eZp"},{"accountno":"TA-1111111","departmentno":"2","salary":"111111","pincode":"123457","userid":"N1D4P4ykE7TcYgJNM1fB","id":"uN9iSdl9ODisUJ5B0MZi"},{"accountno":"TA-1111111","departmentno":"2","salary":"111111","pincode":"123456","userid":"N1D4P4ykE7TcYgJNM1fB","id":"c4GL5vj0gZciDiS9RRqL"},{"accountno":"TA-2000000","departmentno":"5","salary":"2000","pincode":"123456","userid":"DKbvIDLcPJxTB93pE55B","id":"XBzLINvIIWQABzJQoyfj"},{"accountno":"TA-Jan2302","departmentno":"7","salary":"2300","pincode":"234567","userid":"Ck6CD9qzkm608fnZLQ8u","id":"x8NowufO6BlUMMF2cgML"},{"accountno":"TA-5234576","departmentno":"1","salary":"6000","pincode":"111111","userid":"PdrsmnimOWo7a4mWiHCi","id":"ydL0WVUCKHX9XaYj0jSb"},{"accountno":"TA-1234576","departmentno":"1","salary":"6000","pincode":"111111","userid":"PdrsmnimOWo7a4mWiHCi","id":"UYVT66QbcKQi5fV4kTah"},{"accountno":"TA-1234567","departmentno":"7","salary":"5000","pincode":"233443","userid":"PdrsmnimOWo7a4mWiHCi","id":"46iZ9ZUK5TxHeRA7h3EH"},{"accountno":"TA-4678577666","departmentno":"6","salary":"111777","pincode":"232777","userid":"vWgxzCFg2dEEmc7xfrJj","id":"pbl5R58Cd8wuis17J1UB"},{"accountno":"TA-4678577666","departmentno":"6","salary":"111777","pincode":"232777","userid":"vWgxzCFg2dEEmc7xfrJj","id":"iTJArWcAxuLwQ6FJBjfm"},{"accountno":"TA-4678946","departmentno":"6","salary":"14568","pincode":"160318","userid":"vWgxzCFg2dEEmc7xfrJj","id":"VOfzsalq6MeEchiSZk3d"},{"accountno":"TA-9999999","departmentno":"9","salary":"999999","pincode":"999999","userid":"R3DiQUIslpedNfpMFBeD","id":"x6W3k1FABXNLyj3U9Ypb"},{"accountno":"TA-1235567","departmentno":"5","salary":"12345","pincode":"123456","userid":"Bl9Tdos8Zn7fDhEqJa1k","id":"lVAQOIFG1bJOg6C9wbMU"},{"accountno":"TA-1234567","departmentno":"6","salary":"12345","pincode":"123456","userid":"Bl9Tdos8Zn7fDhEqJa1k","id":"C7Cle7l0A3Rzen0JycOn"},{"accountno":"TA-1234567","departmentno":"6","salary":"12345","pincode":"123456","userid":"Bl9Tdos8Zn7fDhEqJa1k","id":"3sBygTE5p3h4mj11y38q"},{"accountno":"TA-4678577666","departmentno":"6","salary":"111777","pincode":"232777","userid":"vWgxzCFg2dEEmc7xfrJj","id":"j49YDMpFQz4OKdVioO5N"},{"accountno":"TA-4678577666","departmentno":"6","salary":"111777","pincode":"232777","userid":"vWgxzCFg2dEEmc7xfrJj","id":"HKb3T1xQAxkcMTSiYMn1"},{"accountno":"TA-4678577666","departmentno":"6","salary":"111777","pincode":"232777","userid":"vWgxzCFg2dEEmc7xfrJj","id":"PUwKrcUPYsJrTxD1VFbN"},{"accountno":"TA-4678577666","departmentno":"6","salary":"111777","pincode":"232777","userid":"vWgxzCFg2dEEmc7xfrJj","id":"ynvrcpmaNobm8uaDq1ST"},{"accountno":"RM-1234567","departmentno":9,"salary":9024567,"pincode":546546,"userid":"JBFBUgrJ3VQaudaTXM0r","id":"Yi3K1SfM71O0wec2WtKm"},{"accountno":"TA-5612345","departmentno":"6","salary":"5423","pincode":"965421","userid":"rLIAitoB0TJsjPAre41y","id":"5ev2EAEOY1lZBmihE79i"},{"accountno":"TA-4678577666","departmentno":"6","salary":"111777","pincode":"232777","userid":"vWgxzCFg2dEEmc7xfrJj","id":"res7amnTvaGgxBgsgoNQ"},{"accountno":"TA-4678577666","departmentno":"6","salary":"111777","pincode":"232777","userid":"vWgxzCFg2dEEmc7xfrJj","id":"sBiNFOoEK2psKUd0pvXa"},{"accountno":"TA-4678577666","departmentno":"6","salary":"111777","pincode":"232777","userid":"vWgxzCFg2dEEmc7xfrJj","id":"xbdYnvmFIec2j1QrkGlb"},{"accountno":"TA-4678577666","departmentno":"6","salary":"111777","pincode":"232777","userid":"vWgxzCFg2dEEmc7xfrJj","id":"vuSa4DtBUf1zpjkqLlBI"},{"accountno":"TA-4678577666","departmentno":"6","salary":"111777","pincode":"232777","userid":"yj4lLufi6vTtJtT0MKL8","id":"WqonwSUb35FepaXCUJ7i"},{"accountno":"TA-4678577666","departmentno":"6","salary":"111777","pincode":"232777","userid":"yj4lLufi6vTtJtT0MKL8","id":"r3FdNdxZ89UWAyAK76O6"},{"accountno":"TA-jan2024","departmentno":"1","salary":"2000","pincode":"222222","userid":"YE8ZJHpDM2QKwjnAyyN7","id":"7WMvIjBul7wDrTwzSkCW"},{"accountno":"go-3231432","departmentno":"3","salary":"52542","pincode":"325423","userid":"ZVdeMZRRo0zsE3F83L3s","id":"g7Xq2rNj1SlKGNVr5bOf"},{"accountno":"BN-1234535","departmentno":"7","salary":"12190","pincode":"123458","userid":"wvTE1ZsqbgfOMtiFejpq","id":"b7wBj0dPo2BdDOII7t7A"},{"accountno":"TA-1111111","departmentno":"1","salary":"111111","pincode":"111111","userid":"vWgxzCFg2dEEmc7xfrJj","id":"undPkCLMsGzU0fqA7tka"},{"accountno":"BN-1234535","departmentno":"7","salary":"12190","pincode":"123458","userid":"wvTE1ZsqbgfOMtiFejpq","id":"5UbtRBXODRQsUjRgjVz6"},{"accountno":"BN-1234535","departmentno":"7","salary":"12190","pincode":"123458","userid":"wvTE1ZsqbgfOMtiFejpq","id":"C1neviRiWj8Db1NnluMy"},{"accountno":"TA-14675","departmentno":"5","salary":"70713","pincode":"13142-9977","userid":"taGX4XQQfXD3Z76sI1Xn","id":"WJsd7VvUQkRl2Ky0zJyU"},{"accountno":"TA-15802","departmentno":"5","salary":"53588","pincode":"02556","userid":"taGX4XQQfXD3Z76sI1Xn","id":"Sq0lCUzN06GHZq49J9OS"},{"accountno":"BN-1234535","departmentno":"7","salary":"12190","pincode":"123458","userid":"wvTE1ZsqbgfOMtiFejpq","id":"s25FRnM8hfQ9ELSbjHwm"},{"accountno":"DA-7333333","departmentno":"3","salary":"30000","pincode":"305077","userid":"9M0UYcQiX1yGh3aiXJWZ","id":"whSqAe7VnkR4EJgYRy9B"},{"accountno":"BN-1234535","departmentno":"7","salary":"12190","pincode":"123458","userid":"wvTE1ZsqbgfOMtiFejpq","id":"dfGkCh9FACnsOtPU3gGe"},{"accountno":"TA-6789975","departmentno":"3","salary":"179463","pincode":"562099","userid":"yj4lLufi6vTtJtT0MKL8","id":"pL7iAK5yJhtZsiqDr778"},{"accountno":"TA-6789975","departmentno":"3","salary":"179463","pincode":"562099","userid":"yj4lLufi6vTtJtT0MKL8","id":"5iJD2Kdk3m0up3lX3fim"},{"accountno":"BN-1234535","departmentno":"7","salary":"12190","pincode":"123458","userid":"wvTE1ZsqbgfOMtiFejpq","id":"HRcvYFwDn6CFGSWiL9pG"},{"accountno":"AA-1234567","departmentno":"5","salary":"10000","pincode":"555555","userid":"mEYhxTp8rdy8zhKgFBen","id":"aCbPrx3xD9H9d7iNOh75"},{"accountno":"TA-1777777","departmentno":"6","salary":"1212","pincode":"121213","userid":"Q838nbz89Y6fI0Es1xd1","id":"WMc5dEpa2Dhfl3II4mHv"},{"accountno":"TA-1777777","departmentno":"6","salary":"1212","pincode":"121213","userid":"Q838nbz89Y6fI0Es1xd1","id":"1LGl1O0c52j5vgAWJ5qP"},{"accountno":"TA-1777777","departmentno":"6","salary":"1212","pincode":"121213","userid":"Q838nbz89Y6fI0Es1xd1","id":"TN8DePTGVLhUnmLww26G"},{"accountno":"TA-1777777","departmentno":"6","salary":"1212","pincode":"121213","userid":"Q838nbz89Y6fI0Es1xd1","id":"CTfY51nGUpKL5UbDq1ZA"},{"accountno":"TA-1212121","departmentno":"1","salary":"111","pincode":"123456","userid":"I6nBxzjk6VkW6NHrUDCN","id":"VNRT84Lpo7hstyFqSqEK"},{"accountno":"TA-1777777","departmentno":"6","salary":"1212","pincode":"121213","userid":"Q838nbz89Y6fI0Es1xd1","id":"qEHQShWXgkbESc63ik2k"},{"accountno":"TA-1777777","departmentno":"6","salary":"1212","pincode":"121213","userid":"Q838nbz89Y6fI0Es1xd1","id":"a4R9CFq370toKCAqcFYC"},{"accountno":"TA-1777777","departmentno":"6","salary":"1212","pincode":"121213","userid":"Q838nbz89Y6fI0Es1xd1","id":"mzdk7aKxgerruXSsHP4A"},{"accountno":"TA-1777777","departmentno":"6","salary":"1212","pincode":"121213","userid":"Q838nbz89Y6fI0Es1xd1","id":"KSD8KvGEGriaExXJuHjw"},{"accountno":"TA-1777777","departmentno":"6","salary":"1212","pincode":"121213","userid":"Q838nbz89Y6fI0Es1xd1","id":"F1iULsNHWSQI99F8KQtC"},{"accountno":"TA-1777777","departmentno":"6","salary":"1212","pincode":"121213","userid":"Q838nbz89Y6fI0Es1xd1","id":"8JIJ0X8QypANUdnY9b4F"},{"accountno":"TA-1777777","departmentno":"6","salary":"1212","pincode":"121213","userid":"Q838nbz89Y6fI0Es1xd1","id":"hHVqWCrNHELN6VOrvijG"},{"accountno":"TA-1777777","departmentno":"6","salary":"1212","pincode":"121213","userid":"Q838nbz89Y6fI0Es1xd1","id":"445br3K1vT0nMOJQffUF"},{"accountno":"TA-1777777","departmentno":"6","salary":"1212","pincode":"121213","userid":"Q838nbz89Y6fI0Es1xd1","id":"pTUBn8ouhk5dXGKyd7Ia"},{"accountno":"TA-1777777","departmentno":"6","salary":"1212","pincode":"121213","userid":"Q838nbz89Y6fI0Es1xd1","id":"b1UllKpJc7j3Nm1S9H63"},{"accountno":"BN-1234535","departmentno":"7","salary":"12190","pincode":"123458","userid":"wvTE1ZsqbgfOMtiFejpq","id":"rX7jPGHHL384nSWmx8ES"},{"accountno":"TA-1777777","departmentno":"6","salary":"1212","pincode":"121213","userid":"Q838nbz89Y6fI0Es1xd1","id":"UOIUWq4JkyqgHUtupwdK"},{"accountno":"TA-1777777","departmentno":"6","salary":"1212","pincode":"121213","userid":"Q838nbz89Y6fI0Es1xd1","id":"bFf7h3i2KGRtm8JDlGyz"},{"accountno":"TA-1777777","departmentno":"6","salary":"1212","pincode":"121213","userid":"Q838nbz89Y6fI0Es1xd1","id":"U6UkH4Kj0dw7H0FE0RQZ"},{"accountno":"TA-1777777","departmentno":"6","salary":"1212","pincode":"121213","userid":"Q838nbz89Y6fI0Es1xd1","id":"gN1ShkmdkJUdseswNZoj"},{"accountno":"TA-1777777","departmentno":"6","salary":"1212","pincode":"121213","userid":"Q838nbz89Y6fI0Es1xd1","id":"awVB4HUZAIH4wjTCe6P1"},{"accountno":"TA-1777777","departmentno":"6","salary":"1212","pincode":"121213","userid":"Q838nbz89Y6fI0Es1xd1","id":"ionUU8bUQy0AeIiHlgEK"},{"accountno":"TA-1777777","departmentno":"6","salary":"1212","pincode":"121213","userid":"Q838nbz89Y6fI0Es1xd1","id":"VvLoMo1CwsKTaY7EA8Ln"},{"accountno":"TA-1777777","departmentno":"6","salary":"1212","pincode":"121213","userid":"Q838nbz89Y6fI0Es1xd1","id":"7uqzD0nyY3ez6y8xpDPa"},{"accountno":"TA-1777777","departmentno":"6","salary":"1212","pincode":"121213","userid":"Q838nbz89Y6fI0Es1xd1","id":"5ch9nMde7ioa27t5UG2X"},{"accountno":"TA-1777777","departmentno":"6","salary":"1212","pincode":"121213","userid":"Q838nbz89Y6fI0Es1xd1","id":"gd2jYnw3XH8EG7DJPBK9"},{"accountno":"TA-1777777","departmentno":"6","salary":"1212","pincode":"121213","userid":"Q838nbz89Y6fI0Es1xd1","id":"IYNXSSTrTrARlCeL8pHI"},{"accountno":"TA-1777777","departmentno":"6","salary":"1212","pincode":"121213","userid":"Q838nbz89Y6fI0Es1xd1","id":"fymWIM9Lt2gcBEUtMOM9"},{"accountno":"BN-1234535","departmentno":"7","salary":"12190","pincode":"123458","userid":"wvTE1ZsqbgfOMtiFejpq","id":"ajKeNW7ecZhTElU8bhgX"},{"accountno":"TA-1777777","departmentno":"6","salary":"1212","pincode":"121213","userid":"Q838nbz89Y6fI0Es1xd1","id":"AQZ3dhZZgeCtG55QIaLE"},{"accountno":"TA-1777777","departmentno":"6","salary":"1212","pincode":"121213","userid":"Q838nbz89Y6fI0Es1xd1","id":"Kmdm3uFToeWrRyfcBdJq"},{"accountno":"TA-1777777","departmentno":"6","salary":"1212","pincode":"121213","userid":"Q838nbz89Y6fI0Es1xd1","id":"7S8U0FK4RyOA2hxg7J9n"},{"accountno":"TA-1777777","departmentno":"6","salary":"1212","pincode":"121213","userid":"Q838nbz89Y6fI0Es1xd1","id":"q6O0IJ1X0wIKVvUJ1fuj"},{"accountno":"TA-1777777","departmentno":"6","salary":"1212","pincode":"121213","userid":"Q838nbz89Y6fI0Es1xd1","id":"CqvRIBbBF1mXEzgx47G2"},{"accountno":"TA-1777777","departmentno":"6","salary":"1212","pincode":"121213","userid":"Q838nbz89Y6fI0Es1xd1","id":"gKLyHb1ZUJ9PfmKJaWK3"},{"accountno":"TA-1777777","departmentno":"6","salary":"1212","pincode":"121213","userid":"Q838nbz89Y6fI0Es1xd1","id":"EzuPi2r4EYdQzeXIOAzJ"},{"accountno":"TA-1777777","departmentno":"6","salary":"1212","pincode":"121213","userid":"Q838nbz89Y6fI0Es1xd1","id":"amExWcwdjDCpE7jXmA4y"},{"accountno":"TA-1777777","departmentno":"6","salary":"1212","pincode":"121213","userid":"Q838nbz89Y6fI0Es1xd1","id":"4r1LOg3SKD5p09psDzdB"},{"accountno":"TA-1237690","departmentno":"3","salary":"12576","pincode":"560094","userid":"61Vn9O0lmw7dVGPHIyaI","id":"6DwMIoejqiH0b9iZEXhv"},{"accountno":"TA-1777777","departmentno":"6","salary":"1212","pincode":"121213","userid":"Q838nbz89Y6fI0Es1xd1","id":"BZYLDCwyx27TlSS8F1Ji"},{"accountno":"TA-1777777","departmentno":"6","salary":"1212","pincode":"121213","userid":"Q838nbz89Y6fI0Es1xd1","id":"IPxiieDJdJRXuTAyXGE4"},{"accountno":"TA-1777777","departmentno":"6","salary":"1212","pincode":"121213","userid":"Q838nbz89Y6fI0Es1xd1","id":"AaQaG6yybxea5vtLOZz9"},{"accountno":"BN-1234535","departmentno":"7","salary":"12190","pincode":"123458","userid":"wvTE1ZsqbgfOMtiFejpq","id":"AX7NHSSOlxnQiELl3q8r"},{"accountno":"TA-1777777","departmentno":"6","salary":"1212","pincode":"121213","userid":"Q838nbz89Y6fI0Es1xd1","id":"2Xc8Jf1cR1As3CW45Fk9"},{"accountno":"TA-1777777","departmentno":"6","salary":"1212","pincode":"121213","userid":"Q838nbz89Y6fI0Es1xd1","id":"s9P6u7Uyr2TN2ckfJnGj"},{"accountno":"TA-1777777","departmentno":"6","salary":"1212","pincode":"121213","userid":"Q838nbz89Y6fI0Es1xd1","id":"4oeD29KUxeP51jA2yK8l"},{"accountno":"TA-1777777","departmentno":"6","salary":"1212","pincode":"121213","userid":"Q838nbz89Y6fI0Es1xd1","id":"rWsVN9xmex5fGIkU4QtM"},{"accountno":"TA-1777777","departmentno":"6","salary":"1212","pincode":"121213","userid":"Q838nbz89Y6fI0Es1xd1","id":"z35IhfjtOBiivcHA1XSr"},{"accountno":"TA-1777777","departmentno":"6","salary":"1212","pincode":"121213","userid":"Q838nbz89Y6fI0Es1xd1","id":"5BMPBODx71Dh9KRqbxUt"},{"accountno":"TA-1777777","departmentno":"6","salary":"1212","pincode":"121213","userid":"Q838nbz89Y6fI0Es1xd1","id":"Xt3XnkN5H7FJTwVVljeT"},{"accountno":"TA-1777777","departmentno":"6","salary":"1212","pincode":"121213","userid":"Q838nbz89Y6fI0Es1xd1","id":"uWA4ni6mSCEco5bBjnnc"},{"accountno":"TA-1777777","departmentno":"6","salary":"1212","pincode":"121213","userid":"Q838nbz89Y6fI0Es1xd1","id":"7Z13A1lg4ga6HVoka3mK"},{"accountno":"TA-1777777","departmentno":"6","salary":"1212","pincode":"121213","userid":"Q838nbz89Y6fI0Es1xd1","id":"CcJEQDIhd9Dt4fMgmLqP"},{"accountno":"TA-1777777","departmentno":"6","salary":"1212","pincode":"121213","userid":"Q838nbz89Y6fI0Es1xd1","id":"Zqox3MGO1M7vejSZLeqr"},{"accountno":"TA-1777777","departmentno":"6","salary":"1212","pincode":"121213","userid":"Q838nbz89Y6fI0Es1xd1","id":"pipIzaVzCevC5T00A7ym"},{"accountno":"BN-1234535","departmentno":"7","salary":"12190","pincode":"123458","userid":"wvTE1ZsqbgfOMtiFejpq","id":"1rb1dFp54Dl3m1ZCwj3O"},{"accountno":"TA-1777777","departmentno":"6","salary":"1212","pincode":"121213","userid":"Q838nbz89Y6fI0Es1xd1","id":"qmbYgm48MCMK0fJJXnmh"},{"accountno":"TA-1777777","departmentno":"6","salary":"1212","pincode":"121213","userid":"Q838nbz89Y6fI0Es1xd1","id":"Ei4JV1RgMt5KbNxeIvCc"},{"accountno":"TA-1777777","departmentno":"6","salary":"1212","pincode":"121213","userid":"Q838nbz89Y6fI0Es1xd1","id":"WSOt9el3ESbQA7FoLpJv"},{"accountno":"TA-1777777","departmentno":"6","salary":"1212","pincode":"121213","userid":"Q838nbz89Y6fI0Es1xd1","id":"z3BtXq8Y1lINFRjsTBNV"},{"accountno":"TA-1777777","departmentno":"6","salary":"1212","pincode":"121213","userid":"Q838nbz89Y6fI0Es1xd1","id":"yHBmqJUHNehrGhimRU0n"},{"accountno":"TA-1777777","departmentno":"6","salary":"1212","pincode":"121213","userid":"Q838nbz89Y6fI0Es1xd1","id":"lOLbo81D7x3s7bmnaGgM"},{"accountno":"TA-1777777","departmentno":"6","salary":"1212","pincode":"121213","userid":"Q838nbz89Y6fI0Es1xd1","id":"yxW6GTCf9r5nxPFWVxF0"},{"accountno":"TA-1777777","departmentno":"6","salary":"1212","pincode":"121213","userid":"Q838nbz89Y6fI0Es1xd1","id":"HUwnepIcfXiDdppUE9kq"},{"accountno":"TA-1777777","departmentno":"6","salary":"1212","pincode":"121213","userid":"Q838nbz89Y6fI0Es1xd1","id":"ci2svJAokhf93jWzIBG4"},{"accountno":"TA-1777777","departmentno":"6","salary":"1212","pincode":"121213","userid":"Q838nbz89Y6fI0Es1xd1","id":"zEiVt6sWkfGLU583CFwA"},{"accountno":"TA-1777777","departmentno":"6","salary":"1212","pincode":"121213","userid":"Q838nbz89Y6fI0Es1xd1","id":"aJyNbVwo8pb8UUKEXmfa"},{"accountno":"TA-1777777","departmentno":"6","salary":"1212","pincode":"121213","userid":"Q838nbz89Y6fI0Es1xd1","id":"zzO7WnQjviqopAqQ1fxF"},{"accountno":"TA-1777777","departmentno":"6","salary":"1212","pincode":"121213","userid":"Q838nbz89Y6fI0Es1xd1","id":"M6TcbMKv1LYj3TnNav3M"},{"accountno":"BN-1234535","departmentno":"7","salary":"12190","pincode":"123458","userid":"wvTE1ZsqbgfOMtiFejpq","id":"dNpwTEDWJ1rahGVItQcz"},{"accountno":"TA-1777777","departmentno":"6","salary":"1212","pincode":"121213","userid":"Q838nbz89Y6fI0Es1xd1","id":"NsoTQfHn9rdciJoPlCJ2"},{"accountno":"TA-1777777","departmentno":"6","salary":"1212","pincode":"121213","userid":"Q838nbz89Y6fI0Es1xd1","id":"Rv8c3dwpoJ8XnAD7ivJt"},{"accountno":"TA-1777777","departmentno":"6","salary":"1212","pincode":"121213","userid":"Q838nbz89Y6fI0Es1xd1","id":"ckctgOaTnWTEDl2z6TcJ"},{"accountno":"TA-1777777","departmentno":"6","salary":"1212","pincode":"121213","userid":"Q838nbz89Y6fI0Es1xd1","id":"DY3OObUVauSAzG4KO7me"},{"accountno":"TA-1777777","departmentno":"6","salary":"1212","pincode":"121213","userid":"Q838nbz89Y6fI0Es1xd1","id":"Xjs7beKwstu3y1sbFkU2"},{"accountno":"TA-1777777","departmentno":"6","salary":"1212","pincode":"121213","userid":"Q838nbz89Y6fI0Es1xd1","id":"cltSOzkBZgg1HwvJXA4S"},{"accountno":"TA-1777777","departmentno":"6","salary":"1212","pincode":"121213","userid":"Q838nbz89Y6fI0Es1xd1","id":"JudgFnBfEQOhLZo0n8o1"},{"accountno":"TA-1777777","departmentno":"6","salary":"1212","pincode":"121213","userid":"Q838nbz89Y6fI0Es1xd1","id":"1mPctlKJ4vzkJ5dzdc0w"},{"accountno":"TA-1777777","departmentno":"6","salary":"1212","pincode":"121213","userid":"Q838nbz89Y6fI0Es1xd1","id":"SYAW8qSdnA0aKBTijYmu"},{"accountno":"TA-1777777","departmentno":"6","salary":"1212","pincode":"121213","userid":"Q838nbz89Y6fI0Es1xd1","id":"XS9pomfr96gSOBJdrlSO"},{"accountno":"TA-1777777","departmentno":"6","salary":"1212","pincode":"121213","userid":"Q838nbz89Y6fI0Es1xd1","id":"thdkTDrCbq0UHbA2zKCz"},{"accountno":"TA-1777777","departmentno":"6","salary":"1212","pincode":"121213","userid":"Q838nbz89Y6fI0Es1xd1","id":"fLsY13upztopXhSVQoTQ"},{"accountno":"TA-1777777","departmentno":"6","salary":"1212","pincode":"121213","userid":"Q838nbz89Y6fI0Es1xd1","id":"NoB8k1xdrKFcSGNuROF7"},{"accountno":"TA-1777777","departmentno":"6","salary":"1212","pincode":"121213","userid":"Q838nbz89Y6fI0Es1xd1","id":"CCkXQMl4RKVqEKLdRtGb"},{"accountno":"TA-1234590","departmentno":"6","salary":"3456","pincode":"098776","userid":"PdA0aL70CLvbT74ZYZT7","id":"kWxBiLFp1QeravYaLPrD"},{"accountno":"TA-1777777","departmentno":"6","salary":"1212","pincode":"121213","userid":"Q838nbz89Y6fI0Es1xd1","id":"OuM0mtVO3L2gRpmonJBV"},{"accountno":"TA-1777777","departmentno":"6","salary":"1212","pincode":"121213","userid":"Q838nbz89Y6fI0Es1xd1","id":"MxebKRhRx2nsOG7ydhBK"},{"accountno":"TA-1777777","departmentno":"6","salary":"1212","pincode":"121213","userid":"Q838nbz89Y6fI0Es1xd1","id":"RXDWEbwXxLiecoNeI2DI"},{"accountno":"TA-1777777","departmentno":"6","salary":"1212","pincode":"121213","userid":"Q838nbz89Y6fI0Es1xd1","id":"IEhRzou0KOaB4NGwWczc"},{"accountno":"TA-1777777","departmentno":"6","salary":"1212","pincode":"121213","userid":"Q838nbz89Y6fI0Es1xd1","id":"HZq64Lf0uQuUCmi3WnXR"},{"accountno":"TA-1777777","departmentno":"6","salary":"1212","pincode":"121213","userid":"Q838nbz89Y6fI0Es1xd1","id":"I5pcPYJrGnax3ykbtIAQ"},{"accountno":"TA-1777777","departmentno":"6","salary":"1212","pincode":"121213","userid":"Q838nbz89Y6fI0Es1xd1","id":"ehj66REwy28tGhITFeWX"},{"accountno":"TA-1777777","departmentno":"6","salary":"1212","pincode":"121213","userid":"Q838nbz89Y6fI0Es1xd1","id":"YkNEUgFfTKNa4PV0m78I"},{"accountno":"TA-1777777","departmentno":"6","salary":"1212","pincode":"121213","userid":"Q838nbz89Y6fI0Es1xd1","id":"wtYROJks1jHqw0ldCuff"},{"accountno":"TA-1777777","departmentno":"6","salary":"1212","pincode":"121213","userid":"Q838nbz89Y6fI0Es1xd1","id":"ASnNbD24GfCgqx8IbDYX"},{"accountno":"TA-1777777","departmentno":"6","salary":"1212","pincode":"121213","userid":"Q838nbz89Y6fI0Es1xd1","id":"pnHX2cMgodRQR7937aQo"},{"accountno":"GC-8888","departmentno":"yyy","salary":"99999","pincode":"772134","userid":"31nk6sGTbT6SkjpQmUEj","id":"tj2FGNIhyFXtxTYfaFQK"},{"accountno":"GC-7999999","departmentno":"yyy","salary":"99999","pincode":"772134","userid":"31nk6sGTbT6SkjpQmUEj","id":"huyUcnKqMvF4nl67Targ"},{"accountno":"TA-1777777","departmentno":"6","salary":"1212","pincode":"121213","userid":"Q838nbz89Y6fI0Es1xd1","id":"Ud96H9J8SnGMYpTrFRFW"},{"accountno":"TA-1777777","departmentno":"6","salary":"1212","pincode":"121213","userid":"Q838nbz89Y6fI0Es1xd1","id":"JWjJ36HNrMfqnL8ksCvm"},{"accountno":"TA-1777777","departmentno":"6","salary":"1212","pincode":"121213","userid":"Q838nbz89Y6fI0Es1xd1","id":"Day9po2EIEmNa8uqwZL1"},{"accountno":"TA-1777777","departmentno":"6","salary":"1212","pincode":"121213","userid":"Q838nbz89Y6fI0Es1xd1","id":"YcDM0Tf9xPOI0AT3acdb"},{"accountno":"TA-1777777","departmentno":"6","salary":"1212","pincode":"121213","userid":"Q838nbz89Y6fI0Es1xd1","id":"XpYWKwWqrTQTnpnaWg6c"},{"accountno":"TA-1777777","departmentno":"6","salary":"1212","pincode":"121213","userid":"Q838nbz89Y6fI0Es1xd1","id":"isOt8Ox1upfsK669vdOP"},{"accountno":"TA-1777777","departmentno":"6","salary":"1212","pincode":"121213","userid":"Q838nbz89Y6fI0Es1xd1","id":"fV709jXpMSVcbVRrkXV9"},{"accountno":"TA-1777777","departmentno":"6","salary":"1212","pincode":"121213","userid":"Q838nbz89Y6fI0Es1xd1","id":"SlFb7CGuos3VR8NjQa0K"},{"accountno":"TA-1777777","departmentno":"6","salary":"1212","pincode":"121213","userid":"Q838nbz89Y6fI0Es1xd1","id":"ze7nFOniyAPdbi9EtcN0"},{"accountno":"TA-1777777","departmentno":"6","salary":"1212","pincode":"121213","userid":"Q838nbz89Y6fI0Es1xd1","id":"QyodzEqlw9MGeL1LxHRF"},{"accountno":"BN-1234535","departmentno":"7","salary":"12190","pincode":"123458","userid":"wvTE1ZsqbgfOMtiFejpq","id":"NjPubQEFPaA0VlNhM2xr"},{"accountno":"TA-1777777","departmentno":"6","salary":"1212","pincode":"121213","userid":"Q838nbz89Y6fI0Es1xd1","id":"ba8COuqtSdpKLsr3qdDl"},{"accountno":"TA-1777777","departmentno":"6","salary":"1212","pincode":"121213","userid":"Q838nbz89Y6fI0Es1xd1","id":"fYCmOTrZooqdIQdJYiKa"},{"accountno":"TA-1777777","departmentno":"6","salary":"1212","pincode":"121213","userid":"Q838nbz89Y6fI0Es1xd1","id":"HW79INL1hxIZcnCjPiJb"},{"accountno":"TA-1777777","departmentno":"6","salary":"1212","pincode":"121213","userid":"Q838nbz89Y6fI0Es1xd1","id":"Y8Z4GGlC1GBGZu0TxwDO"},{"accountno":"TA-1777777","departmentno":"6","salary":"1212","pincode":"121213","userid":"Q838nbz89Y6fI0Es1xd1","id":"rZ4v1AaxnNhfNCyU4JGd"},{"accountno":"TA-1777777","departmentno":"6","salary":"1212","pincode":"121213","userid":"Q838nbz89Y6fI0Es1xd1","id":"gEdbC3FWEM3ITirfsEne"},{"accountno":"TA-1777777","departmentno":"6","salary":"1212","pincode":"121213","userid":"Q838nbz89Y6fI0Es1xd1","id":"PbiQsfW8iKnzaPENENfW"},{"accountno":"TA-1777777","departmentno":"6","salary":"1212","pincode":"121213","userid":"Q838nbz89Y6fI0Es1xd1","id":"CRXpbUGy3ZD7lzwJDLRL"},{"accountno":"TA-1777777","departmentno":"6","salary":"1212","pincode":"121213","userid":"Q838nbz89Y6fI0Es1xd1","id":"Naba4E8dSqyblhojy4Ur"},{"accountno":"TA-1777777","departmentno":"6","salary":"1212","pincode":"121213","userid":"Q838nbz89Y6fI0Es1xd1","id":"ffHMcHqh0out4IriN0hl"},{"accountno":"TA-1777777","departmentno":"6","salary":"1212","pincode":"121213","userid":"Q838nbz89Y6fI0Es1xd1","id":"UOgi1vo9OsjuH9AeH2Ky"},{"accountno":"TA-1777777","departmentno":"6","salary":"1212","pincode":"121213","userid":"Q838nbz89Y6fI0Es1xd1","id":"ipVjNn0olpb8oRMfXPlr"},{"accountno":"BN-1234535","departmentno":"7","salary":"12190","pincode":"123458","userid":"wvTE1ZsqbgfOMtiFejpq","id":"LfTJeFcK47aH22LMfHko"},{"accountno":"TA-1777777","departmentno":"6","salary":"1212","pincode":"121213","userid":"Q838nbz89Y6fI0Es1xd1","id":"YOvH401lFaIOwz4nyeWS"},{"accountno":"TA-6789975","departmentno":"3","salary":"179463","pincode":"562099","userid":"taGX4XQQfXD3Z76sI1Xn","id":"IjWV3ZC4KhrqmNTwVTs7"},{"accountno":"TA-6789975","departmentno":"3","salary":"179463","pincode":"562099","userid":"taGX4XQQfXD3Z76sI1Xn","id":"XiFav0jHWJ51Hkj5IjAZ"},{"accountno":"TA-1777777","departmentno":"6","salary":"1212","pincode":"121213","userid":"Q838nbz89Y6fI0Es1xd1","id":"H1WUhyZ7tuu69yI9elAO"},{"accountno":"TA-1777777","departmentno":"6","salary":"1212","pincode":"121213","userid":"Q838nbz89Y6fI0Es1xd1","id":"b6mzTgboIBtxDzMkbs0G"},{"accountno":"TA-1777777","departmentno":"6","salary":"1212","pincode":"121213","userid":"Q838nbz89Y6fI0Es1xd1","id":"KJWvzsDT4YZ4tf3waKB8"},{"accountno":"TA-1777777","departmentno":"6","salary":"1212","pincode":"121213","userid":"Q838nbz89Y6fI0Es1xd1","id":"eHIxqQUUEKReHsdZYUJf"},{"accountno":"TA-1777777","departmentno":"6","salary":"1212","pincode":"121213","userid":"Q838nbz89Y6fI0Es1xd1","id":"kLdE9kcRezFJSBL2VAtP"},{"accountno":"TA-1777777","departmentno":"6","salary":"1212","pincode":"121213","userid":"Q838nbz89Y6fI0Es1xd1","id":"rIWVYcW8Oo3YXrdqXjHb"},{"accountno":"TA-1231234","departmentno":"1","salary":"2","pincode":"123456","userid":"gCjQfhtZVJbhuZ6X7VgG","id":"CiJ4AGKa3Xtzts94ejFv"},{"accountno":"TA-1777777","departmentno":"6","salary":"1212","pincode":"121213","userid":"Q838nbz89Y6fI0Es1xd1","id":"O5fMx9Ay7osHPfdMkO4K"},{"accountno":"TA-1777777","departmentno":"6","salary":"1212","pincode":"121213","userid":"Q838nbz89Y6fI0Es1xd1","id":"vhgPe6ILJJec4kMhG0OK"},{"accountno":"TA-1777777","departmentno":"6","salary":"1212","pincode":"121213","userid":"Q838nbz89Y6fI0Es1xd1","id":"WvPAumu0E0kPxioev1Si"},{"accountno":"BN-1234535","departmentno":"7","salary":"12190","pincode":"123458","userid":"wvTE1ZsqbgfOMtiFejpq","id":"NYtcvw0VSQS78XNac6fs"},{"accountno":"TA-1777777","departmentno":"6","salary":"1212","pincode":"121213","userid":"Q838nbz89Y6fI0Es1xd1","id":"vu8W1sHOTiCxoc7gG2gy"},{"accountno":"TA-1777777","departmentno":"6","salary":"1212","pincode":"121213","userid":"Q838nbz89Y6fI0Es1xd1","id":"rIHrZGYb8qhzgN1Ms6Tk"},{"accountno":"TA-1777777","departmentno":"6","salary":"1212","pincode":"121213","userid":"Q838nbz89Y6fI0Es1xd1","id":"cwjKV2E4MQ0WTZYBqdJ6"},{"accountno":"TA-1777777","departmentno":"6","salary":"1212","pincode":"121213","userid":"Q838nbz89Y6fI0Es1xd1","id":"erBLsjEQy4blTJiAhThH"},{"accountno":"TA-1777777","departmentno":"6","salary":"1212","pincode":"121213","userid":"Q838nbz89Y6fI0Es1xd1","id":"l9XC7Al2ZjvInPfmFsMM"},{"accountno":"TA-1777777","departmentno":"6","salary":"1212","pincode":"121213","userid":"Q838nbz89Y6fI0Es1xd1","id":"Bp3BVpNkKDpm9qYruyTq"},{"accountno":"TA-1777777","departmentno":"6","salary":"1212","pincode":"121213","userid":"Q838nbz89Y6fI0Es1xd1","id":"6z0mApvRpu4xOh3lbf7i"},{"accountno":"TA-1777777","departmentno":"6","salary":"1212","pincode":"121213","userid":"Q838nbz89Y6fI0Es1xd1","id":"vgJQp87xylG0fch56RUb"},{"accountno":"TA-1777777","departmentno":"6","salary":"1212","pincode":"121213","userid":"Q838nbz89Y6fI0Es1xd1","id":"wL0tW9pWFK6NOQlLooAL"},{"accountno":"BN-1234535","departmentno":"7","salary":"12190","pincode":"123458","userid":"wvTE1ZsqbgfOMtiFejpq","id":"BQryzLruytDYk3maC1ny"},{"accountno":"TA-1777777","departmentno":"6","salary":"1212","pincode":"121213","userid":"Q838nbz89Y6fI0Es1xd1","id":"JZaDeTgZuAT8paG4ZVw2"},{"accountno":"TA-1777777","departmentno":"6","salary":"1212","pincode":"121213","userid":"Q838nbz89Y6fI0Es1xd1","id":"VLJlnjAwMoKZW85CCMaX"},{"accountno":"DD-444444","departmentno":"6","salary":"666616","pincode":"777777","userid":"df3mJP5SKBSc4FrIFsCC","id":"ZgrYEs49mEOozRvQNJYj"},{"accountno":"TA-1777777","departmentno":"6","salary":"1212","pincode":"121213","userid":"Q838nbz89Y6fI0Es1xd1","id":"zNRfiiBtKemL4w7Zko1u"},{"accountno":"TA-1777777","departmentno":"6","salary":"1212","pincode":"121213","userid":"Q838nbz89Y6fI0Es1xd1","id":"f5g4P7QK3EUNSLWYgbeM"},{"accountno":"TA-1777777","departmentno":"6","salary":"1212","pincode":"121213","userid":"Q838nbz89Y6fI0Es1xd1","id":"giYNX2epCThyJO0j46l1"},{"accountno":"TA-1777777","departmentno":"6","salary":"1212","pincode":"121213","userid":"Q838nbz89Y6fI0Es1xd1","id":"7hFHjLDzaDsFD46IB0kX"},{"accountno":"TA-1777777","departmentno":"6","salary":"1212","pincode":"121213","userid":"Q838nbz89Y6fI0Es1xd1","id":"tjf2uNSZ1KmxywtCRu9q"},{"accountno":"TA-1777777","departmentno":"6","salary":"1212","pincode":"121213","userid":"Q838nbz89Y6fI0Es1xd1","id":"w9L3r8EfIMUYIOa0xFvl"},{"accountno":"TA-1777777","departmentno":"6","salary":"1212","pincode":"121213","userid":"Q838nbz89Y6fI0Es1xd1","id":"1aVULFwc8jsnOe1dZSGf"},{"accountno":"BN-1234535","departmentno":"7","salary":"12190","pincode":"123458","userid":"wvTE1ZsqbgfOMtiFejpq","id":"KvzJVeTQyyBUMQhkNZA8"},{"accountno":"TA-1777777","departmentno":"6","salary":"1212","pincode":"121213","userid":"Q838nbz89Y6fI0Es1xd1","id":"3cBLPHcLoHVdphh6Xq8W"},{"accountno":"TA-1777777","departmentno":"6","salary":"1212","pincode":"121213","userid":"Q838nbz89Y6fI0Es1xd1","id":"pSae3FnRG1aN2e5krxD1"},{"accountno":"TA-1777777","departmentno":"6","salary":"1212","pincode":"121213","userid":"Q838nbz89Y6fI0Es1xd1","id":"T0a5UssZ8ylD5ffVPtm4"},{"accountno":"TA-1777777","departmentno":"6","salary":"1212","pincode":"121213","userid":"Q838nbz89Y6fI0Es1xd1","id":"bj7R6OxHq2lE6PxlfsUi"},{"accountno":"TA-1777777","departmentno":"6","salary":"1212","pincode":"121213","userid":"Q838nbz89Y6fI0Es1xd1","id":"x021vtWVdWuG4aWD9ttF"},{"accountno":"","departmentno":"5","salary":"46656","pincode":"454734","userid":"pbGSCceO3YK5zI6QgXTN","id":"N5oCijx6irpVE7rKCsz2"},{"accountno":"TA-1777777","departmentno":"6","salary":"1212","pincode":"121213","userid":"Q838nbz89Y6fI0Es1xd1","id":"SgKE6RflHOvxnZJbn1Qe"},{"accountno":"TA-1777777","departmentno":"6","salary":"1212","pincode":"121213","userid":"Q838nbz89Y6fI0Es1xd1","id":"gPsWIaPKHPpSubM1c76F"},{"accountno":"TA-SP22222","departmentno":"1","salary":"655","pincode":"654321","userid":"mU6hIQUZQfsauAPg6TXX","id":"WGrIXYwvs7hW0XjNIrC7"},{"accountno":"TA-SP22222","departmentno":"1","salary":"655","pincode":"654321","userid":"mU6hIQUZQfsauAPg6TXX","id":"aywhFHpy32mrDJhIwhka"},{"accountno":"TA-SP22222","departmentno":"1","salary":"655","pincode":"654321","userid":"mU6hIQUZQfsauAPg6TXX","id":"DUuMTUYDZ1NB5JDeohmt"},{"accountno":"TA-1777777","departmentno":"6","salary":"1212","pincode":"121213","userid":"Q838nbz89Y6fI0Es1xd1","id":"66Jwn8lp9W3QAvuhXWkt"},{"accountno":"TA-1777777","departmentno":"6","salary":"1212","pincode":"121213","userid":"Q838nbz89Y6fI0Es1xd1","id":"26PJo4BeuQio3ADWFHTM"},{"accountno":"TA-1777777","departmentno":"6","salary":"1212","pincode":"121213","userid":"Q838nbz89Y6fI0Es1xd1","id":"FKjY7SA5ja5DTp5LT5uT"},{"accountno":"TA-1777777","departmentno":"6","salary":"1212","pincode":"121213","userid":"Q838nbz89Y6fI0Es1xd1","id":"0b02TO2EZ86xETD2KWDs"},{"accountno":"TA-1777777","departmentno":"6","salary":"1212","pincode":"121213","userid":"Q838nbz89Y6fI0Es1xd1","id":"IAEoorsEEmUfnbn8bjCp"},{"accountno":"TA-1777777","departmentno":"6","salary":"1212","pincode":"121213","userid":"Q838nbz89Y6fI0Es1xd1","id":"HtokojuUKyazu3LQBlh4"},{"accountno":"TA-1777777","departmentno":"6","salary":"1212","pincode":"121213","userid":"Q838nbz89Y6fI0Es1xd1","id":"ZbNJBfnDHdMCUkdHTgKA"},{"accountno":"TA-1777777","departmentno":"6","salary":"1212","pincode":"121213","userid":"Q838nbz89Y6fI0Es1xd1","id":"sdHDN4eZ7hnFdAKVXTlr"},{"accountno":"TA-1777777","departmentno":"6","salary":"1212","pincode":"121213","userid":"Q838nbz89Y6fI0Es1xd1","id":"k2nPsDeFXxJA39JzkTJn"},{"accountno":"TA-1777777","departmentno":"6","salary":"1212","pincode":"121213","userid":"Q838nbz89Y6fI0Es1xd1","id":"mopYiA051rp96oc3JZTh"},{"accountno":"TA-1777777","departmentno":"6","salary":"1212","pincode":"121213","userid":"Q838nbz89Y6fI0Es1xd1","id":"BCS2rSmqfN7NVa0eZeH6"},{"accountno":"TA-1777777","departmentno":"6","salary":"1212","pincode":"121213","userid":"Q838nbz89Y6fI0Es1xd1","id":"YRQvtmSeiedEYyZyhJZM"},{"accountno":"TA-7578888","departmentno":"5","salary":"576666","pincode":"475757","userid":"4yFTZrJvMNYNnOGWLX08","id":"YVBqoZPZSf1DagUeCnOR"},{"accountno":"TA-8758857","departmentno":"5","salary":"56665","pincode":"456547","userid":"4yFTZrJvMNYNnOGWLX08","id":"lhhFjsI1JNjTm9za9pUP"},{"accountno":"BN-1234535","departmentno":"7","salary":"12190","pincode":"123458","userid":"wvTE1ZsqbgfOMtiFejpq","id":"AWc7OhaTpHB2TDROR0M2"},{"accountno":"BN-1234535","departmentno":"7","salary":"12190","pincode":"123458","userid":"wvTE1ZsqbgfOMtiFejpq","id":"c5VVF9qQD8lQTrJZpLTy"},{"accountno":"TA-Aug2022","departmentno":"1","salary":"1111","pincode":"123458","userid":"zhFI4oQlHjP2cn3mW3GP","id":"2xBCTBd136mgpzpxB2Yp"},{"accountno":"TA-Aug2022","departmentno":"7","salary":"7777","pincode":"123458","userid":"zhFI4oQlHjP2cn3mW3GP","id":"LJ8C5dvXPrSdIwMSfmt8"},{"accountno":"GC-74563732","departmentno":"007","salary":"77777","pincode":"772134","userid":"31nk6sGTbT6SkjpQmUEj","id":"CK5KZHo3uG29bqQFawPn"},{"accountno":"BN-1234535","departmentno":"7","salary":"12190","pincode":"123458","userid":"wvTE1ZsqbgfOMtiFejpq","id":"7KAzvYMh37n6Yy2nvVp1"},{"accountno":"TA-Aug2022","departmentno":"7","salary":"7777","pincode":"123458","userid":"zhFI4oQlHjP2cn3mW3GP","id":"o39S9LFIUv1PS4w2HvKJ"},{"accountno":"TA-Aug2022","departmentno":"8","salary":"88888","pincode":"123458","userid":"zhFI4oQlHjP2cn3mW3GP","id":"YajKXbK6rQ3usBbtx7Ql"},{"accountno":"TA-Aug2022","departmentno":"9","salary":"99999","pincode":"123458","userid":"zhFI4oQlHjP2cn3mW3GP","id":"6tulFTy4MmPFyvOjkES7"},{"accountno":"BN-1234535","departmentno":"7","salary":"12190","pincode":"123458","userid":"wvTE1ZsqbgfOMtiFejpq","id":"UkcuPZomT9mHG4SaNgRm"},{"accountno":"BN-1234535","departmentno":"7","salary":"12190","pincode":"123458","userid":"wvTE1ZsqbgfOMtiFejpq","id":"APfqk0Tmi1hxh0aXrrvF"},{"accountno":"33452244","departmentno":"4","salary":"6","pincode":"125456","userid":"taGX4XQQfXD3Z76sI1Xn","id":"8yB9eW5aSCzG1LwcSfzc"},{"accountno":"33452244","departmentno":"4","salary":"6","pincode":"125456","userid":"taGX4XQQfXD3Z76sI1Xn","id":"EbnKQVUmBBEJpOj8dUug"},{"accountno":"33452244","departmentno":"4","salary":"6","pincode":"125456","userid":"taGX4XQQfXD3Z76sI1Xn","id":"BinoQQpr9kwSImWAn8X0"},{"accountno":"33452244","departmentno":"4","salary":"6","pincode":"125456","userid":"taGX4XQQfXD3Z76sI1Xn","id":"qsHZMxahus8hWRPIIsQL"},{"accountno":"TA-MAAOCT2022","departmentno":2,"salary":1010,"pincode":111111,"userid":"lkdMZtNGN68KOuyoTHUF","id":"80hDfaDSlAX5CAGhMrb2"},{"accountno":"BN-1234535","departmentno":"7","salary":"12190","pincode":"123458","userid":"wvTE1ZsqbgfOMtiFejpq","id":"jcoUrD3CRU4lHa9HDdCZ"},{"accountno":"BN-1234535","departmentno":"7","salary":"12190","pincode":"123458","userid":"wvTE1ZsqbgfOMtiFejpq","id":"qkFmrPZ0bSwYNaf2wUJA"},{"accountno":"BN-1234535","departmentno":"7","salary":"12190","pincode":"123458","userid":"wvTE1ZsqbgfOMtiFejpq","id":"6HaMQjIqApAhwkpbbfmS"},{"accountno":"BN-1234535","departmentno":"7","salary":"12190","pincode":"123458","userid":"wvTE1ZsqbgfOMtiFejpq","id":"yuRXMOYyUG074QvFgVQ8"},{"accountno":"BN-1234535","departmentno":"7","salary":"12190","pincode":"123458","userid":"wvTE1ZsqbgfOMtiFejpq","id":"ALByKZw0IgYtVPBLvas8"},{"accountno":"SN-AA4567D","departmentno":"9","salary":"8888","pincode":"567432","userid":"v6ZDMRBfI5zsQ4wpV8zp","id":"fbBM24HMIMqebRScY1qX"},{"accountno":"SS-AA4567N","departmentno":9,"salary":8888,"pincode":567432,"userid":"v6ZDMRBfI5zsQ4wpV8zp","id":"HIvpkf5jMp76zYLs9Ybf"},{"accountno":"BN-1234535","departmentno":"7","salary":"12190","pincode":"123458","userid":"wvTE1ZsqbgfOMtiFejpq","id":"askf5JMxM2zkZPGZQLJ4"},{"accountno":"TA-ratnakr","departmentno":"3","salary":"2000","pincode":"945888","userid":"Qd2hw3MawHGfM9jvrUJJ","id":"vjQSEMLUEUdV7uwXnsKv"},{"accountno":"BN-1234535","departmentno":"7","salary":"12190","pincode":"123458","userid":"wvTE1ZsqbgfOMtiFejpq","id":"5K7N1xrK7PiqysDPsx7Z"},{"accountno":"TA-14414413","departmentno":"8","salary":"44444","pincode":"444444","userid":"rssvUaK6eoZlwoYaQ1Tu","id":"3enhsjJllx3XhgO7NOPU"},{"accountno":"BN-1234535","departmentno":"7","salary":"12190","pincode":"123458","userid":"wvTE1ZsqbgfOMtiFejpq","id":"FXIpYf0BXqBSK53J4Gi8"},{"accountno":"TA-1777777","departmentno":"6","salary":"1212","pincode":"121213","userid":"Q838nbz89Y6fI0Es1xd1","id":"2aVcWBIgWGl4azPlFNIF"},{"accountno":"TA-1777777","departmentno":"6","salary":"1212","pincode":"121213","userid":"Q838nbz89Y6fI0Es1xd1","id":"29Eqxeh5sSkFP3RGOzRX"},{"accountno":"TA-1777777","departmentno":"6","salary":"1212","pincode":"121213","userid":"Q838nbz89Y6fI0Es1xd1","id":"VAjMVBnHRCYDg4h7omTw"},{"accountno":"TA-1777777","departmentno":"6","salary":"1212","pincode":"121213","userid":"Q838nbz89Y6fI0Es1xd1","id":"MVUoFUv2hbqtiXhByCPx"},{"accountno":"TA-1777777","departmentno":"6","salary":"1212","pincode":"121213","userid":"Q838nbz89Y6fI0Es1xd1","id":"gbnSsh5HO3LK0dIUdQag"},{"accountno":"TA-1777777","departmentno":"6","salary":"1212","pincode":"121213","userid":"Q838nbz89Y6fI0Es1xd1","id":"TpX1tghnLgDAZ5KVDWjC"},{"accountno":"TA-1777777","departmentno":"6","salary":"1212","pincode":"121213","userid":"Q838nbz89Y6fI0Es1xd1","id":"eaKbvWSk1Ia4QuVMqIzc"},{"accountno":"TA-1777777","departmentno":"6","salary":"1212","pincode":"121213","userid":"Q838nbz89Y6fI0Es1xd1","id":"HvzQH3yIUPrfAVm5c1zh"},{"accountno":"TA-1777777","departmentno":"6","salary":"1212","pincode":"121213","userid":"Q838nbz89Y6fI0Es1xd1","id":"iSnNEZVKkzwZztAevrUg"},{"accountno":"TA-1777777","departmentno":"6","salary":"1212","pincode":"121213","userid":"Q838nbz89Y6fI0Es1xd1","id":"Nl9aF6Popq2UXkltUd4t"},{"accountno":"TA-1777777","departmentno":"6","salary":"1212","pincode":"121213","userid":"Q838nbz89Y6fI0Es1xd1","id":"9Ktxc5Qx6eIbpvd7Uvcd"},{"accountno":"TA-1777777","departmentno":"6","salary":"1212","pincode":"121213","userid":"Q838nbz89Y6fI0Es1xd1","id":"BrhfGs6hV74dUci85YLu"},{"accountno":"BN-1234535","departmentno":"7","salary":"12190","pincode":"123458","userid":"wvTE1ZsqbgfOMtiFejpq","id":"TVuzaCpKgGUReUvnAAqV"},{"accountno":"TA-1777777","departmentno":"6","salary":"1212","pincode":"121213","userid":"Q838nbz89Y6fI0Es1xd1","id":"Z2hObTCSDh24uv9ZqKKe"},{"accountno":"TA-1777777","departmentno":"6","salary":"1212","pincode":"121213","userid":"Q838nbz89Y6fI0Es1xd1","id":"xt7ZOxz4pr2GGnDilt1R"},{"accountno":"TA-1777777","departmentno":"6","salary":"1212","pincode":"121213","userid":"Q838nbz89Y6fI0Es1xd1","id":"isGz8oq92YuHajd0hR41"},{"accountno":"TA-1777777","departmentno":"6","salary":"1212","pincode":"121213","userid":"Q838nbz89Y6fI0Es1xd1","id":"VPmuhttZKL4dy0Kxkmjp"},{"accountno":"TA-1777777","departmentno":"6","salary":"1212","pincode":"121213","userid":"Q838nbz89Y6fI0Es1xd1","id":"AxePI5YqYCBGksK3MFjV"},{"accountno":"KV-AA4567EE","departmentno":9,"salary":8888,"pincode":567432,"userid":"v6ZDMRBfI5zsQ4wpV8zp","id":"1Z8ZObftUtEfZZDBHiBH"},{"accountno":"KV-AA4567C","departmentno":"9","salary":"8888","pincode":"567432","userid":"v6ZDMRBfI5zsQ4wpV8zp","id":"no5H9819nuBZ7zjtZrfg"},{"accountno":"KV-AA4567C","departmentno":"9","salary":"8888","pincode":"567432","userid":"v6ZDMRBfI5zsQ4wpV8zp","id":"QyP0t5kaqrfPA8AYQzPg"},{"accountno":"TA-1777777","departmentno":"6","salary":"1212","pincode":"121213","userid":"Q838nbz89Y6fI0Es1xd1","id":"4NQe8JvKrIHhLSbJqp4e"},{"accountno":"TA-1777777","departmentno":"6","salary":"1212","pincode":"121213","userid":"Q838nbz89Y6fI0Es1xd1","id":"wwBl3nO4AmR1Eg4qkuVi"},{"accountno":"TA-1777777","departmentno":"6","salary":"1212","pincode":"121213","userid":"Q838nbz89Y6fI0Es1xd1","id":"Rt9vsCy4FWX5Zwxl3GFR"},{"accountno":"TA-1777777","departmentno":"6","salary":"1212","pincode":"121213","userid":"Q838nbz89Y6fI0Es1xd1","id":"MHc9h9EZUJx19n7cq8er"},{"accountno":"TA-1777777","departmentno":"6","salary":"1212","pincode":"121213","userid":"Q838nbz89Y6fI0Es1xd1","id":"nKfTBtbD72LXxpIKLrsB"},{"accountno":"TA-1777777","departmentno":"6","salary":"1212","pincode":"121213","userid":"Q838nbz89Y6fI0Es1xd1","id":"UNSPZHaUwXfSt2tjn788"},{"accountno":"TA-1777777","departmentno":"6","salary":"1212","pincode":"121213","userid":"Q838nbz89Y6fI0Es1xd1","id":"4qaE9BEcfEOKhqiOzg1y"},{"accountno":"TA-1777777","departmentno":"6","salary":"1212","pincode":"121213","userid":"Q838nbz89Y6fI0Es1xd1","id":"wz7OGBhyqaz4eDLM2bvK"},{"accountno":"BN-1234535","departmentno":"7","salary":"12190","pincode":"123458","userid":"wvTE1ZsqbgfOMtiFejpq","id":"6XT8GqNJRN9E0dJDlv1C"},{"accountno":"TA-1777777","departmentno":"6","salary":"1212","pincode":"121213","userid":"Q838nbz89Y6fI0Es1xd1","id":"JbK1we22v47xaQyNzfMm"},{"accountno":"TA-1777777","departmentno":"6","salary":"1212","pincode":"121213","userid":"Q838nbz89Y6fI0Es1xd1","id":"wgLpZWC84zKvRHEY99vA"},{"accountno":"TA-1777777","departmentno":"6","salary":"1212","pincode":"121213","userid":"Q838nbz89Y6fI0Es1xd1","id":"crqazHN9AKMwnPre67aR"},{"accountno":"TA-1777777","departmentno":"6","salary":"1212","pincode":"121213","userid":"Q838nbz89Y6fI0Es1xd1","id":"WdFT0HlbDaJRbrDNVYKA"},{"accountno":"TA-1777777","departmentno":"6","salary":"1212","pincode":"121213","userid":"Q838nbz89Y6fI0Es1xd1","id":"PtoORjxo7BfsNtXsD3ep"},{"accountno":"TA-1777777","departmentno":"6","salary":"1212","pincode":"121213","userid":"Q838nbz89Y6fI0Es1xd1","id":"14O9NFbHqPbi5yYIx2Q7"},{"accountno":"TA-1777777","departmentno":"6","salary":"1212","pincode":"121213","userid":"Q838nbz89Y6fI0Es1xd1","id":"Biz1BfLv0QkZix2U4rLS"},{"accountno":"TA-1777777","departmentno":"6","salary":"1212","pincode":"121213","userid":"Q838nbz89Y6fI0Es1xd1","id":"xQfs1uZA6fb8c5RKhZPF"},{"accountno":"TA-1777777","departmentno":"6","salary":"1212","pincode":"121213","userid":"Q838nbz89Y6fI0Es1xd1","id":"Wz6SdCIMroCf5PVUM3dQ"},{"accountno":"TA-1777777","departmentno":"6","salary":"1212","pincode":"121213","userid":"Q838nbz89Y6fI0Es1xd1","id":"n0VQMhQBbgxDuxIJIWfA"},{"accountno":"TA-1777777","departmentno":"6","salary":"1212","pincode":"121213","userid":"Q838nbz89Y6fI0Es1xd1","id":"vKAoHhZY8HOEkrePTiEU"},{"accountno":"TA-1777777","departmentno":"6","salary":"1212","pincode":"121213","userid":"Q838nbz89Y6fI0Es1xd1","id":"jz18sN21EwvpTCa2zu4E"},{"accountno":"TA-1777777","departmentno":"6","salary":"1212","pincode":"121213","userid":"Q838nbz89Y6fI0Es1xd1","id":"CKa0flqepd6oGazqHVpf"},{"accountno":"TA-1777777","departmentno":"6","salary":"1212","pincode":"121213","userid":"Q838nbz89Y6fI0Es1xd1","id":"7XxHmj67O9oZ2B0l5rA5"},{"accountno":"TA-1777777","departmentno":"6","salary":"1212","pincode":"121213","userid":"Q838nbz89Y6fI0Es1xd1","id":"GYVhZj42yXLn9sZpCAvG"},{"accountno":"TA-1777777","departmentno":"6","salary":"1212","pincode":"121213","userid":"Q838nbz89Y6fI0Es1xd1","id":"Ypwcl6jcHw40DQ0KjboT"},{"accountno":"TA-1234565","departmentno":"4","salary":"2344","pincode":"567890","userid":"PdA0aL70CLvbT74ZYZT7","id":"7z9SEr3s6mifITHgy2L2"},{"accountno":"TA-111111","departmentno":"10","salary":"12234","pincode":"12333","userid":"wNDxs1ExN1RSc9iSxnrD","id":"fNJAvw8vpLTjC0avXwQe"},{"accountno":"TA-111111","departmentno":"10","salary":"12234","pincode":"12333","userid":"wNDxs1ExN1RSc9iSxnrD","id":"HfLgnQPTgztfikFqoRPj"},{"accountno":"TA-111112321","departmentno":"10","salary":"12345","pincode":"123456","userid":"yj4lLufi6vTtJtT0MKL8","id":"dNMaebrYnyCsJHuPErQv"},{"accountno":"TA-111111","departmentno":"10","salary":"12234","pincode":"12333","userid":"wNDxs1ExN1RSc9iSxnrD","id":"1319fGtvVFHlFvSnz3Bp"},{"accountno":"TA-1777777","departmentno":"6","salary":"1212","pincode":"121213","userid":"Q838nbz89Y6fI0Es1xd1","id":"dbKLVKh7Rguq2pmEO17K"},{"accountno":"TA-1777777","departmentno":"6","salary":"1212","pincode":"121213","userid":"Q838nbz89Y6fI0Es1xd1","id":"3aWpjnVpl9pTKpuL8iZ2"},{"accountno":"TA-1777777","departmentno":"6","salary":"1212","pincode":"121213","userid":"Q838nbz89Y6fI0Es1xd1","id":"skhcXGaCZXT2v08oRFQH"},{"accountno":"TA-1777777","departmentno":"6","salary":"1212","pincode":"121213","userid":"Q838nbz89Y6fI0Es1xd1","id":"9R8eN02TYLhrUkqb9RwN"},{"accountno":"TA-1777777","departmentno":"6","salary":"1212","pincode":"121213","userid":"Q838nbz89Y6fI0Es1xd1","id":"VdBY48n0hAy512qXisEq"},{"accountno":"TA-1777777","departmentno":"6","salary":"1212","pincode":"121213","userid":"Q838nbz89Y6fI0Es1xd1","id":"zRwEI7XhpvbUPJEweUOe"},{"accountno":"TA-1777777","departmentno":"6","salary":"1212","pincode":"121213","userid":"Q838nbz89Y6fI0Es1xd1","id":"ubvT9qFEzxMF6v08wPB0"},{"accountno":"TA-1777777","departmentno":"6","salary":"1212","pincode":"121213","userid":"Q838nbz89Y6fI0Es1xd1","id":"jSqfoNcc6VwaZM33pF0x"},{"accountno":"TA-1212121","departmentno":"2","salary":"2000","pincode":"123456","userid":"gCjQfhtZVJbhuZ6X7VgG","id":"SCAmK2AlrkfPfXqLPBFH"},{"accountno":"TA-1777777","departmentno":"6","salary":"1212","pincode":"121213","userid":"Q838nbz89Y6fI0Es1xd1","id":"YGYK7dMQKO2F0MB3QRQT"},{"accountno":"Delete_2020","departmentno":1,"salary":1000,"pincode":"100000","userid":"zwnVZyE1SBMYUL7p1CCp","id":"ZI4pARA3TmrUXEsNnhC3"},{"accountno":"Delete_2020","departmentno":1,"salary":"1000","pincode":"100000","userid":"zwnVZyE1SBMYUL7p1CCp","id":"XKlikgU8MZr86zmu6Q9Q"},{"accountno":"TA-1777777","departmentno":"6","salary":"1212","pincode":"121213","userid":"Q838nbz89Y6fI0Es1xd1","id":"MA6Y6CKEirAtG2qRYj5G"},{"accountno":"TA-1777777","departmentno":"6","salary":"1212","pincode":"121213","userid":"Q838nbz89Y6fI0Es1xd1","id":"MRoKTm9wmtZuXPGYrun9"},{"accountno":"TA-1777777","departmentno":"6","salary":"1212","pincode":"121213","userid":"Q838nbz89Y6fI0Es1xd1","id":"q79xDxqL5UB2x0t9OEg3"},{"accountno":"TA-1777777","departmentno":"6","salary":"1212","pincode":"121213","userid":"Q838nbz89Y6fI0Es1xd1","id":"57jEVssGeDkVvFm9aOWv"},{"accountno":"TA-1777777","departmentno":"6","salary":"1212","pincode":"121213","userid":"Q838nbz89Y6fI0Es1xd1","id":"Tl1q3Q33SAqingl5oL0b"},{"accountno":"TA-1777777","departmentno":"6","salary":"1212","pincode":"121213","userid":"Q838nbz89Y6fI0Es1xd1","id":"DcIB8Z7g2wQMYvt6CO2z"},{"accountno":"TA-1777777","departmentno":"6","salary":"1212","pincode":"121213","userid":"Q838nbz89Y6fI0Es1xd1","id":"camsSxP2zzE2txsxdX2k"},{"accountno":"TA-1777777","departmentno":"6","salary":"1212","pincode":"121213","userid":"Q838nbz89Y6fI0Es1xd1","id":"LwuActZkGkF2GijEfmv8"},{"accountno":"TA-1777777","departmentno":"6","salary":"1212","pincode":"121213","userid":"Q838nbz89Y6fI0Es1xd1","id":"Xwfc4BDXmEiLFz2BlrqJ"},{"accountno":"TA-ratnakr","departmentno":"3","salary":"2000","pincode":"945888","userid":"Qd2hw3MawHGfM9jvrUJJ","id":"MYsML0nInZnxjCWe6yZC"},{"accountno":"TA-ratnakr","departmentno":"3","salary":"2000","pincode":"945888","userid":"Qd2hw3MawHGfM9jvrUJJ","id":"eqz9MEEFIh4Is2sC8cz3"},{"accountno":"TA-ratnakr","departmentno":"3","salary":"2000","pincode":"945888","userid":"Qd2hw3MawHGfM9jvrUJJ","id":"3t4hQQqRb56IkbHwBZVh"},{"accountno":"TA-ratnakr","departmentno":"3","salary":"2000","pincode":"945888","userid":"Qd2hw3MawHGfM9jvrUJJ","id":"UigFBJOCChsaONUvIOP3"},{"accountno":"TA-ratnakr","departmentno":"3","salary":"2000","pincode":"945888","userid":"Qd2hw3MawHGfM9jvrUJJ","id":"KhSGUN0CwjLVLZDQd8TY"},{"accountno":"TA-ratnakr","departmentno":"3","salary":"2000","pincode":"945888","userid":"Qd2hw3MawHGfM9jvrUJJ","id":"eS5d6c9pbnoD5AmDxe0o"},{"accountno":"TA-ratnakr","departmentno":"3","salary":"2000","pincode":"945888","userid":"Qd2hw3MawHGfM9jvrUJJ","id":"vzqR8AUiVV2lYkbt5OiP"},{"accountno":"TA-ratnakr","departmentno":"3","salary":"2000","pincode":"945888","userid":"Qd2hw3MawHGfM9jvrUJJ","id":"ICwVQs56j9FQhkFDiByP"},{"accountno":"TA-ratnakr","departmentno":"3","salary":"2000","pincode":"945888","userid":"Qd2hw3MawHGfM9jvrUJJ","id":"ShR2ntKCSSFDsgESABpt"},{"accountno":"TA-ratnakr","departmentno":"3","salary":"2000","pincode":"945888","userid":"Qd2hw3MawHGfM9jvrUJJ","id":"0uWHUnZWj4iH1rfFnk5d"},{"accountno":"TA-ratnakr","departmentno":"3","salary":"2000","pincode":"945888","userid":"Qd2hw3MawHGfM9jvrUJJ","id":"nUm8uT1aACcsrNAEv1qO"},{"accountno":"TA-ratnakr","departmentno":"3","salary":"2000","pincode":"945888","userid":"Qd2hw3MawHGfM9jvrUJJ","id":"DYZsTKTHHKP3GQjimTxG"},{"accountno":"TA-ratnakr","departmentno":"3","salary":"2000","pincode":"945888","userid":"Qd2hw3MawHGfM9jvrUJJ","id":"OF3EiaLN15Q6VJLsV2WE"},{"accountno":"TA-ratnakr","departmentno":"3","salary":"2000","pincode":"945888","userid":"Qd2hw3MawHGfM9jvrUJJ","id":"4I4AYtVAPuTvQM68wV1M"},{"accountno":"TA-ratnakr","departmentno":"3","salary":"2000","pincode":"945888","userid":"Qd2hw3MawHGfM9jvrUJJ","id":"RnXVlQ6czPwNkov5MuzI"},{"accountno":"TA-1777777","departmentno":"6","salary":"1212","pincode":"121213","userid":"Q838nbz89Y6fI0Es1xd1","id":"0wcPMXNAbkZO6hIqZhvG"},{"accountno":"TA-3333333","departmentno":"5","salary":"4567","pincode":"567324","userid":"Qd2hw3MawHGfM9jvrUJJ","id":"2NvqTT02YQ0vIH4tgfKZ"},{"accountno":"TA-3333333","departmentno":"5","salary":"4567","pincode":"567324","userid":"Qd2hw3MawHGfM9jvrUJJ","id":"mK94i7R0ypt1kGlLlvMg"},{"accountno":"TA-3333333","departmentno":"5","salary":"4567","pincode":"567324","userid":"Qd2hw3MawHGfM9jvrUJJ","id":"ECkBBDFTLtFrTOQ1vMFw"},{"accountno":"TA-ratnakb","departmentno":"3","salary":"5675","pincode":"945888","userid":"Qd2hw3MawHGfM9jvrUJJ","id":"WH2aBc52KtNguHzotCMC"},{"accountno":"TA-ratnakb","departmentno":"3","salary":"5675","pincode":"945888","userid":"Qd2hw3MawHGfM9jvrUJJ","id":"KUmCUzblsKyK6fUCVFnz"},{"accountno":"TA-ratnakr","departmentno":"3","salary":"2000","pincode":"945888","userid":"Qd2hw3MawHGfM9jvrUJJ","id":"eVwBKwK9FY5OSJErxzF7"},{"accountno":"TA-ratnakr","departmentno":"3","salary":"2000","pincode":"945888","userid":"Qd2hw3MawHGfM9jvrUJJ","id":"qgzQIOyAjGwQZ09Qypcc"},{"accountno":"TA-ratnakr","departmentno":"3","salary":"2000","pincode":"945888","userid":"Qd2hw3MawHGfM9jvrUJJ","id":"PgfrGNmf8RhYEXt71qav"},{"accountno":"TA-ratnakr","departmentno":"3","salary":"2000","pincode":"945888","userid":"Qd2hw3MawHGfM9jvrUJJ","id":"bWoypSaOkIi8CeuXvihM"},{"accountno":"TA-ratnakr","departmentno":"3","salary":"2000","pincode":"945888","userid":"Qd2hw3MawHGfM9jvrUJJ","id":"dwIgncXNXmJywpMIeclF"},{"accountno":"TA-ratnakr","departmentno":"3","salary":"2000","pincode":"945888","userid":"Qd2hw3MawHGfM9jvrUJJ","id":"aj9BoHqJMgHYktF9yaT4"},{"accountno":"TA-ratnakz","departmentno":"3","salary":"5675","pincode":"945888","userid":"Qd2hw3MawHGfM9jvrUJJ","id":"WIR2HUXq7SnxJGoiB6K6"},{"accountno":"TA-ratnakr","departmentno":"3","salary":"2000","pincode":"945888","userid":"Qd2hw3MawHGfM9jvrUJJ","id":"O4q0RBJhzSllrMvCzVrg"},{"accountno":"TA-ratnakr","departmentno":"3","salary":"2000","pincode":"945888","userid":"Qd2hw3MawHGfM9jvrUJJ","id":"Jni600pH9kb4ESNxtbAq"},{"accountno":"BN-1234535","departmentno":"7","salary":"12190","pincode":"123458","userid":"wvTE1ZsqbgfOMtiFejpq","id":"u0sbrTIJT9kfxnPwbqF7"},{"accountno":"TA-1777777","departmentno":"6","salary":"1212","pincode":"121213","userid":"Q838nbz89Y6fI0Es1xd1","id":"wTPkNPpC5z7cB1ygeRyZ"},{"accountno":"TA-1777777","departmentno":"6","salary":"1212","pincode":"121213","userid":"Q838nbz89Y6fI0Es1xd1","id":"ehrm8MAE49fFlCQf27lH"},{"accountno":"TA-1777777","departmentno":"6","salary":"1212","pincode":"121213","userid":"Q838nbz89Y6fI0Es1xd1","id":"EUT1RveJoMhSZVziqDwl"},{"accountno":"TA-1777777","departmentno":"6","salary":"1212","pincode":"121213","userid":"Q838nbz89Y6fI0Es1xd1","id":"VtDV583QIJrYCuGY3Da2"},{"accountno":"USH-1234412","departmentno":"1","salary":"200000","pincode":"772134","userid":"qsAvy2acR3CH9AtEoVXA","id":"XKW8VbCTexKQjxVCvO0N"},{"accountno":"USH-1234412","departmentno":"1","salary":"200000","pincode":"772134","userid":"qsAvy2acR3CH9AtEoVXA","id":"nux41eVVkiqV3wtEjc5M"},{"accountno":"USH-1234412","departmentno":"1","salary":"200000","pincode":"772134","userid":"qsAvy2acR3CH9AtEoVXA","id":"yX8W6GXWZBy28fJpZurH"},{"accountno":"TA-1777777","departmentno":"6","salary":"1212","pincode":"121213","userid":"Q838nbz89Y6fI0Es1xd1","id":"NQuG6T47KBUMBazdbPFz"},{"accountno":"TA-1777777","departmentno":"6","salary":"1212","pincode":"121213","userid":"Q838nbz89Y6fI0Es1xd1","id":"imU5A8gC9UxwILZpi2ng"},{"accountno":"TA-1777777","departmentno":"6","salary":"1212","pincode":"121213","userid":"Q838nbz89Y6fI0Es1xd1","id":"fH2vJldnZ1R8wButbCVg"},{"accountno":"TA-1777777","departmentno":"6","salary":"1212","pincode":"121213","userid":"Q838nbz89Y6fI0Es1xd1","id":"YIAlDHWYbo18eOGHIUxy"},{"accountno":"AB-4565999","departmentno":"5","salary":"46656","pincode":"454734","userid":"pbGSCceO3YK5zI6QgXTN","id":"Q3LBLmfrQO0I0sFAJTXv"},{"accountno":"TA-ratnakr","departmentno":"3","salary":"2000","pincode":"945888","userid":"Qd2hw3MawHGfM9jvrUJJ","id":"MotaKC75nJVXRR6nqzEj"},{"accountno":"TA-ratnakr","departmentno":"3","salary":"2000","pincode":"945888","userid":"Qd2hw3MawHGfM9jvrUJJ","id":"Kasrne53Ko24UVd4l1bG"},{"accountno":"TA-ratnakr","departmentno":"3","salary":"2000","pincode":"945888","userid":"Qd2hw3MawHGfM9jvrUJJ","id":"YS5SfG6yLEWz03fukbpL"},{"accountno":"TA-1212121","departmentno":"2","salary":"2000","pincode":"123456","userid":"gCjQfhtZVJbhuZ6X7VgG","id":"9sBJ8Yo4jHdW1zfVEkUa"},{"accountno":"PG-888888","departmentno":"8888","salary":"888","pincode":"88888","userid":"uoS10JM6F4pybIMNlkEj","id":"0Kv05J1U4lMs8W8rLKSQ"},{"accountno":"TA-1212121","departmentno":"2","salary":"2000","pincode":"123456","userid":"gCjQfhtZVJbhuZ6X7VgG","id":"E1nCezt95LCxIkOKgLwq"},{"accountno":"TA-1231234","departmentno":"1","salary":"2","pincode":"123456","userid":"gCjQfhtZVJbhuZ6X7VgG","id":"c5x925MKYWAx45ndfOa8"},{"accountno":"TA-1231234","departmentno":"1","salary":"2","pincode":"123456","userid":"gCjQfhtZVJbhuZ6X7VgG","id":"SfZHJs8CqaEYHry9AaHS"},{"accountno":"TA-1231234","departmentno":"1","salary":"2","pincode":"123456","userid":"gCjQfhtZVJbhuZ6X7VgG","id":"zZaBOzF5RANTebpI2cer"},{"accountno":"TA-111111","departmentno":"10","salary":"12345","pincode":"123456","userid":"yj4lLufi6vTtJtT0MKL8","id":"0woN2wNSLiNfNCKHTYvX"},{"accountno":"TA-111111","departmentno":"10","salary":"12345","pincode":"123456","userid":"yj4lLufi6vTtJtT0MKL8","id":"peDxaQpYsjW0GHE0xrZU"},{"accountno":"TA-1777777","departmentno":"6","salary":"1212","pincode":"121213","userid":"Q838nbz89Y6fI0Es1xd1","id":"9RUC5xaPKfHFjM7ydiQ9"},{"accountno":"TA-1777777","departmentno":"6","salary":"1212","pincode":"121213","userid":"Q838nbz89Y6fI0Es1xd1","id":"ms6mRFeXGgrNjXLSHcES"},{"accountno":"TA-1777777","departmentno":"6","salary":"1212","pincode":"121213","userid":"Q838nbz89Y6fI0Es1xd1","id":"wpoKANexW5tDZdSKtMpJ"},{"accountno":"TA-1777777","departmentno":"6","salary":"1212","pincode":"121213","userid":"Q838nbz89Y6fI0Es1xd1","id":"fjBCtHluMZmNfnTYcWlW"},{"accountno":"BN-1234535","departmentno":"7","salary":"12190","pincode":"123458","userid":"wvTE1ZsqbgfOMtiFejpq","id":"8MyLk1jUH5HQ34uTFBJp"},{"accountno":"TA-1777777","departmentno":"6","salary":"1212","pincode":"121213","userid":"Q838nbz89Y6fI0Es1xd1","id":"Ngy9tnzUPHCHCKGcuMs8"},{"accountno":"TA-1777777","departmentno":"6","salary":"1212","pincode":"121213","userid":"Q838nbz89Y6fI0Es1xd1","id":"sUlX9cALPJl4mG5as51H"},{"accountno":"TA-1212121","departmentno":"2","salary":"2000","pincode":"123456","userid":"gCjQfhtZVJbhuZ6X7VgG","id":"Eim0Bj2VtHak656UI5ja"},{"accountno":"TA-1777777","departmentno":"6","salary":"1212","pincode":"121213","userid":"Q838nbz89Y6fI0Es1xd1","id":"EY7OnURs4m4osqutEly0"},{"accountno":"TA-1777777","departmentno":"6","salary":"1212","pincode":"121213","userid":"Q838nbz89Y6fI0Es1xd1","id":"1WTjHvTDfcfJMnAvLvuH"},{"accountno":"TA-1777777","departmentno":"6","salary":"1212","pincode":"121213","userid":"Q838nbz89Y6fI0Es1xd1","id":"hqmjW1I8KvzFZzQ0QD3D"},{"accountno":"AB-4565999","departmentno":"5","salary":"46656","pincode":"454734","userid":"pbGSCceO3YK5zI6QgXTN","id":"fRwp8XWLPl2vUYGaizE4"},{"accountno":"TA-1777777","departmentno":"6","salary":"1212","pincode":"121213","userid":"Q838nbz89Y6fI0Es1xd1","id":"D0WFxZyIRmJB0XQz7fg1"},{"accountno":"PG-888888","departmentno":"8888","salary":"888","pincode":"88888","userid":"uoS10JM6F4pybIMNlkEj","id":"lhrRJkVwrRx8pY1IDB9i"},{"accountno":"TA-1777777","departmentno":"6","salary":"1212","pincode":"121213","userid":"Q838nbz89Y6fI0Es1xd1","id":"FQRMn8hroW3D60sZG85L"},{"accountno":"PG-888888","departmentno":"8888","salary":"888","pincode":"88888","userid":"uoS10JM6F4pybIMNlkEj","id":"Wdmp1nTbYeIfwaw3Z78W"},{"accountno":"TA-1777777","departmentno":"6","salary":"1212","pincode":"121213","userid":"Q838nbz89Y6fI0Es1xd1","id":"OZggbR3Kci7fHDDtNyJk"},{"accountno":"KM-123456","departmentno":"5","salary":"6666","pincode":"345231","userid":"ZxNRcGXBjrBzO5sSXoZw","id":"Oq2utXO1mo2L9sS0HaeO"},{"accountno":"TA-1777777","departmentno":"6","salary":"1212","pincode":"121213","userid":"Q838nbz89Y6fI0Es1xd1","id":"R4X7ARTQuyEMqzVmIgn5"},{"accountno":"Nora","departmentno":"4","salary":"2322","pincode":"647837","userid":"4yFTZrJvMNYNnOGWLX08","id":"bZm28uV9AMFnU8q0cg1l"},{"accountno":"TA-liz","departmentno":"5","salary":"11000","pincode":"359667","userid":"4yFTZrJvMNYNnOGWLX08","id":"d0tThha0DjzeMBG3IR0g"},{"accountno":"Nora","departmentno":"4","salary":"2322","pincode":"647837","userid":"4yFTZrJvMNYNnOGWLX08","id":"090XMHCWomh7IyTsXMjL"},{"accountno":"TA-liz","departmentno":"5","salary":"11000","pincode":"359667","userid":"4yFTZrJvMNYNnOGWLX08","id":"39KAksmUQqwWbWaRgCUi"},{"accountno":"TA-1777777","departmentno":"6","salary":"1212","pincode":"121213","userid":"Q838nbz89Y6fI0Es1xd1","id":"3gdXFosfTovJx2n7W9al"},{"accountno":"TA-1777777","departmentno":"6","salary":"1212","pincode":"121213","userid":"Q838nbz89Y6fI0Es1xd1","id":"p3QNAP22aAlWfW13XpBY"},{"accountno":"TA-1777777","departmentno":"6","salary":"1212","pincode":"121213","userid":"Q838nbz89Y6fI0Es1xd1","id":"8xYFAL2iQX0frsukigZN"},{"accountno":"PD-888888","departmentno":"888888","salary":"8888","pincode":"585858","userid":"uoS10JM6F4pybIMNlkEj","id":"BYvcINLJUAvtpvm2ZhuZ"},{"accountno":"TA-1777777","departmentno":"6","salary":"1212","pincode":"121213","userid":"Q838nbz89Y6fI0Es1xd1","id":"G5ScVFUYkSsrNY1oHfoC"},{"accountno":"BN-1234535","departmentno":"7","salary":"12190","pincode":"123458","userid":"wvTE1ZsqbgfOMtiFejpq","id":"pSV0v6hsxl3xrc24ZkRJ"},{"accountno":"4658","departmentno":"4","salary":"4","pincode":"677854","userid":"uoS10JM6F4pybIMNlkEj","id":"kmsRSPQImzvevUcwMs4Q"},{"accountno":"TA-1212121","departmentno":"2","salary":"2000","pincode":"123456","userid":"gCjQfhtZVJbhuZ6X7VgG","id":"zVls21fdlNnWXT0rpcIB"},{"accountno":"TA-1212121","departmentno":"2","salary":"2000","pincode":"123456","userid":"gCjQfhtZVJbhuZ6X7VgG","id":"J6xI3yEgm0xpcXljOKXe"},{"accountno":"TA-1777777","departmentno":"6","salary":"1212","pincode":"121213","userid":"Q838nbz89Y6fI0Es1xd1","id":"36EgXQpgm6Wlj7LuKZAH"},{"accountno":"TA-5555555","departmentno":"5","salary":"500","pincode":"598555","userid":"uoS10JM6F4pybIMNlkEj","id":"oW48PUWt2Wt4WTe4gOBa"},{"accountno":"TA-1777777","departmentno":"6","salary":"1212","pincode":"121213","userid":"Q838nbz89Y6fI0Es1xd1","id":"hb5u0Ri51srCWlAuCmHH"},{"accountno":"TA-1212020","departmentno":"1","salary":" ","pincode":"2","userid":"oqMOSzlPA8WB6RX8Gw2Z","id":"kI20vgu2rLoVgh9ufQro"},{"accountno":"TA-000000","departmentno":"1","salary":"1000","pincode":"222222","userid":"oqMOSzlPA8WB6RX8Gw2Z","id":"VWD4KpAgTh25mYmyhODc"},{"accountno":"TA-1233324","departmentno":"1","salary":"","pincode":"222222","userid":"oqMOSzlPA8WB6RX8Gw2Z","id":"4q20doVZlVMzJ7h9ewP7"},{"accountno":"TA-1233324","departmentno":"1","salary":"1000","pincode":"222222","userid":"oqMOSzlPA8WB6RX8Gw2Z","id":"CctMI5A32Z5phBgLbC8X"},{"accountno":"TA-111111","departmentno":"u","salary":"1000","pincode":"1","userid":"oqMOSzlPA8WB6RX8Gw2Z","id":"9Xt1gpZJXSh83PEFPyNv"},{"accountno":"TA-111111","departmentno":"u","salary":"1000","pincode":"222222","userid":"oqMOSzlPA8WB6RX8Gw2Z","id":"ZkQA5mFLWEMRx7eaNl1K"},{"accountno":"TA-111","departmentno":"1","salary":"1000","pincode":"222222","userid":"oqMOSzlPA8WB6RX8Gw2Z","id":"99gHEOz8WrNPtnQOBXUu"},{"accountno":"TA-1232324","departmentno":"1","salary":"1000","pincode":"222222","userid":"oqMOSzlPA8WB6RX8Gw2Z","id":"1eQj243GDgyJsgvcKb64"},{"accountno":"TA-1777777","departmentno":"6","salary":"1212","pincode":"121213","userid":"Q838nbz89Y6fI0Es1xd1","id":"5Rf7xojQNA7FnpV5N0gI"},{"accountno":"TA-1233324","departmentno":"1","salary":"1000","pincode":"222222","userid":"oqMOSzlPA8WB6RX8Gw2Z","id":"lvFbLraJcGG7kPJVCJCV"},{"accountno":"TA-5555555","departmentno":"5","salary":"500","pincode":"598555","userid":"uoS10JM6F4pybIMNlkEj","id":"unEUncWqVf8Jes0BaSWV"},{"accountno":"TA-1777777","departmentno":"6","salary":"1212","pincode":"121213","userid":"Q838nbz89Y6fI0Es1xd1","id":"iz51PMnk5njkwTGba8mf"},{"accountno":"TA-1777777","departmentno":"6","salary":"1212","pincode":"121213","userid":"Q838nbz89Y6fI0Es1xd1","id":"lSV7mJR5aakiXLoBXDke"},{"accountno":"TA-1777777","departmentno":"6","salary":"1212","pincode":"121213","userid":"Q838nbz89Y6fI0Es1xd1","id":"aMY6YJg5Ay5IhezaYZYP"},{"accountno":"TA-1777777","departmentno":"6","salary":"1212","pincode":"121213","userid":"Q838nbz89Y6fI0Es1xd1","id":"4zZBc0tIP6B581afLGPE"},{"accountno":"TA-1234565","departmentno":"4","salary":"2344","pincode":"567890","userid":"PdA0aL70CLvbT74ZYZT7","id":"8x1M8IktnVtPlQeB7SvA"},{"accountno":"TA-1234565","departmentno":"4","salary":"2344","pincode":"567890","userid":"PdA0aL70CLvbT74ZYZT7","id":"GybAO7ul8nGqRUZvBvEd"},{"accountno":"TA-1777777","departmentno":"6","salary":"1212","pincode":"121213","userid":"Q838nbz89Y6fI0Es1xd1","id":"6sBceEGwoYpMtQOGNsHM"},{"accountno":"TA-1777777","departmentno":"6","salary":"1212","pincode":"121213","userid":"Q838nbz89Y6fI0Es1xd1","id":"cUfrIs6bQZOn4VLG68Un"},{"accountno":"KM-123456","departmentno":"5","salary":"6666","pincode":"345231","userid":"ZxNRcGXBjrBzO5sSXoZw","id":"Avd4IBObYVXVvU8BK4c3"},{"accountno":"KM-123456","departmentno":"5","salary":"4444","pincode":"345231","userid":"ZxNRcGXBjrBzO5sSXoZw","id":"sQumULv4fHwaMVNo0wxJ"},{"accountno":"TA-1777777","departmentno":"6","salary":"1212","pincode":"121213","userid":"Q838nbz89Y6fI0Es1xd1","id":"fZQJO8cbN5gX2pxUAMWX"},{"accountno":"KM-123456","departmentno":"1","salary":"6666","pincode":"345231","userid":"ZxNRcGXBjrBzO5sSXoZw","id":"y92FiRuS80BzbLaDIEsq"},{"accountno":"KM-123456","departmentno":"1","salary":"6666","pincode":"345231","userid":"yj4lLufi6vTtJtT0MKL8","id":"gOgeZTl1C7jeDZH0jPcu"},{"accountno":"KM-123456","departmentno":"5","salary":"4444","pincode":"345231","userid":"yj4lLufi6vTtJtT0MKL8","id":"Yux8KfCqH0ZF7lN6ljcW"},{"accountno":"TA-3333333","departmentno":"5","salary":"4567","pincode":"567324","userid":"Qd2hw3MawHGfM9jvrUJJ","id":"cUz1MtElN4ka15mtGXbo"},{"accountno":"TA-3333333","departmentno":"5","salary":"4567","pincode":"567324","userid":"Qd2hw3MawHGfM9jvrUJJ","id":"d9zGL0qvBgSUtsSN0WlA"},{"accountno":"TA-3333333","departmentno":"5","salary":"4567","pincode":"567324","userid":"Qd2hw3MawHGfM9jvrUJJ","id":"gDWMZj02hgqJCsEThdpK"},{"accountno":"TA-3333333","departmentno":"5","salary":"4567","pincode":"567324","userid":"Qd2hw3MawHGfM9jvrUJJ","id":"ojemuljcp0YlKpwxQSmW"},{"accountno":"TA-3333333","departmentno":"5","salary":"4567","pincode":"567324","userid":"Qd2hw3MawHGfM9jvrUJJ","id":"QalWgeVjW51TvKkDxF95"},{"accountno":"TA-3333333","departmentno":"5","salary":"4567","pincode":"567324","userid":"Qd2hw3MawHGfM9jvrUJJ","id":"yoZrbTk42po6ErcNItlD"},{"accountno":"TA-ratnakb","departmentno":"3","salary":"5675","pincode":"945888","userid":"Qd2hw3MawHGfM9jvrUJJ","id":"QoXM1UplYNrqRbjQT1Jj"},{"accountno":"TA-ratnakb","departmentno":"3","salary":"5675","pincode":"567788","userid":"Qd2hw3MawHGfM9jvrUJJ","id":"TObGORueBMHb50z8Ni7V"},{"accountno":"TA-ratnakz","departmentno":"3","salary":"5675","pincode":"945888","userid":"Qd2hw3MawHGfM9jvrUJJ","id":"JeqpcAWcc4GOUZaH5zTZ"},{"accountno":"TA-ratnakz","departmentno":"3","salary":"5675","pincode":"567788","userid":"Qd2hw3MawHGfM9jvrUJJ","id":"ETxrEeUBXLg5iB03oJv5"},{"accountno":"TA-ratnakx","departmentno":"3","salary":"5675","pincode":"567788","userid":"Qd2hw3MawHGfM9jvrUJJ","id":"w8ABv9Jsp2pymdsCXnu4"},{"accountno":"TA-ratnakl","departmentno":"3","salary":"5675","pincode":"567788","userid":"Qd2hw3MawHGfM9jvrUJJ","id":"vTXWkYy1zYbqEz7LiS9V"},{"accountno":"TA-1777777","departmentno":"6","salary":"1212","pincode":"121213","userid":"Q838nbz89Y6fI0Es1xd1","id":"OnbFdXKVXMLUqtf21BfN"},{"accountno":"468888","departmentno":"4","salary":"4","pincode":"67785","userid":"Qd2hw3MawHGfM9jvrUJJ","id":"Rlw6JESvRkZyRbuaHdub"},{"accountno":"TA-12345677","departmentno":"1","salary":"77","pincode":"333333","userid":"DGW1ho638WUDpYOVLzH0","id":"o5LSwEAmPiSYzFGy5gck"},{"accountno":"4658","departmentno":"4","salary":"4","pincode":"67785","userid":"Qd2hw3MawHGfM9jvrUJJ","id":"nALALqPKywotlF2nJuWj"},{"accountno":"4658","departmentno":"4","salary":"4","pincode":"67785","userid":"Qd2hw3MawHGfM9jvrUJJ","id":"JPJDH4i4bxJt67ZAPUXo"},{"accountno":"TA-ratnaku","departmentno":"3","salary":"2000","pincode":"945888","userid":"Qd2hw3MawHGfM9jvrUJJ","id":"L7fAy6GFpitxM7DsxpfE"},{"accountno":"","departmentno":"","salary":"","pincode":"","userid":"Qd2hw3MawHGfM9jvrUJJ","id":"agzMm9r18IYrEd3HfURV"},{"accountno":"TA-ratnakr","departmentno":"3","salary":"2000","pincode":"945888","userid":"Qd2hw3MawHGfM9jvrUJJ","id":"5fQuq6OaW8iMyNSFKgV1"},{"accountno":"TA-ratnakr","departmentno":"3","salary":"2000","pincode":"945888","userid":"Qd2hw3MawHGfM9jvrUJJ","id":"Tc5CU1ASw9jNQ8ljK2Jm"},{"accountno":"TA-ratnakr","departmentno":"3","salary":"2000","pincode":"945888","userid":"Qd2hw3MawHGfM9jvrUJJ","id":"Y5YH1HI98AlI3L8RbQQL"},{"accountno":"BN-1234535","departmentno":"7","salary":"12190","pincode":"123458","userid":"wvTE1ZsqbgfOMtiFejpq","id":"TxCXyKFGsAdjvRjKJLZG"},{"accountno":"TA-1777777","departmentno":"6","salary":"1212","pincode":"121213","userid":"Q838nbz89Y6fI0Es1xd1","id":"r6hutxoRdWdWxKYZCxyx"},{"accountno":"TA-ratnakr","departmentno":"3","salary":"2000","pincode":"945888","userid":"Qd2hw3MawHGfM9jvrUJJ","id":"QCt8rjJSqk3IeHgdBGKM"},{"accountno":"TA-ratnakr","departmentno":"3","salary":"2000","pincode":"945888","userid":"Qd2hw3MawHGfM9jvrUJJ","id":"iOZooDuPAFFpDpYFg6Wt"},{"accountno":"TA-ratnakr","departmentno":"3","salary":"2000","pincode":"945888","userid":"Qd2hw3MawHGfM9jvrUJJ","id":"NBlsqZhLIUxqCOYaqEDN"},{"accountno":"TA-ratnakr","departmentno":"3","salary":"2000","pincode":"945888","userid":"Qd2hw3MawHGfM9jvrUJJ","id":"uGnUN0tnW3wYCjXxgfbM"},{"accountno":"TA-ratnakr","departmentno":"3","salary":"2000","pincode":"945888","userid":"Qd2hw3MawHGfM9jvrUJJ","id":"Z68ITgJXiKxLlm9z4dbp"},{"accountno":"TA-ratnakr","departmentno":"3","salary":"2000","pincode":"945888","userid":"Qd2hw3MawHGfM9jvrUJJ","id":"p1Oa0x4NV5sQC6CWSZ5t"},{"accountno":"KM-345267","departmentno":"2","salary":"111","pincode":"345231","userid":"ZxNRcGXBjrBzO5sSXoZw","id":"f70tBr8yw9VTJSuwCRZv"},{"accountno":"TA-1777777","departmentno":"6","salary":"1212","pincode":"121213","userid":"Q838nbz89Y6fI0Es1xd1","id":"lS0zLf1NjcZlzmpMFUHS"},{"accountno":"MB-120056","departmentno":"1","salary":"800","pincode":"123445","userid":"WdWhJxmQWT4uSoB2p48h","id":"7wrSUlTBMnUzTreVrGVU"},{"accountno":"MB-120056","departmentno":"1","salary":"800","pincode":"123445","userid":"WdWhJxmQWT4uSoB2p48h","id":"56NcN9XHOV7iIqhYTEtq"},{"accountno":"MB-120056","departmentno":"1","salary":"800","pincode":"123445","userid":"WdWhJxmQWT4uSoB2p48h","id":"6mMXVrWhzuwSQmjelLbJ"},{"accountno":"MB-120056","departmentno":"1","salary":"800","pincode":"123445","userid":"WdWhJxmQWT4uSoB2p48h","id":"L9tVXFjG3itvED4oGvb8"},{"accountno":"MB-120056","departmentno":"1","salary":"800","pincode":"123445","userid":"WdWhJxmQWT4uSoB2p48h","id":"KIEvnZnML3it8rt44WzF"},{"accountno":"TA-1777777","departmentno":"6","salary":"1212","pincode":"121213","userid":"Q838nbz89Y6fI0Es1xd1","id":"1gL2loEqDoNsL8fSAibD"},{"accountno":"TA-1212121","departmentno":"2","salary":"2000","pincode":"123456","userid":"yj4lLufi6vTtJtT0MKL8","id":"GvCcGM1QM8wSiLLhLxwx"},{"accountno":"TA-1212121","departmentno":"2","salary":"2000","pincode":"123456","userid":"yj4lLufi6vTtJtT0MKL8","id":"ZOpM9VDPEE057jiN9qb8"},{"accountno":"TA-1212121","departmentno":"2","salary":"2000","pincode":"123456","userid":"yj4lLufi6vTtJtT0MKL8","id":"ZILYCKLnMwYgZz7zzJGE"},{"accountno":"TA-1212121","departmentno":"2","salary":"2000","pincode":"123456","userid":"yj4lLufi6vTtJtT0MKL8","id":"90CDpAmfaneqItzAZylm"},{"accountno":"TA-1212121","departmentno":"2","salary":"2000","pincode":"123456","userid":"yj4lLufi6vTtJtT0MKL8","id":"Piuv9PswLAnZhcap3mda"},{"accountno":"TA-1212121","departmentno":"2","salary":"2000","pincode":"123456","userid":"yj4lLufi6vTtJtT0MKL8","id":"rT1InVEKjuinhNlvliEz"},{"accountno":"TA-1212121","departmentno":"2","salary":"2000","pincode":"123456","userid":"yj4lLufi6vTtJtT0MKL8","id":"8Ct29ahqSsZvXrY9MNKp"},{"accountno":"","departmentno":"","salary":"2000","pincode":"","userid":"yj4lLufi6vTtJtT0MKL8","id":"pNePPYWGwShwlNm5VPfn"},{"accountno":"","departmentno":"","salary":"2000","pincode":"","userid":"yj4lLufi6vTtJtT0MKL8","id":"C2BvtQZ6r0BeTCGR5j1B"},{"accountno":"TA-1777777","departmentno":"6","salary":"1212","pincode":"121213","userid":"Q838nbz89Y6fI0Es1xd1","id":"mdJrTxMMGuCT4UG7YTXS"},{"accountno":"TA-1237690","departmentno":"3","salary":"12576","pincode":"560094","userid":"61Vn9O0lmw7dVGPHIyaI","id":"O6YmUD88TSBirEXjJVWu"},{"accountno":"TA-1237690","departmentno":"3","salary":"12576","pincode":"560094","userid":"61Vn9O0lmw7dVGPHIyaI","id":"PlRe7LgFJuIMovfLU7kq"},{"accountno":"TA-2121212","departmentno":"1","salary":"2000","pincode":"222222","userid":"gCjQfhtZVJbhuZ6X7VgG","id":"JRirKtHDcBPU7aC14vMc"},{"accountno":"TA-1237690","departmentno":"3","salary":"12576","pincode":"560094","userid":"61Vn9O0lmw7dVGPHIyaI","id":"x1vyxPH8BNAg9BZmoUBW"},{"accountno":"TA-1237690","departmentno":"3","salary":"12576","pincode":"560094","userid":"61Vn9O0lmw7dVGPHIyaI","id":"6nvP7ii4ZX8O63wsbw1X"},{"accountno":"TA-1237690","departmentno":"3","salary":"12576","pincode":"560094","userid":"61Vn9O0lmw7dVGPHIyaI","id":"sTjrAw3E0kes5YhgophE"},{"accountno":"TA-1237690","departmentno":"3","salary":"12576","pincode":"560094","userid":"61Vn9O0lmw7dVGPHIyaI","id":"uImn498F18TZQ4gb3jO3"},{"accountno":"TA-1237690","departmentno":"3","salary":"12576","pincode":"560094","userid":"61Vn9O0lmw7dVGPHIyaI","id":"63k0ONXOOd9Iz7tQkRrX"},{"accountno":"TA-1237690","departmentno":"3","salary":"12576","pincode":"560094","userid":"61Vn9O0lmw7dVGPHIyaI","id":"U2ddLctuY34DDamNQCbO"},{"accountno":"KM-123456","departmentno":"1","salary":"6666","pincode":"345231","userid":"ZxNRcGXBjrBzO5sSXoZw","id":"4N3ajeLxXytzTCR4cjQX"},{"accountno":"TA-1777777","departmentno":"6","salary":"1212","pincode":"121213","userid":"Q838nbz89Y6fI0Es1xd1","id":"iKRCRTHiTbVjyZrY2SmS"},{"accountno":"TA-1237690","departmentno":"3","salary":"12576","pincode":"560094","userid":"61Vn9O0lmw7dVGPHIyaI","id":"LhGFdUwesQIdBhKeixX3"},{"accountno":"KM-123456","departmentno":"9","salary":"1111","pincode":"345231","userid":"ZxNRcGXBjrBzO5sSXoZw","id":"gIn3jGSJtd6PTm7FiKva"},{"accountno":"KM-123456","departmentno":"1","salary":"6666","pincode":"345231","userid":"ZxNRcGXBjrBzO5sSXoZw","id":"TV325JYGAw3W6TFr9UOR"},{"accountno":"KM-123456","departmentno":"5","salary":"4444","pincode":"345231","userid":"ZxNRcGXBjrBzO5sSXoZw","id":"qKG5L5vfnsf32zsKzK9t"},{"accountno":"KM-123456","departmentno":"5","salary":"6666","pincode":"345231","userid":"ZxNRcGXBjrBzO5sSXoZw","id":"BB9wC10uqRnTPCqXmumI"},{"accountno":"TA-1237690","departmentno":"3","salary":"12576","pincode":"560094","userid":"61Vn9O0lmw7dVGPHIyaI","id":"pWrWazgdgsGFc0BCWJ53"},{"accountno":"TA-1237690","departmentno":"3","salary":"12576","pincode":"560094","userid":"61Vn9O0lmw7dVGPHIyaI","id":"Nbn7KMvL8DK3f7u8EB8V"},{"accountno":"TA-1237690","departmentno":"3","salary":"12576","pincode":"560094","userid":"61Vn9O0lmw7dVGPHIyaI","id":"Jz8murLltuxzZUnubd41"},{"accountno":"TA-1237690","departmentno":"3","salary":"12576","pincode":"560094","userid":"61Vn9O0lmw7dVGPHIyaI","id":"ifjqLPQCmghBukYmAA5I"},{"accountno":"TA-1237690","departmentno":"3","salary":"12576","pincode":"560094","userid":"61Vn9O0lmw7dVGPHIyaI","id":"9YCG87YW4zilPZF0iKwz"},{"accountno":"TA-1237690","departmentno":"3","salary":"12576","pincode":"560094","userid":"61Vn9O0lmw7dVGPHIyaI","id":"0Jabz0iWnwumapDUQtvL"},{"accountno":"TA-1237690","departmentno":"3","salary":"12576","pincode":"560094","userid":"61Vn9O0lmw7dVGPHIyaI","id":"SOCxNSB1KfWsJK0V70yU"},{"accountno":"TA-1237690","departmentno":"3","salary":"12576","pincode":"560094","userid":"61Vn9O0lmw7dVGPHIyaI","id":"53BtYUyqPz8yOsPeSRQS"},{"accountno":"TA-1237891","departmentno":"5","salary":"12567","pincode":"560090","userid":"61Vn9O0lmw7dVGPHIyaI","id":"5PCkelTY4UXflvXYpYkB"},{"accountno":"TA-45648878","departmentno":"9","salary":"50000","pincode":"560104","userid":"61Vn9O0lmw7dVGPHIyaI","id":"cGJmUkylybkjWBV2EJai"},{"accountno":"TA-ratnakr","departmentno":"3","salary":"2000","pincode":"945888","userid":"Qd2hw3MawHGfM9jvrUJJ","id":"ENM8UDzruixvRlYCwVr0"},{"accountno":"TA-ratnakr","departmentno":"3","salary":"2000","pincode":"945888","userid":"Qd2hw3MawHGfM9jvrUJJ","id":"DB2vKxOHCENzCuibJgql"},{"accountno":"TA-ratnakr","departmentno":"3","salary":"2000","pincode":"945888","userid":"Qd2hw3MawHGfM9jvrUJJ","id":"6HHhOJQ7rOeQrex0xvef"},{"accountno":"KM-123456","departmentno":"5","salary":"6666","pincode":"345231","userid":"ZxNRcGXBjrBzO5sSXoZw","id":"ogRrwfbse5cViCZReI5a"},{"accountno":"TA-ratnaka","departmentno":"3","salary":"2000","pincode":"945888","userid":"Qd2hw3MawHGfM9jvrUJJ","id":"vwseOd6KvI9vD5BO1y50"},{"accountno":"TA-1777777","departmentno":"6","salary":"1212","pincode":"121213","userid":"Q838nbz89Y6fI0Es1xd1","id":"tIWwecZZ849lgmrk3cp6"},{"accountno":"KM-123456","departmentno":"5","salary":"4444","pincode":"345231","userid":"ZxNRcGXBjrBzO5sSXoZw","id":"78wMyf0Dyemixnm6n3CD"},{"accountno":"TA-1777777","departmentno":"6","salary":"1212","pincode":"121213","userid":"Q838nbz89Y6fI0Es1xd1","id":"rQCsdrCFOWCAqVIyGFBW"},{"accountno":"TA-1777777","departmentno":"6","salary":"1212","pincode":"121213","userid":"Q838nbz89Y6fI0Es1xd1","id":"i6hmPaUKoh6f3aODuHkW"},{"accountno":"TA-6573428","departmentno":"2","salary":"9000","pincode":"359667","userid":"4yFTZrJvMNYNnOGWLX08","id":"wu6hd0Adc012GnhjBB6m"},{"accountno":"KM-123456","departmentno":"5","salary":"4444","pincode":"345231","userid":"ZxNRcGXBjrBzO5sSXoZw","id":"wbVV4hE77qpUrJebLhNv"},{"accountno":"KM-123456","departmentno":"5","salary":"6666","pincode":"345231","userid":"ZxNRcGXBjrBzO5sSXoZw","id":"GdkbueTqpb2vdNXHt9lG"},{"accountno":"TA-1777777","departmentno":"6","salary":"1212","pincode":"121213","userid":"Q838nbz89Y6fI0Es1xd1","id":"5RpbBM0QA5BDKv3eu15w"},{"accountno":"KM-123456","departmentno":"1","salary":"6666","pincode":"345231","userid":"ZxNRcGXBjrBzO5sSXoZw","id":"AO6b3hTGvvJYY89uJ78N"},{"accountno":"TA-1777777","departmentno":"6","salary":"1212","pincode":"121213","userid":"Q838nbz89Y6fI0Es1xd1","id":"wiqLGShrUJ7qcE70EF2t"},{"accountno":"KM-123456","departmentno":"9","salary":"1111","pincode":"345231","userid":"ZxNRcGXBjrBzO5sSXoZw","id":"wismLNYjIAYfHSwAvS6B"},{"accountno":"KM-123456","departmentno":"9","salary":"1111","pincode":"345231","userid":"ZxNRcGXBjrBzO5sSXoZw","id":"It2tEcDAAcoX6ICv5te3"},{"accountno":"TA-6573428","departmentno":"2","salary":"9000","pincode":"359667","userid":"4yFTZrJvMNYNnOGWLX08","id":"aOxc2GA1njtKTvEVxZ9e"},{"accountno":"TA-6573428","departmentno":"2","salary":"9000","pincode":"359667","userid":"4yFTZrJvMNYNnOGWLX08","id":"SoJToYvpHl1QmVvjTAy2"},{"accountno":"TA-6573428","departmentno":"2","salary":"9000","pincode":"359667","userid":"4yFTZrJvMNYNnOGWLX08","id":"EHECDqivhW1pi6IYcAmj"},{"accountno":"KM-123456","departmentno":"9","salary":"1111","pincode":"345231","userid":"ZxNRcGXBjrBzO5sSXoZw","id":"jRGxbBlnsg6Ou4N0DJU5"},{"accountno":"TA-5573428","departmentno":"7","salary":"5000","pincode":"355667","userid":"4yFTZrJvMNYNnOGWLX08","id":"QDeGWgxg1gNqBZH0vuzq"},{"accountno":"KM-123456","departmentno":"9","salary":"1111","pincode":"345231","userid":"ZxNRcGXBjrBzO5sSXoZw","id":"UaXNdIQrBUK0Je97IZrq"},{"accountno":"TA-6573428","departmentno":"2","salary":"9000","pincode":"359667","userid":"4yFTZrJvMNYNnOGWLX08","id":"xhRad8Ntlv3YtoWfk5rD"},{"accountno":"TA-7884876","departmentno":"4","salary":"747646","pincode":"887633","userid":"4yFTZrJvMNYNnOGWLX08","id":"3NEgpXZxFC4eh2uyAL40"},{"accountno":"TA-6573428","departmentno":"2","salary":"9000","pincode":"359667","userid":"4yFTZrJvMNYNnOGWLX08","id":"HaSQKBebt2rBnCM5Gfvk"},{"accountno":"TA-6573428","departmentno":"2","salary":"9000","pincode":"359667","userid":"4yFTZrJvMNYNnOGWLX08","id":"mCHorx7WidHWBYd0y1zp"},{"accountno":"TA-1777777","departmentno":"6","salary":"1212","pincode":"121213","userid":"Q838nbz89Y6fI0Es1xd1","id":"SZEK73ihRPzW7NIOgbyK"},{"accountno":"TA-6573428","departmentno":"2","salary":"9000","pincode":"359667","userid":"4yFTZrJvMNYNnOGWLX08","id":"bpIc2VuUdinYy4gAJGfj"},{"accountno":"TA-6573428","departmentno":"2","salary":"9000","pincode":"359667","userid":"4yFTZrJvMNYNnOGWLX08","id":"6jzLWTciiLo1cuDWkhgk"},{"accountno":"TA-6573428","departmentno":"2","salary":"9000","pincode":"359667","userid":"4yFTZrJvMNYNnOGWLX08","id":"ffKIz7b34zsEpVNGorFt"},{"accountno":"TA-6573428","departmentno":"2","salary":"9000","pincode":"359667","userid":"4yFTZrJvMNYNnOGWLX08","id":"lRRRKo5TMEVRANejPJ3w"},{"accountno":"TA-6573428","departmentno":"2","salary":"9000","pincode":"359667","userid":"4yFTZrJvMNYNnOGWLX08","id":"lQyFBszEQ06aRPWRehsU"},{"accountno":"TA-5573428","departmentno":"7","salary":"5000","pincode":"355667","userid":"4yFTZrJvMNYNnOGWLX08","id":"LB85m9swGgSgJb4gMrr8"},{"accountno":"BN-1234535","departmentno":"7","salary":"12190","pincode":"123458","userid":"wvTE1ZsqbgfOMtiFejpq","id":"SJH0ePXDZf6NKpMMS47Q"},{"accountno":"TA-1777777","departmentno":"6","salary":"1212","pincode":"121213","userid":"Q838nbz89Y6fI0Es1xd1","id":"rggA4EYi289yuBC8xOZG"},{"accountno":"TA-2346234","departmentno":"4","salary":"345","pincode":"345356","userid":"ZZeLU82Z2BCRGxjve6Sz","id":"j7dBeaFYp3mqZ1DinBqZ"},{"accountno":"TA-2345234","departmentno":"4","salary":"345","pincode":"345356","userid":"ZZeLU82Z2BCRGxjve6Sz","id":"0Q4n1MnQtREYZIuVo11Q"},{"accountno":"TA-1777777","departmentno":"6","salary":"1212","pincode":"121213","userid":"Q838nbz89Y6fI0Es1xd1","id":"3q6NSRbd6HV8CHNFzsgu"},{"accountno":"TA-ratnakm","departmentno":"3","salary":"2000","pincode":"945888","userid":"Qd2hw3MawHGfM9jvrUJJ","id":"kWQbj5JkxYYxtEUmlstg"},{"accountno":"TA-1237990","departmentno":"3","salary":"12567","pincode":"560093","userid":"61Vn9O0lmw7dVGPHIyaI","id":"F3JMxxzYgSrty6UZy6sV"},{"accountno":"TA-1777777","departmentno":"6","salary":"1212","pincode":"121213","userid":"Q838nbz89Y6fI0Es1xd1","id":"zh04yHhQqKygAUldQgEt"},{"accountno":"KM-123456","departmentno":"1","salary":"6666","pincode":"345231","userid":"ZxNRcGXBjrBzO5sSXoZw","id":"ud3MQPQC3290jCa3Ku0e"},{"accountno":"KM-123456","departmentno":"1","salary":"6666","pincode":"345231","userid":"ZxNRcGXBjrBzO5sSXoZw","id":"cdLoIpWVTXizJGn0TuYF"},{"accountno":"KM-123456","departmentno":"5","salary":"6666","pincode":"345231","userid":"ZxNRcGXBjrBzO5sSXoZw","id":"SQf8GQT2dxrbyBrvTYGI"},{"accountno":"TA-1777777","departmentno":"6","salary":"1212","pincode":"121213","userid":"Q838nbz89Y6fI0Es1xd1","id":"iaRK938PLYL5151nxGAp"},{"accountno":"TA-1234565","departmentno":"4","salary":"2344","pincode":"567890","userid":"PdA0aL70CLvbT74ZYZT7","id":"44XBbSyWtbcKeElZ6ODn"},{"accountno":"TA-1777777","departmentno":"6","salary":"1212","pincode":"121213","userid":"Q838nbz89Y6fI0Es1xd1","id":"VpleoJR7An1CN5XbiWBW"},{"accountno":"TA-1234565","departmentno":"4","salary":"2344","pincode":"567890","userid":"PdA0aL70CLvbT74ZYZT7","id":"Dn4QfPX5sZDkzEqYdWqN"},{"accountno":"TA-1777777","departmentno":"6","salary":"1212","pincode":"121213","userid":"Q838nbz89Y6fI0Es1xd1","id":"OLeDS8NW9Pm8G3WQy5Gh"},{"accountno":"TA-1777777","departmentno":"6","salary":"1212","pincode":"121213","userid":"Q838nbz89Y6fI0Es1xd1","id":"VY2NGCW4xOnfzJ1KPyaR"},{"accountno":"TA-1234565","departmentno":"4","salary":"2344","pincode":"567890","userid":"PdA0aL70CLvbT74ZYZT7","id":"WGvLKdHJpml5ACHpFgYV"},{"accountno":"TA-1234565","departmentno":"4","salary":"2344","pincode":"567890","userid":"PdA0aL70CLvbT74ZYZT7","id":"LbjkQ3vd3U7f0VLsI2D0"},{"accountno":"TA-1234565","departmentno":"4","salary":"2344","pincode":"567890","userid":"PdA0aL70CLvbT74ZYZT7","id":"Tp7EJDCYKzMVEfZF1kis"},{"accountno":"TA-1234565","departmentno":"4","salary":"2344","pincode":"567890","userid":"PdA0aL70CLvbT74ZYZT7","id":"OM1ldPPnnzdQjbChAXeH"},{"accountno":"TA-1234565","departmentno":"4","salary":"2344","pincode":"567890","userid":"PdA0aL70CLvbT74ZYZT7","id":"yuhXvo7VSQGyxxTaymVX"},{"accountno":"TA-1234565","departmentno":"4","salary":"2344","pincode":"567890","userid":"PdA0aL70CLvbT74ZYZT7","id":"2ERQSXL2rStuPumYEl1l"},{"accountno":"TA-1234565","departmentno":"4","salary":"2344","pincode":"567890","userid":"PdA0aL70CLvbT74ZYZT7","id":"NS0v4W8y9OuSXhJLAdvu"},{"accountno":"TA-1234565","departmentno":"4","salary":"2344","pincode":"567890","userid":"PdA0aL70CLvbT74ZYZT7","id":"19vQFL3NLwB1q00lyi8B"},{"accountno":"TA-1234565","departmentno":"4","salary":"2344","pincode":"567890","userid":"PdA0aL70CLvbT74ZYZT7","id":"mNGgMAgZ8eMRHlt9yoXS"},{"accountno":"TA-1234565","departmentno":"4","salary":"2344","pincode":"567890","userid":"PdA0aL70CLvbT74ZYZT7","id":"hVMHMOvfXejaiOlfcOxb"},{"accountno":"TA-1234565","departmentno":"4","salary":"2344","pincode":"567890","userid":"PdA0aL70CLvbT74ZYZT7","id":"ZsRc7nbceMyX6aUG5Asc"},{"accountno":"TA-1234565","departmentno":"4","salary":"2344","pincode":"567890","userid":"PdA0aL70CLvbT74ZYZT7","id":"atSvk2DjlxJai0dg9wqu"},{"accountno":"TA-1234565","departmentno":"4","salary":"2344","pincode":"567890","userid":"PdA0aL70CLvbT74ZYZT7","id":"CglLullKaj4PB0i3SRv8"},{"accountno":"TA-1234565","departmentno":"4","salary":"2344","pincode":"567890","userid":"PdA0aL70CLvbT74ZYZT7","id":"YgwibKFnWIKGkuyggt8n"},{"accountno":"TA-1234565","departmentno":"4","salary":"2344","pincode":"567890","userid":"PdA0aL70CLvbT74ZYZT7","id":"q67hihI2AcvJsQJKuirl"},{"accountno":"TA-1212121","departmentno":"20","salary":"6000","pincode":"123956","userid":"yj4lLufi6vTtJtT0MKL8","id":"hyr1t8D1WekGmuGFeskr"},{"accountno":"KM-123456","departmentno":"9","salary":"1111","pincode":"345231","userid":"ZxNRcGXBjrBzO5sSXoZw","id":"UkUR3kT6BqF63AXCa9ww"},{"accountno":"TA-1237990","departmentno":"3","salary":"12567","pincode":"560093","userid":"61Vn9O0lmw7dVGPHIyaI","id":"GNAEt3LPSPuxpevQb0E3"},{"accountno":"TA-1777777","departmentno":"6","salary":"1212","pincode":"121213","userid":"Q838nbz89Y6fI0Es1xd1","id":"tg8StPw3Ba4XggyCZhxy"},{"accountno":"TA-1777777","departmentno":"6","salary":"1212","pincode":"121213","userid":"Q838nbz89Y6fI0Es1xd1","id":"dYSFeBdPLaWCxcCEn7Ls"},{"accountno":"TA-1777777","departmentno":"6","salary":"1212","pincode":"121213","userid":"Q838nbz89Y6fI0Es1xd1","id":"eNp48Mgk89l5MqzVvFhJ"},{"accountno":"TA-1237990","departmentno":"3","salary":"12567","pincode":"560093","userid":"61Vn9O0lmw7dVGPHIyaI","id":"APf46gS6Xx1dDQlVW4VN"},{"accountno":"TA-99887766","departmentno":"1","salary":"11","pincode":"330333","userid":"DGW1ho638WUDpYOVLzH0","id":"Wgigq7pvdtcAIPyPhZFo"},{"accountno":"TA-1777777","departmentno":"6","salary":"1212","pincode":"121213","userid":"Q838nbz89Y6fI0Es1xd1","id":"xnomVPdR6oBBtDrOjmc5"},{"accountno":"TA-1777777","departmentno":"6","salary":"1212","pincode":"121213","userid":"Q838nbz89Y6fI0Es1xd1","id":"3YYZfsfundOEzMAlWAiX"},{"accountno":"TA-1777777","departmentno":"6","salary":"1212","pincode":"121213","userid":"Q838nbz89Y6fI0Es1xd1","id":"K32tjOdfG1gPq0HI8xts"},{"accountno":"PV-8989898","departmentno":"9","salary":"8989","pincode":"898989","userid":"uoS10JM6F4pybIMNlkEj","id":"1maMA52iVNW5LnoBudzZ"},{"accountno":"KV-AA4567C","departmentno":"9","salary":"8888","pincode":"567432","userid":"v6ZDMRBfI5zsQ4wpV8zp","id":"7HZSPcEJaWT7qpuA3MjS"},{"accountno":"KV-AA4567C","departmentno":"9","salary":"8888","pincode":"567432","userid":"v6ZDMRBfI5zsQ4wpV8zp","id":"nsRYF5zU9Ce32crRqoCc"},{"accountno":"KV-AA4567B","departmentno":"9","salary":"8888","pincode":"567432","userid":"v6ZDMRBfI5zsQ4wpV8zp","id":"oVjpBmzFwGpP1EiaxLs1"},{"accountno":"KV-AA4567B","departmentno":"9","salary":"8888","pincode":"567432","userid":"v6ZDMRBfI5zsQ4wpV8zp","id":"vOCA8jJH85dR6BodNm22"},{"accountno":"KV-AA4567B","departmentno":"9","salary":"8888","pincode":"567432","userid":"v6ZDMRBfI5zsQ4wpV8zp","id":"akTwyNsot4eWe6R5AvfV"},{"accountno":"KV-AA4567B","departmentno":"9","salary":"8888","pincode":"567432","userid":"v6ZDMRBfI5zsQ4wpV8zp","id":"m7uRXvKn2fjHmqIcg0ca"},{"accountno":"KV-AA4567A","departmentno":"9","salary":"8888","pincode":"567432","userid":"v6ZDMRBfI5zsQ4wpV8zp","id":"X1zPUSTfzHCZz17DCJoR"},{"accountno":"KV-AA45679","departmentno":"9","salary":"8888","pincode":"567432","userid":"v6ZDMRBfI5zsQ4wpV8zp","id":"p8NXvK1gJ8KM8RYt2tEV"},{"accountno":"KV-AA45678","departmentno":"9","salary":"8888","pincode":"567432","userid":"v6ZDMRBfI5zsQ4wpV8zp","id":"5EjUseoBWpMFxYUS0SNq"},{"accountno":"TA-1777777","departmentno":"6","salary":"1212","pincode":"121213","userid":"Q838nbz89Y6fI0Es1xd1","id":"raDz7IkztZMWjHSosCAL"},{"accountno":"TA-1212121","departmentno":"3","salary":"333333333","pincode":"222222","userid":"to2Nbgl1L91P2KBIJf8p","id":"LL4VD1u5ch3rL5MkCn6O"},{"accountno":"TA-90909092","departmentno":"9","salary":"90000","pincode":"909090","userid":"to2Nbgl1L91P2KBIJf8p","id":"KZBcd99Ze8SLJtJk9tP5"},{"accountno":"TA-90909092","departmentno":"19","salary":"90000","pincode":"909090","userid":"to2Nbgl1L91P2KBIJf8p","id":"bWVLBJ3XMJysbLVIqHuZ"},{"accountno":"TA-9090909222","departmentno":"9","salary":"90000","pincode":"909090","userid":"to2Nbgl1L91P2KBIJf8p","id":"0JZbSgjObOe63Dc2GeJj"},{"accountno":"TA-9090909","departmentno":"9","salary":"90000","pincode":"909090","userid":"to2Nbgl1L91P2KBIJf8p","id":"O1cKBLkdzFkzmC29VTr7"},{"accountno":"TA-9090909","departmentno":"9","salary":"90000","pincode":"909090","userid":"to2Nbgl1L91P2KBIJf8p","id":"P450xWQoQOtXLMRVSkI7"},{"accountno":"TA-1777777","departmentno":"6","salary":"1212","pincode":"121213","userid":"Q838nbz89Y6fI0Es1xd1","id":"y5MM93YFk9qhaDtxDbrA"},{"accountno":"TA-467857766632468","departmentno":"6","salary":"111777","pincode":"232777","userid":"yj4lLufi6vTtJtT0MKL8","id":"fsehHtxKjw7Iqpw0mEza"},{"accountno":"TA-4678577666","departmentno":"6","salary":"111777","pincode":"232777","userid":"yj4lLufi6vTtJtT0MKL8","id":"1B8rxGdW3bhYSSIzQwg2"},{"accountno":"TA-4678577","departmentno":"6","salary":"111777","pincode":"232777","userid":"yj4lLufi6vTtJtT0MKL8","id":"ptuKyKOOVJBcRyke8Fwp"},{"accountno":"TA-1231234","departmentno":"1","salary":"2","pincode":"123456","userid":"gCjQfhtZVJbhuZ6X7VgG","id":"N114WJ1Ir0W9NcF8kZqQ"},{"accountno":"TA-4678577","departmentno":"6","salary":"111777","pincode":"232777","userid":"yj4lLufi6vTtJtT0MKL8","id":"ZEETJ8iopZaEbw2cHzDe"},{"accountno":"TA-4678577","departmentno":"6","salary":"111777","pincode":"232777","userid":"yj4lLufi6vTtJtT0MKL8","id":"D9Idd0YcBLfvf7Oef7yi"},{"accountno":"TA-1111222","departmentno":"1","salary":"2000","pincode":"121212","userid":"gCjQfhtZVJbhuZ6X7VgG","id":"haGNdhNacKqOVlbTGae2"},{"accountno":"TA-1111222","departmentno":"1","salary":"2000","pincode":"121212","userid":"gCjQfhtZVJbhuZ6X7VgG","id":"1OtbzCcsYLWh2SOpj5co"},{"accountno":"TA-1111222","departmentno":"1","salary":"2000","pincode":"121212","userid":"gCjQfhtZVJbhuZ6X7VgG","id":"VVX8Jhz8kgSLPzhbPwPV"},{"accountno":"TA-1777777","departmentno":"6","salary":"1212","pincode":"121213","userid":"Q838nbz89Y6fI0Es1xd1","id":"kqHf1NpcbrebHFYBNUtC"},{"accountno":"TA-1777777","departmentno":"6","salary":"1212","pincode":"121213","userid":"Q838nbz89Y6fI0Es1xd1","id":"gwpf0FEolFfWvh5beSVv"},{"accountno":"TA-1777777","departmentno":"6","salary":"1212","pincode":"121213","userid":"Q838nbz89Y6fI0Es1xd1","id":"sBljfDxCqubkKuc8Vwkb"},{"accountno":"2345","departmentno":"2","salary":"2000","pincode":"234567","userid":"iMKubKqFpLbEJQsYT0kM","id":"lzW76iDo2AqQmLI4Y6lN"},{"accountno":"Morrise","departmentno":7,"salary":17000,"pincode":647837,"userid":"4yFTZrJvMNYNnOGWLX08","id":"TzcH8CNBdqftXZAiBRD2"},{"accountno":"TA-6573428","departmentno":"2","salary":"9000","pincode":"359667","userid":"4yFTZrJvMNYNnOGWLX08","id":"GbMCb7YcxUucTukrasAZ"},{"accountno":"TA-9973428","departmentno":"2","salary":"9000","pincode":"359667","userid":"4yFTZrJvMNYNnOGWLX08","id":"hd7cJ1ghn56nEDQUpjuZ"},{"accountno":"TA-1777777","departmentno":"6","salary":"1212","pincode":"121213","userid":"Q838nbz89Y6fI0Es1xd1","id":"nz4R1e7dmWp0BedMKJcS"},{"accountno":"TA-ed","departmentno":"2","salary":"1200","pincode":"543654","userid":"4yFTZrJvMNYNnOGWLX08","id":"0E7VNlXyLHYvtTprIPrc"},{"accountno":"TA-1231234","departmentno":"1","salary":"2","pincode":"123456","userid":"gCjQfhtZVJbhuZ6X7VgG","id":"qFZMw3e49f2oPAGfitve"},{"accountno":"TA-1234565","departmentno":"4","salary":"2344","pincode":"567890","userid":"PdA0aL70CLvbT74ZYZT7","id":"dQbVX8JiKiqoecHAQQvn"},{"accountno":"TA-1234567","departmentno":"9","salary":"100000","pincode":"123456","userid":"yj4lLufi6vTtJtT0MKL8","id":"6Ycq0nNARmA40KV6Ixh1"},{"accountno":"TA-1234565","departmentno":"4","salary":"2344","pincode":"567890","userid":"PdA0aL70CLvbT74ZYZT7","id":"DHH19UQRtqyjS01Hukb2"},{"accountno":"TA-liz","departmentno":"5","salary":"11000","pincode":"359667","userid":"4yFTZrJvMNYNnOGWLX08","id":"jDA8IIHOJbIHOdecckEZ"},{"accountno":"TA-1777777","departmentno":"6","salary":"1212","pincode":"121213","userid":"Q838nbz89Y6fI0Es1xd1","id":"zspObLnvlx4YBYtaLdgY"},{"accountno":"TA-1777777","departmentno":"6","salary":"1212","pincode":"121213","userid":"Q838nbz89Y6fI0Es1xd1","id":"mHnBCmXByEeKmwkUZn4s"},{"accountno":"TA-1234562","departmentno":"4","salary":"7","pincode":"123456","userid":"nL5XKb5bEgz7ySPvUgaJ","id":"zTTl1Lcy6iJh7QDqLviV"},{"accountno":"TA-1212121","departmentno":"6","salary":"5000","pincode":"","userid":"yj4lLufi6vTtJtT0MKL8","id":"IqverkIAL9RRbM66jYnG"},{"accountno":"TA-1212121","departmentno":" ","salary":"5000","pincode":"667759","userid":"yj4lLufi6vTtJtT0MKL8","id":"ghjZbZ0VT01iJEovDOJ7"},{"accountno":"","departmentno":"2","salary":"6000","pincode":"123456","userid":"yj4lLufi6vTtJtT0MKL8","id":"yEn022tPVzWq6M0dwmYN"},{"accountno":"TA-1212121","departmentno":"2","salary":"6000","pincode":"123956","userid":"yj4lLufi6vTtJtT0MKL8","id":"FDYq0SgPywgYYdxuCR4z"},{"accountno":"TA-1212121","departmentno":"6","salary":"","pincode":"123456","userid":"yj4lLufi6vTtJtT0MKL8","id":"HQDdsoiAyOakGLQGeDRZ"},{"accountno":"TA-1777777","departmentno":"6","salary":"1212","pincode":"121213","userid":"Q838nbz89Y6fI0Es1xd1","id":"h6NrwkEVvz2soZQzhbqN"},{"accountno":"","departmentno":"2","salary":"6000","pincode":"123456","userid":"yj4lLufi6vTtJtT0MKL8","id":"YLBrxRguspEF6YFBM1QU"},{"accountno":"TA-1212121","departmentno":"2","salary":"6000","pincode":"123956","userid":"yj4lLufi6vTtJtT0MKL8","id":"5o6hsRImtwa7EiksGhUo"},{"accountno":"TA-1212121","departmentno":"2","salary":"2","pincode":"111111","userid":"nL5XKb5bEgz7ySPvUgaJ","id":"I3MQqEZbmBkVK0td2X2V"},{"accountno":"TA-1777777","departmentno":"6","salary":"1212","pincode":"121213","userid":"Q838nbz89Y6fI0Es1xd1","id":"P0jMhP2AQFjcE3JIW77a"},{"accountno":"TA-1777777","departmentno":"6","salary":"1212","pincode":"121213","userid":"Q838nbz89Y6fI0Es1xd1","id":"cViEJWMzaAVfcc8Mx5gQ"},{"accountno":"KM-123456","departmentno":"5","salary":"6666","pincode":"345231","userid":"ZxNRcGXBjrBzO5sSXoZw","id":"j0wdcoz7kB0sW29kt68i"},{"accountno":"KM-123456","departmentno":"5","salary":"6666","pincode":"345231","userid":"ZxNRcGXBjrBzO5sSXoZw","id":"x7gLr6xdOosq30Ix1IS4"},{"accountno":"KM-123456","departmentno":"5","salary":"4444","pincode":"345231","userid":"ZxNRcGXBjrBzO5sSXoZw","id":"KDBiK270jIYVgzMVDHGx"},{"accountno":"TA-1231234","departmentno":"1","salary":"2","pincode":"123456","userid":"gCjQfhtZVJbhuZ6X7VgG","id":"lHXDC4ZmIG0Pr5XVtgWe"},{"accountno":"TA-1777777","departmentno":"6","salary":"1212","pincode":"121213","userid":"Q838nbz89Y6fI0Es1xd1","id":"m195XwVmEe3qFZc6FCXZ"},{"accountno":"TA-1777777","departmentno":"6","salary":"1212","pincode":"121213","userid":"Q838nbz89Y6fI0Es1xd1","id":"AQwtZtySdxQZkalK0F5E"},{"accountno":"KM-123456","departmentno":"9","salary":"1111","pincode":"345231","userid":"ZxNRcGXBjrBzO5sSXoZw","id":"nN6zfp9iwd3p2x9aKQQ4"},{"accountno":"KM-123456","departmentno":"9","salary":"1111","pincode":"345231","userid":"ZxNRcGXBjrBzO5sSXoZw","id":"CcB1j4n8dLqQj3PruXmk"},{"accountno":"KM-123456","departmentno":"9","salary":"1111","pincode":"345231","userid":"ZxNRcGXBjrBzO5sSXoZw","id":"6RUCD7Nha3gFB8VevWem"},{"accountno":"KM-123456","departmentno":"9","salary":"1111","pincode":"345231","userid":"ZxNRcGXBjrBzO5sSXoZw","id":"JtpdrSSe4vmo90oywaBs"},{"accountno":"KM-123456","departmentno":"9","salary":"1111","pincode":"345231","userid":"ZxNRcGXBjrBzO5sSXoZw","id":"07M2Kpc3Sh0c99Xovw1N"},{"accountno":"KM-123456","departmentno":"9","salary":"1111","pincode":"345231","userid":"ZxNRcGXBjrBzO5sSXoZw","id":"8Qy00oydXMasqWERh7Nn"},{"accountno":"TA-1777777","departmentno":"6","salary":"1212","pincode":"121213","userid":"Q838nbz89Y6fI0Es1xd1","id":"qNgFJPZkUPbnuSJe8pRm"},{"accountno":"TA-4368769","departmentno":5,"salary":4000,"pincode":260007,"userid":"prISGParDw4uyK3VF4i4","id":"d7W1q5DrqKGqOzg5LgyN"},{"accountno":"TA-4368765","departmentno":"6","salary":"4000","pincode":"260007","userid":"prISGParDw4uyK3VF4i4","id":"Oyi1viomziQfcxVJzjhs"},{"accountno":"TA-liz","departmentno":"5","salary":"11000","pincode":"359667","userid":"4yFTZrJvMNYNnOGWLX08","id":"xzt2ay2oZhrG9ragRBLI"},{"accountno":"TA-11223344","departmentno":"5","salary":"110001","pincode":"359667","userid":"yj4lLufi6vTtJtT0MKL8","id":"QUOtRZaUf0hsen8mz2W3"},{"accountno":"TA-11223344","departmentno":"5","salary":"110001","pincode":"359667","userid":"yj4lLufi6vTtJtT0MKL8","id":"kw00q4ty6PJOanma9oWj"},{"accountno":"TA-1777777","departmentno":"6","salary":"1212","pincode":"121213","userid":"Q838nbz89Y6fI0Es1xd1","id":"1y9RwGp3Fv9hq5e8sAOT"},{"accountno":"TA-1777777","departmentno":"6","salary":"1212","pincode":"121213","userid":"Q838nbz89Y6fI0Es1xd1","id":"BL0btP2R1AszgfdJ03oR"},{"accountno":"TA-1777777","departmentno":"6","salary":"1212","pincode":"121213","userid":"Q838nbz89Y6fI0Es1xd1","id":"u0Hb99Jj6vJmM9XYouzG"},{"accountno":"TA-1777777","departmentno":"6","salary":"1212","pincode":"121213","userid":"Q838nbz89Y6fI0Es1xd1","id":"XRp29Bbz4XleDrVIRfAM"},{"accountno":"TA-1231234","departmentno":"1","salary":"2","pincode":"123456","userid":"gCjQfhtZVJbhuZ6X7VgG","id":"dwhapuieGr3xCNBKtOiC"},{"accountno":"TA-55319928","departmentno":"5","salary":"11000","pincode":"355467","userid":"yj4lLufi6vTtJtT0MKL8","id":"qJfjzsiofXcaA3JA6yAd"},{"accountno":"TA-5531992873","departmentno":"15","salary":"11000","pincode":"35546789","userid":"yj4lLufi6vTtJtT0MKL8","id":"9qx68BXCA71LDedNH84Q"},{"accountno":"TA-1777777","departmentno":"6","salary":"1212","pincode":"121213","userid":"Q838nbz89Y6fI0Es1xd1","id":"FO1ORtyHxtVAdlGiW3W3"},{"accountno":"TA-1777777","departmentno":"6","salary":"1212","pincode":"121213","userid":"Q838nbz89Y6fI0Es1xd1","id":"jBsdgH6WlpSAamnA0EPC"},{"accountno":"TA-1777777","departmentno":"6","salary":"1212","pincode":"121213","userid":"Q838nbz89Y6fI0Es1xd1","id":"JzDWKNSWppZdssiGP31f"},{"accountno":"TA-45648878","departmentno":"9","salary":"50000","pincode":"560104","userid":"61Vn9O0lmw7dVGPHIyaI","id":"SaDEq7NQzvlGL4AUfaf5"},{"accountno":"KM-123456","departmentno":"9","salary":"1111","pincode":"345231","userid":"ZxNRcGXBjrBzO5sSXoZw","id":"yM4BfORhdhs7IPruZef3"},{"accountno":"KM-123456","departmentno":"9","salary":"1111","pincode":"345231","userid":"ZxNRcGXBjrBzO5sSXoZw","id":"ywwHa3HyuKSj82wOKGdS"},{"accountno":"TA-1777777","departmentno":"6","salary":"1212","pincode":"121213","userid":"Q838nbz89Y6fI0Es1xd1","id":"DScXYSxKmc5M7pA2nZlG"},{"accountno":"KM-123456","departmentno":"9","salary":"1111","pincode":"345231","userid":"ZxNRcGXBjrBzO5sSXoZw","id":"cLmdRJWwCDYnu8BR0GJq"},{"accountno":"KM-345267","departmentno":"2","salary":"111","pincode":"345231","userid":"ZxNRcGXBjrBzO5sSXoZw","id":"rgQA14PhHPKibofWWuX7"},{"accountno":"KM-345267","departmentno":"2","salary":"111","pincode":"345231","userid":"ZxNRcGXBjrBzO5sSXoZw","id":"Zpk7dBkTNSUNjMQOyA85"},{"accountno":"TA-1212121","departmentno":"6","salary":"","pincode":"123456","userid":"yj4lLufi6vTtJtT0MKL8","id":"BruNzdQyLu748VxhiqAt"},{"accountno":"TA-1212121","departmentno":" ","salary":"5000","pincode":"667759","userid":"yj4lLufi6vTtJtT0MKL8","id":"w05L5A1Ppxlar2qsTs6l"},{"accountno":"TA-1234562","departmentno":"4","salary":"7","pincode":"123456","userid":"nL5XKb5bEgz7ySPvUgaJ","id":"mtNwdPUP6mFrpba2JAWW"},{"accountno":"","departmentno":"2","salary":"6000","pincode":"123456","userid":"yj4lLufi6vTtJtT0MKL8","id":"BRfurlJ0qOD75DKgxB2q"},{"accountno":"TA-121212","departmentno":"2","salary":"6000","pincode":"123456","userid":"yj4lLufi6vTtJtT0MKL8","id":"j4zpnigBiYDcfQ6INxig"},{"accountno":"TA-1212121","departmentno":"2","salary":"6000","pincode":"123956","userid":"yj4lLufi6vTtJtT0MKL8","id":"6uCvghNrqu3p9fH2NUzd"},{"accountno":"TA-1212121","departmentno":"2","salary":"6000","pincode":"123956","userid":"yj4lLufi6vTtJtT0MKL8","id":"xa6yq6TNiRYjZbtx6Hww"},{"accountno":"TA-6464646","departmentno":"4","salary":"5000","pincode":"567432","userid":"v6ZDMRBfI5zsQ4wpV8zp","id":"ZQqjOaZI4XgUBGUNSSq4"},{"accountno":"TA-2121210","departmentno":3,"salary":5000,"pincode":567432,"userid":"v6ZDMRBfI5zsQ4wpV8zp","id":"ZiBkJCAkqZ4TUt6D1fC9"},{"accountno":"BN-1234535","departmentno":"7","salary":"12190","pincode":"123458","userid":"wvTE1ZsqbgfOMtiFejpq","id":"X7P8meLBCY59C8Ln03XS"},{"accountno":"TA-1777777","departmentno":"6","salary":"1212","pincode":"121213","userid":"Q838nbz89Y6fI0Es1xd1","id":"IUlJiPf1Zat5DMHNRZ53"},{"accountno":"TA-2222233","departmentno":"3","salary":"5000","pincode":"567432","userid":"v6ZDMRBfI5zsQ4wpV8zp","id":"OjvnRYqxFgswRymxZHZO"},{"accountno":"TA-2222222","departmentno":"4","salary":"5000","pincode":"567432","userid":"v6ZDMRBfI5zsQ4wpV8zp","id":"KN52LAbFjnNBHuGPzvI9"},{"accountno":"TA-3453450","departmentno":4,"salary":1111,"pincode":234156,"userid":"v6ZDMRBfI5zsQ4wpV8zp","id":"nKsJCnmI89lHNvgFWi1s"},{"accountno":"TA-1231234","departmentno":"1","salary":"2","pincode":"123456","userid":"gCjQfhtZVJbhuZ6X7VgG","id":"bz25YRhdJFlhPAqu6oQI"},{"accountno":"TA-1777777","departmentno":"6","salary":"1212","pincode":"121213","userid":"Q838nbz89Y6fI0Es1xd1","id":"6afdFJrfPt5HHPi7VzXD"},{"accountno":"KM-345267","departmentno":"2","salary":"232323","pincode":"345231","userid":"ZxNRcGXBjrBzO5sSXoZw","id":"RuOX6nukpPeSw7dMXBBX"},{"accountno":"KM-345267","departmentno":"2","salary":"111","pincode":"345231","userid":"yj4lLufi6vTtJtT0MKL8","id":"kC15MDcgwAG3Fx4dUHUH"},{"accountno":"TA-1777777","departmentno":"6","salary":"1212","pincode":"121213","userid":"Q838nbz89Y6fI0Es1xd1","id":"BsWLzPjsWhjsV5UqmfIG"},{"accountno":"KM-345267","departmentno":"2","salary":"232323","pincode":"345231","userid":"yj4lLufi6vTtJtT0MKL8","id":"6HmU2V7IrTZC6NP178nK"},{"accountno":"KM-345267","departmentno":"2","salary":"232323","pincode":"345231","userid":"ZxNRcGXBjrBzO5sSXoZw","id":"uvHRk9SPS2gPB7kuB7xv"},{"accountno":"TA-1234567","departmentno":"9","salary":"44444","pincode":"123456","userid":"yj4lLufi6vTtJtT0MKL8","id":"BtZF06iZy69Nif1y2SwV"},{"accountno":"KM-345267","departmentno":"2","salary":"111","pincode":"345231","userid":"yj4lLufi6vTtJtT0MKL8","id":"gr0cTlbZ8RVisr9HqMyq"},{"accountno":"TA-1777777","departmentno":"6","salary":"1212","pincode":"121213","userid":"Q838nbz89Y6fI0Es1xd1","id":"weR3Z5K1F3Nggm5rWQGJ"},{"accountno":"TA-4678577","departmentno":"7","salary":"111777","pincode":"232777","userid":"yj4lLufi6vTtJtT0MKL8","id":"SqjLXgcXglkvSX9fWRKs"},{"accountno":"TA-4678577","departmentno":"7","salary":"111777","pincode":"232777","userid":"yj4lLufi6vTtJtT0MKL8","id":"hcQbNUfeCd9vDP95LlyZ"},{"accountno":"TA-4678577","departmentno":"7","salary":"111777","pincode":"232777","userid":"yj4lLufi6vTtJtT0MKL8","id":"MhUZWy5r9ECRf6P9dKaI"},{"accountno":"TA-4678577","departmentno":"7","salary":"111777","pincode":"232777","userid":"yj4lLufi6vTtJtT0MKL8","id":"3c8Wo9yglEh8scL6JrsQ"},{"accountno":"TA-4678577","departmentno":"7","salary":"111777","pincode":"232777","userid":"yj4lLufi6vTtJtT0MKL8","id":"bglveviHzBzeraozxeg0"},{"accountno":"TA-4678576","departmentno":"4","salary":"111000","pincode":"232323","userid":"yj4lLufi6vTtJtT0MKL8","id":"45jZ4T7ueObIewBPrbxA"},{"accountno":"TA-4678576","departmentno":"4","salary":"111222","pincode":"222333","userid":"yj4lLufi6vTtJtT0MKL8","id":"WGIN0p674Z4VY8W4fMgk"},{"accountno":"TA-4678576","departmentno":"4","salary":"111222","pincode":"222333","userid":"yj4lLufi6vTtJtT0MKL8","id":"YlB5NkhNpJmzYX9sieQB"},{"accountno":"TA-4678576","departmentno":"5","salary":"11111","pincode":"222222","userid":"yj4lLufi6vTtJtT0MKL8","id":"qnWU5ifrC569qknE5Hae"},{"accountno":"TA-4678572","departmentno":"6","salary":"14568","pincode":"160318","userid":"yj4lLufi6vTtJtT0MKL8","id":"dAouUiicTz2Ue8FkoMQc"},{"accountno":"TA-1777777","departmentno":"6","salary":"1212","pincode":"121213","userid":"Q838nbz89Y6fI0Es1xd1","id":"RzDU79SubqE5geRi86w0"},{"accountno":"TA-4678946","departmentno":"6","salary":"14568","pincode":"160318","userid":"yj4lLufi6vTtJtT0MKL8","id":"bDzSaPPYbtc1PC7UfYF3"},{"accountno":"TA-4628291","departmentno":"1","salary":"234567","pincode":"436281","userid":"vWgxzCFg2dEEmc7xfrJj","id":"MiEqsqERMXamaNizNTkB"},{"accountno":"TA-1777777","departmentno":"6","salary":"1212","pincode":"121213","userid":"Q838nbz89Y6fI0Es1xd1","id":"ns93drH4ZcRUoV7JcfBY"},{"accountno":"TA-1777777","departmentno":"6","salary":"1212","pincode":"121213","userid":"Q838nbz89Y6fI0Es1xd1","id":"irFFiPChpRnUcBMi9TpA"},{"accountno":"Post-10001","departmentno":"6","salary":"11000","pincode":"662139","userid":"mbXTX7B2RhyZh8R70DxA","id":"yEcYyTPlgb2vasy8Xb05"},{"accountno":"MB-120056","departmentno":"1","salary":"800","pincode":"123445","userid":"WdWhJxmQWT4uSoB2p48h","id":"Tmflpw9gxKglygWAHzLQ"},{"accountno":"MB-120056","departmentno":"1","salary":"800","pincode":"123445","userid":"WdWhJxmQWT4uSoB2p48h","id":"fCwWOa0EniO8ZNNprkYY"},{"accountno":"TA-1777777","departmentno":"6","salary":"1212","pincode":"121213","userid":"Q838nbz89Y6fI0Es1xd1","id":"iKEcXFOBfkyhlPgHzC7h"},{"accountno":"MB-120056","departmentno":"1","salary":"800","pincode":"123445","userid":"WdWhJxmQWT4uSoB2p48h","id":"YrSeffZQTjZ28791jMfc"},{"accountno":"TA-4646465","departmentno":"4","salary":"1000","pincode":"101010","userid":"YpYRkXof0E8y0b1HWPWf","id":"NuFG1dFQpgeKLrQZz2g4"},{"accountno":"TA-1777777","departmentno":"6","salary":"1212","pincode":"121213","userid":"Q838nbz89Y6fI0Es1xd1","id":"qKzuccgZjwBLxqOosTZp"},{"accountno":"MB-120056","departmentno":"1","salary":"800","pincode":"123445","userid":"WdWhJxmQWT4uSoB2p48h","id":"LOrqXAwIHUWbRUkJkUK3"},{"accountno":"MB-120056","departmentno":"1","salary":"800","pincode":"123445","userid":"WdWhJxmQWT4uSoB2p48h","id":"cCzt4KU3YDm2aI62bUj5"},{"accountno":"MB-120056","departmentno":"1","salary":"800","pincode":"123445","userid":"WdWhJxmQWT4uSoB2p48h","id":"xxozbKphp8BYJUaarSza"},{"accountno":"MB-120056","departmentno":"1","salary":"800","pincode":"123445","userid":"WdWhJxmQWT4uSoB2p48h","id":"PaLfWhk5Kmn3kouqIVgt"},{"accountno":"TA-1231234","departmentno":"1","salary":"2","pincode":"123456","userid":"gCjQfhtZVJbhuZ6X7VgG","id":"TdEKmOaU5VFF6vl3KCMi"},{"accountno":"MB-120056","departmentno":"1","salary":"800","pincode":"123445","userid":"WdWhJxmQWT4uSoB2p48h","id":"Sr4UrQl9DTEzAqVlvCLq"},{"accountno":"TA-1234565","departmentno":"4","salary":"2344","pincode":"567890","userid":"PdA0aL70CLvbT74ZYZT7","id":"KFvvIMEIJOHjYkY2NqLS"},{"accountno":"MB-120056","departmentno":"1","salary":"800","pincode":"123445","userid":"WdWhJxmQWT4uSoB2p48h","id":"rN7v423BykiiWWrWi4QB"},{"accountno":"TA-1777777","departmentno":"6","salary":"1212","pincode":"121213","userid":"Q838nbz89Y6fI0Es1xd1","id":"NnPOHRzOFXa5cj6TMoHR"},{"accountno":"TA-1777777","departmentno":"6","salary":"1212","pincode":"121213","userid":"Q838nbz89Y6fI0Es1xd1","id":"aJRCb5IgLHHOXBdIESGK"},{"accountno":"TA-3332336","departmentno":"5","salary":"6435","pincode":"356555","userid":"DMkGbuXbx9J1GEeaTJoJ","id":"kaVh6yycAx96z52ZffVp"},{"accountno":"TA-1777777","departmentno":"6","salary":"1212","pincode":"121213","userid":"Q838nbz89Y6fI0Es1xd1","id":"iH4C0tLV7yNpZbWUd8Q8"},{"accountno":"TA-2222222","departmentno":"2","salary":"22222222","pincode":"228765","userid":"DMkGbuXbx9J1GEeaTJoJ","id":"nPas0T2dlktuLiK1Et6y"},{"accountno":"TA-1777777","departmentno":"6","salary":"1212","pincode":"121213","userid":"Q838nbz89Y6fI0Es1xd1","id":"4Na6aIcczVOpwkDgd4iJ"},{"accountno":"","departmentno":"","salary":"","pincode":"","userid":"pbGSCceO3YK5zI6QgXTN","id":"aedH3tJyZkiulGy7rLRQ"},{"accountno":"","departmentno":"5","salary":"46656","pincode":"454734","userid":"pbGSCceO3YK5zI6QgXTN","id":"uJLg9LCcAboVk8sFz6jy"},{"accountno":"","departmentno":"5","salary":"46656","pincode":"454734","userid":"pbGSCceO3YK5zI6QgXTN","id":"79GGzXuxNR8cgObgK3HL"},{"accountno":"1","departmentno":"5","salary":"46656","pincode":"454734","userid":"pbGSCceO3YK5zI6QgXTN","id":"g8th0ziZy6zlsJSA9UVR"},{"accountno":"TA-4569999","departmentno":"5","salary":"46656","pincode":"454734","userid":"pbGSCceO3YK5zI6QgXTN","id":"zW8bMc3dI8teMElqdQFr"},{"accountno":"1","departmentno":"5","salary":"46656","pincode":"454734","userid":"pbGSCceO3YK5zI6QgXTN","id":"45iS3HOmp8qp8CLBz19z"},{"accountno":"TA-1777777","departmentno":"6","salary":"1212","pincode":"121213","userid":"Q838nbz89Y6fI0Es1xd1","id":"HMRAq1Ak8EE5uwrs4XLu"},{"accountno":"BN-1234535","departmentno":"7","salary":"12190","pincode":"123458","userid":"wvTE1ZsqbgfOMtiFejpq","id":"iUyganD50LEDkhd2hogb"},{"accountno":"TA-1231234","departmentno":"1","salary":"2","pincode":"123456","userid":"gCjQfhtZVJbhuZ6X7VgG","id":"42sagpyq4srDlM9S3dbe"},{"accountno":"TA-4536987","departmentno":"2","salary":"10000","pincode":"515001","userid":"Wds87VcJ95nrcl866aSE","id":"u2uUNyZUvvxtLtEyCtyL"},{"accountno":"TA-4536987","departmentno":"2","salary":"10000","pincode":"515001","userid":"Wds87VcJ95nrcl866aSE","id":"77wWvIhNrsyLbVkcQESb"},{"accountno":"TA-4536987","departmentno":"2","salary":"10000","pincode":"515001","userid":"yj4lLufi6vTtJtT0MKL8","id":"ms2u6XT6WxWzw7ooeRFa"},{"accountno":"TA-4536987","departmentno":"2","salary":"10000","pincode":"515001","userid":"yj4lLufi6vTtJtT0MKL8","id":"iR9Xd86QjgHxJiK2XQhX"},{"accountno":"TA-9090909","departmentno":"9","salary":"90000","pincode":"909090","userid":"to2Nbgl1L91P2KBIJf8p","id":"3909zo7934kRUUEzwoJa"},{"accountno":"TA-4536987","departmentno":"2","salary":"10000","pincode":"515001","userid":"yj4lLufi6vTtJtT0MKL8","id":"aVmCr4NBXaxYUw9xI1Ic"},{"accountno":"TA-9090909","departmentno":"9","salary":"90000","pincode":"909090","userid":"to2Nbgl1L91P2KBIJf8p","id":"opUYlnrKp3CmZJxbhghs"},{"accountno":"TA-4536987","departmentno":"2","salary":"10000","pincode":"515001","userid":"yj4lLufi6vTtJtT0MKL8","id":"N7VBDgVDKP66HcM0KqcH"},{"accountno":"TA-9090909","departmentno":"9","salary":"90000","pincode":"909090","userid":"to2Nbgl1L91P2KBIJf8p","id":"ZOKUHUS6tAmZfQNoqSru"},{"accountno":"TA-4536987","departmentno":"2","salary":"10000","pincode":"515001","userid":"Wds87VcJ95nrcl866aSE","id":"0tBab7nP4Rs4X1rRfPQI"},{"accountno":"TA-1777777","departmentno":"6","salary":"1212","pincode":"121213","userid":"Q838nbz89Y6fI0Es1xd1","id":"UHa4fOmmBJbAswVqxR5e"},{"accountno":"AB-4565999","departmentno":"5","salary":"46656","pincode":"454734","userid":"pbGSCceO3YK5zI6QgXTN","id":"rBHeBib3cfTKFXxQJOwY"},{"accountno":"TA-9090909","departmentno":"9","salary":"90000","pincode":"909090","userid":"to2Nbgl1L91P2KBIJf8p","id":"0tlUejdDPpELpJeLCCqD"},{"accountno":"TA-1234565","departmentno":"4","salary":"2344","pincode":"567890","userid":"PdA0aL70CLvbT74ZYZT7","id":"1a2LCrsDCGTofj3MccdE"},{"accountno":"TA-1234565","departmentno":"4","salary":"2344","pincode":"567890","userid":"PdA0aL70CLvbT74ZYZT7","id":"gY884WtAYyJRV74LnDU1"},{"accountno":"TA-1777777","departmentno":"6","salary":"1212","pincode":"121213","userid":"Q838nbz89Y6fI0Es1xd1","id":"mJJlFvYkpahV7Kt7HIYg"},{"accountno":"TA-1232324","departmentno":"1","salary":"1000","pincode":"222222","userid":"oqMOSzlPA8WB6RX8Gw2Z","id":"xm6Q3R3FwhcuRohyJG6X"},{"accountno":"TA-1777777","departmentno":"6","salary":"1212","pincode":"121213","userid":"Q838nbz89Y6fI0Es1xd1","id":"oj6p6a9DKWqkLqMKV2Z7"},{"accountno":"AB-4565999","departmentno":"5","salary":"46656","pincode":"454734","userid":"pbGSCceO3YK5zI6QgXTN","id":"iqSYo4tSOXxZ5UKQffhc"},{"accountno":"AB-4565999","departmentno":"5","salary":"46656","pincode":"454734","userid":"pbGSCceO3YK5zI6QgXTN","id":"qsuOdp0CSj1QQXAhavW9"},{"accountno":"AB-4565999","departmentno":"5","salary":"46656","pincode":"454734","userid":"pbGSCceO3YK5zI6QgXTN","id":"nPi27ihzbQlsIlqNbOuj"},{"accountno":"TA-4536987","departmentno":"2","salary":"10000","pincode":"515001","userid":"Wds87VcJ95nrcl866aSE","id":"g2BUJ0PXfoyX0Pt1Rwr5"},{"accountno":"MB-120056","departmentno":"1","salary":"800","pincode":"123445","userid":"WdWhJxmQWT4uSoB2p48h","id":"MBW3sByReg0dS9WipHV4"},{"accountno":"TA-1234567","departmentno":"6","salary":"12345","pincode":"123456","userid":"Bl9Tdos8Zn7fDhEqJa1k","id":"EkeT4SEwpW3usTlAVPyR"},{"accountno":"TA-1234567","departmentno":"6","salary":"12345","pincode":"123456","userid":"Bl9Tdos8Zn7fDhEqJa1k","id":"5czpC4j51OEKbKCrUkTF"},{"accountno":"TA-1234567","departmentno":"6","salary":"12345","pincode":"123456","userid":"Bl9Tdos8Zn7fDhEqJa1k","id":"azJr18NBKISRE5Ld0EHm"},{"accountno":"KM-345267","departmentno":"2","salary":"232323","pincode":"345231","userid":"ZxNRcGXBjrBzO5sSXoZw","id":"dUzx8gOKLTuyX4o8xOK6"},{"accountno":"KM-345267","departmentno":"2","salary":"111","pincode":"345231","userid":"yj4lLufi6vTtJtT0MKL8","id":"iyheYdZ4KOFyj9lc19X4"},{"accountno":"TA-1777777","departmentno":"6","salary":"1212","pincode":"121213","userid":"Q838nbz89Y6fI0Es1xd1","id":"2f43aFnCKCHfhKdqu97W"},{"accountno":"VP-1234566","departmentno":"1","salary":"1","pincode":"123456","userid":"ZxNRcGXBjrBzO5sSXoZw","id":"13br1GEsQ6dCePlFuySk"},{"accountno":"KM-345267","departmentno":"2","salary":"111","pincode":"345231","userid":"yj4lLufi6vTtJtT0MKL8","id":"5r1Bzam3NrMTSfFb4A3n"},{"accountno":"KM-345267","departmentno":"2","salary":"111","pincode":"345231","userid":"yj4lLufi6vTtJtT0MKL8","id":"9yMrMZygQlsx6NisUdtx"},{"accountno":"KM-345267","departmentno":"2","salary":"111","pincode":"345231","userid":"yj4lLufi6vTtJtT0MKL8","id":"0RutkkWEutvRazL1WWFu"},{"accountno":"TA-0522BAt","departmentno":"3","salary":"75778","pincode":"674839","userid":"x4PKb7FyIVOCFwlJKRfB","id":"DOiwlg3yVj3Jwc719eXf"},{"accountno":"TA-1777777","departmentno":"6","salary":"1212","pincode":"121213","userid":"Q838nbz89Y6fI0Es1xd1","id":"vDmWvwMLZbWcBVDS4QKR"},{"accountno":"Gee9872323","departmentno":" 9","salary":"7879","pincode":"876563","userid":"vSJ32HvDM5LNdrhyAvu4","id":"cI5wDJAB1xzNYqZ47svy"},{"accountno":"TA-7876787","departmentno":7,"salary":6,"pincode":100008,"userid":"YpYRkXof0E8y0b1HWPWf","id":"VIv95ZwX5e2K9AGpQNoH"},{"accountno":"TA-1234565","departmentno":"4","salary":"2344","pincode":"567890","userid":"PdA0aL70CLvbT74ZYZT7","id":"Fhv1DettV2vFFjaMacz8"},{"accountno":"TA-3421675","departmentno":6,"salary":1110,"pincode":234156,"userid":"v6ZDMRBfI5zsQ4wpV8zp","id":"BpAiDcZtI82sSGuudlOY"},{"accountno":"TA-1777777","departmentno":"6","salary":"1212","pincode":"121213","userid":"Q838nbz89Y6fI0Es1xd1","id":"fzjXu6OHoZw7njhnPj4g"},{"accountno":"TA-1237990","departmentno":"3","salary":"12567","pincode":"560093","userid":"61Vn9O0lmw7dVGPHIyaI","id":"C9RoPthY0dv5BLGcIEch"},{"accountno":"TA-1777777","departmentno":"6","salary":"1212","pincode":"121213","userid":"Q838nbz89Y6fI0Es1xd1","id":"DLu0YgmTJfN2yhmPLMJ5"},{"accountno":"TA-3421666","departmentno":4,"salary":1112,"pincode":234156,"userid":"v6ZDMRBfI5zsQ4wpV8zp","id":"xAa8V9ParOMyVvA34rCb"},{"accountno":"TA-1111111","departmentno":"4","salary":"2000","pincode":"222222","userid":"v6ZDMRBfI5zsQ4wpV8zp","id":"KJnNq66bF4FDO4k4NOnV"},{"accountno":"TA-99887766","departmentno":"1","salary":"11","pincode":"330333","userid":"DGW1ho638WUDpYOVLzH0","id":"XIJEOcKriLrEtd7QoHz3"},{"accountno":"TA-1234565","departmentno":"4","salary":"2344","pincode":"567890","userid":"PdA0aL70CLvbT74ZYZT7","id":"JAohOKEnFSORTqGtldNy"},{"accountno":"TA-Zara","departmentno":"5","salary":"11000","pincode":"355467","userid":"4yFTZrJvMNYNnOGWLX08","id":"NRxXBCWlpIPF5YqgtNDK"},{"accountno":"TA-5531992873","departmentno":"15","salary":"11000","pincode":"35546789","userid":"4yFTZrJvMNYNnOGWLX08","id":"zbTkEgzoMgAlLPD0a0uv"},{"accountno":"TA-55319928","departmentno":"5","salary":"11000","pincode":"355467","userid":"4yFTZrJvMNYNnOGWLX08","id":"RmLEQ6YT5wSGd2ewWClu"},{"accountno":"TA-4536987","departmentno":"2","salary":"10000","pincode":"515001","userid":"Wds87VcJ95nrcl866aSE","id":"F68IrEWdBTnH9Zuu9mLJ"},{"accountno":"TA-4536987","departmentno":"2","salary":"10000","pincode":"515001","userid":"Wds87VcJ95nrcl866aSE","id":"w4aKpX1Xkl1XGFMVxB9R"},{"accountno":"TA-4536987","departmentno":"2","salary":"10000","pincode":"515001","userid":"Wds87VcJ95nrcl866aSE","id":"ckYzFCOM2v5wUGdNYdet"},{"accountno":"TR-1234567","departmentno":"9","salary":"99999","pincode":"123456","userid":"UASuqvD1p0dfIWTRALf5","id":"n7tbn6jsF9tGBJgGUiey"},{"accountno":"TA-1231234","departmentno":"1","salary":"2","pincode":"123456","userid":"gCjQfhtZVJbhuZ6X7VgG","id":"NAErli5FFu2PNdkymwkC"},{"accountno":"TA-1234590","departmentno":"6","salary":"3456","pincode":"098776","userid":"PdA0aL70CLvbT74ZYZT7","id":"cAwCYDtDSwTC3KvMvmb7"},{"accountno":"TA-4536987","departmentno":"2","salary":"10000","pincode":"515001","userid":"Wds87VcJ95nrcl866aSE","id":"wGBaGmpr5qbsLknAipfx"},{"accountno":"TA-1234590","departmentno":"6","salary":"3456","pincode":"098776","userid":"PdA0aL70CLvbT74ZYZT7","id":"sOUl3XSJuypwPn7s6bDb"},{"accountno":"TA-9797979","departmentno":"7","salary":"8","pincode":"988779","userid":"I6nBxzjk6VkW6NHrUDCN","id":"fHP3JUN94t4gfWWzBShf"},{"accountno":"TA-7778889","departmentno":"7","salary":"8","pincode":"988779","userid":"I6nBxzjk6VkW6NHrUDCN","id":"RZKvToVhyyjv19KqbR6O"},{"accountno":"TA-3421676","departmentno":"2","salary":"1112","pincode":"234156","userid":"v6ZDMRBfI5zsQ4wpV8zp","id":"OSGnnGVIbtKQMlza1sjr"},{"accountno":"TA-1231234","departmentno":"1","salary":"2","pincode":"123456","userid":"gCjQfhtZVJbhuZ6X7VgG","id":"LVTCMyugsiB5M5FpLoX1"},{"accountno":"TA-1231234","departmentno":"1","salary":"2","pincode":"123456","userid":"gCjQfhtZVJbhuZ6X7VgG","id":"KA5PzF1ZpUhpdxaK7LGd"},{"accountno":"TA-5531992873","departmentno":"15","salary":"11000","pincode":"35546789","userid":"4yFTZrJvMNYNnOGWLX08","id":"01rpTqQ9HAZUkAvjdUeW"},{"accountno":"TA-55319928","departmentno":"5","salary":"11000","pincode":"355467","userid":"4yFTZrJvMNYNnOGWLX08","id":"nKZsFiaMrzBEEeypxVbw"},{"accountno":"TA-55319928","departmentno":"5","salary":"11000","pincode":"355467","userid":"4yFTZrJvMNYNnOGWLX08","id":"Zi2EUoIra8jJcOBHlVJX"},{"accountno":"TA-Zara","departmentno":"5","salary":"11000","pincode":"355467","userid":"4yFTZrJvMNYNnOGWLX08","id":"0Zv6LOzFg790lZEg7wZ8"},{"accountno":"TA-5531992873","departmentno":"15","salary":"11000","pincode":"35546789","userid":"4yFTZrJvMNYNnOGWLX08","id":"xzK3E5xcChQ7AqpCRy2H"},{"accountno":"TA-553199287","departmentno":"11","salary":"11000","pincode":"3554678","userid":"4yFTZrJvMNYNnOGWLX08","id":"APjhpsqAXiC09zBiEOO1"},{"accountno":"TA-553199287","departmentno":"11","salary":"11000","pincode":"3554678","userid":"4yFTZrJvMNYNnOGWLX08","id":"d6oKHBDRGfNcvCkchPZx"},{"accountno":"TA-ratnaku","departmentno":"3","salary":"2000","pincode":"945888","userid":"Qd2hw3MawHGfM9jvrUJJ","id":"SEYI42jHUPGfHzBa05Nj"},{"accountno":"TA-ratnaku","departmentno":"3","salary":"2000","pincode":"945888","userid":"Qd2hw3MawHGfM9jvrUJJ","id":"qvZ4xw4jiDuzLg4XCZAk"},{"accountno":"TA-ratnaku","departmentno":"3","salary":"2000","pincode":"945888","userid":"Qd2hw3MawHGfM9jvrUJJ","id":"qUKeZI7ikoYXqfiIJTgB"},{"accountno":"TA-ratnaku","departmentno":"3","salary":"2000","pincode":"945888","userid":"Qd2hw3MawHGfM9jvrUJJ","id":"yRiDYwYxYYmmojC8y2cU"},{"accountno":"TA-1212121","departmentno":"1","salary":"1212","pincode":"121212","userid":"Q838nbz89Y6fI0Es1xd1","id":"5u0rajuOsMAEcq1Ahgld"},{"accountno":"TA-ratnaku","departmentno":"3","salary":"2000","pincode":"945888","userid":"Qd2hw3MawHGfM9jvrUJJ","id":"xdrJj7sNpjUsZfenhAQf"},{"accountno":"TA-3333333","departmentno":"4","salary":"4567","pincode":"444433","userid":"Q838nbz89Y6fI0Es1xd1","id":"0FaRgtuF5n1mHJs018Jl"},{"accountno":"TA-45645678","departmentno":"9","salary":"50000","pincode":"560104","userid":"61Vn9O0lmw7dVGPHIyaI","id":"1bHpidA1FHn2n7hB80s0"},{"accountno":"TA-3333333","departmentno":"5","salary":"4567","pincode":"567324","userid":"Q838nbz89Y6fI0Es1xd1","id":"Cce7zkJRoXyjBbGAd3rJ"},{"accountno":"TA-8899007","departmentno":"9","salary":"80000","pincode":"009988","userid":"DGW1ho638WUDpYOVLzH0","id":"PuY1Bh6Dub90LrlC91XL"},{"accountno":"TA-8899007","departmentno":"9","salary":"119","pincode":"009988","userid":"DGW1ho638WUDpYOVLzH0","id":"PjLZDCUN85Pw5nbgORyQ"},{"accountno":"TA-1237890","departmentno":"3","salary":"12567","pincode":"560090","userid":"61Vn9O0lmw7dVGPHIyaI","id":"hI8WaVZtmOEaRostAQEB"},{"accountno":"TA-9090909","departmentno":"9","salary":"90000","pincode":"909090","userid":"to2Nbgl1L91P2KBIJf8p","id":"LRfHbM1LNnpbj29HKzPB"},{"accountno":"BN-1234535","departmentno":"7","salary":"12190","pincode":"123458","userid":"wvTE1ZsqbgfOMtiFejpq","id":"LIIwaAdLbyhQKyxble31"},{"accountno":"TA-9090909","departmentno":"9","salary":"90000","pincode":"909090","userid":"to2Nbgl1L91P2KBIJf8p","id":"WnvbPkP50P8ZSk064XYE"},{"accountno":"TA-2345332","departmentno":"6","salary":"8888","pincode":"222222","userid":"iMKubKqFpLbEJQsYT0kM","id":"fK6M2WaagRaWuGeL9Pqx"},{"accountno":"SHM-345267","departmentno":"2","salary":"20000","pincode":"345231","userid":"yj4lLufi6vTtJtT0MKL8","id":"fjOOTFFixjbgrTcMTvEv"},{"accountno":"TA-3421675","departmentno":1,"salary":1112,"pincode":234156,"userid":"v6ZDMRBfI5zsQ4wpV8zp","id":"Q2SMGGOplr3eAxGcD8y7"},{"accountno":"TA-3421676","departmentno":"2","salary":"1112","pincode":"234156","userid":"v6ZDMRBfI5zsQ4wpV8zp","id":"JWI2MxC7OQtQGq3sV14s"},{"accountno":"TA-3421676","departmentno":"2","salary":"1112","pincode":"234156","userid":"v6ZDMRBfI5zsQ4wpV8zp","id":"oCLoalOy8ncR3oD1ZjpO"},{"accountno":"TA-3421676","departmentno":"2","salary":"1112","pincode":"234156","userid":"v6ZDMRBfI5zsQ4wpV8zp","id":"tu9nMHXDKpB8TaxpDhvt"},{"accountno":"TA-1231234","departmentno":"1","salary":"2","pincode":"123456","userid":"gCjQfhtZVJbhuZ6X7VgG","id":"yldgaMfW3gf4zMcz2uwA"},{"accountno":"TA-4536987","departmentno":"2","salary":"10000","pincode":"515001","userid":"Wds87VcJ95nrcl866aSE","id":"s4YBNdi1KCAsMaYcSdSl"},{"accountno":"TA-4567889","departmentno":"6","salary":"78906","pincode":"523457","userid":"Wds87VcJ95nrcl866aSE","id":"oPbIkdH2ZlB6EPw7irL4"},{"accountno":"TA-6868680","departmentno":6,"salary":2222,"pincode":456375,"userid":"v6ZDMRBfI5zsQ4wpV8zp","id":"WkpjXgo5skwVDM8myyAl"},{"accountno":"TA-3421676","departmentno":"2","salary":"1112","pincode":"234156","userid":"v6ZDMRBfI5zsQ4wpV8zp","id":"rpoSNLAk69ZDyNpwkpHV"},{"accountno":"TA-2345332","departmentno":"6","salary":"8888","pincode":"222222","userid":"iMKubKqFpLbEJQsYT0kM","id":"UDtSNTI7QVEtF96TQRCl"},{"accountno":"MB-120056","departmentno":"1","salary":"800","pincode":"123445","userid":"WdWhJxmQWT4uSoB2p48h","id":"CldGpMI3jyGwkPbwcDol"},{"accountno":"MB-123456","departmentno":1,"salary":191,"pincode":123445,"userid":"WdWhJxmQWT4uSoB2p48h","id":"pGQpMoOy1Rhb8bpDqb4H"},{"accountno":"MB-120056","departmentno":"1","salary":"800","pincode":"123445","userid":"WdWhJxmQWT4uSoB2p48h","id":"mfw68sn9rawfvyjcu1LD"},{"accountno":"MB-123456","departmentno":"9","salary":"800","pincode":"123445","userid":"WdWhJxmQWT4uSoB2p48h","id":"s13smIjhqOgSGoHFq07d"},{"accountno":"MB-123456","departmentno":"9","salary":"800","pincode":"123445","userid":"WdWhJxmQWT4uSoB2p48h","id":"pn7O32R9SHGnCQda15WB"},{"accountno":"MB-123456","departmentno":"9","salary":"800","pincode":"123445","userid":"WdWhJxmQWT4uSoB2p48h","id":"RwEjtzfz6UHDzuVOwIZy"},{"accountno":"TA-4536987","departmentno":"2","salary":"10000","pincode":"515001","userid":"Wds87VcJ95nrcl866aSE","id":"f7VKweaGrc2CHSqpGphv"},{"accountno":"TA-4536987","departmentno":"2","salary":"10000","pincode":"515001","userid":"Wds87VcJ95nrcl866aSE","id":"KYsHNn3OOQyDUwopGmDJ"},{"accountno":"SHM-345267","departmentno":"2","salary":"200","pincode":"345231","userid":"yj4lLufi6vTtJtT0MKL8","id":"6nraPZmM2fV14iMvcNzv"},{"accountno":"TA-4536789","departmentno":"1","salary":"10000","pincode":"515001","userid":"Wds87VcJ95nrcl866aSE","id":"oae2xqhYaGkl6QIIeX4W"},{"accountno":"TA-2345332","departmentno":"6","salary":"8888","pincode":"222222","userid":"iMKubKqFpLbEJQsYT0kM","id":"Haujm88oOZ3PG9negw3C"},{"accountno":"SHM-345267","departmentno":"2","salary":"200","pincode":"345231","userid":"yj4lLufi6vTtJtT0MKL8","id":"G9r4CjHXnB1yEvojiGm9"},{"accountno":"SHM-345267","departmentno":"2","salary":"200","pincode":"345231","userid":"yj4lLufi6vTtJtT0MKL8","id":"NS7szyy3oRPjrhmNlUzX"},{"accountno":"sh-3452617","departmentno":"2","salary":"200","pincode":"345231","userid":"yj4lLufi6vTtJtT0MKL8","id":"ZWEYXNpbDffyPjTDt7PM"},{"accountno":"TA-2345332","departmentno":"6","salary":"8888","pincode":"222222","userid":"iMKubKqFpLbEJQsYT0kM","id":"f9EK0Vy0lF8K0pwxFCnU"},{"accountno":"SHM-345267","departmentno":"2","salary":"200","pincode":"345231","userid":"yj4lLufi6vTtJtT0MKL8","id":"B4qrIF3gD0kB3TT58N9l"},{"accountno":"TA-4536987","departmentno":"2","salary":"10000","pincode":"515001","userid":"Wds87VcJ95nrcl866aSE","id":"Wd7dtPkyTBb2X04i3VdW"},{"accountno":"TA-4536987","departmentno":"1","salary":"10000","pincode":"515001","userid":"Wds87VcJ95nrcl866aSE","id":"3MYjsdUOt7qzkt0YPCm9"},{"accountno":"SHM-345678","departmentno":1,"salary":674,"pincode":785936,"userid":"ZxNRcGXBjrBzO5sSXoZw","id":"YyTcD5acV9kdVfpNekbZ"},{"accountno":"TA-4536789","departmentno":"1","salary":"10000","pincode":"515001","userid":"Wds87VcJ95nrcl866aSE","id":"Bw8Khp7x15FCFuzasIsz"},{"accountno":"TA-2345332","departmentno":"6","salary":"8888","pincode":"222222","userid":"iMKubKqFpLbEJQsYT0kM","id":"3QIeVR9S5Y95d9SYO842"},{"accountno":"TA-4536789","departmentno":"1","salary":"10000","pincode":"515001","userid":"Wds87VcJ95nrcl866aSE","id":"2BWhO2OzE7b1p1iwhJxq"},{"accountno":"SHM-123456","departmentno":9,"salary":23451,"pincode":123456,"userid":"ZxNRcGXBjrBzO5sSXoZw","id":"NhBwjnO3lmDeijQzDtU6"},{"accountno":"TA-1234565","departmentno":"4","salary":"2344","pincode":"567890","userid":"PdA0aL70CLvbT74ZYZT7","id":"cgNX0ObeOJHORc6JgKuz"},{"accountno":"TA-2345332","departmentno":"6","salary":"8888","pincode":"222222","userid":"iMKubKqFpLbEJQsYT0kM","id":"TvWnjQzCnr50GIVrY8KT"},{"accountno":"TA-2345332","departmentno":"6","salary":"8888","pincode":"222222","userid":"iMKubKqFpLbEJQsYT0kM","id":"Tmec18FIa3ry3OVLpAhM"},{"accountno":"sh-3452617","departmentno":"2","salary":"200","pincode":"345231","userid":"yj4lLufi6vTtJtT0MKL8","id":"C90uTXLLBxAJvUjOiyu8"},{"accountno":"TA-1234565","departmentno":"4","salary":"2344","pincode":"567890","userid":"PdA0aL70CLvbT74ZYZT7","id":"v071CMXnH5rK60abLC2i"},{"accountno":"TA-1234565","departmentno":"4","salary":"2344","pincode":"567890","userid":"PdA0aL70CLvbT74ZYZT7","id":"xvxtQNcYQpyw3tH7Mjip"},{"accountno":"TA-1234565","departmentno":"4","salary":"2344","pincode":"567890","userid":"PdA0aL70CLvbT74ZYZT7","id":"YUOLB27Bnm3TruPJ5zxv"},{"accountno":"TA-3421676","departmentno":"2","salary":"1112","pincode":"234156","userid":"v6ZDMRBfI5zsQ4wpV8zp","id":"ZlGsg7LJmAdHUK3hslQV"},{"accountno":"TA-3421676","departmentno":"2","salary":"1112","pincode":"234156","userid":"v6ZDMRBfI5zsQ4wpV8zp","id":"OcHnSiDTCnEjMgp7pZkL"},{"accountno":"TA-1231234","departmentno":"1","salary":"2","pincode":"123456","userid":"gCjQfhtZVJbhuZ6X7VgG","id":"pGrZ0vA0m0y3kfCvQ2bP"},{"accountno":"TA-3421676","departmentno":"2","salary":"1112","pincode":"234156","userid":"v6ZDMRBfI5zsQ4wpV8zp","id":"Om4mzX8J1mvDsmRhiYjl"},{"accountno":"TA-3421672","departmentno":2,"salary":1112,"pincode":234156,"userid":"v6ZDMRBfI5zsQ4wpV8zp","id":"IJKwJAgJiZ0yJEos1fPB"},{"accountno":"TR-1234567","departmentno":"9","salary":"99999","pincode":"123456","userid":"UASuqvD1p0dfIWTRALf5","id":"Xj2xXYxupprx9zPYc17U"},{"accountno":"TR-2468020","departmentno":8,"salary":4000,"pincode":123456,"userid":"v6ZDMRBfI5zsQ4wpV8zp","id":"dVQMzQyqCvoet3FAhyOZ"},{"accountno":"TR-2468024","departmentno":"6","salary":"4000","pincode":"123456","userid":"v6ZDMRBfI5zsQ4wpV8zp","id":"ZjUK0DTQcmBzFHn6nPnm"},{"accountno":"Gee3454567","departmentno":"5","salary":"7879","pincode":"876563","userid":"vSJ32HvDM5LNdrhyAvu4","id":"Y88IRJ2sYlG7srLlmNRI"},{"accountno":"Gee5672323","departmentno":"5","salary":"7879","pincode":"876563","userid":"vSJ32HvDM5LNdrhyAvu4","id":"Sro9h5VhWcKRSJbM84EL"},{"accountno":"Gee3454567","departmentno":"3","salary":"7879","pincode":"876563","userid":"vSJ32HvDM5LNdrhyAvu4","id":"knDT0HS1drpu3w92TR1q"},{"accountno":"Gee9872323","departmentno":"8","salary":"7879","pincode":"876563","userid":"vSJ32HvDM5LNdrhyAvu4","id":"KhngjbBIrdMdBaN3AH8G"},{"accountno":"TA-1234567","departmentno":"6","salary":"12345","pincode":"123456","userid":"Bl9Tdos8Zn7fDhEqJa1k","id":"0OJXauUHzSBzRMBif6ZW"},{"accountno":"TA-1234567","departmentno":"6","salary":"12345","pincode":"123456","userid":"Bl9Tdos8Zn7fDhEqJa1k","id":"RhITtlEWWtHGK6QOkZIh"},{"accountno":"TA-55319928","departmentno":"5","salary":"11000","pincode":"355467","userid":"4yFTZrJvMNYNnOGWLX08","id":"e5u5Bgk5h6Yfb4hejTGa"},{"accountno":"TA-2222222","departmentno":"2","salary":"22222222","pincode":"228765","userid":"DMkGbuXbx9J1GEeaTJoJ","id":"ftseZYAyrjt9V0FSkhLJ"},{"accountno":"TA-55319928","departmentno":6,"salary":10000,"pincode":355467,"userid":"4yFTZrJvMNYNnOGWLX08","id":"E5oMmpCMnAiMtHe4iA4R"},{"accountno":"TA-55319928","departmentno":"4","salary":"11`000","pincode":"355467","userid":"4yFTZrJvMNYNnOGWLX08","id":"ABho2BTDGaG93EcTG6Kl"},{"accountno":"TA-1234569","departmentno":1,"salary":6000,"pincode":123456,"userid":"ZxNRcGXBjrBzO5sSXoZw","id":"C4bY6OXFyYU6uvScJsIq"},{"accountno":"TA-55368228","departmentno":"3","salary":"10000","pincode":"355467","userid":"4yFTZrJvMNYNnOGWLX08","id":"x1igpzk6oHWhpcZA9Vem"},{"accountno":"TA-2345332","departmentno":"6","salary":"8888","pincode":"222222","userid":"iMKubKqFpLbEJQsYT0kM","id":"k5DNlln5zTIO6fF61c8k"},{"accountno":"TA-2345332","departmentno":"6","salary":"8888","pincode":"222222","userid":"iMKubKqFpLbEJQsYT0kM","id":"MnJrkueNwuXJ0nWBCNYA"},{"accountno":"TA-2222222","departmentno":"2","salary":"22222222","pincode":"228765","userid":"DMkGbuXbx9J1GEeaTJoJ","id":"th2wm8h24T3wepKefvmb"},{"accountno":"TA-5555555","departmentno":"5","salary":"500","pincode":"598555","userid":"uoS10JM6F4pybIMNlkEj","id":"vVcVJLBiGcWaTCsJZunh"},{"accountno":"TA-1211213","departmentno":4,"salary":200,"pincode":123122,"userid":"gCjQfhtZVJbhuZ6X7VgG","id":"CCTdpbzH7GB8fOlp1Zhd"},{"accountno":"TA-1111111","departmentno":"1","salary":"11","pincode":"111111","userid":"I6nBxzjk6VkW6NHrUDCN","id":"ghikMPVZHVCk3m9HRSe9"},{"accountno":"TA-1211211","departmentno":"2","salary":"300","pincode":"123123","userid":"gCjQfhtZVJbhuZ6X7VgG","id":"O916a3SaEmA0jWoV4OEc"},{"accountno":"TA-1214321","departmentno":"2","salary":"300","pincode":"123123","userid":"gCjQfhtZVJbhuZ6X7VgG","id":"cOrQwv4L2HfLaVsVjiXA"},{"accountno":"TA-1234321","departmentno":"2","salary":"300","pincode":"123123","userid":"gCjQfhtZVJbhuZ6X7VgG","id":"mCJQzgBzm1ahJuub8rIN"},{"accountno":"TA-4633456","departmentno":"4","salary":"1000","pincode":"620008","userid":"prISGParDw4uyK3VF4i4","id":"glP06Y6R5ZGXbdsBcnK7"},{"accountno":"MB-1234557","departmentno":"8","salary":"888","pincode":"123445","userid":"WdWhJxmQWT4uSoB2p48h","id":"IOX56uxS7bSSyW4e3OtT"},{"accountno":"MB-1234557","departmentno":"8","salary":"888","pincode":"123445","userid":"WdWhJxmQWT4uSoB2p48h","id":"sQqJNE79DUiH8kMrNk3a"},{"accountno":"MB-1234557","departmentno":"8","salary":"888","pincode":"123445","userid":"WdWhJxmQWT4uSoB2p48h","id":"wltWlqyaDcyS2MvaJNdz"},{"accountno":"TA-5573428","departmentno":"7","salary":"5000","pincode":"355667","userid":"4yFTZrJvMNYNnOGWLX08","id":"grfLp4iwvdqRjSWhxMoz"},{"accountno":"TA-2345332","departmentno":"6","salary":"8888","pincode":"222222","userid":"iMKubKqFpLbEJQsYT0kM","id":"GBwEbTy0acJKVinZe8RM"},{"accountno":"TA-2345332","departmentno":"6","salary":"2222","pincode":"222222","userid":"iMKubKqFpLbEJQsYT0kM","id":"Xo14ux6lLL0Q9PAz8mTA"},{"accountno":"TA-ratnakm","departmentno":"3","salary":"2000","pincode":"945888","userid":"Qd2hw3MawHGfM9jvrUJJ","id":"qOGjU2paWebX4NPXUca9"},{"accountno":"TA-1234567","departmentno":"2","salary":"21","pincode":"123456","userid":"I6nBxzjk6VkW6NHrUDCN","id":"62d2tSpwwKWuNuSB9bV5"},{"accountno":"TA-09sravs","departmentno":"9","salary":"6000","pincode":"674839","userid":"x4PKb7FyIVOCFwlJKRfB","id":"Bdf5XreZrcb41Tk4Ib7Q"},{"accountno":"TA-09ravi","departmentno":"7","salary":"75778","pincode":"674839","userid":"x4PKb7FyIVOCFwlJKRfB","id":"PKrUdcBrYvHRFPAEgD47"},{"accountno":"TA-09sravs","departmentno":"7","salary":"75778","pincode":"674839","userid":"x4PKb7FyIVOCFwlJKRfB","id":"iIxytmEniNGvtw0rbnhj"},{"accountno":"TA-09sravs","departmentno":"7","salary":"75778","pincode":"674839","userid":"x4PKb7FyIVOCFwlJKRfB","id":"aAktFLTC802cUIokRdNF"},{"accountno":"TA-09sravs","departmentno":"7","salary":"75778","pincode":"674839","userid":"x4PKb7FyIVOCFwlJKRfB","id":"HI6i01wmanvMGTGdKdQR"},{"accountno":"TA-09sravanthi","departmentno":"7","salary":"75778","pincode":"674839","userid":"x4PKb7FyIVOCFwlJKRfB","id":"HIbw0L2sHlkVm4NG0FPb"},{"accountno":"TA-09sravs","departmentno":"7","salary":"75778","pincode":"674839","userid":"x4PKb7FyIVOCFwlJKRfB","id":"xwHX587AYdg56Fo5zd2m"},{"accountno":"TA-1234567","departmentno":"7","salary":"9999","pincode":"123456","userid":"x4PKb7FyIVOCFwlJKRfB","id":"fIaSZxJwirJqhKfl7mRE"},{"accountno":"TA-1234567","departmentno":"7","salary":"9999","pincode":"123456","userid":"x4PKb7FyIVOCFwlJKRfB","id":"UYgjJmymq9IEpn8w7VSi"},{"accountno":"TA-1234567","departmentno":"7","salary":"9999","pincode":"123456","userid":"x4PKb7FyIVOCFwlJKRfB","id":"ViqEczEfKd3UAEbgs3B5"},{"accountno":"TA-4565999","departmentno":"5","salary":"46656","pincode":"454734","userid":"pbGSCceO3YK5zI6QgXTN","id":"9x0yFAnCvM2UwvkBmRXy"},{"accountno":"TA-1234567","departmentno":"6","salary":"12345","pincode":"123456","userid":"Bl9Tdos8Zn7fDhEqJa1k","id":"51rGVb5TomZWGUQQ9wpe"},{"accountno":"TA-4536789","departmentno":"1","salary":"10000","pincode":"515001","userid":"Wds87VcJ95nrcl866aSE","id":"QRQ7smIMtNtH1VXszDQM"},{"accountno":"TA-1232324","departmentno":"1","salary":"1000","pincode":"222222","userid":"oqMOSzlPA8WB6RX8Gw2Z","id":"fGB5OXS77GmA5c4EiJJU"},{"accountno":"TA-1234567","departmentno":"6","salary":"12345","pincode":"123456","userid":"Bl9Tdos8Zn7fDhEqJa1k","id":"x1LUHJG0HBGjzNIKbDzi"},{"accountno":"TA-2234567","departmentno":9,"salary":2,"pincode":123456,"userid":"I6nBxzjk6VkW6NHrUDCN","id":"hJTtxnaCdQjZ1ToUoPiD"},{"accountno":"TA-1232324","departmentno":"1","salary":"1000","pincode":"222222","userid":"oqMOSzlPA8WB6RX8Gw2Z","id":"Cdw0z1I77lxUra6AZuqZ"},{"accountno":"TA-4536789","departmentno":"1","salary":"10000","pincode":"515001","userid":"Wds87VcJ95nrcl866aSE","id":"6l4pMpStAi5KOMiJGZnu"},{"accountno":"TA-5678909","departmentno":"5","salary":"5000","pincode":"345267","userid":"Q838nbz89Y6fI0Es1xd1","id":"CJWpflZ7WwYzgKoc835p"},{"accountno":"TA-54275698","departmentno":1,"salary":10000,"pincode":353987,"userid":"4yFTZrJvMNYNnOGWLX08","id":"fO14sh7QjAxhejkqFqk8"},{"accountno":"TA-2222222","departmentno":"2","salary":"22222222","pincode":"228765","userid":"DMkGbuXbx9J1GEeaTJoJ","id":"5Ly71kyZjMppF9l24UyA"},{"accountno":"TA-5678903","departmentno":"5","salary":"5000","pincode":"345267","userid":"Q838nbz89Y6fI0Es1xd1","id":"ywcSs6uqzvpeJ3g4j3Tp"},{"accountno":"TA-5473428","departmentno":"5","salary":"3000","pincode":"355467","userid":"4yFTZrJvMNYNnOGWLX08","id":"u34w0HF5JgI3kyJvGnO6"},{"accountno":"TA-0987654","departmentno":"0","salary":"098","pincode":"098765","userid":"wNDxs1ExN1RSc9iSxnrD","id":"ZLXsqX0vPaSUz9h2tYKK"},{"accountno":"TA-7666666","departmentno":"6","salary":"6666","pincode":"666666","userid":"iMKubKqFpLbEJQsYT0kM","id":"yyrgAYJ4NzuHUWFxglXN"},{"accountno":"TR-1234567","departmentno":"6","salary":"5000","pincode":"246824","userid":"v6ZDMRBfI5zsQ4wpV8zp","id":"Hcbs7hX6UTqNyTnO7Aza"},{"accountno":"TA-1234567","departmentno":"6","salary":"12345","pincode":"123456","userid":"Bl9Tdos8Zn7fDhEqJa1k","id":"tfAQvV3Vw0KsH9z6bRiD"},{"accountno":"TA-1234569","departmentno":6,"salary":12345,"pincode":123456,"userid":"Bl9Tdos8Zn7fDhEqJa1k","id":"3Fx5BdAt1H1WxYO7wnBi"},{"accountno":"TA-4633456","departmentno":"4","salary":"1000","pincode":"567892","userid":"YpYRkXof0E8y0b1HWPWf","id":"R9WULdu6ojnORSj009tR"},{"accountno":"MB-1234555","departmentno":9,"salary":990,"pincode":123445,"userid":"WdWhJxmQWT4uSoB2p48h","id":"0AViUZ4eUel15K9898yX"},{"accountno":"TA-5555555","departmentno":"5","salary":"500","pincode":"598555","userid":"uoS10JM6F4pybIMNlkEj","id":"DWueKtrCrZ5b3ES6CpIl"},{"accountno":"MB-1234556","departmentno":4,"salary":999,"pincode":123445,"userid":"WdWhJxmQWT4uSoB2p48h","id":"w7U9NDGk8q1zP43UxC16"},{"accountno":"TA-1234567","departmentno":"2","salary":"12345","pincode":"456789","userid":"Qd2hw3MawHGfM9jvrUJJ","id":"aGbjZX0ewUm9GXYBXHsk"},{"accountno":"TA-6985213","departmentno":"4","salary":"1000","pincode":"567231","userid":"k3lPFx9oPDa4PiwwA3RA","id":"NskA8nISToLvR0mVdxPC"},{"accountno":"TA-6985213","departmentno":"4","salary":"1000","pincode":"567231","userid":"k3lPFx9oPDa4PiwwA3RA","id":"tY3yeY0sRygErGoAzC3R"},{"accountno":"TA-1579053","departmentno":"6","salary":"20000","pincode":"954216","userid":"vWgxzCFg2dEEmc7xfrJj","id":"t1LjEAK1kccy5IOcw8CO"},{"accountno":"BN-1234535","departmentno":"7","salary":"12190","pincode":"123458","userid":"wvTE1ZsqbgfOMtiFejpq","id":"qDDdAJPeZdFVhgSmpzXI"},{"accountno":"TA-1919191","departmentno":"2","salary":"1999","pincode":"191919","userid":"iMKubKqFpLbEJQsYT0kM","id":"btkz8RbtdRy8g3E0asUx"},{"accountno":"TA-4567891","departmentno":6,"salary":2000,"pincode":945666,"userid":"Qd2hw3MawHGfM9jvrUJJ","id":"KutG1Wpr0riFCxlK5P2C"},{"accountno":"TA-6789123","departmentno":"8","salary":"2000","pincode":"345673","userid":"v6ZDMRBfI5zsQ4wpV8zp","id":"7yqVA4DsvvA1kv59sHTt"},{"accountno":"TR-2435768","departmentno":6,"salary":5000,"pincode":445566,"userid":"v6ZDMRBfI5zsQ4wpV8zp","id":"B5yyJ1B1Ma1l1Uv1SwPC"},{"accountno":"TA-9876543","departmentno":"1","salary":"11","pincode":"333333","userid":"DGW1ho638WUDpYOVLzH0","id":"EZat5DMcn3KcJGpAVl2w"},{"accountno":"TA-1322243","departmentno":6,"salary":10,"pincode":212312,"userid":"to2Nbgl1L91P2KBIJf8p","id":"DNMezsqHOoala9b8zHlf"},{"accountno":"TA-2727272","departmentno":"2","salary":"27272727","pincode":"272727","userid":"ZZeLU82Z2BCRGxjve6Sz","id":"C2sbkjH5vpj63zb4HRHO"},{"accountno":"TA-4536789","departmentno":"1","salary":"10000","pincode":"515001","userid":"Wds87VcJ95nrcl866aSE","id":"YjE326W732R9pt4iR37d"},{"accountno":"MB-7873863","departmentno":"4","salary":"322","pincode":"344556","userid":"WdWhJxmQWT4uSoB2p48h","id":"0y6YinZbngmEdGcJvn1U"},{"accountno":"TA-2333332","departmentno":"3","salary":"2222","pincode":"222222","userid":"iMKubKqFpLbEJQsYT0kM","id":"W4l879OQ4zpvODDiT3sF"},{"accountno":"MB-5635532","departmentno":"4","salary":"999","pincode":"767687","userid":"WdWhJxmQWT4uSoB2p48h","id":"mWk5ypSOzzuBzPvy3qPZ"},{"accountno":"MB-7865432","departmentno":"3","salary":"9994","pincode":"526162","userid":"WdWhJxmQWT4uSoB2p48h","id":"wVZzL2ynwvOiI6uVHVVe"},{"accountno":"TA-8777777","departmentno":"7","salary":"7000","pincode":"777777","userid":"iMKubKqFpLbEJQsYT0kM","id":"eIpULvAQC0styfC5ZSjA"},{"accountno":"TA-4536798","departmentno":3,"salary":10000,"pincode":515001,"userid":"Wds87VcJ95nrcl866aSE","id":"dLEBOV5TRipWZrsS2svF"},{"accountno":"TA-2111111","departmentno":"2","salary":"2000","pincode":"222222","userid":"iMKubKqFpLbEJQsYT0kM","id":"UL4yewCKpHm4fLGScOyu"},{"accountno":"TA-2345678","departmentno":"5","salary":"12345","pincode":"123456","userid":"taGX4XQQfXD3Z76sI1Xn","id":"1GUn6IeAekc3s7mMfJ36"},{"accountno":"TA-1234567","departmentno":"7","salary":"9999","pincode":"123456","userid":"x4PKb7FyIVOCFwlJKRfB","id":"imyl80LH8UWvXaSrDXmF"},{"accountno":"TA-2345678","departmentno":"4","salary":"12345","pincode":"123456","userid":"taGX4XQQfXD3Z76sI1Xn","id":"KXK1q4HKnKPOzz3XxqsJ"},{"accountno":"TA-1666666","departmentno":"3","salary":"6000","pincode":"123455","userid":"iMKubKqFpLbEJQsYT0kM","id":"ipWwWB6rPdSx33yCKkFT"},{"accountno":"TA-2345678","departmentno":"4","salary":"12345","pincode":"123456","userid":"wNDxs1ExN1RSc9iSxnrD","id":"8pluLJy1RLbwinQzAUnu"},{"accountno":"TA-2345678","departmentno":"2","salary":"12345","pincode":"123456","userid":"wNDxs1ExN1RSc9iSxnrD","id":"2arUplfDu8l9EfOD3t7M"},{"accountno":"TA-2345678","departmentno":"1","salary":"12345","pincode":"123456","userid":"wNDxs1ExN1RSc9iSxnrD","id":"o6ybSWpqATOlqpnQNjo1"},{"accountno":"TA-1234567","departmentno":"7","salary":"9999","pincode":"123456","userid":"taGX4XQQfXD3Z76sI1Xn","id":"CVRyzDQ31HNFvsvfhfmI"},{"accountno":"Gee3454567","departmentno":8,"salary":9876,"pincode":623555,"userid":"vSJ32HvDM5LNdrhyAvu4","id":"7IrD8FO18n09qu3jK7AU"},{"accountno":"TA-2345678","departmentno":"1","salary":"12345","pincode":"123456","userid":"wNDxs1ExN1RSc9iSxnrD","id":"nVBbcV2jPw7C6eJBMUN5"},{"accountno":"TA-1232324","departmentno":"1","salary":"1000","pincode":"222222","userid":"oqMOSzlPA8WB6RX8Gw2Z","id":"qODfYhKCbLGyjeRgy4Mp"},{"accountno":"Gee3452323","departmentno":"5","salary":"7879","pincode":"876563","userid":"vSJ32HvDM5LNdrhyAvu4","id":"2ZOl6egWM4IR2yj7W8Ms"},{"accountno":"Gee3452323","departmentno":"3","salary":"7879","pincode":"876563","userid":"vSJ32HvDM5LNdrhyAvu4","id":"9aYcDD8TiXiJ08Ad6bo1"},{"accountno":"TA-1234567","departmentno":"8","salary":"9256","pincode":"123467","userid":"UASuqvD1p0dfIWTRALf5","id":"0NwlGUg5sZwbkofw0BDR"},{"accountno":"TA-1234567","departmentno":"5","salary":"8888","pincode":"123456","userid":"UASuqvD1p0dfIWTRALf5","id":"QGQAnVEsRawAqnelAt3U"},{"accountno":"TA-1234567","departmentno":"4","salary":"2345","pincode":"567890","userid":"PdA0aL70CLvbT74ZYZT7","id":"BdhxWjdPH0hD2WnZsPcI"},{"accountno":"Gee2345675","departmentno":"5","salary":"9677","pincode":"632456","userid":"vSJ32HvDM5LNdrhyAvu4","id":"7XYPGIp1tQvFnO8kKYZl"},{"accountno":"TA-2001009","departmentno":5,"salary":53440,"pincode":667759,"userid":"4yFTZrJvMNYNnOGWLX08","id":"OJwIbhgVd1KnmtL9JAvU"},{"accountno":"TA-2001002","departmentno":"5","salary":"53444","pincode":"667755","userid":"4yFTZrJvMNYNnOGWLX08","id":"cebAn5x3a5xnE79lWwJP"},{"accountno":"TA-2017200","departmentno":4,"salary":800766,"pincode":976678,"userid":"4yFTZrJvMNYNnOGWLX08","id":"PyHiFumuTyrCtcbkeEsA"},{"accountno":"TA-2546675","departmentno":"6","salary":"10000","pincode":"456437","userid":"4yFTZrJvMNYNnOGWLX08","id":"qETR4jSMh0EOaXcxV9IK"},{"accountno":"TA-1231231","departmentno":"1","salary":"10000","pincode":"123456","userid":"DMkGbuXbx9J1GEeaTJoJ","id":"z5UlLNIJyQdiMJRX0nCa"},{"accountno":"TA-1234567","departmentno":"1","salary":"1","pincode":"111111","userid":"nL5XKb5bEgz7ySPvUgaJ","id":"nmVtmgFip3GDdbd3YDho"},{"accountno":"TA-4555555","departmentno":"4","salary":"1000","pincode":"323232","userid":"iMKubKqFpLbEJQsYT0kM","id":"tcwTL5ElN4ewUjJIyqv9"},{"accountno":"TA-2324410","departmentno":"2","salary":"123","pincode":"571401","userid":"to2Nbgl1L91P2KBIJf8p","id":"DqNryJDDwZjVDDsKniid"},{"accountno":"TA-1234567","departmentno":"9","salary":"12345","pincode":"456789","userid":"uoS10JM6F4pybIMNlkEj","id":"2DSFIw3AnQlFFdGIMARr"},{"accountno":"TA-1234567","departmentno":"2","salary":"2000000","pincode":"456789","userid":"uoS10JM6F4pybIMNlkEj","id":"KPJeomCYhxAzRqtoI30O"},{"accountno":"TA-4355346","departmentno":"5","salary":"2000","pincode":"345678","userid":"PdA0aL70CLvbT74ZYZT7","id":"l4mz5YZrkRcHk576bfcw"},{"accountno":"TA-7998763","departmentno":"4","salary":"7","pincode":"098899","userid":"taGX4XQQfXD3Z76sI1Xn","id":"q8ZbuUwvwoMNuyCs8mgX"},{"accountno":"TA-1010101","departmentno":"8","salary":"8080808080","pincode":"888888","userid":"ZZeLU82Z2BCRGxjve6Sz","id":"0T8YXSyXs39brWG4OQzG"},{"accountno":"MB-5646765","departmentno":"8","salary":"999","pincode":"123456","userid":"WdWhJxmQWT4uSoB2p48h","id":"Ou3RbUD4ZonstbQowR4g"},{"accountno":"MB-5646765","departmentno":8,"salary":999,"pincode":123456,"userid":"WdWhJxmQWT4uSoB2p48h","id":"ZGablt2LKtCQRkazeyIb"},{"accountno":"TA-1212121","departmentno":"3","salary":"324324324","pincode":"543232","userid":"DMkGbuXbx9J1GEeaTJoJ","id":"FWXZK91Yx1dXkISv7WLq"},{"accountno":"TA-7898763","departmentno":"4","salary":"7","pincode":"098899","userid":"taGX4XQQfXD3Z76sI1Xn","id":"01avuAZUv9jC0rUmocpu"},{"accountno":"TA-1212112","departmentno":"1","salary":"2","pincode":"123456","userid":"gCjQfhtZVJbhuZ6X7VgG","id":"l9qZzg6EuJay9tY2BfaL"},{"accountno":"TA-4568727","departmentno":2,"salary":5546,"pincode":452856,"userid":"Bl9Tdos8Zn7fDhEqJa1k","id":"s3K0dOkSHLftBIIpDyAT"},{"accountno":"TA-1234556","departmentno":"3","salary":"23","pincode":"123456","userid":"I6nBxzjk6VkW6NHrUDCN","id":"tJWV8HBnYL55lEbGBCQM"},{"accountno":"TA-1234567","departmentno":"2","salary":"5000","pincode":"234567","userid":"nL5XKb5bEgz7ySPvUgaJ","id":"3N1CX87wplSeMRwExGTc"},{"accountno":"AB-3244356","departmentno":"9","salary":"34567","pincode":"999999","userid":"pbGSCceO3YK5zI6QgXTN","id":"cTBfNimmb57LALQME5H2"},{"accountno":"AB-3244355","departmentno":"9","salary":"34567","pincode":"999999","userid":"pbGSCceO3YK5zI6QgXTN","id":"i0jpwGJmlTIyj9qnr4Wa"},{"accountno":"AB-3244354","departmentno":"9","salary":"34567","pincode":"999999","userid":"pbGSCceO3YK5zI6QgXTN","id":"qAyZ67j74nA1XJvHoBPe"},{"accountno":"Gee1234567","departmentno":"3","salary":"4555","pincode":"623501","userid":"vSJ32HvDM5LNdrhyAvu4","id":"ralIrJCPPCS1SMpKvn0A"},{"accountno":"AD-6789000","departmentno":"0","salary":"888888","pincode":"345624","userid":"8s5AYs2ljo7WNK7NkjSw","id":"zkTmx4HzoONKIdhNXhjL"},{"accountno":"AD-4567896","departmentno":"9","salary":"123456","pincode":"888888","userid":"8s5AYs2ljo7WNK7NkjSw","id":"PBveeTRYGZ4cn94TW51b"},{"accountno":"TA-1111111","departmentno":"1","salary":"1111111","pincode":"111111","userid":"ZZeLU82Z2BCRGxjve6Sz","id":"gNmUdq3frBkzRGkSrx4o"},{"accountno":"AD-4567896","departmentno":"9","salary":"123456","pincode":"888888","userid":"8s5AYs2ljo7WNK7NkjSw","id":"sHIoHRdJKE49L1B1mZaK"},{"accountno":"TA-1234567","departmentno":"6","salary":"2000","pincode":"951486","userid":"UASuqvD1p0dfIWTRALf5","id":"7IegdVJBPIzVGyAJC2aD"},{"accountno":"TA-4633456","departmentno":"4","salary":"1000","pincode":"567892","userid":"taGX4XQQfXD3Z76sI1Xn","id":"j9JQnWuKjKgBisxS1piO"},{"accountno":"BN-1234535","departmentno":"7","salary":"12190","pincode":"123458","userid":"wvTE1ZsqbgfOMtiFejpq","id":"k2lKJW0cMdGPq6gvVaSA"},{"accountno":"TA-0934BAt","departmentno":"3","salary":"75778","pincode":"674839","userid":"x4PKb7FyIVOCFwlJKRfB","id":"96YlVGy7R40m8D8WUWUv"},{"accountno":"TA-LTK2022","departmentno":"2","salary":"20000","pincode":"123456","userid":"LojuRb6bN14xurmRubc2","id":"cByaqYBDWzuQ7vJqFILY"},{"accountno":"BN-1234535","departmentno":"7","salary":"12190","pincode":"123458","userid":"wvTE1ZsqbgfOMtiFejpq","id":"nAPQTdmj5mAQZ1pRvQey"},{"accountno":"GC-74563732","departmentno":"007","salary":"90000","pincode":"772134","userid":"31nk6sGTbT6SkjpQmUEj","id":"4U4FNOhaqTLlAahHGOmN"},{"accountno":"BN-1234535","departmentno":"7","salary":"12190","pincode":"123458","userid":"wvTE1ZsqbgfOMtiFejpq","id":"lNXc5EiIMgvb0rLu0A0x"},{"accountno":"","departmentno":2,"salary":1010,"pincode":111111,"userid":"lkdMZtNGN68KOuyoTHUF","id":"prelZb8LOKF66Wc8tkeT"},{"accountno":"TA-MAAOCT2022","departmentno":2,"salary":1010,"pincode":111111,"userid":"lkdMZtNGN68KOuyoTHUF","id":"dfps98vR8FiNcV99CaCc"},{"accountno":"CCC-1223344555","departmentno":"6","salary":"1500","pincode":"{{pincode}}","userid":"gc9SyliI1Cp2Qki8ZiPP","id":"COehQigwPkc3g1d8gGmP"},{"accountno":"CCC-1223344555","departmentno":"6","salary":"1500","pincode":"{{pincode}}","userid":"gc9SyliI1Cp2Qki8ZiPP","id":"g4PXX5extMVZDGviWFTq"},{"accountno":"BBB-1223344555","departmentno":"6","salary":"1500","pincode":"573201","userid":"gc9SyliI1Cp2Qki8ZiPP","id":"u3NNuxRbVsdLtCsBjKoU"},{"accountno":"BBB-1223344555","departmentno":"6","salary":"1500","pincode":"573201","userid":"gc9SyliI1Cp2Qki8ZiPP","id":"Q7c4ITcifzOe3umAfwcQ"},{"accountno":"AAA-1223344555","departmentno":"6","salary":"5500","pincode":"573201","userid":"gc9SyliI1Cp2Qki8ZiPP","id":"FCQB6HEh3XIfDqNzXb4L"},{"accountno":"BN-1234535","departmentno":"7","salary":"12190","pincode":"123458","userid":"wvTE1ZsqbgfOMtiFejpq","id":"fefoBunVVrBSXbifjqHi"},{"accountno":"ABC-1223344555","departmentno":"6","salary":"1500","pincode":"573201","userid":"gc9SyliI1Cp2Qki8ZiPP","id":"QWFVUgkbQASBRxcdOrY4"},{"accountno":"ABC-1223344555","departmentno":"6","salary":"1500","pincode":"573201","userid":"gc9SyliI1Cp2Qki8ZiPP","id":"khzSlnCvewv0lbG5DUzP"},{"accountno":"TA-MAOCT2022","departmentno":"3","salary":"1002","pincode":"11113","userid":"lkdMZtNGN68KOuyoTHUF","id":"vsMdMzCEKOJjPFqQ5ekm"},{"accountno":"TA-MAOCT2022","departmentno":"3","salary":"1002","pincode":"11113","userid":"lkdMZtNGN68KOuyoTHUF","id":"6UzSlgt31Cuo0wKsip1w"},{"accountno":"BN-1234535","departmentno":"7","salary":"12190","pincode":"123458","userid":"wvTE1ZsqbgfOMtiFejpq","id":"kLmlLSAeiSV81de2EvdC"},{"accountno":"TA-123456","departmentno":"1","salary":"7000","pincode":"123456","userid":"6tvNcBO2ELSUL9twMY40","id":"X4UpxjZKHTa82pqusjl8"},{"accountno":"BN-1234535","departmentno":"7","salary":"12190","pincode":"123458","userid":"wvTE1ZsqbgfOMtiFejpq","id":"zazlCvXTJADgVQgxB74d"},{"accountno":"TA-SP11111","departmentno":"13","salary":"655","pincode":"654321","userid":"mU6hIQUZQfsauAPg6TXX","id":"uGGxZOe0NBGNrAo7ME72"},{"accountno":"TA-SP11111","departmentno":"13","salary":"655","pincode":"654321","userid":"mU6hIQUZQfsauAPg6TXX","id":"JOuyBaAkAkMQixcvb1eB"},{"accountno":"TA-SP11111","departmentno":"13","salary":"655","pincode":"654321","userid":"mU6hIQUZQfsauAPg6TXX","id":"g93fpsbQTRXmWXineWh9"},{"accountno":"TA-SP10011","departmentno":"1","salary":"655","pincode":"654321","userid":"mU6hIQUZQfsauAPg6TXX","id":"E4Rd9WQ1huMDHeGyVjLk"},{"accountno":"TA-SP11111","departmentno":"13","salary":"655","pincode":"654321","userid":"mU6hIQUZQfsauAPg6TXX","id":"OyQ8pZsYoGTrnYKkYEyP"},{"accountno":"BN-1234535","departmentno":"7","salary":"12190","pincode":"123458","userid":"wvTE1ZsqbgfOMtiFejpq","id":"8wc7DaKIlzxVb6416yel"},{"accountno":"BN-1234535","departmentno":"7","salary":"12190","pincode":"123458","userid":"wvTE1ZsqbgfOMtiFejpq","id":"l2BPbFzHhBUSfIVQgZ5V"},{"accountno":"TA-8888999","departmentno":"2","salary":"7777","pincode":"123456","userid":"ykzjcgcS2z5nTA3D5ugS","id":"LUr10Zxh3UceA9ZE3vvb"},{"accountno":"TA-8888999","departmentno":"2","salary":"7777","pincode":"123456","userid":"ykzjcgcS2z5nTA3D5ugS","id":"nMfXJ4T7Av7A0xpLG9UK"},{"accountno":"TA-8888888","departmentno":"2","salary":"7777","pincode":"123456","userid":"ykzjcgcS2z5nTA3D5ugS","id":"FbBJfYSLvp4PqTWdpoxO"},{"accountno":"TA-8888888","departmentno":"2","salary":"7777","pincode":"123456","userid":"ykzjcgcS2z5nTA3D5ugS","id":"8CLYO01XqTX4GdoeLEfH"},{"accountno":"TA-8888888","departmentno":"2","salary":"7777","pincode":"123456","userid":"ykzjcgcS2z5nTA3D5ugS","id":"lFwr39GFHurGpvYptFiP"},{"accountno":"TA-8888888","departmentno":"2","salary":"7777","pincode":"123456","userid":"ykzjcgcS2z5nTA3D5ugS","id":"LgXVYqVev1We3pPxsIEe"},{"accountno":"TA-8888888","departmentno":"2","salary":"7777","pincode":"123456","userid":"ykzjcgcS2z5nTA3D5ugS","id":"JTMcp2B41qxp0MHhV8v4"},{"accountno":"TA-8888888","departmentno":"2","salary":"7777","pincode":"123456","userid":"ykzjcgcS2z5nTA3D5ugS","id":"2Vf7TsIUxlkH2jXiMWbg"},{"accountno":"TA-8888888","departmentno":"2","salary":"7777","pincode":"123456","userid":"ykzjcgcS2z5nTA3D5ugS","id":"6bYq1u0acfzPldQSzBQX"},{"accountno":"TA-7777777","departmentno":"2","salary":"7777","pincode":"123456","userid":"ykzjcgcS2z5nTA3D5ugS","id":"Ufdtf00wBvWn8lLU82bk"},{"accountno":"TA-7777777","departmentno":"2","salary":"7777","pincode":"123456","userid":"ykzjcgcS2z5nTA3D5ugS","id":"Tdvxy2CnAl26IGCdrYHb"},{"accountno":"TA-7777777","departmentno":"2","salary":"7777","pincode":"123456","userid":"ykzjcgcS2z5nTA3D5ugS","id":"ZB9Y1ofGrbpx6HU2vJmE"},{"accountno":"TA-7777777","departmentno":"2","salary":"7777","pincode":"123456","userid":"ykzjcgcS2z5nTA3D5ugS","id":"1lKh34eGC3J9JJVJpqEb"},{"accountno":"TA-7777777","departmentno":"2","salary":"7777","pincode":"123456","userid":"ykzjcgcS2z5nTA3D5ugS","id":"4MPnHdFEmDvsqZ5zZlI5"},{"accountno":"TA-7777777","departmentno":"2","salary":"7777","pincode":"123456","userid":"ykzjcgcS2z5nTA3D5ugS","id":"RpbqGIVgnnPBTMBrcaV1"},{"accountno":"TA-7777777","departmentno":"2","salary":"7777","pincode":"123456","userid":"ykzjcgcS2z5nTA3D5ugS","id":"LiZbttB1FAhahWGN3oq5"},{"accountno":"TA-7777777","departmentno":"2","salary":"7777","pincode":"123456","userid":"ykzjcgcS2z5nTA3D5ugS","id":"JySlBi3SRy4JKS4LJOwC"},{"accountno":"TA-7777777","departmentno":"2","salary":"7777","pincode":"123456","userid":"ykzjcgcS2z5nTA3D5ugS","id":"nk85D1o0eLbvKGb9gOI4"},{"accountno":"TA-7777777","departmentno":"2","salary":"7777","pincode":"123456","userid":"ykzjcgcS2z5nTA3D5ugS","id":"dOhjdq83BbPy76cXC6Nn"},{"accountno":"BN-1234535","departmentno":"7","salary":"12190","pincode":"123458","userid":"wvTE1ZsqbgfOMtiFejpq","id":"joGs0PUV6PWrHcFHiI1I"},{"accountno":"TA-7777777","departmentno":"2","salary":"7777","pincode":"123456","userid":"ykzjcgcS2z5nTA3D5ugS","id":"5RkOQoQB1GZF6MOBAYcp"},{"accountno":"BN-1234535","departmentno":"7","salary":"12190","pincode":"123458","userid":"wvTE1ZsqbgfOMtiFejpq","id":"jcKLW6jmbV5YLXIzrgtG"},{"accountno":"KS-123456789","departmentno":"0","salary":"100010001000","pincode":"620009","userid":"0d3O0bhBzCwFhnJ3mslW","id":"mMnGKkJ9pJwVDx4pQnw8"},{"accountno":"BN-1234535","departmentno":"7","salary":"12190","pincode":"123458","userid":"wvTE1ZsqbgfOMtiFejpq","id":"IeRNR59oR22qv9muPzMZ"},{"accountno":"TA-6667777","departmentno":6,"salary":6666,"pincode":666777,"userid":"ykzjcgcS2z5nTA3D5ugS","id":"k7sgKGJZ6V88guyv0xd6"},{"accountno":"BN-1234535","departmentno":"7","salary":"12190","pincode":"123458","userid":"wvTE1ZsqbgfOMtiFejpq","id":"pMXJng5spGvm1Ra7o992"},{"accountno":"TA-MAOCT2022","departmentno":"3","salary":"1002","pincode":"11113","userid":"gc9SyliI1Cp2Qki8ZiPP","id":"CzxyXsQAT5V3DAxfFjoa"},{"accountno":"BN-1234535","departmentno":"7","salary":"12190","pincode":"123458","userid":"wvTE1ZsqbgfOMtiFejpq","id":"LfXZUwmAp2gu6csLctnj"},{"accountno":"TA-18119","departmentno":"5","salary":"81500","pincode":"29254-1559","userid":"taGX4XQQfXD3Z76sI1Xn","id":"hJGok4StKZJCza7rcCIV"},{"accountno":"BN-1234535","departmentno":"7","salary":"12190","pincode":"123458","userid":"wvTE1ZsqbgfOMtiFejpq","id":"Gs4mAJv5ucUpx2Qy5Cbc"},{"accountno":"TA-oct2022","departmentno":1,"salary":10000,"pincode":123788,"userid":"D4FISu3B2L9YI2SldMWP","id":"tL0s6WVY16iNYNDVjwf3"},{"accountno":"BN-1234535","departmentno":"7","salary":"12190","pincode":"123458","userid":"wvTE1ZsqbgfOMtiFejpq","id":"TzyB92ZxBkTEbMuEZqBu"},{"accountno":"BN-1234535","departmentno":"7","salary":"12190","pincode":"123458","userid":"wvTE1ZsqbgfOMtiFejpq","id":"duqHtekFIJjZoWnikcjz"},{"accountno":"BN-1234535","departmentno":"7","salary":"12190","pincode":"123458","userid":"wvTE1ZsqbgfOMtiFejpq","id":"53Q0Xz3uUqriARWJo69a"},{"accountno":"BN-1234535","departmentno":"7","salary":"12190","pincode":"123458","userid":"wvTE1ZsqbgfOMtiFejpq","id":"SQsHk0WJkqBdXZO1kjeu"},{"accountno":"BN-1234535","departmentno":"7","salary":"12190","pincode":"123458","userid":"wvTE1ZsqbgfOMtiFejpq","id":"0Je0PKckojchudJ8A3BX"},{"accountno":"GC-74563732","departmentno":"007","salary":"90000","pincode":"772134","userid":"31nk6sGTbT6SkjpQmUEj","id":"XwYWtbzEBZleasrRwPnc"},{"accountno":"BN-1234535","departmentno":"7","salary":"12190","pincode":"123458","userid":"wvTE1ZsqbgfOMtiFejpq","id":"mEH8XGlYxx6dUCwVE74A"},{"accountno":"TA-LTK2022","departmentno":"2","salary":"20000","pincode":"123456","userid":"LojuRb6bN14xurmRubc2","id":"PEWYZUhUZFZGEEEzJGoK"},{"accountno":"TA-LTK2022","departmentno":"2","salary":"20000","pincode":"123456","userid":"LojuRb6bN14xurmRubc2","id":"BEk9pCgXgsTpKqyTYY9z"},{"accountno":"TA-LTK2022","departmentno":"2","salary":"20000","pincode":"123456","userid":"LojuRb6bN14xurmRubc2","id":"Jt5lqW7hcSKrW3FVw8ge"},{"accountno":"TA-LTK2022","departmentno":"2","salary":"20000","pincode":"123456","userid":"LojuRb6bN14xurmRubc2","id":"iL6sURh6DpyYanbxeqZR"},{"accountno":"TA-LTK2022","departmentno":"2","salary":"20000","pincode":"123456","userid":"LojuRb6bN14xurmRubc2","id":"BJqZ2qeX87aBgKgyD7Uk"},{"accountno":"TA-LTK2022","departmentno":"2","salary":"20000","pincode":"123456","userid":"LojuRb6bN14xurmRubc2","id":"gRow5ru8VlYYtEqf0KzB"},{"accountno":"TA-LTK2022","departmentno":"2","salary":"20000","pincode":"123456","userid":"LojuRb6bN14xurmRubc2","id":"fhGFrmPt04vLawSyCMOA"},{"accountno":"TA-LTK2022","departmentno":"2","salary":"20000","pincode":"123456","userid":"LojuRb6bN14xurmRubc2","id":"73XO3Ubr5CooFuh516fI"},{"accountno":"TA-LTK2022","departmentno":"2","salary":"20000","pincode":"123456","userid":"LojuRb6bN14xurmRubc2","id":"TkkaBjv8sjBEE0e8aS26"},{"accountno":"TA-LTK2022","departmentno":"2","salary":"20000","pincode":"123456","userid":"LojuRb6bN14xurmRubc2","id":"b9GX2pcc17AkS0doYvbr"},{"accountno":"BN-1234535","departmentno":"7","salary":"12190","pincode":"123458","userid":"wvTE1ZsqbgfOMtiFejpq","id":"aX5xQ3dV0OPSs8JGu6Ij"},{"accountno":"GC-74563732","departmentno":"007","salary":"999","pincode":"772134","userid":"31nk6sGTbT6SkjpQmUEj","id":"zwYwJ0xo0zC9JDbZjmpr"},{"accountno":"USH-1234412","departmentno":"1","salary":"200000","pincode":"772134","userid":"qsAvy2acR3CH9AtEoVXA","id":"ylYzr6SCm7J204HJpOMU"},{"accountno":"USH-1234412","departmentno":"1","salary":"200000","pincode":"772134","userid":"qsAvy2acR3CH9AtEoVXA","id":"Y9fSXryF78BgBw1vdXoa"},{"accountno":"USH-1234412","departmentno":"1","salary":"200000","pincode":"772134","userid":"qsAvy2acR3CH9AtEoVXA","id":"fYvzPsqg4sXeTaAFIUMb"},{"accountno":"USH-1234412","departmentno":"1","salary":"200000","pincode":"772134","userid":"qsAvy2acR3CH9AtEoVXA","id":"S7ud9Sa48xh2jsZJTfF1"},{"accountno":"USH-1234412","departmentno":"1","salary":"200000","pincode":"772134","userid":"qsAvy2acR3CH9AtEoVXA","id":"QE1PAp29yH4MOt0ztdyO"},{"accountno":"USH-1234412","departmentno":"1","salary":"200000","pincode":"772134","userid":"qsAvy2acR3CH9AtEoVXA","id":"wBBIcvyJezUv91YEyGjV"},{"accountno":"BN-1234535","departmentno":"7","salary":"12190","pincode":"123458","userid":"wvTE1ZsqbgfOMtiFejpq","id":"xkIowYVUYmTxjG6nI4QZ"},{"accountno":"BN-1234535","departmentno":"7","salary":"12190","pincode":"123458","userid":"wvTE1ZsqbgfOMtiFejpq","id":"dA2NOREFR8uNAsZNOMUH"},{"accountno":"TA-0000999","departmentno":"22","salary":"2000","pincode":"123123","userid":"o4FDbZMJElX44kOM78mO","id":"Sridu5dg07hgZTd6qpRV"},{"accountno":"66666677","departmentno":"778","salary":"7700","pincode":"123457","userid":"o4FDbZMJElX44kOM78mO","id":"OWrnMcHhkDnSGR12BZVb"},{"accountno":"BN-1234535","departmentno":"7","salary":"12190","pincode":"123458","userid":"wvTE1ZsqbgfOMtiFejpq","id":"4013EWADZuR0xliYkJEL"},{"accountno":"TA-MAOCT2022","departmentno":"3","salary":"1002","pincode":"11113","userid":"lkdMZtNGN68KOuyoTHUF","id":"0eo8BXZMfhMg9ENnpf50"},{"accountno":"TA-MAOCT2022","departmentno":"3","salary":"1002","pincode":"11113","userid":"lkdMZtNGN68KOuyoTHUF","id":"nUSdIMnprcRfYTebjqae"},{"accountno":"BN-1234535","departmentno":"7","salary":"12190","pincode":"123458","userid":"wvTE1ZsqbgfOMtiFejpq","id":"F0Xn9F4A5pwT0P5EjKMI"},{"accountno":"TA-MAOCT2022","departmentno":"3","salary":"1002","pincode":"11113","userid":"lkdMZtNGN68KOuyoTHUF","id":"6zm0CqGtHM564FHsvqEm"},{"accountno":"TA-MAOCT2022","departmentno":"3","salary":"1002","pincode":"11113","userid":"lkdMZtNGN68KOuyoTHUF","id":"1LesDUN59xRdrgxhtmfP"},{"accountno":"TA-OCT2221","departmentno":"5","salary":"23232","pincode":"654321","userid":"UM4Hzv1yWAM8GUQQiz3f","id":"8DsejSILCumeVeRM1bfr"},{"accountno":"BN-1234535","departmentno":"7","salary":"12190","pincode":"123458","userid":"wvTE1ZsqbgfOMtiFejpq","id":"6cv1hXcU326osdnXZber"},{"accountno":"ABC_12443","departmentno":"17","salary":"50000","pincode":"556566","userid":"0LQpQwULsTTmaECE9Vgq","id":"5SBTD37Cl6eIIsaj5dJw"},{"accountno":"ABC_123","departmentno":"17","salary":"50000","pincode":"556566","userid":"0LQpQwULsTTmaECE9Vgq","id":"9DmXZd9Ry9tNLEj1SOyI"},{"accountno":"TA-2344434","departmentno":"4","salary":"23000","pincode":"123456","userid":"0LQpQwULsTTmaECE9Vgq","id":"LYwJ5Xhvf3xFnvRl6DOJ"},{"accountno":"TA-1111111","departmentno":"1","salary":"1111","pincode":"430000","userid":"TaXIeh8zi4hQlyl0E3Jm","id":"LI9rNJqZGMhCDXMb8yVF"},{"accountno":"Tek-123456","departmentno":"5","salary":"8000","pincode":"123654","userid":"kIAtdOcTSxFLGFFnFAVW","id":"NxJS69iRBOKk730hnU5J"},{"accountno":"AT-123453489","departmentno":"9","salary":"33333","pincode":"600099","userid":"g3FDPaMOBpm1tSjq8wma","id":"7MWVLfmTk1SyVHWQVaS2"},{"accountno":"AT-123453489","departmentno":"9","salary":"33333","pincode":"600099","userid":"g3FDPaMOBpm1tSjq8wma","id":"HO9ncr1tQqypwbgRbbMK"},{"accountno":"AT-123453489","departmentno":"9","salary":"33333","pincode":"600099","userid":"g3FDPaMOBpm1tSjq8wma","id":"7oaGZMgiFIAffo0BmGf6"},{"accountno":"NB-0987654","departmentno":"2","salary":"22222","pincode":"600099","userid":"g3FDPaMOBpm1tSjq8wma","id":"zdINHSVLeVC7sIuHfnHW"},{"accountno":"BN-1234535","departmentno":"7","salary":"12190","pincode":"123458","userid":"wvTE1ZsqbgfOMtiFejpq","id":"IDD9uEIbJEEzYInFC6Vv"},{"accountno":"TA-123456","departmentno":"1","salary":"7000","pincode":"123456","userid":"taGX4XQQfXD3Z76sI1Xn","id":"1XsxxfbTMbwAYgfHmnk7"},{"accountno":"TA-123456","departmentno":"1","salary":"7000","pincode":"123456","userid":"6tvNcBO2ELSUL9twMY40","id":"4iiwMEVyCpseBHMZYPfs"},{"accountno":"TA-Sep2022","departmentno":"1","salary":"8000","pincode":"123456","userid":"v1uYEHd2E05Ci9RYpbUG","id":"dg2E4QKU3sSQhGWRSxrI"},{"accountno":"TA-1234567","departmentno":"7","salary":"Rs. 257374","pincode":"560103950544","userid":"sIo0uNTnnZHLJWC6USWH","id":"zGIuiv5oOOFtSxM0lr1A"},{"accountno":"TA-007007","departmentno":"77","salary":"Rs. 857374","pincode":"560103950544","userid":"31nk6sGTbT6SkjpQmUEj","id":"SpSizGCr4qcZFwamAgVw"},{"accountno":"TA-007007","departmentno":"77","salary":"Rs. 857374","pincode":"560103950544","userid":"31nk6sGTbT6SkjpQmUEj","id":"5M7r0X9BNC5IYsDboqOl"},{"accountno":"SU-1020303","departmentno":"1","salary":"100000","pincode":"123321","userid":"KVtxTguv720lkeVVP3so","id":"UQ79H2ZqWcZNYt80didL"},{"accountno":"Post-10001","departmentno":6,"salary":12001,"pincode":662139,"userid":"mbXTX7B2RhyZh8R70DxA","id":"3yEJnnT8RjYnNs5tHrZk"},{"accountno":"SU-1020304","departmentno":"1","salary":"100000","pincode":"123321","userid":"KVtxTguv720lkeVVP3so","id":"rYzMoBfoKKhNBihYm4Jq"},{"accountno":"01010101","departmentno":"7","salary":"1111111","pincode":"556566","userid":"6tHOlvfm7rNgmNK9g24e","id":"TFkI5zlfspDWxR0dumHy"},{"accountno":"TA-111112321","departmentno":"8","salary":"10000","pincode":"620009","userid":"mbXTX7B2RhyZh8R70DxA","id":"vjasAiz5nEN5Y6w2gdHN"},{"accountno":"Brother-oct2022","departmentno":"999","salary":"100000","pincode":"200","userid":"piTJJ2oaffhUUrMZ6xGw","id":"bZ2TEPrfjsJ489vhoYrh"},{"accountno":"ABC-1234597","departmentno":"9","salary":"7500","pincode":"1234597","userid":"z8QUdqDCSRDdIsBcinXL","id":"59OFXi9dLxDaSdAKDtHV"},{"accountno":"666888666","departmentno":"8","salary":"2002","pincode":"654321","userid":"vGfhpd6KH8ZgNp7wfHT3","id":"KU5viSg3WaS8SdPMzH2l"},{"accountno":"12341234","departmentno":"2","salary":"2222","pincode":"123456","userid":"3J2DXJ4i78pgkYlnrvdC","id":"DTEDH77QSAeaYRKdXvrk"},{"accountno":"TA-00790079","departmentno":"779","salary":"Rs. 8573749","pincode":"560103950544","userid":"31nk6sGTbT6SkjpQmUEj","id":"goachPKnUWit3BVcN0jQ"},{"accountno":"BN-1234535","departmentno":"7","salary":"12190","pincode":"123458","userid":"wvTE1ZsqbgfOMtiFejpq","id":"0SJExdVuH1HMmO5XWlqz"},{"accountno":"TA-123453489","departmentno":"8","salary":"1000","pincode":"620009","userid":"FPim49xx23f6Er8jv4Ns","id":"IHLpgy5AgKIMIFNyk0eU"},{"accountno":"KS-123456789","departmentno":"0","salary":"1000","pincode":"620009","userid":"0d3O0bhBzCwFhnJ3mslW","id":"Qys2koSMdcwnxAhtt6tT"},{"accountno":"KS-12345678","departmentno":"0","salary":"100","pincode":"620009","userid":"0d3O0bhBzCwFhnJ3mslW","id":"77EXA6VGcSz4U4Q2QPpt"},{"accountno":"ool8999ojk","departmentno":"8","salary":"354363","pincode":"345354","userid":"6pI30SlEwCwz3XEcVvXU","id":"Fheue19GioZD1Ifx3HAx"},{"accountno":"TA-88998899","departmentno":"9","salary":"Rs.676767","pincode":"560103","userid":"31nk6sGTbT6SkjpQmUEj","id":"SuQLVpIoPKr0aK0gaxpB"},{"accountno":"ABC-Oct2022","departmentno":"6","salary":"1550","pincode":"573201","userid":"Frk5pP77cBRENli1BuA8","id":"NfvOgno1LVx8WuqnICrj"},{"accountno":"ABC-1223344555","departmentno":10,"salary":15011,"pincode":573201,"userid":"gc9SyliI1Cp2Qki8ZiPP","id":"t5uwBCrF3qYxL0zKRqxc"},{"accountno":"KS-33333333","departmentno":"0","salary":"1000000","pincode":"620009","userid":"HYeLljJlc2Wy9Be5zC3t","id":"jo5Bb8vDjrdqQlrBcKRu"},{"accountno":"TA-987654","departmentno":"420","salary":"00000","pincode":"560103","userid":"31nk6sGTbT6SkjpQmUEj","id":"wemAFmkzgD5k57xQ6Zel"},{"accountno":"s-656576","departmentno":"8","salary":"20007","pincode":"342134","userid":"qqShhCOtZlo5c06IIs3d","id":"8c7cpm81b1GHgfhx6nFf"},{"accountno":"s-656576","departmentno":"8","salary":"20007","pincode":"342134","userid":"qqShhCOtZlo5c06IIs3d","id":"ZDnKrhtW144iShPLxmoC"},{"accountno":"TA-112233","departmentno":"1","salary":"11223","pincode":"112233","userid":"31nk6sGTbT6SkjpQmUEj","id":"xrB2Z7NhcD3HmmH1NMtq"},{"accountno":"TA-6767455","departmentno":"3","salary":"23232","pincode":"543245","userid":"6tHOlvfm7rNgmNK9g24e","id":"D50C6lTFnqEf0Xrr8DQV"},{"accountno":"S-111111126","departmentno":6,"salary":40000,"pincode":342133,"userid":"KVtxTguv720lkeVVP3so","id":"kQ21oTiYDBJXLc8jZz9j"},{"accountno":"S-11111115","departmentno":"5","salary":"500000","pincode":"342345","userid":"KVtxTguv720lkeVVP3so","id":"1BCT0dhtCyAy96VsrE4X"},{"accountno":"S-11111112","departmentno":1,"salary":200000,"pincode":342134,"userid":"KVtxTguv720lkeVVP3so","id":"051ky64tWn083bwpdmub"},{"accountno":"TA-1111111","departmentno":"2","salary":"10000","pincode":"573201","userid":"gc9SyliI1Cp2Qki8ZiPP","id":"iCQ9Gkp9fIRIqt7Q66UE"},{"accountno":"Sister-oct2022","departmentno":"888","salary":"100000","pincode":"200","userid":"taGX4XQQfXD3Z76sI1Xn","id":"Fy4nFo6Hbygs7MB9JR6J"},{"accountno":"TA-1919191","departmentno":"1","salary":"11223","pincode":"987657","userid":"6tHOlvfm7rNgmNK9g24e","id":"CQMjfTjPu9xAs0TXAc37"},{"accountno":"TC-1223344555","departmentno":"6","salary":"1500","pincode":"573201","userid":"gc9SyliI1Cp2Qki8ZiPP","id":"RVXWOI6gE0cr9uS5Q5y7"},{"accountno":"TB-1223344555","departmentno":10,"salary":1500,"pincode":573201,"userid":"gc9SyliI1Cp2Qki8ZiPP","id":"68ZRhbr5qPrr3umw8p3M"},{"accountno":"TA-123344","departmentno":"8","salary":"4500","pincode":"573201","userid":"gc9SyliI1Cp2Qki8ZiPP","id":"q0qf6eegWZMpZPpKK871"},{"accountno":"S-11111112","departmentno":"8","salary":"100000","pincode":"621199","userid":"KVtxTguv720lkeVVP3so","id":"809t2Qo4R9GUwU3PGk9I"},{"accountno":"S-11111111","departmentno":"7","salary":"100000","pincode":"621190","userid":"KVtxTguv720lkeVVP3so","id":"AgUreJxewV6mMXXcaFDy"},{"accountno":"BN-1234535","departmentno":"7","salary":"12190","pincode":"123458","userid":"wvTE1ZsqbgfOMtiFejpq","id":"fhOBLFlMCbSxJEORfamN"},{"accountno":"TA-2342344","departmentno":"1","salary":"2134","pincode":"234123","userid":"taGX4XQQfXD3Z76sI1Xn","id":"Hj97bbwnJ3TO00cxFXOq"},{"accountno":"BN-1234535","departmentno":"7","salary":"12190","pincode":"123458","userid":"wvTE1ZsqbgfOMtiFejpq","id":"1g7hiFoCXgkswnYzWRKk"},{"accountno":"BN-1234535","departmentno":"7","salary":"12190","pincode":"123458","userid":"wvTE1ZsqbgfOMtiFejpq","id":"iHWlJBjWFnufIUjpR8U5"},{"accountno":"BN-1234535","departmentno":"7","salary":"12190","pincode":"123458","userid":"wvTE1ZsqbgfOMtiFejpq","id":"reCUjFRRm32TpUSJ7Cq1"},{"accountno":"BN-1234535","departmentno":"7","salary":"12190","pincode":"123458","userid":"wvTE1ZsqbgfOMtiFejpq","id":"n6Lz9lrS05UGYYIEshQ5"},{"accountno":"BN-1234535","departmentno":"7","salary":"12190","pincode":"123458","userid":"wvTE1ZsqbgfOMtiFejpq","id":"POZMJawSGrbXybLuDQx5"},{"accountno":"TA-1113332","departmentno":"1","salary":"111","pincode":"111111","userid":"zUBiRdETa8r6GX7I1uw0","id":"IG6fcDvMkYg8xE9uqxdT"},{"accountno":"BN-1234535","departmentno":"7","salary":"12190","pincode":"123458","userid":"wvTE1ZsqbgfOMtiFejpq","id":"3FxYjB1gcXZnOsY0Pld8"},{"accountno":"BN-1234535","departmentno":"7","salary":"12190","pincode":"123458","userid":"wvTE1ZsqbgfOMtiFejpq","id":"SR2Eoxz8IdUZbcgV5VfJ"},{"accountno":"TA-Aug2333","departmentno":"4","salary":"7890","pincode":"123123","userid":"R3zHMCMybn4kzH04QFyi","id":"7lNLwHKhBif9pktXE2D7"},{"accountno":"BN-1234535","departmentno":"7","salary":"12190","pincode":"123458","userid":"wvTE1ZsqbgfOMtiFejpq","id":"GwrNw0ZmFQFeEIaePN4b"},{"accountno":"BN-1234535","departmentno":"7","salary":"12190","pincode":"123458","userid":"wvTE1ZsqbgfOMtiFejpq","id":"gdwkRxf5949k7Ln3mFwn"},{"accountno":"BN-1234535","departmentno":"7","salary":"12190","pincode":"123458","userid":"wvTE1ZsqbgfOMtiFejpq","id":"AxY1x9fI5YuQMuTTWO33"},{"accountno":"BN-1234535","departmentno":"7","salary":"12190","pincode":"123458","userid":"wvTE1ZsqbgfOMtiFejpq","id":"vlbiJOZt2qrZSUqE3Efv"},{"accountno":"TA-MAOCT2022","departmentno":"3","salary":"1002","pincode":"11113","userid":"lkdMZtNGN68KOuyoTHUF","id":"Ij36MedC2duB1gurZOSO"},{"accountno":"TA-Aug2202","departmentno":"1","salary":"5000","pincode":"123123","userid":"kDQiLKKblSyJulFjTqRB","id":"HxoVHhVU8o9oAnfE0Q4s"},{"accountno":"BN-1234535","departmentno":"7","salary":"12190","pincode":"123458","userid":"wvTE1ZsqbgfOMtiFejpq","id":"F7Ej2engsnECzkJFWPSd"},{"accountno":"DA-7333333","departmentno":"3","salary":"30000","pincode":"305077","userid":"9M0UYcQiX1yGh3aiXJWZ","id":"ot0cCIub1APBtkZdhbH7"},{"accountno":"DA-7333333","departmentno":"3","salary":"30000","pincode":"305077","userid":"9M0UYcQiX1yGh3aiXJWZ","id":"dHBXL2OZyTeniF96ntvp"},{"accountno":"TA-900000","departmentno":"2","salary":"15000","pincode":"321321","userid":"vTqHKffvK4WIXGi0xuLU","id":"IULYddGyIflowtQwjGg6"},{"accountno":"TA-900000","departmentno":"2","salary":"15000","pincode":"321321","userid":"vTqHKffvK4WIXGi0xuLU","id":"VEddGyntf5fYLqV6V6DH"},{"accountno":"BN-1234535","departmentno":"7","salary":"12190","pincode":"123458","userid":"wvTE1ZsqbgfOMtiFejpq","id":"0TZsg3dglisePA4A7O80"},{"accountno":"BN-1234535","departmentno":"7","salary":"12190","pincode":"123458","userid":"wvTE1ZsqbgfOMtiFejpq","id":"OSR58WetFFgLPBMaOtYQ"},{"accountno":"8493028","departmentno":"4","salary":"6823224","pincode":"2492636","userid":"y4iCOSfi7YZ6cE7eHQEq","id":"6wupkRYtuppVCE1jYi76"},{"accountno":"6196968","departmentno":"9","salary":"0054798","pincode":"1586967","userid":"y4iCOSfi7YZ6cE7eHQEq","id":"3YGI1bHgVMOidqssKNeh"},{"accountno":"2133908","departmentno":"6","salary":"9550099","pincode":"4617327","userid":"y4iCOSfi7YZ6cE7eHQEq","id":"MG1f02b88FW6cKdlY2ua"},{"accountno":"9137096","departmentno":"3","salary":"6813484","pincode":"7193296","userid":"y4iCOSfi7YZ6cE7eHQEq","id":"ie09zIUmxiEmjFPdRpUc"},{"accountno":"BN-1234535","departmentno":"7","salary":"12190","pincode":"123458","userid":"wvTE1ZsqbgfOMtiFejpq","id":"bzGgB7S4psrEdEPKdPk8"},{"accountno":"BN-1234535","departmentno":"7","salary":"12190","pincode":"123458","userid":"wvTE1ZsqbgfOMtiFejpq","id":"yGQmOuPK4s3f8aOYiLJx"},{"accountno":"BN-1234535","departmentno":"7","salary":"12190","pincode":"123458","userid":"wvTE1ZsqbgfOMtiFejpq","id":"T7b1ReDym9sxSPEvY1A6"},{"accountno":"BN-1234535","departmentno":"7","salary":"12190","pincode":"123458","userid":"wvTE1ZsqbgfOMtiFejpq","id":"0ahbuwn9C8FC8XIcCZZL"},{"accountno":"BN-1234535","departmentno":"7","salary":"12190","pincode":"123458","userid":"wvTE1ZsqbgfOMtiFejpq","id":"Ia6KaK3QlUzq7n6e89Yu"},{"accountno":"BN-1234535","departmentno":"7","salary":"12190","pincode":"123458","userid":"wvTE1ZsqbgfOMtiFejpq","id":"lVDO5F2WrALpEpeh4sfE"},{"accountno":"BN-1234535","departmentno":"7","salary":"12190","pincode":"123458","userid":"wvTE1ZsqbgfOMtiFejpq","id":"mIidsC2C6MMMoRrlVuQD"},{"accountno":"BN-1234535","departmentno":"7","salary":"12190","pincode":"123458","userid":"wvTE1ZsqbgfOMtiFejpq","id":"HeShV6tgJ6SXhaGI0jIp"},{"accountno":"TA-5555666","departmentno":"5","salary":"5566","pincode":"555666","userid":"ykzjcgcS2z5nTA3D5ugS","id":"jiYMJygRFtJMFVOesNXs"},{"accountno":"TA-5555666","departmentno":555666,"salary":7000,"pincode":111111,"userid":"ykzjcgcS2z5nTA3D5ugS","id":"jmekVjI8beI2pxh4xYEk"},{"accountno":"TA-5555665","departmentno":"2","salary":"77777","pincode":"123456","userid":"ykzjcgcS2z5nTA3D5ugS","id":"NUO4drOgzYZJ3Mg6ibQa"},{"accountno":"TA-5555555","departmentno":"2","salary":"5555","pincode":"123456","userid":"ykzjcgcS2z5nTA3D5ugS","id":"vQpvsx003UAcvGVrA8sC"},{"accountno":"TA-7777777","departmentno":"2","salary":"7777","pincode":"123456","userid":"ykzjcgcS2z5nTA3D5ugS","id":"KcCZgtG0lUD1r62m2J0O"},{"accountno":"TA-7777777","departmentno":"2","salary":"7777","pincode":"123456","userid":"ykzjcgcS2z5nTA3D5ugS","id":"i10B3qDMxXnQ9JUDT29z"},{"accountno":"TA-7777777","departmentno":"2","salary":"7777","pincode":"123456","userid":"ykzjcgcS2z5nTA3D5ugS","id":"v5VVaqqXoNSZ8wnmdp7e"},{"accountno":"TA-5555555","departmentno":"2","salary":"5555","pincode":"123456","userid":"ykzjcgcS2z5nTA3D5ugS","id":"0nLm9OL8in5S5P1Cnxrv"},{"accountno":"BN-1234535","departmentno":"7","salary":"12190","pincode":"123458","userid":"wvTE1ZsqbgfOMtiFejpq","id":"ujzDk74xrLQezPKaL1QG"},{"accountno":"TA-Abc2010","departmentno":"2","salary":"5000","pincode":"123123","userid":"7LkKZstp6lg3wBsHDSSv","id":"jzwcXs0xOR7UaOsfcCAs"},{"accountno":"BN-1234535","departmentno":"7","salary":"12190","pincode":"123458","userid":"wvTE1ZsqbgfOMtiFejpq","id":"HHa52p8BFTm8CZArFJWr"},{"accountno":"TA-Abc2010","departmentno":"2","salary":"5000","pincode":"123123","userid":"7LkKZstp6lg3wBsHDSSv","id":"Ys8lULxMUZeUtzVlaDnL"},{"accountno":"BN-1234535","departmentno":"7","salary":"12190","pincode":"123458","userid":"wvTE1ZsqbgfOMtiFejpq","id":"tGxNMTNY4TlrqmCb6Z7T"},{"accountno":"HS-1","departmentno":"2666","salary":"123456","pincode":"515001","userid":"hnX1SdQ0Xo7c6zYPAech","id":"NIMajeFBl1mdZMseUobN"},{"accountno":"BN-1234535","departmentno":"7","salary":"12190","pincode":"123458","userid":"wvTE1ZsqbgfOMtiFejpq","id":"9vTBoj5NCslIOgCFIRT7"},{"accountno":"BN-1234535","departmentno":"7","salary":"12190","pincode":"123458","userid":"wvTE1ZsqbgfOMtiFejpq","id":"pEIV5U5GsG9U8ftBGjT3"},{"accountno":"TA-yyy45YA","departmentno":"8","salary":"200","pincode":"1234567","userid":"mddlQN2Zj76KEXtOVpXf","id":"Cxp1Y7hTxsGzjjjAACcV"},{"accountno":"TA-Abc1111","departmentno":"3","salary":"7000","pincode":"123123","userid":"7LkKZstp6lg3wBsHDSSv","id":"nmo6vsrJETCZBDxQ2xzb"},{"accountno":"TA-Abc2010","departmentno":"2","salary":"5000","pincode":"123123","userid":"7LkKZstp6lg3wBsHDSSv","id":"NZaZ4B9Q2na9GGYITuOB"},{"accountno":"TA-yyy45YA","departmentno":"8","salary":"200","pincode":"1234567","userid":"mddlQN2Zj76KEXtOVpXf","id":"1R2iiQaptXBXbPWCsMdB"},{"accountno":"TA-900000","departmentno":"2","salary":"15000","pincode":"321321","userid":"vTqHKffvK4WIXGi0xuLU","id":"qvDgkCTj7Y8bIA4oXqME"},{"accountno":"TA-900000","departmentno":"2","salary":"15000","pincode":"321321","userid":"vTqHKffvK4WIXGi0xuLU","id":"BuVoR2UI9CkxBKa16vXv"},{"accountno":"TA-900000","departmentno":"2","salary":"15000","pincode":"321321","userid":"A8iCeVlRmnduXnSAJLet","id":"jDfQ6E1zSc5x9RH8DLFy"},{"accountno":"TA-900000","departmentno":"2","salary":"15000","pincode":"321321","userid":"vTqHKffvK4WIXGi0xuLU","id":"xNTWDHkqfwl2KnU3ivzZ"},{"accountno":"TA-yyy45YA","departmentno":"8","salary":"200","pincode":"1234567","userid":"mddlQN2Zj76KEXtOVpXf","id":"SRybdundNLYAT1AzJ0Cv"},{"accountno":"TA-900000","departmentno":"2","salary":"15000","pincode":"321321","userid":"vTqHKffvK4WIXGi0xuLU","id":"UJgF56g3hHjZexsYc1In"},{"accountno":"TA-900000","departmentno":"2","salary":"15000","pincode":"321321","userid":"vTqHKffvK4WIXGi0xuLU","id":"a52fzNSNSj13GoBbxerC"},{"accountno":"TA-900000","departmentno":"2","salary":"15000","pincode":"321321","userid":"vTqHKffvK4WIXGi0xuLU","id":"yfsal6McByy7D3YWQV4o"},{"accountno":"TA-900000","departmentno":"2","salary":"15000","pincode":"321321","userid":"vTqHKffvK4WIXGi0xuLU","id":"g4ZyTV6Vme4gR883Z5P5"},{"accountno":"TA-900000","departmentno":"2","salary":"15000","pincode":"321321","userid":"vTqHKffvK4WIXGi0xuLU","id":"7gEnjgJAcptrd0pQKv0h"},{"accountno":"TA-900000","departmentno":"2","salary":"15000","pincode":"321321","userid":"vTqHKffvK4WIXGi0xuLU","id":"qonR6cdidHDCIXHvI7Dp"},{"accountno":"TA-900000","departmentno":"2","salary":"15000","pincode":"321321","userid":"vTqHKffvK4WIXGi0xuLU","id":"RsaLMoIZkPXu08Lbut4y"},{"accountno":"TA-900000","departmentno":"2","salary":"15000","pincode":"321321","userid":"vTqHKffvK4WIXGi0xuLU","id":"b0fsH2hasJwtWOs5srIV"},{"accountno":"TA-900000","departmentno":"2","salary":"15000","pincode":"321321","userid":"vTqHKffvK4WIXGi0xuLU","id":"BN7FHRBCkDBcAXA4IiOQ"},{"accountno":"TA-900000","departmentno":"2","salary":"15000","pincode":"321321","userid":"vTqHKffvK4WIXGi0xuLU","id":"oyrFfpdQ0xEKj6NP6ARj"},{"accountno":"TA-900000","departmentno":"2","salary":"15000","pincode":"321321","userid":"vTqHKffvK4WIXGi0xuLU","id":"6zLqRMaOtjQXt0aBy2MH"},{"accountno":"TA-900000","departmentno":"2","salary":"15000","pincode":"321321","userid":"vTqHKffvK4WIXGi0xuLU","id":"snwCvshWota4Ox2OOjxc"},{"accountno":"TA-900000","departmentno":"2","salary":"15000","pincode":"321321","userid":"vTqHKffvK4WIXGi0xuLU","id":"W50WN0bz4cx5HGSm6QAp"},{"accountno":"TA-900000","departmentno":"2","salary":"15000","pincode":"321321","userid":"vTqHKffvK4WIXGi0xuLU","id":"fMnCOP1OGqcky9pRcBPJ"},{"accountno":"TA-900000","departmentno":"2","salary":"15000","pincode":"321321","userid":"vTqHKffvK4WIXGi0xuLU","id":"RIImxu2rcnS49yogB8Vm"},{"accountno":"TA-900000","departmentno":"2","salary":"15000","pincode":"321321","userid":"vTqHKffvK4WIXGi0xuLU","id":"yntd31jS5McntJAu6fcq"},{"accountno":"TA-900000","departmentno":"2","salary":"15000","pincode":"321321","userid":"vTqHKffvK4WIXGi0xuLU","id":"X9Gv9HH1sjPGP4NH2lBM"},{"accountno":"TA-900000","departmentno":"2","salary":"15000","pincode":"321321","userid":"vTqHKffvK4WIXGi0xuLU","id":"DFTU3ZDvo2MSFaec6Nxc"},{"accountno":"TA-900000","departmentno":"2","salary":"15000","pincode":"321321","userid":"vTqHKffvK4WIXGi0xuLU","id":"Khogkqi7ihhregeV27Sa"},{"accountno":"TA-900000","departmentno":"2","salary":"15000","pincode":"321321","userid":"vTqHKffvK4WIXGi0xuLU","id":"QQJL79wZ6CR3sxTe9DRb"},{"accountno":"pr-2323232","departmentno":3,"salary":2345600000,"pincode":121212,"userid":"lFrriDTCYr6R4iozUsUv","id":"M6Zzf4I13Kg3Io71Jer1"},{"accountno":"TA-sh12345","departmentno":3,"salary":12300000,"pincode":123456,"userid":"lFrriDTCYr6R4iozUsUv","id":"15sqzH091R0ySDBWYwdF"},{"accountno":"BN-1234535","departmentno":"7","salary":"12190","pincode":"123458","userid":"wvTE1ZsqbgfOMtiFejpq","id":"1nC5BIcAXHBUupdmEQRa"},{"accountno":"TA-Aug2202","departmentno":"1","salary":"5000","pincode":"123123","userid":"kDQiLKKblSyJulFjTqRB","id":"pNHKPVlQmOBhDBV3Xgv0"},{"accountno":"TA-Aug2202","departmentno":"1","salary":"5000","pincode":"123123","userid":"kDQiLKKblSyJulFjTqRB","id":"ni3G7wyRDAY2GLVEMxwF"},{"accountno":"TA-Abc2010","departmentno":"2","salary":"5000","pincode":"123123","userid":"7LkKZstp6lg3wBsHDSSv","id":"WEHq1QVf6SCTpIYy1zrK"},{"accountno":"TA-Aug2202","departmentno":"1","salary":"5000","pincode":"123123","userid":"kDQiLKKblSyJulFjTqRB","id":"U0XBRHw6DwdmHvX1oupz"},{"accountno":"TA-Aug3238","departmentno":"2","salary":"1000","pincode":"242428","userid":"zhFI4oQlHjP2cn3mW3GP","id":"WCCs7Jv5tiiSJm00eMfV"},{"accountno":"TA-Aug2201","departmentno":"1","salary":"5000","pincode":"123123","userid":"kDQiLKKblSyJulFjTqRB","id":"yIRssuKaA8VgOuo9InPk"},{"accountno":"TA-Aug2201","departmentno":"1","salary":"5000","pincode":"123123","userid":"kDQiLKKblSyJulFjTqRB","id":"pjqRAeW5ouVESw4bALvw"},{"accountno":"TA-Aug2201","departmentno":"1","salary":"5000","pincode":"123123","userid":"kDQiLKKblSyJulFjTqRB","id":"9YaLhXxHwhQ3DMUpNPKu"},{"accountno":"TA-Abc2011","departmentno":"2","salary":"5100","pincode":"123123","userid":"Bu7YqKvWvrkCmXSzTgNR","id":"nfwnzu6rU1KJTRbZvdOc"},{"accountno":"TA-Aug3237","departmentno":"2","salary":"1000","pincode":"242428","userid":"zhFI4oQlHjP2cn3mW3GP","id":"GEhZ5iv7Fz2oQAu4ys1F"},{"accountno":"TA-A101221","departmentno":"1","salary":"1000","pincode":"242425","userid":"nus0xnliFkRlVMBkpbYC","id":"SCJy9hRomQK1utfzU8lI"},{"accountno":"TA-Abc2011","departmentno":"2","salary":"5100","pincode":"123123","userid":"Bu7YqKvWvrkCmXSzTgNR","id":"isQfKdZhjG243NNINTcB"},{"accountno":"TA-Abc2011","departmentno":"2","salary":"5100","pincode":"123123","userid":"Bu7YqKvWvrkCmXSzTgNR","id":"4D6I63nSLC8G2AtA2t9H"},{"accountno":"TA-Abc2011","departmentno":"2","salary":"5100","pincode":"123123","userid":"Bu7YqKvWvrkCmXSzTgNR","id":"E6RQihccBLdEikJocSyw"},{"accountno":"TA-Abc2011","departmentno":"2","salary":"5100","pincode":"123123","userid":"Bu7YqKvWvrkCmXSzTgNR","id":"qrNjSbH8UumSWcYl3euH"},{"accountno":"TA-Abc2011","departmentno":"2","salary":"5100","pincode":"123123","userid":"Bu7YqKvWvrkCmXSzTgNR","id":"Sou9H3hyQc8YgV014Ow1"},{"accountno":"TA-Abc2011","departmentno":"2","salary":"5100","pincode":"123123","userid":"Bu7YqKvWvrkCmXSzTgNR","id":"yV0JVy2rBK22tY90u8c8"},{"accountno":"TA-Abc2011","departmentno":"2","salary":"5100","pincode":"123123","userid":"Bu7YqKvWvrkCmXSzTgNR","id":"8mWl8gwEfzmowKXc2RXf"},{"accountno":"TA-aug2027","departmentno":"4","salary":"3000","pincode":"424244","userid":"zhFI4oQlHjP2cn3mW3GP","id":"3JAimm1Ok7mOxQCuFdiI"},{"accountno":"TA-Abc2011","departmentno":"2","salary":"5100","pincode":"123123","userid":"Bu7YqKvWvrkCmXSzTgNR","id":"yserbbgzpXgR9d30iW5v"},{"accountno":"TA-Abc2011","departmentno":"2","salary":"5100","pincode":"123123","userid":"Bu7YqKvWvrkCmXSzTgNR","id":"4Dkt5WUfTJ9obQURaJgA"},{"accountno":"TA-Abc2011","departmentno":"2","salary":"5100","pincode":"123123","userid":"Bu7YqKvWvrkCmXSzTgNR","id":"k6g7jbzOflO01aDOhmHe"},{"accountno":"TA-AGU2025","departmentno":"5","salary":"3000","pincode":"123456","userid":"mddlQN2Zj76KEXtOVpXf","id":"WtY8Y6xef2y5NIVG4QYH"},{"accountno":"TA-Abc2011","departmentno":"2","salary":"5100","pincode":"123123","userid":"Bu7YqKvWvrkCmXSzTgNR","id":"Bz8HUQK4igxkRVzgwgLB"},{"accountno":"TA-Abc2011","departmentno":"2","salary":"5100","pincode":"123123","userid":"Bu7YqKvWvrkCmXSzTgNR","id":"8HG7HNVEUXJlGASEo3KS"},{"accountno":"TA-Abc2011","departmentno":"2","salary":"5100","pincode":"123123","userid":"Bu7YqKvWvrkCmXSzTgNR","id":"fup3IBIZ04pkYjQK2oi3"},{"accountno":"TA-Abc2011","departmentno":"2","salary":"5100","pincode":"123123","userid":"Bu7YqKvWvrkCmXSzTgNR","id":"ipAhEqaQMzObVt7xpyvN"},{"accountno":"TA-Abc2011","departmentno":"2","salary":"5100","pincode":"123123","userid":"Bu7YqKvWvrkCmXSzTgNR","id":"M27ySXl9w8gzdwp77lei"},{"accountno":"TA-Abc2011","departmentno":"2","salary":"5100","pincode":"123123","userid":"Bu7YqKvWvrkCmXSzTgNR","id":"nAVpe7itzO9TRVVjF7Ee"},{"accountno":"TA-900000","departmentno":"2","salary":"15000","pincode":"321321","userid":"vTqHKffvK4WIXGi0xuLU","id":"jwLj8Qsp5Jxhh36psKfS"},{"accountno":"TA-Abc2011","departmentno":"2","salary":"5100","pincode":"123123","userid":"Bu7YqKvWvrkCmXSzTgNR","id":"tbKY5zllLbLO6caWxTWu"},{"accountno":"TA-900000","departmentno":"2","salary":"15000","pincode":"321321","userid":"vTqHKffvK4WIXGi0xuLU","id":"VBetT7BKMuq9yhzVrZ0y"},{"accountno":"TA-900000","departmentno":"2","salary":"15000","pincode":"321321","userid":"vTqHKffvK4WIXGi0xuLU","id":"WxMrlMdKhoMgttu9tMrE"},{"accountno":"TA-Abc2011","departmentno":"2","salary":"5100","pincode":"123123","userid":"Bu7YqKvWvrkCmXSzTgNR","id":"FQ6U2rDc4zb8TVUKFifX"},{"accountno":"TA-Abc2011","departmentno":"2","salary":"5100","pincode":"123123","userid":"Bu7YqKvWvrkCmXSzTgNR","id":"Y8XNqVyXsRtKkZD5aWqL"},{"accountno":"TA-900000","departmentno":"2","salary":"15000","pincode":"321321","userid":"vTqHKffvK4WIXGi0xuLU","id":"i7NEby1B3IDgY8JJQlhc"},{"accountno":"TA-900000","departmentno":"2","salary":"15000","pincode":"321321","userid":"vTqHKffvK4WIXGi0xuLU","id":"6WcbR7bOpK03hiRZAZGX"},{"accountno":"TA-Abc2011","departmentno":"2","salary":"5100","pincode":"123123","userid":"Bu7YqKvWvrkCmXSzTgNR","id":"YeSFw7n1RihfvaUiC9iM"},{"accountno":"TA-900000","departmentno":"2","salary":"15000","pincode":"321321","userid":"vTqHKffvK4WIXGi0xuLU","id":"7VCBzXrjsgHblewkQK3m"},{"accountno":"TA-900000","departmentno":"2","salary":"15000","pincode":"321321","userid":"vTqHKffvK4WIXGi0xuLU","id":"SV8gSvDeuJQHQgOvS79v"},{"accountno":"TA-900000","departmentno":"2","salary":"15000","pincode":"321321","userid":"vTqHKffvK4WIXGi0xuLU","id":"UipVt6DIGKlMAYaKynWA"},{"accountno":"TA-Abc2011","departmentno":"2","salary":"5100","pincode":"123123","userid":"Bu7YqKvWvrkCmXSzTgNR","id":"64XbfldYKL3D7lc6aupR"},{"accountno":"TA-Abc2011","departmentno":"2","salary":"5100","pincode":"123123","userid":"Bu7YqKvWvrkCmXSzTgNR","id":"s5KxnHzBJUj5wQMYRpyU"},{"accountno":"TA-Abc2011","departmentno":"2","salary":"5100","pincode":"123123","userid":"Bu7YqKvWvrkCmXSzTgNR","id":"Ev6V4cBsHVckM3NPRAWf"},{"accountno":"TA-Abc2011","departmentno":"2","salary":"5100","pincode":"123123","userid":"Bu7YqKvWvrkCmXSzTgNR","id":"OZFbmIlcGuYP8hOxHuay"},{"accountno":"TA-Abc2011","departmentno":"2","salary":"5100","pincode":"123123","userid":"Bu7YqKvWvrkCmXSzTgNR","id":"TkBwk2Cj25Zn4fCelN7r"},{"accountno":"TA-Aug2001","departmentno":"4","salary":"159515","pincode":"123432","userid":"Bu7YqKvWvrkCmXSzTgNR","id":"NjCsz8jKBC1oM91AvVAA"},{"accountno":"TA-Abc2010","departmentno":"2","salary":"5000","pincode":"123123","userid":"7LkKZstp6lg3wBsHDSSv","id":"PItnnFDUFICey13oK04I"},{"accountno":"TA-Abc2010","departmentno":"2","salary":"5000","pincode":"123123","userid":"7LkKZstp6lg3wBsHDSSv","id":"AxYe6DMnaQbma77Tm1bx"},{"accountno":"TA-Abc2010","departmentno":"2","salary":"5000","pincode":"123123","userid":"7LkKZstp6lg3wBsHDSSv","id":"RgB9jUVPZ85AisMhuErI"},{"accountno":"TA-900000","departmentno":"2","salary":"15000","pincode":"321321","userid":"vTqHKffvK4WIXGi0xuLU","id":"69xnsH78DcEnPiRen7wR"},{"accountno":"TA-900000","departmentno":"2","salary":"15000","pincode":"321321","userid":"vTqHKffvK4WIXGi0xuLU","id":"tudsyXhHcsRMzI7R2Zxa"},{"accountno":"TA-900000","departmentno":"4","salary":"15000","pincode":"321321","userid":"vTqHKffvK4WIXGi0xuLU","id":"soMsAnYO4atqBiaZ1NDs"},{"accountno":"TA-900000","departmentno":"2","salary":"15000","pincode":"321321","userid":"vTqHKffvK4WIXGi0xuLU","id":"JHfq7ABISe5Z955kmU5y"},{"accountno":"TA-900000","departmentno":"2","salary":"15000","pincode":"321321","userid":"vTqHKffvK4WIXGi0xuLU","id":"VOxPjX7bGK7XNSTQRngr"},{"accountno":"TA-900000","departmentno":"2","salary":"15000","pincode":"321321","userid":"vTqHKffvK4WIXGi0xuLU","id":"mx5Lcc34LyGuvS9eLJXF"},{"accountno":"TA-Abc2010","departmentno":"2","salary":"5000","pincode":"123123","userid":"7LkKZstp6lg3wBsHDSSv","id":"bXx8EL3jE78jCiMT0EQI"},{"accountno":"TA-Abc2010","departmentno":"2","salary":"5000","pincode":"123123","userid":"7LkKZstp6lg3wBsHDSSv","id":"oXSbtZmpxHInvD6Zoz4C"},{"accountno":"TA-Abc2010","departmentno":"2","salary":"5000","pincode":"123123","userid":"7LkKZstp6lg3wBsHDSSv","id":"Gv23xMHDUhON5fmAPZTP"},{"accountno":"TA-Abc2010","departmentno":"2","salary":"5000","pincode":"123123","userid":"7LkKZstp6lg3wBsHDSSv","id":"VYezIO4TXBTrepNT8Usw"},{"accountno":"TA-Abc2010","departmentno":"2","salary":"5000","pincode":"123123","userid":"7LkKZstp6lg3wBsHDSSv","id":"22x6ttcTDUyV8Dy2G5ET"},{"accountno":"TA-Abc2010","departmentno":"2","salary":"5000","pincode":"123123","userid":"7LkKZstp6lg3wBsHDSSv","id":"5ZETOm91S94XpyqCitwk"},{"accountno":"TA-900000","departmentno":"7","salary":"19000","pincode":"321321","userid":"vTqHKffvK4WIXGi0xuLU","id":"Bf7FQbjozJsFWRfn6CKm"},{"accountno":"TA-Abc2010","departmentno":"2","salary":"5000","pincode":"","userid":"7LkKZstp6lg3wBsHDSSv","id":"AMWfvI1W8Rkb9ZSIfkIM"},{"accountno":"","departmentno":"","salary":"","pincode":"","userid":"7LkKZstp6lg3wBsHDSSv","id":"g43Pgs25OKfNldFg9ilS"},{"accountno":"TA-Abc1111","departmentno":"3","salary":"7000","pincode":"123123","userid":"7LkKZstp6lg3wBsHDSSv","id":"hZ5LDwwnquY9sLUoCpBo"},{"accountno":"TA-Abc1111","departmentno":"3","salary":"7000","pincode":"123123","userid":"7LkKZstp6lg3wBsHDSSv","id":"KD8Wi5WnDJJqLOkfDgu5"},{"accountno":"TA-900000","departmentno":"4","salary":"15000","pincode":"321321","userid":"vTqHKffvK4WIXGi0xuLU","id":"3WiLPkQ3X1PAlcsXx9GK"},{"accountno":"TA-900000","departmentno":"4","salary":"15000","pincode":"321321","userid":"vTqHKffvK4WIXGi0xuLU","id":"X85pcgyXVMNQoYpv5W3X"},{"accountno":"TA-900000","departmentno":"2","salary":"15000","pincode":"321321","userid":"vTqHKffvK4WIXGi0xuLU","id":"hFbgypYh0wzksQitqAGC"},{"accountno":"TA-900000","departmentno":"2","salary":"15000","pincode":"321321","userid":"vTqHKffvK4WIXGi0xuLU","id":"RQDClSFsRHBgs2p0rtDR"},{"accountno":"TA-900000","departmentno":"4","salary":"15000","pincode":"321321","userid":"vTqHKffvK4WIXGi0xuLU","id":"J653nkdlWk3HSWUv5W0y"},{"accountno":"TA-900000","departmentno":"2","salary":"15000","pincode":"321321","userid":"vTqHKffvK4WIXGi0xuLU","id":"B3bUDf7O43cr9BHd9vq0"},{"accountno":"TA-900000","departmentno":"2","salary":"15000","pincode":"321321","userid":"vTqHKffvK4WIXGi0xuLU","id":"NlaUtagJXR8heTp4JO4P"},{"accountno":"TA-900000","departmentno":"4","salary":"15000","pincode":"321321","userid":"vTqHKffvK4WIXGi0xuLU","id":"rWq0W8o6mGzC0VUq1w4S"},{"accountno":"TA-900000","departmentno":"2","salary":"15000","pincode":"321321","userid":"vTqHKffvK4WIXGi0xuLU","id":"viwUjn5VXlUqV5ZQrJ8m"},{"accountno":"TA-900000","departmentno":"2","salary":"15000","pincode":"321321","userid":"vTqHKffvK4WIXGi0xuLU","id":"GhYNQo7Z6Gzf6MoH0UdD"},{"accountno":"TA-900000","departmentno":"2","salary":"15000","pincode":"321321","userid":"vTqHKffvK4WIXGi0xuLU","id":"KBEV3xDPsl5TBSgqnaJT"},{"accountno":"TA-900000","departmentno":"4","salary":"15000","pincode":"321321","userid":"vTqHKffvK4WIXGi0xuLU","id":"pdi8jtTqKBxFJehUxWJL"},{"accountno":"TA-900000","departmentno":"2","salary":"15000","pincode":"321321","userid":"vTqHKffvK4WIXGi0xuLU","id":"qkeLL3P5BM3HQIJh5F1o"},{"accountno":"TA-900000","departmentno":"2","salary":"15000","pincode":"321321","userid":"vTqHKffvK4WIXGi0xuLU","id":"DljiVqvWYJr8RWpiv60k"},{"accountno":"TA-900000","departmentno":"4","salary":"15000","pincode":"321321","userid":"vTqHKffvK4WIXGi0xuLU","id":"zLPpK1nl0HZEO3VWJpwp"},{"accountno":"TA-SP10011","departmentno":"1","salary":"655","pincode":"654321","userid":"mU6hIQUZQfsauAPg6TXX","id":"MtGLPnp8rqQiGaasiWrw"},{"accountno":"TA-900000","departmentno":"2","salary":"15000","pincode":"321321","userid":"vTqHKffvK4WIXGi0xuLU","id":"bLuonbEgJE1jrd32lurh"},{"accountno":"TA-900000","departmentno":"2","salary":"15000","pincode":"321321","userid":"vTqHKffvK4WIXGi0xuLU","id":"HenrBbZMzn6qxtNe3LOB"},{"accountno":"TA-900000","departmentno":"4","salary":"15000","pincode":"321321","userid":"vTqHKffvK4WIXGi0xuLU","id":"LjwICr9S3AgUMHn5MC5t"},{"accountno":"TA-900000","departmentno":"2","salary":"15000","pincode":"321321","userid":"vTqHKffvK4WIXGi0xuLU","id":"MVpp9odl8OsVqgaErZhz"},{"accountno":"TA-900000","departmentno":"2","salary":"15000","pincode":"321321","userid":"vTqHKffvK4WIXGi0xuLU","id":"MYrL3c5vsggbhpVLWkd6"},{"accountno":"TA-900000","departmentno":"2","salary":"15000","pincode":"321321","userid":"vTqHKffvK4WIXGi0xuLU","id":"TVO0uSZAS2lCVNXEHOs9"},{"accountno":"TA-900000","departmentno":"2","salary":"15000","pincode":"321321","userid":"vTqHKffvK4WIXGi0xuLU","id":"RjmuvXBzeBBehXpkUFmO"},{"accountno":"TA-900000","departmentno":"2","salary":"15000","pincode":"321321","userid":"vTqHKffvK4WIXGi0xuLU","id":"GJrn1bJEghRqTgcP8dOH"},{"accountno":"TA-900000","departmentno":"4","salary":"15000","pincode":"321321","userid":"vTqHKffvK4WIXGi0xuLU","id":"EcLcIl7bbzazgMWpJlJ7"},{"accountno":"TA-900000","departmentno":"2","salary":"15000","pincode":"321321","userid":"vTqHKffvK4WIXGi0xuLU","id":"SES3Y3WoB9FvruYCU93x"},{"accountno":"TA-900000","departmentno":"2","salary":"15000","pincode":"321321","userid":"vTqHKffvK4WIXGi0xuLU","id":"57BZRqKOxxB0SLDIYgb8"},{"accountno":"TA-900000","departmentno":"2","salary":"15000","pincode":"321321","userid":"vTqHKffvK4WIXGi0xuLU","id":"aYafLg3hCjN45VCJwX7o"},{"accountno":"TA-900000","departmentno":"2","salary":"15000","pincode":"321321","userid":"vTqHKffvK4WIXGi0xuLU","id":"IcFMRqNjwPAN3LbvPcPv"},{"accountno":"BN-1234535","departmentno":"7","salary":"12190","pincode":"123458","userid":"wvTE1ZsqbgfOMtiFejpq","id":"nVeFHCDBfHv75WymwdDz"},{"accountno":"TA-900000","departmentno":"2","salary":"15000","pincode":"321321","userid":"vTqHKffvK4WIXGi0xuLU","id":"iYrY5chU5KzlJlNASmL1"},{"accountno":"TA-900000","departmentno":"2","salary":"15000","pincode":"321321","userid":"vTqHKffvK4WIXGi0xuLU","id":"87GGdrTXNDdCS5Mc4WY7"},{"accountno":"TA-900000","departmentno":"2","salary":"15000","pincode":"321321","userid":"vTqHKffvK4WIXGi0xuLU","id":"2r9GPmJXivDSswLgH9Vy"},{"accountno":"TA-900000","departmentno":"2","salary":"15000","pincode":"321321","userid":"vTqHKffvK4WIXGi0xuLU","id":"619sNuS2OVd0ofZsxUJn"},{"accountno":"TA-900000","departmentno":"2","salary":"15000","pincode":"321321","userid":"vTqHKffvK4WIXGi0xuLU","id":"dyNIPPZkWh9IdQumq137"},{"accountno":"TA-900000","departmentno":"2","salary":"15000","pincode":"321321","userid":"vTqHKffvK4WIXGi0xuLU","id":"bLjbzBndIAOOrtOAEIUz"},{"accountno":"TA-900000","departmentno":"4","salary":"15000","pincode":"321321","userid":"vTqHKffvK4WIXGi0xuLU","id":"UqYUxr9KteQMM2TudsfX"},{"accountno":"TA-900000","departmentno":"2","salary":"15000","pincode":"321321","userid":"vTqHKffvK4WIXGi0xuLU","id":"n2OG39b4lVRBoUM3cnEv"},{"accountno":"TA-900000","departmentno":"2","salary":"15000","pincode":"321321","userid":"vTqHKffvK4WIXGi0xuLU","id":"Kn030X2DcgJtRFq6XNfQ"},{"accountno":"TA-900000","departmentno":"2","salary":"15000","pincode":"321321","userid":"vTqHKffvK4WIXGi0xuLU","id":"QkgdhpDWmv5A0Bxjmeza"},{"accountno":"TA-900000","departmentno":"2","salary":"15000","pincode":"321321","userid":"vTqHKffvK4WIXGi0xuLU","id":"pdzz4stjxlpr2zH4u3Pl"},{"accountno":"TA-900000","departmentno":"2","salary":"15000","pincode":"321321","userid":"vTqHKffvK4WIXGi0xuLU","id":"jXGb20haETiy42avvWIn"},{"accountno":"TA-900000","departmentno":"2","salary":"15000","pincode":"321321","userid":"vTqHKffvK4WIXGi0xuLU","id":"xyDXIAUhCmI2E75AFsrQ"},{"accountno":"TA-900000","departmentno":"2","salary":"15000","pincode":"321321","userid":"vTqHKffvK4WIXGi0xuLU","id":"ZAavaSbn7QzqAYB1B3Qb"},{"accountno":"TA-900000","departmentno":"2","salary":"15000","pincode":"321321","userid":"vTqHKffvK4WIXGi0xuLU","id":"OyRkcSqrPqyEJGn1xfCd"},{"accountno":"TA-900000","departmentno":"2","salary":"15000","pincode":"321321","userid":"vTqHKffvK4WIXGi0xuLU","id":"PNT0nKq1BO3DHqp8DfqO"},{"accountno":"TA-900000","departmentno":"2","salary":"15000","pincode":"321321","userid":"vTqHKffvK4WIXGi0xuLU","id":"D80Xj79AuaRZafZeZkWn"},{"accountno":"TA-Abc2202","departmentno":"2","salary":"5000","pincode":"123123","userid":"7LkKZstp6lg3wBsHDSSv","id":"mUpiIsLDwwUDpODVM2NZ"},{"accountno":"TA-wed3039","departmentno":"4","salary":"40000","pincode":"234567","userid":"eBRuYScWp9uBKFbSzbLs","id":"rpy591fnCugO8ejWJ1Qf"},{"accountno":"SS-9999999","departmentno":"8","salary":"1000","pincode":"111111","userid":"mU6hIQUZQfsauAPg6TXX","id":"IWbbaFNE3IvZYsmF83Tp"},{"accountno":"SS-9999999","departmentno":"8","salary":"1000","pincode":"111111","userid":"mU6hIQUZQfsauAPg6TXX","id":"DOf0Ds5ZbT6PMZhhGrTM"},{"accountno":"SS-9999999","departmentno":"8","salary":"1000","pincode":"111111","userid":"mU6hIQUZQfsauAPg6TXX","id":"pQlqz2d3onsERHuQyoIG"},{"accountno":"TA-MAOCT2022","departmentno":"2","salary":"1001","pincode":"11112","userid":"lkdMZtNGN68KOuyoTHUF","id":"Uks5d8Qj1aImQQwjJ5A3"},{"accountno":"TA-MAOCT2022","departmentno":"8","salary":"20008","pincode":"11111","userid":"lkdMZtNGN68KOuyoTHUF","id":"5OVpMzAfa84GorX6Br4v"},{"accountno":"TA-SP11111","departmentno":"1","salary":"655","pincode":"654321","userid":"mU6hIQUZQfsauAPg6TXX","id":"bbZPRqGyzoxb7uxD26Os"},{"accountno":"TA-900000","departmentno":"2","salary":"15000","pincode":"321321","userid":"vTqHKffvK4WIXGi0xuLU","id":"RcC5WJ3oyfCEgy30036I"},{"accountno":"DR-1000001","departmentno":"2","salary":"100000","pincode":"470002","userid":"yj4lLufi6vTtJtT0MKL8","id":"e8TcaMK1hn9LjomOdtgS"},{"accountno":"DR-1000001","departmentno":"2","salary":"100000","pincode":"470002","userid":"yj4lLufi6vTtJtT0MKL8","id":"G2KrAUIFNUJREWuKLMac"},{"accountno":"DR-1000001","departmentno":"2","salary":"100000","pincode":"470002","userid":"yj4lLufi6vTtJtT0MKL8","id":"HsHO02igbGucKK0rvDwp"},{"accountno":"DR-1000001","departmentno":"2","salary":"100000","pincode":"470002","userid":"yj4lLufi6vTtJtT0MKL8","id":"iyE3X3CxaJlKCSw3SAiO"},{"accountno":"DR-1000001","departmentno":"2","salary":"100000","pincode":"470002","userid":"yj4lLufi6vTtJtT0MKL8","id":"eGjqPWYdocAqQh3mpdQM"},{"accountno":"DR-1000001","departmentno":"2","salary":"100000","pincode":"470002","userid":"yj4lLufi6vTtJtT0MKL8","id":"iWKF0PvLmFB9FJ4yXUT3"},{"accountno":"TA-Aug2207","departmentno":"1","salary":"12000","pincode":"124124","userid":"pNzXyevk2B5Om4KYr50J","id":"Y1VBNwJxsGU6szvpACCF"},{"accountno":"TA-Aug2207","departmentno":"1","salary":"12000","pincode":"124124","userid":"pNzXyevk2B5Om4KYr50J","id":"lhcVL7YOvYcSSWPEWANL"},{"accountno":"TA-Aug2206","departmentno":"5","salary":"2000","pincode":"123123","userid":"pNzXyevk2B5Om4KYr50J","id":"tqbZDoLVqNXwv4yRWvy5"},{"accountno":"TA-Aug2206","departmentno":"5","salary":"2000","pincode":"123123","userid":"pNzXyevk2B5Om4KYr50J","id":"h9fPEyU8KyGWi8lIe1mU"},{"accountno":"BN-1234535","departmentno":"7","salary":"12190","pincode":"123458","userid":"wvTE1ZsqbgfOMtiFejpq","id":"5y1ojMXMfAnrTngdkj59"},{"accountno":"GA2022_test","departmentno":2,"salary":300000,"pincode":666666,"userid":"zwnVZyE1SBMYUL7p1CCp","id":"j9pUAECteXAnvSaBOM7T"},{"accountno":"Delete_2020","departmentno":"1","salary":"1000","pincode":"100000","userid":"zwnVZyE1SBMYUL7p1CCp","id":"l2JSIJolbTTCLsSEyKpC"},{"accountno":"GA2022_test","departmentno":2,"salary":300000,"pincode":666666,"userid":"zwnVZyE1SBMYUL7p1CCp","id":"L2BqV9zvbaw4HHvoNqa3"},{"accountno":"GA2022_test","departmentno":2,"salary":300000,"pincode":666666,"userid":"zwnVZyE1SBMYUL7p1CCp","id":"xJlXTofNfOr1tckRKKfJ"},{"accountno":"GA2022_test","departmentno":2,"salary":300000,"pincode":666666,"userid":"zwnVZyE1SBMYUL7p1CCp","id":"4EUIUpggRcFumxqPIN9j"},{"accountno":"TA-900000","departmentno":"4","salary":"15000","pincode":"321321","userid":"vTqHKffvK4WIXGi0xuLU","id":"YLvzoEDusRZSI4E46gzr"},{"accountno":"TA-900000","departmentno":"4","salary":"15000","pincode":"321321","userid":"vTqHKffvK4WIXGi0xuLU","id":"fJvkIwBfu0WVTcIs4OAg"},{"accountno":"TA-900000","departmentno":"4","salary":"15000","pincode":"321321","userid":"vTqHKffvK4WIXGi0xuLU","id":"lyashUbOD4U6SdFto7xD"},{"accountno":"TA-900000","departmentno":"4","salary":"15000","pincode":"321321","userid":"vTqHKffvK4WIXGi0xuLU","id":"Jk48LcPMyw9JmA1ijIqX"},{"accountno":"TA-900000","departmentno":"2","salary":"15000","pincode":"321321","userid":"vTqHKffvK4WIXGi0xuLU","id":"KJEXl8LsVdCH2FIA17Mj"},{"accountno":"TA-900000","departmentno":"2","salary":"15000","pincode":"321321","userid":"vTqHKffvK4WIXGi0xuLU","id":"NQFpwhvXhL7o3KstKAL5"},{"accountno":"TA-900000","departmentno":"2","salary":"15000","pincode":"321321","userid":"vTqHKffvK4WIXGi0xuLU","id":"pZCiuXOdPSrdiqLMOPTe"},{"accountno":"TA-Aug2000","departmentno":"4","salary":"159515","pincode":"123432","userid":"Bu7YqKvWvrkCmXSzTgNR","id":"hm3j7PmxYCGmtddRnUDL"},{"accountno":"TA-Aug2022","departmentno":"1","salary":"5000","pincode":"123123","userid":"taGX4XQQfXD3Z76sI1Xn","id":"Ji5lty5xNfOIVTyEvPFj"},{"accountno":"TA-900000","departmentno":"2","salary":"15000","pincode":"321321","userid":"vTqHKffvK4WIXGi0xuLU","id":"mBN1KTsx4MGvYG8IRgsz"},{"accountno":"TA-900000","departmentno":"4","salary":"15000","pincode":"321321","userid":"vTqHKffvK4WIXGi0xuLU","id":"6o0t25KtQv7p7Z1woPDR"},{"accountno":"TA-900000","departmentno":"4","salary":"15000","pincode":"321321","userid":"vTqHKffvK4WIXGi0xuLU","id":"cpSi8hFqRs9keyOEBdLB"},{"accountno":"TA-900000","departmentno":"2","salary":"15000","pincode":"321321","userid":"vTqHKffvK4WIXGi0xuLU","id":"frCXKApgePsrEG3jZaeS"},{"accountno":"TA-900000","departmentno":"4","salary":"15000","pincode":"321321","userid":"vTqHKffvK4WIXGi0xuLU","id":"gzMoH93S9gfTVfIgC10S"},{"accountno":"TA-900000","departmentno":"2","salary":"15000","pincode":"321321","userid":"vTqHKffvK4WIXGi0xuLU","id":"yfJ4eIsGueJ0naed8s5Y"},{"accountno":"TA-900000","departmentno":"2","salary":"15000","pincode":"321321","userid":"vTqHKffvK4WIXGi0xuLU","id":"DastMLfqYDKc9ZRKex6a"},{"accountno":"TA-900000","departmentno":"2","salary":"15000","pincode":"321321","userid":"vTqHKffvK4WIXGi0xuLU","id":"Wepm2Jl4oY8YUvvumHAd"},{"accountno":"GA2022_test","departmentno":2,"salary":300000,"pincode":666666,"userid":"zwnVZyE1SBMYUL7p1CCp","id":"D9aZQ1ZGcLhn69usvyBR"},{"accountno":"GA2022_test","departmentno":2,"salary":300000,"pincode":666666,"userid":"zwnVZyE1SBMYUL7p1CCp","id":"N9RT1tBiIgpwERZUG7vD"},{"accountno":"Delete_2020","departmentno":"1","salary":"1000","pincode":"100000","userid":"zwnVZyE1SBMYUL7p1CCp","id":"9ydfC8Yh2k6UwE5e8tuB"},{"accountno":"TA-900000","departmentno":"2","salary":"15000","pincode":"321321","userid":"vTqHKffvK4WIXGi0xuLU","id":"B9WDZSQynUxPOgLhPbny"},{"accountno":"TA-900000","departmentno":"4","salary":"15000","pincode":"321321","userid":"vTqHKffvK4WIXGi0xuLU","id":"Qx7cprNtkbrZ79PkMHdE"},{"accountno":"GA2022_test","departmentno":2,"salary":300000,"pincode":666666,"userid":"zwnVZyE1SBMYUL7p1CCp","id":"1IklEvut9D6tBNJhjpfh"},{"accountno":"TA-900000","departmentno":"2","salary":"15000","pincode":"321321","userid":"vTqHKffvK4WIXGi0xuLU","id":"EC8mh7JPTzs8cTUdPdxC"},{"accountno":"TA-900000","departmentno":"4","salary":"15000","pincode":"321321","userid":"vTqHKffvK4WIXGi0xuLU","id":"dE1gsE2RtAcVHIBu4R9O"},{"accountno":"TA-900000","departmentno":"4","salary":"15000","pincode":"321321","userid":"vTqHKffvK4WIXGi0xuLU","id":"kiUsSIlXI1BWMYZOhFV8"},{"accountno":"TA-900000","departmentno":"4","salary":"15000","pincode":"321321","userid":"vTqHKffvK4WIXGi0xuLU","id":"CDXP2VawraXJkqGKTHte"},{"accountno":"TA-900000","departmentno":"4","salary":"15000","pincode":"321321","userid":"vTqHKffvK4WIXGi0xuLU","id":"UqIzNnejcCcPD29YspfK"},{"accountno":"TA-900000","departmentno":"2","salary":"15000","pincode":"321321","userid":"vTqHKffvK4WIXGi0xuLU","id":"u1rNqNzolq4tkAEjlnHF"},{"accountno":"TA-900000","departmentno":"4","salary":"15000","pincode":"321321","userid":"vTqHKffvK4WIXGi0xuLU","id":"RQ1Z7kbdd0EZRqLHuoP0"},{"accountno":"TA-900000","departmentno":"4","salary":"15000","pincode":"321321","userid":"vTqHKffvK4WIXGi0xuLU","id":"QIlFPpTaeYpSZDDMLLsc"},{"accountno":"TA-900000","departmentno":"2","salary":"15000","pincode":"321321","userid":"vTqHKffvK4WIXGi0xuLU","id":"lLVMH4nh7rMMNPsqZrk5"},{"accountno":"TA-900000","departmentno":"2","salary":"15000","pincode":"321321","userid":"vTqHKffvK4WIXGi0xuLU","id":"dgC0qAjp6GohEamYH1Kg"},{"accountno":"TA-900000","departmentno":"2","salary":"15000","pincode":"321321","userid":"vTqHKffvK4WIXGi0xuLU","id":"jUZCH2fxflJb6zCn0qIE"},{"accountno":"TA-900000","departmentno":"2","salary":"15000","pincode":"321321","userid":"vTqHKffvK4WIXGi0xuLU","id":"fvoUEEkXru6e8kOo1uXm"},{"accountno":"TA-900000","departmentno":"2","salary":"15000","pincode":"321321","userid":"vTqHKffvK4WIXGi0xuLU","id":"EgGlnP4MteAGpiccpfAo"},{"accountno":"TA-900000","departmentno":"2","salary":"15000","pincode":"321321","userid":"vTqHKffvK4WIXGi0xuLU","id":"lqyVmUL2qEFtDAsCdtMo"},{"accountno":"TA-900000","departmentno":"2","salary":"15000","pincode":"321321","userid":"vTqHKffvK4WIXGi0xuLU","id":"DTT5hDP6tL61WLVF7oVy"},{"accountno":"TA-900000","departmentno":"2","salary":"15000","pincode":"321321","userid":"vTqHKffvK4WIXGi0xuLU","id":"d2P9JdfrC6JAwUB3Mc0U"},{"accountno":"TA-900000","departmentno":"2","salary":"15000","pincode":"321321","userid":"vTqHKffvK4WIXGi0xuLU","id":"QgRysvJniWNRYCakVQqK"},{"accountno":"TA-900000","departmentno":"2","salary":"15000","pincode":"321321","userid":"vTqHKffvK4WIXGi0xuLU","id":"TzNreFBJyC4X3X2CwuDe"},{"accountno":"TA-900000","departmentno":"2","salary":"15000","pincode":"321321","userid":"vTqHKffvK4WIXGi0xuLU","id":"U6z7mrWUxL9cj1wOwxMS"},{"accountno":"","departmentno":"1","salary":"","pincode":"","userid":"FksuWSbSHbNE6tT8dEVu","id":"3zX9yM8A3Rcr6DCPQO0u"},{"accountno":"","departmentno":"1","salary":"","pincode":"","userid":"FksuWSbSHbNE6tT8dEVu","id":"25e0ZHLEGTE10WjJO4bV"},{"accountno":"OO-1234567;","departmentno":"0;","salary":"12345;","pincode":"534275;","userid":"FksuWSbSHbNE6tT8dEVu","id":"iHu90hBG3zAth7czKbYR"},{"accountno":"OO-1234567;","departmentno":"0;","salary":"12345;","pincode":"534275;","userid":"FksuWSbSHbNE6tT8dEVu","id":"S9ctfcfigkADJsFf6txH"},{"accountno":"OO-1234567;","departmentno":"0;","salary":"12345;","pincode":"534275;","userid":"FksuWSbSHbNE6tT8dEVu","id":"e5mC55uEkOMJH3EMqT9n"},{"accountno":"OO-1234567;","departmentno":"0;","salary":"12345;","pincode":"534275;","userid":"FksuWSbSHbNE6tT8dEVu","id":"t7nVWc87C6B6Sp7gieIg"},{"accountno":"OO-1234567;","departmentno":"0;","salary":"12345;","pincode":"534275;","userid":"FksuWSbSHbNE6tT8dEVu","id":"EdRmE3KbqPCsByHdh8Pp"},{"accountno":"BZ-1234567;","departmentno":"0;","salary":"12345;","pincode":"534275;","userid":"FksuWSbSHbNE6tT8dEVu","id":"yMKupPW5XKvPAFpu16nx"},{"accountno":"BZ-1234567;","departmentno":"8;","salary":"12345;","pincode":"534275;","userid":"FksuWSbSHbNE6tT8dEVu","id":"J60putnsCXuz4URwiWDd"},{"accountno":"BZ-1234567;","departmentno":"8;","salary":"12345;","pincode":"534275;","userid":"FksuWSbSHbNE6tT8dEVu","id":"q8CxYxMNryA1YtAwkzFd"},{"accountno":"BZ-1234567;","departmentno":"8;","salary":"12345;","pincode":"534275;","userid":"FksuWSbSHbNE6tT8dEVu","id":"06pU5qI6Ilp1ldtPLvOG"},{"accountno":"BZ-1234567;","departmentno":"8;","salary":"12345;","pincode":"534275;","userid":"FksuWSbSHbNE6tT8dEVu","id":"EBUJmuHMCtGQ2tYNxIhU"},{"accountno":"BZ-1234567;","departmentno":"8;","salary":"12345;","pincode":"534275;","userid":"FksuWSbSHbNE6tT8dEVu","id":"JpZoBpPJzj4pB33dgtmU"},{"accountno":"BZ-1234567;","departmentno":"8;","salary":"12345;","pincode":"534275;","userid":"FksuWSbSHbNE6tT8dEVu","id":"dCZEbdlh5Uy9TwY70HS3"},{"accountno":"BZ-1234567;","departmentno":"8;","salary":"12345;","pincode":"534275;","userid":"FksuWSbSHbNE6tT8dEVu","id":"hdywACXAGhBj24aMvvKu"},{"accountno":"BZ-1234567;","departmentno":"8;","salary":"12345;","pincode":"534275;","userid":"FksuWSbSHbNE6tT8dEVu","id":"pBUBipyJkeSTJDGUJMMD"},{"accountno":"BZ-1234567;","departmentno":"8;","salary":"12345;","pincode":"534275;","userid":"FksuWSbSHbNE6tT8dEVu","id":"qZYAcld28mJt12HVKBKP"},{"accountno":"BZ-1234567;","departmentno":"8;","salary":"12345;","pincode":"534275;","userid":"FksuWSbSHbNE6tT8dEVu","id":"DWFzVe38Z37euYVSeWiP"},{"accountno":"BZ-1234567;","departmentno":"8;","salary":"12345;","pincode":"534275;","userid":"FksuWSbSHbNE6tT8dEVu","id":"8WtW4BXZJVcFLJAz0vAl"},{"accountno":"TA-MAAOCT2022","departmentno":2,"salary":1010,"pincode":111111,"userid":"lkdMZtNGN68KOuyoTHUF","id":"HlPG1OwHvpR4G4uiuTv4"},{"accountno":"BZ-1234567;","departmentno":"8;","salary":"12345;","pincode":"534275;","userid":"FksuWSbSHbNE6tT8dEVu","id":"yaYtxJYheaJhZv3YEjXT"},{"accountno":"BN-1234535","departmentno":"7","salary":"12190","pincode":"123458","userid":"wvTE1ZsqbgfOMtiFejpq","id":"QHgMpEmN7jnafLsmfdeC"},{"accountno":"TA-Sep2022","departmentno":"1","salary":"8000","pincode":"123456","userid":"v1uYEHd2E05Ci9RYpbUG","id":"4uF5ubeYMtttJEC1CXFd"},{"accountno":"TA-Sep2022","departmentno":"1","salary":"8000","pincode":"123456","userid":"v1uYEHd2E05Ci9RYpbUG","id":"UfCt98WMpadVT59ORrOL"},{"accountno":"TA-Sep2022","departmentno":"1","salary":"8000","pincode":"123456","userid":"v1uYEHd2E05Ci9RYpbUG","id":"bHn3R85zuL9qDhsT4BBi"},{"accountno":"TA-Sep2022","departmentno":"1","salary":"8000","pincode":"123456","userid":"v1uYEHd2E05Ci9RYpbUG","id":"DnebqAB28G6uk0a3sgBH"},{"accountno":"TA-Aug2022","departmentno":"1","salary":"5000","pincode":"123123","userid":"taGX4XQQfXD3Z76sI1Xn","id":"C0GtaoKpaUEvN3qnwnWl"},{"accountno":"TA-900000","departmentno":"7","salary":"19000","pincode":"321321","userid":"vTqHKffvK4WIXGi0xuLU","id":"fOyb28Cm7R8IXtra5J40"},{"accountno":"GA2022_test","departmentno":2,"salary":300000,"pincode":666666,"userid":"zwnVZyE1SBMYUL7p1CCp","id":"tNQ7OtCyjMC7munlOq7w"},{"accountno":"GA2022_test","departmentno":2,"salary":300000,"pincode":666666,"userid":"zwnVZyE1SBMYUL7p1CCp","id":"yZznGEJBeD01EzLz3vmS"},{"accountno":"TA-900000","departmentno":"2","salary":"15000","pincode":"321321","userid":"vTqHKffvK4WIXGi0xuLU","id":"H39bfk0bO9n84woQWGsS"},{"accountno":"TA-900000","departmentno":"8","salary":"15000","pincode":"321321","userid":"vTqHKffvK4WIXGi0xuLU","id":"crCVJ2HoyeppR56v5jIK"},{"accountno":"GA2022_test","departmentno":2,"salary":300000,"pincode":666666,"userid":"zwnVZyE1SBMYUL7p1CCp","id":"klFC3Z1o9e3JZcrbL7S1"},{"accountno":"TA-Abc2202","departmentno":"2","salary":"5000","pincode":"123123","userid":"7LkKZstp6lg3wBsHDSSv","id":"kzPhTMIthnqF34KpbxEE"},{"accountno":"TA-Abc2202","departmentno":"2","salary":"5000","pincode":"123123","userid":"7LkKZstp6lg3wBsHDSSv","id":"VKmkqP1rnBlw8oea3dWH"},{"accountno":"TA-Abc2202","departmentno":"2","salary":"5000","pincode":"123123","userid":"7LkKZstp6lg3wBsHDSSv","id":"OVvB7E6Q7cjod6Av9IVd"},{"accountno":"TA-900000","departmentno":"8","salary":"15000","pincode":"321321","userid":"vTqHKffvK4WIXGi0xuLU","id":"26XjUjHUJpvRdR9oQOGw"},{"accountno":"TA-1234568","departmentno":"1","salary":"78900","pincode":"483070","userid":"y4iCOSfi7YZ6cE7eHQEq","id":"EvTuQ7rAYpO2TpT1GGpr"},{"accountno":"TA-1234568","departmentno":"1","salary":"78900","pincode":"483070","userid":"y4iCOSfi7YZ6cE7eHQEq","id":"fGaa6i2t5FNmeZtLEWgK"},{"accountno":"TA-900000","departmentno":"8","salary":"15000","pincode":"321321","userid":"vTqHKffvK4WIXGi0xuLU","id":"HKf0ASkvJA5QIM53bvH5"},{"accountno":"TA-900000","departmentno":"4","salary":"15000","pincode":"321321","userid":"vTqHKffvK4WIXGi0xuLU","id":"pPv8REz65kxmrhmBllBp"},{"accountno":"GA2022_test","departmentno":2,"salary":300000,"pincode":666666,"userid":"zwnVZyE1SBMYUL7p1CCp","id":"E5ujSDp0wilbWXaZWNCX"},{"accountno":"GA2022_test","departmentno":2,"salary":300000,"pincode":666666,"userid":"zwnVZyE1SBMYUL7p1CCp","id":"ssirSXJu5jp6pO6jhxNW"},{"accountno":"TA-Aug2202","departmentno":"1","salary":"5000","pincode":"123123","userid":"eBRuYScWp9uBKFbSzbLs","id":"YUkjSnQRqpgJCv1hdIYv"},{"accountno":"TA-Aug2202","departmentno":"1","salary":"5000","pincode":"123123","userid":"eBRuYScWp9uBKFbSzbLs","id":"cTBx3vfZwQF5eUzIbnrL"},{"accountno":"TA-AGU2021","departmentno":"2","salary":"3000","pincode":"123456","userid":"mddlQN2Zj76KEXtOVpXf","id":"BjqYPxC3sINHztlXuBU9"},{"accountno":"TA-AGU2021","departmentno":"2","salary":"3000","pincode":"123456","userid":"mddlQN2Zj76KEXtOVpXf","id":"IOXM7N0PvvlkMhy7M81K"},{"accountno":"TA-AGU2025","departmentno":"5","salary":"3000","pincode":"123456","userid":"mddlQN2Zj76KEXtOVpXf","id":"BG7f5K8ieu15ZkMjloCK"},{"accountno":"BN-1234535","departmentno":"7","salary":"12190","pincode":"123458","userid":"wvTE1ZsqbgfOMtiFejpq","id":"drust7Z1MsI57to204pJ"},{"accountno":"TA-AGU2021","departmentno":"2","salary":"3000","pincode":"123456","userid":"mddlQN2Zj76KEXtOVpXf","id":"Nl9ueadAjhHa9ryyejru"},{"accountno":"TA-AGU2021","departmentno":"2","salary":"3000","pincode":"123456","userid":"mddlQN2Zj76KEXtOVpXf","id":"5M2YSAKQdbvxYS7NpuM6"},{"accountno":"TA-AGU2020","departmentno":"1","salary":"2000","pincode":"123456","userid":"mddlQN2Zj76KEXtOVpXf","id":"gjEWVMy6DgXZnzjFaXz7"},{"accountno":"TA-AUG2022","departmentno":"2","salary":"5555","pincode":"123321","userid":"mddlQN2Zj76KEXtOVpXf","id":"FPwb8fEeC2ybYaE7x80I"},{"accountno":"TA-Aug2202","departmentno":"3","salary":"6000","pincode":"123123","userid":"mddlQN2Zj76KEXtOVpXf","id":"sF9MdK9LxVg8R30xokNN"},{"accountno":"TA-Aug2202","departmentno":"3","salary":"6000","pincode":"123123","userid":"mddlQN2Zj76KEXtOVpXf","id":"TTOjYLqW4JjsdJwWJVgi"},{"accountno":"TA-Aug2202","departmentno":"3","salary":"6000","pincode":"123123","userid":"mddlQN2Zj76KEXtOVpXf","id":"n6OR7REU9ifUatOiLPsk"},{"accountno":"TA-Sep2022","departmentno":"1","salary":"8000","pincode":"123456","userid":"v1uYEHd2E05Ci9RYpbUG","id":"txDfc2yfVrL2XdM02gaG"},{"accountno":"TA-Oct25yg5hyh023","departmentno":"1","salary":"7000","pincode":"123123","userid":"v1uYEHd2E05Ci9RYpbUG","id":"zzb1ucVH91p9qNkBNUE4"},{"accountno":"TA-Sep2022","departmentno":"1","salary":"8000","pincode":"123456","userid":"v1uYEHd2E05Ci9RYpbUG","id":"vakOdYzvGNarjtzcjE9j"},{"accountno":"TA-Aug2202","departmentno":"1","salary":"5000","pincode":"123123","userid":"mddlQN2Zj76KEXtOVpXf","id":"ExdP6bQpgwsyapX8WGan"},{"accountno":"TA-Oct25yg5hyh023","departmentno":"1","salary":"7000","pincode":"123123","userid":"v1uYEHd2E05Ci9RYpbUG","id":"Efh44eTYbMN5wZXCb7Yf"},{"accountno":"TA-Aug2202","departmentno":"1","salary":"5000","pincode":"123123","userid":"mddlQN2Zj76KEXtOVpXf","id":"SIO1Y80wuPj6IieGKqMc"},{"accountno":"BZ-1234567;","departmentno":"8;","salary":"12345;","pincode":"534275;","userid":"FksuWSbSHbNE6tT8dEVu","id":"TwT5Sssrt5oYnip6tysm"},{"accountno":"BZ-1234567;","departmentno":"8;","salary":"12345;","pincode":"534275;","userid":"FksuWSbSHbNE6tT8dEVu","id":"SDmx1ot5RkbY1AUkK8ie"},{"accountno":"BZ-1234567;","departmentno":"8;","salary":"12345;","pincode":"534275;","userid":"FksuWSbSHbNE6tT8dEVu","id":"HVzTiL54K9mJk8ay8yRn"},{"accountno":"TA-Oct25yg5hyh023","departmentno":"1","salary":"7000","pincode":"123123","userid":"v1uYEHd2E05Ci9RYpbUG","id":"5QTRwGa34hU4fdcXOeac"},{"accountno":"TA-Oct25yg5hyh023","departmentno":"1","salary":"7000","pincode":"123123","userid":"v1uYEHd2E05Ci9RYpbUG","id":"dzr7C09nAXBytsda7CLe"},{"accountno":"CD-1000000","departmentno":2,"salary":20000,"pincode":543219,"userid":"FksuWSbSHbNE6tT8dEVu","id":"7UvAk5AAWGJUqvcoNlyk"},{"accountno":"BZ-1234567;","departmentno":"8;","salary":"12345;","pincode":"534275;","userid":"FksuWSbSHbNE6tT8dEVu","id":"WEfykiixJwPExATkQ6U6"},{"accountno":"BZ-1234567;","departmentno":"8;","salary":"12345;","pincode":"534275;","userid":"FksuWSbSHbNE6tT8dEVu","id":"NeUcLjCnXt5KqGZihnkE"},{"accountno":"BZ-1234567;","departmentno":"8;","salary":"12345;","pincode":"534275;","userid":"FksuWSbSHbNE6tT8dEVu","id":"6ZZCX6rBV3JKOGhvaKsv"},{"accountno":"BZ-1234567;","departmentno":"8;","salary":"12345;","pincode":"534275;","userid":"FksuWSbSHbNE6tT8dEVu","id":"Bn37voREQXLqkJ85Xy1K"},{"accountno":"BZ-1234567;","departmentno":"8;","salary":"12345;","pincode":"534275;","userid":"FksuWSbSHbNE6tT8dEVu","id":"ub5lVPScZrvqYzx5PhOw"},{"accountno":"BZ-1234567;","departmentno":"8;","salary":"12345;","pincode":"534275;","userid":"FksuWSbSHbNE6tT8dEVu","id":"9WSCLkyBsexAqIL4HJ1x"},{"accountno":"BZ-1234567;","departmentno":"8;","salary":"12345;","pincode":"534275;","userid":"FksuWSbSHbNE6tT8dEVu","id":"TmWJbqnTJOs2FQk52JTK"},{"accountno":"BZ-1234567;","departmentno":"8;","salary":"12345;","pincode":"534275;","userid":"FksuWSbSHbNE6tT8dEVu","id":"Fr4JESUdCzgvXAn5B3zb"},{"accountno":"TA-Abc2202","departmentno":"2","salary":"5000","pincode":"123123","userid":"7LkKZstp6lg3wBsHDSSv","id":"PckYwhwhITfqVqHPBg9K"},{"accountno":"TA-Abc2202","departmentno":"2","salary":"5000","pincode":"123123","userid":"7LkKZstp6lg3wBsHDSSv","id":"jdN6OsghQ76fqRufVz2P"},{"accountno":"CD-1000000","departmentno":2,"salary":20000,"pincode":543219,"userid":"FksuWSbSHbNE6tT8dEVu","id":"gjLhGOa75si4wR8W0584"},{"accountno":"TA-Aug1999","departmentno":"4","salary":"159515","pincode":"123432","userid":"Bu7YqKvWvrkCmXSzTgNR","id":"HhV2pEIURNMUGguLG2aE"},{"accountno":"TA-Aug2201","departmentno":"1","salary":"15000","pincode":"123123","userid":"B1oqv0Jjm1fd0pAcDURW","id":"qH3mNs1n3OwXtfcK6er7"},{"accountno":"TA-Aug2202","departmentno":"1","salary":"5000","pincode":"123123","userid":"7LkKZstp6lg3wBsHDSSv","id":"PqAPeryWmbDTiDRA7UCS"},{"accountno":"TA-Aug2202","departmentno":"1","salary":"5000","pincode":"123123","userid":"7LkKZstp6lg3wBsHDSSv","id":"yflJXeQq8ICIH0rq0WFp"},{"accountno":"PP-5000000","departmentno":5,"salary":50000,"pincode":534275,"userid":"FksuWSbSHbNE6tT8dEVu","id":"XGpSQqM8PR82NX17AX5k"},{"accountno":"TA-Aug2202","departmentno":"1","salary":"5000","pincode":"123123","userid":"7LkKZstp6lg3wBsHDSSv","id":"JdPfjrXr1Zx928oR7Uux"},{"accountno":"DR-1000001","departmentno":"2","salary":"100000","pincode":"470002","userid":"yj4lLufi6vTtJtT0MKL8","id":"c9wk3emaxpQKBqtnSiOR"},{"accountno":"TA-900000","departmentno":"8","salary":"19000","pincode":"321321","userid":"vTqHKffvK4WIXGi0xuLU","id":"8NbYxFS005TZiork2CWQ"},{"accountno":"TA-900000","departmentno":"4","salary":"15000","pincode":"321321","userid":"vTqHKffvK4WIXGi0xuLU","id":"lPWdla6IUdaIyTk52k8x"},{"accountno":"TA-900000","departmentno":"4","salary":"15000","pincode":"321321","userid":"vTqHKffvK4WIXGi0xuLU","id":"j1TUtCibeNRtztqwxA70"},{"accountno":"TA-900000","departmentno":"4","salary":"15000","pincode":"321321","userid":"vTqHKffvK4WIXGi0xuLU","id":"6pM0X6q2c3ESebCppX8D"},{"accountno":"Delete_2020","departmentno":"1","salary":"1000","pincode":"100000","userid":"zwnVZyE1SBMYUL7p1CCp","id":"rdcsl6ps7znHUeyw48IK"},{"accountno":"TA-1111111","departmentno":"2","salary":"2000","pincode":"123456","userid":"7LkKZstp6lg3wBsHDSSv","id":"Cx7FkYDkupXC2xsX5FHO"},{"accountno":"TA-KHR1888","departmentno":"8","salary":"70000","pincode":"201717","userid":"vwpd6zlR3Yh9sCveq3Mo","id":"IAYRRSCAjXvgLM2FMq2f"},{"accountno":"TA-KHR1888","departmentno":"8","salary":"70000","pincode":"201717","userid":"vwpd6zlR3Yh9sCveq3Mo","id":"9D2GVXcbt3xVt0nUtX70"},{"accountno":"TA-KHR1888","departmentno":"8","salary":"70000","pincode":"201717","userid":"vwpd6zlR3Yh9sCveq3Mo","id":"RxM01atdjZh6VagmRcv0"},{"accountno":"TA-KHR1888","departmentno":"8","salary":"70000","pincode":"201717","userid":"vwpd6zlR3Yh9sCveq3Mo","id":"kp7yNiB4sUc3PAkvsMC7"},{"accountno":"TA-KHR1777","departmentno":"7","salary":"70000","pincode":"201717","userid":"vwpd6zlR3Yh9sCveq3Mo","id":"BiAFRSieGKo0Qd2YcblW"},{"accountno":"TA-Aug2201","departmentno":"1","salary":"15000","pincode":"123123","userid":"B1oqv0Jjm1fd0pAcDURW","id":"XvqdR4fHZb7PP8dNVl0a"},{"accountno":"TA-Aug2201","departmentno":"1","salary":"15000","pincode":"123123","userid":"B1oqv0Jjm1fd0pAcDURW","id":"lsztCd8KGvd7DhNvwtKo"},{"accountno":"TA-Aug2201","departmentno":"1","salary":"15000","pincode":"123123","userid":"B1oqv0Jjm1fd0pAcDURW","id":"cBBdloayX7JdvCzvr1JX"},{"accountno":"TA-Aug2201","departmentno":"1","salary":"15000","pincode":"123123","userid":"B1oqv0Jjm1fd0pAcDURW","id":"jkRjC6au9048WoSiomgD"},{"accountno":"TA-Aug2201","departmentno":"1","salary":"15000","pincode":"123123","userid":"B1oqv0Jjm1fd0pAcDURW","id":"6RpWzbuOAo8lZYArum3w"},{"accountno":"TA-Aug2202","departmentno":"1","salary":"5000","pincode":"123123","userid":"f4dTFeiZ4qiLC5JTtieF","id":"eVkkBXOWYwA6sotpD34W"},{"accountno":"TA-Aug2201","departmentno":"1","salary":"15000","pincode":"123123","userid":"B1oqv0Jjm1fd0pAcDURW","id":"ptKTEngNtfcqrn45wmdj"},{"accountno":"TA-Aug2201","departmentno":"1","salary":"15000","pincode":"123123","userid":"B1oqv0Jjm1fd0pAcDURW","id":"MR2fuQbZ8p25gdAhrWXU"},{"accountno":"PP-5000000","departmentno":5,"salary":50000,"pincode":534275,"userid":"FksuWSbSHbNE6tT8dEVu","id":"5eUKV7ynZTs6jS9CYZEY"},{"accountno":"PP-5000000","departmentno":5,"salary":50000,"pincode":534275,"userid":"FksuWSbSHbNE6tT8dEVu","id":"abF9Vq2ScCz5EhXLIfJN"},{"accountno":"PP-5000000","departmentno":5,"salary":50000,"pincode":534275,"userid":"FksuWSbSHbNE6tT8dEVu","id":"upllNdMThTY4JIK8mwkX"},{"accountno":"PP-5000000","departmentno":5,"salary":50000,"pincode":534275,"userid":"FksuWSbSHbNE6tT8dEVu","id":"QwC6dDY1JYXWhP6g7fvS"},{"accountno":"PP-5000000","departmentno":5,"salary":50000,"pincode":534275,"userid":"FksuWSbSHbNE6tT8dEVu","id":"R9sDiPKWnAE1yDtVbPJ1"},{"accountno":"PA-1212121","departmentno":"1","salary":"121212","pincode":"121212","userid":"yj4lLufi6vTtJtT0MKL8","id":"EcecNwOpq5GossQOcW5z"},{"accountno":"PA-1212121","departmentno":"1","salary":"121212","pincode":"121212","userid":"yj4lLufi6vTtJtT0MKL8","id":"iF4p4zoDZz1HJL6uEvV2"},{"accountno":"PR-dec1919","departmentno":"4","salary":"190000","pincode":"123456","userid":"lFrriDTCYr6R4iozUsUv","id":"79TBL6q0kJfRWfXWmoez"},{"accountno":"PP-5000000","departmentno":5,"salary":50000,"pincode":534275,"userid":"FksuWSbSHbNE6tT8dEVu","id":"7SMi8EcMhW6oHpER1qP3"},{"accountno":"PP-5000000","departmentno":5,"salary":50000,"pincode":534275,"userid":"FksuWSbSHbNE6tT8dEVu","id":"zy7m4n6M2CC0jKnsbTg3"},{"accountno":"PP-5000000","departmentno":5,"salary":50000,"pincode":534275,"userid":"FksuWSbSHbNE6tT8dEVu","id":"B8OUfGdKjv6Ly58mWjo5"},{"accountno":"PP-5000000","departmentno":5,"salary":50000,"pincode":534275,"userid":"FksuWSbSHbNE6tT8dEVu","id":"dkv07FGXyRatteUZwxNz"},{"accountno":"PP-5000000","departmentno":5,"salary":50000,"pincode":534275,"userid":"FksuWSbSHbNE6tT8dEVu","id":"vs8BYMyG3VGjVUeubGWh"},{"accountno":"PP-5000000","departmentno":5,"salary":50000,"pincode":534275,"userid":"FksuWSbSHbNE6tT8dEVu","id":"PXxEqZAogiJETkQ43eBF"},{"accountno":"PP-5000000","departmentno":5,"salary":50000,"pincode":534275,"userid":"FksuWSbSHbNE6tT8dEVu","id":"1R5jQVxmlEjuyHD57NFA"},{"accountno":"BN-1234535","departmentno":"7","salary":"12190","pincode":"123458","userid":"wvTE1ZsqbgfOMtiFejpq","id":"sFzsPUwp75VovcyzZRlE"},{"accountno":"TA-900000","departmentno":"4","salary":"15000","pincode":"321321","userid":"vTqHKffvK4WIXGi0xuLU","id":"n6M9oQPLpcX1d4fFarOa"},{"accountno":"TA-900000","departmentno":"4","salary":"15000","pincode":"321321","userid":"vTqHKffvK4WIXGi0xuLU","id":"azLhi1Ty7yIdPRbRhPtM"},{"accountno":"TA-900000","departmentno":"4","salary":"15000","pincode":"321321","userid":"vTqHKffvK4WIXGi0xuLU","id":"cbPILYsTNHRzPvZm9nvx"},{"accountno":"TA-900000","departmentno":"4","salary":"15000","pincode":"321321","userid":"vTqHKffvK4WIXGi0xuLU","id":"47jyR30GjLSNazM3PYvQ"},{"accountno":"TA-900000","departmentno":"4","salary":"15000","pincode":"321321","userid":"vTqHKffvK4WIXGi0xuLU","id":"paZRDoGuznJPZzR1YvTk"},{"accountno":"TA-900000","departmentno":"4","salary":"15000","pincode":"321321","userid":"vTqHKffvK4WIXGi0xuLU","id":"slbNFvxq6ywS4kdfH4wb"},{"accountno":"TA-900000","departmentno":"4","salary":"15000","pincode":"321321","userid":"vTqHKffvK4WIXGi0xuLU","id":"GgElEdYuUC3g99rvmPXL"},{"accountno":"TA-900000","departmentno":"4","salary":"15000","pincode":"321321","userid":"vTqHKffvK4WIXGi0xuLU","id":"JkNrvx2eSynT3rQYFFdU"},{"accountno":"TA-900000","departmentno":"4","salary":"15000","pincode":"321321","userid":"vTqHKffvK4WIXGi0xuLU","id":"Tr3SvvG1IYE77M0XAnxO"},{"accountno":"TA-900000","departmentno":"4","salary":"15000","pincode":"321321","userid":"vTqHKffvK4WIXGi0xuLU","id":"UopD0ppTyosVEZ49rSYE"},{"accountno":"TA-900000","departmentno":"4","salary":"15000","pincode":"321321","userid":"vTqHKffvK4WIXGi0xuLU","id":"aQhJb2wUmlSnDQjyqudg"},{"accountno":"TA-900000","departmentno":"4","salary":"15000","pincode":"321321","userid":"vTqHKffvK4WIXGi0xuLU","id":"lqPm8V1mU43u6yMPIu7k"},{"accountno":"TA-900000","departmentno":"4","salary":"15000","pincode":"321321","userid":"vTqHKffvK4WIXGi0xuLU","id":"KPHw0hcFZmFcFiDs215i"},{"accountno":"GH-4000000","departmentno":4,"salary":40000,"pincode":543219,"userid":"FksuWSbSHbNE6tT8dEVu","id":"z4tCCxsoZdqBIrqiI8NS"},{"accountno":"TA-900000","departmentno":"4","salary":"15000","pincode":"321321","userid":"vTqHKffvK4WIXGi0xuLU","id":"lMkoKYvLPISdV8G6hvgF"},{"accountno":"AB-5550010","departmentno":"8","salary":"3954","pincode":"000161","userid":"EWy6Ksl0tMcoPJU09bj8","id":"LR9qUxi4zfPRWnEOYVWn"},{"accountno":"GH-4000000","departmentno":4,"salary":40000,"pincode":543219,"userid":"FksuWSbSHbNE6tT8dEVu","id":"8xYxuloIjDQti58YvRpF"},{"accountno":"TA-Aug2202","departmentno":"1","salary":"5000","pincode":"123123","userid":"f4dTFeiZ4qiLC5JTtieF","id":"PN5IzEUgyjnXTnAgDfjd"},{"accountno":"TA-Aug2202","departmentno":"1","salary":"5000","pincode":"123123","userid":"f4dTFeiZ4qiLC5JTtieF","id":"xl7npyBQpMRXyiw5ZSk3"},{"accountno":"GH-4000000","departmentno":4,"salary":40000,"pincode":543219,"userid":"FksuWSbSHbNE6tT8dEVu","id":"hmq95k3SaGsymYcPjMps"},{"accountno":"TA-Aug2202","departmentno":"1","salary":"5000","pincode":"123123","userid":"f4dTFeiZ4qiLC5JTtieF","id":"nidlAXxdUSLkJTiVeugN"},{"accountno":"TA-Aug2202","departmentno":"1","salary":"5000","pincode":"123123","userid":"f4dTFeiZ4qiLC5JTtieF","id":"qK7wAzo6sPjH7rhkVRaB"},{"accountno":"TA-Aug2333","departmentno":"4","salary":"7890","pincode":"123123","userid":"R3zHMCMybn4kzH04QFyi","id":"Vn4KBmDldE6TYPiixAV1"},{"accountno":"TA-Aug2202","departmentno":3,"salary":6000,"pincode":123123,"userid":"B1oqv0Jjm1fd0pAcDURW","id":"ZVqm0O2Wl2lrqnNXn6ze"},{"accountno":"TA-Aug2201","departmentno":"1","salary":"5500","pincode":"123123","userid":"B1oqv0Jjm1fd0pAcDURW","id":"PY19IT5OjvSuF7ms4p9y"},{"accountno":"TA-Aug2201","departmentno":"2","salary":"5000","pincode":"123123","userid":"kDQiLKKblSyJulFjTqRB","id":"gXF8RtO5xr8hB5Cf6PFu"},{"accountno":"TA-Aug2201","departmentno":"2","salary":"5000","pincode":"123123","userid":"kDQiLKKblSyJulFjTqRB","id":"pOzjQuxcJFP5XmlVQDNE"},{"accountno":"TA-Aug20220","departmentno":"3","salary":"159515","pincode":"123432","userid":"Bu7YqKvWvrkCmXSzTgNR","id":"CaSM1UK3728tsZe9YGjb"},{"accountno":"TA-Aug2201","departmentno":"1","salary":"5500","pincode":"123123","userid":"B1oqv0Jjm1fd0pAcDURW","id":"dU8xPPkn9nIFPenH7UbN"},{"accountno":"TA-KHR1222","departmentno":"7","salary":"10000","pincode":"201711","userid":"vwpd6zlR3Yh9sCveq3Mo","id":"SWlXKQP2XE88EG2cIiJU"},{"accountno":"TA-Aug2202","departmentno":"1","salary":"5000","pincode":"123123","userid":"V59Tl9UC08YWUQryObt6","id":"Zrlq8jwcVRsge4VMcfbF"},{"accountno":"TA-Aug2202","departmentno":"1","salary":"5000","pincode":"123123","userid":"V59Tl9UC08YWUQryObt6","id":"cs1b1anNIU66DrDKA9q5"},{"accountno":"TA-Aug2202","departmentno":"1","salary":"5000","pincode":"123123","userid":"V59Tl9UC08YWUQryObt6","id":"fpDCo06gHfhXopLcedwC"},{"accountno":"TA-Aug2202","departmentno":"1","salary":"5000","pincode":"123123","userid":"V59Tl9UC08YWUQryObt6","id":"u6axAhZyeOEpqNTpMQnp"},{"accountno":"TA-Aug2202","departmentno":"1","salary":"5000","pincode":"123123","userid":"V59Tl9UC08YWUQryObt6","id":"nK01CmedHaUinsfTWKHc"},{"accountno":"TA-hgfnbvb","departmentno":"5","salary":"400987","pincode":"656476","userid":"v1uYEHd2E05Ci9RYpbUG","id":"n7hDarlMeouI2EsyvfVD"},{"accountno":"GH-4000000","departmentno":4,"salary":40000,"pincode":543219,"userid":"FksuWSbSHbNE6tT8dEVu","id":"Gh8hQcCe9egX4ofFhOlD"},{"accountno":"","departmentno":9,"salary":100,"pincode":500001,"userid":"FksuWSbSHbNE6tT8dEVu","id":"G9AoKiGwEboWu4pbM5id"},{"accountno":"AB-1000000","departmentno":10,"salary":10000,"pincode":543219,"userid":"FksuWSbSHbNE6tT8dEVu","id":"39tmXEZ5bQQKvcgyxEa8"},{"accountno":"TA-aaaaaaa","departmentno":"1","salary":"10000","pincode":"111111","userid":"zhFI4oQlHjP2cn3mW3GP","id":"jxCjDD3zOCbTMmMDvDFZ"},{"accountno":"TA-Aug2206","departmentno":7,"salary":2000,"pincode":123123,"userid":"dRbEIEggsKpGHF7Gxenw","id":"ek2fmXGTvMvTwLNXTV2T"},{"accountno":"CN-1000000","departmentno":10,"salary":10000,"pincode":543219,"userid":"FksuWSbSHbNE6tT8dEVu","id":"vuvvNR73vCgg1INeZsmz"},{"accountno":"CN-1000000","departmentno":10,"salary":10000,"pincode":543219,"userid":"FksuWSbSHbNE6tT8dEVu","id":"odQ5syN8o5zSfmYOTJN8"},{"accountno":"DR-1000001","departmentno":"2","salary":"100000","pincode":"470002","userid":"yj4lLufi6vTtJtT0MKL8","id":"YUHfj1kHgeCwfm6QO2IH"},{"accountno":"CN-1000000","departmentno":10,"salary":10000,"pincode":543219,"userid":"FksuWSbSHbNE6tT8dEVu","id":"kfV9PoQ72Q8Y178Rfh1A"},{"accountno":"CN-1000000","departmentno":10,"salary":10000,"pincode":543219,"userid":"FksuWSbSHbNE6tT8dEVu","id":"yHSosjSSazObHfiRVoYS"},{"accountno":"CN-1000000","departmentno":10,"salary":10000,"pincode":543219,"userid":"FksuWSbSHbNE6tT8dEVu","id":"uxMyKS3SLHQ6yGDYTpXW"},{"accountno":"CN-1000000","departmentno":10,"salary":10000,"pincode":543219,"userid":"FksuWSbSHbNE6tT8dEVu","id":"GFT2pM182GH3y3MUS1L6"},{"accountno":"CN-1000000","departmentno":10,"salary":10000,"pincode":543219,"userid":"FksuWSbSHbNE6tT8dEVu","id":"i1zpVdWgPudvyXLWEYmf"},{"accountno":"TA-Aug2203","departmentno":"5","salary":"2000","pincode":"123123","userid":"dRbEIEggsKpGHF7Gxenw","id":"inWRrYi3oaovghNUiVwQ"},{"accountno":"TA-Aug2022","departmentno":"3","salary":"3000","pincode":"123123","userid":"dRbEIEggsKpGHF7Gxenw","id":"DYhb0bYsXJrpPy4mJp6M"},{"accountno":"TA-Aug2201","departmentno":"2","salary":"6000","pincode":"123123","userid":"dRbEIEggsKpGHF7Gxenw","id":"JNFbZxWBnATD67btxbQI"},{"accountno":"TA-Apr123","departmentno":"3","salary":"40000","pincode":"423456","userid":"lFrriDTCYr6R4iozUsUv","id":"GmivUrxnGpOfiwc1Lf7v"},{"accountno":"TA-Jul2345","departmentno":"3","salary":"333224","pincode":"456456","userid":"lFrriDTCYr6R4iozUsUv","id":"zVSZ8b2ZFrgPLLO7BGy3"},{"accountno":"TA-LTK2022","departmentno":3,"salary":30000,"pincode":123456,"userid":"LojuRb6bN14xurmRubc2","id":"UzXBrIDAiXI5SCj3TBU2"},{"accountno":"CN-1000000","departmentno":10,"salary":10000,"pincode":543219,"userid":"FksuWSbSHbNE6tT8dEVu","id":"ybJMuf7KZFT2PuggnIW9"},{"accountno":"TA-Aug2202","departmentno":7,"salary":5000,"pincode":123123,"userid":"zhFI4oQlHjP2cn3mW3GP","id":"Kg1jWLcYpUDMfOJFxhJT"},{"accountno":"TA-Aug2202","departmentno":"1","salary":"5000","pincode":"123123","userid":"f4dTFeiZ4qiLC5JTtieF","id":"NgzAIfzJEUl5WlQQu9PT"},{"accountno":"TA-Oct2022","departmentno":"2","salary":"7000","pincode":"123123","userid":"v1uYEHd2E05Ci9RYpbUG","id":"mqfuPfcw4yXbUhM9qOq8"},{"accountno":"TA-august2","departmentno":"9","salary":"40000","pincode":"126709","userid":"eBRuYScWp9uBKFbSzbLs","id":"E6tFz28fGtYvv27ZdxG7"},{"accountno":"TA-KHR1222","departmentno":"7","salary":"10000","pincode":"201711","userid":"vwpd6zlR3Yh9sCveq3Mo","id":"TmXZZXpj0Fcqx0KxtiQo"},{"accountno":"TA-AUG2202","departmentno":5,"salary":8000,"pincode":121212,"userid":"zwnVZyE1SBMYUL7p1CCp","id":"PxRE8D7PgqqbzCeH8LC3"},{"accountno":"TA-jan2220","departmentno":"2","salary":"1000","pincode":"123456","userid":"zwnVZyE1SBMYUL7p1CCp","id":"KmMFC0i0Oj9NuVmhUSYD"},{"accountno":"TA-jan2220","departmentno":"2","salary":"1000","pincode":"123456","userid":"zwnVZyE1SBMYUL7p1CCp","id":"EkUWznALolOPRCoBnpH9"},{"accountno":"TA-jan2220","departmentno":"2","salary":"1000","pincode":"123456","userid":"zwnVZyE1SBMYUL7p1CCp","id":"Wvn3aAlrIz9YPEWWw4HZ"},{"accountno":"DR-1000001","departmentno":"2","salary":"100000","pincode":"470002","userid":"f4dTFeiZ4qiLC5JTtieF","id":"V25G6ndbTnpBUvgylbrS"},{"accountno":"CN-1000000","departmentno":10,"salary":10000,"pincode":543219,"userid":"FksuWSbSHbNE6tT8dEVu","id":"Z8nJeJ63eWiHX0TQViFU"},{"accountno":"CN-1000000","departmentno":10,"salary":10000,"pincode":543219,"userid":"FksuWSbSHbNE6tT8dEVu","id":"q9QnyIsG20lUEnIkJOH0"},{"accountno":"TA- aug220","departmentno":2,"salary":5000,"pincode":123123,"userid":"dRbEIEggsKpGHF7Gxenw","id":"LPhtymfN3Ad2TCAxETSH"},{"accountno":"BN-1234535","departmentno":"7","salary":"12190","pincode":"123458","userid":"wvTE1ZsqbgfOMtiFejpq","id":"bUWZMHKzQ82B8cfamwVF"},{"accountno":"99999999","departmentno":"109","salary":"90009","pincode":"909090","userid":"QZG5HCtogYDoLSFP2aTC","id":"ypcesToUhIPEgwX5sx0W"},{"accountno":"99999999","departmentno":"109","salary":"90009","pincode":"909090","userid":"QZG5HCtogYDoLSFP2aTC","id":"cDdrsGXzL09WeruA0klr"},{"accountno":"99999999","departmentno":"109","salary":"90009","pincode":"909090","userid":"QZG5HCtogYDoLSFP2aTC","id":"NI7kEadsDAnQ3FPFpqKp"},{"accountno":"99999999","departmentno":"109","salary":"90009","pincode":"909090","userid":"QZG5HCtogYDoLSFP2aTC","id":"Q8UkqNBWtgVw3jPWBmxI"},{"accountno":"99999999","departmentno":"109","salary":"90009","pincode":"909090","userid":"QZG5HCtogYDoLSFP2aTC","id":"FsrCYwMNvDLduj9bxJ00"},{"accountno":"TA-9080709","departmentno":"1","salary":"15000","pincode":"321321","userid":"vTqHKffvK4WIXGi0xuLU","id":"KrOjsayGJQMyz8NuvB7d"},{"accountno":"TA-Aug2202S","departmentno":"2","salary":"6000","pincode":"1231234","userid":"lHhp65r4d1hmmDs5lVPV","id":"wrLOZLvE5VsY4IulySOl"},{"accountno":"TA-Aug2022","departmentno":"5","salary":"70000","pincode":"678905","userid":"lHhp65r4d1hmmDs5lVPV","id":"wVRZJIPH5X4W5bRpcyqC"},{"accountno":"TA-Aug1999","departmentno":"4","salary":"159515","pincode":"123432","userid":"Bu7YqKvWvrkCmXSzTgNR","id":"CcUjLpV3PYuwYbXE62hD"},{"accountno":"TA-qadeept","departmentno":"9","salary":"9000","pincode":"999999","userid":"f4dTFeiZ4qiLC5JTtieF","id":"eQNi315yvHvnDGG7a7aA"},{"accountno":"TA-qadeept","departmentno":"9","salary":"9000","pincode":"999999","userid":"f4dTFeiZ4qiLC5JTtieF","id":"KevAuyLnTteyK3t8EpKQ"},{"accountno":"TA-qadeept","departmentno":"9","salary":"9000","pincode":"999999","userid":"f4dTFeiZ4qiLC5JTtieF","id":"N7lwEuZElc9DoNqf1C1Z"},{"accountno":"99999999","departmentno":"109","salary":"90009","pincode":"909090","userid":"QZG5HCtogYDoLSFP2aTC","id":"4Xpjwq3TPi9d2ONan0U7"},{"accountno":"TA-2222334","departmentno":5,"salary":4000,"pincode":123458,"userid":"vTqHKffvK4WIXGi0xuLU","id":"eAWUbL1ADkWd7x2DETsw"},{"accountno":"TA-Oct2022","departmentno":"1","salary":"7000","pincode":"123123","userid":"v1uYEHd2E05Ci9RYpbUG","id":"UKUBjsWi8sjsRTaikS4s"},{"accountno":"TA-AUG2202","departmentno":1,"salary":3000,"pincode":121212,"userid":"Bu7YqKvWvrkCmXSzTgNR","id":"Jv2PYI8pgoe28lQEVJcw"},{"accountno":"TA-oct2022","departmentno":"4","salary":"35000","pincode":"123478","userid":"eBRuYScWp9uBKFbSzbLs","id":"YyttGKtItAtN5XhNa6IN"},{"accountno":"TA-KHR1222","departmentno":"7","salary":"10000","pincode":"201711","userid":"vwpd6zlR3Yh9sCveq3Mo","id":"sidikaX2xrKWAKJ6sos6"},{"accountno":"TA-KHR2022","departmentno":2,"salary":17000,"pincode":201711,"userid":"vwpd6zlR3Yh9sCveq3Mo","id":"D10WpCoKhbeAeIVwG4hJ"},{"accountno":"TA12121000","departmentno":3,"salary":10000,"pincode":750677,"userid":"vTqHKffvK4WIXGi0xuLU","id":"yv9ZcsxA97oNQDP07NHO"},{"accountno":"TA12121212","departmentno":"2","salary":"2000","pincode":"750677","userid":"vTqHKffvK4WIXGi0xuLU","id":"weJMXg0Ih6t0BZDXtogG"},{"accountno":"TA-Aug2011","departmentno":"1","salary":"2000","pincode":"111111","userid":"lFrriDTCYr6R4iozUsUv","id":"jKS6K8JbHNfg56H6y7yL"},{"accountno":"TA-dsb2022","departmentno":"1","salary":"4444","pincode":"125001","userid":"IyUWRD6w0asjw6Tuc0Aj","id":"SSMn7CmIw9RTRmpLcnUG"},{"accountno":"TA-Aug2220","departmentno":"1","salary":"234","pincode":"234234","userid":"zhFI4oQlHjP2cn3mW3GP","id":"0qfknbcRm2WYlaZcvPbK"},{"accountno":"TA-Aug2022","departmentno":5,"salary":1000,"pincode":123456,"userid":"zwnVZyE1SBMYUL7p1CCp","id":"JBAnLFDGqo0jGrzAXJPx"},{"accountno":"TA-Jan2022","departmentno":"2","salary":"1000","pincode":"123456","userid":"zwnVZyE1SBMYUL7p1CCp","id":"KwgWLrzomEnyDb3tfWka"},{"accountno":"TA-Aug2023","departmentno":"1","salary":"1000","pincode":"123456","userid":"zwnVZyE1SBMYUL7p1CCp","id":"LqcGss543hz3PHU6QJd2"},{"accountno":"TA-OCT2022","departmentno":10,"salary":7000,"pincode":201711,"userid":"vwpd6zlR3Yh9sCveq3Mo","id":"W7MF2OdVZGXR39XkzpjT"},{"accountno":"BN-1234535","departmentno":"7","salary":"12190","pincode":"123458","userid":"wvTE1ZsqbgfOMtiFejpq","id":"5uCBN8TjOh0mB6Lwqr0L"},{"accountno":"TA-QA20345","departmentno":"1","salary":"4444","pincode":"125001","userid":"ykzjcgcS2z5nTA3D5ugS","id":"G0QQEJgWBQ9ajUzsn7VK"},{"accountno":"TA-QA20205","departmentno":"1","salary":"4444","pincode":"125001","userid":"ykzjcgcS2z5nTA3D5ugS","id":"2V1GFf6Jzigp4QU3N9ri"},{"accountno":"TA-QA20202","departmentno":"1","salary":"4444","pincode":"125001","userid":"ykzjcgcS2z5nTA3D5ugS","id":"QnYsGMPNiR5bzJdgEoHl"},{"accountno":"TA-qa20222","departmentno":"2","salary":"2222","pincode":"125001","userid":"ykzjcgcS2z5nTA3D5ugS","id":"9UDxfRQ570BcH9WxNtPR"},{"accountno":"TA-Aug2202","departmentno":"2","salary":"5500","pincode":"123123","userid":"B1oqv0Jjm1fd0pAcDURW","id":"pVlRfMfEhYHHHtn4FIbd"},{"accountno":"TA-1223456","departmentno":"1","salary":"50000","pincode":"123000","userid":"FksuWSbSHbNE6tT8dEVu","id":"Gj0Z83Bo8bnjTysAzbca"},{"accountno":"TA-Aug2201","departmentno":3,"salary":5000,"pincode":123336,"userid":"V59Tl9UC08YWUQryObt6","id":"xjz2JeXFklG5BA57mBh1"},{"accountno":"TA-Sudha22","departmentno":"2","salary":"3000","pincode":"654646","userid":"V59Tl9UC08YWUQryObt6","id":"rGbD6kKeZ1PjhfjmjGPY"},{"accountno":"TA-1223456","departmentno":"5","salary":"3454534","pincode":"123456","userid":"FksuWSbSHbNE6tT8dEVu","id":"uBixe5T5wWnkwSzYdCDN"},{"accountno":"TA-1234567","departmentno":"3","salary":"3000","pincode":"125001","userid":"ykzjcgcS2z5nTA3D5ugS","id":"pvQxiQSPP03oCPMpnhRJ"},{"accountno":"TA-2345678","departmentno":"2","salary":"9000","pincode":"125001","userid":"ykzjcgcS2z5nTA3D5ugS","id":"l032TIBfpQXDlYQ03Trd"},{"accountno":"TA-1234567","departmentno":2,"salary":5000,"pincode":125001,"userid":"ykzjcgcS2z5nTA3D5ugS","id":"6XFhb7CyX4P0JAkTnbmA"},{"accountno":"TA-Oct2022","departmentno":"5","salary":"5000","pincode":"789789","userid":"lkdMZtNGN68KOuyoTHUF","id":"NPOCWIzfg8ee3Z2HZfbl"},{"accountno":"BN-1234535","departmentno":"7","salary":"12190","pincode":"123458","userid":"wvTE1ZsqbgfOMtiFejpq","id":"5O1wmyco8EWQI4OHPtqR"},{"accountno":"TA-23e4639","departmentno":"3","salary":"875464","pincode":"545565","userid":"viUByTYBXk6ZqpGadjmi","id":"d7HJbCwLh8WwTGY40SJE"},{"accountno":"TA-23e4639","departmentno":"3","salary":"875464","pincode":"545565","userid":"viUByTYBXk6ZqpGadjmi","id":"NHQ65YzwbirJ46mqthI1"},{"accountno":"TA-23e4638","departmentno":"3","salary":"875464","pincode":"545565","userid":"viUByTYBXk6ZqpGadjmi","id":"vh6ksLv0RmcAHfRJ3cv6"},{"accountno":"TA-23e4638","departmentno":"1","salary":"542464","pincode":"545547","userid":"viUByTYBXk6ZqpGadjmi","id":"K9IQGqrrrgQMbkC97lUQ"},{"accountno":"TA-23e4638","departmentno":"1","salary":"542464","pincode":"545547","userid":"viUByTYBXk6ZqpGadjmi","id":"6kWQreU0uCfddzxB06iu"},{"accountno":"TA-23e4638","departmentno":"1","salary":"542464","pincode":"545547","userid":"viUByTYBXk6ZqpGadjmi","id":"EgXTaj08FVqegrCEaUe4"},{"accountno":"PA-1212121","departmentno":"1","salary":"121212","pincode":"121212","userid":"yj4lLufi6vTtJtT0MKL8","id":"hmtWK50SeU6wOulal3nN"},{"accountno":"BN-1234535","departmentno":"7","salary":"12190","pincode":"123458","userid":"wvTE1ZsqbgfOMtiFejpq","id":"KIKzPI4HfGMPMrgWubkN"},{"accountno":"TA-DDDD200","departmentno":1,"salary":10000,"pincode":696969,"userid":"EWy6Ksl0tMcoPJU09bj8","id":"UehAedhhCfwC7WMw6IX8"},{"accountno":"TA-Diva200","departmentno":3,"salary":10000,"pincode":124680,"userid":"EWy6Ksl0tMcoPJU09bj8","id":"pk4C10dGcxF7g5AqF7Ux"},{"accountno":"TA-Diva200","departmentno":"5","salary":"10000","pincode":"987654","userid":"EWy6Ksl0tMcoPJU09bj8","id":"0AkjGXoI2sqRFJXrcpq1"},{"accountno":"TA-SP34591","departmentno":"3","salary":"655","pincode":"654321","userid":"mU6hIQUZQfsauAPg6TXX","id":"H6SqVSGntevuSeP2E63Y"},{"accountno":"TA-SP34591","departmentno":"3","salary":"655","pincode":"654321","userid":"mU6hIQUZQfsauAPg6TXX","id":"VULnR0meCRba2x8oPwAy"},{"accountno":"TA-SP34591","departmentno":"3","salary":"655","pincode":"654321","userid":"mU6hIQUZQfsauAPg6TXX","id":"Cp5RbJXkfpB2u7Lkxmsa"},{"accountno":"TA-SP34591","departmentno":"3","salary":"655","pincode":"654321","userid":"mU6hIQUZQfsauAPg6TXX","id":"5832MUuRwOTRwFxsaGqE"},{"accountno":"TA-SP34591","departmentno":"3","salary":"655","pincode":"654321","userid":"mU6hIQUZQfsauAPg6TXX","id":"H3jfdqUvYD1p2h23b5zM"},{"accountno":"TA-SP34591","departmentno":"3","salary":"655","pincode":"654321","userid":"mU6hIQUZQfsauAPg6TXX","id":"8gw42QC50tuk2rnwk41e"},{"accountno":"TA-SP34591","departmentno":"3","salary":"655","pincode":"654321","userid":"mU6hIQUZQfsauAPg6TXX","id":"GGVl7n9xrDSfC9ZxCnr2"},{"accountno":"TA-SP34591","departmentno":"3","salary":"655","pincode":"654321","userid":"mU6hIQUZQfsauAPg6TXX","id":"ogoz7Lz5udTkfgz39VGo"},{"accountno":"TA-SP34591","departmentno":"3","salary":"655","pincode":"654321","userid":"mU6hIQUZQfsauAPg6TXX","id":"95Zkz22eDILc3HqQOThD"},{"accountno":"TA-SP34591","departmentno":"3","salary":"655","pincode":"654321","userid":"mU6hIQUZQfsauAPg6TXX","id":"iC5SQ8RzCMxz6kt6kVhU"},{"accountno":"TA-SP34591","departmentno":"3","salary":"655","pincode":"654321","userid":"mU6hIQUZQfsauAPg6TXX","id":"W9pu64G5kshGkTdqCQfu"},{"accountno":"TA-SP34591","departmentno":"3","salary":"655","pincode":"654321","userid":"mU6hIQUZQfsauAPg6TXX","id":"YVpGuccLshNU69sv0qxD"},{"accountno":"TA-SP34591","departmentno":"3","salary":"655","pincode":"654321","userid":"mU6hIQUZQfsauAPg6TXX","id":"f1wt9JpfODnDm1YQIrFP"},{"accountno":"TA-SP34591","departmentno":"3","salary":"655","pincode":"654321","userid":"mU6hIQUZQfsauAPg6TXX","id":"oWrnCuQmUAZ08tftbdtC"},{"accountno":"TA-SP34591","departmentno":"3","salary":"655","pincode":"654321","userid":"mU6hIQUZQfsauAPg6TXX","id":"zhni8qAamhGIRSFZYgLj"},{"accountno":"TA-SP34591","departmentno":"3","salary":"655","pincode":"654321","userid":"mU6hIQUZQfsauAPg6TXX","id":"TCHC9ym2Au7PbM43YFUo"},{"accountno":"TA-SP34591","departmentno":"3","salary":"655","pincode":"654321","userid":"mU6hIQUZQfsauAPg6TXX","id":"GhaCxRLV3qJQDataAcLt"},{"accountno":"TA-SP34591","departmentno":"3","salary":"655","pincode":"654321","userid":"mU6hIQUZQfsauAPg6TXX","id":"ZYyiIvGExter17kKR8ak"},{"accountno":"TA-SP34591","departmentno":"3","salary":"655","pincode":"654321","userid":"mU6hIQUZQfsauAPg6TXX","id":"ypPw6AxcWmPxEuyrvQSs"},{"accountno":"TA-SP34591","departmentno":"3","salary":"655","pincode":"654321","userid":"mU6hIQUZQfsauAPg6TXX","id":"0uOyEDjY9LOkeTlOb8UT"},{"accountno":"TA-SP34591","departmentno":"3","salary":"655","pincode":"654321","userid":"mU6hIQUZQfsauAPg6TXX","id":"m6I2FWvXcoQPrbw6sKX3"},{"accountno":"TA-SP34591","departmentno":"3","salary":"655","pincode":"654321","userid":"mU6hIQUZQfsauAPg6TXX","id":"pzD9N4nQi0kQbrhfCVci"},{"accountno":"BN-1234535","departmentno":"7","salary":"12190","pincode":"123458","userid":"wvTE1ZsqbgfOMtiFejpq","id":"uNwDFaoez8AVREs728sG"},{"accountno":"TA-devi200","departmentno":2,"salary":6000,"pincode":12344321,"userid":"taGX4XQQfXD3Z76sI1Xn","id":"xIVpFxMhL8I4SlQDjyRE"},{"accountno":"TA-aug2201","departmentno":2,"salary":5000,"pincode":123123,"userid":"zhFI4oQlHjP2cn3mW3GP","id":"X01tgKvKlFKfiXNlNSsq"},{"accountno":"BN-1234535","departmentno":"7","salary":"12190","pincode":"123458","userid":"wvTE1ZsqbgfOMtiFejpq","id":"s8e2mk620KZyEAE3Ztgo"},{"accountno":"AA-1234567","departmentno":"5","salary":"10000","pincode":"555555","userid":"mEYhxTp8rdy8zhKgFBen","id":"QThkpcqXh5jURCw3Wrd7"},{"accountno":"BN-1234535","departmentno":"7","salary":"12190","pincode":"123458","userid":"wvTE1ZsqbgfOMtiFejpq","id":"ARrhAMA5fZVwTiqoSYXz"},{"accountno":"DA-7333333","departmentno":"3","salary":"30000","pincode":"305077","userid":"9M0UYcQiX1yGh3aiXJWZ","id":"L5XuEAsrRPEaQTZ52d2E"},{"accountno":"TA-7333333","departmentno":"3","salary":"30000","pincode":"305077","userid":"9M0UYcQiX1yGh3aiXJWZ","id":"qSMTXXgpFhljXRn2A0JF"},{"accountno":"DD-123456","departmentno":"6","salary":"666616","pincode":"777777","userid":"df3mJP5SKBSc4FrIFsCC","id":"jOeAZ5L8H7YEZwSYpDXb"},{"accountno":"TA-6785675","departmentno":"2","salary":"999463","pincode":"562099","userid":"taGX4XQQfXD3Z76sI1Xn","id":"qaDKNLb237LNC8NC1KEv"},{"accountno":"TA-7998762","departmentno":9,"salary":7,"pincode":98899,"userid":"taGX4XQQfXD3Z76sI1Xn","id":"ucapo1y95POXstxHiHUL"},{"accountno":"BN-1234535","departmentno":"7","salary":"12190","pincode":"123458","userid":"wvTE1ZsqbgfOMtiFejpq","id":"5ZQxiTvbZZRFt3Mbzmlh"},{"accountno":"BN-1234535","departmentno":"7","salary":"12190","pincode":"123458","userid":"wvTE1ZsqbgfOMtiFejpq","id":"5Jjmiie289VeSyU6tzjm"},{"accountno":"BN-1234535","departmentno":"7","salary":"12190","pincode":"123458","userid":"wvTE1ZsqbgfOMtiFejpq","id":"HCcNeleCphCanhDzzAkt"},{"accountno":"BN-1234535","departmentno":"7","salary":"12190","pincode":"123458","userid":"wvTE1ZsqbgfOMtiFejpq","id":"lMi1CTQgArDCgij93z4e"},{"accountno":"BN-1234535","departmentno":"7","salary":"12190","pincode":"123458","userid":"wvTE1ZsqbgfOMtiFejpq","id":"KviKELbnVCDOqLQ8W6Kt"},{"accountno":"BN-1234535","departmentno":"7","salary":"12190","pincode":"123458","userid":"wvTE1ZsqbgfOMtiFejpq","id":"KSFKrqYOBZvAAn0Tubwc"},{"accountno":"BN-1234535","departmentno":"7","salary":"12190","pincode":"123458","userid":"wvTE1ZsqbgfOMtiFejpq","id":"zWGLigeIbHRv7uz6rfAG"},{"accountno":"BN-1234535","departmentno":"7","salary":"12190","pincode":"123458","userid":"wvTE1ZsqbgfOMtiFejpq","id":"b4j9p9Jw73ZZBPyCBdIL"},{"accountno":"BN-1234535","departmentno":"7","salary":"12190","pincode":"123458","userid":"wvTE1ZsqbgfOMtiFejpq","id":"F6xa71XzrEHQ3hVDM1z1"},{"accountno":"BN-1234535","departmentno":"7","salary":"12190","pincode":"123458","userid":"wvTE1ZsqbgfOMtiFejpq","id":"vgPlcp1Ier8NqXnqLFaa"},{"accountno":"TA-7766677","departmentno":"1","salary":"4000","pincode":"667777","userid":"vZHJD4gJwQZDv8AwTjat","id":"XJ0U9xV9cORYvS2noO2E"},{"accountno":"TA-7766677","departmentno":"1","salary":"4000","pincode":"667777","userid":"vZHJD4gJwQZDv8AwTjat","id":"yLxTJU0zohwrtaJHrlNZ"},{"accountno":"BN-1234535","departmentno":"7","salary":"12190","pincode":"123458","userid":"wvTE1ZsqbgfOMtiFejpq","id":"cdMS9xVKGnW4HwfLkITS"},{"accountno":"66666666","departmentno":"678","salary":"8000","pincode":"123456","userid":"o4FDbZMJElX44kOM78mO","id":"D9hYFQ8Wc9wXqtv7XSCS"},{"accountno":"BN-1234535","departmentno":"7","salary":"12190","pincode":"123458","userid":"wvTE1ZsqbgfOMtiFejpq","id":"yhk8hv77dOUMKuO4i9Pb"},{"accountno":"BN-1234535","departmentno":"7","salary":"12190","pincode":"123458","userid":"wvTE1ZsqbgfOMtiFejpq","id":"4QtDnkiqCyjS3ZIZZi7H"},{"accountno":"KK-9999999","departmentno":"9","salary":"999","pincode":"999999","userid":"gwcn6RK4r9LUWalrshHM","id":"5tLn7mDpGIWbwxsIuOYV"},{"accountno":"AA-9999999","departmentno":"9","salary":"999","pincode":"999999","userid":"gwcn6RK4r9LUWalrshHM","id":"tZC8lrAPskYxBivW94at"},{"accountno":"BN-1234535","departmentno":"7","salary":"12190","pincode":"123458","userid":"wvTE1ZsqbgfOMtiFejpq","id":"FEvLCMxPuizUWQQEhJrk"},{"accountno":"BN-1234535","departmentno":"7","salary":"12190","pincode":"123458","userid":"wvTE1ZsqbgfOMtiFejpq","id":"6DYDPhvN4SVDNG9O6XYA"},{"accountno":"179843","departmentno":"5","salary":"","pincode":"123456","userid":"wvTE1ZsqbgfOMtiFejpq","id":"xOUVZLWx4lURx57CCGPr"},{"accountno":"179843","departmentno":"5","salary":"","pincode":"123456","userid":"wvTE1ZsqbgfOMtiFejpq","id":"b35pbsmAK4SGeK21I2O5"},{"accountno":"TA-7766677","departmentno":"1","salary":"4000","pincode":"667777","userid":"vZHJD4gJwQZDv8AwTjat","id":"aZ95D1BMfXjG1TtTR9f4"},{"accountno":"TA-7766677","departmentno":"1","salary":"4000","pincode":"667777","userid":"vZHJD4gJwQZDv8AwTjat","id":"onVVUm9JhaWHOddv8xKK"},{"accountno":"BN-1234535","departmentno":"7","salary":"12190","pincode":"123458","userid":"wvTE1ZsqbgfOMtiFejpq","id":"CL7sL6goGtryUnqSoLZ0"},{"accountno":"BN-1234535","departmentno":"7","salary":"12190","pincode":"123458","userid":"wvTE1ZsqbgfOMtiFejpq","id":"Z31Xjjg9dkbInXbiW4Bv"},{"accountno":"BN-1234535","departmentno":"7","salary":"12190","pincode":"123458","userid":"wvTE1ZsqbgfOMtiFejpq","id":"FJddP9DHsl9M8QFP8GPg"},{"accountno":"87654321QA","departmentno":"7","salary":"777777","pincode":"123789","userid":"taGX4XQQfXD3Z76sI1Xn","id":"3GrEF1VkZMWCr6v1C75G"},{"accountno":"BN-1234535","departmentno":"7","salary":"12190","pincode":"123458","userid":"wvTE1ZsqbgfOMtiFejpq","id":"FAJ8b5goVU8ppxj8CpMl"},{"accountno":"179843","departmentno":"5","salary":"","pincode":"123456","userid":"wvTE1ZsqbgfOMtiFejpq","id":"YpqiXXhFjxqLWU7C0LQA"},{"accountno":"179843","departmentno":"5","salary":"","pincode":"123456","userid":"wvTE1ZsqbgfOMtiFejpq","id":"B8CH1Jm5KDAfQPUGrwZr"},{"accountno":"179843","departmentno":"5","salary":"","pincode":"123456","userid":"wvTE1ZsqbgfOMtiFejpq","id":"RTMwnlP4ySXhdmgdnXUr"},{"accountno":"BN-1234535","departmentno":"7","salary":"12190","pincode":"123458","userid":"wvTE1ZsqbgfOMtiFejpq","id":"uYrAGMKiZVvOIu7RgVep"},{"accountno":"SS-1234","departmentno":"80","salary":"","pincode":"999","userid":"yj4lLufi6vTtJtT0MKL8","id":"QmnjhZvxcCgjSSzSDqW4"},{"accountno":"SS-1234","departmentno":"8","salary":"1234567898","pincode":"999889","userid":"t125VIABatxIit0Gfdqy","id":"LwY5Lg8Z8uo6YVD5sAMZ"},{"accountno":"1234567890","departmentno":"2","salary":"1234567","pincode":"123456","userid":"t125VIABatxIit0Gfdqy","id":"UXn7ZbxfSGMqrbcGRMgW"},{"accountno":"SU-1212129","departmentno":"8","salary":"asdgd$@","pincode":"123456","userid":"t125VIABatxIit0Gfdqy","id":"5n6iYKMIXS0Z2BNOWdeJ"},{"accountno":"SU-1212129","departmentno":"8","salary":"asdgd","pincode":"123456","userid":"t125VIABatxIit0Gfdqy","id":"J5pykKVUordCtVJ6jNZX"},{"accountno":"SU-1212129","departmentno":"8","salary":"9294969890192949698901234567890929496989012345678909294969890123456789092949698901234567890929496989012345678909294969890123456789092949698901234567890929496989012345678909294969890123456789023456789092949698901234567890929496989012345678909294969890123456789092949698901234567890929496989012345678909294969890123456789092949698901234567890929496989012345678909294969890123456789092949698901234567890929496989012345678909294969890123456789092949698901234567890929496989012345678909294969890123456789092949698901234567890929496989012345678909294969890123456789092949698901234567890","pincode":"123456","userid":"t125VIABatxIit0Gfdqy","id":"B1liDhrLTdueiHd9Zgxz"},{"accountno":"SU-1234567","departmentno":"1","salary":"1234567","pincode":"123456","userid":"t125VIABatxIit0Gfdqy","id":"CX3zQwJAGpN3qqEFj6hx"},{"accountno":"BN-1234535","departmentno":"7","salary":"12190","pincode":"123458","userid":"wvTE1ZsqbgfOMtiFejpq","id":"TZO63BIG83YBr5CGN7JR"},{"accountno":"TA-1111111","departmentno":"1","salary":"00000","pincode":"000000","userid":"t125VIABatxIit0Gfdqy","id":"8eGBQYb9DdiLU2cqXt2N"},{"accountno":"TA-1231231","departmentno":9,"salary":100000,"pincode":999999,"userid":"t125VIABatxIit0Gfdqy","id":"l56oMs8gxHGaUotB1NRr"},{"accountno":"BN-1234535","departmentno":"7","salary":"12190","pincode":"123458","userid":"wvTE1ZsqbgfOMtiFejpq","id":"BICM8FEiDpqdU5bIoTPR"},{"accountno":"BN-1234535","departmentno":"7","salary":"12190","pincode":"123458","userid":"wvTE1ZsqbgfOMtiFejpq","id":"IKqokNXU68K7a4c1a52U"},{"accountno":"SS-123456","departmentno":"6","salary":"666616","pincode":"777777","userid":"df3mJP5SKBSc4FrIFsCC","id":"4OOpAJf97MKz2tGjM8a0"},{"accountno":"BB-123456","departmentno":"6","salary":"666616","pincode":"666666","userid":"df3mJP5SKBSc4FrIFsCC","id":"panK2LEk3DHzuA5IVehU"},{"accountno":"BN-1234535","departmentno":"7","salary":"12190","pincode":"123458","userid":"wvTE1ZsqbgfOMtiFejpq","id":"lO0LBoeWWtX7uchHgyTl"},{"accountno":"TA-8765435","departmentno":"9","salary":"999999999999","pincode":"000000","userid":"t125VIABatxIit0Gfdqy","id":"h5OwsGKxTCp2vegHUFDo"},{"accountno":"TA-8765435","departmentno":"9","salary":"999999999999","pincode":"000000","userid":"t125VIABatxIit0Gfdqy","id":"BLjHw10FKGGrOEU8gPxr"},{"accountno":"TA-8765435","departmentno":"9","salary":"999999999999","pincode":"000000","userid":"t125VIABatxIit0Gfdqy","id":"BVdS2pcbpXXP1hTrgTap"},{"accountno":"TA-8765435","departmentno":"9","salary":"999999999999","pincode":"000000","userid":"t125VIABatxIit0Gfdqy","id":"ntP50ihaCwolsL2fCzpy"},{"accountno":"TA-8765435","departmentno":"9","salary":"999999999999","pincode":"000000","userid":"t125VIABatxIit0Gfdqy","id":"hAJXSHi8mN1TIUfCaF9D"},{"accountno":"TA-8765435","departmentno":"9","salary":"999999999999","pincode":"000000","userid":"t125VIABatxIit0Gfdqy","id":"KqSWOzCPmKJXYFLL5i2A"},{"accountno":"TA-8765435","departmentno":"9","salary":"999999999999","pincode":"000000","userid":"t125VIABatxIit0Gfdqy","id":"dmXcl90E136ER8kH7IfP"},{"accountno":"TA-8765435","departmentno":"9","salary":"999999999999","pincode":"000000","userid":"t125VIABatxIit0Gfdqy","id":"Abc22LLrLOVcl1Tq4A3M"},{"accountno":"BN-1234535","departmentno":"7","salary":"12190","pincode":"123458","userid":"wvTE1ZsqbgfOMtiFejpq","id":"gfIOaNUPsOA7Ct6MUT0s"},{"accountno":"TA-1231231","departmentno":"9","salary":"999999999999","pincode":"000000","userid":"t125VIABatxIit0Gfdqy","id":"HJWwuWgxV5MZ8jnoaCi1"},{"accountno":"TA-8765435","departmentno":"9","salary":"999999999999","pincode":"000000","userid":"t125VIABatxIit0Gfdqy","id":"P4jymwAgDsJT1ABiclpD"},{"accountno":"TA-8765435","departmentno":"9","salary":"999999999999","pincode":"000000","userid":"t125VIABatxIit0Gfdqy","id":"qmiUXZRHh1L8kJEXgk3O"},{"accountno":"TA-8765435","departmentno":"9","salary":"999999999999","pincode":"000000","userid":"t125VIABatxIit0Gfdqy","id":"HSFBjlMZx05xmoyXcccF"},{"accountno":"TA-8765435","departmentno":"9","salary":"999999999999","pincode":"000000","userid":"t125VIABatxIit0Gfdqy","id":"o380NzGDWa2FXXk0IPu6"},{"accountno":"TA-8765435","departmentno":"9","salary":"999999999999","pincode":"000000","userid":"t125VIABatxIit0Gfdqy","id":"ukgsaF3n6oid1ritbfRi"},{"accountno":"TA-8765432","departmentno":"9","salary":"999999999999","pincode":"000000","userid":"t125VIABatxIit0Gfdqy","id":"PRhkoE4ZiSdh9UkiRxgO"},{"accountno":"TA-8765435","departmentno":"9","salary":"999999999999","pincode":"000000","userid":"t125VIABatxIit0Gfdqy","id":"VDh7JFD9SXMQfeLUynyV"},{"accountno":"TA-8765435","departmentno":"9","salary":"999999999999","pincode":"000000","userid":"t125VIABatxIit0Gfdqy","id":"A1sHZC10n3iVTv0K3opM"},{"accountno":"TA-8765435","departmentno":"9","salary":"999999999999","pincode":"000000","userid":"t125VIABatxIit0Gfdqy","id":"0eb4xwuGss5XfqEOrkut"},{"accountno":"TA-8765435","departmentno":"9","salary":"999999999999","pincode":"000000","userid":"t125VIABatxIit0Gfdqy","id":"nOy1BOwyWVtPwmejqpKu"},{"accountno":"TA-8765435","departmentno":"9","salary":"999999999999","pincode":"000000","userid":"t125VIABatxIit0Gfdqy","id":"Biu6QlTpUeKcrLM89s3k"},{"accountno":"TA-8765435","departmentno":"9","salary":"999999999999","pincode":"000000","userid":"t125VIABatxIit0Gfdqy","id":"gdnoI5TJI1Q8S8MFFCM3"},{"accountno":"TA-8765435","departmentno":"9","salary":"999999999999","pincode":"000000","userid":"t125VIABatxIit0Gfdqy","id":"T0OSDJQJcy06B0WsuXVn"},{"accountno":"TA-8765435","departmentno":"9","salary":"999999999999","pincode":"000000","userid":"t125VIABatxIit0Gfdqy","id":"aGlIJigK5ofpl2wOa12F"},{"accountno":"5905101200","departmentno":8,"salary":"","pincode":"","userid":"9M0UYcQiX1yGh3aiXJWZ","id":"UrMGlM1cNDrM86H4SVEo"},{"accountno":"TA-0000000","departmentno":"0","salary":"0000000","pincode":"000000","userid":"9M0UYcQiX1yGh3aiXJWZ","id":"dkYG9SIX1h3HhiS9AfzA"},{"accountno":"TA-8765432","departmentno":"9","salary":"999999999999","pincode":"000000","userid":"t125VIABatxIit0Gfdqy","id":"H2hxvTzze0Dr5m3r6W6o"},{"accountno":"TA-1234567","departmentno":"1","salary":"1","pincode":"123456","userid":"t125VIABatxIit0Gfdqy","id":"d3xBlNgiSsKlYaSc1AjS"},{"accountno":"TA-8765432","departmentno":"9","salary":"999999999999","pincode":"000000","userid":"t125VIABatxIit0Gfdqy","id":"OCG6U3rAq9U97FOuOmiy"},{"accountno":"TA-8765432","departmentno":"9","salary":"999999999999","pincode":"000000","userid":"t125VIABatxIit0Gfdqy","id":"GOwHyBS4YMHv7sPJhOf5"},{"accountno":"TA-8765432","departmentno":"9","salary":"999999999999","pincode":"000000","userid":"t125VIABatxIit0Gfdqy","id":"IVTe9lT5t0bsKuB7Z5XN"},{"accountno":"TA-2345566","departmentno":"1","salary":"1","pincode":"345670","userid":"t125VIABatxIit0Gfdqy","id":"pDWc6E7Hdge8kpnwJLnW"},{"accountno":"TA-2345566","departmentno":"1","salary":"1","pincode":"345678","userid":"t125VIABatxIit0Gfdqy","id":"zWWCtSNXcj0VwyciAieC"},{"accountno":"TA-1234578","departmentno":2,"salary":2,"pincode":100000,"userid":"t125VIABatxIit0Gfdqy","id":"Ea4j6obDFpZlPVz4saNc"},{"accountno":"TA-2345555","departmentno":"1","salary":"1","pincode":"345678","userid":"t125VIABatxIit0Gfdqy","id":"Z1XLjVcUo3R9USnCE26J"},{"accountno":"TA-1212121","departmentno":"5","salary":"6000","pincode":"945381","userid":"taGX4XQQfXD3Z76sI1Xn","id":"K4RNbaoxyA3ItIJUtaig"},{"accountno":"TA-1212121","departmentno":"5","salary":"6000","pincode":"945381","userid":"fvgD6ZVj1DoWWUEN57w5","id":"ud1gqcdzKOyjf7U9OCPF"},{"accountno":"TA-1211211","departmentno":"4","salary":"23345","pincode":"433433","userid":"fvgD6ZVj1DoWWUEN57w5","id":"7wnu0HcVqMxdXh9A3Oyd"},{"accountno":"TA-128290","departmentno":"6","salary":"23000","pincode":"568796","userid":"hlI8xRxaKMwpontOHVoR","id":"wIPunwkd6P3fvUdoccVE"},{"accountno":"TA-1212121","departmentno":"1","salary":"121212","pincode":"999999","userid":"yj4lLufi6vTtJtT0MKL8","id":"4zDxd4c0K78ZllkJvesn"},{"accountno":"TA-1212121","departmentno":"1","salary":"121212","pincode":"121212","userid":"yj4lLufi6vTtJtT0MKL8","id":"c6vbbUzKDzaLy8u9sWDw"},{"accountno":"AL-9999998","departmentno":"8","salary":"9999999998","pincode":"999998","userid":"fvgD6ZVj1DoWWUEN57w5","id":"DdjtDpTUONzdYKosanbe"},{"accountno":"AL-9999999","departmentno":"9","salary":"9999999999","pincode":"999999","userid":"fvgD6ZVj1DoWWUEN57w5","id":"3cwgQLm5RcH9eVCSULbO"},{"accountno":"TA-9999999","departmentno":"9","salary":"9999999999","pincode":"999999","userid":"fvgD6ZVj1DoWWUEN57w5","id":"w7zOd1EFWNjGJA9jnDrl"},{"accountno":"TA-2121212","departmentno":"2","salary":"21212121","pincode":"212121","userid":"fvgD6ZVj1DoWWUEN57w5","id":"dNxjggzdA0BSf6sxGRyd"},{"accountno":"TA-1212121","departmentno":"1","salary":"121212","pincode":"121212","userid":"yj4lLufi6vTtJtT0MKL8","id":"koOUJnGCRuTTSV14BzWf"},{"accountno":"AA-1111111","departmentno":"1","salary":"0","pincode":"111111","userid":"taGX4XQQfXD3Z76sI1Xn","id":"63ppmbnNGlqTtyVGfU2T"},{"accountno":"BN-1234535","departmentno":"7","salary":"12190","pincode":"123458","userid":"wvTE1ZsqbgfOMtiFejpq","id":"60V6jKa8PuUClqyw9usn"},{"accountno":"BN-1234535","departmentno":"3","salary":"12120","pincode":"123458","userid":"wvTE1ZsqbgfOMtiFejpq","id":"pUKVmr2HdavMsGFcKNcq"},{"accountno":"AA-8765422","departmentno":"8","salary":"80000","pincode":"805077","userid":"9M0UYcQiX1yGh3aiXJWZ","id":"AQj5Umw5I7QMLa4yw1HZ"},{"accountno":"AA-8765422","departmentno":"8","salary":"80000","pincode":"805077","userid":"9M0UYcQiX1yGh3aiXJWZ","id":"Ynhli5N6mLcCY72eQOIW"},{"accountno":"TA-7333333","departmentno":"3","salary":"30000","pincode":"305077","userid":"9M0UYcQiX1yGh3aiXJWZ","id":"FzQ8GXAOIzKXipbwtQL8"},{"accountno":"TA-9595959","departmentno":"9","salary":"9000","pincode":"909090","userid":"txyvZ2JBdVLa10kxS284","id":"Rh5oboimSWUPOXFx8Tug"},{"accountno":"6395655","departmentno":"4","salary":"1578299","pincode":"4319285","userid":"y4iCOSfi7YZ6cE7eHQEq","id":"zOpkpLQyaxTajzFlgmiW"},{"accountno":"5414719","departmentno":"7","salary":"1472630","pincode":"8640188","userid":"y4iCOSfi7YZ6cE7eHQEq","id":"AVHAZtRvu57vMEjadpPK"},{"accountno":"6305312","departmentno":"7","salary":"0126142","pincode":"2927624","userid":"y4iCOSfi7YZ6cE7eHQEq","id":"hg2w2MZwkKnbssZwjbDV"},{"accountno":"TA-4567888","departmentno":"2","salary":"12345","pincode":"483070","userid":"y4iCOSfi7YZ6cE7eHQEq","id":"P9xtjzqPHP8rQ4LhTTlU"},{"accountno":"TA-4567888","departmentno":"1","salary":"1","pincode":"483070","userid":"y4iCOSfi7YZ6cE7eHQEq","id":"Km5Sb1XGvq19ha7DQObN"},{"accountno":"5555555","departmentno":"5","salary":"55555","pincode":"500055","userid":"Vh9h6QeQwTUcvVEz3MxJ","id":"bvcqBzafxokaAqrIwWFE"},{"accountno":"5555555","departmentno":"5","salary":"55555","pincode":"500055","userid":"Vh9h6QeQwTUcvVEz3MxJ","id":"ZlK9NwDSzWTC4zrzUYPf"},{"accountno":"TA-6785675","departmentno":"2","salary":"999463","pincode":"562099","userid":"taGX4XQQfXD3Z76sI1Xn","id":"J93eOK5PoxFKqrxcvx7N"},{"accountno":"TA-128290","departmentno":"6","salary":"23000","pincode":"568796","userid":"hlI8xRxaKMwpontOHVoR","id":"Qfo26HvbLIVs5UvMMeXM"},{"accountno":"TA-9889779","departmentno":"9","salary":"1234567890","pincode":"999888","userid":"t125VIABatxIit0Gfdqy","id":"rY8zJWInwjhOXbdbL9dk"},{"accountno":"TA-128290","departmentno":"6","salary":"23000","pincode":"568796","userid":"hlI8xRxaKMwpontOHVoR","id":"0GDkgADKLid7fiIIcDnz"},{"accountno":"TA-128290","departmentno":"6","salary":"23000","pincode":"568796","userid":"hlI8xRxaKMwpontOHVoR","id":"3YKBPJttwjbA7LpTIYZW"},{"accountno":"BN-1234535","departmentno":"3","salary":"12120","pincode":"123458","userid":"wvTE1ZsqbgfOMtiFejpq","id":"JxYWC3FGac7Nuni4Kk7Y"},{"accountno":"TA-000000","departmentno":"6","salary":"23000","pincode":"568796","userid":"hlI8xRxaKMwpontOHVoR","id":"SVQBAx4MMX8kKKLw13v3"},{"accountno":"TA-000000","departmentno":"6","salary":"23000","pincode":"568796","userid":"hlI8xRxaKMwpontOHVoR","id":"J9T1sdu0tjPtWNbfikwb"},{"accountno":"TA-6789975","departmentno":2,"salary":"tetstst","pincode":94538,"userid":"taGX4XQQfXD3Z76sI1Xn","id":"Y05tjlVgNbwZGnPGpSLr"},{"accountno":"TA-7112022","departmentno":"7","salary":"70000","pincode":"705077","userid":"9M0UYcQiX1yGh3aiXJWZ","id":"I8OPnpEdyBff26pCzjC4"},{"accountno":"TA-7112022","departmentno":"7","salary":"70000","pincode":"705077","userid":"9M0UYcQiX1yGh3aiXJWZ","id":"KK6ycDRDBZvlr7uJOEdo"},{"accountno":"TA-7112022","departmentno":"7","salary":"70000","pincode":"705077","userid":"9M0UYcQiX1yGh3aiXJWZ","id":"paDO1ODjg7MCo2rM6X0j"},{"accountno":"TA-6789975","departmentno":"2","salary":"179463","pincode":"562099","userid":"taGX4XQQfXD3Z76sI1Xn","id":"hT2YosEDPQtn9NLN4Jvc"},{"accountno":"TA-9595959","departmentno":"9","salary":"9000","pincode":"909090","userid":"txyvZ2JBdVLa10kxS284","id":"KtynoKbgMlJXL2eQCRlm"},{"accountno":"TA-8585858","departmentno":"8","salary":"8000","pincode":"808080","userid":"txyvZ2JBdVLa10kxS284","id":"5QQjddWxEVggg7WzmpKN"},{"accountno":"12345891","departmentno":"6","salary":"68765","pincode":"68908","userid":"XshVKm3AyHhTRrqmbqzu","id":"3zOPkmXla7M0moQmnhq6"},{"accountno":"12345691","departmentno":"6","salary":"68765","pincode":"68908","userid":"XshVKm3AyHhTRrqmbqzu","id":"CaEpGkacvmA63R560b6N"},{"accountno":"12345690","departmentno":"6","salary":"68765","pincode":"68908","userid":"XshVKm3AyHhTRrqmbqzu","id":"ZnzywyivIdP5gkqN9RPd"},{"accountno":"TA-9595959","departmentno":"9","salary":"9000","pincode":"909090","userid":"txyvZ2JBdVLa10kxS284","id":"d6QsuxfbHU4byoP7bW7q"},{"accountno":"TA-8765432","departmentno":"1","salary":"88776655","pincode":"123456","userid":"duFW4BC9hXzbr1yD2KAS","id":"og297KKqUYnfw0BnaRVQ"},{"accountno":"TA-8585858","departmentno":8,"salary":8000,"pincode":808081,"userid":"txyvZ2JBdVLa10kxS284","id":"6g3f3Kz15ixHD9jQYQ39"},{"accountno":"12345670","departmentno":"6","salary":"68765","pincode":"68908","userid":"XshVKm3AyHhTRrqmbqzu","id":"VAkwvWdjW745XayzO7Vs"},{"accountno":"12345678","departmentno":"6","salary":"68765","pincode":"68908","userid":"XshVKm3AyHhTRrqmbqzu","id":"BpgDUohNqKyguPnYHl1C"},{"accountno":"WA-7777888","departmentno":"3","salary":"131313","pincode":"131333","userid":"XshVKm3AyHhTRrqmbqzu","id":"yEsUfFnYIJIckZ9TwybK"},{"accountno":"WA-7777790","departmentno":"3","salary":"131313","pincode":"131333","userid":"yj4lLufi6vTtJtT0MKL8","id":"mRPhawmzhh8K4TbDUHMy"},{"accountno":"WA-7777790","departmentno":"3","salary":"131313","pincode":"131333","userid":"yj4lLufi6vTtJtT0MKL8","id":"sznDZUPULMtSCnxXxpG7"},{"accountno":"SS-rrr4444","departmentno":"4","salary":"44444","pincode":"444444","userid":"gwcn6RK4r9LUWalrshHM","id":"CbzO1AhaZbQzES8ZOocc"},{"accountno":"WA-7777778","departmentno":"3","salary":"131313","pincode":"131333","userid":"yj4lLufi6vTtJtT0MKL8","id":"6v6pJLgPzi4upooWW65p"},{"accountno":"WA-7777777","departmentno":"3","salary":"131313","pincode":"131333","userid":"yj4lLufi6vTtJtT0MKL8","id":"M3WsShxVFaoFHez9s0Th"},{"accountno":"TA-1231231","departmentno":"1","salary":"123123","pincode":"123123","userid":"taGX4XQQfXD3Z76sI1Xn","id":"b7ZCw6SW1A4odHTZVEYS"},{"accountno":"TA-1111111","departmentno":"1","salary":"1111","pincode":"111111","userid":"taGX4XQQfXD3Z76sI1Xn","id":"jg3vpWhDM463fyfi4Nxh"},{"accountno":"TA-6789975","departmentno":"2","salary":"179463","pincode":"562099","userid":"taGX4XQQfXD3Z76sI1Xn","id":"rt6cQaeeTaQHmysRpKCc"},{"accountno":"12345678","departmentno":"6","salary":"68765","pincode":"68908","userid":"fvgD6ZVj1DoWWUEN57w5","id":"nPHoS94X5K5tk9CxIP0v"},{"accountno":"TA-1388881","departmentno":"1","salary":"1","pincode":"123881","userid":"gKTik79w9Jf4dRqerMXU","id":"S9KE2WFOmGHtekIpSJ0L"},{"accountno":"TA-1388888","departmentno":"3","salary":"3","pincode":"123888","userid":"gKTik79w9Jf4dRqerMXU","id":"LDIU8K805gpupYqD30k9"},{"accountno":"TA-1388888","departmentno":"3","salary":"3","pincode":"123888","userid":"gKTik79w9Jf4dRqerMXU","id":"fjsvZ4dyHrVoRWKqdBDr"},{"accountno":"TA-8888888","departmentno":"8","salary":"8000","pincode":"808080","userid":"txyvZ2JBdVLa10kxS284","id":"G8a0kh0ydH1j3RLMMUnP"},{"accountno":"TA-6666666","departmentno":"6","salary":"60000","pincode":"000000","userid":"t125VIABatxIit0Gfdqy","id":"DctqxUJt6nkCqkua9znu"},{"accountno":"TA-2000001","departmentno":"2","salary":"20002","pincode":"289022","userid":"fvgD6ZVj1DoWWUEN57w5","id":"aTWSLYouioMYIWxBRMYs"},{"accountno":"TA-5544332","departmentno":8,"salary":5000000,"pincode":858211,"userid":"taGX4XQQfXD3Z76sI1Xn","id":"b4lPHNCl4ppTJydsCOrn"},{"accountno":"TA-5544332","departmentno":"8","salary":"50000000","pincode":"858211","userid":"taGX4XQQfXD3Z76sI1Xn","id":"H5BQJuMjM2oAxZM6E8NE"},{"accountno":"GA-1234555","departmentno":"4","salary":"444444","pincode":"444444","userid":"df3mJP5SKBSc4FrIFsCC","id":"IA5xfeWcinXSSFPjJhUC"},{"accountno":"TA-5544332","departmentno":"8","salary":"500000","pincode":"605004","userid":"pGfjZq98hw6BEeGMRRCc","id":"74bEEozRouQMxhuliM55"},{"accountno":"TA-5544332","departmentno":"8","salary":"500000","pincode":"605004","userid":"pGfjZq98hw6BEeGMRRCc","id":"RqfIL9rDyVpo0ANOYQgZ"},{"accountno":"TA-5544332","departmentno":"8","salary":"500000","pincode":"605004","userid":"pGfjZq98hw6BEeGMRRCc","id":"dxxr4eYqdf15K9GkFXJa"},{"accountno":"TA-6464633","departmentno":"5","salary":"545444","pincode":"212221","userid":"9M0UYcQiX1yGh3aiXJWZ","id":"aZyAXZSa1reZ9l63SEMW"},{"accountno":"BN-1234535","departmentno":"3","salary":"12120","pincode":"123458","userid":"wvTE1ZsqbgfOMtiFejpq","id":"KozG1CDtXSPsBTdTsT7p"},{"accountno":"TA-5050505","departmentno":"5","salary":"5000","pincode":"555555","userid":"txyvZ2JBdVLa10kxS284","id":"5UESzfCKy30voWN8fedi"},{"accountno":"TA-3456789","departmentno":"1","salary":"654321","pincode":"123456","userid":"taGX4XQQfXD3Z76sI1Xn","id":"UyKwnFR3JhbYt6ThFsG3"},{"accountno":"TA-0987654","departmentno":"1","salary":"111111","pincode":"111111","userid":"9M0UYcQiX1yGh3aiXJWZ","id":"lzDftFqhzzATEJeDmyjE"},{"accountno":"TA-8785450","departmentno":"8","salary":"60500","pincode":"205675","userid":"9M0UYcQiX1yGh3aiXJWZ","id":"ECDDXC7Y35RteNXmR5SY"},{"accountno":"TA-1234567","departmentno":8,"salary":222222,"pincode":111111,"userid":"9M0UYcQiX1yGh3aiXJWZ","id":"NlWEhzQhuqlLx6gphEjP"},{"accountno":"TA-5000000","departmentno":"5","salary":"100000","pincode":"567899","userid":"9M0UYcQiX1yGh3aiXJWZ","id":"BCYEW31dKXVUlkBWOUmg"},{"accountno":"TA-5758858","departmentno":"5","salary":"100000","pincode":"567899","userid":"9M0UYcQiX1yGh3aiXJWZ","id":"sHuHsA30EfkDLwCaB3AN"},{"accountno":"WA-7777777","departmentno":"3","salary":"131313","pincode":"131333","userid":"yj4lLufi6vTtJtT0MKL8","id":"kOsstrEr1hM2myIJvgy4"},{"accountno":"12345678","departmentno":"6","salary":"68765","pincode":"68908","userid":"taGX4XQQfXD3Z76sI1Xn","id":"Ri9PeTLZKdtoF5deBlJz"},{"accountno":"TA-6789975","departmentno":"3","salary":"179463","pincode":"562099","userid":"taGX4XQQfXD3Z76sI1Xn","id":"Hk3SWPdDlqqY7bihxbfH"},{"accountno":"TA-6789975","departmentno":"3","salary":"179463","pincode":"562099","userid":"taGX4XQQfXD3Z76sI1Xn","id":"iJQptFTvcMPLbsBnoPsU"},{"accountno":"BB-123456","departmentno":"6","salary":"666616","pincode":"666666","userid":"df3mJP5SKBSc4FrIFsCC","id":"3hMvqphXdP5E7dLeaIfF"},{"accountno":"BN-1234535","departmentno":"3","salary":"12120","pincode":"123458","userid":"wvTE1ZsqbgfOMtiFejpq","id":"WK7FTOBX7OsU5Sn6j7fi"},{"accountno":"BN-1234565","departmentno":"8","salary":"12120","pincode":"123458","userid":"wvTE1ZsqbgfOMtiFejpq","id":"pPgFmGmMwPDYnqTAQOPj"},{"accountno":"BN-1234567","departmentno":"8","salary":"12120","pincode":"123458","userid":"wvTE1ZsqbgfOMtiFejpq","id":"IcZTaxHPGDEjIEcid1LK"},{"accountno":"DD-123456","departmentno":6,"salary":666616,"pincode":666666,"userid":"df3mJP5SKBSc4FrIFsCC","id":"p21XvnO0MuVPXisikqFT"},{"accountno":"TA-4545445","departmentno":"1","salary":"123456","pincode":"123456","userid":"wvTE1ZsqbgfOMtiFejpq","id":"536p9YaQDVnulSESeEpy"},{"accountno":"TA-55555556","departmentno":"5","salary":"55555556","pincode":"500026","userid":"Vh9h6QeQwTUcvVEz3MxJ","id":"KMdTsFszZUH1QI9KqOpY"},{"accountno":"TA-55555556","departmentno":"5","salary":"55555556","pincode":"500026","userid":"Vh9h6QeQwTUcvVEz3MxJ","id":"MXhMzcdihP5BOfM9WtZJ"},{"accountno":"TA-1222019","departmentno":"2","salary":"20000","pincode":"202020","userid":"txyvZ2JBdVLa10kxS284","id":"oO9Qj97HXPM6kwrc9ubM"},{"accountno":"TA-55555555","departmentno":5,"salary":55555555,"pincode":500020,"userid":"Vh9h6QeQwTUcvVEz3MxJ","id":"sg5olhcabWEToar2EwsQ"},{"accountno":"TA-9876543","departmentno":"1","salary":"999888777","pincode":"123455","userid":"9M0UYcQiX1yGh3aiXJWZ","id":"kG2cOvBYSOnf1jvkzewX"},{"accountno":"TA-3000001","departmentno":"3","salary":"30001","pincode":"389021","userid":"ziBRfLEfNtH2MHyH3MhK","id":"vs9uuL3qI1FuJKR4UhhM"},{"accountno":"TA-5555555","departmentno":"5","salary":"50000","pincode":"505050","userid":"txyvZ2JBdVLa10kxS284","id":"HkpUe8VYrOaZGo91uW8z"},{"accountno":"TA-1111111","departmentno":"1","salary":"11","pincode":"111111","userid":"ziBRfLEfNtH2MHyH3MhK","id":"E5TN4FEp7v25htoYumgw"},{"accountno":"TA-3300003","departmentno":3,"salary":33300,"pincode":389022,"userid":"ziBRfLEfNtH2MHyH3MhK","id":"VffDxNSP8F3eKvKFDdhD"},{"accountno":"TA-5555555","departmentno":"5","salary":"50000","pincode":"505050","userid":"txyvZ2JBdVLa10kxS284","id":"fk30JYZGNIz8h4Wsz9Jk"},{"accountno":"TA-7112022","departmentno":"7","salary":"70000","pincode":"705077","userid":"txyvZ2JBdVLa10kxS284","id":"ts6YZE9BrlWgOlDOM9hX"},{"accountno":"TA-0000003","departmentno":"3","salary":"30000","pincode":"089022","userid":"ziBRfLEfNtH2MHyH3MhK","id":"BqXQgxNKw7uD8z7Ep93f"},{"accountno":"TA-4545445","departmentno":1,"salary":123123,"pincode":123123,"userid":"wvTE1ZsqbgfOMtiFejpq","id":"YXnjbXQW9igqFx9FpS1R"},{"accountno":"DA-123456","departmentno":"6","salary":"666616","pincode":"666666","userid":"df3mJP5SKBSc4FrIFsCC","id":"5QzFJ2G7OjtcIJP1tbv3"},{"accountno":"TA-2345678","departmentno":7,"salary":4444440,"pincode":666660,"userid":"pGfjZq98hw6BEeGMRRCc","id":"ww24WyH4Y3q0eT8bIIaZ"},{"accountno":"TA-4444444","departmentno":"1","salary":"123456","pincode":"123456","userid":"wvTE1ZsqbgfOMtiFejpq","id":"eE3PfTePc2JjbwNS9UXn"},{"accountno":"TA-2345678","departmentno":"7","salary":"4444444","pincode":"666666","userid":"pGfjZq98hw6BEeGMRRCc","id":"AZ9xfhuxu7vtejkXAAW4"},{"accountno":"TA-5555555","departmentno":1,"salary":123456,"pincode":123455,"userid":"wvTE1ZsqbgfOMtiFejpq","id":"fsotMK9DGeuCMAXYwud6"},{"accountno":"TA-7777777","departmentno":"7","salary":"777777","pincode":"777777","userid":"IkrrAY9UiqTnkEtfj4Yh","id":"0t12A6Tg7nT9hxS8Jthc"},{"accountno":"TA-5656565","departmentno":"5","salary":"605000","pincode":"400000","userid":"vIAHs9MbJhiqIwANlTzh","id":"Ud3jaP2eDVsXmrOxiU6F"},{"accountno":"TA-3456734","departmentno":"3","salary":"5000","pincode":"905032","userid":"txyvZ2JBdVLa10kxS284","id":"y9QtJ5mLAn15qstvdmEs"},{"accountno":"WA-2222225","departmentno":"3","salary":"131313","pincode":"131333","userid":"XshVKm3AyHhTRrqmbqzu","id":"HNXZNzeQ86RSqNZ3dxoO"},{"accountno":"TA-7777777","departmentno":"7","salary":"70000","pincode":"605004","userid":"vIAHs9MbJhiqIwANlTzh","id":"Igt7SCL6CmH7snObOQMy"},{"accountno":"WA-2222222","departmentno":"3","salary":"131313","pincode":"131333","userid":"XshVKm3AyHhTRrqmbqzu","id":"tvwivj7SbTEc3A5imnLc"},{"accountno":"WA-1111119","departmentno":"3","salary":"131313","pincode":"131333","userid":"XshVKm3AyHhTRrqmbqzu","id":"3MZXjMm5xEyUb702VcOk"},{"accountno":"WA-1111119","departmentno":"3","salary":"131313","pincode":"131333","userid":"XshVKm3AyHhTRrqmbqzu","id":"tzMJNFG5qwKCVEk48L9p"},{"accountno":"TA-9876543","departmentno":"1","salary":"100000","pincode":"600000","userid":"vIAHs9MbJhiqIwANlTzh","id":"CAcE8NlSjo1vyaiENwWs"},{"accountno":"WA-8888890","departmentno":8,"salary":888888,"pincode":888888,"userid":"XshVKm3AyHhTRrqmbqzu","id":"ymgtTDZmrH28TrKKRhTP"},{"accountno":"WA-1313131","departmentno":"3","salary":"131313","pincode":"131313","userid":"XshVKm3AyHhTRrqmbqzu","id":"hOKH3zuwi678KqgiBvMu"},{"accountno":"WA-1212121","departmentno":"2","salary":"121212","pincode":"121212","userid":"XshVKm3AyHhTRrqmbqzu","id":"TaBjkGujtbXSa6UmkmDa"},{"accountno":"TA-1231234","departmentno":"2","salary":"1234","pincode":"123456","userid":"XshVKm3AyHhTRrqmbqzu","id":"3LbGRvJNJFzSalIsm2cR"},{"accountno":"TA-6789975","departmentno":"2","salary":"179463","pincode":"562099","userid":"taGX4XQQfXD3Z76sI1Xn","id":"AVnRR6AtaNmIOTSScwqz"},{"accountno":"TA-1234567","departmentno":"1","salary":"200000","pincode":"456789","userid":"vIAHs9MbJhiqIwANlTzh","id":"4RnkqXmiVUJKbFCvfAPa"},{"accountno":"TA-abccccc","departmentno":"7","salary":"777770","pincode":"001122","userid":"upFYssz6Q3HXdLarfM0M","id":"ua3AQZWrnqkShOpWuHd7"},{"accountno":"TA-8354688","departmentno":"8","salary":"100000","pincode":"676767","userid":"zGWL0dyPniMetIcys8uI","id":"Nd4OQuAWma66MrWcAfKi"},{"accountno":"qwwqqqqqqq","departmentno":"1","salary":"1","pincode":"111111","userid":"df3mJP5SKBSc4FrIFsCC","id":"q9fHzNnYPhstpVqNUwnB"},{"accountno":"qwwe","departmentno":"6","salary":"666666","pincode":"666666","userid":"df3mJP5SKBSc4FrIFsCC","id":"5RGLO516V7Ts2Q3kjVsm"},{"accountno":"qwweee","departmentno":"6","salary":"666666","pincode":"666666","userid":"df3mJP5SKBSc4FrIFsCC","id":"O8461MaUzoD9r5hOWxld"},{"accountno":"qwweeer","departmentno":"6","salary":"666666","pincode":"666666","userid":"df3mJP5SKBSc4FrIFsCC","id":"ei8RJWF9OBcqamHTjsjx"},{"accountno":"qwweeerr","departmentno":"6","salary":"666666","pincode":"666666","userid":"df3mJP5SKBSc4FrIFsCC","id":"5Rwyc0p2ey4MeOYLwU3g"},{"accountno":"qwweeerr","departmentno":"6","salary":"666666","pincode":"666666","userid":"df3mJP5SKBSc4FrIFsCC","id":"J9qoOJT7C6mJnR2Y1Ccp"},{"accountno":"DA12345661","departmentno":"6","salary":"666666","pincode":"666666","userid":"df3mJP5SKBSc4FrIFsCC","id":"zRs5wCBLEUAr3nHsoM8d"},{"accountno":"DA12345668","departmentno":6,"salary":666666,"pincode":666665,"userid":"df3mJP5SKBSc4FrIFsCC","id":"eRuQhAeO1VCwDs7vsl1M"},{"accountno":"SS-5000200","departmentno":"5","salary":"500020","pincode":"500020","userid":"vIAHs9MbJhiqIwANlTzh","id":"5rBDrDBujuONU5WQzDnB"},{"accountno":"TA-5555555","departmentno":"5","salary":"5555555","pincode":"555555","userid":"vIAHs9MbJhiqIwANlTzh","id":"X5XWK12ZVZH4QiKl65kR"},{"accountno":"TA-7112022","departmentno":"7","salary":"5000","pincode":"905032","userid":"taGX4XQQfXD3Z76sI1Xn","id":"dEeJB40G7sjDP7y7UGeU"},{"accountno":"TA-0000000","departmentno":"6","salary":"10000","pincode":"568796","userid":"hlI8xRxaKMwpontOHVoR","id":"PZ6Av2N9ZFvGdxM5Hc13"},{"accountno":"TA-0000000","departmentno":"6","salary":"10000","pincode":"568796","userid":"hlI8xRxaKMwpontOHVoR","id":"8FsQarpspLNuJnwWnOqi"},{"accountno":"TA-0000000","departmentno":"6","salary":"10000","pincode":"568796","userid":"hlI8xRxaKMwpontOHVoR","id":"6dTNXX3rW7VTikAoT4Cu"},{"accountno":"4","departmentno":"908","salary":"nmbh","pincode":"90898","userid":"hlI8xRxaKMwpontOHVoR","id":"kfmXw8umSrTHpXHE1vPb"},{"accountno":"4","departmentno":"908","salary":"nmbh","pincode":"90898","userid":"hlI8xRxaKMwpontOHVoR","id":"evB4EGMJ5ACgZlD8VpVg"},{"accountno":"","departmentno":"","salary":"","pincode":"","userid":"hlI8xRxaKMwpontOHVoR","id":"Nh2XebF8oTpmGcIRxMG2"},{"accountno":"","departmentno":"","salary":"","pincode":"","userid":"hlI8xRxaKMwpontOHVoR","id":"ws0SKJ73B6OOueJUp5ey"},{"accountno":"TA-0000000","departmentno":"6","salary":"10000","pincode":"568796","userid":"hlI8xRxaKMwpontOHVoR","id":"Ryal1sNz78AI59eWO8tD"},{"accountno":"TA-0000000","departmentno":"6","salary":"10000","pincode":"568796","userid":"hlI8xRxaKMwpontOHVoR","id":"QQ1z5uWv46M2ia7r9kRb"},{"accountno":"TA-7777777","departmentno":"7","salary":"7","pincode":"777777","userid":"y4iCOSfi7YZ6cE7eHQEq","id":"0sbpo2NHKvxXkbUNCV6W"},{"accountno":"TA-0000000","departmentno":"6","salary":"10000","pincode":"568796","userid":"hlI8xRxaKMwpontOHVoR","id":"3sbFfadKHowiSoDOXcS0"},{"accountno":"TA-5959595","departmentno":"2","salary":"4000","pincode":"123456","userid":"PmTM9XOFYIFaf3kWPbKy","id":"KgkuNuD5869wYIgvLEKp"},{"accountno":"TA-5959595","departmentno":"2","salary":"3000","pincode":"123456","userid":"PmTM9XOFYIFaf3kWPbKy","id":"crVOxZnpftAuTaHC8INa"},{"accountno":"TA-9879879","departmentno":"1","salary":"3455","pincode":"123456","userid":"jKfZ3sofRyGNLOt12ZrV","id":"lyqrhEx6dFrBd6bS10V6"},{"accountno":"ZA12345678","departmentno":"5","salary":"5000000","pincode":"123456","userid":"df3mJP5SKBSc4FrIFsCC","id":"kwa0keesVRh3mhhDxs5d"},{"accountno":"TA-1234568","departmentno":"1","salary":"78900","pincode":"483070","userid":"y4iCOSfi7YZ6cE7eHQEq","id":"OZLB7qB9TN6tAEcwWtCz"},{"accountno":"TA-1234568","departmentno":"1","salary":"78900","pincode":"483070","userid":"y4iCOSfi7YZ6cE7eHQEq","id":"zodd9yT8afp5vEoj6Pto"},{"accountno":"TA-7878889","departmentno":"1","salary":"1000","pincode":"123456","userid":"jKfZ3sofRyGNLOt12ZrV","id":"MhExIvvzvR6FQvI2eiyW"},{"accountno":"TA-1234567","departmentno":"1","salary":"78900","pincode":"483070","userid":"y4iCOSfi7YZ6cE7eHQEq","id":"KB3mcArfggUxmiLZG0At"},{"accountno":"TA-1234567","departmentno":"1","salary":"78900","pincode":"483070","userid":"y4iCOSfi7YZ6cE7eHQEq","id":"ac18wLZEg3E8YJNKcCCM"},{"accountno":"TA-7898889","departmentno":"1","salary":"1000","pincode":"123456","userid":"jKfZ3sofRyGNLOt12ZrV","id":"aDs8nC6tzP14AXnEJ3zO"},{"accountno":"TA-4565656","departmentno":"6","salary":"80000","pincode":"457ghty","userid":"9M0UYcQiX1yGh3aiXJWZ","id":"3lhoFzbgzpJZFOngIoFf"},{"accountno":"TA-4565656","departmentno":"6","salary":"80000","pincode":"abcderfj","userid":"9M0UYcQiX1yGh3aiXJWZ","id":"nEAEvAjLpv2MFI4msxQ9"},{"accountno":"TA-4565656","departmentno":"6","salary":"80000","pincode":"45","userid":"9M0UYcQiX1yGh3aiXJWZ","id":"XG2S2TMKcS7uqBcy2xOb"},{"accountno":"TA-4565656","departmentno":"6","salary":"80000","pincode":"457777666666677","userid":"9M0UYcQiX1yGh3aiXJWZ","id":"6eEb7jHQ4L1qV912a5nF"},{"accountno":"TA-4565656","departmentno":"6","salary":"80000","pincode":"457777","userid":"9M0UYcQiX1yGh3aiXJWZ","id":"FrqDuHJo9rIT1itErWEh"},{"accountno":"TA-1234567","departmentno":"5","salary":"60000","pincode":"756892","userid":"jB5M5JA4fhyBV7IKmOvl","id":"eYbCYPgFMlUB2JqWrVWk"},{"accountno":"TA-2349342","departmentno":"5","salary":"800000","pincode":"642098","userid":"fvgD6ZVj1DoWWUEN57w5","id":"y535mQMG2Z72RhLUYJtd"},{"accountno":"TA-0000000","departmentno":"0","salary":"0000000","pincode":"000000","userid":"vIAHs9MbJhiqIwANlTzh","id":"uQrlmsKJvruNERfQIL1y"},{"accountno":"TA-5435437","departmentno":"3","salary":"80000","pincode":"905656","userid":"9M0UYcQiX1yGh3aiXJWZ","id":"Og6zXLFZgGBESbL70QwI"},{"accountno":"TA-4534232","departmentno":"2","salary":"234","pincode":"123432","userid":"YeqvYkfB8c6QV3318Sdm","id":"YI4pYne6ZDzs672IB42c"},{"accountno":"pa-1100001","departmentno":"1","salary":"13467","pincode":"286947","userid":"vIAHs9MbJhiqIwANlTzh","id":"SvuMzrOFVDZaOwyzpK5h"},{"accountno":"TA-2222222","departmentno":"1","salary":"1","pincode":"111111","userid":"yqFuhZPgKQ0QGF9aCr97","id":"Wdc29oMyNZIRlwar8SsL"},{"accountno":"TA-1111111","departmentno":"2","salary":"222222","pincode":"111111","userid":"PmSgJPYWxk9rbvH0WOO8","id":"VuY1qLZyginbfQ9tYuI8"},{"accountno":"TA-3333333","departmentno":"3","salary":"3","pincode":"333333","userid":"df3mJP5SKBSc4FrIFsCC","id":"GEo1taUUQhpWA73XOGKl"},{"accountno":"DA-1111119","departmentno":"1","salary":"67890","pincode":"483070","userid":"yqFuhZPgKQ0QGF9aCr97","id":"edRzyFgiOxfTwVoKUBA9"},{"accountno":"TA-1111111","departmentno":"1","salary":"1","pincode":"111111","userid":"yqFuhZPgKQ0QGF9aCr97","id":"CZwHDUtysS9Ahca67D5d"},{"accountno":"TA-1111111","departmentno":"1","salary":"1","pincode":"111111","userid":"yqFuhZPgKQ0QGF9aCr97","id":"ZIlSiHG3AriDDXRDo757"},{"accountno":"TA-A123456","departmentno":"2","salary":"12","pincode":"987654","userid":"PmTM9XOFYIFaf3kWPbKy","id":"O6LyutJIGaJBqRK1IJdy"},{"accountno":"ABCDEFGHIJ","departmentno":"1","salary":"10000","pincode":"000000","userid":"PmTM9XOFYIFaf3kWPbKy","id":"AUvu72FglybxkEIXX4Xa"},{"accountno":"ABCDEFGHIJ","departmentno":"1","salary":"10000","pincode":"000000","userid":"PmTM9XOFYIFaf3kWPbKy","id":"6pcQG9rmSWCrNXFq6lu0"},{"accountno":"ABCDEFGHIJ","departmentno":"1","salary":"10000","pincode":"000000","userid":"PmTM9XOFYIFaf3kWPbKy","id":"oWgdKJNyeO4zVGdlCwEk"},{"accountno":"TA-hbbbuhj","departmentno":"9","salary":"27","pincode":"000000","userid":"PmTM9XOFYIFaf3kWPbKy","id":"KeuTr59585taDgaSHdak"},{"accountno":"TA-hbbbuhj","departmentno":"3","salary":"27","pincode":"000000","userid":"PmTM9XOFYIFaf3kWPbKy","id":"mz9fRzVL1uUiM1KtXBh7"},{"accountno":"TA-0000000","departmentno":"0","salary":"0","pincode":"000000","userid":"PmTM9XOFYIFaf3kWPbKy","id":"dw9bxzw9PTGC2Ssb3NEG"},{"accountno":"TA-1122334","departmentno":"4","salary":"12345","pincode":"123456","userid":"PmTM9XOFYIFaf3kWPbKy","id":"X9Lw8jTMl97ht6kCKfrt"},{"accountno":"TA-1122334","departmentno":"4","salary":"12345","pincode":"123456","userid":"PmTM9XOFYIFaf3kWPbKy","id":"EDQ83n0RK1AOxVur8Oex"},{"accountno":"TA-8354688","departmentno":"8","salary":"15000","pincode":"123456","userid":"zGWL0dyPniMetIcys8uI","id":"1aVCmwnbNgO62KH1c9Cr"},{"accountno":"TA-9830229","departmentno":"9","salary":"12000","pincode":"540540","userid":"zGWL0dyPniMetIcys8uI","id":"BPECo2ClFJcNjVARtbuJ"},{"accountno":"TA-1234567","departmentno":"7","salary":"12","pincode":"123456","userid":"zGWL0dyPniMetIcys8uI","id":"Dp3xTKA15VdSUUHr2N1N"},{"accountno":"DA-1234121","departmentno":2,"salary":1111,"pincode":111111,"userid":"df3mJP5SKBSc4FrIFsCC","id":"Utttyi4WtfzATXXVp3mQ"},{"accountno":"TA-85068686869969696696966","departmentno":"3","salary":"60500","pincode":"905675","userid":"9M0UYcQiX1yGh3aiXJWZ","id":"lwz7OjuzEbZ9OdtAlBl6"},{"accountno":"TA-8765450","departmentno":"3","salary":"60500","pincode":"","userid":"9M0UYcQiX1yGh3aiXJWZ","id":"EqNLKobbBvUPTlsuWlNu"},{"accountno":"TA-8765450","departmentno":"3","salary":"","pincode":"905675","userid":"9M0UYcQiX1yGh3aiXJWZ","id":"5W1C37TxkgvkgnJ2Gbsp"},{"accountno":"TA-8765450","departmentno":"","salary":"60500","pincode":"905675","userid":"9M0UYcQiX1yGh3aiXJWZ","id":"lPl3BzrIOeIpKmWEgpXc"},{"accountno":"","departmentno":"3","salary":"60500","pincode":"905675","userid":"9M0UYcQiX1yGh3aiXJWZ","id":"sluF4c8I5umYonj8NL2e"},{"accountno":"TA-8765458","departmentno":"5","salary":"60500","pincode":"905675","userid":"9M0UYcQiX1yGh3aiXJWZ","id":"IbHHYETMCi0vZ7w1ETl1"},{"accountno":"TA-8765458","departmentno":"3","salary":"60500","pincode":"905675","userid":"9M0UYcQiX1yGh3aiXJWZ","id":"ZR44i0CBG7vrrpcux6GB"},{"accountno":"TA-8765450","departmentno":"3","salary":"60500","pincode":"905675","userid":"9M0UYcQiX1yGh3aiXJWZ","id":"FIddoNIUJy2AO4UyKKmq"},{"accountno":"TA-8765490","departmentno":"2","salary":"60000","pincode":"905475","userid":"9M0UYcQiX1yGh3aiXJWZ","id":"Z7G3jykQzA9VyKT1WovK"},{"accountno":"TA-1234567","departmentno":"1","salary":"1","pincode":"111111","userid":"yqFuhZPgKQ0QGF9aCr97","id":"kdUvxeRl4tjZIyabztXD"},{"accountno":"TA-1234567","departmentno":"1","salary":"1","pincode":"111111","userid":"yqFuhZPgKQ0QGF9aCr97","id":"hbqNZT10252sYd1jC6uh"},{"accountno":"TA-1234567","departmentno":"1","salary":"1","pincode":"111111","userid":"yqFuhZPgKQ0QGF9aCr97","id":"vC8hIJm6lO9syTNRgPAC"},{"accountno":"TA-2345678","departmentno":"","salary":1,"pincode":123456,"userid":"yqFuhZPgKQ0QGF9aCr97","id":"dVashIp8uuECRDV6YXAc"},{"accountno":"TA-1111111","departmentno":"1","salary":"1","pincode":"111111","userid":"y4iCOSfi7YZ6cE7eHQEq","id":"WT0lvHCOa96xvANVqud7"},{"accountno":"TA-1111111","departmentno":"1","salary":"1","pincode":"111111","userid":"y4iCOSfi7YZ6cE7eHQEq","id":"rylR0LvSu4tm3othw0l9"},{"accountno":"TA-1111111","departmentno":"1","salary":"1","pincode":"111111","userid":"y4iCOSfi7YZ6cE7eHQEq","id":"mzev8JLwwJyiWNce3iCt"},{"accountno":"TA-1234567","departmentno":"3","salary":"10000","pincode":"678420","userid":"PmTM9XOFYIFaf3kWPbKy","id":"KVVsFJFQoRDsHa2AKdfD"},{"accountno":"TA-9898989","departmentno":"2","salary":"1000","pincode":"123456","userid":"jKfZ3sofRyGNLOt12ZrV","id":"uhhHoqvBM5wuVjLuPNas"},{"accountno":"MI-0000001","departmentno":"9","salary":"1234","pincode":"123453","userid":"XshVKm3AyHhTRrqmbqzu","id":"i2r11uiJH9fIOOUHmzRJ"},{"accountno":"TA-1234567","departmentno":"3","salary":"10000","pincode":"678420","userid":"PmTM9XOFYIFaf3kWPbKy","id":"5Jgd0PG9QsppdwsSmF3K"},{"accountno":"TA-7980000","departmentno":"1","salary":"1","pincode":"111111","userid":"y4iCOSfi7YZ6cE7eHQEq","id":"5QduCpjTOkaklFKawXXK"},{"accountno":"TA-1231234","departmentno":"1","salary":"1234","pincode":"123456","userid":"XshVKm3AyHhTRrqmbqzu","id":"IdLlf2DgmfqSKXxiRaKr"},{"accountno":"TA-43245y65","departmentno":"5","salary":"5678","pincode":"456789","userid":"snbiwTHq5gvRDRN2DdKF","id":"GeKzylS3KyDdiEK1Yqef"},{"accountno":"66666666","departmentno":"678","salary":"8000","pincode":"123456","userid":"o4FDbZMJElX44kOM78mO","id":"UPYQH5UhPFb7DfwF8SZt"},{"accountno":"TA-1000100","departmentno":"1","salary":"100","pincode":"100100","userid":"pHFLMstXPugubAmpW8wL","id":"PFxlugb4Zr4aUrcaFEOU"},{"accountno":"TA-43245y65","departmentno":"5","salary":"5678","pincode":"456789","userid":"snbiwTHq5gvRDRN2DdKF","id":"D6GY3e421HZhYk6IXgKB"},{"accountno":"TA-1000100","departmentno":"1","salary":"100","pincode":"100100","userid":"pHFLMstXPugubAmpW8wL","id":"DWikX4Zxl57ov21uXeAx"},{"accountno":"TA-1234499","departmentno":"678","salary":"8000","pincode":"123456","userid":"o4FDbZMJElX44kOM78mO","id":"WL8AbtEiGQPyRXxkaBTy"},{"accountno":"TA-1234499","departmentno":"678","salary":"8000","pincode":"123456","userid":"o4FDbZMJElX44kOM78mO","id":"ROAOzMjKgks4egrd5O0k"},{"accountno":"TA-2333gh7","departmentno":"3","salary":"6580","pincode":"363421","userid":"t7klgJQVzg4APHTnBj4V","id":"SuuUqLtDWXrvMvJHI45U"},{"accountno":"TA-1234z45","departmentno":"1","salary":"54464","pincode":"545547","userid":"viUByTYBXk6ZqpGadjmi","id":"sTQ1YyVfMePLqxRTqMOs"},{"accountno":"30303030","departmentno":"43","salary":"15000","pincode":"666666","userid":"IdB36E42UlOHhyfpFueu","id":"QLBQ6WoZFwTjVesjm6Q2"},{"accountno":"30303030","departmentno":"43","salary":"15000","pincode":"666666","userid":"IdB36E42UlOHhyfpFueu","id":"pvsRnIHYEN0anF4aGNTb"},{"accountno":"TA-3355799","departmentno":"1","salary":"23006","pincode":"567890","userid":"ziBRfLEfNtH2MHyH3MhK","id":"1hz9xNYL2dpCdzvfrYkL"},{"accountno":"TA-3456799","departmentno":"3","salary":"23006","pincode":"567890","userid":"taGX4XQQfXD3Z76sI1Xn","id":"PJ2OP8WLDRW1NkD8CxBz"},{"accountno":"TA-3456799","departmentno":"3","salary":"23006","pincode":"567890","userid":"ziBRfLEfNtH2MHyH3MhK","id":"JMJ0S8c6n4QlyWS5OU7t"},{"accountno":"TA-3456799","departmentno":"3","salary":"23006","pincode":"567890","userid":"ziBRfLEfNtH2MHyH3MhK","id":"fUV39zA4ahPBEqy9bMUo"},{"accountno":"TA-3456799","departmentno":"3","salary":"23006","pincode":"567890","userid":"ziBRfLEfNtH2MHyH3MhK","id":"4Adh41CGM83haILwO0lq"},{"accountno":"TA-1234555","departmentno":"5","salary":"2223358","pincode":"112235","userid":"taGX4XQQfXD3Z76sI1Xn","id":"hoDy8ueFPsn38e1CpEj1"},{"accountno":"TA-1234555","departmentno":"5","salary":"2223358","pincode":"112235","userid":"taGX4XQQfXD3Z76sI1Xn","id":"aYzgUPYoqcypXJ7sKS9z"},{"accountno":"TA-3456799","departmentno":"3","salary":"23006","pincode":"567890","userid":"ziBRfLEfNtH2MHyH3MhK","id":"iMBa0srrXp6c3zrzXJvL"},{"accountno":"TA-3456785","departmentno":"3","salary":"23000","pincode":"567890","userid":"ziBRfLEfNtH2MHyH3MhK","id":"4gCZ4BBhRHRarRvujYqI"},{"accountno":"TA-3456785","departmentno":"3","salary":"23000","pincode":"567890","userid":"ziBRfLEfNtH2MHyH3MhK","id":"BshsjMBSV66kQioR5tVM"},{"accountno":"TA-3456785","departmentno":"3","salary":"23000","pincode":"567890","userid":"ziBRfLEfNtH2MHyH3MhK","id":"FYj0c53M9sXUMyfs8Nkn"},{"accountno":"TA-3456785","departmentno":"3","salary":"23000","pincode":"567890","userid":"ziBRfLEfNtH2MHyH3MhK","id":"KGvkzgW2DI4ZlqOxptvr"},{"accountno":"TA-3456785","departmentno":"3","salary":"23000","pincode":"567890","userid":"ziBRfLEfNtH2MHyH3MhK","id":"Ql81SWGhuHaAEBt7zsZZ"},{"accountno":"TA-3456785","departmentno":"3","salary":"23000","pincode":"567890","userid":"ziBRfLEfNtH2MHyH3MhK","id":"aBiEOmnBq8Uf8Bw80MDQ"},{"accountno":"TA-3456785","departmentno":"3","salary":"23000","pincode":"567890","userid":"ziBRfLEfNtH2MHyH3MhK","id":"IK8zJUZx3C69spucSIpU"},{"accountno":"TA-3456785","departmentno":"3","salary":"23000","pincode":"567890","userid":"ziBRfLEfNtH2MHyH3MhK","id":"UMbXi3NpDY04gO5ApvAD"},{"accountno":"TA-3456785","departmentno":"3","salary":"23000","pincode":"567890","userid":"ziBRfLEfNtH2MHyH3MhK","id":"vlHswSOImG8fZJzCfqiM"},{"accountno":"TA-3456785","departmentno":"3","salary":"23000","pincode":"567890","userid":"ziBRfLEfNtH2MHyH3MhK","id":"sup520Fgyi3xFBPgYoeT"},{"accountno":"TA-3456789","departmentno":"3","salary":"23006","pincode":"567890","userid":"ziBRfLEfNtH2MHyH3MhK","id":"hPoK2DSSbHyL6w4zWQPc"},{"accountno":"TA-2333gh7","departmentno":"3","salary":"6580","pincode":"363421","userid":"t7klgJQVzg4APHTnBj4V","id":"dn7nFhCCsAIIoqGH0oEm"},{"accountno":"TA-3456783","departmentno":"5","salary":"23002","pincode":"567891","userid":"taGX4XQQfXD3Z76sI1Xn","id":"9F0s89hhDOqJL07eS0d5"},{"accountno":"TA-3456789","departmentno":"3","salary":"23006","pincode":"567890","userid":"taGX4XQQfXD3Z76sI1Xn","id":"iIIC1kLIJIcTFlH8tqOP"},{"accountno":"dbk-5432134","departmentno":"6","salary":"4566","pincode":"999901","userid":"Vh9h6QeQwTUcvVEz3MxJ","id":"J5ekVGKrRdplMO8pBQc7"},{"accountno":"akA-5432134","departmentno":"7","salary":"4566","pincode":"999999","userid":"Vh9h6QeQwTUcvVEz3MxJ","id":"31TjDWaIlelq9VmDM4rL"},{"accountno":"TA-2222222","departmentno":"2","salary":"22222","pincode":"000222","userid":"isfELhvM0RXfHcsLJDul","id":"onmFd2Ltuw1FrZsXx15b"},{"accountno":"TA-2222222","departmentno":"2","salary":"22222","pincode":"000222","userid":"isfELhvM0RXfHcsLJDul","id":"1Ggin25AOplsp0dbJB4q"},{"accountno":"TA-1111111","departmentno":"1","salary":"11111","pincode":"000111","userid":"isfELhvM0RXfHcsLJDul","id":"RXUwtc8irbpnYoSoKwyY"},{"accountno":"TA-ABC1150","departmentno":"2","salary":"2500000","pincode":"56789","userid":"8z0yvldA0Lj6Sk0ihXbk","id":"s2DlL6MGvwexkq1Sb4Xk"},{"accountno":"TA-ABC1140","departmentno":"2","salary":"2000000","pincode":"56775","userid":"taGX4XQQfXD3Z76sI1Xn","id":"80nWCb8Tlm0r4LTX71bO"},{"accountno":"TA-0000000","departmentno":"2","salary":"1111111","pincode":"111111","userid":"22cea5wFkOpkneoLqEW5","id":"F2yxP2yRZTRPCShpXAjE"},{"accountno":"00000","departmentno":"1","salary":"99999","pincode":"111111","userid":"22cea5wFkOpkneoLqEW5","id":"e3FRIgRijwLaegWqOwYi"},{"accountno":"TA-100BAT","departmentno":"1","salary":"70000","pincode":"123456","userid":"aDnX1szY3mF5ZUe9Y0C2","id":"6BLHs01CaCLWlSnDUMmB"},{"accountno":"TA-ADDToda","departmentno":"1","salary":"333333","pincode":"123456","userid":"22cea5wFkOpkneoLqEW5","id":"NIwzAbwMOFKULM91yL8c"},{"accountno":"TA-87654321","departmentno":"8","salary":"1","pincode":"768594","userid":"R9bzJnVH6dMkOjZE8KN9","id":"QsVvHQK4jHP43Gx1EwSE"},{"accountno":"TA-678905","departmentno":"3","salary":"8200000","pincode":"123456","userid":"urpWsGoTKCgoGnEJUCpo","id":"NG0OBwxbHkVzJJD9NEZH"},{"accountno":"TA-123BAT","departmentno":"1","salary":"70000","pincode":"123456","userid":"aDnX1szY3mF5ZUe9Y0C2","id":"s6nLyfeXfnYs3cBRuX9N"},{"accountno":"TA-99999123","departmentno":"3","salary":"99556677","pincode":"945469","userid":"R9bzJnVH6dMkOjZE8KN9","id":"V0aqtYomgphNk5MWn3NY"},{"accountno":"TA-0522BAT","departmentno":"6","salary":"80000","pincode":"121212","userid":"UDc1LvRkppBlXD43Pfs4","id":"6wmiH3MKXA2Wyobkk2E7"},{"accountno":"TA-33333HR","departmentno":"6","salary":"80000","pincode":"121212","userid":"rQB4i6LM50KQijZpsR8l","id":"ThvzEX8bLXpfOLRXGn9W"},{"accountno":"TA-0728BA2","departmentno":"6","salary":"4080","pincode":"1234567","userid":"Frn2rgm3Kduzf5Zm7sa6","id":"X21AtPI1s8soEyAiHXwN"},{"accountno":"TA-0728BA1","departmentno":"6","salary":"4080","pincode":"1234567","userid":"Frn2rgm3Kduzf5Zm7sa6","id":"6xQHnp9aJMQt0AaFJxnE"},{"accountno":"TA-0728BAT","departmentno":"6","salary":"4080","pincode":"1234567","userid":"Frn2rgm3Kduzf5Zm7sa6","id":"uieFQ925lKSzLZMC7iUq"},{"accountno":"TA-5699001","departmentno":"6","salary":"4080","pincode":"123456","userid":"Frn2rgm3Kduzf5Zm7sa6","id":"PGZkNuhMhoWIKv8gLz1E"},{"accountno":"TA-3495030","departmentno":"7","salary":"4000","pincode":"232453","userid":"Frn2rgm3Kduzf5Zm7sa6","id":"e24C6SLkjWXCjnTa18VD"},{"accountno":"TA-123BAT","departmentno":"1","salary":"70000","pincode":"123456","userid":"22cea5wFkOpkneoLqEW5","id":"9DMsPQuBhtP7k8Zgz8hO"},{"accountno":"TA-123BAT","departmentno":"1","salary":"70000","pincode":"123456","userid":"aDnX1szY3mF5ZUe9Y0C2","id":"OxnSvHZJoNibFixVrEnA"},{"accountno":"TA-8907655","departmentno":"4","salary":"88000","pincode":"650056","userid":"ioP2DdtySzj56LmPKitx","id":"IQ4QBd4R3s0qOwAc2Fsy"},{"accountno":"TA-8907654","departmentno":"4","salary":"90000","pincode":"650056","userid":"ioP2DdtySzj56LmPKitx","id":"YNiFybtOfKJilYOtLE3L"},{"accountno":"TA-5645343","departmentno":"4","salary":"77000","pincode":"650056","userid":"ioP2DdtySzj56LmPKitx","id":"QiZkAVZ6a4hyxx13VZIC"},{"accountno":"TA-9876547","departmentno":"5","salary":"76000","pincode":"345643","userid":"ioP2DdtySzj56LmPKitx","id":"9fUwTfzP9S9FYafsfmL7"},{"accountno":"TA-9876545","departmentno":"5","salary":"76000","pincode":"345643","userid":"ioP2DdtySzj56LmPKitx","id":"QMzKG3JZPbKKzCaF9hkY"},{"accountno":"TA-9876543","departmentno":"5","salary":"76000","pincode":"345643","userid":"ioP2DdtySzj56LmPKitx","id":"RmYR6HsCrgiHuhETsaIe"},{"accountno":"TA-3333333","departmentno":"6","salary":"80000","pincode":"123321","userid":"rQB4i6LM50KQijZpsR8l","id":"GeghLzUFUSuiaCuNA18Q"},{"accountno":"TA-2222222","departmentno":"6","salary":"80000","pincode":"123321","userid":"rQB4i6LM50KQijZpsR8l","id":"IMrU0iFLwrCe0105AMPc"},{"accountno":"TA-1234569","departmentno":"5","salary":"80000","pincode":"123321","userid":"rQB4i6LM50KQijZpsR8l","id":"MDoGGsY5o4s1ivN7dqB5"},{"accountno":"TA-1234568","departmentno":"3","salary":"45000","pincode":"123321","userid":"rQB4i6LM50KQijZpsR8l","id":"neD2hji2TfpFIn437LYg"},{"accountno":"TA-1234567","departmentno":"3","salary":"45000","pincode":"123321","userid":"rQB4i6LM50KQijZpsR8l","id":"Fzhc4FBuKPFcHqKAOuP6"},{"accountno":"TA-71922EL","departmentno":"4","salary":"78000","pincode":"650056","userid":"loIOzMEoAW5fvCM1HKLB","id":"vaym7pXJwG0PHcwOT7vk"},{"accountno":"TA-0522BAt","departmentno":"3","salary":"12345","pincode":"674839","userid":"x4PKb7FyIVOCFwlJKRfB","id":"XFacY4uQGNO8gW9i2w1j"},{"accountno":"TA-0542256","departmentno":"4","salary":"65421","pincode":"088449","userid":"noHf1mdH4EZ9KvDC1jdz","id":"16eKKTpvhE0hIuElPCLZ"},{"accountno":"TA-0522BAT","departmentno":"5","salary":"4000","pincode":"088445","userid":"noHf1mdH4EZ9KvDC1jdz","id":"lPMUaCKPr7asl5VTNLWt"},{"accountno":"TA-23m4799","departmentno":"5","salary":"50000","pincode":"088445","userid":"noHf1mdH4EZ9KvDC1jdz","id":"Gqawzhz7zeBPXixm1QBh"},{"accountno":"TA-12742","departmentno":"5","salary":"41621","pincode":"68519-9496","userid":"taGX4XQQfXD3Z76sI1Xn","id":"ZghTYjyYyygKeqNuZMQ2"},{"accountno":"TA-11399","departmentno":"5","salary":"64984","pincode":"61371","userid":"taGX4XQQfXD3Z76sI1Xn","id":"Xb15Uc27a1dy6tXyhU4g"},{"accountno":"TA-14908","departmentno":"5","salary":"61879","pincode":"63601-3261","userid":"taGX4XQQfXD3Z76sI1Xn","id":"mkVX2y4uCzUDDbtL5szf"},{"accountno":"TA-18150","departmentno":"5","salary":"71750","pincode":"44344-5220","userid":"taGX4XQQfXD3Z76sI1Xn","id":"4l3KsFJwMRh5ZmTXG2aE"},{"accountno":"TA-13699","departmentno":"5","salary":"79099","pincode":"64046","userid":"taGX4XQQfXD3Z76sI1Xn","id":"IsIzEkMdJuUUrdRsfCuB"},{"accountno":"TA-18744","departmentno":"5","salary":"68360","pincode":"07569","userid":"taGX4XQQfXD3Z76sI1Xn","id":"h5kF6uej7T4ZnYYWBtuq"},{"accountno":"TA-87978","departmentno":"5","salary":"25000","pincode":"560072","userid":"taGX4XQQfXD3Z76sI1Xn","id":"Sa9vp7odlnIVWx3xvpsr"},{"accountno":"TA-87978","departmentno":"5","salary":"25000","pincode":"560072","userid":"taGX4XQQfXD3Z76sI1Xn","id":"Pp3WirfgcdosE6kfAi5D"},{"accountno":"TA-0522BA1","departmentno":"5","salary":"25000","pincode":"560072","userid":"taGX4XQQfXD3Z76sI1Xn","id":"VNPLwwWlGWaIHvtQm5EI"},{"accountno":"TA-0522BA1","departmentno":"5","salary":"25000","pincode":"560072","userid":"taGX4XQQfXD3Z76sI1Xn","id":"w5iuCY5s4pqESGUCEFYy"},{"accountno":"QA-May2000","departmentno":"6","salary":"10000","pincode":"323232","userid":"mrO0a4QZRF1Yy3ZzcSC0","id":"Tabk1iUz5tVGOeOlgjoR"},{"accountno":"QA-0722AU1","departmentno":"00","salary":"79999","pincode":"600999","userid":"taGX4XQQfXD3Z76sI1Xn","id":"X0En4zm3nL8GvnK4h7UM"},{"accountno":"TA-71922EL","departmentno":"4","salary":"77000","pincode":"650056","userid":"loIOzMEoAW5fvCM1HKLB","id":"FMFi8b80G1A8Z6651xWY"},{"accountno":"TA-0719BAT","departmentno":"5","salary":"85000","pincode":"123456","userid":"fWb54Tsph5uCKJpB5VWf","id":"bo7aYvBsnxKzM26jvpgX"},{"accountno":"QA-0722MA1","departmentno":"0","salary":"89999","pincode":"600999","userid":"taGX4XQQfXD3Z76sI1Xn","id":"rWyE15KDYEtyWM2onQhm"},{"accountno":"QA-0722QA","departmentno":"0","salary":"79996","pincode":"699999","userid":"taGX4XQQfXD3Z76sI1Xn","id":"Zndv4hkBgHwIfF6yScDi"},{"accountno":"TA-0522BAT","departmentno":"5","salary":"40000","pincode":"768976","userid":"taGX4XQQfXD3Z76sI1Xn","id":"Dr21xuHvAU9C7CHLLyxt"},{"accountno":"TA-00687TT","departmentno":"5","salary":"67000","pincode":"560056","userid":"VoVW5T6IyOK1WApR7IVC","id":"IKoVYpUJJJmDLQuONzs8"},{"accountno":"TA-00719BT","departmentno":"5","salary":"50000","pincode":"567843","userid":"fWb54Tsph5uCKJpB5VWf","id":"yZLDuhR7qcbKQXsPChvb"},{"accountno":"TA-0522BAT","departmentno":"3","salary":"76005","pincode":"560073","userid":"taGX4XQQfXD3Z76sI1Xn","id":"pzAV5OPBTPyqMIkrHDmA"},{"accountno":"TA-23m4799","departmentno":"5","salary":"98900","pincode":"296331","userid":"t7klgJQVzg4APHTnBj4V","id":"5vZB8ZTqLe7oHNEESyco"},{"accountno":"TA-23m4799","departmentno":"5","salary":"98900","pincode":"296331","userid":"t7klgJQVzg4APHTnBj4V","id":"JdWbW5Co4xMmrq3VccZ0"},{"accountno":"TA-23m4799","departmentno":"5","salary":"98900","pincode":"296331","userid":"t7klgJQVzg4APHTnBj4V","id":"7BW4nJrtxvEZrPY8E9tR"},{"accountno":"TA-23m4799","departmentno":"5","salary":"98900","pincode":"296331","userid":"t7klgJQVzg4APHTnBj4V","id":"5xF5EbzKsc3P8yyyvnsp"},{"accountno":"TA-23m4799","departmentno":"5","salary":"98900","pincode":"296331","userid":"t7klgJQVzg4APHTnBj4V","id":"GmRkFk3BNVI21NFVNyDZ"},{"accountno":"TA-23m4799","departmentno":"5","salary":"98900","pincode":"296331","userid":"t7klgJQVzg4APHTnBj4V","id":"mqMrSqmTq6gbXsbDmgqH"},{"accountno":"TA-23m4799","departmentno":"5","salary":"98900","pincode":"296331","userid":"t7klgJQVzg4APHTnBj4V","id":"kFxjqU7PssQkGDODuqBd"},{"accountno":"TA-vaa4568","departmentno":"8","salary":"12310","pincode":"954011","userid":"u7nq0GWiLeCacS4KOFe3","id":"EZkubQu252rdbBqs7x5k"},{"accountno":12345675,"departmentno":"2","salary":"30000","pincode":"123456","userid":"ws7QWRyw3E9bP6keTPqP","id":"bIU6Zg3szcYeOQ8FshEC"},{"accountno":"va1218958","departmentno":"2","salary":"250","pincode":"232323","userid":"ziBRfLEfNtH2MHyH3MhK","id":"u8zZ3Nqnb9rO8p4fHpSO"},{"accountno":"va1218958","departmentno":"2","salary":"250","pincode":"232323","userid":"ziBRfLEfNtH2MHyH3MhK","id":"hBogk91RIvaYHDWwBhTt"},{"accountno":"va1218958","departmentno":"2","salary":"250","pincode":"232323","userid":"ziBRfLEfNtH2MHyH3MhK","id":"7yKbjJSTJgnzPADEau76"},{"accountno":"va1218958","departmentno":"2","salary":"250","pincode":"232323","userid":"ziBRfLEfNtH2MHyH3MhK","id":"1kDW2eWKY1RQ9x0IF0A2"},{"accountno":"va1218958","departmentno":"2","salary":"250","pincode":"232323","userid":"ziBRfLEfNtH2MHyH3MhK","id":"y5IKBm7NTB3EzMI9DK7E"},{"accountno":"va1218958","departmentno":"2","salary":"250","pincode":"232323","userid":"ziBRfLEfNtH2MHyH3MhK","id":"ABHur1JbOnMaQcphl7tQ"},{"accountno":"HH-3333333","departmentno":"3","salary":"333","pincode":"333333","userid":"gwcn6RK4r9LUWalrshHM","id":"oADEpTOWjFsSvXhlFbG2"},{"accountno":"QQ-5555555","departmentno":"5","salary":"555","pincode":"555555","userid":"gwcn6RK4r9LUWalrshHM","id":"f1e6XZSDvAVBRA1NgYSf"},{"accountno":"va1218958","departmentno":"2","salary":"250","pincode":"232323","userid":"ziBRfLEfNtH2MHyH3MhK","id":"JMjZb3qXNnIiTf5w90uN"},{"accountno":"va1218958","departmentno":"2","salary":"250","pincode":"232323","userid":"ziBRfLEfNtH2MHyH3MhK","id":"fkzG6wdmT9l0ba79Zs2U"},{"accountno":"va1218958","departmentno":"2","salary":"250","pincode":"232323","userid":"ziBRfLEfNtH2MHyH3MhK","id":"cQY8GK5803hqMinHH5MH"},{"accountno":"TA-va@!r45","departmentno":"9","salary":"250","pincode":"786512","userid":"ziBRfLEfNtH2MHyH3MhK","id":"Z8nZWUPnSWLYj0OSwxpE"},{"accountno":"TA-va@!r45","departmentno":"9","salary":"250","pincode":"786512","userid":"ziBRfLEfNtH2MHyH3MhK","id":"ZffI7Fisnpj9BEHfo19U"},{"accountno":"TA-YKT10000","departmentno":"1","salary":"10000","pincode":"123456","userid":"izxpk7AT6b1fO9amxAsi","id":"6n7XLv5fC3o6am2CIc5i"},{"accountno":"USH-1234412","departmentno":"1","salary":"200000","pincode":"772134","userid":"qsAvy2acR3CH9AtEoVXA","id":"qWDb2vQubeHEJchxNXzp"},{"accountno":"TA-3333333","departmentno":444,"salary":3333,"pincode":333333,"userid":"DmARgpsKLSzoSXM5a9iZ","id":"FF5gTXSN7BY3lfCGuwAd"},{"accountno":"TA-3333333","departmentno":"44","salary":"3333","pincode":"333333","userid":"DmARgpsKLSzoSXM5a9iZ","id":"HGhNluLFTi5bes0n0tYR"},{"accountno":"TA-3333333","departmentno":"3","salary":"3333","pincode":"333333","userid":"DmARgpsKLSzoSXM5a9iZ","id":"OfctY1XuGcEhRYIMInXo"},{"accountno":"TA-3333333","departmentno":"3","salary":"3333","pincode":"333333","userid":"DmARgpsKLSzoSXM5a9iZ","id":"XuEXvZ5wnOar0c4QaWKM"},{"accountno":"TA-1000990","departmentno":"11","salary":"1001","pincode":"100990","userid":"pHFLMstXPugubAmpW8wL","id":"tRQzbejEKRPnLcLFV5mv"},{"accountno":"TA-1000990","departmentno":"11","salary":"1001","pincode":"100990","userid":"pHFLMstXPugubAmpW8wL","id":"DphRAVOHyfzWcvQSZPPZ"},{"accountno":"TA-1000990","departmentno":"11","salary":"1001","pincode":"100990","userid":"pHFLMstXPugubAmpW8wL","id":"Kg3uqFqoB64DUu1N16fs"},{"accountno":"TA-0000991","departmentno":"9","salary":"75000","pincode":"600122","userid":"lgxY6iFMkgQjMJPqffZX","id":"nK6dk26eEfMHUt0Lai8N"},{"accountno":"TA-0000991","departmentno":"9","salary":"75000","pincode":"600122","userid":"lgxY6iFMkgQjMJPqffZX","id":"HfUPWgJO54VHY119AGLt"},{"accountno":"TA-0000991","departmentno":"9","salary":"75000","pincode":"600122","userid":"lgxY6iFMkgQjMJPqffZX","id":"7SQ7gi4SpGul0nnHcPZb"},{"accountno":"TA-1234567","departmentno":"1","salary":"9876","pincode":"321321","userid":"lgxY6iFMkgQjMJPqffZX","id":"rz42qT2e79v5GfK2Bupc"},{"accountno":"TA-0000991","departmentno":"9","salary":"75000","pincode":"600122","userid":"lgxY6iFMkgQjMJPqffZX","id":"YZ1VNT6dguTtlJlDjoZl"},{"accountno":"TA-0000999","departmentno":"22","salary":"2000","pincode":"123123","userid":"o4FDbZMJElX44kOM78mO","id":"rdOSk7p0g4gYiGXNKRh0"},{"accountno":"TA-9000999","departmentno":"11","salary":"2000","pincode":"123123","userid":"o4FDbZMJElX44kOM78mO","id":"pBP9JD0X1PmWu2SAd2Os"},{"accountno":"TA-1234567","departmentno":9,"salary":99997,"pincode":321321,"userid":"lgxY6iFMkgQjMJPqffZX","id":"hEQA0Ew1ZgsVZTIqiuXD"},{"accountno":"TA-1234567","departmentno":"8","salary":"99999","pincode":"321321","userid":"lgxY6iFMkgQjMJPqffZX","id":"pDJ7Sax3cSCKSJbtpCev"},{"accountno":"TA-1234567","departmentno":"8","salary":"99999","pincode":"123123","userid":"lgxY6iFMkgQjMJPqffZX","id":"bBXVEFzxaN6Dcv1DpVBC"},{"accountno":"TA-9999999","departmentno":"9","salary":"99999999","pincode":"999999","userid":"DmARgpsKLSzoSXM5a9iZ","id":"QS3tJlHF5XMBGdHhYnPL"},{"accountno":"TA-9999999","departmentno":"9","salary":"99999999","pincode":"999999","userid":"DmARgpsKLSzoSXM5a9iZ","id":"Y5Lo4n5DeMjYh6LCwanC"},{"accountno":"TA-SP11111","departmentno":"1","salary":"655","pincode":"654321","userid":"mU6hIQUZQfsauAPg6TXX","id":"9P80pYNXxM0neIIs06rg"},{"accountno":"TA-SP11111","departmentno":"1","salary":"655","pincode":"654321","userid":"mU6hIQUZQfsauAPg6TXX","id":"JjhMXjJB0nMAiiT7faOg"},{"accountno":"TA-SP11111","departmentno":"1","salary":"655","pincode":"654321","userid":"mU6hIQUZQfsauAPg6TXX","id":"qXhz2x9gL7pcJOXkVux3"},{"accountno":"TA-1122k33","departmentno":"1","salary":"5000","pincode":"123123","userid":"gcP088ZVmelQgAaWe3aC","id":"mKxyb51EdgZGcEmLrljU"},{"accountno":"TA-9000999","departmentno":"11","salary":"2000","pincode":"123123","userid":"o4FDbZMJElX44kOM78mO","id":"YZK2fSNEPTdLadEOPQmx"},{"accountno":"TA-0000999","departmentno":"22","salary":"2000","pincode":"123123","userid":"o4FDbZMJElX44kOM78mO","id":"OQvuqqTGBbDHEUkH49Kf"},{"accountno":"TA-9000999","departmentno":"11","salary":"2000","pincode":"123123","userid":"o4FDbZMJElX44kOM78mO","id":"bwIlybdfLzuRi7T7Rg2l"},{"accountno":"TA-9000999","departmentno":"11","salary":"2000","pincode":"123123","userid":"o4FDbZMJElX44kOM78mO","id":"GHoq1frnYZnpK7trDJLf"},{"accountno":"TA-9000999","departmentno":"11","salary":"2000","pincode":"123123","userid":"o4FDbZMJElX44kOM78mO","id":"dRyhBQ3uZnrCbYRNePAb"},{"accountno":"TA-9000999","departmentno":"11","salary":"2000","pincode":"123123","userid":"o4FDbZMJElX44kOM78mO","id":"jrY3kRHWvTrC8MCOyYb6"},{"accountno":"TA-9000999","departmentno":"11","salary":"2000","pincode":"123123","userid":"o4FDbZMJElX44kOM78mO","id":"elZfuqGpYSSX23l7uTVY"},{"accountno":"TA-9000999","departmentno":"11","salary":"2000","pincode":"123123","userid":"o4FDbZMJElX44kOM78mO","id":"aRchpSX1iK4Sz0rra0GV"},{"accountno":"TA-9000999","departmentno":"11","salary":"2000","pincode":"123123","userid":"o4FDbZMJElX44kOM78mO","id":"eVXfnx9ga6OPYSKIKRsF"},{"accountno":"TA-9000999","departmentno":"11","salary":"2000","pincode":"123123","userid":"o4FDbZMJElX44kOM78mO","id":"8VpKRUFslaJ77HyX0XZW"},{"accountno":"TA-9000999","departmentno":"11","salary":"2000","pincode":"123123","userid":"o4FDbZMJElX44kOM78mO","id":"eNEToMHWyhVLFQTKXh8P"},{"accountno":"TA-9000999","departmentno":"11","salary":"2000","pincode":"123123","userid":"o4FDbZMJElX44kOM78mO","id":"r690osBuUJFRVQcyVpPZ"},{"accountno":"TA-9000999","departmentno":"11","salary":"2000","pincode":"123123","userid":"o4FDbZMJElX44kOM78mO","id":"BkoKD1x2v7geSy1tBgsU"},{"accountno":"TA-9000999","departmentno":"11","salary":"2000","pincode":"123123","userid":"o4FDbZMJElX44kOM78mO","id":"WR9YcwgJ623VN6lxU5cn"},{"accountno":"TA-YKT10000","departmentno":"1","salary":"10000","pincode":"123456","userid":"izxpk7AT6b1fO9amxAsi","id":"iz1FretrTSEOk2sqbMRY"},{"accountno":"TA-YKT10000","departmentno":"1","salary":"10000","pincode":"123456","userid":"izxpk7AT6b1fO9amxAsi","id":"91XYmJW0xrZAViPR2BCW"},{"accountno":"TA-YKT10000","departmentno":"1","salary":"10000","pincode":"123456","userid":"izxpk7AT6b1fO9amxAsi","id":"LPnCpIz0utyuxC3mxvB0"},{"accountno":"TA-YKT10000","departmentno":"1","salary":"10000","pincode":"123456","userid":"izxpk7AT6b1fO9amxAsi","id":"qobNJkzyPDy5hNHBkhSp"},{"accountno":"TA-0098773","departmentno":"2","salary":"457","pincode":"354687","userid":"QuBlGSwMd99zzEkg09fL","id":"DpjZKpCyP3umwzTUEcvM"},{"accountno":"TA-3344u86","departmentno":"9","salary":"2305","pincode":"456780","userid":"b71uEdUihkqfflCnozQm","id":"RX66HVq2pCbb3tZVWWly"},{"accountno":"TA-9999999","departmentno":"9","salary":"99999999","pincode":"999999","userid":"DmARgpsKLSzoSXM5a9iZ","id":"zmE7KKmqIC3A84dh1Sct"},{"accountno":"TA-9999999","departmentno":"9","salary":"99999999","pincode":"999999","userid":"DmARgpsKLSzoSXM5a9iZ","id":"V8Rm15bo6rrQ12PKKRuP"},{"accountno":"TA-9999999","departmentno":"9","salary":"99999999","pincode":"999999","userid":"DmARgpsKLSzoSXM5a9iZ","id":"teP0wS7IxpPwT4ZgmNBC"},{"accountno":"TA-9999999","departmentno":"9","salary":"99999999","pincode":"999999","userid":"DmARgpsKLSzoSXM5a9iZ","id":"rgMiBF4WPWOLOkcFOgO2"},{"accountno":"TA-1238888","departmentno":"1","salary":"1234","pincode":"123456","userid":"DmARgpsKLSzoSXM5a9iZ","id":"G7vonTLdeOGub4vvixyr"},{"accountno":"TA-7000999","departmentno":"11","salary":"2000","pincode":"123123","userid":"o4FDbZMJElX44kOM78mO","id":"hxsOnjkDP1HkVoORu2cE"},{"accountno":"TA-7000999","departmentno":"11","salary":"2000","pincode":"123123","userid":"o4FDbZMJElX44kOM78mO","id":"wtnt7guq9baIjR9UnQcX"},{"accountno":"TA-6099999","departmentno":"1","salary":"1234","pincode":"123456","userid":"gcP088ZVmelQgAaWe3aC","id":"zk0HBc4ocr7kSJCMW1m5"},{"accountno":"TA-6000999","departmentno":"11","salary":"2000","pincode":"123123","userid":"o4FDbZMJElX44kOM78mO","id":"s36e26kArgibPlmGTu4J"},{"accountno":"TA-6000999","departmentno":"11","salary":"2000","pincode":"123123","userid":"o4FDbZMJElX44kOM78mO","id":"CpZByz87bvhOvuZKJ8GC"},{"accountno":"TA-4499889","departmentno":"33","salary":"3333","pincode":"33333333","userid":"o4FDbZMJElX44kOM78mO","id":"2k30S8pliqiEREqd9rSR"},{"accountno":"TA-0000999","departmentno":"22","salary":"2000","pincode":"123123","userid":"o4FDbZMJElX44kOM78mO","id":"nGbL1jssypqgiYOMDa0e"},{"accountno":"TA-3000999","departmentno":"11","salary":"2000","pincode":"123123","userid":"o4FDbZMJElX44kOM78mO","id":"sob1D4fQjoOZO4UszoRI"},{"accountno":"TA-3000999","departmentno":"11","salary":"2000","pincode":"123123","userid":"o4FDbZMJElX44kOM78mO","id":"gdwgPVbAJTk0TXZTvM2R"},{"accountno":"TA-3000999","departmentno":"11","salary":"2000","pincode":"123123","userid":"o4FDbZMJElX44kOM78mO","id":"B8bVUU6ig07XVpwJKSDE"},{"accountno":"TA-3000999","departmentno":"11","salary":"2000","pincode":"123123","userid":"o4FDbZMJElX44kOM78mO","id":"a5TH0UgiOLDz8YSpQHoR"},{"accountno":"TA-2000999","departmentno":"11","salary":"2000","pincode":"123123","userid":"o4FDbZMJElX44kOM78mO","id":"cHnhkKHOyv7Ws4SWaXfK"},{"accountno":"TA-2000999","departmentno":"33","salary":"3333","pincode":"123123","userid":"o4FDbZMJElX44kOM78mO","id":"IzSTkhYHz80F9TfcZ8AP"},{"accountno":"TA-0000999","departmentno":"11","salary":"2000","pincode":"123123","userid":"o4FDbZMJElX44kOM78mO","id":"dTDckOq8UUWMdWneYpke"},{"accountno":"TA-2000999","departmentno":"33","salary":"3333","pincode":"123123","userid":"o4FDbZMJElX44kOM78mO","id":"70hqWbpx1EVoDk8r1yIE"},{"accountno":"TA-2000999","departmentno":"33","salary":"3333","pincode":"123123","userid":"o4FDbZMJElX44kOM78mO","id":"97UZB5rreO1Add9setE3"},{"accountno":"TA-1000999","departmentno":"33","salary":"3333","pincode":"123123","userid":"o4FDbZMJElX44kOM78mO","id":"dKneGxy82OoHIq8SAGX7"},{"accountno":"TA-0000999","departmentno":"11","salary":"2000","pincode":"123123","userid":"o4FDbZMJElX44kOM78mO","id":"q6G2FHUsn8DFQVFxQEGc"},{"accountno":"TA-0000999","departmentno":"11","salary":"2000","pincode":"123123","userid":"o4FDbZMJElX44kOM78mO","id":"Rp1mfZLg43jrXnaXYlDF"},{"accountno":"TA-0000999","departmentno":"22","salary":"2000","pincode":"123123","userid":"o4FDbZMJElX44kOM78mO","id":"Ssg816ldhfb72vfF1OgN"},{"accountno":"TA-5599889","departmentno":"11","salary":"2000","pincode":"123123","userid":"o4FDbZMJElX44kOM78mO","id":"xYpwN8xSPEhLD3GdKsP1"},{"accountno":"TA-0000999","departmentno":"22","salary":"2000","pincode":"123123","userid":"o4FDbZMJElX44kOM78mO","id":"We0q0HvStsE0ieVJ9cIq"},{"accountno":"TA-0000999","departmentno":"33","salary":"4444","pincode":"33333333","userid":"aVdljSDe6iv9cKXGCYOU","id":"RHW27pPOhKBS2B8xF6OX"},{"accountno":"TA-4499889","departmentno":"11","salary":"2000","pincode":"123123","userid":"o4FDbZMJElX44kOM78mO","id":"iL2dc7NdaQan6MlGVnPV"},{"accountno":"TA-1099889","departmentno":"33","salary":"4444","pincode":"33333333","userid":"o4FDbZMJElX44kOM78mO","id":"za5JUmRr3nbMr7mVtEsE"},{"accountno":"TA-5599889","departmentno":"33","salary":"4444","pincode":"33333333","userid":"o4FDbZMJElX44kOM78mO","id":"viQp17WPLDOUmWogXjJQ"},{"accountno":"TA-4499889","departmentno":"33","salary":"3333","pincode":"33333333","userid":"o4FDbZMJElX44kOM78mO","id":"QiwOjz43xfvE1dA5TFkN"},{"accountno":"TA-3399889","departmentno":"11","salary":"2000","pincode":"123123","userid":"o4FDbZMJElX44kOM78mO","id":"kLv1HDz0wOjYnjQWZR9O"},{"accountno":"TA-4499889","departmentno":"33","salary":"3333","pincode":"33333333","userid":"o4FDbZMJElX44kOM78mO","id":"QPf20ZmHiDrYDQrHmanH"},{"accountno":"TA-1100990l","departmentno":"3","salary":"143","pincode":"123456","userid":"aVdljSDe6iv9cKXGCYOU","id":"UaSdcGaxglgv0QPTv22L"},{"accountno":"TA-3399889","departmentno":"11","salary":"2000","pincode":"123123","userid":"o4FDbZMJElX44kOM78mO","id":"k2JG5wHYXJp5GLCmTHC7"},{"accountno":"TA-2299889","departmentno":"33","salary":"3333","pincode":"33333333","userid":"o4FDbZMJElX44kOM78mO","id":"lxM1DPZsoJDEvv48eApr"},{"accountno":"TA-2299889","departmentno":"33","salary":"3333","pincode":"33333333","userid":"o4FDbZMJElX44kOM78mO","id":"rozVL490pswtMbsSdUee"},{"accountno":"TA-2299889","departmentno":"33","salary":"3333","pincode":"33333333","userid":"o4FDbZMJElX44kOM78mO","id":"7MdBMNzdkHNuNK2A7fG8"},{"accountno":"TA-123456l","departmentno":"4","salary":"25000","pincode":"222222","userid":"b71uEdUihkqfflCnozQm","id":"8cPOELewDyPkpAYEKuDc"},{"accountno":"TA-3399889","departmentno":"11","salary":"2000","pincode":"123123","userid":"o4FDbZMJElX44kOM78mO","id":"RTUrk25PDHy9a1FPSgzf"},{"accountno":"TA-2299889","departmentno":"33","salary":"3333","pincode":"33333333","userid":"o4FDbZMJElX44kOM78mO","id":"0MjkiLVLFrNYGAzZW7f8"},{"accountno":"TA-2299889","departmentno":"33","salary":"3333","pincode":"33333333","userid":"b71uEdUihkqfflCnozQm","id":"aaVN7dam5bgybeJoJyPY"},{"accountno":"TA-123445h","departmentno":"9","salary":"8000","pincode":"123456","userid":"o4FDbZMJElX44kOM78mO","id":"4MFIy04c1nB2wKg5edwi"},{"accountno":"TA-9876547","departmentno":"4","salary":"25000","pincode":"222222","userid":"b71uEdUihkqfflCnozQm","id":"IrGcarJWStYNdgsL67rd"},{"accountno":"TA-987654r","departmentno":"4","salary":"25000","pincode":"222222","userid":"b71uEdUihkqfflCnozQm","id":"OmL2TDnA6QsJK2Hpf3i2"},{"accountno":"TA-987654r","departmentno":"4","salary":"25000","pincode":"222222","userid":"b71uEdUihkqfflCnozQm","id":"LlTbcC63GszgkEhpZYGY"},{"accountno":"TA-3399889","departmentno":"11","salary":"2000","pincode":"123123","userid":"o4FDbZMJElX44kOM78mO","id":"9lkPq3WXAIupAdncT3JD"},{"accountno":"TA-3399889","departmentno":"11","salary":"2000","pincode":"123123","userid":"o4FDbZMJElX44kOM78mO","id":"AsibXDpsJWoiwr1N9aGz"},{"accountno":"TA-3399889","departmentno":"11","salary":"2000","pincode":"123123","userid":"o4FDbZMJElX44kOM78mO","id":"6hL06Nv9U3utqUNUiXbE"},{"accountno":"TA-3399889","departmentno":"11","salary":"2000","pincode":"123123","userid":"o4FDbZMJElX44kOM78mO","id":"QYkc9rZ81aDNXjFXsUuy"},{"accountno":"TA-3399889","departmentno":"11","salary":"2000","pincode":"123123","userid":"o4FDbZMJElX44kOM78mO","id":"sylJhBDXco0lH79NsSgF"},{"accountno":"TA-3399889","departmentno":"11","salary":"2000","pincode":"123123","userid":"o4FDbZMJElX44kOM78mO","id":"uyxXYXuxEiQzz4bQqvcH"},{"accountno":"TA-2299889","departmentno":"11","salary":"2000","pincode":"123123","userid":"o4FDbZMJElX44kOM78mO","id":"DsgevyR8iV64mxQJ1n6J"},{"accountno":"TA-123445h","departmentno":"9","salary":"8000","pincode":"123456","userid":"o4FDbZMJElX44kOM78mO","id":"mB5L9hkB7olCMsTm3hTe"},{"accountno":"TA-987654r","departmentno":"4","salary":"25000","pincode":"222222","userid":"b71uEdUihkqfflCnozQm","id":"r8FfAhFl72QiCdNVstsP"},{"accountno":"TA-1100990q","departmentno":"3","salary":"3456","pincode":"123456","userid":"aVdljSDe6iv9cKXGCYOU","id":"f6JljFCv9UZnw9zUtLEA"},{"accountno":"TA-1000990","departmentno":"11","salary":"1001","pincode":"100990","userid":"pHFLMstXPugubAmpW8wL","id":"we5I86KCiv1M73NjDH3M"},{"accountno":"TA-1000990","departmentno":"11","salary":"1001","pincode":"100990","userid":"pHFLMstXPugubAmpW8wL","id":"kSBXqQyj16sPAKVfYtPX"},{"accountno":"TA-1000990","departmentno":"11","salary":"1001","pincode":"100990","userid":"pHFLMstXPugubAmpW8wL","id":"YfW6VIWEo0aYx6s69p0a"},{"accountno":"TA-1000990","departmentno":"11","salary":"1001","pincode":"100990","userid":"pHFLMstXPugubAmpW8wL","id":"wkbzs1CXYfl4VppatpUW"},{"accountno":"TA-1100990q","departmentno":"3","salary":"3456","pincode":"123456","userid":"aVdljSDe6iv9cKXGCYOU","id":"hOcGelbs4W2WAxozrz5P"},{"accountno":"TA-1000990","departmentno":"11","salary":"1001","pincode":"100990","userid":"pHFLMstXPugubAmpW8wL","id":"MiwrAwgcFqrqWqsb81Lp"},{"accountno":"TA-1000990","departmentno":"11","salary":"1001","pincode":"100990","userid":"pHFLMstXPugubAmpW8wL","id":"VDRhi6Fk8rl9zN6biCQi"},{"accountno":"TA-1000990","departmentno":"11","salary":"1001","pincode":"100990","userid":"pHFLMstXPugubAmpW8wL","id":"qgCxMAZU2fD6K5nEo5DK"},{"accountno":"TA-1000990","departmentno":"11","salary":"1001","pincode":"100990","userid":"pHFLMstXPugubAmpW8wL","id":"ebGeIaKmMCUDusvbwqb7"},{"accountno":"TA-1000990","departmentno":"11","salary":"1001","pincode":"100990","userid":"pHFLMstXPugubAmpW8wL","id":"vgvQCIT5X2VgVpUoDrbu"},{"accountno":"TA-1000990","departmentno":"11","salary":"1001","pincode":"100990","userid":"pHFLMstXPugubAmpW8wL","id":"OxYrWXfPcwKqunh1DQQh"},{"accountno":"TA-1000990","departmentno":"11","salary":"1001","pincode":"100990","userid":"pHFLMstXPugubAmpW8wL","id":"V9rl0tyImUkUUCKUner1"},{"accountno":"TA-1000990","departmentno":"11","salary":"1001","pincode":"100990","userid":"pHFLMstXPugubAmpW8wL","id":"F4Q2L1rm9ozlgytyQ8se"},{"accountno":"TA-1000990","departmentno":"11","salary":"1001","pincode":"100990","userid":"pHFLMstXPugubAmpW8wL","id":"zjOj84L1Ek2kOi80yUOm"},{"accountno":"TA-1000990","departmentno":"11","salary":"1001","pincode":"100990","userid":"pHFLMstXPugubAmpW8wL","id":"xG1Qty46hGzmziBbIaAk"},{"accountno":"TA-1000990","departmentno":"11","salary":"1001","pincode":"100990","userid":"pHFLMstXPugubAmpW8wL","id":"wfqMyprXM5T6bF6jM1VZ"},{"accountno":"TA-1000990","departmentno":"11","salary":"1001","pincode":"100990","userid":"pHFLMstXPugubAmpW8wL","id":"lanqoj4mQhPpoI9huPbH"},{"accountno":"TA-YKT10000","departmentno":"1","salary":"10000","pincode":"123456","userid":"izxpk7AT6b1fO9amxAsi","id":"YvV6evK1woWudKJEdMuS"},{"accountno":"TA-1000990","departmentno":"11","salary":"1001","pincode":"100990","userid":"pHFLMstXPugubAmpW8wL","id":"pA8Tl0DwYui00H859rMh"},{"accountno":"TA-YKT10000","departmentno":"1","salary":"10000","pincode":"123456","userid":"izxpk7AT6b1fO9amxAsi","id":"rbJI7bZLRoOF7Q903u3N"},{"accountno":"TA-YKT10000","departmentno":"1","salary":"10000","pincode":"123456","userid":"izxpk7AT6b1fO9amxAsi","id":"orgf2lH76u1pGmEi7nms"},{"accountno":"TA-YKT10000","departmentno":"1","salary":"10000","pincode":"123456","userid":"izxpk7AT6b1fO9amxAsi","id":"hWPibnDMCJFKoeVyAulv"},{"accountno":"TA-1000990","departmentno":"11","salary":"1001","pincode":"100990","userid":"pHFLMstXPugubAmpW8wL","id":"3nYJbhviOOP26O0nuI1N"},{"accountno":"TA-YKT10000","departmentno":"1","salary":"10000","pincode":"123456","userid":"izxpk7AT6b1fO9amxAsi","id":"oYRhXySukuuqGtsGhCqw"},{"accountno":"TA-YKT10000","departmentno":"1","salary":"10000","pincode":"123456","userid":"izxpk7AT6b1fO9amxAsi","id":"CwWudfk3HKWykLWaWS6p"},{"accountno":"TA-2299889","departmentno":"11","salary":"2000","pincode":"123123","userid":"o4FDbZMJElX44kOM78mO","id":"J3HGH0og8AySvylKtVKO"},{"accountno":"TA-2299889","departmentno":"11","salary":"2000","pincode":"123123","userid":"o4FDbZMJElX44kOM78mO","id":"sCYbOkDfv1eDWGmqZ9kf"},{"accountno":"TA-2299889","departmentno":"11","salary":"2000","pincode":"123123","userid":"o4FDbZMJElX44kOM78mO","id":"s0Eg2PoJj0iKSox5T8Qc"},{"accountno":"TA-2299889","departmentno":"33","salary":"3333","pincode":"33333333","userid":"o4FDbZMJElX44kOM78mO","id":"FAuLpWfk2QORcf5xiLyZ"},{"accountno":"TA-2299889","departmentno":"33","salary":"3333","pincode":"33333333","userid":"o4FDbZMJElX44kOM78mO","id":"WOB0dFNTT6TxZWZ8wttl"},{"accountno":"TA-2299889","departmentno":"33","salary":"3333","pincode":"33333333","userid":"o4FDbZMJElX44kOM78mO","id":"b9YV7sAfBMcsRX28cVLL"},{"accountno":"TA-1000990","departmentno":"11","salary":"1001","pincode":"100990","userid":"pHFLMstXPugubAmpW8wL","id":"woXzKiMrpweI4CExVNOC"},{"accountno":"TA-YKT10000","departmentno":"1","salary":"10000","pincode":"123456","userid":"izxpk7AT6b1fO9amxAsi","id":"1QAo3Yehf8uvvkfiAwWZ"},{"accountno":"TA-YKT10000","departmentno":"1","salary":"10000","pincode":"123456","userid":"izxpk7AT6b1fO9amxAsi","id":"W3ftKgHA4v8ae1OpURNK"},{"accountno":"TA-2299889","departmentno":"33","salary":"3333","pincode":"33333333","userid":"o4FDbZMJElX44kOM78mO","id":"PHFj8PgAOC1EsxlP0Cdq"},{"accountno":"TA-43245y65","departmentno":"5","salary":"5678","pincode":"456789","userid":"snbiwTHq5gvRDRN2DdKF","id":"TSoLTFcc1reG25LD2H5n"},{"accountno":"TA-123testing","departmentno":"4","salary":"147856","pincode":"156233","userid":"QuBlGSwMd99zzEkg09fL","id":"o41kb3OW4QXwETtGrhfc"},{"accountno":"TA-123456z","departmentno":"3","salary":"25000","pincode":"222222","userid":"b71uEdUihkqfflCnozQm","id":"lyYoESolKzIS6jzlTjeG"},{"accountno":"TA-123456i","departmentno":"3","salary":"25000","pincode":"222222","userid":"b71uEdUihkqfflCnozQm","id":"DG6eddrWnm9eVp5VYzwZ"},{"accountno":"TA-123456u","departmentno":"3","salary":"25000","pincode":"222222","userid":"b71uEdUihkqfflCnozQm","id":"e1wcvBmiG2L2QLOrydM5"},{"accountno":"TA-123456p","departmentno":"3","salary":"25000","pincode":"222222","userid":"b71uEdUihkqfflCnozQm","id":"OmoHxleLKTbHKpFO9NtH"},{"accountno":"TA-1122k33","departmentno":"1","salary":"12344","pincode":"123123","userid":"yMthAxGyYVmqV0cR8Xli","id":"CGsMIOjKpGOVYjG2uCXF"},{"accountno":"TA-1122k33","departmentno":"1","salary":"12345","pincode":"123455","userid":"9pncfjpDyW1wUKl5JBce","id":"ht88YR7yRnjAYdk5SpRq"},{"accountno":"TA-3645365","departmentno":"5","salary":"30000","pincode":"333333","userid":"QZG5HCtogYDoLSFP2aTC","id":"X5GiZhfRqGwBXbD3X4QI"},{"accountno":"TA-3645363","departmentno":"2","salary":"30000","pincode":"333333","userid":"QZG5HCtogYDoLSFP2aTC","id":"wnPxkSm2L3okJ5DC9Qfy"},{"accountno":"TA-2299889","departmentno":"33","salary":"3333","pincode":"33333333","userid":"o4FDbZMJElX44kOM78mO","id":"bZvvLQ0tjmURqTaPLBzm"},{"accountno":"TA-1234565","departmentno":"3","salary":"25000","pincode":"222222","userid":"b71uEdUihkqfflCnozQm","id":"oHCOrS4G6SX3jcOGKFmj"},{"accountno":"TA-1122k33","departmentno":"1","salary":"12344","pincode":"123123","userid":"yMthAxGyYVmqV0cR8Xli","id":"IeObSDJHuwqazbL10ifl"},{"accountno":"TA-SP11111","departmentno":"1","salary":"655","pincode":"654321","userid":"mU6hIQUZQfsauAPg6TXX","id":"haTH73Dhg7AJEgrg00kB"},{"accountno":"TA-1122333","departmentno":"1","salary":"12345","pincode":"123123","userid":"yMthAxGyYVmqV0cR8Xli","id":"9Nbs88oxXhXBHoT5D2Zr"},{"accountno":"TA-1238888","departmentno":"1","salary":"1234","pincode":"123456","userid":"DmARgpsKLSzoSXM5a9iZ","id":"No18a3i5UwDRdFVpyFBZ"},{"accountno":"TA-1233333","departmentno":"1","salary":"1234","pincode":"123456","userid":"DmARgpsKLSzoSXM5a9iZ","id":"sUaZY032fzcZi1oSDVVQ"},{"accountno":"TA-3434344","departmentno":"1","salary":"500","pincode":"222222","userid":"dOdgXfbHfB1sZwKQvdFO","id":"sLo014RQgq2zcvHP879p"},{"accountno":"TA-3434344","departmentno":"1","salary":"500","pincode":"222222","userid":"dOdgXfbHfB1sZwKQvdFO","id":"o2DAhLl9BBsNo2Fc2xUG"},{"accountno":"TA-3434344","departmentno":"1","salary":"500","pincode":"222222","userid":"dOdgXfbHfB1sZwKQvdFO","id":"Yf3y3xlF0gdxsemRXiP9"},{"accountno":"TA-1234565","departmentno":"3","salary":"25000","pincode":"222222","userid":"b71uEdUihkqfflCnozQm","id":"gXvQVLsXDT3zYwxvLNET"},{"accountno":"TA-2299889","departmentno":"33","salary":"3333","pincode":"33333333","userid":"o4FDbZMJElX44kOM78mO","id":"tpVjeH4oejWkosKtWSmY"},{"accountno":"TA-SP11124","departmentno":"3","salary":"281900","pincode":"234567","userid":"9pncfjpDyW1wUKl5JBce","id":"cL4Ex9Nf6UoNvsbsEIv5"},{"accountno":"TA-SP11111","departmentno":"1","salary":"655","pincode":"654321","userid":"mU6hIQUZQfsauAPg6TXX","id":"SpPA3bFPE646RNvKLP4V"},{"accountno":"TA-SP11111","departmentno":"1","salary":"655","pincode":"654321","userid":"mU6hIQUZQfsauAPg6TXX","id":"Aq6qc1YpqLllTGMyQa1n"},{"accountno":"TA-SP11122","departmentno":"1","salary":"12345","pincode":"234567","userid":"9pncfjpDyW1wUKl5JBce","id":"O7IMWKpK50dHiY0YP9sE"},{"accountno":"TA-SP11111","departmentno":"1","salary":"655","pincode":"654321","userid":"mU6hIQUZQfsauAPg6TXX","id":"S6QmLYgs4fSwg0xKTRcD"},{"accountno":"TA-SP11111","departmentno":"1","salary":"655","pincode":"654321","userid":"mU6hIQUZQfsauAPg6TXX","id":"08YTRORQTORcX1nTTYqG"},{"accountno":"TA-SP11111","departmentno":"1","salary":"655","pincode":"654321","userid":"mU6hIQUZQfsauAPg6TXX","id":"rzFiQ13rbtimDFCd1qWs"},{"accountno":"TA-2299889","departmentno":"11","salary":"2000","pincode":"123123","userid":"o4FDbZMJElX44kOM78mO","id":"Cu4TywgubeGOrUIMcRf2"},{"accountno":"TA-SP11111","departmentno":"13","salary":"655","pincode":"654321","userid":"mU6hIQUZQfsauAPg6TXX","id":"qOnIPJhwx8juG0FfSuTR"},{"accountno":"TA-4444444","departmentno":"1","salary":"11111","pincode":"111111","userid":"i4LcNXqAFuI39rMbEAn9","id":"jZfUJIk9delHPYXphz3X"},{"accountno":"TA-1234561","departmentno":"3","salary":"25000","pincode":"222222","userid":"b71uEdUihkqfflCnozQm","id":"AgwD9I0nmDcpwC0sFz9M"},{"accountno":"TA-4444444","departmentno":"1","salary":"11111","pincode":"111111","userid":"i4LcNXqAFuI39rMbEAn9","id":"JuuJWhDQNb3wOno54EX4"},{"accountno":"TA-1234560","departmentno":"3","salary":"25000","pincode":"222222","userid":"b71uEdUihkqfflCnozQm","id":"5ntPXHtBCXXaCcW64bg7"},{"accountno":"TA-1234560","departmentno":"3","salary":"25000","pincode":"222222","userid":"b71uEdUihkqfflCnozQm","id":"AOI77XU9rSEyqAVantqL"},{"accountno":"TA-3333333","departmentno":"1","salary":"11111","pincode":"111111","userid":"i4LcNXqAFuI39rMbEAn9","id":"0ZE37IEiyGcorGEoeMUs"},{"accountno":"TA-2333gh7","departmentno":"3","salary":"6580","pincode":"363421","userid":"t7klgJQVzg4APHTnBj4V","id":"IDgdbWc7WldNjKaCSzkm"},{"accountno":"TA-2222222","departmentno":"1","salary":"11111","pincode":"111111","userid":"i4LcNXqAFuI39rMbEAn9","id":"WSHLMD94KWAH8ZQU6BHP"},{"accountno":"TA-23m4899","departmentno":"3","salary":"6500","pincode":"563421","userid":"t7klgJQVzg4APHTnBj4V","id":"SuHw2NurKzapYbnBlx4z"},{"accountno":"TA-2333gh7","departmentno":"3","salary":"6580","pincode":"363421","userid":"t7klgJQVzg4APHTnBj4V","id":"qaUpM110cyZ6dAVqRq5R"},{"accountno":"TA-22266S9","departmentno":"8","salary":"76543","pincode":"234567","userid":"snbiwTHq5gvRDRN2DdKF","id":"wcYlOW7qrIRIPhzQbeGL"},{"accountno":"TA-1122k33","departmentno":"1","salary":"5000","pincode":"123123","userid":"gcP088ZVmelQgAaWe3aC","id":"H3shkrixyeijzDhSvDfK"},{"accountno":"TA-22266J9","departmentno":"8","salary":"76543","pincode":"234567","userid":"snbiwTHq5gvRDRN2DdKF","id":"FSJqYbaJ61u42WfhJGYy"},{"accountno":"TA-3434344","departmentno":"1","salary":"500","pincode":"222222","userid":"dOdgXfbHfB1sZwKQvdFO","id":"ntSgzbr3oBBG7aza4l69"},{"accountno":"TA-3434343","departmentno":"1","salary":"500","pincode":"222222","userid":"dOdgXfbHfB1sZwKQvdFO","id":"KfduoSsdIj93AyAoEPx5"},{"accountno":"TA-4646464","departmentno":"3","salary":"4545","pincode":"444444","userid":"M1KEEzc8nwtMhi1LuaWy","id":"qSy5LoDkGkPmoD0hayp0"},{"accountno":"TA-1122g33","departmentno":"7","salary":"345","pincode":"234545","userid":"gcP088ZVmelQgAaWe3aC","id":"0iHO69jZgvSYpaRanAVi"},{"accountno":"TA-23d4O45","departmentno":"1","salary":"542464","pincode":"545547","userid":"viUByTYBXk6ZqpGadjmi","id":"zi2dAsOWUpk1XDTUDO0X"},{"accountno":"TA-23q4O46","departmentno":"1","salary":"542464","pincode":"545547","userid":"viUByTYBXk6ZqpGadjmi","id":"aOy3q42F9R8MpYSzlYIA"},{"accountno":"TA-1414343","departmentno":2,"salary":400,"pincode":666666,"userid":"dOdgXfbHfB1sZwKQvdFO","id":"BtyTN6KCPGcvzH50ch8e"},{"accountno":"TA-1414243","departmentno":"1","salary":"123","pincode":"666666","userid":"dOdgXfbHfB1sZwKQvdFO","id":"oBGNJqckpDcsM5XRWDhS"},{"accountno":"TA-1000990","departmentno":"11","salary":"1001","pincode":"100990","userid":"pHFLMstXPugubAmpW8wL","id":"RqeyVLcuB9k5ut5mx7A1"},{"accountno":"TA-1414142","departmentno":"1","salary":"123","pincode":"666666","userid":"dOdgXfbHfB1sZwKQvdFO","id":"6rhcJu76XMAQ9KPsqZc0"},{"accountno":"TA-1414142","departmentno":"1","salary":"123","pincode":"666666","userid":"dOdgXfbHfB1sZwKQvdFO","id":"4rZSNH0LEFj6Q05RoZup"},{"accountno":"TA-1414142","departmentno":"1","salary":"777","pincode":"666666","userid":"dOdgXfbHfB1sZwKQvdFO","id":"2yp7N3SNNd0C3PdLarF9"},{"accountno":"TA-23q4O45","departmentno":"1","salary":"54464","pincode":"545547","userid":"viUByTYBXk6ZqpGadjmi","id":"Iij6ChJ98lOy8Ita4abO"},{"accountno":"TA-23q4O45","departmentno":"1","salary":"54464","pincode":"545547","userid":"viUByTYBXk6ZqpGadjmi","id":"7pMMfmz1ZFKSL3zR3krh"},{"accountno":"TA-1000100","departmentno":"1","salary":"100","pincode":"100100","userid":"pHFLMstXPugubAmpW8wL","id":"8g5DVj43lUaoOV5liB5n"},{"accountno":"TA-23m4799","departmentno":"5","salary":"98900","pincode":"296331","userid":"t7klgJQVzg4APHTnBj4V","id":"LIXSuU9hd6v3Kf1aRgVn"},{"accountno":"TA-23q4O45","departmentno":"1","salary":"54464","pincode":"545547","userid":"viUByTYBXk6ZqpGadjmi","id":"J2FWYrkstnu8NrhPD0jq"},{"accountno":"TA-23q4O45","departmentno":"1","salary":"54464","pincode":"545547","userid":"viUByTYBXk6ZqpGadjmi","id":"1jwrHQGIsZJcAYACjtNz"},{"accountno":"TA-23q4O45","departmentno":"1","salary":"54464","pincode":"545547","userid":"viUByTYBXk6ZqpGadjmi","id":"dOVKf5YnEgA6zcRD9VxW"},{"accountno":"TA-23q4O45","departmentno":"1","salary":"54464","pincode":"545547","userid":"viUByTYBXk6ZqpGadjmi","id":"rtfnYkmZpTmpnG4pqjtk"},{"accountno":"TA-23q4O45","departmentno":"1","salary":"54464","pincode":"545547","userid":"viUByTYBXk6ZqpGadjmi","id":"1TZVRZrujlnmVUKZws7k"},{"accountno":"TA-23q4O45","departmentno":"1","salary":"54464","pincode":"545547","userid":"viUByTYBXk6ZqpGadjmi","id":"DjpErTUW270mOgJ1xAfB"},{"accountno":"TA-23q4O45","departmentno":"1","salary":"54464","pincode":"545547","userid":"viUByTYBXk6ZqpGadjmi","id":"9CzhrDA2bgdbEHSJsiy7"},{"accountno":"TA-23q4O45","departmentno":"1","salary":"54464","pincode":"545547","userid":"viUByTYBXk6ZqpGadjmi","id":"VLIjZVl3mFNuFfEMLZ4w"},{"accountno":"TA-23q4O45","departmentno":"1","salary":"54464","pincode":"545547","userid":"viUByTYBXk6ZqpGadjmi","id":"xoZZTsgWLkt0xdcp1Wwv"},{"accountno":"TA-23q4O45","departmentno":"1","salary":"54464","pincode":"545547","userid":"viUByTYBXk6ZqpGadjmi","id":"oDPB4LYeabxfG5F1rhx6"},{"accountno":"TA-23q4O45","departmentno":"1","salary":"54464","pincode":"545547","userid":"viUByTYBXk6ZqpGadjmi","id":"oYIIz8nrD9mp0bcLkmNG"},{"accountno":"TA-23q4O45","departmentno":"1","salary":"54464","pincode":"545547","userid":"viUByTYBXk6ZqpGadjmi","id":"lMxZ2GAHMC1VQ7ScTbrs"},{"accountno":"TA-23q4O45","departmentno":"1","salary":"54464","pincode":"545547","userid":"viUByTYBXk6ZqpGadjmi","id":"Et0VdhqUenxyjiPsN9wW"},{"accountno":"TA-1100990z","departmentno":"3","salary":"3456","pincode":"123456","userid":"aVdljSDe6iv9cKXGCYOU","id":"3esyNkFFgI2mfLalWCqO"},{"accountno":"TA-23q4O45","departmentno":"1","salary":"54464","pincode":"545547","userid":"viUByTYBXk6ZqpGadjmi","id":"ZapGDTOg6HPPRvpky8nq"},{"accountno":"TA-23q4O45","departmentno":"1","salary":"54464","pincode":"545547","userid":"viUByTYBXk6ZqpGadjmi","id":"cCt9iXPBJby5msSXRjKX"},{"accountno":"TA-1414141","departmentno":"1","salary":"888","pincode":"666666","userid":"dOdgXfbHfB1sZwKQvdFO","id":"GWqQRrac2CuAhie5mJQ3"},{"accountno":"TA-222552T9","departmentno":"8","salary":"76543","pincode":"234567","userid":"snbiwTHq5gvRDRN2DdKF","id":"Km3zkXn4AsnW9jk17VJa"},{"accountno":"TA-23q4O45","departmentno":"1","salary":"54464","pincode":"545547","userid":"viUByTYBXk6ZqpGadjmi","id":"8RDuqIKCzmLXe2qfJRUt"},{"accountno":"TA-23q4O45","departmentno":"1","salary":"54464","pincode":"545547","userid":"viUByTYBXk6ZqpGadjmi","id":"a77pQbbMSSM04jne8H7c"},{"accountno":"TA-23q4O45","departmentno":"1","salary":"54464","pincode":"545547","userid":"viUByTYBXk6ZqpGadjmi","id":"6CT5K7v4JQPpoVZjsIIj"},{"accountno":"TA-1122k33","departmentno":2,"salary":24567,"pincode":123455,"userid":"9pncfjpDyW1wUKl5JBce","id":"HzO7ovZPGIRmpJEZM5lQ"},{"accountno":"TA-23q4O45","departmentno":"1","salary":"54464","pincode":"545547","userid":"viUByTYBXk6ZqpGadjmi","id":"2JC88bw8416ebPPnR2Tw"},{"accountno":"TA-23p4O45","departmentno":"1","salary":"54464","pincode":"545547","userid":"viUByTYBXk6ZqpGadjmi","id":"iThvtUeD5fL9E48JmgC8"},{"accountno":"TA-229s893","departmentno":"3","salary":"1234","pincode":"234567","userid":"9pncfjpDyW1wUKl5JBce","id":"YJFRTuJeo6a57fmMAXBj"},{"accountno":"TA-23p4O45","departmentno":"1","salary":"54464","pincode":"545547","userid":"viUByTYBXk6ZqpGadjmi","id":"wK8m5TkMqlGserj8Z1S1"},{"accountno":"TA-23p4O45","departmentno":"1","salary":"54464","pincode":"545547","userid":"viUByTYBXk6ZqpGadjmi","id":"MHZWuRoGvbMvuicVvXFO"},{"accountno":"TA-2299889","departmentno":"33","salary":"3333","pincode":"33333333","userid":"o4FDbZMJElX44kOM78mO","id":"OGdyJTnOO6l92PoJAcaI"},{"accountno":"TA-2299889","departmentno":"33","salary":"3333","pincode":"33333333","userid":"o4FDbZMJElX44kOM78mO","id":"q8Lr614sMiMgOaUGxu2W"},{"accountno":"TA-2299889","departmentno":"33","salary":"3333","pincode":"33333333","userid":"o4FDbZMJElX44kOM78mO","id":"2NUMkXZM6t1kf9CLHSC0"},{"accountno":"TA-22123101","departmentno":"10","salary":"77710","pincode":"140310","userid":"upFYssz6Q3HXdLarfM0M","id":"lX3J1i8sFkrjo6zXeSUu"},{"accountno":"TA-1000990","departmentno":"11","salary":"1001","pincode":"100990","userid":"pHFLMstXPugubAmpW8wL","id":"vSwJ3wI2hFj51q7gKPek"},{"accountno":"TA-2212329","departmentno":"9","salary":"77779","pincode":"140309","userid":"upFYssz6Q3HXdLarfM0M","id":"Px5erUHSuOyoSTpEcECi"},{"accountno":"TA-1000990","departmentno":"11","salary":"1001","pincode":"100990","userid":"pHFLMstXPugubAmpW8wL","id":"YN4jWBxtB19jKa6FTbLy"},{"accountno":"TA-22222H9","departmentno":"8","salary":"9999","pincode":"234562","userid":"snbiwTHq5gvRDRN2DdKF","id":"9f9KPqBHRzBijQt8HjqF"},{"accountno":"TA-2299889","departmentno":"33","salary":"3333","pincode":"33333333","userid":"o4FDbZMJElX44kOM78mO","id":"Tv3ztpLwR0xp6L3aZp21"},{"accountno":"TA-22222A9","departmentno":"8","salary":"76543","pincode":"234567","userid":"snbiwTHq5gvRDRN2DdKF","id":"EfZr3zVVqh5cvV8b8MO6"},{"accountno":"TA-22222X9","departmentno":"8","salary":"76543","pincode":"234567","userid":"snbiwTHq5gvRDRN2DdKF","id":"MI9Km4gc3NC8PEWTCbaQ"},{"accountno":"TA-1000990","departmentno":"11","salary":"1001","pincode":"100990","userid":"pHFLMstXPugubAmpW8wL","id":"2pCpA45Sw9zXG1PZf6l2"},{"accountno":"TA-2299889","departmentno":"33","salary":"3333","pincode":"33333333","userid":"o4FDbZMJElX44kOM78mO","id":"a1MySpmwfQhxGmXMMsyR"},{"accountno":"TA-1122k33","departmentno":2,"salary":24567,"pincode":123455,"userid":"9pncfjpDyW1wUKl5JBce","id":"hzJZbNSEHpp58UcHetFc"},{"accountno":"TA-2299889","departmentno":"33","salary":"3333","pincode":"33333333","userid":"o4FDbZMJElX44kOM78mO","id":"lzxl2qimApwUseztItiQ"},{"accountno":"TA-2299889","departmentno":"33","salary":"3333","pincode":"33333333","userid":"o4FDbZMJElX44kOM78mO","id":"nJOIGhSBuOYcNAqVmDMq"},{"accountno":"TA-2299889","departmentno":"33","salary":"3333","pincode":"33333333","userid":"o4FDbZMJElX44kOM78mO","id":"8SOqiWecaQy85flRZRo7"},{"accountno":"TA-2299889","departmentno":"33","salary":"3333","pincode":"33333333","userid":"o4FDbZMJElX44kOM78mO","id":"s7TlM4rqtulRpsf0WodG"},{"accountno":"TA-1233334","departmentno":1,"salary":1234,"pincode":123456,"userid":"DmARgpsKLSzoSXM5a9iZ","id":"fwyH8kbJFqNm9TJQ9IwT"},{"accountno":"TA-233mnp3","departmentno":"4","salary":"78000","pincode":"420078","userid":"t7klgJQVzg4APHTnBj4V","id":"DjDIsedTgoh7ZJASHPM2"},{"accountno":"TA-233mnp3","departmentno":"5","salary":"75000","pincode":"420078","userid":"t7klgJQVzg4APHTnBj4V","id":"gBdj74I6Ic6d7cZMW0Vi"},{"accountno":"TA-1122g33","departmentno":"1","salary":"12345","pincode":"123455","userid":"9pncfjpDyW1wUKl5JBce","id":"Y4BshVR3N1eVO5kDSwUO"},{"accountno":"TA-233mnp2","departmentno":"5","salary":"75000","pincode":"420078","userid":"t7klgJQVzg4APHTnBj4V","id":"Bhv4aqhLYHylTW8TDqpv"},{"accountno":"TA-233mnp0","departmentno":"5","salary":"75000","pincode":"420008","userid":"t7klgJQVzg4APHTnBj4V","id":"ALiKBs2BZPbiYsBOKPA9"},{"accountno":"TA-233mnp0","departmentno":"5","salary":"75000","pincode":"420008","userid":"t7klgJQVzg4APHTnBj4V","id":"1QQTEPjXe5Dz574YAWKD"},{"accountno":"TA-233mnp0","departmentno":"5","salary":"75000","pincode":"420008","userid":"t7klgJQVzg4APHTnBj4V","id":"tcILwtx99G22YCxA9dDJ"},{"accountno":"TA-233mnp0","departmentno":"5","salary":"75000","pincode":"420008","userid":"t7klgJQVzg4APHTnBj4V","id":"2vLEqX7HtvmFTZ0eluBC"},{"accountno":"TA-233mnp0","departmentno":"5","salary":"75000","pincode":"420008","userid":"t7klgJQVzg4APHTnBj4V","id":"IwTb6pDl26U1ze4Caia4"},{"accountno":"TA-vaa4568","departmentno":"8","salary":"12310","pincode":"954011","userid":"u7nq0GWiLeCacS4KOFe3","id":"NNxlS040W8u9jaJPtaKu"},{"accountno":"TA-vaa4568","departmentno":"8","salary":"12310","pincode":"954011","userid":"u7nq0GWiLeCacS4KOFe3","id":"OfLAPj1ZpmOnEXiQZodS"},{"accountno":"TA-vaa4568","departmentno":"8","salary":"12310","pincode":"954011","userid":"u7nq0GWiLeCacS4KOFe3","id":"zOE0lpOl6hz2qdA7mmR7"},{"accountno":"TA-1001001","departmentno":"1","salary":"123456","pincode":"654321","userid":"yM8rL6vNG9F9TysYDg9L","id":"FnI8QWjgQpBoQ4dDB9Fw"},{"accountno":"TA-1000990","departmentno":"11","salary":"1001","pincode":"100990","userid":"pHFLMstXPugubAmpW8wL","id":"bPnjo6pN2FxH9DCPb3XR"},{"accountno":"TA-1000100","departmentno":"1","salary":"100","pincode":"100100","userid":"pHFLMstXPugubAmpW8wL","id":"7sx9dYIPTLPh8YPfLWzL"},{"accountno":"TA-1000990","departmentno":"11","salary":"1001","pincode":"100990","userid":"pHFLMstXPugubAmpW8wL","id":"ZC6V4xbswxk144bv6pda"},{"accountno":"TA-22222Z9","departmentno":"8","salary":"76543","pincode":"234567","userid":"snbiwTHq5gvRDRN2DdKF","id":"aGI5VTPhHCqs1D3hpQ5s"},{"accountno":"TA-22222T9","departmentno":"8","salary":"76543","pincode":"234567","userid":"snbiwTHq5gvRDRN2DdKF","id":"lks5ktTrt0S2ngLMknPV"},{"accountno":"TA-1000990","departmentno":"11","salary":"1001","pincode":"100990","userid":"pHFLMstXPugubAmpW8wL","id":"Lr6WXEyHzKHcv2ARPVqs"},{"accountno":"TA-1112225","departmentno":1,"salary":333,"pincode":111222,"userid":"zUBiRdETa8r6GX7I1uw0","id":"uFrEXtePkxLYoBXzhImr"},{"accountno":"TA-23m4899","departmentno":"3","salary":"6500","pincode":"563421","userid":"t7klgJQVzg4APHTnBj4V","id":"cWg6W2XcQt4S2tK6t5GJ"},{"accountno":"TA-1000100","departmentno":"1","salary":"100","pincode":"100100","userid":"pHFLMstXPugubAmpW8wL","id":"W4BWvVbnSMqn5TuVMJQN"},{"accountno":"TA-1000100","departmentno":"1","salary":"100","pincode":"100100","userid":"pHFLMstXPugubAmpW8wL","id":"cVMd55mFVUMvo0WU81J1"},{"accountno":"TA-SP11111","departmentno":"109","salary":"655","pincode":"654321","userid":"mU6hIQUZQfsauAPg6TXX","id":"B67ZhJfdsS5o7Uzri8uU"},{"accountno":"TA-1234560","departmentno":"1","salary":"12345","pincode":"123456","userid":"yM8rL6vNG9F9TysYDg9L","id":"WxTlCnno0hJQxBJF7fxx"},{"accountno":"TA-23c4O45","departmentno":"1","salary":"54464","pincode":"545547","userid":"viUByTYBXk6ZqpGadjmi","id":"ng5bbIIFHjQlNbselWva"},{"accountno":"TA-23c4O45","departmentno":"1","salary":"54464","pincode":"545547","userid":"viUByTYBXk6ZqpGadjmi","id":"QsP4KXdJlEUqG5wLeZoy"},{"accountno":"TA-23c4O45","departmentno":"1","salary":"54464","pincode":"545547","userid":"viUByTYBXk6ZqpGadjmi","id":"k6JFwMIHMexziULaAwZa"},{"accountno":"TA-23c4O45","departmentno":"1","salary":"54464","pincode":"545547","userid":"viUByTYBXk6ZqpGadjmi","id":"03NNAIYfmuasGoHjJTLj"},{"accountno":"TA-1234560","departmentno":"1","salary":"12345","pincode":"123456","userid":"yM8rL6vNG9F9TysYDg9L","id":"i1dQuZccupaHq4htixCG"},{"accountno":"TA-SP11111","departmentno":"13","salary":"655","pincode":"654321","userid":"mU6hIQUZQfsauAPg6TXX","id":"LfdtXvvTsGBqCZY1hwAG"},{"accountno":"TA-SP11111","departmentno":"13","salary":"655","pincode":"654321","userid":"mU6hIQUZQfsauAPg6TXX","id":"qU2xWLCmRgounHsTdZ8N"},{"accountno":"TA-1234560","departmentno":"1","salary":"12345","pincode":"123456","userid":"yM8rL6vNG9F9TysYDg9L","id":"S5bI2TG7qJsbdRVByIi4"},{"accountno":"TA-1234560","departmentno":"1","salary":"12345","pincode":"123456","userid":"yM8rL6vNG9F9TysYDg9L","id":"c40efYMH9QbR7orp3SvR"},{"accountno":"TA-1234560","departmentno":"1","salary":"12345","pincode":"123456","userid":"yM8rL6vNG9F9TysYDg9L","id":"YFAZsfbGEWEBtUfBcn3X"},{"accountno":"TA-SP11111","departmentno":"13","salary":"655","pincode":"654321","userid":"mU6hIQUZQfsauAPg6TXX","id":"ohTk8ZnsVRqddI8XisOi"},{"accountno":"TA-SP11111","departmentno":"13","salary":"655","pincode":"654321","userid":"mU6hIQUZQfsauAPg6TXX","id":"562yDtTxQxHaFWt0B5SD"},{"accountno":"TA-2299889","departmentno":"33","salary":"3333","pincode":"33333333","userid":"o4FDbZMJElX44kOM78mO","id":"YddGkv3LZSjDKMgxMpOb"},{"accountno":"TA-2299889","departmentno":"33","salary":"3333","pincode":"33333333","userid":"o4FDbZMJElX44kOM78mO","id":"43Zc8NjVjA5lcCkHjvMb"},{"accountno":"TA-0099889","departmentno":"33","salary":"3333","pincode":"33333333","userid":"o4FDbZMJElX44kOM78mO","id":"iR0i9GAsPS09I0x9k5P0"},{"accountno":"TA-1234560","departmentno":"1","salary":"12345","pincode":"123456","userid":"yM8rL6vNG9F9TysYDg9L","id":"0XY7DLVHaOH0sCuHgrvZ"},{"accountno":"TA-0099889","departmentno":"10","salary":"2000","pincode":"123123","userid":"o4FDbZMJElX44kOM78mO","id":"qQwSjMJL5UZJv9LAlsxk"},{"accountno":"TA-SP11111","departmentno":"1","salary":"655","pincode":"654321","userid":"mU6hIQUZQfsauAPg6TXX","id":"f4UjTW5BM9mZnyLS75fY"},{"accountno":"TA-SP11111","departmentno":"1","salary":"655","pincode":"654321","userid":"mU6hIQUZQfsauAPg6TXX","id":"D8nzCubVlMi8lX4Lyb70"},{"accountno":"TA-22222T9","departmentno":"8","salary":"76543","pincode":"234567","userid":"snbiwTHq5gvRDRN2DdKF","id":"jZcCer5nVTTeO9llv69g"},{"accountno":"TA-SP11111","departmentno":"13","salary":"655","pincode":"654321","userid":"mU6hIQUZQfsauAPg6TXX","id":"Zo8Iy9x8PEVY7AFNVe4G"},{"accountno":"TA-SP11111","departmentno":"13","salary":"655","pincode":"654321","userid":"mU6hIQUZQfsauAPg6TXX","id":"iINgS96dkSKa9CJhKfWn"},{"accountno":"TA-SP11111","departmentno":"13","salary":"655","pincode":"654321","userid":"mU6hIQUZQfsauAPg6TXX","id":"vM2t18sg4StMlx3l5kKT"},{"accountno":"TA-SP11111","departmentno":"13","salary":"655","pincode":"654321","userid":"mU6hIQUZQfsauAPg6TXX","id":"y5GVE3RUVKAAW7vXTFm9"},{"accountno":"TA-SP11111","departmentno":"13","salary":"655","pincode":"654321","userid":"mU6hIQUZQfsauAPg6TXX","id":"YhltEuiFXDaaDR9CGJJA"},{"accountno":"TA-1199889","departmentno":"10","salary":"2000","pincode":"123123","userid":"o4FDbZMJElX44kOM78mO","id":"RQkuPuYOjVvX9Niu08lr"},{"accountno":"TA-0099910","departmentno":"9","salary":"123","pincode":"111999","userid":"o4FDbZMJElX44kOM78mO","id":"pSyK9Lpk263IeWdLZ3Ij"},{"accountno":"TA-1199889","departmentno":"10","salary":"2000","pincode":"123123","userid":"o4FDbZMJElX44kOM78mO","id":"KAs4BvGIPBDbBWX63iS6"},{"accountno":"TA-0099910","departmentno":"9","salary":"123","pincode":"111999","userid":"o4FDbZMJElX44kOM78mO","id":"cMLrpkwf5XB4aarrm2UL"},{"accountno":"TA-0099889","departmentno":"10","salary":"2000","pincode":"123123","userid":"o4FDbZMJElX44kOM78mO","id":"TyI6MNfKU0F7c4BdFFaO"},{"accountno":"TA-0099999","departmentno":"9","salary":"123","pincode":"111999","userid":"o4FDbZMJElX44kOM78mO","id":"Izvdf2RJVouZk4JkccQe"},{"accountno":"TA-0099999","departmentno":"9","salary":"123","pincode":"111999","userid":"o4FDbZMJElX44kOM78mO","id":"S17kPDnngQrJ2FEPzUrY"},{"accountno":"TA-SP11111","departmentno":"13","salary":"655","pincode":"654321","userid":"mU6hIQUZQfsauAPg6TXX","id":"4jgq6Pwpddi6oqEiAsVR"},{"accountno":"TA-SP11111","departmentno":"13","salary":"655","pincode":"654321","userid":"mU6hIQUZQfsauAPg6TXX","id":"3lYkaU667rdhw9Q2Iu2r"},{"accountno":"TA-SP11111","departmentno":"13","salary":"655","pincode":"654321","userid":"mU6hIQUZQfsauAPg6TXX","id":"JqKgb34iSfNALsDay7fk"},{"accountno":"TA-SP11111","departmentno":"1","salary":"655","pincode":"654321","userid":"mU6hIQUZQfsauAPg6TXX","id":"o7QzveK7bPoQ7UV8VcUL"},{"accountno":"TA-1234560","departmentno":"1","salary":"12345","pincode":"123456","userid":"yM8rL6vNG9F9TysYDg9L","id":"NbVXRJuLPU5Dx4zFGozU"},{"accountno":"TA-1234560","departmentno":"1","salary":"12345","pincode":"123456","userid":"yM8rL6vNG9F9TysYDg9L","id":"DhQDRjK4ZlkIaZnKrUj8"},{"accountno":"TA-1234569","departmentno":"1","salary":"12345","pincode":"123456","userid":"yM8rL6vNG9F9TysYDg9L","id":"rPSVEVF63vhOv76tijnl"},{"accountno":"TA-1234569","departmentno":"1","salary":"12345","pincode":"123456","userid":"yM8rL6vNG9F9TysYDg9L","id":"5vEbunHRBZzFUD5wbeUS"},{"accountno":"TA-1234569","departmentno":"1","salary":"12345","pincode":"123456","userid":"yM8rL6vNG9F9TysYDg9L","id":"Ucnc1DaTsRLMge9imltP"},{"accountno":"TA-0000007","departmentno":"1","salary":"1234","pincode":"123456","userid":"yM8rL6vNG9F9TysYDg9L","id":"ZqxV8B6JV3wzjeF9oE97"},{"accountno":"TA-SP34591","departmentno":"3","salary":"655","pincode":"654321","userid":"mU6hIQUZQfsauAPg6TXX","id":"Wys855a4zp59ZSw95Mfz"},{"accountno":"TA-23944G9","departmentno":"8","salary":"76543","pincode":"234567","userid":"snbiwTHq5gvRDRN2DdKF","id":"2yqsUEvZ15AhS5I4KrSH"},{"accountno":"TA-23944C9","departmentno":"8","salary":"76543","pincode":"234567","userid":"snbiwTHq5gvRDRN2DdKF","id":"M6RRRm8JPu6dCL2EtkWX"},{"accountno":"TA-23944C8","departmentno":"8","salary":"76543","pincode":"234567","userid":"snbiwTHq5gvRDRN2DdKF","id":"aumgUBH9zJ4m8TUyvZzb"},{"accountno":"TA-23m4899","departmentno":"3","salary":"6500","pincode":"563421","userid":"t7klgJQVzg4APHTnBj4V","id":"hNcmN6ew7ntTGjc4V7FX"},{"accountno":"TA-23g3899","departmentno":"3","salary":"85000","pincode":"400056","userid":"t7klgJQVzg4APHTnBj4V","id":"0MkJMCbdRUXz3VzHNAXD"},{"accountno":"TA-23g3899","departmentno":3,"salary":85000,"pincode":400056,"userid":"ziBRfLEfNtH2MHyH3MhK","id":"6Bsy6HNBfVZW0L6aWlnV"},{"accountno":"Po-23m3899","departmentno":3,"salary":85000,"pincode":400056,"userid":"ziBRfLEfNtH2MHyH3MhK","id":"3SpgHbHQIHHW2PuEM4MI"},{"accountno":"Po-23m3899","departmentno":3,"salary":85000,"pincode":400056,"userid":"ziBRfLEfNtH2MHyH3MhK","id":"NxyGy2gF8xyeS2svs7gg"},{"accountno":"TA-2345679","departmentno":"4","salary":"4","pincode":"123456","userid":"DmARgpsKLSzoSXM5a9iZ","id":"Lb3cZKgQwIkDQDlcJ1sC"},{"accountno":"TA-23944B8","departmentno":"","salary":"9","pincode":"23456","userid":"snbiwTHq5gvRDRN2DdKF","id":"GZBMPbgYn87yz99hxk2o"},{"accountno":"TA-1000990","departmentno":"11","salary":"1001","pincode":"100990","userid":"pHFLMstXPugubAmpW8wL","id":"0TMEkL9OZiFnbsXiSAiX"},{"accountno":"TA-1000790","departmentno":"11","salary":"1001","pincode":"100790","userid":"pHFLMstXPugubAmpW8wL","id":"nPcrqd1pzBN6A6ele1UN"},{"accountno":"TA-23m3899","departmentno":"3","salary":"6500","pincode":"563421","userid":"t7klgJQVzg4APHTnBj4V","id":"ZvnyfkLs8hJ0RZtTVitb"},{"accountno":"TA-23m3799","departmentno":"5","salary":"98000","pincode":"256331","userid":"t7klgJQVzg4APHTnBj4V","id":"b65qo0gOILIWh2UvWXv2"},{"accountno":"TA-23m3799","departmentno":"5","salary":"98000","pincode":"256331","userid":"t7klgJQVzg4APHTnBj4V","id":"oGk3i59vpmnbJAnYHgya"},{"accountno":"TA-1000810","departmentno":6,"salary":800,"pincode":100810,"userid":"DmARgpsKLSzoSXM5a9iZ","id":"qi2J0370eWBRwjCNU56w"},{"accountno":"TA-1000890","departmentno":"1","salary":"800","pincode":"100810","userid":"pHFLMstXPugubAmpW8wL","id":"h8o6pu5IP4zqmA3S7aVu"},{"accountno":"TA-1000810","departmentno":6,"salary":800,"pincode":100810,"userid":"DmARgpsKLSzoSXM5a9iZ","id":"39VMIdZXDwukvZQSi5AU"},{"accountno":"TA-1122v55","departmentno":"4","salary":"5000","pincode":"123456","userid":"DmARgpsKLSzoSXM5a9iZ","id":"dI2xtf0FwPtG139esQAB"},{"accountno":"TA-1000810","departmentno":"1","salary":"800","pincode":"100810","userid":"pHFLMstXPugubAmpW8wL","id":"NzLH1TN8gaZBbwARHj4F"},{"accountno":"TA-2345679","departmentno":"4","salary":"4","pincode":"123456","userid":"DmARgpsKLSzoSXM5a9iZ","id":"qiyORiQUfEYjhAevCIBC"},{"accountno":"TA-1000010","departmentno":"1","salary":"1000","pincode":"100010","userid":"pHFLMstXPugubAmpW8wL","id":"sS6wV5Bf8hUM9JDcY76L"},{"accountno":"TA-1000010","departmentno":"1","salary":"1000","pincode":"100010","userid":"pHFLMstXPugubAmpW8wL","id":"s4YDeP14Z4mQ517zjRuy"},{"accountno":"TA-2345679","departmentno":"4","salary":"4","pincode":"123456","userid":"DmARgpsKLSzoSXM5a9iZ","id":"o610VO9QXIWPSRELMVJu"},{"accountno":"TA-1234567","departmentno":"3","salary":"455","pincode":"123456","userid":"DmARgpsKLSzoSXM5a9iZ","id":"Nunx2Ux3FaoZr9ZKPxbD"},{"accountno":"TA-0998832","departmentno":"3","salary":"4","pincode":"123456","userid":"DmARgpsKLSzoSXM5a9iZ","id":"QHEWpfa4YYcRXnhMcbkU"},{"accountno":"TA-2333gh7","departmentno":"3","salary":"6500","pincode":"563421","userid":"t7klgJQVzg4APHTnBj4V","id":"BjKnV9uGHfZQK5l1Tu7o"},{"accountno":"TA-23992q8","departmentno":"8","salary":"76543","pincode":"234567","userid":"snbiwTHq5gvRDRN2DdKF","id":"lEtvgTNUBCcU9edYt9kF"},{"accountno":"TA-23992q7","departmentno":"8","salary":"76543","pincode":"234567","userid":"snbiwTHq5gvRDRN2DdKF","id":"7R817enyOsiI8Zb7lY2M"},{"accountno":"TA-23994J7","departmentno":"8","salary":"76543","pincode":"234567","userid":"snbiwTHq5gvRDRN2DdKF","id":"xmEXrDJTsBwPaB0nqEDG"},{"accountno":"TA-6363633","departmentno":"3","salary":"3333","pincode":"363636","userid":"QZG5HCtogYDoLSFP2aTC","id":"Gub8OF9pdJWI53trCsRj"},{"accountno":"TA-6363630","departmentno":"3","salary":"3333","pincode":"363636","userid":"QZG5HCtogYDoLSFP2aTC","id":"vCF19szHJviiGuVI0umG"},{"accountno":"TA-43245y5","departmentno":"5","salary":"5678","pincode":"456789","userid":"snbiwTHq5gvRDRN2DdKF","id":"yCUsgCMtJ0kISd6uXROD"},{"accountno":"TA-23m3799","departmentno":"5","salary":"98000","pincode":"256331","userid":"t7klgJQVzg4APHTnBj4V","id":"NgLAtHrx1k5RLhQeXr7Q"},{"accountno":"TA-23m3799","departmentno":"5","salary":"98000","pincode":"256331","userid":"t7klgJQVzg4APHTnBj4V","id":"dauw3aIgAnbKUKUMyjlF"},{"accountno":"TA-23m3798","departmentno":"5","salary":"98000","pincode":"256331","userid":"t7klgJQVzg4APHTnBj4V","id":"UKY5kVZs8EblYLzMf4VY"},{"accountno":"TA-23m3798","departmentno":"5","salary":"98000","pincode":"256331","userid":"t7klgJQVzg4APHTnBj4V","id":"B0ok5nW4pjzQBJUFaGgr"},{"accountno":"TA-23m3798","departmentno":"5","salary":"98000","pincode":"256331","userid":"t7klgJQVzg4APHTnBj4V","id":"9ov4f6qvgK0GknbePLeC"},{"accountno":"TA-23m3798","departmentno":"5","salary":"98000","pincode":"256331","userid":"t7klgJQVzg4APHTnBj4V","id":"q4abpmFlY3wX8lETU2f5"},{"accountno":"TA-23m3798","departmentno":"5","salary":"98000","pincode":"256331","userid":"t7klgJQVzg4APHTnBj4V","id":"D53NgciWd5ccHGa5FQWU"},{"accountno":"TA-23m3798","departmentno":"5","salary":"98000","pincode":"256331","userid":"t7klgJQVzg4APHTnBj4V","id":"2DFTiXTUHz4jlbIpuO1O"},{"accountno":"TA-2345m67","departmentno":"3","salary":"6500","pincode":"563421","userid":"t7klgJQVzg4APHTnBj4V","id":"BtLaPcyIZUhRQHNMC6pR"},{"accountno":"TA-23m3778","departmentno":"5","salary":"98000","pincode":"256331","userid":"t7klgJQVzg4APHTnBj4V","id":"T7inPbfrbOi1LAeCtG42"},{"accountno":"TA-23m3778","departmentno":"5","salary":"98000","pincode":"256331","userid":"t7klgJQVzg4APHTnBj4V","id":"3bhVKtgIFDixYJXBaAc9"},{"accountno":"TA-11009900","departmentno":"4","salary":"12345","pincode":"111111","userid":"aVdljSDe6iv9cKXGCYOU","id":"3awddK8wbeqthT5NlXfd"},{"accountno":"TA-23m3778","departmentno":"5","salary":"98000","pincode":"256331","userid":"t7klgJQVzg4APHTnBj4V","id":"C4vBo2khKTwTR5CwNhCS"},{"accountno":"TA-987457z","departmentno":"9","salary":"9005","pincode":"555999","userid":"b71uEdUihkqfflCnozQm","id":"7k8ly52oEe8u24Dr59mD"},{"accountno":"TA-23m3777","departmentno":"5","salary":"98000","pincode":"256331","userid":"t7klgJQVzg4APHTnBj4V","id":"bYRIioxLZ3ZS4k2ImWqe"},{"accountno":"TA-1234z45","departmentno":"1","salary":"54464","pincode":"545547","userid":"viUByTYBXk6ZqpGadjmi","id":"O4qw3D31K6exA8AZJeO3"},{"accountno":"TA-6666666","departmentno":"6","salary":"666","pincode":"666666","userid":"M1KEEzc8nwtMhi1LuaWy","id":"qCLuOwDE0R3qJkvE0iqI"},{"accountno":"TA-6666666","departmentno":"6","salary":"666","pincode":"666666","userid":"M1KEEzc8nwtMhi1LuaWy","id":"6spZUNKXXpGbDwOSZnqj"},{"accountno":"TA-6666666","departmentno":5,"salary":666,"pincode":666666,"userid":"M1KEEzc8nwtMhi1LuaWy","id":"DTxhmyfRxFG57uxT3A6v"},{"accountno":"TA-23m3777","departmentno":"5","salary":"98000","pincode":"256331","userid":"t7klgJQVzg4APHTnBj4V","id":"Qy4zKm8aYuNwFhHeqkIE"},{"accountno":"TA-2333gh7","departmentno":"3","salary":"6580","pincode":"363421","userid":"t7klgJQVzg4APHTnBj4V","id":"AYtAZLEUBe8IHPqUQWGl"},{"accountno":"TA-0099800","departmentno":"1","salary":"123","pincode":"000999","userid":"zhFI4oQlHjP2cn3mW3GP","id":"Uez1yIbi4eIGd0jpLAQe"},{"accountno":"TA-1234O45","departmentno":"3","salary":"545434","pincode":"546545","userid":"viUByTYBXk6ZqpGadjmi","id":"TD7l3feb7LG2dx45SzgS"},{"accountno":"TA-1234O45","departmentno":"3","salary":"545434","pincode":"546545","userid":"viUByTYBXk6ZqpGadjmi","id":"ZW7YU61tTZibSQmQc1F7"},{"accountno":"TA-1234O45","departmentno":"3","salary":"545434","pincode":"546545","userid":"viUByTYBXk6ZqpGadjmi","id":"ChXu56p3rFkpUfq9yEhL"},{"accountno":"TA-1234O45","departmentno":"1","salary":"54464","pincode":"545547","userid":"viUByTYBXk6ZqpGadjmi","id":"FumTqaxtbRtE5DrhVDg3"},{"accountno":"TA-SP22222","departmentno":"1","salary":"655","pincode":"654321","userid":"mU6hIQUZQfsauAPg6TXX","id":"Bk1T468wjQTbrPTLh8iK"},{"accountno":"TA-SP11111","departmentno":"1","salary":"655","pincode":"654321","userid":"mU6hIQUZQfsauAPg6TXX","id":"VQoZljB3ywGOqqTGMRi7"},{"accountno":"TA-1234g45","departmentno":"1","salary":"54464","pincode":"545547","userid":"viUByTYBXk6ZqpGadjmi","id":"2yvYxV868WthfOyE7aUC"},{"accountno":"TA-1234g45","departmentno":"1","salary":"54464","pincode":"545547","userid":"viUByTYBXk6ZqpGadjmi","id":"kJtOKzPtMSOzPr9B7vQF"},{"accountno":"TA-SP34591","departmentno":"3","salary":"655","pincode":"654321","userid":"mU6hIQUZQfsauAPg6TXX","id":"nL1oIK44tFNoxAYvp8jZ"},{"accountno":"TA-43245r5","departmentno":"5","salary":"5678","pincode":"456789","userid":"snbiwTHq5gvRDRN2DdKF","id":"InWyT0e1ehgv8xsykoct"},{"accountno":"TA-1234N45","departmentno":"3","salary":"55555","pincode":"545547","userid":"viUByTYBXk6ZqpGadjmi","id":"If2Ko4uzzXZn7YKSgTga"},{"accountno":"TA-1234M45","departmentno":"3","salary":"55555","pincode":"545547","userid":"viUByTYBXk6ZqpGadjmi","id":"qdxyGGYP6LutA1quvczu"},{"accountno":"TA-1234l45","departmentno":"1","salary":"54464","pincode":"545547","userid":"viUByTYBXk6ZqpGadjmi","id":"SSMTTUE9MH0OqAp7ryeE"},{"accountno":"TA-1234l45","departmentno":"1","salary":"54464","pincode":"545547","userid":"viUByTYBXk6ZqpGadjmi","id":"m6YjnjvqHSgwt6SJ7mDN"},{"accountno":"DA-eclipse","departmentno":"1","salary":"1000","pincode":"342435","userid":"zhFI4oQlHjP2cn3mW3GP","id":"w7dQVVx6N9aslKZkGoi9"},{"accountno":"TA-1234l45","departmentno":"1","salary":"54464","pincode":"545547","userid":"viUByTYBXk6ZqpGadjmi","id":"LS4fzrxH6lbLdpOF2HHm"},{"accountno":"DA-eclipse","departmentno":"1","salary":"1000","pincode":"342435","userid":"taGX4XQQfXD3Z76sI1Xn","id":"JN1Vf7Aw1wB3YIvZM6J9"},{"accountno":"TA-1234k45","departmentno":"1","salary":"54464","pincode":"545547","userid":"viUByTYBXk6ZqpGadjmi","id":"bDM3wArnYeNYtNM0YgCT"},{"accountno":"TA-1234j45","departmentno":"1","salary":"54464","pincode":"545547","userid":"viUByTYBXk6ZqpGadjmi","id":"Vm4MpIKTJ16HHyje9tEh"},{"accountno":"TA-SP22222","departmentno":"1","salary":"655","pincode":"654321","userid":"mU6hIQUZQfsauAPg6TXX","id":"cJKppiijL81AZkaAWzz6"},{"accountno":"TA-SP11111","departmentno":"1","salary":"655","pincode":"654321","userid":"mU6hIQUZQfsauAPg6TXX","id":"1fVkqEb2YA3Hi49gJYuE"},{"accountno":"TA-1234i45","departmentno":"1","salary":"54464","pincode":"545547","userid":"viUByTYBXk6ZqpGadjmi","id":"9cgbtovuAQqtEl1CP1Kv"},{"accountno":"TA-1234j45","departmentno":"1","salary":"54464","pincode":"545547","userid":"viUByTYBXk6ZqpGadjmi","id":"8t5YBNfjvvM5fgcawJKC"},{"accountno":"TA-1234j45","departmentno":"1","salary":"54464","pincode":"545547","userid":"viUByTYBXk6ZqpGadjmi","id":"uFMrREiktbQtsKXndzSK"},{"accountno":"TA-SP11111","departmentno":"1","salary":"655","pincode":"654321","userid":"mU6hIQUZQfsauAPg6TXX","id":"HygNQroXr7Nyd66Hb6hF"},{"accountno":"TA-SP22222","departmentno":"1","salary":"655","pincode":"654321","userid":"mU6hIQUZQfsauAPg6TXX","id":"59iDEdQJZiBtmeNdtPol"},{"accountno":"TA-2222222","departmentno":"1","salary":"11111","pincode":"111111","userid":"i4LcNXqAFuI39rMbEAn9","id":"t4fIdlMe56og2rNhWPQT"},{"accountno":"TA-1100990s","departmentno":"3","salary":"3456","pincode":"123456","userid":"aVdljSDe6iv9cKXGCYOU","id":"uU0QpJ3u6fvHFwpkOBDS"},{"accountno":"TA-1234g45","departmentno":"1","salary":"54464","pincode":"545547","userid":"viUByTYBXk6ZqpGadjmi","id":"fbWxn6oIBs33r5pEv0Ba"},{"accountno":"TA-11009900","departmentno":"3","salary":"3456","pincode":"123456","userid":"aVdljSDe6iv9cKXGCYOU","id":"FHphPmouOi86Z7zKPOhp"},{"accountno":"TA-11009900","departmentno":"3","salary":"3456","pincode":"123456","userid":"aVdljSDe6iv9cKXGCYOU","id":"6PhCqeeCmYEfzYHZwcrV"},{"accountno":"TA-2222222","departmentno":"1","salary":"11111","pincode":"111111","userid":"i4LcNXqAFuI39rMbEAn9","id":"2s15DZUMNrE0f7KCFwnM"},{"accountno":"TA-2345m67","departmentno":"3","salary":"6500","pincode":"563421","userid":"t7klgJQVzg4APHTnBj4V","id":"eoxhHp6G5cXnvY1J0mnZ"},{"accountno":"TA-1111111","departmentno":"1","salary":"11111","pincode":"111111","userid":"i4LcNXqAFuI39rMbEAn9","id":"767yeRX7jcV8QebsE9Lw"},{"accountno":"TA-112233","departmentno":"10","salary":"90000","pincode":"111421","userid":"t7klgJQVzg4APHTnBj4V","id":"HVl2QGORymyX7Kk6Y1dV"},{"accountno":"TA-112233","departmentno":"10","salary":"90000","pincode":"111421","userid":"t7klgJQVzg4APHTnBj4V","id":"qHzOxC3spYw6Pk9xXfi0"},{"accountno":"TA-23994B7","departmentno":"8","salary":"76543","pincode":"234567","userid":"snbiwTHq5gvRDRN2DdKF","id":"SfIGwW6t4yRLbukTrciQ"},{"accountno":"TA-23554r7","departmentno":"5","salary":"5678","pincode":"456789","userid":"snbiwTHq5gvRDRN2DdKF","id":"R4EsQtPdHP2D2awX1Bzb"},{"accountno":"TA-23555k7","departmentno":"5","salary":"5678","pincode":"456789","userid":"snbiwTHq5gvRDRN2DdKF","id":"mwpad3L8Ifmx7nYKq28w"},{"accountno":"TA-23466n7","departmentno":"5","salary":"5678","pincode":"456789","userid":"snbiwTHq5gvRDRN2DdKF","id":"pjWGdPpixuIm6aUjfgkK"},{"accountno":"TA-43245r5","departmentno":"5","salary":"5678","pincode":"456789","userid":"snbiwTHq5gvRDRN2DdKF","id":"XH8B26zcc7RZrbZg6b6p"},{"accountno":"TA-9876l56","departmentno":"6","salary":"7002","pincode":"111112","userid":"b71uEdUihkqfflCnozQm","id":"NFcxk0gt7orufYowYn4M"},{"accountno":"TA-9876l53","departmentno":"9","salary":"7002","pincode":"111112","userid":"b71uEdUihkqfflCnozQm","id":"9IEWuVIyMIFY6x3FBytk"},{"accountno":"TA-9876l52","departmentno":"9","salary":"7001","pincode":"111111","userid":"b71uEdUihkqfflCnozQm","id":"N6az26eNdgzvySjmRnB1"},{"accountno":"TA-1234i45","departmentno":"1","salary":"54464","pincode":"545547","userid":"viUByTYBXk6ZqpGadjmi","id":"mU1DNvhWrLFbvQdDZ9qJ"},{"accountno":"TA-1234h45","departmentno":"1","salary":"54464","pincode":"545547","userid":"viUByTYBXk6ZqpGadjmi","id":"wOoXKFdLyC9Rzh1v4T5j"},{"accountno":"TA-343432e","departmentno":"3","salary":"232422","pincode":"342334","userid":"viUByTYBXk6ZqpGadjmi","id":"v6pEukcF7qwQU4Iq99Vi"},{"accountno":"TA-2341d67","departmentno":"5","salary":"5678","pincode":"456789","userid":"snbiwTHq5gvRDRN2DdKF","id":"kGwqR2E3OVJM0deacRms"},{"accountno":"TA-6565656","departmentno":"6","salary":"555","pincode":"565656","userid":"M1KEEzc8nwtMhi1LuaWy","id":"H3f6gvfYh71bZ2txdzdH"},{"accountno":"TA-112233","departmentno":"10","salary":"90000","pincode":"111421","userid":"t7klgJQVzg4APHTnBj4V","id":"mkPKcpqj92lPl1GXTk1z"},{"accountno":"TA-112233","departmentno":"10","salary":"90000","pincode":"111421","userid":"t7klgJQVzg4APHTnBj4V","id":"eD0xUSwacoV8pOjz9wk6"},{"accountno":"TA-112233","departmentno":"10","salary":"90000","pincode":"111421","userid":"t7klgJQVzg4APHTnBj4V","id":"XjvmnrIFGAwvX6eRRSPU"},{"accountno":"TA-1000000","departmentno":"1","salary":"100","pincode":"100000","userid":"pHFLMstXPugubAmpW8wL","id":"E84eJwLSCjUwLAm4Ljlo"},{"accountno":"TA-2000000","departmentno":"6","salary":"979","pincode":"565656","userid":"M1KEEzc8nwtMhi1LuaWy","id":"0beWS6nSTCk3A98hXePs"},{"accountno":"TA-1000000","departmentno":"1","salary":"100","pincode":"100000","userid":"pHFLMstXPugubAmpW8wL","id":"6jZsOP93CYHT1K7QqzKc"},{"accountno":"TA-1119993","departmentno":"1","salary":"111","pincode":"111111","userid":"zUBiRdETa8r6GX7I1uw0","id":"0cnWmNusjbtQxtm3k069"},{"accountno":"TA-1234f45","departmentno":"3","salary":"55555","pincode":"545547","userid":"viUByTYBXk6ZqpGadjmi","id":"A1NvwgBorrLCWHLJhdcz"},{"accountno":"TA-11008888","departmentno":"3","salary":"3456","pincode":"123456","userid":"aVdljSDe6iv9cKXGCYOU","id":"EfcIHecWekDTABcF9u0K"},{"accountno":"TA-2333gh7","departmentno":"3","salary":"6580","pincode":"363421","userid":"t7klgJQVzg4APHTnBj4V","id":"ZrxxGMm6SrvvBhzKSBJW"},{"accountno":"TA-1100990","departmentno":2,"salary":3456,"pincode":123456,"userid":"aVdljSDe6iv9cKXGCYOU","id":"B9JP5pza8oXXCLIldG7Z"},{"accountno":"TA-2333k67","departmentno":"3","salary":"6500","pincode":"563421","userid":"t7klgJQVzg4APHTnBj4V","id":"yx29VMq5S21FJRc75Xr1"},{"accountno":"TA-1234e45","departmentno":"1","salary":"54464","pincode":"545547","userid":"viUByTYBXk6ZqpGadjmi","id":"cQ8YTQcbmqNfBWRNM9TQ"},{"accountno":"TA-1234d45","departmentno":"1","salary":"54464","pincode":"545547","userid":"viUByTYBXk6ZqpGadjmi","id":"D8Ttm4HTI3XXpk9YdYGS"},{"accountno":"TA-SP34591","departmentno":"3","salary":"655","pincode":"654321","userid":"mU6hIQUZQfsauAPg6TXX","id":"aMVZlyFS4KwS7P5HfMEJ"},{"accountno":"TA-SP22222","departmentno":"1","salary":"655","pincode":"654321","userid":"mU6hIQUZQfsauAPg6TXX","id":"v6PVq1zNjYI5Xr8kGKSQ"},{"accountno":"TA-SP34591","departmentno":"3","salary":"655","pincode":"654321","userid":"mU6hIQUZQfsauAPg6TXX","id":"2EUHCdqBlXXcWBVXGLAM"},{"accountno":"TA-SP11111","departmentno":"1","salary":"655","pincode":"654321","userid":"mU6hIQUZQfsauAPg6TXX","id":"prdq3dpGEVDWFH7HLIYT"},{"accountno":"TA-2333m67","departmentno":8,"salary":6520,"pincode":563424,"userid":"t7klgJQVzg4APHTnBj4V","id":"yoQqrheTGW6kuzza1s6p"},{"accountno":"TA-2333m67","departmentno":"3","salary":"6500","pincode":"563421","userid":"t7klgJQVzg4APHTnBj4V","id":"HrItT7JxExhm8vfZwqpo"},{"accountno":"TA-2345m67","departmentno":"3","salary":"6500","pincode":"563421","userid":"t7klgJQVzg4APHTnBj4V","id":"49TxPJ3MzjsVZ6W9Q0bu"},{"accountno":"TA-SP11111","departmentno":"1","salary":"655","pincode":"654321","userid":"mU6hIQUZQfsauAPg6TXX","id":"aVUUmq7ZuaXt69sJmsIX"},{"accountno":"TA-SP11111","departmentno":"1","salary":"655","pincode":"654321","userid":"mU6hIQUZQfsauAPg6TXX","id":"2b8VoNwC2CvizaJT8495"},{"accountno":"TA-1119992","departmentno":"1","salary":"111","pincode":"111111","userid":"zUBiRdETa8r6GX7I1uw0","id":"siRINImfM8dzhNyigljl"},{"accountno":"TA-SP00000","departmentno":3,"salary":6550011,"pincode":654321,"userid":"mU6hIQUZQfsauAPg6TXX","id":"W3DfeDa11z1lnMD2EIZY"},{"accountno":"TA-SP34591","departmentno":"3","salary":"655","pincode":"654321","userid":"mU6hIQUZQfsauAPg6TXX","id":"gWIh9YuNWHckGoN0zJm7"},{"accountno":"TA-SP34590","departmentno":"3","salary":"655","pincode":"654321","userid":"mU6hIQUZQfsauAPg6TXX","id":"9S5ibez0fdhaRDYb9VfT"},{"accountno":"TA-1112223","departmentno":2,"salary":444,"pincode":111222,"userid":"zUBiRdETa8r6GX7I1uw0","id":"ezfNYsDMtvS3dEQGFU7F"},{"accountno":"TA-1234567","departmentno":"1","salary":"9001","pincode":"123456","userid":"yM8rL6vNG9F9TysYDg9L","id":"QJ9n52guWWXUxxDKjMsw"},{"accountno":"USH-1234412","departmentno":"1","salary":"200000","pincode":"772134","userid":"qsAvy2acR3CH9AtEoVXA","id":"o95LxW6qv0gy8pbqhgWt"},{"accountno":"TA-9876l51","departmentno":"7","salary":"9001","pincode":"999988","userid":"b71uEdUihkqfflCnozQm","id":"gPBOstx2Inyi1ipAgXjq"},{"accountno":"TA-9876l55","departmentno":"1","salary":"900","pincode":"999999","userid":"b71uEdUihkqfflCnozQm","id":"iLs5ZONmcEphcYoElxQE"},{"accountno":"TA-9876l54","departmentno":"1","salary":"900","pincode":"999999","userid":"b71uEdUihkqfflCnozQm","id":"Vajw6L1FsGNnjzuaz8Q5"},{"accountno":"TA-9876l54","departmentno":"1","salary":"900","pincode":"999999","userid":"b71uEdUihkqfflCnozQm","id":"WUyaPGn1RgcU7XevXa6h"},{"accountno":"TA-9876l54","departmentno":"1","salary":"900","pincode":"999999","userid":"b71uEdUihkqfflCnozQm","id":"kOXPqrzJ6IM7QlCotf6z"},{"accountno":"TA-9876l54","departmentno":"1","salary":"900","pincode":"999999","userid":"b71uEdUihkqfflCnozQm","id":"zUgsgIGNSGhrl1O8R6J0"},{"accountno":"TA-9876l54","departmentno":"1","salary":"900","pincode":"999999","userid":"b71uEdUihkqfflCnozQm","id":"2mJl8TBLk6b6K2angsK2"},{"accountno":"TA-1111222","departmentno":"1","salary":"10000","pincode":"123123","userid":"QZG5HCtogYDoLSFP2aTC","id":"iT4MZkSJ64D59rnGX7ZF"},{"accountno":"TA-2212327","departmentno":"8","salary":"77778","pincode":"140308","userid":"upFYssz6Q3HXdLarfM0M","id":"Edg29BMWkKuwXHF0UE70"},{"accountno":"TA-2212323","departmentno":"7","salary":"77777","pincode":"140306","userid":"upFYssz6Q3HXdLarfM0M","id":"z0rDWgX0f7R5rx6nn1KG"},{"accountno":"TA-6214t57","departmentno":1,"salary":"4007","pincode":"723657","userid":"b71uEdUihkqfflCnozQm","id":"O6WKpZbcMVWlQncXIWsU"},{"accountno":"TA-6214t56","departmentno":"8","salary":"4000","pincode":"723456","userid":"b71uEdUihkqfflCnozQm","id":"GvtzR7LusjHLsGLhGIRB"},{"accountno":"TA-1234t56","departmentno":1,"salary":400,"pincode":123456,"userid":"b71uEdUihkqfflCnozQm","id":"nEiUgP7ijNKSuQJjNhfN"},{"accountno":"TA-1234567","departmentno":"1","salary":"9876","pincode":"321321","userid":"lgxY6iFMkgQjMJPqffZX","id":"v0tzAmdzoIO4SVY5hEKE"},{"accountno":"TA-123n456","departmentno":"7","salary":"7000","pincode":"123456","userid":"o4FDbZMJElX44kOM78mO","id":"sZ8RRQ0zHOO4vm8m3weq"},{"accountno":"TA-3344u89","departmentno":4,"salary":2305,"pincode":456780,"userid":"b71uEdUihkqfflCnozQm","id":"RfLisr1CxgL1yQWDh7iW"},{"accountno":"TA-2345t67","departmentno":"3","salary":"4500","pincode":"563421","userid":"t7klgJQVzg4APHTnBj4V","id":"dEMPr5F6qZRSqOms7p46"},{"accountno":"TA-1122g33","departmentno":2,"salary":2323,"pincode":123123,"userid":"zhFI4oQlHjP2cn3mW3GP","id":"cpCZknnaixC7w55YgXpS"},{"accountno":"TA-2220130","departmentno":"7","salary":"345","pincode":"456789","userid":"zooqXG7ZwAYI6imLwToS","id":"SZ7nDdldJF62tMc4FYt3"},{"accountno":"TA-2220130","departmentno":"7","salary":"345","pincode":"456789","userid":"zooqXG7ZwAYI6imLwToS","id":"fG2qyDjJWjrLGlrfPcdL"},{"accountno":"TA-3456789","departmentno":"2","salary":"23000","pincode":"567890","userid":"taGX4XQQfXD3Z76sI1Xn","id":"8NtejpxHsaLx1cnejRDa"},{"accountno":"TA-3456789","departmentno":"2","salary":"23000","pincode":"567890","userid":"taGX4XQQfXD3Z76sI1Xn","id":"Yzs1KTVbIW34MTkxUykk"},{"accountno":"TA-5678945","departmentno":"1","salary":"65000","pincode":"123456","userid":"taGX4XQQfXD3Z76sI1Xn","id":"xX4qtQ4iaDUIWyBNlgPM"},{"accountno":"Tc-876543","departmentno":101,"salary":10000,"pincode":2346490,"userid":"usijVNDYl8Omloa4aaYk","id":"3MVsHSsBL069AXinJVta"},{"accountno":"TA-1234567","departmentno":"1","salary":"56778","pincode":"989898","userid":"usijVNDYl8Omloa4aaYk","id":"3O7QlcWWaLF8t3B1rfbQ"},{"accountno":"Ta-7654321","departmentno":"2","salary":"89000","pincode":"764321","userid":"usijVNDYl8Omloa4aaYk","id":"oGX2WfDjBn9qMv0gxUKZ"},{"accountno":"TA-1234567","departmentno":"1","salary":"56778","pincode":"989898","userid":"usijVNDYl8Omloa4aaYk","id":"24USgglD1uChZiKrqt0d"},{"accountno":"TA-1234900","departmentno":"2","salary":"1234789","pincode":"603832","userid":"zZomRKuHLJV7NKhKVRY4","id":"aFEIQNXgFVA5pZtmR2sP"},{"accountno":"TA-1234900","departmentno":"2","salary":"1234789","pincode":"603832","userid":"zZomRKuHLJV7NKhKVRY4","id":"2ZG7z3zuXOH3mP6DGXWq"},{"accountno":"Tc-876543","departmentno":"100","salary":"10000","pincode":"2346490","userid":"rGjPCz7q7Yv75qaHGWfi","id":"BDHkEkSSO4SVyWyymzMc"},{"accountno":"TA-1234900","departmentno":"2","salary":"1234789","pincode":"603832","userid":"zZomRKuHLJV7NKhKVRY4","id":"WLhTn9llRruidJWhcU8Y"},{"accountno":"TA-1234900","departmentno":"2","salary":"1234789","pincode":"603832","userid":"zZomRKuHLJV7NKhKVRY4","id":"DwAUzJS4prSgKgsrVF6a"},{"accountno":"TA-876543","departmentno":"100","salary":"100","pincode":"2346490","userid":"usijVNDYl8Omloa4aaYk","id":"AyzDgg62ulrBj8L5axTQ"},{"accountno":"TA-1234900","departmentno":"2","salary":"1234789","pincode":"603832","userid":"zZomRKuHLJV7NKhKVRY4","id":"cZe3AZ6PSta8g0N156qS"},{"accountno":"TA-1234900","departmentno":"2","salary":"1234789","pincode":"603832","userid":"zZomRKuHLJV7NKhKVRY4","id":"tWj07Jrbnp7AXeqnIQ5r"},{"accountno":"TA-1234900","departmentno":"2","salary":"1234789","pincode":"603832","userid":"zZomRKuHLJV7NKhKVRY4","id":"78YpXyBSDgUMPcc9T2o0"},{"accountno":"TA-1234900","departmentno":"2","salary":"1234789","pincode":"603832","userid":"zZomRKuHLJV7NKhKVRY4","id":"d0nNEOgcQVkvCSGNv6WZ"},{"accountno":"TA-1234900","departmentno":"2","salary":"1234789","pincode":"603832","userid":"zZomRKuHLJV7NKhKVRY4","id":"TDvfpSLJRVgOSrWNnaig"},{"accountno":"TA-1234900","departmentno":"2","salary":"1234789","pincode":"603832","userid":"zZomRKuHLJV7NKhKVRY4","id":"Mrp2kifkd0DlRk8lfIXN"},{"accountno":"TA-1234769","departmentno":"2","salary":"56456","pincode":"867868","userid":"zZomRKuHLJV7NKhKVRY4","id":"Yh0xmeJyrufFSFZUKDy8"},{"accountno":"TA-1234769","departmentno":"2","salary":"56456","pincode":"867868","userid":"zZomRKuHLJV7NKhKVRY4","id":"sefOCqYgwHr1P6CpYOFX"},{"accountno":"TA-1234767","departmentno":2,"salary":56500,"pincode":639008,"userid":"zZomRKuHLJV7NKhKVRY4","id":"QLw7iUhhT2aJxnXBzxGD"},{"accountno":"TA-876543","departmentno":"100","salary":"100","pincode":"2346490","userid":"usijVNDYl8Omloa4aaYk","id":"z5Bx65svrJX9EEGfDqzF"},{"accountno":"TA-1234578","departmentno":"1","salary":"500","pincode":"234648","userid":"usijVNDYl8Omloa4aaYk","id":"SRcAvzUCcBAQbqprGOHn"},{"accountno":"TA-1234578","departmentno":"1","salary":"500","pincode":"234648","userid":"usijVNDYl8Omloa4aaYk","id":"vfQUCAORa89R5IskiJc5"},{"accountno":"TA-1234567","departmentno":"1","salary":"5000","pincode":"234647","userid":"usijVNDYl8Omloa4aaYk","id":"Fp4pdZyjPta7OhoYw88i"},{"accountno":"TA-1234567","departmentno":"1","salary":"5000","pincode":"234647","userid":"usijVNDYl8Omloa4aaYk","id":"zO2CJSB0IKoRnsSWwccu"},{"accountno":"TA-9999999","departmentno":"9","salary":"9999","pincode":"595959","userid":"JQGgG0SnNsZlQgoI2840","id":"wZTR4oBdrUUjE944UNst"},{"accountno":"TA-9999999","departmentno":"5","salary":"9191","pincode":"595959","userid":"JQGgG0SnNsZlQgoI2840","id":"7MQua2wf9txnW3d6E77K"},{"accountno":"TA-9999999","departmentno":"9","salary":"9999","pincode":"595959","userid":"JQGgG0SnNsZlQgoI2840","id":"HEqzUxsYBpfCcG6QzEe8"},{"accountno":"HS-1234489","departmentno":"4","salary":"444478","pincode":"515009","userid":"hnX1SdQ0Xo7c6zYPAech","id":"CUEFc9avDed3rEl8aDv9"},{"accountno":"HS-1234489","departmentno":"4","salary":"444478","pincode":"515009","userid":"hnX1SdQ0Xo7c6zYPAech","id":"mPtN1Ie5mS3nW0mIYbnZ"},{"accountno":"HS-1234489","departmentno":"4","salary":"444478","pincode":"515009","userid":"hnX1SdQ0Xo7c6zYPAech","id":"xt2NBPcA0pJ4tg2cvWOU"},{"accountno":"HS-1234489","departmentno":"4","salary":"444478","pincode":"515009","userid":"hnX1SdQ0Xo7c6zYPAech","id":"qVoIcsxZLi7iTEkD0kBq"},{"accountno":"TA-2220170","departmentno":"7","salary":"345","pincode":"456789","userid":"zooqXG7ZwAYI6imLwToS","id":"skr8s40jDcKrBhFpOrpw"},{"accountno":"GE-123455","departmentno":"6","salary":"345425","pincode":"537174","userid":"txyvZ2JBdVLa10kxS284","id":"NLRImflj35h7AwU8jicw"},{"accountno":"GE-123455","departmentno":"6","salary":"345425","pincode":"537174","userid":"txyvZ2JBdVLa10kxS284","id":"MySEo1Yb1KDRnsonhVmQ"},{"accountno":"TA-7472237","departmentno":"35","salary":"23819","pincode":"792817","userid":"t125VIABatxIit0Gfdqy","id":"AiaVmOGSuLhqT4J85Vor"},{"accountno":"GE-123455","departmentno":"6","salary":"345425","pincode":"537174","userid":"txyvZ2JBdVLa10kxS284","id":"lwe8hCjvAgu2WHOkDmGg"},{"accountno":"GE-123455","departmentno":"6","salary":"345425","pincode":"537174","userid":"txyvZ2JBdVLa10kxS284","id":"ME8UQKh2QKH44fj0Iwxk"},{"accountno":"GE-123455","departmentno":"6","salary":"345425","pincode":"537174","userid":"txyvZ2JBdVLa10kxS284","id":"DpwTqXvJor4fwEMdVMOL"},{"accountno":"GE-123455","departmentno":"6","salary":"345425","pincode":"537174","userid":"txyvZ2JBdVLa10kxS284","id":"XERINqZQm5IJkCXyp2g8"},{"accountno":"GE-123455","departmentno":"6","salary":"345425","pincode":"537174","userid":"txyvZ2JBdVLa10kxS284","id":"FeXEpZvwqRu8RaxgTTVr"},{"accountno":"GE-123455","departmentno":"6","salary":"345425","pincode":"537174","userid":"txyvZ2JBdVLa10kxS284","id":"ag37n8lbwH5XNaYMeMnO"},{"accountno":"GE-123455","departmentno":"6","salary":"345425","pincode":"537174","userid":"txyvZ2JBdVLa10kxS284","id":"jeomZzd0k6OsV7Y7S1Fr"},{"accountno":"GE-123455","departmentno":"6","salary":"345425","pincode":"537174","userid":"txyvZ2JBdVLa10kxS284","id":"A50iCOspVe0xrgt8Jb5d"},{"accountno":"GE-123455","departmentno":"6","salary":"345425","pincode":"537174","userid":"txyvZ2JBdVLa10kxS284","id":"kekuSA4pIJDFbGjJ8feK"},{"accountno":"GE-123455","departmentno":"6","salary":"345425","pincode":"537174","userid":"txyvZ2JBdVLa10kxS284","id":"DmGdAgeFsu65dTQ8PZ2Y"},{"accountno":"GE-123455","departmentno":"6","salary":"345425","pincode":"537174","userid":"txyvZ2JBdVLa10kxS284","id":"T5QEkXdFjWyJbR2l2wKl"},{"accountno":"GE-123455","departmentno":"6","salary":"345425","pincode":"537174","userid":"txyvZ2JBdVLa10kxS284","id":"UwH69fiMpYmNQlkgDSMU"},{"accountno":"GE-253433","departmentno":"6","salary":"12344","pincode":"557173","userid":"txyvZ2JBdVLa10kxS284","id":"VZBV15kmseixssX86ViK"},{"accountno":"GE-123455","departmentno":"6","salary":"345425","pincode":"537174","userid":"txyvZ2JBdVLa10kxS284","id":"XaLlpt9gpXzUAy3JLf1S"},{"accountno":"GE-123455","departmentno":"6","salary":"345425","pincode":"537174","userid":"txyvZ2JBdVLa10kxS284","id":"r9tLE7k7UxP3dXw3z26m"},{"accountno":"GE-123455","departmentno":"6","salary":"345425","pincode":"537174","userid":"txyvZ2JBdVLa10kxS284","id":"N04cbYheGeMF4KHgoOZ1"},{"accountno":"4490099","departmentno":"67","salary":"277383","pincode":"28errr388392","userid":"rGjPCz7q7Yv75qaHGWfi","id":"wk5C6mieyBGsNpiNIrC8"},{"accountno":"MRJ-123987","departmentno":"8.0","salary":"325000.0","pincode":"951341.0","userid":"PmSgJPYWxk9rbvH0WOO8","id":"S1tU5Mei7A96hrXXLrvx"},{"accountno":"MRJ-123987","departmentno":"8.0","salary":"325000.0","pincode":"951341.0","userid":"PmSgJPYWxk9rbvH0WOO8","id":"olKrfAlQpKceWLf0pRac"},{"accountno":"MRJ-123987","departmentno":"5.0","salary":"2535435.0","pincode":"951341.0","userid":"PmSgJPYWxk9rbvH0WOO8","id":"T1nlpALiZlZyo86vTq8r"},{"accountno":"MRJ-123987","departmentno":"4.0","salary":"54353.0","pincode":"951341.0","userid":"PmSgJPYWxk9rbvH0WOO8","id":"Kkszx21sgm5knwGRObEd"},{"accountno":"MRJ-123987","departmentno":"3.0","salary":"2342.0","pincode":"951341.0","userid":"PmSgJPYWxk9rbvH0WOO8","id":"f4KsYPoCiJQrb7jY7lm6"},{"accountno":"MRJ-123987","departmentno":"6.0","salary":"643553.0","pincode":"43545.0","userid":"PmSgJPYWxk9rbvH0WOO8","id":"jnlzKbbvvQPDeb64CaUP"},{"accountno":"MRJ-123987","departmentno":"5.0","salary":"345435.0","pincode":"435355.0","userid":"PmSgJPYWxk9rbvH0WOO8","id":"VinIVM2S1IwCAf1SIUxe"},{"accountno":"MRJ-123987","departmentno":"8.0","salary":"325000.0","pincode":"951341.0","userid":"PmSgJPYWxk9rbvH0WOO8","id":"AOlQuMg9zeTom9M5KoMV"},{"accountno":"TA-12345667","departmentno":"6","salary":"938439","pincode":"91341","userid":"PmSgJPYWxk9rbvH0WOO8","id":"5B7owTOBJJN0eOtr6NwA"},{"accountno":"TA-12345667","departmentno":"6","salary":"938439","pincode":"91341","userid":"PmSgJPYWxk9rbvH0WOO8","id":"IpKVdG3SoEZD9ZA9ElWB"},{"accountno":"TA-12345667","departmentno":"6","salary":"938439","pincode":"91341","userid":"PmSgJPYWxk9rbvH0WOO8","id":"Q4ThDDama32zIZf6pkZr"},{"accountno":"TA-12345667","departmentno":"6","salary":"938439","pincode":"91341","userid":"PmSgJPYWxk9rbvH0WOO8","id":"rXL8BRgQxWVutreCHOm6"},{"accountno":"TA-12345667","departmentno":"6","salary":"938439","pincode":"91341","userid":"PmSgJPYWxk9rbvH0WOO8","id":"7tLWhO02BicT4RGd87kw"},{"accountno":"TA-12345667","departmentno":"6","salary":"938439","pincode":"91341","userid":"PmSgJPYWxk9rbvH0WOO8","id":"LVaC38Udxf2eBvD6TIub"},{"accountno":"TA-12345667","departmentno":"6","salary":"938439","pincode":"91341","userid":"PmSgJPYWxk9rbvH0WOO8","id":"RQQBS6rDtpobi3gaPAHS"},{"accountno":"TA-12345667","departmentno":"6","salary":"938439","pincode":"91341","userid":"PmSgJPYWxk9rbvH0WOO8","id":"tjwmFfmfRNzetP7maIa4"},{"accountno":"TA-12345667","departmentno":"6","salary":"938439","pincode":"91341","userid":"PmSgJPYWxk9rbvH0WOO8","id":"rtAru5e6hNh1F8XXjMvH"},{"accountno":"TA-12345667","departmentno":"6","salary":"938439","pincode":"91341","userid":"PmSgJPYWxk9rbvH0WOO8","id":"PKwtA7OLaVOBnTtqy0az"},{"accountno":"TA-12345667","departmentno":"6","salary":"938439","pincode":"91341","userid":"PmSgJPYWxk9rbvH0WOO8","id":"av51mCvjQlGhxyFAA44t"},{"accountno":"TA-12345667","departmentno":"6","salary":"938439","pincode":"91341","userid":"PmSgJPYWxk9rbvH0WOO8","id":"dDskWx4IVxU03j8U4hIA"},{"accountno":"TA-12345667","departmentno":"6","salary":"938439","pincode":"91341","userid":"PmSgJPYWxk9rbvH0WOO8","id":"gteYy1zIuz3q34VfeCvG"},{"accountno":"TA-12345667","departmentno":"6","salary":"938439","pincode":"91341","userid":"PmSgJPYWxk9rbvH0WOO8","id":"tIqtd6viMwoqFlPXo7mW"},{"accountno":"TA-12345667","departmentno":"6","salary":"938439","pincode":"91341","userid":"PmSgJPYWxk9rbvH0WOO8","id":"uwZ7uLRJtxhfGj64SZrL"},{"accountno":"TA-12345667","departmentno":"6","salary":"938439","pincode":"91341","userid":"PmSgJPYWxk9rbvH0WOO8","id":"5NW8wGzqR2aOy0BEfQ6J"},{"accountno":"TA-12345667","departmentno":"6","salary":"938439","pincode":"91341","userid":"PmSgJPYWxk9rbvH0WOO8","id":"9henXJYoj291CD8s4nEf"},{"accountno":"TA-12345667","departmentno":"6","salary":"938439","pincode":"91341","userid":"PmSgJPYWxk9rbvH0WOO8","id":"WwDFwHFH7bwvJ9MMDrpN"},{"accountno":"TA-12345667","departmentno":"6","salary":"938439","pincode":"91341","userid":"PmSgJPYWxk9rbvH0WOO8","id":"QyDCZ7yEqaU8evITibhu"},{"accountno":"TA-12345667","departmentno":"6","salary":"938439","pincode":"91341","userid":"PmSgJPYWxk9rbvH0WOO8","id":"4zDm0wXLHWGfeIvWUoJO"},{"accountno":"TA-12345667","departmentno":"6","salary":"938439","pincode":"91341","userid":"PmSgJPYWxk9rbvH0WOO8","id":"uIc8nWi4tLJ1uTN71KfV"},{"accountno":"TA-12345667","departmentno":"6","salary":"938439","pincode":"91341","userid":"PmSgJPYWxk9rbvH0WOO8","id":"Behag4DenZeUzROTuRbC"},{"accountno":"TA-12345667","departmentno":"6","salary":"938439","pincode":"91341","userid":"PmSgJPYWxk9rbvH0WOO8","id":"vy2KCgVn9bDgEknzHsh4"},{"accountno":"TA-12345667","departmentno":"6","salary":"938439","pincode":"91341","userid":"PmSgJPYWxk9rbvH0WOO8","id":"FYattps9wFkC9Odhc7YQ"},{"accountno":"TA-12345667","departmentno":"6","salary":"938439","pincode":"91341","userid":"PmSgJPYWxk9rbvH0WOO8","id":"PuMAQ0uBC9QW1gtNEiWd"},{"accountno":"TA-12345667","departmentno":"6","salary":"938439","pincode":"91341","userid":"PmSgJPYWxk9rbvH0WOO8","id":"V8cc1Q37GPJxmTUEaCcI"},{"accountno":"TA-12345667","departmentno":"6","salary":"938439","pincode":"91341","userid":"PmSgJPYWxk9rbvH0WOO8","id":"y6ykdZ6EM1bfyuKq50mG"},{"accountno":"TA-1111111","departmentno":"1","salary":"11111","pincode":"111111","userid":"jB5M5JA4fhyBV7IKmOvl","id":"H1a4T4YfU4rHJfrFskpT"},{"accountno":"va12121","departmentno":"2","salary":"250","pincode":"232323","userid":"ziBRfLEfNtH2MHyH3MhK","id":"Mpv9F8uJhBIZ6jeHWXvw"},{"accountno":"va12121","departmentno":"2","salary":"250","pincode":"232323","userid":"ziBRfLEfNtH2MHyH3MhK","id":"fgzDGoH4A1mEF7YLTQM6"},{"accountno":"TA-12345667","departmentno":"6","salary":"938439","pincode":"91341","userid":"PmSgJPYWxk9rbvH0WOO8","id":"fuAp6wmoZ7hvil1FHRwo"},{"accountno":"TA-12345667","departmentno":"6","salary":"938439","pincode":"91341","userid":"PmSgJPYWxk9rbvH0WOO8","id":"Ebwa9rrQ9IzGS1keGR3k"},{"accountno":"TA-12345667","departmentno":"6","salary":"938439","pincode":"91341","userid":"PmSgJPYWxk9rbvH0WOO8","id":"zXJskpNFvtT4W94dJMx5"},{"accountno":"TA-12345667","departmentno":"6","salary":"938439","pincode":"91341","userid":"PmSgJPYWxk9rbvH0WOO8","id":"9rUjWXYmEdziH8uw90S2"},{"accountno":"","departmentno":"","salary":"","pincode":"","userid":"PmSgJPYWxk9rbvH0WOO8","id":"yuqjbmHm5wTPtyFe19G1"},{"accountno":"TA-","departmentno":"6","salary":"","pincode":"91341","userid":"PmSgJPYWxk9rbvH0WOO8","id":"CDsXP8PlIb3WL2T3e5hM"},{"accountno":"TA-12345667","departmentno":"6","salary":"938439","pincode":"91341","userid":"PmSgJPYWxk9rbvH0WOO8","id":"oY2TuVb8Lp5R7nXPYwNO"},{"accountno":"","departmentno":"","salary":"","pincode":"","userid":"PmSgJPYWxk9rbvH0WOO8","id":"R4T4rEhqXpVBq9AHvJ3y"},{"accountno":"4490099","departmentno":"67","salary":"277383","pincode":"28errr388392","userid":"rGjPCz7q7Yv75qaHGWfi","id":"u3kK8IGqtkHEbt90kxTh"},{"accountno":"TA-12345667","departmentno":"6","salary":"938439","pincode":"91341","userid":"PmSgJPYWxk9rbvH0WOO8","id":"cAYwUZHDGnBHkX58cxNQ"},{"accountno":"TA-12345667","departmentno":"6","salary":"938439","pincode":"91341","userid":"PmSgJPYWxk9rbvH0WOO8","id":"nGIhxMItyeP8JSQEtwMN"},{"accountno":"QQ-5555555","departmentno":"5","salary":"555","pincode":"555555","userid":"gwcn6RK4r9LUWalrshHM","id":"hELCjKSJrDlL6nHyzDEf"},{"accountno":"TA-12345667","departmentno":"6","salary":"938439","pincode":"91341","userid":"PmSgJPYWxk9rbvH0WOO8","id":"SnvBWm7dk7vtTyOQpoTI"},{"accountno":"TA-12345667","departmentno":"6","salary":"938439","pincode":"91341","userid":"PmSgJPYWxk9rbvH0WOO8","id":"83drgtrXuxIz6cXiFWOA"},{"accountno":"TA-1111111","departmentno":"1","salary":"1111","pincode":"111111","userid":"ziBRfLEfNtH2MHyH3MhK","id":"rntYzBekRU7zY0LMzpRK"},{"accountno":"TA-1111111","departmentno":"1","salary":"1111","pincode":"111111","userid":"ziBRfLEfNtH2MHyH3MhK","id":"oiamxBaTZIsHUxKJm94b"},{"accountno":"TA-1111111","departmentno":"1","salary":"11111","pincode":"111111","userid":"jB5M5JA4fhyBV7IKmOvl","id":"oTvQWnaSf47oh0fqU1mF"},{"accountno":"TA-1111111","departmentno":"1","salary":"1111","pincode":"111111","userid":"ziBRfLEfNtH2MHyH3MhK","id":"KAoWLKhEBvAe4U3Ge3st"},{"accountno":"TA-1111111","departmentno":"1","salary":"1111","pincode":"111111","userid":"ziBRfLEfNtH2MHyH3MhK","id":"UKbWNDaKqTrcK9PzEwWi"},{"accountno":"QQ-7777777","departmentno":"7","salary":"777","pincode":"777777","userid":"gwcn6RK4r9LUWalrshHM","id":"hznfojYH7Zti65T0qs47"},{"accountno":"TA-1111111","departmentno":"1","salary":"1111","pincode":"111111","userid":"ziBRfLEfNtH2MHyH3MhK","id":"e7qWBYYGt3g9QWQBRHVX"},{"accountno":"TA-1111111","departmentno":"1","salary":"1111","pincode":"111111","userid":"ziBRfLEfNtH2MHyH3MhK","id":"4gzR12QjWJwinRBKZ3YR"},{"accountno":"TA-1111111","departmentno":"1","salary":"1111","pincode":"111111","userid":"ziBRfLEfNtH2MHyH3MhK","id":"EEmaLcIxQrNCPFHol66h"},{"accountno":"TA-1111111","departmentno":"1","salary":"1111","pincode":"111111","userid":"ziBRfLEfNtH2MHyH3MhK","id":"18CkRXuVcftcB56whbLr"},{"accountno":"TA-1111111","departmentno":"1","salary":"1111","pincode":"111111","userid":"ziBRfLEfNtH2MHyH3MhK","id":"K1z0SaqXFfjUIDqqHVBk"},{"accountno":"TA-1111111","departmentno":"1","salary":"11111","pincode":"111111","userid":"jB5M5JA4fhyBV7IKmOvl","id":"ULB3WbP8EhqWmH3KIKdS"},{"accountno":"TA-1111111","departmentno":"1","salary":"11111","pincode":"111111","userid":"jB5M5JA4fhyBV7IKmOvl","id":"UNtT9ait1PJxW1nkNnMd"},{"accountno":"TA-1111111","departmentno":"1","salary":"11111","pincode":"111111","userid":"jB5M5JA4fhyBV7IKmOvl","id":"CSWodViuORD7Wy3wQZaK"},{"accountno":"TA-1111111","departmentno":"1","salary":"11111","pincode":"111111","userid":"jB5M5JA4fhyBV7IKmOvl","id":"WP3R5cs9frgcpUqzbu1x"},{"accountno":"TA-1111111","departmentno":"1","salary":"11111","pincode":"111111","userid":"jB5M5JA4fhyBV7IKmOvl","id":"QncfMFV8NEWN0R0kZoRu"},{"accountno":"TA-1111111","departmentno":"1","salary":"11111","pincode":"111111","userid":"jB5M5JA4fhyBV7IKmOvl","id":"QSBqHr8jVXgPTRsPc7Qv"},{"accountno":"PR-911911","departmentno":"1","salary":"1991","pincode":"119911","userid":"ziBRfLEfNtH2MHyH3MhK","id":"k1VaNCcdx640a0s6iimI"},{"accountno":"TA-1111111","departmentno":"1","salary":"1111","pincode":"111111","userid":"ziBRfLEfNtH2MHyH3MhK","id":"rLdrsD2SwtSxd5J9HNMh"},{"accountno":"TA-1111111","departmentno":"1","salary":"1111","pincode":"111111","userid":"ziBRfLEfNtH2MHyH3MhK","id":"Vc2svukYfCveS2JedmLm"},{"accountno":"TA-vaa4568","departmentno":"8","salary":"12310","pincode":"954011","userid":"u7nq0GWiLeCacS4KOFe3","id":"knT0bA8V8Mpz28TXm3qs"},{"accountno":"va12121","departmentno":"2","salary":"250","pincode":"232323","userid":"u7nq0GWiLeCacS4KOFe3","id":"3HGZUPhst4sB4CDW69gN"},{"accountno":"va12121","departmentno":"2","salary":"250","pincode":"232323","userid":"u7nq0GWiLeCacS4KOFe3","id":"x2HBuGG5sjJRwKc2DlXW"},{"accountno":"va12121","departmentno":"2","salary":"250","pincode":"232323","userid":"u7nq0GWiLeCacS4KOFe3","id":"oLZIAz4OXrW3dba8243J"},{"accountno":"va12121","departmentno":"2","salary":"250","pincode":"232323","userid":"u7nq0GWiLeCacS4KOFe3","id":"ciMjlowy71Ryjcbygeyk"},{"accountno":"TA-1111111","departmentno":"1","salary":"1111","pincode":"111111","userid":"ziBRfLEfNtH2MHyH3MhK","id":"Aio61fg9GOPsjjdFiByP"},{"accountno":"TA-1111111","departmentno":"1","salary":"1111","pincode":"111111","userid":"ziBRfLEfNtH2MHyH3MhK","id":"qKs7OtfgbFR1cdk6yUUe"},{"accountno":"TA-1111111","departmentno":"1","salary":"1111","pincode":"111111","userid":"ziBRfLEfNtH2MHyH3MhK","id":"PnT4JhEv9K9jOKAHCHpJ"},{"accountno":"va12121","departmentno":"2","salary":"250","pincode":"232323","userid":"u7nq0GWiLeCacS4KOFe3","id":"DEpcbNQE7gNfHpFDgrav"},{"accountno":"va12121","departmentno":"2","salary":"250","pincode":"232323","userid":"u7nq0GWiLeCacS4KOFe3","id":"iKFyfBnMUOzIHj0HhYUk"},{"accountno":"va12121","departmentno":"2","salary":"250","pincode":"232323","userid":"u7nq0GWiLeCacS4KOFe3","id":"qPyUNoH88nqSQiFX0KUT"},{"accountno":"va12121","departmentno":"2","salary":"250","pincode":"232323","userid":"u7nq0GWiLeCacS4KOFe3","id":"XST7RbAOMuPJenkXKc7q"},{"accountno":"TA-111","departmentno":"2","salary":"1112","pincode":"197012","userid":"y0ROQ195Nq0c8MTZyxMM","id":"HPDPYaltebvMGxzT6m0I"},{"accountno":"va12121","departmentno":"2","salary":"250","pincode":"232323","userid":"u7nq0GWiLeCacS4KOFe3","id":"8Zsy5QrwbrqYacHMkziw"},{"accountno":"va12121","departmentno":"2","salary":"250","pincode":"232323","userid":"u7nq0GWiLeCacS4KOFe3","id":"r7hEcj7Mr1XOtVlBEthk"},{"accountno":"va12121","departmentno":"2","salary":"250","pincode":"232323","userid":"u7nq0GWiLeCacS4KOFe3","id":"uYvOsAPFEN634gjgI5Kc"},{"accountno":"HS-1234489","departmentno":"5","salary":"345678","pincode":"515001","userid":"hnX1SdQ0Xo7c6zYPAech","id":"5eQJeVoQUaBdc5AFWMnt"},{"accountno":"HS-1234489","departmentno":"8","salary":"664764","pincode":"515023","userid":"hnX1SdQ0Xo7c6zYPAech","id":"4B2cPn09t9m0XgkIk6T8"},{"accountno":"TA-3245698","departmentno":"4","salary":"432","pincode":"691532","userid":"y0ROQ195Nq0c8MTZyxMM","id":"42wVSuc7kYNDIltXK0Uj"},{"accountno":"TA-3245698","departmentno":"4","salary":"432","pincode":"691532","userid":"y0ROQ195Nq0c8MTZyxMM","id":"cYuXnF6WFLbdVhjRfpFM"},{"accountno":"TA-bl54321","departmentno":"2","salary":"54321","pincode":"222111","userid":"wvTE1ZsqbgfOMtiFejpq","id":"MNFqSCkwZV03n5wyMmxg"},{"accountno":"GE-1438755","departmentno":"6","salary":"345425","pincode":"537174","userid":"txyvZ2JBdVLa10kxS284","id":"YAgWlJkvp7QOFDgBqw8m"},{"accountno":"USH-2122341","departmentno":"1","salary":"200000","pincode":"770702","userid":"qsAvy2acR3CH9AtEoVXA","id":"P2Ah2lWM2StfgDxys2vD"},{"accountno":"USH-2122341","departmentno":"1","salary":"200000","pincode":"770702","userid":"qsAvy2acR3CH9AtEoVXA","id":"5dsENNdPvGxsuamOcv9C"},{"accountno":"USH-2122341","departmentno":"1","salary":"200000","pincode":"770702","userid":"qsAvy2acR3CH9AtEoVXA","id":"jVEKeVM3FaoWAvOzRXo6"},{"accountno":"USH-2122341","departmentno":"1","salary":"200000","pincode":"770702","userid":"qsAvy2acR3CH9AtEoVXA","id":"Bexm4fREErAyUHWb8o1c"},{"accountno":"4490099","departmentno":"67w","salary":"wtss","pincode":"pjsksj","userid":"rGjPCz7q7Yv75qaHGWfi","id":"wp952z03OVDnvNGOWCI3"},{"accountno":"4490099","departmentno":"67w","salary":"wtss","pincode":"pjsksj","userid":"rGjPCz7q7Yv75qaHGWfi","id":"l9tpVpLhr5awnuOGlubn"},{"accountno":"4490099","departmentno":"67w","salary":"wtss","pincode":"4488884444","userid":"rGjPCz7q7Yv75qaHGWfi","id":"UI7zLb8lJ1OF9GKcdovk"},{"accountno":"4490099","departmentno":"67w","salary":"4","pincode":"4488884444","userid":"rGjPCz7q7Yv75qaHGWfi","id":"6Vq4VBpijKogmNRM9uck"},{"accountno":"44","departmentno":"4","salary":"4","pincode":"4488884444","userid":"rGjPCz7q7Yv75qaHGWfi","id":"cseGetKXgUOf9va9AsEn"},{"accountno":"GE-246892","departmentno":"6","salary":"345425","pincode":"537174","userid":"txyvZ2JBdVLa10kxS284","id":"GEgq2ZnspHy04Jlb6PoT"},{"accountno":"USH-1234412","departmentno":"1","salary":"200000","pincode":"772134","userid":"qsAvy2acR3CH9AtEoVXA","id":"upSBiOFyfptP0d0Wqle0"},{"accountno":"va12121","departmentno":"2","salary":"250","pincode":"232323","userid":"u7nq0GWiLeCacS4KOFe3","id":"jEzOhVHFJ4tI1xcTqdv7"},{"accountno":"USH-1234412","departmentno":"1","salary":"200000","pincode":"772134","userid":"qsAvy2acR3CH9AtEoVXA","id":"uAh1Ykl9yOmbRUA9Fj72"},{"accountno":"va12121","departmentno":"2","salary":"250","pincode":"232323","userid":"u7nq0GWiLeCacS4KOFe3","id":"qscnF2XlAgl6kiNV66dy"},{"accountno":"va12121","departmentno":"2","salary":"250","pincode":"232323","userid":"u7nq0GWiLeCacS4KOFe3","id":"NnPZr1F7Wqniv4NTz7F8"},{"accountno":"va12121","departmentno":"2","salary":"250","pincode":"232323","userid":"u7nq0GWiLeCacS4KOFe3","id":"zeeqqcTyJJsbcbTkVso1"},{"accountno":"va12121","departmentno":"2","salary":"250","pincode":"232323","userid":"u7nq0GWiLeCacS4KOFe3","id":"vuPSGdzs1hCBXwb3TB8Q"},{"accountno":"USH-1234412","departmentno":"1","salary":"200000","pincode":"772134","userid":"qsAvy2acR3CH9AtEoVXA","id":"WubRc0ivYyvKt5NmgUHH"},{"accountno":"USH-1234412","departmentno":"1","salary":"200000","pincode":"772134","userid":"qsAvy2acR3CH9AtEoVXA","id":"LHRUSuTXXZamu3OmN50G"},{"accountno":"USH-1234412","departmentno":"1","salary":"200000","pincode":"772134","userid":"qsAvy2acR3CH9AtEoVXA","id":"gkbtkHDsecwn5v0R9xXQ"},{"accountno":"USH-1234412","departmentno":"1","salary":"200000","pincode":"772134","userid":"qsAvy2acR3CH9AtEoVXA","id":"eYMw1pYd7vak5xpmRFzm"},{"accountno":"shwe-0999999","departmentno":"2","salary":"11111","pincode":"111111","userid":"hlI8xRxaKMwpontOHVoR","id":"vC2yugSocgjouXSPwLGe"},{"accountno":"shwe-0999999","departmentno":"2","salary":"11111","pincode":"111111","userid":"hlI8xRxaKMwpontOHVoR","id":"5gw8Xz40xERWdmsOCuxk"},{"accountno":"USH-1234412","departmentno":"1","salary":"200000","pincode":"772134","userid":"qsAvy2acR3CH9AtEoVXA","id":"5aiip9ynKXdZEFreWMfg"},{"accountno":"USH-1234412","departmentno":"1","salary":"200000","pincode":"772134","userid":"qsAvy2acR3CH9AtEoVXA","id":"gqo0jk9ZV1XhFT126DJW"},{"accountno":"shwe-0999999","departmentno":"2","salary":"11111","pincode":"111111","userid":"hlI8xRxaKMwpontOHVoR","id":"aWe0PJQtO7mYTWuU3JbJ"},{"accountno":"shwe-0999999","departmentno":"2","salary":"11111","pincode":"111111","userid":"hlI8xRxaKMwpontOHVoR","id":"s52e6D7MCtMUdZQ2DjYf"},{"accountno":"shwe-0999999","departmentno":"2","salary":"11111","pincode":"111111","userid":"hlI8xRxaKMwpontOHVoR","id":"R68wfKNrE50tmJHrZJKA"},{"accountno":"shwe-0999999","departmentno":"2","salary":"11111","pincode":"111111","userid":"hlI8xRxaKMwpontOHVoR","id":"LgqN3wJlHGZO21BnNdEl"},{"accountno":"HS-1234489","departmentno":"5","salary":"345678","pincode":"515001","userid":"hnX1SdQ0Xo7c6zYPAech","id":"QNYF9esyZ97YrBTacOCz"},{"accountno":"HS-1234489","departmentno":"5","salary":"345678","pincode":"515001","userid":"hnX1SdQ0Xo7c6zYPAech","id":"o0VXca6UvLb3geeZSIyg"},{"accountno":"shwe-0999999","departmentno":"2","salary":"11111","pincode":"111111","userid":"hlI8xRxaKMwpontOHVoR","id":"X9p8kKztVHQlSZWkkzPF"},{"accountno":"HS-123","departmentno":"45688","salary":"444478","pincode":"515009","userid":"hnX1SdQ0Xo7c6zYPAech","id":"BbEfRqoYcV5JzsG9UNMv"},{"accountno":"HS-1","departmentno":"2666","salary":"123456","pincode":"515001","userid":"hnX1SdQ0Xo7c6zYPAech","id":"INqXGTDuc3M4K6rMRaq6"},{"accountno":"HS-1","departmentno":"2","salary":"123456","pincode":"515001","userid":"hnX1SdQ0Xo7c6zYPAech","id":"taL4fDotRlbcnrJn4d3E"},{"accountno":"HS-1234567","departmentno":"2","salary":"123456","pincode":"515001","userid":"hnX1SdQ0Xo7c6zYPAech","id":"qWswVlqtTN3nsBebADsW"},{"accountno":"HS-1234567","departmentno":"2","salary":"123456","pincode":"515001","userid":"hnX1SdQ0Xo7c6zYPAech","id":"ifiAsH4QX4EIXlAd4CNP"},{"accountno":"HS-233","departmentno":"215","salary":"123456","pincode":"515001","userid":"hnX1SdQ0Xo7c6zYPAech","id":"M6ggUnDyICpc0UNWuaxc"},{"accountno":"HS-233","departmentno":"215","salary":"123456","pincode":"515001","userid":"hnX1SdQ0Xo7c6zYPAech","id":"S0yYskGo9iEAB7S1dxxI"},{"accountno":"HS-233","departmentno":"2","salary":"123456","pincode":"515001","userid":"hnX1SdQ0Xo7c6zYPAech","id":"QEatzsGAfcE2DiWLzBgy"},{"accountno":"HS-233","departmentno":"2","salary":"123456","pincode":"515001","userid":"hnX1SdQ0Xo7c6zYPAech","id":"oXnHmDX2ZzUSINDi9D2K"},{"accountno":"shwe-0999999","departmentno":"2","salary":"11111","pincode":"111111","userid":"hlI8xRxaKMwpontOHVoR","id":"il76nI1OcbDCjhflSyoO"},{"accountno":"shwe-0999999","departmentno":"2","salary":"11111","pincode":"111111","userid":"hlI8xRxaKMwpontOHVoR","id":"wvjouoqOzahvTvzfHGAQ"},{"accountno":"shwe-0999999","departmentno":"2","salary":"11111","pincode":"111111","userid":"hlI8xRxaKMwpontOHVoR","id":"g3lU1AP17NXMrlzXWQTd"},{"accountno":"shwe-0999999","departmentno":"2","salary":"11111","pincode":"111111","userid":"hlI8xRxaKMwpontOHVoR","id":"5I3ZSa0goFxht058J00r"},{"accountno":"JM-667","departmentno":"","salary":"939","pincode":"9341","userid":"PmSgJPYWxk9rbvH0WOO8","id":"Q9PrY9Tc1VbvyVqK5FCg"},{"accountno":"JM-1234567","departmentno":"9","salary":"938439","pincode":"989898","userid":"PmSgJPYWxk9rbvH0WOO8","id":"zN5e4K8BSss9iahGlWrg"},{"accountno":"shwe-0999999","departmentno":"2","salary":"11111","pincode":"111111","userid":"hlI8xRxaKMwpontOHVoR","id":"gCgEpsRoJCsd40Gnh9ON"},{"accountno":"TA-12345667","departmentno":"9","salary":"938439","pincode":"989898","userid":"ziBRfLEfNtH2MHyH3MhK","id":"9v35PjajdI0MNJjmKmqg"},{"accountno":"TA-12345667","departmentno":"9","salary":"938439","pincode":"989898","userid":"ziBRfLEfNtH2MHyH3MhK","id":"0giqncE2YmYR0CIulVBP"},{"accountno":"PR-1010101010","departmentno":"1","salary":"4","pincode":"","userid":"jB5M5JA4fhyBV7IKmOvl","id":"GpEDMFhtnb3gGsWsXAeg"},{"accountno":"PR-1010101010","departmentno":"1","salary":"4","pincode":"4488884444","userid":"jB5M5JA4fhyBV7IKmOvl","id":"tOIB5KisEb2BvGkR3R3A"},{"accountno":"PR-1010101010","departmentno":"1","salary":"4","pincode":"4488884444","userid":"jB5M5JA4fhyBV7IKmOvl","id":"IDkfRVUfMf8QebR1X8QG"},{"accountno":"po-4048909990404","departmentno":"4","salary":"4","pincode":"4488884444","userid":"rGjPCz7q7Yv75qaHGWfi","id":"s70cD86pa192kMYgr44L"},{"accountno":"po-4040404","departmentno":"4","salary":"4","pincode":"4488884444","userid":"rGjPCz7q7Yv75qaHGWfi","id":"SjC50JbninQduwgQ2MV7"},{"accountno":"UP-2818875","departmentno":"98","salary":"81196","pincode":"414236","userid":"t125VIABatxIit0Gfdqy","id":"DKwgritjskO7ys34B9x0"},{"accountno":"TA-12345667","departmentno":"9","salary":"938439","pincode":"91341","userid":"PmSgJPYWxk9rbvH0WOO8","id":"KKPLF0rz8od642OYErAr"},{"accountno":"TA-12345667","departmentno":"9","salary":"938439","pincode":"91341","userid":"PmSgJPYWxk9rbvH0WOO8","id":"Zz2fthR3IRueTXweiXh7"},{"accountno":"HS-1234489","departmentno":"8","salary":"664764","pincode":"515023","userid":"hnX1SdQ0Xo7c6zYPAech","id":"CBQLfs983KNilhW3gjpY"},{"accountno":"TA-12345667","departmentno":"9","salary":"938439","pincode":"91341","userid":"PmSgJPYWxk9rbvH0WOO8","id":"koT0WItK5UORu6YiHi55"},{"accountno":"TA-12345667","departmentno":"9","salary":"938439","pincode":"91341","userid":"PmSgJPYWxk9rbvH0WOO8","id":"vDQX8ypSmOJHhFCKGLLv"},{"accountno":"TA-12345667","departmentno":"9","salary":"938439","pincode":"91341","userid":"PmSgJPYWxk9rbvH0WOO8","id":"uWGP8tbEVwKU1cjdfBO3"},{"accountno":"","departmentno":"","salary":"","pincode":"","userid":"PmSgJPYWxk9rbvH0WOO8","id":"3ycAlvhYrhyjWILSMyAM"},{"accountno":"","departmentno":"","salary":"","pincode":"","userid":"PmSgJPYWxk9rbvH0WOO8","id":"sn6PG3n4hay4lPwbZJv7"},{"accountno":"UP-5470682","departmentno":"63","salary":"92782","pincode":"667583","userid":"t125VIABatxIit0Gfdqy","id":"7Q6WfKUbLZeQWLwYYrGg"},{"accountno":"UP-7545586","departmentno":"97","salary":"96989","pincode":"656696","userid":"t125VIABatxIit0Gfdqy","id":"QyMj9OpdgCVMWhEljGzl"},{"accountno":"UP-9938547","departmentno":"31","salary":"98629","pincode":"369363","userid":"t125VIABatxIit0Gfdqy","id":"iCUEqCieFJTyHo1epH7X"},{"accountno":"GE-246892","departmentno":"6","salary":"345425","pincode":"537174","userid":"txyvZ2JBdVLa10kxS284","id":"yDRrqe9tFkMaR8Hntx91"},{"accountno":"UP-7847655","departmentno":"66","salary":"79939","pincode":"972194","userid":"t125VIABatxIit0Gfdqy","id":"Yjn5pc1k7OypLbN178nl"},{"accountno":"TA-2008012","departmentno":"9","salary":"2008120","pincode":"200812","userid":"pGNvLTNh7ajipS3IUPDT","id":"7FLk6ViOj7Qi2sL76sD6"},{"accountno":"UP-3680079","departmentno":"53","salary":"61452","pincode":"174198","userid":"t125VIABatxIit0Gfdqy","id":"T3HArsvWfkiMGQH56Ay1"},{"accountno":"TA-2008012","departmentno":"9","salary":"2008012","pincode":"200812","userid":"pGNvLTNh7ajipS3IUPDT","id":"a7bQy8pjAbcoCDvkpTZ8"},{"accountno":"TA-2008012","departmentno":"9","salary":"2008012","pincode":"200812","userid":"pGNvLTNh7ajipS3IUPDT","id":"CFDd4d7ZCsYwCd5fFtVk"},{"accountno":"TA-2008012","departmentno":"9","salary":"2008012","pincode":"200812","userid":"pGNvLTNh7ajipS3IUPDT","id":"VKV2vwNnL9L7EiE4480s"},{"accountno":"QQ-1111111","departmentno":"1","salary":"111","pincode":"111111","userid":"gwcn6RK4r9LUWalrshHM","id":"OAOSW0woCdx37AiV8njZ"},{"accountno":"HS-1234489","departmentno":"8","salary":"664764","pincode":"515023","userid":"hnX1SdQ0Xo7c6zYPAech","id":"w5foDCdUUqiZGSSTmW1y"},{"accountno":"HS-1234489","departmentno":"8","salary":"664764","pincode":"515023","userid":"hnX1SdQ0Xo7c6zYPAech","id":"y38x5ilpYdBUs6BhH4Wz"},{"accountno":"TA-8885695","departmentno":"48","salary":"91265","pincode":"494347","userid":"t125VIABatxIit0Gfdqy","id":"rJUzb4tONkWtdlwjCFLt"},{"accountno":"HS-1234489","departmentno":"8","salary":"664764","pincode":"515023","userid":"hnX1SdQ0Xo7c6zYPAech","id":"NBKZ3H63boOo6Q9qpdFN"},{"accountno":"HS-1234489","departmentno":"8","salary":"664764","pincode":"515023","userid":"hnX1SdQ0Xo7c6zYPAech","id":"RSdH9fhYTgKEYjcPX257"},{"accountno":"IT-4545454","departmentno":7,"salary":9999,"pincode":456789,"userid":"Vh9h6QeQwTUcvVEz3MxJ","id":"pxzMExd8zYbjW7AePoBe"},{"accountno":"HS-1234489","departmentno":"5","salary":"345678","pincode":"515001","userid":"hnX1SdQ0Xo7c6zYPAech","id":"WouoUFhhYltEfNkbySlm"},{"accountno":"HS-1234489","departmentno":"5","salary":"345678","pincode":"515001","userid":"hnX1SdQ0Xo7c6zYPAech","id":"UaoFyzRPmYehlN7pzivy"},{"accountno":"","departmentno":"","salary":"","pincode":"","userid":"rSahIiSrRaWU7MNj1icW","id":"WcbG9LcXYtXXBIqRKZTs"},{"accountno":"BB-0jjj990","departmentno":"","salary":"","pincode":"","userid":"rSahIiSrRaWU7MNj1icW","id":"XTfUo08fQXjrQiOn7KTQ"},{"accountno":"BB-0jjj990","departmentno":"","salary":"","pincode":"","userid":"rSahIiSrRaWU7MNj1icW","id":"j50LbJrYozswZrMYhcp4"},{"accountno":"BB-0jjj990","departmentno":"","salary":"","pincode":"999990","userid":"rSahIiSrRaWU7MNj1icW","id":"CthmFYuZ9GvZNDGR7D6T"},{"accountno":"BB-0jjj990","departmentno":"A","salary":"","pincode":"999990","userid":"rSahIiSrRaWU7MNj1icW","id":"7agz3wfq7erJZYnHzsp6"},{"accountno":"HS-1234489","departmentno":"5","salary":"345678","pincode":"515001","userid":"hnX1SdQ0Xo7c6zYPAech","id":"qmlNg8AGvDGI8Hhkbv14"},{"accountno":"BB-0jjj990","departmentno":"A","salary":"","pincode":"999990","userid":"rSahIiSrRaWU7MNj1icW","id":"785o9fBJsFN9oqA1htKB"},{"accountno":"TA-8671058","departmentno":"43","salary":"70829","pincode":"136943","userid":"t125VIABatxIit0Gfdqy","id":"McUMQly05Dx8qfAl8Fe1"},{"accountno":"BB-0jjj990","departmentno":"A","salary":"9999998","pincode":"999990","userid":"rSahIiSrRaWU7MNj1icW","id":"6QNIpX9G8he68i6IORe0"},{"accountno":"TA-1111111","departmentno":"1","salary":"1111","pincode":"111111","userid":"ziBRfLEfNtH2MHyH3MhK","id":"kIVzoW8CfeBWuf7pVCxT"},{"accountno":"HS-1234489","departmentno":"5","salary":"345678","pincode":"515001","userid":"hnX1SdQ0Xo7c6zYPAech","id":"2iWn18hKE9I0zJO3UvbN"},{"accountno":"HS-1234489","departmentno":"5","salary":"345678","pincode":"515001","userid":"hnX1SdQ0Xo7c6zYPAech","id":"QIGbBV38Fht85hleOLS9"},{"accountno":"DD-8989898","departmentno":"898","salary":"898989","pincode":"","userid":"t125VIABatxIit0Gfdqy","id":"Cgp5Ulp3gvcyPLa22nCC"},{"accountno":"DD-8989898","departmentno":"898","salary":"898989","pincode":"999999","userid":"t125VIABatxIit0Gfdqy","id":"zCRSt2AR8ybgen7yDyaP"},{"accountno":"TA-8782490","departmentno":"85","salary":"73090","pincode":"923174","userid":"t125VIABatxIit0Gfdqy","id":"RboyXrDDtN73ifOCu8Ux"},{"accountno":"TA-2877727","departmentno":"23","salary":"78266","pincode":"867685","userid":"t125VIABatxIit0Gfdqy","id":"uExogJRHLZfqGB3fLByP"},{"accountno":"","departmentno":"","salary":"","pincode":"","userid":"t125VIABatxIit0Gfdqy","id":"2pQRYATPbjPZgvP0w4u7"},{"accountno":"TA-1555516","departmentno":"26","salary":"87231","pincode":"610594","userid":"t125VIABatxIit0Gfdqy","id":"mN5vtlCJ4SbrNL9TYvgE"},{"accountno":"DD-8989898","departmentno":"898","salary":"898989","pincode":"999999","userid":"t125VIABatxIit0Gfdqy","id":"xeZNjPEK6Vbp0ocnd7fy"},{"accountno":"","departmentno":"","salary":"","pincode":"","userid":"t125VIABatxIit0Gfdqy","id":"DBrmvTuu4GRsC8kWlkiX"},{"accountno":"TA-12345667","departmentno":"9","salary":"938439","pincode":"91341","userid":"PmSgJPYWxk9rbvH0WOO8","id":"RDSJElrwqd35PEr8m9MX"},{"accountno":"","departmentno":"","salary":"","pincode":"","userid":"t125VIABatxIit0Gfdqy","id":"ja6vgQP4BHFLkXUU5XTq"},{"accountno":"TA-8573396","departmentno":"59","salary":"40059","pincode":"685876","userid":"t125VIABatxIit0Gfdqy","id":"h3gHHxkPEo0JMcQZy0t3"},{"accountno":"TA-12345667","departmentno":"9","salary":"938439","pincode":"91341","userid":"PmSgJPYWxk9rbvH0WOO8","id":"nidUG9lPUQMDvxtrhEku"},{"accountno":"","departmentno":"","salary":"","pincode":"","userid":"t125VIABatxIit0Gfdqy","id":"TjkKUdVzN5uI2PvJ2M6N"},{"accountno":"TA-1753367","departmentno":"97","salary":"14028","pincode":"771975","userid":"t125VIABatxIit0Gfdqy","id":"Vdiez4RPoCq6MmshoHey"},{"accountno":"TA-12345667","departmentno":"9","salary":"938439","pincode":"91341","userid":"PmSgJPYWxk9rbvH0WOO8","id":"UKMBUKsnENlA0pvGUQDX"},{"accountno":"","departmentno":"","salary":"","pincode":"","userid":"t125VIABatxIit0Gfdqy","id":"zkRPGLrewEyGyKWZCmTf"},{"accountno":"TA-6757005","departmentno":"26","salary":"42103","pincode":"411712","userid":"t125VIABatxIit0Gfdqy","id":"Fi6Tw8DBGul2e8z8qnFV"},{"accountno":"TA-2345123","departmentno":3,"salary":6578,"pincode":786655,"userid":"XPSq6kASgDb3dWC1bfNo","id":"4tn6Yw6KEBDQiBHdh2eu"},{"accountno":"TA-12345667","departmentno":"9","salary":"938439","pincode":"91341","userid":"PmSgJPYWxk9rbvH0WOO8","id":"yiHdJkOAgWO1I4OOkWSD"},{"accountno":"TA-12345667","departmentno":"9","salary":"938439","pincode":"91341","userid":"PmSgJPYWxk9rbvH0WOO8","id":"rnJhhDfmZnHa34sSBPKO"},{"accountno":"TA-12345667","departmentno":"9","salary":"938439","pincode":"951341","userid":"PmSgJPYWxk9rbvH0WOO8","id":"pz02BywWELYXQyGi5efE"},{"accountno":"","departmentno":"898","salary":"898989","pincode":"999999","userid":"t125VIABatxIit0Gfdqy","id":"FiJOfM44GraM2mw8TN0W"},{"accountno":"TA-12345667","departmentno":"9","salary":"938439","pincode":"989898","userid":"PmSgJPYWxk9rbvH0WOO8","id":"WvTlgsz0nM0QIT2ZQive"},{"accountno":"DD-8989898","departmentno":"898","salary":"898989","pincode":"999999","userid":"t125VIABatxIit0Gfdqy","id":"urApNpAIxmCjTmwV0BtL"},{"accountno":"DD-8989898","departmentno":"898","salary":"898989","pincode":"","userid":"t125VIABatxIit0Gfdqy","id":"89lUpRoxObjBDajQI2K8"},{"accountno":"DD-989898","departmentno":"898","salary":"898989","pincode":"898989","userid":"t125VIABatxIit0Gfdqy","id":"V438gFeWEBWA6zicIVp1"},{"accountno":"HS-1234489","departmentno":"4","salary":"444478","pincode":"515009","userid":"hnX1SdQ0Xo7c6zYPAech","id":"V2XpbMknO1bnwIBq7rYL"},{"accountno":"DD-8989898","departmentno":"898","salary":"898989","pincode":"898989","userid":"t125VIABatxIit0Gfdqy","id":"bBrmz3dDPpHiaJqaOEOA"},{"accountno":"TA-rrrrr","departmentno":1,"salary":6494,"pincode":736345678,"userid":"XPSq6kASgDb3dWC1bfNo","id":"8LmWsovRqRdU0hybn2PW"},{"accountno":"TA-23474","departmentno":1,"salary":6494,"pincode":736345678,"userid":"XPSq6kASgDb3dWC1bfNo","id":"3voqr91IrKTZuF9HT4fE"},{"accountno":"TA-23474","departmentno":1,"salary":6494,"pincode":736,"userid":"XPSq6kASgDb3dWC1bfNo","id":"9Eh8jzXZrsAF2vt222Jt"},{"accountno":"TA-23474","departmentno":1,"salary":6494,"pincode":736656,"userid":"XPSq6kASgDb3dWC1bfNo","id":"e40QRWEHbrRrtTdDvZip"},{"accountno":"TA-23474","departmentno":1,"salary":6494,"pincode":736656,"userid":"XPSq6kASgDb3dWC1bfNo","id":"2zSElaOnTBRNK64fQekG"},{"accountno":"TA-234761274","departmentno":1,"salary":6494,"pincode":736656,"userid":"XPSq6kASgDb3dWC1bfNo","id":"dlBbjOIABVntnMvyBuOH"},{"accountno":"TA-23476124","departmentno":1,"salary":6494,"pincode":736656,"userid":"XPSq6kASgDb3dWC1bfNo","id":"sPssJ3TuJGAq9QgBgIYZ"},{"accountno":"TA-7766677","departmentno":"1","salary":"4000","pincode":"667777","userid":"vZHJD4gJwQZDv8AwTjat","id":"6A3JwyiLpP8iO3wG93os"},{"accountno":"TA-2347124","departmentno":1,"salary":6494,"pincode":736656,"userid":"XPSq6kASgDb3dWC1bfNo","id":"JacuWJ3NNcP1H9IOWcwz"},{"accountno":"TA-1111111","departmentno":"1","salary":"1111","pincode":"111111","userid":"ziBRfLEfNtH2MHyH3MhK","id":"J6OCaWJZGzZmD0lix0mQ"},{"accountno":"TA-1111111","departmentno":"1","salary":"1111","pincode":"111111","userid":"ziBRfLEfNtH2MHyH3MhK","id":"xSiMQD8cxKvwh0doCE44"},{"accountno":"TA-1111111","departmentno":"1","salary":"1111","pincode":"111111","userid":"ziBRfLEfNtH2MHyH3MhK","id":"sEZuygxdm5iY7HJoWxY6"},{"accountno":"TA-2345124","departmentno":1,"salary":6494,"pincode":736655,"userid":"XPSq6kASgDb3dWC1bfNo","id":"igG1EYbVjrEBGumsQgXN"},{"accountno":"HS-1234446","departmentno":"4","salary":"444478","pincode":"515004","userid":"hnX1SdQ0Xo7c6zYPAech","id":"xcwvJFAKdVwFX3QsNlnk"},{"accountno":"TA-2345124","departmentno":1,"salary":6494,"pincode":736655,"userid":"XPSq6kASgDb3dWC1bfNo","id":"NsAlFp9ALm47dBkWTlz0"},{"accountno":"TA-2345124","departmentno":1,"salary":6494,"pincode":736655,"userid":"XPSq6kASgDb3dWC1bfNo","id":"VvbeTvRofdtY7K5Uoz8B"},{"accountno":"TA-2345124","departmentno":1,"salary":6494,"pincode":736655,"userid":"XPSq6kASgDb3dWC1bfNo","id":"GQlQohIFBDyQ0dblXehO"},{"accountno":"GE-143455","departmentno":"6","salary":"345425","pincode":"537174","userid":"txyvZ2JBdVLa10kxS284","id":"EwDO5NdULxvdgjVSadBL"},{"accountno":"HS-1234446","departmentno":"4","salary":"444478","pincode":"515004","userid":"hnX1SdQ0Xo7c6zYPAech","id":"I9RSqDxVjiHwqoKkDMzb"},{"accountno":"HS-1234449","departmentno":"4","salary":"444478","pincode":"515004","userid":"hnX1SdQ0Xo7c6zYPAech","id":"L8WnkaxB0N7Og4aed4Bm"},{"accountno":"GE-246892","departmentno":"6","salary":"345425","pincode":"537174","userid":"txyvZ2JBdVLa10kxS284","id":"fACgsKDwHG0en5qPoo3Y"},{"accountno":"TA-bl54321","departmentno":"2","salary":"54321","pincode":"222111","userid":"wvTE1ZsqbgfOMtiFejpq","id":"gRmHefooy9MEi4sIWMrC"},{"accountno":"BB-0jjj990","departmentno":"8","salary":"9999998","pincode":"999990","userid":"rSahIiSrRaWU7MNj1icW","id":"zkLeLxn9YH6xzAkX3LLS"},{"accountno":"UP-3537999","departmentno":"60","salary":"61679","pincode":"630884","userid":"t125VIABatxIit0Gfdqy","id":"haNgEPN8LFX814t5plE8"},{"accountno":"akA-5432134","departmentno":"7","salary":"4566","pincode":"999999","userid":"Vh9h6QeQwTUcvVEz3MxJ","id":"5bJWqFBaa4VXQm0VR3Wv"},{"accountno":"TA-1111111","departmentno":"1","salary":"1111","pincode":"111111","userid":"ziBRfLEfNtH2MHyH3MhK","id":"l5Ejlq237gqoRzylVci0"},{"accountno":"swe-0999999","departmentno":"2","salary":"11111","pincode":"666666","userid":"hlI8xRxaKMwpontOHVoR","id":"X35gLi9p0qvctPS1hXW9"},{"accountno":"POP2-5672334","departmentno":"1","salary":"11111","pincode":"111111","userid":"ziBRfLEfNtH2MHyH3MhK","id":"6LOYoR7J23rmyI2K44bc"},{"accountno":"POP2-5672334","departmentno":"1","salary":"11111","pincode":"111111","userid":"ziBRfLEfNtH2MHyH3MhK","id":"4sZ9rOng1IBrlrx8eXLk"},{"accountno":"POP2-5672334","departmentno":"1","salary":"11111","pincode":"111111","userid":"ziBRfLEfNtH2MHyH3MhK","id":"0GnUYvrgy9dR50XAxNxl"},{"accountno":"POP2-5672334","departmentno":"1","salary":"11111","pincode":"111111","userid":"ziBRfLEfNtH2MHyH3MhK","id":"nMHpbUUMISalg4ot2twM"},{"accountno":"POP2-5672334","departmentno":"1","salary":"11111","pincode":"111111","userid":"ziBRfLEfNtH2MHyH3MhK","id":"f0n2MVjRHwHQgobP0INp"},{"accountno":"POP2-5672334","departmentno":"1","salary":"11111","pincode":"111111","userid":"ziBRfLEfNtH2MHyH3MhK","id":"icHUvJxjhMKM18BF5lDE"},{"accountno":"POP2-5672334","departmentno":"1","salary":"11111","pincode":"111111","userid":"ziBRfLEfNtH2MHyH3MhK","id":"40XEyiRML25QpsFFtsbJ"},{"accountno":"POP2-5672334","departmentno":"1","salary":"11111","pincode":"111111","userid":"ziBRfLEfNtH2MHyH3MhK","id":"icVKvIGcRwN66klLNyxs"},{"accountno":"BB-0jjj990","departmentno":"9","salary":"9999998","pincode":"999990","userid":"rSahIiSrRaWU7MNj1icW","id":"vhacJTqEh342YYSoUd2P"},{"accountno":"BB-0jjj990","departmentno":"1","salary":"88","pincode":"999990","userid":"rSahIiSrRaWU7MNj1icW","id":"9Po97HffPEvBxrYhrLkV"},{"accountno":"UP-4058983","departmentno":"67","salary":"79261","pincode":"689293","userid":"t125VIABatxIit0Gfdqy","id":"1NN0TvTPBa4MdmVDestW"},{"accountno":"BB-0jjj990","departmentno":"1","salary":"88","pincode":"999990","userid":"rSahIiSrRaWU7MNj1icW","id":"QGyfjEOpU9oxY6gwbFV5"},{"accountno":"GE-246892","departmentno":"6","salary":"345425","pincode":"537174","userid":"txyvZ2JBdVLa10kxS284","id":"wLRyjD8hjcVpB5hSsaou"},{"accountno":"POP-5672334","departmentno":"1","salary":"11111","pincode":"111111","userid":"ziBRfLEfNtH2MHyH3MhK","id":"puWzlfAFNzQdtdBSgiJC"},{"accountno":"UP-2389613","departmentno":"15","salary":"20862","pincode":"828717","userid":"t125VIABatxIit0Gfdqy","id":"1z9QGGM4mmfduWX85bcR"},{"accountno":"UP-1261807","departmentno":"32","salary":"84768","pincode":"820724","userid":"t125VIABatxIit0Gfdqy","id":"M3WIxkHWSa93IRcTkoRA"},{"accountno":"UP-4549123","departmentno":"88","salary":"92969","pincode":"460414","userid":"t125VIABatxIit0Gfdqy","id":"xTjXxO9616u2o9Vz8SMf"},{"accountno":"TA-9258348","departmentno":"44","salary":"39123","pincode":"922384","userid":"t125VIABatxIit0Gfdqy","id":"v7KhCeaTRMBdfqNxpMZ5"},{"accountno":"TA-9222225","departmentno":"12","salary":"5000","pincode":"950871","userid":"qzhBdM4Fa81tzldMkVwk","id":"gCnLHBDD2cRFfkDdYqhg"},{"accountno":"TA-9222224","departmentno":"12","salary":"8000","pincode":"950871","userid":"qzhBdM4Fa81tzldMkVwk","id":"4a0llUXGeoL8avhaTCww"},{"accountno":"TA-9222223","departmentno":"12","salary":"7000","pincode":"950871","userid":"qzhBdM4Fa81tzldMkVwk","id":"8gwQv1a5dXOiP16ozPLQ"},{"accountno":"TA-9222222","departmentno":"12","salary":"8899","pincode":"950871","userid":"qzhBdM4Fa81tzldMkVwk","id":"dtD5y2Jj8RZTJzPo5K8H"},{"accountno":"UP-6544362","departmentno":"68","salary":"81418","pincode":"918900","userid":"t125VIABatxIit0Gfdqy","id":"vBhgJwabCGgHT5IFZMnN"},{"accountno":"UP-2764204","departmentno":"75","salary":"31788","pincode":"724540","userid":"t125VIABatxIit0Gfdqy","id":"tQAmyCFtRuZ2mQ3Jla9c"},{"accountno":"UP-1135836","departmentno":"28","salary":"28740","pincode":"932950","userid":"t125VIABatxIit0Gfdqy","id":"qjGQQq7ToCLxzy5aCoSE"},{"accountno":"BB-0jjj990","departmentno":"1","salary":"9999998","pincode":"999990","userid":"rSahIiSrRaWU7MNj1icW","id":"LCHVZOwgFmte5QmIki8i"},{"accountno":"BB-0jjj990","departmentno":"1","salary":"9999998","pincode":"999990","userid":"rSahIiSrRaWU7MNj1icW","id":"0sUVs9NNr1b4tbHEmOiI"},{"accountno":"UP-1503230","departmentno":"15","salary":"73852","pincode":"330925","userid":"t125VIABatxIit0Gfdqy","id":"sda6sSYzOVncV8MwW0oj"},{"accountno":"UP-6093788","departmentno":"20","salary":"69418","pincode":"859207","userid":"t125VIABatxIit0Gfdqy","id":"vJl9lozMd4S47Tq4QIV0"},{"accountno":"UP-7604922","departmentno":"71","salary":"30366","pincode":"434857","userid":"t125VIABatxIit0Gfdqy","id":"U51czITWHrapJlTwOcSZ"},{"accountno":"UP-2962197","departmentno":"88","salary":"80430","pincode":"437706","userid":"t125VIABatxIit0Gfdqy","id":"WqNnEeVO6DiucMawIhyr"},{"accountno":"UP-5082666","departmentno":"24","salary":"48582","pincode":"204494","userid":"t125VIABatxIit0Gfdqy","id":"GpevT3kGcriSjtY0nW6D"},{"accountno":"UP-3290001","departmentno":"12","salary":"31071","pincode":"405731","userid":"t125VIABatxIit0Gfdqy","id":"A6Tt7YaXisj9b1K59dq9"},{"accountno":"UP-8287185","departmentno":"41","salary":"12138","pincode":"207321","userid":"t125VIABatxIit0Gfdqy","id":"GlIhXBjyVC8JzNVnJxQv"},{"accountno":"TA-1698101","departmentno":"32","salary":"90000","pincode":"700000","userid":"t125VIABatxIit0Gfdqy","id":"3xAk8hW4yCflwwD8gEv2"},{"accountno":"TA-9432288","departmentno":"33","salary":"37670","pincode":"336952","userid":"t125VIABatxIit0Gfdqy","id":"3LjSKolg8rPqijSMY2VO"},{"accountno":"TA-5140927","departmentno":"91","salary":"19370","pincode":"848227","userid":"t125VIABatxIit0Gfdqy","id":"FkDyxuLxrZQ6hgvImCpD"},{"accountno":"TA-8064358","departmentno":"57","salary":"18877","pincode":"972957","userid":"t125VIABatxIit0Gfdqy","id":"yaM0ONIX2SlZxciCqskT"},{"accountno":"BB-00jj990","departmentno":"1","salary":"9999998","pincode":"999990","userid":"rSahIiSrRaWU7MNj1icW","id":"v5JkUDnki1z3RK7u7Gn8"},{"accountno":"TA-4357254","departmentno":"40","salary":"84923","pincode":"860904","userid":"t125VIABatxIit0Gfdqy","id":"umd5ap06S8rYEQ9ofFGR"},{"accountno":"CC-1234569","departmentno":"129","salary":"12349","pincode":"123459","userid":"t125VIABatxIit0Gfdqy","id":"DDL5cackQmAfbxokiyfq"},{"accountno":"BA-RRjj000","departmentno":"1","salary":"9999998","pincode":"999990","userid":"rSahIiSrRaWU7MNj1icW","id":"LXvXxG7bIYd5saFRBGIb"},{"accountno":"TA-5728762","departmentno":"42","salary":"87568","pincode":"968448","userid":"t125VIABatxIit0Gfdqy","id":"fFEdnzmla9MkV8NANbnX"},{"accountno":"TA-1233211","departmentno":"1","salary":"1234","pincode":"123321","userid":"ziBRfLEfNtH2MHyH3MhK","id":"jV1w7cydkf2tWrEg1wlN"},{"accountno":"BA-RRjj990","departmentno":"1","salary":"9999998","pincode":"999990","userid":"rSahIiSrRaWU7MNj1icW","id":"JnwPzjEs13NRF5wPQDjE"},{"accountno":"TA-5701647","departmentno":"90","salary":"57508","pincode":"406384","userid":"t125VIABatxIit0Gfdqy","id":"JUEVSezHG2X0Vh49q0lh"},{"accountno":"TA-1233211","departmentno":"1","salary":"1234","pincode":"123321","userid":"ziBRfLEfNtH2MHyH3MhK","id":"xHrWiaQ581KxN45LlD72"},{"accountno":"TA-9432118","departmentno":"76","salary":"12146","pincode":"602277","userid":"t125VIABatxIit0Gfdqy","id":"Yw7AXWAOQHVKAw7VFmju"},{"accountno":"TA-1233211","departmentno":"1","salary":"1234","pincode":"123321","userid":"ziBRfLEfNtH2MHyH3MhK","id":"aDq0uMcaxu4ibOmPvuof"},{"accountno":"TA-4512920","departmentno":"77","salary":"61975","pincode":"428078","userid":"t125VIABatxIit0Gfdqy","id":"WnmzQU94mIiAbIRsVy1h"},{"accountno":"TA-7525983","departmentno":"22","salary":"98684","pincode":"213107","userid":"t125VIABatxIit0Gfdqy","id":"8qu4ziSw9xglZIDzjuo8"},{"accountno":"TA-6804343","departmentno":"42","salary":"49090","pincode":"331922","userid":"t125VIABatxIit0Gfdqy","id":"EPSJHPrkg2EvvBwsgiki"},{"accountno":"TA-1233211","departmentno":"1","salary":"1234","pincode":"123321","userid":"ziBRfLEfNtH2MHyH3MhK","id":"za3iTvx8cZmIzzZQvMU2"},{"accountno":"TA-9570511","departmentno":"63","salary":"44513","pincode":"946972","userid":"t125VIABatxIit0Gfdqy","id":"1aFUK3xYtR7MUm1FbIAQ"},{"accountno":"TA-6295586","departmentno":"23","salary":"15546","pincode":"200445","userid":"t125VIABatxIit0Gfdqy","id":"NbIS0oP8k1DmTfcgUr4m"},{"accountno":"TA-8616745","departmentno":"56","salary":"30669","pincode":"453101","userid":"t125VIABatxIit0Gfdqy","id":"loKt9KhBFCeNxQ3WkXfE"},{"accountno":"TA-4513060","departmentno":"77","salary":"13345","pincode":"534555","userid":"t125VIABatxIit0Gfdqy","id":"4gHr5CEoPzx5n54osS05"},{"accountno":"TA-9907484","departmentno":"59","salary":"74972","pincode":"198113","userid":"t125VIABatxIit0Gfdqy","id":"tBgLp6hOFSFAsUvUCxpI"},{"accountno":"TA-9654545","departmentno":"71","salary":"79694","pincode":"905104","userid":"t125VIABatxIit0Gfdqy","id":"C2LKZZh82Szeoe4Vvo6r"},{"accountno":"TA-1604342","departmentno":"74","salary":"50008","pincode":"962708","userid":"t125VIABatxIit0Gfdqy","id":"W3Kidz4GiJKq3e0ILm6w"},{"accountno":"po-4040404","departmentno":"4","salary":"4","pincode":"444444","userid":"rGjPCz7q7Yv75qaHGWfi","id":"ejXkkw0YXPm6L1aAAGee"},{"accountno":"po-4040404","departmentno":"4","salary":"4","pincode":"444444","userid":"rGjPCz7q7Yv75qaHGWfi","id":"imViy2K32mkk2XPa3AOL"},{"accountno":"TA-4040404","departmentno":"4","salary":"4","pincode":"444444","userid":"rGjPCz7q7Yv75qaHGWfi","id":"r9h9YvWGymoYGV35dkss"},{"accountno":"TA-4040404","departmentno":"4","salary":"4","pincode":"444444","userid":"rGjPCz7q7Yv75qaHGWfi","id":"heJu0ScnzdS8cP0LzXY2"},{"accountno":"TA-4253093","departmentno":"81","salary":"93064","pincode":"577051","userid":"t125VIABatxIit0Gfdqy","id":"MuqU2qfwxBlK9886Q0kL"},{"accountno":"TA-5200349","departmentno":"64","salary":"79035","pincode":"560646","userid":"t125VIABatxIit0Gfdqy","id":"hJ3IegsJWQN1wL7k2tkj"},{"accountno":"TA-8365980","departmentno":"88","salary":"53689","pincode":"308540","userid":"t125VIABatxIit0Gfdqy","id":"lVKesrraHS2mwx2tzumX"},{"accountno":"TA-1136412","departmentno":"81","salary":"70114","pincode":"184694","userid":"t125VIABatxIit0Gfdqy","id":"tD4T9anLO1ZueCaT0F7r"},{"accountno":"TA-4638271","departmentno":"13","salary":"14335","pincode":"325745","userid":"t125VIABatxIit0Gfdqy","id":"JOMEVH0v61uTcaHdz6pa"},{"accountno":"TA-2033085","departmentno":"67","salary":"25808","pincode":"692817","userid":"t125VIABatxIit0Gfdqy","id":"4Cy64C5dXJQvrjlg3MNq"},{"accountno":"TA-6639864","departmentno":"45","salary":"96115","pincode":"931568","userid":"t125VIABatxIit0Gfdqy","id":"Q9flG3sdHGrazqGHqdeA"},{"accountno":"TA-9920621","departmentno":"41","salary":"66400","pincode":"844141","userid":"t125VIABatxIit0Gfdqy","id":"xeGR5kP6BIarD1rg2g3u"},{"accountno":"TA-7051515","departmentno":"10","salary":"93696","pincode":"652774","userid":"t125VIABatxIit0Gfdqy","id":"uLb7IQzkvW0pRFQabPvf"},{"accountno":"TA-7722090","departmentno":"11","salary":"20030","pincode":"603133","userid":"t125VIABatxIit0Gfdqy","id":"7r4wtvf2ZjFE1YexKIfh"},{"accountno":"TA-5907223","departmentno":"22","salary":"63399","pincode":"191047","userid":"t125VIABatxIit0Gfdqy","id":"kSfTrKBd2OI4fLn2DpmO"},{"accountno":"TA-2789747","departmentno":"68","salary":"69017","pincode":"548675","userid":"t125VIABatxIit0Gfdqy","id":"qWd8HM71TZ3tjKNogUFm"},{"accountno":"TA-1275956","departmentno":"27","salary":"97755","pincode":"781805","userid":"t125VIABatxIit0Gfdqy","id":"yCBxHiROkWSTPghlZmpH"},{"accountno":"TA-3464920","departmentno":"14","salary":"18142","pincode":"639306","userid":"t125VIABatxIit0Gfdqy","id":"FRXhYmG18lGKXBYJvFiV"},{"accountno":"TA-7569353","departmentno":"48","salary":"76470","pincode":"771739","userid":"t125VIABatxIit0Gfdqy","id":"6hmxZV4qkSZ6AzcnfT7D"},{"accountno":"TA-8384419","departmentno":"72","salary":"43881","pincode":"907741","userid":"t125VIABatxIit0Gfdqy","id":"2N9T70kiQ7q2w3BOhZXy"},{"accountno":"TA-4895504","departmentno":"51","salary":"41652","pincode":"617774","userid":"t125VIABatxIit0Gfdqy","id":"CW236yHzxYzrg0701KHC"},{"accountno":"TA-9738555","departmentno":"15","salary":"92209","pincode":"255926","userid":"t125VIABatxIit0Gfdqy","id":"bnvDONTnqHy2o62J2ZXu"},{"accountno":"TA-5565848","departmentno":"77","salary":"21356","pincode":"838313","userid":"t125VIABatxIit0Gfdqy","id":"UFcHqbqf74WvYv4PPxch"},{"accountno":"TA-1078109","departmentno":"79","salary":"66531","pincode":"836853","userid":"t125VIABatxIit0Gfdqy","id":"RoIKRCpZUbj5D9dw9lx8"},{"accountno":"Ra-RRjj999","departmentno":"9","salary":"888","pincode":"999990","userid":"rSahIiSrRaWU7MNj1icW","id":"NlA37CGqXlhsuj4UwW6F"},{"accountno":"TA-su12345","departmentno":"8","salary":"4000","pincode":"700116","userid":"iIQCsQ8hyJLxOhmuGK9t","id":"dqc1klNU4CApFa8XLhad"},{"accountno":"Ra-RRjj990","departmentno":"9","salary":"9999998","pincode":"999990","userid":"rSahIiSrRaWU7MNj1icW","id":"Wjcw9SRvtqQLhgbG55YN"},{"accountno":"TA-4444477","departmentno":"4","salary":"44444","pincode":"454544","userid":"rSahIiSrRaWU7MNj1icW","id":"ogRlPsdaD2fFgsSIEcFv"},{"accountno":"RY-2222222","departmentno":"7","salary":"6666667","pincode":"666667","userid":"sjPTovAamT8HaA8qybyF","id":"5aIQE25HGdjBRccqmzxR"},{"accountno":"RY-6666667","departmentno":"6","salary":"6666667","pincode":"666667","userid":"sjPTovAamT8HaA8qybyF","id":"DFP53YV8YAKsGpolUV2K"},{"accountno":"akA-5432134","departmentno":"7","salary":"4566","pincode":"999999","userid":"Vh9h6QeQwTUcvVEz3MxJ","id":"GgDO8BARnEbZqdcQe21i"},{"accountno":"TA-6666667","departmentno":"6","salary":"6666667","pincode":"666667","userid":"sjPTovAamT8HaA8qybyF","id":"qV6D7ajLpdi436aBjzja"},{"accountno":"HS-1234440","departmentno":"8","salary":"664764","pincode":"515008","userid":"hnX1SdQ0Xo7c6zYPAech","id":"qa2DgDEQ1dZczx0wU8LF"},{"accountno":"RR-1111112","departmentno":"2","salary":"1112","pincode":"111112","userid":"gwcn6RK4r9LUWalrshHM","id":"iJZKOn4sCEpCfZc1qVm2"},{"accountno":"RR-4545454","departmentno":"4","salary":"454","pincode":"454545","userid":"OxR89xyWSX8ScMKn84Xq","id":"4pUn5uoWmRm2B8TtkBG3"},{"accountno":"RR-3333333","departmentno":"3","salary":"111","pincode":"333333","userid":"gwcn6RK4r9LUWalrshHM","id":"iWmvpYORxjAaQIRqBV82"},{"accountno":"RR-1112222","departmentno":"8","salary":"111","pincode":"111222","userid":"ziBRfLEfNtH2MHyH3MhK","id":"fajoxlIfE5CNXi41YX9V"},{"accountno":"TA-1111111","departmentno":"1","salary":"1111","pincode":"111111","userid":"ziBRfLEfNtH2MHyH3MhK","id":"Ukyt0gQuJ2Ri2zhzjnGO"},{"accountno":"TA-1111111","departmentno":"1","salary":"1111","pincode":"111111","userid":"ziBRfLEfNtH2MHyH3MhK","id":"9PPZp9qZqKnb6eJ3bDbS"},{"accountno":"RR-8888888","departmentno":"8","salary":"888","pincode":"888888","userid":"gwcn6RK4r9LUWalrshHM","id":"zg75HHhemzO7NoaF7xHe"},{"accountno":"TA-bl54321","departmentno":"2","salary":"54321","pincode":"222111","userid":"wvTE1ZsqbgfOMtiFejpq","id":"iz1zYTA74TXstebCpKfy"},{"accountno":"TA-7766677","departmentno":"1","salary":"4000","pincode":"667777","userid":"vZHJD4gJwQZDv8AwTjat","id":"yk6fDte4W8LHwhy2m5KC"},{"accountno":"DD-1987654","departmentno":"19","salary":"19876","pincode":"198765","userid":"t125VIABatxIit0Gfdqy","id":"R9jqyMq6NGORj1vOnMNr"},{"accountno":"Ra-Rajj990","departmentno":"9","salary":"9999998","pincode":"999990","userid":"rSahIiSrRaWU7MNj1icW","id":"YzBIuLAq6okRM4lDMWuk"},{"accountno":"DD-1987654","departmentno":"19","salary":"19876","pincode":"198765","userid":"t125VIABatxIit0Gfdqy","id":"H3Uy67MtZtdkBQeDzBNx"},{"accountno":"TA-Rajj990","departmentno":"9","salary":"9999998","pincode":"999990","userid":"rSahIiSrRaWU7MNj1icW","id":"y6OKBuWEYHZgepynrVHM"},{"accountno":"RA-Rajjjj0","departmentno":"9","salary":"9999998","pincode":"999990","userid":"rSahIiSrRaWU7MNj1icW","id":"qbsujpB0GgKgzohlABBg"},{"accountno":"TA-Raju990","departmentno":"9","salary":"9999998","pincode":"999990","userid":"rSahIiSrRaWU7MNj1icW","id":"NJ3fxxFkzSao2s9Wf6AV"},{"accountno":"DD-1987654","departmentno":"19","salary":"19876","pincode":"198765","userid":"t125VIABatxIit0Gfdqy","id":"7ZQoGfZRMuLa840SLk70"},{"accountno":"DD-1987654","departmentno":"19","salary":"19876","pincode":"198765","userid":"t125VIABatxIit0Gfdqy","id":"3asWGN8rJCTpV77m5eAo"},{"accountno":"DD-1987654","departmentno":"19","salary":"19876","pincode":"198765","userid":"t125VIABatxIit0Gfdqy","id":"ZCEOxpIYGjsk2JAl3pE0"},{"accountno":"DD-1987654","departmentno":"19","salary":"19876","pincode":"198765","userid":"t125VIABatxIit0Gfdqy","id":"NlhZMsOFTXwFx9l8UNMs"},{"accountno":"DD-1987654","departmentno":"19","salary":"19876","pincode":"198765","userid":"t125VIABatxIit0Gfdqy","id":"sEmYJ1s35zdna7k0l9Lw"},{"accountno":"DD-1987654","departmentno":"19","salary":"19876","pincode":"198765","userid":"t125VIABatxIit0Gfdqy","id":"psUL0C0blC87ebX2yaR7"},{"accountno":"DD-1987654","departmentno":"19","salary":"19876","pincode":"198765","userid":"t125VIABatxIit0Gfdqy","id":"tPSsruWC2YkAwOsHr759"},{"accountno":"DD-1987654","departmentno":"19","salary":"19876","pincode":"198765","userid":"t125VIABatxIit0Gfdqy","id":"maVeR45ptEyB9ZMaYiCU"},{"accountno":"TA-6666667","departmentno":"6","salary":"6666667","pincode":"666667","userid":"sjPTovAamT8HaA8qybyF","id":"HZb4HUG7tVz518pIlLZX"},{"accountno":"DD-1987654","departmentno":"19","salary":"19876","pincode":"198765","userid":"t125VIABatxIit0Gfdqy","id":"LvEpddeTRW6MKyZWgLNM"},{"accountno":"TA-6666666","departmentno":"6","salary":"6666666","pincode":"666666","userid":"sjPTovAamT8HaA8qybyF","id":"hZstVCJz6bkLhu4TLJE3"},{"accountno":"TA-7777777","departmentno":"7","salary":"7777777","pincode":"777777","userid":"sjPTovAamT8HaA8qybyF","id":"gQiIvwv24RSw86BJbXzz"},{"accountno":"shwe-0999999","departmentno":"2","salary":"11111","pincode":"666666","userid":"hlI8xRxaKMwpontOHVoR","id":"qe8aeaqJ2TKGfokgnKhq"},{"accountno":"LA-5432134","departmentno":"7","salary":"4566","pincode":"999999","userid":"Vh9h6QeQwTUcvVEz3MxJ","id":"YzkZULpvneV2ILqJeFkW"},{"accountno":"LA-5432134","departmentno":"6","salary":"4566","pincode":"999999","userid":"Vh9h6QeQwTUcvVEz3MxJ","id":"pLDe1kYQPFNKkZqEeIg6"},{"accountno":"TA-5432134","departmentno":"6","salary":"4566","pincode":"999999","userid":"Vh9h6QeQwTUcvVEz3MxJ","id":"MGLKmmJ6LTPOIMdJ9UdL"},{"accountno":"RA-1213789","departmentno":"1","salary":"1234","pincode":"597456","userid":"rIEisGdROAfc86JMYzu0","id":"eePp5z51kW35ErQ9kQed"},{"accountno":"DD-1987654","departmentno":"19","salary":"19876","pincode":"198765","userid":"t125VIABatxIit0Gfdqy","id":"jhgfjXZLJHJGfGuHLumj"},{"accountno":"TA-su12345","departmentno":"8","salary":"4000","pincode":"700116","userid":"iIQCsQ8hyJLxOhmuGK9t","id":"W9I1g50lYGsOOZseUKj4"},{"accountno":"TA-121342","departmentno":"1","salary":"1234","pincode":"567808","userid":"rIEisGdROAfc86JMYzu0","id":"GyBda8B8E4C9S4ncRAEP"},{"accountno":"TA-bl54321","departmentno":"2","salary":"54321","pincode":"222111","userid":"wvTE1ZsqbgfOMtiFejpq","id":"GxZGp4UUsm2sfPBts75U"},{"accountno":"TA-free130","departmentno":"4","salary":"23000","pincode":"976000","userid":"PmTM9XOFYIFaf3kWPbKy","id":"DJFCaqWc5slbP1sJr0hO"},{"accountno":"TA-free120","departmentno":"4","salary":"23400","pincode":"976500","userid":"PmTM9XOFYIFaf3kWPbKy","id":"6LeBgozTdIxgYdPAnIi9"},{"accountno":"TA-free1500","departmentno":"4","salary":"200000","pincode":"976540","userid":"PmTM9XOFYIFaf3kWPbKy","id":"rEBreYM6it05s07v2tLD"},{"accountno":"DD-1987654","departmentno":"19","salary":"19876","pincode":"198765","userid":"t125VIABatxIit0Gfdqy","id":"dMHvLuO3M2BrN86IViAW"},{"accountno":"TA-free100","departmentno":"4","salary":"2345","pincode":"976543","userid":"PmTM9XOFYIFaf3kWPbKy","id":"rqqImuNcwdhEM4NpAxmC"},{"accountno":"SA-1987654","departmentno":"19","salary":"19876","pincode":"198765","userid":"t125VIABatxIit0Gfdqy","id":"yFnXzV0FGvtasBRymbwS"},{"accountno":"TA-free101","departmentno":"4","salary":"1234","pincode":"987654","userid":"PmTM9XOFYIFaf3kWPbKy","id":"aRcTyggCbQan8lkKFTgM"},{"accountno":"SA-1987654","departmentno":"19","salary":"19876","pincode":"198765","userid":"t125VIABatxIit0Gfdqy","id":"CSYCigJ407pguaI7T3PR"},{"accountno":"QA-1987654","departmentno":"19","salary":"19876","pincode":"198765","userid":"t125VIABatxIit0Gfdqy","id":"WBllvRh71TcFLMsgPV1m"},{"accountno":"SU-3333333","departmentno":"33","salary":"333333","pincode":"333333","userid":"t125VIABatxIit0Gfdqy","id":"WyR84AaBs9Dv5t7GtGEt"},{"accountno":"SU-1999991","departmentno":"101","salary":"10001","pincode":"100001","userid":"t125VIABatxIit0Gfdqy","id":"yPBzfKNkrkHPiaJp15x8"},{"accountno":"TA-1111111","departmentno":"1","salary":"1111","pincode":"111111","userid":"ziBRfLEfNtH2MHyH3MhK","id":"sCUuWkOxFe1dApkbsHKd"},{"accountno":"TA-1111111","departmentno":"1","salary":"1111","pincode":"111111","userid":"ziBRfLEfNtH2MHyH3MhK","id":"1xDgrb0uiqwBDYLReX4a"},{"accountno":"TA-1111111","departmentno":"1","salary":"1111","pincode":"111111","userid":"ziBRfLEfNtH2MHyH3MhK","id":"P8DuyqWJ0N8wQF7qLZdm"},{"accountno":"TA-2345678","departmentno":"6","salary":"666666","pincode":"666666","userid":"wvTE1ZsqbgfOMtiFejpq","id":"KZnmcS4xvqMT9pOMoL1N"},{"accountno":"TA-var4567","departmentno":"6","salary":"80000","pincode":"984532","userid":"u7nq0GWiLeCacS4KOFe3","id":"WH1zebm5NBaxEwClhhRW"},{"accountno":"TA-1223211","departmentno":1,"salary":45000,"pincode":125321,"userid":"wvTE1ZsqbgfOMtiFejpq","id":"QWt6cB8MoOtTQTtBHwek"},{"accountno":"TA-1233211","departmentno":"1","salary":"1234","pincode":"123321","userid":"wvTE1ZsqbgfOMtiFejpq","id":"7WdUQo9nj5FgIIL5UXnP"},{"accountno":"TA-1233211","departmentno":"1","salary":"1234","pincode":"123321","userid":"wvTE1ZsqbgfOMtiFejpq","id":"eu2PG30pKr0vSNB1F39f"},{"accountno":"RR-5555555","departmentno":"5","salary":"555","pincode":"555555","userid":"gwcn6RK4r9LUWalrshHM","id":"fNXin4dMj0UYMSyyRKZ0"},{"accountno":"TA-su12345","departmentno":"8","salary":"4000","pincode":"700116","userid":"iIQCsQ8hyJLxOhmuGK9t","id":"ddF7hBcUyVuokkMkPJsO"},{"accountno":"TA-Raj9990","departmentno":"9","salary":"9999998","pincode":"999990","userid":"rSahIiSrRaWU7MNj1icW","id":"ewFxQiPFWv1SgGT2eo2m"},{"accountno":"TA-RRR9990","departmentno":"9","salary":"9999998","pincode":"999990","userid":"rSahIiSrRaWU7MNj1icW","id":"oOLMJzjVhHxQsykZLvrc"},{"accountno":"GE-123455","departmentno":"6","salary":"345425","pincode":"537174","userid":"txyvZ2JBdVLa10kxS284","id":"G860T0qgmMBQcz4D8eBW"},{"accountno":"TA-1111111","departmentno":"1","salary":"11111","pincode":"111111","userid":"jB5M5JA4fhyBV7IKmOvl","id":"BjeQzP9WreEyUrNvzhPZ"},{"accountno":"TA-var4567","departmentno":"6","salary":"80000","pincode":"984532","userid":"u7nq0GWiLeCacS4KOFe3","id":"kJ3xS61TsmFNKh2GwULA"},{"accountno":"TA-var4567","departmentno":"6","salary":"80000","pincode":"984532","userid":"u7nq0GWiLeCacS4KOFe3","id":"TVnXk1OvuVs8m20H7Fr2"},{"accountno":"TA-var4567","departmentno":"6","salary":"80000","pincode":"984532","userid":"u7nq0GWiLeCacS4KOFe3","id":"w9Jssw9DPNZdLbMb9YH7"},{"accountno":"TA-var4567","departmentno":"6","salary":"80000","pincode":"984532","userid":"u7nq0GWiLeCacS4KOFe3","id":"NCxmhjDzXbqb2sCue3ZU"},{"accountno":"TA-var4567","departmentno":"6","salary":"80000","pincode":"984532","userid":"u7nq0GWiLeCacS4KOFe3","id":"AZfliCdWNaV7NQ1dcNA6"},{"accountno":"TA-var4567","departmentno":"6","salary":"80000","pincode":"984532","userid":"u7nq0GWiLeCacS4KOFe3","id":"J59ZBBJBQIXPh106RoSp"},{"accountno":"TA-var4567","departmentno":"6","salary":"80000","pincode":"984532","userid":"u7nq0GWiLeCacS4KOFe3","id":"HwLJ1Dfjvug71QMaUD6r"},{"accountno":"TA-var4567","departmentno":"6","salary":"80000","pincode":"984532","userid":"u7nq0GWiLeCacS4KOFe3","id":"wuILFSn8Z2M9XuG8gEXG"},{"accountno":"TA-var4567","departmentno":"6","salary":"80000","pincode":"984532","userid":"u7nq0GWiLeCacS4KOFe3","id":"zkhLvAQQIHEjpoIhJXhy"},{"accountno":"TA-var4567","departmentno":"6","salary":"80000","pincode":"984532","userid":"u7nq0GWiLeCacS4KOFe3","id":"iamkNS4Ah1kKyZy1qacH"},{"accountno":"TA-var4567","departmentno":"6","salary":"80000","pincode":"984532","userid":"u7nq0GWiLeCacS4KOFe3","id":"gNtvYnvfjmfItVHOJYdv"},{"accountno":"TA-var4567","departmentno":"6","salary":"80000","pincode":"984532","userid":"u7nq0GWiLeCacS4KOFe3","id":"KgwYsLuFHgawDcAOW0Fy"},{"accountno":"TA-var4567","departmentno":"6","salary":"80000","pincode":"984532","userid":"u7nq0GWiLeCacS4KOFe3","id":"GYoLaptbuvFaFJ5ojeJr"},{"accountno":"TA-su12345","departmentno":"8","salary":"4000","pincode":"700116","userid":"iIQCsQ8hyJLxOhmuGK9t","id":"FaJCmtUNKj9Wt0gjfKAL"},{"accountno":"TA-var4567","departmentno":"6","salary":"80000","pincode":"984532","userid":"u7nq0GWiLeCacS4KOFe3","id":"9w8htV8H1TflRhSDjILA"},{"accountno":"TA-var4567","departmentno":"6","salary":"80000","pincode":"984532","userid":"u7nq0GWiLeCacS4KOFe3","id":"zst4nNEjvKG0I1mC18XL"},{"accountno":"TA-var4567","departmentno":"6","salary":"80000","pincode":"984532","userid":"u7nq0GWiLeCacS4KOFe3","id":"ptwxieXcjJz9yyQ8bJwp"},{"accountno":"TA-var4567","departmentno":"6","salary":"80000","pincode":"984532","userid":"u7nq0GWiLeCacS4KOFe3","id":"CR52xAGcBcDnIpxyM9eJ"},{"accountno":"TA-var4567","departmentno":"6","salary":"80000","pincode":"984532","userid":"u7nq0GWiLeCacS4KOFe3","id":"B8srr3SB9Nc93a7ahFFp"},{"accountno":"Po-5600333","departmentno":5,"salary":1134,"pincode":998788,"userid":"rGjPCz7q7Yv75qaHGWfi","id":"Nk4yBKUVRHijwfg09Kzf"},{"accountno":"TA-var4567","departmentno":"6","salary":"80000","pincode":"984532","userid":"u7nq0GWiLeCacS4KOFe3","id":"tQJ5mu6r6pG5VHdORCvw"},{"accountno":"TA-1999991","departmentno":"101","salary":"10001","pincode":"100001","userid":"t125VIABatxIit0Gfdqy","id":"khcYf9ncAxe2yFWMvK0h"},{"accountno":"TA-var4567","departmentno":"6","salary":"80000","pincode":"984532","userid":"u7nq0GWiLeCacS4KOFe3","id":"PnzTfc62nj8ULHwoAlB8"},{"accountno":"TA-var4567","departmentno":"6","salary":"80000","pincode":"984532","userid":"u7nq0GWiLeCacS4KOFe3","id":"J0oF8lERxlXLkHFYg2pk"},{"accountno":"TA-4040404","departmentno":"4","salary":"4","pincode":"444444","userid":"rGjPCz7q7Yv75qaHGWfi","id":"nCR6TGQyJG5VWLdpe32M"},{"accountno":"USH-1222343","departmentno":"2","salary":"200000","pincode":"770702","userid":"qsAvy2acR3CH9AtEoVXA","id":"81YZMUe2wmkBfh3Bf7f5"},{"accountno":"USH-1222342","departmentno":"2","salary":"200000","pincode":"770702","userid":"qsAvy2acR3CH9AtEoVXA","id":"wuZOx0HTaISxmdrzZhfs"},{"accountno":"USH-1222341","departmentno":"2","salary":"200000","pincode":"770702","userid":"qsAvy2acR3CH9AtEoVXA","id":"qjM4r3Bi7ytUcOsTWl03"},{"accountno":"TA-4040404","departmentno":"4","salary":"4","pincode":"444444","userid":"rGjPCz7q7Yv75qaHGWfi","id":"y55WnmRpNmQ7nb0IQlA6"},{"accountno":"AaR-123456","departmentno":"2","salary":"500000","pincode":"300014","userid":"sfQOqOMagd0FaUSioidz","id":"GZwtXRohwt5hjgNDVdKe"},{"accountno":"TA-1234567","departmentno":1,"salary":44444,"pincode":123455,"userid":"rSahIiSrRaWU7MNj1icW","id":"3T9VfjP6NKAbUgRB2H3m"},{"accountno":"TA-1234567","departmentno":"1","salary":"44444","pincode":"123456","userid":"rSahIiSrRaWU7MNj1icW","id":"ZebfClVf9RddyLun2xJs"},{"accountno":"TA-var4567","departmentno":"6","salary":"80000","pincode":"984532","userid":"u7nq0GWiLeCacS4KOFe3","id":"Ui7FmQJPWjWa0engaLaQ"},{"accountno":"TA-var4567","departmentno":"6","salary":"80000","pincode":"984532","userid":"u7nq0GWiLeCacS4KOFe3","id":"vvUhnEfC39ZtVY6HnJ7h"},{"accountno":"TA-var4567","departmentno":"6","salary":"80000","pincode":"984532","userid":"u7nq0GWiLeCacS4KOFe3","id":"RllYJVvOTdMWzwdoSnm8"},{"accountno":"TA-var4567","departmentno":"6","salary":"80000","pincode":"984532","userid":"u7nq0GWiLeCacS4KOFe3","id":"TCyCgRRHkLihvLJM3tmC"},{"accountno":"TA-var4567","departmentno":"6","salary":"80000","pincode":"984532","userid":"u7nq0GWiLeCacS4KOFe3","id":"4VuLRYhWUoEJ3UErQtJ2"},{"accountno":"TA-var4567","departmentno":"6","salary":"80000","pincode":"984532","userid":"ziBRfLEfNtH2MHyH3MhK","id":"GIkYdVayLyX6GJXHLgM4"},{"accountno":"TA-var4567","departmentno":"6","salary":"80000","pincode":"984532","userid":"ziBRfLEfNtH2MHyH3MhK","id":"1bG8YVQM1K5CujES2IHL"},{"accountno":"TA-var4567","departmentno":"6","salary":"80000","pincode":"984532","userid":"taGX4XQQfXD3Z76sI1Xn","id":"5uxkVBCqlc4MHT1DRlD4"},{"accountno":"TA-bl54321","departmentno":"2","salary":"54321","pincode":"222111","userid":"wvTE1ZsqbgfOMtiFejpq","id":"pYXrMzkl1uICxBbIRdVZ"},{"accountno":"TA-var4567","departmentno":"6","salary":"80000","pincode":"984532","userid":"taGX4XQQfXD3Z76sI1Xn","id":"zWQc3J1EfpgppvnUsyTq"},{"accountno":"TA-var4567","departmentno":"6","salary":"80000","pincode":"984532","userid":"taGX4XQQfXD3Z76sI1Xn","id":"VxljkoGRUtpbfoJ3wpkW"},{"accountno":"TA-var4567","departmentno":"6","salary":"80000","pincode":"984532","userid":"taGX4XQQfXD3Z76sI1Xn","id":"imwKwnpsa93bTJZm3y84"},{"accountno":"TA-var4567","departmentno":"6","salary":"80000","pincode":"984532","userid":"taGX4XQQfXD3Z76sI1Xn","id":"4p9lOXgzfXt0eHYKm3kL"},{"accountno":"TA-var4567","departmentno":"6","salary":"80000","pincode":"984532","userid":"taGX4XQQfXD3Z76sI1Xn","id":"oriPH0OibJhJYoK501me"},{"accountno":"TA-var4567","departmentno":"6","salary":"80000","pincode":"984532","userid":"taGX4XQQfXD3Z76sI1Xn","id":"H6ky4IRA7u5V0QV62vc2"},{"accountno":"TA-var4567","departmentno":"6","salary":"80000","pincode":"984532","userid":"taGX4XQQfXD3Z76sI1Xn","id":"1nVoxyBl5azHSHMnCl9q"},{"accountno":"TA-bl54321","departmentno":"2","salary":"54321","pincode":"222111","userid":"wvTE1ZsqbgfOMtiFejpq","id":"lvwLeHS4APvqeIYa0uGx"},{"accountno":"TA-var4567","departmentno":"6","salary":"800","pincode":"984532","userid":"taGX4XQQfXD3Z76sI1Xn","id":"3cPhXTGdshf4yI0WcXwh"},{"accountno":"TA-var4567","departmentno":"6","salary":"80000","pincode":"984532","userid":"taGX4XQQfXD3Z76sI1Xn","id":"UAzXIErSLEUrCtucPqMW"},{"accountno":"TA-var4567","departmentno":"6","salary":"80000","pincode":"984532","userid":"taGX4XQQfXD3Z76sI1Xn","id":"jtF3odTQJX4pHUx3MSKY"},{"accountno":"TA-1999991","departmentno":"101","salary":"10001","pincode":"100001","userid":"t125VIABatxIit0Gfdqy","id":"OMSwMk2okC8h5KCDhnsT"},{"accountno":"TA-var1234","departmentno":4,"salary":900001,"pincode":784512,"userid":"u7nq0GWiLeCacS4KOFe3","id":"ZzhTrJl6E0dSdIoy2hxW"},{"accountno":"TA-12m2r4j","departmentno":"2","salary":"10000000","pincode":"9511534779","userid":"PmSgJPYWxk9rbvH0WOO8","id":"iIcse9qYuRb1a1Gn3aTk"},{"accountno":"TA-12m2r4j","departmentno":"2","salary":"10000000","pincode":"9511534779","userid":"PmSgJPYWxk9rbvH0WOO8","id":"qL3cqrs6ZaHP0WakPMpT"},{"accountno":"TA-12m2r4j","departmentno":"2","salary":"10000000","pincode":"9511534","userid":"PmSgJPYWxk9rbvH0WOO8","id":"QcXmc7MyQEg0yldr3oKB"},{"accountno":"TA-12382","departmentno":"2","salary":"10000000","pincode":"9511534","userid":"PmSgJPYWxk9rbvH0WOO8","id":"rLE5LoGZ4vd3kOAfCu9G"},{"accountno":"MRJ-12349","departmentno":"4","salary":"10000000","pincode":"951134","userid":"PmSgJPYWxk9rbvH0WOO8","id":"f168q7vULklCUwuc8XpV"},{"accountno":"TA-1000222","departmentno":"222","salary":"10222","pincode":"100222","userid":"t125VIABatxIit0Gfdqy","id":"6s2qgqXV38hjDALcZBCS"},{"accountno":"TA-7777777","departmentno":"777","salary":"10777","pincode":"100777","userid":"t125VIABatxIit0Gfdqy","id":"2C9ezSFWuQK8OvitdGyX"},{"accountno":"TA-1000101","departmentno":"100","salary":"10010","pincode":"100010","userid":"t125VIABatxIit0Gfdqy","id":"JQVWcTZW5PdQYGanjx9s"},{"accountno":"TA-1000101","departmentno":"100","salary":"10010","pincode":"100010","userid":"t125VIABatxIit0Gfdqy","id":"rtnfvlZe5Vqw81eoLpKP"},{"accountno":"TA-1000101","departmentno":"100","salary":"10010","pincode":"100010","userid":"t125VIABatxIit0Gfdqy","id":"NdxMjrNNDpfD9ZFjUCFw"},{"accountno":"TA-1000101","departmentno":"100","salary":"10010","pincode":"100010","userid":"t125VIABatxIit0Gfdqy","id":"OB2CAcg0eLvOj2YizXWb"},{"accountno":"TA-1000101","departmentno":"100","salary":"10010","pincode":"100010","userid":"t125VIABatxIit0Gfdqy","id":"tWnu2LZPpVDXTaTIGdfe"},{"accountno":"TA-1000101","departmentno":"100","salary":"10010","pincode":"100010","userid":"t125VIABatxIit0Gfdqy","id":"hVnKke4bQyvWI7kSxfid"},{"accountno":"TA-1000101","departmentno":"100","salary":"10010","pincode":"100010","userid":"t125VIABatxIit0Gfdqy","id":"LTyVWLM2LrYnRQB1AjI2"},{"accountno":"TA-1000101","departmentno":"100","salary":"10010","pincode":"100010","userid":"t125VIABatxIit0Gfdqy","id":"Wgz9Txahwh8Wo4IymYC1"},{"accountno":"TA-1000101","departmentno":"100","salary":"10010","pincode":"100010","userid":"t125VIABatxIit0Gfdqy","id":"cjJnidlH9S33Xjfr1Ab3"},{"accountno":"TA-1000101","departmentno":"100","salary":"10010","pincode":"100010","userid":"t125VIABatxIit0Gfdqy","id":"XIBEiCVtUAr6VoZXrHvU"},{"accountno":"TA-1000101","departmentno":"100","salary":"10010","pincode":"100010","userid":"t125VIABatxIit0Gfdqy","id":"OWxQf3rGPnkTUSLdc9hA"},{"accountno":"CC-1234569","departmentno":"129","salary":"12349","pincode":"123459","userid":"t125VIABatxIit0Gfdqy","id":"6sde5OygmgqxKGzIkekR"},{"accountno":"TA-1000101","departmentno":"100","salary":"10010","pincode":"100010","userid":"t125VIABatxIit0Gfdqy","id":"mPowMZ2xUDdD9Vo1Nj3N"},{"accountno":"TA-1000101","departmentno":"100","salary":"10010","pincode":"100010","userid":"t125VIABatxIit0Gfdqy","id":"Pry7SvmzTR79OPQxNajS"},{"accountno":"TA-1213142","departmentno":"1","salary":"1234","pincode":"567898","userid":"rIEisGdROAfc86JMYzu0","id":"kBwFtiqJjXySxQz2QxtF"},{"accountno":"TA-1213141","departmentno":"1","salary":"1234","pincode":"567896","userid":"rIEisGdROAfc86JMYzu0","id":"Y9pFityyB3gggsKmajN7"},{"accountno":"TA-1000101","departmentno":"100","salary":"10010","pincode":"100010","userid":"t125VIABatxIit0Gfdqy","id":"avuXxN8jYlYHTpo9gxzh"},{"accountno":"TA-1213141","departmentno":"1","salary":"1234","pincode":"567896","userid":"rIEisGdROAfc86JMYzu0","id":"tlvbdUAEm3WFVQc3IFcN"},{"accountno":"TA-1010101","departmentno":"10","salary":"1010","pincode":"101010","userid":"t125VIABatxIit0Gfdqy","id":"xyslWJGABIYq5PxV5kY4"},{"accountno":"TA-6666666","departmentno":"7","salary":"586321555","pincode":"569874","userid":"jKfZ3sofRyGNLOt12ZrV","id":"f7U42ZF5VWIOngQSHF6j"},{"accountno":"TA-6666666","departmentno":6,"salary":66666666,"pincode":666666,"userid":"jKfZ3sofRyGNLOt12ZrV","id":"wYIVGyLFryrgD87hiL6r"},{"accountno":"TA-9222225","departmentno":"12","salary":"5000","pincode":"950871","userid":"qzhBdM4Fa81tzldMkVwk","id":"OEs1dSIzoClFmdQxCWxV"},{"accountno":"TA-9222224","departmentno":"12","salary":"8000","pincode":"950871","userid":"qzhBdM4Fa81tzldMkVwk","id":"BbmKwrZzvotO3ZbuKamo"},{"accountno":"TA-9222223","departmentno":"12","salary":"7000","pincode":"950871","userid":"qzhBdM4Fa81tzldMkVwk","id":"M0gYrqLOuWSfZvgqMzAa"},{"accountno":"TA-9222222","departmentno":"12","salary":"8899","pincode":"950871","userid":"qzhBdM4Fa81tzldMkVwk","id":"vMKRoQ5xgkziF96IBxIf"},{"accountno":"TA-9222225","departmentno":"12","salary":"5000","pincode":"950871","userid":"qzhBdM4Fa81tzldMkVwk","id":"NpjADrBsNvIQ0XclWkS2"},{"accountno":"TA-9222224","departmentno":"12","salary":"8000","pincode":"950871","userid":"qzhBdM4Fa81tzldMkVwk","id":"7ao8fGz55OdrUHKILW2x"},{"accountno":"TA-9222223","departmentno":"12","salary":"7000","pincode":"950871","userid":"qzhBdM4Fa81tzldMkVwk","id":"w3A5XFqDzyWZokHiWF2b"},{"accountno":"TA-9222222","departmentno":"12","salary":"8899","pincode":"950871","userid":"qzhBdM4Fa81tzldMkVwk","id":"ggd7RfYU08j1CvhRZIGE"},{"accountno":"TA-9222225","departmentno":"12","salary":"5000","pincode":"950871","userid":"qzhBdM4Fa81tzldMkVwk","id":"85kNBlxSOAEAaaiDDl6r"},{"accountno":"TA-9222224","departmentno":"12","salary":"8000","pincode":"950871","userid":"qzhBdM4Fa81tzldMkVwk","id":"f3GFwOcMnPp5I17OJs4x"},{"accountno":"TA-9222223","departmentno":"12","salary":"7000","pincode":"950871","userid":"qzhBdM4Fa81tzldMkVwk","id":"JnoZvDJ2Rmcxx62QuAkW"},{"accountno":"TA-9222222","departmentno":"12","salary":"8899","pincode":"950871","userid":"qzhBdM4Fa81tzldMkVwk","id":"eXxjRKuItC3rd1WaHW1P"},{"accountno":"TA-9222225","departmentno":"12","salary":"5000","pincode":"950871","userid":"qzhBdM4Fa81tzldMkVwk","id":"WEHf6mFmlxFfxrNZ685t"},{"accountno":"TA-9222224","departmentno":"12","salary":"8000","pincode":"950871","userid":"qzhBdM4Fa81tzldMkVwk","id":"UnoQZDdPIITpUhj48gUx"},{"accountno":"TA-9222223","departmentno":"12","salary":"7000","pincode":"950871","userid":"qzhBdM4Fa81tzldMkVwk","id":"Y4hSDHpGCXMySmfrHA1t"},{"accountno":"TA-9222222","departmentno":"12","salary":"8899","pincode":"950871","userid":"qzhBdM4Fa81tzldMkVwk","id":"SLRf6sLg42NWiNObsY7u"},{"accountno":"TA-9222222","departmentno":"1","salary":"88999","pincode":"950871","userid":"qzhBdM4Fa81tzldMkVwk","id":"icmXOjsqHp2yePYL54jW"},{"accountno":"GE-6788333","departmentno":"6","salary":"34542","pincode":"557173","userid":"txyvZ2JBdVLa10kxS284","id":"URJwh7os1NIGyL8GwsrP"},{"accountno":"GE-6788333","departmentno":"6","salary":"34542","pincode":"557173","userid":"txyvZ2JBdVLa10kxS284","id":"AV2Ota1fUn2ZdykxYG56"},{"accountno":"GE-6788333","departmentno":"6","salary":"34542","pincode":"557173","userid":"txyvZ2JBdVLa10kxS284","id":"UDp4hX2qT2Lr0EXIkoDy"},{"accountno":"GE-6788333","departmentno":"6","salary":"34542","pincode":"557173","userid":"txyvZ2JBdVLa10kxS284","id":"qfbeFLRZAfzAOiEk8RXK"},{"accountno":"GE-6788333","departmentno":"6","salary":"34542","pincode":"557173","userid":"txyvZ2JBdVLa10kxS284","id":"kVkHgLGtTF3dcw9HbplL"},{"accountno":"GE-6788333","departmentno":"6","salary":"34542","pincode":"557173","userid":"txyvZ2JBdVLa10kxS284","id":"bRPws8D94GJzExwWDtoP"},{"accountno":"TA-3333333","departmentno":"4","salary":"4455667","pincode":"133455","userid":"guBi6TJEpjX0lHJ9UqCj","id":"XpVQtmIRBlzMjp6kBwwz"},{"accountno":"TA-2222222","departmentno":"2","salary":"233455","pincode":"567890","userid":"guBi6TJEpjX0lHJ9UqCj","id":"8jBuvm5Lf6xav9Nev6G5"},{"accountno":"TA-2008012","departmentno":"9","salary":"2008012","pincode":"200812","userid":"pGNvLTNh7ajipS3IUPDT","id":"4Jv5ZhuJGnhJUelMcTwC"},{"accountno":"TA-2008012","departmentno":"9","salary":"2008012","pincode":"200812","userid":"pGNvLTNh7ajipS3IUPDT","id":"yX8vTmW53uBqSMigfyB9"},{"accountno":"TA-2008012","departmentno":"9","salary":"2008012","pincode":"200812","userid":"pGNvLTNh7ajipS3IUPDT","id":"MthE8m0ZhRkgByLfmAkp"},{"accountno":"TA-2008012","departmentno":"9","salary":"2008012","pincode":"200812","userid":"pGNvLTNh7ajipS3IUPDT","id":"eTWFX7vnEN678TNl9J58"},{"accountno":"TA-su13245","departmentno":9,"salary":4000,"pincode":700228,"userid":"iIQCsQ8hyJLxOhmuGK9t","id":"syvcTa1NxkcLlYwe2UnL"},{"accountno":"TA-2008012","departmentno":"9","salary":"2008012","pincode":"200812","userid":"pGNvLTNh7ajipS3IUPDT","id":"N8NcjFARZXeBwbZLHYr9"},{"accountno":"TA-5673333","departmentno":"1","salary":"1234","pincode":"999999","userid":"iIQCsQ8hyJLxOhmuGK9t","id":"8mqlIZvKT9c895nNnA79"},{"accountno":"HS-1234544","departmentno":"2","salary":"123456","pincode":"515001","userid":"hnX1SdQ0Xo7c6zYPAech","id":"fONCTQvOHlBbm2WXDAZ4"},{"accountno":"TA-su12345","departmentno":"8","salary":"4000","pincode":"700116","userid":"iIQCsQ8hyJLxOhmuGK9t","id":"5CR156Tb6rsTk6b6alxY"},{"accountno":"TA-5673333","departmentno":"1","salary":"1234","pincode":"999999","userid":"iIQCsQ8hyJLxOhmuGK9t","id":"1e4ouM5CtcyulZNzeSaL"},{"accountno":"HS-1234566","departmentno":"2","salary":"123456","pincode":"515001","userid":"hnX1SdQ0Xo7c6zYPAech","id":"1we2FJ24K4Uu8t0NHYty"},{"accountno":"HS-1234567","departmentno":"1","salary":"1234","pincode":"515002","userid":"euVsPJTpdWU22wswfY6c","id":"w57sqX8M6TzmCnnslFd7"},{"accountno":"TA-2008012","departmentno":"9","salary":"2008012","pincode":"200812","userid":"pGNvLTNh7ajipS3IUPDT","id":"WNUYLHI6zWVXBpe6pZHz"},{"accountno":"TA-8888888","departmentno":"8","salary":"80000000","pincode":"800000","userid":"jKfZ3sofRyGNLOt12ZrV","id":"rFNfwX2hqkeg0Z465cRj"},{"accountno":"TA-8888888","departmentno":"8","salary":"80000000","pincode":"800000","userid":"jKfZ3sofRyGNLOt12ZrV","id":"z4qM8ofYKEB1Syj7TPGf"},{"accountno":"RR-6666666","departmentno":"6","salary":"666","pincode":"666666","userid":"gwcn6RK4r9LUWalrshHM","id":"MguueFhnbxJNJhqyvy6p"},{"accountno":"TA-bl54321","departmentno":"2","salary":"54321","pincode":"222111","userid":"wvTE1ZsqbgfOMtiFejpq","id":"PIs9RrkLEnHORn7h2CRw"},{"accountno":"TA-bl54321","departmentno":"2","salary":"54321","pincode":"222111","userid":"wvTE1ZsqbgfOMtiFejpq","id":"54p85rVqwJaMDfRVFjQP"},{"accountno":"TA-112211","departmentno":1,"salary":11111,"pincode":11002233,"userid":"jB5M5JA4fhyBV7IKmOvl","id":"Pz8PkFASKHvtqwpYlNPQ"},{"accountno":"TA-112211","departmentno":"1","salary":"11111","pincode":"111111","userid":"jB5M5JA4fhyBV7IKmOvl","id":"8R5NT10ab3UAeUM7uUvw"},{"accountno":"TA-1111111","departmentno":"1","salary":"11111","pincode":"111111","userid":"jB5M5JA4fhyBV7IKmOvl","id":"ovd8yXOQ8tmEYR6FBi7H"},{"accountno":"AA12345664","departmentno":"3","salary":"2312312312","pincode":"343343","userid":"sfQOqOMagd0FaUSioidz","id":"5Yr8L9suejGPJQ6Dhnry"},{"accountno":"TA-vaa4568","departmentno":"8","salary":"12310","pincode":"954011","userid":"u7nq0GWiLeCacS4KOFe3","id":"9ezPOgGpfK5TLHerG5Q3"},{"accountno":"TA-4444477","departmentno":"4","salary":"44444","pincode":"454544","userid":"rSahIiSrRaWU7MNj1icW","id":"hP4LEA8piPl1EYUAZOce"},{"accountno":"TA-4444444","departmentno":"4","salary":"44444","pincode":"454544","userid":"rSahIiSrRaWU7MNj1icW","id":"RFW2P2KuLz02Gjf8jSEg"},{"accountno":"TA-4444444","departmentno":"4","salary":"44444","pincode":"454545","userid":"rSahIiSrRaWU7MNj1icW","id":"GWFmllUYusUzznHzCYA8"},{"accountno":"AAR -12345","departmentno":"2","salary":"50000","pincode":"300024","userid":"sfQOqOMagd0FaUSioidz","id":"2eS2fxkq5tky0iQ5HAUm"},{"accountno":"TA-4444444","departmentno":"4","salary":"44444","pincode":"454545","userid":"rSahIiSrRaWU7MNj1icW","id":"fYJwroOCR9N7zM5AwO2Y"},{"accountno":"AAR -12345","departmentno":"2","salary":"50000","pincode":"300024","userid":"sfQOqOMagd0FaUSioidz","id":"RGcLZQBRE4Sv8RIgEp36"},{"accountno":"GE-6788333","departmentno":"6","salary":"34542","pincode":"557173","userid":"txyvZ2JBdVLa10kxS284","id":"eGosDqOzVgHkqkCLaAN9"},{"accountno":"shw-9999999","departmentno":"2","salary":"11111","pincode":"111111","userid":"hlI8xRxaKMwpontOHVoR","id":"7z1cpgh1mZVXkiINhA5Y"},{"accountno":"TA-00001111","departmentno":"1","salary":"1000","pincode":"137137","userid":"ziBRfLEfNtH2MHyH3MhK","id":"9db0Yv1NXWxDNsoTw1Tf"},{"accountno":"TA-999","departmentno":"4","salary":"11111","pincode":"9511344","userid":"PmSgJPYWxk9rbvH0WOO8","id":"9Y8wH3AqS6OzsBHEoI8p"},{"accountno":"Rrr12345","departmentno":9,"salary":9999990,"pincode":999990,"userid":"rSahIiSrRaWU7MNj1icW","id":"QWWgn5JWfTHXNrCJEheo"},{"accountno":"TA-9999999","departmentno":"9","salary":"9999999","pincode":"999999","userid":"rSahIiSrRaWU7MNj1icW","id":"oWAb1yWWMq6Gi7MmjIhZ"},{"accountno":"TA-6565656","departmentno":"1","salary":"6565","pincode":"656565","userid":"jB5M5JA4fhyBV7IKmOvl","id":"pwRJhtEh3AoEuAT5OuIY"},{"accountno":"TA-9999999","departmentno":"2","salary":"11111","pincode":"111111","userid":"hlI8xRxaKMwpontOHVoR","id":"YsJ15xiagO7NWC48GkEB"},{"accountno":"TA-5672334","departmentno":"1","salary":"11341","pincode":"999899","userid":"taGX4XQQfXD3Z76sI1Xn","id":"pxSZgoJSrYgnRQz7GsCj"},{"accountno":"TA-1122341","departmentno":2,"salary":200000,"pincode":770702,"userid":"qsAvy2acR3CH9AtEoVXA","id":"X6WZZB4BshmME9NBhyoI"},{"accountno":"TA-4040404","departmentno":"4","salary":"4","pincode":"444444","userid":"rGjPCz7q7Yv75qaHGWfi","id":"8fJurOySpm9BlhkwIzSI"},{"accountno":"TA-5432167","departmentno":2,"salary":20000,"pincode":300245,"userid":"sfQOqOMagd0FaUSioidz","id":"alaWfnhc6cvaq1lzq1xf"},{"accountno":"TA-1123341","departmentno":"1","salary":"100000","pincode":"770702","userid":"qsAvy2acR3CH9AtEoVXA","id":"14ecOzKli2YMfTpRkgis"},{"accountno":"TA-1235333","departmentno":"1","salary":"9000000","pincode":"770403","userid":"qsAvy2acR3CH9AtEoVXA","id":"mkCRZgL7CNu4Rwequn8s"},{"accountno":"TA-api8888","departmentno":"9","salary":"9999999","pincode":"999999","userid":"lXyAJlAAgskIPAyGhkhd","id":"6uIjchzL3j78SQzycMTg"},{"accountno":"TA-4040404","departmentno":"4","salary":"4","pincode":"444444","userid":"rGjPCz7q7Yv75qaHGWfi","id":"YwEzzJgPEAnkLT21EodQ"},{"accountno":"TA-6789345","departmentno":"2","salary":"1678654","pincode":"701234","userid":"jKfZ3sofRyGNLOt12ZrV","id":"BmoZCMcwq1EI4AbM1BiR"},{"accountno":"TA-4040404","departmentno":"4","salary":"4","pincode":"444444","userid":"rGjPCz7q7Yv75qaHGWfi","id":"x0arS6xTiW6a1Xm913XP"},{"accountno":"TA-3333333","departmentno":"1","salary":"700000","pincode":"232312","userid":"wvTE1ZsqbgfOMtiFejpq","id":"oNcdiIuoE6aj4BEQsj1a"},{"accountno":"TA-6789345","departmentno":"2","salary":"1678654","pincode":"701234","userid":"jKfZ3sofRyGNLOt12ZrV","id":"N4YMl3t72j8Vk8YFkYYi"},{"accountno":"TA-3333321","departmentno":"1","salary":"7023000","pincode":"232311","userid":"wvTE1ZsqbgfOMtiFejpq","id":"cLMNc6VbsUbuR0t7nYlQ"},{"accountno":"TA-333332","departmentno":"2","salary":"702000","pincode":"232112","userid":"wvTE1ZsqbgfOMtiFejpq","id":"uIGR9ioFIURfy6SD4htS"},{"accountno":"TA-2035684","departmentno":"4","salary":"3333333","pincode":"500000","userid":"rSahIiSrRaWU7MNj1icW","id":"8Fk8o7USfTWQa2rkpk0V"},{"accountno":"TA-3333333","departmentno":"1","salary":"700000","pincode":"232312","userid":"wvTE1ZsqbgfOMtiFejpq","id":"DdbCCYcyyyz1QAxGOfNE"},{"accountno":"TA-1122344","departmentno":"2","salary":"222222","pincode":"068111","userid":"rSahIiSrRaWU7MNj1icW","id":"zfPRmtD8uPMRg0qXk0to"},{"accountno":"TA-1122333","departmentno":22,"salary":222222,"pincode":68111,"userid":"rSahIiSrRaWU7MNj1icW","id":"nbY568qug6MQmHHYjtDL"},{"accountno":"TA-1122333","departmentno":"2","salary":"222222","pincode":"068111","userid":"rSahIiSrRaWU7MNj1icW","id":"RerYrGQQT5Yw3bqMZJMQ"},{"accountno":"TA-3333333","departmentno":"1","salary":"700000","pincode":"232312","userid":"wvTE1ZsqbgfOMtiFejpq","id":"sfCfWiWs9rTZslOkndU6"},{"accountno":"TA-2002121","departmentno":2,"salary":800000,"pincode":736511,"userid":"wvTE1ZsqbgfOMtiFejpq","id":"XOcJzlueUkhzyMs0RCCY"},{"accountno":"TA-2344321","departmentno":"1","salary":"60056","pincode":"736523","userid":"wvTE1ZsqbgfOMtiFejpq","id":"hFbI2m6ZYyar6Zo3IVF3"},{"accountno":"TA-2345123","departmentno":"1","salary":"60000","pincode":"736552","userid":"wvTE1ZsqbgfOMtiFejpq","id":"5gykkcrlLRDfyJ0Plffa"},{"accountno":"TA-2345124","departmentno":"1","salary":"6494","pincode":"736555","userid":"wvTE1ZsqbgfOMtiFejpq","id":"DfcfhPnv7dCviUggrvm5"},{"accountno":"TA-2345124","departmentno":1,"salary":6494,"pincode":736655,"userid":"XPSq6kASgDb3dWC1bfNo","id":"Kf6vEXLb0uhGnZA0UCgJ"},{"accountno":"TA-2345124","departmentno":1,"salary":6494,"pincode":736655,"userid":"XPSq6kASgDb3dWC1bfNo","id":"Y50qiOyc89G0lmjAlBo9"},{"accountno":"TA-2345123","departmentno":3,"salary":6578,"pincode":786655,"userid":"XPSq6kASgDb3dWC1bfNo","id":"EyA0VgwPrgN8TWff5Z5S"},{"accountno":"TA-50505050","departmentno":5,"salary":5000,"pincode":137137,"userid":"8Z9CZ8L5lvQiuyxEbokN","id":"p1NRGGHUzNd6z6SUbaPY"},{"accountno":"TA-2008012","departmentno":"9","salary":"2008012","pincode":"200812","userid":"pGNvLTNh7ajipS3IUPDT","id":"SU27vQG7tAR1ZFqsu8gZ"},{"accountno":"TA-0000000","departmentno":"0","salary":"000000","pincode":"000000","userid":"pGNvLTNh7ajipS3IUPDT","id":"JcWODq0Mzi2UXyeBsn9O"},{"accountno":"TA-0000000","departmentno":"0","salary":"000000","pincode":"000000","userid":"pGNvLTNh7ajipS3IUPDT","id":"zp7ARUB55VvmhNxuYrbu"},{"accountno":"TA-0000000","departmentno":"0","salary":"000000","pincode":"000000","userid":"PnfBLJA1eggslLwFRini","id":"peqq4gEXMaijtsGYOH0w"},{"accountno":"TA-1234567","departmentno":"4","salary":"12345","pincode":"987654","userid":"PmTM9XOFYIFaf3kWPbKy","id":"D2orxuIA0X7mCQalGT20"},{"accountno":"TA-4040404","departmentno":"4","salary":"4","pincode":"444444","userid":"rGjPCz7q7Yv75qaHGWfi","id":"b6kVkJSxr2LOCDbavWd4"},{"accountno":"TA-4444444","departmentno":"4","salary":"444","pincode":"444444","userid":"rGjPCz7q7Yv75qaHGWfi","id":"YIbUaNE3nFHgJYeqoUOK"},{"accountno":"TA-1414141","departmentno":"1","salary":"11","pincode":"111111","userid":"rGjPCz7q7Yv75qaHGWfi","id":"CnmmQ4FEZRwjQYWkLZNo"},{"accountno":"TA-1414141","departmentno":"1","salary":"11","pincode":"111111","userid":"rGjPCz7q7Yv75qaHGWfi","id":"76zKoeQJox2cAkjQ78u9"},{"accountno":"TA-1111220","departmentno":"1220","salary":"1220","pincode":"111220","userid":"t125VIABatxIit0Gfdqy","id":"0D8GTvTgsB3PosMfRyie"},{"accountno":"TA-9999999","departmentno":"1","salary":"11111","pincode":"111111","userid":"hlI8xRxaKMwpontOHVoR","id":"rNtkpapZskWJfgflNeyf"},{"accountno":"TA-9999999","departmentno":1,"salary":111110,"pincode":111111,"userid":"hlI8xRxaKMwpontOHVoR","id":"mOk18ogcMdZMWSSNRSK7"},{"accountno":"TA-bl54321","departmentno":"2","salary":"54321","pincode":"222111","userid":"wvTE1ZsqbgfOMtiFejpq","id":"bqaIOQOrqokxWbGYYaXK"},{"accountno":"TA-1234567","departmentno":4,"salary":99999,"pincode":666667,"userid":"hlI8xRxaKMwpontOHVoR","id":"ncGeYdXgDJGVcDrusp5C"},{"accountno":"TA-0404888","departmentno":"4","salary":"4","pincode":"444444","userid":"rGjPCz7q7Yv75qaHGWfi","id":"HgKzHqYjXgwBlo6OGyOZ"},{"accountno":"TA-3421566","departmentno":"1","salary":"43221","pincode":"666777","userid":"wvTE1ZsqbgfOMtiFejpq","id":"kXCBqZ4MbxddDxiQGHsX"},{"accountno":"TA-9999990","departmentno":"90","salary":"9990","pincode":"999990","userid":"t125VIABatxIit0Gfdqy","id":"616X7hKtDfgFTXwMNCbD"},{"accountno":"TA-2222222","departmentno":"2","salary":"222","pincode":"222222","userid":"gwcn6RK4r9LUWalrshHM","id":"yLFgjJVnQQPOFBWGuNs8"},{"accountno":"TA-123244","departmentno":"1","salary":"12645","pincode":"11111","userid":"taGX4XQQfXD3Z76sI1Xn","id":"CuUHpgAmS8VxxSagxfpL"},{"accountno":"TA-7766677","departmentno":"1","salary":"4000","pincode":"667777","userid":"vZHJD4gJwQZDv8AwTjat","id":"pglHoTWBS4iST8TxPEWz"},{"accountno":"TA-1223344","departmentno":"1","salary":"12345","pincode":"111111","userid":"taGX4XQQfXD3Z76sI1Xn","id":"2J2NU7xQTUagWZxT1yM7"},{"accountno":"TA-6666667","departmentno":"1","salary":"9000","pincode":"666777","userid":"vZHJD4gJwQZDv8AwTjat","id":"vm9PCleXdrBtmoSGcAdl"},{"accountno":"TA-suchi34","departmentno":1,"salary":55555,"pincode":700119,"userid":"iIQCsQ8hyJLxOhmuGK9t","id":"1P64NsvWNZ89yTh0Ra7w"},{"accountno":"TA-5673333","departmentno":"1","salary":"1234","pincode":"999999","userid":"iIQCsQ8hyJLxOhmuGK9t","id":"1jr19nN35UY8b8J0HiBO"},{"accountno":"TA-5673333","departmentno":"1","salary":"1234","pincode":"999999","userid":"iIQCsQ8hyJLxOhmuGK9t","id":"j9r6MIWIqgQ4l3ZjV0fV"},{"accountno":"TA-9999999","departmentno":"9","salary":"9000","pincode":"999999","userid":"t125VIABatxIit0Gfdqy","id":"IpnVaztN1Y6UMOW8z4qe"},{"accountno":"TA-1234567","departmentno":"1","salary":"43999","pincode":"999999","userid":"iIQCsQ8hyJLxOhmuGK9t","id":"a3mQ57868rVcddxdpzQV"},{"accountno":"TA-1234567","departmentno":"7","salary":"1000","pincode":"987643","userid":"t125VIABatxIit0Gfdqy","id":"Z9FYDXCQif0sIokeTatC"},{"accountno":"TA-123786","departmentno":"2","salary":"4000","pincode":"971278","userid":"pGfjZq98hw6BEeGMRRCc","id":"qIZHPCGonUc2veLrNQhQ"},{"accountno":"TA-vaa9090","departmentno":"9","salary":"88888","pincode":"666666","userid":"gwcn6RK4r9LUWalrshHM","id":"Vl3o9qTufSuUiIGb93NM"},{"accountno":"TA-vaa4568","departmentno":"8","salary":"123112","pincode":"954011","userid":"u7nq0GWiLeCacS4KOFe3","id":"aSiqCaU25e7VQ7OHDZf7"},{"accountno":"TA-7983479","departmentno":"7","salary":"7777","pincode":"068110","userid":"rSahIiSrRaWU7MNj1icW","id":"V6z0Cx3oMJp5fy5IYRAY"},{"accountno":"TA-5678988","departmentno":"6","salary":"34542","pincode":"455567","userid":"txyvZ2JBdVLa10kxS284","id":"vq0i7TyyByoNZop259SD"},{"accountno":"TA-5678933","departmentno":"6","salary":"34542","pincode":"455567","userid":"txyvZ2JBdVLa10kxS284","id":"GBzAgyYjqvFzszjLx97L"},{"accountno":"GEE-7994329","departmentno":8,"salary":67890,"pincode":537174,"userid":"txyvZ2JBdVLa10kxS284","id":"0Ci36Gs3Dj67cPkyUAhB"},{"accountno":"TA-7654320","departmentno":7,"salary":5000,"pincode":770635,"userid":"txyvZ2JBdVLa10kxS284","id":"tvimn0b6L9ShHk1YIT9Q"},{"accountno":"TA-5673333","departmentno":"1","salary":"1234","pincode":"999999","userid":"taGX4XQQfXD3Z76sI1Xn","id":"vvPdgdlxfXsUQAMMWvSQ"},{"accountno":"TA-9222221","departmentno":"1","salary":"88999","pincode":"950871","userid":"qzhBdM4Fa81tzldMkVwk","id":"FTxL2Ggva8ihEUHUYiIG"},{"accountno":"2211222331","departmentno":"5","salary":"2211","pincode":"22222","userid":"jNuJRaZD68Qzh2SYg7d8","id":"Hns50qUJIsRT4wHx5tGZ"},{"accountno":"TA-rabi","departmentno":"2","salary":"100000","pincode":"671234","userid":"jNuJRaZD68Qzh2SYg7d8","id":"w5d6xM6dNfsA2JrDjT3L"},{"accountno":"TA-1234597","departmentno":9,"salary":1234565555,"pincode":520003,"userid":"xm4wwFs5Hwr07duLwYVg","id":"HZB0ybJy88X7edlCTTh1"},{"accountno":"TA-1234587","departmentno":"9","salary":"123456789","pincode":"520003","userid":"xm4wwFs5Hwr07duLwYVg","id":"XURXRd14psHCe12ERji9"},{"accountno":"TA-5555555","departmentno":"6","salary":"77777","pincode":"888888","userid":"isfELhvM0RXfHcsLJDul","id":"qOrn6DrZSUBtEzIdQiUq"},{"accountno":"TAabcdekgh","departmentno":"4","salary":"45000","pincode":"908033","userid":"x6i83kk0zCjKq4CAPXST","id":"7eFDAM98xlcZcbSXOPqe"},{"accountno":"TA-1234767","departmentno":2,"salary":56500,"pincode":639008,"userid":"zZomRKuHLJV7NKhKVRY4","id":"EqTZDeygstJeaDFlF8YK"},{"accountno":"TA-1234767","departmentno":2,"salary":56500,"pincode":867868,"userid":"zZomRKuHLJV7NKhKVRY4","id":"oXASNkmCDnDG0t6tUbcw"},{"accountno":"TA-1234767","departmentno":2,"salary":56500,"pincode":867868,"userid":"zZomRKuHLJV7NKhKVRY4","id":"9BOvMVOA0Ght799RrEaJ"},{"accountno":"TA-1234566","departmentno":"9","salary":"123789","pincode":"1307191","userid":"taGX4XQQfXD3Z76sI1Xn","id":"qbBZrGNyBWeeRuctDGrJ"},{"accountno":"TA-98761000","departmentno":"9","salary":"9000","pincode":"987654","userid":"sDz6hu8wXncPmDthLNXn","id":"hKQ2cYYGoRKiHuFwaAqe"},{"accountno":"TA-1233455","departmentno":"2","salary":"100000","pincode":"671234","userid":"taGX4XQQfXD3Z76sI1Xn","id":"EXel7pNYjejoNBhPEW7Z"},{"accountno":"TA-1123567","departmentno":"1","salary":"123","pincode":"234567","userid":"taGX4XQQfXD3Z76sI1Xn","id":"THXEitKK3oLKzzhCtKyd"},{"accountno":"TA-1233445","departmentno":"2","salary":"1223444","pincode":"123456","userid":"taGX4XQQfXD3Z76sI1Xn","id":"XGRE5KKpKSLg8WdKWaQ6"},{"accountno":"TA-9751-jd","departmentno":9,"salary":80550,"pincode":284420,"userid":"ZOod5hungt9DCLnv0CoY","id":"nPVx6Ot68sHxUQ0QCdt9"},{"accountno":"TA-123456","departmentno":3,"salary":60500,"pincode":23456,"userid":"zrwpoTUIMWbfRpO76qJK","id":"yJQBdhJvmWzzjIAFPMGP"},{"accountno":"TA-1010102","departmentno":3,"salary":77701,"pincode":750345,"userid":"FpVQ3XUrF4t6hpWKnT8C","id":"wL1malzZ2ASLINdFu1Oz"},{"accountno":"TA-designs","departmentno":"2","salary":"25000","pincode":"897253","userid":"PO4uDNG4p3Ki8AGnulEN","id":"BWliHNuKVdzjnDYY5F7Q"},{"accountno":"11122233","departmentno":"9","salary":"500000","pincode":"678901","userid":"kqrqkGB4KffUDtO8otJn","id":"opv5SAmHCetzy37As0sb"},{"accountno":"TA-4563235","departmentno":"3","salary":"75003","pincode":"560073","userid":"taGX4XQQfXD3Z76sI1Xn","id":"s9oC7pWtozZZxL49jZkX"},{"accountno":"TA-4563235","departmentno":"3","salary":"75001","pincode":"560073","userid":"taGX4XQQfXD3Z76sI1Xn","id":"FT8K3SNxm4l4mBpl3Rz9"},{"accountno":"TA-1223133","departmentno":"3","salary":"75000","pincode":"560073","userid":"taGX4XQQfXD3Z76sI1Xn","id":"Ijne1qXypXzQzk5yiR83"},{"accountno":"TA-4563234","departmentno":"3","salary":"65000","pincode":"234523","userid":"taGX4XQQfXD3Z76sI1Xn","id":"s2WH6NOF4vhGWIvVIwFX"},{"accountno":"TA-0099882","departmentno":"1","salary":"123","pincode":"111999","userid":"fop79TzJpDpPIXSEPC4c","id":"kVCOgyjxzSFJX4kFH1od"},{"accountno":"TA-3333332","departmentno":"3","salary":"3333","pincode":"333333","userid":"xPgXXPtOkw2m8eiug6Qv","id":"594gbX4LQ6jW0YSdIBBv"},{"accountno":"TA-0099882","departmentno":"1","salary":"123","pincode":"111999","userid":"fop79TzJpDpPIXSEPC4c","id":"VssJxgJ7k0W5ZLzvqwRk"},{"accountno":"TA-4411223","departmentno":"1","salary":"123","pincode":"123456","userid":"LDgqXGs0YI310qvbz63k","id":"hhsjpuh9rxX53rrt7mzz"},{"accountno":"TA-0011223","departmentno":"1","salary":"123","pincode":"123456","userid":"LDgqXGs0YI310qvbz63k","id":"gSovrwDoFlZqyt7HM95o"},{"accountno":"TA-2233459","departmentno":"2","salary":"2222","pincode":"233446","userid":"hLmoSgaGxc5rJEWXeBuQ","id":"WhsNZWslUu1OalGVZCYS"},{"accountno":"TA-2233456","departmentno":"2","salary":"2222","pincode":"233446","userid":"hLmoSgaGxc5rJEWXeBuQ","id":"bdGCGG1L1YKSoMMMmGAh"},{"accountno":"TA-2233492","departmentno":"5","salary":"2222","pincode":"404041","userid":"hLmoSgaGxc5rJEWXeBuQ","id":"GQ1gBLc7uPD5EpQ8BdBW"},{"accountno":"TA-2233492","departmentno":"5","salary":"2222","pincode":"404041","userid":"hLmoSgaGxc5rJEWXeBuQ","id":"pwL0LU8pEdBVNXIm3453"},{"accountno":"TA-2233491","departmentno":"5","salary":"2222","pincode":"404041","userid":"hLmoSgaGxc5rJEWXeBuQ","id":"uL9KhtTXe6GbHito8550"},{"accountno":"TA-2233491","departmentno":"5","salary":"2222","pincode":"404041","userid":"hLmoSgaGxc5rJEWXeBuQ","id":"z7BPONojDv7pGYphM8yo"},{"accountno":"TA-2233490","departmentno":"4","salary":"444","pincode":"404040","userid":"hLmoSgaGxc5rJEWXeBuQ","id":"xmPgvGZYBgPfhb1nZiaU"},{"accountno":"TA-2233490","departmentno":"4","salary":"444","pincode":"404040","userid":"hLmoSgaGxc5rJEWXeBuQ","id":"u0CVyNbzCk64TW1O2RWK"},{"accountno":"TC11","departmentno":"3","salary":10000,"pincode":2222,"userid":"r657BEYL3kM8lckt64O0","id":"4dIJ5IiryLrJdBotSLRl"},{"accountno":"TC10","departmentno":"3","salary":10000,"pincode":2222,"userid":"r657BEYL3kM8lckt64O0","id":"nP0ZniDV7L54ecHkZawg"},{"accountno":"TA-1010101","departmentno":"1","salary":"31","pincode":"900000","userid":"rocJiQ1MfQGzLYqx5gwH","id":"1JlXWYknsgJxPIPlqARO"},{"accountno":"TC13","departmentno":"2","salary":100000,"pincode":1111,"userid":"r657BEYL3kM8lckt64O0","id":"HORQKrnagQ4WQS78bNb9"},{"accountno":"TC12","departmentno":"2","salary":100000,"pincode":1111,"userid":"r657BEYL3kM8lckt64O0","id":"GYeaH3RdJOb4pYyLLc6N"},{"accountno":"TC13","departmentno":"2","salary":100000,"pincode":1111,"userid":"r657BEYL3kM8lckt64O0","id":"AQwzoyGLNlfwRP7UHYIY"},{"accountno":"TC12","departmentno":"2","salary":100000,"pincode":1111,"userid":"r657BEYL3kM8lckt64O0","id":"e5xRC829JMgocOb9Dihn"},{"accountno":"TC13","departmentno":"2","salary":100000,"pincode":1111,"userid":"r657BEYL3kM8lckt64O0","id":"FkYgJ9HoKDxoUsc9f7jg"},{"accountno":"TA-PR11024","departmentno":"1","salary":"2000","pincode":"945399","userid":"o317WJnJvcdbT7eEI8I2","id":"n0LZgZtPcq5Lqr1r6Ml6"},{"accountno":"T111","departmentno":"100","salary":"10000","pincode":"11111","userid":"r657BEYL3kM8lckt64O0","id":"n0qxk8LnYMtXkRZtnUPJ"},{"accountno":"T111","departmentno":"100","salary":"10000","pincode":"11111","userid":"r657BEYL3kM8lckt64O0","id":"rajLvWAlCNpzFqa2p8v2"},{"accountno":"T111","departmentno":"100","salary":"10000","pincode":"11111","userid":"r657BEYL3kM8lckt64O0","id":"IYVQ3VUIuvBpR8TYKHs2"},{"accountno":"TA-7222221","departmentno":"7","salary":"5555","pincode":"923465","userid":"isfELhvM0RXfHcsLJDul","id":"2AKSJEDTiszaZk19ktwP"},{"accountno":"TA-PR11024","departmentno":"1","salary":"2000","pincode":"945399","userid":"o317WJnJvcdbT7eEI8I2","id":"3A33ffVHpXfjD1kWuGKh"},{"accountno":"T111","departmentno":"100","salary":"10000","pincode":"11111","userid":"r657BEYL3kM8lckt64O0","id":"n2WrqXhMH3A8l8aXrDBL"},{"accountno":"T111","departmentno":"100","salary":"10000","pincode":"11111","userid":"r657BEYL3kM8lckt64O0","id":"avDRcYFtqspBdHqCFbOL"},{"accountno":"T111","departmentno":"100","salary":"10000","pincode":"11111","userid":"r657BEYL3kM8lckt64O0","id":"rnCzXhwhmaRVVKZn5xzv"},{"accountno":"{{accountno}}","departmentno":"{{departmentno}}","salary":"{{salary}}","pincode":"{{pincode}}","userid":"r657BEYL3kM8lckt64O0","id":"Kujqxb5uyiwjDrJXAr1s"},{"accountno":"{{accountno}}","departmentno":"{{departmentno}}","salary":"{{salary}}","pincode":"{{pincode}}","userid":"r657BEYL3kM8lckt64O0","id":"UndNzj3MwS0hhKIsiRa3"},{"accountno":"TA-PR11024","departmentno":"1","salary":"2000","pincode":"945399","userid":"o317WJnJvcdbT7eEI8I2","id":"NVySwwsz3tvgjK4itb6z"},{"accountno":"TA-PR11023","departmentno":"1","salary":"2000","pincode":"945399","userid":"o317WJnJvcdbT7eEI8I2","id":"H5xp5rGPoba26Z27cmdv"},{"accountno":"TA-PR11023","departmentno":"1","salary":"2000","pincode":"945399","userid":"o317WJnJvcdbT7eEI8I2","id":"XcD8DwRIsZ5PQSUIqHdD"},{"accountno":"TA-PR11023","departmentno":"1","salary":"2000","pincode":"945399","userid":"o317WJnJvcdbT7eEI8I2","id":"Q5AGw0aUUWWVZrIxtqoz"},{"accountno":"TA-PR11023","departmentno":"1","salary":"2000","pincode":"945399","userid":"o317WJnJvcdbT7eEI8I2","id":"1f0dmasdT9IRHf8vQabp"},{"accountno":"TA-3333332","departmentno":"3","salary":"3333","pincode":"333333","userid":"xPgXXPtOkw2m8eiug6Qv","id":"Q4kFAzvp3PtUWh3EoP7W"},{"accountno":"TA-3333332","departmentno":"3","salary":"3333","pincode":"333333","userid":"xPgXXPtOkw2m8eiug6Qv","id":"gyqnGK7YdmZMFcTDeKKI"},{"accountno":"TA-3333332","departmentno":"3","salary":"3333","pincode":"333333","userid":"xPgXXPtOkw2m8eiug6Qv","id":"pjBFdGvaHOCO5p4F260B"},{"accountno":"TA-3333332","departmentno":"3","salary":"3333","pincode":"333333","userid":"xPgXXPtOkw2m8eiug6Qv","id":"dLdwKcrru8FSZCbfzbno"},{"accountno":"TA-9876333","departmentno":"3","salary":"3000","pincode":"987000","userid":"ryVwCNmn6bfypL1OgtSg","id":"cPryvBNv8PPmG7Fs6hdx"},{"accountno":"TA-9876333","departmentno":"3","salary":"3000","pincode":"987000","userid":"sDz6hu8wXncPmDthLNXn","id":"9nliIX4uJMURdwE8KMEH"},{"accountno":"TA-93333334","departmentno":"3","salary":"00003","pincode":"000003","userid":"taGX4XQQfXD3Z76sI1Xn","id":"GvabbPNazhGcAJn2CueT"},{"accountno":"TA-9876333","departmentno":"3","salary":"3000","pincode":"987000","userid":"taGX4XQQfXD3Z76sI1Xn","id":"ZmXPemPyRIs8iRbboRqe"},{"accountno":"TA-2222009","departmentno":"7","salary":"345","pincode":"456789","userid":"zooqXG7ZwAYI6imLwToS","id":"pCq0muEZADbIOd5Mv7Sd"},{"accountno":"TA-2222009","departmentno":"9","salary":"345","pincode":"456789","userid":"zooqXG7ZwAYI6imLwToS","id":"6taPNUgOebCSuzyAoaVx"},{"accountno":"TA-2222009","departmentno":"9","salary":"345","pincode":"456789","userid":"zooqXG7ZwAYI6imLwToS","id":"lvVhCXmkg81WLCziHghj"},{"accountno":"TA-2222009","departmentno":"9","salary":"345","pincode":"456789","userid":"zooqXG7ZwAYI6imLwToS","id":"WJDMtsUZHuZor9fbM8bX"},{"accountno":"TA-2222009","departmentno":"9","salary":"345","pincode":"456789","userid":"zooqXG7ZwAYI6imLwToS","id":"oVIL2frCpmuAUNdQEs2X"},{"accountno":"TA-9876333","departmentno":"3","salary":"3000","pincode":"987000","userid":"sDz6hu8wXncPmDthLNXn","id":"IXo9dBIfk0SUcF5xtuJO"},{"accountno":"TA-2222009","departmentno":"9","salary":"345","pincode":"456789","userid":"zooqXG7ZwAYI6imLwToS","id":"u4SOrazsgcxtFhVS5INR"},{"accountno":"TA-2222009","departmentno":"9","salary":"345","pincode":"456789","userid":"zooqXG7ZwAYI6imLwToS","id":"pFU9E9BRlMIFzf8YxcXO"},{"accountno":"TA-2222009","departmentno":"9","salary":"345","pincode":"456789","userid":"zooqXG7ZwAYI6imLwToS","id":"OiqCYrEm5v6EBunAC7Z1"},{"accountno":"TA-2222009","departmentno":"7","salary":"345","pincode":"456789","userid":"zooqXG7ZwAYI6imLwToS","id":"an6ZHqCCFvt959xm8FWp"},{"accountno":"TA-2222009","departmentno":"9","salary":"345","pincode":"456789","userid":"zooqXG7ZwAYI6imLwToS","id":"Iwhvb8xoHuQUTPr2g12p"},{"accountno":"TA-9876333","departmentno":"3","salary":"3000","pincode":"987000","userid":"sDz6hu8wXncPmDthLNXn","id":"P7mTJoyRh2IJretDd3uM"},{"accountno":"TA-9876333","departmentno":"3","salary":"3000","pincode":"987000","userid":"sDz6hu8wXncPmDthLNXn","id":"Vmo62NmKM0NgHEaLCGHA"},{"accountno":"TA-9876123","departmentno":"3","salary":"3000","pincode":"987000","userid":"sDz6hu8wXncPmDthLNXn","id":"4AGEMRvTGIQg8ax5vxIB"},{"accountno":"TA-PR11020","departmentno":"2","salary":"6000","pincode":"945399","userid":"o317WJnJvcdbT7eEI8I2","id":"8j38gtOFYaBrb91B2ezB"},{"accountno":"TA-PR11020","departmentno":"2","salary":"6000","pincode":"945399","userid":"o317WJnJvcdbT7eEI8I2","id":"Jf8GK6pb9XDqjfk081B2"},{"accountno":"TA-3333332","departmentno":"3","salary":"3333","pincode":"333333","userid":"xPgXXPtOkw2m8eiug6Qv","id":"zHs8SuHSVcnbvPkAEjzF"},{"accountno":"TA-3333332","departmentno":"3","salary":"3333","pincode":"333333","userid":"xPgXXPtOkw2m8eiug6Qv","id":"kOmemmHLeKfGijkluYun"},{"accountno":"TA-1234567","departmentno":"4","salary":"5000","pincode":"123456","userid":"zAaWSSxusVzNkGJGCuQB","id":"5Y9A56DY2L5D6wrgIVTF"},{"accountno":"TA-PR11019","departmentno":"1","salary":"123","pincode":"945399","userid":"o317WJnJvcdbT7eEI8I2","id":"zeHhvfIs3kAIVi1EDPq6"},{"accountno":"TA-PR11019","departmentno":"1","salary":"123","pincode":"945399","userid":"o317WJnJvcdbT7eEI8I2","id":"Dv9YjWHht4N1alhokP2i"},{"accountno":"TA-12345ab","departmentno":"3","salary":"5000","pincode":"455555","userid":"zAaWSSxusVzNkGJGCuQB","id":"EUV8oYBY7V1LazS5zwQp"},{"accountno":"TA-2222008","departmentno":"9","salary":"345","pincode":"456789","userid":"zooqXG7ZwAYI6imLwToS","id":"D27vOjN90Ogg3qAqERRN"},{"accountno":"TA-2222008","departmentno":"9","salary":"345","pincode":"456789","userid":"zooqXG7ZwAYI6imLwToS","id":"INT7zYKRGocNuNAE6CaM"},{"accountno":"TA-2222008","departmentno":"9","salary":"345","pincode":"456789","userid":"zooqXG7ZwAYI6imLwToS","id":"bPXjesexdWQcGT7WGmQn"},{"accountno":"TA-2222008","departmentno":"9","salary":"345","pincode":"456789","userid":"zooqXG7ZwAYI6imLwToS","id":"utygK6mdV7iOLKkJ0qWM"},{"accountno":"TA-2222009","departmentno":"9","salary":"345","pincode":"456789","userid":"zooqXG7ZwAYI6imLwToS","id":"R6tk9Xa4SKAxTQok7hKd"},{"accountno":"TA-PR11019","departmentno":"1","salary":"123","pincode":"945399","userid":"o317WJnJvcdbT7eEI8I2","id":"JXCylajR96CeNVAbqJOV"},{"accountno":"TA-20203pp","departmentno":"5","salary":"500","pincode":"222222","userid":"zAaWSSxusVzNkGJGCuQB","id":"rWKPbtb1t8ywsoZi2tFN"},{"accountno":"TA-3333332","departmentno":"3","salary":"3333","pincode":"333333","userid":"xPgXXPtOkw2m8eiug6Qv","id":"x1AddAypLccRKszAp6g2"},{"accountno":"TA-98761000","departmentno":"9","salary":"9000","pincode":"987654","userid":"sDz6hu8wXncPmDthLNXn","id":"jlvYFdgOO6PIzz1ICRlT"},{"accountno":"TA-3333332","departmentno":"3","salary":"3333","pincode":"333333","userid":"xPgXXPtOkw2m8eiug6Qv","id":"1jMGLzbNJwMwpFqpBLmG"},{"accountno":"TA-3333332","departmentno":"3","salary":"3333","pincode":"333333","userid":"xPgXXPtOkw2m8eiug6Qv","id":"B5XVkbu7WwCWDsZ5Jafu"},{"accountno":"TA-PR11018","departmentno":"1","salary":"123","pincode":"945399","userid":"o317WJnJvcdbT7eEI8I2","id":"eL1QuOTdgTxmCbG04854"},{"accountno":"TA-3333332","departmentno":"3","salary":"3333","pincode":"333333","userid":"xPgXXPtOkw2m8eiug6Qv","id":"52Ogbgx8qBocPpbnyeit"},{"accountno":"TA-3333332","departmentno":"3","salary":"3333","pincode":"333333","userid":"xPgXXPtOkw2m8eiug6Qv","id":"SWTX45r06ePBadxaOoHx"},{"accountno":"TA-3333332","departmentno":"3","salary":"3333","pincode":"333333","userid":"xPgXXPtOkw2m8eiug6Qv","id":"Q2zBt4mNITfwOa3HTX6i"},{"accountno":"TA-3333332","departmentno":"3","salary":"3333","pincode":"333333","userid":"xPgXXPtOkw2m8eiug6Qv","id":"IZlxsYfUb0IvvBOo0CbJ"},{"accountno":"TA-3333332","departmentno":"3","salary":"3333","pincode":"333333","userid":"xPgXXPtOkw2m8eiug6Qv","id":"EVbaJX5HI9N1QXGzAvsS"},{"accountno":"TA-3333332","departmentno":"3","salary":"3333","pincode":"333333","userid":"xPgXXPtOkw2m8eiug6Qv","id":"nmuC1NPQ2NmHFrqn9TE0"},{"accountno":"TA-2233454","departmentno":"6","salary":"6666","pincode":"233445","userid":"hLmoSgaGxc5rJEWXeBuQ","id":"G77RZvptWLEkdaJWOkuq"},{"accountno":"TA-3333332","departmentno":"3","salary":"3333","pincode":"333333","userid":"xPgXXPtOkw2m8eiug6Qv","id":"mbx7QA7N1VhSUA0TKMbD"},{"accountno":"TA-3333332","departmentno":"3","salary":"3333","pincode":"333333","userid":"xPgXXPtOkw2m8eiug6Qv","id":"KbN50Lbp42qQjmtQCXGn"},{"accountno":"TA-PR11017","departmentno":"1","salary":"123","pincode":"945399","userid":"o317WJnJvcdbT7eEI8I2","id":"yeHlGCovhFXKbol08M5n"},{"accountno":"TA-PR11017","departmentno":"1","salary":"123","pincode":"945399","userid":"o317WJnJvcdbT7eEI8I2","id":"TvcSXyYe2xc1jSfDgAIB"},{"accountno":"TA-PR11017","departmentno":"1","salary":"123","pincode":"945399","userid":"o317WJnJvcdbT7eEI8I2","id":"cHnccd2sQPeKLFlZZq1F"},{"accountno":"TA-PR11017","departmentno":"1","salary":"123","pincode":"945399","userid":"o317WJnJvcdbT7eEI8I2","id":"6sPjPqIPkBbGp0QMLS6r"},{"accountno":"TA-PR11017","departmentno":"1","salary":"123","pincode":"945399","userid":"o317WJnJvcdbT7eEI8I2","id":"VP70hKT3pOcOcs5ieq9s"},{"accountno":"TA-PR11017","departmentno":"1","salary":"123","pincode":"945399","userid":"o317WJnJvcdbT7eEI8I2","id":"qluSrUWd4x6TwHezwmIz"},{"accountno":"TA-PR11017","departmentno":"1","salary":"123","pincode":"945399","userid":"o317WJnJvcdbT7eEI8I2","id":"TolYhfGkI5v6u898rdHj"},{"accountno":"TA-2233451","departmentno":"7","salary":"7777","pincode":"233445","userid":"hLmoSgaGxc5rJEWXeBuQ","id":"JCOdUGIkgLnu28OhGFYP"},{"accountno":"TA-3333332","departmentno":"3","salary":"3333","pincode":"333333","userid":"xPgXXPtOkw2m8eiug6Qv","id":"AejPFgO5ON7PIx6wNtpU"},{"accountno":"TA-3333333","departmentno":"3","salary":"3333","pincode":"333333","userid":"xPgXXPtOkw2m8eiug6Qv","id":"w4x1fLi7R1BzZk0IZg1e"},{"accountno":"TA-2222222","departmentno":"2","salary":"2222","pincode":"222222","userid":"xPgXXPtOkw2m8eiug6Qv","id":"eX5F1aSbBGKlpVg7BrJW"},{"accountno":"TA-2222000","departmentno":"7","salary":"345","pincode":"456789","userid":"zooqXG7ZwAYI6imLwToS","id":"WvN0wNWiEXgC6V1GtrdY"},{"accountno":"TA-2222000","departmentno":"7","salary":"345","pincode":"456789","userid":"zooqXG7ZwAYI6imLwToS","id":"1kOLduv6YsraFo3fH9Uf"},{"accountno":"TA-2222000","departmentno":"7","salary":"345","pincode":"456789","userid":"zooqXG7ZwAYI6imLwToS","id":"ibeaSGHbsMw8k6xK4YxV"},{"accountno":"TA-2222000","departmentno":"7","salary":"345","pincode":"456789","userid":"zooqXG7ZwAYI6imLwToS","id":"IBZCac6O68JbwrLTAMiH"},{"accountno":"TA-9876123","departmentno":"3","salary":"3000","pincode":"987000","userid":"sDz6hu8wXncPmDthLNXn","id":"uzLbHIjQD1LCr2bjRGWu"},{"accountno":"TA-2222000","departmentno":"7","salary":"345","pincode":"456789","userid":"zooqXG7ZwAYI6imLwToS","id":"Dv7mj9Zb1Lj9JyMdSecU"},{"accountno":"TA-2222000","departmentno":"7","salary":"345","pincode":"456789","userid":"zooqXG7ZwAYI6imLwToS","id":"hA2hn6ahTZPLU6HPCEqu"},{"accountno":"TA-2222000","departmentno":"7","salary":"345","pincode":"456789","userid":"zooqXG7ZwAYI6imLwToS","id":"Wx3JBPDDPRxjtHkHwXQ4"},{"accountno":"TA-2222000","departmentno":"9","salary":"345","pincode":"456789","userid":"zooqXG7ZwAYI6imLwToS","id":"MvT0jGcYHVXNsDlNjPYk"},{"accountno":"TA-9876543","departmentno":"4","salary":"777","pincode":"888888","userid":"zooqXG7ZwAYI6imLwToS","id":"5ZQ3MlxzUOVW7nzWqs5E"},{"accountno":"TA-9876000","departmentno":"9","salary":"9000","pincode":"987654","userid":"sDz6hu8wXncPmDthLNXn","id":"NvauWBsf0FBjDkESYOLB"},{"accountno":"TA-9876541","departmentno":"9","salary":"9000","pincode":"987654","userid":"sDz6hu8wXncPmDthLNXn","id":"jiDKJ7feD4OswAYoBw8Z"},{"accountno":"TA-9876541","departmentno":"9","salary":"9000","pincode":"987654","userid":"sDz6hu8wXncPmDthLNXn","id":"5wojuA4pTwPAhhxeamEX"},{"accountno":"TA-9876543","departmentno":"9","salary":"9000","pincode":"987654","userid":"sDz6hu8wXncPmDthLNXn","id":"mSZA2twjNQ4VwXLTj8O3"},{"accountno":"TA-1234567","departmentno":"3","salary":"3000","pincode":"123456","userid":"sDz6hu8wXncPmDthLNXn","id":"NpIgbwqN1tSHKFlIMvsQ"},{"accountno":"TA-2222000","departmentno":"9","salary":"345","pincode":"456789","userid":"zooqXG7ZwAYI6imLwToS","id":"O0KgIrE7JpuNFelIE1OE"},{"accountno":"TA-9876543","departmentno":"4","salary":"777","pincode":"888888","userid":"zooqXG7ZwAYI6imLwToS","id":"GDtIRI6Zngk2SKUeD9zp"},{"accountno":"TA-9876543","departmentno":"4","salary":"777","pincode":"888888","userid":"zooqXG7ZwAYI6imLwToS","id":"8PT0c9XjOquRrLamSOjQ"},{"accountno":"TA-9876543","departmentno":"4","salary":"777","pincode":"888888","userid":"zooqXG7ZwAYI6imLwToS","id":"VsqVZtowN6vIZ0JKiOzc"},{"accountno":"TA-9876543","departmentno":"null","salary":"777","pincode":"888888","userid":"zooqXG7ZwAYI6imLwToS","id":"W3Clm2IXXUQRMZ1Z4077"},{"accountno":"TA-9876543","departmentno":"7","salary":"6666","pincode":"909090","userid":"zooqXG7ZwAYI6imLwToS","id":"gYplJZbA0R0Bm0I0BOIs"},{"accountno":"TA-2222000","departmentno":"9","salary":"345","pincode":"456789","userid":"zooqXG7ZwAYI6imLwToS","id":"qJdqRuzgAOyucAmsHp83"},{"accountno":"TA-2222000","departmentno":"9","salary":"345","pincode":"456789","userid":"zooqXG7ZwAYI6imLwToS","id":"Z1TtDjTExeSwnaWAsoMW"},{"accountno":"TA-2222000","departmentno":"9","salary":"345","pincode":"456789","userid":"zooqXG7ZwAYI6imLwToS","id":"KJUYLJD22PlBNHVFKlAc"},{"accountno":"TA-2222000","departmentno":"9","salary":"345","pincode":"456789","userid":"zooqXG7ZwAYI6imLwToS","id":"GDrGcyYkPdY6APiVj7h3"},{"accountno":"TA-2222000","departmentno":"9","salary":"345","pincode":"456789","userid":"zooqXG7ZwAYI6imLwToS","id":"3BTW6TaBLjy9BlMuHzX2"},{"accountno":"TA-2222000","departmentno":"9","salary":"345","pincode":"456789","userid":"zooqXG7ZwAYI6imLwToS","id":"6lHSec81qbODfyGpipjZ"},{"accountno":"TA-2222000","departmentno":"9","salary":"345","pincode":"456789","userid":"zooqXG7ZwAYI6imLwToS","id":"v8lnKniDDueJuMfnlRSs"},{"accountno":"TA-2222000","departmentno":"9","salary":"345","pincode":"456789","userid":"zooqXG7ZwAYI6imLwToS","id":"WYrKJ8SGqYC2Ik6EzYqU"},{"accountno":"TA-9876543","departmentno":"6","salary":"777","pincode":"888888","userid":"zooqXG7ZwAYI6imLwToS","id":"hjpExMZmunKtFYlzZmVA"},{"accountno":"TA-9876543","departmentno":"7","salary":"777","pincode":"888888","userid":"zooqXG7ZwAYI6imLwToS","id":"OiGF9IED5YNvSmqcoc11"},{"accountno":"TA-2220193","departmentno":"9","salary":"345","pincode":"456789","userid":"zooqXG7ZwAYI6imLwToS","id":"1oqKSw6b07KWYVlk1NJj"},{"accountno":"TA-2220133","departmentno":"9","salary":"345","pincode":"456789","userid":"zooqXG7ZwAYI6imLwToS","id":"yiOu6AmDHt68GDbVqGq8"},{"accountno":"TA-2220111","departmentno":"9","salary":"345","pincode":"456789","userid":"zooqXG7ZwAYI6imLwToS","id":"4CNH8VNxZx6Lt6WEVHn1"},{"accountno":"TA-2222111","departmentno":"9","salary":"345","pincode":"456789","userid":"zooqXG7ZwAYI6imLwToS","id":"xHKMAEpPx5qnOARfqVZo"},{"accountno":"TA-2222201","departmentno":9,"salary":345,"pincode":456789,"userid":"zooqXG7ZwAYI6imLwToS","id":"UZlGWrWtqvq7YPfFVycb"},{"accountno":"TA-2222000","departmentno":"9","salary":"345","pincode":"456789","userid":"zooqXG7ZwAYI6imLwToS","id":"aYJUBmtxekewh2uoZ2qU"},{"accountno":"TA-2222200","departmentno":"9","salary":"345","pincode":"456789","userid":"zooqXG7ZwAYI6imLwToS","id":"gZUfULaXdYGd2LbhqYBY"},{"accountno":"TA-2222220","departmentno":"9","salary":"345","pincode":"456789","userid":"zooqXG7ZwAYI6imLwToS","id":"kKpOtXegYIAksONgqkPj"},{"accountno":"TA-2222220","departmentno":"9","salary":"345","pincode":"456789","userid":"zooqXG7ZwAYI6imLwToS","id":"btkpBA3ANruSyoQXIjby"},{"accountno":"TA-2222220","departmentno":"9","salary":"345","pincode":"456789","userid":"zooqXG7ZwAYI6imLwToS","id":"CRd7hWIlbsiVjp9JHA0i"},{"accountno":"TA-6767342","departmentno":"2","salary":"40000","pincode":"123456","userid":"V53JqxS7nf5pZ0g7TbM2","id":"aWpjx6FzpxNOFW3Igsgo"},{"accountno":"TA-6767342","departmentno":"2","salary":"40000","pincode":"123456","userid":"V53JqxS7nf5pZ0g7TbM2","id":"JXKvkgx4t72EqGxuoI4u"},{"accountno":"TA-6767342","departmentno":"2","salary":"40000","pincode":"123456","userid":"V53JqxS7nf5pZ0g7TbM2","id":"38XaAYxKFxrsMEaftGOs"},{"accountno":"TA-6767342","departmentno":"2","salary":"40000","pincode":"123456","userid":"V53JqxS7nf5pZ0g7TbM2","id":"s2q9CWrGRfaQX8x7LHsp"},{"accountno":"TA-9999881","departmentno":"1","salary":"2000","pincode":"123123","userid":"taGX4XQQfXD3Z76sI1Xn","id":"qw9yqWiJLr5J0tMY27Rp"},{"accountno":"TA-9999882","departmentno":"1","salary":"123","pincode":"111999","userid":"taGX4XQQfXD3Z76sI1Xn","id":"6lEKMJT5scWs6O6eW2Bo"},{"accountno":"TA-93333333","departmentno":"4","salary":"00004","pincode":"000003","userid":"taGX4XQQfXD3Z76sI1Xn","id":"eDxKzGqCoW55UroFXe5B"},{"accountno":"TA-PR11016","departmentno":"2","salary":"6000","pincode":"945399","userid":"o317WJnJvcdbT7eEI8I2","id":"LeqERSSzNYXmqNjDN9kF"},{"accountno":"TA-PR11015","departmentno":"2","salary":"6000","pincode":"945399","userid":"o317WJnJvcdbT7eEI8I2","id":"KHlTbTHpmXkkDwu5wRNF"},{"accountno":"TA-7777777","departmentno":"7","salary":"4000","pincode":"123456","userid":"fop79TzJpDpPIXSEPC4c","id":"LsqSSS08ZO94ZGeqzAGs"},{"accountno":"TA-7777777","departmentno":"7","salary":"4000","pincode":"123456","userid":"fop79TzJpDpPIXSEPC4c","id":"fAnrRG3DRT0EFhm1Z5ca"},{"accountno":"TA-1111111","departmentno":"1","salary":"11111","pincode":"111111","userid":"xPgXXPtOkw2m8eiug6Qv","id":"JABGUmKiHjewClIXlTzb"},{"accountno":"TA-2233446","departmentno":"5","salary":"555","pincode":"123455","userid":"hLmoSgaGxc5rJEWXeBuQ","id":"2jXkfSpcEnpERj0FcQeT"},{"accountno":"TA-2233446","departmentno":"5","salary":"555","pincode":"123455","userid":"hLmoSgaGxc5rJEWXeBuQ","id":"pAJwsnvnsKtB1TEUP3LV"},{"accountno":"TA-2233446","departmentno":"5","salary":"555","pincode":"123455","userid":"hLmoSgaGxc5rJEWXeBuQ","id":"uwlE15v9Ji6ePLYAy4AE"},{"accountno":"TA-0099881","departmentno":"1","salary":"2000","pincode":"123123","userid":"t0FypKvwYJfLOXYFZTIN","id":"dhcnz7UJKJPVttRC3ckT"},{"accountno":"TA-0099881","departmentno":"1","salary":"2000","pincode":"123123","userid":"t0FypKvwYJfLOXYFZTIN","id":"5ucchDkEijxdZ6gILOGL"},{"accountno":"TA-0099881","departmentno":"1","salary":"2000","pincode":"123123","userid":"t0FypKvwYJfLOXYFZTIN","id":"dI6PEhwJuesHjrqpsneU"},{"accountno":"TA-0099881","departmentno":"1","salary":"2000","pincode":"123123","userid":"t0FypKvwYJfLOXYFZTIN","id":"FlS5wo1eX2jaOSnzsyhg"},{"accountno":"TA-0099881","departmentno":"1","salary":"2000","pincode":"123123","userid":"t0FypKvwYJfLOXYFZTIN","id":"U0m9gUFLIOxNKeEpuURT"},{"accountno":"TA-0099881","departmentno":"1","salary":"2000","pincode":"123123","userid":"t0FypKvwYJfLOXYFZTIN","id":"SEKi2QAfTBB7J2DZF8kB"},{"accountno":"TA-0099882","departmentno":"1","salary":"2000","pincode":"123123","userid":"zhFI4oQlHjP2cn3mW3GP","id":"txXZ3rAUGh1pOkzLq9ly"},{"accountno":"TA-0099881","departmentno":"1","salary":"2000","pincode":"123123","userid":"zhFI4oQlHjP2cn3mW3GP","id":"HFplsSiwtCIR2zocyAlK"},{"accountno":"TA-0099881","departmentno":"5","salary":"2000","pincode":"123123","userid":"t0FypKvwYJfLOXYFZTIN","id":"EFuUqy1z2o23ftMgHPrZ"},{"accountno":"TA-2233442","departmentno":"5","salary":"555","pincode":"123455","userid":"hLmoSgaGxc5rJEWXeBuQ","id":"p5St0enGuO3vznlSb42m"},{"accountno":"TA- 350350","departmentno":"1","salary":"352","pincode":"153246","userid":"ryVwCNmn6bfypL1OgtSg","id":"K0uMjtVe6wo2VFbRyUm2"},{"accountno":"TA-2233441","departmentno":"5","salary":"555","pincode":"123455","userid":"hLmoSgaGxc5rJEWXeBuQ","id":"GIm34f9ML23nUtCkK0w3"},{"accountno":"TA-4545454","departmentno":"1","salary":"500","pincode":"627117","userid":"ryVwCNmn6bfypL1OgtSg","id":"o5QuRVLHcR4zJtKUh8P5"},{"accountno":"TA-3333331","departmentno":"9","salary":"345","pincode":"456789","userid":"zooqXG7ZwAYI6imLwToS","id":"KL5panNlUlc3a04Aqfik"},{"accountno":"TA-1234567","departmentno":"4","salary":"444","pincode":"445566","userid":"zooqXG7ZwAYI6imLwToS","id":"Bwr1ft52ZxB3Kf39e7Yk"},{"accountno":"TA-6666669","departmentno":"1","salary":"100","pincode":"123456","userid":"fop79TzJpDpPIXSEPC4c","id":"wOP2g1x8IDnxtWkTe3T8"},{"accountno":"TA-1000000","departmentno":"9","salary":"345","pincode":"456789","userid":"zooqXG7ZwAYI6imLwToS","id":"qSoi9ouYJxI9jMrvpwKk"},{"accountno":"TA-1234565","departmentno":"9","salary":"345","pincode":"456789","userid":"zooqXG7ZwAYI6imLwToS","id":"lGPntili91gvkruGH4d4"},{"accountno":"TA-1234569","departmentno":"9","salary":"345","pincode":"456789","userid":"zooqXG7ZwAYI6imLwToS","id":"9Y97uJlnWVyTnyw0S2Dg"},{"accountno":"TA-1234568","departmentno":"9","salary":"345","pincode":"456789","userid":"zooqXG7ZwAYI6imLwToS","id":"cjkooyV5zwmozmNZHgn7"},{"accountno":"TA-1234560","departmentno":7,"salary":345,"pincode":456789,"userid":"zooqXG7ZwAYI6imLwToS","id":"2KG259FUd6WxKmnZ8AWU"},{"accountno":"TA-1234568","departmentno":"5","salary":"345","pincode":"456789","userid":"zooqXG7ZwAYI6imLwToS","id":"g62u2qk98lO3xPNTzyT6"},{"accountno":"TA-1234568","departmentno":6,"salary":345,"pincode":456789,"userid":"zooqXG7ZwAYI6imLwToS","id":"LTgMGftmN645NegntWUX"},{"accountno":"TA-1234568","departmentno":"5","salary":"345","pincode":"456789","userid":"zooqXG7ZwAYI6imLwToS","id":"CowJK4rq7p2g61UBZ1ZL"},{"accountno":"TA-1234565","departmentno":"5","salary":"345","pincode":"456789","userid":"zooqXG7ZwAYI6imLwToS","id":"kmcQcVuornWKcpZ7ptbC"},{"accountno":"TA-1234566","departmentno":1,"salary":9996,"pincode":123456,"userid":"xPgXXPtOkw2m8eiug6Qv","id":"aODHGawBkfmicoJNFjFJ"},{"accountno":"TA-6666667","departmentno":2,"salary":600,"pincode":123456,"userid":"fop79TzJpDpPIXSEPC4c","id":"RLCp6kFaIntooPWmlWFs"},{"accountno":"TA-1234567","departmentno":"1","salary":"9999","pincode":"123456","userid":"xPgXXPtOkw2m8eiug6Qv","id":"JfyiDMUUU4ohZAkHenZT"},{"accountno":"TA-6666666","departmentno":"1","salary":"100","pincode":"123456","userid":"fop79TzJpDpPIXSEPC4c","id":"tSRCtFjVq1gw7s0W3lFf"},{"accountno":"TA-3344555","departmentno":"2","salary":"4500","pincode":"444555","userid":"xPgXXPtOkw2m8eiug6Qv","id":"RXYlTWbswzCSa6BouCwK"},{"accountno":"TA-3344555","departmentno":"2","salary":"4500","pincode":"444555","userid":"xPgXXPtOkw2m8eiug6Qv","id":"LyPuJeWKTj8TgI3X72Kj"},{"accountno":"TA-PR11014","departmentno":"1","salary":"123","pincode":"945399","userid":"o317WJnJvcdbT7eEI8I2","id":"qoG7rlQ6oV1PUtBYEpAi"},{"accountno":"TA-PR11014","departmentno":"1","salary":"123","pincode":"945399","userid":"o317WJnJvcdbT7eEI8I2","id":"Wsd1IcHss3zOY0HSp7mo"},{"accountno":"TA-PR11013","departmentno":"1","salary":"123","pincode":"945399","userid":"o317WJnJvcdbT7eEI8I2","id":"kW1lOdwWFAvhb6HKmCmL"},{"accountno":"TA-PR11012","departmentno":"1","salary":"123","pincode":"945399","userid":"o317WJnJvcdbT7eEI8I2","id":"Gs4vEwzGfBZBKEkA5BeG"},{"accountno":"TA-6666666","departmentno":"1","salary":"100","pincode":"123456","userid":"fop79TzJpDpPIXSEPC4c","id":"JvPfpHt3veG94Ni9pXWY"},{"accountno":"TA-2222222","departmentno":2,"salary":500,"pincode":123456,"userid":"fop79TzJpDpPIXSEPC4c","id":"nWwmQ6geSjIpgdfdXFcA"},{"accountno":"TA-7777777","departmentno":"2","salary":"600","pincode":"123467","userid":"fop79TzJpDpPIXSEPC4c","id":"tnNgPf4uicsPLap2sLwt"},{"accountno":"TA-PR11011","departmentno":"1","salary":"123","pincode":"945399","userid":"o317WJnJvcdbT7eEI8I2","id":"4LNZV43lotC50pQKIiK2"},{"accountno":"TA-PR11010","departmentno":"1","salary":"123","pincode":"945399","userid":"o317WJnJvcdbT7eEI8I2","id":"RNSjdTxChZ4vuKu5hISn"},{"accountno":"TA-PR11010","departmentno":"1","salary":"123","pincode":"945399","userid":"o317WJnJvcdbT7eEI8I2","id":"7cgVZP6YXuG6kBKIBYoM"},{"accountno":"TA-7777776","departmentno":"1","salary":"700","pincode":"123456","userid":"fop79TzJpDpPIXSEPC4c","id":"F7bsfJtwKiHcd4VvUwOF"},{"accountno":"TA-0099881","departmentno":"1","salary":"2000","pincode":"123123","userid":"t0FypKvwYJfLOXYFZTIN","id":"0P9aSRsivBLL9LA1NgQq"},{"accountno":"TA-PR11009","departmentno":"1","salary":"123","pincode":"945399","userid":"o317WJnJvcdbT7eEI8I2","id":"HEh5kLLjjzYekvmmDIhC"},{"accountno":"TA-PR11008","departmentno":"1","salary":"123","pincode":"945399","userid":"o317WJnJvcdbT7eEI8I2","id":"YdZSQ7NhwjE6qDdLnvPA"},{"accountno":"TA-PR11008","departmentno":"1","salary":"123","pincode":"945399","userid":"o317WJnJvcdbT7eEI8I2","id":"T49AqqCtqeW6ZffZRZYl"},{"accountno":"TA-PR11008","departmentno":"1","salary":"123","pincode":"945399","userid":"o317WJnJvcdbT7eEI8I2","id":"zu5hE3XCVbYHo66cRQ2v"},{"accountno":"TA-PR11008","departmentno":"1","salary":"123","pincode":"945399","userid":"o317WJnJvcdbT7eEI8I2","id":"b3xHwCrU0cKhpdxyYIcc"},{"accountno":"TA-7777777","departmentno":"1","salary":"700","pincode":"123456","userid":"fop79TzJpDpPIXSEPC4c","id":"GBDjnqZh1cIVELfIKTao"},{"accountno":"TA-PR11008","departmentno":"1","salary":"123","pincode":"945399","userid":"o317WJnJvcdbT7eEI8I2","id":"qYDqrDwFgjjpPpxbiyxS"},{"accountno":"TA-0099881","departmentno":"1","salary":"2000","pincode":"123123","userid":"t0FypKvwYJfLOXYFZTIN","id":"tNyB70ESVJgyPi4UNtLa"},{"accountno":"TA-PR11008","departmentno":"1","salary":"123","pincode":"945399","userid":"o317WJnJvcdbT7eEI8I2","id":"IG5HBykUBwLnEB6ZMz69"},{"accountno":"TA-PR11008","departmentno":"1","salary":"123","pincode":"945399","userid":"o317WJnJvcdbT7eEI8I2","id":"xRRtMrWd5T926r9rF4St"},{"accountno":"TA-PR11007","departmentno":"1","salary":"123","pincode":"945399","userid":"o317WJnJvcdbT7eEI8I2","id":"B2vJKhwRQPAqaZfu1dlq"},{"accountno":"TA-PR11006","departmentno":"1","salary":"123","pincode":"945399","userid":"o317WJnJvcdbT7eEI8I2","id":"KE1zeyICRP6nlgB0Vlfu"},{"accountno":"TA-PR11005","departmentno":"1","salary":"123","pincode":"945399","userid":"o317WJnJvcdbT7eEI8I2","id":"Cy1FG7KtsvVubuh5CM89"},{"accountno":"TA-PR11005","departmentno":"1","salary":"123","pincode":"945399","userid":"o317WJnJvcdbT7eEI8I2","id":"CTZj1sKxYDHffs7o3r6x"},{"accountno":"TA-1010101","departmentno":"1","salary":"31","pincode":"900000","userid":"rocJiQ1MfQGzLYqx5gwH","id":"SdOSzVEJ2WyLcJHHCFNr"},{"accountno":"TA-1010101","departmentno":"1","salary":"31","pincode":"900000","userid":"rocJiQ1MfQGzLYqx5gwH","id":"XhVl0nrQ782adb2vqXA4"},{"accountno":"TA-1010101","departmentno":"1","salary":"31","pincode":"900000","userid":"rocJiQ1MfQGzLYqx5gwH","id":"t8doUXEaJrXUOLdQbWzP"},{"accountno":"TA-1010101","departmentno":"1","salary":"31","pincode":"900000","userid":"rocJiQ1MfQGzLYqx5gwH","id":"pBx33wZHNrRvfVhKIwvu"},{"accountno":"TA-1010101","departmentno":"1","salary":"31","pincode":"900000","userid":"rocJiQ1MfQGzLYqx5gwH","id":"kY13AGxLV2a7BP7jz5w0"},{"accountno":"TA-1010101","departmentno":"1","salary":"31","pincode":"900000","userid":"rocJiQ1MfQGzLYqx5gwH","id":"NJ06DxUNQ7II1s51FZWv"},{"accountno":"TA-PR11004","departmentno":"1","salary":"123","pincode":"945399","userid":"o317WJnJvcdbT7eEI8I2","id":"oiQ4jMuHKfzIaUvPPlfe"},{"accountno":"TA-PR11004","departmentno":"1","salary":"123","pincode":"945399","userid":"o317WJnJvcdbT7eEI8I2","id":"uv9fk14gOT976kwQvuAF"},{"accountno":"TA-1010103","departmentno":2,"salary":311,"pincode":900002,"userid":"rocJiQ1MfQGzLYqx5gwH","id":"WMNI9ACEOrkInsKrJfgk"},{"accountno":"TA-PR11003","departmentno":"1","salary":"123","pincode":"94539","userid":"o317WJnJvcdbT7eEI8I2","id":"yGrMZfYvmf0zAD2Bh4at"},{"accountno":"TA-1010101","departmentno":"1","salary":"31","pincode":"900000","userid":"rocJiQ1MfQGzLYqx5gwH","id":"aQNHzYlZg4Qc94Wlk1qN"},{"accountno":"TA-PR11003","departmentno":"1","salary":"123","pincode":"94539","userid":"o317WJnJvcdbT7eEI8I2","id":"xx5k1ok8OwznrMj12Jee"},{"accountno":"TA-PR11003","departmentno":"1","salary":"123","pincode":"94539","userid":"o317WJnJvcdbT7eEI8I2","id":"HUnZaKbl3V5Xi9gpJjS1"},{"accountno":"TA-PR11002","departmentno":"1","salary":"123","pincode":"94539","userid":"o317WJnJvcdbT7eEI8I2","id":"rNdZBMED3My57qGt90yK"},{"accountno":"TA-PR11001","departmentno":"1","salary":"123","pincode":"94539","userid":"o317WJnJvcdbT7eEI8I2","id":"w4I5pppMiawrzo3qnXq9"},{"accountno":"TA-PR11222","departmentno":"2","salary":"6000","pincode":"945399","userid":"o317WJnJvcdbT7eEI8I2","id":"yszISJHfNoegzO3uCliQ"},{"accountno":"TA-1020333","departmentno":"3","salary":"5000","pincode":"560708","userid":"vtEnAREUTN2kmDdtKPIh","id":"2rABJn8TIXze62mqKvTL"},{"accountno":"TA-9876542","departmentno":"1","salary":"6000","pincode":"876956","userid":"t0FypKvwYJfLOXYFZTIN","id":"sRRARcrIs7Pupa2bIjvk"},{"accountno":"TA-1345645","departmentno":"2","salary":"20000","pincode":"123457","userid":"t0FypKvwYJfLOXYFZTIN","id":"qVCxpal1PwVGVw4wdGun"},{"accountno":"TA-9876543","departmentno":"1","salary":"5000","pincode":"685743","userid":"tb3jjtQixhvuWkj60GEl","id":"waWGzxm0skzAX0qwMIHv"},{"accountno":"TA-9876543","departmentno":"1","salary":"6000","pincode":"876956","userid":"ZNXDf72w8FVNC69Llwly","id":"kBeDPthHs3PpiQDCBpJu"},{"accountno":"TA-4444888","departmentno":4,"salary":7800,"pincode":365231,"userid":"isfELhvM0RXfHcsLJDul","id":"x8DQCNVZcPn1NdJ4zqVP"},{"accountno":"TA-7676767","departmentno":"3","salary":"2000","pincode":"123456","userid":"V53JqxS7nf5pZ0g7TbM2","id":"merZ9BbcXTqOs0jWLTVt"},{"accountno":"TA-9997222","departmentno":"3","salary":"80000","pincode":"567890","userid":"V53JqxS7nf5pZ0g7TbM2","id":"FALslUJ2ID4Qe1TSLRZJ"},{"accountno":"TA-9997222","departmentno":"3","salary":"80000","pincode":"567890","userid":"V53JqxS7nf5pZ0g7TbM2","id":"96IdOMNq6RbChip9hebT"},{"accountno":"TA-5555567","departmentno":"1","salary":"80000","pincode":"567890","userid":"V53JqxS7nf5pZ0g7TbM2","id":"jMRe0LsgoQvmr6dAkSLI"},{"accountno":"TA-1112224","departmentno":"1","salary":"1201","pincode":"123456","userid":"V53JqxS7nf5pZ0g7TbM2","id":"qKzpg0FIQ3WfgYb8JiMd"},{"accountno":"TA-1112223","departmentno":"1","salary":"1200","pincode":"123456","userid":"V53JqxS7nf5pZ0g7TbM2","id":"jG6MUkMFeow1NTTu0iLA"},{"accountno":"TA-0099881","departmentno":"1","salary":"2000","pincode":"123123","userid":"zhFI4oQlHjP2cn3mW3GP","id":"OgremujG9ycNFmsExHTr"},{"accountno":"TA-0099881","departmentno":"1","salary":"2000","pincode":"123123","userid":"zhFI4oQlHjP2cn3mW3GP","id":"VpoTCjs2oILBzdJcPg1n"},{"accountno":"TA-1345675","departmentno":"5","salary":"4000","pincode":"234567","userid":"tb3jjtQixhvuWkj60GEl","id":"UvFbC86E6HJHMKahctl5"},{"accountno":"TA-1134tek","departmentno":"1","salary":"4000","pincode":"765891","userid":"tb3jjtQixhvuWkj60GEl","id":"i2YUSlEscRQ9B6bTRfgx"},{"accountno":"TA-1234567","departmentno":"3","salary":"123","pincode":"123456","userid":"zooqXG7ZwAYI6imLwToS","id":"scGPcVIWqBKygQ1UoXkL"},{"accountno":"TA-1234567","departmentno":"3","salary":"123","pincode":"123456","userid":"zooqXG7ZwAYI6imLwToS","id":"sgrNwwQRiHtVeccrLoBD"},{"accountno":"TA-1234567","departmentno":"3","salary":"123","pincode":"123456","userid":"zooqXG7ZwAYI6imLwToS","id":"AlmJmrK8HkcnNGqGrmTe"},{"accountno":"TA-1234567","departmentno":"3","salary":"123","pincode":"123456","userid":"zooqXG7ZwAYI6imLwToS","id":"2LZXVuXLQ1H5yiSJdI9v"},{"accountno":"TA-5555555","departmentno":"7","salary":"7000","pincode":"123456","userid":"fop79TzJpDpPIXSEPC4c","id":"KZ0hRNJiFsuMl0cFNru7"},{"accountno":"TA-1245628","departmentno":"4","salary":"7000","pincode":"532185","userid":"isfELhvM0RXfHcsLJDul","id":"zW7oHSm4Odfts2shselO"},{"accountno":"TA-1010100","departmentno":"1","salary":"3","pincode":"333333","userid":"XS0TYKgNEyQ2eAltHo8D","id":"E3KamwVhyOo9ar2gDjL1"},{"accountno":"TA-1122334","departmentno":"1","salary":"200","pincode":"112233","userid":"HuaikSiNMzZswICf5tFD","id":"MDKUPs1txuGY66NkQkTW"},{"accountno":"TA-8765689","departmentno":"8","salary":"4000","pincode":"786975","userid":"yPON3lTM67LdH2ILsunG","id":"Iz6S9VJsKDOSs0QJnTpH"},{"accountno":"TA-0000001","departmentno":"1","salary":"800","pincode":"500000","userid":"rocJiQ1MfQGzLYqx5gwH","id":"d0nHheSkWwBrxOa8rEaB"},{"accountno":"TA-1122tek","departmentno":"1","salary":"6000","pincode":"876947","userid":"tb3jjtQixhvuWkj60GEl","id":"13lJ0ptmGyI5G3PJ7ZaU"},{"accountno":"TA-1111111","departmentno":"1","salary":"1500","pincode":"423445","userid":"hLmoSgaGxc5rJEWXeBuQ","id":"qvgpqzgB7V99YUUY3lJA"},{"accountno":"TA-1234568","departmentno":"3","salary":"423","pincode":"345678","userid":"zooqXG7ZwAYI6imLwToS","id":"tEthTpIT1A1eQ1o1GF74"},{"accountno":"TA-1234568","departmentno":"3","salary":"423","pincode":"345678","userid":"zooqXG7ZwAYI6imLwToS","id":"Rm9uJXgVGCsvefhbFP4Z"},{"accountno":"TA-1234500","departmentno":3,"salary":435325,"pincode":123456,"userid":"zooqXG7ZwAYI6imLwToS","id":"79IyzvciCL7HCqWTSwfc"},{"accountno":"TA-9999787","departmentno":"2","salary":"40000","pincode":"567894","userid":"V53JqxS7nf5pZ0g7TbM2","id":"ggarvMsXxrQSgiN8cl7W"},{"accountno":"TA-1111111","departmentno":"1","salary":"1111111","pincode":"111111","userid":"lliqqQ08qWBQ5Nuj4qbj","id":"SY43W1MIfXvgQ2wW9ErY"},{"accountno":"TA-11111PR","departmentno":"1","salary":"5000","pincode":"945399","userid":"o317WJnJvcdbT7eEI8I2","id":"wCu6BR4mQV0itss7yVCT"},{"accountno":"TA-1223221","departmentno":"1","salary":"45","pincode":"222111","userid":"zhFI4oQlHjP2cn3mW3GP","id":"mQPkuEejl4dDZXTq9ZeW"},{"accountno":"TA-5555555","departmentno":"1","salary":"50","pincode":"600000","userid":"rocJiQ1MfQGzLYqx5gwH","id":"WYljM8PHXsHTB1wcaIcx"},{"accountno":"TA-1111111","departmentno":"1","salary":"50","pincode":"600000","userid":"rocJiQ1MfQGzLYqx5gwH","id":"4DZHRBZ7vnhJxkMeb4MD"},{"accountno":"TA-1111111","departmentno":"1","salary":"50","pincode":"600000","userid":"rocJiQ1MfQGzLYqx5gwH","id":"oZDrOOTCWday6NzaFZ9t"},{"accountno":"TA-1234567","departmentno":"4","salary":"5000","pincode":"345789","userid":"isfELhvM0RXfHcsLJDul","id":"Yg359c0vJR9e8EfOfm3F"},{"accountno":"TA-6767676","departmentno":"2","salary":"899","pincode":"300000","userid":"rocJiQ1MfQGzLYqx5gwH","id":"BydTiKNIyW74Psu0aduy"},{"accountno":"TA-2222222","departmentno":"1","salary":"2000","pincode":"345678","userid":"taGX4XQQfXD3Z76sI1Xn","id":"AuNLXButicmNJMQPZ1FA"},{"accountno":"TA-1979801","departmentno":2,"salary":"3333","pincode":"123456","userid":"taGX4XQQfXD3Z76sI1Xn","id":"OtxqWTSHUggCBJz4VrVi"},{"accountno":"TA-1979801","departmentno":"2","salary":"12345","pincode":"123456","userid":"taGX4XQQfXD3Z76sI1Xn","id":"5wIV6p28vAI4Lwkvryb0"},{"accountno":"{{accountno}}","departmentno":"{{departmentno}}","salary":"{{salary}}","pincode":"{{pincode}}","userid":"r657BEYL3kM8lckt64O0","id":"v0vfOdnWlSbiGpCvwD6y"},{"accountno":"{{accountno}}","departmentno":"{{departmentno}}","salary":"{{salary}}","pincode":"{{pincode}}","userid":"r657BEYL3kM8lckt64O0","id":"ujlwRNdYIdH2azcNX2av"},{"accountno":"{{accountno}}","departmentno":"{{departmentno}}","salary":"{{salary}}","pincode":"{{pincode}}","userid":"r657BEYL3kM8lckt64O0","id":"jROGVthqZZ4V5zLBwJvn"},{"accountno":"TA-6543258","departmentno":"7","salary":"900","pincode":"691524","userid":"y0ROQ195Nq0c8MTZyxMM","id":"kWQvsn5yie4NPTIY8iry"},{"accountno":"TA-6543259","departmentno":"7","salary":"900","pincode":"691524","userid":"y0ROQ195Nq0c8MTZyxMM","id":"xIupGqXzRxeRgnBb4Obt"},{"accountno":"TA-6543258","departmentno":"7","salary":"900","pincode":"691524","userid":"y0ROQ195Nq0c8MTZyxMM","id":"GAqb13ChWkCjQ7QLLB3U"},{"accountno":"TA-5577229","departmentno":"8","salary":"89","pincode":"691524","userid":"y0ROQ195Nq0c8MTZyxMM","id":"VyWEk3KdeifujTrVC13E"},{"accountno":"Amaya","departmentno":"2","salary":"1000","pincode":"333444","userid":"r657BEYL3kM8lckt64O0","id":"JQviTJK4suw0TYhClJJp"},{"accountno":"Amaya","departmentno":"2","salary":"1000","pincode":"333444","userid":"r657BEYL3kM8lckt64O0","id":"rAYSkZOLAMawncGKoXmv"},{"accountno":"Amaya","departmentno":"2","salary":"1000","pincode":"333444","userid":"r657BEYL3kM8lckt64O0","id":"fWihiWFvnMhQAvyRfQ7S"},{"accountno":"Amaya","departmentno":"2","salary":"1000","pincode":"333444","userid":"r657BEYL3kM8lckt64O0","id":"DKFy9wAx8DRAyh00BLeB"},{"accountno":"Amaya","departmentno":"2","salary":"1000","pincode":"333444","userid":"r657BEYL3kM8lckt64O0","id":"kWLSPiS1ROfw0bwXZ52B"},{"accountno":"Amaya","departmentno":"2","salary":"1000","pincode":"333444","userid":"r657BEYL3kM8lckt64O0","id":"zFEdSxuhBpgoGnATBCPW"},{"accountno":"Amaya","departmentno":"2","salary":"1000","pincode":"333444","userid":"r657BEYL3kM8lckt64O0","id":"pcTK6MmClBzdXWx1OxyI"},{"accountno":"Amaya","departmentno":"2","salary":"1000","pincode":"333444","userid":"r657BEYL3kM8lckt64O0","id":"FSA1gUsBVA8QC2wiqqSU"},{"accountno":"Amaya","departmentno":"2","salary":"1000","pincode":"333444","userid":"r657BEYL3kM8lckt64O0","id":"EXWkl7g022kHr1g3XmsP"},{"accountno":"Amaya","departmentno":"2","salary":"1000","pincode":"333444","userid":"r657BEYL3kM8lckt64O0","id":"O2xvC0nFW5Tqdh5DmTkV"},{"accountno":"Amaya","departmentno":"2","salary":"1000","pincode":"333444","userid":"r657BEYL3kM8lckt64O0","id":"N12Flpi0nO5XKhgH9gqz"},{"accountno":"Amaya","departmentno":"2","salary":"1000","pincode":"333444","userid":"r657BEYL3kM8lckt64O0","id":"JcrtILbYTf63VMjd8y91"},{"accountno":"Amaya","departmentno":"2","salary":"1000","pincode":"333444","userid":"r657BEYL3kM8lckt64O0","id":"HaEywhpDOC4n7oglOpcx"},{"accountno":"Amaya","departmentno":"2","salary":"1000","pincode":"333444","userid":"r657BEYL3kM8lckt64O0","id":"neBKvDgLz6LpfvBuGn55"},{"accountno":"Amaya","departmentno":"2","salary":"1000","pincode":"333444","userid":"r657BEYL3kM8lckt64O0","id":"vHe4cxQeMVWGifuVBngg"},{"accountno":"Amaya","departmentno":"2","salary":"1000","pincode":"333444","userid":"r657BEYL3kM8lckt64O0","id":"fSI2JRRLCC6Ff3ZwqXG0"},{"accountno":"{{accountno}}","departmentno":"{{departmentno}}","salary":"{{salary}}","pincode":"{{pincode}}","userid":"r657BEYL3kM8lckt64O0","id":"eBn6TZ2e65DOSUSOde9A"},{"accountno":"Amaya","departmentno":"2","salary":"1000","pincode":"333444","userid":"r657BEYL3kM8lckt64O0","id":"wKD9hWXO1a7XPGyowC1C"},{"accountno":"Amaya","departmentno":"2","salary":"1000","pincode":"333444","userid":"r657BEYL3kM8lckt64O0","id":"FEGqx68UwAtafZnLoUvv"},{"accountno":"Amaya","departmentno":"2","salary":"1000","pincode":"333444","userid":"r657BEYL3kM8lckt64O0","id":"j8Kw7DiPjQ4igfSUCms9"},{"accountno":"Amaya","departmentno":"2","salary":"1000","pincode":"333444","userid":"r657BEYL3kM8lckt64O0","id":"LBKlxYe5dnzJ9voGNYUu"},{"accountno":"Amaya","departmentno":"2","salary":"1000","pincode":"333444","userid":"r657BEYL3kM8lckt64O0","id":"x1ovWqIY5NX2iAyG14nZ"},{"accountno":"Amaya","departmentno":"2","salary":"1000","pincode":"333444","userid":"r657BEYL3kM8lckt64O0","id":"GLDYdvvEiXj4F7hCOPRC"},{"accountno":"Amaya","departmentno":"2","salary":"1000","pincode":"333444","userid":"r657BEYL3kM8lckt64O0","id":"4iA4cMfkdiqLgHbIgb5Q"},{"accountno":"Amaya","departmentno":"2","salary":"1000","pincode":"333444","userid":"r657BEYL3kM8lckt64O0","id":"XYWDdybasXpXAf9NIKNh"},{"accountno":"Amaya","departmentno":"2","salary":"1000","pincode":"333444","userid":"r657BEYL3kM8lckt64O0","id":"I3PkLNEDj6M5vpTCdgWZ"},{"accountno":"Amaya","departmentno":"2","salary":"1000","pincode":"333444","userid":"r657BEYL3kM8lckt64O0","id":"C9wbdiR6PviQIeQv5qyR"},{"accountno":"Amaya","departmentno":"2","salary":"1000","pincode":"333444","userid":"r657BEYL3kM8lckt64O0","id":"WKniRg8cGHrOMyRnt1m1"},{"accountno":"Amaya","departmentno":"2","salary":"1000","pincode":"333444","userid":"r657BEYL3kM8lckt64O0","id":"qlqqJ7E1j84IIHTZ8saV"},{"accountno":"Amaya","departmentno":"2","salary":"1000","pincode":"333444","userid":"r657BEYL3kM8lckt64O0","id":"i4BlVJ5Xwn3QpgsrvNI9"},{"accountno":"Amaya","departmentno":"2","salary":"1000","pincode":"333444","userid":"r657BEYL3kM8lckt64O0","id":"LtAIZ2VYO48Tz7sMBtSD"},{"accountno":"Amaya","departmentno":"2","salary":"1000","pincode":"333444","userid":"r657BEYL3kM8lckt64O0","id":"SaaRi5gMcxMQfoMIIJCf"},{"accountno":"Amaya","departmentno":"2","salary":"1000","pincode":"333444","userid":"r657BEYL3kM8lckt64O0","id":"j25XflWTt34OqMNX2rMw"},{"accountno":"Amaya","departmentno":"2","salary":"1000","pincode":"333444","userid":"r657BEYL3kM8lckt64O0","id":"eSiy6D4XTzOZmSfEZ2rf"},{"accountno":"Amaya","departmentno":"2","salary":"1000","pincode":"333444","userid":"r657BEYL3kM8lckt64O0","id":"8d49Eivn0AzNYsmb0NHc"},{"accountno":"Amaya","departmentno":"2","salary":"1000","pincode":"333444","userid":"r657BEYL3kM8lckt64O0","id":"2RrKzMTqsDpIZ1rVAvHT"},{"accountno":"Amaya","departmentno":"2","salary":"1000","pincode":"333444","userid":"r657BEYL3kM8lckt64O0","id":"UWmzNNXhz7CTLeAtg0j1"},{"accountno":"Amaya","departmentno":"2","salary":"1000","pincode":"333444","userid":"r657BEYL3kM8lckt64O0","id":"rZ3hwqwgIRNLBOnj5hiU"},{"accountno":"Amaya","departmentno":"2","salary":"1000","pincode":"333444","userid":"r657BEYL3kM8lckt64O0","id":"BTzOQgZ8pODsdrgKyEFY"},{"accountno":"TA-1234566","departmentno":"9","salary":"123789","pincode":"1307191","userid":"taGX4XQQfXD3Z76sI1Xn","id":"tZDJe8WW4FMGOKyA3EpN"},{"accountno":"TA-1234566","departmentno":"9","salary":"123789","pincode":"1307191","userid":"taGX4XQQfXD3Z76sI1Xn","id":"UQbPvGvEiDeGVK0IJFwi"},{"accountno":"TA-1234566","departmentno":"9","salary":"123789","pincode":"1307191","userid":"taGX4XQQfXD3Z76sI1Xn","id":"pIlneAmyEWdDbXKenDN1"},{"accountno":"TA-1234566","departmentno":"9","salary":"123789","pincode":"1307191","userid":"taGX4XQQfXD3Z76sI1Xn","id":"4QAmNy2lgpCwpNwvL53r"},{"accountno":"TA-1234566","departmentno":"9","salary":"123789","pincode":"1307191","userid":"taGX4XQQfXD3Z76sI1Xn","id":"vIzNdIAzqvwdFQU9bGww"},{"accountno":"TA-1234566","departmentno":"9","salary":"123789","pincode":"1307191","userid":"taGX4XQQfXD3Z76sI1Xn","id":"7OszpDQTrTgM0bKU9wYH"},{"accountno":"TA-1234566","departmentno":"9","salary":"123789","pincode":"1307191","userid":"taGX4XQQfXD3Z76sI1Xn","id":"GZYNqOeHloJ4EWiIdV1G"},{"accountno":"TA-1234566","departmentno":"9","salary":"123789","pincode":"1307191","userid":"taGX4XQQfXD3Z76sI1Xn","id":"k3TOjBXm81uCuNSQdb09"},{"accountno":"TA-1234566","departmentno":"9","salary":"123789","pincode":"1307191","userid":"taGX4XQQfXD3Z76sI1Xn","id":"jGqq0BJwm0wvDn0DvTJf"},{"accountno":"TA-1234564","departmentno":"4","salary":"2223358","pincode":"112235","userid":"taGX4XQQfXD3Z76sI1Xn","id":"eZiklglQv7G6qKkx5XGm"},{"accountno":"TA-BH$$$$6","departmentno":"5","salary":"500000","pincode":"500005","userid":"aVjYUGE0c0xLlerWKo7l","id":"nvNVSjVdfJd8C3yd0oAG"},{"accountno":"TA-1234564","departmentno":"2","salary":"2223358","pincode":"112235","userid":"taGX4XQQfXD3Z76sI1Xn","id":"ytTF1T7OWiKmEYfs6D0c"},{"accountno":"TA-1234564","departmentno":1,"salary":666666,"pincode":112234,"userid":"taGX4XQQfXD3Z76sI1Xn","id":"8ml4if5V8IHbNkUhTEQy"},{"accountno":"TA-1234564","departmentno":"2","salary":"22233","pincode":"112234","userid":"taGX4XQQfXD3Z76sI1Xn","id":"y19g2hdoI520HThthrz2"},{"accountno":"TA-7777777","departmentno":"7","salary":"777777","pincode":"777777","userid":"AcHQFAMAHVo1hEVKiZ0R","id":"6JUG1IXzV7JGTytJ8Hxh"},{"accountno":"TA-7777777","departmentno":"7","salary":"777777","pincode":"777777","userid":"AcHQFAMAHVo1hEVKiZ0R","id":"lssAVcdg4TsrQ4TfMelE"},{"accountno":"TA-2323233","departmentno":2,"salary":232323,"pincode":2323234,"userid":"AcHQFAMAHVo1hEVKiZ0R","id":"nzD8ZmIZuwdTX6uxMh9G"},{"accountno":"TA-BHBHB25","departmentno":"6","salary":"500054","pincode":"666678","userid":"aVjYUGE0c0xLlerWKo7l","id":"4URJycL6nxzLXEfcWs7G"},{"accountno":"TA-BH00025","departmentno":"6","salary":"500054","pincode":"666678","userid":"aVjYUGE0c0xLlerWKo7l","id":"PKL82pCKBLvaHOxm3eJt"},{"accountno":"999999","departmentno":5,"salary":555,"pincode":585405,"userid":"y648pmQXfsSeKK79RXnD","id":"vYEfyxC4HWZ8XNZZb9iJ"},{"accountno":"999999","departmentno":"66","salary":"6666","pincode":"55555","userid":"y648pmQXfsSeKK79RXnD","id":"2l0NWoQfUNxgrUdUvvAP"},{"accountno":"","departmentno":"","salary":"","pincode":"","userid":"y648pmQXfsSeKK79RXnD","id":"GgXABjp6fdLVfG0oTToq"},{"accountno":"","departmentno":"9","salary":"999","pincode":"585409","userid":"y648pmQXfsSeKK79RXnD","id":"BObfB2aOIIe0qnAcAwXc"},{"accountno":"99999999","departmentno":"9","salary":"999","pincode":"585409","userid":"y648pmQXfsSeKK79RXnD","id":"MXq4IJRo9NybNqVDGwEw"},{"accountno":"NULL","departmentno":"8","salary":"888","pincode":"585408","userid":"y648pmQXfsSeKK79RXnD","id":"iJnYIDIOrW63SQGIhXho"},{"accountno":"NULL","departmentno":"8","salary":"888","pincode":"585408","userid":"y648pmQXfsSeKK79RXnD","id":"EtLPbjDe0lDCdLaESsoi"},{"accountno":"88888888","departmentno":"8","salary":"888","pincode":"585408","userid":"y648pmQXfsSeKK79RXnD","id":"ljbu8982LhclyHzUZcjw"},{"accountno":"88888888","departmentno":"8","salary":"888","pincode":"585408","userid":"y648pmQXfsSeKK79RXnD","id":"q5eFLQmKURzLVMkO5HWK"},{"accountno":"TA-2105098","departmentno":"2","salary":"253670","pincode":"142637","userid":"bjMEIeH786owBw0agPKo","id":"gJpPSuDPZaYogn98A7AC"},{"accountno":"TA-postman","departmentno":"1","salary":"1000","pincode":"111111","userid":"taGX4XQQfXD3Z76sI1Xn","id":"cH5sZtMeFk087I1uBTXx"},{"accountno":"TA-6789877","departmentno":"8","salary":"89","pincode":"778878","userid":"jcBy26UDfXtrfBOrkfI8","id":"V5zsF80SI4OYKIjFGddS"},{"accountno":"88888888","departmentno":"8","salary":"888","pincode":"585408","userid":"y648pmQXfsSeKK79RXnD","id":"euxuSfX2rQJX6OnADLkW"},{"accountno":"TA-7654321","departmentno":"10","salary":"3000","pincode":"636586","userid":"Qv9VqoMypQb6l9QCZH54","id":"HpvFafcHfLpqg9UoInuR"},{"accountno":"TA-8989894","departmentno":"80","salary":"80001","pincode":"098900","userid":"xA8fC6JoQVE5F6qeqgDj","id":"DyhN4iwwPH5CZKJrVFnP"},{"accountno":"TA-4455667","departmentno":"8","salary":"1111","pincode":"110022","userid":"W7XLBI5UJHbtaYs3GptZ","id":"L5acbamjEGceFHh0Ub9J"},{"accountno":"TA-4455667","departmentno":"8","salary":"1111","pincode":"110022","userid":"W7XLBI5UJHbtaYs3GptZ","id":"rbnDTZJ1zIZlbJKehHoh"},{"accountno":"TA-1234567","departmentno":"7","salary":"32004","pincode":"760043","userid":"uIIZ28yjFRwIaO0ox9Lh","id":"6Jg0BHcWFn0SBJycxso3"},{"accountno":"TA-9087905","departmentno":"7","salary":"32004","pincode":"760043","userid":"uIIZ28yjFRwIaO0ox9Lh","id":"7Hgsqv4BIJODvMoh8HTc"},{"accountno":"TA-345674","departmentno":"7","salary":"12004","pincode":"560043","userid":"uIIZ28yjFRwIaO0ox9Lh","id":"8nX8fzu6PEEvVJ1xksbl"},{"accountno":"TA-9999999","departmentno":"9","salary":"9999","pincode":"595959","userid":"JQGgG0SnNsZlQgoI2840","id":"vwvthMvm67LWYPWugY9W"},{"accountno":"TA-9999999","departmentno":"5","salary":"9191","pincode":"595959","userid":"JQGgG0SnNsZlQgoI2840","id":"8H2aTdZIbx3SQhHh9Ai1"},{"accountno":"TA-9999999","departmentno":"9","salary":"9999","pincode":"595959","userid":"JQGgG0SnNsZlQgoI2840","id":"PrNogNZM8Q0KMM6C8raF"},{"accountno":"TA-9999999","departmentno":"9","salary":"9999","pincode":"595959","userid":"JQGgG0SnNsZlQgoI2840","id":"XDbHFoMJCfS93VtinOKv"},{"accountno":"TA-9999999","departmentno":"5","salary":"9191","pincode":"595959","userid":"JQGgG0SnNsZlQgoI2840","id":"gIAQLmBGVe4vS6nHYdFN"},{"accountno":"TA-9999999","departmentno":"9","salary":"9999","pincode":"595959","userid":"JQGgG0SnNsZlQgoI2840","id":"4wvPdFvLwYucjPo78M5J"},{"accountno":"TA-9999999","departmentno":"9","salary":"9999","pincode":"595959","userid":"JQGgG0SnNsZlQgoI2840","id":"Wki0NfB7qJb0B6h33Pxf"},{"accountno":"TA-9999999","departmentno":"5","salary":"9191","pincode":"595959","userid":"JQGgG0SnNsZlQgoI2840","id":"aj6g0M2qAWuUFSPC5VOs"},{"accountno":"TA-9999999","departmentno":"9","salary":"9999","pincode":"595959","userid":"JQGgG0SnNsZlQgoI2840","id":"pRAqt0SyFBddN5yxhXZc"},{"accountno":"TA-1234567","departmentno":"1","salary":"9000","pincode":"636006","userid":"Qv9VqoMypQb6l9QCZH54","id":"cz5zY00Hi8VicTBpR08B"},{"accountno":"TA-9999999","departmentno":"9","salary":"9191","pincode":"595959","userid":"JQGgG0SnNsZlQgoI2840","id":"ud1xd6ioCNXQTtzLgp9D"},{"accountno":"TA-9999999","departmentno":"9","salary":"&&&&","pincode":"595959","userid":"JQGgG0SnNsZlQgoI2840","id":"s50LJzZQw4OX3r5YAE0K"},{"accountno":"TA-9999999","departmentno":"9","salary":"","pincode":"595959","userid":"JQGgG0SnNsZlQgoI2840","id":"y8AG04yOYqjfiq8J7vDc"},{"accountno":"TA-9999999","departmentno":"9","salary":"9999","pincode":"595959","userid":"JQGgG0SnNsZlQgoI2840","id":"BEmUwGSVTD7wHOXLagMV"},{"accountno":"TA-9999999","departmentno":"9","salary":"9999","pincode":"000000","userid":"JQGgG0SnNsZlQgoI2840","id":"ERm2JvnYo3qTW25fw81J"},{"accountno":"Amaya","departmentno":"1","salary":4000,"pincode":333444,"userid":"r657BEYL3kM8lckt64O0","id":"wpD9bduhEjgcy8CjJITf"},{"accountno":"TA-BH00006","departmentno":"6","salary":"%%%%%%","pincode":"######","userid":"aVjYUGE0c0xLlerWKo7l","id":"5YEg1jNnue6caYxXvgNW"},{"accountno":"TA-BH00005","departmentno":"","salary":"","pincode":"","userid":"aVjYUGE0c0xLlerWKo7l","id":"VwmBoYbLyFjiDxNDKCD9"},{"accountno":"","departmentno":"6","salary":"500054","pincode":"666678","userid":"aVjYUGE0c0xLlerWKo7l","id":"ME1SCbV4miCXyx7GtRmp"},{"accountno":"TA-BH3","departmentno":"6","salary":"500054","pincode":"666678","userid":"aVjYUGE0c0xLlerWKo7l","id":"8DFeQxtc76gz03SGuOKh"},{"accountno":"TA-BH00002","departmentno":"6","salary":"500054","pincode":"","userid":"aVjYUGE0c0xLlerWKo7l","id":"0fWYN5uxnZ9F7KFDNYQu"},{"accountno":"TA-BH00001","departmentno":"6","salary":"500054","pincode":"666678","userid":"aVjYUGE0c0xLlerWKo7l","id":"9KwJkzUfYqWC7QJCbDO9"},{"accountno":"TA-BH00006","departmentno":"6","salary":"%%%%%%","pincode":"######","userid":"aVjYUGE0c0xLlerWKo7l","id":"hbCCIKNjD0RHeHqjZ3Mn"},{"accountno":"TA-BH00005","departmentno":"","salary":"","pincode":"","userid":"aVjYUGE0c0xLlerWKo7l","id":"ZUe14TvXay8GHPJfnUXW"},{"accountno":"","departmentno":"6","salary":"500054","pincode":"666678","userid":"aVjYUGE0c0xLlerWKo7l","id":"7gKcoZalPtekSbjz6J4T"},{"accountno":"TA-BH3","departmentno":"6","salary":"500054","pincode":"666678","userid":"aVjYUGE0c0xLlerWKo7l","id":"EkDDnwgGqicAzOHA9wDJ"},{"accountno":"TA-BH00002","departmentno":"6","salary":"500054","pincode":"","userid":"aVjYUGE0c0xLlerWKo7l","id":"HStcEM9zQ15TxFxEHc8d"},{"accountno":"TA-BH00001","departmentno":"6","salary":"500054","pincode":"666678","userid":"aVjYUGE0c0xLlerWKo7l","id":"0T7Kst27L4nUZiUGktUF"},{"accountno":"TA-kabuu","departmentno":"1","salary":"1212","pincode":"9119","userid":"zHei4hlbhNApF35AAVu1","id":"ZLY2kH2c1KwWgkM5vvq4"},{"accountno":"TA-kabuu","departmentno":"1","salary":"1212","pincode":"9119","userid":"zHei4hlbhNApF35AAVu1","id":"bOHrrjdRNkUEY99sv5Do"},{"accountno":"TA-kabuu24","departmentno":"1","salary":"1212","pincode":"911908","userid":"zHei4hlbhNApF35AAVu1","id":"ESvQl8iou2HKTPjaLlpD"},{"accountno":"TA-kabuu24","departmentno":"1","salary":"1212","pincode":"911908","userid":"zHei4hlbhNApF35AAVu1","id":"HkqCc6KITFQPM0Kji1DF"},{"accountno":"TA-kabuu24","departmentno":"1","salary":"1212","pincode":"911908","userid":"zHei4hlbhNApF35AAVu1","id":"onOMI5YQyP6XTfTOEasm"},{"accountno":"TA-kabuu","departmentno":"1","salary":"1212","pincode":"9119","userid":"zHei4hlbhNApF35AAVu1","id":"i1XNuEI8ODmExpOLZYaV"},{"accountno":"TA-kabuu","departmentno":"1","salary":"1212","pincode":"911908","userid":"zHei4hlbhNApF35AAVu1","id":"zsdTmsWUqI8l5p7QBtNA"},{"accountno":"TA-kabuu28","departmentno":"1","salary":"1212","pincode":"911908","userid":"zHei4hlbhNApF35AAVu1","id":"Hc7PgCdiwCUI3qsAAycQ"},{"accountno":"TA-sayalii","departmentno":"1","salary":"1111","pincode":"111111","userid":"zHei4hlbhNApF35AAVu1","id":"tzpznvx25cXxR6x7c4lg"},{"accountno":"TA-578344","departmentno":"222","salary":111,"pincode":691524,"userid":"y0ROQ195Nq0c8MTZyxMM","id":"nMa9d4w9AN1un3ytmpwQ"},{"accountno":"TA- kavya1","departmentno":"1","salary":"1111","pincode":"878790","userid":"zHei4hlbhNApF35AAVu1","id":"lIwb9KzmFKiBTdgIbY7R"},{"accountno":"SA-Nov29","departmentno":"10","salary":"111","pincode":"123456","userid":"wEasjdwk6Do6TJhXo7vl","id":"qCtIO2Vlre9yZwECq9FB"},{"accountno":"SA-Nov29","departmentno":"10","salary":"111","pincode":"123456","userid":"wEasjdwk6Do6TJhXo7vl","id":"JrsCn5WOsn1xTf7bWl5U"},{"accountno":"Amaya","departmentno":"2","salary":"1000","pincode":"333444","userid":"r657BEYL3kM8lckt64O0","id":"spgwaZxN7f0KOquW3zkC"},{"accountno":"Amaya","departmentno":"2","salary":"1000","pincode":"333444","userid":"r657BEYL3kM8lckt64O0","id":"WKu1ChELwKRB0JYQlkj2"},{"accountno":"Amaya","departmentno":"2","salary":"1000","pincode":"333444","userid":"r657BEYL3kM8lckt64O0","id":"8IZTnKpkeFjvvchJRUAH"},{"accountno":"Amaya","departmentno":"2","salary":"1000","pincode":"333444","userid":"r657BEYL3kM8lckt64O0","id":"PwG3bExqPNV0U97ooFT4"},{"accountno":"Amaya","departmentno":"2","salary":"1000","pincode":"333444","userid":"r657BEYL3kM8lckt64O0","id":"QMK7axAUaC9vhy7vkcjQ"},{"accountno":"tan777777","departmentno":"77","salary":"7777","pincode":"777888","userid":"v4LqA4tlGFVD0zR7Nmk1","id":"LOJZThc6VytF2tiSX1no"},{"accountno":"TA-priya87","departmentno":"9","salary":"99076","pincode":"789065","userid":"hx9jBCAKLzCVUPDUAshf","id":"WsZsVQlWK8wOhT2xLLIS"},{"accountno":"Priya777777","departmentno":"77","salary":"7777","pincode":"777888","userid":"hx9jBCAKLzCVUPDUAshf","id":"MYvooW3jUQ9w7CLRn11h"},{"accountno":"TA-priya87","departmentno":"9","salary":"99076","pincode":"789065","userid":"hx9jBCAKLzCVUPDUAshf","id":"ExKfjVDMm06FMIcfKGqE"},{"accountno":"TAabcdefgh","departmentno":"4","salary":"450006","pincode":"908033","userid":"x6i83kk0zCjKq4CAPXST","id":"NG9lPqMrXxwXDcj2tz3B"},{"accountno":"TA-priya87","departmentno":"9","salary":"99076","pincode":"789065","userid":"hx9jBCAKLzCVUPDUAshf","id":"9YCqTVjJkN7iZCGAePRD"},{"accountno":"TA-reeja93","departmentno":"5","salary":"44441","pincode":"123456","userid":"yj4lLufi6vTtJtT0MKL8","id":"Nk7Bbd3KxbtNL0Ax2wzx"},{"accountno":"TA-reeja93","departmentno":"5","salary":"44441","pincode":"123456","userid":"yj4lLufi6vTtJtT0MKL8","id":"rY3hqJKNOK6PMhQsRT0F"},{"accountno":"TA-reeja93","departmentno":"5","salary":"44441","pincode":"123456","userid":"yj4lLufi6vTtJtT0MKL8","id":"vmYDl6d2TGPMnBNTQBne"},{"accountno":"TA-reeja93","departmentno":"5","salary":"44441","pincode":"123456","userid":"yj4lLufi6vTtJtT0MKL8","id":"tTOR1aYHiIjBYAbBH2i7"},{"accountno":"TA-reeja93","departmentno":"5","salary":"44441","pincode":"123456","userid":"yj4lLufi6vTtJtT0MKL8","id":"6QSkEZd6EnLDVjTuoIaD"},{"accountno":"TA-reeja12","departmentno":"3","salary":"324325","pincode":"232132","userid":"taGX4XQQfXD3Z76sI1Xn","id":"isuiSqtaPF55H202Rb5I"},{"accountno":"TA-reeja13","departmentno":"5","salary":"44441","pincode":"123456","userid":"yj4lLufi6vTtJtT0MKL8","id":"GdmIQKf3ngAXGvWJs7ng"},{"accountno":"TA-reeja13","departmentno":"5","salary":"44441","pincode":"123456","userid":"yj4lLufi6vTtJtT0MKL8","id":"mI4ahNCqFfHahAJmpNL5"},{"accountno":"TA-reeja13","departmentno":"5","salary":"44441","pincode":"123456","userid":"yj4lLufi6vTtJtT0MKL8","id":"kjcGxawATWjia6K6XPpl"},{"accountno":"","departmentno":"9","salary":"444678544444","pincode":"95678988","userid":"jcBy26UDfXtrfBOrkfI8","id":"z7wSsoiU1OywBPaUjcoJ"},{"accountno":"TA-3330333","departmentno":"9","salary":"444678544444","pincode":"95678988","userid":"jcBy26UDfXtrfBOrkfI8","id":"bZ4zOQUbjNty4WV0KYDJ"},{"accountno":"","departmentno":"9","salary":"444678544444","pincode":"95678988","userid":"jcBy26UDfXtrfBOrkfI8","id":"EqvfUQ894Ye6Fen1Ma49"},{"accountno":"TA-3330333","departmentno":"9","salary":"444678544444","pincode":"95678988","userid":"jcBy26UDfXtrfBOrkfI8","id":"Gl8yuLUrifYt0AzA3LRi"},{"accountno":"","departmentno":"9","salary":"444678544444","pincode":"95678988","userid":"jcBy26UDfXtrfBOrkfI8","id":"jt79G0iUjPy0DBZIIz1i"},{"accountno":"TA-3330333","departmentno":"9","salary":"444678544444","pincode":"95678988","userid":"jcBy26UDfXtrfBOrkfI8","id":"rIEPncDDOVBvivwggzvD"},{"accountno":"","departmentno":"9","salary":"444678544444","pincode":"95678988","userid":"jcBy26UDfXtrfBOrkfI8","id":"CWw6ZLI6GqimM8DOe91l"},{"accountno":"TA-3330333","departmentno":"9","salary":"444678544444","pincode":"95678988","userid":"jcBy26UDfXtrfBOrkfI8","id":"MlvO1VmPA9lrmCQuZNvU"},{"accountno":"TA-9999999","departmentno":"9","salary":"9191","pincode":"595959","userid":"JQGgG0SnNsZlQgoI2840","id":"HZPD0UCVeyVGP6LmMIjD"},{"accountno":"TA-9999999","departmentno":"9","salary":"9191","pincode":"595959","userid":"JQGgG0SnNsZlQgoI2840","id":"8MwumwfIGnum5sCIiOp4"},{"accountno":"Amaya","departmentno":"2","salary":"1000","pincode":"333444","userid":"r657BEYL3kM8lckt64O0","id":"ppTLZ9Tj90ABB26cGm1q"},{"accountno":"Amaya","departmentno":"2","salary":"1000","pincode":"333444","userid":"r657BEYL3kM8lckt64O0","id":"fWgLBu5jz64yLEuCQ2Dz"},{"accountno":"AA-Nov29","departmentno":"5","salary":"111","pincode":"123456","userid":"wEasjdwk6Do6TJhXo7vl","id":"ouQD9o5ToifZ1NJvvfDk"},{"accountno":"AA-Nov29","departmentno":"3","salary":"111","pincode":"123456","userid":"wEasjdwk6Do6TJhXo7vl","id":"KVigU3G1NLTUkxHkNwHY"},{"accountno":"AA-Nov29","departmentno":"2","salary":"111","pincode":"123456","userid":"wEasjdwk6Do6TJhXo7vl","id":"5IEhI5ypCIKYNeXqnktu"},{"accountno":"AA-Nov29","departmentno":"1","salary":"111","pincode":"123456","userid":"wEasjdwk6Do6TJhXo7vl","id":"vtKxmvoTcgdYqD57XowE"},{"accountno":"TA-reej1234","departmentno":"2","salary":"343223","pincode":"654321","userid":"taGX4XQQfXD3Z76sI1Xn","id":"ZmCiNVIgCJQzQy6ULa7C"},{"accountno":"TA-abcd1234","departmentno":"2","salary":"3432","pincode":"333456","userid":"taGX4XQQfXD3Z76sI1Xn","id":"ZBm3dhWnxec3EAnG1gTR"},{"accountno":"TA-reeja12","departmentno":"1","salary":"12345","pincode":"654321","userid":"taGX4XQQfXD3Z76sI1Xn","id":"AeN60JA7DEoek8cJoYbj"},{"accountno":"TA-abcd1234","departmentno":"2","salary":"3432","pincode":"333456","userid":"taGX4XQQfXD3Z76sI1Xn","id":"wlXL1O5jsY1RTVAFeCy6"},{"accountno":"TA-abcd1234","departmentno":"2","salary":"3432","pincode":"333456","userid":"taGX4XQQfXD3Z76sI1Xn","id":"PrOjqC1sz7dKK8mdWzde"},{"accountno":"TA-abcd1234","departmentno":"2","salary":"3432","pincode":"333456","userid":"taGX4XQQfXD3Z76sI1Xn","id":"A7wUZyVmGV1GBNcceovz"},{"accountno":"TA-abcd1234","departmentno":"2","salary":"3432","pincode":"333456","userid":"taGX4XQQfXD3Z76sI1Xn","id":"OkxW3DBTqPRjRB2Vj68F"},{"accountno":"TA-5432168","departmentno":"8","salary":"09876y","pincode":"876512","userid":"xrp1geWRD8ZEaLzT6YCs","id":"EXtb3DT7zLoxNUQJUrJG"},{"accountno":"TA-1114@@@","departmentno":"1","salary":"2100@$$","pincode":"543218","userid":"xrp1geWRD8ZEaLzT6YCs","id":"TpYeNO0r8KMoEuwdnE0R"},{"accountno":"TA-1114@@@","departmentno":"1","salary":"2100","pincode":"543218","userid":"xrp1geWRD8ZEaLzT6YCs","id":"JRaKlig7MWyEBQUAyYn0"},{"accountno":"TA-BH00006","departmentno":"6","salary":"9999999","pincode":"######","userid":"aVjYUGE0c0xLlerWKo7l","id":"rDD5ODpxPttyuOB1xgNi"},{"accountno":"TA-BH00005","departmentno":"","salary":"","pincode":"######","userid":"aVjYUGE0c0xLlerWKo7l","id":"EveQgmkduaRknXQKbekj"},{"accountno":"","departmentno":"6","salary":"50^^54","pincode":"666678","userid":"aVjYUGE0c0xLlerWKo7l","id":"jAkwUBA3MhFfzNZML18n"},{"accountno":"TA-BH3","departmentno":"6","salary":"500054","pincode":"0","userid":"aVjYUGE0c0xLlerWKo7l","id":"SGgKfh3p7oWGmVoRUGSU"},{"accountno":"TA-BH00002","departmentno":"6","salary":"500054","pincode":"","userid":"aVjYUGE0c0xLlerWKo7l","id":"98f8O2Q7bPNqdS4PgptN"},{"accountno":"TA-BH00001","departmentno":"6","salary":"500054","pincode":"666678","userid":"aVjYUGE0c0xLlerWKo7l","id":"c1jxhLJBNnEEtpTcJkM4"},{"accountno":"TA-BH00006","departmentno":"6","salary":"%%%%%%","pincode":"######","userid":"aVjYUGE0c0xLlerWKo7l","id":"a7D0hnDvPJPtuwGWlPMQ"},{"accountno":"TA-BH00005","departmentno":"","salary":"","pincode":"","userid":"aVjYUGE0c0xLlerWKo7l","id":"AWRrhakKDQjlfLI8svOp"},{"accountno":"","departmentno":"6","salary":"500054","pincode":"666678","userid":"aVjYUGE0c0xLlerWKo7l","id":"mE9MnJiIjSlKVjipYRp7"},{"accountno":"TA-BH3","departmentno":"6","salary":"500054","pincode":"666678","userid":"aVjYUGE0c0xLlerWKo7l","id":"dcJY4nc9SuMqNbX2SJhw"},{"accountno":"TA-BH00002","departmentno":"6","salary":"500054","pincode":"","userid":"aVjYUGE0c0xLlerWKo7l","id":"tlVTDzhRqyw6EDHisNYq"},{"accountno":"TA-BH00001","departmentno":"6","salary":"500054","pincode":"666678","userid":"aVjYUGE0c0xLlerWKo7l","id":"e2oMMoohRuYC82tCl3ZQ"},{"accountno":"TA-004433","departmentno":"2","salary":"22224","pincode":"333444","userid":"lRMbtFMJIZt1u2Unwd9E","id":"ztP69zHEneoVObELsQeE"},{"accountno":"TA-004433","departmentno":"2","salary":"22224","pincode":"333444","userid":"lRMbtFMJIZt1u2Unwd9E","id":"dcisnugYYk5CSGlLwGcQ"},{"accountno":"TA-007722","departmentno":"2","salary":"22224","pincode":"333444","userid":"lRMbtFMJIZt1u2Unwd9E","id":"tnBJ6LKozP49tBHQJ5Ig"},{"accountno":"TA-007722","departmentno":"2","salary":"22224","pincode":"333444","userid":"lRMbtFMJIZt1u2Unwd9E","id":"6SYar80DSZyt5kLKuVOW"},{"accountno":"TA-889988","departmentno":"2","salary":"22224","pincode":"333444","userid":"lRMbtFMJIZt1u2Unwd9E","id":"wq47ELI86yuWpABPO6aE"},{"accountno":"TA-9999999","departmentno":"9","salary":"9191","pincode":"595959","userid":"JQGgG0SnNsZlQgoI2840","id":"0xWGxyW68BpYFD20PwMo"},{"accountno":"TA-111111","departmentno":1,"salary":9191,"pincode":111111,"userid":"JQGgG0SnNsZlQgoI2840","id":"dsjFw4KrI8MAhK7oKEpO"},{"accountno":"TA-9999999","departmentno":"9","salary":"9191","pincode":"595959","userid":"JQGgG0SnNsZlQgoI2840","id":"yNvew4ilA9M6H5FtnDxX"},{"accountno":"TA-1234567","departmentno":"8","salary":"8","pincode":"123456","userid":"JQGgG0SnNsZlQgoI2840","id":"89uVtP1eLJZsWtE1HGg8"},{"accountno":"TA-1234567","departmentno":"8","salary":"8","pincode":"123456","userid":"JQGgG0SnNsZlQgoI2840","id":"576e09qxrf5hRCjbMdpe"},{"accountno":"TA-1234567","departmentno":"8","salary":"8","pincode":"123456","userid":"JQGgG0SnNsZlQgoI2840","id":"pfCXbq48mGuFKxIP3IEX"},{"accountno":"Amaya","departmentno":"2","salary":"1000","pincode":"333444","userid":"r657BEYL3kM8lckt64O0","id":"MfFHOYNmv4kQln2nrZYi"},{"accountno":"TA-nur1264","departmentno":"3","salary":"4500","pincode":"522101","userid":"EU32tRCFTYNRf1cCYOCt","id":"ew4s5yndt7STHTrlxDv0"},{"accountno":"TA-nur1234","departmentno":"3","salary":"4500","pincode":"522101","userid":"EU32tRCFTYNRf1cCYOCt","id":"caGQRuQUeXJx2dz9HHk0"},{"accountno":"TA-nur1234","departmentno":"2","salary":"2800","pincode":"522101","userid":"EU32tRCFTYNRf1cCYOCt","id":"X1dIXmZ8UpnHCp0YoYEj"},{"accountno":"23456789","departmentno":"3","salary":"60000","pincode":"908033","userid":"v6CDWchW8Hjn1ShnwpH0","id":"FQErcpJCyj4m3YdMhHG0"},{"accountno":"TA-nur1234","departmentno":"2","salary":"2800","pincode":"522101","userid":"EU32tRCFTYNRf1cCYOCt","id":"a3gGWGK4HWmQ7gwl4PXk"},{"accountno":"TA-reeja13","departmentno":"4","salary":"4444","pincode":"123456","userid":"taGX4XQQfXD3Z76sI1Xn","id":"yW2KA86Dg3ZIQRIBo3lq"},{"accountno":"TA-reeja13","departmentno":"4","salary":"4444","pincode":"123456","userid":"taGX4XQQfXD3Z76sI1Xn","id":"0C4XPwRCbdBxOE3ZafZE"},{"accountno":"TAabcdefgh","departmentno":"6","salary":"58000","pincode":"9070333","userid":"x6i83kk0zCjKq4CAPXST","id":"SClAjIP8GGDWlUGh6YfB"},{"accountno":"TAabcdefgh","departmentno":9,"salary":65000,"pincode":908033,"userid":"x6i83kk0zCjKq4CAPXST","id":"lQagAKQk7xpZZDYXIHsw"},{"accountno":"TAabcdefgh","departmentno":"4","salary":"45000","pincode":"908033","userid":"x6i83kk0zCjKq4CAPXST","id":"yc7ifodf4OY5TPthDONS"},{"accountno":"TAabcdefgh","departmentno":"4","salary":"50000","pincode":"908033","userid":"x6i83kk0zCjKq4CAPXST","id":"DF6vf4hie67eY17PXA10"},{"accountno":"TAabcdefgh","departmentno":"4","salary":"45000","pincode":"908033","userid":"x6i83kk0zCjKq4CAPXST","id":"888jp4ehKmZjaV9EUMKn"},{"accountno":"TA-1234567","departmentno":"1","salary":"2333","pincode":"343434","userid":"yj4lLufi6vTtJtT0MKL8","id":"PVqnM4J7wi0PEcDUI1Ds"},{"accountno":"TA-1234567","departmentno":2,"salary":654321,"pincode":123456,"userid":"taGX4XQQfXD3Z76sI1Xn","id":"y97HvLnT89bZdvrFzd0m"},{"accountno":"TA-reeja1234","departmentno":1,"salary":123,"pincode":666666,"userid":"yj4lLufi6vTtJtT0MKL8","id":"uu8rEusmIdd5aflhu6ca"},{"accountno":"TA-123456","departmentno":2,"salary":123445,"pincode":123456,"userid":"taGX4XQQfXD3Z76sI1Xn","id":"1LOsZTMw12GuMalZZJDX"},{"accountno":"Amaya","departmentno":"2","salary":"1000","pincode":"333444","userid":"r657BEYL3kM8lckt64O0","id":"rIbtjosZVK1g2AF3NfOE"},{"accountno":"Amaya","departmentno":"2","salary":"1000","pincode":"333444","userid":"r657BEYL3kM8lckt64O0","id":"baFimC5NKafoKoLyZR61"},{"accountno":"Amaya","departmentno":"2","salary":"1000","pincode":"333444","userid":"r657BEYL3kM8lckt64O0","id":"Q1hLbwyAX9hx4zrjIU7M"},{"accountno":"TA-reeja13","departmentno":4,"salary":4444,"pincode":123456,"userid":"taGX4XQQfXD3Z76sI1Xn","id":"esNgYOZFrQprOO3a1oYB"},{"accountno":"TA-343435","departmentno":"4","salary":"7880","pincode":"774331","userid":"obMP0wHEOg8YW5N13tWF","id":"w6VLvjs05rtHjhhUwCal"},{"accountno":"TA-343435","departmentno":"4","salary":"7880","pincode":"774331","userid":"obMP0wHEOg8YW5N13tWF","id":"dR6ODqJzpxJ65Qpbw0SD"},{"accountno":"TA-343435","departmentno":"4","salary":"7880","pincode":"567","userid":"obMP0wHEOg8YW5N13tWF","id":"hDj1AzyQcHxcDSCGceu7"},{"accountno":"TA-343435","departmentno":"","salary":"7880","pincode":"567","userid":"obMP0wHEOg8YW5N13tWF","id":"QhAWaHmW0Xz8WSKtqpRE"},{"accountno":"TA-BH88990","departmentno":"6","salary":"500054","pincode":"666678","userid":"aVjYUGE0c0xLlerWKo7l","id":"rFAlqsK1sVw09np6QVGb"},{"accountno":"Amaya","departmentno":"2","salary":"1000","pincode":"333444","userid":"r657BEYL3kM8lckt64O0","id":"wmFfW7sGubuxptS32edx"},{"accountno":"TA-reeja13","departmentno":"4","salary":"4444","pincode":"123456","userid":"taGX4XQQfXD3Z76sI1Xn","id":"QaOQ0xdXLkC0R5iIRdkY"},{"accountno":"TA-reeja13","departmentno":"3","salary":"4444","pincode":"123456","userid":"taGX4XQQfXD3Z76sI1Xn","id":"xTMZJtdt79C8BC5pWALv"},{"accountno":"TA-2222222","departmentno":"2","salary":"202020","pincode":"200200","userid":"y4EGNLRjrgtEjC6KVUVR","id":"2Cs8y3IGSOPLDPVAoVLt"},{"accountno":"TA-reeja13","departmentno":"3","salary":"4444","pincode":"123456","userid":"taGX4XQQfXD3Z76sI1Xn","id":"LTG7KFaZY4sdpph4SiRH"},{"accountno":"Amaya","departmentno":"2","salary":"1000","pincode":"333444","userid":"r657BEYL3kM8lckt64O0","id":"ENTG1GuFamQpTYldCnEK"},{"accountno":"TA-reeja12","departmentno":"1","salary":"4444","pincode":"123456","userid":"taGX4XQQfXD3Z76sI1Xn","id":"SnVz46jgltc62L8h7iKS"},{"accountno":"TA-1234569","departmentno":"9","salary":"12345","pincode":"320111","userid":"xrp1geWRD8ZEaLzT6YCs","id":"bi8e1hvTLa70S59MjJxM"},{"accountno":"TA-1234567","departmentno":"9","salary":"12345","pincode":"320111","userid":"xrp1geWRD8ZEaLzT6YCs","id":"swK07KWazlvuQmSCpRMH"},{"accountno":"TA-reeja11","departmentno":"1","salary":"123","pincode":"123456","userid":"yj4lLufi6vTtJtT0MKL8","id":"WkLH4iQtLlQgB2bw5ZVP"},{"accountno":"TA-BH@@@@@","departmentno":2,"salary":5600000,"pincode":"","userid":"aVjYUGE0c0xLlerWKo7l","id":"yhy7H3vVTOyR9nkLc59e"},{"accountno":"TA-BH23@@@","departmentno":"2","salary":"5600000$$$","pincode":"000000","userid":"aVjYUGE0c0xLlerWKo7l","id":"6TQoXBhB6eDJVLzfOXxY"},{"accountno":"TA-prasan1","departmentno":"2","salary":"7000","pincode":"756001","userid":"xrp1geWRD8ZEaLzT6YCs","id":"MwOK4nqpLSFOLVJ7scEX"},{"accountno":"TA-prasanz","departmentno":"9","salary":"7500","pincode":"756212","userid":"xrp1geWRD8ZEaLzT6YCs","id":"SFgTBStDqDdwQvOhim8Y"},{"accountno":"TA-priya87","departmentno":"9","salary":"99076","pincode":"789065","userid":"hx9jBCAKLzCVUPDUAshf","id":"iqmwvZadGXL5vAZ76fSa"},{"accountno":"TA-BH56677","departmentno":"5","salary":"500054","pincode":"666678","userid":"dsihdoU16RpfgGNTUWPY","id":"kJJyOeNMYtWZeaVFTHkl"},{"accountno":"TA-855dp97","departmentno":"9","salary":"22397","pincode":"234597","userid":"taGX4XQQfXD3Z76sI1Xn","id":"mA9gOaWML9O2NcsLjr06"},{"accountno":"TA-855dp577","departmentno":"77","salary":"15577","pincode":"232577","userid":"taGX4XQQfXD3Z76sI1Xn","id":"gTYp317e7fPOdyz72Xx6"},{"accountno":"TA-855dp577","departmentno":"77","salary":"15577","pincode":"232577","userid":"taGX4XQQfXD3Z76sI1Xn","id":"fyrTLQWUzb2rS8Se8gUT"},{"accountno":"TA-855dp96","departmentno":"9","salary":"22396","pincode":"234596","userid":"taGX4XQQfXD3Z76sI1Xn","id":"d4M5a6U1t3ev9pMF8653"},{"accountno":"TA-855dp95","departmentno":"9","salary":"22395","pincode":"234595","userid":"taGX4XQQfXD3Z76sI1Xn","id":"TNfAbLr0DljvxcRBHsP2"},{"accountno":"","departmentno":"9","salary":"444678544444","pincode":"95678988","userid":"jcBy26UDfXtrfBOrkfI8","id":"j4loBj0UZDzNVHtEPeba"},{"accountno":"TA-4440444","departmentno":"51","salary":"","pincode":"956789","userid":"jcBy26UDfXtrfBOrkfI8","id":"NzMlUlKC4CgYS5jZLncH"},{"accountno":"TA-855dp555","departmentno":"9","salary":"15555","pincode":"232323","userid":"taGX4XQQfXD3Z76sI1Xn","id":"fDiEA1PEAjDTdIUadOO5"},{"accountno":"","departmentno":"9","salary":"444678544444","pincode":"95678988","userid":"jcBy26UDfXtrfBOrkfI8","id":"DDr2g447LjAZZEXw2J8j"},{"accountno":"TA-855dp94","departmentno":"9","salary":"22394","pincode":"234591","userid":"taGX4XQQfXD3Z76sI1Xn","id":"09rpR2oi35L9rxwjq4db"},{"accountno":"TA-BH22222","departmentno":"%%%%%","salary":"@@@@@@@","pincode":"@@@@@@","userid":"dsihdoU16RpfgGNTUWPY","id":"rrJUezghhpGNZlRs7tS7"},{"accountno":"TA-BH20211","departmentno":"4","salary":"??????????","pincode":"000000","userid":"dsihdoU16RpfgGNTUWPY","id":"qMbpImfoIU5H1aqrbuYL"},{"accountno":"TA-855dp92","departmentno":"9","salary":"22391","pincode":"234591","userid":"taGX4XQQfXD3Z76sI1Xn","id":"c059fApdT9QhQCkKy5X6"},{"accountno":"TA-nur1234","departmentno":"2","salary":"2800","pincode":"522101","userid":"EU32tRCFTYNRf1cCYOCt","id":"4nFP7Rrk8yKLpSFLLDA1"},{"accountno":"TA-nur1234","departmentno":"2","salary":"2800","pincode":"522101","userid":"EU32tRCFTYNRf1cCYOCt","id":"Vd8I6OUeVzViHYXGvtx8"},{"accountno":"TA-nur1234","departmentno":"2","salary":"2800","pincode":"522101","userid":"EU32tRCFTYNRf1cCYOCt","id":"Svvq8S6QSGJhv4ecrOcS"},{"accountno":"TA-nur1234","departmentno":"2","salary":"2800","pincode":"522101","userid":"EU32tRCFTYNRf1cCYOCt","id":"M1aMblXEezmwJPKivs9E"},{"accountno":"TA-nur1234","departmentno":"2","salary":"2800","pincode":"522101","userid":"EU32tRCFTYNRf1cCYOCt","id":"jQwiiyw8SXlPfEAXxAfr"},{"accountno":"Amaya","departmentno":"2","salary":"1000","pincode":"333444","userid":"r657BEYL3kM8lckt64O0","id":"ty7gL5s7vAwhRLdiogZe"},{"accountno":"TA-nur1234","departmentno":"2","salary":"2800","pincode":"522101","userid":"EU32tRCFTYNRf1cCYOCt","id":"45MQGkKzWgZM6YfpyVZW"},{"accountno":"Amaya","departmentno":"2","salary":"1000","pincode":"333444","userid":"r657BEYL3kM8lckt64O0","id":"5xTLHq6GuHdnB195SFvI"},{"accountno":"TA-nur1234","departmentno":"2","salary":"2800","pincode":"522101","userid":"EU32tRCFTYNRf1cCYOCt","id":"iyCEDucHeYyTLTFe2xrj"},{"accountno":"Amaya","departmentno":"2","salary":"1000","pincode":"333444","userid":"r657BEYL3kM8lckt64O0","id":"4UmiC5LJ4xzFRPIDnu6i"},{"accountno":"Amaya","departmentno":"2","salary":"1000","pincode":"333444","userid":"r657BEYL3kM8lckt64O0","id":"gauFqFmPIWWsp5BYEAPq"},{"accountno":"TA-nur1234","departmentno":"2","salary":"2800","pincode":"522101","userid":"EU32tRCFTYNRf1cCYOCt","id":"s8ssmOAI3pmpDpkj249x"},{"accountno":"TA-nur1234","departmentno":"2","salary":"2800","pincode":"522101","userid":"EU32tRCFTYNRf1cCYOCt","id":"GiiSGFkahQyjDYK07zhl"},{"accountno":"SA-Nov27","departmentno":"1","salary":"11102","pincode":"123456","userid":"wEasjdwk6Do6TJhXo7vl","id":"I4lOJ1sdo46uV2FUb03C"},{"accountno":"TA-nur1234","departmentno":"1","salary":"4566","pincode":"564735","userid":"EU32tRCFTYNRf1cCYOCt","id":"QGHr5Armw9bOuTUsqcJs"},{"accountno":"TA-1111111","departmentno":"5","salary":"1111","pincode":"555555","userid":"r657BEYL3kM8lckt64O0","id":"zgXfENyYpJUQmbo0IbA9"},{"accountno":"TA-1111111","departmentno":"5","salary":"1111","pincode":"555555","userid":"r657BEYL3kM8lckt64O0","id":"HqCv5oRGDINcPH9GtlVl"},{"accountno":"TA-1111111","departmentno":"5","salary":"1111","pincode":"555555","userid":"r657BEYL3kM8lckt64O0","id":"wjUlY4uNzI0jOYmwZIX1"},{"accountno":"TA-1111111","departmentno":"5","salary":"1111","pincode":"555555","userid":"r657BEYL3kM8lckt64O0","id":"zPOkjdMQKnKWjCPkbNRP"},{"accountno":"TA-1111111","departmentno":"5","salary":"1111","pincode":"555555","userid":"r657BEYL3kM8lckt64O0","id":"EZ8w5gPMg1wdnhvbLTlG"},{"accountno":"TA-1111111","departmentno":"5","salary":"1111","pincode":"555555","userid":"r657BEYL3kM8lckt64O0","id":"KF47vMqlLzO6dC7AIfHC"},{"accountno":"Raj999999","departmentno":"9","salary":"9009","pincode":"999000","userid":"v4LqA4tlGFVD0zR7Nmk1","id":"2wvczuKcnnVKfBthTuT4"},{"accountno":"TA-343434341234","departmentno":"109","salary":"48900","pincode":"852602","userid":"obMP0wHEOg8YW5N13tWF","id":"tiFMt14RbJtzidL6NsZG"},{"accountno":"TA-343434341234","departmentno":"109","salary":"48900","pincode":"852602","userid":"obMP0wHEOg8YW5N13tWF","id":"D1skexwPxQrJi39VsArG"},{"accountno":"TA-343434341234","departmentno":"4","salary":"48900","pincode":"852602","userid":"obMP0wHEOg8YW5N13tWF","id":"IxglGeoW2FMSHtMYLPF8"},{"accountno":"TA-34343434","departmentno":"4","salary":"48900","pincode":"852602","userid":"obMP0wHEOg8YW5N13tWF","id":"Bzg7HXSPYKMsAGUGdIKS"},{"accountno":"TA-343434","departmentno":"4","salary":"abcdef","pincode":"852602","userid":"obMP0wHEOg8YW5N13tWF","id":"2iGENnDS01dvqPh3hVXC"},{"accountno":"TA-343434","departmentno":"4","salary":"4900","pincode":"852602","userid":"obMP0wHEOg8YW5N13tWF","id":"XJJ02DdzfKAQz8zCkoM6"},{"accountno":"TA-343435","departmentno":"45","salary":"17880","pincode":"774331","userid":"obMP0wHEOg8YW5N13tWF","id":"g6ezUvFvOtIrttWYCHjt"},{"accountno":"Amaya","departmentno":"2","salary":"1000","pincode":"333444","userid":"r657BEYL3kM8lckt64O0","id":"IuCvMuYkwkyOCsTKSGAy"},{"accountno":"Amaya","departmentno":"2","salary":"1000","pincode":"333444","userid":"r657BEYL3kM8lckt64O0","id":"TsOX614UvIEgqgaxhjk4"},{"accountno":"TA-BH56677","departmentno":"5","salary":"500054","pincode":"666678","userid":"dsihdoU16RpfgGNTUWPY","id":"AcuFSOxPJ0suNlN23dhA"},{"accountno":"TA-1111122","departmentno":"1","salary":"11112","pincode":"620019","userid":"sbYnXDLlFUWxUjx9tZ7m","id":"SeZSeO8VfRrBYD6iq39n"},{"accountno":"TA-855dp111","departmentno":"11","salary":"22311","pincode":"234511","userid":"taGX4XQQfXD3Z76sI1Xn","id":"VGO6HWKDfz9rkmhXqWBg"},{"accountno":"TA-855dp11","departmentno":"11","salary":"22311","pincode":"234511","userid":"taGX4XQQfXD3Z76sI1Xn","id":"r7AxU4Plot6J6WMOhDC7"},{"accountno":"Sindhupalak2","departmentno":2,"salary":2,"pincode":2222,"userid":"rj2jMwRUZplTrFDbPJNP","id":"fgubpHXsOiiSTaynYxvl"},{"accountno":"palakpatel","departmentno":"1","salary":"1","pincode":"111111","userid":"x5gWjfBrP3HjfGpdDrP0","id":"IVSvROilCFhlRUMeiMBQ"},{"accountno":"TA-palak","departmentno":9,"salary":6,"pincode":111111,"userid":"x5gWjfBrP3HjfGpdDrP0","id":"W9MPEvThmyIUFi9yApNA"},{"accountno":"TA-palak0","departmentno":9,"salary":6,"pincode":111111,"userid":"x5gWjfBrP3HjfGpdDrP0","id":"W0RXeHNePPm8StHRLbWs"},{"accountno":"TA-palak09","departmentno":9,"salary":6,"pincode":1,"userid":"x5gWjfBrP3HjfGpdDrP0","id":"E5T3unRjO46N8oiGrZsj"},{"accountno":"TA-palak09","departmentno":9,"salary":6,"pincode":1,"userid":"x5gWjfBrP3HjfGpdDrP0","id":"ev7MlHsFuBdqjOZFd3iK"},{"accountno":"TA-palak09","departmentno":9,"salary":6,"pincode":1,"userid":"x5gWjfBrP3HjfGpdDrP0","id":"Bi8snJfgbh6IiySimZdF"},{"accountno":"TA-palak09","departmentno":9,"salary":6,"pincode":111,"userid":"x5gWjfBrP3HjfGpdDrP0","id":"J7cmjCWBIeuwK3jAwZtn"},{"accountno":"TA-1212125","departmentno":"2","salary":"20000","pincode":"620019","userid":"sbYnXDLlFUWxUjx9tZ7m","id":"kMWPeejiEJEtD7fIKn4s"},{"accountno":"TA-1212124","departmentno":"2","salary":"20000","pincode":"620019","userid":"sbYnXDLlFUWxUjx9tZ7m","id":"bOrC4KNabrBDiqdJOfss"},{"accountno":"Sindhupalak1","departmentno":1,"salary":1,"pincode":111,"userid":"rj2jMwRUZplTrFDbPJNP","id":"m1G5qTU3Bg9qbyVXM9KL"},{"accountno":"TA-1212123","departmentno":"2","salary":"20000","pincode":"620019","userid":"sbYnXDLlFUWxUjx9tZ7m","id":"f8JFd9Xm1BG4ocGOcvSN"},{"accountno":"TA-1212121","departmentno":"2","salary":"20000","pincode":"620019","userid":"sbYnXDLlFUWxUjx9tZ7m","id":"x7HN6F0eeidPiiAL50Gf"},{"accountno":"TA-1122114","departmentno":"1","salary":"1010","pincode":"911111","userid":"zHei4hlbhNApF35AAVu1","id":"c3Po1JI2UOGB6BGnj1mu"},{"accountno":"TA-4440444","departmentno":"5","salary":"4440444","pincode":"956789","userid":"r657BEYL3kM8lckt64O0","id":"O9chMBBMhD7E5t5bqcVl"},{"accountno":"TA-4440444","departmentno":"5","salary":"4440444","pincode":"956789","userid":"r657BEYL3kM8lckt64O0","id":"u9yEWHpxpZTSz8Ns8HNK"},{"accountno":"TA-8989892","departmentno":"8","salary":"80001","pincode":"098900","userid":"xA8fC6JoQVE5F6qeqgDj","id":"58DNN6Tg6uMy01BBEpWA"},{"accountno":"TA-priya12","departmentno":"1","salary":"78690","pincode":"890890","userid":"hx9jBCAKLzCVUPDUAshf","id":"XDM1ZmzVbZ8VUSuP0RO8"},{"accountno":"TA-priya12","departmentno":"1","salary":"78690","pincode":"890890","userid":"hx9jBCAKLzCVUPDUAshf","id":"cFKV3dH4bSGQmp9ehMIf"},{"accountno":"Sindhupalak1","departmentno":1,"salary":1,"pincode":111111,"userid":"rj2jMwRUZplTrFDbPJNP","id":"jzZuceDyXfj5qjZdjpmd"},{"accountno":"TA-4440444","departmentno":"51","salary":"4440444","pincode":"A","userid":"jcBy26UDfXtrfBOrkfI8","id":"FPVSHbk2LtNbN8xa6V7Q"},{"accountno":"TA-4440444","departmentno":"51","salary":"4440444","pincode":"956789","userid":"jcBy26UDfXtrfBOrkfI8","id":"rsX1vdHbXKigWOPqvHqm"},{"accountno":"TA-4440444","departmentno":"51","salary":"4440444","pincode":"956789","userid":"jcBy26UDfXtrfBOrkfI8","id":"Isyn6FHnaEm1JaspBczE"},{"accountno":"TA-4440444","departmentno":"51","salary":"4440444","pincode":"956789","userid":"jcBy26UDfXtrfBOrkfI8","id":"1VgG8kwIptXvtyzLALFr"},{"accountno":"TA-4440444","departmentno":"5","salary":"4440444","pincode":"956789","userid":"jcBy26UDfXtrfBOrkfI8","id":"ZCvtlJO2F3v1NtmKVQHM"},{"accountno":"TA-009933","departmentno":"2","salary":"22224","pincode":"333444","userid":"lRMbtFMJIZt1u2Unwd9E","id":"qQIjghMJ1hrfZFZJDXL3"},{"accountno":"TA-009977","departmentno":"2","salary":"22224","pincode":"333444","userid":"lRMbtFMJIZt1u2Unwd9E","id":"ZRq7h3JfrNLfYtVtUC7T"},{"accountno":"TA-4440444","departmentno":"5","salary":"","pincode":"956789","userid":"jcBy26UDfXtrfBOrkfI8","id":"KQePp7xOC7HqKM5gVNZG"},{"accountno":"TA-4440444","departmentno":"5","salary":"4440444","pincode":"","userid":"jcBy26UDfXtrfBOrkfI8","id":"QOxySsiHqdzd0gzRt8Md"},{"accountno":"TA-4440444","departmentno":"5","salary":"4440444","pincode":"956789","userid":"jcBy26UDfXtrfBOrkfI8","id":"T8GiyP0fzhTzzdeq59s3"},{"accountno":"TA-4440444","departmentno":"5","salary":"","pincode":"956789","userid":"jcBy26UDfXtrfBOrkfI8","id":"mZUtohB4wLcPmtSwxNXu"},{"accountno":"TA-4440444","departmentno":"5","salary":"4440444","pincode":"956789","userid":"jcBy26UDfXtrfBOrkfI8","id":"PRYhONrCXDAKlRPCnm0C"},{"accountno":"TA-3444444","departmentno":"4","salary":"4444","pincode":"444444","userid":"jcBy26UDfXtrfBOrkfI8","id":"vbBEhVsBP2UAm11XR7y6"},{"accountno":"TA-3455667","departmentno":"6","salary":"45","pincode":"899988","userid":"jcBy26UDfXtrfBOrkfI8","id":"9yTFBQpoS5pgakrqlXT3"},{"accountno":"TA-3455667","departmentno":"6","salary":"hj","pincode":"899988","userid":"jcBy26UDfXtrfBOrkfI8","id":"5Ya1WJGBn4klqHiGAVXT"},{"accountno":"TA-4567890","departmentno":"1","salary":"  ","pincode":"956787","userid":"jcBy26UDfXtrfBOrkfI8","id":"uoPuE43hgMcCH0BBasiT"},{"accountno":"TA-4567890","departmentno":"1","salary":"12345","pincode":"956787","userid":"jcBy26UDfXtrfBOrkfI8","id":"TWp9mewQqoc1wJ7Ee8FJ"},{"accountno":"TA-8989892","departmentno":"8","salary":"80001","pincode":"098900","userid":"xA8fC6JoQVE5F6qeqgDj","id":"Y376cEeFcYs0m3l5nYYd"},{"accountno":"TA-4440444","departmentno":"5","salary":"4440444","pincode":"956789","userid":"jcBy26UDfXtrfBOrkfI8","id":"jMupe3VwabjiYTGLV8Gj"},{"accountno":"TA-palak09","departmentno":9,"salary":6,"pincode":111111,"userid":"x5gWjfBrP3HjfGpdDrP0","id":"yxcZHO00BBH1W8bXFSDH"},{"accountno":"TA-palak09","departmentno":9,"salary":6,"pincode":111111,"userid":"x5gWjfBrP3HjfGpdDrP0","id":"a5fZenY5nPAspWr2blF8"},{"accountno":"TA-palak09","departmentno":9,"salary":6,"pincode":111111,"userid":"x5gWjfBrP3HjfGpdDrP0","id":"BoEDQCE0e0im5dDvSHIP"},{"accountno":"TA-palak09","departmentno":9,"salary":6,"pincode":111111,"userid":"x5gWjfBrP3HjfGpdDrP0","id":"icBgOnlmML2VNzsJLz1g"},{"accountno":"TA-palak09","departmentno":9,"salary":6,"pincode":111111,"userid":"x5gWjfBrP3HjfGpdDrP0","id":"TG313M8JWYbIgeRjGQV8"},{"accountno":"TA-4440444","departmentno":"5","salary":"4440444","pincode":"956789","userid":"jcBy26UDfXtrfBOrkfI8","id":"ojb9xuPLPw5FmgAXOHVL"},{"accountno":"TA-4440444","departmentno":"5","salary":"4440444","pincode":"956789","userid":"jcBy26UDfXtrfBOrkfI8","id":"Lgl1SqJzYpCedGHChiuL"},{"accountno":"TA-4440444","departmentno":"5","salary":"4440444","pincode":"956789","userid":"jcBy26UDfXtrfBOrkfI8","id":"tBSD3bibruadLfYFNYXv"},{"accountno":"TA-palak09","departmentno":9,"salary":6,"pincode":111111,"userid":"x5gWjfBrP3HjfGpdDrP0","id":"zMqD6h5mLwOcBobmFEmc"},{"accountno":"TA-4440444","departmentno":"5","salary":"4440444","pincode":"956789","userid":"r657BEYL3kM8lckt64O0","id":"p5vjw6IyTJ16Nq6ll55Q"},{"accountno":"TA-4440444","departmentno":"5","salary":"4440444","pincode":"956789","userid":"r657BEYL3kM8lckt64O0","id":"NRr8ZjsiDp6dwLiqS6DQ"},{"accountno":"TA-4567900","departmentno":"1","salary":"1000","pincode":"234567","userid":"orjGegLSNrxGpGjFtLWi","id":"uCHrn9PKtReaGVIFwpSQ"},{"accountno":"TA-4567867","departmentno":"1","salary":"1000","pincode":"234567","userid":"orjGegLSNrxGpGjFtLWi","id":"a47Pgu0YP6SsmUyam8vP"},{"accountno":"TA-4567865","departmentno":"1","salary":"1000","pincode":"234567","userid":"orjGegLSNrxGpGjFtLWi","id":"3XmQUPb8vzK06DrfFhQr"},{"accountno":"TA-7755348","departmentno":"5","salary":"1000","pincode":"478234","userid":"orjGegLSNrxGpGjFtLWi","id":"fIMOUh2xUOHZY4QRmD00"},{"accountno":"TA-855dd10","departmentno":"9","salary":"22310","pincode":"234510","userid":"taGX4XQQfXD3Z76sI1Xn","id":"llTRpfFxoqui90Q0YkkE"},{"accountno":"VA-2727272","departmentno":"2","salary":"9000","pincode":"456788","userid":"rj2jMwRUZplTrFDbPJNP","id":"RWb7dLy1knwCBsIGu0dc"},{"accountno":"VA-2727272","departmentno":"2","salary":"12222","pincode":"456788","userid":"rj2jMwRUZplTrFDbPJNP","id":"lKYNO9AwCup0vOxpUzL0"},{"accountno":"TA-4440444","departmentno":"5","salary":"4440444","pincode":"956789","userid":"r657BEYL3kM8lckt64O0","id":"S8d5QsPAgrJoXm9dzCoD"},{"accountno":"AmayaM","departmentno":"2","salary":"1000","pincode":"333444","userid":"r657BEYL3kM8lckt64O0","id":"8y81twOjQufBhJMyA375"},{"accountno":"AmayaM","departmentno":"2","salary":"1000","pincode":"333444","userid":"r657BEYL3kM8lckt64O0","id":"VR9Ix6V3lj7WY4awz4ln"},{"accountno":"TA-4440444","departmentno":"5","salary":"4440444","pincode":"956789","userid":"jcBy26UDfXtrfBOrkfI8","id":"N9P4mOQ3yyficeazlNTq"},{"accountno":"TA-4440444","departmentno":"5","salary":"4440444","pincode":"956789","userid":"jcBy26UDfXtrfBOrkfI8","id":"J4CGHwlht6zwhmS2e20i"},{"accountno":"TA-4440444","departmentno":"5","salary":"4440444","pincode":"956789","userid":"jcBy26UDfXtrfBOrkfI8","id":"6uUI8XDb8V153FRr5vOd"},{"accountno":"TA-8989891","departmentno":"8","salary":"80001","pincode":"098900","userid":"xA8fC6JoQVE5F6qeqgDj","id":"NxZ8KD22o06gXhKEDeYj"},{"accountno":"SA-1234567","departmentno":"1","salary":"10","pincode":"120878","userid":"wEasjdwk6Do6TJhXo7vl","id":"L5weY03b4ONyHiOpvYJf"},{"accountno":"TA-343435","departmentno":"4","salary":"7880","pincode":"774331","userid":"obMP0wHEOg8YW5N13tWF","id":"w3CtgycW5teNJzKjhptI"},{"accountno":"TA-343434","departmentno":"4","salary":"4900","pincode":"852602","userid":"obMP0wHEOg8YW5N13tWF","id":"kB7xdiotjWiTlXONecnp"},{"accountno":"TA-855dp91","departmentno":"9","salary":"22391","pincode":"234591","userid":"taGX4XQQfXD3Z76sI1Xn","id":"4Idi3WUPlSnEr34iSiMf"},{"accountno":"TA-4440444","departmentno":"5","salary":"4440444","pincode":"956789","userid":"jcBy26UDfXtrfBOrkfI8","id":"1TvWwcxWbz6oRf9mIC6K"},{"accountno":"TA-4440444","departmentno":"5","salary":"4440444","pincode":"956789","userid":"yj4lLufi6vTtJtT0MKL8","id":"5buKpo2lRFcftqY81S10"},{"accountno":"TA-4440444","departmentno":"5","salary":"4440444","pincode":"956789","userid":"yj4lLufi6vTtJtT0MKL8","id":"tFsmwGC18rP3DQvgjOGO"},{"accountno":"TA-4440444","departmentno":"5","salary":"4440444","pincode":"956789","userid":"yj4lLufi6vTtJtT0MKL8","id":"Nqc3zffrrmHSOMeVfCCp"},{"accountno":"TA-8551dp1","departmentno":"1","salary":"22334","pincode":"234567","userid":"taGX4XQQfXD3Z76sI1Xn","id":"ka4R0xqiLVnwXMjiJ8at"},{"accountno":"TA-009901","departmentno":6,"salary":6775,"pincode":676767,"userid":"lRMbtFMJIZt1u2Unwd9E","id":"EoLtNFTYHVNF6bITUEBT"},{"accountno":"TA-April01","departmentno":"1","salary":"111","pincode":"123456","userid":"wEasjdwk6Do6TJhXo7vl","id":"dmbgMig7YBVEDI7lrxb9"},{"accountno":"TA-1111112","departmentno":"2","salary":"1112","pincode":"197012","userid":"y0ROQ195Nq0c8MTZyxMM","id":"G5riN807XSkeUT7MYViH"},{"accountno":"TA-1111112","departmentno":"2","salary":"1112","pincode":"197012","userid":"y0ROQ195Nq0c8MTZyxMM","id":"qh9525Fznpcm6CuoDJvt"},{"accountno":"TA-855dd5535","departmentno":"123","salary":"11111","pincode":"2323233","userid":"taGX4XQQfXD3Z76sI1Xn","id":"ArdO9wzU6RyiY3UBttPw"},{"accountno":"TA-8551dd6","departmentno":"6","salary":"22346","pincode":"234566","userid":"taGX4XQQfXD3Z76sI1Xn","id":"eum5PISOCHQbuIiFK4Pp"},{"accountno":"TA-1111112","departmentno":"2","salary":"1112","pincode":"197012","userid":"y0ROQ195Nq0c8MTZyxMM","id":"NpSpf61ZM01dilSkb63h"},{"accountno":"TA-1111112","departmentno":"2","salary":"1112","pincode":"197012","userid":"y0ROQ195Nq0c8MTZyxMM","id":"ARrsFKsaPlkdlsTWDw1P"},{"accountno":"TA-111","departmentno":"2","salary":"1112","pincode":"197012","userid":"y0ROQ195Nq0c8MTZyxMM","id":"EqeGMtdm67yWGXUl1Wxu"},{"accountno":"TA-111","departmentno":"2","salary":"1112","pincode":"197012","userid":"y0ROQ195Nq0c8MTZyxMM","id":"6Jnh4qUo0QXvDFRysb9K"},{"accountno":"TA-April01","departmentno":"1","salary":"111","pincode":"123456","userid":"wEasjdwk6Do6TJhXo7vl","id":"8qeDxXFfEoU5Hk6hJ37o"},{"accountno":"TA-BHMarch","departmentno":"0","salary":"@@@@@@@@@","pincode":"888888","userid":"dsihdoU16RpfgGNTUWPY","id":"xtNepCoQpkj33UGKpLdk"},{"accountno":"TA-8551dd4","departmentno":"4","salary":"22343","pincode":"234565","userid":"y35feW6tcm2WoS3hADp8","id":"pxegOIxgkVSrcb9lqBMC"},{"accountno":"TA-4440444","departmentno":"5","salary":"4440444","pincode":"956789","userid":"yj4lLufi6vTtJtT0MKL8","id":"YhGQ3HlKr5zzfB6WcALx"},{"accountno":"TA-April01","departmentno":"1","salary":"111","pincode":"123456","userid":"wEasjdwk6Do6TJhXo7vl","id":"uumczZv4TAiItzxNR5qt"},{"accountno":"TA-April01","departmentno":"1","salary":"111","pincode":"123456","userid":"wEasjdwk6Do6TJhXo7vl","id":"WSIMcdC0Ydn94rrhrEZE"},{"accountno":"TA-1234dd5","departmentno":"5","salary":"98765","pincode":"435678","userid":"y35feW6tcm2WoS3hADp8","id":"iNwOV7pd2GMq9nUNFo4C"},{"accountno":"TA-Sibi","departmentno":"7","salary":"7878","pincode":"2314","userid":"ly1BA6K8EnMerf0NcPl6","id":"MzOufxLlQ6q04Hi2wxbZ"},{"accountno":"TA-67676559","departmentno":"7","salary":"7878","pincode":"2314","userid":"ly1BA6K8EnMerf0NcPl6","id":"sC58U9jyjhAwvM5XdeZR"},{"accountno":"TA-67676559","departmentno":"7","salary":"7878","pincode":"2314","userid":"ly1BA6K8EnMerf0NcPl6","id":"zZJryjAR8iNHOJVULt9Y"},{"accountno":"TA-67676559","departmentno":"abere","salary":"7878","pincode":"787878","userid":"ly1BA6K8EnMerf0NcPl6","id":"BfegUBLstarPy8RUYArg"},{"accountno":"TA-67676559","departmentno":"7","salary":"7878","pincode":"787878","userid":"ly1BA6K8EnMerf0NcPl6","id":"OX5YLXecUhbs9m95Bjxj"},{"accountno":"TA-pri7890","departmentno":"6","salary":"89076","pincode":"789065","userid":"hx9jBCAKLzCVUPDUAshf","id":"KoEH3gcUKRW5RxSse9I3"},{"accountno":"TA-pri1234","departmentno":"4","salary":"78900","pincode":"907030","userid":"hx9jBCAKLzCVUPDUAshf","id":"7f8aAZxk3PlVbHUDHnLt"},{"accountno":"TA-prp1111","departmentno":"1","salary":"1","pincode":"111111","userid":"x5gWjfBrP3HjfGpdDrP0","id":"TCkKpflm3sQLpKKCcmHC"},{"accountno":"","departmentno":"","salary":777777777,"pincode":"","userid":"dsihdoU16RpfgGNTUWPY","id":"saVQ09BsK9ZmAAVtzVf7"},{"accountno":"TA-BH22","departmentno":"0","salary":"20000000","pincode":"200000","userid":"dsihdoU16RpfgGNTUWPY","id":"ifW6oTuKwlRQ39sGs309"},{"accountno":"TA-pmp1234","departmentno":"1","salary":"1","pincode":"111111","userid":"x5gWjfBrP3HjfGpdDrP0","id":"P04SwcE1R8URBtfy7zaS"},{"accountno":"TA-BH222","departmentno":"0","salary":"20000000","pincode":"200000","userid":"dsihdoU16RpfgGNTUWPY","id":"EV5xmlwK1o8TjYQ3yyCw"},{"accountno":"TA-BH22222","departmentno":"0","salary":"20000000","pincode":"200000","userid":"dsihdoU16RpfgGNTUWPY","id":"8bSuemM1Liw0Qk9TB16Y"},{"accountno":"TA-palak09","departmentno":1,"salary":6,"pincode":111111,"userid":"x5gWjfBrP3HjfGpdDrP0","id":"JoZ2RbaGKGi0Y7kDflew"},{"accountno":"TA-palak06","departmentno":1,"salary":6,"pincode":111111,"userid":"x5gWjfBrP3HjfGpdDrP0","id":"6kDCkjzeUCnA1FWbrOUX"},{"accountno":"TA-palak05","departmentno":1,"salary":5,"pincode":111111,"userid":"x5gWjfBrP3HjfGpdDrP0","id":"oQMf0qOpqOgiZvVxPjaG"},{"accountno":"AmayaM","departmentno":"2","salary":"111","pincode":"333444","userid":"r657BEYL3kM8lckt64O0","id":"TQy9XVDdSDhr9iBPCs1f"},{"accountno":"AmayaM","departmentno":"2","salary":"111","pincode":"333444","userid":"r657BEYL3kM8lckt64O0","id":"DeLelRfE6AVqPCSjiHUV"},{"accountno":"AmayaM","departmentno":"2","salary":"1000","pincode":"333444","userid":"r657BEYL3kM8lckt64O0","id":"XWlY63GRcqimVnSSO9hF"},{"accountno":"AmayaM","departmentno":"2","salary":"1000","pincode":"333444","userid":"r657BEYL3kM8lckt64O0","id":"h159r9m6kp1m9vFaYEsw"},{"accountno":"AmayaM","departmentno":"2","salary":"1000","pincode":"333444","userid":"r657BEYL3kM8lckt64O0","id":"Fv4NJGUKkZ3agJfV47FB"},{"accountno":"AmayaM","departmentno":"2","salary":"1000","pincode":"333444","userid":"r657BEYL3kM8lckt64O0","id":"0JuTbVpzrpLtlSfRNOoz"},{"accountno":"AmayaM","departmentno":"2","salary":"1000","pincode":"333444","userid":"r657BEYL3kM8lckt64O0","id":"K2Wsfu6tqjRdK72rGC5X"},{"accountno":"AmayaM","departmentno":"2","salary":"1000","pincode":"333444","userid":"r657BEYL3kM8lckt64O0","id":"zwZrOR9QTxKT5vcQI1Zy"},{"accountno":"AmayaM","departmentno":"2","salary":"1000","pincode":"333444","userid":"r657BEYL3kM8lckt64O0","id":"oVtARMiF3ovIAEPyFUiG"},{"accountno":"AmayaM","departmentno":"2","salary":"1000","pincode":"333444","userid":"r657BEYL3kM8lckt64O0","id":"O7hpTcXaDM53fqwncnDC"},{"accountno":"AmayaM","departmentno":"2","salary":"1000","pincode":"333444","userid":"r657BEYL3kM8lckt64O0","id":"cbK9CvgT8FGxUCMpZgxy"},{"accountno":"AmayaM","departmentno":"2","salary":"1000","pincode":"333444","userid":"r657BEYL3kM8lckt64O0","id":"utjO49F5WC4J4S9I9X5E"},{"accountno":"TA-1111112","departmentno":"2","salary":"1112","pincode":"197","userid":"y0ROQ195Nq0c8MTZyxMM","id":"LIk1yUIMaD42sa1JtAbA"},{"accountno":"TA-1111112","departmentno":"2","salary":"1112","pincode":"197012fgsdfgsdfg","userid":"y0ROQ195Nq0c8MTZyxMM","id":"jBVlxSasOWuFPTQm2Hsa"},{"accountno":"","departmentno":"2","salary":"1112","pincode":"197012","userid":"y0ROQ195Nq0c8MTZyxMM","id":"4pGMdceSsrvRyGEGtPdR"},{"accountno":"TA-1111112","departmentno":"2","salary":"1112","pincode":"197012","userid":"y0ROQ195Nq0c8MTZyxMM","id":"nVAVSJF3LMJ3ZYQaddLn"},{"accountno":"AmayaM","departmentno":"2","salary":"1000","pincode":"333444","userid":"r657BEYL3kM8lckt64O0","id":"BaYJBDBDHYIpyj4Lswr9"},{"accountno":"AmayaM","departmentno":"2","salary":"1000","pincode":"333444","userid":"r657BEYL3kM8lckt64O0","id":"GGvp7793jhQQfuLCaM4q"},{"accountno":"TA-1111112","departmentno":"2","salary":"1112","pincode":"197012","userid":"y0ROQ195Nq0c8MTZyxMM","id":"kTtH90eAaTsCrGeUMmjF"},{"accountno":"TA-4440444","departmentno":"5","salary":"4440444","pincode":"956789","userid":"zHei4hlbhNApF35AAVu1","id":"dFDAvIOmzG6fvaO9RfPb"},{"accountno":"TA-1111112","departmentno":"2","salary":"1112","pincode":"197012","userid":"y0ROQ195Nq0c8MTZyxMM","id":"CPK9YWn5aD4ETXNaD3lH"},{"accountno":"TA-8551dd3","departmentno":"3","salary":"22333","pincode":"234564","userid":"y35feW6tcm2WoS3hADp8","id":"VOD3ryu4dJlOulDSpiJH"},{"accountno":"TA-8551dd2","departmentno":"2","salary":"22335","pincode":"234567","userid":"y35feW6tcm2WoS3hADp8","id":"l6PU6ysAsZhrHA4r9axx"},{"accountno":"TA-8551dd1","departmentno":"1","salary":"22334","pincode":"234567","userid":"y35feW6tcm2WoS3hADp8","id":"9xB8slpdbo4ucg4dBSt7"},{"accountno":"AmayaM","departmentno":"2","salary":"1000","pincode":"333444","userid":"r657BEYL3kM8lckt64O0","id":"e9WMvEILYrYSWdF6Mc6m"},{"accountno":"TA-dhan589","departmentno":"6","salary":"3200","pincode":"321321","userid":"lqzmEgjwhPnWQGrstXxn","id":"bUPPUocYScwyeCyduUQ0"},{"accountno":"TA-4440444","departmentno":"5","salary":"4440444","pincode":"956789","userid":"zHei4hlbhNApF35AAVu1","id":"DBU5vef0uiAI0KtG7VkL"},{"accountno":"AmayaA","departmentno":"2","salary":"1000","pincode":"333444","userid":"r657BEYL3kM8lckt64O0","id":"Iw7KdjlRtjuEmWPcYPSV"},{"accountno":"TA-1111111","departmentno":"2","salary":"1000","pincode":"333444","userid":"r657BEYL3kM8lckt64O0","id":"lCOro8bifEKzbeuf20Uf"},{"accountno":"TA-1111111","departmentno":"2","salary":"1000","pincode":"333444","userid":"r657BEYL3kM8lckt64O0","id":"MqG4J7MDt3OWKzwHxwwi"},{"accountno":"TA-1111111","departmentno":"2","salary":"1000","pincode":"333444","userid":"r657BEYL3kM8lckt64O0","id":"wW6jlZre3SxCqbRERflN"},{"accountno":"TA-1111111","departmentno":"2","salary":"1000","pincode":"333444","userid":"r657BEYL3kM8lckt64O0","id":"6DMZyZJnOZaOokyhMtx4"},{"accountno":"TA-1111111","departmentno":"2","salary":"1000","pincode":"333444","userid":"r657BEYL3kM8lckt64O0","id":"7pf58UrmA9fajWuhI3gA"},{"accountno":"TA-1111111","departmentno":"2","salary":"1000","pincode":"333444","userid":"r657BEYL3kM8lckt64O0","id":"Q4vjdodPWfRp6gEQIDMh"},{"accountno":"TA-1111111","departmentno":"2","salary":"1000","pincode":"333444","userid":"r657BEYL3kM8lckt64O0","id":"h9duEqwSSzj80SY23vdm"},{"accountno":"TA-1111111","departmentno":"2","salary":"1000","pincode":"333444","userid":"r657BEYL3kM8lckt64O0","id":"La1BW6FjGOduBYgjqYCh"},{"accountno":"TA-1111111","departmentno":"2","salary":"1000","pincode":"333444","userid":"r657BEYL3kM8lckt64O0","id":"3oyVAjfYDL5TdDPwm7um"},{"accountno":"TA-4566560","departmentno":"2","salary":"1000","pincode":"333444","userid":"r657BEYL3kM8lckt64O0","id":"weLVhWtIu5EemRj9hn20"},{"accountno":"TA-4566560","departmentno":"2","salary":"1000","pincode":"333444","userid":"r657BEYL3kM8lckt64O0","id":"pjusIjFvGe7lY1ZJEJ0x"},{"accountno":"TA-AAA1111","departmentno":"1","salary":"1000000","pincode":"123456","userid":"wEasjdwk6Do6TJhXo7vl","id":"fl2dKbAjoZAMaO0dEEuX"},{"accountno":"TA-3333343","departmentno":"1","salary":"1000","pincode":"113433","userid":"r657BEYL3kM8lckt64O0","id":"urKw4DUZ5hTbnarwaqee"},{"accountno":"TA-dha1222","departmentno":"2","salary":"542132","pincode":"321455","userid":"lqzmEgjwhPnWQGrstXxn","id":"v7wvfuD7W0ltxIuBKkYc"},{"accountno":"TA-4440444","departmentno":"5","salary":"4440444","pincode":"956789","userid":"zHei4hlbhNApF35AAVu1","id":"SPoKhk5Ofi92tLX2d2at"},{"accountno":"TA-4440445","departmentno":"5","salary":"4440445","pincode":"956785","userid":"zHei4hlbhNApF35AAVu1","id":"KWj3UZAS0mFCCZQEp9OL"},{"accountno":"TA-4440444","departmentno":"5","salary":"4440444","pincode":"956789","userid":"zHei4hlbhNApF35AAVu1","id":"7TGG5nyRCgNu5ZMkXW6b"},{"accountno":"TA-4440444","departmentno":"5","salary":"4440444","pincode":"956789","userid":"zHei4hlbhNApF35AAVu1","id":"wCLjjS4q6KKT6v9E3q02"},{"accountno":"TA-3454653","departmentno":"3","salary":"345","pincode":"432546","userid":"r657BEYL3kM8lckt64O0","id":"VIuQoqkOMP2g6bZWf9Pa"},{"accountno":"TA-7876564","departmentno":"2","salary":"2121","pincode":"343434","userid":"obMP0wHEOg8YW5N13tWF","id":"6Sarc9TCbcQxC7xDQXbn"},{"accountno":"TA-8976548","departmentno":"4","salary":"9898","pincode":"098989","userid":"obMP0wHEOg8YW5N13tWF","id":"Afh3vruIIjxHfFEtHZG1"},{"accountno":"TAabcdefgh","departmentno":"3","salary":"40000","pincode":"908033","userid":"x6i83kk0zCjKq4CAPXST","id":"uruoruhOMrAuYzu4r6I7"},{"accountno":"TAabcdefgh","departmentno":"3","salary":"40000","pincode":"908033","userid":"x6i83kk0zCjKq4CAPXST","id":"Uyv21HzeGeGGC2JnA0Ye"},{"accountno":"TAabcdefgh","departmentno":"3","salary":"40000","pincode":"908033","userid":"x6i83kk0zCjKq4CAPXST","id":"EdosQmyqpioQC6dwqIhe"},{"accountno":"TA-palak01","departmentno":1,"salary":3,"pincode":111111,"userid":"x5gWjfBrP3HjfGpdDrP0","id":"kJYneS6MeQRNBVsJj0FX"},{"accountno":"TA-palak01","departmentno":1,"salary":2,"pincode":111111,"userid":"x5gWjfBrP3HjfGpdDrP0","id":"SS8o8QR0IX6S6KknIG06"},{"accountno":"TA-palak01","departmentno":1,"salary":2,"pincode":111111,"userid":"x5gWjfBrP3HjfGpdDrP0","id":"mWSX0AWL8DDAmzdrKXuc"},{"accountno":"TA-palak02","departmentno":1,"salary":1,"pincode":111111,"userid":"x5gWjfBrP3HjfGpdDrP0","id":"8OwfkBJkULug1E9gFrrw"},{"accountno":"TA-palak02","departmentno":1,"salary":1,"pincode":111111,"userid":"x5gWjfBrP3HjfGpdDrP0","id":"PBor0Vrz9LAZG0VM6mzG"},{"accountno":"TA-1111112","departmentno":"1","salary":"11112","pincode":"620019","userid":"sbYnXDLlFUWxUjx9tZ7m","id":"XbfcO8NtF5116cIFSqk0"},{"accountno":"TA-palak01","departmentno":1,"salary":1,"pincode":111111,"userid":"x5gWjfBrP3HjfGpdDrP0","id":"3KA7wUZkgNPSV7nHwkMV"},{"accountno":"TA-BH3333","departmentno":"5","salary":"545454","pincode":"666666888","userid":"dsihdoU16RpfgGNTUWPY","id":"mt3cfCRwIVJ9AkdNjqbi"},{"accountno":"TA-BH3333","departmentno":"5","salary":"545454","pincode":"666666","userid":"dsihdoU16RpfgGNTUWPY","id":"sCAevJPVEzPOZeOVDvpB"},{"accountno":"TA-s1b1678","departmentno":"7","salary":"7878","pincode":"787878","userid":"ly1BA6K8EnMerf0NcPl6","id":"abX97tKyAWwZKSCIaJ8s"},{"accountno":"TA-3333333","departmentno":"3","salary":"1000","pincode":"453673","userid":"orjGegLSNrxGpGjFtLWi","id":"2HW2d7xahPlij1zw2L3u"},{"accountno":"TA-s1b1678","departmentno":"7","salary":"7878","pincode":"787878","userid":"ly1BA6K8EnMerf0NcPl6","id":"rUxoAHuR6HZ3Ozq3NPey"},{"accountno":"TA-4566565","departmentno":"2","salary":"22224","pincode":"333444","userid":"lRMbtFMJIZt1u2Unwd9E","id":"6zfmqNRQD9Rhfoj9H4bR"},{"accountno":"TA-pri7890","departmentno":"6","salary":"89076","pincode":"789065","userid":"hx9jBCAKLzCVUPDUAshf","id":"gRaou0wOmTVOdCuRD9LD"},{"accountno":"TA-palak21","departmentno":"5","salary":"5","pincode":"555555","userid":"x5gWjfBrP3HjfGpdDrP0","id":"PhBePPTZe8XE8lQOV9qj"},{"accountno":"TA-pri7890","departmentno":"6","salary":"89076","pincode":"789065","userid":"hx9jBCAKLzCVUPDUAshf","id":"4FqGucXlWdSOLXAeGIcm"},{"accountno":"TA-111111","departmentno":1,"salary":9191,"pincode":111111,"userid":"JQGgG0SnNsZlQgoI2840","id":"wh7E54XRQDdlHNjWeAvD"},{"accountno":"TA-4566554","departmentno":"2","salary":"22224","pincode":"333444","userid":"lRMbtFMJIZt1u2Unwd9E","id":"TY5ZeDKG25TTftlflafi"},{"accountno":"TA-BH0000","departmentno":"5","salary":"000000","pincode":"000000","userid":"dsihdoU16RpfgGNTUWPY","id":"gsP5yv38l68OvpDNcqa1"},{"accountno":"TA-pri1234","departmentno":"6","salary":"78900","pincode":"908909","userid":"hx9jBCAKLzCVUPDUAshf","id":"HOCeilxawFrV0AW6hfsO"},{"accountno":"TA-BH#####","departmentno":"343434","salary":777777777,"pincode":"","userid":"dsihdoU16RpfgGNTUWPY","id":"JFaZSQ6IhfxXZNMm3Drj"},{"accountno":"TA-pri1234","departmentno":"6","salary":"78900","pincode":"908909","userid":"hx9jBCAKLzCVUPDUAshf","id":"AaR3RGsxS36xiAwgbIuo"},{"accountno":"TA-7654321","departmentno":"4","salary":"789090","pincode":"567408","userid":"hx9jBCAKLzCVUPDUAshf","id":"gTmvrkNGzgqVFIV6vgzd"},{"accountno":"TA-5081444","departmentno":"5","salary":"1111","pincode":"110023","userid":"taGX4XQQfXD3Z76sI1Xn","id":"N1zbdw9KfHccjt9wwJlc"},{"accountno":"TA-5783444","departmentno":"5","salary":"1234","pincode":"666666","userid":"taGX4XQQfXD3Z76sI1Xn","id":"FuXyPia84kcAqFlr5BSL"},{"accountno":"TA-5783444","departmentno":"5","salary":"1234","pincode":"666666","userid":"taGX4XQQfXD3Z76sI1Xn","id":"z2GWyKizVcz52zTzNKM0"},{"accountno":"TA-9900990","departmentno":"4","salary":"44532","pincode":"789234","userid":"lRMbtFMJIZt1u2Unwd9E","id":"hYfMkpfLSvEjEqXWK2Uy"},{"accountno":"TA-3452242","departmentno":"4","salary":"44532","pincode":"789234","userid":"lRMbtFMJIZt1u2Unwd9E","id":"jOprxsghjPIUwe9iSEHh"},{"accountno":"TA-bh21212","departmentno":"5","salary":"454545","pincode":"656565","userid":"dsihdoU16RpfgGNTUWPY","id":"KPU2F7HVNsPq0B9w0qlt"},{"accountno":"TA-8526521","departmentno":"2","salary":"2568","pincode":"123856","userid":"yKuEjMJgW6jLo0DYm93j","id":"igRvH6ZTemPB7TaGJufj"},{"accountno":"TA-5672844","departmentno":"2","salary":"3333","pincode":"456739","userid":"lRMbtFMJIZt1u2Unwd9E","id":"HKFf4A0uPLsflgvfU5MZ"},{"accountno":"TA-5672887","departmentno":"2","salary":"3333","pincode":"456739","userid":"lRMbtFMJIZt1u2Unwd9E","id":"kJ1jHp7dwvRi5AC5KVaa"},{"accountno":"TA-111111","departmentno":1,"salary":9191,"pincode":111111,"userid":"JQGgG0SnNsZlQgoI2840","id":"oAAyLzjbsnWaCGo5aVi8"},{"accountno":"TA-7845628","departmentno":"2","salary":"4258","pincode":"600101","userid":"yKuEjMJgW6jLo0DYm93j","id":"LAFovL0KYEgWteVLCQQs"},{"accountno":"TA-7845652","departmentno":"2","salary":"4568","pincode":"600100","userid":"yKuEjMJgW6jLo0DYm93j","id":"mkwf2z9RPGIbBHMSG175"},{"accountno":"TA-7845652","departmentno":"2","salary":"4568","pincode":"600100","userid":"yKuEjMJgW6jLo0DYm93j","id":"uHQscnJjMU68EEBuijWN"},{"accountno":"TA-sa11111","departmentno":"1","salary":"10000","pincode":"320981","userid":"xrp1geWRD8ZEaLzT6YCs","id":"VhdSTjWUq3IjsDJ6pyls"},{"accountno":"TA-1234567","departmentno":"2","salary":"2356","pincode":"600100","userid":"yKuEjMJgW6jLo0DYm93j","id":"hDIFTMoCSxxFrWwY0xiF"},{"accountno":"TA-1111113","departmentno":"1","salary":"11113","pincode":"620019","userid":"sbYnXDLlFUWxUjx9tZ7m","id":"II6uGXvCcdrYDmZzzzqW"},{"accountno":"TA-2sa4672","departmentno":"1","salary":"10009","pincode":"234542","userid":"r657BEYL3kM8lckt64O0","id":"xEDxB4pg8rYxDFgC3vzL"},{"accountno":"SA-1111112","departmentno":"1","salary":"11111111","pincode":"111111","userid":"wEasjdwk6Do6TJhXo7vl","id":"CFiKHppyveEloG0QWO5N"},{"accountno":"TA-1111112","departmentno":"1","salary":"11112","pincode":"620019","userid":"sbYnXDLlFUWxUjx9tZ7m","id":"Y9ratF1jFnqCdQGaP8tE"},{"accountno":"TA-dhan12121","departmentno":"1","salary":"1310","pincode":"908909","userid":"lqzmEgjwhPnWQGrstXxn","id":"cHzPHm7RWvzTp5PZQfPu"},{"accountno":"TA-dh12121","departmentno":"1","salary":"1210","pincode":"908909","userid":"lqzmEgjwhPnWQGrstXxn","id":"U6fxftDZberbMU85qLYz"},{"accountno":"TA-dh12121","departmentno":"1","salary":"1210","pincode":"908909","userid":"lqzmEgjwhPnWQGrstXxn","id":"8Nn9UuHvT4MyDXsuy7df"},{"accountno":"SA-1111111","departmentno":"1","salary":"11111111","pincode":"111111","userid":"wEasjdwk6Do6TJhXo7vl","id":"fKKZg6qmSVFqfgdX5Plm"},{"accountno":"TA-prasan0","departmentno":1,"salary":10000,"pincode":209870,"userid":"xrp1geWRD8ZEaLzT6YCs","id":"D4xElF5PrEoiVuRAKkMS"},{"accountno":"TA-prasanz","departmentno":"1","salary":"10000","pincode":"209876","userid":"xrp1geWRD8ZEaLzT6YCs","id":"bGPsCHZvlGGD1UEKgPyp"},{"accountno":"TA-palak19","departmentno":1,"salary":1,"pincode":111111,"userid":"x5gWjfBrP3HjfGpdDrP0","id":"5tv0IWCCinxyunLF3ha8"},{"accountno":"TA-2000300","departmentno":"9","salary":"1000000","pincode":"345675","userid":"wEasjdwk6Do6TJhXo7vl","id":"RYKdqOInZF0ptjMWbJMa"},{"accountno":"TA-prasan0","departmentno":1,"salary":10000,"pincode":587500,"userid":"iScO2GKFKBDSP6ZgPuK4","id":"TimBO3IrZc06C8FhHtjn"},{"accountno":"2873598459","departmentno":"1","salary":"12222","pincode":"495497","userid":"r657BEYL3kM8lckt64O0","id":"cgnpcPYCGbLCPdhudMbd"},{"accountno":"TA-654317p","departmentno":4,"salary":9999,"pincode":765432,"userid":"xrp1geWRD8ZEaLzT6YCs","id":"WxSgQgO6ARN622tpn3X2"},{"accountno":"TA-654317s","departmentno":"5","salary":"9999","pincode":"765432","userid":"xrp1geWRD8ZEaLzT6YCs","id":"gbJTzS4Kh0aycMkGtDN9"},{"accountno":"TA-sibi124","departmentno":7,"salary":7777,"pincode":777777,"userid":"ly1BA6K8EnMerf0NcPl6","id":"gNXlyaz4B0jXssq7IzXr"},{"accountno":"TA-palak17","departmentno":1,"salary":1,"pincode":111111,"userid":"x5gWjfBrP3HjfGpdDrP0","id":"KgsI3y9Jhp0ufY49xRul"},{"accountno":"TA-palak16","departmentno":1,"salary":1,"pincode":111111,"userid":"x5gWjfBrP3HjfGpdDrP0","id":"6wS7VB2kyMOshnZDm4B0"},{"accountno":"TA-2323232","departmentno":"3","salary":"4567","pincode":"567890","userid":"sbYnXDLlFUWxUjx9tZ7m","id":"IdAlo2aRcTOPwrMob6zs"},{"accountno":"TA-1111112","departmentno":"2","salary":"1112","pincode":"197012","userid":"y0ROQ195Nq0c8MTZyxMM","id":"UhEsFlqTANKIM9tKeQza"},{"accountno":"TA-1111111","departmentno":"1","salary":"1111","pincode":"197011","userid":"y0ROQ195Nq0c8MTZyxMM","id":"ZwRLRfcnS8WXciTmgoWV"},{"accountno":"TA-res1236","departmentno":"1","salary":"8900","pincode":"564235","userid":"EU32tRCFTYNRf1cCYOCt","id":"6esEMdbtKUh0OHOxZ14x"},{"accountno":"TA-4555666","departmentno":"1","salary":"6550","pincode":"522009","userid":"EU32tRCFTYNRf1cCYOCt","id":"bh1U3Me1PcfZfmZPrcYt"},{"accountno":"TA-8880444","departmentno":6,"salary":56777,"pincode":956788,"userid":"jcBy26UDfXtrfBOrkfI8","id":"aLoy4g8AjKuE2axqWpBZ"},{"accountno":"TA-1111111","departmentno":"3","salary":"1000","pincode":"564326","userid":"orjGegLSNrxGpGjFtLWi","id":"5D3pHos4geqjJY37fGj6"},{"accountno":"TA-dh12121","departmentno":1,"salary":121000,"pincode":908909,"userid":"lqzmEgjwhPnWQGrstXxn","id":"Wz3D4y8LnvwxXO9oMMCL"},{"accountno":"TA-9990999","departmentno":10,"salary":999999,"pincode":987655,"userid":"jcBy26UDfXtrfBOrkfI8","id":"qQQpcmO7ll3Puxqk7byt"},{"accountno":"TA-8551766","departmentno":"1","salary":"2233","pincode":"234567","userid":"y35feW6tcm2WoS3hADp8","id":"SWizD61Ku0HT7cIaT7dd"},{"accountno":"TA-palak14","departmentno":1,"salary":4,"pincode":111111,"userid":"x5gWjfBrP3HjfGpdDrP0","id":"7YbHW1Vwcfbfo20VeUQW"},{"accountno":"TA-palak14","departmentno":"1","salary":"1","pincode":"111111","userid":"x5gWjfBrP3HjfGpdDrP0","id":"B6Cl6CpcgcjsVj80sZwx"},{"accountno":"TA-palak11","departmentno":"1","salary":"1","pincode":"111111","userid":"x5gWjfBrP3HjfGpdDrP0","id":"PrxBreNMT9I2pdE7rjE0"},{"accountno":"TA-7755349","departmentno":"5","salary":"1000","pincode":"478234","userid":"orjGegLSNrxGpGjFtLWi","id":"jiDak1uKmoYZVvUm0Dl0"},{"accountno":"TA-7755349","departmentno":"5","salary":"1000","pincode":"478234","userid":"orjGegLSNrxGpGjFtLWi","id":"ts9lEkZh9Co6Ja0mQBXh"},{"accountno":"TA-6666666","departmentno":"6","salary":"6","pincode":"666666","userid":"x5gWjfBrP3HjfGpdDrP0","id":"GY2gPv7hd4rEpGURMqOD"},{"accountno":"1234729999","departmentno":"1","salary":"40503","pincode":"923874","userid":"r657BEYL3kM8lckt64O0","id":"tXLYCvFxbGzaZ8VjwFW5"},{"accountno":"TA-7755343","departmentno":"5","salary":"1000","pincode":"478234","userid":"orjGegLSNrxGpGjFtLWi","id":"PQmsY1RUtASO18Vxn8Ji"},{"accountno":"TA-4440444","departmentno":"2","salary":"4440444","pincode":"956789","userid":"jcBy26UDfXtrfBOrkfI8","id":"8JckZbbAzOBq7vRfsSXM"},{"accountno":"TA-3000000","departmentno":"1","salary":"30000","pincode":"235452","userid":"r657BEYL3kM8lckt64O0","id":"5mz7f5cQaNWd1U7AIHVb"},{"accountno":"TA-4999299","departmentno":"1","salary":"10283","pincode":"345532","userid":"r657BEYL3kM8lckt64O0","id":"NaWxDtYDb4bKlHwfboG4"},{"accountno":"TA-3999993","departmentno":"1","salary":"3000","pincode":"123213","userid":"r657BEYL3kM8lckt64O0","id":"LIFAUdvH72qtMnA4pwzL"},{"accountno":"TA-7777777","departmentno":"7","salary":"7","pincode":"777777","userid":"x5gWjfBrP3HjfGpdDrP0","id":"fqKk91o7gUYufYLPQg7u"},{"accountno":"TA-6666666","departmentno":"6","salary":"6","pincode":"666666","userid":"x5gWjfBrP3HjfGpdDrP0","id":"VTdCKzxs1CewwITAT3a1"},{"accountno":"TA-4440444","departmentno":"1","salary":"4440444","pincode":"956789","userid":"jcBy26UDfXtrfBOrkfI8","id":"8aKlTdMS6vCypI89jw7t"},{"accountno":"TA-4444444","departmentno":"4","salary":"4","pincode":"444444","userid":"x5gWjfBrP3HjfGpdDrP0","id":"BYsTgLernnkgSHL8C5Sc"},{"accountno":"TA-1122334","departmentno":"4","salary":"4500","pincode":"444444","userid":"ly1BA6K8EnMerf0NcPl6","id":"FpvifnqE9FcRHEv4D1gL"},{"accountno":"TA-1122334","departmentno":"4","salary":"4500","pincode":"444444","userid":"ly1BA6K8EnMerf0NcPl6","id":"zwF9dzxB7azHtFXWtu5T"},{"accountno":"TA-1234567","departmentno":"8","salary":"78900","pincode":"567498","userid":"hx9jBCAKLzCVUPDUAshf","id":"fF7DPdiPTMaLnOvpdzWC"},{"accountno":"TA-33333333","departmentno":"3","salary":"3","pincode":"333333","userid":"x5gWjfBrP3HjfGpdDrP0","id":"8ktIucJOPCGoymApKBTK"},{"accountno":"TA-8551731","departmentno":"1","salary":"2222","pincode":"234567","userid":"y35feW6tcm2WoS3hADp8","id":"Th4zcjyZPamCvf2eoHBw"},{"accountno":"TA-1234567","departmentno":"8","salary":"78900","pincode":"567498","userid":"hx9jBCAKLzCVUPDUAshf","id":"balmw5yS1eJlsNLHOABZ"},{"accountno":"TA-1234590","departmentno":6,"salary":879650,"pincode":907033,"userid":"hx9jBCAKLzCVUPDUAshf","id":"uq1rPXiKOXBejWiu7hL5"},{"accountno":"TA-1234567","departmentno":"8","salary":"87965","pincode":"907030","userid":"hx9jBCAKLzCVUPDUAshf","id":"NzRbkw0yGegWGM7SBQI1"},{"accountno":"TA-3836383","departmentno":"9","salary":"1212","pincode":"522801","userid":"EU32tRCFTYNRf1cCYOCt","id":"d7e6FFevSDoA4NQe8Vtb"},{"accountno":"TA-3838383","departmentno":"9","salary":"1212","pincode":"522801","userid":"EU32tRCFTYNRf1cCYOCt","id":"IsJcHIrDeK7i9iDsLC9o"},{"accountno":"TA-2233444","departmentno":"3","salary":"8888","pincode":"212121","userid":"dsihdoU16RpfgGNTUWPY","id":"qvZ5bQNXiHBVcAO55eJ6"},{"accountno":"TA-5781444","departmentno":"1","salary":"1111","pincode":"110023","userid":"taGX4XQQfXD3Z76sI1Xn","id":"3G1oQp96LUJkIN4ZyQl4"},{"accountno":"TA-5781244","departmentno":"1","salary":"1111","pincode":"110023","userid":"taGX4XQQfXD3Z76sI1Xn","id":"Pp3d3IpxdKOw5F3k1UBO"},{"accountno":"48484848","departmentno":"5","salary":"2525","pincode":"255255","userid":"jK6TLwt6oIcYQmeujB2R","id":"maw7RcYLhDUZ1dBfgeAM"},{"accountno":"48484848","departmentno":"5","salary":"2525","pincode":"255255","userid":"jK6TLwt6oIcYQmeujB2R","id":"hS7GYX3aqy19bqXzn9f6"},{"accountno":"48484848","departmentno":"5","salary":"2525","pincode":"255255","userid":"y4EGNLRjrgtEjC6KVUVR","id":"bNVptyaSBfY83Lfw6clR"},{"accountno":"48484848","departmentno":"5","salary":"2525","pincode":"255255","userid":"jK6TLwt6oIcYQmeujB2R","id":"9fnbHz7dU0DKie772VUj"},{"accountno":"48484848","departmentno":"5","salary":"2525","pincode":"255255","userid":"jK6TLwt6oIcYQmeujB2R","id":"F16N4jsvbLhBkrhQN03A"},{"accountno":"812346","departmentno":"1","salary":"8000","pincode":"983210","userid":"yicAlY5sAE3tHyJ9cYFz","id":"r4nLAPEhug1nD4Eio01g"},{"accountno":"0011111111","departmentno":"7","salary":"140000","pincode":"700044","userid":"jNuJRaZD68Qzh2SYg7d8","id":"tsnGFOqVWz9oW1Fd1IwN"},{"accountno":"11111111","departmentno":"7","salary":"140000","pincode":"700044","userid":"jNuJRaZD68Qzh2SYg7d8","id":"p5UxMV4EpT7zJZzdRdCP"},{"accountno":"TA-Rest128","departmentno":"7","salary":"1200","pincode":"560043","userid":"wb2ILYYVVKPxBFvM1klw","id":"4Qg9sZMukvceWDcD58qe"},{"accountno":"TA-Rest125","departmentno":"7","salary":"1200","pincode":"560043","userid":"wb2ILYYVVKPxBFvM1klw","id":"b3apIPBjZxuThxaMHSVy"},{"accountno":"TA-9999999","departmentno":"9","salary":"999999","pincode":"999999","userid":"uJhfN4X3SpGn1khqL47B","id":"jas7gxwq5g8uh3NU4uJ9"},{"accountno":"AU-1234567","departmentno":"3","salary":"54321","pincode":"670078","userid":"taGX4XQQfXD3Z76sI1Xn","id":"xPnINxI35mhMB5bMlvAj"},{"accountno":"sa-1234567","departmentno":"9","salary":"34466","pincode":"652973","userid":"taGX4XQQfXD3Z76sI1Xn","id":"nc6H6io1Y7NCjHjgHNia"},{"accountno":"TA-55533M","departmentno":2,"salary":8000,"pincode":983210,"userid":"taGX4XQQfXD3Z76sI1Xn","id":"v6gXcYgkPZ9caoWZ8fQa"},{"accountno":"sa-1234567","departmentno":"9","salary":"34466","pincode":"652973","userid":"taGX4XQQfXD3Z76sI1Xn","id":"sUKkEYhDCwIZIETfkYqK"},{"accountno":"TA-7777777","departmentno":"5","salary":"77777","pincode":"877777","userid":"taGX4XQQfXD3Z76sI1Xn","id":"ejjfFarvlWmHE7k64v3v"},{"accountno":"DA-989899","departmentno":"1","salary":"4000","pincode":"342435","userid":"taGX4XQQfXD3Z76sI1Xn","id":"eMuZ5NyQSLxEul1oa8tC"},{"accountno":"TA-999991","departmentno":1,"salary":12000,"pincode":342435,"userid":"taGX4XQQfXD3Z76sI1Xn","id":"ptzq3D4vjciHdTBuwFMe"},{"accountno":"TA-9999998","departmentno":"1","salary":"2000","pincode":"121212","userid":"taGX4XQQfXD3Z76sI1Xn","id":"z14c09IYs8GByeaD9uae"},{"accountno":"TA-22133A","departmentno":1,"salary":8000,"pincode":983216,"userid":"taGX4XQQfXD3Z76sI1Xn","id":"CZ6eV89oeJRgPigfB28Z"},{"accountno":"TA-2255335","departmentno":"1","salary":"8000","pincode":"983210","userid":"taGX4XQQfXD3Z76sI1Xn","id":"GbwUf2n8QFm8vY276dmW"},{"accountno":"TA-2255335","departmentno":"1","salary":"8000","pincode":"983210","userid":"taGX4XQQfXD3Z76sI1Xn","id":"c5oiySLxsOSDuPpHhDUa"},{"accountno":"TA-22061984","departmentno":"1","salary":"4000","pincode":"763291","userid":"xfvwphFcCCoaYVEl5Zb6","id":"AOtJ8YIVpQKlmAIFVcB2"},{"accountno":"TA-1111112","departmentno":3,"salary":22222,"pincode":444444,"userid":"taGX4XQQfXD3Z76sI1Xn","id":"KUlQ9Yq2pu2UqMvlr96C"},{"accountno":"TA-1111111","departmentno":"3","salary":"333333","pincode":"444444","userid":"taGX4XQQfXD3Z76sI1Xn","id":"AJCkxaPkVOCEpXt2XPb0"},{"accountno":"TA-1234569","departmentno":"7","salary":"6666","pincode":"560043","userid":"taGX4XQQfXD3Z76sI1Xn","id":"cDZDXrsDOSeyRPzC9TFU"},{"accountno":"TA-Rest125","departmentno":"7","salary":"1200","pincode":"560043","userid":"taGX4XQQfXD3Z76sI1Xn","id":"OhsC8WopyXwsMDxs4iIt"},{"accountno":"TA-9876543","departmentno":"1","salary":"30000","pincode":"573116","userid":"v4IEGsscftctjnf3W7q0","id":"hxjGzwldgoYS1yu9mi27"},{"accountno":"TA-1234567","departmentno":"1","salary":"123","pincode":"123456","userid":"JhBYP4cJfoSdzZYlgKZk","id":"zkCtE9ESKa0cHpuKLF0T"},{"accountno":"67798991","departmentno":"2","salary":"23454","pincode":"676877","userid":"XXB2MQqMeoUZ7CC5Dbhd","id":"g6DtqK0nHCpAnHkiq9HC"},{"accountno":"67798991","departmentno":"2","salary":"23454","pincode":"676877","userid":"XXB2MQqMeoUZ7CC5Dbhd","id":"p9fSLl9axxmdQYtpfi6K"},{"accountno":"67798991","departmentno":"2","salary":"23454","pincode":"676877","userid":"XXB2MQqMeoUZ7CC5Dbhd","id":"dwkYI4qnitW7VO541bV2"},{"accountno":"1010100","departmentno":"1","salary":"1000000","pincode":"763291","userid":"Qv9VqoMypQb6l9QCZH54","id":"nOOE8Vz0fpG5xyDIg7PX"},{"accountno":"1010100","departmentno":"1","salary":"4001","pincode":"763291","userid":"Qv9VqoMypQb6l9QCZH54","id":"E1Wxxk7vhgV42TrGZu7G"},{"accountno":"1010100","departmentno":"1","salary":"4001","pincode":"763291","userid":"Qv9VqoMypQb6l9QCZH54","id":"qE4arjJrYtKEMquH6C1d"},{"accountno":"1010100","departmentno":"1","salary":"4001","pincode":"763291","userid":"Qv9VqoMypQb6l9QCZH54","id":"MvqUoGd2Dvjb2ZFEe8pd"},{"accountno":"1010100","departmentno":"1","salary":"4001","pincode":"763291","userid":"Qv9VqoMypQb6l9QCZH54","id":"rNEwWSSiB3mydjV51Qrm"},{"accountno":"1010100","departmentno":"1","salary":"4001","pincode":"763291","userid":"Qv9VqoMypQb6l9QCZH54","id":"t8sSr3ASA1BPfExYNkUt"},{"accountno":"1010100","departmentno":"1","salary":"4001","pincode":"763291","userid":"Qv9VqoMypQb6l9QCZH54","id":"oPqfjFBCWbnYwCvkEvZr"},{"accountno":"1010100","departmentno":"1","salary":"4001","pincode":"763291","userid":"Qv9VqoMypQb6l9QCZH54","id":"1urCpM0BVfOvjMJq0UZQ"},{"accountno":"1010100","departmentno":"1","salary":"4001","pincode":"763291","userid":"Qv9VqoMypQb6l9QCZH54","id":"eWp34TlmHYgKelF99rTU"},{"accountno":"1010100","departmentno":"1","salary":"4001","pincode":"763291","userid":"Qv9VqoMypQb6l9QCZH54","id":"SSw1G4P7PSIZwjwthOwO"},{"accountno":"TA-1000234","departmentno":"4","salary":"1000","pincode":"636006","userid":"Qv9VqoMypQb6l9QCZH54","id":"5jgRjNQt6vQf6QAOEgA0"},{"accountno":"1010100","departmentno":"1","salary":"4001","pincode":"763291","userid":"Qv9VqoMypQb6l9QCZH54","id":"5SnMhJJS8YQXKkIY5PYU"},{"accountno":"1010100","departmentno":"1","salary":"4001","pincode":"763291","userid":"Qv9VqoMypQb6l9QCZH54","id":"LUd0Pg0yAzs1pFrxcqgh"},{"accountno":"1010100","departmentno":"1","salary":"4001","pincode":"763291","userid":"Qv9VqoMypQb6l9QCZH54","id":"zjHTSvhXZCzcUXKKfQUe"},{"accountno":"1010100","departmentno":"1","salary":"4001","pincode":"763291","userid":"Qv9VqoMypQb6l9QCZH54","id":"fab3iXUhinHMF2lsKhBi"},{"accountno":"10101010","departmentno":"1","salary":"4001","pincode":"763291","userid":"Qv9VqoMypQb6l9QCZH54","id":"757dvVNxsQkpTnMbiMFS"},{"accountno":"99999123","departmentno":"1","salary":"5333","pincode":"901234","userid":"Qv9VqoMypQb6l9QCZH54","id":"cVXibUUFSsAKvv2hbweL"},{"accountno":"10101010","departmentno":"1","salary":"4001","pincode":"763291","userid":"Qv9VqoMypQb6l9QCZH54","id":"GVVZBAnXO8kMPbGp977M"},{"accountno":"TA-0000000123","departmentno":"1","salary":"1","pincode":"000002","userid":"udhBK3zB8LiJm9Crv8KY","id":"AHfRwZ8PrD57pCkFw34l"},{"accountno":"TA-0000004","departmentno":"1","salary":"1","pincode":"000002","userid":"udhBK3zB8LiJm9Crv8KY","id":"NeRQTUpyqjkpYCuOBoJG"},{"accountno":"TA-0000000123","departmentno":"1","salary":"1","pincode":"000002","userid":"udhBK3zB8LiJm9Crv8KY","id":"pcVwCUbIbopvQvqqNDHF"},{"accountno":"TA-0000004","departmentno":"1","salary":"1","pincode":"000002","userid":"udhBK3zB8LiJm9Crv8KY","id":"GecQ2sYSqnOU3Klsooyj"},{"accountno":"TA-0000004","departmentno":"1","salary":"123455","pincode":"000002","userid":"y4EGNLRjrgtEjC6KVUVR","id":"2tEtziQ9bNNn0Vqzk4pJ"},{"accountno":"TA-2222222","departmentno":"2","salary":"22222222222","pincode":"222222","userid":"lliqqQ08qWBQ5Nuj4qbj","id":"KC2VBbvoE4csxgmhWMiw"},{"accountno":"TA-9898989","departmentno":"2","salary":"2","pincode":"444444","userid":"5peqXdShya0PTZrXGvCk","id":"RazCFdu1JCpG5A1Ai7J3"},{"accountno":"TA-7654321","departmentno":"10","salary":"3000","pincode":"636586","userid":"Qv9VqoMypQb6l9QCZH54","id":"A6bvmoVYUzP3hjGApAzi"},{"accountno":"TA-MAY01","departmentno":"7","salary":"8000","pincode":"634204","userid":"taGX4XQQfXD3Z76sI1Xn","id":"85d91J14h5kZncGOFNUn"},{"accountno":"TA-9laksh9","departmentno":"2","salary":"8000000","pincode":"919191","userid":"taGX4XQQfXD3Z76sI1Xn","id":"du67KTa3p9K2QxatUIp2"},{"accountno":"TA-9laksh9","departmentno":"1","salary":"9000000","pincode":"919191","userid":"aOR5IhOLYg5bk2VVYakp","id":"1NaazmzE6mKnXntwFqV9"},{"accountno":"TA-1234566","departmentno":"3","salary":"1500","pincode":"750023","userid":"taGX4XQQfXD3Z76sI1Xn","id":"JXciaeAUXFnLURJX6P6U"},{"accountno":"TA-1234566","departmentno":"3","salary":"1500","pincode":"750023","userid":"taGX4XQQfXD3Z76sI1Xn","id":"53CvaMBjEhgFS9fOYRXY"},{"accountno":"TA-U900","departmentno":"10","salary":90000,"pincode":111222,"userid":"taGX4XQQfXD3Z76sI1Xn","id":"teVxMIpa1g4mviMOGn0i"},{"accountno":"TA-1234566","departmentno":"3","salary":"2000","pincode":"750023","userid":"taGX4XQQfXD3Z76sI1Xn","id":"FRxCg7XMpxuomUBkWI9U"},{"accountno":"TA-S900","departmentno":"10","salary":40000,"pincode":111222,"userid":"taGX4XQQfXD3Z76sI1Xn","id":"713f74K6e7FAeyljDCGs"},{"accountno":"TA-S900","departmentno":"10","salary":40000,"pincode":111222,"userid":"taGX4XQQfXD3Z76sI1Xn","id":"AFGifqaOGsaOZCw5FaGn"},{"accountno":"TA-1234566","departmentno":"4","salary":"2200","pincode":"750025","userid":"taGX4XQQfXD3Z76sI1Xn","id":"JN1J0FTXGb9PboJFlDRL"},{"accountno":"TA-9laksh9","departmentno":"9","salary":"9000000","pincode":"919191","userid":"aOR5IhOLYg5bk2VVYakp","id":"90FyMREgLxMmo4N2ikvh"},{"accountno":"TA-9laksh9","departmentno":"9","salary":"9000000","pincode":"919191","userid":"aOR5IhOLYg5bk2VVYakp","id":"KuHdzywKhyZRClNClYrF"},{"accountno":"TA-N00","departmentno":"1000","salary":"900000","pincode":"111222","userid":"taGX4XQQfXD3Z76sI1Xn","id":"Y3NkzQpHM89Sr2VRxjSq"},{"accountno":"TA-1020304","departmentno":"7","salary":"7","pincode":"999999","userid":"taGX4XQQfXD3Z76sI1Xn","id":"mvOub6CHEiSht84uaoLF"},{"accountno":"TA-T900","departmentno":"10","salary":40000,"pincode":111222,"userid":"taGX4XQQfXD3Z76sI1Xn","id":"8yj3jtnF7W0e2koONrl5"},{"accountno":"TA-N0800","departmentno":"10","salary":800000,"pincode":111222,"userid":"taGX4XQQfXD3Z76sI1Xn","id":"Lp64DghLDPIQpn3uP2aF"},{"accountno":"TA-N0500","departmentno":"10","salary":800000,"pincode":111222,"userid":"taGX4XQQfXD3Z76sI1Xn","id":"eUl6D1mpSwkBMl6qDpid"},{"accountno":"TA-N0300","departmentno":"10","salary":"800000","pincode":"111222","userid":"taGX4XQQfXD3Z76sI1Xn","id":"yTnRs9cCvBdMWYBONF7l"},{"accountno":"TA-N0100","departmentno":"1","salary":"600000","pincode":"111222","userid":"taGX4XQQfXD3Z76sI1Xn","id":"V6QD0uKTOxtk7AMWeR7Z"},{"accountno":"TA-N004","departmentno":"111","salary":"6000","pincode":"111222","userid":"taGX4XQQfXD3Z76sI1Xn","id":"LQmL4tJ9THzkhJUlz66Q"},{"accountno":"TA-N000","departmentno":"1","salary":"1200000","pincode":"111222","userid":"taGX4XQQfXD3Z76sI1Xn","id":"5e3pGAH2D7ePm58cGh76"},{"accountno":"TA-N001","departmentno":"10","salary":"1200","pincode":"111222","userid":"taGX4XQQfXD3Z76sI1Xn","id":"j29f1jCRHOcEWzjAZAda"},{"accountno":"TA-N123","departmentno":"10","salary":"1200","pincode":"111222","userid":"taGX4XQQfXD3Z76sI1Xn","id":"WroDS6Gou31APmiqyogs"},{"accountno":"TA-RustamL","departmentno":"9","salary":"80000","pincode":"123456","userid":"9OdJY3EXV8AWo8wcrnG2","id":"x50ZuvEu3rlcbJVdYfAa"},{"accountno":"TA-1234567","departmentno":"1","salary":"10","pincode":"123456","userid":"taGX4XQQfXD3Z76sI1Xn","id":"TxxR98RQflOn57NudWLE"},{"accountno":"TA-5laksh5","departmentno":"5","salary":"1200000","pincode":"121212","userid":"aOR5IhOLYg5bk2VVYakp","id":"9Bq3hpv30476S3apCif4"},{"accountno":"TA-1234344","departmentno":"6","salary":"234234","pincode":"453245","userid":"taGX4XQQfXD3Z76sI1Xn","id":"ocBu62WJMiR2tlcDXT0U"},{"accountno":"TA-3lakshm","departmentno":"6","salary":"1200","pincode":"121212","userid":"aOR5IhOLYg5bk2VVYakp","id":"L1ZIfP9f6f6jyLwYq083"},{"accountno":"TA-5lksmn","departmentno":"9","salary":"555998","pincode":"222222","userid":"aOR5IhOLYg5bk2VVYakp","id":"OyPnlNIpIHx9Q5gcFdtU"},{"accountno":"TA-Rest123","departmentno":"6","salary":"1200","pincode":"560043","userid":"taGX4XQQfXD3Z76sI1Xn","id":"IPfFcHL0vwpWTnNSonWf"},{"accountno":"TA-RestApi","departmentno":"5","salary":"12000","pincode":"560005","userid":"taGX4XQQfXD3Z76sI1Xn","id":"ayNY6R6LzekqdzCjtdD9"},{"accountno":"TA-RestApi","departmentno":"5","salary":"12000","pincode":"560005","userid":"taGX4XQQfXD3Z76sI1Xn","id":"8aLPmCGJdYVSRfDEkBhV"},{"accountno":"TA-ojhshw4","departmentno":"2","salary":"500000","pincode":"200000","userid":"8FgZY2oyrdCqdtSIxvXR","id":"pPB3hWbnH6hTvl79NYpQ"},{"accountno":"TA-ojhshw4","departmentno":"2","salary":"500000","pincode":"200000","userid":"8FgZY2oyrdCqdtSIxvXR","id":"4lNKC5LSDMGKNlvgEbva"},{"accountno":"TA-ojhshw4","departmentno":"2","salary":"500000","pincode":"200000","userid":"8FgZY2oyrdCqdtSIxvXR","id":"0c3SDBFGL33D3xE2KQ3a"},{"accountno":"TA-ojhshw4","departmentno":"2","salary":"500000","pincode":"200000","userid":"8FgZY2oyrdCqdtSIxvXR","id":"BMkRtXJPyGI8SNIKVQiT"},{"accountno":"TA-ojhshw4","departmentno":"2","salary":"500000","pincode":"200000","userid":"8FgZY2oyrdCqdtSIxvXR","id":"OvKggQR9876pxu7WY8BN"},{"accountno":"TA-ojhshw4","departmentno":"2","salary":"500000","pincode":"200000","userid":"8FgZY2oyrdCqdtSIxvXR","id":"nMcLlsTme079jxH2A1xa"},{"accountno":"TA-ojhshw4","departmentno":"2","salary":"500000","pincode":"200000","userid":"8FgZY2oyrdCqdtSIxvXR","id":"GodJYMkekq9lSwGxmvi5"},{"accountno":"TA-ojhshw4","departmentno":"2","salary":"500000","pincode":"200000","userid":"8FgZY2oyrdCqdtSIxvXR","id":"nQcnpDceHCJR9MM8oIvA"},{"accountno":"TA-ojhshw4","departmentno":"2","salary":"500000","pincode":"200000","userid":"8FgZY2oyrdCqdtSIxvXR","id":"W83xvzM0Zjjey6zybIlD"},{"accountno":"TA-ojhshw4","departmentno":"2","salary":"500000","pincode":"200000","userid":"8FgZY2oyrdCqdtSIxvXR","id":"SbSfV6gWMyStCMP48fro"},{"accountno":"Sam0.4s7xgl1je42","departmentno":"global123","salary":"232323","pincode":"55555","userid":"r7Xs7rIWPFLpdqJqxV8J","id":"6KNnUBR6AZKOcb21De1C"},{"accountno":"Sam0.h70muyi7jjc","departmentno":"global123","salary":"232323","pincode":"55555","userid":"r7Xs7rIWPFLpdqJqxV8J","id":"VjNRU6nlAe7W1qRwvuFT"},{"accountno":"Sam0.1ecmzvz5izd","departmentno":"global123","salary":"232323","pincode":"55555","userid":"r7Xs7rIWPFLpdqJqxV8J","id":"M7eCSLZJyjQOCDhqpE7S"},{"accountno":"Sam0.4gmg3kkqs0w","departmentno":"global123","salary":"232323","pincode":"55555","userid":"r7Xs7rIWPFLpdqJqxV8J","id":"FfmlrGk5ga82Vrzl6kyV"},{"accountno":"Sam0.zwujtneaqxd","departmentno":"global123","salary":"232323","pincode":"55555","userid":"r7Xs7rIWPFLpdqJqxV8J","id":"sH3DSY4UoFqAq2T0v7Qi"},{"accountno":"Sam0.uuaa02784wj","departmentno":"global123","salary":"232323","pincode":"55555","userid":"r7Xs7rIWPFLpdqJqxV8J","id":"qQ71UypVmKadG0oUDZnL"},{"accountno":"7hll9hc06gsam","departmentno":"global123","salary":"232323","pincode":"55555","userid":"r7Xs7rIWPFLpdqJqxV8J","id":"JIZxeBdEnf2FUAwMD7gK"},{"accountno":"ction random() { [native code] }sam","departmentno":"global123","salary":"232323","pincode":"55555","userid":"r7Xs7rIWPFLpdqJqxV8J","id":"v5Byg4u0c2y2ZrpKg8hX"},{"accountno":"random12","departmentno":"global123","salary":"232323","pincode":"55555","userid":"r7Xs7rIWPFLpdqJqxV8J","id":"fFrsDjo2jW0sOyZTnLSX"},{"accountno":"random","departmentno":"global123","salary":"232323","pincode":"55555","userid":"r7Xs7rIWPFLpdqJqxV8J","id":"FGQ435fZ56aWmDQtSI67"},{"accountno":"null","departmentno":"global123","salary":"232323","pincode":"55555","userid":"r7Xs7rIWPFLpdqJqxV8J","id":"zRzTo4aQ0kMdSU8mU46V"},{"accountno":"null","departmentno":"global123","salary":"232323","pincode":"55555","userid":"r7Xs7rIWPFLpdqJqxV8J","id":"BbTFyx3GNuCRcBLMYzms"},{"accountno":"function random() { [native code] }","departmentno":"global123","salary":"232323","pincode":"55555","userid":"r7Xs7rIWPFLpdqJqxV8J","id":"JQHNdvihXubbqRrMGYps"},{"accountno":"function random() { [native code] }","departmentno":"global123","salary":"232323","pincode":"55555","userid":"r7Xs7rIWPFLpdqJqxV8J","id":"tOiwY9El1I7C5YQZhdig"},{"accountno":"function random() { [native code] }","departmentno":"global123","salary":"232323","pincode":"666666","userid":"r7Xs7rIWPFLpdqJqxV8J","id":"QwoAoUMWFl4gKuWVq5Dj"},{"accountno":"null","departmentno":"global123","salary":"232323","pincode":"666666","userid":"r7Xs7rIWPFLpdqJqxV8J","id":"oGilYqnfW4miNsISHBjw"},{"accountno":"null","departmentno":"global123","salary":"232323","pincode":"666666","userid":"r7Xs7rIWPFLpdqJqxV8J","id":"tL676fMeP6kZzoHFyT29"},{"accountno":"function random() { [native code] }","departmentno":"global123","salary":"232323","pincode":"666666","userid":"r7Xs7rIWPFLpdqJqxV8J","id":"iqYqaHgPGzSJMPQNJe1L"},{"accountno":"accountno","departmentno":"global123","salary":"232323","pincode":"666666","userid":"r7Xs7rIWPFLpdqJqxV8J","id":"nOOOHiILumAfGSxO07Vw"},{"accountno":"Sam12345","departmentno":"global123","salary":"232323","pincode":"666666","userid":"r7Xs7rIWPFLpdqJqxV8J","id":"b9te5jEsmjKiiFLsOdrL"},{"accountno":"25252424","departmentno":"55","salary":"232323","pincode":"666666","userid":"r7Xs7rIWPFLpdqJqxV8J","id":"Or1WxJ5tO37TmSIwjntG"},{"accountno":"Anil123","departmentno":"sales","salary":"40000","pincode":"343434","userid":"r7Xs7rIWPFLpdqJqxV8J","id":"lKhHonST5nKQFBmauO5K"},{"accountno":"88888888","departmentno":"8","salary":"8000","pincode":"888888","userid":"kHacG2IP7Olqmq1CLFho","id":"9u0Mg7DAsWQ8vhKzc4Gi"},{"accountno":"44444444","departmentno":"4","salary":"4000","pincode":"444444","userid":"kHacG2IP7Olqmq1CLFho","id":"NTeQboypBgtBUaxeFGi0"},{"accountno":"88884491","departmentno":"1","salary":"4000","pincode":"763291","userid":"kHacG2IP7Olqmq1CLFho","id":"wI71UEoFoBcNcvk7zibA"},{"accountno":"88884491","departmentno":"1","salary":"4000","pincode":"763291","userid":"kHacG2IP7Olqmq1CLFho","id":"oc6McjULH0ouWbqkrfkM"},{"accountno":"44444444","departmentno":"4","salary":"4000","pincode":"444444","userid":"kHacG2IP7Olqmq1CLFho","id":"k5cxXGa4ODZaaeM54ujN"},{"accountno":"44444444","departmentno":"4","salary":"4000","pincode":"444444","userid":"kHacG2IP7Olqmq1CLFho","id":"1KHFXWHMDyiFGHbgUVhh"},{"accountno":"44444444","departmentno":"4","salary":"4000","pincode":"444444","userid":"kHacG2IP7Olqmq1CLFho","id":"E9VkT0Y2I7fKgfzcPwLf"},{"accountno":"44444444","departmentno":"4","salary":"4000","pincode":"444444","userid":"kHacG2IP7Olqmq1CLFho","id":"n02bJoSdLjxOgp3cA4hR"},{"accountno":"44444444","departmentno":"4","salary":"4000","pincode":"444444","userid":"kHacG2IP7Olqmq1CLFho","id":"uhAaFHGCjne7ebBsmpCs"},{"accountno":"88884491","departmentno":"1","salary":"4000","pincode":"763291","userid":"kHacG2IP7Olqmq1CLFho","id":"JASzrTtRP4cKnM710igB"},{"accountno":"44444444","departmentno":"4","salary":"4000","pincode":"444444","userid":"kHacG2IP7Olqmq1CLFho","id":"yGtZhZV5Th6AfHEyHqVM"},{"accountno":"88888888","departmentno":"8","salary":"8000","pincode":"888888","userid":"kHacG2IP7Olqmq1CLFho","id":"hKIOXm2TSepZXpjoyJK6"},{"accountno":"44444444","departmentno":"4","salary":"4000","pincode":"444444","userid":"kHacG2IP7Olqmq1CLFho","id":"4eS2ymYnKeTHMWtkrYlw"},{"accountno":"88888888","departmentno":"8","salary":"8000","pincode":"888888","userid":"kHacG2IP7Olqmq1CLFho","id":"gVyah6wtygV5gg38WFZ0"},{"accountno":"44444444","departmentno":"4","salary":"4000","pincode":"444444","userid":"kHacG2IP7Olqmq1CLFho","id":"lSkm3k3rmo5FOij3Pi2o"},{"accountno":"88888888","departmentno":"8","salary":"8000","pincode":"888888","userid":"kHacG2IP7Olqmq1CLFho","id":"ZuJF7CWhNkBTNZt9S9yU"},{"accountno":"44444444","departmentno":"4","salary":"4000","pincode":"444444","userid":"kHacG2IP7Olqmq1CLFho","id":"1qom5pFW1q3q56eRXZYN"},{"accountno":"88888888","departmentno":"8","salary":"8000","pincode":"888888","userid":"kHacG2IP7Olqmq1CLFho","id":"jmAZrKusEozAz3quWzaL"},{"accountno":"44444444","departmentno":"4","salary":"4000","pincode":"444444","userid":"kHacG2IP7Olqmq1CLFho","id":"MZcrUpTFZLhr0BiCEGNQ"},{"accountno":"88888888","departmentno":"8","salary":"8000","pincode":"888888","userid":"kHacG2IP7Olqmq1CLFho","id":"FiccTwKUHaoDQ2ZCkFG1"},{"accountno":"44444444","departmentno":"4","salary":"4000","pincode":"444444","userid":"kHacG2IP7Olqmq1CLFho","id":"nXELZVbWw3HY2RThl6W0"},{"accountno":"99999123","departmentno":"1","salary":"5333","pincode":"901234","userid":"kHacG2IP7Olqmq1CLFho","id":"Dokccg6cPnurFouGzuVS"},{"accountno":"88884491","departmentno":"1","salary":"4000","pincode":"763291","userid":"kHacG2IP7Olqmq1CLFho","id":"qXjzE16S9aqAmkZ78oPV"},{"accountno":"88884491","departmentno":"1","salary":"4000","pincode":"763291","userid":"kHacG2IP7Olqmq1CLFho","id":"eq8VZlIics5Ikn819AQ3"},{"accountno":"88884491","departmentno":"1","salary":"4000","pincode":"763291","userid":"kHacG2IP7Olqmq1CLFho","id":"ioUxKd8p0lXKP51rgWj7"},{"accountno":"88884491","departmentno":"1","salary":"4000","pincode":"763291","userid":"kHacG2IP7Olqmq1CLFho","id":"ptm2acw2SELuPzlWiMet"},{"accountno":"88884491","departmentno":"1","salary":"4000","pincode":"763291","userid":"kHacG2IP7Olqmq1CLFho","id":"QduVyI0PtT1bE4NliYxc"},{"accountno":"88884491","departmentno":"1","salary":"4000","pincode":"763291","userid":"kHacG2IP7Olqmq1CLFho","id":"aH3jfxLeKS43gQzGa4jS"},{"accountno":"88884491","departmentno":"1","salary":"4000","pincode":"763291","userid":"kHacG2IP7Olqmq1CLFho","id":"v6yT9y3buZ1r9Nf96Ap7"},{"accountno":"88884491","departmentno":"1","salary":"4000","pincode":"763291","userid":"kHacG2IP7Olqmq1CLFho","id":"AElOrb4mTjFIugggCGgb"},{"accountno":"88884491","departmentno":"1","salary":"4000","pincode":"763291","userid":"kHacG2IP7Olqmq1CLFho","id":"Pqp9DA5edJGbsNYukq61"},{"accountno":"88884491","departmentno":"1","salary":"4000","pincode":"763291","userid":"kHacG2IP7Olqmq1CLFho","id":"cWb2HS56ZTleGdh4Ckcz"},{"accountno":"88884491","departmentno":"1","salary":"4000","pincode":"763291","userid":"kHacG2IP7Olqmq1CLFho","id":"7JBTZL2WLDukGhouV0Nu"},{"accountno":"88884491","departmentno":"1","salary":"4000","pincode":"763291","userid":"kHacG2IP7Olqmq1CLFho","id":"a0P5Uqllr5vW3Ld6HqDt"},{"accountno":"88884491","departmentno":"1","salary":"4000","pincode":"763291","userid":"kHacG2IP7Olqmq1CLFho","id":"pGSELuhztuIFbG0s0KJo"},{"accountno":"88884491","departmentno":"1","salary":"4000","pincode":"763291","userid":"kHacG2IP7Olqmq1CLFho","id":"VbakRA5fzUwlTfDI0VuA"},{"accountno":"99999123","departmentno":"1","salary":"5333","pincode":"901234","userid":"kHacG2IP7Olqmq1CLFho","id":"FbkkGRGHGzeklFRHuqCF"},{"accountno":"88884491","departmentno":"1","salary":"4000","pincode":"763291","userid":"kHacG2IP7Olqmq1CLFho","id":"j6gDSFJ9KFy3L3Qi4CRL"},{"accountno":"99999123","departmentno":"1","salary":"5333","pincode":"901234","userid":"kHacG2IP7Olqmq1CLFho","id":"iyGNhfZIm4KcG2r8aW1j"},{"accountno":"88884491","departmentno":"1","salary":"4000","pincode":"763291","userid":"kHacG2IP7Olqmq1CLFho","id":"XDVnv5gN16d5ovoNisjq"},{"accountno":"99999123","departmentno":"1","salary":"5333","pincode":"901234","userid":"kHacG2IP7Olqmq1CLFho","id":"qcvYR7UufEP6vEXsVQwb"},{"accountno":"88884491","departmentno":"1","salary":"4000","pincode":"763291","userid":"kHacG2IP7Olqmq1CLFho","id":"lI2nvPsU84TSrEZuBxL6"},{"accountno":"99999123","departmentno":"1","salary":"5333","pincode":"901234","userid":"kHacG2IP7Olqmq1CLFho","id":"OQFMhKFPZkjGgEbIP60L"},{"accountno":"88884491","departmentno":"1","salary":"4000","pincode":"763291","userid":"kHacG2IP7Olqmq1CLFho","id":"U46Hysqe2HtIlXmmWvD6"},{"accountno":"99999123","departmentno":"1","salary":"5333","pincode":"901234","userid":"kHacG2IP7Olqmq1CLFho","id":"YfZbAxeaHDurR2Cj6y7Z"},{"accountno":"88884491","departmentno":"1","salary":"4000","pincode":"763291","userid":"kHacG2IP7Olqmq1CLFho","id":"E7alQj7fKFRKpYSLqM56"},{"accountno":"99999123","departmentno":"1","salary":"5333","pincode":"901234","userid":"kHacG2IP7Olqmq1CLFho","id":"HLoy3ScXjo4BgV934Y27"},{"accountno":"88884491","departmentno":"1","salary":"4000","pincode":"763291","userid":"kHacG2IP7Olqmq1CLFho","id":"m1ZJCR649HW4WMi5ONGd"},{"accountno":"99999123","departmentno":"1","salary":"5333","pincode":"901234","userid":"kHacG2IP7Olqmq1CLFho","id":"KXT7OACpVl1mHpFTipUY"},{"accountno":"88884491","departmentno":"1","salary":"4000","pincode":"763291","userid":"kHacG2IP7Olqmq1CLFho","id":"z48fZynE7D85swHLMR2n"},{"accountno":"99999123","departmentno":"1","salary":"5333","pincode":"901234","userid":"kHacG2IP7Olqmq1CLFho","id":"3Q6dvgTMLhuNl50cLNeB"},{"accountno":"88884491","departmentno":"1","salary":"4000","pincode":"763291","userid":"kHacG2IP7Olqmq1CLFho","id":"tGwKfzqtqvUhL7Rneuhr"},{"accountno":"99999123","departmentno":"1","salary":"5333","pincode":"901234","userid":"kHacG2IP7Olqmq1CLFho","id":"jjFPDcmTPgXZDKX2TC3f"},{"accountno":"88884491","departmentno":"1","salary":"4000","pincode":"763291","userid":"kHacG2IP7Olqmq1CLFho","id":"KDgrt2GVdaiaZgJWk0ES"},{"accountno":"99999123","departmentno":"1","salary":"5333","pincode":"901234","userid":"kHacG2IP7Olqmq1CLFho","id":"BbtdjVIIWg84cpGEWHt2"},{"accountno":"88884491","departmentno":"1","salary":"4000","pincode":"763291","userid":"kHacG2IP7Olqmq1CLFho","id":"nPR2De7qyLmm8WVdMuuB"},{"accountno":"w2w2w2w2w2w2w","departmentno":"d3d3d3d3d","salary":"3AAA","pincode":"32we32ew ","userid":"5peqXdShya0PTZrXGvCk","id":"7fKc8hDvmSxiJVwHmh5x"},{"accountno":" ","departmentno":" ","salary":"3","pincode":" ","userid":"5peqXdShya0PTZrXGvCk","id":"O4YnZhZQO09d0HUEEwkW"},{"accountno":"TA-3333333","departmentno":3,"salary":3,"pincode":333333,"userid":"5peqXdShya0PTZrXGvCk","id":"wwmA0AlJQr1GGDTHBLpA"},{"accountno":" ","departmentno":" ","salary":"3","pincode":" ","userid":"5peqXdShya0PTZrXGvCk","id":"RwwzQeIoxuE3cfsu7mmu"},{"accountno":"TA-3333333","departmentno":3,"salary":3,"pincode":333333,"userid":"5peqXdShya0PTZrXGvCk","id":"3lhkeotJpFyFuG9VSgoI"},{"accountno":"mnmnmnmnmnmnmn","departmentno":"cdcdcddcd","salary":"bbAAA","pincode":"klmnop ","userid":"5peqXdShya0PTZrXGvCk","id":"GW12naWLGaKT4kd1VsPY"},{"accountno":"w2w2w2w2w2w2w","departmentno":"d3d3d3d3d","salary":"3AAA","pincode":"32we32ew ","userid":"5peqXdShya0PTZrXGvCk","id":"pra1WZkNAOcbwnckFbdk"},{"accountno":" ","departmentno":" ","salary":"3","pincode":" ","userid":"5peqXdShya0PTZrXGvCk","id":"eTsbTUUI8r3WFKokMqYs"},{"accountno":"TA-3333333","departmentno":3,"salary":3,"pincode":333333,"userid":"5peqXdShya0PTZrXGvCk","id":"TRP2tLnrPNRwdpmjEFVf"},{"accountno":"mnmnmnmnmnmnmn","departmentno":"cdcdcddcd","salary":"bbAAA","pincode":"klmnop ","userid":"5peqXdShya0PTZrXGvCk","id":"KJVGwTK2vGdV9STDCGHg"},{"accountno":"w2w2w2w2w2w2w","departmentno":"d3d3d3d3d","salary":"3AAA","pincode":"32we32ew ","userid":"5peqXdShya0PTZrXGvCk","id":"hEib8n1KQJM49UG2dDu6"},{"accountno":" ","departmentno":" ","salary":"3","pincode":" ","userid":"5peqXdShya0PTZrXGvCk","id":"4JF7YH3aapdks35X1oCr"},{"accountno":"TA-3333333","departmentno":3,"salary":3,"pincode":333333,"userid":"5peqXdShya0PTZrXGvCk","id":"MjPEOdY6naTW6L9hoPm0"},{"accountno":"mnmnmnmnmnmnmn","departmentno":"cdcdcddcd","salary":"bbAAA","pincode":"klmnop ","userid":"5peqXdShya0PTZrXGvCk","id":"DWuYJGeNeYyoTSU0wQNp"},{"accountno":"w2w2w2w2w2w2w","departmentno":"d3d3d3d3d","salary":"3AAA","pincode":"32we32ew ","userid":"5peqXdShya0PTZrXGvCk","id":"bL2nrPXl8BCMFlyp4S0e"},{"accountno":" ","departmentno":" ","salary":"3","pincode":" ","userid":"5peqXdShya0PTZrXGvCk","id":"9gCxnvfNjASTG25F8lwK"},{"accountno":"TA-3333333","departmentno":3,"salary":3,"pincode":333333,"userid":"5peqXdShya0PTZrXGvCk","id":"Vlw73HOqrehIUny4GfJy"},{"accountno":" ","departmentno":" ","salary":"3","pincode":" ","userid":"5peqXdShya0PTZrXGvCk","id":"AFL62BommZHcA8u7vEOd"},{"accountno":"TA-3333333","departmentno":3,"salary":3,"pincode":333333,"userid":"5peqXdShya0PTZrXGvCk","id":"2wg9hajrlntOudxg68wE"},{"accountno":"TA-9898989","departmentno":-114294964,"salary":-114294964,"pincode":"444444","userid":"5peqXdShya0PTZrXGvCk","id":"KcrIWPHHiVwbdLcOyw5x"},{"accountno":"TA-ojhshw4","departmentno":"2","salary":"500000","pincode":"200000","userid":"8FgZY2oyrdCqdtSIxvXR","id":"Lq3tW8Yuuku16rTFsae0"},{"accountno":"TA-ojhshw4","departmentno":"2","salary":"500000","pincode":"200000","userid":"8FgZY2oyrdCqdtSIxvXR","id":"IXgVPVdDC3JmLu2JU8sP"},{"accountno":"TA-ojhshw4","departmentno":"2","salary":"500000","pincode":"200000","userid":"8FgZY2oyrdCqdtSIxvXR","id":"ELGy0Ky8NG93G08fC8Pw"},{"accountno":"TA-ojhshw4","departmentno":"2","salary":"500000","pincode":"200000","userid":"8FgZY2oyrdCqdtSIxvXR","id":"nv3eHLv3NgN8tuCkmQri"},{"accountno":"TA-ojhshw4","departmentno":"2","salary":"500000","pincode":"200000","userid":"8FgZY2oyrdCqdtSIxvXR","id":"ywqRYJC0TrCOu1tF1mgT"},{"accountno":"TA-ojhshw4","departmentno":"2","salary":"500000","pincode":"200000","userid":"8FgZY2oyrdCqdtSIxvXR","id":"oP7fieYfORTbqjNaJA00"},{"accountno":"TA-ojhshw4","departmentno":"2","salary":"500000","pincode":"200000","userid":"8FgZY2oyrdCqdtSIxvXR","id":"JeMhIucoqBwr91CBMWd1"},{"accountno":"TA-ojhshw4","departmentno":"2","salary":"500000","pincode":"200000","userid":"8FgZY2oyrdCqdtSIxvXR","id":"4uec9HQ9LyJXVvzM2Zib"},{"accountno":"TA-ojhshw4","departmentno":"2","salary":"500000","pincode":"200000","userid":"8FgZY2oyrdCqdtSIxvXR","id":"V0IYAfJa8O8OG58IBTNw"},{"accountno":"TA-ojhshw4","departmentno":"2","salary":"500000","pincode":"200000","userid":"8FgZY2oyrdCqdtSIxvXR","id":"Qov3dlBSQ03ggizvAVUq"},{"accountno":"TA-ojhshw2","departmentno":"2","salary":"400000","pincode":"200000","userid":"8FgZY2oyrdCqdtSIxvXR","id":"2apx3cdRvNL3crk1ooEB"},{"accountno":"TA-ojhshw2","departmentno":"2","salary":"400000","pincode":"200000","userid":"8FgZY2oyrdCqdtSIxvXR","id":"IFpT2lmX0K395FABsjIR"},{"accountno":"TA-ojhshw2","departmentno":"2","salary":"400000","pincode":"200000","userid":"8FgZY2oyrdCqdtSIxvXR","id":"HlT6aQ2vEsZHMaUcfXca"},{"accountno":"TA-ojhshw2","departmentno":"2","salary":"400000","pincode":"200000","userid":"8FgZY2oyrdCqdtSIxvXR","id":"3mltyn69PyS8Q8eB3kP5"},{"accountno":"TA-ojhshw2","departmentno":"2","salary":"400000","pincode":"200000","userid":"8FgZY2oyrdCqdtSIxvXR","id":"76gtqL8TwOpI1fGTjGxO"},{"accountno":"TA-ShOjha","departmentno":9,"salary":10,"pincode":100000,"userid":"8FgZY2oyrdCqdtSIxvXR","id":"BzN2pNUrOwoeKs5QvxFC"},{"accountno":"TA-1119999","departmentno":"1","salary":"1","pincode":"111111","userid":"kHacG2IP7Olqmq1CLFho","id":"5VofTVa0f8mCX0n0P6PI"},{"accountno":"TA-1119999","departmentno":"1","salary":"1","pincode":"111111","userid":"kHacG2IP7Olqmq1CLFho","id":"CMc6acn13EwZM5Y5xDE5"},{"accountno":"TA-1119999","departmentno":"1","salary":"1","pincode":"111111","userid":"kHacG2IP7Olqmq1CLFho","id":"4kGlzToBWoTxmVo8NYNU"},{"accountno":"TA-1119999","departmentno":"1","salary":"1","pincode":"111111","userid":"kHacG2IP7Olqmq1CLFho","id":"q9LvpUSeRIoWWhwqpyP2"},{"accountno":"TA-1119999","departmentno":"1","salary":"1","pincode":"111111","userid":"kHacG2IP7Olqmq1CLFho","id":"uPNJit5Yme0GXFGXnxxY"},{"accountno":"TA-1119999","departmentno":"1","salary":"1","pincode":"111111","userid":"kHacG2IP7Olqmq1CLFho","id":"SpZBnNa69mxMmdtzXHJI"},{"accountno":"TA-1119999","departmentno":"1","salary":"1","pincode":"111111","userid":"kHacG2IP7Olqmq1CLFho","id":"s1tVSiioXOx3243JxbOD"},{"accountno":"TA-1119999","departmentno":"1","salary":"1","pincode":"111111","userid":"kHacG2IP7Olqmq1CLFho","id":"oQnKVIiWjTLYOz7qAp7Y"},{"accountno":"TA-1119999","departmentno":"1","salary":"1","pincode":"111111","userid":"kHacG2IP7Olqmq1CLFho","id":"VCPvrd7wGXi6Dmk3gVaj"},{"accountno":"TA-1119999","departmentno":"1","salary":"1","pincode":"111111","userid":"kHacG2IP7Olqmq1CLFho","id":"s7J9tD5z302DQamuM3Lf"},{"accountno":"TA-1119999","departmentno":"1","salary":"1","pincode":"111111","userid":"kHacG2IP7Olqmq1CLFho","id":"GnhOgLFa9kDW3rBcfKm9"},{"accountno":"TA-1119999","departmentno":"1","salary":"1","pincode":"111111","userid":"kHacG2IP7Olqmq1CLFho","id":"Jidsgqx93LuMp8yWLsvm"},{"accountno":"TA-1119999","departmentno":"1","salary":"1","pincode":"111111","userid":"kHacG2IP7Olqmq1CLFho","id":"pbde9VRhUo8AKQBb1Qhp"},{"accountno":"TA-1119999","departmentno":"1","salary":"1","pincode":"111111","userid":"kHacG2IP7Olqmq1CLFho","id":"9783URrCTlhqo46Q7xip"},{"accountno":"TA-1119999","departmentno":"1","salary":"1","pincode":"111111","userid":"kHacG2IP7Olqmq1CLFho","id":"f15rejeUaEtTSqLBTuuK"},{"accountno":"TA-1119999","departmentno":"1","salary":"1","pincode":"111111","userid":"kHacG2IP7Olqmq1CLFho","id":"ejMDN3Z3IueEpfpu6O63"},{"accountno":"TA-1119999","departmentno":"1","salary":"1","pincode":"111111","userid":"kHacG2IP7Olqmq1CLFho","id":"FyjQCFrTICECEuts9tVj"},{"accountno":"TA-1119999","departmentno":"1","salary":"1","pincode":"111111","userid":"kHacG2IP7Olqmq1CLFho","id":"ISntGnl5fEUf4wdGnzpU"},{"accountno":"TA-1119999","departmentno":"1","salary":"1","pincode":"111111","userid":"kHacG2IP7Olqmq1CLFho","id":"aAzaowOGdL155Tsjy8aL"},{"accountno":"TA-1119999","departmentno":"1","salary":"1","pincode":"111111","userid":"kHacG2IP7Olqmq1CLFho","id":"P9s8LFjtLpbg0zapNbPc"},{"accountno":"TA-1119999","departmentno":"1","salary":"1","pincode":"111111","userid":"kHacG2IP7Olqmq1CLFho","id":"SCaku1ra81q99BURjYpe"},{"accountno":"TA-1119999","departmentno":"1","salary":"1","pincode":"111111","userid":"kHacG2IP7Olqmq1CLFho","id":"WSHZ73cQFPTX4yAyIszx"},{"accountno":"TA-1119999","departmentno":"1","salary":"1","pincode":"111111","userid":"kHacG2IP7Olqmq1CLFho","id":"tNA53e14lmF0fphaBD6w"},{"accountno":"TA-1119999","departmentno":"1","salary":"1","pincode":"111111","userid":"kHacG2IP7Olqmq1CLFho","id":"qg0GQpoB83th9Q7rC481"},{"accountno":"TA-1119999","departmentno":"9","salary":"9","pincode":"111111","userid":"kHacG2IP7Olqmq1CLFho","id":"gMakeGkcXGvPdlU3GW3X"},{"accountno":"TA-1119999","departmentno":"9","salary":"9","pincode":"111111","userid":"kHacG2IP7Olqmq1CLFho","id":"7lqwYW8cRGN3zE492yls"},{"accountno":"TA-1119999","departmentno":"9","salary":"9","pincode":"111111","userid":"yNCXX8NruCfcrpuLyFMc","id":"CvjxrjgqtQHEUSQR0Yf6"},{"accountno":"TA-1119999","departmentno":"9","salary":"9","pincode":"111111","userid":"yNCXX8NruCfcrpuLyFMc","id":"GZEnUYfWL4dxSldj7QMx"},{"accountno":"TA-1119999","departmentno":"9","salary":"9","pincode":"111111","userid":"yNCXX8NruCfcrpuLyFMc","id":"KywEeF7BzWb4pmrQP4oi"},{"accountno":"TA-1119999","departmentno":"9","salary":"9","pincode":"111111","userid":"yNCXX8NruCfcrpuLyFMc","id":"UZ9RN7cgNL420Pe6hgJM"},{"accountno":"TA-1119999","departmentno":"9","salary":"9","pincode":"111111","userid":"yNCXX8NruCfcrpuLyFMc","id":"HFpp78e0dexM8AHrQ1Qc"},{"accountno":"TA-2121212","departmentno":"2","salary":"2","pincode":"121212","userid":"kHacG2IP7Olqmq1CLFho","id":"GMdwGZx5glp2HL6Db1lk"},{"accountno":"TA-2121212","departmentno":"2","salary":"2","pincode":"121212","userid":"kHacG2IP7Olqmq1CLFho","id":"9lUNQ6iroi5BiCmrrqhN"},{"accountno":"TA-2121212","departmentno":"2","salary":"2","pincode":"121212","userid":"kHacG2IP7Olqmq1CLFho","id":"sMy1ZAAzWF21Dye9msXM"},{"accountno":"TA-2121212","departmentno":"2","salary":"2","pincode":"121212","userid":"kHacG2IP7Olqmq1CLFho","id":"t4SJQpETb8uebGL4gYXN"},{"accountno":"TA-2121212","departmentno":"2","salary":"2","pincode":"121212","userid":"kHacG2IP7Olqmq1CLFho","id":"iUXiV9YuSqvE4JTHRcMa"},{"accountno":"TA-2121212","departmentno":"2","salary":"2","pincode":"121212","userid":"kHacG2IP7Olqmq1CLFho","id":"3pJUpgMWR62SjnsIpS1A"},{"accountno":"TA-2121212","departmentno":"2","salary":"2","pincode":"121212","userid":"kHacG2IP7Olqmq1CLFho","id":"A5yowVZkYUodJml3jY8K"},{"accountno":"TA-2121212","departmentno":"2","salary":"2","pincode":"121212","userid":"kHacG2IP7Olqmq1CLFho","id":"HMxIKF1DE2qJex9SiZ0G"},{"accountno":"TA-2121212","departmentno":"2","salary":"2","pincode":"121212","userid":"kHacG2IP7Olqmq1CLFho","id":"cb2Zl2G7ujT2i8E7Oglq"},{"accountno":"TA-2121212","departmentno":"2","salary":"2","pincode":"121212","userid":"kHacG2IP7Olqmq1CLFho","id":"rm7MgUjwoHvb25JcIC4Z"},{"accountno":"TA-2222222","departmentno":"2","salary":"2","pincode":"111111","userid":"kHacG2IP7Olqmq1CLFho","id":"aeIICzhzEqJk7KqTHDA9"},{"accountno":"TA-1111122","departmentno":"2","salary":"2","pincode":"111111","userid":"kHacG2IP7Olqmq1CLFho","id":"vYKsjaFPS8QZxOD85OO2"},{"accountno":"TA-1111122","departmentno":"2","salary":"2","pincode":"111111","userid":"kHacG2IP7Olqmq1CLFho","id":"vLHPiuYoZgZjn9LBz36Q"},{"accountno":"TA-1111111","departmentno":"1","salary":"22","pincode":"111111","userid":"kHacG2IP7Olqmq1CLFho","id":"0SCkC0dqgUcwe68UE5VH"},{"accountno":"TA-1111111","departmentno":1,"salary":1,"pincode":111119,"userid":"kHacG2IP7Olqmq1CLFho","id":"6A3stznUHAC4SI5rIwIY"},{"accountno":"91233478","departmentno":"5","salary":"5000","pincode":"349012","userid":"UbzKln8jt3iwGZ5iKVw2","id":"GtgspssvMLZTyARDaPfC"},{"accountno":"65478978","departmentno":"5","salary":"8000","pincode":"65987","userid":"UbzKln8jt3iwGZ5iKVw2","id":"61sPieryEbGLiomfoa4X"},{"accountno":"91233478","departmentno":"5","salary":"5000","pincode":"901234","userid":"UbzKln8jt3iwGZ5iKVw2","id":"s68qgAkkZYI6CqnYszcO"},{"accountno":"45678978","departmentno":"5","salary":"8000","pincode":"98765","userid":"UbzKln8jt3iwGZ5iKVw2","id":"p3FjPSUMX7tDgHvI3R4c"},{"accountno":"91233478","departmentno":"5","salary":"5000","pincode":"349012","userid":"UbzKln8jt3iwGZ5iKVw2","id":"WW7ci99APGxSBxdbvYkJ"},{"accountno":"65478978","departmentno":"5","salary":"8000","pincode":"65987","userid":"UbzKln8jt3iwGZ5iKVw2","id":"QGbIbAObVUaUEngf271b"},{"accountno":"91233478","departmentno":"5","salary":"5000","pincode":"901234","userid":"UbzKln8jt3iwGZ5iKVw2","id":"nEhXh11x1Myf7cspU7X6"},{"accountno":"45678978","departmentno":"5","salary":"8000","pincode":"98765","userid":"UbzKln8jt3iwGZ5iKVw2","id":"kptqcMT1jCDa71ihNqQ3"},{"accountno":"65478978","departmentno":"5","salary":"8000","pincode":"65987","userid":"UbzKln8jt3iwGZ5iKVw2","id":"9ozmv9ySgKMMrKvGVWn9"},{"accountno":"91233478","departmentno":"5","salary":"5000","pincode":"901234","userid":"UbzKln8jt3iwGZ5iKVw2","id":"lKZeDtTYoxTcHrg8hkFP"},{"accountno":"45678978","departmentno":"5","salary":"8000","pincode":"98765","userid":"UbzKln8jt3iwGZ5iKVw2","id":"p02yIBBGJ5Pyj1EQypw6"},{"accountno":"91233478","departmentno":"5","salary":"5000","pincode":"349012","userid":"UbzKln8jt3iwGZ5iKVw2","id":"yxUGlhdDeqbzMw92ODMZ"},{"accountno":"65478978","departmentno":"5","salary":"8000","pincode":"65987","userid":"UbzKln8jt3iwGZ5iKVw2","id":"EcQOYAuoZr4jJpJx0t6n"},{"accountno":"91233478","departmentno":"5","salary":"5000","pincode":"901234","userid":"UbzKln8jt3iwGZ5iKVw2","id":"Pa5BQMJeWnuzmM7pU1DT"},{"accountno":"45678978","departmentno":"5","salary":"8000","pincode":"98765","userid":"UbzKln8jt3iwGZ5iKVw2","id":"ouSbYRPiCn3s7swbIBFX"},{"accountno":"65478978","departmentno":"5","salary":"8000","pincode":"65987","userid":"UbzKln8jt3iwGZ5iKVw2","id":"CYOaZPsg8BTaEE9GuC5W"},{"accountno":"91233478","departmentno":"5","salary":"5000","pincode":"901234","userid":"UbzKln8jt3iwGZ5iKVw2","id":"Rnn6ADAXxfbZha2PlhJ7"},{"accountno":"45678978","departmentno":"5","salary":"8000","pincode":"98765","userid":"UbzKln8jt3iwGZ5iKVw2","id":"xRqo3cVMOdQNvCflGTqd"},{"accountno":"91233478","departmentno":"5","salary":"5000","pincode":"349012","userid":"UbzKln8jt3iwGZ5iKVw2","id":"LCfyKnV1ELch2g7OwTyp"},{"accountno":"65478978","departmentno":"5","salary":"8000","pincode":"65987","userid":"UbzKln8jt3iwGZ5iKVw2","id":"graEN5p6W9W70PpTbwGJ"},{"accountno":"91233478","departmentno":"5","salary":"5000","pincode":"901234","userid":"UbzKln8jt3iwGZ5iKVw2","id":"cuQZiNjlasYhwnSnMW23"},{"accountno":"45678978","departmentno":"5","salary":"8000","pincode":"98765","userid":"UbzKln8jt3iwGZ5iKVw2","id":"m0UppKRJ2LSMsMSv96SD"},{"accountno":"65478978","departmentno":"5","salary":"8000","pincode":"65987","userid":"UbzKln8jt3iwGZ5iKVw2","id":"uAsOf7UmsCb6uiGKG5W1"},{"accountno":"91233478","departmentno":"5","salary":"5000","pincode":"901234","userid":"UbzKln8jt3iwGZ5iKVw2","id":"AusvGsQFFS8qW9Iy2bt1"},{"accountno":"45678978","departmentno":"5","salary":"8000","pincode":"98765","userid":"UbzKln8jt3iwGZ5iKVw2","id":"BGuexRVozo9W33VJPwx9"},{"accountno":"91233478","departmentno":"5","salary":"5000","pincode":"349012","userid":"UbzKln8jt3iwGZ5iKVw2","id":"eGcJKh5q5s0GcireNURS"},{"accountno":"65478978","departmentno":"5","salary":"8000","pincode":"65987","userid":"UbzKln8jt3iwGZ5iKVw2","id":"WfYE2zTKtHWoMcKV9G5s"},{"accountno":"91233478","departmentno":"5","salary":"5000","pincode":"901234","userid":"UbzKln8jt3iwGZ5iKVw2","id":"2buOBL8zOJkRMWDtercL"},{"accountno":"45678978","departmentno":"5","salary":"8000","pincode":"98765","userid":"UbzKln8jt3iwGZ5iKVw2","id":"WP57kCYoYAXEZdhQLbMQ"},{"accountno":"65478978","departmentno":"5","salary":"8000","pincode":"65987","userid":"UbzKln8jt3iwGZ5iKVw2","id":"36gDPOTGnSnqbBV3k8u7"},{"accountno":"91233478","departmentno":"5","salary":"5000","pincode":"901234","userid":"UbzKln8jt3iwGZ5iKVw2","id":"FK2xfYcYqHShnA5n0RlH"},{"accountno":"45678978","departmentno":"5","salary":"8000","pincode":"98765","userid":"UbzKln8jt3iwGZ5iKVw2","id":"493tGMVgw19qCmfjPMnl"},{"accountno":"91233478","departmentno":"5","salary":"5000","pincode":"349012","userid":"UbzKln8jt3iwGZ5iKVw2","id":"stUKwkLhJhxF8vbqO0mS"},{"accountno":"65478978","departmentno":"5","salary":"8000","pincode":"65987","userid":"UbzKln8jt3iwGZ5iKVw2","id":"IovaYkdti8PhQDxlgkAn"},{"accountno":"91233478","departmentno":"5","salary":"5000","pincode":"901234","userid":"UbzKln8jt3iwGZ5iKVw2","id":"u5ddCamkgFb3YmhY2OTY"},{"accountno":"45678978","departmentno":"5","salary":"8000","pincode":"98765","userid":"UbzKln8jt3iwGZ5iKVw2","id":"s3uXPFRGGccnJI1ziNnx"},{"accountno":"91233478","departmentno":"5","salary":"5000","pincode":"349012","userid":"UbzKln8jt3iwGZ5iKVw2","id":"hnYLS1Nlnzm8qdXcor3q"},{"accountno":"65478978","departmentno":"5","salary":"8000","pincode":"65987","userid":"UbzKln8jt3iwGZ5iKVw2","id":"F5Eyy9Gwv6mprF8mwrGh"},{"accountno":"91233478","departmentno":"5","salary":"5000","pincode":"901234","userid":"UbzKln8jt3iwGZ5iKVw2","id":"2goUg7Sfq2QUPz1lYHWK"},{"accountno":"45678978","departmentno":"5","salary":"8000","pincode":"98765","userid":"UbzKln8jt3iwGZ5iKVw2","id":"F788bGFLjzbKivMzjZyu"},{"accountno":"91233478","departmentno":"5","salary":"5000","pincode":"349012","userid":"UbzKln8jt3iwGZ5iKVw2","id":"YM9NI4X3T5tdMAJmtVqE"},{"accountno":"65478978","departmentno":"5","salary":"8000","pincode":"65987","userid":"UbzKln8jt3iwGZ5iKVw2","id":"MfNnwwEeeJoxkkWMTQ73"},{"accountno":"91233478","departmentno":"5","salary":"5000","pincode":"901234","userid":"UbzKln8jt3iwGZ5iKVw2","id":"3TbHb6n7B9NkD3h2iWMm"},{"accountno":"45678978","departmentno":"5","salary":"8000","pincode":"98765","userid":"UbzKln8jt3iwGZ5iKVw2","id":"ps9Zpr2tDhFgCwHJYWeD"},{"accountno":"91233478","departmentno":"5","salary":"5000","pincode":"349012","userid":"UbzKln8jt3iwGZ5iKVw2","id":"EjHNf6aWrwHLWJZiKyHC"},{"accountno":"65478978","departmentno":"5","salary":"8000","pincode":"65987","userid":"UbzKln8jt3iwGZ5iKVw2","id":"kwKAf1WIJAyPQ67LCQFY"},{"accountno":"91233478","departmentno":"5","salary":"5000","pincode":"901234","userid":"UbzKln8jt3iwGZ5iKVw2","id":"SbMjz3RrC7yezT9qXjbh"},{"accountno":"45678978","departmentno":"5","salary":"8000","pincode":"98765","userid":"UbzKln8jt3iwGZ5iKVw2","id":"59YnuzZ8cJftcFyoyRd0"},{"accountno":"19876543","departmentno":"2","salary":"500000","pincode":"523456","userid":"zkmNMhztAOmjb5NT2cL6","id":"P41W0VExEaFDHSENokng"},{"accountno":"12345678","departmentno":"1","salary":"150000","pincode":"623456","userid":"zkmNMhztAOmjb5NT2cL6","id":"8XeeL5TyZC84TvOjbjWm"},{"accountno":"TA-0000004","departmentno":"1","salary":"123455","pincode":"000002","userid":"zkmNMhztAOmjb5NT2cL6","id":"QsYfBADdDOU5AhLWLWS4"},{"accountno":"TA-0000004","departmentno":"1","salary":"123455","pincode":"000002","userid":"zkmNMhztAOmjb5NT2cL6","id":"uxnuw6ad7hmCkJuEelxt"},{"accountno":"TA-0000004","departmentno":"1","salary":"123455","pincode":"000002","userid":"zkmNMhztAOmjb5NT2cL6","id":"uKa5pEExiGgyhRxCGh3d"},{"accountno":"TA-0000004","departmentno":"1","salary":"123455","pincode":"000002","userid":"zkmNMhztAOmjb5NT2cL6","id":"kgSW6fDS0sWMZb0CYDE7"},{"accountno":"TA-0000004","departmentno":"1","salary":"123455","pincode":"000002","userid":"zkmNMhztAOmjb5NT2cL6","id":"gkdOgiPoW161nlIQpDwF"},{"accountno":"TA-0000004","departmentno":"1","salary":"123455","pincode":"000002","userid":"zkmNMhztAOmjb5NT2cL6","id":"D2GKnQUxaE0Dmkf4AWJX"},{"accountno":"TA-0000004","departmentno":"1","salary":"123455","pincode":"000002","userid":"zkmNMhztAOmjb5NT2cL6","id":"09DUPCICHXcGhxLdGCzV"},{"accountno":"TA-1122460","departmentno":"9","salary":"400567","pincode":"530016","userid":"yNCXX8NruCfcrpuLyFMc","id":"Hu8qOCqEXDXnXXUOrnJl"},{"accountno":"TA-1122459","departmentno":"9","salary":"400567","pincode":"530016","userid":"yNCXX8NruCfcrpuLyFMc","id":"hXmRdyYFFlDc7Z0jrWYI"},{"accountno":"TA-22061984","departmentno":"1","salary":"4000","pincode":"763291","userid":"xfvwphFcCCoaYVEl5Zb6","id":"0P95wbbLErlyFLGgLNqM"},{"accountno":"TA-22061984","departmentno":"1","salary":"4000","pincode":"763291","userid":"xfvwphFcCCoaYVEl5Zb6","id":"41XYjUDRA2eyrQbsDNnx"},{"accountno":"TA-22061984","departmentno":"1","salary":"4000","pincode":"763291","userid":"xfvwphFcCCoaYVEl5Zb6","id":"yzIW36BKZhuXGbSNyVca"},{"accountno":"TA-22061984","departmentno":"1","salary":"4000","pincode":"763291","userid":"xfvwphFcCCoaYVEl5Zb6","id":"Y0OX9E49avXj4Sce0xYK"},{"accountno":"TA-1122457","departmentno":"9","salary":"450456","pincode":"530016","userid":"zkmNMhztAOmjb5NT2cL6","id":"JwXxpRt5t1sj7zSM0iNT"},{"accountno":"TA-1818188","departmentno":"1","salary":"","pincode":"","userid":"9ATDdiU55R3Axp8t2Wdw","id":"r3Embu1095841vFbFqHf"},{"accountno":"TA-0206193","departmentno":"123","salary":"1000000","pincode":"2555555","userid":"9ATDdiU55R3Axp8t2Wdw","id":"huLdQ824LCrhWSsxh42N"},{"accountno":"TA-261","departmentno":"1","salary":"1000000","pincode":"2555555","userid":"9ATDdiU55R3Axp8t2Wdw","id":"NIsdZ54RdFPmo5rk5o46"},{"accountno":"TA-0000004","departmentno":"1","salary":"1","pincode":"000002","userid":"zkmNMhztAOmjb5NT2cL6","id":"YIAhHRPQzXzWp7ldO76P"},{"accountno":"TA-1122456","departmentno":8,"salary":4564874,"pincode":530016,"userid":"yNCXX8NruCfcrpuLyFMc","id":"mTMIbYwz3JdEabA7lHpG"},{"accountno":"TA-0000004","departmentno":"1","salary":"1","pincode":"000002","userid":"zkmNMhztAOmjb5NT2cL6","id":"iXkjfDuTtZdCjPjuXiR7"},{"accountno":"11111115","departmentno":"1","salary":"100011","pincode":"612000","userid":"m2IUsx9bvgkVwCXIt2Lg","id":"L1hdKABplaRxdzf5Pbao"},{"accountno":"22222222","departmentno":"2","salary":"500000","pincode":"612001","userid":"m2IUsx9bvgkVwCXIt2Lg","id":"nrrTE3af9P34zM8VWQJo"},{"accountno":"11111111","departmentno":"1","salary":"100011","pincode":"612000","userid":"m2IUsx9bvgkVwCXIt2Lg","id":"eSscmt7kpvaPpCtYbPQd"},{"accountno":"TA-0000004","departmentno":"1","salary":"1","pincode":"000002","userid":"zkmNMhztAOmjb5NT2cL6","id":"3NitZfBDnrmYI9QHMQpS"},{"accountno":"22222222","departmentno":"2","salary":"500000","pincode":"612001","userid":"m2IUsx9bvgkVwCXIt2Lg","id":"ImMB5YK6OdvupG0zkqG2"},{"accountno":"11111111","departmentno":"1","salary":"100011","pincode":"612000","userid":"m2IUsx9bvgkVwCXIt2Lg","id":"RyGN3aNEQRmXsYq2zJwL"},{"accountno":"TA-0000004","departmentno":"1","salary":"1","pincode":"000002","userid":"zkmNMhztAOmjb5NT2cL6","id":"qbJZKEcJ47wJvQ05NZQB"},{"accountno":"22222222","departmentno":"2","salary":"500000","pincode":"612001","userid":"m2IUsx9bvgkVwCXIt2Lg","id":"cwZrvUhgAWG8QoyZKJEC"},{"accountno":"11111111","departmentno":"1","salary":"100011","pincode":"612000","userid":"m2IUsx9bvgkVwCXIt2Lg","id":"b0dXdPE3YwWLM3nHzDyU"},{"accountno":"TA-0000004","departmentno":"1","salary":"1","pincode":"000002","userid":"zkmNMhztAOmjb5NT2cL6","id":"PhsoS70zQ9Lu5gVLR6AH"},{"accountno":"22222222","departmentno":"2","salary":"500000","pincode":"612001","userid":"m2IUsx9bvgkVwCXIt2Lg","id":"UwJhIJONmcSr3P5syvzO"},{"accountno":"11111111","departmentno":"1","salary":"100011","pincode":"612000","userid":"m2IUsx9bvgkVwCXIt2Lg","id":"OmmHuH5CqWXvhzeX7Lsq"},{"accountno":"TA-0000004","departmentno":"1","salary":"1","pincode":"000002","userid":"zkmNMhztAOmjb5NT2cL6","id":"YMm0fm9DZcAy6dB9mz5i"},{"accountno":"TA-0000004","departmentno":"1","salary":"1","pincode":"000002","userid":"zkmNMhztAOmjb5NT2cL6","id":"3fPgO6zBtI7MSUgnljJn"},{"accountno":"22222222","departmentno":"2","salary":"500000","pincode":"612001","userid":"m2IUsx9bvgkVwCXIt2Lg","id":"xtW9humZXrRHXrEfnok9"},{"accountno":"11111111","departmentno":"1","salary":"100011","pincode":"612000","userid":"m2IUsx9bvgkVwCXIt2Lg","id":"CR7BgaweZmBH56DJoy75"},{"accountno":"22222222","departmentno":"2","salary":"500000","pincode":"612001","userid":"m2IUsx9bvgkVwCXIt2Lg","id":"ta2wMj8EACQqJJY4ppto"},{"accountno":"11111111","departmentno":"1","salary":"100011","pincode":"612000","userid":"m2IUsx9bvgkVwCXIt2Lg","id":"2vtBBcdrBd9waQzKJSyP"},{"accountno":"22222222","departmentno":"2","salary":"500000","pincode":"612001","userid":"m2IUsx9bvgkVwCXIt2Lg","id":"Tntuxtv49ykRoqD1O8eX"},{"accountno":"11111111","departmentno":"1","salary":"100011","pincode":"612000","userid":"m2IUsx9bvgkVwCXIt2Lg","id":"6ZLalQQR0Xt7LLyEHeE4"},{"accountno":"22222222","departmentno":"2","salary":"500000","pincode":"612001","userid":"m2IUsx9bvgkVwCXIt2Lg","id":"1qFiSFUzttifFD3K9BHH"},{"accountno":"11111111","departmentno":"1","salary":"100011","pincode":"612000","userid":"m2IUsx9bvgkVwCXIt2Lg","id":"6ggn5xWNSWlqJkpoKm1N"},{"accountno":"22222222","departmentno":"2","salary":"500000","pincode":"612001","userid":"m2IUsx9bvgkVwCXIt2Lg","id":"qHrBvozCEY4P11Hti2u4"},{"accountno":"11111111","departmentno":"1","salary":"100011","pincode":"612000","userid":"m2IUsx9bvgkVwCXIt2Lg","id":"nF1GTWo9FLV7YJGxUDQ3"},{"accountno":"22222222","departmentno":"2","salary":"500000","pincode":"612001","userid":"m2IUsx9bvgkVwCXIt2Lg","id":"RW5B1ngET0uEEBUXRBcq"},{"accountno":"11111111","departmentno":"1","salary":"100011","pincode":"612000","userid":"m2IUsx9bvgkVwCXIt2Lg","id":"hXrlkuN5603AFYzVFFPe"},{"accountno":"22222222","departmentno":"2","salary":"500000","pincode":"612001","userid":"m2IUsx9bvgkVwCXIt2Lg","id":"zbQpaFfRUtQyfyx7aYli"},{"accountno":"11111111","departmentno":"1","salary":"100011","pincode":"612000","userid":"m2IUsx9bvgkVwCXIt2Lg","id":"UGxg4RQBNVpILh8RGODg"},{"accountno":"TA-1122456","departmentno":"9","salary":"4564874","pincode":"530016","userid":"yNCXX8NruCfcrpuLyFMc","id":"qkj9PHAKQgHJlqNGq6Bg"},{"accountno":"TA-3333333","departmentno":3,"salary":3,"pincode":333333,"userid":"5peqXdShya0PTZrXGvCk","id":"zCzXqQ1MTyz57clb9nFD"},{"accountno":"TA-3333333","departmentno":3,"salary":3,"pincode":333333,"userid":"5peqXdShya0PTZrXGvCk","id":"VaVKNfpNLrloVU8nwIOx"},{"accountno":"TA-3333333","departmentno":3,"salary":3,"pincode":333333,"userid":"5peqXdShya0PTZrXGvCk","id":"It4VqSbPxHERx3Z7BiqP"},{"accountno":"TA-000000","departmentno":3,"salary":3,"pincode":333333,"userid":"5peqXdShya0PTZrXGvCk","id":"3znW1D8J3urzEZcwKspM"},{"accountno":"TA-000000","departmentno":3,"salary":3,"pincode":333333,"userid":"5peqXdShya0PTZrXGvCk","id":"zLTEkf37HWvY4Gw4oSX2"},{"accountno":"TA-000000","departmentno":3,"salary":3,"pincode":333333,"userid":"5peqXdShya0PTZrXGvCk","id":"M8u1pOFafqblJHZZc1G9"},{"accountno":"TA-000000","departmentno":3,"salary":3,"pincode":333333,"userid":"5peqXdShya0PTZrXGvCk","id":"XnYNWG7nfS6n1AcJRP6Z"},{"accountno":"TA-000000","departmentno":3,"salary":3,"pincode":333333,"userid":"5peqXdShya0PTZrXGvCk","id":"vDE1H3z1UL722CpSowcd"},{"accountno":"TA-000000","departmentno":3,"salary":3,"pincode":333333,"userid":"5peqXdShya0PTZrXGvCk","id":"vGhmKmpUW6Z3Mv13ynAc"},{"accountno":"TA-3333333","departmentno":3,"salary":3,"pincode":333333,"userid":"5peqXdShya0PTZrXGvCk","id":"KgaGwjsHerPePJm8RoM8"},{"accountno":"TA-3333333","departmentno":3,"salary":3,"pincode":333333,"userid":"5peqXdShya0PTZrXGvCk","id":"gFdxfr7TqXYZdzFccjfx"},{"accountno":"TA-3333333","departmentno":3,"salary":3,"pincode":333333,"userid":"5peqXdShya0PTZrXGvCk","id":"sXYjRuvkFWHMFTm8g8Zj"},{"accountno":"TA-3333333","departmentno":3,"salary":3,"pincode":333333,"userid":"5peqXdShya0PTZrXGvCk","id":"xviFaXnO0wllkRhlM0js"},{"accountno":"TA-3333333","departmentno":3,"salary":3,"pincode":333333,"userid":"5peqXdShya0PTZrXGvCk","id":"XAhyoPgHjVvbIAoUM2A9"},{"accountno":"TA-3333333","departmentno":3,"salary":3,"pincode":333333,"userid":"5peqXdShya0PTZrXGvCk","id":"brqTIofB1Q8BZMnvkZqH"},{"accountno":"TA-3333333","departmentno":3,"salary":3,"pincode":333333,"userid":"5peqXdShya0PTZrXGvCk","id":"Y167rx0XCWSkdPHtKtcV"},{"accountno":" ","departmentno":" ","salary":"3","pincode":" ","userid":"5peqXdShya0PTZrXGvCk","id":"YDxKthumWJQFH9q8hiHK"},{"accountno":"TA-3333333","departmentno":3,"salary":3,"pincode":333333,"userid":"5peqXdShya0PTZrXGvCk","id":"yrAv7stmM0XlNNlWoGcI"},{"accountno":"TA-3333333","departmentno":3,"salary":3,"pincode":333333,"userid":"5peqXdShya0PTZrXGvCk","id":"K13AZFk21Lf8p5yCHWFp"},{"accountno":"TA-3333333","departmentno":3,"salary":3,"pincode":333333,"userid":"5peqXdShya0PTZrXGvCk","id":"mxDT8akrct41mDy2ziLR"},{"accountno":"TA-3333333","departmentno":3,"salary":3,"pincode":333333,"userid":"5peqXdShya0PTZrXGvCk","id":"M2s80DxJLyyd3CyJYYVt"},{"accountno":"99999123","departmentno":"1","salary":"5333","pincode":"901234","userid":"Zkr5GwJhXN3dOEP2fImf","id":"yjZtvWnGOQQRxQYvUVGb"},{"accountno":"88884491","departmentno":"1","salary":"4000","pincode":"763291","userid":"Zkr5GwJhXN3dOEP2fImf","id":"fjDCPO2EgrdJMwXWoROV"},{"accountno":"TA-0000004","departmentno":"1","salary":"1325604","pincode":"000002","userid":"zkmNMhztAOmjb5NT2cL6","id":"yowhEN6mjKqw6OnRqxB1"},{"accountno":"TA-0000004","departmentno":"1","salary":"1","pincode":"000002","userid":"zkmNMhztAOmjb5NT2cL6","id":"ZINc1vLIzMjxvy0exSVc"},{"accountno":"01234567","departmentno":"2","salary":"6235873","pincode":"012345","userid":"udhBK3zB8LiJm9Crv8KY","id":"KqIBApdEx4UMFF5VfkmS"},{"accountno":"11100023","departmentno":"1","salary":"019838764","pincode":"111222","userid":"udhBK3zB8LiJm9Crv8KY","id":"WzDuT4ZCa2NOtCxNzJBl"},{"accountno":"91233478","departmentno":"5","salary":"5000","pincode":"349012","userid":"UbzKln8jt3iwGZ5iKVw2","id":"7D0KPO3wphMnEQMy2TlO"},{"accountno":"65478978","departmentno":"5","salary":"8000","pincode":"65987","userid":"UbzKln8jt3iwGZ5iKVw2","id":"dbWceQoTKIeJML224tPr"},{"accountno":"91233478","departmentno":"5","salary":"5000","pincode":"901234","userid":"UbzKln8jt3iwGZ5iKVw2","id":"Yz3dRmnfS4avRMwIQUH5"},{"accountno":"45678978","departmentno":"5","salary":"8000","pincode":"98765","userid":"UbzKln8jt3iwGZ5iKVw2","id":"0cAzNKgQlllE3tPNgzEk"},{"accountno":"91233478","departmentno":"5","salary":"5000","pincode":"349012","userid":"UbzKln8jt3iwGZ5iKVw2","id":"tu9hgqcJVLWmQtp46PQM"},{"accountno":"65478978","departmentno":"5","salary":"8000","pincode":"65987","userid":"UbzKln8jt3iwGZ5iKVw2","id":"zsbfWI3PWrkymA36toHy"},{"accountno":"91233478","departmentno":"5","salary":"5000","pincode":"901234","userid":"UbzKln8jt3iwGZ5iKVw2","id":"jhviNC4FCsWlX683nhSQ"},{"accountno":"45678978","departmentno":"5","salary":"8000","pincode":"98765","userid":"UbzKln8jt3iwGZ5iKVw2","id":"SdcOSBEhXyw2RwAlvzH0"},{"accountno":"TA-0000000","departmentno":"2","salary":"2","pincode":"222222","userid":"5peqXdShya0PTZrXGvCk","id":"pNzVwZbv3QDsJDSOwvxD"},{"accountno":" ","departmentno":" ","salary":"3","pincode":" ","userid":"5peqXdShya0PTZrXGvCk","id":"FOIv12zi44g6cXYYTngl"},{"accountno":"TA-3333333","departmentno":3,"salary":3,"pincode":333333,"userid":"5peqXdShya0PTZrXGvCk","id":"vhE19HsBFstnCDpnB2px"},{"accountno":" ","departmentno":" ","salary":"3","pincode":" ","userid":"5peqXdShya0PTZrXGvCk","id":"UTnX7IajHybtyzpVY7uF"},{"accountno":"TA-3333333","departmentno":3,"salary":3,"pincode":333333,"userid":"5peqXdShya0PTZrXGvCk","id":"q2R3h6U79EJVJ61qA3MB"},{"accountno":" ","departmentno":" ","salary":"3","pincode":" ","userid":"5peqXdShya0PTZrXGvCk","id":"S1IjCFVoRQGStAnxU7yR"},{"accountno":"TA-3333333","departmentno":3,"salary":3,"pincode":333333,"userid":"5peqXdShya0PTZrXGvCk","id":"k6pBx0aMWvv7k3FYJb6K"},{"accountno":"TA-3333333","departmentno":3,"salary":3,"pincode":333333,"userid":"5peqXdShya0PTZrXGvCk","id":"3mw9LpzWbaaQmpB0W98m"},{"accountno":" ","departmentno":" ","salary":"3","pincode":" ","userid":"5peqXdShya0PTZrXGvCk","id":"OCIhxjGoWCU5IImDomrK"},{"accountno":"TA-3333333","departmentno":3,"salary":3,"pincode":333333,"userid":"5peqXdShya0PTZrXGvCk","id":"D0nxdANX09izls04QkpL"},{"accountno":" ","departmentno":" ","salary":"3","pincode":" ","userid":"5peqXdShya0PTZrXGvCk","id":"xDDKqaBN5iYfmPTEvFFY"},{"accountno":"TA-3333333","departmentno":3,"salary":3,"pincode":333333,"userid":"5peqXdShya0PTZrXGvCk","id":"jWEncmOPLdOdNpyx0F7I"},{"accountno":" ","departmentno":" ","salary":"3","pincode":" ","userid":"5peqXdShya0PTZrXGvCk","id":"ZJzZEunl83NfYDvhxx8G"},{"accountno":"TA-3333333","departmentno":3,"salary":3,"pincode":333333,"userid":"5peqXdShya0PTZrXGvCk","id":"8WAleLG6Mhzf8GOwmXV0"},{"accountno":" ","departmentno":" ","salary":"3","pincode":" ","userid":"5peqXdShya0PTZrXGvCk","id":"UmkQGVdaUS5Mg9VTG1wG"},{"accountno":"TA-3333333","departmentno":3,"salary":3,"pincode":333333,"userid":"5peqXdShya0PTZrXGvCk","id":"X2NEHGQZUT581ZtZEmuO"},{"accountno":" ","departmentno":" ","salary":"3","pincode":" ","userid":"5peqXdShya0PTZrXGvCk","id":"iOv9XJEWhgNE0tL4Bpvt"},{"accountno":"TA-3333333","departmentno":3,"salary":3,"pincode":333333,"userid":"5peqXdShya0PTZrXGvCk","id":"FYDyjvu5iiZiXoUHpPdL"},{"accountno":" ","departmentno":" ","salary":"3","pincode":" ","userid":"5peqXdShya0PTZrXGvCk","id":"cVYHiER75dZZce1X1zWC"},{"accountno":"TA-3333333","departmentno":3,"salary":3,"pincode":333333,"userid":"5peqXdShya0PTZrXGvCk","id":"kFAGyqdjXMVScBIyvTSi"},{"accountno":" ","departmentno":" ","salary":"3","pincode":" ","userid":"5peqXdShya0PTZrXGvCk","id":"Ph2b8sV6juqJpD0w3ksG"},{"accountno":"TA-3333333","departmentno":3,"salary":3,"pincode":333333,"userid":"5peqXdShya0PTZrXGvCk","id":"nr7aFTcWUsnfHwRfjQyB"},{"accountno":" ","departmentno":" ","salary":"3","pincode":" ","userid":"5peqXdShya0PTZrXGvCk","id":"bNmLk8aJVVQg1QCC8zIL"},{"accountno":"TA-3333333","departmentno":3,"salary":3,"pincode":333333,"userid":"5peqXdShya0PTZrXGvCk","id":"QtjsV8W1Dc9ypR5jQQJ5"},{"accountno":" ","departmentno":" ","salary":"3","pincode":" ","userid":"5peqXdShya0PTZrXGvCk","id":"fmw60SJXYNqFCbOXoMsM"},{"accountno":"TA-3333333","departmentno":3,"salary":3,"pincode":333333,"userid":"5peqXdShya0PTZrXGvCk","id":"2Eoqb8NSS3MvfDYfsDBw"},{"accountno":"mnmnmnmnmnmnmn","departmentno":"cdcdcddcd","salary":"bbAAA","pincode":"klmnop ","userid":"5peqXdShya0PTZrXGvCk","id":"tzcU6DQxmP3eNpfGByth"},{"accountno":" ","departmentno":" ","salary":"3","pincode":" ","userid":"5peqXdShya0PTZrXGvCk","id":"v1cgbsxSSuuvHG4eFtua"},{"accountno":"w2w2w2w2w2w2w","departmentno":"d3d3d3d3d","salary":"3AAA","pincode":"32we32ew ","userid":"5peqXdShya0PTZrXGvCk","id":"Cx3iYxAsJqLadiSIjPco"},{"accountno":"TA-3333333","departmentno":3,"salary":3,"pincode":333333,"userid":"5peqXdShya0PTZrXGvCk","id":"liggyWLWykluon4ahVzY"},{"accountno":"w2w2w2w2w2w2w","departmentno":"d3d3d3d3d","salary":"3AAA","pincode":"32we32ew ","userid":"5peqXdShya0PTZrXGvCk","id":"NTXyuHYBcH2OtUufHxsJ"},{"accountno":"TA-3333333","departmentno":3,"salary":3,"pincode":333333,"userid":"5peqXdShya0PTZrXGvCk","id":"8bVTj6b00dLb3b4lQPci"},{"accountno":"w2w2w2w2w2w2w","departmentno":"d3d3d3d3d","salary":"3AAA","pincode":"32we32ew ","userid":"5peqXdShya0PTZrXGvCk","id":"YvzwJVwqRuAWgPXJAPVJ"},{"accountno":"TA-3333333","departmentno":3,"salary":3,"pincode":333333,"userid":"5peqXdShya0PTZrXGvCk","id":"gQWcxYQdoQhveL8AspmU"},{"accountno":"w2w2w2w2w2w2w","departmentno":"d3d3d3d3d","salary":"3AAA","pincode":"32we32ew ","userid":"5peqXdShya0PTZrXGvCk","id":"5VbleNxnUH05UaSI6NQ0"},{"accountno":"TA-3333333","departmentno":3,"salary":3,"pincode":333333,"userid":"5peqXdShya0PTZrXGvCk","id":"JH4RHGzPjl3OxRBpDxOj"},{"accountno":"w2w2w2w2w2w2w","departmentno":"d3d3d3d3d","salary":"3AAA","pincode":"32we32ew ","userid":"5peqXdShya0PTZrXGvCk","id":"tKlwsEuANesCjSmzgOLN"},{"accountno":"TA-3333333","departmentno":3,"salary":3,"pincode":333333,"userid":"5peqXdShya0PTZrXGvCk","id":"n93biBQgwHaArob8QPt1"},{"accountno":"w2w2w2w2w2w2w","departmentno":"d3d3d3d3d","salary":"3AAA","pincode":"32we32ew ","userid":"5peqXdShya0PTZrXGvCk","id":"6ry0LbnUjONYTU5vWBcl"},{"accountno":"TA-3333333","departmentno":3,"salary":3,"pincode":333333,"userid":"5peqXdShya0PTZrXGvCk","id":"9cD3zwGSTbAp63J6kDiU"},{"accountno":"w2w2w2w2w2w2w","departmentno":"d3d3d3d3d","salary":"3AAA","pincode":"32we32ew ","userid":"5peqXdShya0PTZrXGvCk","id":"fNDb2Nz9jtGvFv4fTMnt"},{"accountno":"TA-3333333","departmentno":3,"salary":3,"pincode":333333,"userid":"5peqXdShya0PTZrXGvCk","id":"FAsSUZJK4KNiGsxdPowo"},{"accountno":"w2w2w2w2w2w2w","departmentno":"d3d3d3d3d","salary":"3AAA","pincode":"32we32ew ","userid":"5peqXdShya0PTZrXGvCk","id":"3Sxy1pgNkNipkit7KCci"},{"accountno":"TA-3333333","departmentno":3,"salary":3,"pincode":333333,"userid":"5peqXdShya0PTZrXGvCk","id":"GkvlsWs7jwti5RmmQH4D"},{"accountno":"w2w2w2w2w2w2w","departmentno":"d3d3d3d3d","salary":"3AAA","pincode":"32we32ew ","userid":"5peqXdShya0PTZrXGvCk","id":"LmIFz55ao3rVHXZ6N9dC"},{"accountno":"TA-3333333","departmentno":3,"salary":3,"pincode":333333,"userid":"5peqXdShya0PTZrXGvCk","id":"SLQy2H1a1aR82h8oOtCT"},{"accountno":"w2w2w2w2w2w2w","departmentno":"d3d3d3d3d","salary":"3AAA","pincode":"32we32ew ","userid":"5peqXdShya0PTZrXGvCk","id":"0cFfJCEGEUKOekVQEoKP"},{"accountno":"TA-3333333","departmentno":3,"salary":3,"pincode":333333,"userid":"5peqXdShya0PTZrXGvCk","id":"ugkuOuFNFaaNGASnRGEx"},{"accountno":"w2w2w2w2w2w2w","departmentno":"d3d3d3d3d","salary":"3AAA","pincode":"32we32ew ","userid":"5peqXdShya0PTZrXGvCk","id":"h6cBA3abdbK666MIfYBB"},{"accountno":"TA-3333333","departmentno":3,"salary":3,"pincode":333333,"userid":"5peqXdShya0PTZrXGvCk","id":"wsytKwcE4jgllBpvgb2G"},{"accountno":"w2w2w2w2w2w2w","departmentno":"d3d3d3d3d","salary":"3AAA","pincode":"32we32ew ","userid":"5peqXdShya0PTZrXGvCk","id":"hvBbCu6dFNHCJr0myDMH"},{"accountno":"TA-3333333","departmentno":3,"salary":3,"pincode":333333,"userid":"5peqXdShya0PTZrXGvCk","id":"cJEI8TBqOSYQYM7nvBdU"},{"accountno":"w2w2w2w2w2w2w","departmentno":"d3d3d3d3d","salary":"3AAA","pincode":"32we32ew ","userid":"5peqXdShya0PTZrXGvCk","id":"SL0wWIWxvIvJGDLOOjqW"},{"accountno":"TA-3333333","departmentno":3,"salary":3,"pincode":333333,"userid":"5peqXdShya0PTZrXGvCk","id":"frad38HxP9fF5rRvChe6"},{"accountno":" ","departmentno":" ","salary":"3","pincode":" ","userid":"5peqXdShya0PTZrXGvCk","id":"LWwkVXALzbBk3SQhg99P"},{"accountno":"TA-3333333","departmentno":3,"salary":3,"pincode":333333,"userid":"5peqXdShya0PTZrXGvCk","id":"C0Z2j1iygwwG8t1HOybv"},{"accountno":" ","departmentno":" ","salary":"3","pincode":" ","userid":"5peqXdShya0PTZrXGvCk","id":"cHLeuEylVeERnYghDwTd"},{"accountno":"TA-3333333","departmentno":3,"salary":3,"pincode":333333,"userid":"5peqXdShya0PTZrXGvCk","id":"cU48MYuyL2vDVAdqhtj6"},{"accountno":"TA-3333333","departmentno":3,"salary":3,"pincode":333333,"userid":"5peqXdShya0PTZrXGvCk","id":"H4r9CmVExiSk8CZYAAPR"},{"accountno":"91233478","departmentno":"5","salary":"5000","pincode":"349012","userid":"UbzKln8jt3iwGZ5iKVw2","id":"JRtWVw2RbKBJjZxWRpe6"},{"accountno":"65478978","departmentno":"5","salary":"8000","pincode":"65987","userid":"UbzKln8jt3iwGZ5iKVw2","id":"7tv81OudZBMWmT7vvD0M"},{"accountno":"91233478","departmentno":"5","salary":"5000","pincode":"901234","userid":"UbzKln8jt3iwGZ5iKVw2","id":"h1IxU5AZQkz80rGAt0VS"},{"accountno":"45678978","departmentno":"5","salary":"8000","pincode":"98765","userid":"UbzKln8jt3iwGZ5iKVw2","id":"1GeEIyCRkEdP0Lq5OSkZ"},{"accountno":"91233478","departmentno":"5","salary":"5000","pincode":"349012","userid":"UbzKln8jt3iwGZ5iKVw2","id":"jDimp9cjafXkWi1wtpc4"},{"accountno":"65478978","departmentno":"5","salary":"8000","pincode":"65987","userid":"UbzKln8jt3iwGZ5iKVw2","id":"nKi8hxMPNd1Q744Lb6Ax"},{"accountno":"91233478","departmentno":"5","salary":"5000","pincode":"901234","userid":"UbzKln8jt3iwGZ5iKVw2","id":"Tlfsvpn5ii2QVtjg0R3P"},{"accountno":"45678978","departmentno":"5","salary":"8000","pincode":"98765","userid":"UbzKln8jt3iwGZ5iKVw2","id":"9RUZfnUYtS4ZJ47jmUP9"},{"accountno":"TA-3333333","departmentno":3,"salary":3,"pincode":333333,"userid":"5peqXdShya0PTZrXGvCk","id":"Wv1invHNjYmTw0QzxPrZ"},{"accountno":"91233478","departmentno":"5","salary":"5000","pincode":"349012","userid":"UbzKln8jt3iwGZ5iKVw2","id":"QNtWgQqAWXR0lVKKvmzO"},{"accountno":"65478978","departmentno":"5","salary":"8000","pincode":"65987","userid":"UbzKln8jt3iwGZ5iKVw2","id":"1AHFOEdupauDYfMRuDQM"},{"accountno":"91233478","departmentno":"5","salary":"5000","pincode":"901234","userid":"UbzKln8jt3iwGZ5iKVw2","id":"uIugruo4kPA06cYORy9i"},{"accountno":"45678978","departmentno":"5","salary":"8000","pincode":"98765","userid":"UbzKln8jt3iwGZ5iKVw2","id":"3rzy6bDKBM4L3Sgy6e3c"},{"accountno":"91233478","departmentno":"5","salary":"5000","pincode":"349012","userid":"UbzKln8jt3iwGZ5iKVw2","id":"3x7wB67Fs6M36ilxxIdB"},{"accountno":"65478978","departmentno":"5","salary":"8000","pincode":"65987","userid":"UbzKln8jt3iwGZ5iKVw2","id":"9TAvQueTaxBDPoHkUiCY"},{"accountno":"91233478","departmentno":"5","salary":"5000","pincode":"901234","userid":"UbzKln8jt3iwGZ5iKVw2","id":"4TVGZQO6Jhul0asExPHx"},{"accountno":"45678978","departmentno":"5","salary":"8000","pincode":"98765","userid":"UbzKln8jt3iwGZ5iKVw2","id":"JBRrxZAjxe2wwumpyMsV"},{"accountno":"TA-1234567","departmentno":"1","salary":"3","pincode":"222222","userid":"d966psJS1G0lXYaj5GZJ","id":"CvokD9j3MIaUvbMsI7ND"},{"accountno":"TA-1237899","departmentno":"4","salary":"333","pincode":"141010","userid":"d966psJS1G0lXYaj5GZJ","id":"ssMzX1tRwpUNixteB5a6"},{"accountno":"TA-1234546","departmentno":"3","salary":"333","pincode":"142022","userid":"d966psJS1G0lXYaj5GZJ","id":"QW2f5wXlObIYLxlyW0AN"},{"accountno":"TA-1818188","departmentno":"1","salary":"","pincode":"","userid":"9ATDdiU55R3Axp8t2Wdw","id":"CEN3JGLQ1PLVkikw1i2y"},{"accountno":"TA-0206193","departmentno":"123","salary":"1000000","pincode":"2555555","userid":"9ATDdiU55R3Axp8t2Wdw","id":"Mhgo1vgoDOPXACVZfRzm"},{"accountno":"TA-261","departmentno":"1","salary":"1000000","pincode":"2555555","userid":"9ATDdiU55R3Axp8t2Wdw","id":"iEd0hamJdxCquTheCOLn"},{"accountno":"TA-1818188","departmentno":"1","salary":"","pincode":"","userid":"9ATDdiU55R3Axp8t2Wdw","id":"nUbi1XplTydSfRdzbyB0"},{"accountno":"TA-0206193","departmentno":"123","salary":"1000000","pincode":"2555555","userid":"9ATDdiU55R3Axp8t2Wdw","id":"EhXYfDukcDnEdF7VWUAf"},{"accountno":"TA-261","departmentno":"1","salary":"1000000","pincode":"2555555","userid":"9ATDdiU55R3Axp8t2Wdw","id":"biZM0Ss4AJIB8oH4YVN8"},{"accountno":"TA-2610151","departmentno":"1","salary":"1000000","pincode":"2555555","userid":"9ATDdiU55R3Axp8t2Wdw","id":"Q5QfFnhqPI99Xfyou4Cn"},{"accountno":"TA-1818188","departmentno":"1","salary":"","pincode":"","userid":"9ATDdiU55R3Axp8t2Wdw","id":"IOK7X9PNDyaLUgwQgiq1"},{"accountno":"TA-0206193","departmentno":"123","salary":"1000000","pincode":"2555555","userid":"9ATDdiU55R3Axp8t2Wdw","id":"rcS0UJwL4vDFkCEOkj3J"},{"accountno":"TA-261","departmentno":"1","salary":"1000000","pincode":"2555555","userid":"9ATDdiU55R3Axp8t2Wdw","id":"ioeswAEdajwOXk8NB9HA"},{"accountno":"TA-261","departmentno":"1","salary":"1000000","pincode":"2555555","userid":"9ATDdiU55R3Axp8t2Wdw","id":"KhiHsOwyzCgIXPPCFSUL"},{"accountno":"TA-0206193","departmentno":"123","salary":"1000000","pincode":"2555555","userid":"9ATDdiU55R3Axp8t2Wdw","id":"ex5pVtmnr3L5ZYTRJVkz"},{"accountno":"TA-261","departmentno":"1","salary":"1000000","pincode":"2555555","userid":"9ATDdiU55R3Axp8t2Wdw","id":"tNIMxv7YbjIQes3o8wTZ"},{"accountno":"TA-261","departmentno":"1","salary":"1000000","pincode":"2555555","userid":"9ATDdiU55R3Axp8t2Wdw","id":"WwnNzTYr0bxS2TiqCQRC"},{"accountno":"TA-261","departmentno":"1","salary":"1000000","pincode":"2555555","userid":"9ATDdiU55R3Axp8t2Wdw","id":"dt3c4RRmVvEJeBwk8Hff"},{"accountno":"TA-2610151","departmentno":"1","salary":"1000000","pincode":"2555555","userid":"9ATDdiU55R3Axp8t2Wdw","id":"b0oPZ5oueQmdUWtgbAFE"},{"accountno":"TA-2610151","departmentno":"1","salary":"1000000","pincode":"2555555","userid":"9ATDdiU55R3Axp8t2Wdw","id":"X9XqHfmMx6nZg5KeA0E5"},{"accountno":"59192356","departmentno":"1","salary":"61200","pincode":"560064","userid":"STPlkSG4zB7TihoZ78KK","id":"ty8kq1pY6W7VAuqUMPE3"},{"accountno":"@#$%^&*","departmentno":"Ganges11","salary":"@#$%^&*","pincode":"!~!~!~","userid":"5peqXdShya0PTZrXGvCk","id":"S4pTNDnbewMDsYJyPmJ7"},{"accountno":"TA-3333333","departmentno":"3","salary":"3","pincode":"333333","userid":"5peqXdShya0PTZrXGvCk","id":"v5FyiEbMCb9kk2OVujWd"},{"accountno":"@#$%^&*","departmentno":"Ganges11","salary":"@#$%^&*","pincode":"!~!~!~","userid":"5peqXdShya0PTZrXGvCk","id":"d938DttTezhpIJZUr4qb"},{"accountno":"TA-3333333","departmentno":"3","salary":"3","pincode":"333333","userid":"5peqXdShya0PTZrXGvCk","id":"uqBgd80hDl6Mpxxw2TYS"},{"accountno":"@#$%^&*","departmentno":"Ganges11","salary":"@#$%^&*","pincode":"!~!~!~","userid":"5peqXdShya0PTZrXGvCk","id":"NmD7T3bNYPPZ4fMNUsM4"},{"accountno":"TA-3333333","departmentno":"3","salary":"3","pincode":"333333","userid":"5peqXdShya0PTZrXGvCk","id":"He5ZJvOCy9hsTqgHt2Uz"},{"accountno":"@#$%^&*","departmentno":"Ganges11","salary":"@#$%^&*","pincode":"!~!~!~","userid":"5peqXdShya0PTZrXGvCk","id":"YM4ZRnuBzx5yD7x7C6y6"},{"accountno":"TA-3333333","departmentno":"3","salary":"3","pincode":"333333","userid":"5peqXdShya0PTZrXGvCk","id":"418TqHmm5KAPF186gD1E"},{"accountno":"@#$%^&*","departmentno":"Ganges11","salary":"@#$%^&*","pincode":"!~!~!~","userid":"5peqXdShya0PTZrXGvCk","id":"EX7EgRq5gzcDTO79Z8Pj"},{"accountno":"TA-3333333","departmentno":"3","salary":"3","pincode":"333333","userid":"5peqXdShya0PTZrXGvCk","id":"AoYsb9RKvNTWMQvajy5l"},{"accountno":"@#$%^&*","departmentno":"Ganges11","salary":"@#$%^&*","pincode":"!~!~!~","userid":"5peqXdShya0PTZrXGvCk","id":"1Uoy2V19hHchvM9H8h56"},{"accountno":"TA-3333333","departmentno":"3","salary":"3","pincode":"333333","userid":"5peqXdShya0PTZrXGvCk","id":"qFSMuxr9qMNBrjrDUwfq"},{"accountno":"@#$%^&*","departmentno":"Ganges11","salary":"@#$%^&*","pincode":"!~!~!~","userid":"5peqXdShya0PTZrXGvCk","id":"qfBxD80HDuBx2pPqfu0R"},{"accountno":"TA-3333333","departmentno":"3","salary":"3","pincode":"333333","userid":"5peqXdShya0PTZrXGvCk","id":"BQP6JjxsC8o7yoB634ns"},{"accountno":"@#$%^&*","departmentno":"Ganges11","salary":"@#$%^&*","pincode":"!~!~!~","userid":"5peqXdShya0PTZrXGvCk","id":"wBE9favzArWos6d4JV5e"},{"accountno":"TA-3333333","departmentno":"3","salary":"3","pincode":"333333","userid":"5peqXdShya0PTZrXGvCk","id":"MYPMjDNxooiD8xJXCjLE"},{"accountno":"TA-1000034","departmentno":"19","salary":"20000","pincode":"600005","userid":"J6orzdRaQ0UoDrwOnCQw","id":"Nk2zU851nXToeZly4gGs"},{"accountno":"@#$%^&*","departmentno":"Ganges11","salary":"@#$%^&*","pincode":"!~!~!~","userid":"5peqXdShya0PTZrXGvCk","id":"jNrtmgAVkQQT9QJn24R1"},{"accountno":"TA-3333333","departmentno":"3","salary":"3","pincode":"333333","userid":"5peqXdShya0PTZrXGvCk","id":"PwnwZK0xnIApSrlEp7QI"},{"accountno":"@#$%^&*","departmentno":"Ganges11","salary":"@#$%^&*","pincode":"!~!~!~","userid":"5peqXdShya0PTZrXGvCk","id":"waJCCTlJ0g4n9QAftSub"},{"accountno":"TA-3333333","departmentno":"3","salary":"3","pincode":"333333","userid":"5peqXdShya0PTZrXGvCk","id":"iYaf3G1GhvkRwH3QTYoV"},{"accountno":"91233478","departmentno":"5","salary":"5000","pincode":"349012","userid":"UbzKln8jt3iwGZ5iKVw2","id":"daimN9aFvCmHWZZU9Gpv"},{"accountno":"65478978","departmentno":"5","salary":"8000","pincode":"65987","userid":"UbzKln8jt3iwGZ5iKVw2","id":"WBgqMriVPhYMeHcIOjh7"},{"accountno":"91233478","departmentno":"5","salary":"5000","pincode":"901234","userid":"UbzKln8jt3iwGZ5iKVw2","id":"KHaGh1MTFyRoKWlvf0mB"},{"accountno":"45678978","departmentno":"5","salary":"8000","pincode":"98765","userid":"UbzKln8jt3iwGZ5iKVw2","id":"UY62ggOlzC8X0wCOqrSn"},{"accountno":"91233478","departmentno":"5","salary":"5000","pincode":"349012","userid":"UbzKln8jt3iwGZ5iKVw2","id":"iiyXFhb0sIZ8zxwN3lzL"},{"accountno":"65478978","departmentno":"5","salary":"8000","pincode":"65987","userid":"UbzKln8jt3iwGZ5iKVw2","id":"BPNMLIR13naxW3A5DApF"},{"accountno":"91233478","departmentno":"5","salary":"5000","pincode":"901234","userid":"UbzKln8jt3iwGZ5iKVw2","id":"b0C6xTv9PrFAxKk77nSx"},{"accountno":"45678978","departmentno":"5","salary":"8000","pincode":"98765","userid":"UbzKln8jt3iwGZ5iKVw2","id":"lXdvcgZCIXXgIt2m0mdU"},{"accountno":"91233478","departmentno":"5","salary":"5000","pincode":"349012","userid":"UbzKln8jt3iwGZ5iKVw2","id":"wJNlCHHeFLyadBOIuQEq"},{"accountno":"65478978","departmentno":"5","salary":"8000","pincode":"65987","userid":"UbzKln8jt3iwGZ5iKVw2","id":"dNFQCZZmGHecDCBmvMNT"},{"accountno":"91233478","departmentno":"5","salary":"5000","pincode":"901234","userid":"UbzKln8jt3iwGZ5iKVw2","id":"Yj5N1i5qhm2FQACpRrNK"},{"accountno":"45678978","departmentno":"5","salary":"8000","pincode":"98765","userid":"UbzKln8jt3iwGZ5iKVw2","id":"tQZ9hRflNqxA8W9ET0kz"},{"accountno":"TA-9610159","departmentno":"19","salary":"20000","pincode":"600005","userid":"J6orzdRaQ0UoDrwOnCQw","id":"kl3RLdUTbRmer0eTfazP"},{"accountno":"TA-2610151","departmentno":"1","salary":"1000000","pincode":"2555555","userid":"9ATDdiU55R3Axp8t2Wdw","id":"eJZBYvn0yK10b4iExa3l"},{"accountno":"TA-2610151","departmentno":"1","salary":"1000000","pincode":"2555555","userid":"9ATDdiU55R3Axp8t2Wdw","id":"XNptBBMj7QWp3WSfo9zR"},{"accountno":"TA-3008154","departmentno":"1","salary":"1000000","pincode":"2555555","userid":"9ATDdiU55R3Axp8t2Wdw","id":"cU9QkVusbnpl87YvlJUe"},{"accountno":"TA-0000000","departmentno":"3","salary":"3","pincode":"111111","userid":"HnEhoD02hv6iZxEBX4ni","id":"DPeVxnZTPGITHGZxg86o"},{"accountno":"2222222222","departmentno":"3","salary":"222222","pincode":"222222","userid":"YX2K8JJ205ix7q0MC7jw","id":"g9B23E23IvakDgcRrUad"},{"accountno":"TA-12345678","departmentno":"3","salary":"15000","pincode":"456321","userid":"zkmNMhztAOmjb5NT2cL6","id":"5Z37b2hdsyLSWTESybFS"},{"accountno":"TA-sdsbhbh","departmentno":"2","salary":"djdbbhbhbhb","pincode":"122121","userid":"5peqXdShya0PTZrXGvCk","id":"4Vis93yKgPUB2AS39SVp"},{"accountno":"TA-20000011","departmentno":"2","salary":"200000","pincode":"211111","userid":"m2IUsx9bvgkVwCXIt2Lg","id":"VtZVrgWLpLNZRJ0OzNDk"},{"accountno":"TA-10000011","departmentno":"1","salary":"100000","pincode":"111111","userid":"m2IUsx9bvgkVwCXIt2Lg","id":"tNlDgXLXjWVss20jJtHo"},{"accountno":"TA-4444444","departmentno":"4","salary":"4444","pincode":"444444","userid":"UbzKln8jt3iwGZ5iKVw2","id":"NMtJsRgnIRbUhmqVp6cS"},{"accountno":"TA-10000001","departmentno":"1","salary":"100000","pincode":"111111","userid":"m2IUsx9bvgkVwCXIt2Lg","id":"RGW6W6cxu5D0ZzJrTjc5"},{"accountno":"TA-10000001","departmentno":"1","salary":"100000","pincode":"111111","userid":"m2IUsx9bvgkVwCXIt2Lg","id":"tymJaSCZHYcIoLzu88g9"},{"accountno":"91233478","departmentno":"5","salary":"5000","pincode":"349012","userid":"UbzKln8jt3iwGZ5iKVw2","id":"q4d0kFrAzoqwEoUqOLLJ"},{"accountno":"65478978","departmentno":"5","salary":"8000","pincode":"65987","userid":"UbzKln8jt3iwGZ5iKVw2","id":"mQe2awGkWGJALmljdtgy"},{"accountno":"91233478","departmentno":"5","salary":"5000","pincode":"901234","userid":"UbzKln8jt3iwGZ5iKVw2","id":"M3FEPoKtqM26k67eKuyY"},{"accountno":"45678978","departmentno":"5","salary":"8000","pincode":"98765","userid":"UbzKln8jt3iwGZ5iKVw2","id":"wpQ1kfaMZ73wAmN2MJUc"},{"accountno":"91233478","departmentno":"5","salary":"5000","pincode":"349012","userid":"UbzKln8jt3iwGZ5iKVw2","id":"QPNfzFHZJTk82FhaNqxy"},{"accountno":"65478978","departmentno":"5","salary":"8000","pincode":"65987","userid":"UbzKln8jt3iwGZ5iKVw2","id":"3OvfFwCWNvXX8gF9Ynj8"},{"accountno":"91233478","departmentno":"5","salary":"5000","pincode":"901234","userid":"UbzKln8jt3iwGZ5iKVw2","id":"CGBNuQ62VhW1mDSY4Fuk"},{"accountno":"45678978","departmentno":"5","salary":"8000","pincode":"98765","userid":"UbzKln8jt3iwGZ5iKVw2","id":"ewAecR5n6R8plfKUKj3r"},{"accountno":"@#$%^&*","departmentno":"Ganges11","salary":"@#$%^&*","pincode":"!~!~!~","userid":"5peqXdShya0PTZrXGvCk","id":"NilfFlS0apQC33K2PhKp"},{"accountno":"TA-3333333","departmentno":"3","salary":"3","pincode":"333333","userid":"5peqXdShya0PTZrXGvCk","id":"IPwGWhDpKLLk6r9vjog4"},{"accountno":"Nile1111Zambazi","departmentno":"Ganges11","salary":"Amazon11","pincode":"Congo11","userid":"5peqXdShya0PTZrXGvCk","id":"VwBjoJJxf7ik7ASh1jBf"},{"accountno":"TA-3333333","departmentno":"3","salary":"3","pincode":"333333","userid":"5peqXdShya0PTZrXGvCk","id":"rooU2J90mMn7FDjCVi5S"},{"accountno":"Nile1111","departmentno":"Ganges11","salary":"Amazon11","pincode":"Congo11","userid":"5peqXdShya0PTZrXGvCk","id":"iqVK9UmGc7QnIMoDPJgW"},{"accountno":"TA-3333333","departmentno":"3","salary":"3","pincode":"333333","userid":"5peqXdShya0PTZrXGvCk","id":"ukMUURkOuBcoegZKdLLG"},{"accountno":"Nile1111","departmentno":"Ganges11","salary":"Amazon11","pincode":"Congo11","userid":"5peqXdShya0PTZrXGvCk","id":"W8f8V9b9nnbsDXhU3rK0"},{"accountno":"TA-3333333","departmentno":"3","salary":"3","pincode":"333333","userid":"5peqXdShya0PTZrXGvCk","id":"7S7o67co2lKse88Vo8IG"},{"accountno":"Nile","departmentno":"Ganges","salary":"Amazon","pincode":"Congo","userid":"5peqXdShya0PTZrXGvCk","id":"aJuMqbqKTZJ34E6rlJjk"},{"accountno":"TA-3333333","departmentno":"3","salary":"3","pincode":"333333","userid":"5peqXdShya0PTZrXGvCk","id":"kxwX4cA3xHtsFCZUBVYy"},{"accountno":"Nile","departmentno":"Ganges","salary":"Amazon","pincode":"Congo","userid":"5peqXdShya0PTZrXGvCk","id":"QCJLoVjiFLFATAyX3FYb"},{"accountno":"TA-3333333","departmentno":"3","salary":"3","pincode":"333333","userid":"5peqXdShya0PTZrXGvCk","id":"X7DgQqUJp2hmxCooNSGv"},{"accountno":"TA-3cdfdfdfdfd3333","departmentno":"3AAAA","salary":"Amazon","pincode":"333333","userid":"5peqXdShya0PTZrXGvCk","id":"4B8zkinnzLChvovsS5pT"},{"accountno":"TA-3333333","departmentno":"3","salary":"3","pincode":"333333","userid":"5peqXdShya0PTZrXGvCk","id":"FGsNGsPn673RQvaMhWve"},{"accountno":"TA-3cdfdfdfdfd3333","departmentno":"3AAAA","salary":"3","pincode":"333333","userid":"5peqXdShya0PTZrXGvCk","id":"q8Gf8fNOQF1ShT6rId5J"},{"accountno":"TA-3333333","departmentno":"3","salary":"3","pincode":"333333","userid":"5peqXdShya0PTZrXGvCk","id":"Zi8bWXB19DUAkTHgMiaZ"},{"accountno":"TA-3cdfdfdfdfd3333","departmentno":"3","salary":"3","pincode":"333333","userid":"5peqXdShya0PTZrXGvCk","id":"DlhQdDEuRAqxrFrrbUEj"},{"accountno":"TA-3333333","departmentno":"3","salary":"3","pincode":"333333","userid":"5peqXdShya0PTZrXGvCk","id":"TDwjVoW2h198dn488Tkd"},{"accountno":"91233478","departmentno":"5","salary":"5000","pincode":"349012","userid":"UbzKln8jt3iwGZ5iKVw2","id":"hCaUfDYyS524HxDcwX0l"},{"accountno":"65478978","departmentno":"5","salary":"8000","pincode":"65987","userid":"UbzKln8jt3iwGZ5iKVw2","id":"aGggi3P9o3bi2Di5i0ot"},{"accountno":"91233478","departmentno":"5","salary":"5000","pincode":"901234","userid":"UbzKln8jt3iwGZ5iKVw2","id":"vNOAmeLJry5u0tnfUh0I"},{"accountno":"45678978","departmentno":"5","salary":"8000","pincode":"98765","userid":"UbzKln8jt3iwGZ5iKVw2","id":"QsHbX7fuNuruYM8Ofyxz"},{"accountno":"91233478","departmentno":"5","salary":"5000","pincode":"349012","userid":"UbzKln8jt3iwGZ5iKVw2","id":"8WW8SlkaEhG1ENMBmoBV"},{"accountno":"65478978","departmentno":"5","salary":"8000","pincode":"65987","userid":"UbzKln8jt3iwGZ5iKVw2","id":"62dnCh7FXAxgysK9eoIc"},{"accountno":"91233478","departmentno":"5","salary":"5000","pincode":"901234","userid":"UbzKln8jt3iwGZ5iKVw2","id":"BPGU6Alv06tBMC4xfHm9"},{"accountno":"45678978","departmentno":"5","salary":"8000","pincode":"98765","userid":"UbzKln8jt3iwGZ5iKVw2","id":"sWGZbFcPZYbaTH4jNdSO"},{"accountno":"TA-0606130","departmentno":"1","salary":"1000000","pincode":"380013","userid":"9ATDdiU55R3Axp8t2Wdw","id":"zW5UX5Nddwd9GtS20VFh"},{"accountno":"TA-0606130","departmentno":"1","salary":"1000000","pincode":"380013","userid":"y4EGNLRjrgtEjC6KVUVR","id":"AA1yIk4vAGSVNfcm4pC8"},{"accountno":"TA-0606130","departmentno":"1","salary":"1000000","pincode":"380013","userid":"y4EGNLRjrgtEjC6KVUVR","id":"D346rmehcQiSyoZ84pzk"},{"accountno":"TA-1212123","departmentno":"1","salary":"100000","pincode":"100000","userid":"9ATDdiU55R3Axp8t2Wdw","id":"rsNTDgVMomfifHPTL4KP"},{"accountno":"TA-0606130","departmentno":"1","salary":"1000000","pincode":"380013","userid":"y4EGNLRjrgtEjC6KVUVR","id":"m8I4q45nQZb8ISrUcmun"},{"accountno":"TA-3333333","departmentno":"3","salary":"3","pincode":"333333","userid":"5peqXdShya0PTZrXGvCk","id":"GJrDdmhHpiwOqB3p92vg"},{"accountno":"TA-0101130","departmentno":"1","salary":"1000000","pincode":"380007","userid":"y4EGNLRjrgtEjC6KVUVR","id":"7uFdMW6vwyojBQZZQFos"},{"accountno":"TA-1605153","departmentno":"7","salary":"1000000","pincode":"380007","userid":"y4EGNLRjrgtEjC6KVUVR","id":"wQ2foliLO6f3UfMg8C1d"},{"accountno":"TA-1605153","departmentno":"7","salary":"1000000","pincode":"380007","userid":"y4EGNLRjrgtEjC6KVUVR","id":"83AOzjuz35HxNwuW37wi"},{"accountno":"TA-1605153","departmentno":"7","salary":"1000000","pincode":"380007","userid":"y4EGNLRjrgtEjC6KVUVR","id":"J4EP9pY7MK24VjOZ0ixz"},{"accountno":"TA-1605153","departmentno":"7","salary":"1000000","pincode":"380007","userid":"y4EGNLRjrgtEjC6KVUVR","id":"ReCmSUdoPkuJiRdSwHYV"},{"accountno":"TA-3333333","departmentno":"3","salary":"3","pincode":"333333","userid":"5peqXdShya0PTZrXGvCk","id":"4NkfOPQZmfd2ePyRtBgM"},{"accountno":"TA-3333333","departmentno":"3","salary":"3","pincode":"333333","userid":"5peqXdShya0PTZrXGvCk","id":"RP1de2e9oc51cABwuOr5"},{"accountno":"TA-1605153","departmentno":"7","salary":"1000000","pincode":"380007","userid":"y4EGNLRjrgtEjC6KVUVR","id":"ZKWyFDb1vfTSSqL9RDuU"},{"accountno":"TA-1605153","departmentno":"7","salary":"1000000","pincode":"380007","userid":"y4EGNLRjrgtEjC6KVUVR","id":"nDYmq8efbmnFtykceBJr"},{"accountno":"TA-1605153","departmentno":"7","salary":"1000000","pincode":"380007","userid":"y4EGNLRjrgtEjC6KVUVR","id":"hRgyhBIhb1Iv9UYhj72w"},{"accountno":"TA-0206183","departmentno":"7","salary":"1000000","pincode":"232323","userid":"y4EGNLRjrgtEjC6KVUVR","id":"FKCjjDUSgxxrxSYLeVGQ"},{"accountno":"TA-0206183","departmentno":"7","salary":"1000000","pincode":"232323","userid":"y4EGNLRjrgtEjC6KVUVR","id":"KktYnHcDdSg33ODa5SHB"},{"accountno":"TA-4440098","departmentno":"4","salary":"4448","pincode":"366778","userid":"8Z9CZ8L5lvQiuyxEbokN","id":"Ndp7eKBXsoXvATLLdUZu"},{"accountno":"TA-3330098","departmentno":4,"salary":4544,"pincode":466744,"userid":"8Z9CZ8L5lvQiuyxEbokN","id":"QQDIiZ06cSRt9S0LS2bs"},{"accountno":"TA-2790098","departmentno":"7","salary":"4708","pincode":"466778","userid":"8Z9CZ8L5lvQiuyxEbokN","id":"poRjhK0v8QDwZXFU5xpH"},{"accountno":"11111111","departmentno":"1","salary":"34343434","pincode":"800271","userid":"y4EGNLRjrgtEjC6KVUVR","id":"Xeeuu4HaT8f4Ft0sOwFc"},{"accountno":"11111111","departmentno":"1","salary":"34343434","pincode":"800271","userid":"y4EGNLRjrgtEjC6KVUVR","id":"dfzkXtDQfuhXJliB7uFx"},{"accountno":"11111111","departmentno":"1","salary":"34343434","pincode":"800271","userid":"y4EGNLRjrgtEjC6KVUVR","id":"nKiSGo0DzTn5jvYUep6A"},{"accountno":"11111111","departmentno":"1","salary":"34343434","pincode":"800271","userid":"y4EGNLRjrgtEjC6KVUVR","id":"z0DFcFHY41Xzl1T8jFiM"},{"accountno":"TA-12345","departmentno":"7","salary":"100000","pincode":"555555","userid":"9ATDdiU55R3Axp8t2Wdw","id":"tXD6AizbHyg2WecLWFZg"},{"accountno":"11111111","departmentno":"1","salary":"34343434","pincode":"800271","userid":"y4EGNLRjrgtEjC6KVUVR","id":"7vJvYiIECAL3NpKjbgG2"},{"accountno":"TA-10005555","departmentno":"1","salary":"10000555","pincode":"123123","userid":"m2IUsx9bvgkVwCXIt2Lg","id":"2d01YXfSTkyihbx6omMg"},{"accountno":"TA-9898989","departmentno":"2","salary":"2","pincode":"444444","userid":"5peqXdShya0PTZrXGvCk","id":"uLsxiROH5oAPLMBfAstj"},{"accountno":"TA-9898989","departmentno":"2","salary":"2","pincode":"444444","userid":"5peqXdShya0PTZrXGvCk","id":"cP300MDu8lmAwlydYf58"},{"accountno":"TA-12345","departmentno":"7","salary":"100000","pincode":"555555","userid":"9ATDdiU55R3Axp8t2Wdw","id":"qDHfho7oUkw9oXGTWmPA"},{"accountno":"TA-2005208","departmentno":"9","salary":"200005","pincode":"555555","userid":"9ATDdiU55R3Axp8t2Wdw","id":"ImNPrOAYPkUTtLFRimb7"},{"accountno":"TA-12345","departmentno":"7","salary":"100000","pincode":"555555","userid":"9ATDdiU55R3Axp8t2Wdw","id":"lIpJm4YO81cF5vxCzQRT"},{"accountno":"TA-1212182","departmentno":"9","salary":"12121820","pincode":"555555","userid":"9ATDdiU55R3Axp8t2Wdw","id":"1o4cC5dgZRnMt7SDLNC3"},{"accountno":"TA-1212182","departmentno":"9","salary":"12121820","pincode":"555555","userid":"9ATDdiU55R3Axp8t2Wdw","id":"1RtoMlsvPkuuVWWpjcTh"},{"accountno":"TA-1212182","departmentno":"9","salary":"12121820","pincode":"555555","userid":"9ATDdiU55R3Axp8t2Wdw","id":"LLknQE860mnp3nA4Pf0z"},{"accountno":"TA-12345","departmentno":"7","salary":"50000","pincode":"555555","userid":"9ATDdiU55R3Axp8t2Wdw","id":"dVpAHjnKEicFpIBX4mLf"},{"accountno":"TA-12345","departmentno":"7","salary":"50000","pincode":"555555","userid":"9ATDdiU55R3Axp8t2Wdw","id":"QBR67aAQfdEOqghSpRWe"},{"accountno":"TA-12345","departmentno":"7","salary":"50000","pincode":"555555","userid":"9ATDdiU55R3Axp8t2Wdw","id":"yKuRlCeTx9J0tHvkgqEv"},{"accountno":"TA-12345","departmentno":"7","salary":"50000","pincode":"555555","userid":"9ATDdiU55R3Axp8t2Wdw","id":"j1QFLzwOT9G3XMHOVLvT"},{"accountno":"TA-12345","departmentno":"7","salary":"50000","pincode":"555555","userid":"9ATDdiU55R3Axp8t2Wdw","id":"0JERVfsJnjyLfhSuhKer"},{"accountno":"TA-12345","departmentno":"7","salary":"50000","pincode":"555555","userid":"9ATDdiU55R3Axp8t2Wdw","id":"CYCQuN5R7cStD7tITnD3"},{"accountno":"TA-12345","departmentno":"7","salary":"50000","pincode":"555555","userid":"9ATDdiU55R3Axp8t2Wdw","id":"C00t7ZXYoyCOgBYVmnFn"},{"accountno":"TA-12345","departmentno":"7","salary":"50000","pincode":"555555","userid":"9ATDdiU55R3Axp8t2Wdw","id":"hNMWVd4FbBxUpcitlSI5"},{"accountno":"TA-12345","departmentno":"7","salary":"50000","pincode":"555555","userid":"9ATDdiU55R3Axp8t2Wdw","id":"xt1l7ymWBUYI0xRRsApp"},{"accountno":"TA-12345","departmentno":"7","salary":"50000","pincode":"555555","userid":"9ATDdiU55R3Axp8t2Wdw","id":"FF5PtDwX1eEwl5Wp0C30"},{"accountno":"TA-12345","departmentno":"7","salary":"50000","pincode":"555555","userid":"9ATDdiU55R3Axp8t2Wdw","id":"uLHCVUUXapTe8KZ1KpHf"},{"accountno":"TA-12345","departmentno":"7","salary":"50000","pincode":"555555","userid":"9ATDdiU55R3Axp8t2Wdw","id":"N8ZivbYEiMddd4ThIDDR"},{"accountno":"TA-12345","departmentno":"7","salary":"50000","pincode":"555555","userid":"9ATDdiU55R3Axp8t2Wdw","id":"Fhh5mSZz5F8pWcsuZbuG"},{"accountno":"TA-0985030","departmentno":"1","salary":"100000","pincode":"123456","userid":"CgpJJ4mrZzrTtp2M5Zag","id":"7cmaoiZ7578eErpKpoHI"},{"accountno":"TA-0985030","departmentno":"1","salary":"100000","pincode":"123456","userid":"CgpJJ4mrZzrTtp2M5Zag","id":"S76JodhkJjnVncu53bKu"},{"accountno":"TA-0985030","departmentno":1,"salary":200000,"pincode":123456,"userid":"CgpJJ4mrZzrTtp2M5Zag","id":"jiCyIxR764GRbilpNXmY"},{"accountno":"TA-0985030","departmentno":"1","salary":"100000","pincode":"123456","userid":"CgpJJ4mrZzrTtp2M5Zag","id":"ub1UlLgLDZSChOu7RFHt"},{"accountno":"TA-0985020","departmentno":"1","salary":"100000","pincode":"123456","userid":"CgpJJ4mrZzrTtp2M5Zag","id":"JN2F1Fb79ZuvD6STavsH"},{"accountno":"TA-0985020","departmentno":"1","salary":"100000","pincode":"123456","userid":"CgpJJ4mrZzrTtp2M5Zag","id":"asGYhsOEoSXERf9b9oNy"},{"accountno":"TA-10000555","departmentno":"1","salary":"10000055","pincode":"123123","userid":"m2IUsx9bvgkVwCXIt2Lg","id":"mKZOghuGBel3cU0hpj7E"},{"accountno":"TA-1234467","departmentno":"1","salary":"15000","pincode":"638003","userid":"zkmNMhztAOmjb5NT2cL6","id":"yNelffH6epq4iBNRbEyz"},{"accountno":"TA-1234567","departmentno":"1","salary":"10000","pincode":"638002","userid":"zkmNMhztAOmjb5NT2cL6","id":"cXjukiFpD9p0HepBO59i"},{"accountno":"TA-1234567","departmentno":"1","salary":"10000","pincode":"638002","userid":"zkmNMhztAOmjb5NT2cL6","id":"E1PgddGTS5vByR66hNIq"},{"accountno":"TA-2342342","departmentno":"1","salary":"23423","pincode":"666666","userid":"Qn9aLmEb5M9tHd0c1gK9","id":"hmvPwf2yqhaZCIl0FiTP"},{"accountno":"TA-0985020","departmentno":"1","salary":"100000","pincode":"123456","userid":"CgpJJ4mrZzrTtp2M5Zag","id":"JYLA8J7IXRHj9jdzKBYL"},{"accountno":"TA-0985010","departmentno":"1","salary":"100000","pincode":"123456","userid":"CgpJJ4mrZzrTtp2M5Zag","id":"qIHOWHklwwEEZEf9fJq2"},{"accountno":"JT-0998877","departmentno":"8","salary":"85000","pincode":"945970","userid":"Hv5rNrZg9rEhTS0YDzk2","id":"dnMYWxprNsd4nfI7cV3H"},{"accountno":"JT-0987654","departmentno":"8","salary":"85000","pincode":"945970","userid":"Hv5rNrZg9rEhTS0YDzk2","id":"ovi7ZUa4xJ8LNULQjdVT"},{"accountno":"99999123","departmentno":"1","salary":"5333","pincode":"901234","userid":"Zkr5GwJhXN3dOEP2fImf","id":"kPzIZkeL29pSOawmIHkG"},{"accountno":"88884491","departmentno":"1","salary":"4000","pincode":"763291","userid":"Zkr5GwJhXN3dOEP2fImf","id":"cCQTieQD8YM5RzCMn648"},{"accountno":"99999123","departmentno":"1","salary":"5333","pincode":"901234","userid":"Zkr5GwJhXN3dOEP2fImf","id":"iPcWUqv6O0fUPVFmtCpA"},{"accountno":"88884491","departmentno":"1","salary":"4000","pincode":"763291","userid":"Zkr5GwJhXN3dOEP2fImf","id":"sEeXoCcP5CQAjXUe5xQv"},{"accountno":"99999123","departmentno":"1","salary":"5333","pincode":"901234","userid":"Zkr5GwJhXN3dOEP2fImf","id":"n9yMalVia0yGC3aKK7pg"},{"accountno":"88884491","departmentno":"1","salary":"4000","pincode":"763291","userid":"Zkr5GwJhXN3dOEP2fImf","id":"1rg0UpEr5vSV1RDol4Ax"},{"accountno":"TA-0000004","departmentno":"9","salary":"265428832","pincode":"000002","userid":"udhBK3zB8LiJm9Crv8KY","id":"R0BA0ckR055ZhM4KP9rh"},{"accountno":"TA-0000004","departmentno":"1","salary":"1","pincode":"000002","userid":"udhBK3zB8LiJm9Crv8KY","id":"N2HmUDTjpxvszaoyyLsf"},{"accountno":"JT-1234567","departmentno":"8","salary":"12","pincode":"945970","userid":"Hv5rNrZg9rEhTS0YDzk2","id":"p5tDXVrZ4UxVevbj6MUP"},{"accountno":"TA-0000004","departmentno":"1","salary":"1","pincode":"000002","userid":"udhBK3zB8LiJm9Crv8KY","id":"3irOIDWrvbWJhX0xk6EP"},{"accountno":"TA-0000004","departmentno":"1","salary":"1","pincode":"000002","userid":"udhBK3zB8LiJm9Crv8KY","id":"9MiXSUBXQIr0chD6LGZJ"},{"accountno":"TA-0000004","departmentno":"1","salary":"1","pincode":"000002","userid":"udhBK3zB8LiJm9Crv8KY","id":"YqvkaUA2lKrhwg49p7JG"},{"accountno":"TA-0000004","departmentno":"1","salary":"1","pincode":"000002","userid":"udhBK3zB8LiJm9Crv8KY","id":"tDNaCa77IVQulaff38u7"},{"accountno":"01234567","departmentno":"2","salary":"6235873","pincode":"012345","userid":"udhBK3zB8LiJm9Crv8KY","id":"B9P66In0TlqYuzq7pKTQ"},{"accountno":"11100023","departmentno":"1","salary":"019838764","pincode":"111222","userid":"udhBK3zB8LiJm9Crv8KY","id":"JdijlIk8e0e9lye3a9xv"},{"accountno":"01234567","departmentno":"2","salary":"6235873","pincode":"012345","userid":"udhBK3zB8LiJm9Crv8KY","id":"ZolprJwZ0CcU6R25mEJY"},{"accountno":"11100023","departmentno":"1","salary":"019838764","pincode":"111222","userid":"udhBK3zB8LiJm9Crv8KY","id":"ZqYeLaUtKTVtUKHfgVUQ"},{"accountno":"01234567","departmentno":"2","salary":"6235873","pincode":"012345","userid":"udhBK3zB8LiJm9Crv8KY","id":"zkktiG9tU6tb976KqLS0"},{"accountno":"11100023","departmentno":"1","salary":"019838764","pincode":"111222","userid":"udhBK3zB8LiJm9Crv8KY","id":"XYEqFoowndnYyRoRreLe"},{"accountno":"TA-0000004","departmentno":"1","salary":"1","pincode":"000002","userid":"taGX4XQQfXD3Z76sI1Xn","id":"TwCj0lkkkrorXfhPbSj9"},{"accountno":"01234567","departmentno":"2","salary":"6235873","pincode":"012345","userid":"udhBK3zB8LiJm9Crv8KY","id":"stJwSiW2TmfUr26BYHeA"},{"accountno":"11100023","departmentno":"1","salary":"019838764","pincode":"111222","userid":"udhBK3zB8LiJm9Crv8KY","id":"ubbBD9gbG5YZjbSxMQQt"},{"accountno":"TA-0000004","departmentno":"1","salary":"1","pincode":"000002","userid":"taGX4XQQfXD3Z76sI1Xn","id":"Ro4cFqJhvuim7J7ZtK5j"},{"accountno":"TA-0000004","departmentno":"1","salary":"1","pincode":"000002","userid":"taGX4XQQfXD3Z76sI1Xn","id":"SltM45z88Gh2LUAZxUo7"},{"accountno":"TA-0000004","departmentno":"1","salary":"1","pincode":"000002","userid":"taGX4XQQfXD3Z76sI1Xn","id":"BSmHP0aClrXfhIV92nRR"},{"accountno":"TA-0000004","departmentno":"1","salary":"1","pincode":"000002","userid":"taGX4XQQfXD3Z76sI1Xn","id":"GL4Qou1nwE86QY5z1s2x"},{"accountno":"TA-0000004","departmentno":"1","salary":"1","pincode":"000002","userid":"taGX4XQQfXD3Z76sI1Xn","id":"BsGs4ogNLKmExVSVAY10"},{"accountno":"TA-0000004","departmentno":"1","salary":"1","pincode":"000002","userid":"taGX4XQQfXD3Z76sI1Xn","id":"YiMctxwyb3ZKWMpT777o"},{"accountno":"TA-0000004","departmentno":"1","salary":"1","pincode":"000002","userid":"taGX4XQQfXD3Z76sI1Xn","id":"KfkDiP3GwCXxFDVeXZaQ"},{"accountno":"TA-0000004","departmentno":"1","salary":"1","pincode":"000002","userid":"taGX4XQQfXD3Z76sI1Xn","id":"cpteYDpvqcArzn8xQXFW"},{"accountno":"TA-0000004","departmentno":"1","salary":"1","pincode":"000002","userid":"taGX4XQQfXD3Z76sI1Xn","id":"tUlo2Zm5lOhgpF1EH6yQ"},{"accountno":"TA-0000004","departmentno":"1","salary":"1","pincode":"000002","userid":"taGX4XQQfXD3Z76sI1Xn","id":"WOWcwW2kr0SyD2d3YHvD"},{"accountno":"TA-0000004","departmentno":"1","salary":"1","pincode":"000002","userid":"taGX4XQQfXD3Z76sI1Xn","id":"ELwvIpQ20d8HOWrKQ26f"},{"accountno":"TA-0000004","departmentno":"1","salary":"1","pincode":"000002","userid":"taGX4XQQfXD3Z76sI1Xn","id":"3Kof7Qd0Xx29CZMECEN3"},{"accountno":"TA-0000004","departmentno":"1","salary":"1","pincode":"000002","userid":"taGX4XQQfXD3Z76sI1Xn","id":"OvLv0yJuEPmnAN6XtYja"},{"accountno":"TA-0000004","departmentno":"9","salary":"265428832","pincode":"000002","userid":"taGX4XQQfXD3Z76sI1Xn","id":"U6ZJSqcwMX8T07YQbElf"},{"accountno":"TA-22061984","departmentno":"1","salary":"4000","pincode":"763291","userid":"xfvwphFcCCoaYVEl5Zb6","id":"v7tfbqRXuOaXO2VjyN2P"},{"accountno":"TA-22061984","departmentno":"1","salary":"4000","pincode":"763291","userid":"xfvwphFcCCoaYVEl5Zb6","id":"zPa3D2sadoLadGU3XILw"},{"accountno":"TA-0000004","departmentno":"1","salary":"1","pincode":"000002","userid":"taGX4XQQfXD3Z76sI1Xn","id":"7HJOst0uQ9q3j99UMXgs"},{"accountno":"TA-0000004","departmentno":"1","salary":"1","pincode":"000002","userid":"taGX4XQQfXD3Z76sI1Xn","id":"ajY4SzVUjJnv9S4Lzbp4"},{"accountno":"TA-0000004","departmentno":"1","salary":"1","pincode":"000002","userid":"taGX4XQQfXD3Z76sI1Xn","id":"aejV2BZGnXOO4I2m8jEU"},{"accountno":"01234567","departmentno":"2","salary":"6235873","pincode":"012345","userid":"udhBK3zB8LiJm9Crv8KY","id":"TxMAY48sIlBLjFEM6uCw"},{"accountno":"11100023","departmentno":"1","salary":"019838764","pincode":"111222","userid":"udhBK3zB8LiJm9Crv8KY","id":"D5c0X4aazcbkpfBlfljU"},{"accountno":"01234567","departmentno":"2","salary":"6235873","pincode":"012345","userid":"udhBK3zB8LiJm9Crv8KY","id":"JXamcMmzXYlOpgRD8JSp"},{"accountno":"11100023","departmentno":"1","salary":"019838764","pincode":"111222","userid":"udhBK3zB8LiJm9Crv8KY","id":"872RiI5Y6vlSMvawKC5X"},{"accountno":"01234567","departmentno":"2","salary":"6235873","pincode":"012345","userid":"udhBK3zB8LiJm9Crv8KY","id":"o8Y7p3z59FljCB3jcdkl"},{"accountno":"11100023","departmentno":"1","salary":"019838764","pincode":"111222","userid":"udhBK3zB8LiJm9Crv8KY","id":"8gqMZ1qec1AMSPPH4SyM"},{"accountno":"01234567","departmentno":"2","salary":"6235873","pincode":"012345","userid":"udhBK3zB8LiJm9Crv8KY","id":"IWowwdyn8K1b5CfItpgE"},{"accountno":"11100023","departmentno":"1","salary":"019838764","pincode":"111222","userid":"udhBK3zB8LiJm9Crv8KY","id":"77lE9NhpuJYsRDqz1aq6"},{"accountno":"01234567","departmentno":"2","salary":"6235873","pincode":"012345","userid":"udhBK3zB8LiJm9Crv8KY","id":"eUVFzGqf1BrOnD0xdcMy"},{"accountno":"11100023","departmentno":"1","salary":"019838764","pincode":"111222","userid":"udhBK3zB8LiJm9Crv8KY","id":"jcHbrs4H14KNaL9AeGvL"},{"accountno":"01234567","departmentno":"2","salary":"6235873","pincode":"012345","userid":"udhBK3zB8LiJm9Crv8KY","id":"bXFNxc0b08dBl8mV4Vhf"},{"accountno":"11100023","departmentno":"1","salary":"019838764","pincode":"111222","userid":"udhBK3zB8LiJm9Crv8KY","id":"0dpQmogsSAz18Nx23e95"},{"accountno":"TA-22061984","departmentno":"1","salary":"6000","pincode":"763291","userid":"xfvwphFcCCoaYVEl5Zb6","id":"FAWqMEcpMeHwxZ4sKD0P"},{"accountno":"TA-22061983","departmentno":"1","salary":"4000","pincode":"763291","userid":"xfvwphFcCCoaYVEl5Zb6","id":"Za0rQ3QFphSfT47mY0pY"},{"accountno":"TA-22061983","departmentno":"1","salary":"4000","pincode":"763291","userid":"xfvwphFcCCoaYVEl5Zb6","id":"Gx9yECFRPxZEB9gPC1R5"},{"accountno":"TA-22061983","departmentno":"1","salary":"4000","pincode":"763291","userid":"xfvwphFcCCoaYVEl5Zb6","id":"DDgl98TVCHO4qhiyB3uM"},{"accountno":"TA-22061981","departmentno":"1","salary":"4000","pincode":"763291","userid":"xfvwphFcCCoaYVEl5Zb6","id":"2MVLbhjnW63d72cdInDY"},{"accountno":"TA-22061981","departmentno":"1","salary":"4000","pincode":"763291","userid":"xfvwphFcCCoaYVEl5Zb6","id":"GhnuqiSmXcGy38lzuOKl"},{"accountno":"TA-9999901","departmentno":"1","salary":"80000","pincode":"123456","userid":"CgpJJ4mrZzrTtp2M5Zag","id":"xscrYqMqXEjGNBo3oeZ5"},{"accountno":"TA-9876543","departmentno":"1","salary":"90000","pincode":"123456","userid":"CgpJJ4mrZzrTtp2M5Zag","id":"34PEpUk7JINDy2mVwlLH"},{"accountno":"TA-0987653","departmentno":7,"salary":100000,"pincode":123456,"userid":"CgpJJ4mrZzrTtp2M5Zag","id":"zdbszYlLLYW1vH8FXeoz"},{"accountno":"TA-7867860","departmentno":"8","salary":"85000","pincode":"945970","userid":"Hv5rNrZg9rEhTS0YDzk2","id":"xAmYRWTD8bptZm3PrOZZ"},{"accountno":"TA-141414","departmentno":"7","salary":"9000","pincode":"908760","userid":"xfvwphFcCCoaYVEl5Zb6","id":"XRLpGfb5yymsNEIS65Cl"},{"accountno":"TA-2121212","departmentno":"8","salary":"101021","pincode":"010121","userid":"UbzKln8jt3iwGZ5iKVw2","id":"fNOdlqpJj5pupwL6qsoV"},{"accountno":"TA-1010101","departmentno":"8","salary":"101010","pincode":"010110","userid":"UbzKln8jt3iwGZ5iKVw2","id":"SnJaV6PgTuXq83jA5Qgt"},{"accountno":"TA-9898989","departmentno":"2","salary":"2","pincode":"444444","userid":"5peqXdShya0PTZrXGvCk","id":"Js1eROSo81TghX0EJgJp"},{"accountno":"TA-3423420","departmentno":"8","salary":"85000","pincode":"945970","userid":"Hv5rNrZg9rEhTS0YDzk2","id":"TTgum7FSj4bg2b3087uw"},{"accountno":"TA-7867860","departmentno":4,"salary":45000,"pincode":945970,"userid":"Hv5rNrZg9rEhTS0YDzk2","id":"x32eXWuLuPA2KoHoyrXM"},{"accountno":"TA-9898989","departmentno":"2","salary":"2","pincode":"444444","userid":"5peqXdShya0PTZrXGvCk","id":"2ABT1Q09Dh6yVsBnyuXD"},{"accountno":"TA-1122455","departmentno":"9","salary":"4564874","pincode":"530016","userid":"yNCXX8NruCfcrpuLyFMc","id":"QNWbLHpMawZKw7DBIqLh"},{"accountno":"TA-141414","departmentno":"7","salary":"9000","pincode":"908760","userid":"xfvwphFcCCoaYVEl5Zb6","id":"p8qJGfpp0ABYYxqfK3IJ"},{"accountno":"TA-1234567","departmentno":"1","salary":"9000","pincode":"636006","userid":"Qv9VqoMypQb6l9QCZH54","id":"ka7C9RTC6bh6jwQfAOna"},{"accountno":"TA-5003022","departmentno":2,"salary":34466,"pincode":222222,"userid":"UbzKln8jt3iwGZ5iKVw2","id":"f4nQmiQMNKMetR6B4YPA"},{"accountno":"TA-0000004","departmentno":"1","salary":"1","pincode":"000002","userid":"udhBK3zB8LiJm9Crv8KY","id":"dX1JvqHcQYiTBmgjNLJc"},{"accountno":"TA-0000004","departmentno":"1","salary":"1","pincode":"000002","userid":"udhBK3zB8LiJm9Crv8KY","id":"N20DcR6Jj9ML6d3KwkFK"},{"accountno":"TA-0000004","departmentno":"1","salary":"1","pincode":"000002","userid":"udhBK3zB8LiJm9Crv8KY","id":"g7CatX9es9kkM9CJbgtX"},{"accountno":"TA-0000004","departmentno":"1","salary":"1","pincode":"000002","userid":"udhBK3zB8LiJm9Crv8KY","id":"yXaTrQNBa1ocdanY1nnl"},{"accountno":"TA-0000004","departmentno":"1","salary":"1","pincode":"000002","userid":"udhBK3zB8LiJm9Crv8KY","id":"0H7Iu4JeZ3zbSq6YSQmB"},{"accountno":"TA-9898989","departmentno":-2140772261,"salary":-2140772261,"pincode":"444444","userid":"5peqXdShya0PTZrXGvCk","id":"EeCp2aLHxAlA5Cg4zw19"},{"accountno":"TA-9898989","departmentno":-2140908952,"salary":-2140908952,"pincode":"444444","userid":"5peqXdShya0PTZrXGvCk","id":"lPgXrXHegTvdQvaiBZEx"},{"accountno":"TA-9898989","departmentno":-2141028874,"salary":-2141028874,"pincode":"444444","userid":"5peqXdShya0PTZrXGvCk","id":"QFcOaJr9fx0kekrpC5yO"},{"accountno":"TA-9898989","departmentno":-2141190435,"salary":-2141190435,"pincode":"444444","userid":"5peqXdShya0PTZrXGvCk","id":"Fe3CsqQCrOzEw6Cn78Mu"},{"accountno":"TA-9898989","departmentno":2106006602,"salary":2106006602,"pincode":"444444","userid":"5peqXdShya0PTZrXGvCk","id":"v7KjEsWREyEKVkUgu6AP"},{"accountno":"TA-9898989","departmentno":2105702345,"salary":2105702345,"pincode":"444444","userid":"5peqXdShya0PTZrXGvCk","id":"ER3VBjLzQ8TlelclB9Tl"},{"accountno":"TA-9898989","departmentno":2105205958,"salary":2105205958,"pincode":"444444","userid":"5peqXdShya0PTZrXGvCk","id":"7WX6vewRjR3WpdRekXwx"},{"accountno":"TA-9898989","departmentno":2105093216,"salary":2105093216,"pincode":"444444","userid":"5peqXdShya0PTZrXGvCk","id":"8TTwqSXyygUkfq9eOk5Z"},{"accountno":"TA-9898989","departmentno":2097954871,"salary":2097954871,"pincode":"444444","userid":"5peqXdShya0PTZrXGvCk","id":"hrGfmisYgajTuGNXoS9y"},{"accountno":"TA-9898989","departmentno":2097919392,"salary":2097919392,"pincode":"444444","userid":"5peqXdShya0PTZrXGvCk","id":"wuMcgI3WCvz9yjr63j26"},{"accountno":"TA-9898989","departmentno":2097826629,"salary":2097826629,"pincode":"444444","userid":"5peqXdShya0PTZrXGvCk","id":"jHpfaZAosjrca5rVFKjt"},{"accountno":"TA-9898989","departmentno":1621300300808,"salary":1621300300808,"pincode":"444444","userid":"5peqXdShya0PTZrXGvCk","id":"QWIY6aQLG0wNVAz56DWb"},{"accountno":"TA-9898989","departmentno":1621300202483,"salary":1621300202483,"pincode":"444444","userid":"5peqXdShya0PTZrXGvCk","id":"t2cdaGQhhuiPW7NXgWnY"},{"accountno":"TA-9898989","departmentno":1621299018202,"salary":1621299018202,"pincode":"444444","userid":"5peqXdShya0PTZrXGvCk","id":"tarPbzw2XSvTast1Lzr6"},{"accountno":"TA-9898989","departmentno":1621298912970,"salary":1621298912970,"pincode":"444444","userid":"5peqXdShya0PTZrXGvCk","id":"dQBow4l2tpC4fhhVziue"},{"accountno":"TA-9898989","departmentno":1621298764098,"salary":1621298764098,"pincode":"444444","userid":"5peqXdShya0PTZrXGvCk","id":"I8kZMNbGaPvDdr8ibPtw"},{"accountno":"TA-9898989","departmentno":1621298651452,"salary":1621298651452,"pincode":"444444","userid":"5peqXdShya0PTZrXGvCk","id":"btAFTO0zA5Lqkjm0bvAu"},{"accountno":"TA-9898989","departmentno":1621298538628,"salary":1621298538628,"pincode":"444444","userid":"5peqXdShya0PTZrXGvCk","id":"q6su1jKuDn3BgKkTmf20"},{"accountno":"TA-9898989","departmentno":1621297514609,"salary":1621297514609,"pincode":"444444","userid":"5peqXdShya0PTZrXGvCk","id":"sRVdTR6dmnbpkWtImbRI"},{"accountno":"TA-9898989","departmentno":1621297440010,"salary":1621297440010,"pincode":"444444","userid":"5peqXdShya0PTZrXGvCk","id":"zbvNY0Cd7euh9MIMuM5I"},{"accountno":"TA-9898989","departmentno":"4","salary":"4","pincode":"444444","userid":"5peqXdShya0PTZrXGvCk","id":"OlIkvBf8dzLuYXnRNrvm"},{"accountno":"TA-0601871","departmentno":"5","salary":"10000","pincode":"123455","userid":"9ATDdiU55R3Axp8t2Wdw","id":"uQ4WQLyvHWbcftU7LLnk"},{"accountno":"TA-7654321","departmentno":"10","salary":"3000","pincode":"636586","userid":"Qv9VqoMypQb6l9QCZH54","id":"z3pdKM6iHI7HkHkCDDDO"},{"accountno":"TA-7654321","departmentno":"10","salary":"3000","pincode":"636586","userid":"Qv9VqoMypQb6l9QCZH54","id":"jRE2C8c5ZqSsY2bvSQHg"},{"accountno":"TA-1000234","departmentno":"4","salary":"1000","pincode":"636006","userid":"Qv9VqoMypQb6l9QCZH54","id":"coMmUeyVM8PYRLAZU4qi"},{"accountno":"TA-9999999","departmentno":"9","salary":"9999","pincode":"999999","userid":"wV6WMCO2yeVqDezlXdhH","id":"ONr4ARgfn2WwyiUtQQcw"},{"accountno":"TA-9999999","departmentno":"9","salary":"9999","pincode":"999999","userid":"wV6WMCO2yeVqDezlXdhH","id":"PgBqnYb7XN0poM2RGSNm"},{"accountno":"TA-9999999","departmentno":"9","salary":"9999","pincode":"999999","userid":"wV6WMCO2yeVqDezlXdhH","id":"1InH4C2xqJ3pG6aoq50W"},{"accountno":"TA-9999999","departmentno":"9","salary":"9999","pincode":"999999","userid":"wV6WMCO2yeVqDezlXdhH","id":"lcPraxyTqcyG3qsXue2e"},{"accountno":"TA-1000000","departmentno":"1","salary":"1","pincode":"100000","userid":"udhBK3zB8LiJm9Crv8KY","id":"4uUnU32Uqg06HyTRcsfX"},{"accountno":"TA-1","departmentno":"1","salary":"1","pincode":"100000","userid":"udhBK3zB8LiJm9Crv8KY","id":"uWH21SAjflGVRAKEhVk9"},{"accountno":"TA-1000000","departmentno":"1","salary":"1","pincode":"100000","userid":"udhBK3zB8LiJm9Crv8KY","id":"AvdvOnLHXEqvznDs6EQR"},{"accountno":"TA-9999999","departmentno":"9","salary":"9999","pincode":"999999","userid":"wV6WMCO2yeVqDezlXdhH","id":"OqppJ481EQzJ5mX4KjxS"},{"accountno":"TA-1","departmentno":"1","salary":"1","pincode":"100000","userid":"udhBK3zB8LiJm9Crv8KY","id":"uccpmXE84gzVS51FGd0r"},{"accountno":"TA-1000000","departmentno":"1","salary":"1","pincode":"100000","userid":"udhBK3zB8LiJm9Crv8KY","id":"GXfNs3pTGl3HdPRODffJ"},{"accountno":"TA-9999999","departmentno":"9","salary":"9999","pincode":"999999","userid":"wV6WMCO2yeVqDezlXdhH","id":"NF5qiakUpRaCxzuOpeJ9"},{"accountno":"TA-1","departmentno":"1","salary":"1","pincode":"100000","userid":"udhBK3zB8LiJm9Crv8KY","id":"MI9UVJT7KHHvmhGUEQFj"},{"accountno":"TA-1000000","departmentno":"1","salary":"1","pincode":"100000","userid":"udhBK3zB8LiJm9Crv8KY","id":"xNZ7jIO5gGZvgVgRTNLQ"},{"accountno":"TA-1","departmentno":"1","salary":"1","pincode":"100000","userid":"udhBK3zB8LiJm9Crv8KY","id":"Gm6aNiIh5ZTBgJ1H99k9"},{"accountno":"TA-1000000","departmentno":"1","salary":"1","pincode":"100000","userid":"udhBK3zB8LiJm9Crv8KY","id":"LrTGEVTa77xHF8YJYgx8"},{"accountno":"TA-1234567","departmentno":"1","salary":"9000","pincode":"636006","userid":"Qv9VqoMypQb6l9QCZH54","id":"qmFNuoJkPlz0RQykfobM"},{"accountno":"TA-1234567","departmentno":"1","salary":"9000","pincode":"636006","userid":"Qv9VqoMypQb6l9QCZH54","id":"vDRKIQl3psI4htvOQcVW"},{"accountno":"TA-1234567","departmentno":"1","salary":"9000","pincode":"636006","userid":"Qv9VqoMypQb6l9QCZH54","id":"vvzHKWNlw6PYgh3tzDvN"},{"accountno":"TA-1234567","departmentno":"1","salary":"9000","pincode":"636006","userid":"Qv9VqoMypQb6l9QCZH54","id":"ZZ07AtvCQEHyCYynTxSX"},{"accountno":"TA-1234567","departmentno":"1","salary":"9000","pincode":"636006","userid":"Qv9VqoMypQb6l9QCZH54","id":"KL9WzlxpaBpVtfmOtYtN"},{"accountno":"TA-1234567","departmentno":"1","salary":"9000","pincode":"636006","userid":"Qv9VqoMypQb6l9QCZH54","id":"MxnP08Yn2mzDWMFUt2YC"},{"accountno":"TA-1234567","departmentno":"1","salary":"9000","pincode":"636006","userid":"Qv9VqoMypQb6l9QCZH54","id":"0JkHxAQM4NThc7Toa2nh"},{"accountno":"TA-1234567","departmentno":"1","salary":"9000","pincode":"636006","userid":"Qv9VqoMypQb6l9QCZH54","id":"WsDAwjAUwnbmy7X5UTNy"},{"accountno":"TA-1234567","departmentno":"1","salary":"9000","pincode":"636006","userid":"Qv9VqoMypQb6l9QCZH54","id":"4ufYloqOaIUlLUdzasAb"},{"accountno":"TA-1234567","departmentno":"1","salary":"9000","pincode":"636006","userid":"Qv9VqoMypQb6l9QCZH54","id":"ybPmJLpGPB59gYTtW5mw"},{"accountno":"TA-1234567","departmentno":"1","salary":"9000","pincode":"636006","userid":"Qv9VqoMypQb6l9QCZH54","id":"VrFBuYS6pJLB0KsifqUj"},{"accountno":"TA-1234567","departmentno":"1","salary":"9000","pincode":"636006","userid":"Qv9VqoMypQb6l9QCZH54","id":"qPpO423LSAAmYCKZknhX"},{"accountno":"TA-1234567","departmentno":"1","salary":"9000","pincode":"636006","userid":"Qv9VqoMypQb6l9QCZH54","id":"WITO6c2nTYIjFnega6Qr"},{"accountno":"TA-1000002","departmentno":"1","salary":"9000","pincode":"636006","userid":"Qv9VqoMypQb6l9QCZH54","id":"fX4almPMsiiQ4DfhoLYt"},{"accountno":"TA-9898989","departmentno":1997127660,"salary":1997127992,"pincode":444444,"userid":"5peqXdShya0PTZrXGvCk","id":"1CV06D1dn9iejjs5CjKb"},{"accountno":"TA-9898989","departmentno":1999031379,"salary":1999031379,"pincode":"444444","userid":"5peqXdShya0PTZrXGvCk","id":"jtoO4bBnm5dFOPSuYo4k"},{"accountno":"TA-9898989","departmentno":1999013204,"salary":1999013204,"pincode":"444444","userid":"5peqXdShya0PTZrXGvCk","id":"3grPuVLs5ZAl6PutGUe2"},{"accountno":"TA-9999999","departmentno":"9","salary":"9999","pincode":"999999","userid":"wV6WMCO2yeVqDezlXdhH","id":"DqL1c4QxpP7Bb2NZ0yBt"},{"accountno":"TA-9999999","departmentno":"9","salary":"9999","pincode":"999999","userid":"wV6WMCO2yeVqDezlXdhH","id":"ZWc42S5CjSCW6T7jcDmJ"},{"accountno":"TA-9999999","departmentno":"9","salary":"9999","pincode":"999999","userid":"wV6WMCO2yeVqDezlXdhH","id":"qtPQ2vfldklUudbTP31H"},{"accountno":"TA-9999999","departmentno":"9","salary":"9999","pincode":"999999","userid":"wV6WMCO2yeVqDezlXdhH","id":"QdNtVk2R9PCqAtClFyXM"},{"accountno":"TA-9999999","departmentno":"9","salary":"9999","pincode":"999999","userid":"wV6WMCO2yeVqDezlXdhH","id":"Pa2Qu2P4LLqGdgrJip7j"},{"accountno":"TA-1111111","departmentno":"2","salary":"3333333333","pincode":"444444","userid":"Qn9aLmEb5M9tHd0c1gK9","id":"GJIVQSZUr6FmAc5uqLhH"},{"accountno":"TA-1111111","departmentno":"2","salary":"3333333333","pincode":"444444","userid":"Qn9aLmEb5M9tHd0c1gK9","id":"oLdz0z0QtG78VLHKZqNk"},{"accountno":"TA-1000002","departmentno":"1","salary":"9000","pincode":"636006","userid":"Qv9VqoMypQb6l9QCZH54","id":"Gi2RItxCRJMXv1rGRxTL"},{"accountno":"TA-1000002","departmentno":"1","salary":"9000","pincode":"636006","userid":"Qv9VqoMypQb6l9QCZH54","id":"UqJA5mii0aVB0GJgoWV1"},{"accountno":"TA-1000002","departmentno":"1","salary":"9000","pincode":"636006","userid":"Qv9VqoMypQb6l9QCZH54","id":"LmwRlJ1mwr9SM8ga6sse"},{"accountno":"TA-1000002","departmentno":"1","salary":"9000","pincode":"636006","userid":"Qv9VqoMypQb6l9QCZH54","id":"jam6BjsgE81WDULtDwpM"},{"accountno":"TA-1000002","departmentno":"1","salary":"9000","pincode":"636006","userid":"Qv9VqoMypQb6l9QCZH54","id":"QZOpIpIqFS1TSjU5xNiv"},{"accountno":"TA-9999999","departmentno":1,"salary":9999,"pincode":999999,"userid":"wV6WMCO2yeVqDezlXdhH","id":"2c8pIiPgLzVDUN9dJHz1"},{"accountno":"TA-9999999","departmentno":"9","salary":"9999","pincode":"999999","userid":"wV6WMCO2yeVqDezlXdhH","id":"u9ZrfbkuTaYmg85QfUFZ"},{"accountno":"TA-9999999","departmentno":"9","salary":"9999","pincode":"999999","userid":"wV6WMCO2yeVqDezlXdhH","id":"CplfKitvZPoRCeis7h1P"},{"accountno":"TA-9999999","departmentno":"9","salary":"9999","pincode":"999999","userid":"wV6WMCO2yeVqDezlXdhH","id":"vifjgUn7YhHqRk2tSgXj"},{"accountno":"TA-9999999","departmentno":"9","salary":"9999","pincode":"999999","userid":"wV6WMCO2yeVqDezlXdhH","id":"PoqljZCXWcBEKXbrGSLH"},{"accountno":"TA-123456","departmentno":2,"salary":100,"pincode":101010,"userid":"udhBK3zB8LiJm9Crv8KY","id":"dhUODIOQrerJxD0HjoK4"},{"accountno":"TA-1000000","departmentno":"1","salary":"1","pincode":"100000","userid":"udhBK3zB8LiJm9Crv8KY","id":"Z150rw4eXSeuSTGRSkSi"},{"accountno":"TA-1","departmentno":"1","salary":"1","pincode":"100000","userid":"udhBK3zB8LiJm9Crv8KY","id":"My51q1sFhjMlEiDY9tL9"},{"accountno":"TA-1000000","departmentno":"1","salary":"1","pincode":"100000","userid":"udhBK3zB8LiJm9Crv8KY","id":"ViNZ7FKtQHi1acO9mHpZ"},{"accountno":"TA-1","departmentno":"1","salary":"1","pincode":"100000","userid":"udhBK3zB8LiJm9Crv8KY","id":"43k4Np1GvB0eZzXldx5E"},{"accountno":"TA-1000000","departmentno":"1","salary":"1","pincode":"100000","userid":"udhBK3zB8LiJm9Crv8KY","id":"NJ9InEhgOlYYz2wQodzr"},{"accountno":"TA-1","departmentno":"1","salary":"1","pincode":"100000","userid":"udhBK3zB8LiJm9Crv8KY","id":"DlgsXwg16YRuNxNtdq5S"},{"accountno":"TA-1000000","departmentno":"1","salary":"1","pincode":"100000","userid":"udhBK3zB8LiJm9Crv8KY","id":"JbDO5SBE0SZGjrx83QJL"},{"accountno":"TA-1","departmentno":"1","salary":"1","pincode":"100000","userid":"udhBK3zB8LiJm9Crv8KY","id":"mRNhKivE5waPawuSQl8S"},{"accountno":"TA-1000000","departmentno":"1","salary":"1","pincode":"100000","userid":"udhBK3zB8LiJm9Crv8KY","id":"WfNGplUfi79mXbtfKnNV"},{"accountno":"TA-10000","departmentno":"1","salary":"1","pincode":"100000","userid":"udhBK3zB8LiJm9Crv8KY","id":"XSGziBWATlZK9Fvxyn4N"},{"accountno":"TA-1000000","departmentno":"1","salary":"1","pincode":"100000","userid":"udhBK3zB8LiJm9Crv8KY","id":"O0T1qwlEnBQhPZFLKlNx"},{"accountno":"TA-1000000","departmentno":"1","salary":"1","pincode":"100000","userid":"udhBK3zB8LiJm9Crv8KY","id":"aYVVqPgDlZXg0Buwqjah"},{"accountno":"TA-1000000","departmentno":"1","salary":"1","pincode":"100000","userid":"udhBK3zB8LiJm9Crv8KY","id":"abaWzFa5pydj22KhxgZp"},{"accountno":"TA-9999999","departmentno":"9","salary":"9999","pincode":"999999","userid":"wV6WMCO2yeVqDezlXdhH","id":"ZySXnMKfrlOD4hXqUU5g"},{"accountno":"TA-9999999","departmentno":"9","salary":"9999","pincode":"999999","userid":"wV6WMCO2yeVqDezlXdhH","id":"PUkpyAezWaF7mN4skeZR"},{"accountno":"TA-9999999","departmentno":"9","salary":"9999","pincode":"999999","userid":"wV6WMCO2yeVqDezlXdhH","id":"Mwv6tO8GEKVSHlz8vKYf"},{"accountno":"TA-9999999","departmentno":"9","salary":"9999","pincode":"999999","userid":"wV6WMCO2yeVqDezlXdhH","id":"BENfwzVEXESQDRXaDyGP"},{"accountno":"TA-9999999","departmentno":"9","salary":"9999","pincode":"999999","userid":"wV6WMCO2yeVqDezlXdhH","id":"vCSGHQ7a1s87uIBBQq19"},{"accountno":"TA-9999999","departmentno":"9","salary":"9999","pincode":"999999","userid":"wV6WMCO2yeVqDezlXdhH","id":"LUyMWyIzDFOCOZRP4Gu7"},{"accountno":"TA-9999999","departmentno":"9","salary":"9999","pincode":"999999","userid":"wV6WMCO2yeVqDezlXdhH","id":"57bJZx81QRERHDkQOJyD"},{"accountno":"TA-9999999","departmentno":"9","salary":"9999","pincode":"999999","userid":"wV6WMCO2yeVqDezlXdhH","id":"2XJH3fyGXJZvgvzNrvKh"},{"accountno":"TA-9999999","departmentno":"9","salary":"9999","pincode":"999999","userid":"wV6WMCO2yeVqDezlXdhH","id":"Rpdv1aZV1ItDrCMxMZTo"},{"accountno":"TA-9999999","departmentno":"9","salary":"9999","pincode":"999999","userid":"wV6WMCO2yeVqDezlXdhH","id":"X6Ditb6Ykjp52BgIzz0C"},{"accountno":"TA-9999999","departmentno":"9","salary":"9999","pincode":"999999","userid":"wV6WMCO2yeVqDezlXdhH","id":"xQnBFLMe67lWqCnMeowy"},{"accountno":"TA-1000002","departmentno":"1","salary":"9000","pincode":"636006","userid":"Qv9VqoMypQb6l9QCZH54","id":"hfHgn7wAXjeFbZwssY5d"},{"accountno":"TA-1000002","departmentno":"1","salary":"9000","pincode":"636006","userid":"Qv9VqoMypQb6l9QCZH54","id":"WGKHLy2G3E01ed26BvMJ"},{"accountno":"TA-1111111","departmentno":"1","salary":"1111","pincode":"111111","userid":"wV6WMCO2yeVqDezlXdhH","id":"xRl4ZQmeFYobEqNHy0va"},{"accountno":"TA-1111111","departmentno":1,"salary":1111,"pincode":111115,"userid":"wV6WMCO2yeVqDezlXdhH","id":"ypUqewPPx6wJCITvJiQU"},{"accountno":"TA-1111111","departmentno":"1","salary":"1111","pincode":"111111","userid":"wV6WMCO2yeVqDezlXdhH","id":"TnzHfDSTA0P9HMVdfMx6"},{"accountno":"TA-9999999","departmentno":"9","salary":"9999","pincode":"999999","userid":"wV6WMCO2yeVqDezlXdhH","id":"0DtbhPunpU6lT1aku9Xx"},{"accountno":"TA-9999999","departmentno":"9","salary":"9999","pincode":"999999","userid":"wV6WMCO2yeVqDezlXdhH","id":"3tFioLGLPKNObhEYmXnm"},{"accountno":"TA-9999999","departmentno":"9","salary":"9999","pincode":"999999","userid":"wV6WMCO2yeVqDezlXdhH","id":"QW1UjyDUNLunFElVpKIJ"},{"accountno":"TA-9999999","departmentno":"9","salary":"9999","pincode":"999999","userid":"wV6WMCO2yeVqDezlXdhH","id":"RMCoDWXah4fHKQmZbBM5"},{"accountno":"TA-9999999","departmentno":"9","salary":"9999","pincode":"999999","userid":"wV6WMCO2yeVqDezlXdhH","id":"xJKQn6RonVY2D3zWElFz"},{"accountno":"TA-9999999","departmentno":"9","salary":"9999","pincode":"999999","userid":"wV6WMCO2yeVqDezlXdhH","id":"yE0KR01POREt9HSgtFGM"},{"accountno":"TA-9999999","departmentno":"9","salary":"9999","pincode":"999999","userid":"wV6WMCO2yeVqDezlXdhH","id":"H2vpetiMJWLTDP9JDDxS"},{"accountno":"TA-9999999","departmentno":"9","salary":"9999","pincode":"999999","userid":"wV6WMCO2yeVqDezlXdhH","id":"S8upiLn4kdU6bkKc8XZy"},{"accountno":"TA-9999999","departmentno":"9","salary":"9999","pincode":"999999","userid":"wV6WMCO2yeVqDezlXdhH","id":"3WAd3oolYd6cpZVy2gwh"},{"accountno":"TA-9999999","departmentno":"9","salary":"9999","pincode":"999999","userid":"wV6WMCO2yeVqDezlXdhH","id":"MpnEsMiIZmA5o83YmXWH"},{"accountno":"TA-0000004","departmentno":"1","salary":"1","pincode":"000002","userid":"udhBK3zB8LiJm9Crv8KY","id":"gFOWNWg62yFj9rm17FTz"},{"accountno":"TA-0000004","departmentno":"1","salary":"0","pincode":"000002","userid":"udhBK3zB8LiJm9Crv8KY","id":"OJFeXIT2kMt3VYx6eQNN"},{"accountno":"TA-0000004","departmentno":"0","salary":"0","pincode":"000002","userid":"udhBK3zB8LiJm9Crv8KY","id":"JoRhBn7iIoSPtAXBY6iC"},{"accountno":"TA-0000003","departmentno":"0","salary":"0","pincode":"000002","userid":"udhBK3zB8LiJm9Crv8KY","id":"4rJ9QNqRoqoq43FfiyKw"},{"accountno":"TA-9999999","departmentno":"9","salary":"9999","pincode":"999999","userid":"wV6WMCO2yeVqDezlXdhH","id":"jlLdNOF7lBRwVF9nuTcU"},{"accountno":"TA-0000002","departmentno":"0","salary":"0","pincode":"000002","userid":"udhBK3zB8LiJm9Crv8KY","id":"P0mWzNNdChXSSCPudG0f"},{"accountno":"TA-9999999","departmentno":"9","salary":"9999","pincode":"999999","userid":"wV6WMCO2yeVqDezlXdhH","id":"KMrTjWkuCmJKMOHM2csG"},{"accountno":"TA-9999999","departmentno":"9","salary":"9999","pincode":"999999","userid":"wV6WMCO2yeVqDezlXdhH","id":"zAYj7vIZnfBbPP91OcaN"},{"accountno":"TA-5368819","departmentno":"9","salary":"9","pincode":"048030","userid":"udhBK3zB8LiJm9Crv8KY","id":"Gq1SLy5G5sm9W4BUFY7h"},{"accountno":"TA-9999999","departmentno":"9","salary":"9999","pincode":"999999","userid":"wV6WMCO2yeVqDezlXdhH","id":"BzM3N1wsHbhpNlz5BHun"},{"accountno":"TA-9999999","departmentno":"9","salary":"9999","pincode":"999999","userid":"wV6WMCO2yeVqDezlXdhH","id":"K3m6MPTp4FHhBJ1R4nDH"},{"accountno":"TA-9999999","departmentno":"9","salary":"9999","pincode":"999999","userid":"wV6WMCO2yeVqDezlXdhH","id":"cRhHIDVegordToReBTZY"},{"accountno":"TA-0000027","departmentno":"0","salary":"0","pincode":"000001","userid":"udhBK3zB8LiJm9Crv8KY","id":"yZak3nTtxN471JfZ15dB"},{"accountno":"TA-10000055","departmentno":"1","salary":"10000055","pincode":"123123","userid":"m2IUsx9bvgkVwCXIt2Lg","id":"dt3EUxno6bghq52j20sW"},{"accountno":"TA-8888008","departmentno":"9","salary":"8887","pincode":"999997","userid":"wV6WMCO2yeVqDezlXdhH","id":"K2fAjLTzUGqfaDDD6DNd"},{"accountno":"TA-5555555","departmentno":"5","salary":"5","pincode":"505050","userid":"kHacG2IP7Olqmq1CLFho","id":"inGy2uKgNOlPTcMgqPD2"},{"accountno":"TA-5555555","departmentno":"5","salary":"5","pincode":"505050","userid":"kHacG2IP7Olqmq1CLFho","id":"OBGDzfwSk4nrLgh0YoWY"},{"accountno":"TA-5555555","departmentno":"5","salary":"5","pincode":"505050","userid":"kHacG2IP7Olqmq1CLFho","id":"cIUC9yF6NgVib8rwVfpW"},{"accountno":"TA-5555555","departmentno":"5","salary":"5","pincode":"505050","userid":"kHacG2IP7Olqmq1CLFho","id":"mKXLGSJXEg0RQ5S11NmN"},{"accountno":"TA-5555555","departmentno":5,"salary":5,"pincode":505051,"userid":"kHacG2IP7Olqmq1CLFho","id":"TnlDBhLjOd2ehpIgY5Kr"},{"accountno":"TA-5555555","departmentno":"5","salary":"5","pincode":"505050","userid":"kHacG2IP7Olqmq1CLFho","id":"QeXXm012XrNfVI8W6qRQ"},{"accountno":"TA-5555555","departmentno":"5","salary":"5","pincode":"505050","userid":"kHacG2IP7Olqmq1CLFho","id":"D8ot6axxd93lrKvMZqYg"},{"accountno":"TA-5555555","departmentno":"5","salary":"5","pincode":"505050","userid":"kHacG2IP7Olqmq1CLFho","id":"WvT3lMMEGZm7iYWbOGvZ"},{"accountno":"TA-5555555","departmentno":"5","salary":"5","pincode":"505050","userid":"kHacG2IP7Olqmq1CLFho","id":"9EzobAtmhIlBhkSfBV7U"},{"accountno":"TA-5555555","departmentno":"5","salary":"5","pincode":"505050","userid":"kHacG2IP7Olqmq1CLFho","id":"bwuPbO9xoHvzZ7vtyUVi"},{"accountno":"TA-5555555","departmentno":"5","salary":"5","pincode":"505050","userid":"kHacG2IP7Olqmq1CLFho","id":"e5MBxu4iqLjD8nB9MYcg"},{"accountno":"TA-5555555","departmentno":"5","salary":"5","pincode":"505050","userid":"kHacG2IP7Olqmq1CLFho","id":"vr3euCpRgDgw4TmKIp7K"},{"accountno":"TA-5555555","departmentno":"5","salary":"5","pincode":"505050","userid":"kHacG2IP7Olqmq1CLFho","id":"LL6CgcctKqzXzJFZCCxy"},{"accountno":"TA-5555555","departmentno":"5","salary":"5","pincode":"505050","userid":"kHacG2IP7Olqmq1CLFho","id":"lYogxbqpWheQPzalTodC"},{"accountno":"TA-5555555","departmentno":"5","salary":"5","pincode":"505050","userid":"kHacG2IP7Olqmq1CLFho","id":"wtUyR2wN9VV9CaG3xnB6"},{"accountno":"TA-5555555","departmentno":"5","salary":"5","pincode":"505050","userid":"kHacG2IP7Olqmq1CLFho","id":"uywMBgmUCmX3aVXF21xr"},{"accountno":"TA-1234567","departmentno":6,"salary":15000,"pincode":600042,"userid":"J6orzdRaQ0UoDrwOnCQw","id":"P3ZDp9NOurl31aPRuTvB"},{"accountno":"TA-1234567","departmentno":6,"salary":750000,"pincode":600078,"userid":"J6orzdRaQ0UoDrwOnCQw","id":"y6qGqdJWMsU16Bbs2Lyb"},{"accountno":"TA-1111891","departmentno":"1","salary":"13313","pincode":"113123","userid":"HnEhoD02hv6iZxEBX4ni","id":"oOGVfvLCvAAOIDmN7wdp"},{"accountno":"TA-1111890","departmentno":"1","salary":"13313","pincode":"113123","userid":"HnEhoD02hv6iZxEBX4ni","id":"xvceLYElnOpaJUnbrpuE"},{"accountno":"TA-5555555","departmentno":"5","salary":"55","pincode":"555555","userid":"wV6WMCO2yeVqDezlXdhH","id":"DMPzGsJ2GZ4q8Rm7y8CD"},{"accountno":"TA-1111110","departmentno":8,"salary":8000,"pincode":888888,"userid":"wV6WMCO2yeVqDezlXdhH","id":"W8E06ZUqKXKrheNPHJd7"},{"accountno":"TA-8888888","departmentno":"8","salary":"8000","pincode":"888888","userid":"wV6WMCO2yeVqDezlXdhH","id":"c0Xp420icB1e2fzdcZuC"},{"accountno":"TA-8888888","departmentno":"8","salary":"8000","pincode":"888888","userid":"wV6WMCO2yeVqDezlXdhH","id":"jdTrxZplhgN8PsGFRnfd"},{"accountno":"TA-2536477","departmentno":"3","salary":"64634","pincode":"345345","userid":"UbzKln8jt3iwGZ5iKVw2","id":"IJ2U0OuIhBhAwofz5UOR"},{"accountno":"TA-2536477","departmentno":"3","salary":"64634","pincode":"345345","userid":"UbzKln8jt3iwGZ5iKVw2","id":"DlQI9BoLaK9t2nh8NEKw"},{"accountno":"TA-1000003","departmentno":"1","salary":"9000","pincode":"636006","userid":"Qv9VqoMypQb6l9QCZH54","id":"R1GTCqnCQJQq38QGkXxV"},{"accountno":"TA-11221122","departmentno":"1","salary":"11221122","pincode":"112211","userid":"Qn9aLmEb5M9tHd0c1gK9","id":"O01EMXmgI7o1FbJX4V01"},{"accountno":"TA-1000001","departmentno":"0","salary":"8000","pincode":"201893","userid":"Qv9VqoMypQb6l9QCZH54","id":"lCnJ1CS4Ih5iLRIoBja4"},{"accountno":"TA-1000001","departmentno":"0","salary":"8000","pincode":"201893","userid":"Qv9VqoMypQb6l9QCZH54","id":"TJaFfbS2ETHgn1jj4kYq"},{"accountno":"TA-1212182","departmentno":6,"salary":999999,"pincode":950356,"userid":"9ATDdiU55R3Axp8t2Wdw","id":"gwruyZnVnXzcglc9MnjE"},{"accountno":"TA-1112223","departmentno":"1","salary":"111111","pincode":"222222","userid":"UUzhVpTf825lAmt1AZpf","id":"xUmgXJKHnjvLybg7Ehy4"},{"accountno":"TA-2222222","departmentno":"2","salary":"2000","pincode":"222222","userid":"wV6WMCO2yeVqDezlXdhH","id":"d9JKV3EDoMlsO3oSawOW"},{"accountno":"TA-5555555","departmentno":"5","salary":"5","pincode":"505050","userid":"kHacG2IP7Olqmq1CLFho","id":"FaHPkSJ9CuIIfQ8Zi5gF"},{"accountno":"TA-112233","departmentno":1,"salary":123456,"pincode":123456,"userid":"UUzhVpTf825lAmt1AZpf","id":"hEi62m5WG186nI5Cg8hn"},{"accountno":"TA-1111111","departmentno":1,"salary":1,"pincode":111111,"userid":"kHacG2IP7Olqmq1CLFho","id":"v6XzTtniZZbdpdM8mU4t"},{"accountno":"TA-1122330","departmentno":"","salary":4564874,"pincode":530016,"userid":"kHacG2IP7Olqmq1CLFho","id":"0Bq7Mj9RuighBEUBK6r3"},{"accountno":"TA-4491001","departmentno":"7","salary":"9000","pincode":"908760","userid":"xfvwphFcCCoaYVEl5Zb6","id":"masIZkmSSAfDs487ZsFr"},{"accountno":"TA-4491001","departmentno":"7","salary":"9000","pincode":"908760","userid":"xfvwphFcCCoaYVEl5Zb6","id":"fJqWWBgmKiPFbUAEnyg3"},{"accountno":"TA-4491001","departmentno":"7","salary":"9000","pincode":"908760","userid":"xfvwphFcCCoaYVEl5Zb6","id":"9MC2mq6LTcmk4VqaKC1M"},{"accountno":"TA-1122456","departmentno":"9","salary":"4564874","pincode":"530016","userid":"yNCXX8NruCfcrpuLyFMc","id":"FYfbMFEYTiju5QZaO35P"},{"accountno":"TA-4491001","departmentno":"7","salary":"9000","pincode":"908760","userid":"xfvwphFcCCoaYVEl5Zb6","id":"K3O2C2lAxoFVayR0fkdM"},{"accountno":"TA-8888888","departmentno":"8","salary":"8888888","pincode":"888888","userid":"taGX4XQQfXD3Z76sI1Xn","id":"1N8m55z28H5tzcifiP0j"},{"accountno":"TA-4491001","departmentno":"7","salary":"9000","pincode":"908760","userid":"xfvwphFcCCoaYVEl5Zb6","id":"XOHcAUcifXjf2OtsPU90"},{"accountno":"TA-4491001","departmentno":"7","salary":"9000","pincode":"908760","userid":"xfvwphFcCCoaYVEl5Zb6","id":"1jCp00Z5m7c1FYWJnqoE"},{"accountno":"TA-1234123","departmentno":"3","salary":"300000","pincode":"123123","userid":"m2IUsx9bvgkVwCXIt2Lg","id":"iMKFsVt5MvluKGaIF5de"},{"accountno":"TA-1122455","departmentno":"9","salary":"4564874","pincode":"530016","userid":"kHacG2IP7Olqmq1CLFho","id":"9yMAXZccOy6RUF544dqd"},{"accountno":"TA-0123456","departmentno":"0","salary":"00000","pincode":"000000","userid":"udhBK3zB8LiJm9Crv8KY","id":"Go9qzH4Exu2HM4wLzHGa"},{"accountno":"TA-4491001","departmentno":"7","salary":"9000","pincode":"908760","userid":"xfvwphFcCCoaYVEl5Zb6","id":"5f8o73yXaJ0MQYysC1jq"},{"accountno":"TA-4491001","departmentno":"9","salary":"9000","pincode":"908760","userid":"xfvwphFcCCoaYVEl5Zb6","id":"g7BAsAqJdIfzH8iXQFiI"},{"accountno":"TA-4491001","departmentno":"9","salary":"9000","pincode":"908765","userid":"xfvwphFcCCoaYVEl5Zb6","id":"iGhwtkuY8E5DYr1DK2zo"},{"accountno":"TA-1122455","departmentno":"9","salary":"4564874","pincode":"530016","userid":"yNCXX8NruCfcrpuLyFMc","id":"4vLpUF7mtdH226IRwouH"},{"accountno":"TA-4491001","departmentno":"8","salary":"9000","pincode":"908765","userid":"xfvwphFcCCoaYVEl5Zb6","id":"fJdWcX38Be0PDGhruOgQ"},{"accountno":"TA-4491001","departmentno":"8","salary":"9000","pincode":"908765","userid":"xfvwphFcCCoaYVEl5Zb6","id":"a9NfILD28kqtcEGlnMxK"},{"accountno":"2222222122","departmentno":"3","salary":"22222","pincode":"222222","userid":"YX2K8JJ205ix7q0MC7jw","id":"5cheTxDNH4g3kDmczQ8b"},{"accountno":"2222222122","departmentno":"3","salary":"22222","pincode":"222222","userid":"YX2K8JJ205ix7q0MC7jw","id":"jYMkAVjBZcXZCEFp6wP9"},{"accountno":"2222222222","departmentno":"5","salary":"200000","pincode":"233333","userid":"YX2K8JJ205ix7q0MC7jw","id":"BNWBWcR2eH8B4s6cdCf3"},{"accountno":"TA-4491000","departmentno":"8","salary":"9000","pincode":"908765","userid":"xfvwphFcCCoaYVEl5Zb6","id":"dEPjHX91mGgT7dN10MIB"},{"accountno":"TA-1111111","departmentno":"1","salary":"1111111","pincode":"111111","userid":"wV6WMCO2yeVqDezlXdhH","id":"x7er1PpeS6TGJDVDDcz3"},{"accountno":"TA-1111111","departmentno":"1","salary":"1111111","pincode":"111111","userid":"wV6WMCO2yeVqDezlXdhH","id":"QbsNaAMdYmUcTlPG6hDo"},{"accountno":"TA-4444420","departmentno":"4","salary":"500000","pincode":"908765","userid":"xfvwphFcCCoaYVEl5Zb6","id":"E5leluBZ2g0rzCbt2Jkx"},{"accountno":"TA-4491000","departmentno":"8","salary":"9000","pincode":"908765","userid":"xfvwphFcCCoaYVEl5Zb6","id":"VGSEHzGrtE3yu5HgySKG"},{"accountno":"TA-4441000","departmentno":"8","salary":"9000","pincode":"908765","userid":"xfvwphFcCCoaYVEl5Zb6","id":"MkmDnAwY2ZLlpLcJhXEY"},{"accountno":"TA-2890044","departmentno":4,"salary":4544,"pincode":466744,"userid":"8Z9CZ8L5lvQiuyxEbokN","id":"OZLN2IodoHFMXLYZTrNn"},{"accountno":"TA-1276982","departmentno":2,"salary":2502,"pincode":257342,"userid":"8Z9CZ8L5lvQiuyxEbokN","id":"La1QF6OMS7vBPMnjlImp"},{"accountno":"TA-2323232","departmentno":"3","salary":"12","pincode":"235678","userid":"xfvwphFcCCoaYVEl5Zb6","id":"VQXnVySZhIE9kRw6IvSL"},{"accountno":"TA-1133455","departmentno":"8","salary":"4564874","pincode":"530016","userid":"yNCXX8NruCfcrpuLyFMc","id":"n7gCpgpqmkzmNFHOL9Yr"},{"accountno":"TA-2105098","departmentno":"2","salary":"253670","pincode":"142637","userid":"bjMEIeH786owBw0agPKo","id":"zNdQBgH6zNBUHze8UoBp"},{"accountno":"TA-2105098","departmentno":"2","salary":"253670","pincode":"142637","userid":"bjMEIeH786owBw0agPKo","id":"PZugJejpXjeanyku5NxR"},{"accountno":"TA-5675675","departmentno":"3","salary":"656565","pincode":"530016","userid":"yNCXX8NruCfcrpuLyFMc","id":"7Y6PsUKUAOm5GmhM8thq"},{"accountno":"TA-2234452","departmentno":"2","salary":"2","pincode":"222222","userid":"kHacG2IP7Olqmq1CLFho","id":"sgOJMBeasSaFtP28DRvK"},{"accountno":"TA-3334445","departmentno":"8","salary":"4564874","pincode":"530016","userid":"yNCXX8NruCfcrpuLyFMc","id":"epvUMQ4FjxofoXn7sjR4"},{"accountno":"TA-1234567","departmentno":"8","salary":"9999","pincode":"142022","userid":"d966psJS1G0lXYaj5GZJ","id":"kKxicPsvgnGRBfsJFg8M"},{"accountno":"TA-2234452","departmentno":"2","salary":"2","pincode":"222222","userid":"kHacG2IP7Olqmq1CLFho","id":"mIdyy8EKMLRS4aQqWzWl"},{"accountno":"TA-2356569","departmentno":"0","salary":"3333","pincode":"233333","userid":"YX2K8JJ205ix7q0MC7jw","id":"X4gRYpkULFH5N0hwS2Yz"},{"accountno":"TA-1111112","departmentno":5,"salary":99999,"pincode":435560,"userid":"YX2K8JJ205ix7q0MC7jw","id":"4XjKsooeORwPmc85HmEW"},{"accountno":"TA-1111112","departmentno":"5","salary":"99999","pincode":"435566","userid":"YX2K8JJ205ix7q0MC7jw","id":"SSb5JAuskFri06fwcHVW"},{"accountno":"TA-1111111","departmentno":"5","salary":"99999","pincode":"435566","userid":"YX2K8JJ205ix7q0MC7jw","id":"kdD9oGszwlhF3GUkjnAi"},{"accountno":"TA-2105095","departmentno":"5","salary":"189000","pincode":"132575","userid":"bjMEIeH786owBw0agPKo","id":"Bzf4IYQDhBVusGdTz1tv"},{"accountno":"TA-2105095","departmentno":"5","salary":"189000","pincode":"132575","userid":"bjMEIeH786owBw0agPKo","id":"LKZnPEhUujcu5Wodx8Xi"},{"accountno":"TA-1000001","departmentno":"1","salary":"100800","pincode":"999999","userid":"J6orzdRaQ0UoDrwOnCQw","id":"QbBEE0pcquPtmRAGLSmC"},{"accountno":"TA-1111199","departmentno":1,"salary":1,"pincode":111111,"userid":"J6orzdRaQ0UoDrwOnCQw","id":"IbFBUKZT8RbDqBpDTO3A"},{"accountno":"TA-0000089","departmentno":"1","salary":"100800","pincode":"999999","userid":"J6orzdRaQ0UoDrwOnCQw","id":"qjXTnyGQ9tt643SoF9Hb"},{"accountno":"TA-0000009","departmentno":1,"salary":100000,"pincode":600012,"userid":"J6orzdRaQ0UoDrwOnCQw","id":"oblPq0RzgVH6Ygha8cAr"},{"accountno":"TA-1000009","departmentno":"1","salary":"100000","pincode":"999999","userid":"J6orzdRaQ0UoDrwOnCQw","id":"LIlmhEo2tPnkhLY2Re5i"},{"accountno":"TA-12345678","departmentno":8,"salary":888888,"pincode":850271,"userid":"JQGgG0SnNsZlQgoI2840","id":"6xSiElU14hL5PALrQAeZ"},{"accountno":"TA-1111129","departmentno":"1","salary":"32232","pincode":"999999","userid":"J6orzdRaQ0UoDrwOnCQw","id":"1MDDQ1cXWCzmuWHGDLjL"},{"accountno":"TA-1111119","departmentno":"1","salary":"111","pincode":"999999","userid":"J6orzdRaQ0UoDrwOnCQw","id":"76Du0lgfGecO6TeRNoMw"},{"accountno":"TA-1234456","departmentno":"1","salary":"1","pincode":"111222","userid":"kHacG2IP7Olqmq1CLFho","id":"ZMn32dFIRechrsuSjiLo"},{"accountno":"TA-1111119","departmentno":"1","salary":"111","pincode":"999999","userid":"J6orzdRaQ0UoDrwOnCQw","id":"6ZovJr8ys6rZ3uIyAOnS"},{"accountno":"TA-3333445","departmentno":"9","salary":"456487","pincode":"530016","userid":"yNCXX8NruCfcrpuLyFMc","id":"kug7zh6I1QqyIJWt0PtA"},{"accountno":"TA-8888888","departmentno":"8","salary":"800000","pincode":"850271","userid":"JQGgG0SnNsZlQgoI2840","id":"jl3ncGeS7SZHTtKV1dTQ"},{"accountno":"TA-2233445","departmentno":"6","salary":"456487","pincode":"530016","userid":"yNCXX8NruCfcrpuLyFMc","id":"MBfkzKrcfkbJkcdhI3Vt"},{"accountno":"TA-1234456","departmentno":2,"salary":2,"pincode":111111,"userid":"kHacG2IP7Olqmq1CLFho","id":"qOoPdqsN1tIY2AqIyUiP"},{"accountno":"TA-1234532","departmentno":"7","salary":"40000","pincode":"600021","userid":"J6orzdRaQ0UoDrwOnCQw","id":"2C3NJadCLDYTN4LThDko"},{"accountno":"TA-2344670","departmentno":"57","salary":"456487","pincode":"530016","userid":"yNCXX8NruCfcrpuLyFMc","id":"VLl7ynW5LrxGio3fqNzz"},{"accountno":"TA-2345678","departmentno":"2","salary":"45645","pincode":"518976","userid":"taGX4XQQfXD3Z76sI1Xn","id":"IfWH2L9bpZ7p8eYPDxpu"},{"accountno":"TA-0000036","departmentno":6,"salary":555555,"pincode":123456,"userid":"AFBkhOy7QoXq6wEDT5Oe","id":"JZismaTgJ9QmHgNU8qKG"},{"accountno":"TA-0000035","departmentno":"5","salary":"555","pincode":"123456","userid":"AFBkhOy7QoXq6wEDT5Oe","id":"lnHXKjgtFVL9AVFKL8D2"},{"accountno":"TA-0000035","departmentno":"5","salary":"555","pincode":"123456","userid":"AFBkhOy7QoXq6wEDT5Oe","id":"CBKbmHkRIEeEuaRO5hed"},{"accountno":"TA-0000035","departmentno":"5","salary":"555","pincode":"123456","userid":"AFBkhOy7QoXq6wEDT5Oe","id":"9ffvFCCRB0WB3Hsz1vvH"},{"accountno":"TA-1234456","departmentno":"1","salary":"1","pincode":"111111","userid":"kHacG2IP7Olqmq1CLFho","id":"wkYP3KbzCxnwN8DuUZBD"},{"accountno":"TA-1111111","departmentno":11,"salary":11111,"pincode":111113,"userid":"kHacG2IP7Olqmq1CLFho","id":"VveNotetQdoZ0TghM6IH"},{"accountno":"TA-1234567","departmentno":5,"salary":1000,"pincode":950351,"userid":"9ATDdiU55R3Axp8t2Wdw","id":"V8RJYYiJu63dWGBirIFS"},{"accountno":"TA-91919191","departmentno":91,"salary":90000,"pincode":999999,"userid":"wV6WMCO2yeVqDezlXdhH","id":"WkfxFT7oP7ES7mjdtj1x"},{"accountno":"TA-4050607","departmentno":"5","salary":"9000000000","pincode":"774944","userid":"Qn9aLmEb5M9tHd0c1gK9","id":"AMdRfAR3XtFB54Xc51YK"},{"accountno":"TA-6732547","departmentno":"2","salary":"235435","pincode":"345656","userid":"udhBK3zB8LiJm9Crv8KY","id":"M70XyBNCUjJMR4gsIQ66"},{"accountno":"TA-1111111","departmentno":"1","salary":"10000","pincode":"111111","userid":"wV6WMCO2yeVqDezlXdhH","id":"gF5IAQOIsai6zqBQqNIY"},{"accountno":"TA-4050607","departmentno":"5","salary":"9000000000","pincode":"774944","userid":"Qn9aLmEb5M9tHd0c1gK9","id":"JwxaNIZB4Nm0wSraYBeM"},{"accountno":"TA-5673890","departmentno":6,"salary":30000,"pincode":673890,"userid":"CgpJJ4mrZzrTtp2M5Zag","id":"SljzOq8Om5cjuFU191Z3"},{"accountno":"TA-8888888","departmentno":"8","salary":"8000","pincode":"888888","userid":"wV6WMCO2yeVqDezlXdhH","id":"rpM2cahB3UumgWAZNuPz"},{"accountno":"TA-3333333","departmentno":"3","salary":"3000","pincode":"333333","userid":"wV6WMCO2yeVqDezlXdhH","id":"vM3iNKYwFbJlE4vq8CoV"},{"accountno":"TA-7777777","departmentno":"7","salary":"7000","pincode":"777777","userid":"wV6WMCO2yeVqDezlXdhH","id":"HYqZHRnChlPi8DIMisLS"},{"accountno":"TA-0123456","departmentno":"5","salary":"12345","pincode":"012345","userid":"udhBK3zB8LiJm9Crv8KY","id":"HpYeX8MJuuDKQRx1U798"},{"accountno":"TA-555552222","departmentno":2,"salary":1000,"pincode":950142,"userid":"wV6WMCO2yeVqDezlXdhH","id":"3ipnOJdDHcM6JhfyoGGI"},{"accountno":"TA-0000001","departmentno":"0","salary":"0","pincode":"000000","userid":"AFBkhOy7QoXq6wEDT5Oe","id":"8F6SwTXwq7ZnFDLEDAo3"},{"accountno":"TA-0000001","departmentno":"0","salary":"0","pincode":"000000","userid":"AFBkhOy7QoXq6wEDT5Oe","id":"AaDMYHpxkp6fZhMPC9ug"},{"accountno":"TA-0000000","departmentno":"0","salary":"0","pincode":"000000","userid":"AFBkhOy7QoXq6wEDT5Oe","id":"M0zFhOIahjujJHls70WN"},{"accountno":"TA-2222222","departmentno":"2","salary":"2","pincode":"222222","userid":"kHacG2IP7Olqmq1CLFho","id":"vZDhCZ8Uf0AQJLFTIL2I"},{"accountno":"TA-1233398","departmentno":"5","salary":"50000","pincode":"789645","userid":"CgpJJ4mrZzrTtp2M5Zag","id":"yXVuPbDR9NuL5rmSti1L"},{"accountno":"TA-1234567","departmentno":4,"salary":560000,"pincode":676767,"userid":"Qn9aLmEb5M9tHd0c1gK9","id":"udPpaWkxDpZ2toQLhGzR"},{"accountno":"12345678","departmentno":"1","salary":"12345","pincode":"530015","userid":"yNCXX8NruCfcrpuLyFMc","id":"1nKGYeraCD8GTuyzv5kv"},{"accountno":"87654321","departmentno":"1","salary":"5000000","pincode":"850272","userid":"JQGgG0SnNsZlQgoI2840","id":"acuCJLOQgOKv5k6eS5Zb"},{"accountno":"12345678","departmentno":"5","salary":"500000","pincode":"850271","userid":"JQGgG0SnNsZlQgoI2840","id":"WszADCJNoCQMH45N6j5s"},{"accountno":"12345678","departmentno":"5","salary":"56756","pincode":"000098","userid":"yNCXX8NruCfcrpuLyFMc","id":"UUgu2zK2iqOF83XY0pfq"},{"accountno":"TA-1234567","departmentno":"6","salary":"789","pincode":"345678","userid":"d966psJS1G0lXYaj5GZJ","id":"OlekeiYtCTiJ82zo4ebK"},{"accountno":"45454545","departmentno":"8","salary":"18999","pincode":"678523","userid":"yNCXX8NruCfcrpuLyFMc","id":"fogrrGWZ0us3EZUVZci6"},{"accountno":"TA-1234567","departmentno":"2","salary":"8000","pincode":"905678","userid":"Qv9VqoMypQb6l9QCZH54","id":"A9GQK9uSFVfzoWGxEQer"},{"accountno":"12344578","departmentno":"4","salary":"123455","pincode":"098765","userid":"Qn9aLmEb5M9tHd0c1gK9","id":"PoAeZL12z5wfaq9mjIrA"},{"accountno":"12321345","departmentno":"1","salary":"1234567","pincode":"123456","userid":"Qn9aLmEb5M9tHd0c1gK9","id":"E3DRAkEeImR6qEN52RaP"},{"accountno":"23444553","departmentno":"3","salary":"12345666","pincode":"098765","userid":"Qn9aLmEb5M9tHd0c1gK9","id":"XegXJi0yrglhdOacgsWm"},{"accountno":"12323443","departmentno":"3","salary":"345645677","pincode":"345455","userid":"Qn9aLmEb5M9tHd0c1gK9","id":"vPDwOVn3o3ZIyov5VzKL"},{"accountno":"TA-2105090","departmentno":2,"salary":175000,"pincode":236456,"userid":"bjMEIeH786owBw0agPKo","id":"rQio3cjlnYTYXxNy6Mac"},{"accountno":"TA-1234567","departmentno":"5","salary":"10000","pincode":"380007","userid":"9ATDdiU55R3Axp8t2Wdw","id":"Wd7XfSElTdpwDjFmXjtM"},{"accountno":"TA-1111111","departmentno":1,"salary":232323,"pincode":111111,"userid":"lliqqQ08qWBQ5Nuj4qbj","id":"wvh7lDugCSxuTDvqxI9d"},{"accountno":"12345678","departmentno":"5","salary":"10000000","pincode":"123456","userid":"UbzKln8jt3iwGZ5iKVw2","id":"FF087UnJGxbrI1K44SH7"},{"accountno":"12345678","departmentno":"1","salary":"20000","pincode":"950351","userid":"9ATDdiU55R3Axp8t2Wdw","id":"sasWaGhKEIORfcerNHOK"},{"accountno":"345758588","departmentno":"3","salary":"000","pincode":"000000","userid":"21DNJfRWMycoJKM8qgeS","id":"dETkAG5QRxbKcdiRbPLM"},{"accountno":"98989898","departmentno":"9","salary":"9898","pincode":"989898","userid":"slMmUbcVYDhaNDcAeSQv","id":"9yt4Kq8c9UAPUQSYCZZL"},{"accountno":"98989898","departmentno":"9","salary":"9898","pincode":"989898","userid":"slMmUbcVYDhaNDcAeSQv","id":"Xag1oSMckqQKQTPtAhGw"},{"accountno":"98989898","departmentno":"9","salary":"9898","pincode":"989898","userid":"slMmUbcVYDhaNDcAeSQv","id":"Ko3kuoeb0KSGGCIjDM39"},{"accountno":"98989898","departmentno":"9","salary":"9898","pincode":"989898","userid":"slMmUbcVYDhaNDcAeSQv","id":"yJwP9qktFqKbpTRvsO64"},{"accountno":"98989898","departmentno":"9","salary":"9898","pincode":"989898","userid":"slMmUbcVYDhaNDcAeSQv","id":"BzuUOZjECT9ivXAxIHVb"},{"accountno":"99999123","departmentno":"1","salary":"5333","pincode":"901234","userid":"Zkr5GwJhXN3dOEP2fImf","id":"qtkQH173FXUQvrF4C8y0"},{"accountno":"88884491","departmentno":"1","salary":"4000","pincode":"763291","userid":"Zkr5GwJhXN3dOEP2fImf","id":"a3RqhPDcnenGTCpYDZCe"},{"accountno":"48484848","departmentno":"5","salary":"2525","pincode":"255255","userid":"jK6TLwt6oIcYQmeujB2R","id":"krJoeVvULfCeSQ59J6Iq"},{"accountno":"99999123","departmentno":"1","salary":"53330","pincode":"901234","userid":"bkIputQuPTs2zkhrMT6d","id":"ZJRNpsJuuOa558vE5FDE"},{"accountno":"99999823;","departmentno":"1","salary":"40000","pincode":"763291","userid":"bkIputQuPTs2zkhrMT6d","id":"x9GyOcxUMxmSJpIecGsG"},{"accountno":"99999123","departmentno":"1","salary":"53330","pincode":"901234","userid":"Zkr5GwJhXN3dOEP2fImf","id":"tOU8E9WcjEXfwL5HgbOE"},{"accountno":"99999823;","departmentno":"1","salary":"40000","pincode":"763291","userid":"Zkr5GwJhXN3dOEP2fImf","id":"vgJfyicIVkVS50UPZHT2"},{"accountno":"23432422","departmentno":"2","salary":"233","pincode":"234322","userid":"Zkr5GwJhXN3dOEP2fImf","id":"DOa1aFe9XzHzYpKqQFPG"},{"accountno":"90909090","departmentno":"5","salary":"5678","pincode":"345678","userid":"rramin58ybocMNQoFYXl","id":"24HQKiMTZpHCi9TetAZu"},{"accountno":"90909090","departmentno":"5","salary":"5678","pincode":"345678","userid":"rramin58ybocMNQoFYXl","id":"0Fgaeutb4kghmyUqJI23"},{"accountno":"11111111","departmentno":"1","salary":"10000","pincode":"111111","userid":"NhIAWPJNpQoYlFjMPScL","id":"8YD9Qk0pjJQPabDv9IZ2"},{"accountno":"11111111","departmentno":"1","salary":"10000","pincode":"111111","userid":"NhIAWPJNpQoYlFjMPScL","id":"v2PaopDyfLp8RbChhETa"},{"accountno":"30303030","departmentno":"43","salary":"15000","pincode":"666666","userid":"IdB36E42UlOHhyfpFueu","id":"tq6k9mJCsofg6fr4SAzm"},{"accountno":"30303030","departmentno":"43","salary":"15000","pincode":"666666","userid":"IdB36E42UlOHhyfpFueu","id":"WbCuIa7kcNbChXglM3Hh"},{"accountno":"20000040","departmentno":"4","salary":"20040","pincode":"200040","userid":"XVdEAYnNkz3FsrWew6iu","id":"cIB2loQKRpyKW76Hk9LA"},{"accountno":"56785678","departmentno":"5","salary":"567765","pincode":"567765","userid":"aaTLunwlzmlOZuXsBm4W","id":"PD16TqxJ8rCjlM13pfkK"},{"accountno":"56785678","departmentno":"5","salary":"567765","pincode":"567765","userid":"aaTLunwlzmlOZuXsBm4W","id":"iGeSLkQ2dXZw3axuqTeo"},{"accountno":"56785678","departmentno":"5","salary":"567765","pincode":"567765","userid":"aaTLunwlzmlOZuXsBm4W","id":"3n3FbrK8Um695WSMGwn3"},{"accountno":"56785678","departmentno":"5","salary":"567765","pincode":"567765","userid":"aaTLunwlzmlOZuXsBm4W","id":"3v7FYYDPjJKBL4SlIJh0"},{"accountno":"56785678","departmentno":"5","salary":"567765","pincode":"567765","userid":"aaTLunwlzmlOZuXsBm4W","id":"yWTNmdsI3tNmjRLc6bjM"},{"accountno":"99999123","departmentno":"1","salary":"5333","pincode":"901234","userid":"Zkr5GwJhXN3dOEP2fImf","id":"jgE7AoKVVwccIVodzLQ1"},{"accountno":"99999823;","departmentno":"1","salary":"4000","pincode":"763291","userid":"Zkr5GwJhXN3dOEP2fImf","id":"DbyGAz2YJcbcT6Rc7BUk"},{"accountno":"99999123","departmentno":"1","salary":"5333","pincode":"901234","userid":"Zkr5GwJhXN3dOEP2fImf","id":"7nVGar8SIAN50CzLmIRK"},{"accountno":"99999823;","departmentno":"1","salary":"4000","pincode":"763291","userid":"Zkr5GwJhXN3dOEP2fImf","id":"w9nw8hMII5gKQzSYYeev"},{"accountno":"99999123","departmentno":"1","salary":"5333","pincode":"901234","userid":"Zkr5GwJhXN3dOEP2fImf","id":"TBS7Ohtvp8POsNh29CIn"},{"accountno":"99999823;","departmentno":"1","salary":"4000","pincode":"763291","userid":"Zkr5GwJhXN3dOEP2fImf","id":"p7AjL9KAJjUAa5aVwgd9"},{"accountno":"99999123","departmentno":"1","salary":"5333","pincode":"901234","userid":"Zkr5GwJhXN3dOEP2fImf","id":"MFX0ErQUiRjGMEImiJmF"},{"accountno":"99999823;","departmentno":"1","salary":"4000","pincode":"763291","userid":"Zkr5GwJhXN3dOEP2fImf","id":"4AhUwEpZ0lVDiZFFA6YK"},{"accountno":"99999123","departmentno":5,"salary":5333,"pincode":901234,"userid":"Zkr5GwJhXN3dOEP2fImf","id":"thfd1oC011h2iwuqfaoc"},{"accountno":"99999123","departmentno":"1","salary":"5333","pincode":"901234","userid":"Zkr5GwJhXN3dOEP2fImf","id":"k1I1aEEaobc2EjDLGMmD"},{"accountno":"22233666","departmentno":"9","salary":"90000","pincode":"996688","userid":"tlgGgFrL4EhtaG1QsIC0","id":"AlZpvdcV2CAkUxsboZj1"},{"accountno":"22233666","departmentno":"9","salary":"90000","pincode":"996688","userid":"tlgGgFrL4EhtaG1QsIC0","id":"bbBj0NOytT3i2EsAdnXL"},{"accountno":"99999123","departmentno":"1","salary":"5333","pincode":"901234","userid":"Zkr5GwJhXN3dOEP2fImf","id":"Gf1lGXv0VpUMujJtabIF"},{"accountno":"88884491","departmentno":"1","salary":"4000","pincode":"763291","userid":"Zkr5GwJhXN3dOEP2fImf","id":"SwfM20lqyv2NcS6r56pc"},{"accountno":"1110000","departmentno":"9000","salary":"676767","pincode":"987654","userid":"JkHqJgxoYXu4JmKVHecw","id":"cCp8tbBrOP1PKqtTNt7B"},{"accountno":"1110000","departmentno":"9000","salary":"676767","pincode":"987654","userid":"JkHqJgxoYXu4JmKVHecw","id":"obo8YLih0otwhPneWLWU"},{"accountno":"1110000","departmentno":"9000","salary":"676767","pincode":"987654","userid":"JkHqJgxoYXu4JmKVHecw","id":"Jrg8R4dOGPB382N4vw7i"},{"accountno":"1000000","departmentno":"11100","salary":"123456","pincode":"987654","userid":"JkHqJgxoYXu4JmKVHecw","id":"PFNagGqJOMNM6eG0qmTu"},{"accountno":"1000000","departmentno":"11100","salary":"123456","pincode":"987654","userid":"JkHqJgxoYXu4JmKVHecw","id":"jKBqkICVf2lxRYiQ2MT8"},{"accountno":"11111111","departmentno":"1","salary":"0000","pincode":"000000","userid":"bkIputQuPTs2zkhrMT6d","id":"TBZM78TxCw72ZnSdvCUW"},{"accountno":"88888899","departmentno":"5","salary":"6767","pincode":"945971","userid":"y4EGNLRjrgtEjC6KVUVR","id":"WWG1lVZdyGQ9uxDpT6Wv"},{"accountno":"88888888","departmentno":"5","salary":"6767","pincode":"945971","userid":"y4EGNLRjrgtEjC6KVUVR","id":"c1TcbGWthQWcZTXjXOFb"},{"accountno":"32132121","departmentno":"3","salary":"80000","pincode":"321321","userid":"g3XNrrwU0oVXB9kVJ132","id":"bpjL0EiYFVRemgem1Qvg"},{"accountno":"76576576","departmentno":"5","salary":"76767","pincode":"565656","userid":"y4EGNLRjrgtEjC6KVUVR","id":"3MlzwpmiveRAHeV4r4MX"},{"accountno":"76576576","departmentno":"5","salary":"76767","pincode":"565656","userid":"y4EGNLRjrgtEjC6KVUVR","id":"MckaTJQWRoJL3Hze2iDk"},{"accountno":"32132133","departmentno":4,"salary":70000,"pincode":321321,"userid":"g3XNrrwU0oVXB9kVJ132","id":"v51oNwjKdoIYwPPxlBkF"},{"accountno":"76222543","departmentno":"9","salary":"65872","pincode":"177765","userid":"VyzFzGdrldfutDmGHMRm","id":"AK552shjBIuGudUpE6F3"},{"accountno":"33333333","departmentno":"7","salary":"9000","pincode":"111111","userid":"y4EGNLRjrgtEjC6KVUVR","id":"OCY6ssCiPCqcVqOmi3wQ"},{"accountno":"76076543","departmentno":"9","salary":"65872","pincode":"177765","userid":"VyzFzGdrldfutDmGHMRm","id":"L16OaDylT088Yv7CyhjQ"},{"accountno":"76001111","departmentno":"9","salary":"65872","pincode":"177765","userid":"VyzFzGdrldfutDmGHMRm","id":"YjDNPjqbDlkrZVD8pYZb"},{"accountno":"76490001","departmentno":"9","salary":"65872","pincode":"100005","userid":"VyzFzGdrldfutDmGHMRm","id":"9PxzYJ4xotoMXItVbhzH"},{"accountno":"11111111","departmentno":"1","salary":"0000","pincode":"000000","userid":"y4EGNLRjrgtEjC6KVUVR","id":"cKZXk6jwqKFzR4Xfa2hL"},{"accountno":"95318631","departmentno":"9","salary":"65872","pincode":"100005","userid":"VyzFzGdrldfutDmGHMRm","id":"EnCmFkQ27KZNJJeZv31c"},{"accountno":"87421621","departmentno":"9","salary":"65872","pincode":"100005","userid":"VyzFzGdrldfutDmGHMRm","id":"FBJ2maZXoCgl4wqH3318"},{"accountno":"00000000","departmentno":"7","salary":"9000","pincode":"111111","userid":"tlgGgFrL4EhtaG1QsIC0","id":"ofsMNaDp9ew0XUkK2h9G"},{"accountno":"00000000","departmentno":"7","salary":"9000","pincode":"111111","userid":"tlgGgFrL4EhtaG1QsIC0","id":"wFbXFmHOHWqOUR4aM3uI"},{"accountno":"00000000","departmentno":"7","salary":"9000","pincode":"111111","userid":"tlgGgFrL4EhtaG1QsIC0","id":"UY6zShvmsor6AuJmqcs9"},{"accountno":"00000000","departmentno":"7","salary":"9000","pincode":"111111","userid":"y4EGNLRjrgtEjC6KVUVR","id":"f5ULAhvbKzwJU3bi1W68"},{"accountno":"65726621","departmentno":"6","salary":"655512","pincode":"100005","userid":"VyzFzGdrldfutDmGHMRm","id":"VbbPIkmKf4gRtvvqpvsS"},{"accountno":"90909000","departmentno":"7","salary":"9000","pincode":"222222","userid":"y4EGNLRjrgtEjC6KVUVR","id":"VcIDVaIJoa5AiuSOKDiW"},{"accountno":"90909090","departmentno":"7","salary":"9000","pincode":"111111","userid":"y4EGNLRjrgtEjC6KVUVR","id":"5dMLeMClZs44jIqroKY4"},{"accountno":"90909090","departmentno":"7","salary":"9000","pincode":"111111","userid":"y4EGNLRjrgtEjC6KVUVR","id":"Me9eP0eoVuiizoQuqmUD"},{"accountno":"90909090","departmentno":"7","salary":"9000","pincode":"111111","userid":"y4EGNLRjrgtEjC6KVUVR","id":"savFRsyJV4x5S6fqdHHd"},{"accountno":"10101010","departmentno":"1","salary":"10000","pincode":"121212","userid":"y4EGNLRjrgtEjC6KVUVR","id":"KwXWpX1aKOiUVBECZ0ua"},{"accountno":"12121212","departmentno":"1","salary":"10000","pincode":"121212","userid":"y4EGNLRjrgtEjC6KVUVR","id":"oJruI90MvFNCk4YLBbp4"},{"accountno":"48484848","departmentno":"5","salary":"2525","pincode":"255255","userid":"jK6TLwt6oIcYQmeujB2R","id":"JPWOq04DwNG22Vvapsqw"},{"accountno":"65726621","departmentno":"6","salary":"655512","pincode":"100005","userid":"VyzFzGdrldfutDmGHMRm","id":"CEhU8oBvx18JnMvNjYtZ"},{"accountno":"65726621","departmentno":"6","salary":"655512","pincode":"100005","userid":"VyzFzGdrldfutDmGHMRm","id":"g5MDdPYsGFjiTzu6sCD2"},{"accountno":"012345678","departmentno":"7","salary":"125512","pincode":"100005","userid":"TKd8CY7OebEXKuLypGxT","id":"HSWzJr30JIRDLxNeXXlk"},{"accountno":"55555555","departmentno":"5","salary":"125512","pincode":"100005","userid":"VyzFzGdrldfutDmGHMRm","id":"RKLVtTI3gAeGsy565XGN"},{"accountno":"11221122","departmentno":"4","salary":"12121212","pincode":"543211","userid":"uOeP1LqAOnF3DTNy7HRY","id":"uY2udlEq9TwcoYYEIRW9"},{"accountno":"12121219","departmentno":"1","salary":"121212","pincode":"121219","userid":"0i9ethfGZFRymdflhjue","id":"sJt8zASjpABieWSGq9cv"},{"accountno":"12121218","departmentno":"1","salary":"999999","pincode":"121218","userid":"0i9ethfGZFRymdflhjue","id":"WL2JnyqS0EiiQKvGPjyl"},{"accountno":"12121333","departmentno":"1","salary":"70000","pincode":"121212","userid":"y4EGNLRjrgtEjC6KVUVR","id":"h3KX0DfGfeVOxOEcsQIv"},{"accountno":"22233666","departmentno":"9","salary":"90000","pincode":"996688","userid":"tlgGgFrL4EhtaG1QsIC0","id":"8kJj8X0Nr8ffiBDJLZ15"},{"accountno":"22233666","departmentno":"9","salary":"90000","pincode":"996688","userid":"tlgGgFrL4EhtaG1QsIC0","id":"FgIonDFszVEADl6nTHdi"},{"accountno":"22233666","departmentno":"9","salary":"90000","pincode":"996688","userid":"tlgGgFrL4EhtaG1QsIC0","id":"jcFqrruZpZ6nU9RCN4DI"},{"accountno":"22233666","departmentno":"9","salary":"90000","pincode":"996688","userid":"y4EGNLRjrgtEjC6KVUVR","id":"qdyu7QZQ2exf4D5afnvD"},{"accountno":"12345678","departmentno":"1","salary":"1","pincode":"123456","userid":"g537KB9GfcGWqMrIlMPW","id":"WV3vEN0wd4U3cyPa8aVD"},{"accountno":"22233666","departmentno":"9","salary":"90000","pincode":"996688","userid":"tlgGgFrL4EhtaG1QsIC0","id":"hNXwBoXj9IwPHTrMQnJo"},{"accountno":"22233666","departmentno":"9","salary":"90000","pincode":"996688","userid":"tlgGgFrL4EhtaG1QsIC0","id":"ZK6asc5Est8QTTVXyHb9"},{"accountno":"22233666","departmentno":"9","salary":"90000","pincode":"996688","userid":"tlgGgFrL4EhtaG1QsIC0","id":"i0bWPsNADe6DZUpAAPmb"},{"accountno":"22233666","departmentno":"9","salary":"90000","pincode":"996688","userid":"y4EGNLRjrgtEjC6KVUVR","id":"cGLDugEFfUvcReSsi81R"},{"accountno":"12345678","departmentno":"1","salary":"1","pincode":"123456","userid":"g537KB9GfcGWqMrIlMPW","id":"R39bHVGxeU1SeyXb59VK"},{"accountno":"22233666","departmentno":"9","salary":"90000","pincode":"996688","userid":"tlgGgFrL4EhtaG1QsIC0","id":"XcQ46vsnVVd3b1Pr7e67"},{"accountno":"22233666","departmentno":"9","salary":"90000","pincode":"996688","userid":"tlgGgFrL4EhtaG1QsIC0","id":"OPvRSot9NP7DKD3NtzAQ"},{"accountno":"22233666","departmentno":"9","salary":"90000","pincode":"996688","userid":"tlgGgFrL4EhtaG1QsIC0","id":"NRWgENToYpRCzk3zHG3O"},{"accountno":"22233666","departmentno":"9","salary":"90000","pincode":"996688","userid":"y4EGNLRjrgtEjC6KVUVR","id":"a4U1in7qtkrVRjHKwXbb"},{"accountno":"11221121","departmentno":"6","salary":"12121212","pincode":"543211","userid":"uOeP1LqAOnF3DTNy7HRY","id":"u0qiFtrbPsN7I3gXPrFv"},{"accountno":"44444444","departmentno":"4","salary":"444444444","pincode":"444444","userid":"uOeP1LqAOnF3DTNy7HRY","id":"AsZft58nSHXxwzlKfhIh"},{"accountno":"33333333","departmentno":"3","salary":"33333333333","pincode":"333333","userid":"uOeP1LqAOnF3DTNy7HRY","id":"4i3LTkKeIeAuw7cx7mrZ"},{"accountno":"22222222","departmentno":"2","salary":"222222222","pincode":"222222","userid":"uOeP1LqAOnF3DTNy7HRY","id":"D3qljas9L8dHrC1AFQ4s"},{"accountno":"22233666","departmentno":"9","salary":"90000","pincode":"996688","userid":"tlgGgFrL4EhtaG1QsIC0","id":"wPdUp18WVb11dvdWSVZW"},{"accountno":"22233666","departmentno":"9","salary":"90000","pincode":"996688","userid":"tlgGgFrL4EhtaG1QsIC0","id":"0oulMuZhLtnGJxO36c1d"},{"accountno":"22233666","departmentno":"9","salary":"90000","pincode":"996688","userid":"tlgGgFrL4EhtaG1QsIC0","id":"448sSIstlrmWvCjcKgDF"},{"accountno":"22233666","departmentno":"9","salary":"90000","pincode":"996688","userid":"y4EGNLRjrgtEjC6KVUVR","id":"p3UBQU7Qa3sRHsLKQ6yr"},{"accountno":"22233666","departmentno":"9","salary":"90000","pincode":"996688","userid":"tlgGgFrL4EhtaG1QsIC0","id":"Xo5ER1YrxWsTeau4vwbM"},{"accountno":"22233666","departmentno":"9","salary":"90000","pincode":"996688","userid":"tlgGgFrL4EhtaG1QsIC0","id":"jHjObCUu2jqT8R1LDh9T"},{"accountno":"22233666","departmentno":"9","salary":"90000","pincode":"996688","userid":"tlgGgFrL4EhtaG1QsIC0","id":"KTJRDLYwQtdU7aGOiI8G"},{"accountno":"22233666","departmentno":"9","salary":"90000","pincode":"996688","userid":"y4EGNLRjrgtEjC6KVUVR","id":"VTLCnKayPQ9bFVHizlA2"},{"accountno":"22233666","departmentno":"9","salary":"90000","pincode":"996688","userid":"tlgGgFrL4EhtaG1QsIC0","id":"iIueqi2yLtzoDe0bzwAx"},{"accountno":"22233666","departmentno":"9","salary":"90000","pincode":"996688","userid":"tlgGgFrL4EhtaG1QsIC0","id":"sMa1co1yEw7KHHQ3VNmx"},{"accountno":"22233666","departmentno":"9","salary":"90000","pincode":"996688","userid":"tlgGgFrL4EhtaG1QsIC0","id":"4jNo8ZOMLQA315pLy50Q"},{"accountno":"22233666","departmentno":"9","salary":"90000","pincode":"996688","userid":"y4EGNLRjrgtEjC6KVUVR","id":"xVQwVkP1P7Z07pKPHZGZ"},{"accountno":"22233666","departmentno":"9","salary":"90000","pincode":"996688","userid":"tlgGgFrL4EhtaG1QsIC0","id":"Hf9Ghpk4LuJCksbv6zgl"},{"accountno":"22233666","departmentno":"9","salary":"90000","pincode":"996688","userid":"tlgGgFrL4EhtaG1QsIC0","id":"oshKoQeu9uiCCsOFKp5F"},{"accountno":"22233666","departmentno":"9","salary":"90000","pincode":"996688","userid":"tlgGgFrL4EhtaG1QsIC0","id":"EWl3yFXZVAUU9N2SxR4r"},{"accountno":"22233666","departmentno":"9","salary":"90000","pincode":"996688","userid":"y4EGNLRjrgtEjC6KVUVR","id":"OJvvCbmETeinoYeOeJSc"},{"accountno":"91919191","departmentno":"9","salary":"91919","pincode":"121212","userid":"y4EGNLRjrgtEjC6KVUVR","id":"HdKKQrDSOTQB2X2DGGe0"},{"accountno":"22233666","departmentno":"9","salary":"90000","pincode":"996688","userid":"tlgGgFrL4EhtaG1QsIC0","id":"XP7BdJZ65o41WDxGc7Sv"},{"accountno":"22233666","departmentno":"9","salary":"90000","pincode":"996688","userid":"tlgGgFrL4EhtaG1QsIC0","id":"WHMRrrVvo9XsBpikzMoH"},{"accountno":"22233666","departmentno":"9","salary":"90000","pincode":"996688","userid":"tlgGgFrL4EhtaG1QsIC0","id":"xu5gCRYVeob0tfgC2ITR"},{"accountno":"22233666","departmentno":"9","salary":"90000","pincode":"996688","userid":"y4EGNLRjrgtEjC6KVUVR","id":"aZfIXRzBBftnRBD3kCvw"},{"accountno":"91919191","departmentno":"9","salary":"91919","pincode":"121212","userid":"y4EGNLRjrgtEjC6KVUVR","id":"1YAsyh2BgWa8bfXW1Jh8"},{"accountno":"91919191","departmentno":"9","salary":"91919","pincode":"121212","userid":"y4EGNLRjrgtEjC6KVUVR","id":"iifWDi02RyLeSboFf82W"},{"accountno":"91919191","departmentno":"9","salary":"91919","pincode":"121212","userid":"y4EGNLRjrgtEjC6KVUVR","id":"itKnGA57i340H9HunjLg"},{"accountno":"91919191","departmentno":"9","salary":"91919","pincode":"121212","userid":"y4EGNLRjrgtEjC6KVUVR","id":"3exWV9pEEKRrIVGqCpM1"},{"accountno":"91919191","departmentno":"9","salary":"91919","pincode":"121212","userid":"y4EGNLRjrgtEjC6KVUVR","id":"mGJefnzWwLL0SUkTOYyK"},{"accountno":"48484848","departmentno":"5","salary":"2525","pincode":"255255","userid":"jK6TLwt6oIcYQmeujB2R","id":"ZeeRliFAbhUqUGCY51T3"},{"accountno":"48484848","departmentno":"5","salary":"2525","pincode":"255255","userid":"jK6TLwt6oIcYQmeujB2R","id":"NwqZWlpXoXnfNT7z6V7z"},{"accountno":"22233666","departmentno":"9","salary":"90000","pincode":"996688","userid":"tlgGgFrL4EhtaG1QsIC0","id":"OHuUR11bBNVRo128O7FL"},{"accountno":"22233666","departmentno":"9","salary":"90000","pincode":"996688","userid":"tlgGgFrL4EhtaG1QsIC0","id":"j3BPk4bzVTMNKjJvzt14"},{"accountno":"22233666","departmentno":"9","salary":"90000","pincode":"996688","userid":"tlgGgFrL4EhtaG1QsIC0","id":"quF9nTPZZKRFgZKb1myN"},{"accountno":"22233666","departmentno":"9","salary":"90000","pincode":"996688","userid":"y4EGNLRjrgtEjC6KVUVR","id":"f3EDO49NlHj78qASp66b"},{"accountno":"48484848","departmentno":"5","salary":"2525","pincode":"255255","userid":"jK6TLwt6oIcYQmeujB2R","id":"RMUhe4yfx0aZV7cEURU8"},{"accountno":"22233666","departmentno":"9","salary":"90000","pincode":"996688","userid":"tlgGgFrL4EhtaG1QsIC0","id":"nAmo9gQZFOp2oZf3adzL"},{"accountno":"22233666","departmentno":"9","salary":"90000","pincode":"996688","userid":"tlgGgFrL4EhtaG1QsIC0","id":"SzzO1SK4ytDOFCKdVPij"},{"accountno":"22233666","departmentno":"9","salary":"90000","pincode":"996688","userid":"tlgGgFrL4EhtaG1QsIC0","id":"EIAzq6z5lxogZtGOwczC"},{"accountno":"22233666","departmentno":"9","salary":"90000","pincode":"996688","userid":"y4EGNLRjrgtEjC6KVUVR","id":"dj5HZGtTwrGDuYqSG0ZC"},{"accountno":"22233666","departmentno":"9","salary":"90000","pincode":"996688","userid":"tlgGgFrL4EhtaG1QsIC0","id":"UfKpyJ2Et84zEVO7hjed"},{"accountno":"22233666","departmentno":"9","salary":"90000","pincode":"996688","userid":"tlgGgFrL4EhtaG1QsIC0","id":"SVq6dLiLrjl5p08AZF20"},{"accountno":"22233666","departmentno":"9","salary":"90000","pincode":"996688","userid":"tlgGgFrL4EhtaG1QsIC0","id":"okEtkdlH45JqYR1A72KR"},{"accountno":"22233666","departmentno":"9","salary":"90000","pincode":"996688","userid":"y4EGNLRjrgtEjC6KVUVR","id":"2lYrtfTyLSiLl9kZaAV0"},{"accountno":"22233666","departmentno":"9","salary":"90000","pincode":"996688","userid":"tlgGgFrL4EhtaG1QsIC0","id":"SNDgw5ssINzQLWrNXrTc"},{"accountno":"22233666","departmentno":"9","salary":"90000","pincode":"996688","userid":"tlgGgFrL4EhtaG1QsIC0","id":"kJ5ugJOleYdXnyFzBDgj"},{"accountno":"22233666","departmentno":"9","salary":"90000","pincode":"996688","userid":"tlgGgFrL4EhtaG1QsIC0","id":"MRxHzFOP3LoS62lJEbP3"},{"accountno":"22233666","departmentno":"9","salary":"90000","pincode":"996688","userid":"y4EGNLRjrgtEjC6KVUVR","id":"eY2fjXtEh807ZGOc46Rh"},{"accountno":"48484848","departmentno":"5","salary":"2525","pincode":"255255","userid":"jK6TLwt6oIcYQmeujB2R","id":"pfVRHM2iBnmfghkVsiOE"},{"accountno":"22233666","departmentno":"9","salary":"90000","pincode":"996688","userid":"tlgGgFrL4EhtaG1QsIC0","id":"VOBlEdqYsEhJCeFCKyj0"},{"accountno":"22233666","departmentno":"9","salary":"90000","pincode":"996688","userid":"tlgGgFrL4EhtaG1QsIC0","id":"ynSDML2zD8YwSg7x0Hyt"},{"accountno":"22233666","departmentno":"9","salary":"90000","pincode":"996688","userid":"tlgGgFrL4EhtaG1QsIC0","id":"quhiDJubaFj0Bodiw53A"},{"accountno":"22233666","departmentno":"9","salary":"90000","pincode":"996688","userid":"y4EGNLRjrgtEjC6KVUVR","id":"jt9adM2ExgcZAJubVA8S"},{"accountno":"22233666","departmentno":"9","salary":"90000","pincode":"996688","userid":"tlgGgFrL4EhtaG1QsIC0","id":"qTyvQ8fLciXQI6UMSkk9"},{"accountno":"22233666","departmentno":"9","salary":"90000","pincode":"996688","userid":"tlgGgFrL4EhtaG1QsIC0","id":"fppNDJXhBafOhOBummZS"},{"accountno":"22233666","departmentno":"9","salary":"90000","pincode":"996688","userid":"tlgGgFrL4EhtaG1QsIC0","id":"XbNbotHK6l8OqXnJOyhQ"},{"accountno":"22233666","departmentno":"9","salary":"90000","pincode":"996688","userid":"y4EGNLRjrgtEjC6KVUVR","id":"xUCdnqrPdEdZH3IjelVs"},{"accountno":"48484848","departmentno":"5","salary":"2525","pincode":"255255","userid":"jK6TLwt6oIcYQmeujB2R","id":"amAFToDBp0ofwj3hXzoN"},{"accountno":"48484848","departmentno":"5","salary":"2525","pincode":"255255","userid":"jK6TLwt6oIcYQmeujB2R","id":"2N1SCBfbkglOKLx8X8ge"},{"accountno":"22233666","departmentno":"9","salary":"90000","pincode":"996688","userid":"tlgGgFrL4EhtaG1QsIC0","id":"LGNItIVBJjYv1lOUpvsY"},{"accountno":"22233666","departmentno":"9","salary":"90000","pincode":"996688","userid":"tlgGgFrL4EhtaG1QsIC0","id":"x9l61GKohIHahRSB6vCo"},{"accountno":"22233666","departmentno":"9","salary":"90000","pincode":"996688","userid":"tlgGgFrL4EhtaG1QsIC0","id":"rUGVxyy8DPCE981InWRa"},{"accountno":"22233666","departmentno":"9","salary":"90000","pincode":"996688","userid":"y4EGNLRjrgtEjC6KVUVR","id":"U7yTwjPCV9mA5QFiDLjs"},{"accountno":"48484848","departmentno":"5","salary":"2525","pincode":"255255","userid":"jK6TLwt6oIcYQmeujB2R","id":"LWiV6Eu2o6JcclLdwzhO"},{"accountno":"38383838","departmentno":"5","salary":"2525","pincode":"255255","userid":"jK6TLwt6oIcYQmeujB2R","id":"Y4LWemwwzyRHEQbPTINX"},{"accountno":"22233666","departmentno":"9","salary":"90000","pincode":"996688","userid":"tlgGgFrL4EhtaG1QsIC0","id":"1PV1tB7Ufn7RTU6Rkdbf"},{"accountno":"22233666","departmentno":"9","salary":"90000","pincode":"996688","userid":"tlgGgFrL4EhtaG1QsIC0","id":"66f0VKL3cfB6nbMIYNKX"},{"accountno":"22233666","departmentno":"9","salary":"90000","pincode":"996688","userid":"tlgGgFrL4EhtaG1QsIC0","id":"dxOHu7yw24144q0WdEe9"},{"accountno":"22233666","departmentno":"9","salary":"90000","pincode":"996688","userid":"y4EGNLRjrgtEjC6KVUVR","id":"wSw2ea52f8ycuivLJybJ"},{"accountno":"87654321","departmentno":"0","salary":"1230","pincode":"654321","userid":"jK6TLwt6oIcYQmeujB2R","id":"Fj6FGwQMQOOVX4V4pgxl"},{"accountno":"22233666","departmentno":"9","salary":"90000","pincode":"996688","userid":"tlgGgFrL4EhtaG1QsIC0","id":"AZHQFMpOi86ZuJFQp4Ga"},{"accountno":"22233666","departmentno":"9","salary":"90000","pincode":"996688","userid":"tlgGgFrL4EhtaG1QsIC0","id":"XkYdyYmAs0flVwgcqBLP"},{"accountno":"22233666","departmentno":"9","salary":"90000","pincode":"996688","userid":"tlgGgFrL4EhtaG1QsIC0","id":"7z8ISgK1MbV4PYu0TX9c"},{"accountno":"22233666","departmentno":"9","salary":"90000","pincode":"996688","userid":"y4EGNLRjrgtEjC6KVUVR","id":"uQigzrFKdeNF2O0wNKdR"},{"accountno":"57575757","departmentno":"5","salary":"2525","pincode":"255255","userid":"jK6TLwt6oIcYQmeujB2R","id":"tKZdKrpAakvn2r3XTizj"},{"accountno":"52525252","departmentno":"5","salary":"2525","pincode":"255255","userid":"jK6TLwt6oIcYQmeujB2R","id":"Ms6YBb1lCjhSsZ2Y0byj"},{"accountno":"22233666","departmentno":"9","salary":"90000","pincode":"996688","userid":"tlgGgFrL4EhtaG1QsIC0","id":"zOJASpGJd3MBkO44ISYL"},{"accountno":"22233666","departmentno":"9","salary":"90000","pincode":"996688","userid":"tlgGgFrL4EhtaG1QsIC0","id":"CYNDdP7CBX1tZx8Q0cLp"},{"accountno":"22233666","departmentno":"9","salary":"90000","pincode":"996688","userid":"tlgGgFrL4EhtaG1QsIC0","id":"QgVR1YDChEEVpqeg7Uey"},{"accountno":"22233666","departmentno":"9","salary":"90000","pincode":"996688","userid":"y4EGNLRjrgtEjC6KVUVR","id":"8JfvQ0lmxyojYKWguepO"},{"accountno":"22233666","departmentno":"9","salary":"90000","pincode":"996688","userid":"tlgGgFrL4EhtaG1QsIC0","id":"JU2EtMZ7VQgRFsj8Lcui"},{"accountno":"22233666","departmentno":"9","salary":"90000","pincode":"996688","userid":"tlgGgFrL4EhtaG1QsIC0","id":"mUbMOuqFUXX3Cg95eQlH"},{"accountno":"22233666","departmentno":"9","salary":"90000","pincode":"996688","userid":"tlgGgFrL4EhtaG1QsIC0","id":"4aFQDJKFNt8v9qtMTjj0"},{"accountno":"22233666","departmentno":"9","salary":"90000","pincode":"996688","userid":"y4EGNLRjrgtEjC6KVUVR","id":"hsr9QA7UNkgdGnGgzYeO"},{"accountno":"22233666","departmentno":"9","salary":"90000","pincode":"996688","userid":"tlgGgFrL4EhtaG1QsIC0","id":"AX8hOt8DKgWNTsPN2l4d"},{"accountno":"22233666","departmentno":"9","salary":"90000","pincode":"996688","userid":"tlgGgFrL4EhtaG1QsIC0","id":"jvzPApjOl6KsDNSrICWl"},{"accountno":"22233666","departmentno":"9","salary":"90000","pincode":"996688","userid":"tlgGgFrL4EhtaG1QsIC0","id":"Qsi4lNdXDzZcViOkzAUw"},{"accountno":"22233666","departmentno":"9","salary":"90000","pincode":"996688","userid":"y4EGNLRjrgtEjC6KVUVR","id":"qyF8rSzYc2LPWnnq93vF"},{"accountno":"22233666","departmentno":"9","salary":"90000","pincode":"996688","userid":"tlgGgFrL4EhtaG1QsIC0","id":"t8MSvEUx4zBIsLhoAU7i"},{"accountno":"22233666","departmentno":"9","salary":"90000","pincode":"996688","userid":"tlgGgFrL4EhtaG1QsIC0","id":"nhLQz7Khv10KtZmSp1qZ"},{"accountno":"22233666","departmentno":"9","salary":"90000","pincode":"996688","userid":"tlgGgFrL4EhtaG1QsIC0","id":"pRRt6nVbLPGhAb782STL"},{"accountno":"22233666","departmentno":"9","salary":"90000","pincode":"996688","userid":"y4EGNLRjrgtEjC6KVUVR","id":"dzUA8FWBf8XG0ibiXvSB"},{"accountno":"22233666","departmentno":"9","salary":"90000","pincode":"996688","userid":"tlgGgFrL4EhtaG1QsIC0","id":"LfwsZeFtyomKNqZQEe15"},{"accountno":"22233666","departmentno":"9","salary":"90000","pincode":"996688","userid":"tlgGgFrL4EhtaG1QsIC0","id":"ILyKwWG5aOB9CatOxgd3"},{"accountno":"22233666","departmentno":"9","salary":"90000","pincode":"996688","userid":"tlgGgFrL4EhtaG1QsIC0","id":"yI69B7BeXVnsEjcp9s7V"},{"accountno":"22233666","departmentno":"9","salary":"90000","pincode":"996688","userid":"y4EGNLRjrgtEjC6KVUVR","id":"r1HXbH8ZyFkOA33iYxwv"},{"accountno":"22233666","departmentno":"9","salary":"90000","pincode":"996688","userid":"tlgGgFrL4EhtaG1QsIC0","id":"zp5lDBu53NGWcDg80qAQ"},{"accountno":"22233666","departmentno":"9","salary":"90000","pincode":"996688","userid":"tlgGgFrL4EhtaG1QsIC0","id":"DpLblPTg7qslHm9BXyAG"},{"accountno":"22233666","departmentno":"9","salary":"90000","pincode":"996688","userid":"tlgGgFrL4EhtaG1QsIC0","id":"csYHyqhwR4W4Ky1501lI"},{"accountno":"22233666","departmentno":"9","salary":"90000","pincode":"996688","userid":"y4EGNLRjrgtEjC6KVUVR","id":"9mHn3jLkh9wVjxAn7CGu"},{"accountno":"22233666","departmentno":"9","salary":"90000","pincode":"996688","userid":"tlgGgFrL4EhtaG1QsIC0","id":"6ppaYJXQNP6Ac0ESY1MG"},{"accountno":"22233666","departmentno":"9","salary":"90000","pincode":"996688","userid":"tlgGgFrL4EhtaG1QsIC0","id":"7Tr5ZcLoogDft5ulUioi"},{"accountno":"22233666","departmentno":"9","salary":"90000","pincode":"996688","userid":"tlgGgFrL4EhtaG1QsIC0","id":"aB6CSmLq61SyTkP703ex"},{"accountno":"22233666","departmentno":"9","salary":"90000","pincode":"996688","userid":"y4EGNLRjrgtEjC6KVUVR","id":"l3ZiPDZzMQowTojba3h2"},{"accountno":"22233666","departmentno":"9","salary":"90000","pincode":"996688","userid":"tlgGgFrL4EhtaG1QsIC0","id":"obRljuIWT7zZ1aO77kbF"},{"accountno":"22233666","departmentno":"9","salary":"90000","pincode":"996688","userid":"tlgGgFrL4EhtaG1QsIC0","id":"w2CqOS3xAD39gqSsbiHG"},{"accountno":"22233666","departmentno":"9","salary":"90000","pincode":"996688","userid":"tlgGgFrL4EhtaG1QsIC0","id":"QNdywIiACFHJWOHZ1LsN"},{"accountno":"22233666","departmentno":"9","salary":"90000","pincode":"996688","userid":"y4EGNLRjrgtEjC6KVUVR","id":"xEPyo4mdf4EaAb4Nhdpf"},{"accountno":"22233666","departmentno":"9","salary":"90000","pincode":"996688","userid":"tlgGgFrL4EhtaG1QsIC0","id":"8aWi5KAJC0DAi4cRpFhN"},{"accountno":"22233666","departmentno":"9","salary":"90000","pincode":"996688","userid":"tlgGgFrL4EhtaG1QsIC0","id":"u6zbKWZx0UJcWajZrymU"},{"accountno":"22233666","departmentno":"9","salary":"90000","pincode":"996688","userid":"tlgGgFrL4EhtaG1QsIC0","id":"iH7x2uk6vaAoSNcnobEN"},{"accountno":"22233666","departmentno":"9","salary":"90000","pincode":"996688","userid":"y4EGNLRjrgtEjC6KVUVR","id":"kCKGDTxWrkt11ZRRKpf2"},{"accountno":"11223344","departmentno":"4","salary":"0000","pincode":"000000","userid":"bkIputQuPTs2zkhrMT6d","id":"OVRQZBt9il84sBMVZa2E"},{"accountno":"22233555","departmentno":"9","salary":"90000","pincode":"996688","userid":"tlgGgFrL4EhtaG1QsIC0","id":"Fif5QkoWcacthmw3Zye4"},{"accountno":"22233555","departmentno":"9","salary":"90000","pincode":"996688","userid":"tlgGgFrL4EhtaG1QsIC0","id":"qmP4PgajU8VhciYICa7R"},{"accountno":"22233555","departmentno":"9","salary":"90000","pincode":"996688","userid":"tlgGgFrL4EhtaG1QsIC0","id":"svVm9jcNl1Z9NpPtM0LP"},{"accountno":"22233555","departmentno":"9","salary":"90000","pincode":"996688","userid":"y4EGNLRjrgtEjC6KVUVR","id":"1OqQ3q79Ko4i73LFdItv"},{"accountno":"22233555","departmentno":"9","salary":"90000","pincode":"996688","userid":"tlgGgFrL4EhtaG1QsIC0","id":"qcqV8dCi9fLLyP74fN1Z"},{"accountno":"22233555","departmentno":"9","salary":"90000","pincode":"996688","userid":"tlgGgFrL4EhtaG1QsIC0","id":"dw5vjg5T7b1fmh2M574o"},{"accountno":"22233555","departmentno":"9","salary":"90000","pincode":"996688","userid":"tlgGgFrL4EhtaG1QsIC0","id":"a5C77QgYkYywbERQ5uw1"},{"accountno":"22233555","departmentno":"9","salary":"90000","pincode":"996688","userid":"y4EGNLRjrgtEjC6KVUVR","id":"KClkXI8Tgdh2TnWQLPxX"},{"accountno":"9999999","departmentno":"00000","salary":"123456","pincode":"987654","userid":"JkHqJgxoYXu4JmKVHecw","id":"AhVc9QrWLZWia3w2tr5Y"},{"accountno":"12121212","departmentno":"4","salary":"12121212","pincode":"543211","userid":"uOeP1LqAOnF3DTNy7HRY","id":"MIdgQFIkY1ocRPnVQP8i"},{"accountno":"22233444","departmentno":"9","salary":"90000","pincode":"996688","userid":"tlgGgFrL4EhtaG1QsIC0","id":"La6cQkV30nfdtoRyV40s"},{"accountno":"22233444","departmentno":"9","salary":"90000","pincode":"996688","userid":"tlgGgFrL4EhtaG1QsIC0","id":"nfXDEdbjUH2U6hruG7Fl"},{"accountno":"22233444","departmentno":"9","salary":"90000","pincode":"996688","userid":"tlgGgFrL4EhtaG1QsIC0","id":"tc94fDTO6nHUtURJGZg8"},{"accountno":"22233444","departmentno":"9","salary":"90000","pincode":"996688","userid":"y4EGNLRjrgtEjC6KVUVR","id":"gf4ZeF9Ia60aEm4E6Hi1"},{"accountno":"22233444","departmentno":"9","salary":"90000","pincode":"996688","userid":"tlgGgFrL4EhtaG1QsIC0","id":"nYOIRrGmwbXfcJCi3rLA"},{"accountno":"22233444","departmentno":"9","salary":"90000","pincode":"996688","userid":"tlgGgFrL4EhtaG1QsIC0","id":"3wICNlsAKCNwkQkg3jog"},{"accountno":"22233444","departmentno":"9","salary":"90000","pincode":"996688","userid":"y4EGNLRjrgtEjC6KVUVR","id":"393s7BADDEL3vNpY89Lr"},{"accountno":"55555555","departmentno":"5","salary":"400004","pincode":"888888","userid":"fT6My7qojoDykkx53dTK","id":"hW69HbD363SzCAewFEhU"},{"accountno":"44544545","departmentno":"9","salary":"445554","pincode":"511115","userid":"fT6My7qojoDykkx53dTK","id":"sOIQUYa2xo5XJSf0PSRh"},{"accountno":"44444444","departmentno":"4","salary":"444444","pincode":"521185","userid":"fT6My7qojoDykkx53dTK","id":"LSSALOqLYRwFI8MpAOz7"},{"accountno":"44444444","departmentno":"4","salary":"444444","pincode":"521185","userid":"fT6My7qojoDykkx53dTK","id":"WNrL5By5RydapBq0A8vE"},{"accountno":"12222216","departmentno":1,"salary":121212,"pincode":"122216","userid":"0i9ethfGZFRymdflhjue","id":"QzlXnr4xTpSiQMu5JUq2"},{"accountno":"10888005","departmentno":"1","salary":"121212","pincode":"100005","userid":"VyzFzGdrldfutDmGHMRm","id":"hLpyaDtwZ00JolGFAmvE"},{"accountno":"12222216","departmentno":1,"salary":121212,"pincode":"122216","userid":"0i9ethfGZFRymdflhjue","id":"oTt60nVMyQDOAr3I0vhd"},{"accountno":"10040005","departmentno":"1","salary":"121212","pincode":"100005","userid":"VyzFzGdrldfutDmGHMRm","id":"U6vbD8Coi6UXCMdEkIhV"},{"accountno":"12222216","departmentno":1,"salary":121212,"pincode":"122216","userid":"0i9ethfGZFRymdflhjue","id":"vftP5WM4uK36EW1RJ958"},{"accountno":"12121217","departmentno":"1","salary":"121212","pincode":"121217","userid":"0i9ethfGZFRymdflhjue","id":"hZPjPLgNiMXKhj4q23Sw"},{"accountno":"10000005","departmentno":"1","salary":"121212","pincode":"100005","userid":"VyzFzGdrldfutDmGHMRm","id":"3pwYvbpDNGNnoQChFOvf"},{"accountno":"12121216","departmentno":"1","salary":"121212","pincode":"121216","userid":"0i9ethfGZFRymdflhjue","id":"lmEtEjIzMpssLy5nElkr"},{"accountno":"12121215","departmentno":"1","salary":"121212","pincode":"121215","userid":"0i9ethfGZFRymdflhjue","id":"V7YymazCwZ7y54fD7cfZ"},{"accountno":"12121214","departmentno":"1","salary":"121212","pincode":"121214","userid":"0i9ethfGZFRymdflhjue","id":"PqAGV1cPWLPbbD4AHvcx"},{"accountno":"12121214","departmentno":"1","salary":"121212","pincode":"121214","userid":"0i9ethfGZFRymdflhjue","id":"K7PyUG1mTJiXn4CwOMb4"},{"accountno":"45454545","departmentno":"4","salary":"555555","pincode":"000000","userid":"TKd8CY7OebEXKuLypGxT","id":"1suCpG4rPKMuR03gsbSL"},{"accountno":"12121213","departmentno":"1","salary":"87451","pincode":"121213","userid":"0i9ethfGZFRymdflhjue","id":"eW4h2VpdC337Priq89Qq"},{"accountno":"12121213","departmentno":"1","salary":"87451","pincode":"121213","userid":"0i9ethfGZFRymdflhjue","id":"Q3pXHmIgPtFj3ia5YjBu"},{"accountno":"12121213","departmentno":"1","salary":"87451","pincode":"121213","userid":"0i9ethfGZFRymdflhjue","id":"lDAQTo8PmH4DWqgeqa5Y"},{"accountno":"12121212","departmentno":"1","salary":"87451","pincode":"121212","userid":"0i9ethfGZFRymdflhjue","id":"ebrbGi40vkCi2C6xjpqD"},{"accountno":"12121212","departmentno":"1","salary":"87451","pincode":"121212","userid":"0i9ethfGZFRymdflhjue","id":"qQMakiyNIZWeNNOCVQoS"},{"accountno":"12121212","departmentno":"1","salary":"87451","pincode":"121212","userid":"0i9ethfGZFRymdflhjue","id":"MTXHE3EtulbeewbaDIpm"},{"accountno":"12121212","departmentno":"1","salary":"87451","pincode":"121212","userid":"0i9ethfGZFRymdflhjue","id":"oe1rRLTSIv4mdrPiQ6RG"},{"accountno":"32132121","departmentno":"3","salary":"80000","pincode":"321321","userid":"g3XNrrwU0oVXB9kVJ132","id":"Ni5JX55m0QAf5WfSa0HD"},{"accountno":"88888888","departmentno":7,"salary":6767,"pincode":945971,"userid":"Hv5rNrZg9rEhTS0YDzk2","id":"D6MlqUd5VZ4KxhJxY6hc"},{"accountno":"12121212","departmentno":"1","salary":"87451","pincode":"121212","userid":"0i9ethfGZFRymdflhjue","id":"etqzQGJCD49MBxLwpVxI"},{"accountno":"32132121","departmentno":"3","salary":"80000","pincode":"321321","userid":"g3XNrrwU0oVXB9kVJ132","id":"jp2j30W7nrNwNdgWdMrS"},{"accountno":"11111111","departmentno":"1","salary":"34343434","pincode":"800271","userid":"y4EGNLRjrgtEjC6KVUVR","id":"rRajIRLeyYgBLX85VASh"},{"accountno":"11111111","departmentno":"1","salary":"34343434","pincode":"800271","userid":"y4EGNLRjrgtEjC6KVUVR","id":"KwGi2dvSaYfmB5yeF9tr"},{"accountno":"11111111","departmentno":"1","salary":"34343434","pincode":"800271","userid":"y4EGNLRjrgtEjC6KVUVR","id":"eAEMsy2ZnxRMmo1MTKRA"},{"accountno":"11111111","departmentno":"1","salary":"34343434","pincode":"800271","userid":"y4EGNLRjrgtEjC6KVUVR","id":"0zepugTPWHWM6umxdMMM"},{"accountno":"22222222","departmentno":"2","salary":"80000","pincode":"300033","userid":"bkIputQuPTs2zkhrMT6d","id":"3NMF1qH349ZmSjVeyKTE"},{"accountno":"111111","departmentno":3,"salary":80000,"pincode":300033,"userid":"Ngo0URCwDvqyxEI81rvs","id":"IwZUelhdF4O27YmNSW2B"},{"accountno":"11111111","departmentno":"1","salary":"11111","pincode":"111111","userid":"bkIputQuPTs2zkhrMT6d","id":"5vDrUUlV5ixJPI4XP3SP"},{"accountno":"0000000","departmentno":3,"salary":80000,"pincode":300033,"userid":"Ngo0URCwDvqyxEI81rvs","id":"QfP06dqoDma8z947WgVD"},{"accountno":"11111111","departmentno":"1","salary":"111111111111111","pincode":"111111","userid":"jK6TLwt6oIcYQmeujB2R","id":"LrV1L9r496YAcEMRHMC3"},{"accountno":"22222222","departmentno":"1","salary":"11111111","pincode":"800271","userid":"Cc08XR4EsHnSgXK8Iyjp","id":"h2TVAJZK2GdF9WWuKZsp"},{"accountno":"30303030","departmentno":"000","salary":"0000","pincode":"120000","userid":"jK6TLwt6oIcYQmeujB2R","id":"BkXtelFSHAC0GMjQrvXj"},{"accountno":"30303030","departmentno":"000","salary":"0000","pincode":"120000","userid":"jK6TLwt6oIcYQmeujB2R","id":"yq3rIxxSssimAA90Jbty"},{"accountno":"30303030","departmentno":"000","salary":"0000","pincode":"120000","userid":"jK6TLwt6oIcYQmeujB2R","id":"pQsKzIAXrNRBdaCwLfnR"},{"accountno":"30303030","departmentno":"000","salary":"0000","pincode":"120000","userid":"jK6TLwt6oIcYQmeujB2R","id":"5bKMzsbVLTZBlgq110Ak"},{"accountno":"30303030","departmentno":"000","salary":"0000","pincode":"120000","userid":"jK6TLwt6oIcYQmeujB2R","id":"Cjr0xzddZlewfASNZu49"},{"accountno":"12121212","departmentno":"1","salary":"10000000","pincode":"800271","userid":"Cc08XR4EsHnSgXK8Iyjp","id":"2WREx5zHSiIm4C1OkgAk"},{"accountno":"11111111","departmentno":"1","salary":"34343434","pincode":"800271","userid":"Cc08XR4EsHnSgXK8Iyjp","id":"KMxDsMh5uGoWpuOjbCuw"},{"accountno":"12121212","departmentno":"3","salary":"2222233","pincode":"800271","userid":"Cc08XR4EsHnSgXK8Iyjp","id":"ON1v8aHEzsoWEOv9CSOD"},{"accountno":"99999999","departmentno":"000","salary":"0000","pincode":"120000","userid":"jK6TLwt6oIcYQmeujB2R","id":"KjPe9qsDjShfDklrx8Mt"},{"accountno":"99988877","departmentno":"5","salary":"666666","pincode":"555555","userid":"aOR5IhOLYg5bk2VVYakp","id":"1Xq83GnNaQbGDN4ZA7u9"},{"accountno":"99999999","departmentno":"000","salary":"0000","pincode":"000000","userid":"jK6TLwt6oIcYQmeujB2R","id":"pSqWbcFfNMyoMIpTWat8"},{"accountno":"99999999","departmentno":"000","salary":"0000","pincode":"000000","userid":"jK6TLwt6oIcYQmeujB2R","id":"A3fYeo0Lf8R7OCe6CBM5"},{"accountno":"99999999","departmentno":"000","salary":"0000","pincode":"000000","userid":"jK6TLwt6oIcYQmeujB2R","id":"ZPXNRHXU3jfApvs5Jh17"},{"accountno":"55555566","departmentno":"5","salary":"555566","pincode":"555566","userid":"aOR5IhOLYg5bk2VVYakp","id":"MFFOoUQbJ9BPtAhYtSHi"},{"accountno":"99999999","departmentno":"000","salary":"0000","pincode":"000000","userid":"jK6TLwt6oIcYQmeujB2R","id":"eZ76VsYbKIod1LLVTTPl"},{"accountno":"99999999","departmentno":"000","salary":"0000","pincode":"000000","userid":"jK6TLwt6oIcYQmeujB2R","id":"GlHAexlxft1n9Wc0ygoA"},{"accountno":"00007666","departmentno":"0","salary":"0000","pincode":"000000","userid":"VyzFzGdrldfutDmGHMRm","id":"ONj9OvzmjGS2xp3GnUPM"},{"accountno":"0000000","departmentno":3,"salary":80000,"pincode":300033,"userid":"Ngo0URCwDvqyxEI81rvs","id":"mBREqsj9hRKVgGZVfXDE"},{"accountno":"99999999","departmentno":"000","salary":"0000","pincode":"000000","userid":"jK6TLwt6oIcYQmeujB2R","id":"cjXcWgoP9SoXhZph4liK"},{"accountno":"00000000","departmentno":"000","salary":"0000","pincode":"000000","userid":"jK6TLwt6oIcYQmeujB2R","id":"de8UTDeYaPHCkB2YyVbw"},{"accountno":"00000000","departmentno":"000","salary":"0000","pincode":"000000","userid":"jK6TLwt6oIcYQmeujB2R","id":"v006xwIhD9MYTeFZMQil"},{"accountno":"00000000","departmentno":"000","salary":"0000","pincode":"000000","userid":"jK6TLwt6oIcYQmeujB2R","id":"UWHx9juEavoL0Yajq8fX"},{"accountno":"00000000","departmentno":"000","salary":"0000","pincode":"000000","userid":"jK6TLwt6oIcYQmeujB2R","id":"RBsHEYOJEnuWXGPW6kKc"},{"accountno":"00000000","departmentno":"000","salary":"0000","pincode":"000000","userid":"jK6TLwt6oIcYQmeujB2R","id":"7NtmQbJK7q1mnZEkD8hb"},{"accountno":"00000000","departmentno":"000","salary":"0000","pincode":"000000","userid":"jK6TLwt6oIcYQmeujB2R","id":"zQrodug1W4AvGY6JOI2f"},{"accountno":"87654321","departmentno":"0","salary":"1230","pincode":"654321","userid":"jK6TLwt6oIcYQmeujB2R","id":"ADedZp0I0OLRoNVFEdeo"},{"accountno":"98765432","departmentno":"9","salary":"158946","pincode":"636845","userid":"qR4qAxCXCQhGzSxdWe92","id":"ESlzMCJqu85K2PNiTB1R"},{"accountno":"98765432","departmentno":"9","salary":"158946","pincode":"636845","userid":"qR4qAxCXCQhGzSxdWe92","id":"ex9fuWnZCXrL9AyxUV9Y"},{"accountno":"12345678","departmentno":2,"salary":111111,"pincode":111111,"userid":"TKd8CY7OebEXKuLypGxT","id":"Gq8pGL0Zo6xxu80clGrY"},{"accountno":"10101010","departmentno":"21","salary":"20000","pincode":"254788","userid":"TdVstg5dMDwsl2dk2Ob0","id":"a3P1YqNdPyrMq0hR2B8G"},{"accountno":"10101010","departmentno":"21","salary":"20000","pincode":"254788","userid":"TdVstg5dMDwsl2dk2Ob0","id":"GzxNr7Nhsg0RpoGupIt7"},{"accountno":"Whatisyourname","departmentno":"6","salary":"888333","pincode":"99999","userid":"aOR5IhOLYg5bk2VVYakp","id":"CLXJ6zzKmNNRBIv5F9WN"},{"accountno":"22222222","departmentno":"1","salary":"222222","pincode":"333333","userid":"aOR5IhOLYg5bk2VVYakp","id":"yndPPZHmfX1xraRdaEbY"},{"accountno":"10101010","departmentno":"21","salary":"20000","pincode":"254788","userid":"TdVstg5dMDwsl2dk2Ob0","id":"n9zHQ0tb5YjN9zCxeyia"},{"accountno":"98746515","departmentno":"9","salary":"12365","pincode":"154875","userid":"qR4qAxCXCQhGzSxdWe92","id":"pSmHrqpjE6R5ll9NOUjI"},{"accountno":"0000000","departmentno":3,"salary":80000,"pincode":300033,"userid":"Ngo0URCwDvqyxEI81rvs","id":"w217uGujIehVlHjOUJuR"},{"accountno":"0000000","departmentno":3,"salary":80000,"pincode":300033,"userid":"Ngo0URCwDvqyxEI81rvs","id":"hgqvNfWrUEYbG6WRFEVo"},{"accountno":"32132121","departmentno":3,"salary":80000,"pincode":300033,"userid":"Ngo0URCwDvqyxEI81rvs","id":"1KpSBqUBjixGOuqJouLU"},{"accountno":"98765432","departmentno":"9","salary":"158946","pincode":"636845","userid":"qR4qAxCXCQhGzSxdWe92","id":"7gPqiqhrrXxMru01nNpM"},{"accountno":"12345677","departmentno":1,"salary":123,"pincode":123456,"userid":"g537KB9GfcGWqMrIlMPW","id":"BsECbEqa7nxFJqQN1FSP"},{"accountno":"98765443","departmentno":9,"salary":123456,"pincode":122548,"userid":"qR4qAxCXCQhGzSxdWe92","id":"buR5dND7EJX1q4bVuGIL"},{"accountno":"75668588","departmentno":"8","salary":"8678","pincode":"786996","userid":"g537KB9GfcGWqMrIlMPW","id":"p6idn41AQ3t7OTYHmNdz"},{"accountno":"32132121","departmentno":3,"salary":80000,"pincode":300033,"userid":"Ngo0URCwDvqyxEI81rvs","id":"WttknEppjYaxuGN2OWrY"},{"accountno":"32132121","departmentno":"3","salary":"80000","pincode":"321321","userid":"g3XNrrwU0oVXB9kVJ132","id":"QPBBmWhAjdwtLY1n9BFG"},{"accountno":"111110","departmentno":"11123","salary":"123456","pincode":"999999","userid":"JkHqJgxoYXu4JmKVHecw","id":"mhm0rrZvLhdpMQ1ydDA7"},{"accountno":"32132121","departmentno":"3","salary":"80000","pincode":"321321","userid":"g3XNrrwU0oVXB9kVJ132","id":"rJyK7AnUO27GE8SKbcwg"},{"accountno":"88822444","departmentno":"8","salary":"442288","pincode":"842284","userid":"g3XNrrwU0oVXB9kVJ132","id":"ftdKNj1rG9TlWTWxnQoW"},{"accountno":"98765431","departmentno":7,"salary":190000,"pincode":123456,"userid":"g3XNrrwU0oVXB9kVJ132","id":"bRpL2WLw7cra3JiYiCUr"},{"accountno":"88877666","departmentno":7,"salary":810000,"pincode":657721,"userid":"g3XNrrwU0oVXB9kVJ132","id":"ioMJ7XKUZld82NdhYR6H"},{"accountno":"92920000","departmentno":"8","salary":"100000","pincode":"504004","userid":"g3XNrrwU0oVXB9kVJ132","id":"SyqJsTevr3b303XbPhmh"},{"accountno":"12354678","departmentno":"5","salary":"34526","pincode":"567483","userid":"g3XNrrwU0oVXB9kVJ132","id":"x94APz42JDcyXUpStG0c"},{"accountno":"63046332","departmentno":2,"salary":7654321,"pincode":950542,"userid":"g3XNrrwU0oVXB9kVJ132","id":"nOpU0mb9QVXZkNM6CmeC"},{"accountno":"33163332","departmentno":2,"salary":50000,"pincode":450012,"userid":"g3XNrrwU0oVXB9kVJ132","id":"L9aohif57XeIxqubtSb1"},{"accountno":"12312312","departmentno":9,"salary":1011111,"pincode":123457,"userid":"uOeP1LqAOnF3DTNy7HRY","id":"cpkRklBhuzHGduXpJica"},{"accountno":"12345678","departmentno":8,"salary":700012,"pincode":123456,"userid":"uOeP1LqAOnF3DTNy7HRY","id":"PskMQqHaAx7dXo227xmq"},{"accountno":"50000000","departmentno":"9","salary":"00000","pincode":"951299","userid":"VyzFzGdrldfutDmGHMRm","id":"L6LxcUkemNX2GduK4VOp"},{"accountno":"12345679","departmentno":"2","salary":"101","pincode":"123457","userid":"UMpV7GiXRFxg4E4zczvb","id":"qGSKz1jD8O27HzZgnxtq"},{"accountno":"77777777","departmentno":"0","salary":"000000","pincode":"555555","userid":"TKd8CY7OebEXKuLypGxT","id":"oCEGPkRoWqnHT4xptpsZ"},{"accountno":"10000001","departmentno":"9","salary":"909090","pincode":"545456","userid":"TKd8CY7OebEXKuLypGxT","id":"8nnFAWHnnYruWmaYISrt"},{"accountno":"75787578","departmentno":"9","salary":"123456","pincode":"456789","userid":"xdxCXbqCYalNgsGKFOcx","id":"AH2zUZibDQQRnIyJ4d7B"},{"accountno":"11111111","departmentno":27,"salary":180230,"pincode":521185,"userid":"fT6My7qojoDykkx53dTK","id":"rnPoVGwIkXQrrVkIH5cA"},{"accountno":"12121212","departmentno":1,"salary":"","pincode":121212,"userid":"tlgGgFrL4EhtaG1QsIC0","id":"E4d7c06uE1CSm9wRVQER"},{"accountno":"111110","departmentno":"12345","salary":"9999999","pincode":"012345","userid":"JkHqJgxoYXu4JmKVHecw","id":"Y6qURh4yuGaYRqW8p5rY"},{"accountno":"87654321","departmentno":"99999999","salary":"1230","pincode":"654321","userid":"jK6TLwt6oIcYQmeujB2R","id":"cM5TMe5CRP2YShZ9xMFH"},{"accountno":"12365478","departmentno":"5","salary":"158946","pincode":"636845","userid":"qR4qAxCXCQhGzSxdWe92","id":"3T4gPAmjBoX0MxKxCYx6"},{"accountno":"87654321","departmentno":"0","salary":"1230","pincode":"654321","userid":"jK6TLwt6oIcYQmeujB2R","id":"puwscij4ewts3pPwhpTp"},{"accountno":"123457","departmentno":"0000","salary":"11111","pincode":"111111","userid":"JkHqJgxoYXu4JmKVHecw","id":"KLjfaHLOwrWrtZxjx4ow"},{"accountno":"12365478","departmentno":"5","salary":"158946","pincode":"636845","userid":"qR4qAxCXCQhGzSxdWe92","id":"HIskUZ8YQUvS8ciqh4tK"},{"accountno":"12365478","departmentno":"5","salary":"158946","pincode":"636845","userid":"qR4qAxCXCQhGzSxdWe92","id":"vNh5RRzDqZOiitWZemhG"},{"accountno":"11111112","departmentno":8,"salary":20000,"pincode":254788,"userid":"TdVstg5dMDwsl2dk2Ob0","id":"6iqQ7gbkYu0DZ9nBKzcO"},{"accountno":"11122233","departmentno":"1","salary":"500","pincode":"205433","userid":"znu0JsBdqlW8Z4BObFeU","id":"HaTJ4b0jrSwmgLytuIja"},{"accountno":"12365478","departmentno":"5","salary":"158946","pincode":"636845","userid":"qR4qAxCXCQhGzSxdWe92","id":"xyBKcUH0ttuXHMiyXISD"},{"accountno":"32244555","departmentno":"1","salary":"2322111","pincode":"605432","userid":"znu0JsBdqlW8Z4BObFeU","id":"2sP6tABohPvI3yv9KD7P"},{"accountno":12121212,"departmentno":1,"salary":"985555","pincode":"00","userid":"0i9ethfGZFRymdflhjue","id":"skFRDUVOnTcbpzWT20GI"},{"accountno":"87654321","departmentno":"0","salary":"1230","pincode":"654321","userid":"jK6TLwt6oIcYQmeujB2R","id":"xMUeaCfs1hpjMvd7mHpK"},{"accountno":"12365478","departmentno":"4","salary":"158946","pincode":"636845","userid":"qR4qAxCXCQhGzSxdWe92","id":"6e7gEBgQhWnMFbX41hDg"},{"accountno":"32244555","departmentno":1,"salary":100000,"pincode":605432,"userid":"znu0JsBdqlW8Z4BObFeU","id":"AhguCOPC9rwAbdqFO6do"},{"accountno":"78906547","departmentno":"9","salary":"1111000","pincode":"222222","userid":"xdxCXbqCYalNgsGKFOcx","id":"e0rYO3C9gpsuYYs2gvM7"},{"accountno":"88855881","departmentno":8,"salary":123456,"pincode":456789,"userid":"xdxCXbqCYalNgsGKFOcx","id":"Ah58cbYmhL6nGLgdm1CH"},{"accountno":"21456378","departmentno":"3","salary":"210000","pincode":"765432","userid":"znu0JsBdqlW8Z4BObFeU","id":"TWuFnlkUIjGvDNwDsjm0"},{"accountno":"77777777","departmentno":"1","salary":"99999","pincode":"888888","userid":"0i9ethfGZFRymdflhjue","id":"A4Pse9yefdgmUErPwr6e"},{"accountno":"21456378","departmentno":"3","salary":"210000","pincode":"765432","userid":"znu0JsBdqlW8Z4BObFeU","id":"kx8eRqzgcz3W6OaiScpL"},{"accountno":"123456","departmentno":"6","salary":"456642","pincode":"234566","userid":"JkHqJgxoYXu4JmKVHecw","id":"3CB6JKtJHoOtCeWzusBT"},{"accountno":"12345678","departmentno":"8","salary":"7000","pincode":"567893","userid":"tlgGgFrL4EhtaG1QsIC0","id":"nAnktC6qv01xlThV8yTa"},{"accountno":"12345678","departmentno":"8","salary":"3456770","pincode":"567893","userid":"tlgGgFrL4EhtaG1QsIC0","id":"pfVF2Lyx7ZGq8RhJ8FXh"},{"accountno":"88888888","departmentno":"8","salary":"1111111","pincode":"222222","userid":"xdxCXbqCYalNgsGKFOcx","id":"CZZIFwaTU629Ai6duQRD"},{"accountno":"12345678","departmentno":"7","salary":"123456","pincode":"098765","userid":"xdxCXbqCYalNgsGKFOcx","id":"HvtETYRvcNiQ9nmFRdMk"},{"accountno":"23456712","departmentno":2,"salary":350000,"pincode":543216,"userid":"znu0JsBdqlW8Z4BObFeU","id":"8ZCEHXZdVXv4KPy5Km8x"},{"accountno":"78634598","departmentno":"8","salary":"90876","pincode":"584201","userid":"bkIputQuPTs2zkhrMT6d","id":"oG8AFKFQV5tOTyQmsqce"},{"accountno":"23423423","departmentno":"9","salary":"2000","pincode":"254786","userid":"TdVstg5dMDwsl2dk2Ob0","id":"rZyo0uwirHc2VoVzRuYd"},{"accountno":"78634598","departmentno":3,"salary":90876,"pincode":584201,"userid":"bkIputQuPTs2zkhrMT6d","id":"K0ZYHCK9PYS1Q9X16xPO"},{"accountno":"56789325","departmentno":"4","salary":"213456","pincode":"584100","userid":"bkIputQuPTs2zkhrMT6d","id":"HZ2G9l4WFIwG8JUtY228"},{"accountno":"12345678","departmentno":"1","salary":"125000","pincode":"654321","userid":"znu0JsBdqlW8Z4BObFeU","id":"tsaM1kR9XOFfbiKYOQfS"},{"accountno":"56789325","departmentno":"4","salary":"213456","pincode":"584100","userid":"bkIputQuPTs2zkhrMT6d","id":"IXuxwPgHyHqGKG0mbXrU"},{"accountno":"77778888","departmentno":"1","salary":"55555","pincode":"666666","userid":"0i9ethfGZFRymdflhjue","id":"Jk9Weq2EZRmEWJS5uWlV"},{"accountno":"12345678","departmentno":"1","salary":"3434","pincode":"111111","userid":"TKd8CY7OebEXKuLypGxT","id":"ZheYX0c2WmHUR1NiKgMT"},{"accountno":"12365478","departmentno":"2","salary":"158946","pincode":"636845","userid":"qR4qAxCXCQhGzSxdWe92","id":"hMo9kB82S2Af2xRDRvtK"},{"accountno":"12345678","departmentno":"7","salary":"34567","pincode":"567893","userid":"tlgGgFrL4EhtaG1QsIC0","id":"RLs7LboaiNJeKBpQkFeg"},{"accountno":"12345678","departmentno":"7","salary":"34567","pincode":"567893","userid":"tlgGgFrL4EhtaG1QsIC0","id":"4MWsHKhJFg4aiYrFKC4w"},{"accountno":78584712,"departmentno":1,"salary":"985555","pincode":"471111","userid":"0i9ethfGZFRymdflhjue","id":"NeLPadwd6YjsCWO8yCic"},{"accountno":"71452636","departmentno":"1","salary":"451235","pincode":"741566","userid":"0i9ethfGZFRymdflhjue","id":"aAJPm8v6xLRO8rxP3Ubh"},{"accountno":"12365478","departmentno":"1","salary":"154896","pincode":"658742","userid":"qR4qAxCXCQhGzSxdWe92","id":"bkkJw80hJbI4mqELkhqF"},{"accountno":"56565657","departmentno":"7","salary":"8989898","pincode":"909876","userid":"tlgGgFrL4EhtaG1QsIC0","id":"OY7Gp3Fr0KhWrvVkRYNl"},{"accountno":"56565657","departmentno":"7","salary":"8989898","pincode":"909876","userid":"tlgGgFrL4EhtaG1QsIC0","id":"QLvhemKOHKCQ1nqE0FbG"},{"accountno":"56565657","departmentno":"7","salary":"8989898","pincode":"909876","userid":"tlgGgFrL4EhtaG1QsIC0","id":"rO9GTRQI6UCdX2gixmFT"},{"accountno":"34567892","departmentno":5,"salary":4907788,"pincode":674679,"userid":"tlgGgFrL4EhtaG1QsIC0","id":"dPPhzD99LNHJxwGm7ibU"},{"accountno":"34567892","departmentno":5,"salary":4907788,"pincode":674679,"userid":"tlgGgFrL4EhtaG1QsIC0","id":"LntBZswvSLGxG2ooGs4Q"},{"accountno":"34567892","departmentno":5,"salary":4907788,"pincode":674679,"userid":"tlgGgFrL4EhtaG1QsIC0","id":"y9MIbFvAj9No783Xo5I8"},{"accountno":"12345678","departmentno":"1","salary":"1234","pincode":"123456","userid":"g537KB9GfcGWqMrIlMPW","id":"TqS57PwlYg8IvsFZ5QjE"},{"accountno":"12313423","departmentno":1,"salary":1200122,"pincode":123455,"userid":"taGX4XQQfXD3Z76sI1Xn","id":"wei73hpYCEuejHYU8IZE"},{"accountno":"77777777","departmentno":"9","salary":"500000","pincode":"678901","userid":"kqrqkGB4KffUDtO8otJn","id":"KHVc3Qyxq8iRrGXNopNy"},{"accountno":"20000040","departmentno":"4","salary":"20040","pincode":"200040","userid":"XVdEAYnNkz3FsrWew6iu","id":"QLFxDmdp6lzL5G76hQ0T"},{"accountno":"20000020","departmentno":11,"salary":20021,"pincode":200020,"userid":"XVdEAYnNkz3FsrWew6iu","id":"4vM4aF2zlxCBHpboPfAP"},{"accountno":"20000020","departmentno":11,"salary":20021,"pincode":200020,"userid":"XVdEAYnNkz3FsrWew6iu","id":"rKR6oknuXGjlmXRi441U"},{"accountno":"20000020","departmentno":11,"salary":20021,"pincode":200020,"userid":"XVdEAYnNkz3FsrWew6iu","id":"ap0hNA3IDWkOS07NCLaV"},{"accountno":"13334343","departmentno":"9","salary":"30022","pincode":"590001","userid":"IdB36E42UlOHhyfpFueu","id":"VDZWBhAbVhzwk9aOY9b1"},{"accountno":"34343434","departmentno":"3","salary":"3333","pincode":"333333","userid":"rramin58ybocMNQoFYXl","id":"GCD4ofW96H9tf2DHOUfD"},{"accountno":"90909090","departmentno":"5","salary":"5678","pincode":"345678","userid":"nUf87k2SXNyiDE32Mghy","id":"n3VShEW962A74EaZF0zr"},{"accountno":"20820808","departmentno":"208","salary":"90009","pincode":"530044","userid":"HuYhG15hCmuwXBhKEYKt","id":"hwUuri9RB8dddEofGc5V"},{"accountno":"44444451","departmentno":"4","salary":"10000","pincode":"951233","userid":"f3au9cGnbYj4Y3qVxcY9","id":"8UxlAUI4d3wNdc7UJ4Wo"},{"accountno":"44444451","departmentno":"4","salary":"10000","pincode":"951233","userid":"f3au9cGnbYj4Y3qVxcY9","id":"fnnOqaQL9xqZfyr1gIAM"},{"accountno":"44444450","departmentno":"4","salary":"10000","pincode":"951233","userid":"f3au9cGnbYj4Y3qVxcY9","id":"pmGTodooH8DJxqXD6Bo8"},{"accountno":"44444448","departmentno":"4","salary":"10000","pincode":"951233","userid":"f3au9cGnbYj4Y3qVxcY9","id":"dEyse7AIF6fKyqzrtv9T"},{"accountno":"44444447","departmentno":"4","salary":"10000","pincode":"951233","userid":"f3au9cGnbYj4Y3qVxcY9","id":"otqBFHoz1cCplDSZo1II"},{"accountno":"44444447","departmentno":"4","salary":"10000","pincode":"951233","userid":"f3au9cGnbYj4Y3qVxcY9","id":"YDzQZGKESCqJjDEueFu4"},{"accountno":"44444446","departmentno":"4","salary":"10000","pincode":"951233","userid":"f3au9cGnbYj4Y3qVxcY9","id":"qIflFZfC4TlbU5Pcrgvr"},{"accountno":"44444445","departmentno":"4","salary":"10000","pincode":"951233","userid":"f3au9cGnbYj4Y3qVxcY9","id":"3vjFrzLfdurs52NvZeEJ"},{"accountno":"44444444","departmentno":"4","salary":"10000","pincode":"951233","userid":"f3au9cGnbYj4Y3qVxcY9","id":"eIPSJXIxTdLejh8CYOev"},{"accountno":"44444444","departmentno":"4","salary":"10000","pincode":"951233","userid":"f3au9cGnbYj4Y3qVxcY9","id":"Ufb1YbRr0aJ2gHOR3Lf5"},{"accountno":"10045002","departmentno":2,"salary":5000005,"pincode":905005,"userid":"hl5fOcSfs3kPAPjSDQhT","id":"rGeKIFOdQtAoucOoAefv"},{"accountno":"10045003","departmentno":"7","salary":"5000000","pincode":"905005","userid":"hl5fOcSfs3kPAPjSDQhT","id":"UcByNiTxzey5jdMh8avS"},{"accountno":"10045009","departmentno":"7","salary":"5000000","pincode":"905005","userid":"hl5fOcSfs3kPAPjSDQhT","id":"GdXIcCMM3ihRlIJtGGIm"},{"accountno":"12345678","departmentno":2,"salary":1234,"pincode":123456,"userid":"Sg8U7tEgC3yAYOjqNkUK","id":"L81LB4wfBCt9ELf1yHBa"},{"accountno":"12345678","departmentno":2,"salary":1234,"pincode":123456,"userid":"Sg8U7tEgC3yAYOjqNkUK","id":"o0AUiCb2fiOHTk9eRnve"},{"accountno":"88000088","departmentno":8,"salary":7777,"pincode":777777,"userid":"taGX4XQQfXD3Z76sI1Xn","id":"BElIZSOPCa0C7zmriSPV"},{"accountno":"70000007","departmentno":"7","salary":"7777","pincode":"777777","userid":"taGX4XQQfXD3Z76sI1Xn","id":"Jk14veikVCnWvH8fhl9y"},{"accountno":"70000007","departmentno":"7","salary":"7777","pincode":"777777","userid":"taGX4XQQfXD3Z76sI1Xn","id":"rMD44c6ICHuaJktNk4TJ"},{"accountno":"70000007","departmentno":"7","salary":"7777","pincode":"777777","userid":"taGX4XQQfXD3Z76sI1Xn","id":"NiAIsIPN7bDQBo6qckGN"},{"accountno":"70000007","departmentno":"7","salary":"7777","pincode":"777777","userid":"taGX4XQQfXD3Z76sI1Xn","id":"89ftN4AlS8HJxMufriHE"},{"accountno":"70000007","departmentno":"7","salary":"7777","pincode":"777777","userid":"taGX4XQQfXD3Z76sI1Xn","id":"OrflKHCauwzxZurP29d0"},{"accountno":"70000007","departmentno":"7","salary":"7777","pincode":"777777","userid":"taGX4XQQfXD3Z76sI1Xn","id":"fCfYMk7dU3LODqI1vi88"},{"accountno":"70000007","departmentno":"7","salary":"7777","pincode":"777777","userid":"taGX4XQQfXD3Z76sI1Xn","id":"FAhmigYZDbNqngBMEmny"},{"accountno":"70000007","departmentno":"7","salary":"7777","pincode":"777777","userid":"taGX4XQQfXD3Z76sI1Xn","id":"b1QMDxo9O4OUrCY6MYSK"},{"accountno":"66677777","departmentno":"5","salary":"5555","pincode":"555555","userid":"aaTLunwlzmlOZuXsBm4W","id":"oCKl2oAuqpNw7wiyPGA3"},{"accountno":"66677777","departmentno":"5","salary":"5555","pincode":"555555","userid":"aaTLunwlzmlOZuXsBm4W","id":"1NybHb2y7fclpgs0q4sL"},{"accountno":"66677777","departmentno":"5","salary":"5555","pincode":"555555","userid":"aaTLunwlzmlOZuXsBm4W","id":"QGhh0K5YG53BOQx6Ezo0"},{"accountno":"66677777","departmentno":"5","salary":"5555","pincode":"555555","userid":"aaTLunwlzmlOZuXsBm4W","id":"ohlBIitAKt52xDtBmdKJ"},{"accountno":"66677777","departmentno":"5","salary":"5555","pincode":"555555","userid":"aaTLunwlzmlOZuXsBm4W","id":"SjKEoTpJz4gJsiXv5W7H"},{"accountno":"66677777","departmentno":"5","salary":"5555","pincode":"555555","userid":"aaTLunwlzmlOZuXsBm4W","id":"0QZNwqAheMYFfifD5Z48"},{"accountno":"66667777","departmentno":"5","salary":"5555","pincode":"555555","userid":"aaTLunwlzmlOZuXsBm4W","id":"TSfp1tdFbHsMUtlZZLJB"},{"accountno":"66667777","departmentno":"5","salary":"5555","pincode":"555555","userid":"aaTLunwlzmlOZuXsBm4W","id":"Sf3v24zQw9VQhrvDWHIl"},{"accountno":"10045007","departmentno":7,"salary":59999990,"pincode":905004,"userid":"hl5fOcSfs3kPAPjSDQhT","id":"GZ8Pkb5EzrfDIy7DS8Zy"},{"accountno":"98765413","departmentno":"7","salary":"500000","pincode":"678901","userid":"kqrqkGB4KffUDtO8otJn","id":"yUGfLpq2vd4I3CFrCrRN"},{"accountno":"98765413","departmentno":"7","salary":"500000","pincode":"678901","userid":"kqrqkGB4KffUDtO8otJn","id":"iX1bH4JN0iJCQ2IrniKE"},{"accountno":"59192370","departmentno":"1","salary":"1670840","pincode":"560064","userid":"taGX4XQQfXD3Z76sI1Xn","id":"8n1ODTImNSp75KEmDWiN"},{"accountno":"98765413","departmentno":"7","salary":"500000","pincode":"678901","userid":"kqrqkGB4KffUDtO8otJn","id":"t8LEGgf3WBOW0hJtaIZu"},{"accountno":"98765414","departmentno":"7","salary":"500000","pincode":"678901","userid":"kqrqkGB4KffUDtO8otJn","id":"US6YVKMLfHM5pxD3Do9b"},{"accountno":"22000022","departmentno":"2","salary":"2000","pincode":"212122","userid":"taGX4XQQfXD3Z76sI1Xn","id":"dPBT4aOB6DsV15KfstHA"},{"accountno":"22000022","departmentno":"2","salary":"2000","pincode":"212122","userid":"fdWRTuQoh9lYWLpYDOhv","id":"WjRRNQ74lDOtO7D1rU7M"},{"accountno":"22000022","departmentno":"2","salary":"2000","pincode":"212122","userid":"fh9K352kVWEZPxVs60W2","id":"V0ucrWJCjf0eeCVetVgw"},{"accountno":"22000022","departmentno":"2","salary":"2000","pincode":"212122","userid":"taGX4XQQfXD3Z76sI1Xn","id":"6mZ3CRQNKlJqjNCryNjn"},{"accountno":"22000022","departmentno":"2","salary":"2000","pincode":"212122","userid":"fdWRTuQoh9lYWLpYDOhv","id":"F7hFQc2WVaUBLBnTD6pW"},{"accountno":"22000022","departmentno":"2","salary":"2000","pincode":"212122","userid":"fh9K352kVWEZPxVs60W2","id":"gdP8q1fuP7MYTv6VBYXN"},{"accountno":"22000022","departmentno":"2","salary":"2000","pincode":"212122","userid":"taGX4XQQfXD3Z76sI1Xn","id":"YDX6oer1sH7Au4pwIgLK"},{"accountno":"22000022","departmentno":"2","salary":"2000","pincode":"212122","userid":"fdWRTuQoh9lYWLpYDOhv","id":"m4KSVNrsBs0siO1S4Nmo"},{"accountno":"22000022","departmentno":"2","salary":"2000","pincode":"212122","userid":"fh9K352kVWEZPxVs60W2","id":"1S1kvd2dwMJFmNol7Tpy"},{"accountno":"22000022","departmentno":"2","salary":"2000","pincode":"212122","userid":"fdWRTuQoh9lYWLpYDOhv","id":"FPKMVcJjw7y3wHtU6B5X"},{"accountno":"98765414","departmentno":"7","salary":"500000","pincode":"678901","userid":"kqrqkGB4KffUDtO8otJn","id":"lC2miVM53Vame1WsN8BN"},{"accountno":"98765414","departmentno":"7","salary":"500000","pincode":"678901","userid":"kqrqkGB4KffUDtO8otJn","id":"OmerXKVPYzJtYLQkGqMi"},{"accountno":"22000022","departmentno":"2","salary":"2000","pincode":"212122","userid":"fdWRTuQoh9lYWLpYDOhv","id":"tc5e88Ss2rvpL9Hapckw"},{"accountno":"22000022","departmentno":"2","salary":"2000","pincode":"212122","userid":"fdWRTuQoh9lYWLpYDOhv","id":"n09zh5QYs7bcG31IiI2W"},{"accountno":"22000022","departmentno":"2","salary":"2000","pincode":"212122","userid":"fdWRTuQoh9lYWLpYDOhv","id":"Hq63W48krFwX98Emc5G3"},{"accountno":"22000022","departmentno":"2","salary":"2000","pincode":"212122","userid":"taGX4XQQfXD3Z76sI1Xn","id":"qLfx2y8vtEF4hiko5Q09"},{"accountno":"22000022","departmentno":"2","salary":"2000","pincode":"212122","userid":"fdWRTuQoh9lYWLpYDOhv","id":"yJIB42pcVIRjWQaMLgjt"},{"accountno":"22000022","departmentno":"2","salary":"2000","pincode":"212122","userid":"taGX4XQQfXD3Z76sI1Xn","id":"YD4GzdbmaGE5xK69h5xQ"},{"accountno":"22000022","departmentno":"2","salary":"2000","pincode":"212122","userid":"fdWRTuQoh9lYWLpYDOhv","id":"tyxM7zHDUVPDpFisx7FJ"},{"accountno":"22000022","departmentno":"2","salary":"2000","pincode":"212122","userid":"fh9K352kVWEZPxVs60W2","id":"Q2gXfLvkjHnhAsFJr6ml"},{"accountno":"22000022","departmentno":"2","salary":"2000","pincode":"212122","userid":"taGX4XQQfXD3Z76sI1Xn","id":"g0ngjinN0PuAzaZYWoE8"},{"accountno":"22000022","departmentno":"2","salary":"2000","pincode":"212122","userid":"fdWRTuQoh9lYWLpYDOhv","id":"Gl5XYXfT1Mxip9uvtusi"},{"accountno":"22000022","departmentno":"2","salary":"2000","pincode":"212122","userid":"fdWRTuQoh9lYWLpYDOhv","id":"i2brhqitFS5qlIazQHej"},{"accountno":"22000022","departmentno":"2","salary":"2000","pincode":"212122","userid":"taGX4XQQfXD3Z76sI1Xn","id":"0hvcaRPhD7zJogyv31ri"},{"accountno":"22000022","departmentno":"2","salary":"2000","pincode":"212122","userid":"fdWRTuQoh9lYWLpYDOhv","id":"rKO9GNEH9w6zudhUfzyZ"},{"accountno":"98765414","departmentno":"7","salary":"500000","pincode":"678901","userid":"kqrqkGB4KffUDtO8otJn","id":"MKRikinaOwoONg5GDcMZ"},{"accountno":"98765414","departmentno":"7","salary":"500000","pincode":"678901","userid":"kqrqkGB4KffUDtO8otJn","id":"Qq4VM5vqwQ7SKCBLzdF7"},{"accountno":"98765414","departmentno":"7","salary":"500000","pincode":"678901","userid":"kqrqkGB4KffUDtO8otJn","id":"cHU49kiI6oSswGE2Srof"},{"accountno":"22000022","departmentno":"2","salary":"2000","pincode":"212122","userid":"taGX4XQQfXD3Z76sI1Xn","id":"P00q0WQxUm2FBbPf9qA0"},{"accountno":"22000022","departmentno":"2","salary":"2000","pincode":"212122","userid":"fdWRTuQoh9lYWLpYDOhv","id":"D9g5PuKqN8kiAEgvrPKD"},{"accountno":"22000022","departmentno":"2","salary":"2000","pincode":"212122","userid":"taGX4XQQfXD3Z76sI1Xn","id":"TLDhFlsSD5eCHe4910fj"},{"accountno":"22000022","departmentno":"2","salary":"2000","pincode":"212122","userid":"fdWRTuQoh9lYWLpYDOhv","id":"wDyFvNEbBa6r4TI5ijLM"},{"accountno":"22000022","departmentno":"2","salary":"2000","pincode":"212122","userid":"taGX4XQQfXD3Z76sI1Xn","id":"4CIMQ7d4RT3BYkZ7Lc0j"},{"accountno":"22000022","departmentno":"2","salary":"2000","pincode":"212122","userid":"fdWRTuQoh9lYWLpYDOhv","id":"pr77xJ6odlJlMA8A3ljV"},{"accountno":"22000022","departmentno":"2","salary":"2000","pincode":"212122","userid":"taGX4XQQfXD3Z76sI1Xn","id":"GgRzD91KMX3a3livb26E"},{"accountno":"22000022","departmentno":"2","salary":"2000","pincode":"212122","userid":"fdWRTuQoh9lYWLpYDOhv","id":"4dKs32ND79uzKV66hyT8"},{"accountno":"22000022","departmentno":"2","salary":"2000","pincode":"212122","userid":"taGX4XQQfXD3Z76sI1Xn","id":"AHj0KV9TKnrm3POYTHOd"},{"accountno":"22000022","departmentno":"2","salary":"2000","pincode":"212122","userid":"fdWRTuQoh9lYWLpYDOhv","id":"4HTUmYjTOPAGHfM0B4Lp"},{"accountno":"98765414","departmentno":"7","salary":"500000","pincode":"678901","userid":"kqrqkGB4KffUDtO8otJn","id":"S4nuClZRDkCpu06Fieoe"},{"accountno":"22000022","departmentno":"2","salary":"2000","pincode":"212122","userid":"taGX4XQQfXD3Z76sI1Xn","id":"U3LB5PpyozJKxfnYtvTO"},{"accountno":"22000022","departmentno":"2","salary":"2000","pincode":"212122","userid":"fdWRTuQoh9lYWLpYDOhv","id":"LxR4pFoJh4evZrhpDGNA"},{"accountno":"22000022","departmentno":"2","salary":"2000","pincode":"212122","userid":"taGX4XQQfXD3Z76sI1Xn","id":"cglWVd90gSlssrrxBBCq"},{"accountno":"22000022","departmentno":"2","salary":"2000","pincode":"212122","userid":"fdWRTuQoh9lYWLpYDOhv","id":"lS7rBqsSUAfbRR6w0BSK"},{"accountno":"98765412","departmentno":"7","salary":"500000","pincode":"678901","userid":"kqrqkGB4KffUDtO8otJn","id":"4GR8QpeJU21fRhIRB0qN"},{"accountno":"22000022","departmentno":"2","salary":"2000","pincode":"212122","userid":"taGX4XQQfXD3Z76sI1Xn","id":"bPOhll1KeHKMQrUBOOgL"},{"accountno":"22000022","departmentno":"2","salary":"2000","pincode":"212122","userid":"fdWRTuQoh9lYWLpYDOhv","id":"yowk1Y8sL5kflOUXKrcI"},{"accountno":"98765412","departmentno":"7","salary":"500000","pincode":"678901","userid":"kqrqkGB4KffUDtO8otJn","id":"kkyYBn5MRmgF4nIYKH0x"},{"accountno":"01012222","departmentno":"9","salary":"5000","pincode":"212129","userid":"taGX4XQQfXD3Z76sI1Xn","id":"ZR0jRVOdkEWtw7qfP57B"},{"accountno":"01012222","departmentno":"9","salary":"5000","pincode":"212129","userid":"fdWRTuQoh9lYWLpYDOhv","id":"5a5vzWLtv9mB9YrU8bYf"},{"accountno":"01012222","departmentno":"9","salary":"5000","pincode":"212129","userid":"fh9K352kVWEZPxVs60W2","id":"RFVzSJhMfO8bFjY2P5Mf"},{"accountno":"01012222","departmentno":"9","salary":"5000","pincode":"212129","userid":"taGX4XQQfXD3Z76sI1Xn","id":"eJEDDQxPjp5xWbxPTDGG"},{"accountno":"01012222","departmentno":"9","salary":"5000","pincode":"212129","userid":"fh9K352kVWEZPxVs60W2","id":"A3EIFQsYBEeM2xDAHpsj"},{"accountno":"01012222","departmentno":"9","salary":"5000","pincode":"212129","userid":"taGX4XQQfXD3Z76sI1Xn","id":"RjbLoo8a4V81bjiI48kd"},{"accountno":"01012222","departmentno":"9","salary":"5000","pincode":"212129","userid":"fh9K352kVWEZPxVs60W2","id":"PS0kteOdhBboEuQ2dXRN"},{"accountno":"01012222","departmentno":"9","salary":"5000","pincode":"212129","userid":"taGX4XQQfXD3Z76sI1Xn","id":"CGRDs7mVhdZPGgAdRUtP"},{"accountno":"01012222","departmentno":"9","salary":"5000","pincode":"212129","userid":"fdWRTuQoh9lYWLpYDOhv","id":"rRsBl2BCfN1zmy4lsnmH"},{"accountno":"01012222","departmentno":"9","salary":"5000","pincode":"212129","userid":"fh9K352kVWEZPxVs60W2","id":"eLRAN7tC2k3VABYFMjyC"},{"accountno":"01012222","departmentno":"9","salary":"5000","pincode":"212129","userid":"taGX4XQQfXD3Z76sI1Xn","id":"hykqG1Ygmh58E2Y8nke2"},{"accountno":"01012222","departmentno":"9","salary":"5000","pincode":"212129","userid":"fdWRTuQoh9lYWLpYDOhv","id":"cyODKfTFoexlBVlqEnED"},{"accountno":"01012222","departmentno":"9","salary":"5000","pincode":"212129","userid":"fh9K352kVWEZPxVs60W2","id":"QTtRn09unOY5MqjyehWv"},{"accountno":"01012222","departmentno":"9","salary":"5000","pincode":"212129","userid":"taGX4XQQfXD3Z76sI1Xn","id":"3OxE7WRzt3B6SLv2VJTM"},{"accountno":"01012222","departmentno":"9","salary":"5000","pincode":"212129","userid":"fdWRTuQoh9lYWLpYDOhv","id":"aGICF95BDjOuj3A7WUgZ"},{"accountno":"01012222","departmentno":"9","salary":"5000","pincode":"212129","userid":"fh9K352kVWEZPxVs60W2","id":"M9oqdUTSL5JJ3uUEopB5"},{"accountno":"01012222","departmentno":"9","salary":"5000","pincode":"212129","userid":"taGX4XQQfXD3Z76sI1Xn","id":"YAcLpUHXO1JfbfO1q76J"},{"accountno":"01012222","departmentno":"9","salary":"5000","pincode":"212129","userid":"fh9K352kVWEZPxVs60W2","id":"0e3eNRHO0W6DvnD0HY3k"},{"accountno":"01012222","departmentno":"9","salary":"5000","pincode":"212129","userid":"taGX4XQQfXD3Z76sI1Xn","id":"PzX0TSLjXQqfIpRabLeq"},{"accountno":"01012222","departmentno":"9","salary":"5000","pincode":"212129","userid":"fh9K352kVWEZPxVs60W2","id":"SLBbqSqpqficdsjG4CgY"},{"accountno":"01012222","departmentno":"9","salary":"5000","pincode":"212129","userid":"taGX4XQQfXD3Z76sI1Xn","id":"dSuPGeOHIDuLd5izajUf"},{"accountno":"01012222","departmentno":"9","salary":"5000","pincode":"212129","userid":"fdWRTuQoh9lYWLpYDOhv","id":"yK7bz9IbjX6Uu8ZQ8Uoe"},{"accountno":"01012222","departmentno":"9","salary":"5000","pincode":"212129","userid":"fh9K352kVWEZPxVs60W2","id":"YuOyRZ4AcC2BHs9zen1g"},{"accountno":"01012222","departmentno":"9","salary":"5000","pincode":"212129","userid":"taGX4XQQfXD3Z76sI1Xn","id":"qHBisaeGWWAqN65a95OW"},{"accountno":"01012222","departmentno":"9","salary":"5000","pincode":"212129","userid":"fdWRTuQoh9lYWLpYDOhv","id":"ZDKDXdWx417cBTkRBavS"},{"accountno":"01012222","departmentno":"9","salary":"5000","pincode":"212129","userid":"fh9K352kVWEZPxVs60W2","id":"JsdiNBEzz2LUBaZpq1EV"},{"accountno":"10045008","departmentno":"7","salary":"99999999","pincode":"905004","userid":"hl5fOcSfs3kPAPjSDQhT","id":"6RfR0fPBodDvv3hSNiu2"},{"accountno":"59192370","departmentno":"1","salary":"99990","pincode":"560064","userid":"STPlkSG4zB7TihoZ78KK","id":"fX6fEmuvBsfAOQ81gNpe"},{"accountno":"59192370","departmentno":"1","salary":"1670840","pincode":"560064","userid":"STPlkSG4zB7TihoZ78KK","id":"0RPW8JY9H1qcLbswLM13"},{"accountno":"59192388","departmentno":"1","salary":"1670840","pincode":"560064","userid":"STPlkSG4zB7TihoZ78KK","id":"RQF054WrWjAQrM7MfzS2"},{"accountno":"59192388","departmentno":"1","salary":"1670840","pincode":"560064","userid":"STPlkSG4zB7TihoZ78KK","id":"2VYcAlSowc7VjRXCUf4B"},{"accountno":"59192388","departmentno":"1","salary":"1670840","pincode":"560064","userid":"STPlkSG4zB7TihoZ78KK","id":"GVUjqg4weLrk3pFNTtVN"},{"accountno":"59192388","departmentno":"1","salary":"1670840","pincode":"560064","userid":"STPlkSG4zB7TihoZ78KK","id":"2YFky6lAD7hKEb5ArAAe"},{"accountno":"59192340","departmentno":"1","salary":"1670810","pincode":"560064","userid":"STPlkSG4zB7TihoZ78KK","id":"aWjT1OP21xjmayPoVYEA"},{"accountno":"59192340","departmentno":"1","salary":"1670810","pincode":"560064","userid":"STPlkSG4zB7TihoZ78KK","id":"BvzGscvTqjYsmKZVxZid"},{"accountno":"59192328","departmentno":"1","salary":"1670810","pincode":"560064","userid":"STPlkSG4zB7TihoZ78KK","id":"LO2TLBCt00DV2nZlt1gg"},{"accountno":"59192328","departmentno":"1","salary":"1670810","pincode":"560064","userid":"STPlkSG4zB7TihoZ78KK","id":"kuirxeRRFBh39qnj3t7H"},{"accountno":"59192328","departmentno":"1","salary":"1670810","pincode":"560064","userid":"STPlkSG4zB7TihoZ78KK","id":"3VODCYQgEnqx180AmDlw"},{"accountno":"59192328","departmentno":"1","salary":"1670810","pincode":"560064","userid":"STPlkSG4zB7TihoZ78KK","id":"Rui5tNJnbCgYx0gIBEWy"},{"accountno":"59192328","departmentno":"1","salary":"1670810","pincode":"560064","userid":"STPlkSG4zB7TihoZ78KK","id":"of94W7XqKn0cmzwLXvtR"},{"accountno":"59192328","departmentno":"1","salary":"1670810","pincode":"560064","userid":"STPlkSG4zB7TihoZ78KK","id":"qDNvazu204gyOWQcl7B4"},{"accountno":"59192328","departmentno":"1","salary":"1670810","pincode":"560064","userid":"STPlkSG4zB7TihoZ78KK","id":"kIU1WfBFzbhwxIe3KOJd"},{"accountno":"59192328","departmentno":"1","salary":"1670810","pincode":"560064","userid":"STPlkSG4zB7TihoZ78KK","id":"hSly0uI5KygBMgojiZCf"},{"accountno":"59192328","departmentno":"1","salary":"1670810","pincode":"560064","userid":"STPlkSG4zB7TihoZ78KK","id":"IHEYqSkNwWt89mOVip9I"},{"accountno":"12345678","departmentno":"1","salary":"5000","pincode":"123456","userid":"cclYwE8pokGeurIPVSxa","id":"u3QwzndTXS4t53rlMABN"},{"accountno":"12345678","departmentno":"0","salary":"12345","pincode":"123456","userid":"Sg8U7tEgC3yAYOjqNkUK","id":"qmksoRatzyrlJtVIt2Zy"},{"accountno":"01012222","departmentno":"9","salary":"5000","pincode":"212129","userid":"taGX4XQQfXD3Z76sI1Xn","id":"Uz7CDJtjluaKXcnadyis"},{"accountno":"01012222","departmentno":"9","salary":"5000","pincode":"212129","userid":"fdWRTuQoh9lYWLpYDOhv","id":"i5sEw9UZiS2JkJd5Ym1d"},{"accountno":"01012222","departmentno":"9","salary":"5000","pincode":"212129","userid":"fh9K352kVWEZPxVs60W2","id":"ETVVUsF8DmlH8TaNbLj1"},{"accountno":"01012222","departmentno":"9","salary":"5000","pincode":"212129","userid":"taGX4XQQfXD3Z76sI1Xn","id":"DVh8X9K4jQW5thLsopwJ"},{"accountno":"01012222","departmentno":"9","salary":"5000","pincode":"212129","userid":"fdWRTuQoh9lYWLpYDOhv","id":"7rbs6UBscWYp5II9lvEK"},{"accountno":"01012222","departmentno":"9","salary":"5000","pincode":"212129","userid":"fh9K352kVWEZPxVs60W2","id":"QOSlEyVfEQ0XbyDUSnRx"},{"accountno":"01012222","departmentno":"9","salary":"5000","pincode":"212129","userid":"taGX4XQQfXD3Z76sI1Xn","id":"EX8QLa4WGdnGJm1GQyMG"},{"accountno":"01012222","departmentno":"9","salary":"5000","pincode":"212129","userid":"fdWRTuQoh9lYWLpYDOhv","id":"NdS7530MEoQn1x9QCxPe"},{"accountno":"01012222","departmentno":"9","salary":"5000","pincode":"212129","userid":"fh9K352kVWEZPxVs60W2","id":"zQvOifZKBbBJGTvbkHag"},{"accountno":"01012222","departmentno":"9","salary":"5000","pincode":"212129","userid":"taGX4XQQfXD3Z76sI1Xn","id":"igSTIa2D0dgCreBjuo13"},{"accountno":"01012222","departmentno":"9","salary":"5000","pincode":"212129","userid":"fdWRTuQoh9lYWLpYDOhv","id":"eP5ffgAbWX2SH8j9oTxD"},{"accountno":"01012222","departmentno":"9","salary":"5000","pincode":"212129","userid":"fh9K352kVWEZPxVs60W2","id":"nXekgTaKvyV0vZILCyGB"},{"accountno":"01012222","departmentno":"9","salary":"5000","pincode":"212129","userid":"taGX4XQQfXD3Z76sI1Xn","id":"XSjZ0VIX9SaBg0ogovb1"},{"accountno":"01012222","departmentno":"9","salary":"5000","pincode":"212129","userid":"fdWRTuQoh9lYWLpYDOhv","id":"PmQhInigzc1z1ddJFrTC"},{"accountno":"01012222","departmentno":"9","salary":"5000","pincode":"212129","userid":"fh9K352kVWEZPxVs60W2","id":"Db5xLrUoAfRH2Jsx2mYJ"},{"accountno":"01012222","departmentno":"9","salary":"5000","pincode":"212129","userid":"taGX4XQQfXD3Z76sI1Xn","id":"jsMda5dWU6irZD0UsC1N"},{"accountno":"01012222","departmentno":"9","salary":"5000","pincode":"212129","userid":"fdWRTuQoh9lYWLpYDOhv","id":"zUtRVJQ04eGq1VoeWs1w"},{"accountno":"01012222","departmentno":"9","salary":"5000","pincode":"212129","userid":"fh9K352kVWEZPxVs60W2","id":"RZuLUqSf5Sk1iRcOWGdE"},{"accountno":"01012222","departmentno":"9","salary":"5000","pincode":"212129","userid":"taGX4XQQfXD3Z76sI1Xn","id":"selIqv2z8p0hWQKNtaiV"},{"accountno":"01012222","departmentno":"9","salary":"5000","pincode":"212129","userid":"fdWRTuQoh9lYWLpYDOhv","id":"oiZD9ly4Wysn7RFr9o3a"},{"accountno":"01012222","departmentno":"9","salary":"5000","pincode":"212129","userid":"fh9K352kVWEZPxVs60W2","id":"juGj6d8lT1GZw6lNxmrt"},{"accountno":"01012222","departmentno":"9","salary":"5000","pincode":"212129","userid":"taGX4XQQfXD3Z76sI1Xn","id":"A6M0WmlK63NGsePXQDGE"},{"accountno":"01012222","departmentno":"9","salary":"5000","pincode":"212129","userid":"fdWRTuQoh9lYWLpYDOhv","id":"ObMLvSXFcKIX6Hj67ajf"},{"accountno":"01012222","departmentno":"9","salary":"5000","pincode":"212129","userid":"fh9K352kVWEZPxVs60W2","id":"dPe0MvXzhHpWPr3fWaOc"},{"accountno":"01012222","departmentno":"9","salary":"5000","pincode":"212129","userid":"taGX4XQQfXD3Z76sI1Xn","id":"HCqVeA5CodBvcOE45F5W"},{"accountno":"01012222","departmentno":"9","salary":"5000","pincode":"212129","userid":"fdWRTuQoh9lYWLpYDOhv","id":"UDYwUuPtgXecLpZ6aBUE"},{"accountno":"01012222","departmentno":"9","salary":"5000","pincode":"212129","userid":"fh9K352kVWEZPxVs60W2","id":"EJBemKpkgOKSNmlqmRNC"},{"accountno":"01019900","departmentno":"9","salary":"5000","pincode":"212129","userid":"taGX4XQQfXD3Z76sI1Xn","id":"3X0vnuXv0CERlvOVau3E"},{"accountno":"01019900","departmentno":"9","salary":"5000","pincode":"212129","userid":"fdWRTuQoh9lYWLpYDOhv","id":"CV1YVgXPGsCtvfc0eXaQ"},{"accountno":"01019900","departmentno":"9","salary":"5000","pincode":"212129","userid":"fh9K352kVWEZPxVs60W2","id":"Ii9kFLMdvEPrHjnK8Phc"},{"accountno":"01019900","departmentno":"9","salary":"5000","pincode":"212129","userid":"taGX4XQQfXD3Z76sI1Xn","id":"3tHsOKU7zJ4PsDUjJ3r8"},{"accountno":"01019900","departmentno":"9","salary":"5000","pincode":"212129","userid":"fdWRTuQoh9lYWLpYDOhv","id":"YbbxxkqthoS0bwAaD3Mp"},{"accountno":"01019900","departmentno":"9","salary":"5000","pincode":"212129","userid":"fh9K352kVWEZPxVs60W2","id":"nwyhlT88JLYtUcZnI1KE"},{"accountno":"01019900","departmentno":"9","salary":"5000","pincode":"212129","userid":"taGX4XQQfXD3Z76sI1Xn","id":"OedIDZ3vnwX3xvbnJa5I"},{"accountno":"01019900","departmentno":"9","salary":"5000","pincode":"212129","userid":"fdWRTuQoh9lYWLpYDOhv","id":"546Ev2vMtgIXPj9OAauG"},{"accountno":"01019900","departmentno":"9","salary":"5000","pincode":"212129","userid":"fh9K352kVWEZPxVs60W2","id":"ii8OGeczen5srb1MZioA"},{"accountno":"01019900","departmentno":"9","salary":"5000","pincode":"212129","userid":"taGX4XQQfXD3Z76sI1Xn","id":"HP9iX2y3ip6L2IqE7WoG"},{"accountno":"01019900","departmentno":"9","salary":"5000","pincode":"212129","userid":"fdWRTuQoh9lYWLpYDOhv","id":"53erOugAkOKHUQfAskCQ"},{"accountno":"01019900","departmentno":"9","salary":"5000","pincode":"212129","userid":"fh9K352kVWEZPxVs60W2","id":"eh6VEvFZ38yqgPeaYqZs"},{"accountno":"01019900","departmentno":"9","salary":"5000","pincode":"212129","userid":"taGX4XQQfXD3Z76sI1Xn","id":"DlK7QfDezvjQ6CpHgBW9"},{"accountno":"01019900","departmentno":"9","salary":"5000","pincode":"212129","userid":"fdWRTuQoh9lYWLpYDOhv","id":"8M1Lb8IC4kIuAKmBWpPG"},{"accountno":"01019900","departmentno":"9","salary":"5000","pincode":"212129","userid":"fh9K352kVWEZPxVs60W2","id":"Hfo2wmUwS8NkB85iNnCY"},{"accountno":"01019900","departmentno":"9","salary":"5000","pincode":"212129","userid":"taGX4XQQfXD3Z76sI1Xn","id":"vJk6y4ygfQosIhzEYUs3"},{"accountno":"01019900","departmentno":"9","salary":"5000","pincode":"212129","userid":"fdWRTuQoh9lYWLpYDOhv","id":"nNbJtbtS4RQcFQ5XZL4A"},{"accountno":"01019900","departmentno":"9","salary":"5000","pincode":"212129","userid":"fh9K352kVWEZPxVs60W2","id":"iv7Ttv9TIEwvrF7HdJO9"},{"accountno":"01019900","departmentno":"9","salary":"5000","pincode":"212129","userid":"taGX4XQQfXD3Z76sI1Xn","id":"ZomcaNuzF5HeVEfA7iX7"},{"accountno":"01019900","departmentno":"9","salary":"5000","pincode":"212129","userid":"fdWRTuQoh9lYWLpYDOhv","id":"BmIB8oQQZwN1MiTXSIT7"},{"accountno":"01019900","departmentno":"9","salary":"5000","pincode":"212129","userid":"fh9K352kVWEZPxVs60W2","id":"pLuguLBfNCKpXfADhoTY"},{"accountno":"01019900","departmentno":"9","salary":"5000","pincode":"212129","userid":"taGX4XQQfXD3Z76sI1Xn","id":"5zGBSgHWLz6K2XVRETLU"},{"accountno":"01019900","departmentno":"9","salary":"5000","pincode":"212129","userid":"fdWRTuQoh9lYWLpYDOhv","id":"Qqtv1sRE5KIharTHYrkH"},{"accountno":"01019900","departmentno":"9","salary":"5000","pincode":"212129","userid":"fh9K352kVWEZPxVs60W2","id":"jFZkYYFghuTs7VK5YRuU"},{"accountno":"01019900","departmentno":"9","salary":"5000","pincode":"212129","userid":"taGX4XQQfXD3Z76sI1Xn","id":"iZWdJbMXa6y9R7voBmex"},{"accountno":"01019900","departmentno":"9","salary":"5000","pincode":"212129","userid":"fdWRTuQoh9lYWLpYDOhv","id":"3h9XERArH885AhKxyKZU"},{"accountno":"01019900","departmentno":"9","salary":"5000","pincode":"212129","userid":"fh9K352kVWEZPxVs60W2","id":"ziZKEZQCRoxTm9LkX67E"},{"accountno":"01019900","departmentno":"9","salary":"5000","pincode":"212129","userid":"taGX4XQQfXD3Z76sI1Xn","id":"WvszPQZ8KLPBVpZa6Z0G"},{"accountno":"01019900","departmentno":"9","salary":"5000","pincode":"212129","userid":"fdWRTuQoh9lYWLpYDOhv","id":"QijyHF9PC3OjtsFwpaGP"},{"accountno":"01019900","departmentno":"9","salary":"5000","pincode":"212129","userid":"fh9K352kVWEZPxVs60W2","id":"xZJMHWPTthWNE4vYeT7q"},{"accountno":"01019900","departmentno":"9","salary":"5000","pincode":"212129","userid":"taGX4XQQfXD3Z76sI1Xn","id":"jyHMzIwjQo8KA0UfiWck"},{"accountno":"01019900","departmentno":"9","salary":"5000","pincode":"212129","userid":"fdWRTuQoh9lYWLpYDOhv","id":"PywXj7GnjpN8mJjtDhsF"},{"accountno":"01019900","departmentno":"9","salary":"5000","pincode":"212129","userid":"fh9K352kVWEZPxVs60W2","id":"DhncOsgQHo5yvBoMNZ5E"},{"accountno":"21219900","departmentno":"9","salary":"5000","pincode":"212129","userid":"taGX4XQQfXD3Z76sI1Xn","id":"AQzzsHU969e33FSPnDYb"},{"accountno":"21219900","departmentno":"9","salary":"5000","pincode":"212129","userid":"fdWRTuQoh9lYWLpYDOhv","id":"ioU0klvaK7Sp1l8ncqTa"},{"accountno":"21219900","departmentno":"9","salary":"5000","pincode":"212129","userid":"fh9K352kVWEZPxVs60W2","id":"t66FPDfL8Bu8dEKuTSF0"},{"accountno":"21219900","departmentno":"9","salary":"5000","pincode":"212129","userid":"taGX4XQQfXD3Z76sI1Xn","id":"6eTMSOIxNUxrKd3tG5st"},{"accountno":"21219900","departmentno":"9","salary":"5000","pincode":"212129","userid":"fdWRTuQoh9lYWLpYDOhv","id":"8TyTxHo7CNEjzwuuDaNV"},{"accountno":"21219900","departmentno":"9","salary":"5000","pincode":"212129","userid":"fh9K352kVWEZPxVs60W2","id":"EKskl5333ED00aT9rbLt"},{"accountno":"21219900","departmentno":"9","salary":"5000","pincode":"212129","userid":"taGX4XQQfXD3Z76sI1Xn","id":"lvgkKFgF74DGleLUqYzn"},{"accountno":"21219900","departmentno":"9","salary":"5000","pincode":"212129","userid":"fdWRTuQoh9lYWLpYDOhv","id":"ZwrCSNxvl6yrRvylO1fu"},{"accountno":"21219900","departmentno":"9","salary":"5000","pincode":"212129","userid":"fh9K352kVWEZPxVs60W2","id":"PLSqC2vAN76kHLfsfVHa"},{"accountno":"21219900","departmentno":"9","salary":"5000","pincode":"212129","userid":"taGX4XQQfXD3Z76sI1Xn","id":"eEORwFCFfJSTyFb2TpAM"},{"accountno":"21219900","departmentno":"9","salary":"5000","pincode":"212129","userid":"fdWRTuQoh9lYWLpYDOhv","id":"t10QpFkoTThXrY4sjRSI"},{"accountno":"21219900","departmentno":"9","salary":"5000","pincode":"212129","userid":"fh9K352kVWEZPxVs60W2","id":"r74NTLCh2k35UkGeJ0Av"},{"accountno":"21219900","departmentno":"9","salary":"5000","pincode":"212129","userid":"taGX4XQQfXD3Z76sI1Xn","id":"sdAXhAak3FKE6LlipRnM"},{"accountno":"21219900","departmentno":"9","salary":"5000","pincode":"212129","userid":"fdWRTuQoh9lYWLpYDOhv","id":"OisCPkboSuO2g7ZZ1L3g"},{"accountno":"21219900","departmentno":"9","salary":"5000","pincode":"212129","userid":"fh9K352kVWEZPxVs60W2","id":"PYvf2D7tunnUCbRUdyqO"},{"accountno":"21219900","departmentno":"9","salary":"5000","pincode":"212129","userid":"taGX4XQQfXD3Z76sI1Xn","id":"FoAQhlE2inV2Q9oRaDXP"},{"accountno":"21219900","departmentno":"9","salary":"5000","pincode":"212129","userid":"fdWRTuQoh9lYWLpYDOhv","id":"2tsLu4lt2rDqouvviw9I"},{"accountno":"21219900","departmentno":"9","salary":"5000","pincode":"212129","userid":"fh9K352kVWEZPxVs60W2","id":"co6SOsxiFsvIkMNUTlkh"},{"accountno":"21210000","departmentno":"9","salary":"5000","pincode":"212129","userid":"taGX4XQQfXD3Z76sI1Xn","id":"OBq73seSOvGzrHhELOoe"},{"accountno":"21210000","departmentno":"9","salary":"5000","pincode":"212129","userid":"fdWRTuQoh9lYWLpYDOhv","id":"PrKHFSwyFdLKXwjEt5ek"},{"accountno":"21210000","departmentno":"9","salary":"5000","pincode":"212129","userid":"fh9K352kVWEZPxVs60W2","id":"sE9hYqdjLFBzKRXmf3dL"},{"accountno":"21210000","departmentno":"9","salary":"5000","pincode":"212129","userid":"taGX4XQQfXD3Z76sI1Xn","id":"GmE4gMmIsZyGYJES3uhL"},{"accountno":"21210000","departmentno":"9","salary":"5000","pincode":"212129","userid":"fdWRTuQoh9lYWLpYDOhv","id":"HRJR1u8y52t571fOGqS5"},{"accountno":"21210000","departmentno":"9","salary":"5000","pincode":"212129","userid":"fh9K352kVWEZPxVs60W2","id":"VNpb3KJ1tfM8yqy1J44X"},{"accountno":"90909090","departmentno":"5","salary":"5678","pincode":"345678","userid":"nUf87k2SXNyiDE32Mghy","id":"bMoI5QVGXWR5FY1yiJU4"},{"accountno":"11122233","departmentno":"9","salary":"500000","pincode":"678901","userid":"kqrqkGB4KffUDtO8otJn","id":"2fnrbBHzcg0bFXR8xuxC"},{"accountno":"11122233","departmentno":"9","salary":"500000","pincode":"678901","userid":"kqrqkGB4KffUDtO8otJn","id":"cvgXcoZqDLDxsaPLFxG2"},{"accountno":"11122233","departmentno":"5","salary":"500000","pincode":"678901","userid":"kqrqkGB4KffUDtO8otJn","id":"l9qSI3H3L07zALXB6bAY"},{"accountno":"11122233","departmentno":"9","salary":"500000","pincode":"678901","userid":"kqrqkGB4KffUDtO8otJn","id":"OeERLgQSJQzrd5yOqdJU"},{"accountno":"11122233","departmentno":"9","salary":"500000","pincode":"678901","userid":"kqrqkGB4KffUDtO8otJn","id":"TDUMtXDgekaBe3R5ToEq"},{"accountno":"11122233","departmentno":"9","salary":"500000","pincode":"678901","userid":"kqrqkGB4KffUDtO8otJn","id":"HVdDDEg4YYUKKpQxGv1P"},{"accountno":"11122233","departmentno":"9","salary":"500000","pincode":"678901","userid":"kqrqkGB4KffUDtO8otJn","id":"w5mmcY5Z1Sdde7U5OMtu"},{"accountno":"11122233","departmentno":"9","salary":"500000","pincode":"678901","userid":"kqrqkGB4KffUDtO8otJn","id":"8epOX4UgqVJzslmlz3d3"},{"accountno":"11122233","departmentno":"9","salary":"500000","pincode":"678901","userid":"kqrqkGB4KffUDtO8otJn","id":"0GqhW2fRIgjIF6LJNoQv"},{"accountno":"11122233","departmentno":"9","salary":"500000","pincode":"678901","userid":"kqrqkGB4KffUDtO8otJn","id":"EiBLjKKJJjmcKCGoZ7oA"},{"accountno":"11122233","departmentno":"9","salary":"500000","pincode":"678901","userid":"kqrqkGB4KffUDtO8otJn","id":"S3rFlLBQ3gXmArQNbFDk"},{"accountno":"11122233","departmentno":"9","salary":"500000","pincode":"678901","userid":"kqrqkGB4KffUDtO8otJn","id":"RpOeACHQiC86GVCWiAwH"},{"accountno":"11122233","departmentno":"9","salary":"500000","pincode":"678901","userid":"kqrqkGB4KffUDtO8otJn","id":"NlBAE7y29rRWxWl9xr0L"},{"accountno":"11122233","departmentno":"9","salary":"500000","pincode":"678901","userid":"kqrqkGB4KffUDtO8otJn","id":"SfKo3UqcMyt8D5FyJe8T"},{"accountno":"33445566","departmentno":"11","salary":"44444","pincode":"666666","userid":"LDgqXGs0YI310qvbz63k","id":"zrHi1Ko05qRw3t4SyWgs"},{"accountno":"11122233","departmentno":"9","salary":"500000","pincode":"678901","userid":"kqrqkGB4KffUDtO8otJn","id":"WjAMAD0auV02c0K6TZCb"},{"accountno":"11122233","departmentno":"9","salary":"500000","pincode":"678901","userid":"kqrqkGB4KffUDtO8otJn","id":"uCwE6xVTuXSJYGUipiU8"},{"accountno":"11122233","departmentno":"9","salary":"500000","pincode":"678901","userid":"kqrqkGB4KffUDtO8otJn","id":"nqmnJgkaOFyP8AdqFVPV"},{"accountno":"56575859","departmentno":"5","salary":"22222","pincode":"333333","userid":"LDgqXGs0YI310qvbz63k","id":"8lZFBPtYOeEpByqzdp53"},{"accountno":"27262520","departmentno":3,"salary":11111,"pincode":555555,"userid":"LDgqXGs0YI310qvbz63k","id":"MdEV92MKTK0tHdKKf1og"},{"accountno":"20252627","departmentno":"1","salary":"55555","pincode":"112211","userid":"LDgqXGs0YI310qvbz63k","id":"HNW0PIVcEshYBA2DdiZh"},{"accountno":"55551156","departmentno":"6","salary":"110001","pincode":"113333","userid":"YtScOjLrbE3jlTdfCbRP","id":"B4bNaRp0QdxwBkUlSre2"},{"accountno":"13212121","departmentno":"6","salary":"6666","pincode":"666666","userid":"mVUMtJ8McXbP6Xkm86Ee","id":"YlmUb9M5YwXxzMpkSkHS"},{"accountno":"13212121","departmentno":"6","salary":"6666","pincode":"666666","userid":"mVUMtJ8McXbP6Xkm86Ee","id":"AlTxvsrDwDp1f2ngplmj"},{"accountno":"13212121","departmentno":"6","salary":"6666","pincode":"666666","userid":"mVUMtJ8McXbP6Xkm86Ee","id":"UnJnWheSvuP0bx1cv4cq"},{"accountno":"13212121","departmentno":"6","salary":"6666","pincode":"666666","userid":"mVUMtJ8McXbP6Xkm86Ee","id":"eedpnPVXhqHy3zgVbb8k"},{"accountno":"13212121","departmentno":"6","salary":"6666","pincode":"666666","userid":"mVUMtJ8McXbP6Xkm86Ee","id":"xBOf5GBwW2rE0ycw9Vjh"},{"accountno":"13212121","departmentno":"6","salary":"6666","pincode":"666666","userid":"mVUMtJ8McXbP6Xkm86Ee","id":"eOkufQROcdfwhTQoajBI"},{"accountno":"13212121","departmentno":"6","salary":"6666","pincode":"666666","userid":"mVUMtJ8McXbP6Xkm86Ee","id":"Ap52J3bgHJ5fbiZiBoLI"},{"accountno":"13212121","departmentno":"6","salary":"6666","pincode":"666666","userid":"mVUMtJ8McXbP6Xkm86Ee","id":"RNzBkTrDq9Gp2ig5kPHV"},{"accountno":"13212121","departmentno":"6","salary":"6666","pincode":"666666","userid":"mVUMtJ8McXbP6Xkm86Ee","id":"8VLZm21re3EJFNnZ3HSA"},{"accountno":44444444,"departmentno":4,"salary":4000,"pincode":444444,"userid":"NhIAWPJNpQoYlFjMPScL","id":"7YKh5I1QuB8bGfwAlIAp"},{"accountno":"13212121","departmentno":"6","salary":"6666","pincode":"666666","userid":"mVUMtJ8McXbP6Xkm86Ee","id":"VtPI3eU8u8tGgzV63xxt"},{"accountno":"13212121","departmentno":"6","salary":"6666","pincode":"666666","userid":"mVUMtJ8McXbP6Xkm86Ee","id":"pGP64Edza0WvqEseQ4TA"},{"accountno":"20000040","departmentno":"4","salary":"20040","pincode":"200040","userid":"XVdEAYnNkz3FsrWew6iu","id":"Y6jOt1kofQj1cIbr4gqV"},{"accountno":"20000020","departmentno":11,"salary":20021,"pincode":200020,"userid":"XVdEAYnNkz3FsrWew6iu","id":"reMTQYWlxiI0BfEove9i"},{"accountno":"20000020","departmentno":11,"salary":20021,"pincode":200020,"userid":"XVdEAYnNkz3FsrWew6iu","id":"sBi7OXoDHKK7Kcgv2wAK"},{"accountno":"20000020","departmentno":11,"salary":20021,"pincode":200020,"userid":"XVdEAYnNkz3FsrWew6iu","id":"guAeD7vmKS48DL6lZicn"},{"accountno":"20000020","departmentno":11,"salary":20021,"pincode":200020,"userid":"XVdEAYnNkz3FsrWew6iu","id":"bBzdHtbvlOWiKUiXCNLq"},{"accountno":44444444,"departmentno":4,"salary":4000,"pincode":444444,"userid":"NhIAWPJNpQoYlFjMPScL","id":"DyvG1kcE9J0HtRG4p8Sb"},{"accountno":"13212121","departmentno":"6","salary":"6666","pincode":"666666","userid":"mVUMtJ8McXbP6Xkm86Ee","id":"p4wYZ9OxzpC7PKnOlAT3"},{"accountno":44444444,"departmentno":4,"salary":4000,"pincode":444444,"userid":"NhIAWPJNpQoYlFjMPScL","id":"xa1hNXMurZwj3n8ur8bj"},{"accountno":44444444,"departmentno":4,"salary":4000,"pincode":444444,"userid":"NhIAWPJNpQoYlFjMPScL","id":"QTDFKfc1WiUV53LJB34I"},{"accountno":"20000040","departmentno":"4","salary":"20040","pincode":"200040","userid":"XVdEAYnNkz3FsrWew6iu","id":"zBQM7tVFt1vWtct6BHSg"},{"accountno":"13212121","departmentno":"6","salary":"6666","pincode":"666666","userid":"mVUMtJ8McXbP6Xkm86Ee","id":"oCNwmJBZS8ZIdwqYDXea"},{"accountno":"13212121","departmentno":"6","salary":"6666","pincode":"666666","userid":"mVUMtJ8McXbP6Xkm86Ee","id":"UzoWa0Zbwb26znTP9I80"},{"accountno":"13212121","departmentno":"6","salary":"6666","pincode":"666666","userid":"mVUMtJ8McXbP6Xkm86Ee","id":"mSQteNhpLoprmpqdufsG"},{"accountno":"20000040","departmentno":"4","salary":"20040","pincode":"200040","userid":"XVdEAYnNkz3FsrWew6iu","id":"JCEDr0aAvtTqdSZlN15C"},{"accountno":"20000020","departmentno":11,"salary":20021,"pincode":200020,"userid":"XVdEAYnNkz3FsrWew6iu","id":"Mj5rf5rRk4dQcOEwEmMo"},{"accountno":"20000020","departmentno":11,"salary":20021,"pincode":200020,"userid":"XVdEAYnNkz3FsrWew6iu","id":"T45O1jDKiFVDCZNMPpgZ"},{"accountno":"13212121","departmentno":"6","salary":"6666","pincode":"666666","userid":"mVUMtJ8McXbP6Xkm86Ee","id":"y0HATWIbxvrLoc5bwGjS"},{"accountno":"13212121","departmentno":"6","salary":"6666","pincode":"666666","userid":"mVUMtJ8McXbP6Xkm86Ee","id":"5nNowv7GZGObHmZjE8Wk"},{"accountno":"13212121","departmentno":"6","salary":"6666","pincode":"666666","userid":"mVUMtJ8McXbP6Xkm86Ee","id":"SEQSpw09DSqpsuR73Jle"},{"accountno":"13212121","departmentno":"6","salary":"6666","pincode":"666666","userid":"mVUMtJ8McXbP6Xkm86Ee","id":"LErygDFqfsj4GctZ2uUJ"},{"accountno":"43242343","departmentno":"2","salary":"54352345","pincode":"201306","userid":"DWwNzRcKM6NqfkmyBUqn","id":"nBG8TU6HEilLGhkObdC1"},{"accountno":"43242343","departmentno":"2","salary":"54352345","pincode":"201306","userid":"DWwNzRcKM6NqfkmyBUqn","id":"d1oFSV6Jy9ziYsfFTY2e"},{"accountno":"78654328","departmentno":"8","salary":"90000","pincode":"543678","userid":"Ai9neuJ54Gd8B8hh9Sa2","id":"522PutrWO0b0n8eRhAVR"},{"accountno":"13212121","departmentno":"6","salary":"6666","pincode":"666666","userid":"mVUMtJ8McXbP6Xkm86Ee","id":"896I9sifVuQY1BaKi9iQ"},{"accountno":"13212121","departmentno":"6","salary":"6666","pincode":"666666","userid":"mVUMtJ8McXbP6Xkm86Ee","id":"xYZ8xVy3fwwUfTnwP0dT"},{"accountno":"13212121","departmentno":"6","salary":"6666","pincode":"666666","userid":"mVUMtJ8McXbP6Xkm86Ee","id":"niLIIVgYbWtW4VpXPdex"},{"accountno":"12345678","departmentno":"2","salary":"5000","pincode":"555555","userid":"DWwNzRcKM6NqfkmyBUqn","id":"D7THRsbHznUzfM2bRHQ7"},{"accountno":"56785678","departmentno":"5","salary":"567765","pincode":"567765","userid":"aaTLunwlzmlOZuXsBm4W","id":"Xkg1e2ncVpuA5BIzc2tr"},{"accountno":"88542099","departmentno":"7","salary":"6666","pincode":"666666","userid":"aaTLunwlzmlOZuXsBm4W","id":"Rfuq9NDbYTrJkYQmGEen"},{"accountno":"55468234","departmentno":"6","salary":"90000","pincode":"944044","userid":"Ai9neuJ54Gd8B8hh9Sa2","id":"tIGGUJJbKZkz0gjRyRBQ"},{"accountno":"55468234","departmentno":"6","salary":"90000","pincode":"944044","userid":"Ai9neuJ54Gd8B8hh9Sa2","id":"KnPYjHK30MbanWSbDicG"},{"accountno":"56785678","departmentno":"5","salary":"567765","pincode":"567765","userid":"aaTLunwlzmlOZuXsBm4W","id":"OOKHvQBa0DCPBquKnOty"},{"accountno":"20000040","departmentno":"4","salary":"20040","pincode":"200040","userid":"XVdEAYnNkz3FsrWew6iu","id":"hVo5lpa03GS1plQCvAnn"},{"accountno":"20000020","departmentno":11,"salary":20021,"pincode":200020,"userid":"XVdEAYnNkz3FsrWew6iu","id":"zpNO02egzh2civqXKeOV"},{"accountno":"20000020","departmentno":11,"salary":20021,"pincode":200020,"userid":"XVdEAYnNkz3FsrWew6iu","id":"edU25nwg7xxhLm7zqStV"},{"accountno":"56785678","departmentno":"5","salary":"567765","pincode":"567765","userid":"aaTLunwlzmlOZuXsBm4W","id":"N9eW1LHGt5RsP3lATynO"},{"accountno":"11122233","departmentno":"9","salary":"500000","pincode":"678901","userid":"kqrqkGB4KffUDtO8otJn","id":"mzvg1lCXopXntlUyaybV"},{"accountno":"11122233","departmentno":"9","salary":"500000","pincode":"678901","userid":"kqrqkGB4KffUDtO8otJn","id":"e9HlouOh1wdaCuo4Vxtj"},{"accountno":"11122233","departmentno":"9","salary":"500000","pincode":"678901","userid":"kqrqkGB4KffUDtO8otJn","id":"TAthFwCrl3J4If5jU2Dp"},{"accountno":"11122233","departmentno":"9","salary":"500000","pincode":"678901","userid":"kqrqkGB4KffUDtO8otJn","id":"Tie5EDy1fFBdcaebY9wA"},{"accountno":"09876544","departmentno":"5","salary":"09876","pincode":"098765","userid":"Sg8U7tEgC3yAYOjqNkUK","id":"uk9lYTJhTF8mREGp4uTh"},{"accountno":"09876544","departmentno":"5","salary":"09876","pincode":"098765","userid":"Sg8U7tEgC3yAYOjqNkUK","id":"HVuuCRMpasQuJVN8n8IH"},{"accountno":"09876544","departmentno":"5","salary":"09876","pincode":"098765","userid":"Sg8U7tEgC3yAYOjqNkUK","id":"FizOk3BqYrmi6fyS5qel"},{"accountno":"09876544","departmentno":6,"salary":9876,"pincode":98765,"userid":"Sg8U7tEgC3yAYOjqNkUK","id":"3TayXl1r3I5TiDan3Cn5"},{"accountno":"56561156","departmentno":"5","salary":"980001","pincode":"111112","userid":"YtScOjLrbE3jlTdfCbRP","id":"LlMxwlvHtrFIfNtCmpDe"},{"accountno":"20000040","departmentno":"4","salary":"20040","pincode":"200040","userid":"XVdEAYnNkz3FsrWew6iu","id":"ksMzKoHlgateauiQtzk0"},{"accountno":"59192356","departmentno":"1","salary":"123411","pincode":"560064","userid":"STPlkSG4zB7TihoZ78KK","id":"rhTVzJWlOewDx3VI4i0Z"},{"accountno":"20000040","departmentno":"4","salary":"20040","pincode":"200040","userid":"XVdEAYnNkz3FsrWew6iu","id":"zlPJbn5cViO9hrrMZjRh"},{"accountno":"20000020","departmentno":11,"salary":20021,"pincode":200020,"userid":"XVdEAYnNkz3FsrWew6iu","id":"qeDmIG94WdZLwBsG9Ovk"},{"accountno":"20000020","departmentno":11,"salary":20021,"pincode":200020,"userid":"XVdEAYnNkz3FsrWew6iu","id":"290ZB9k3Z7xIgikRpjLT"},{"accountno":"20000020","departmentno":11,"salary":20021,"pincode":200020,"userid":"XVdEAYnNkz3FsrWew6iu","id":"ceZN1lFYMFenxdaZrUzQ"},{"accountno":"20000020","departmentno":11,"salary":20021,"pincode":200020,"userid":"XVdEAYnNkz3FsrWew6iu","id":"Q0RPgZ7dFF2ffthtmIAW"},{"accountno":"20000020","departmentno":11,"salary":20021,"pincode":200020,"userid":"XVdEAYnNkz3FsrWew6iu","id":"ALncq0qmusdtPR0do4Jq"},{"accountno":"20000020","departmentno":11,"salary":20021,"pincode":200020,"userid":"XVdEAYnNkz3FsrWew6iu","id":"yYrj7hLrGEKYPh9ALchR"},{"accountno":"20000020","departmentno":11,"salary":20021,"pincode":200020,"userid":"XVdEAYnNkz3FsrWew6iu","id":"MJ4ecAcps3ePCdxmdGFI"},{"accountno":"20000020","departmentno":11,"salary":20021,"pincode":200020,"userid":"XVdEAYnNkz3FsrWew6iu","id":"z2adRfrAiQd7uwqSb3f5"},{"accountno":"12345678","departmentno":"1","salary":"12345","pincode":"123456","userid":"Sg8U7tEgC3yAYOjqNkUK","id":"Dc2Btl0FUUnR4mrcDKI4"},{"accountno":"20000040","departmentno":"4","salary":"20040","pincode":"200040","userid":"XVdEAYnNkz3FsrWew6iu","id":"1rglXcvgdNIVxUmJyt6w"},{"accountno":"12345678","departmentno":"1","salary":"12345","pincode":"123456","userid":"Sg8U7tEgC3yAYOjqNkUK","id":"iKee0E3LPc5MZFH7jlVO"},{"accountno":"20000040","departmentno":"4","salary":"20040","pincode":"200040","userid":"XVdEAYnNkz3FsrWew6iu","id":"vmvewt5hARZiXo8NZ1I3"},{"accountno":"20000020","departmentno":11,"salary":20021,"pincode":200020,"userid":"XVdEAYnNkz3FsrWew6iu","id":"Q1PcMiZNisPg7pjS68c4"},{"accountno":"20000020","departmentno":11,"salary":20021,"pincode":200020,"userid":"XVdEAYnNkz3FsrWew6iu","id":"zoTfCm7W58tYn8LLsE2I"},{"accountno":"12345678","departmentno":"5","salary":"12345","pincode":"123456","userid":"Sg8U7tEgC3yAYOjqNkUK","id":"ejsrjDHaD3IKdMyzNACa"},{"accountno":"20000040","departmentno":"4","salary":"20040","pincode":"200040","userid":"XVdEAYnNkz3FsrWew6iu","id":"fouB5ODfeyExvNomE7WK"},{"accountno":"87654321","departmentno":"1","salary":"1000","pincode":"500000","userid":"NwJ3oPk7YJMHXYkcRLoJ","id":"OZR4Ovu2sO5k98LKvuvM"},{"accountno":"87654321","departmentno":"1","salary":"1000","pincode":"500000","userid":"NwJ3oPk7YJMHXYkcRLoJ","id":"0wjFzxCn1Z5wM5jv3Hbr"},{"accountno":"12345678","departmentno":"1","salary":"12345","pincode":"123456","userid":"Sg8U7tEgC3yAYOjqNkUK","id":"k8Ac7Pq7cAg8RNqKvbb7"},{"accountno":"59192338","departmentno":"1","salary":"50011","pincode":"560064","userid":"STPlkSG4zB7TihoZ78KK","id":"KCf4aFY73grjKwDQC5nk"},{"accountno":"59192338","departmentno":"1","salary":"61200","pincode":"560064","userid":"STPlkSG4zB7TihoZ78KK","id":"hnKcWB9Yp5lDu7S5b7no"},{"accountno":"59192331","departmentno":"1","salary":"61200","pincode":"560064","userid":"STPlkSG4zB7TihoZ78KK","id":"VeucqSx55b5AGhkDb4u5"},{"accountno":"59192331","departmentno":"1","salary":"61200","pincode":"560064","userid":"STPlkSG4zB7TihoZ78KK","id":"oLmZRM6PnjJibjy5ucZS"},{"accountno":"59192331","departmentno":"1","salary":"61200","pincode":"560064","userid":"STPlkSG4zB7TihoZ78KK","id":"dmpJlXISRnFblcdbRam1"},{"accountno":"56785678","departmentno":"5","salary":"567765","pincode":"567765","userid":"aaTLunwlzmlOZuXsBm4W","id":"efHPWKcwOJ9dcM9ZdB32"},{"accountno":"59192331","departmentno":"1","salary":"61200","pincode":"560064","userid":"STPlkSG4zB7TihoZ78KK","id":"lXY557QNP1l2iwPkSsoR"},{"accountno":"59192331","departmentno":"1","salary":"61200","pincode":"560064","userid":"STPlkSG4zB7TihoZ78KK","id":"YGLLxo3yFBKjjjSobHrA"},{"accountno":"59192331","departmentno":"1","salary":"61200","pincode":"560064","userid":"STPlkSG4zB7TihoZ78KK","id":"Va37kSv3A3svDVnIjZyY"},{"accountno":"59192331","departmentno":"1","salary":"61200","pincode":"560064","userid":"STPlkSG4zB7TihoZ78KK","id":"EbS24WS27v1pfUY4PALg"},{"accountno":"59192331","departmentno":"1","salary":"61200","pincode":"560064","userid":"STPlkSG4zB7TihoZ78KK","id":"6NMXOMLSgGxqMYPG6u84"},{"accountno":"59192331","departmentno":"1","salary":"61200","pincode":"560064","userid":"STPlkSG4zB7TihoZ78KK","id":"yzvhjcbebu4AD4x6gKCM"},{"accountno":"59192331","departmentno":"1","salary":"61200","pincode":"560064","userid":"STPlkSG4zB7TihoZ78KK","id":"zDppH4JdYT9pupVh3xyS"},{"accountno":"59192331","departmentno":"1","salary":"61200","pincode":"560064","userid":"STPlkSG4zB7TihoZ78KK","id":"gIHR6TAriWWr1sTYBTjJ"},{"accountno":"56785678","departmentno":"5","salary":"567765","pincode":"567765","userid":"aaTLunwlzmlOZuXsBm4W","id":"9Mtk7jJbtXRqL9OE5ZLS"},{"accountno":"56785678","departmentno":"5","salary":"567765","pincode":"567765","userid":"aaTLunwlzmlOZuXsBm4W","id":"rfnwNON8v4n37CvhB6zh"},{"accountno":"59192331","departmentno":"1","salary":"61200","pincode":"560064","userid":"STPlkSG4zB7TihoZ78KK","id":"4hOBvIBuygA3sHOD34Dr"},{"accountno":"59192331","departmentno":"1","salary":"61200","pincode":"560064","userid":"STPlkSG4zB7TihoZ78KK","id":"Sy1py4xsbKbp3XsoXxPF"},{"accountno":"56785678","departmentno":"5","salary":"567765","pincode":"567765","userid":"aaTLunwlzmlOZuXsBm4W","id":"wYl7vY20miv7tWlONZ6s"},{"accountno":"59192330","departmentno":"1","salary":"61200","pincode":"560064","userid":"STPlkSG4zB7TihoZ78KK","id":"aAcsgcbDqHXIKJBya1zC"},{"accountno":"59192330","departmentno":"1","salary":"61200","pincode":"560064","userid":"STPlkSG4zB7TihoZ78KK","id":"VPbF4agEgA9n9SqraDny"},{"accountno":"59192330","departmentno":"1","salary":"61200","pincode":"560064","userid":"STPlkSG4zB7TihoZ78KK","id":"D1JRlvy5iwIBLLuOHkeY"},{"accountno":"59192330","departmentno":"1","salary":"61200","pincode":"560064","userid":"STPlkSG4zB7TihoZ78KK","id":"iZBzNC2tggsddovLXPPq"},{"accountno":"88542098","departmentno":"5","salary":"5566","pincode":"666666","userid":"aaTLunwlzmlOZuXsBm4W","id":"9pJANQx8SP89a8dqJJzc"},{"accountno":"59192330","departmentno":"1","salary":"61200","pincode":"560064","userid":"STPlkSG4zB7TihoZ78KK","id":"pnXhmXOMPGXq67VkvqKm"},{"accountno":"13212121","departmentno":"6","salary":"6666","pincode":"666666","userid":"mVUMtJ8McXbP6Xkm86Ee","id":"cUfg83Mx9XGKTb69R9P7"},{"accountno":"13212121","departmentno":"6","salary":"6666","pincode":"666666","userid":"mVUMtJ8McXbP6Xkm86Ee","id":"0Mn0gyX0q08RaRZxVnOq"},{"accountno":"13212121","departmentno":"6","salary":"6666","pincode":"666666","userid":"mVUMtJ8McXbP6Xkm86Ee","id":"ipHfoshH4Gk8cnVlABNv"},{"accountno":"59192317","departmentno":"1","salary":"61200","pincode":"560064","userid":"STPlkSG4zB7TihoZ78KK","id":"kmLusKMgmy3j3QZ6s8Xj"},{"accountno":"59192320","departmentno":"1","salary":"61200","pincode":"560064","userid":"STPlkSG4zB7TihoZ78KK","id":"sBxyjDNUG7m25pOPlquK"},{"accountno":"13212121","departmentno":"6","salary":"6666","pincode":"666666","userid":"mVUMtJ8McXbP6Xkm86Ee","id":"mk0PGESr57102V5vwOYU"},{"accountno":"88542098","departmentno":"5","salary":"5566","pincode":"666666","userid":"aaTLunwlzmlOZuXsBm4W","id":"MxxaFrVMxnC8tbC0GkUR"},{"accountno":"13212121","departmentno":"6","salary":"6666","pincode":"666666","userid":"mVUMtJ8McXbP6Xkm86Ee","id":"D80bzhOIoxoImeX5PigP"},{"accountno":"59192320","departmentno":"1","salary":"61201","pincode":"560064","userid":"STPlkSG4zB7TihoZ78KK","id":"cUrVQgGyVg24mpNDveww"},{"accountno":"13212121","departmentno":"6","salary":"6666","pincode":"666666","userid":"mVUMtJ8McXbP6Xkm86Ee","id":"f2KAgmYcFAUv6v5cHrCO"},{"accountno":"88542098","departmentno":"5","salary":"5566","pincode":"666666","userid":"aaTLunwlzmlOZuXsBm4W","id":"QWuktqumtZNxSwkDBQ3w"},{"accountno":"88542098","departmentno":"5","salary":"5566","pincode":"666666","userid":"aaTLunwlzmlOZuXsBm4W","id":"miMD7Kee6zlLC2DIwa8f"},{"accountno":"88542098","departmentno":"5","salary":"5566","pincode":"666666","userid":"aaTLunwlzmlOZuXsBm4W","id":"M0hcylrpJAzgn0jKXaSu"},{"accountno":"88542098","departmentno":"5","salary":"5566","pincode":"666666","userid":"aaTLunwlzmlOZuXsBm4W","id":"KWMos4AP7x6U2NXsAopY"},{"accountno":"88542098","departmentno":"5","salary":"5566","pincode":"666666","userid":"aaTLunwlzmlOZuXsBm4W","id":"NOdjtK8a8qHNHBzFl1lw"},{"accountno":"59192317","departmentno":"1","salary":"50000","pincode":"560064","userid":"STPlkSG4zB7TihoZ78KK","id":"GDjNA9LUQTCQq263Tltj"},{"accountno":"20000040","departmentno":"4","salary":"20040","pincode":"200040","userid":"XVdEAYnNkz3FsrWew6iu","id":"8lv1lkIDuvkYIZJP2gPz"},{"accountno":"20000020","departmentno":11,"salary":20021,"pincode":200020,"userid":"XVdEAYnNkz3FsrWew6iu","id":"fgny1a5XperuskIQCMtM"},{"accountno":"20000040","departmentno":"4","salary":"20040","pincode":"200040","userid":"XVdEAYnNkz3FsrWew6iu","id":"TgrfYqrDZHZ6ml5Xze5N"},{"accountno":"20000040","departmentno":"4","salary":"20040","pincode":"200040","userid":"XVdEAYnNkz3FsrWew6iu","id":"gaJAVTPYjIO1eJ5Bx6Q9"},{"accountno":"20000040","departmentno":"4","salary":"20040","pincode":"200040","userid":"XVdEAYnNkz3FsrWew6iu","id":"lSN2KqEbHDfTKvv6Q5T4"},{"accountno":"59192316","departmentno":"1","salary":"50000","pincode":"560064","userid":"STPlkSG4zB7TihoZ78KK","id":"1ElKNWk74vWnu34Bw0Y3"},{"accountno":"20000040","departmentno":"4","salary":"20040","pincode":"200040","userid":"XVdEAYnNkz3FsrWew6iu","id":"3P2J0QCv0QZp052pFXa9"},{"accountno":"59192316","departmentno":"1","salary":"50000","pincode":"560064","userid":"STPlkSG4zB7TihoZ78KK","id":"QGsrE0zEUgvru4MNWajU"},{"accountno":"20000040","departmentno":"4","salary":"20040","pincode":"200040","userid":"XVdEAYnNkz3FsrWew6iu","id":"SPk9hso2zuSglPd1q6Iz"},{"accountno":"20000040","departmentno":"4","salary":"20040","pincode":"200040","userid":"XVdEAYnNkz3FsrWew6iu","id":"jK4pEGiNOqAu7Qqr2Hry"},{"accountno":"20000040","departmentno":"4","salary":"20040","pincode":"200040","userid":"XVdEAYnNkz3FsrWew6iu","id":"w1WyMCFRPAAvnl7I1X1h"},{"accountno":"20000040","departmentno":"4","salary":"20040","pincode":"200040","userid":"XVdEAYnNkz3FsrWew6iu","id":"1tQWh5wkhPfrT2tdLAuw"},{"accountno":"59192316","departmentno":"1","salary":"50000","pincode":"560064","userid":"STPlkSG4zB7TihoZ78KK","id":"NUjSBJB5QpTSysK5Wyfa"},{"accountno":"59192316","departmentno":"1","salary":"50000","pincode":"560064","userid":"STPlkSG4zB7TihoZ78KK","id":"GNZkdzf7xfojZTKi7gJD"},{"accountno":"59192316","departmentno":"1","salary":"50000","pincode":"560064","userid":"STPlkSG4zB7TihoZ78KK","id":"K43DHtG59LNI01MygyNQ"},{"accountno":"59192316","departmentno":"1","salary":"50000","pincode":"560064","userid":"STPlkSG4zB7TihoZ78KK","id":"ytpGgqhNDqxVdPBivQEa"},{"accountno":"20000040","departmentno":"4","salary":"20040","pincode":"200040","userid":"XVdEAYnNkz3FsrWew6iu","id":"oUFhtSpUMBXWSO6ksaU2"},{"accountno":"59192316","departmentno":"1","salary":"50000","pincode":"560064","userid":"STPlkSG4zB7TihoZ78KK","id":"TVLfaAJ5HzGzCXHmDx2c"},{"accountno":"59192316","departmentno":"1","salary":"50000","pincode":"560064","userid":"STPlkSG4zB7TihoZ78KK","id":"NaPUAtI2Es2QZJ7zpg92"},{"accountno":"59192316","departmentno":"1","salary":"50000","pincode":"560064","userid":"STPlkSG4zB7TihoZ78KK","id":"WhXRJ0n5Lvm6nKndf4G3"},{"accountno":"59192315","departmentno":"1","salary":"50000","pincode":"560064","userid":"STPlkSG4zB7TihoZ78KK","id":"zALMSy9M9ttNXpdauOi4"},{"accountno":"59192314","departmentno":"1","salary":"50000","pincode":"560064","userid":"STPlkSG4zB7TihoZ78KK","id":"UPN6f1CWoZi8hXDUixn5"},{"accountno":"12345678","departmentno":"1","salary":"12345","pincode":"123456","userid":"Sg8U7tEgC3yAYOjqNkUK","id":"UHx5UDr0wAm094sntJwD"},{"accountno":"59192313","departmentno":"1","salary":"50000","pincode":"560064","userid":"STPlkSG4zB7TihoZ78KK","id":"oLZVHfeqbolGXNNtHR55"},{"accountno":"59192313","departmentno":"1","salary":"50000","pincode":"560064","userid":"STPlkSG4zB7TihoZ78KK","id":"WKgZk6FLVDElqMB9afmU"},{"accountno":"59192312","departmentno":"2","salary":"50000","pincode":"560064","userid":"STPlkSG4zB7TihoZ78KK","id":"IqdvIyWudJ41fIUPPxDJ"},{"accountno":"59192311","departmentno":"2","salary":"50000","pincode":"560064","userid":"STPlkSG4zB7TihoZ78KK","id":"eq5bh5KY2WdmJkldgK9K"},{"accountno":"12341238","departmentno":"2","salary":"13800","pincode":"560064","userid":"STPlkSG4zB7TihoZ78KK","id":"sr71PfEvh2UzldzoiBwM"},{"accountno":"12341238","departmentno":"2","salary":"13800","pincode":"560064","userid":"STPlkSG4zB7TihoZ78KK","id":"bULhqoLvmsIW2vXu0Awy"},{"accountno":"11123344","departmentno":"2","salary":"13800","pincode":"560064","userid":"STPlkSG4zB7TihoZ78KK","id":"jkjTOlxP89HsYKiyAC8B"},{"accountno":"11123344","departmentno":"2","salary":"13800","pincode":"560064","userid":"STPlkSG4zB7TihoZ78KK","id":"xBWin5X2uR9lR6cRFoJP"},{"accountno":"11123344","departmentno":"2","salary":"13800","pincode":"560064","userid":"STPlkSG4zB7TihoZ78KK","id":"x9rFNISVuKb9R9BIpq3J"},{"accountno":"11123344","departmentno":"2","salary":"13800","pincode":"560064","userid":"STPlkSG4zB7TihoZ78KK","id":"LR2qJfILq8vh8EimuA2S"},{"accountno":"11123344","departmentno":"2","salary":"13800","pincode":"560064","userid":"STPlkSG4zB7TihoZ78KK","id":"PUVODgqSD7OIti50Dg1h"},{"accountno":"11123344","departmentno":"2","salary":"13800","pincode":"560064","userid":"STPlkSG4zB7TihoZ78KK","id":"dKPpHVEmvcQCZYCyjcrh"},{"accountno":"11123344","departmentno":"2","salary":"13800","pincode":"560064","userid":"STPlkSG4zB7TihoZ78KK","id":"hxuZXjnPzrKz7iEbUK1r"},{"accountno":"11123344","departmentno":"2","salary":"13800","pincode":"560064","userid":"STPlkSG4zB7TihoZ78KK","id":"9xL7AUXCroi52zf76IOw"},{"accountno":"11123344","departmentno":"2","salary":"13800","pincode":"560064","userid":"STPlkSG4zB7TihoZ78KK","id":"QkQD11ctcIbUrCSN7htb"},{"accountno":"11123344","departmentno":"2","salary":"13800","pincode":"560064","userid":"STPlkSG4zB7TihoZ78KK","id":"edbYgSCceh8mdS3uggx4"},{"accountno":"11123344","departmentno":"2","salary":"13800","pincode":"560064","userid":"STPlkSG4zB7TihoZ78KK","id":"rBOt9uvygL8fwaobEuY0"},{"accountno":"11123344","departmentno":"2","salary":"13800","pincode":"560064","userid":"STPlkSG4zB7TihoZ78KK","id":"ecsn4I8ivPKhn0XIvD6Y"},{"accountno":"11123344","departmentno":"2","salary":"13800","pincode":"560064","userid":"STPlkSG4zB7TihoZ78KK","id":"KXlkJkgD02so40i3i1yQ"},{"accountno":"11123344","departmentno":"2","salary":"13800","pincode":"560064","userid":"STPlkSG4zB7TihoZ78KK","id":"iwLgDDBh1O1mXU7enOiw"},{"accountno":"11123344","departmentno":"2","salary":"13800","pincode":"560064","userid":"STPlkSG4zB7TihoZ78KK","id":"QDkrEqW2OAFQxZy7Nq2S"},{"accountno":"11123344","departmentno":"2","salary":"13800","pincode":"560064","userid":"STPlkSG4zB7TihoZ78KK","id":"Ts4TDjFnLZdTPl7P7Cpz"},{"accountno":"20000040","departmentno":"4","salary":"20040","pincode":"200040","userid":"XVdEAYnNkz3FsrWew6iu","id":"guIG12RAhmf3BolsrCpF"},{"accountno":"20000040","departmentno":"4","salary":"20040","pincode":"200040","userid":"XVdEAYnNkz3FsrWew6iu","id":"nQUzTceEEztzaPEBgd7H"},{"accountno":"20000040","departmentno":"4","salary":"20040","pincode":"200040","userid":"XVdEAYnNkz3FsrWew6iu","id":"sbB8qCai3lqoeBMvXSLl"},{"accountno":"20000040","departmentno":"4","salary":"20040","pincode":"200040","userid":"XVdEAYnNkz3FsrWew6iu","id":"XogIi0ced9cHeSNgldyY"},{"accountno":"20000030","departmentno":"3","salary":"20030","pincode":"200030","userid":"XVdEAYnNkz3FsrWew6iu","id":"5JOocJUwe1y4d2bIgodM"},{"accountno":"88542098","departmentno":"5","salary":"5566","pincode":"666666","userid":"aaTLunwlzmlOZuXsBm4W","id":"gyHwMmJPOHfQbmviSxRY"},{"accountno":"88542098","departmentno":"5","salary":"5566","pincode":"666666","userid":"aaTLunwlzmlOZuXsBm4W","id":"iZsfMzXYofPWsupMpNEZ"},{"accountno":"88542098","departmentno":"5","salary":"5566","pincode":"666666","userid":"aaTLunwlzmlOZuXsBm4W","id":"3eUFZqZaXY7ziJEE4VLA"},{"accountno":"88542098","departmentno":"5","salary":"5566","pincode":"666666","userid":"aaTLunwlzmlOZuXsBm4W","id":"ImnK2B0xgKkkkPqMBVJ5"},{"accountno":"88542098","departmentno":"5","salary":"5566","pincode":"666666","userid":"aaTLunwlzmlOZuXsBm4W","id":"qwx7XlsSDylgOlpClSF6"},{"accountno":"88542098","departmentno":"5","salary":"5566","pincode":"666666","userid":"aaTLunwlzmlOZuXsBm4W","id":"eK4bZe4P6tYHyYvTBYnk"},{"accountno":"13212121","departmentno":"6","salary":"6666","pincode":"666666","userid":"mVUMtJ8McXbP6Xkm86Ee","id":"idX3sU0k8k6R1uSUfcby"},{"accountno":"88542098","departmentno":"5","salary":"5566","pincode":"666666","userid":"aaTLunwlzmlOZuXsBm4W","id":"GS8ThJ7oCAIEueSVlm7D"},{"accountno":"13212121","departmentno":"6","salary":"6666","pincode":"666666","userid":"mVUMtJ8McXbP6Xkm86Ee","id":"WgNy2NWrznJjZRRHbRda"},{"accountno":"16677889","departmentno":"4","salary":"177777","pincode":"110028","userid":"udhBK3zB8LiJm9Crv8KY","id":"t3DWnXVamxp4223jzZB7"},{"accountno":"16677889","departmentno":"4","salary":"177777","pincode":"110028","userid":"udhBK3zB8LiJm9Crv8KY","id":"ZGwvEv8TvW535lBpASP6"},{"accountno":"16677889","departmentno":"4","salary":"177777","pincode":"110028","userid":"udhBK3zB8LiJm9Crv8KY","id":"JQ5C35Zua9mJqTT2sjC8"},{"accountno":"13212121","departmentno":"6","salary":"6666","pincode":"666666","userid":"mVUMtJ8McXbP6Xkm86Ee","id":"2RGRGKNXtw9UqLVSgXWX"},{"accountno":"12345555","departmentno":"4","salary":"400000","pincode":"560077","userid":"f3au9cGnbYj4Y3qVxcY9","id":"KmVNz1f88ulnH9wzCeyI"},{"accountno":"16677889","departmentno":"4","salary":"177777","pincode":"110028","userid":"udhBK3zB8LiJm9Crv8KY","id":"xNAl2paCe6JDpaelKPPl"},{"accountno":"16677889","departmentno":"4","salary":"177777","pincode":"110028","userid":"udhBK3zB8LiJm9Crv8KY","id":"o87MlNKhS93ztZywx6Kl"},{"accountno":"16677889","departmentno":"4","salary":"177777","pincode":"110028","userid":"udhBK3zB8LiJm9Crv8KY","id":"Tp3RI4dFdcUl9f8bFxAh"},{"accountno":"12345555","departmentno":"4","salary":"400000","pincode":"560077","userid":"f3au9cGnbYj4Y3qVxcY9","id":"V2fbqGfRcrv53mTi4O86"},{"accountno":"16677889","departmentno":"4","salary":"177777","pincode":"110028","userid":"udhBK3zB8LiJm9Crv8KY","id":"YHBSjB15Q48yK45vbRRY"},{"accountno":"16677889","departmentno":"4","salary":"177777","pincode":"110028","userid":"udhBK3zB8LiJm9Crv8KY","id":"rjcHYbI3fLmWB189H4BL"},{"accountno":"12345555","departmentno":"4","salary":"400000","pincode":"560077","userid":"f3au9cGnbYj4Y3qVxcY9","id":"qW7TYS1gI804hnOw3KDA"},{"accountno":"12345555","departmentno":"4","salary":"400000","pincode":"560077","userid":"f3au9cGnbYj4Y3qVxcY9","id":"qM6fSjCoH5PSJit2KCW6"},{"accountno":"12345555","departmentno":"4","salary":"400000","pincode":"560077","userid":"f3au9cGnbYj4Y3qVxcY9","id":"w6gJUpnyKlk1ykLQQxfF"},{"accountno":"88542098","departmentno":"5","salary":"5566","pincode":"666666","userid":"aaTLunwlzmlOZuXsBm4W","id":"uZIaqto1p2v1QPjCsNaQ"},{"accountno":44444444,"departmentno":4,"salary":4000,"pincode":444444,"userid":"NhIAWPJNpQoYlFjMPScL","id":"N2Q6pBiFFSXQrTWJXXtb"},{"accountno":44444444,"departmentno":4,"salary":4000,"pincode":444444,"userid":"NhIAWPJNpQoYlFjMPScL","id":"guxNh0fMuKdKk2ZlYrfO"},{"accountno":44444444,"departmentno":4,"salary":4000,"pincode":444444,"userid":"NhIAWPJNpQoYlFjMPScL","id":"SEDY4ag1KNB7tUNWFfur"},{"accountno":44444444,"departmentno":4,"salary":4000,"pincode":444444,"userid":"NhIAWPJNpQoYlFjMPScL","id":"7GrsuXeiHtrryneNMSAo"},{"accountno":"88542098","departmentno":"5","salary":"5566","pincode":"666666","userid":"aaTLunwlzmlOZuXsBm4W","id":"qi0oVBN56vAYoWvxnC13"},{"accountno":"88542098","departmentno":"5","salary":"5566","pincode":"666666","userid":"aaTLunwlzmlOZuXsBm4W","id":"hGsmRcJf9zyeXJaOYuVQ"},{"accountno":"88542098","departmentno":"5","salary":"5566","pincode":"666666","userid":"aaTLunwlzmlOZuXsBm4W","id":"G9FVfpAyXsxIsWN5EMNw"},{"accountno":"16677889","departmentno":"4","salary":"177777","pincode":"110028","userid":"udhBK3zB8LiJm9Crv8KY","id":"Xm0GocDPae7YAhwKEhtL"},{"accountno":"16677889","departmentno":"4","salary":"177777","pincode":"110028","userid":"udhBK3zB8LiJm9Crv8KY","id":"7nd5aw3cGytGsTEwjWCv"},{"accountno":"88542098","departmentno":"5","salary":"5566","pincode":"666666","userid":"aaTLunwlzmlOZuXsBm4W","id":"0Soe5t9d4OIGTrimhm85"},{"accountno":"88542098","departmentno":"5","salary":"5566","pincode":"666666","userid":"aaTLunwlzmlOZuXsBm4W","id":"Rd6YEP0iHzgnG9L2EcK2"},{"accountno":"88542098","departmentno":"5","salary":"5566","pincode":"666666","userid":"aaTLunwlzmlOZuXsBm4W","id":"A3w0rzeP64RwlYMu705W"},{"accountno":"16677889","departmentno":"4","salary":"177777","pincode":"110028","userid":"udhBK3zB8LiJm9Crv8KY","id":"1WTAYCWBb5HdGJ65Gxin"},{"accountno":"16677889","departmentno":"4","salary":"177777","pincode":"110028","userid":"udhBK3zB8LiJm9Crv8KY","id":"1cinjMH5jTiYaOogizG0"},{"accountno":"88542098","departmentno":"5","salary":"5566","pincode":"666666","userid":"aaTLunwlzmlOZuXsBm4W","id":"wcWsPJtbbMUUbH3gYnv5"},{"accountno":"88542098","departmentno":"5","salary":"5566","pincode":"666666","userid":"aaTLunwlzmlOZuXsBm4W","id":"PLtHZEVOEI8mFRXkGooW"},{"accountno":"13212121","departmentno":"6","salary":"6666","pincode":"666666","userid":"mVUMtJ8McXbP6Xkm86Ee","id":"EtfwGu5fQgXvfqafXxAD"},{"accountno":"88542098","departmentno":"5","salary":"5566","pincode":"666666","userid":"aaTLunwlzmlOZuXsBm4W","id":"sT7EEFu3I4UQQvDosF8O"},{"accountno":"88542098","departmentno":"5","salary":"5566","pincode":"666666","userid":"aaTLunwlzmlOZuXsBm4W","id":"xvLKZqVFYzmqA3eHfd3S"},{"accountno":"88542098","departmentno":"5","salary":"5566","pincode":"666666","userid":"aaTLunwlzmlOZuXsBm4W","id":"iimFm7tYAhIyG9lzEKn4"},{"accountno":"16677889","departmentno":"4","salary":"177777","pincode":"110028","userid":"udhBK3zB8LiJm9Crv8KY","id":"iP76YEuDzTKIjBPV1LIZ"},{"accountno":"88542098","departmentno":"5","salary":"5566","pincode":"666666","userid":"aaTLunwlzmlOZuXsBm4W","id":"nnEbLVPzyI5rIGrPVUHF"},{"accountno":"88542098","departmentno":"5","salary":"5566","pincode":"666666","userid":"aaTLunwlzmlOZuXsBm4W","id":"ixzLJmoCH5yWtXGo0NeC"},{"accountno":"88542098","departmentno":"5","salary":"5566","pincode":"666666","userid":"aaTLunwlzmlOZuXsBm4W","id":"7h6mvocLQ2K6JfYIZwVR"},{"accountno":"88542099","departmentno":"5","salary":"5566","pincode":"666666","userid":"aaTLunwlzmlOZuXsBm4W","id":"GBcatQXluWewL8sOlRiD"},{"accountno":"12345678","departmentno":"1","salary":"12345","pincode":"123456","userid":"Sg8U7tEgC3yAYOjqNkUK","id":"wANtT74b91vuHkwLsiQQ"},{"accountno":"88542099","departmentno":"5","salary":"5555","pincode":"666666","userid":"aaTLunwlzmlOZuXsBm4W","id":"83KDyTRR5dT59Lv4exXt"},{"accountno":"88542099","departmentno":"5","salary":"5555","pincode":"666666","userid":"aaTLunwlzmlOZuXsBm4W","id":"jcojIDLIpgRDvPZYjjh4"},{"accountno":"12345678","departmentno":"1","salary":"12345","pincode":"123456","userid":"Sg8U7tEgC3yAYOjqNkUK","id":"8QuD9mB6mELHYgIKf66O"},{"accountno":"12345678","departmentno":"1","salary":"12345","pincode":"123456","userid":"Sg8U7tEgC3yAYOjqNkUK","id":"kwG7uLB7I6RF7U0KfvYq"},{"accountno":"12345678","departmentno":"1","salary":"12345","pincode":"123456","userid":"Sg8U7tEgC3yAYOjqNkUK","id":"0M10O3YSaM7XHr9giKFO"},{"accountno":"12345678","departmentno":"1","salary":"12345","pincode":"123456","userid":"Sg8U7tEgC3yAYOjqNkUK","id":"YxUnXbKz4WAOJISCLD4B"},{"accountno":"12345678","departmentno":"1","salary":"12345","pincode":"123456","userid":"Sg8U7tEgC3yAYOjqNkUK","id":"OX8oQ0aiFvz9sOlK6Fd6"},{"accountno":"12345678","departmentno":"1","salary":"12345","pincode":"123456","userid":"Sg8U7tEgC3yAYOjqNkUK","id":"JfiRxxRVsyIZKSnz2dKe"},{"accountno":"88542099","departmentno":"5","salary":"5555","pincode":"666666","userid":"aaTLunwlzmlOZuXsBm4W","id":"o6wePokqh8l32Su3GzyH"},{"accountno":"12345678","departmentno":"1","salary":"12345","pincode":"123456","userid":"Sg8U7tEgC3yAYOjqNkUK","id":"UlCh69yHp5h4R8mVj6jw"},{"accountno":"88542099","departmentno":"5","salary":"5555","pincode":"666666","userid":"aaTLunwlzmlOZuXsBm4W","id":"TiW9p8Tku24BxSl25xJt"},{"accountno":"88542099","departmentno":"5","salary":"5555","pincode":"666666","userid":"aaTLunwlzmlOZuXsBm4W","id":"FWSjBkrzNO4NxBmlhFrj"},{"accountno":"12345678","departmentno":"1","salary":"12345","pincode":"123456","userid":"Sg8U7tEgC3yAYOjqNkUK","id":"MNqs941ufEwwoWeI7Izz"},{"accountno":"88542099","departmentno":"5","salary":"5555","pincode":"666666","userid":"aaTLunwlzmlOZuXsBm4W","id":"Kntum9LlCJEWwjETMmPH"},{"accountno":"12345678","departmentno":"1","salary":"12345","pincode":"123456","userid":"Sg8U7tEgC3yAYOjqNkUK","id":"ibwO5V7EH228h2pdfbQ6"},{"accountno":"88542099","departmentno":"5","salary":"5555","pincode":"666666","userid":"aaTLunwlzmlOZuXsBm4W","id":"0cdDm04Ix0FwxDBbdfrt"},{"accountno":"12345678","departmentno":"1","salary":"12345","pincode":"123456","userid":"Sg8U7tEgC3yAYOjqNkUK","id":"GcteoFexvDqx7vuKlaXq"},{"accountno":"12345678","departmentno":"0","salary":"12345","pincode":"123456","userid":"Sg8U7tEgC3yAYOjqNkUK","id":"O5OYOD4FcLtJuZw03Cu4"},{"accountno":"12345678","departmentno":"0","salary":"12345","pincode":"123456","userid":"Sg8U7tEgC3yAYOjqNkUK","id":"AAq5dg9cJOUQZkDbm62f"},{"accountno":"12345678","departmentno":"0","salary":"12345","pincode":"123456","userid":"Sg8U7tEgC3yAYOjqNkUK","id":"2k2q06BxNrYwwRGr747a"},{"accountno":"88542099","departmentno":"5","salary":"5555","pincode":"666666","userid":"aaTLunwlzmlOZuXsBm4W","id":"9Faf0Y15eHnjT7fR547L"},{"accountno":"88542099","departmentno":"5","salary":"5555","pincode":"666666","userid":"aaTLunwlzmlOZuXsBm4W","id":"BMh5TCnMGVWUnCvpY9DA"},{"accountno":"88542099","departmentno":"5","salary":"5555","pincode":"666666","userid":"aaTLunwlzmlOZuXsBm4W","id":"gP7WAjghXqE49cDfVy2k"},{"accountno":"88542099","departmentno":"5","salary":"5555","pincode":"666666","userid":"aaTLunwlzmlOZuXsBm4W","id":"w9hjZsuf2QXJbaAiNdbW"},{"accountno":"88542099","departmentno":"5","salary":"5555","pincode":"666666","userid":"aaTLunwlzmlOZuXsBm4W","id":"gC1oNtBI7ON71cpLRcB4"},{"accountno":"88542099","departmentno":"5","salary":"5555","pincode":"666666","userid":"aaTLunwlzmlOZuXsBm4W","id":"jnVDq25XIIKzqLDd09Kc"},{"accountno":"88542099","departmentno":"5","salary":"5555","pincode":"666666","userid":"aaTLunwlzmlOZuXsBm4W","id":"0rnHeG6oezOlyeItqCxs"},{"accountno":"88542099","departmentno":"5","salary":"5555","pincode":"666666","userid":"aaTLunwlzmlOZuXsBm4W","id":"0FIfUjhKZR1ZJap2JMWE"},{"accountno":"12123891","departmentno":"2","salary":"121212","pincode":"121212","userid":"tUV5eLS8PrHkECApptwj","id":"bEfhbMgh45D31eSxYC6H"},{"accountno":"863434","departmentno":"011","salary":"48900","pincode":"455555","userid":"muvI8FoTMGhQfxspPb1D","id":"ZmU1sdqGuYsbQ77RCZWO"},{"accountno":"863434","departmentno":"011","salary":"48900","pincode":"455555","userid":"muvI8FoTMGhQfxspPb1D","id":"ilmCPgXS53q77k7sqZe2"},{"accountno":"863434","departmentno":"011","salary":"48900","pincode":"455555","userid":"muvI8FoTMGhQfxspPb1D","id":"4B9FE2WkpODwXcDwpK17"},{"accountno":"863434","departmentno":"011","salary":"48900","pincode":"455555","userid":"muvI8FoTMGhQfxspPb1D","id":"4jRwAFVWypXHRptHHjk0"},{"accountno":"863434","departmentno":"011","salary":"48900","pincode":"455555","userid":"muvI8FoTMGhQfxspPb1D","id":"LOAJEDcpBQJhb0GmcjAi"},{"accountno":"863434","departmentno":"011","salary":"48900","pincode":"455555","userid":"muvI8FoTMGhQfxspPb1D","id":"RWQ3y24QIMya6qgYfSeg"},{"accountno":"863434","departmentno":"011","salary":"48900","pincode":"455555","userid":"muvI8FoTMGhQfxspPb1D","id":"sSfKaYE6DGqA7DhzT2IB"},{"accountno":"2322331","departmentno":"5","salary":"2211","pincode":"33333","userid":"jNuJRaZD68Qzh2SYg7d8","id":"fDWIfQgaU4bL8cCF4xof"},{"accountno":"11123344","departmentno":"2","salary":"13800","pincode":"560064","userid":"STPlkSG4zB7TihoZ78KK","id":"60OxZ3hFF3rsHId3qKEs"},{"accountno":"11123344","departmentno":"2","salary":"13800","pincode":"560064","userid":"STPlkSG4zB7TihoZ78KK","id":"ioOTcFF6PKtXYm8pnlsI"},{"accountno":"11223378","departmentno":"2","salary":"123300","pincode":"560064","userid":"STPlkSG4zB7TihoZ78KK","id":"FJjtQdWZiNWbFyqQFbl7"},{"accountno":"22222331","departmentno":"5","salary":"2211","pincode":"22222","userid":"jNuJRaZD68Qzh2SYg7d8","id":"0kKM2RaCWMAByhUEV6bo"},{"accountno":"11123344","departmentno":"2","salary":"13800","pincode":"560064","userid":"STPlkSG4zB7TihoZ78KK","id":"YHnWkioLgEZjTUgxWUII"},{"accountno":"11123344","departmentno":"2","salary":"13800","pincode":"560064","userid":"STPlkSG4zB7TihoZ78KK","id":"X8jyhtsHzFbBKSPDBqp3"},{"accountno":"99999990","departmentno":"2","salary":"209000","pincode":"534534","userid":"PcHlag1PW7hFh5mapvRn","id":"maKzFhBqIuWF4nSOCkGX"},{"accountno":"11123344","departmentno":"2","salary":"13800","pincode":"560064","userid":"STPlkSG4zB7TihoZ78KK","id":"StYgbO1OopTKrUwTYN2M"},{"accountno":"11223378","departmentno":"2","salary":"61900","pincode":"560064","userid":"STPlkSG4zB7TihoZ78KK","id":"ipgMxShTaRqv67AxayZe"},{"accountno":"11223344","departmentno":"2","salary":"13800","pincode":"560064","userid":"STPlkSG4zB7TihoZ78KK","id":"UOxAlQ9flb9iyBSVTJNw"},{"accountno":"11223343","departmentno":"2","salary":"61200","pincode":"560064","userid":"STPlkSG4zB7TihoZ78KK","id":"PBNkjcx3PZQPkWzGkkfL"},{"accountno":"88542099","departmentno":"5","salary":"5555","pincode":"666666","userid":"aaTLunwlzmlOZuXsBm4W","id":"Gm8WXHQ33Tf4Z6akfLEH"},{"accountno":"88542099","departmentno":"5","salary":"5555","pincode":"666666","userid":"aaTLunwlzmlOZuXsBm4W","id":"bEqkHt3gVdCSaYS1KxKr"},{"accountno":"88542099","departmentno":"5","salary":"5555","pincode":"666666","userid":"aaTLunwlzmlOZuXsBm4W","id":"SCEzpMpqK5SnRCxr0dXN"},{"accountno":"12345657","departmentno":"1","salary":"12233334","pincode":"123445","userid":"tUV5eLS8PrHkECApptwj","id":"NiNfuHGy0uAvNvEe1X9p"},{"accountno":"87654321","departmentno":"1","salary":"1000","pincode":"500000","userid":"NwJ3oPk7YJMHXYkcRLoJ","id":"y8MXw2UyAvbtTvBSW5LI"},{"accountno":"87654321","departmentno":"1","salary":"1000","pincode":"500000","userid":"NwJ3oPk7YJMHXYkcRLoJ","id":"IsfxPvAyepNa2mv2lp5g"},{"accountno":"12345678","departmentno":"0","salary":"12345","pincode":"123456","userid":"Sg8U7tEgC3yAYOjqNkUK","id":"lTpZgmjnumzezkiEwV7i"},{"accountno":"12345678","departmentno":"0","salary":"12345","pincode":"123456","userid":"Sg8U7tEgC3yAYOjqNkUK","id":"GjUvCpluiT0nkdppbrH9"},{"accountno":"12345678","departmentno":"0","salary":"12345","pincode":"123456","userid":"Sg8U7tEgC3yAYOjqNkUK","id":"QWJkZmFDaxcDjUGylvgf"},{"accountno":"12345678","departmentno":"0","salary":"12345","pincode":"123456","userid":"Sg8U7tEgC3yAYOjqNkUK","id":"KHHhBq8jLpOTlhZXcLaZ"},{"accountno":"12345678","departmentno":"0","salary":"12345","pincode":"123456","userid":"Sg8U7tEgC3yAYOjqNkUK","id":"Oi7bzZceNKQc7hH755va"},{"accountno":"12345678","departmentno":"0","salary":"12345","pincode":"123456","userid":"Sg8U7tEgC3yAYOjqNkUK","id":"HxxT2OnakW0Ni9EXnYbQ"},{"accountno":"12345678","departmentno":"0","salary":"12345","pincode":"123456","userid":"Sg8U7tEgC3yAYOjqNkUK","id":"wtYtlMxFHIegVn5EowUA"},{"accountno":"12345678","departmentno":"0","salary":"12345","pincode":"123456","userid":"Sg8U7tEgC3yAYOjqNkUK","id":"B82r9mxNG2bNCsxbFYTM"},{"accountno":"12345678","departmentno":"0","salary":"12345","pincode":"123456","userid":"Sg8U7tEgC3yAYOjqNkUK","id":"aZRK8vgomx6Oq4MLZzBq"},{"accountno":"88540099","departmentno":"5","salary":"5555","pincode":"555555","userid":"aaTLunwlzmlOZuXsBm4W","id":"DPeqMWOs8a0xHLYsRivp"},{"accountno":"12345678","departmentno":"0","salary":"12345","pincode":"123456","userid":"Sg8U7tEgC3yAYOjqNkUK","id":"XTmNSrFCklNsewOxVBJd"},{"accountno":"12345678","departmentno":"0","salary":"12345","pincode":"123456","userid":"Sg8U7tEgC3yAYOjqNkUK","id":"t2Gm7SWlyfYcUCgMQ2Ue"},{"accountno":"12345678","departmentno":"0","salary":"12345","pincode":"123456","userid":"Sg8U7tEgC3yAYOjqNkUK","id":"ur40QoGMhvbcw0Lb27n4"},{"accountno":"12345678","departmentno":"0","salary":"12345","pincode":"123456","userid":"Sg8U7tEgC3yAYOjqNkUK","id":"uJR5URrfaIfLfDu3e0bN"},{"accountno":"12345678","departmentno":"0","salary":"12345","pincode":"123456","userid":"Sg8U7tEgC3yAYOjqNkUK","id":"Z2hTCW0msaxBERmphDLM"},{"accountno":"88540099","departmentno":"5","salary":"5555","pincode":"555555","userid":"aaTLunwlzmlOZuXsBm4W","id":"GHK4fCc9OjcpilMICi0x"},{"accountno":"88540099","departmentno":"5","salary":"5555","pincode":"555555","userid":"aaTLunwlzmlOZuXsBm4W","id":"2ggeOLLZ0OPtXxCkf4Mu"},{"accountno":"12345678","departmentno":"0","salary":"12345","pincode":"123456","userid":"Sg8U7tEgC3yAYOjqNkUK","id":"lc7WzPWMV6DztyIsI0OH"},{"accountno":"12365439","departmentno":"7","salary":"2000","pincode":"323457","userid":"U3Z1Yidij6RxyoK29ayU","id":"vecOCSz0YSJNGsppIVRm"},{"accountno":"77765439","departmentno":"7","salary":"2000","pincode":"323457","userid":"U3Z1Yidij6RxyoK29ayU","id":"GXPJhorITTUZxOGvtVIm"},{"accountno":"50000010","departmentno":"2","salary":"209000","pincode":"534534","userid":"PcHlag1PW7hFh5mapvRn","id":"zCRNWGxFy8EQehVjKHgv"},{"accountno":"12123156","departmentno":"2","salary":"1212566","pincode":"121278","userid":"tUV5eLS8PrHkECApptwj","id":"ZGFwBZ432IRC4LWqaHew"},{"accountno":"87654321","departmentno":"1","salary":"1000","pincode":"500000","userid":"NwJ3oPk7YJMHXYkcRLoJ","id":"CnWXFKHjTqeftXT1S6Aj"},{"accountno":"12345678","departmentno":"0","salary":"12345","pincode":"123456","userid":"Sg8U7tEgC3yAYOjqNkUK","id":"cuX2XQYeTWfM6B23ZqQO"},{"accountno":"12345678","departmentno":"0","salary":"12345","pincode":"123456","userid":"Sg8U7tEgC3yAYOjqNkUK","id":"VLlz8NGs7kGTJjtytYMd"},{"accountno":"12345678","departmentno":"9","salary":"12345","pincode":"123456","userid":"Sg8U7tEgC3yAYOjqNkUK","id":"ixdcBksDzBMLIL4gAWmN"},{"accountno":"18767777","departmentno":"7","salary":"2000","pincode":"323457","userid":"U3Z1Yidij6RxyoK29ayU","id":"17WSpCSx1JehQHubuTIy"},{"accountno":"18765438","departmentno":"7","salary":"2000","pincode":"323457","userid":"U3Z1Yidij6RxyoK29ayU","id":"fyLAy4IUjt42lxVPhRnf"},{"accountno":"13212121","departmentno":"6","salary":"6666","pincode":"666666","userid":"mVUMtJ8McXbP6Xkm86Ee","id":"zGBA6wRkmuv5pXabM3pZ"},{"accountno":"13212121","departmentno":"6","salary":"6666","pincode":"666666","userid":"mVUMtJ8McXbP6Xkm86Ee","id":"XKt5gtsJIv2W9T1KkBva"},{"accountno":"13212121","departmentno":"6","salary":"6666","pincode":"666666","userid":"mVUMtJ8McXbP6Xkm86Ee","id":"zsLJdJgppNIxOGg8NLeS"},{"accountno":"12345678","departmentno":"9","salary":"12345","pincode":"123456","userid":"Sg8U7tEgC3yAYOjqNkUK","id":"OjlkkhtjUHJw2Zcer0OU"},{"accountno":"13212121","departmentno":"9","salary":"66669","pincode":"666666","userid":"mVUMtJ8McXbP6Xkm86Ee","id":"LadY6DY2DckKBVzw3bnc"},{"accountno":"18765431","departmentno":"7","salary":"2000","pincode":"323457","userid":"U3Z1Yidij6RxyoK29ayU","id":"a9c6ci6f1zSY0esS8pI1"},{"accountno":"18765431","departmentno":"7","salary":"2000","pincode":"323457","userid":"U3Z1Yidij6RxyoK29ayU","id":"TZFGMn08NJlawYAx8QmA"},{"accountno":"18765431","departmentno":"7","salary":"2000","pincode":"323457","userid":"U3Z1Yidij6RxyoK29ayU","id":"ZP0V2Grnw1jkVOagVCHu"},{"accountno":"26765432","departmentno":"7","salary":"2000","pincode":"323457","userid":"U3Z1Yidij6RxyoK29ayU","id":"Ym3WhhJX6N7spzTTKjkW"},{"accountno":"12345567","departmentno":"1","salary":"80","pincode":"123456","userid":"jqRcPYgCUbWnsE2mr8CQ","id":"KQOduL3qzkrWwa6AztvM"},{"accountno":"12345678","departmentno":"9","salary":"12345","pincode":"123456","userid":"Sg8U7tEgC3yAYOjqNkUK","id":"cI7FsiNdBEEwinB02tIw"},{"accountno":"25225478","departmentno":9,"salary":4625,"pincode":845396,"userid":"Bf2SSUSveYyeya6EZayR","id":"8JiBO9WcsigADzIyGqGH"},{"accountno":"25225478","departmentno":9,"salary":4625,"pincode":845396,"userid":"Bf2SSUSveYyeya6EZayR","id":"XF5dA3JYqtdVWno1HaTV"},{"accountno":"25225478","departmentno":9,"salary":4625,"pincode":845396,"userid":"Bf2SSUSveYyeya6EZayR","id":"QU1OevtcAxeZI0Sk16zR"},{"accountno":"25225478","departmentno":9,"salary":4625,"pincode":845396,"userid":"Bf2SSUSveYyeya6EZayR","id":"Bs1flu3vIeaYs9G6H40W"},{"accountno":"25225478","departmentno":9,"salary":4625,"pincode":845396,"userid":"Bf2SSUSveYyeya6EZayR","id":"Ou3GsqmN5RWjrnBs8Jb0"},{"accountno":"25225478","departmentno":9,"salary":4625,"pincode":845396,"userid":"Bf2SSUSveYyeya6EZayR","id":"gIdeKI7SlCY9rQw7RjCX"},{"accountno":"25225478","departmentno":9,"salary":4625,"pincode":845396,"userid":"Bf2SSUSveYyeya6EZayR","id":"O6BM5CRax30bDDg8JUyW"},{"accountno":"25225478","departmentno":9,"salary":4625,"pincode":845396,"userid":"Bf2SSUSveYyeya6EZayR","id":"DV4bRuP9YpsYJEwoYsM1"},{"accountno":"25225478","departmentno":9,"salary":4625,"pincode":845396,"userid":"Bf2SSUSveYyeya6EZayR","id":"YwLuTLjhbG7NzoOKhZi8"},{"accountno":"25225478","departmentno":9,"salary":4625,"pincode":845396,"userid":"Bf2SSUSveYyeya6EZayR","id":"DwgJFNjfi2kfs8wFZiFG"},{"accountno":"25225478","departmentno":9,"salary":4625,"pincode":845396,"userid":"Bf2SSUSveYyeya6EZayR","id":"b8PMhDrqrdmrkDak51s0"},{"accountno":"25225478","departmentno":9,"salary":4625,"pincode":845396,"userid":"Bf2SSUSveYyeya6EZayR","id":"Pumfu7SJIKQnkRruabi8"},{"accountno":"25225478","departmentno":9,"salary":4625,"pincode":845396,"userid":"Bf2SSUSveYyeya6EZayR","id":"y7iJPmXaQCld6tkKX5GL"},{"accountno":"98765437","departmentno":"7","salary":"2000","pincode":"323457","userid":"U3Z1Yidij6RxyoK29ayU","id":"3g7fAgd3usfSR8XAUweg"},{"accountno":"98765437","departmentno":"7","salary":"2000","pincode":"323457","userid":"U3Z1Yidij6RxyoK29ayU","id":"0dYzIp8EfqlXYGq1nkBX"},{"accountno":"98765437","departmentno":"7","salary":"2000","pincode":"323457","userid":"U3Z1Yidij6RxyoK29ayU","id":"hu77dgLrPWwOCeMeX8Hq"},{"accountno":"98765437","departmentno":"7","salary":"2000","pincode":"323457","userid":"U3Z1Yidij6RxyoK29ayU","id":"zD2UzJT3huY3k5sJ7c9n"},{"accountno":"98765435","departmentno":"7","salary":"2000","pincode":"323457","userid":"U3Z1Yidij6RxyoK29ayU","id":"FR25kWeGBKgbcd65HFk2"},{"accountno":"11111111","departmentno":"1","salary":"10000","pincode":"111111","userid":"NhIAWPJNpQoYlFjMPScL","id":"2PFhUuQQLIrX3MXm7pNh"},{"accountno":"11111111","departmentno":"1","salary":"10000","pincode":"111111","userid":"NhIAWPJNpQoYlFjMPScL","id":"uqypisQxUyFCYpQTjgxM"},{"accountno":"11111111","departmentno":"1","salary":"10000","pincode":"111111","userid":"NhIAWPJNpQoYlFjMPScL","id":"sc04e2Z2NNTo9GfKBDwy"},{"accountno":"11111111","departmentno":"1","salary":"10000","pincode":"111111","userid":"NhIAWPJNpQoYlFjMPScL","id":"bjZgAfVJXVZRTebtG0UM"},{"accountno":"11111111","departmentno":"1","salary":"10000","pincode":"111111","userid":"NhIAWPJNpQoYlFjMPScL","id":"IyNbiIfW1yURoKNXQ6ML"},{"accountno":"11111111","departmentno":"1","salary":"10000","pincode":"111111","userid":"NhIAWPJNpQoYlFjMPScL","id":"ZroUNAL7gLN1D0R8rudw"},{"accountno":"11111111","departmentno":"1","salary":"10000","pincode":"111111","userid":"NhIAWPJNpQoYlFjMPScL","id":"FMpRgYW5I9SXezZ03b52"},{"accountno":"11111111","departmentno":"1","salary":"10000","pincode":"111111","userid":"NhIAWPJNpQoYlFjMPScL","id":"nDz1pd9jJ2JtkIgDIt4l"},{"accountno":"11111111","departmentno":"1","salary":"10000","pincode":"111111","userid":"NhIAWPJNpQoYlFjMPScL","id":"DSXHjbZNxzfW3jmXMh08"},{"accountno":"11111111","departmentno":"1","salary":"10000","pincode":"111111","userid":"NhIAWPJNpQoYlFjMPScL","id":"kCHwxalMgltHAzjLwSv5"},{"accountno":"13212121","departmentno":"6","salary":"6666","pincode":"666666","userid":"mVUMtJ8McXbP6Xkm86Ee","id":"bR1MedX5ciebND1LSHxa"},{"accountno":"11111111","departmentno":"1","salary":"10000","pincode":"111111","userid":"NhIAWPJNpQoYlFjMPScL","id":"gpP7kQImgJU8SBCVfEtT"},{"accountno":"13212121","departmentno":"6","salary":"6666","pincode":"666666","userid":"mVUMtJ8McXbP6Xkm86Ee","id":"edNB1tilRNUDcd2lJ5bh"},{"accountno":"13212121","departmentno":"6","salary":"6666","pincode":"666666","userid":"mVUMtJ8McXbP6Xkm86Ee","id":"NobcHLaB2sJcjiVUMOmk"},{"accountno":"13212121","departmentno":"6","salary":"6666","pincode":"666666","userid":"mVUMtJ8McXbP6Xkm86Ee","id":"txz0QN6vjLi5nYDROwXo"},{"accountno":"13212121","departmentno":"6","salary":"6666","pincode":"666666","userid":"mVUMtJ8McXbP6Xkm86Ee","id":"ui1HbvBPvKJguXG8tu3E"},{"accountno":"13212121","departmentno":"6","salary":"6666","pincode":"666666","userid":"mVUMtJ8McXbP6Xkm86Ee","id":"Xr9XzaWz079Axx9MKpGD"},{"accountno":"13212121","departmentno":"6","salary":"6666","pincode":"666666","userid":"mVUMtJ8McXbP6Xkm86Ee","id":"rMf7EL0i0LoyZNzPge5c"},{"accountno":"13212121","departmentno":"6","salary":"6666","pincode":"666666","userid":"mVUMtJ8McXbP6Xkm86Ee","id":"WYdxIgxQ6CbViKx4nAcL"},{"accountno":"13212121","departmentno":"6","salary":"6666","pincode":"666666","userid":"mVUMtJ8McXbP6Xkm86Ee","id":"1UMv0g9HXmxMSYj8zGMP"},{"accountno":"13212121","departmentno":"6","salary":"6666","pincode":"666666","userid":"mVUMtJ8McXbP6Xkm86Ee","id":"BwN7EeFDdw3xZH1kx9Oo"},{"accountno":"13212121","departmentno":7,"salary":66668,"pincode":666666,"userid":"mVUMtJ8McXbP6Xkm86Ee","id":"DlynoEx9ElSbVOd4KLOo"},{"accountno":"11111111","departmentno":"1","salary":"10000","pincode":"111111","userid":"NhIAWPJNpQoYlFjMPScL","id":"AnFPcCHnEhupuraDLCDF"},{"accountno":"11111111","departmentno":"1","salary":"10000","pincode":"111111","userid":"NhIAWPJNpQoYlFjMPScL","id":"1YMVaXOSXCrE0iQuMzcG"},{"accountno":"98765435","departmentno":"7","salary":"2000","pincode":"323457","userid":"U3Z1Yidij6RxyoK29ayU","id":"F0t4jcilDYQ5tk7ktPjK"},{"accountno":"98765434","departmentno":"7","salary":"2000","pincode":"323457","userid":"U3Z1Yidij6RxyoK29ayU","id":"6t9Hd0KVwLEHa4WVNezd"},{"accountno":"11111111","departmentno":"1","salary":"10000","pincode":"111111","userid":"NhIAWPJNpQoYlFjMPScL","id":"EJsZrVfCXZqTuHpMoKjk"},{"accountno":"11111111","departmentno":"1","salary":"10000","pincode":"111111","userid":"NhIAWPJNpQoYlFjMPScL","id":"MfhmDaqOheTr0XU99AO4"},{"accountno":"11111111","departmentno":"1","salary":"10000","pincode":"111111","userid":"NhIAWPJNpQoYlFjMPScL","id":"8cbKTblwwDkpXO0IxCLO"},{"accountno":"11111111","departmentno":"1","salary":"10000","pincode":"111111","userid":"NhIAWPJNpQoYlFjMPScL","id":"psq4aUSJmgds9SMf6V0D"},{"accountno":"11111111","departmentno":"1","salary":"10000","pincode":"111111","userid":"NhIAWPJNpQoYlFjMPScL","id":"0VfCG08jdxKilxQgrUDN"},{"accountno":"11111111","departmentno":"1","salary":"10000","pincode":"111111","userid":"NhIAWPJNpQoYlFjMPScL","id":"ErC0L6stLz0It8K2ZC3y"},{"accountno":"11111111","departmentno":"1","salary":"10000","pincode":"111111","userid":"NhIAWPJNpQoYlFjMPScL","id":"7sGTxCy4WcBJfeZJeXin"},{"accountno":"11111111","departmentno":"1","salary":"10000","pincode":"111111","userid":"NhIAWPJNpQoYlFjMPScL","id":"gI1d1zWYbdgUMF9st4YW"},{"accountno":"11111111","departmentno":"1","salary":"10000","pincode":"111111","userid":"NhIAWPJNpQoYlFjMPScL","id":"xC9LsMMBU8WDLbF14VWN"},{"accountno":"11111111","departmentno":"1","salary":"10000","pincode":"111111","userid":"NhIAWPJNpQoYlFjMPScL","id":"snD2tlJbpNu0G5HcL1Ef"},{"accountno":"66765433","departmentno":"7","salary":"2000","pincode":"323457","userid":"U3Z1Yidij6RxyoK29ayU","id":"Aq4JUVoXDuaiTnLykdw3"},{"accountno":"98765432","departmentno":"7","salary":"2000","pincode":"223457","userid":"U3Z1Yidij6RxyoK29ayU","id":"420HZR8767olgq8zQHBg"},{"accountno":"98765432","departmentno":"7","salary":"2000","pincode":"223457","userid":"U3Z1Yidij6RxyoK29ayU","id":"OSZGY1gj0z8eJcxC8tYk"},{"accountno":"11666666","departmentno":"7","salary":"2000","pincode":"223457","userid":"U3Z1Yidij6RxyoK29ayU","id":"CWUr6nf3JHCGYQuX6LMj"},{"accountno":"11666666","departmentno":"7","salary":"2000","pincode":"223457","userid":"U3Z1Yidij6RxyoK29ayU","id":"LxgL5w9zduZVM97FXTtJ"},{"accountno":"12212121","departmentno":"6","salary":"6666","pincode":"666666","userid":"mVUMtJ8McXbP6Xkm86Ee","id":"SoIXckXa3RuHTRaacbGj"},{"accountno":"11666666","departmentno":"7","salary":"2000","pincode":"223457","userid":"U3Z1Yidij6RxyoK29ayU","id":"LBPnWUKyNS6nstuTTz2H"},{"accountno":"11111111","departmentno":"1","salary":"10000","pincode":"111111","userid":"NhIAWPJNpQoYlFjMPScL","id":"XjsjEr9RL1pEvKHkJhJ3"},{"accountno":"11111111","departmentno":"1","salary":"10000","pincode":"111111","userid":"NhIAWPJNpQoYlFjMPScL","id":"eNMqupcqco1JUA7Fn509"},{"accountno":"21212121","departmentno":"6","salary":"6666","pincode":"666666","userid":"mVUMtJ8McXbP6Xkm86Ee","id":"eJtnUNSOhgZPyufQmwuw"},{"accountno":"87654321","departmentno":"1","salary":"1000","pincode":"500000","userid":"NwJ3oPk7YJMHXYkcRLoJ","id":"sFU4Vm7lUyNmYwykcII1"},{"accountno":"87654321","departmentno":"1","salary":"1000","pincode":"500000","userid":"NwJ3oPk7YJMHXYkcRLoJ","id":"FmfjBo45cYgqiWNfEI0i"},{"accountno":"87654321","departmentno":"1","salary":"1000","pincode":"500000","userid":"NwJ3oPk7YJMHXYkcRLoJ","id":"1asYYEkEtw6Ym3JeMMPk"},{"accountno":"87654321","departmentno":"1","salary":"1000","pincode":"500000","userid":"NwJ3oPk7YJMHXYkcRLoJ","id":"d54xzJ4VjlXJVG2auqub"},{"accountno":"87654321","departmentno":"1","salary":"1000","pincode":"500000","userid":"NwJ3oPk7YJMHXYkcRLoJ","id":"P1sKEy7InLre6eFBXaqi"},{"accountno":"12123156","departmentno":"2","salary":"1212566","pincode":"121278","userid":"tUV5eLS8PrHkECApptwj","id":"HSoEf3d5YIStirUNBOIJ"},{"accountno":"12123156","departmentno":"2","salary":"1212566","pincode":"121278","userid":"tUV5eLS8PrHkECApptwj","id":"U6apv51TvrHJiNawvPqI"},{"accountno":"12123156","departmentno":"2","salary":"1212566","pincode":"121278","userid":"tUV5eLS8PrHkECApptwj","id":"w9feiGrnJU3LEJykXDmS"},{"accountno":"87654321","departmentno":"1","salary":"1000","pincode":"500000","userid":"NwJ3oPk7YJMHXYkcRLoJ","id":"atS80oIQuZHa6Cnz6riK"},{"accountno":"12122112","departmentno":"1","salary":"1223","pincode":"122122","userid":"tUV5eLS8PrHkECApptwj","id":"681jBwvxfrQ8H50xNv8N"},{"accountno":"12121212","departmentno":"1","salary":"21","pincode":"121212","userid":"tUV5eLS8PrHkECApptwj","id":"jgzlHS61tYGDuXbXLtZK"},{"accountno":"12121212","departmentno":"2","salary":"32","pincode":"121212","userid":"tUV5eLS8PrHkECApptwj","id":"pFbfko1NGTLilrufrIqP"},{"accountno":"12123156","departmentno":"2","salary":"1212566","pincode":"121278","userid":"tUV5eLS8PrHkECApptwj","id":"xxtbcSNh8XP8uKQpawg3"},{"accountno":"12123156","departmentno":"2","salary":"1212566","pincode":"121278","userid":"tUV5eLS8PrHkECApptwj","id":"gtqR7YgFYAf6FgkiOWqG"},{"accountno":"12123156","departmentno":"2","salary":"1212566","pincode":"121278","userid":"tUV5eLS8PrHkECApptwj","id":"kr9hSdSyioE8fYSQwfls"},{"accountno":"12123156","departmentno":"2","salary":"1212566","pincode":"121278","userid":"tUV5eLS8PrHkECApptwj","id":"tpcu0xRUsfIax1rjwJQa"},{"accountno":"12123156","departmentno":"2","salary":"1212566","pincode":"121278","userid":"tUV5eLS8PrHkECApptwj","id":"sj4EhZ1sGgjgLmE7jlOt"},{"accountno":"11111111","departmentno":"1","salary":"10000","pincode":"111111","userid":"NhIAWPJNpQoYlFjMPScL","id":"kuV4CBPyDf80bDdMRjjw"},{"accountno":"11111111","departmentno":"1","salary":"10000","pincode":"111111","userid":"NhIAWPJNpQoYlFjMPScL","id":"VZUGHWnQFzHWMUYHjU8H"},{"accountno":"11111111","departmentno":"1","salary":"10000","pincode":"111111","userid":"NhIAWPJNpQoYlFjMPScL","id":"FFW2cRxGwDAVSEXRdkBV"},{"accountno":"11111111","departmentno":"1","salary":"10000","pincode":"111111","userid":"NhIAWPJNpQoYlFjMPScL","id":"dM32yBTnAmw0stWLVBHi"},{"accountno":"11111111","departmentno":"1","salary":"10000","pincode":"111111","userid":"NhIAWPJNpQoYlFjMPScL","id":"nbSu7BTRM5odOE0Lk7Ni"},{"accountno":"11111111","departmentno":"1","salary":"10000","pincode":"111111","userid":"NhIAWPJNpQoYlFjMPScL","id":"8SGNTXMEmcXumvdahTZN"},{"accountno":"11111111","departmentno":"1","salary":"10000","pincode":"111111","userid":"NhIAWPJNpQoYlFjMPScL","id":"qiO1aM6WvzPCdGGCYbEu"},{"accountno":"11111111","departmentno":"1","salary":"10000","pincode":"111111","userid":"NhIAWPJNpQoYlFjMPScL","id":"uDVMqA15Pv0s5r2o0Ld2"},{"accountno":11111111,"departmentno":1,"salary":"1000","pincode":111111,"userid":"NhIAWPJNpQoYlFjMPScL","id":"LcN3P4iIOn9JYqDBtaIe"},{"accountno":"11111111","departmentno":"1","salary":"10000","pincode":"111111","userid":"NhIAWPJNpQoYlFjMPScL","id":"J24LdPNAvthitTUWJuIh"},{"accountno":"11111111","departmentno":"1","salary":"10000","pincode":"111111","userid":"NhIAWPJNpQoYlFjMPScL","id":"0DgDcEzy9xk8R2NLlFxU"},{"accountno":"11111111","departmentno":"1","salary":"10000","pincode":"111111","userid":"NhIAWPJNpQoYlFjMPScL","id":"fN6XFxg2h0eFLIf69XUt"},{"accountno":"11111111","departmentno":"1","salary":"10000","pincode":"111111","userid":"NhIAWPJNpQoYlFjMPScL","id":"XU9W67AgYixzN1fNo4HY"},{"accountno":"11111111","departmentno":"1","salary":"10000","pincode":"111111","userid":"NhIAWPJNpQoYlFjMPScL","id":"R1taKdsQFivHpf9NzIvN"},{"accountno":"11111111","departmentno":"1","salary":"10000","pincode":"111111","userid":"NhIAWPJNpQoYlFjMPScL","id":"P9lY6GGubEJbUHMkTHPQ"},{"accountno":"12123156","departmentno":"2","salary":"1212566","pincode":"121278","userid":"tUV5eLS8PrHkECApptwj","id":"3PsDCYpQwlh99xw3uJw6"},{"accountno":"12123190","departmentno":"2","salary":"121212","pincode":"121212","userid":"tUV5eLS8PrHkECApptwj","id":"OFgErThzBXVxtZjjoyti"},{"accountno":"13334333","departmentno":"9","salary":"30022","pincode":"590001","userid":"IdB36E42UlOHhyfpFueu","id":"poXPVWwO8V1MCmjI5L8b"},{"accountno":"11111111","departmentno":"1","salary":"10","pincode":"111111","userid":"NhIAWPJNpQoYlFjMPScL","id":"o5frbxwxpCiTfhUeq8C0"},{"accountno":"87654321","departmentno":"1","salary":"1000","pincode":"500000","userid":"NwJ3oPk7YJMHXYkcRLoJ","id":"spZPclWEjdwPVM0rEIim"},{"accountno":"87654321","departmentno":"1","salary":"1000","pincode":"500000","userid":"NwJ3oPk7YJMHXYkcRLoJ","id":"3efPOa2nIYbegeG3MamE"},{"accountno":"87654321","departmentno":"1","salary":"1000","pincode":"500000","userid":"NwJ3oPk7YJMHXYkcRLoJ","id":"Tnp6nUePMIBHahC1syl0"},{"accountno":"87654321","departmentno":"1","salary":"1000","pincode":"500000","userid":"NwJ3oPk7YJMHXYkcRLoJ","id":"ax3Rd8iZ5NSOL70nGzY8"},{"accountno":"11111111","departmentno":"1","salary":"10","pincode":"111111","userid":"NhIAWPJNpQoYlFjMPScL","id":"CD3wH76XxrqDoOvFenrO"},{"accountno":"11111111","departmentno":"1","salary":"1","pincode":"111111","userid":"NhIAWPJNpQoYlFjMPScL","id":"uwo2nqVYq72TNrgzoOiG"},{"accountno":"87654321","departmentno":"1","salary":"1000","pincode":"500000","userid":"NwJ3oPk7YJMHXYkcRLoJ","id":"ssqQKa99IlupJekftMVn"},{"accountno":"87654321","departmentno":"1","salary":"1000","pincode":"500000","userid":"NwJ3oPk7YJMHXYkcRLoJ","id":"AuGo4ZCBSsiuO4E3mnbQ"},{"accountno":"20000000","departmentno":2,"salary":20000,"pincode":200000,"userid":"NhIAWPJNpQoYlFjMPScL","id":"7VlQdYjEKeVk9lTPz8fB"},{"accountno":"99999999","departmentno":"9","salary":"9999","pincode":"999999","userid":"NhIAWPJNpQoYlFjMPScL","id":"TNDaSpd4emNwY811UsiG"},{"accountno":"12345555","departmentno":"4","salary":"400000","pincode":"560077","userid":"f3au9cGnbYj4Y3qVxcY9","id":"pYKIFTodJGypVcBdtrFf"},{"accountno":"87654321","departmentno":"1","salary":"1000","pincode":"500000","userid":"NwJ3oPk7YJMHXYkcRLoJ","id":"scZTASu9J4hk7lgXtV6H"},{"accountno":"87654321","departmentno":"1","salary":"1000","pincode":"500000","userid":"NwJ3oPk7YJMHXYkcRLoJ","id":"vhPlaBHwYFmdlQSjiUKW"},{"accountno":"87654321","departmentno":"1","salary":"1000","pincode":"500000","userid":"NwJ3oPk7YJMHXYkcRLoJ","id":"MZjbNbJWcnQT4Ad8KNnC"},{"accountno":"87654321","departmentno":"1","salary":"1000","pincode":"500000","userid":"NwJ3oPk7YJMHXYkcRLoJ","id":"z9U57hnoKOTTe2WFI93s"},{"accountno":"87654321","departmentno":"1","salary":"1000","pincode":"500000","userid":"NwJ3oPk7YJMHXYkcRLoJ","id":"KuLL31YY0FOvsVYsIBT9"},{"accountno":"87654321","departmentno":"1","salary":"1000","pincode":"500000","userid":"NwJ3oPk7YJMHXYkcRLoJ","id":"rphjV2tHHWv0NcMrwktN"},{"accountno":"56561156","departmentno":"5","salary":"980001","pincode":"111112","userid":"YtScOjLrbE3jlTdfCbRP","id":"ISWe8mk5hDWzKzl5A4af"},{"accountno":"11223344","departmentno":"4","salary":"400000","pincode":"560077","userid":"rramin58ybocMNQoFYXl","id":"8fEAS2mVAiWiepPrp4NM"},{"accountno":"87654321","departmentno":2,"salary":1000,"pincode":500000,"userid":"NwJ3oPk7YJMHXYkcRLoJ","id":"Jl2Mk6Vq3IqO3aQqkkLj"},{"accountno":"87654321","departmentno":"1","salary":"1000","pincode":"500000","userid":"NwJ3oPk7YJMHXYkcRLoJ","id":"1CK20nD7NrtD1afjP7yh"},{"accountno":"87654321","departmentno":"1","salary":"1000","pincode":"500000","userid":"NwJ3oPk7YJMHXYkcRLoJ","id":"b3WYj9px2d260IMIQfY7"},{"accountno":"87654321","departmentno":"1","salary":"1000","pincode":"500000","userid":"NwJ3oPk7YJMHXYkcRLoJ","id":"fJsNsK2Kg8HSkTMnJPzk"},{"accountno":"87654321","departmentno":"1","salary":"1000","pincode":"500000","userid":"NwJ3oPk7YJMHXYkcRLoJ","id":"52jT0ZochRAQH1DXR4tJ"},{"accountno":"12345678","departmentno":3,"salary":23,"pincode":201305,"userid":"DWwNzRcKM6NqfkmyBUqn","id":"AwnrPGCitnVJ54agYkpR"},{"accountno":"12345555","departmentno":"4","salary":"400000","pincode":"560077","userid":"f3au9cGnbYj4Y3qVxcY9","id":"Lsscky3WTxKfFB3lvCdw"},{"accountno":"88540099","departmentno":"5","salary":"5555","pincode":"555555","userid":"aaTLunwlzmlOZuXsBm4W","id":"HWkOGndBYpW4gK5LfRS6"},{"accountno":"12345555","departmentno":"4","salary":"400000","pincode":"560077","userid":"f3au9cGnbYj4Y3qVxcY9","id":"6vsJtLwmvtQtRwxOcSNA"},{"accountno":"12345555","departmentno":"4","salary":"400000","pincode":"560077","userid":"f3au9cGnbYj4Y3qVxcY9","id":"A6iwUyNaA9v6g77cwEfc"},{"accountno":"12345555","departmentno":"4","salary":"400000","pincode":"560077","userid":"f3au9cGnbYj4Y3qVxcY9","id":"Bo3fBROR8R9Ah7rpaDNB"},{"accountno":"12345555","departmentno":"4","salary":"400000","pincode":"560077","userid":"f3au9cGnbYj4Y3qVxcY9","id":"gsZi3XmMWS86KVCK8WY2"},{"accountno":"12345555","departmentno":"4","salary":"400000","pincode":"560077","userid":"f3au9cGnbYj4Y3qVxcY9","id":"bx9mEC4BZsXSjQCeHQwK"},{"accountno":"12345555","departmentno":"4","salary":"400000","pincode":"560077","userid":"f3au9cGnbYj4Y3qVxcY9","id":"7PgQXuAI1qk6tY8B8FIL"},{"accountno":"12345555","departmentno":"4","salary":"400000","pincode":"560077","userid":"f3au9cGnbYj4Y3qVxcY9","id":"4sAgkfCpuV3iGZJIsPDg"},{"accountno":"12345555","departmentno":"4","salary":"400000","pincode":"560077","userid":"f3au9cGnbYj4Y3qVxcY9","id":"xHiiGdCyVpFLWneOGazj"},{"accountno":"12345555","departmentno":"4","salary":"400000","pincode":"560077","userid":"f3au9cGnbYj4Y3qVxcY9","id":"3Kkrbizg9R0ZilkrEl7S"},{"accountno":"1231234567","departmentno":"9","salary":"100000","pincode":"560077","userid":"f3au9cGnbYj4Y3qVxcY9","id":"aYgQAiN8xcVRe9XjUIrV"},{"accountno":"12345555","departmentno":"4","salary":"400000","pincode":"560077","userid":"f3au9cGnbYj4Y3qVxcY9","id":"urrCl4ehydvAN6FunGHy"},{"accountno":"12345555","departmentno":"4","salary":"400000","pincode":"560077","userid":"f3au9cGnbYj4Y3qVxcY9","id":"FTJ2iR5DBNpTP3iSr76b"},{"accountno":"88540099","departmentno":"5","salary":"5555","pincode":"555555","userid":"aaTLunwlzmlOZuXsBm4W","id":"r4Zr8zGWQCKp1ugh1mOL"},{"accountno":"20000002","departmentno":"8","salary":"2002","pincode":"200000","userid":"fh9K352kVWEZPxVs60W2","id":"Y7dTPT1KU7LoKccik9Mj"},{"accountno":"20000002","departmentno":"8","salary":"2002","pincode":"200000","userid":"fh9K352kVWEZPxVs60W2","id":"S144Z8JQm6kQQkRz0ZFh"},{"accountno":"20000002","departmentno":"8","salary":"2002","pincode":"200000","userid":"fh9K352kVWEZPxVs60W2","id":"oqycWjoZWDbzzMhoM6uO"},{"accountno":"22888822","departmentno":"8","salary":"8000","pincode":"999999","userid":"fh9K352kVWEZPxVs60W2","id":"rBZKh0faySXh1TZX59LF"},{"accountno":"863434","departmentno":"011","salary":"48900","pincode":"455555","userid":"muvI8FoTMGhQfxspPb1D","id":"ov2fj4P8CSAekzZdRDsy"},{"accountno":"78888888","departmentno":"20","salary":"1","pincode":"111111","userid":"w7SYSrTpYgGYNxdgROxd","id":"aO3GL0TO3vXckGj0fMiz"},{"accountno":"78888888","departmentno":"20","salary":"1","pincode":"111111","userid":"w7SYSrTpYgGYNxdgROxd","id":"KTnArutBVEV6vfzXZ40T"},{"accountno":"863434","departmentno":"011","salary":"48900","pincode":"455555","userid":"muvI8FoTMGhQfxspPb1D","id":"pyhBcITx1DuWt4E0x8Uj"},{"accountno":"78888888","departmentno":"20","salary":"1","pincode":"111111","userid":"w7SYSrTpYgGYNxdgROxd","id":"h5dNZc1ydBzbfnBIU0Ef"},{"accountno":"55553333","departmentno":"6","salary":"5555","pincode":"555555","userid":"aaTLunwlzmlOZuXsBm4W","id":"qYeYu1jUMXP4fHb2Exhc"},{"accountno":"88888888","departmentno":"20","salary":"1","pincode":"111111","userid":"w7SYSrTpYgGYNxdgROxd","id":"7Wj5XDhOhO2y7sAYjCl2"},{"accountno":"88888888","departmentno":"20","salary":"1","pincode":"111111","userid":"w7SYSrTpYgGYNxdgROxd","id":"mY0uD5KsWCaGyWimkKBO"},{"accountno":"88888888","departmentno":"20","salary":"1","pincode":"111111","userid":"w7SYSrTpYgGYNxdgROxd","id":"U5Cz6a25f05qSwNswBpo"},{"accountno":"55468234","departmentno":"1","salary":"80000","pincode":"944044","userid":"Ai9neuJ54Gd8B8hh9Sa2","id":"Iia827y5jnDtzSBwDqNg"},{"accountno":"88888888","departmentno":"20","salary":"1","pincode":"111111","userid":"w7SYSrTpYgGYNxdgROxd","id":"8Pk3y2stzdy1WUnK88jv"},{"accountno":"55468234","departmentno":6,"salary":80074,"pincode":944040,"userid":"Ai9neuJ54Gd8B8hh9Sa2","id":"1PIMwJuIuauDrPtNJup2"},{"accountno":"55468234","departmentno":"1","salary":"80000","pincode":"944044","userid":"Ai9neuJ54Gd8B8hh9Sa2","id":"VyBkUE9En4MsOIsIURys"},{"accountno":"55468234","departmentno":3,"salary":80000,"pincode":944044,"userid":"Ai9neuJ54Gd8B8hh9Sa2","id":"eDAHd2dmaYzNvOcFBTmP"},{"accountno":"55468498","departmentno":"3","salary":"80000","pincode":"944044","userid":"A5h12i1wUGvLU5CnIEgn","id":"tSotsUB3AY3m5dXIeguS"},{"accountno":"88888888","departmentno":8,"salary":880001,"pincode":121212,"userid":"YtScOjLrbE3jlTdfCbRP","id":"XvFJr0eXM0wOHdBJmq1b"},{"accountno":"55468498","departmentno":"3","salary":"80000","pincode":"944044","userid":"A5h12i1wUGvLU5CnIEgn","id":"oygrtGwjCSo48iyVbMuz"},{"accountno":"55468498","departmentno":"3","salary":"80000","pincode":"944044","userid":"A5h12i1wUGvLU5CnIEgn","id":"DH5ugS98u0JWs7fmHAuB"},{"accountno":"55468498","departmentno":"3","salary":"80000","pincode":"944044","userid":"A5h12i1wUGvLU5CnIEgn","id":"evrzzRxJojo3yBJZDqBo"},{"accountno":"55478498","departmentno":"3","salary":"80000","pincode":"944044","userid":"A5h12i1wUGvLU5CnIEgn","id":"GmVNlLoIPXvppVEivlXy"},{"accountno":"863452","departmentno":"9","salary":"48900","pincode":"455555","userid":"muvI8FoTMGhQfxspPb1D","id":"96XdnQ0idpDANIpLfGaQ"},{"accountno":"12345678","departmentno":"9","salary":"12345","pincode":"123456","userid":"Sg8U7tEgC3yAYOjqNkUK","id":"2bRcWHWVIWEwPOggzsIo"},{"accountno":"16677889","departmentno":"4","salary":"177777","pincode":"110028","userid":"udhBK3zB8LiJm9Crv8KY","id":"f3KrWW2Cf9QBPrEcZNrl"},{"accountno":"50000001","departmentno":"2","salary":"209000","pincode":"534534","userid":"PcHlag1PW7hFh5mapvRn","id":"UObswAKjHJtePp7btlaL"},{"accountno":"12345679","departmentno":8,"salary":77799990,"pincode":555999,"userid":"YtScOjLrbE3jlTdfCbRP","id":"n37f6ctbxhJ6EKGVkfWz"},{"accountno":"22222222","departmentno":2,"salary":222,"pincode":222222,"userid":"NhIAWPJNpQoYlFjMPScL","id":"QUR1URWQezxUvkwe4JLl"},{"accountno":"12345679","departmentno":"9","salary":"77799990","pincode":"555999","userid":"YtScOjLrbE3jlTdfCbRP","id":"uHOMCRDiQZOjcQDZnkgM"},{"accountno":"00000002","departmentno":4,"salary":1000,"pincode":454545,"userid":"PcHlag1PW7hFh5mapvRn","id":"zthlbc5SlFvYcVSgFdrw"},{"accountno":"50000001","departmentno":"2","salary":"209000","pincode":"534534","userid":"PcHlag1PW7hFh5mapvRn","id":"MtXPYOIRR60ccFfyEkoP"},{"accountno":"55550003","departmentno":"5","salary":"5555","pincode":"555555","userid":"aaTLunwlzmlOZuXsBm4W","id":"B2dhprck9EbkHAFqMwf2"},{"accountno":"55550000","departmentno":"5","salary":"5555","pincode":"555555","userid":"aaTLunwlzmlOZuXsBm4W","id":"x1CffecNU7a2gxGbWXNI"},{"accountno":"88540099","departmentno":"5","salary":"5555","pincode":"555555","userid":"aaTLunwlzmlOZuXsBm4W","id":"Te7wWGJrwbmgGDZbPdo5"},{"accountno":"55540099","departmentno":"5","salary":"5555","pincode":"555555","userid":"aaTLunwlzmlOZuXsBm4W","id":"fezxyICimj2WdCQJkixb"},{"accountno":"55550099","departmentno":"5","salary":"5555","pincode":"555555","userid":"aaTLunwlzmlOZuXsBm4W","id":"yujCew7VfsCYC8Mp8Gvu"},{"accountno":"55550000","departmentno":"5","salary":"5555","pincode":"555555","userid":"aaTLunwlzmlOZuXsBm4W","id":"evNo2zRF90TqLR68gPQ4"},{"accountno":"77777777","departmentno":"5","salary":"5555","pincode":"555555","userid":"aaTLunwlzmlOZuXsBm4W","id":"AFKbuHkXXZhYCXPA0tR9"},{"accountno":"65554760","departmentno":"5","salary":"5555","pincode":"555555","userid":"aaTLunwlzmlOZuXsBm4W","id":"eRi5Cnu6fAuKpcZ0wQ5h"},{"accountno":"11221122","departmentno":"4","salary":"300022","pincode":"500001","userid":"IdB36E42UlOHhyfpFueu","id":"iSj4ah41Br0n0yvJw6Rr"},{"accountno":"11111111","departmentno":"6","salary":"3000","pincode":"543210","userid":"IdB36E42UlOHhyfpFueu","id":"y0iENCiHQ7QgalzCzdGZ"},{"accountno":"1231234568","departmentno":"4","salary":"100000","pincode":"560077","userid":"f3au9cGnbYj4Y3qVxcY9","id":"IqwmB55QRKe4abbB41ht"},{"accountno":"23456789","departmentno":"3","salary":"3000","pincode":"543210","userid":"Qn9aLmEb5M9tHd0c1gK9","id":"FHRl9hPN4IzY55AZiV8b"},{"accountno":"43242343","departmentno":"2","salary":"54352345","pincode":"201301","userid":"DWwNzRcKM6NqfkmyBUqn","id":"iAGZSXJhmd71dGTjzkxu"},{"accountno":"43242343","departmentno":"2","salary":"54352345","pincode":"201301","userid":"DWwNzRcKM6NqfkmyBUqn","id":"U0POz6IQsbBXOF5jAHcs"},{"accountno":"12345677","departmentno":8,"salary":67000,"pincode":560064,"userid":"STPlkSG4zB7TihoZ78KK","id":"0ArrqpoXS13Trs3XDzFH"},{"accountno":"65894760","departmentno":"5","salary":"5555","pincode":"555555","userid":"aaTLunwlzmlOZuXsBm4W","id":"e28AQUddJ3yIqkpqjyDJ"},{"accountno":"12121211","departmentno":"1","salary":"121212","pincode":"121212","userid":"tUV5eLS8PrHkECApptwj","id":"68Lsrx37MlWfqouBYL59"},{"accountno":"12345543","departmentno":"1","salary":"12345","pincode":"123455","userid":"tUV5eLS8PrHkECApptwj","id":"Vc8WPWkKCdorjDKI2I40"},{"accountno":"12123121","departmentno":"2","salary":"121212","pincode":"121212","userid":"tUV5eLS8PrHkECApptwj","id":"xwK8A1ttdEsQCpixcNfI"},{"accountno":"12345679","departmentno":"9","salary":"77799990","pincode":"555999","userid":"YtScOjLrbE3jlTdfCbRP","id":"Sr9RnRYtsozfc46DJ923"},{"accountno":"12345678","departmentno":"5","salary":"77788880","pincode":"555888","userid":"YtScOjLrbE3jlTdfCbRP","id":"jRPHXT1SXoBQEBcbE4eg"},{"accountno":"12345699","departmentno":"6","salary":"77755550","pincode":"555777","userid":"YtScOjLrbE3jlTdfCbRP","id":"V8IxjZ83HAgVvXoifQdm"},{"accountno":"12345678","departmentno":7,"salary":77744440,"pincode":744777,"userid":"YtScOjLrbE3jlTdfCbRP","id":"c8tqDdRvPGFHRFgy0UWX"},{"accountno":"66666660","departmentno":"3","salary":"77777770","pincode":"777777","userid":"3sK9CLM0ynfto5YiO8uB","id":"1iBUYboQ9FkGeZtkiLoh"},{"accountno":"09123456","departmentno":"2","salary":"012345","pincode":"123456","userid":"Sg8U7tEgC3yAYOjqNkUK","id":"MGkWYc1uccoluIEcZ6Mv"},{"accountno":"77777777","departmentno":"3","salary":"77777770","pincode":"777777","userid":"3sK9CLM0ynfto5YiO8uB","id":"PYgMSi9WJQvDP9Yla4Z6"},{"accountno":"11111111","departmentno":1,"salary":111111,"pincode":111111,"userid":"mVUMtJ8McXbP6Xkm86Ee","id":"MlnCTwJddCg6ch8Xs8lY"},{"accountno":"33333333","departmentno":"3","salary":"3333","pincode":"333333","userid":"NhIAWPJNpQoYlFjMPScL","id":"5IVcpAgVH22GW1sAeXYL"},{"accountno":"12345678","departmentno":"9","salary":"5000","pincode":"532001","userid":"NwJ3oPk7YJMHXYkcRLoJ","id":"GN0dAyUuF40filCoQtjK"},{"accountno":"12345688","departmentno":"5","salary":"131324","pincode":"342023","userid":"IdB36E42UlOHhyfpFueu","id":"1AV3TIFoqYYn3oYRidh0"},{"accountno":"12345678","departmentno":5,"salary":131324,"pincode":342100,"userid":"IdB36E42UlOHhyfpFueu","id":"3XcBaSVFTs6Bu5q4RwFH"},{"accountno":"16677889","departmentno":"4","salary":"177777","pincode":"110028","userid":"udhBK3zB8LiJm9Crv8KY","id":"GHlfgNEDdW6Sp9rEFt7e"},{"accountno":"16677889","departmentno":"4","salary":"177777","pincode":"110028","userid":"udhBK3zB8LiJm9Crv8KY","id":"eZqlAdRFr2gqaFcLR2mw"},{"accountno":"17171717","departmentno":"6","salary":"500","pincode":"733457","userid":"U3Z1Yidij6RxyoK29ayU","id":"v3Gn4Q8Qyo9sycD307Ot"},{"accountno":"24171724","departmentno":"6","salary":"5000","pincode":"723457","userid":"U3Z1Yidij6RxyoK29ayU","id":"dImcrzVES5osRJc84FPv"},{"accountno":"09876543","departmentno":"1","salary":"09876","pincode":"098765","userid":"Sg8U7tEgC3yAYOjqNkUK","id":"YujULYwbLjLFBXd1Ueo4"},{"accountno":"98765412","departmentno":"7","salary":"500001","pincode":"678917","userid":"kqrqkGB4KffUDtO8otJn","id":"mcBlU6Vzm3QHOsMVfLQv"},{"accountno":"123456789","departmentno":"109","salary":"903345","pincode":"11223344","userid":"w7SYSrTpYgGYNxdgROxd","id":"XwgkbLS1YZJk8P0QUptB"},{"accountno":"123123456","departmentno":"9","salary":"100000","pincode":"560077","userid":"f3au9cGnbYj4Y3qVxcY9","id":"RUKt5BkcQxezN8eMI6DF"},{"accountno":"12312345","departmentno":"9","salary":"100000","pincode":"560077","userid":"f3au9cGnbYj4Y3qVxcY9","id":"k9yPgnUAVsznTxwn2OLe"},{"accountno":"1231234","departmentno":"9","salary":"100000","pincode":"560077","userid":"f3au9cGnbYj4Y3qVxcY9","id":"2279ax38QTRFBPsFNbbn"},{"accountno":"11111111","departmentno":4,"salary":10001,"pincode":123456,"userid":"NhIAWPJNpQoYlFjMPScL","id":"FiZy7aJnuLz32i1FqWP0"},{"accountno":"45045601","departmentno":"8","salary":"34000","pincode":"560064","userid":"STPlkSG4zB7TihoZ78KK","id":"LXWqE5x5BUb3yFiYPD6K"},{"accountno":"45045601","departmentno":8,"salary":74000,"pincode":560064,"userid":"STPlkSG4zB7TihoZ78KK","id":"gg7uhh4ZDwGleyEDoUFc"},{"accountno":"55478498","departmentno":"3","salary":"80000","pincode":"944044","userid":"tUV5eLS8PrHkECApptwj","id":"6VP7pG9W30SWpeVZj53X"},{"accountno":"55478498","departmentno":"3","salary":"80000","pincode":"944044","userid":"A5h12i1wUGvLU5CnIEgn","id":"I21G4pAqskfKit5yTmWp"},{"accountno":"12345674","departmentno":"2","salary":"50000","pincode":"560064","userid":"STPlkSG4zB7TihoZ78KK","id":"3HfngNFSPqoVqWKWvUFE"},{"accountno":"12345678","departmentno":"9","salary":"100000","pincode":"560077","userid":"f3au9cGnbYj4Y3qVxcY9","id":"7b5iKW1cmUoJ01KdKJ9S"},{"accountno":"12121212","departmentno":"7","salary":"500000","pincode":"678901","userid":"kqrqkGB4KffUDtO8otJn","id":"3Uv1984vkvEuCu48ljbe"},{"accountno":"12345678","departmentno":"7","salary":"500000","pincode":"678901","userid":"kqrqkGB4KffUDtO8otJn","id":"DjuIKT6x0PQPK8CrcDNH"},{"accountno":"32345633","departmentno":"4","salary":"2345678","pincode":"423454","userid":"YtScOjLrbE3jlTdfCbRP","id":"657JRycP4lgrDrTiZ3ic"},{"accountno":"11223334","departmentno":"6","salary":"1000","pincode":"123457","userid":"U3Z1Yidij6RxyoK29ayU","id":"GijC12akR1ZuXNgG0ZBO"},{"accountno":"20210124","departmentno":"9","salary":"20000","pincode":"491023","userid":"XVdEAYnNkz3FsrWew6iu","id":"1fnWL0Vw98kKgD4jckoQ"},{"accountno":"12345678","departmentno":"7","salary":"500000","pincode":"678901","userid":"kqrqkGB4KffUDtO8otJn","id":"0UguPV04AHlLNrIDOMA2"},{"accountno":"50000001","departmentno":2,"salary":209000,"pincode":534534,"userid":"PcHlag1PW7hFh5mapvRn","id":"UYLubLzbNBbzm5hNe1he"},{"accountno":"50000000","departmentno":"2","salary":"209000","pincode":"534534","userid":"PcHlag1PW7hFh5mapvRn","id":"HxD6x5frdqwbthxtrThu"},{"accountno":"25225478","departmentno":9,"salary":4625,"pincode":845396,"userid":"Bf2SSUSveYyeya6EZayR","id":"OgQu0V1uyAjvSr9ifPJa"},{"accountno":"20210123","departmentno":"9","salary":"20000","pincode":"491023","userid":"XVdEAYnNkz3FsrWew6iu","id":"pCHjpPjDbAZwwAAvL35M"},{"accountno":"20210123","departmentno":"9","salary":"20000","pincode":"491023","userid":"XVdEAYnNkz3FsrWew6iu","id":"x24c5L4lJqS4qatuz6zQ"},{"accountno":"55345435","departmentno":"3","salary":"200000","pincode":"534534","userid":"PcHlag1PW7hFh5mapvRn","id":"ao80WOZyN96u5HyDPQTA"},{"accountno":"12345678","departmentno":"1","salary":"5000","pincode":"123456","userid":"cclYwE8pokGeurIPVSxa","id":"yaXtEK6l2iFdTuEqkzHI"},{"accountno":"19876543","departmentno":"1","salary":"9513","pincode":"530001","userid":"NwJ3oPk7YJMHXYkcRLoJ","id":"O3WY0m13RpBA92KICFMd"},{"accountno":"25527655","departmentno":"9","salary":"3625","pincode":"845396","userid":"Bf2SSUSveYyeya6EZayR","id":"06GdF1sxB7dC9UjZkWgN"},{"accountno":"25787655","departmentno":9,"salary":4625,"pincode":845396,"userid":"Bf2SSUSveYyeya6EZayR","id":"YKJ9LqJ5vqA5GjHJaS5F"},{"accountno":"65541222","departmentno":"7","salary":"6214","pincode":"644444","userid":"Bf2SSUSveYyeya6EZayR","id":"8CehoXqpnOfQZyajjXRD"},{"accountno":"1231234567","departmentno":"9","salary":"100000","pincode":"560077","userid":"f3au9cGnbYj4Y3qVxcY9","id":"pnwRmt00aUKhE3iMAnJn"},{"accountno":"12345432","departmentno":"6","salary":"3456","pincode":"989878","userid":"Bf2SSUSveYyeya6EZayR","id":"OoPoqLMmLWkqvZBaUbNV"},{"accountno":"85128963","departmentno":"4","salary":"6000","pincode":"325484","userid":"Bf2SSUSveYyeya6EZayR","id":"sHj0XkpFAGSmfs6nAd6R"},{"accountno":"12345678","departmentno":2,"salary":5000,"pincode":123456,"userid":"cclYwE8pokGeurIPVSxa","id":"kXhi6VMOS4W8bVrRplJj"},{"accountno":"56677668","departmentno":6,"salary":89898,"pincode":898989,"userid":"tUV5eLS8PrHkECApptwj","id":"UDh19Gr96WjhnRixH5XB"},{"accountno":"11223344","departmentno":"6","salary":"10000","pincode":"111111","userid":"U3Z1Yidij6RxyoK29ayU","id":"GgjhShCBbzk97JAoOwbh"},{"accountno":"12367675","departmentno":"8","salary":"78788","pincode":"959006","userid":"tUV5eLS8PrHkECApptwj","id":"6yfAuN8mALG7MvdqlebO"},{"accountno":"77776777","departmentno":"8","salary":"789778","pincode":"944044","userid":"A5h12i1wUGvLU5CnIEgn","id":"HmWxfFS0e5MMRkFFN8kU"},{"accountno":"12345678","departmentno":"9","salary":"654321","pincode":"987654","userid":"Sg8U7tEgC3yAYOjqNkUK","id":"Dfmv6fGonyitn8chxQgD"},{"accountno":"11223344","departmentno":6,"salary":"8000000","pincode":989900,"userid":"udhBK3zB8LiJm9Crv8KY","id":"qBicEWu4JBZtFohOy6vN"},{"accountno":"12223344","departmentno":"6","salary":"80","pincode":"989900","userid":"jqRcPYgCUbWnsE2mr8CQ","id":"LyxiETqq01CRTXBUQrl7"},{"accountno":"90909090","departmentno":"5","salary":"5678","pincode":"345678","userid":"nUf87k2SXNyiDE32Mghy","id":"ebxy0yKhl5nNExS2TgEU"},{"accountno":"90909090","departmentno":"5","salary":"5678","pincode":"345678","userid":"nUf87k2SXNyiDE32Mghy","id":"uO7jO2ixlpsPJVgFh4eq"},{"accountno":"34567898","departmentno":"2","salary":"1000","pincode":"365478","userid":"U3Z1Yidij6RxyoK29ayU","id":"ihMkqVuPpMEAuiAFFRe6"},{"accountno":"12345678","departmentno":"1","salary":"12312454","pincode":"864646","userid":"taGX4XQQfXD3Z76sI1Xn","id":"PjiiBCiGgw0Xs0njEMlv"},{"accountno":"99999123","departmentno":"1","salary":"5333","pincode":"901234","userid":"Zkr5GwJhXN3dOEP2fImf","id":"vMwV44jJiIYiUG5clmZB"},{"accountno":"88884491","departmentno":"1","salary":"4000","pincode":"763291","userid":"Zkr5GwJhXN3dOEP2fImf","id":"OheQEtA8052T7q4bkFhB"},{"accountno":"90909090","departmentno":"5","salary":"5678","pincode":"345678","userid":"nUf87k2SXNyiDE32Mghy","id":"36KTheRjO5zIWDQ9gPcc"},{"accountno":"90909090","departmentno":"5","salary":"5678","pincode":"345678","userid":"nUf87k2SXNyiDE32Mghy","id":"PfDizohzzZltDMwtgBHQ"},{"accountno":"90909090","departmentno":"5","salary":"5678","pincode":"345678","userid":"nUf87k2SXNyiDE32Mghy","id":"WItM3cgiZoH32F5cJELm"},{"accountno":"90909090","departmentno":"5","salary":"5678","pincode":"345678","userid":"nUf87k2SXNyiDE32Mghy","id":"XSWi0fHKd04UFO2eNaAp"},{"accountno":"90909090","departmentno":"5","salary":"5678","pincode":"345678","userid":"nUf87k2SXNyiDE32Mghy","id":"buxnNhaNuCYMzOaTzvda"},{"accountno":"90909090","departmentno":"5","salary":"5678","pincode":"345678","userid":"nUf87k2SXNyiDE32Mghy","id":"OZFxhJ1EqPgOYf9b3Ysu"},{"accountno":"90909090","departmentno":"5","salary":"5678","pincode":"345678","userid":"nUf87k2SXNyiDE32Mghy","id":"9cYfssGXm0aqc8PSPeQE"},{"accountno":"90909090","departmentno":"5","salary":"5678","pincode":"345678","userid":"nUf87k2SXNyiDE32Mghy","id":"p9hQR4JiVCFaPCZLR9EA"},{"accountno":"90909090","departmentno":"5","salary":"5678","pincode":"345678","userid":"nUf87k2SXNyiDE32Mghy","id":"DW8eHakhTranEsOK8imu"},{"accountno":"90909090","departmentno":"5","salary":"5678","pincode":"345678","userid":"nUf87k2SXNyiDE32Mghy","id":"qeYnuOefMJHOeHEsMv5p"},{"accountno":"90909090","departmentno":"5","salary":"5678","pincode":"345678","userid":"nUf87k2SXNyiDE32Mghy","id":"vEmG2IoTCp0BryB55n0z"},{"accountno":"90909090","departmentno":"5","salary":"5678","pincode":"345678","userid":"nUf87k2SXNyiDE32Mghy","id":"WItadwGCnveJTApFdfjL"},{"accountno":"12345","departmentno":"109","salary":"903345","pincode":"11223344","userid":"w7SYSrTpYgGYNxdgROxd","id":"RAs688oB4sMB7ax3UgP4"},{"accountno":"90909090","departmentno":"5","salary":"5678","pincode":"345678","userid":"nUf87k2SXNyiDE32Mghy","id":"gpYDPT1BgrXAKaslsZwS"},{"accountno":"90909090","departmentno":"5","salary":"5678","pincode":"345678","userid":"nUf87k2SXNyiDE32Mghy","id":"kXCeRG5rjxTsLzgujs1C"},{"accountno":"90909090","departmentno":"5","salary":"5678","pincode":"345678","userid":"nUf87k2SXNyiDE32Mghy","id":"mZsFwWdoWCpB3d9E6gIV"},{"accountno":"90909090","departmentno":"5","salary":"5678","pincode":"345678","userid":"nUf87k2SXNyiDE32Mghy","id":"FBV2dMWVSkURXzqXdbHG"},{"accountno":"10203040B","departmentno":"1","salary":"102,030","pincode":"95136","userid":"y4EGNLRjrgtEjC6KVUVR","id":"ZCD450JrBPBpLsXJ0tXi"},{"accountno":"10203040B","departmentno":"1","salary":"102,030","pincode":"95136","userid":"y4EGNLRjrgtEjC6KVUVR","id":"7VkLthty6k9IsJrV1Pqw"},{"accountno":"99999123","departmentno":"1","salary":"5333","pincode":"901234","userid":"Zkr5GwJhXN3dOEP2fImf","id":"zbKzI8WqWRpAAj2wfPzI"},{"accountno":"88884491","departmentno":"1","salary":"4000","pincode":"763291","userid":"Zkr5GwJhXN3dOEP2fImf","id":"P8jVjubdUovsWacHLs0N"},{"accountno":"22341439","departmentno":4,"salary":40100,"pincode":974212,"userid":"C0yGuGvV6MSRbMwQUBbg","id":"4Oven4RfZV5005WTZfa0"},{"accountno":"22341439","departmentno":4,"salary":40100,"pincode":974212,"userid":"Zkr5GwJhXN3dOEP2fImf","id":"vIcvmeWdDaUScimJMVOT"},{"accountno":"2234d39","departmentno":3,"salary":40100,"pincode":974212,"userid":"Zkr5GwJhXN3dOEP2fImf","id":"3DH6XTBeW6WZyECauZje"},{"accountno":"2234d39","departmentno":3,"salary":40100,"pincode":974212,"userid":"Zkr5GwJhXN3dOEP2fImf","id":"qRvkrbFjxYy4A8srUl1b"},{"accountno":"22341439","departmentno":3,"salary":40100,"pincode":974212,"userid":"Zkr5GwJhXN3dOEP2fImf","id":"nAI5U8QnYpA6TjuuH5vs"},{"accountno":"9999999","departmentno":"9","salary":"99999 ","pincode":"999999 ","userid":"BZdHLbA1022kPvlfnnBn","id":"fb3GegFlINH1QAtBrrTi"},{"accountno":"12121212","departmentno":9,"salary":99999,"pincode":99999,"userid":"BZdHLbA1022kPvlfnnBn","id":"XzAhm9fRStkzGnogZVKc"},{"accountno":"77777777","departmentno":"2","salary":"32","pincode":"234567","userid":"UUzhVpTf825lAmt1AZpf","id":"AMojo62JdSL3K1xxk8h2"},{"accountno":"12121212","departmentno":9,"salary":99999,"pincode":99999,"userid":"BZdHLbA1022kPvlfnnBn","id":"qq6AEXN9tXJlcFQRARGN"},{"accountno":"56644314","departmentno":5,"salary":212,"pincode":125415,"userid":"0PqtYURK2FdUT6Qlqp0p","id":"HeQUzhWrnJQhoLsufdtt"},{"accountno":"09876545","departmentno":"3","salary":"12346","pincode":"987653","userid":"aVjYUGE0c0xLlerWKo7l","id":"hfQbZUQ4HX6jLXfHN65P"},{"accountno":"09876544","departmentno":"1","salary":"12346","pincode":"987653","userid":"aVjYUGE0c0xLlerWKo7l","id":"srgBjtFuw4y9wwWrcH8M"},{"accountno":"09876544","departmentno":"1","salary":"12346","pincode":"987653","userid":"aVjYUGE0c0xLlerWKo7l","id":"aQTDYYEKBqUtbcpsytIT"},{"accountno":"09876543","departmentno":"2","salary":"12345","pincode":"987654","userid":"aVjYUGE0c0xLlerWKo7l","id":"X4xBBZvZsuN6gbvg6jNt"},{"accountno":"13243546","departmentno":"5","salary":"1234","pincode":"967854","userid":"aVjYUGE0c0xLlerWKo7l","id":"PJpRunBpvnnCkeaAFVQ0"},{"accountno":"12312312","departmentno":"1","salary":"230000","pincode":"956373","userid":"oMd5YAmhluD6Tj1uDNmd","id":"QbgieDT5M1w04dVC7193"},{"accountno":"12312312","departmentno":"1","salary":"230000","pincode":"956373","userid":"oMd5YAmhluD6Tj1uDNmd","id":"bvkp6aji67vrPCK0BYai"},{"accountno":"55678999","departmentno":"5","salary":"3456","pincode":"345435","userid":"j75Ai530R7kDA0TYhnd5","id":"UIp77V3XTEyfy6MOYWHw"},{"accountno":"12345678","departmentno":6,"salary":8888,"pincode":987654,"userid":"j75Ai530R7kDA0TYhnd5","id":"UmmMkPSHyqUBsL1bGF1t"},{"accountno":"10203040B","departmentno":"1","salary":"102,030","pincode":"95136","userid":"y4EGNLRjrgtEjC6KVUVR","id":"q4OZExfZjESHjY93SOdn"},{"accountno":"10203040B","departmentno":"1","salary":"102,030","pincode":"95136","userid":"y4EGNLRjrgtEjC6KVUVR","id":"J8BQKf0cYDDrw5DtEu9e"},{"accountno":"wwwwwww","departmentno":1,"salary":11,"pincode":11111,"userid":"W6vNYCLbnLEIGcqkCT23","id":"ujfUrDdLKZsEkW3nXeOq"},{"accountno":"22222222","departmentno":1,"salary":33333,"pincode":991111,"userid":"W6vNYCLbnLEIGcqkCT23","id":"zXLkVgUI8th0WOAQY25b"},{"accountno":"33333333","departmentno":"1","salary":"33333","pincode":"991111","userid":"W6vNYCLbnLEIGcqkCT23","id":"IkVshUjQR0tfaDshekRE"},{"accountno":"33333333","departmentno":"1","salary":"33333","pincode":"991111","userid":"W6vNYCLbnLEIGcqkCT23","id":"zRu3gJw33L7BX9qHZ0bE"},{"accountno":"11111111","departmentno":"1","salary":"111","pincode":"111111","userid":"W6vNYCLbnLEIGcqkCT23","id":"El0tx5dMeBEWdmBGKcR3"},{"accountno":"","departmentno":"111","salary":"33","pincode":"991112","userid":"W6vNYCLbnLEIGcqkCT23","id":"eBTTGX6Xb7Z9ZC9UqUt1"},{"accountno":"","departmentno":"111","salary":"33","pincode":"991112","userid":"W6vNYCLbnLEIGcqkCT23","id":"3lAlG3mMO7h5QtzYgD0Z"},{"accountno":"","departmentno":"111","salary":"33333","pincode":"991112","userid":"W6vNYCLbnLEIGcqkCT23","id":"ZdmusBDGD9qfUUSIa0mQ"},{"accountno":"","departmentno":"1","salary":"33333","pincode":"991112","userid":"W6vNYCLbnLEIGcqkCT23","id":"NSOnvN6SRMtSM5a9AEA9"},{"accountno":"","departmentno":"1","salary":"33333","pincode":"991112","userid":"W6vNYCLbnLEIGcqkCT23","id":"zOUdkclLntcp1RfSjMQW"},{"accountno":"1","departmentno":"1","salary":"33333","pincode":"991112","userid":"W6vNYCLbnLEIGcqkCT23","id":"0c7FegiBgqJvXPw5lbB0"},{"accountno":"1","departmentno":"1","salary":"33333","pincode":"991112","userid":"W6vNYCLbnLEIGcqkCT23","id":"tL6zs2tmkjHxts5BCaBT"},{"accountno":"3333333","departmentno":"1","salary":"33333","pincode":"991112","userid":"W6vNYCLbnLEIGcqkCT23","id":"VPiL5sJc4L1bcmxtpSJJ"},{"accountno":"3333333","departmentno":"1","salary":"33333","pincode":"991112","userid":"W6vNYCLbnLEIGcqkCT23","id":"HssVCzSYpFihUNBONDqE"},{"accountno":"33333333","departmentno":"1","salary":"33333","pincode":"991112","userid":"W6vNYCLbnLEIGcqkCT23","id":"YXvdnnRcx74N76Y0h05m"},{"accountno":"33333333","departmentno":"1","salary":"33333","pincode":"991111","userid":"W6vNYCLbnLEIGcqkCT23","id":"wfC8CNsHQMYQHeNdoo3p"},{"accountno":"33333333","departmentno":"1","salary":"33333","pincode":"991111","userid":"W6vNYCLbnLEIGcqkCT23","id":"Cdk2uFQMGqvPNpVTB87d"},{"accountno":"99999123","departmentno":"1","salary":"5333","pincode":"901234","userid":"Zkr5GwJhXN3dOEP2fImf","id":"4FKLAhv7N4dhIfmzqG3c"},{"accountno":"88884491","departmentno":"1","salary":"4000","pincode":"763291","userid":"Zkr5GwJhXN3dOEP2fImf","id":"vLpPt0IRYiqdghecWbbT"},{"accountno":"88884491","departmentno":"1","salary":"4000","pincode":"763291","userid":"Zkr5GwJhXN3dOEP2fImf","id":"lUnuhiz7vsdS0NHn8C7S"},{"accountno":"88884491","departmentno":"1","salary":"4000","pincode":"763291","userid":"Zkr5GwJhXN3dOEP2fImf","id":"ykxpBX7VjN0X3IpI9vbN"},{"accountno":"88884491","departmentno":"1","salary":"4000","pincode":"763291","userid":"Zkr5GwJhXN3dOEP2fImf","id":"anpmBsrnyS1ZsgQTmfjx"},{"accountno":"88884491","departmentno":"1","salary":"4000","pincode":"763291","userid":"Zkr5GwJhXN3dOEP2fImf","id":"nuiK0DPqiTEpIAf6frFQ"},{"accountno":"88884491","departmentno":"1","salary":"4000","pincode":"763291","userid":"Zkr5GwJhXN3dOEP2fImf","id":"ZMSYzhzNeXeBYTX7q58V"},{"accountno":"88884491","departmentno":"1","salary":"4000","pincode":"763291","userid":"Zkr5GwJhXN3dOEP2fImf","id":"4QlmKV3VfMuHROkVSlFZ"},{"accountno":"99999123","departmentno":"1","salary":"5333","pincode":"901234","userid":"Zkr5GwJhXN3dOEP2fImf","id":"k9ur3v4BKwkqfDUbxJPh"},{"accountno":"88884491","departmentno":"1","salary":"4000","pincode":"763291","userid":"Zkr5GwJhXN3dOEP2fImf","id":"MjzcGTRrUVC9y6QB08HN"},{"accountno":"88884491","departmentno":"1","salary":"4000","pincode":"763291","userid":"Zkr5GwJhXN3dOEP2fImf","id":"hL7W6npztf3XiGXm3jrO"},{"accountno":"88884491","departmentno":"1","salary":"4000","pincode":"763291","userid":"Zkr5GwJhXN3dOEP2fImf","id":"aXyt7Pv7kN40lPAQggdC"},{"accountno":"88884491","departmentno":1,"salary":4008,"pincode":763291,"userid":"Zkr5GwJhXN3dOEP2fImf","id":"oVDQjwEzo58lYrKpyKp7"},{"accountno":"88884491","departmentno":"1","salary":"4000","pincode":"763291","userid":"Zkr5GwJhXN3dOEP2fImf","id":"ezJ77Paelt3bavbA5p4z"},{"accountno":"88884491","departmentno":"1","salary":"4000","pincode":"763291","userid":"Zkr5GwJhXN3dOEP2fImf","id":"4mWvI5YYilRWG7BMnq7b"},{"accountno":"88884491","departmentno":"1","salary":"4000","pincode":"763291","userid":"Zkr5GwJhXN3dOEP2fImf","id":"HPZahCsYlkthlMONoovG"},{"accountno":"88884491","departmentno":2,"salary":4000,"pincode":763291,"userid":"Zkr5GwJhXN3dOEP2fImf","id":"tp6nweE3mNvag1xA0WwZ"},{"accountno":"86540333","departmentno":"2","salary":"34344","pincode":"123056","userid":"vPjmLlrUuG6vuxphh19Q","id":"VfBv9pYKKOxShUg69N6Y"},{"accountno":"99999123","departmentno":"1","salary":"5333","pincode":"901234","userid":"Zkr5GwJhXN3dOEP2fImf","id":"kq0f8IMBfuPQx1JUpTkM"},{"accountno":"88884491","departmentno":"1","salary":"4000","pincode":"763291","userid":"Zkr5GwJhXN3dOEP2fImf","id":"1YyzRC40Nrbj3b5pWYde"},{"accountno":"99999123","departmentno":"1","salary":"5333","pincode":"901234","userid":"ngo3TXLYVKKH46xyo6zn","id":"Cf5SrSJ3JbwIpx7p1KEj"},{"accountno":"88884491","departmentno":"1","salary":"4000","pincode":"763291","userid":"Zkr5GwJhXN3dOEP2fImf","id":"EPiqRTVrubNYH4lpaXgd"},{"accountno":"88888888","departmentno":7,"salary":4444,"pincode":123456,"userid":"ngo3TXLYVKKH46xyo6zn","id":"PaY4VYhHJAOmiOnjE2UV"},{"accountno":"88884496","departmentno":1,"salary":4000,"pincode":763291,"userid":"Zkr5GwJhXN3dOEP2fImf","id":"Jh9PMIm6C7mGZoSL1DTX"},{"accountno":"88884491","departmentno":"1","salary":"4000","pincode":"763291","userid":"Zkr5GwJhXN3dOEP2fImf","id":"fNtYOsCYKQOKoA9ScX8q"},{"accountno":"44343434","departmentno":"2","salary":"21313","pincode":"121212","userid":"ngo3TXLYVKKH46xyo6zn","id":"EDhIi9qY2gVZLsoPltHn"},{"accountno":"10203040B","departmentno":"1","salary":"102,030","pincode":"95136","userid":"y4EGNLRjrgtEjC6KVUVR","id":"4VreQjXJfVdc27fHi5C6"},{"accountno":"10203040B","departmentno":"1","salary":"102,030","pincode":"95136","userid":"y4EGNLRjrgtEjC6KVUVR","id":"NUTjGtZ82mcbpqdJyEEU"},{"accountno":"90909090","departmentno":"5","salary":"5678","pincode":"345678","userid":"nUf87k2SXNyiDE32Mghy","id":"arGuAjTsj4uThMJlxJRU"},{"accountno":"40440440","departmentno":"1","salary":"700000","pincode":"852490","userid":"y4EGNLRjrgtEjC6KVUVR","id":"ILi6PFlCshBs7FKrHfOB"},{"accountno":"90909090","departmentno":"5","salary":"5678","pincode":"345678","userid":"nUf87k2SXNyiDE32Mghy","id":"RMAR5kd1kKjHVofwsnTA"},{"accountno":"90909090","departmentno":"5","salary":"5678","pincode":"345678","userid":"nUf87k2SXNyiDE32Mghy","id":"uBEdO9HMHU6SRXnihtO6"},{"accountno":"90909090","departmentno":"5","salary":"5678","pincode":"345678","userid":"nUf87k2SXNyiDE32Mghy","id":"wBM9ZRH2xm5bdwwZSYog"},{"accountno":"33232323","departmentno":"2","salary":"23","pincode":"232323","userid":"ngo3TXLYVKKH46xyo6zn","id":"uJUpNDiFtUdGMOAecZJF"},{"accountno":"33333333","departmentno":"3","salary":"33333","pincode":"100016","userid":"W6vNYCLbnLEIGcqkCT23","id":"j9Ygt38DcFw8M07JisCf"},{"accountno":"35353535","departmentno":"2","salary":"3","pincode":"343434","userid":"ngo3TXLYVKKH46xyo6zn","id":"wsdEOJaUuMuIRrx01UGZ"},{"accountno":"35353535","departmentno":"2","salary":"3","pincode":"343434","userid":"ngo3TXLYVKKH46xyo6zn","id":"fHmJXzICnDcrDJ9013UN"},{"accountno":"35353535","departmentno":"2","salary":"3","pincode":"343434","userid":"ngo3TXLYVKKH46xyo6zn","id":"Wr3B3WR1YEJ2BITprmZI"},{"accountno":"35353535","departmentno":"2","salary":"3","pincode":"343434","userid":"ngo3TXLYVKKH46xyo6zn","id":"wccEvlDqOfa05zaCt6Sf"},{"accountno":"35353535","departmentno":"2","salary":"3","pincode":"343434","userid":"ngo3TXLYVKKH46xyo6zn","id":"LKufgMRCCiGstb1SM3qV"},{"accountno":"34343434","departmentno":"2","salary":"3","pincode":"343434","userid":"ngo3TXLYVKKH46xyo6zn","id":"2KzufNRMENeUdSoQ8v6R"},{"accountno":"11111511","departmentno":"1","salary":"50000","pincode":"750680","userid":"Tq0x3VBTGmejU4cjTUV1","id":"FZLnOrRYOuEv55ng1wGA"},{"accountno":"11111511","departmentno":"1","salary":"50000","pincode":"750680","userid":"Tq0x3VBTGmejU4cjTUV1","id":"0sXYGU2acWCqvqN0H0Ji"},{"accountno":"345430","departmentno":"5","salary":"5000","pincode":"543212","userid":"Tq0x3VBTGmejU4cjTUV1","id":"Y3KvajL36GmwmCkiXEKz"},{"accountno":"345439","departmentno":"5","salary":"5000","pincode":"543212","userid":"Tq0x3VBTGmejU4cjTUV1","id":"xLmZ6kIj1rKYZjzA2VFQ"},{"accountno":"345439","departmentno":"5","salary":"5000","pincode":"543212","userid":"Tq0x3VBTGmejU4cjTUV1","id":"aM5wGet6BKZlO7POytpt"},{"accountno":"88884491","departmentno":"1","salary":"4000","pincode":"763291","userid":"Zkr5GwJhXN3dOEP2fImf","id":"lUzjiL8MM9Gb3QHaHBuz"},{"accountno":"88884491","departmentno":"1","salary":"4000","pincode":"763291","userid":"Zkr5GwJhXN3dOEP2fImf","id":"TGPenagN9gqsBYj8a8vE"},{"accountno":"88884491","departmentno":"1","salary":"4000","pincode":"763291","userid":"Zkr5GwJhXN3dOEP2fImf","id":"K8dvI3zmZrMdSLrGbL1P"},{"accountno":"88884491","departmentno":"1","salary":"4000","pincode":"763291","userid":"Zkr5GwJhXN3dOEP2fImf","id":"eBPVaTIOkXjgwxLPajsC"},{"accountno":"88884491","departmentno":"1","salary":"4000","pincode":"763291","userid":"Zkr5GwJhXN3dOEP2fImf","id":"TF6MDcfmmti9IldItiPf"},{"accountno":"88884491","departmentno":"1","salary":"4000","pincode":"763291","userid":"Zkr5GwJhXN3dOEP2fImf","id":"WeBBeoKsMLTAK9qk68x7"},{"accountno":"88884491","departmentno":"1","salary":"4000","pincode":"763291","userid":"Zkr5GwJhXN3dOEP2fImf","id":"khnjEF0tVqSMOnuCRBnQ"},{"accountno":"88884491","departmentno":"1","salary":"4000","pincode":"763291","userid":"Zkr5GwJhXN3dOEP2fImf","id":"nJ9dJLThDzCwrit4f5aO"},{"accountno":"88884491","departmentno":"1","salary":"4000","pincode":"763291","userid":"Zkr5GwJhXN3dOEP2fImf","id":"t6X1PTxBv2EXMmBfNZqE"},{"accountno":"88884491","departmentno":"1","salary":"4000","pincode":"763291","userid":"Zkr5GwJhXN3dOEP2fImf","id":"EdQATsg98xbqcweL8rkB"},{"accountno":"88884491","departmentno":"1","salary":"4000","pincode":"763291","userid":"Zkr5GwJhXN3dOEP2fImf","id":"ZabvX5umCrONtnBs2vdZ"},{"accountno":"88884491","departmentno":"1","salary":"4000","pincode":"763291","userid":"Zkr5GwJhXN3dOEP2fImf","id":"TaJ9MWgSPjf7TUoLeXBT"},{"accountno":"88884491","departmentno":"1","salary":"4000","pincode":"763291","userid":"Zkr5GwJhXN3dOEP2fImf","id":"Mp2vfVvLIVXZbeBgyAFt"},{"accountno":"88884491","departmentno":"1","salary":"4000","pincode":"763291","userid":"Zkr5GwJhXN3dOEP2fImf","id":"yU328cM6Vx3BEBR9VGQP"},{"accountno":"88884491","departmentno":"1","salary":"4000","pincode":"763291","userid":"Zkr5GwJhXN3dOEP2fImf","id":"MjcJWtahX9rpYhZK91Np"},{"accountno":"88884491","departmentno":"1","salary":"4000","pincode":"763291","userid":"Zkr5GwJhXN3dOEP2fImf","id":"uVEvSBApd2ZJAcqpSKPa"},{"accountno":"88884491","departmentno":"1","salary":"4000","pincode":"763291","userid":"Zkr5GwJhXN3dOEP2fImf","id":"2lpX96liV27z8M0t0OKy"},{"accountno":"88884491","departmentno":"1","salary":"4000","pincode":"763291","userid":"Zkr5GwJhXN3dOEP2fImf","id":"j9RtDRzqiKJ8rk26DlA4"},{"accountno":"88884491","departmentno":"1","salary":"4000","pincode":"763291","userid":"Zkr5GwJhXN3dOEP2fImf","id":"RQwbl0LO9iVRagTIK1FI"},{"accountno":"88884491","departmentno":"1","salary":"4000","pincode":"763291","userid":"Zkr5GwJhXN3dOEP2fImf","id":"75Zr8RsiA9GO1VRblZCO"},{"accountno":"88884491","departmentno":"1","salary":"4000","pincode":"763291","userid":"Zkr5GwJhXN3dOEP2fImf","id":"ClRqPiumxTnifahSPvcy"},{"accountno":"88884491","departmentno":"1","salary":"4000","pincode":"763291","userid":"Zkr5GwJhXN3dOEP2fImf","id":"KpcQSltwgPXC0lgAPcfw"},{"accountno":"88884491","departmentno":"1","salary":"4000","pincode":"763291","userid":"Zkr5GwJhXN3dOEP2fImf","id":"4lqSvcRrPqEClnz9XeAv"},{"accountno":"88884491","departmentno":"1","salary":"4000","pincode":"763291","userid":"Zkr5GwJhXN3dOEP2fImf","id":"TA7uLC2h2yQi5jyhg1lV"},{"accountno":"88884491","departmentno":"1","salary":"4000","pincode":"763291","userid":"Zkr5GwJhXN3dOEP2fImf","id":"7QX5oC8RsEEugALoA2CM"},{"accountno":"88884491","departmentno":"1","salary":"4000","pincode":"763291","userid":"Zkr5GwJhXN3dOEP2fImf","id":"TvAAlGJxRm8fZRriEkAs"},{"accountno":"88884491","departmentno":"1","salary":"4000","pincode":"763291","userid":"Zkr5GwJhXN3dOEP2fImf","id":"4SOEjYxGLyhEq3u8RdLs"},{"accountno":"88884491","departmentno":"1","salary":"4000","pincode":"763291","userid":"Zkr5GwJhXN3dOEP2fImf","id":"zfRFORD6SgpmzyB1ay79"},{"accountno":"88884491","departmentno":"1","salary":"4000","pincode":"763291","userid":"Zkr5GwJhXN3dOEP2fImf","id":"G6xlXqhUzVABb7yQ6UrH"},{"accountno":"88884491","departmentno":"1","salary":"4000","pincode":"763291","userid":"Zkr5GwJhXN3dOEP2fImf","id":"CPGUOsf8TSYJQaNxaogh"},{"accountno":"88884491","departmentno":"1","salary":"4000","pincode":"763291","userid":"Zkr5GwJhXN3dOEP2fImf","id":"SzuQdDd3uqnnP799iEtD"},{"accountno":"88884491","departmentno":"1","salary":"4000","pincode":"763291","userid":"Zkr5GwJhXN3dOEP2fImf","id":"6s5r2Qigh4j1TASHyI5f"},{"accountno":"88884491","departmentno":"1","salary":"4000","pincode":"763291","userid":"Zkr5GwJhXN3dOEP2fImf","id":"fasYondZhNcgz2ikMYgP"},{"accountno":"88884491","departmentno":"1","salary":"4000","pincode":"763291","userid":"Zkr5GwJhXN3dOEP2fImf","id":"kbMDHAW5SHzIa3ZjKIhj"},{"accountno":"88884491","departmentno":"1","salary":"4000","pincode":"763291","userid":"Zkr5GwJhXN3dOEP2fImf","id":"eu09Ocy64wQh0yHZY9dF"},{"accountno":"88884491","departmentno":"1","salary":"4000","pincode":"763291","userid":"Zkr5GwJhXN3dOEP2fImf","id":"ETWgP5ykyAS5voWdxQnH"},{"accountno":"88884491","departmentno":"1","salary":"4000","pincode":"763291","userid":"Zkr5GwJhXN3dOEP2fImf","id":"uHLKCOXFI0Fcf1KsEl5Q"},{"accountno":"88884491","departmentno":"1","salary":"4000","pincode":"763291","userid":"Zkr5GwJhXN3dOEP2fImf","id":"IOA2UFZMQ2LOIr4yOMS5"},{"accountno":"88884491","departmentno":"1","salary":"4000","pincode":"763291","userid":"Zkr5GwJhXN3dOEP2fImf","id":"JHMqdxePDzSIpXp3ebCf"},{"accountno":"88884491","departmentno":"1","salary":"4000","pincode":"763291","userid":"Zkr5GwJhXN3dOEP2fImf","id":"UiHiaMckOODULd85yP3K"},{"accountno":"88884491","departmentno":"1","salary":"4000","pincode":"763291","userid":"Zkr5GwJhXN3dOEP2fImf","id":"nNTRJHEvX4JQacvpNybv"},{"accountno":"88884491","departmentno":"1","salary":"4000","pincode":"763291","userid":"Zkr5GwJhXN3dOEP2fImf","id":"fvUPLPIAR3IbYCp2wubF"},{"accountno":"88884491","departmentno":"1","salary":"4000","pincode":"763291","userid":"Zkr5GwJhXN3dOEP2fImf","id":"QH2cqy5Ep47O1Jw8Wj90"},{"accountno":"88884491","departmentno":"1","salary":"4000","pincode":"763291","userid":"Zkr5GwJhXN3dOEP2fImf","id":"Ma4LJBjrpuYoNscYRDFy"},{"accountno":"88884491","departmentno":"1","salary":"4000","pincode":"763291","userid":"Zkr5GwJhXN3dOEP2fImf","id":"eBHPKZZSdMxePuvo5Ilo"},{"accountno":"88884491","departmentno":"1","salary":"4000","pincode":"763291","userid":"Zkr5GwJhXN3dOEP2fImf","id":"9TW6M0JmwU5Txvskbqu5"},{"accountno":"88884491","departmentno":"1","salary":"4000","pincode":"763291","userid":"Zkr5GwJhXN3dOEP2fImf","id":"68nBnsVrVCdayx2if8Np"},{"accountno":"88884491","departmentno":"1","salary":"4000","pincode":"763291","userid":"Zkr5GwJhXN3dOEP2fImf","id":"2HYtUjw617P5pbZSghqK"},{"accountno":"88884491","departmentno":"1","salary":"4000","pincode":"763291","userid":"Zkr5GwJhXN3dOEP2fImf","id":"UeMap3m8NCqvP9uWSmlv"},{"accountno":"88854491","departmentno":"1","salary":"4000","pincode":"763291","userid":"Zkr5GwJhXN3dOEP2fImf","id":"nZDhvRKqwEO25WwoSOMX"},{"accountno":"23430232","departmentno":"2","salary":"3232","pincode":"434322","userid":"Zkr5GwJhXN3dOEP2fImf","id":"CIyDfELsBHXsVq30GayY"},{"accountno":"88854490","departmentno":"1","salary":"4000","pincode":"763291","userid":"Zkr5GwJhXN3dOEP2fImf","id":"z1RLZlaomRTnFdj9rLIG"},{"accountno":"56565657","departmentno":"7","salary":"123456","pincode":"123456","userid":"cdLDqldUxp2AHtLpTiqG","id":"UkAtmxeu4YrbbKNihBxc"},{"accountno":"11110003","departmentno":"6","salary":"300001","pincode":"3000000","userid":"cdLDqldUxp2AHtLpTiqG","id":"drcmmQHFLwAmWglChA3D"},{"accountno":"11110002","departmentno":"5","salary":"200001","pincode":"2000000","userid":"cdLDqldUxp2AHtLpTiqG","id":"0omBDgyrfFtb3ZZZqWQv"},{"accountno":"11110001","departmentno":"4","salary":"100001","pincode":"1000000","userid":"cdLDqldUxp2AHtLpTiqG","id":"V74N6N2W5Dy96JYscNR4"},{"accountno":"11110001","departmentno":"4","salary":"100001","pincode":"1000000","userid":"cdLDqldUxp2AHtLpTiqG","id":"huupt26eAY4kwGVguzjc"},{"accountno":"11110001","departmentno":"4","salary":"100001","pincode":"1000000","userid":"cdLDqldUxp2AHtLpTiqG","id":"UgQ3FTIEqwpSz258IXnL"},{"accountno":"11110001","departmentno":"4","salary":"100001","pincode":"1000000","userid":"cdLDqldUxp2AHtLpTiqG","id":"9l2OOrxHBJ62wcWKqQlp"},{"accountno":"12445678","departmentno":"1","salary":"124456","pincode":"124456","userid":"wozinFeN6FJBAuFTkkRg","id":"OCpZK8QmcGTBaBZrF0g9"},{"accountno":"12445678","departmentno":"1","salary":"124456","pincode":"124456","userid":"wozinFeN6FJBAuFTkkRg","id":"qPqfHqP1XkpaoIcK1Aed"},{"accountno":"12445678","departmentno":"1","salary":"124456","pincode":"124456","userid":"wozinFeN6FJBAuFTkkRg","id":"CNbdFsU1kKu95AQtKsiq"},{"accountno":"88877770","departmentno":"1","salary":"132","pincode":"123459","userid":"vPjmLlrUuG6vuxphh19Q","id":"zexKOZFlV6XGTDPj39Gc"},{"accountno":"88877770","departmentno":"1","salary":"132","pincode":"123459","userid":"vPjmLlrUuG6vuxphh19Q","id":"lOgv0olr9AgMtxYOpZ1y"},{"accountno":"88877770","departmentno":"1","salary":"132","pincode":"123459","userid":"vPjmLlrUuG6vuxphh19Q","id":"pFPXipxYjmQgydkLayKx"},{"accountno":"88877770","departmentno":"1","salary":"132","pincode":"123459","userid":"vPjmLlrUuG6vuxphh19Q","id":"EwvWzjdX9bYjAA7sD6UC"},{"accountno":"88877770","departmentno":"1","salary":"132","pincode":"123459","userid":"vPjmLlrUuG6vuxphh19Q","id":"klryFtxw26kUobUpDAi6"},{"accountno":"88877770","departmentno":"1","salary":"132","pincode":"123459","userid":"vPjmLlrUuG6vuxphh19Q","id":"SdJzuJi3OlJKahLXttvb"},{"accountno":"88877770","departmentno":"1","salary":"132","pincode":"123459","userid":"vPjmLlrUuG6vuxphh19Q","id":"jsPwuzIAddA58nCKQ1iK"},{"accountno":"12345678","departmentno":"1","salary":"4567","pincode":"900021","userid":"Ua3IcakByVg8k4sG2OWt","id":"kN1LFHc74Fmid7w37PjJ"},{"accountno":"12345678","departmentno":"1","salary":"4567","pincode":"900021","userid":"Ua3IcakByVg8k4sG2OWt","id":"AX9DcfhxRHUYkuhNYD9K"},{"accountno":"88877770","departmentno":"1","salary":"132","pincode":"123459","userid":"vPjmLlrUuG6vuxphh19Q","id":"rsKR5vPlrpKtgYjt4sGN"},{"accountno":"12345678","departmentno":"1","salary":"4567","pincode":"900021","userid":"Ua3IcakByVg8k4sG2OWt","id":"HaFB0c6oilMjAKygceAZ"},{"accountno":"12345678","departmentno":"1","salary":"4567","pincode":"900021","userid":"Ua3IcakByVg8k4sG2OWt","id":"CLzpQYj0f2FxqLohNrp1"},{"accountno":"12345678","departmentno":"1","salary":"4567","pincode":"900021","userid":"Ua3IcakByVg8k4sG2OWt","id":"hMVpYACYEJYd6miqm3Z2"},{"accountno":"88877770","departmentno":"1","salary":"132","pincode":"123459","userid":"vPjmLlrUuG6vuxphh19Q","id":"xM7mhuowUJUNPcFDZZ4k"},{"accountno":"98877770","departmentno":"1","salary":"132","pincode":"123459","userid":"vPjmLlrUuG6vuxphh19Q","id":"mRKFMhpOqR4wfQ2gLWSq"},{"accountno":"98877770","departmentno":"1","salary":"132","pincode":"123459","userid":"vPjmLlrUuG6vuxphh19Q","id":"78ik82sgGqwpU7fgCAvV"},{"accountno":"98877777","departmentno":"1","salary":"132","pincode":"123456","userid":"vPjmLlrUuG6vuxphh19Q","id":"AIxhh5ZDJlHc7i0ZNoEo"},{"accountno":"86540333","departmentno":"2","salary":"34344","pincode":"123056","userid":"vPjmLlrUuG6vuxphh19Q","id":"K5v7GX4AkockFABLJilc"},{"accountno":"12121212","departmentno":"1","salary":"123","pincode":"111111","userid":"vPjmLlrUuG6vuxphh19Q","id":"STDNCcqhk6gWlHJQLDz5"},{"accountno":"45455667","departmentno":"5","salary":"24","pincode":"124234","userid":"vPjmLlrUuG6vuxphh19Q","id":"UP9paPxS8KQfwqXGXLIK"},{"accountno":"21321322","departmentno":"2","salary":"32","pincode":"234567","userid":"UUzhVpTf825lAmt1AZpf","id":"RRwtziuHHBeQ3trjeGKP"},{"accountno":"87654321","departmentno":"1","salary":"300","pincode":"654321","userid":"uHlioc8HrdughhsRebNO","id":"ZR76mmxpTGepnHLTyoDI"},{"accountno":"21321322","departmentno":"2","salary":"32","pincode":"234567","userid":"UUzhVpTf825lAmt1AZpf","id":"lYKHXZFaO6NHkUqaomZA"},{"accountno":"88844492","departmentno":"1","salary":"4000","pincode":"763291","userid":"Zkr5GwJhXN3dOEP2fImf","id":"vUqqQtAI3jKq7UBHbyyJ"},{"accountno":"12354462","departmentno":"1","salary":"23333","pincode":"293839","userid":"Zkr5GwJhXN3dOEP2fImf","id":"qqgFnJlWCE72Oqq0haMW"},{"accountno":"56565656","departmentno":"7","salary":"123456","pincode":"123456","userid":"cdLDqldUxp2AHtLpTiqG","id":"ZV9CrjgRWosygIj0DYYH"},{"accountno":"21321322","departmentno":"2","salary":"32","pincode":"234567","userid":"UUzhVpTf825lAmt1AZpf","id":"9AoXcfqPDt1EEdOjwggH"},{"accountno":"21321322","departmentno":"2","salary":"32","pincode":"234567","userid":"UUzhVpTf825lAmt1AZpf","id":"T1PpCxhN70lDp7ML9vPF"},{"accountno":"21321322","departmentno":"2","salary":"32","pincode":"234567","userid":"UUzhVpTf825lAmt1AZpf","id":"XMMamoDvB8vRWFDYwslp"},{"accountno":"21321322","departmentno":2,"salary":32,"pincode":234567,"userid":"UUzhVpTf825lAmt1AZpf","id":"FqSeTmUJJ6Qsx6DhuJeX"},{"accountno":"21321322","departmentno":"2","salary":"32","pincode":"234567","userid":"UUzhVpTf825lAmt1AZpf","id":"acACpKwCSKcrhr41zMyA"},{"accountno":"58392019","departmentno":"2","salary":"1500","pincode":"978392","userid":"Zkr5GwJhXN3dOEP2fImf","id":"TRGOT4UuVtWZ1LoUmIy3"},{"accountno":"21321322","departmentno":"2","salary":"32","pincode":"234567","userid":"UUzhVpTf825lAmt1AZpf","id":"vzR5zq2msbr08bOcwtNS"},{"accountno":"51023523","departmentno":"2","salary":"1500","pincode":"956832","userid":"Zkr5GwJhXN3dOEP2fImf","id":"jETk685dI7pqsukgZ0kG"},{"accountno":"21321322","departmentno":"2","salary":"32","pincode":"234567","userid":"UUzhVpTf825lAmt1AZpf","id":"GcjtDsvUywqyRAIPEgTq"},{"accountno":"21321322","departmentno":"2","salary":"32","pincode":"234567","userid":"UUzhVpTf825lAmt1AZpf","id":"rix0UsvDDNtbmHjF1QPL"},{"accountno":"21321322","departmentno":"2","salary":"32","pincode":"234567","userid":"UUzhVpTf825lAmt1AZpf","id":"GJCFu6tUWabQhiUhx4MD"},{"accountno":"21321322","departmentno":"2","salary":"32","pincode":"234567","userid":"UUzhVpTf825lAmt1AZpf","id":"CU4QS8m3prvlrNDOQOvp"},{"accountno":"33333333","departmentno":"3","salary":"33333","pincode":"100016","userid":"W6vNYCLbnLEIGcqkCT23","id":"x2lN6Z9TKUFkGvyNoIRF"},{"accountno":"33333333","departmentno":"3","salary":"33333","pincode":"100016","userid":"W6vNYCLbnLEIGcqkCT23","id":"TArCvh1fFBNB14g53t3A"},{"accountno":"33333333","departmentno":"3","salary":"33333","pincode":"100016","userid":"W6vNYCLbnLEIGcqkCT23","id":"rgDfJSbkOYLDMiMb5KAP"},{"accountno":"33333333","departmentno":"3","salary":"33333","pincode":"100016","userid":"W6vNYCLbnLEIGcqkCT23","id":"MbN2sez5y6QjqEKnND50"},{"accountno":"33333333","departmentno":"3","salary":"33333","pincode":"100016","userid":"W6vNYCLbnLEIGcqkCT23","id":"UAkWps0BzBwl9gzPa8KJ"},{"accountno":"33333333","departmentno":"3","salary":"33333","pincode":"100016","userid":"W6vNYCLbnLEIGcqkCT23","id":"Btt3pwvtV1z5PhnTc4cL"},{"accountno":"33333333","departmentno":"3","salary":"33333","pincode":"100016","userid":"W6vNYCLbnLEIGcqkCT23","id":"GZZ4JkNjsHCLPtb4lyKJ"},{"accountno":"33333333","departmentno":3,"salary":33333,"pincode":999999,"userid":"W6vNYCLbnLEIGcqkCT23","id":"w2uj3XuU6gaSMxhUsVb5"},{"accountno":"33333333","departmentno":"3","salary":"33333","pincode":"100016","userid":"W6vNYCLbnLEIGcqkCT23","id":"UDTcsyqLJ437JOPMI8ed"},{"accountno":"33333333","departmentno":"3","salary":"33333","pincode":"100016","userid":"W6vNYCLbnLEIGcqkCT23","id":"JNLBkfez4Wde5AA1GN2P"},{"accountno":"33333333","departmentno":"3","salary":"33333","pincode":"100016","userid":"W6vNYCLbnLEIGcqkCT23","id":"sNRYPQpcj0p1Rfp1dGTV"},{"accountno":"33333333","departmentno":"3","salary":"33333","pincode":"100016","userid":"W6vNYCLbnLEIGcqkCT23","id":"9pMNo4KTUC1YWqo9RnZG"},{"accountno":"33333333","departmentno":"3","salary":"33333","pincode":"100016","userid":"W6vNYCLbnLEIGcqkCT23","id":"hddnQRvcriKeQlXPkAlA"},{"accountno":"33333333","departmentno":"3","salary":"33333","pincode":"100016","userid":"W6vNYCLbnLEIGcqkCT23","id":"Jkt8M7YTtx7m2zKv2Uvv"},{"accountno":"33333333","departmentno":"3","salary":"33333","pincode":"100016","userid":"W6vNYCLbnLEIGcqkCT23","id":"UYgYMAew0oWy8gCEFGfi"},{"accountno":"33333333","departmentno":"3","salary":"33333","pincode":"100016","userid":"W6vNYCLbnLEIGcqkCT23","id":"Eb2iELTCDK0qNLsu07BN"},{"accountno":"33333333","departmentno":"3","salary":"33333","pincode":"100016","userid":"W6vNYCLbnLEIGcqkCT23","id":"ntLOGTDMggxpNlFzVAij"},{"accountno":"33333333","departmentno":"3","salary":"33333","pincode":"100016","userid":"W6vNYCLbnLEIGcqkCT23","id":"Noe1U6FDaULXhR4o7J5V"},{"accountno":"33333333","departmentno":"3","salary":"33333","pincode":"100016","userid":"W6vNYCLbnLEIGcqkCT23","id":"KudLtNxcQT3TMj7cFLIB"},{"accountno":"33333333","departmentno":"3","salary":"33333","pincode":"100016","userid":"W6vNYCLbnLEIGcqkCT23","id":"kXqFbAj9n2i01x9GJPgw"},{"accountno":"33333333","departmentno":"3","salary":"33333","pincode":"100016","userid":"W6vNYCLbnLEIGcqkCT23","id":"MNKt3RbW7xCVLEEs4Zvw"},{"accountno":"33333333","departmentno":"3","salary":"33333","pincode":"100016","userid":"W6vNYCLbnLEIGcqkCT23","id":"eCzq3gXHqyGWpZbmEsEz"},{"accountno":"33333333","departmentno":"3","salary":"33333","pincode":"100016","userid":"W6vNYCLbnLEIGcqkCT23","id":"P8o9LOZx0gxY5vLqy7Pn"},{"accountno":"33333333","departmentno":"3","salary":"33333","pincode":"100016","userid":"W6vNYCLbnLEIGcqkCT23","id":"4C7VI42nETWovAkiYrfj"},{"accountno":"33333333","departmentno":"3","salary":"33333","pincode":"100016","userid":"W6vNYCLbnLEIGcqkCT23","id":"Y1vHt9Yb1VCdibutNFhF"},{"accountno":"33333333","departmentno":"3","salary":"33333","pincode":"100016","userid":"W6vNYCLbnLEIGcqkCT23","id":"H2vcNylizweIRzzr2pTp"},{"accountno":"33333333","departmentno":"3","salary":"33333","pincode":"100016","userid":"W6vNYCLbnLEIGcqkCT23","id":"WII66lsMUaZqyIpW63X4"},{"accountno":"33333333","departmentno":"3","salary":"33333","pincode":"100016","userid":"W6vNYCLbnLEIGcqkCT23","id":"LOE96aQ3FinBqePLWIXO"},{"accountno":"33333333","departmentno":3,"salary":33333,"pincode":100019,"userid":"W6vNYCLbnLEIGcqkCT23","id":"71i0RXsu5NtD8i2JXvNc"},{"accountno":"33333333","departmentno":"3","salary":"33333","pincode":"100016","userid":"W6vNYCLbnLEIGcqkCT23","id":"mxy8exxtHrpDvCliUFh9"},{"accountno":"33333333","departmentno":"3","salary":"33333","pincode":"100015","userid":"W6vNYCLbnLEIGcqkCT23","id":"zy5TL7qe6Aq6eZOCRKit"},{"accountno":"33333333","departmentno":"3","salary":"33333","pincode":"100014","userid":"W6vNYCLbnLEIGcqkCT23","id":"i7g5yZXfEqFcUPEgkSCP"},{"accountno":"33333333","departmentno":"3","salary":"33333","pincode":"100014","userid":"W6vNYCLbnLEIGcqkCT23","id":"ioSwaxJtzQRXVe62Qh9v"},{"accountno":"33333333","departmentno":"3","salary":"33333","pincode":"100014","userid":"W6vNYCLbnLEIGcqkCT23","id":"4fQZ3NyTyXaStxDE3GMj"},{"accountno":"33333333","departmentno":"3","salary":"33333","pincode":"100014","userid":"W6vNYCLbnLEIGcqkCT23","id":"I8lKCy8U186rYNDTydQ8"},{"accountno":"33333333","departmentno":"3","salary":"33333","pincode":"100014","userid":"W6vNYCLbnLEIGcqkCT23","id":"2O09hOttEXwQ2TXFuQ4a"},{"accountno":"33333333","departmentno":"3","salary":"33333","pincode":"100014","userid":"W6vNYCLbnLEIGcqkCT23","id":"JUN91DF9M6Dgbo1rUjkw"},{"accountno":"98888888","departmentno":"1","salary":"132","pincode":"123456","userid":"vPjmLlrUuG6vuxphh19Q","id":"KkScrTPtolGffOGURptT"},{"accountno":"12345678","departmentno":"2","salary":"12324","pincode":"111111","userid":"vPjmLlrUuG6vuxphh19Q","id":"E2T68AnG4CI5wBV4uusM"},{"accountno":"33333333","departmentno":"3","salary":"33333","pincode":"100014","userid":"W6vNYCLbnLEIGcqkCT23","id":"prMKJ3mmAVMpLAAfdVS6"},{"accountno":"33333333","departmentno":"3","salary":"33333","pincode":"100014","userid":"W6vNYCLbnLEIGcqkCT23","id":"NTVCu4UHf4DuNNlB2TUY"},{"accountno":"33333333","departmentno":"3","salary":"33333","pincode":"100014","userid":"W6vNYCLbnLEIGcqkCT23","id":"bBs9xSEh1hlScBuHMiui"},{"accountno":"33333333","departmentno":"3","salary":"33333","pincode":"100014","userid":"W6vNYCLbnLEIGcqkCT23","id":"gMk0ehy4bj594t7nW4gY"},{"accountno":"12345678","departmentno":"8","salary":"12345","pincode":"123456","userid":"JhBYP4cJfoSdzZYlgKZk","id":"fzs7lNANELjrCBkYIca7"},{"accountno":"44444444","departmentno":"4","salary":"444","pincode":"444444","userid":"uHlioc8HrdughhsRebNO","id":"kCFWZahT3zkTZi16nMxm"},{"accountno":"44444444","departmentno":"4","salary":"444","pincode":"444444","userid":"uHlioc8HrdughhsRebNO","id":"lt6nVE0VLWJce19QLVeK"},{"accountno":"12345678","departmentno":"8","salary":"12345","pincode":"123456","userid":"JhBYP4cJfoSdzZYlgKZk","id":"fsrVcZGJG0UwbvNSdqx7"},{"accountno":"11111111","departmentno":"1","salary":"1","pincode":"111111","userid":"JhBYP4cJfoSdzZYlgKZk","id":"uep162Y76DZACKanZ9oh"},{"accountno":"11111111","departmentno":"1","salary":"100","pincode":"222222","userid":"uHlioc8HrdughhsRebNO","id":"MjhJtN62O89qLP9h4xWl"},{"accountno":"24567886","departmentno":"4","salary":"4","pincode":"444444","userid":"JhBYP4cJfoSdzZYlgKZk","id":"pM0RySFmbNrJvZJhaQ1b"},{"accountno":"23456678","departmentno":"1","salary":"1","pincode":"122344","userid":"JhBYP4cJfoSdzZYlgKZk","id":"9B2lB9fPoAzblVr77zPY"},{"accountno":"23455566","departmentno":"2","salary":"2345","pincode":"234565","userid":"JhBYP4cJfoSdzZYlgKZk","id":"JXnO6t7bf8KE7VXcQCYJ"},{"accountno":"21321322","departmentno":"2","salary":"32","pincode":"234567","userid":"UUzhVpTf825lAmt1AZpf","id":"YrmSHUwlNofUs689J3dg"},{"accountno":"21321322","departmentno":"2","salary":"32","pincode":"234567","userid":"UUzhVpTf825lAmt1AZpf","id":"5R5MmQpz6fnyG5McTY2u"},{"accountno":"21321322","departmentno":"2","salary":"32","pincode":"234567","userid":"UUzhVpTf825lAmt1AZpf","id":"byTbzqK7g534gBA1cVeO"},{"accountno":"21321322","departmentno":"2","salary":"32","pincode":"234567","userid":"UUzhVpTf825lAmt1AZpf","id":"IcUOiS2HpYNfk43SdMtc"},{"accountno":"21321322","departmentno":"2","salary":"32","pincode":"234567","userid":"UUzhVpTf825lAmt1AZpf","id":"x46VG0topy0JjpPE9Pm3"},{"accountno":"21321322","departmentno":"2","salary":"32","pincode":"234567","userid":"UUzhVpTf825lAmt1AZpf","id":"pnsF9tTXxa39CmCTXZvf"},{"accountno":"21321322","departmentno":"2","salary":"32","pincode":"234567","userid":"UUzhVpTf825lAmt1AZpf","id":"Fn8MiQWO2aBGVuji50tE"},{"accountno":"12345678","departmentno":"8","salary":"12345","pincode":"123456","userid":"JhBYP4cJfoSdzZYlgKZk","id":"QjlcXCV6PIzBMQ3LwMdX"},{"accountno":"12345678","departmentno":"8","salary":"12345","pincode":"123456","userid":"JhBYP4cJfoSdzZYlgKZk","id":"01PPJS6Z4DoaTekwAqAY"},{"accountno":"67798991","departmentno":"2","salary":"23454","pincode":"676877","userid":"XXB2MQqMeoUZ7CC5Dbhd","id":"L5QNkbeJ5NBptEbejIJE"},{"accountno":"23247458","departmentno":"4","salary":"3432","pincode":"459580","userid":"XXB2MQqMeoUZ7CC5Dbhd","id":"4AWuu61ACMXIWuhpSppL"},{"accountno":"67798991","departmentno":"2","salary":"23454","pincode":"676877","userid":"XXB2MQqMeoUZ7CC5Dbhd","id":"jjDXySo8J02xwSuFj1jz"},{"accountno":"67798991","departmentno":"2","salary":"23454","pincode":"676877","userid":"XXB2MQqMeoUZ7CC5Dbhd","id":"BRyBkv6RuOgkYPbKYHoo"},{"accountno":"67798991","departmentno":"2","salary":"23454","pincode":"676877","userid":"XXB2MQqMeoUZ7CC5Dbhd","id":"6yzgu4tMDjZR9KFSyahy"},{"accountno":"67798991","departmentno":"2","salary":"23454","pincode":"676877","userid":"XXB2MQqMeoUZ7CC5Dbhd","id":"SurnURKp54TdmXDnwcxF"},{"accountno":"67798991","departmentno":"2","salary":"23454","pincode":"676877","userid":"XXB2MQqMeoUZ7CC5Dbhd","id":"kz1UHQ4H6jhCaydRsgJc"},{"accountno":"67798991","departmentno":"2","salary":"23454","pincode":"676877","userid":"XXB2MQqMeoUZ7CC5Dbhd","id":"4kRn2SHW494wFna1p8kr"},{"accountno":"67798991","departmentno":"2","salary":"23454","pincode":"676877","userid":"XXB2MQqMeoUZ7CC5Dbhd","id":"Tlv9AR5Xfh20mUSr9Kxx"},{"accountno":"67798991","departmentno":"2","salary":"23454","pincode":"676877","userid":"XXB2MQqMeoUZ7CC5Dbhd","id":"g8Afb1UrxZWvtej47h2x"},{"accountno":"77777990","departmentno":"8","salary":"560","pincode":"801300","userid":"qSiZBtR9Sz20Wrgu42hf","id":"oZNu6LO1y0fpPWeV8zpJ"},{"accountno":"12345678","departmentno":"8","salary":"12345","pincode":"123456","userid":"JhBYP4cJfoSdzZYlgKZk","id":"9r6vtZGsAAPIDRfbbqXL"},{"accountno":"12345678","departmentno":"8","salary":"12345","pincode":"123456","userid":"JhBYP4cJfoSdzZYlgKZk","id":"pP4GZOTBTjjhX3MlvZWB"},{"accountno":"12345678","departmentno":"8","salary":"12345","pincode":"123456","userid":"JhBYP4cJfoSdzZYlgKZk","id":"ceY7vKm6WdL5Q52tPoIU"},{"accountno":"12345678","departmentno":"8","salary":"12345","pincode":"123456","userid":"JhBYP4cJfoSdzZYlgKZk","id":"Wvuuax6sawU4akIh395o"},{"accountno":"33333333","departmentno":"3","salary":"33333","pincode":"100013","userid":"W6vNYCLbnLEIGcqkCT23","id":"6s3oUGG3PywMHVNl1epd"},{"accountno":"33333333","departmentno":"3","salary":"33333","pincode":"100012","userid":"W6vNYCLbnLEIGcqkCT23","id":"2JpeLlxLY178YsoH9xjq"},{"accountno":"33333333","departmentno":"3","salary":"33333","pincode":"100010","userid":"W6vNYCLbnLEIGcqkCT23","id":"sH6uFXHV2zN8Kxm65zLP"},{"accountno":"11223344","departmentno":"3","salary":"9999","pincode":"123123","userid":"iENM4DPpcw0JtgS0hQiW","id":"G1AXsEmhHAVaEDieMksV"},{"accountno":"33333333","departmentno":3,"salary":33333,"pincode":111111,"userid":"W6vNYCLbnLEIGcqkCT23","id":"GtTvlHFsAyX4i9JCKRKi"},{"accountno":"33333333","departmentno":"3","salary":"33333","pincode":"333331","userid":"W6vNYCLbnLEIGcqkCT23","id":"DZL469OkxzSpIe7mEpxu"},{"accountno":"33333333","departmentno":"3","salary":"33333","pincode":"333340","userid":"W6vNYCLbnLEIGcqkCT23","id":"RY4foXVNfyhnkVSEurZD"},{"accountno":"67798991","departmentno":"2","salary":"23454","pincode":"676877","userid":"XXB2MQqMeoUZ7CC5Dbhd","id":"vhuIIYfz8jePR9VP94O3"},{"accountno":"29292929","departmentno":"9","salary":"999999","pincode":"493333","userid":"Zkr5GwJhXN3dOEP2fImf","id":"LNe8xf45V3tJyrh8AChp"},{"accountno":"12345678","departmentno":"1","salary":"1400","pincode":"123456","userid":"j75Ai530R7kDA0TYhnd5","id":"N81wpEuH6I7qzGMqL4H6"},{"accountno":"12345678","departmentno":"1","salary":"12000","pincode":"123456","userid":"j75Ai530R7kDA0TYhnd5","id":"o9gY1b9OPzov3PvRr88y"},{"accountno":"99999778","departmentno":"2","salary":"34344","pincode":"123456","userid":"vPjmLlrUuG6vuxphh19Q","id":"xwZVUjah7KV3cK6BkP0y"},{"accountno":"99999998","departmentno":"2","salary":"34344","pincode":"123456","userid":"vPjmLlrUuG6vuxphh19Q","id":"pQEJscANVpP0CGuvccR9"},{"accountno":"12345678","departmentno":"8","salary":"12345","pincode":"123456","userid":"JhBYP4cJfoSdzZYlgKZk","id":"MFZqBbxLm8eDYEVFSzn2"},{"accountno":"12345678","departmentno":"8","salary":"12345","pincode":"123456","userid":"JhBYP4cJfoSdzZYlgKZk","id":"HEr7geTVxpoItZKi2Rdu"},{"accountno":"12345678","departmentno":"8","salary":"12345","pincode":"123456","userid":"JhBYP4cJfoSdzZYlgKZk","id":"7GnKBuh6XVkwHrgqURzG"},{"accountno":"12345678","departmentno":"8","salary":"12345","pincode":"123456","userid":"JhBYP4cJfoSdzZYlgKZk","id":"tsCFd2HYPDRa95FDAASe"},{"accountno":"12345678","departmentno":"8","salary":"12345","pincode":"123456","userid":"JhBYP4cJfoSdzZYlgKZk","id":"y59F6mJsB9Q0DNwXytpl"},{"accountno":"12345678","departmentno":"8","salary":"12345","pincode":"123456","userid":"JhBYP4cJfoSdzZYlgKZk","id":"Mt18QL4D8MFTbrzZ8aia"},{"accountno":"12345678","departmentno":"8","salary":"12345","pincode":"123456","userid":"JhBYP4cJfoSdzZYlgKZk","id":"HLHdUkcW3Q6GKw92Igio"},{"accountno":"12345678","departmentno":"8","salary":"12345","pincode":"123456","userid":"JhBYP4cJfoSdzZYlgKZk","id":"1z5PdiiRN5Wy9L9K67PQ"},{"accountno":"12345678","departmentno":"4","salary":"12345","pincode":"123456","userid":"JhBYP4cJfoSdzZYlgKZk","id":"lwgqzmknIESAScJtz7Nr"},{"accountno":"12345678","departmentno":"8","salary":"12345","pincode":"123456","userid":"JhBYP4cJfoSdzZYlgKZk","id":"t0nFPAoM8cb4dv2BXaCj"},{"accountno":"12349900","departmentno":1,"salary":12345,"pincode":123456,"userid":"JhBYP4cJfoSdzZYlgKZk","id":"4E8oVnbjX2hu4uiodFTT"},{"accountno":"12345678","departmentno":"8","salary":"12345","pincode":"123456","userid":"JhBYP4cJfoSdzZYlgKZk","id":"pyGitXTsDkC7jyiTTaa4"},{"accountno":"12345678","departmentno":"8","salary":"12345","pincode":"123456","userid":"JhBYP4cJfoSdzZYlgKZk","id":"KyiYbSeg4VANbXtgH0y8"},{"accountno":"22341432","departmentno":3,"salary":40100,"pincode":974212,"userid":"Zkr5GwJhXN3dOEP2fImf","id":"KzCzidv3WigOWFeB5C1w"},{"accountno":"25252526","departmentno":"2","salary":"40000","pincode":"974212","userid":"Zkr5GwJhXN3dOEP2fImf","id":"0bGCQksXMVfbD6epeklx"},{"accountno":"33333333","departmentno":"3","salary":"33333","pincode":"333333","userid":"W6vNYCLbnLEIGcqkCT23","id":"aWNsVoX3BGXkkuia3s3E"},{"accountno":"55555555","departmentno":5,"salary":5,"pincode":666666,"userid":"W6vNYCLbnLEIGcqkCT23","id":"u6Swqvf3ZDsTS8nwKNeK"},{"accountno":"12312367","departmentno":"7","salary":"654321","pincode":"098766","userid":"E24MgXdPeRPPU23JcjU1","id":"DwSHP9dbmfxxZW5d5FoW"},{"accountno":"23432211","departmentno":"3","salary":"2343432","pincode":"343235","userid":"Zkr5GwJhXN3dOEP2fImf","id":"h3QMQXXVCcnmeFz0LYP8"},{"accountno":"23432323","departmentno":"2","salary":"43111","pincode":"234532","userid":"Zkr5GwJhXN3dOEP2fImf","id":"T5WlJGdnOSJ6OlndUkjp"},{"accountno":"29452123","departmentno":"3","salary":"234000","pincode":"941000","userid":"Zkr5GwJhXN3dOEP2fImf","id":"zzYU3iKhJgipRsphGd5n"},{"accountno":"98765443","departmentno":"2","salary":"12345","pincode":"560040","userid":"E24MgXdPeRPPU23JcjU1","id":"PIZA2RVHryxjLRUqeMOD"},{"accountno":"34567891","departmentno":"1","salary":"3456","pincode":"244211","userid":"Ua3IcakByVg8k4sG2OWt","id":"jvYRG8dHIdWxXq3WFb0n"},{"accountno":"00000008","departmentno":"0","salary":"100","pincode":"123456","userid":"UUzhVpTf825lAmt1AZpf","id":"9acYj8adA6POCHp6nLvA"},{"accountno":"55555555","departmentno":"5","salary":"555555","pincode":"555555","userid":"W6vNYCLbnLEIGcqkCT23","id":"xaeONKQ5T4zWEC8wm5Q6"},{"accountno":"22222222","departmentno":"2","salary":11111,"pincode":"333333","userid":"W6vNYCLbnLEIGcqkCT23","id":"pHHhFVcCENvuPwNOPN0m"},{"accountno":"12345678","departmentno":1,"salary":11111,"pincode":222222,"userid":"W6vNYCLbnLEIGcqkCT23","id":"XsWX5YAsr9odGF58ZOZQ"},{"accountno":"12312312","departmentno":1,"salary":60000,"pincode":812312,"userid":"aVjYUGE0c0xLlerWKo7l","id":"340OkSC41P6U4XZrHPnc"},{"accountno":"87654321","departmentno":"1","salary":"60000","pincode":"950100","userid":"EU32tRCFTYNRf1cCYOCt","id":"i15EdJwDH6rD9Jy5KuVo"},{"accountno":"12345678","departmentno":"5","salary":"50000","pincode":"950000","userid":"EU32tRCFTYNRf1cCYOCt","id":"irfRirWwF8EGa5v9RQ6D"},{"accountno":"12345678","departmentno":"8","salary":"12345","pincode":"123456","userid":"JhBYP4cJfoSdzZYlgKZk","id":"LbekO7UjqLE9zXGqD00G"},{"accountno":"12345612","departmentno":"1","salary":"123","pincode":"123456","userid":"JhBYP4cJfoSdzZYlgKZk","id":"LehfHv5RAfDaM6J3lY2N"},{"accountno":"12334456","departmentno":"3","salary":"234","pincode":"123456","userid":"JhBYP4cJfoSdzZYlgKZk","id":"hGhHY1xm5Ec90nBhznQv"},{"accountno":"12312312","departmentno":5,"salary":22222,"pincode":123456,"userid":"wozinFeN6FJBAuFTkkRg","id":"WeRLUGXaA5mPx0UH3dCn"},{"accountno":"34567654","departmentno":"1","salary":"231231","pincode":"123123","userid":"JhBYP4cJfoSdzZYlgKZk","id":"hYWIx079rYuc4Yue4QtA"},{"accountno":"26021985","departmentno":4,"salary":340200,"pincode":"657627","userid":"JhBYP4cJfoSdzZYlgKZk","id":"8H8fQKT2Q1jACLckKuwN"},{"accountno":"12345678","departmentno":5,"salary":50000,"pincode":123456,"userid":"wozinFeN6FJBAuFTkkRg","id":"kIbAcNVAn94tunMP44j6"},{"accountno":"34534534","departmentno":4,"salary":340200,"pincode":963499,"userid":"oMd5YAmhluD6Tj1uDNmd","id":"kVPWcPwiP041lLmCE3Tm"},{"accountno":"12121210","departmentno":3,"salary":4444,"pincode":543210,"userid":"uHlioc8HrdughhsRebNO","id":"Rqf2HWitHH6b4UT6nrpx"},{"accountno":"12312312","departmentno":"2","salary":"85000","pincode":"968322","userid":"oMd5YAmhluD6Tj1uDNmd","id":"NnmEfa3PGIlaA2TA4vUU"},{"accountno":"11122233","departmentno":3,"salary":123222,"pincode":444555,"userid":"fb4a0fhoAAehQGIQ3DUg","id":"ey0CrdoYIeypEeMUlKSk"},{"accountno":"838392","departmentno":"45","salary":"5555","pincode":"565656","userid":"BIDNMczcV6BPtYdHfM89","id":"6MKTSGQb6dmGUpK5e9as"},{"accountno":"4444444","departmentno":"4","salary":"4444","pincode":"44444","userid":"eUElBTpUvjJXLAlXqboz","id":"jRneJhIK2DLJoMsBKE5s"},{"accountno":"98989898","departmentno":"9","salary":"9898","pincode":"989898","userid":"slMmUbcVYDhaNDcAeSQv","id":"1hzDdcCxiaL904H6HI7w"},{"accountno":"23232323","departmentno":"4","salary":"55666","pincode":"666777","userid":"slMmUbcVYDhaNDcAeSQv","id":"DSh9sz4i2PCkFMoyfieE"},{"accountno":"22222331","departmentno":"5","salary":"1111","pincode":"111111","userid":"jNuJRaZD68Qzh2SYg7d8","id":"F0E5QyyBRPxOKhyIjqUt"},{"accountno":"65659880","departmentno":5,"salary":"232839","pincode":666667,"userid":"r7Xs7rIWPFLpdqJqxV8J","id":"fgWLfy6vashuJdxFENJv"},{"accountno":"65656890","departmentno":"5","salary":"236789","pincode":"666666","userid":"r7Xs7rIWPFLpdqJqxV8J","id":"OmsRB1dB0O44RyJiH2qO"},{"accountno":"65659880","departmentno":5,"salary":"232839","pincode":666667,"userid":"r7Xs7rIWPFLpdqJqxV8J","id":"xjBiHUEnHQxzACq9F8Jm"},{"accountno":"12222221","departmentno":"1","salary":"111","pincode":"111111","userid":"o5z0wWQmLgIEd5ubM9Sd","id":"8VPUUzxuzJN0MisUZnw3"},{"accountno":"12222221","departmentno":"1","salary":"111","pincode":"111111","userid":"o5z0wWQmLgIEd5ubM9Sd","id":"EzT10Z7L0ol6uaiYqyVp"},{"accountno":"12345678","departmentno":"1","salary":"2000","pincode":"950141","userid":"o5z0wWQmLgIEd5ubM9Sd","id":"pvv0H90xgQYq7dFMipI4"},{"accountno":"10998886","departmentno":"1","salary":"998877","pincode":"998877","userid":"PMtbCbA3ch7BcLhyUGTM","id":"GKhyP2aag9xyAEqXvyXj"},{"accountno":"TA-1111119","departmentno":"1","salary":"1000000","pincode":"123456","userid":"7SgE9egdJYoR0rWjUqrx","id":"HP4zwKAavE5AbOUDppWQ"},{"accountno":"TA-1111119","departmentno":"1","salary":"1000000","pincode":"123456","userid":"7SgE9egdJYoR0rWjUqrx","id":"IHvXVpfO6GbrHaWCQfjH"},{"accountno":"TA-1111119","departmentno":"1","salary":"1000000","pincode":"123456","userid":"7SgE9egdJYoR0rWjUqrx","id":"IZrIDNOKadSAkvvVzYsA"},{"accountno":"TA-1111119","departmentno":"1","salary":"1000000","pincode":"123456","userid":"7SgE9egdJYoR0rWjUqrx","id":"dbNRUZqauoRyAPqOsrI4"},{"accountno":"20820808","departmentno":"208","salary":"80008","pincode":"530044","userid":"HuYhG15hCmuwXBhKEYKt","id":"lTjwOqqtHiUjSWTDBddU"},{"accountno":234567,"departmentno":3,"salary":45000,"pincode":95035,"userid":"xlqBI2bMTgs2WYDkMnQo","id":"ckC0h0qYFJEe6GYDOPA8"},{"accountno":234567,"departmentno":3,"salary":45000,"pincode":95035,"userid":"xlqBI2bMTgs2WYDkMnQo","id":"pvWu7f4XgeqPVrEawvzi"},{"accountno":234567,"departmentno":3,"salary":45000,"pincode":95035,"userid":"xlqBI2bMTgs2WYDkMnQo","id":"rxaBhaFKdeUMgRmqc3q8"},{"accountno":234567,"departmentno":3,"salary":45000,"pincode":95035,"userid":"xlqBI2bMTgs2WYDkMnQo","id":"mHjdcckOLINC9Q6hRvsH"},{"accountno":234567,"departmentno":3,"salary":45000,"pincode":95035,"userid":"xlqBI2bMTgs2WYDkMnQo","id":"wHOdRVWxSdOozuamCcc7"},{"accountno":234567,"departmentno":3,"salary":45000,"pincode":95035,"userid":"xlqBI2bMTgs2WYDkMnQo","id":"VTwEyKTRI07IuW6kDDmx"},{"accountno":234567,"departmentno":3,"salary":45000,"pincode":95035,"userid":"xlqBI2bMTgs2WYDkMnQo","id":"sdhyk9DpcqYbSxHWbc93"},{"accountno":234567,"departmentno":3,"salary":45000,"pincode":95035,"userid":"xlqBI2bMTgs2WYDkMnQo","id":"ecyLL5GJ2FoLHcOd46x4"},{"accountno":"65659880","departmentno":5,"salary":"232839","pincode":666667,"userid":"r7Xs7rIWPFLpdqJqxV8J","id":"IWoV2TAzFrTzQffxa7GO"},{"accountno":"65659880","departmentno":5,"salary":"232839","pincode":666667,"userid":"r7Xs7rIWPFLpdqJqxV8J","id":"iLU9Tyc8tT9ZaUrTH2Ur"},{"accountno":"65659880","departmentno":5,"salary":"232839","pincode":666667,"userid":"r7Xs7rIWPFLpdqJqxV8J","id":"fzOcLcS2DvTxODHWhgvi"},{"accountno":"65659880","departmentno":5,"salary":"232839","pincode":666667,"userid":"r7Xs7rIWPFLpdqJqxV8J","id":"uhUXBcqzYNl4ZBxJDKu0"},{"accountno":"65659880","departmentno":5,"salary":"232839","pincode":666667,"userid":"r7Xs7rIWPFLpdqJqxV8J","id":"cRFYU5IAPpg79ZhP1OMg"},{"accountno":"TA-1111119","departmentno":"1","salary":"1000000","pincode":"123456","userid":"7SgE9egdJYoR0rWjUqrx","id":"kgNJkau0ew3TLmIy0cOB"},{"accountno":"TA-1111119","departmentno":"1","salary":"1000000","pincode":"123456","userid":"7SgE9egdJYoR0rWjUqrx","id":"9J0eEYJ50E7FBvvKaZDz"},{"accountno":"TA-1111119","departmentno":"1","salary":"1000000","pincode":"123456","userid":"7SgE9egdJYoR0rWjUqrx","id":"skyiyZlhPfkINs1RqGDr"},{"accountno":"TA-1111119","departmentno":"1","salary":"1000000","pincode":"123456","userid":"7SgE9egdJYoR0rWjUqrx","id":"UPPkqjQLx8qYnCx5x46q"},{"accountno":"65659880","departmentno":5,"salary":"232839","pincode":666667,"userid":"r7Xs7rIWPFLpdqJqxV8J","id":"HGwEpp0IwpJrw5DTtESp"},{"accountno":"65659880","departmentno":5,"salary":"232839","pincode":666667,"userid":"r7Xs7rIWPFLpdqJqxV8J","id":"gQkjRfXPB6Md0kySKYSM"},{"accountno":234567,"departmentno":3,"salary":45000,"pincode":95035,"userid":"xlqBI2bMTgs2WYDkMnQo","id":"pBDjRqKq8SVCNGz7REjl"},{"accountno":234567,"departmentno":3,"salary":45000,"pincode":95035,"userid":"xlqBI2bMTgs2WYDkMnQo","id":"l9DJVRVRC43WvPokbaEw"},{"accountno":234567,"departmentno":3,"salary":45000,"pincode":95035,"userid":"xlqBI2bMTgs2WYDkMnQo","id":"dQjIrb3dALOCn9cCMtcs"},{"accountno":234567,"departmentno":3,"salary":45000,"pincode":95035,"userid":"xlqBI2bMTgs2WYDkMnQo","id":"XhtrvD6hOJaFxje4KSx5"},{"accountno":234567,"departmentno":3,"salary":45000,"pincode":95035,"userid":"xlqBI2bMTgs2WYDkMnQo","id":"vyS1nXULtuYs8N7891Rj"},{"accountno":234567,"departmentno":3,"salary":45000,"pincode":95035,"userid":"xlqBI2bMTgs2WYDkMnQo","id":"PGBvsDnhGuySze7syDcv"},{"accountno":234567,"departmentno":3,"salary":45000,"pincode":95035,"userid":"xlqBI2bMTgs2WYDkMnQo","id":"A9yOViqjHki2BHuF80oZ"},{"accountno":234567,"departmentno":3,"salary":45000,"pincode":95035,"userid":"xlqBI2bMTgs2WYDkMnQo","id":"HZVhaOpQ2mJj8iQgPlY8"},{"accountno":234567,"departmentno":3,"salary":45000,"pincode":95035,"userid":"xlqBI2bMTgs2WYDkMnQo","id":"986KkNw8H4DTUB5jbFZx"},{"accountno":234567,"departmentno":3,"salary":45000,"pincode":95035,"userid":"xlqBI2bMTgs2WYDkMnQo","id":"yUFZUXkAz6S5XZGApipg"},{"accountno":234567,"departmentno":3,"salary":45000,"pincode":95035,"userid":"xlqBI2bMTgs2WYDkMnQo","id":"YbZptwYwkMaJgBFCoZEM"},{"accountno":234567,"departmentno":3,"salary":45000,"pincode":95035,"userid":"xlqBI2bMTgs2WYDkMnQo","id":"N8TX3uLG5REEVqbGaJbT"},{"accountno":234567,"departmentno":3,"salary":45000,"pincode":95035,"userid":"xlqBI2bMTgs2WYDkMnQo","id":"P1BbxUgWpB8rsxdMbry9"},{"accountno":234567,"departmentno":3,"salary":45000,"pincode":95035,"userid":"xlqBI2bMTgs2WYDkMnQo","id":"50T8e7mk2cANeWMvAShu"},{"accountno":234567,"departmentno":3,"salary":45000,"pincode":95035,"userid":"xlqBI2bMTgs2WYDkMnQo","id":"DUdiM5tnzuGdo8c0zVLf"},{"accountno":234567,"departmentno":3,"salary":45000,"pincode":95035,"userid":"xlqBI2bMTgs2WYDkMnQo","id":"BxhGY2imjwnfCmZTDjoi"},{"accountno":234567,"departmentno":3,"salary":45000,"pincode":95035,"userid":"xlqBI2bMTgs2WYDkMnQo","id":"QTlPmIq6kMY8AwHy0igN"},{"accountno":234567,"departmentno":3,"salary":45000,"pincode":95035,"userid":"xlqBI2bMTgs2WYDkMnQo","id":"LM95F5CBAWNFhsXScY5j"},{"accountno":234567,"departmentno":3,"salary":45000,"pincode":95035,"userid":"xlqBI2bMTgs2WYDkMnQo","id":"f8UJkB73Pr8JMbYnTfK2"},{"accountno":234567,"departmentno":3,"salary":45000,"pincode":95035,"userid":"xlqBI2bMTgs2WYDkMnQo","id":"9sB9Zoc0BZzFrfZf9Ece"},{"accountno":234567,"departmentno":3,"salary":45000,"pincode":95035,"userid":"xlqBI2bMTgs2WYDkMnQo","id":"AnFlxAlecqwi4MZdc1Jw"},{"accountno":234567,"departmentno":3,"salary":45000,"pincode":95035,"userid":"xlqBI2bMTgs2WYDkMnQo","id":"EOd0ORzB438i8NuvOpXw"},{"accountno":234567,"departmentno":3,"salary":45000,"pincode":95035,"userid":"xlqBI2bMTgs2WYDkMnQo","id":"J9istTDKetPywV3WxXdr"},{"accountno":234567,"departmentno":3,"salary":45000,"pincode":95035,"userid":"xlqBI2bMTgs2WYDkMnQo","id":"yhJMzfXpebXMHK88vp3C"},{"accountno":234567,"departmentno":3,"salary":45000,"pincode":95035,"userid":"xlqBI2bMTgs2WYDkMnQo","id":"sRINxUfGfkOxfs4CaqGN"},{"accountno":"14145657","departmentno":6,"salary":750000,"pincode":950356,"userid":"ynD11D7ODdXV2bEc0s3m","id":"eJf65Wocd8f3g5odmR1t"},{"accountno":234567,"departmentno":3,"salary":45000,"pincode":95035,"userid":"xlqBI2bMTgs2WYDkMnQo","id":"gV9phsZ0IeBnLLgg1J2j"},{"accountno":234567,"departmentno":3,"salary":45000,"pincode":95035,"userid":"xlqBI2bMTgs2WYDkMnQo","id":"32j2w9J6ToaQkyzxaVgT"},{"accountno":"14145657","departmentno":6,"salary":750000,"pincode":950356,"userid":"ynD11D7ODdXV2bEc0s3m","id":"1ZeRVlyygOpIdYRS9LqH"},{"accountno":"14145657","departmentno":6,"salary":750000,"pincode":950356,"userid":"ynD11D7ODdXV2bEc0s3m","id":"956a3stFX79ihZ7yEL31"},{"accountno":234567,"departmentno":3,"salary":45000,"pincode":95035,"userid":"xlqBI2bMTgs2WYDkMnQo","id":"AIAIZFWaaOI6kI0ITGob"},{"accountno":234567,"departmentno":3,"salary":45000,"pincode":95035,"userid":"xlqBI2bMTgs2WYDkMnQo","id":"8sezgjbfrHpwJZNATImn"},{"accountno":234567,"departmentno":3,"salary":45000,"pincode":95035,"userid":"xlqBI2bMTgs2WYDkMnQo","id":"PPlQ1GsXjljSMy9UKlZe"},{"accountno":234567,"departmentno":3,"salary":45000,"pincode":95035,"userid":"xlqBI2bMTgs2WYDkMnQo","id":"69i8BSkgtoORaxVg8SlZ"},{"accountno":234567,"departmentno":3,"salary":45000,"pincode":95035,"userid":"xlqBI2bMTgs2WYDkMnQo","id":"V5uFP0MImn89QZVOpm6M"},{"accountno":234567,"departmentno":3,"salary":45000,"pincode":95035,"userid":"xlqBI2bMTgs2WYDkMnQo","id":"pvtWpp3zLNptt35YLHym"},{"accountno":234567,"departmentno":3,"salary":45000,"pincode":95035,"userid":"xlqBI2bMTgs2WYDkMnQo","id":"6p9oWiPLk0wVjtvAlrRR"},{"accountno":"14145657","departmentno":6,"salary":750000,"pincode":950356,"userid":"ynD11D7ODdXV2bEc0s3m","id":"qWZ9uw0A0StL34ykk7eZ"},{"accountno":"14145657","departmentno":6,"salary":750000,"pincode":950356,"userid":"ynD11D7ODdXV2bEc0s3m","id":"ZozCNO8mkbybEyDA6V1O"},{"accountno":"14145657","departmentno":6,"salary":750000,"pincode":950356,"userid":"ynD11D7ODdXV2bEc0s3m","id":"3DIAwzcz8wKBxxyevoF7"},{"accountno":234567,"departmentno":3,"salary":45000,"pincode":95035,"userid":"xlqBI2bMTgs2WYDkMnQo","id":"srpZyzDw0AVoV2xxDQfG"},{"accountno":234567,"departmentno":3,"salary":45000,"pincode":95035,"userid":"xlqBI2bMTgs2WYDkMnQo","id":"fm24vseTIqIwnht1XFGP"},{"accountno":234567,"departmentno":3,"salary":45000,"pincode":95035,"userid":"xlqBI2bMTgs2WYDkMnQo","id":"nPmwrTrjJmc9Spu2fnl3"},{"accountno":234567,"departmentno":3,"salary":45000,"pincode":95035,"userid":"xlqBI2bMTgs2WYDkMnQo","id":"kKbJoHidp5gewTFpDvxK"},{"accountno":"98989898","departmentno":"9","salary":"9898","pincode":"989898","userid":"slMmUbcVYDhaNDcAeSQv","id":"AvaPqZYyuEvFZsgMQvUo"},{"accountno":"5555555","departmentno":"5","salary":"5","pincode":"55555555","userid":"ajXcTA5IE2uIheV6YVab","id":"3bOWF7vysPB7GFk8vg8h"},{"accountno":"5555555","departmentno":"5","salary":"5","pincode":"55555555","userid":"ajXcTA5IE2uIheV6YVab","id":"1usTEwLxzDjALCLJ7gMN"},{"accountno":"10998887","departmentno":1,"salary":99677,"pincode":996677,"userid":"omTcoRmnaJkTGX9oZHG8","id":"kh0mUY0NSvUUImTS8fee"},{"accountno":"646464","departmentno":"6","salary":"64446","pincode":"644446","userid":"D2nTsRTUj40G3GdDZDs8","id":"gjkymoDzZSjxhIyY3Iz6"},{"accountno":"646464","departmentno":"6","salary":"64446","pincode":"644446","userid":"D2nTsRTUj40G3GdDZDs8","id":"xbXpPGZcsI8GeKBGfe8N"},{"accountno":"33746611","departmentno":"2","salary":"150081","pincode":"687688","userid":"Dike7NPhrAlQBXVvwCWX","id":"fZP9QJq3cYfTxB1OS6RR"},{"accountno":"11111111","departmentno":"1","salary":"111111","pincode":"111111","userid":"cYQUm0RLwjF8cH82r0c9","id":"EvXrIiky80NpKztIrdJC"},{"accountno":"87654321","departmentno":"1","salary":"120","pincode":"852256","userid":"y4EGNLRjrgtEjC6KVUVR","id":"j5jokQZKKmWApr9p0Jwo"},{"accountno":"20820806","departmentno":1,"salary":80007,"pincode":530044,"userid":"EkETnpudraNXM8GStxKE","id":"EhJCAFRngY6TcypXDBdm"},{"accountno":"20820808","departmentno":"208","salary":"80008","pincode":"530044","userid":"HuYhG15hCmuwXBhKEYKt","id":"hfVivPoCS9oJ5pAogAji"},{"accountno":"34344354","departmentno":"9","salary":"897667","pincode":"675764","userid":"qS0mZw0pk9dYD5A7F0MC","id":"VlTUyykrZeYgznWHekNb"},{"accountno":"19711972","departmentno":"1","salary":"10000","pincode":"110011","userid":"dh516zwKYjck3DNNx3wA","id":"SeZr211sQkkteaGNqoIr"},{"accountno":"19711972","departmentno":"1","salary":"10000","pincode":"110011","userid":"dh516zwKYjck3DNNx3wA","id":"AK07jWrbUIOHXZxyWslM"},{"accountno":"19711971","departmentno":"1","salary":"10000","pincode":"110011","userid":"dh516zwKYjck3DNNx3wA","id":"LS952LEPlJYkBEO4UU3T"},{"accountno":"19711971","departmentno":"1","salary":"10000","pincode":"110011","userid":"dh516zwKYjck3DNNx3wA","id":"E9GCO6HuZZrnHuZGTWfa"},{"accountno":"19811981","departmentno":"1","salary":"10000","pincode":"110011","userid":"dh516zwKYjck3DNNx3wA","id":"VL99QOEvvXN7IBHPY2ix"},{"accountno":"78127890","departmentno":"1","salary":"10000","pincode":"110011","userid":"dh516zwKYjck3DNNx3wA","id":"ZmteSXrrd1TFuzw6at3P"},{"accountno":"12356789","departmentno":"1","salary":"10000","pincode":"110011","userid":"dh516zwKYjck3DNNx3wA","id":"kHvCB8AFW5DG1xxNVVh7"},{"accountno":"12356789","departmentno":"1","salary":"10000","pincode":"110011","userid":"dh516zwKYjck3DNNx3wA","id":"igDv495QlNZgKZKcHVYu"},{"accountno":"12356789","departmentno":"1","salary":"10000","pincode":"110011","userid":"dh516zwKYjck3DNNx3wA","id":"Rof8st2pXZm6K71RN9ZZ"},{"accountno":"12356789","departmentno":"1","salary":"10000","pincode":"110011","userid":"dh516zwKYjck3DNNx3wA","id":"9KqFKc87cvqMvrQuMbO4"},{"accountno":"12356789","departmentno":"1","salary":"10000","pincode":"110011","userid":"dh516zwKYjck3DNNx3wA","id":"3sjncXyiKysq43piuSd5"},{"accountno":"87654321","departmentno":"8","salary":"1000023","pincode":"654321","userid":"qS0mZw0pk9dYD5A7F0MC","id":"DgHcy7ffUfT5W6UQqCOF"},{"accountno":"12356789","departmentno":"1","salary":"10000","pincode":"110011","userid":"dh516zwKYjck3DNNx3wA","id":"ka6FnYGxi3Okpbt5xq1R"},{"accountno":"12356789","departmentno":"1","salary":"10000","pincode":"110011","userid":"dh516zwKYjck3DNNx3wA","id":"RFDlCIvXp1pfvIep8OCR"},{"accountno":"12356789","departmentno":"1","salary":"10000","pincode":"110011","userid":"dh516zwKYjck3DNNx3wA","id":"o6CQFEmpP64KY5OVTYks"},{"accountno":"12356789","departmentno":"1","salary":"10000","pincode":"110011","userid":"dh516zwKYjck3DNNx3wA","id":"53iA42FYKGSyD4o8vlue"},{"accountno":"12356789","departmentno":"1","salary":"10000","pincode":"110011","userid":"dh516zwKYjck3DNNx3wA","id":"RXm9jKmYkGK8wGNKH9JH"},{"accountno":"87651111","departmentno":"8","salary":"1000035","pincode":"654321","userid":"qS0mZw0pk9dYD5A7F0MC","id":"Pjo3mXwMwni6szgB5ti7"},{"accountno":"88888888","departmentno":8,"salary":888,"pincode":585408,"userid":"y648pmQXfsSeKK79RXnD","id":"tPCZqqg2xowZ5Ma0MGQ8"},{"accountno":"35345346","departmentno":"4","salary":"43546546","pincode":"436455","userid":"qS0mZw0pk9dYD5A7F0MC","id":"ixF1ov1uxhvF8FNMmuFB"},{"accountno":"12340987","departmentno":"2","salary":"1290","pincode":"110011","userid":"dh516zwKYjck3DNNx3wA","id":"q63DVIZn6Moy7JIMnTg5"},{"accountno":"12340987","departmentno":"2","salary":"1290","pincode":"110011","userid":"dh516zwKYjck3DNNx3wA","id":"2ySVSsmJgwas9ptOw4bi"},{"accountno":"33339999","departmentno":"9","salary":"393939","pincode":"393939","userid":"dh516zwKYjck3DNNx3wA","id":"uch0WUHNLm74mR5ENUeV"},{"accountno":"12340987","departmentno":"2","salary":"1290","pincode":"110011","userid":"dh516zwKYjck3DNNx3wA","id":"yVx4jxURYL89uuynyCoq"},{"accountno":"12340987","departmentno":"2","salary":"1290","pincode":"110011","userid":"dh516zwKYjck3DNNx3wA","id":"VwGO7sTX04g5QonaONOv"},{"accountno":"33333311","departmentno":"31","salary":"414","pincode":"442244","userid":"o5z0wWQmLgIEd5ubM9Sd","id":"QaFUdOFZaBkWHI7VBsfA"},{"accountno":"25111984","departmentno":"1","salary":"200","pincode":"272991","userid":"3J5bkU2v3mKCf3KHcBVV","id":"gVq3KGiiE8zGlpiUCZaT"},{"accountno":"88888888","departmentno":"8","salary":"88888888","pincode":"888888","userid":"f3OzzF7FjoRC4V2o7e5x","id":"NFYtPMoos9dI2zOfPJy3"},{"accountno":"88888888","departmentno":"8","salary":"88888888","pincode":"888888","userid":"f3OzzF7FjoRC4V2o7e5x","id":"6f4OL1vULeNu7U8caK62"},{"accountno":"12312312","departmentno":"2","salary":"121312312","pincode":"342132","userid":"qS0mZw0pk9dYD5A7F0MC","id":"TgRTCuC3tgubiugIIUEn"},{"accountno":"12121212","departmentno":"1","salary":"112234","pincode":"111111","userid":"qS0mZw0pk9dYD5A7F0MC","id":"71A6XleCoZmpesGTruG3"},{"accountno":"12222221","departmentno":"1","salary":"111","pincode":"111111","userid":"o5z0wWQmLgIEd5ubM9Sd","id":"4ndcnnGq1IGULXtLswrO"},{"accountno":"00000025","departmentno":"1","salary":"600000","pincode":"950546","userid":"snEzeOA2EDEZEpkJrwh5","id":"1dSRQK5hIpvmXQapdLeR"},{"accountno":"12345678","departmentno":"6","salary":"3324234234","pincode":"344555","userid":"qS0mZw0pk9dYD5A7F0MC","id":"WeNtd6wNPnxSePZJyoSB"},{"accountno":"23232323","departmentno":"4","salary":"55666","pincode":"666777","userid":"slMmUbcVYDhaNDcAeSQv","id":"M2nGsGPbQP024aVn8dVh"},{"accountno":"11112222","departmentno":"3","salary":"44555","pincode":"666666","userid":"slMmUbcVYDhaNDcAeSQv","id":"6PK65oNZ0ia4iM8JwBy7"},{"accountno":"11111111","departmentno":"1","salary":"111","pincode":"111111","userid":"o5z0wWQmLgIEd5ubM9Sd","id":"h4KIVoUgK0Ny1Lg2AXEX"},{"accountno":"12312312","departmentno":"4","salary":"55","pincode":"222222","userid":"o5z0wWQmLgIEd5ubM9Sd","id":"olGaRyw7gn2hc0Eak9Td"},{"accountno":"83339977","departmentno":9,"salary":393939,"pincode":393939,"userid":"dh516zwKYjck3DNNx3wA","id":"fuGRnQPZeXgLRcJg1Bwh"},{"accountno":"33339999","departmentno":"9","salary":"393939","pincode":"393939","userid":"dh516zwKYjck3DNNx3wA","id":"6qPC7py0k44Vx9JhmgiC"},{"accountno":"33339999","departmentno":"9","salary":"393939","pincode":"393939","userid":"dh516zwKYjck3DNNx3wA","id":"wSC7CbZ3MAmcTLyap9tZ"},{"accountno":"00000023","departmentno":"1","salary":"600000","pincode":"950546","userid":"snEzeOA2EDEZEpkJrwh5","id":"0TpVVA5GNtlYXQXynB7m"},{"accountno":"99999999","departmentno":"9","salary":"9999","pincode":"989898","userid":"slMmUbcVYDhaNDcAeSQv","id":"4u7bHeOpdEqfpSG3fSdL"},{"accountno":"33339999","departmentno":"9","salary":"393939","pincode":"393939","userid":"dh516zwKYjck3DNNx3wA","id":"bex1MGICsPf3lviULaci"},{"accountno":"33339999","departmentno":"9","salary":"393939","pincode":"393939","userid":"dh516zwKYjck3DNNx3wA","id":"jlkMfMDCDJ8Juh7F8nhu"},{"accountno":"99992222","departmentno":"9","salary":"929292","pincode":"929292","userid":"dh516zwKYjck3DNNx3wA","id":"XDZn4gtob3Z5qcXulvNf"},{"accountno":"71717171","departmentno":"7","salary":"7171","pincode":"717171","userid":"slMmUbcVYDhaNDcAeSQv","id":"ARYIO8FBc4mXoqCnFCwf"},{"accountno":"10001000","departmentno":"1","salary":"1000","pincode":"100100","userid":"slMmUbcVYDhaNDcAeSQv","id":"YkyT8DEIR4VxLGKIR0ZD"},{"accountno":"99999111","departmentno":"9","salary":"99999","pincode":"999999","userid":"dh516zwKYjck3DNNx3wA","id":"yiGiUoPx0xWxtzUYsqDS"},{"accountno":"12341234","departmentno":1,"salary":1,"pincode":123456,"userid":"e6IYJVn0u9r3IjRsDg1u","id":"50rPY8ziCJUeF51aAkgT"},{"accountno":"11111111","departmentno":"0","salary":"0","pincode":"000000","userid":"1gCZogzCXtLtINAF5cZ5","id":"m5B6upqgU2nWFrcsGLA4"},{"accountno":"11111111","departmentno":"0","salary":"0","pincode":"000000","userid":"1gCZogzCXtLtINAF5cZ5","id":"Bp73FTg2mESoA04Akzfe"},{"accountno":"11111111","departmentno":"0","salary":"0","pincode":"000000","userid":"1gCZogzCXtLtINAF5cZ5","id":"Q0RmUmpTLERSSLpZ21rt"},{"accountno":"12121212","departmentno":"8","salary":"8","pincode":"000000","userid":"1gCZogzCXtLtINAF5cZ5","id":"ELV7dIrKCDufO3iRCb2w"},{"accountno":"12121212","departmentno":1,"salary":1,"pincode":123456,"userid":"1gCZogzCXtLtINAF5cZ5","id":"7jHGt2z97UqKlam0OPzN"},{"accountno":"25111983","departmentno":"2","salary":"100","pincode":"272990","userid":"3J5bkU2v3mKCf3KHcBVV","id":"T0JTRk4iimyrtEWZ42uQ"},{"accountno":"00000000","departmentno":"","salary":"","pincode":123456,"userid":"1gCZogzCXtLtINAF5cZ5","id":"kAziWMzv1EGAV4O2s4Zt"},{"accountno":"11111111","departmentno":"1","salary":"1111111111111111","pincode":"111111","userid":"f3OzzF7FjoRC4V2o7e5x","id":"aPetovIWjw3UzzimKg2b"},{"accountno":"12345677","departmentno":"1","salary":"1","pincode":"123456","userid":"EkETnpudraNXM8GStxKE","id":"GLLC11x7RflWTYXkZxxQ"},{"accountno":"20052010","departmentno":"5","salary":"930000","pincode":"654321","userid":"y4EGNLRjrgtEjC6KVUVR","id":"6MeRq4gf601N1zyO6oFk"},{"accountno":"19751975","departmentno":"3","salary":"24000","pincode":"123456","userid":"y4EGNLRjrgtEjC6KVUVR","id":"4TnNrVjmzmEBg2NeV5DY"},{"accountno":"00000022","departmentno":"1","salary":"23","pincode":"00000","userid":"OQfrGIvshFh885gKDL8M","id":"hh9llgv76el0HW0DPtzJ"},{"accountno":"00000022","departmentno":"1","salary":"23","pincode":"00000","userid":"OQfrGIvshFh885gKDL8M","id":"0E0mLT8XU9HWOSWyRiul"},{"accountno":"66666666","departmentno":"6","salary":"666","pincode":"585406","userid":"y648pmQXfsSeKK79RXnD","id":"oJOxU4qWD6zbAWsF0EKU"},{"accountno":"13131313","departmentno":"4","salary":"444","pincode":"666666","userid":"WhMNBbqcui6CH5f9u96a","id":"EUphRegyRpMtyeiRLnwC"},{"accountno":"90909090","departmentno":5,"salary":333444,"pincode":666000,"userid":"slMmUbcVYDhaNDcAeSQv","id":"pG2UJR0jBwoFvE7zOcRg"},{"accountno":"12344590","departmentno":"1","salary":"1234","pincode":"123456","userid":"e6IYJVn0u9r3IjRsDg1u","id":"ySNG3solAcG4RZug1lwE"},{"accountno":"34567890","departmentno":"4","salary":"567","pincode":"456789","userid":"e6IYJVn0u9r3IjRsDg1u","id":"DDmNP3D85XkU6LmvolF5"},{"accountno":"11111111","departmentno":"1","salary":"1111","pincode":"111111","userid":"ZetuQjrmE0VFKEdoEZgh","id":"Tl6u7wrkUB4UqJasZ5b4"},{"accountno":"12333321","departmentno":"9","salary":"1199","pincode":"380002","userid":"dh516zwKYjck3DNNx3wA","id":"Fogy3omyNHG5Q6aL1tft"},{"accountno":"12344321","departmentno":"9","salary":"1199","pincode":"380001","userid":"dh516zwKYjck3DNNx3wA","id":"O7PSXkhGK4HzQi0XdHdh"},{"accountno":"00000015","departmentno":"1","salary":"450000","pincode":"950546","userid":"snEzeOA2EDEZEpkJrwh5","id":"HRhCq1B8uSg7b0fALIt0"},{"accountno":"00000015","departmentno":"1","salary":"450000","pincode":"950546","userid":"snEzeOA2EDEZEpkJrwh5","id":"BwBry5Hh7cu1xA4mRc56"},{"accountno":"11111111","departmentno":"2","salary":"3","pincode":"111111","userid":"OQfrGIvshFh885gKDL8M","id":"shYBRB8Xk1HSM9Fl1yI3"},{"accountno":"99999999","departmentno":"9","salary":"999","pincode":"585409","userid":"y648pmQXfsSeKK79RXnD","id":"UlJXgBmQAUjApzWzhTCn"},{"accountno":"00000000","departmentno":"0","salary":"3","pincode":"0","userid":"OQfrGIvshFh885gKDL8M","id":"2PciQub9K2oqII3SuAu5"},{"accountno":"00000000","departmentno":"0","salary":"1","pincode":"000000","userid":"OQfrGIvshFh885gKDL8M","id":"a17igsNCwil52PeApd9e"},{"accountno":"00000013","departmentno":"1","salary":"45000","pincode":"950546","userid":"snEzeOA2EDEZEpkJrwh5","id":"E1iMX2PHwtJKFr9Fch0T"},{"accountno":"222222","departmentno":"2","salary":"222","pincode":"585422","userid":"y648pmQXfsSeKK79RXnD","id":"1pMq72reiGOF1BjYpKCM"},{"accountno":"00000011","departmentno":"1","salary":"47000","pincode":"950546","userid":"snEzeOA2EDEZEpkJrwh5","id":"Xt2q2fM06hFOO5EgACFv"},{"accountno":"222222","departmentno":"2","salary":"222","pincode":"585422","userid":"y648pmQXfsSeKK79RXnD","id":"SiC5sxFnxfhu61iHnPKn"},{"accountno":"13131313","departmentno":"3","salary":"131313","pincode":"131313","userid":"dh516zwKYjck3DNNx3wA","id":"ZVKqWyNrTANZeyzpXOxW"},{"accountno":"10101010","departmentno":"0","salary":"1000000","pincode":"101010","userid":"dh516zwKYjck3DNNx3wA","id":"kwhQOZmQjEsysulxpcMf"},{"accountno":"99999999","departmentno":"9","salary":"9000","pincode":"999999","userid":"f3OzzF7FjoRC4V2o7e5x","id":"YjlBvIdoPoAv0TjAnf21"},{"accountno":"12345678","departmentno":5,"salary":6000,"pincode":595013,"userid":"53oSudrTOulWDysvHxC8","id":"pGonNU9MNRWPqOgSEtx8"},{"accountno":"99999999","departmentno":"9","salary":"9999","pincode":"999999","userid":"f3OzzF7FjoRC4V2o7e5x","id":"Rx0B3lHKPsw3EgDi6DwF"},{"accountno":"11223344","departmentno":"5","salary":"700","pincode":"585405","userid":"y648pmQXfsSeKK79RXnD","id":"RiRmR9aCHuchY1dP2T9J"},{"accountno":"11111111","departmentno":"1","salary":"222","pincode":"222222","userid":"WhMNBbqcui6CH5f9u96a","id":"h8AasJx4hHiHmJAtSFv3"},{"accountno":"98765482","departmentno":1,"salary":200,"pincode":585408,"userid":"y648pmQXfsSeKK79RXnD","id":"R2dNU2Td9dNUGxMV2D68"},{"accountno":"90909090","departmentno":"3","salary":"9090","pincode":"555555","userid":"ZetuQjrmE0VFKEdoEZgh","id":"a5u4Av3mWAwBtuIy4A7a"},{"accountno":"11111111","departmentno":"0","salary":"0","pincode":"000000","userid":"1gCZogzCXtLtINAF5cZ5","id":"BT9kfvTnZ2KfO8anEOgy"},{"accountno":"11111112","departmentno":"0","salary":"0","pincode":"000000","userid":"1gCZogzCXtLtINAF5cZ5","id":"vmw521ewa86vtsHOBN0C"},{"accountno":"20202020","departmentno":6,"salary":300000,"pincode":591985,"userid":"UgUmtwqsLqATYR2aFE54","id":"LN5skeDonqCuaNldAFms"},{"accountno":"11111111","departmentno":"0","salary":"0","pincode":"000000","userid":"1gCZogzCXtLtINAF5cZ5","id":"3e8SxQICMTPKLi6bOJGR"},{"accountno":"00000000","departmentno":"0","salary":"0","pincode":"000000","userid":"1gCZogzCXtLtINAF5cZ5","id":"bMy64skE78V7qjZFkZcP"},{"accountno":"98765432","departmentno":"9","salary":"500","pincode":"585402","userid":"y648pmQXfsSeKK79RXnD","id":"AMmrE7SFO1EQ2RY1qz4P"},{"accountno":"12345678","departmentno":"1","salary":"100","pincode":"585401","userid":"y648pmQXfsSeKK79RXnD","id":"D6Jw6gFaM6AUOlBriXND"},{"accountno":"42341234","departmentno":"9","salary":"15000","pincode":"522101","userid":"fEEsAOqXbm8K2ZYUGoDC","id":"USx5EsGFaB4ar0sVGBEo"},{"accountno":"34561345","departmentno":"8","salary":"15000","pincode":"522890","userid":"fEEsAOqXbm8K2ZYUGoDC","id":"5M9hqljyM9ooKVxEDM3C"},{"accountno":"20202020","departmentno":"4","salary":"200000","pincode":"591985","userid":"y4EGNLRjrgtEjC6KVUVR","id":"BRG0ojr2HxiAYs2yLsAQ"},{"accountno":"02345671","departmentno":"1","salary":"67500","pincode":"973062","userid":"0XElQ05qhdituZANdzdv","id":"HjysCIGTqoqNmhCscpjv"},{"accountno":"01234567","departmentno":"4","salary":"57505","pincode":"973061","userid":"0XElQ05qhdituZANdzdv","id":"U1oBLpFZ7onU0jNbifcf"},{"accountno":"11111111","departmentno":"2","salary":"1234523224","pincode":"222222","userid":"qS0mZw0pk9dYD5A7F0MC","id":"fwpMSZIHjIdSSIGhbbp0"},{"accountno":"34343434","departmentno":"3","salary":"123456","pincode":"786787","userid":"3nkveukUnxkdEXr92jZ8","id":"Th1V4VGDJKveBf4sEyGD"},{"accountno":"11111112","departmentno":"1","salary":"1111","pincode":"111112","userid":"rCxlKQBYK3Bhlev5Cqgf","id":"g3EZcK5KNus5OvmFAOjt"},{"accountno":"56565656","departmentno":"5","salary":"5000000","pincode":"565656","userid":"dh516zwKYjck3DNNx3wA","id":"gER6iP9NacKcWTnJ81Xa"},{"accountno":"99515728","departmentno":"3","salary":"100999","pincode":"973061","userid":"0XElQ05qhdituZANdzdv","id":"X2UClbFjrwaCJ75EEl1n"},{"accountno":"91686907","departmentno":"2","salary":"97500","pincode":"973061","userid":"0XElQ05qhdituZANdzdv","id":"xVMHvTdZsymUY72FL4uw"},{"accountno":"23456750","departmentno":"5","salary":"30000","pincode":"456710","userid":"UgUmtwqsLqATYR2aFE54","id":"H6e3TwS0CE4MKbGIUyEC"},{"accountno":"45672345","departmentno":"2","salary":"40000","pincode":"566102","userid":"UgUmtwqsLqATYR2aFE54","id":"ujAzSfz9ebbUGoNAfCCE"},{"accountno":"43567890","departmentno":4,"salary":9000,"pincode":950146,"userid":"53oSudrTOulWDysvHxC8","id":"BM15J2DqRsWynmC4Vtbz"},{"accountno":"22222222","departmentno":"7","salary":"40000","pincode":"750108","userid":"UgUmtwqsLqATYR2aFE54","id":"eiSEnSVKbUsCHTa6AAfU"},{"accountno":"56675777","departmentno":4,"salary":45000,"pincode":950543,"userid":"UQQS41IH58ZdvPeVUAeB","id":"FssPPHKPhtVxgcBleh8i"},{"accountno":"42424242","departmentno":"4","salary":"666666","pincode":"888888","userid":"QxP6HkeDitsMvgX8wWK8","id":"lmmy0oe6JkXqhcOKKKDW"},{"accountno":"12345678","departmentno":"1","salary":"100","pincode":"585401","userid":"y648pmQXfsSeKK79RXnD","id":"1J4cbr3CrCaVvpQlKPiu"},{"accountno":"10101010","departmentno":"3","salary":"1010101","pincode":"101010","userid":"ZetuQjrmE0VFKEdoEZgh","id":"XNdGyvSG1LQy3EqURlIU"},{"accountno":"76767677","departmentno":7,"salary":23232323,"pincode":222333,"userid":"qS0mZw0pk9dYD5A7F0MC","id":"Z9tKckeUIZj4DB2GgPsb"},{"accountno":"10100102","departmentno":1,"salary":122211233,"pincode":121212,"userid":"cYQUm0RLwjF8cH82r0c9","id":"ZGd7vK8dghOqgGXZrjIn"},{"accountno":"01234567","departmentno":"8","salary":"67676767","pincode":"000111","userid":"1gCZogzCXtLtINAF5cZ5","id":"0vFN7b4oEFRlarH1rFY9"},{"accountno":"23456780","departmentno":4,"salary":9000,"pincode":950146,"userid":"53oSudrTOulWDysvHxC8","id":"hAag6d1fY5WlAa5CwgIl"},{"accountno":"12345678","departmentno":"9","salary":"123456","pincode":"654321","userid":"slMmUbcVYDhaNDcAeSQv","id":"XR0rPJkDo8IrRZuZUfXD"},{"accountno":"80000000","departmentno":8,"salary":800,"pincode":889900,"userid":"f3OzzF7FjoRC4V2o7e5x","id":"4Jbi7jCFgjT942cB6kMb"},{"accountno":"24242424","departmentno":"2","salary":"444444","pincode":"666666","userid":"QxP6HkeDitsMvgX8wWK8","id":"6cpO2pIgv9Yg7itNzn3N"},{"accountno":"88888888","departmentno":"0","salary":"222222","pincode":"654321","userid":"slMmUbcVYDhaNDcAeSQv","id":"iFCBcDo8dx6xAC6hPVMi"},{"accountno":"25976455","departmentno":"7","salary":"254545","pincode":"334345","userid":"VnpEQrOGJO6SMb8x3Trn","id":"arWFc789kVIPp5BHGEWW"},{"accountno":"66666666","departmentno":6,"salary":67676767,"pincode":777666,"userid":"VxjNcLqcBpWGvcTNBYDd","id":"jwe9fiqZ5zQDiqHL73Xj"},{"accountno":"00000000","departmentno":"0","salary":"0","pincode":"000000","userid":"1gCZogzCXtLtINAF5cZ5","id":"8CxqMN2JVuk5Xyls113e"},{"accountno":"12233344","departmentno":5,"salary":"666666","pincode":123456,"userid":"slMmUbcVYDhaNDcAeSQv","id":"1JMK4rUBJry88jgDRtgq"},{"accountno":"12349000","departmentno":3,"salary":46000,"pincode":950541,"userid":"snEzeOA2EDEZEpkJrwh5","id":"Glftgh6CJdZfpXYRJ7MW"},{"accountno":"67867867","departmentno":"1","salary":"50000","pincode":"123456","userid":"Dr4JbMG788CcDYvmEfmP","id":"R4u2qaHY1hcXRzO5kC9R"},{"accountno":"11882235","departmentno":"3","salary":"35000","pincode":"756062","userid":"r83KCRDfOEVTaGgWUaBl","id":"Pkj4tU9RYauD3G5mA7lX"},{"accountno":"36363636","departmentno":"5","salary":"88888888","pincode":"565656","userid":"77jmTzecBI7xFgTbxeSX","id":"azMSyIfgWx4NlyvvLMyv"},{"accountno":"12345678","departmentno":"1","salary":"9999999","pincode":"555555","userid":"XOcAFV09Yj02CuWR96A1","id":"B3P7fG0nFluWyAOMlxnC"},{"accountno":"12345678","departmentno":4,"salary":2224,"pincode":222222,"userid":"o5z0wWQmLgIEd5ubM9Sd","id":"rcw7vyKRRGPCJJfhlEZb"},{"accountno":"56675778","departmentno":"4","salary":"45000","pincode":"950543","userid":"snEzeOA2EDEZEpkJrwh5","id":"G0C7WS1Kmv9JP8auHyB9"},{"accountno":"12345678","departmentno":"2","salary":"4000","pincode":"987654","userid":"53oSudrTOulWDysvHxC8","id":"GQe24TsEm54lNKqWdx68"},{"accountno":"12344590","departmentno":"1","salary":"1234","pincode":"123456","userid":"e6IYJVn0u9r3IjRsDg1u","id":"cRixiYNQzKGq6R059b6p"},{"accountno":"23456789","departmentno":"2","salary":"100","pincode":"234567","userid":"3J5bkU2v3mKCf3KHcBVV","id":"aAdG7CIEurFqTMEJGVp4"},{"accountno":"12121212","departmentno":"1","salary":"111","pincode":"111111","userid":"WhMNBbqcui6CH5f9u96a","id":"psX4LHxoxy7TnjxiJUxr"},{"accountno":"44444444","departmentno":"4","salary":"4000","pincode":"444444","userid":"f3OzzF7FjoRC4V2o7e5x","id":"mmOqLRzcJyjhhQa4ejcZ"},{"accountno":"23454345","departmentno":9,"salary":60000,"pincode":954325,"userid":"UQQS41IH58ZdvPeVUAeB","id":"pQ87VE2i2ATd7ECbpEgw"},{"accountno":"23454343","departmentno":4,"salary":50000,"pincode":954325,"userid":"UQQS41IH58ZdvPeVUAeB","id":"AUdaSCfnjTHrx3LPOlSm"},{"accountno":"12121212","departmentno":"5","salary":"555","pincode":"555555","userid":"WhMNBbqcui6CH5f9u96a","id":"SFGdwd2Ofj8UGagDGSgg"},{"accountno":"12334455","departmentno":"2","salary":"12345","pincode":"123456","userid":"e6IYJVn0u9r3IjRsDg1u","id":"IQ5TL5KUEICR0YFVY8Pu"},{"accountno":"12345678","departmentno":"1","salary":"100000","pincode":"600087","userid":"8rPqqAFD0GxVxgZVUeh9","id":"l54SD2rcJpclPS09yAQk"},{"accountno":"11344321","departmentno":"2","salary":"2","pincode":"123456","userid":"EkETnpudraNXM8GStxKE","id":"A4lJ1RdAC2hgxo4GxxW3"},{"accountno":"12344321","departmentno":"2","salary":"2","pincode":"123456","userid":"EkETnpudraNXM8GStxKE","id":"h3jK2FB5qh6Gud93AJKe"},{"accountno":"22222223","departmentno":2,"salary":2222,"pincode":222222,"userid":"EkETnpudraNXM8GStxKE","id":"gDXPwh048llWJDx56a9p"},{"accountno":"11111111","departmentno":"1","salary":"100000","pincode":"111111","userid":"dh516zwKYjck3DNNx3wA","id":"3irGzp1mjSNpJJsn2dsC"},{"accountno":"22222222","departmentno":"2","salary":"2222","pincode":"222222","userid":"1gCZogzCXtLtINAF5cZ5","id":"jfzWjwpBKBkBJ8qe0BjR"},{"accountno":"11110000","departmentno":"1","salary":"123143","pincode":"123123","userid":"taGX4XQQfXD3Z76sI1Xn","id":"4DfJgpeM38tOaJWLqFaI"},{"accountno":"12312311","departmentno":"2","salary":"12234432","pincode":"222222","userid":"o5z0wWQmLgIEd5ubM9Sd","id":"4h2GL5Cyq8xWMu092p8g"},{"accountno":"12345678","departmentno":"1","salary":"1000000","pincode":"111111","userid":"f3OzzF7FjoRC4V2o7e5x","id":"1gks7Xme3OzXZuc4w1NB"},{"accountno":"12345683","departmentno":"1","salary":"1234","pincode":"950543","userid":"snEzeOA2EDEZEpkJrwh5","id":"tIg9WRjRM3ekPJa3rYMs"},{"accountno":"78945612","departmentno":"7","salary":"54526","pincode":"897542","userid":"1gCZogzCXtLtINAF5cZ5","id":"vAssJUi2T4FDJbwdnU0B"},{"accountno":"5555555","departmentno":"5","salary":"5","pincode":"55555555","userid":"ajXcTA5IE2uIheV6YVab","id":"gHyD3bpGQSZr18UwMB4Y"},{"accountno":"5555555","departmentno":"5","salary":"5","pincode":"55555555","userid":"ajXcTA5IE2uIheV6YVab","id":"FwvSLjYx45SenGp13otU"},{"accountno":"5555555","departmentno":"5","salary":"5","pincode":"55555555","userid":"ajXcTA5IE2uIheV6YVab","id":"gR5T7dt6JaeSIcZyWVDY"},{"accountno":"5555555","departmentno":"5","salary":"5","pincode":"55555555","userid":"ajXcTA5IE2uIheV6YVab","id":"fOonoSGQjcc1isJweq6B"},{"accountno":"5555555","departmentno":"5","salary":"5","pincode":"55555555","userid":"ajXcTA5IE2uIheV6YVab","id":"CNLirNQQZl7oo1BfLCLY"},{"accountno":"5555555","departmentno":"5","salary":"5","pincode":"55555555","userid":"ajXcTA5IE2uIheV6YVab","id":"t6YQTryjDVfVJWFjfpaZ"},{"accountno":"646464","departmentno":"6","salary":"64446","pincode":"644446","userid":"D2nTsRTUj40G3GdDZDs8","id":"zKF497nzWN2Stw7VN8wD"},{"accountno":"646464","departmentno":"6","salary":"64446","pincode":"644446","userid":"D2nTsRTUj40G3GdDZDs8","id":"9qXVLUwZ2BzYKciH9d9o"},{"accountno":"33007705","departmentno":"5","salary":"500000","pincode":"555555","userid":"hCROf023QNGzOYv1Twme","id":"pmZuLbIJkIBRVUvjt7EU"},{"accountno":"5555555","departmentno":"5","salary":"5","pincode":"55555555","userid":"ajXcTA5IE2uIheV6YVab","id":"wTHScCA23PJEjOhAnDgq"},{"accountno":"5555555","departmentno":"5","salary":"5","pincode":"55555555","userid":"ajXcTA5IE2uIheV6YVab","id":"QAgj8tqjrF8MWDL054fA"},{"accountno":"5555555","departmentno":"5","salary":"5","pincode":"55555555","userid":"ajXcTA5IE2uIheV6YVab","id":"Og8SJA4L3YN86Fazf8LG"},{"accountno":"5555555","departmentno":"5","salary":"5","pincode":"55555555","userid":"ajXcTA5IE2uIheV6YVab","id":"5PEC6aKETkuPHVIA6Sbj"},{"accountno":"5555555","departmentno":"5","salary":"5","pincode":"55555555","userid":"ajXcTA5IE2uIheV6YVab","id":"0hiTb8yKFMoMEaEquiHi"},{"accountno":"5555555","departmentno":"5","salary":"5","pincode":"55555555","userid":"ajXcTA5IE2uIheV6YVab","id":"m5azBVxo5J2hdaYOHHei"},{"accountno":"5555555","departmentno":"5","salary":"5","pincode":"55555555","userid":"ajXcTA5IE2uIheV6YVab","id":"1UCaMa77NyAR9WmPevVk"},{"accountno":"5555555","departmentno":"5","salary":"555","pincode":"55555555","userid":"ajXcTA5IE2uIheV6YVab","id":"YHxacXpWHaPrtKCHhb4H"},{"accountno":"646464","departmentno":"6","salary":"64446","pincode":"644446","userid":"D2nTsRTUj40G3GdDZDs8","id":"U6osLpFq1tEMEvKWWn47"},{"accountno":"88888888","departmentno":"888","salary":"88888","pincode":"888888","userid":"iP7IM5QwF4WnnG4wV645","id":"jMlh9jnb2nP8JpJSnGge"},{"accountno":"785936","departmentno":"7","salary":"45635","pincode":"23534","userid":"Zkr5GwJhXN3dOEP2fImf","id":"pOVF6ysgVmvUbSJszckd"},{"accountno":"838392","departmentno":"45","salary":"5555","pincode":"565656","userid":"BIDNMczcV6BPtYdHfM89","id":"rezc0fXP69TuNmMa39Jz"},{"accountno":"345439","departmentno":"5","salary":"5000","pincode":"543212","userid":"Tq0x3VBTGmejU4cjTUV1","id":"IUlPi3paOLrQfup7eGeu"},{"accountno":"11111511","departmentno":"1","salary":"50000","pincode":"750680","userid":"Tq0x3VBTGmejU4cjTUV1","id":"T9pRLQ0ekNSdDbgyFxwY"},{"accountno":"43543543","departmentno":"109","salary":"90009","pincode":"909090","userid":"9AKrNDiLofCFvnOn7dMM","id":"Tro96SI8wTX8ugj1tRFq"},{"accountno":"77770003","departmentno":"7","salary":"140000","pincode":"700044","userid":"xlqBI2bMTgs2WYDkMnQo","id":"SpJcvoAhbUE8b9RiA5rL"},{"accountno":"77770003","departmentno":"7","salary":"140000","pincode":"700044","userid":"xlqBI2bMTgs2WYDkMnQo","id":"BrrYk8LYh9nbtp0hQOr0"},{"accountno":"77770003","departmentno":"7","salary":"140000","pincode":"700044","userid":"xlqBI2bMTgs2WYDkMnQo","id":"pEfb4q2uhWNnuWLzAZY6"},{"accountno":"77770003","departmentno":"7","salary":"140000","pincode":"700044","userid":"xlqBI2bMTgs2WYDkMnQo","id":"usGYZsYLCpE5UDYl6Acu"},{"accountno":"77770003","departmentno":"7","salary":"140000","pincode":"700044","userid":"xlqBI2bMTgs2WYDkMnQo","id":"CkCRuBtUhC4qy8Mq9int"},{"accountno":"77770003","departmentno":"7","salary":"140000","pincode":"700044","userid":"xlqBI2bMTgs2WYDkMnQo","id":"rKc5Bwy2ADm6prAuEmes"},{"accountno":"77575551","departmentno":"9","salary":"150000","pincode":"700033","userid":"jNuJRaZD68Qzh2SYg7d8","id":"mvrgOr2TbWmSj3Q4Pp93"},{"accountno":"10203040B","departmentno":"1","salary":"102,030","pincode":"95136","userid":"xlqBI2bMTgs2WYDkMnQo","id":"bjBuHddwm829XW0Dn04a"},{"accountno":"233322","departmentno":"123","salary":"56787","pincode":"234322","userid":"qGf6TRUSKD1a0w6JqySl","id":"qml5gLyJcQHPi39aohn4"},{"accountno":"233322","departmentno":"123","salary":"56787","pincode":"234322","userid":"qGf6TRUSKD1a0w6JqySl","id":"JHsVDW9Mjf4D7FlCXrSR"},{"accountno":"233322","departmentno":"123","salary":"56787","pincode":"234322","userid":"qGf6TRUSKD1a0w6JqySl","id":"N6vlaJeXkmLw907XvSIO"},{"accountno":"22222222","departmentno":"2","salary":"200000","pincode":"222222","userid":"q6WoqGKoPu5IJLmfeVk7","id":"0wraWNLSh03zqXjSlPNy"},{"accountno":"22222224","departmentno":"224","salary":"224","pincode":"222224","userid":"eUElBTpUvjJXLAlXqboz","id":"kXXlFZ9Rj7PEWc5Ua7tC"},{"accountno":"12312323","departmentno":"123","salary":"30000","pincode":"600034","userid":"1Ym9ZlG2O3D0yGacYTrG","id":"P1NQsifsSryHlI9xNy5Z"},{"accountno":"838392","departmentno":"45","salary":"5555","pincode":"565656","userid":"BIDNMczcV6BPtYdHfM89","id":"pUS6iqF1o3hdMeVTEJKz"},{"accountno":"838392","departmentno":"45","salary":"5555","pincode":"565656","userid":"BIDNMczcV6BPtYdHfM89","id":"t12FW42J0xLrLx5GLMJr"},{"accountno":"838392","departmentno":"45","salary":"5555","pincode":"565656","userid":"BIDNMczcV6BPtYdHfM89","id":"1dT2M8nOXIOi9ogPWx1V"},{"accountno":"838392","departmentno":"45","salary":"5555","pincode":"565656","userid":"BIDNMczcV6BPtYdHfM89","id":"TPHMMHvM8jnH7rp0Oguq"},{"accountno":"838392","departmentno":"45","salary":"5555","pincode":"565656","userid":"BIDNMczcV6BPtYdHfM89","id":"btYpGBAEfmlvoPy729QU"},{"accountno":"12121212","departmentno":"121","salary":"109","pincode":"909090","userid":"DXTNZRBikzuf3HinG3nv","id":"Pm6O7irwLUJmwkFNbGEf"},{"accountno":"12121212","departmentno":"121","salary":"109","pincode":"909090","userid":"DXTNZRBikzuf3HinG3nv","id":"t5o2d1ysZigZbVqf0a2m"},{"accountno":"12121212","departmentno":"121","salary":"109","pincode":"909090","userid":"DXTNZRBikzuf3HinG3nv","id":"2OxO1fVivBf8RGx96jSp"},{"accountno":"15161516","departmentno":"1","salary":"50000","pincode":"750680","userid":"r68yO5XQSyobaI5VQ6Fo","id":"7ZZBlZeer3A1XocQ9i8t"},{"accountno":"9999999","departmentno":9,"salary":99999,"pincode":99999,"userid":"BZdHLbA1022kPvlfnnBn","id":"nCnt2c4Ka1vooMMICmRA"},{"accountno":"11111511","departmentno":"1","salary":"50000","pincode":"750680","userid":"Tq0x3VBTGmejU4cjTUV1","id":"hQ1xTQMhRqF28BGvxSU7"},{"accountno":"11111511","departmentno":"1","salary":"50000","pincode":"750680","userid":"Tq0x3VBTGmejU4cjTUV1","id":"Xa7OwUMVcyamb5Juw2gI"},{"accountno":"838392","departmentno":"45","salary":"5555","pincode":"565656","userid":"BIDNMczcV6BPtYdHfM89","id":"FQd6HoBWfMyetbHtEjg4"},{"accountno":"10203040B","departmentno":"1","salary":"102,030","pincode":"95136","userid":"xlqBI2bMTgs2WYDkMnQo","id":"8oxzO8TqmkqX7kUH9TBM"},{"accountno":"10203040B","departmentno":"1","salary":"102,030","pincode":"95136","userid":"xlqBI2bMTgs2WYDkMnQo","id":"rzJIsz3x72DL9TnUe3fW"},{"accountno":"10203040B","departmentno":"1","salary":"102,030","pincode":"95136","userid":"xlqBI2bMTgs2WYDkMnQo","id":"mT740iQgM0jHO9grwndw"},{"accountno":"10203040B","departmentno":"1","salary":"102,030","pincode":"95136","userid":"xlqBI2bMTgs2WYDkMnQo","id":"53EyUqIVHTLlHN0nKTjV"},{"accountno":"10203040B","departmentno":"1","salary":"102,030","pincode":"95136","userid":"xlqBI2bMTgs2WYDkMnQo","id":"87S8GZtAuWXRRRPYDnY4"},{"accountno":"10203040B","departmentno":"1","salary":"102,030","pincode":"95136","userid":"xlqBI2bMTgs2WYDkMnQo","id":"bp2CPcSpP90cTyb0smK2"},{"accountno":"10203040B","departmentno":"1","salary":"102,030","pincode":"95136","userid":"xlqBI2bMTgs2WYDkMnQo","id":"k0fTaA2KpksSge4OzCc4"},{"accountno":"10203040B","departmentno":"1","salary":"102,030","pincode":"95136","userid":"xlqBI2bMTgs2WYDkMnQo","id":"N8zsEvvDmAgqkABut2uP"},{"accountno":"3333333","departmentno":"110","salary":"903345","pincode":"11223344","userid":"w7SYSrTpYgGYNxdgROxd","id":"jaCnGs936coWWxpMz8gj"},{"accountno":"222111","departmentno":"109","salary":"903345","pincode":"11223344","userid":"w7SYSrTpYgGYNxdgROxd","id":"3klXwvUbNLcv4AnwP7iP"},{"accountno":"3333333","departmentno":"110","salary":"903345","pincode":"11223344","userid":"w7SYSrTpYgGYNxdgROxd","id":"5rp1XmuPtyBHT1sDcTkJ"},{"accountno":"222111","departmentno":"109","salary":"903345","pincode":"11223344","userid":"w7SYSrTpYgGYNxdgROxd","id":"R9qRZUG8y9So5yHGnbly"},{"accountno":"3333333","departmentno":"110","salary":"903345","pincode":"11223344","userid":"w7SYSrTpYgGYNxdgROxd","id":"cQskU9LCl6dQLw1rloB5"},{"accountno":"222111","departmentno":"109","salary":"903345","pincode":"11223344","userid":"w7SYSrTpYgGYNxdgROxd","id":"tQEoyhXnJ77kvD4wMVO6"},{"accountno":"222111","departmentno":"109","salary":"903345","pincode":"11223344","userid":"w7SYSrTpYgGYNxdgROxd","id":"DKWWgy8DQ5o6Dh4fXsOH"},{"accountno":"12121212","departmentno":"155","salary":"16600","pincode":"530044","userid":"qZQHtKMExTaFVplLmeyk","id":"bbVV3wDxGx6XUxNUgJPL"},{"accountno":"15551555","departmentno":"155","salary":"15500","pincode":"530044","userid":"HuYhG15hCmuwXBhKEYKt","id":"C7RspwF6szUWvlXFNe8Z"},{"accountno":"838392","departmentno":"45","salary":"5555","pincode":"565656","userid":"BIDNMczcV6BPtYdHfM89","id":"Spaz39zsvaRcuxNmOWHD"},{"accountno":"838392","departmentno":"45","salary":"5555","pincode":"565656","userid":"BIDNMczcV6BPtYdHfM89","id":"oJ4wnMUyxFGxeQ9j55aN"},{"accountno":"838392","departmentno":"45","salary":"5555","pincode":"565656","userid":"BIDNMczcV6BPtYdHfM89","id":"7LQtAeeDLlAZvo2aw0PV"},{"accountno":"838392","departmentno":"45","salary":"5555","pincode":"565656","userid":"BIDNMczcV6BPtYdHfM89","id":"acCTUkuNccU8O02ThusI"},{"accountno":"838392","departmentno":"45","salary":"5555","pincode":"565656","userid":"BIDNMczcV6BPtYdHfM89","id":"wYDz0nC4WN0d0tiUU3lM"},{"accountno":"10203040B","departmentno":"1","salary":"102,030","pincode":"95136","userid":"xlqBI2bMTgs2WYDkMnQo","id":"ebpVaJjwA93rJTrekTpT"},{"accountno":"10203040B","departmentno":"1","salary":"102,030","pincode":"95136","userid":"xlqBI2bMTgs2WYDkMnQo","id":"8r0xMDPqmatHvhl8jfmO"},{"accountno":"10203040B","departmentno":"1","salary":"102,030","pincode":"95136","userid":"xlqBI2bMTgs2WYDkMnQo","id":"R44iaNMKGPGfK4unoKqc"},{"accountno":"11111511","departmentno":"1","salary":"50000","pincode":"750680","userid":"6eSDfJWGYLX40hP5amCv","id":"Ep55TMdzamBtOYN4fY88"},{"accountno":"10203040B","departmentno":"1","salary":"102,030","pincode":"95136","userid":"xlqBI2bMTgs2WYDkMnQo","id":"L0oBwbqcRmkinIcOJBxx"},{"accountno":"10203040B","departmentno":"1","salary":"102,030","pincode":"95136","userid":"xlqBI2bMTgs2WYDkMnQo","id":"k2rfCu1cAaXPog0v5akd"},{"accountno":"10203040B","departmentno":"1","salary":"102,030","pincode":"95136","userid":"xlqBI2bMTgs2WYDkMnQo","id":"ADltZ3NQtbRzd4XNn1Ug"},{"accountno":"10203040B","departmentno":"1","salary":"102,030","pincode":"95136","userid":"xlqBI2bMTgs2WYDkMnQo","id":"g5PMLAz13WzqSXlQvZdE"},{"accountno":"10203040B","departmentno":"1","salary":"102,030","pincode":"95136","userid":"xlqBI2bMTgs2WYDkMnQo","id":"mVP1PGSsB0W6rpgUinou"},{"accountno":"10203040B","departmentno":"1","salary":"102,030","pincode":"95136","userid":"xlqBI2bMTgs2WYDkMnQo","id":"CIuSCKsnq0gBxkf0rD0R"},{"accountno":"10203040B","departmentno":"1","salary":"102,030","pincode":"95136","userid":"xlqBI2bMTgs2WYDkMnQo","id":"RGAk1JE8ohKOTj1bJnrx"},{"accountno":"10203040B","departmentno":"1","salary":"102,030","pincode":"95136","userid":"xlqBI2bMTgs2WYDkMnQo","id":"G413LodXOxZoRxBF8VBh"},{"accountno":"10203040B","departmentno":"1","salary":"102,030","pincode":"95136","userid":"xlqBI2bMTgs2WYDkMnQo","id":"jqjkpVRE3g58slJ7aGUx"},{"accountno":"10203040B","departmentno":"1","salary":"102,030","pincode":"95136","userid":"xlqBI2bMTgs2WYDkMnQo","id":"mMxbRogr3HH1qvhQ8T47"},{"accountno":"10203040B","departmentno":"1","salary":"102,030","pincode":"95136","userid":"xlqBI2bMTgs2WYDkMnQo","id":"huV8MvW7fdsTKoUCMK8h"},{"accountno":"10203040B","departmentno":"1","salary":"102,030","pincode":"95136","userid":"xlqBI2bMTgs2WYDkMnQo","id":"4WnlhicyqyFsIvj8OrrX"},{"accountno":"10203040B","departmentno":"1","salary":"102,030","pincode":"95136","userid":"xlqBI2bMTgs2WYDkMnQo","id":"qJXGWFmEeu8XoE1hNubL"},{"accountno":"10203040B","departmentno":"1","salary":"102,030","pincode":"95136","userid":"xlqBI2bMTgs2WYDkMnQo","id":"saGXi4HM681oL1i67mPH"},{"accountno":"10203040B","departmentno":"1","salary":"102,030","pincode":"95136","userid":"xlqBI2bMTgs2WYDkMnQo","id":"IFyznpH3xhQpbj4i3B1N"},{"accountno":"10203040B","departmentno":"1","salary":"102,030","pincode":"95136","userid":"xlqBI2bMTgs2WYDkMnQo","id":"H2GLvE6Ls3KuZK2X5bTi"},{"accountno":"10203040B","departmentno":"1","salary":"102,030","pincode":"95136","userid":"xlqBI2bMTgs2WYDkMnQo","id":"fX2uTjXU3GEUy1heHix4"},{"accountno":"10203040B","departmentno":"1","salary":"102,030","pincode":"95136","userid":"xlqBI2bMTgs2WYDkMnQo","id":"S9GxHrF9ByxKazMI7Pl6"},{"accountno":"10203040B","departmentno":"1","salary":"102,030","pincode":"95136","userid":"xlqBI2bMTgs2WYDkMnQo","id":"IvwmO2dVWLidArELGmGy"},{"accountno":"10203040B","departmentno":"1","salary":"102,030","pincode":"95136","userid":"xlqBI2bMTgs2WYDkMnQo","id":"h2fShPo2YXNXc7gyJZs3"},{"accountno":"10203040B","departmentno":"1","salary":"102,030","pincode":"95136","userid":"xlqBI2bMTgs2WYDkMnQo","id":"PcyOk366JKwrF6NFqRJB"},{"accountno":"10203040B","departmentno":"1","salary":"102,030","pincode":"95136","userid":"xlqBI2bMTgs2WYDkMnQo","id":"4KYIHlYWqbq5XU9sWl1o"},{"accountno":"10203040B","departmentno":"1","salary":"102,030","pincode":"95136","userid":"xlqBI2bMTgs2WYDkMnQo","id":"0gKe4ymOFpUepx3wABkh"},{"accountno":"10203040B","departmentno":"1","salary":"102,030","pincode":"95136","userid":"xlqBI2bMTgs2WYDkMnQo","id":"HI6E1MUErblLiMsOhTVI"},{"accountno":"10203040B","departmentno":"1","salary":"102,030","pincode":"95136","userid":"xlqBI2bMTgs2WYDkMnQo","id":"vgALRp7gfdcBf649NnuM"},{"accountno":"10203040B","departmentno":"1","salary":"102,030","pincode":"95136","userid":"xlqBI2bMTgs2WYDkMnQo","id":"d307SzvKrBFHE4hwH837"},{"accountno":"10203040B","departmentno":"1","salary":"102,030","pincode":"95136","userid":"xlqBI2bMTgs2WYDkMnQo","id":"k3IvWgvM1vMMYBSEuC33"},{"accountno":"10203040B","departmentno":"1","salary":"102,030","pincode":"95136","userid":"xlqBI2bMTgs2WYDkMnQo","id":"Deg8FxvEVd5OTTOTtBvJ"},{"accountno":"10203040B","departmentno":"1","salary":"102,030","pincode":"95136","userid":"xlqBI2bMTgs2WYDkMnQo","id":"VLeB1amNK4bVQaE7weRY"},{"accountno":"10203040B","departmentno":"1","salary":"102,030","pincode":"95136","userid":"xlqBI2bMTgs2WYDkMnQo","id":"aFYjfOdeuPgF9ckaDQV0"},{"accountno":"556393549A","departmentno":"2","salary":"951,309","pincode":"95053","userid":"6eSDfJWGYLX40hP5amCv","id":"ndPTrbEWE1rLd4WrZwTB"},{"accountno":"10203040B","departmentno":"1","salary":"102,030","pincode":"95136","userid":"xlqBI2bMTgs2WYDkMnQo","id":"pe6bZb2JLLSg34z2hAMV"},{"accountno":"10203040B","departmentno":"1","salary":"102,030","pincode":"95136","userid":"xlqBI2bMTgs2WYDkMnQo","id":"ADfx2aCqnSLcpExmMEeX"},{"accountno":"10203040B","departmentno":"1","salary":"102,030","pincode":"95136","userid":"xlqBI2bMTgs2WYDkMnQo","id":"lT3pKE0Ro06aLwfiI4sG"},{"accountno":"10203040B","departmentno":"1","salary":"102,030","pincode":"95136","userid":"xlqBI2bMTgs2WYDkMnQo","id":"eT1vPuigT0W5hgDCrXhe"},{"accountno":"10203040B","departmentno":"1","salary":"102,030","pincode":"95136","userid":"xlqBI2bMTgs2WYDkMnQo","id":"f062X4Xf8rEl0vWjQwvA"},{"accountno":"10203040B","departmentno":"1","salary":"102,030","pincode":"95136","userid":"xlqBI2bMTgs2WYDkMnQo","id":"DueMtF2lbGgyEbO7bPdR"},{"accountno":"10203040B","departmentno":"1","salary":"102,030","pincode":"95136","userid":"xlqBI2bMTgs2WYDkMnQo","id":"X0dcQul2yxXCO76LakYx"},{"accountno":"10203040B","departmentno":"1","salary":"102,030","pincode":"95136","userid":"xlqBI2bMTgs2WYDkMnQo","id":"SApvgorAaX02hFBHqo35"},{"accountno":"10203040B","departmentno":"1","salary":"102,030","pincode":"95136","userid":"xlqBI2bMTgs2WYDkMnQo","id":"FQfqzwbc8Aej4m9amCX4"},{"accountno":"10203040B","departmentno":"1","salary":"102,030","pincode":"95136","userid":"xlqBI2bMTgs2WYDkMnQo","id":"ZO5VJF12XexlsKr2dWF2"},{"accountno":"838392","departmentno":"45","salary":"5555","pincode":"565656","userid":"BIDNMczcV6BPtYdHfM89","id":"w5bz7qDcrcWqRCmJZIfu"},{"accountno":"838392","departmentno":"45","salary":"5555","pincode":"565656","userid":"BIDNMczcV6BPtYdHfM89","id":"DSlfERyCg8UBmlY1l82D"},{"accountno":"838392","departmentno":"45","salary":"5555","pincode":"565656","userid":"BIDNMczcV6BPtYdHfM89","id":"U5tfwDZ7DQfwkUCxRrDB"},{"accountno":"838392","departmentno":"45","salary":"5555","pincode":"565656","userid":"BIDNMczcV6BPtYdHfM89","id":"YObuwwvLYEAjUDog9yV8"},{"accountno":"838392","departmentno":"45","salary":"5555","pincode":"565656","userid":"BIDNMczcV6BPtYdHfM89","id":"79996bpKPrpLd0UcIFEu"},{"accountno":"838392","departmentno":"45","salary":"5555","pincode":"565656","userid":"BIDNMczcV6BPtYdHfM89","id":"LnRyAXwxcRl8gSLWkMUM"},{"accountno":"838392","departmentno":"45","salary":"5555","pincode":"565656","userid":"BIDNMczcV6BPtYdHfM89","id":"OvSVLjM6smJaeSkq0jqP"},{"accountno":"838392","departmentno":"45","salary":"5555","pincode":"565656","userid":"BIDNMczcV6BPtYdHfM89","id":"jHSFZExlaCGpPoFRFSKa"},{"accountno":"838392","departmentno":"45","salary":"5555","pincode":"565656","userid":"BIDNMczcV6BPtYdHfM89","id":"NEwhC0YUj73fa9mKJLRm"},{"accountno":"556393549A","departmentno":"2","salary":"951,309","pincode":"95053","userid":"6eSDfJWGYLX40hP5amCv","id":"1q1xFqiguGGCalYcYocO"},{"accountno":"22222222","departmentno":"2","salary":"200000","pincode":"222222","userid":"q6WoqGKoPu5IJLmfeVk7","id":"zw57TQc5HLhtuVwSrmBl"},{"accountno":"22222222","departmentno":"2","salary":"200000","pincode":"222222","userid":"q6WoqGKoPu5IJLmfeVk7","id":"PnFzELO1OcYjkH8gCNtI"},{"accountno":"22222222","departmentno":"2","salary":"200000","pincode":"222222","userid":"q6WoqGKoPu5IJLmfeVk7","id":"7TQCsrDI5kKdVT90R8Y4"},{"accountno":"22222222","departmentno":"2","salary":"200000","pincode":"222222","userid":"q6WoqGKoPu5IJLmfeVk7","id":"a5wZr1zBxwbnko84iNN1"},{"accountno":"22222222","departmentno":"2","salary":"200000","pincode":"222222","userid":"q6WoqGKoPu5IJLmfeVk7","id":"peIQ4KskwAMUduAXMDIL"},{"accountno":"22222222","departmentno":"2","salary":"200000","pincode":"222222","userid":"q6WoqGKoPu5IJLmfeVk7","id":"hyjECtz55PeUveh9M37e"},{"accountno":"22222225","departmentno":"225","salary":"225","pincode":"222225","userid":"eUElBTpUvjJXLAlXqboz","id":"UfUA1EA7A02p3wKukPoS"},{"accountno":"22222225","departmentno":"225","salary":"225","pincode":"222225","userid":"eUElBTpUvjJXLAlXqboz","id":"0JaWGzPa7x7OwH9ISJ41"},{"accountno":"22222224","departmentno":"224","salary":"224","pincode":"222224","userid":"eUElBTpUvjJXLAlXqboz","id":"gFY1YZ9VpinxxdNajMfS"},{"accountno":"22222224","departmentno":"224","salary":"224","pincode":"222224","userid":"eUElBTpUvjJXLAlXqboz","id":"gtodZAYQ5hOvjAgzRstU"},{"accountno":"22222224","departmentno":"224","salary":"224","pincode":"222224","userid":"eUElBTpUvjJXLAlXqboz","id":"uvKMZOwd9FjtBfVI4drP"},{"accountno":"22222225","departmentno":"225","salary":"225","pincode":"222225","userid":"eUElBTpUvjJXLAlXqboz","id":"yt8izsZ3lK8QleG5Coun"},{"accountno":"22222225","departmentno":"225","salary":"225","pincode":"222225","userid":"eUElBTpUvjJXLAlXqboz","id":"wLH7S2I5d7boMASFdOMD"},{"accountno":"12121212","departmentno":"9","salary":"99999 ","pincode":"999999 ","userid":"xlqBI2bMTgs2WYDkMnQo","id":"8DHW7yoOcswwFrWW0AkG"},{"accountno":"12312323","departmentno":"123","salary":"30000","pincode":"600034","userid":"1Ym9ZlG2O3D0yGacYTrG","id":"jkA2GIRR7XP30Wxy4E2G"},{"accountno":"222111","departmentno":"109","salary":"903345","pincode":"11223344","userid":"w7SYSrTpYgGYNxdgROxd","id":"7Jrv8ZZcEZQpNBbaVyR4"},{"accountno":"12312323","departmentno":"123","salary":"30000","pincode":"600034","userid":"1Ym9ZlG2O3D0yGacYTrG","id":"yg4h2tbZzJshr0d4qzHx"},{"accountno":"222111","departmentno":"109","salary":"903345","pincode":"11223344","userid":"w7SYSrTpYgGYNxdgROxd","id":"Tj6KlSWghcagedpjJwcU"},{"accountno":"222111","departmentno":"109","salary":"903345","pincode":"11223344","userid":"w7SYSrTpYgGYNxdgROxd","id":"6jStm0fPLduL9JOvIkmh"},{"accountno":"222111","departmentno":"109","salary":"903345","pincode":"11223344","userid":"w7SYSrTpYgGYNxdgROxd","id":"ysml7V8wymE5NOLUOxQu"},{"accountno":"12312323","departmentno":"123","salary":"30000","pincode":"600034","userid":"1Ym9ZlG2O3D0yGacYTrG","id":"ZgK8SAX5pgTjSQVwGLPy"},{"accountno":"12121212","departmentno":"9","salary":"99999 ","pincode":"999999 ","userid":"xlqBI2bMTgs2WYDkMnQo","id":"hfhDczTENg6hfdB2hV8w"},{"accountno":"12312323","departmentno":"123","salary":"30000","pincode":"600034","userid":"1Ym9ZlG2O3D0yGacYTrG","id":"7LVFhQLKHMInjHMcNG1B"},{"accountno":"12121212","departmentno":"9","salary":"99999 ","pincode":"999999 ","userid":"xlqBI2bMTgs2WYDkMnQo","id":"W6URWHGPU7LRJZNGR4pm"},{"accountno":"12121212","departmentno":"9","salary":"99999 ","pincode":"999999 ","userid":"xlqBI2bMTgs2WYDkMnQo","id":"im2a6S8lBoUh80pXD01T"},{"accountno":"12121212","departmentno":"9","salary":"99999 ","pincode":"999999 ","userid":"xlqBI2bMTgs2WYDkMnQo","id":"ppxhEQbNMNQMgFJTNlsR"},{"accountno":"12312323","departmentno":"123","salary":"30000","pincode":"600034","userid":"1Ym9ZlG2O3D0yGacYTrG","id":"kcCeJ6OJDoi7DWIIkJgf"},{"accountno":"12121212","departmentno":"9","salary":"99999 ","pincode":"999999 ","userid":"xlqBI2bMTgs2WYDkMnQo","id":"5SfiHJ58t7WXUWXmpy65"},{"accountno":"22222225","departmentno":"225","salary":"225","pincode":"222225","userid":"eUElBTpUvjJXLAlXqboz","id":"rnmlAXsyK8JcM0nhKuUJ"},{"accountno":"12121212","departmentno":"9","salary":"99999 ","pincode":"999999 ","userid":"xlqBI2bMTgs2WYDkMnQo","id":"LeQREil8tp0pCnDUpGWd"},{"accountno":"12121212","departmentno":"9","salary":"99999 ","pincode":"999999 ","userid":"xlqBI2bMTgs2WYDkMnQo","id":"uvZ1lIJrG8UQK6r4MPmd"},{"accountno":"12121212","departmentno":"9","salary":"99999 ","pincode":"999999 ","userid":"xlqBI2bMTgs2WYDkMnQo","id":"h3hExA1yJjgrb7V4VAwC"},{"accountno":"222111","departmentno":"109","salary":"903345","pincode":"11223344","userid":"w7SYSrTpYgGYNxdgROxd","id":"RHY5h20tyesTnH6Mi6rN"},{"accountno":"12121212","departmentno":"9","salary":"99999 ","pincode":"999999 ","userid":"xlqBI2bMTgs2WYDkMnQo","id":"A6CF6TAIYUOqVIqkal9r"},{"accountno":"12121212","departmentno":"9","salary":"99999 ","pincode":"999999 ","userid":"xlqBI2bMTgs2WYDkMnQo","id":"4pNZyg4B0UREpG3KsHrF"},{"accountno":"222111","departmentno":"109","salary":"903345","pincode":"11223344","userid":"w7SYSrTpYgGYNxdgROxd","id":"B8wmsVHtZxTY08Eogdo6"},{"accountno":"11111511","departmentno":"1","salary":"50000","pincode":"750680","userid":"Tq0x3VBTGmejU4cjTUV1","id":"YfFIgx5iAai8IGipzDfL"},{"accountno":"12121212","departmentno":"9","salary":"99999 ","pincode":"999999 ","userid":"xlqBI2bMTgs2WYDkMnQo","id":"mF5b8QN0ceDEh94qrFK7"},{"accountno":"12121212","departmentno":"9","salary":"99999 ","pincode":"999999 ","userid":"xlqBI2bMTgs2WYDkMnQo","id":"GvWZY07QjRzRDTaEzhJY"},{"accountno":"22365","departmentno":"2","salary":"6000","pincode":"526312","userid":"xlqBI2bMTgs2WYDkMnQo","id":"R9bsSyZHiuCx8VWwd2Rz"},{"accountno":"22222224","departmentno":"224","salary":"224","pincode":"222224","userid":"eUElBTpUvjJXLAlXqboz","id":"lyeTIWuxMw7ZwtYn6CpH"},{"accountno":"222111","departmentno":"109","salary":"903345","pincode":"11223344","userid":"w7SYSrTpYgGYNxdgROxd","id":"WyosBCQRagvhpQBbBalu"},{"accountno":"12121212","departmentno":"9","salary":"99999 ","pincode":"999999 ","userid":"xlqBI2bMTgs2WYDkMnQo","id":"x9wKzwfaGTDo6kK5TO6k"},{"accountno":"222111","departmentno":"109","salary":"903345","pincode":"11223344","userid":"w7SYSrTpYgGYNxdgROxd","id":"Itvip5kiE1TYU4TX65vd"},{"accountno":"12121212","departmentno":"121","salary":"109","pincode":"909090","userid":"DXTNZRBikzuf3HinG3nv","id":"ABUX1H3Ff8MAGLiEENdf"},{"accountno":"12121212","departmentno":"121","salary":"109","pincode":"909090","userid":"DXTNZRBikzuf3HinG3nv","id":"VFWitTPOyILsIOGtzbm6"},{"accountno":"12121212","departmentno":"121","salary":"109","pincode":"909090","userid":"DXTNZRBikzuf3HinG3nv","id":"5DycJVJvyXMQwBi9GcBD"},{"accountno":"33746611","departmentno":"2","salary":"15008","pincode":"687688","userid":"Dike7NPhrAlQBXVvwCWX","id":"DvJ83iwdNR2ysMSrZ78F"},{"accountno":"11221133","departmentno":"109","salary":"90009","pincode":"909090","userid":"DXTNZRBikzuf3HinG3nv","id":"ZRAvGwU8BreeYkQsAKoX"},{"accountno":"15161516","departmentno":"1","salary":"50000","pincode":"750680","userid":"r68yO5XQSyobaI5VQ6Fo","id":"TG8gROM7999fu6OuG7Q6"},{"accountno":"22222225","departmentno":"225","salary":"225","pincode":"222225","userid":"eUElBTpUvjJXLAlXqboz","id":"gqHEiLcGB7sXQfJzzNL9"},{"accountno":"11111511","departmentno":"1","salary":"50000","pincode":"750680","userid":"Tq0x3VBTGmejU4cjTUV1","id":"5VLI3dpNq6OgVLFN41Rl"},{"accountno":"11111516","departmentno":"1","salary":"50000","pincode":"750680","userid":"Tq0x3VBTGmejU4cjTUV1","id":"hh0jXZFjB95X1VbVNkCJ"},{"accountno":"11111516","departmentno":"1","salary":"50000","pincode":"750680","userid":"Tq0x3VBTGmejU4cjTUV1","id":"0GLz82lS2zGGIzNI8yCc"},{"accountno":"12121212","departmentno":"121","salary":"109","pincode":"909090","userid":"DXTNZRBikzuf3HinG3nv","id":"TsA8zOezjrMKMCgjyGiE"},{"accountno":"12121212","departmentno":"121","salary":"109","pincode":"909090","userid":"DXTNZRBikzuf3HinG3nv","id":"5GVLraZTFTOCo6Ly9hds"},{"accountno":"12121212","departmentno":"9","salary":"99999 ","pincode":"999999 ","userid":"xlqBI2bMTgs2WYDkMnQo","id":"Y8ww9eSL9oduFTcLo8EX"},{"accountno":"12121212","departmentno":"9","salary":"99999 ","pincode":"999999 ","userid":"xlqBI2bMTgs2WYDkMnQo","id":"t2b08Xz0UfOztRDyKNoL"},{"accountno":"12121212","departmentno":"9","salary":"99999 ","pincode":"999999 ","userid":"xlqBI2bMTgs2WYDkMnQo","id":"R5Gv8ZL4m1zhu2g73SaP"},{"accountno":"11111516","departmentno":"1","salary":"50000","pincode":"750680","userid":"Tq0x3VBTGmejU4cjTUV1","id":"NDumhTp5tH3NgyjvvHDo"},{"accountno":"345432","departmentno":"5","salary":"5000","pincode":"543212","userid":"Tq0x3VBTGmejU4cjTUV1","id":"e2AkmtgCp50CVbCh541Q"},{"accountno":"88888888","departmentno":"888","salary":"88888","pincode":"888888","userid":"iP7IM5QwF4WnnG4wV645","id":"zkfDqHotKdcGlzh8zTwz"},{"accountno":"09090909","departmentno":"09","salary":"90909","pincode":"909090","userid":"iP7IM5QwF4WnnG4wV645","id":"mQWLhpg8KeeUrnSr01Rh"},{"accountno":"15161516","departmentno":"1","salary":"50000","pincode":"750680","userid":"Tq0x3VBTGmejU4cjTUV1","id":"4QrMGugK05LTC0w6EMGH"},{"accountno":"15161516","departmentno":"1","salary":"50000","pincode":"750680","userid":"Tq0x3VBTGmejU4cjTUV1","id":"9wbgQPvhzQZItdrzkOvY"},{"accountno":"15161516","departmentno":"1","salary":"50000","pincode":"750680","userid":"Tq0x3VBTGmejU4cjTUV1","id":"wetnwlSz0hoVSrQyLmVL"},{"accountno":"88888888","departmentno":"888","salary":"88888","pincode":"888888","userid":"iP7IM5QwF4WnnG4wV645","id":"m3LaB2h3Ih4hcarcd5fC"},{"accountno":"10203040B","departmentno":"1","salary":"102,030","pincode":"95136","userid":"xlqBI2bMTgs2WYDkMnQo","id":"1ziqa9KuDwIvc67InPtG"},{"accountno":"88888888","departmentno":"888","salary":"88888","pincode":"888888","userid":"iP7IM5QwF4WnnG4wV645","id":"TfRn5g3AaeOXgu6GQR8F"},{"accountno":"88888888","departmentno":"888","salary":"88888","pincode":"888888","userid":"iP7IM5QwF4WnnG4wV645","id":"4tFu7rUQGovYP5FgUDsP"},{"accountno":"88888888","departmentno":"888","salary":"88888","pincode":"888888","userid":"iP7IM5QwF4WnnG4wV645","id":"D87In3bL6q7wsbBPIBVw"},{"accountno":"88888888","departmentno":"888","salary":"88888","pincode":"888888","userid":"iP7IM5QwF4WnnG4wV645","id":"HGVWDlJSIZJhhCPAGGPX"},{"accountno":"88888888","departmentno":"888","salary":"88888","pincode":"888888","userid":"iP7IM5QwF4WnnG4wV645","id":"BaKT4mSFltAmzcwY3lyd"},{"accountno":"15161516","departmentno":"1","salary":"50000","pincode":"750680","userid":"Tq0x3VBTGmejU4cjTUV1","id":"Yj6OUylqMYpgFVm4djdH"},{"accountno":"345436","departmentno":"5","salary":"5000","pincode":"543212","userid":"Tq0x3VBTGmejU4cjTUV1","id":"1RnUh15cdhfgxz6Mr2cS"},{"accountno":"88888888","departmentno":"888","salary":"88888","pincode":"888888","userid":"iP7IM5QwF4WnnG4wV645","id":"iohdk338tucG0QvkJTR5"},{"accountno":"15161516","departmentno":"1","salary":"50000","pincode":"750680","userid":"Tq0x3VBTGmejU4cjTUV1","id":"J8yt7jx6LXAUuWnqnMk2"},{"accountno":"88888888","departmentno":"888","salary":"88888","pincode":"888888","userid":"iP7IM5QwF4WnnG4wV645","id":"JEzbqHIDdR4v2KjpnYft"},{"accountno":"15161516","departmentno":"1","salary":"50000","pincode":"750680","userid":"Tq0x3VBTGmejU4cjTUV1","id":"EFWN4hrHAwJuYJkkU9Av"},{"accountno":"88888888","departmentno":"888","salary":"88888","pincode":"888888","userid":"iP7IM5QwF4WnnG4wV645","id":"HZp9U9GiqXFpFNBLG3hg"},{"accountno":"88888888","departmentno":"888","salary":"88888","pincode":"888888","userid":"iP7IM5QwF4WnnG4wV645","id":"gcmDVAdDxpHQt6y8f4iz"},{"accountno":"22222222","departmentno":"2","salary":"200000","pincode":"222222","userid":"q6WoqGKoPu5IJLmfeVk7","id":"Y00SvkEgafUjwjyWPcUd"},{"accountno":"22222222","departmentno":"2","salary":"200000","pincode":"222222","userid":"q6WoqGKoPu5IJLmfeVk7","id":"IX6kKFHq1P4Q96utvlGU"},{"accountno":"22222222","departmentno":"2","salary":"200000","pincode":"222222","userid":"q6WoqGKoPu5IJLmfeVk7","id":"B0aV9ouDSHCsiCf2IhH0"},{"accountno":"22222222","departmentno":"2","salary":"200000","pincode":"222222","userid":"q6WoqGKoPu5IJLmfeVk7","id":"RhGkck7OlQVJWOQEa0L1"},{"accountno":"22222222","departmentno":"2","salary":"200000","pincode":"222222","userid":"q6WoqGKoPu5IJLmfeVk7","id":"7cEygykfDfT6ppHWTh91"},{"accountno":"22222222","departmentno":"2","salary":"200000","pincode":"222222","userid":"q6WoqGKoPu5IJLmfeVk7","id":"prFcCjDIzpnMw769zeGo"},{"accountno":"22222222","departmentno":"2","salary":"200000","pincode":"222222","userid":"q6WoqGKoPu5IJLmfeVk7","id":"LAg0vY2TuYUNQhgivzny"},{"accountno":"22222222","departmentno":"2","salary":"200000","pincode":"222222","userid":"q6WoqGKoPu5IJLmfeVk7","id":"gc1fhY93gaqv0Xs2e9pN"},{"accountno":"34343333","departmentno":"3","salary":"125000","pincode":"85226","userid":"Tq0x3VBTGmejU4cjTUV1","id":"JQz2GQA5nnmaiSpcuIBf"},{"accountno":"22222222","departmentno":"2","salary":"200000","pincode":"222222","userid":"q6WoqGKoPu5IJLmfeVk7","id":"S0l6sPcdMie4tsapZS38"},{"accountno":"22222222","departmentno":"2","salary":"200000","pincode":"222222","userid":"q6WoqGKoPu5IJLmfeVk7","id":"bddOuNbgz6nMolTraJF1"},{"accountno":"22222222","departmentno":"2","salary":"200000","pincode":"222222","userid":"q6WoqGKoPu5IJLmfeVk7","id":"ImNAL2IcZYNJeuXVH0i4"},{"accountno":"22222222","departmentno":"2","salary":"200000","pincode":"222222","userid":"q6WoqGKoPu5IJLmfeVk7","id":"k76SKNUzB96yfxx1M7o5"},{"accountno":"22222222","departmentno":"2","salary":"200000","pincode":"222222","userid":"q6WoqGKoPu5IJLmfeVk7","id":"OIvQqYG4eSgT30bjnnwD"},{"accountno":"22222222","departmentno":"2","salary":"200000","pincode":"222222","userid":"q6WoqGKoPu5IJLmfeVk7","id":"hy2n7d5yw4BdZOhN1o1j"},{"accountno":"22222222","departmentno":"2","salary":"200000","pincode":"222222","userid":"q6WoqGKoPu5IJLmfeVk7","id":"AdBNpVKIQpY8B7DDoaJk"},{"accountno":"10014404","departmentno":"144","salary":"14400","pincode":"530044","userid":"HuYhG15hCmuwXBhKEYKt","id":"JZRYXUtMzI06qB10jrBO"},{"accountno":"10014404","departmentno":"144","salary":"14400","pincode":"530044","userid":"HuYhG15hCmuwXBhKEYKt","id":"avmfXu9tiVnGYUel33Zh"},{"accountno":"10014404","departmentno":"144","salary":"14400","pincode":"530044","userid":"HuYhG15hCmuwXBhKEYKt","id":"oNSZK8qa9vXgZenxniBo"},{"accountno":"10014404","departmentno":"144","salary":"14400","pincode":"530044","userid":"HuYhG15hCmuwXBhKEYKt","id":"HaUhHcd5XlNTlwCsXOWu"},{"accountno":"5678901","departmentno":"109","salary":"903345","pincode":"11223344","userid":"nUx8xWLNhC8Mw8dM70Oe","id":"1SgMB7YOrqG7R8MS19aD"},{"accountno":"5678901","departmentno":"109","salary":"903345","pincode":"11223344","userid":"nUx8xWLNhC8Mw8dM70Oe","id":"wnj1QVvoFtDUHIZcErdm"},{"accountno":"556393549A","departmentno":"2","salary":"951,309","pincode":"95053","userid":"6eSDfJWGYLX40hP5amCv","id":"ZdDsT60YliZMKgjEtD6t"},{"accountno":"556393549A","departmentno":"2","salary":"951,309","pincode":"95050","userid":"6eSDfJWGYLX40hP5amCv","id":"V88PQDxbIuLhRhUvoCrl"},{"accountno":"556393549A","departmentno":"2","salary":"951,309","pincode":"95050","userid":"xlqBI2bMTgs2WYDkMnQo","id":"VZSQBB8Kq3SRQ5dsFWFm"},{"accountno":"556393549A","departmentno":"2","salary":"951,309","pincode":"95050","userid":"6eSDfJWGYLX40hP5amCv","id":"okymrkKGWAGCGVHqMhxF"},{"accountno":"53393549A","departmentno":"2","salary":"951,309","pincode":"95051","userid":"6eSDfJWGYLX40hP5amCv","id":"GfAAzNxjW68vV6SLCDnl"},{"accountno":"53393549A","departmentno":"2","salary":"951,309","pincode":"95051","userid":"6eSDfJWGYLX40hP5amCv","id":"UCuG91vxirOnatXwsai1"},{"accountno":"53393549A","departmentno":"2","salary":"951,309","pincode":"95051","userid":"6eSDfJWGYLX40hP5amCv","id":"BTuOr3ZOf7nj1qtvzT2V"},{"accountno":"22222222","departmentno":"2","salary":"200000","pincode":"222222","userid":"q6WoqGKoPu5IJLmfeVk7","id":"65P0wsX4UlafXGiBkjPM"},{"accountno":"53393549A","departmentno":"2","salary":"951,309","pincode":"95051","userid":"xlqBI2bMTgs2WYDkMnQo","id":"sQgE8HnfhyBTAgX4Lsgq"},{"accountno":"53393549A","departmentno":"2","salary":"951,309","pincode":"95051","userid":"xlqBI2bMTgs2WYDkMnQo","id":"h6kgshiafudhY5VIGxOG"},{"accountno":"22222222","departmentno":"2","salary":"200000","pincode":"222222","userid":"q6WoqGKoPu5IJLmfeVk7","id":"Wb0w6AudJVdmB20DrGD5"},{"accountno":"22222222","departmentno":"2","salary":"200000","pincode":"222222","userid":"q6WoqGKoPu5IJLmfeVk7","id":"hYcfVe4XU4QtlFrwdbH0"},{"accountno":"12312323","departmentno":"123","salary":"30000","pincode":"600034","userid":"1Ym9ZlG2O3D0yGacYTrG","id":"U8jrnyCnT9K2792R6mZl"},{"accountno":"12312323","departmentno":"123","salary":"30000","pincode":"600034","userid":"1Ym9ZlG2O3D0yGacYTrG","id":"QBEsNXSVY0gJfDTmXcnx"},{"accountno":"12312323","departmentno":"123","salary":"30000","pincode":"600034","userid":"1Ym9ZlG2O3D0yGacYTrG","id":"x6ZoJoSSRBEJ8BZUdqlW"},{"accountno":"12312323","departmentno":"123","salary":"30000","pincode":"600034","userid":"1Ym9ZlG2O3D0yGacYTrG","id":"xDgHFE2QqkFXcf8HWDtd"},{"accountno":"77775551","departmentno":"9","salary":"150000","pincode":"700033","userid":"jNuJRaZD68Qzh2SYg7d8","id":"LihnNmssBpLFsQUINk2d"},{"accountno":"12312323","departmentno":"123","salary":"30000","pincode":"600034","userid":"1Ym9ZlG2O3D0yGacYTrG","id":"AgDq27AOO101iuW8atN8"},{"accountno":"53393549A","departmentno":"2","salary":"951,309","pincode":"95051","userid":"6eSDfJWGYLX40hP5amCv","id":"PyyxWLqdpqf9Bj6B9P9J"},{"accountno":"12312323","departmentno":"123","salary":"30000","pincode":"600034","userid":"1Ym9ZlG2O3D0yGacYTrG","id":"fwtUahdHVekhRp0oO4PH"},{"accountno":"77775551","departmentno":"9","salary":"150000","pincode":"700033","userid":"jNuJRaZD68Qzh2SYg7d8","id":"A3jg2jEiRssAs1P9z05s"},{"accountno":"77775551","departmentno":"9","salary":"150000","pincode":"700033","userid":"jNuJRaZD68Qzh2SYg7d8","id":"Cf1xOD6146mf43eQvLQV"},{"accountno":"12121212","departmentno":"9","salary":"99999 ","pincode":"999999 ","userid":"xlqBI2bMTgs2WYDkMnQo","id":"8l4Dx74v1g7fMdWtw0bu"},{"accountno":"12121212","departmentno":"9","salary":"99999 ","pincode":"999999 ","userid":"xlqBI2bMTgs2WYDkMnQo","id":"nGcBAkzv7UkBdMdeQLMk"},{"accountno":"12121212","departmentno":"9","salary":"99999 ","pincode":"999999 ","userid":"xlqBI2bMTgs2WYDkMnQo","id":"FSodvztyuOkUO56ukEPT"},{"accountno":"12121212","departmentno":"9","salary":"99999 ","pincode":"999999 ","userid":"xlqBI2bMTgs2WYDkMnQo","id":"tlOlnPqQt9pz8lzVJEQk"},{"accountno":"12121212","departmentno":"9","salary":"99999 ","pincode":"999999 ","userid":"xlqBI2bMTgs2WYDkMnQo","id":"d0jlynwwwUAONA6AaxwH"},{"accountno":"12121212","departmentno":"9","salary":"99999 ","pincode":"999999 ","userid":"xlqBI2bMTgs2WYDkMnQo","id":"Fme7lrKIwosQaSXUIBq5"},{"accountno":"5678926","departmentno":"109","salary":"903345","pincode":"11223344","userid":"nUx8xWLNhC8Mw8dM70Oe","id":"txEkNbIE5xzcXpour5af"},{"accountno":"12121212","departmentno":"9","salary":"99999 ","pincode":"999999 ","userid":"xlqBI2bMTgs2WYDkMnQo","id":"gCvneyULohv4acqpUy8i"},{"accountno":"12121212","departmentno":"9","salary":"99999 ","pincode":"999999 ","userid":"xlqBI2bMTgs2WYDkMnQo","id":"bWv7hllpSLNxvvlg1LYz"},{"accountno":"12121212","departmentno":"9","salary":"99999 ","pincode":"999999 ","userid":"xlqBI2bMTgs2WYDkMnQo","id":"16H4kxMfiBFkGhoD3mU4"},{"accountno":"12121212","departmentno":"9","salary":"99999 ","pincode":"999999 ","userid":"xlqBI2bMTgs2WYDkMnQo","id":"QQn9ODAm7C3qpNFO4qIB"},{"accountno":"12121212","departmentno":"9","salary":"99999 ","pincode":"999999 ","userid":"xlqBI2bMTgs2WYDkMnQo","id":"Gn9kvj4adK9qxtNp3ZmO"},{"accountno":"12121212","departmentno":"9","salary":"99999 ","pincode":"999999 ","userid":"xlqBI2bMTgs2WYDkMnQo","id":"5hpHY1SbfuzZqN30qFB7"},{"accountno":"12121212","departmentno":"9","salary":"99999 ","pincode":"999999 ","userid":"xlqBI2bMTgs2WYDkMnQo","id":"KsZZInEBtCNA1bgyQ3FO"},{"accountno":"9999999","departmentno":"9","salary":"99999 ","pincode":"999999 ","userid":"xlqBI2bMTgs2WYDkMnQo","id":"RRh69GJGP5c60SDbJxT2"},{"accountno":"9999999","departmentno":"9","salary":"99999 ","pincode":"999999 ","userid":"xlqBI2bMTgs2WYDkMnQo","id":"UjApOxgF8OrapZ3E07lB"},{"accountno":"9999999","departmentno":"9","salary":"99999 ","pincode":"999999 ","userid":"xlqBI2bMTgs2WYDkMnQo","id":"njZ7D4kKuzKbmOHRcA1l"},{"accountno":"22222222","departmentno":"2","salary":"200000","pincode":"222222","userid":"q6WoqGKoPu5IJLmfeVk7","id":"tfedKnbRji3FqV9VIKZr"},{"accountno":"9999999","departmentno":"9","salary":"99999 ","pincode":"999999 ","userid":"xlqBI2bMTgs2WYDkMnQo","id":"RxYKhWgZcF8jJQVvuywH"},{"accountno":"9999999","departmentno":9,"salary":99999,"pincode":99999,"userid":"BZdHLbA1022kPvlfnnBn","id":"uv0sjHF3xInnJkXip79b"},{"accountno":"11111113","departmentno":"13","salary":"1300000","pincode":"333333","userid":"q6WoqGKoPu5IJLmfeVk7","id":"lzVO63rdwuqQjXtc4XUn"},{"accountno":"9999999","departmentno":"9","salary":"99999 ","pincode":"999999 ","userid":"xlqBI2bMTgs2WYDkMnQo","id":"IHcEunmnerpAHymjBDOY"},{"accountno":"77775551","departmentno":"9","salary":"150000","pincode":"733344","userid":"jNuJRaZD68Qzh2SYg7d8","id":"4YTrCME5lxjf3SHkHFKA"},{"accountno":"55555555","departmentno":"109","salary":"903345","pincode":"11223344","userid":"w7SYSrTpYgGYNxdgROxd","id":"QctaRCIngAtvNG3aRrht"},{"accountno":"55555555","departmentno":"109","salary":"903345","pincode":"11223344","userid":"w7SYSrTpYgGYNxdgROxd","id":"aNUvujJhDA6wXBStyyMf"},{"accountno":"55555555","departmentno":"109","salary":"903345","pincode":"11223344","userid":"w7SYSrTpYgGYNxdgROxd","id":"70iHtccXPyQzjWTwkOpg"},{"accountno":"55555555","departmentno":"109","salary":"903345","pincode":"11223344","userid":"w7SYSrTpYgGYNxdgROxd","id":"F72n27zg1lOoe1Wb8KF6"},{"accountno":"55555555","departmentno":"109","salary":"903345","pincode":"11223344","userid":"w7SYSrTpYgGYNxdgROxd","id":"9IwwliKvJcSAybgNiQIX"},{"accountno":"55555555","departmentno":"109","salary":"903345","pincode":"11223344","userid":"w7SYSrTpYgGYNxdgROxd","id":"EZraJxSfhs01xHqVTkcl"},{"accountno":"55555555","departmentno":"109","salary":"903345","pincode":"11223344","userid":"w7SYSrTpYgGYNxdgROxd","id":"fUsybTqilcMDB0RW9vWp"},{"accountno":"44444444","departmentno":"4","salary":"444","pincode":"444444","userid":"eUElBTpUvjJXLAlXqboz","id":"LxJ5KbOvpX3MnTA4w664"},{"accountno":"10014404","departmentno":"144","salary":"14400","pincode":"530044","userid":"HuYhG15hCmuwXBhKEYKt","id":"hieBtoEsHwh2IBVf7VZQ"},{"accountno":"10014404","departmentno":"144","salary":"14400","pincode":"530044","userid":"HuYhG15hCmuwXBhKEYKt","id":"MKCV7ZUAD83NAFymKYvX"},{"accountno":"77775551","departmentno":"9","salary":"150000","pincode":"733344","userid":"jNuJRaZD68Qzh2SYg7d8","id":"OGHYZs6QFwEtGVfMTVEE"},{"accountno":"10014404","departmentno":"144","salary":"14400","pincode":"530044","userid":"HuYhG15hCmuwXBhKEYKt","id":"BFyOQohJm43wCkMbBYE3"},{"accountno":"55555555","departmentno":"109","salary":"903345","pincode":"11223344","userid":"w7SYSrTpYgGYNxdgROxd","id":"Ag6C89GhPuTeDPdJdrkV"},{"accountno":"55555555","departmentno":"109","salary":"903345","pincode":"11223344","userid":"w7SYSrTpYgGYNxdgROxd","id":"J6YJoYKxLjd48a1lvjmf"},{"accountno":"10014404","departmentno":"144","salary":"14400","pincode":"530044","userid":"HuYhG15hCmuwXBhKEYKt","id":"2v4jOnbHwewvnk83NtWF"},{"accountno":"123456789","departmentno":"109","salary":"903345","pincode":"11223344","userid":"w7SYSrTpYgGYNxdgROxd","id":"fyqA6Dd6Q5mGdate1SCc"},{"accountno":"14414414","departmentno":"144","salary":"14440","pincode":"530044","userid":"HuYhG15hCmuwXBhKEYKt","id":"Y33YoWz0R0udim7glWxl"},{"accountno":"77770002","departmentno":"7","salary":"140000","pincode":"700044","userid":"lzQHg4ywe0MI87vM7fpF","id":"sZo9DIeowhov16XdJ1k8"},{"accountno":"12345","departmentno":"109","salary":"903345","pincode":"11223344","userid":"w7SYSrTpYgGYNxdgROxd","id":"qGr0aOLBTQ5kWuzM2NtJ"},{"accountno":"77770001","departmentno":"7","salary":"140000","pincode":"700044","userid":"jNuJRaZD68Qzh2SYg7d8","id":"Cb4W2ckNrYuY5CBtNKRl"},{"accountno":"77770001","departmentno":"7","salary":"140000","pincode":"700044","userid":"lzQHg4ywe0MI87vM7fpF","id":"xcUd3LpoVlEqhYsJ4Iea"},{"accountno":"12345","departmentno":"109","salary":"903345","pincode":"11223344","userid":"w7SYSrTpYgGYNxdgROxd","id":"PVtGjvEHv5JZkhp4qtoU"},{"accountno":"10203040B","departmentno":"1","salary":"102,030","pincode":"95136","userid":"xlqBI2bMTgs2WYDkMnQo","id":"HEvoGIyUS4eA49vaDyoH"},{"accountno":"10203040B","departmentno":"1","salary":"102,030","pincode":"95136","userid":"xlqBI2bMTgs2WYDkMnQo","id":"KTZzd4vhQ3W7YzH5R2I3"},{"accountno":"13313313","departmentno":"133","salary":"13330","pincode":"530044","userid":"HuYhG15hCmuwXBhKEYKt","id":"GIr9gXXaW6m4VTwyUhIZ"},{"accountno":"13313313","departmentno":"133","salary":"13330","pincode":"530044","userid":"HuYhG15hCmuwXBhKEYKt","id":"pqXk1TMIbzDUy0YFNt4Z"},{"accountno":"9999999","departmentno":"9","salary":"99999 ","pincode":"999999 ","userid":"BZdHLbA1022kPvlfnnBn","id":"GmIvmK4oW9Ph6dkKnV2X"},{"accountno":"88888888","departmentno":"888","salary":"88888","pincode":"888888","userid":"iP7IM5QwF4WnnG4wV645","id":"P9cwH2A3zGSAVoK9AlY4"},{"accountno":"12345","departmentno":"109","salary":"903345","pincode":"11223344","userid":"w7SYSrTpYgGYNxdgROxd","id":"axrqgG88W2QpHGO0SBBb"},{"accountno":"12345","departmentno":"109","salary":"903345","pincode":"11223344","userid":"w7SYSrTpYgGYNxdgROxd","id":"NOFec9hDavERyCtNbPK4"},{"accountno":"22222225","departmentno":"225","salary":"225","pincode":"222225","userid":"eUElBTpUvjJXLAlXqboz","id":"reRULcMm4bvTlizmsM89"},{"accountno":"22222225","departmentno":"225","salary":"225","pincode":"222225","userid":"eUElBTpUvjJXLAlXqboz","id":"bVxQflUX2GqXWsqJaOvX"},{"accountno":"22222224","departmentno":"224","salary":"224","pincode":"222224","userid":"eUElBTpUvjJXLAlXqboz","id":"eNKeZFbnjxRqSA6qU51O"},{"accountno":"22222224","departmentno":"224","salary":"224","pincode":"222224","userid":"eUElBTpUvjJXLAlXqboz","id":"9vFVY9gxSZmrUAmvZ3ti"},{"accountno":"22222224","departmentno":"224","salary":"224","pincode":"222224","userid":"eUElBTpUvjJXLAlXqboz","id":"kqd2W3l08BWQHSbzDl9R"},{"accountno":"22222224","departmentno":"224","salary":"224","pincode":"222224","userid":"eUElBTpUvjJXLAlXqboz","id":"3QWxQq0Jct7BzQsye2cs"},{"accountno":"22222224","departmentno":"224","salary":"224","pincode":"222224","userid":"eUElBTpUvjJXLAlXqboz","id":"Q7jfllJ6ck2JIf4BuMr4"},{"accountno":"10203040B","departmentno":"1","salary":"102,030","pincode":"95136","userid":"xlqBI2bMTgs2WYDkMnQo","id":"FNMv3qGiILalpidyiYQr"},{"accountno":"22222222","departmentno":"222","salary":"222","pincode":"222222","userid":"eUElBTpUvjJXLAlXqboz","id":"LBNdXQkb3xZsnSyoyh1P"},{"accountno":"22222222","departmentno":"222","salary":"222","pincode":"222222","userid":"eUElBTpUvjJXLAlXqboz","id":"omgb6QfdtexGAr32REGc"},{"accountno":"22222222","departmentno":"222","salary":"222","pincode":"222222","userid":"xlqBI2bMTgs2WYDkMnQo","id":"OxxLYtrex1Wxwk1AC09I"},{"accountno":"22222222","departmentno":"222","salary":"222","pincode":"222222","userid":"eUElBTpUvjJXLAlXqboz","id":"h9qGLt4LZGc20f1YezTh"},{"accountno":"22222223","departmentno":"223","salary":"223","pincode":"222223","userid":"eUElBTpUvjJXLAlXqboz","id":"ZdEzA1smQ42bjQDzlBK8"},{"accountno":"12121212","departmentno":"121","salary":"109","pincode":"909090","userid":"DXTNZRBikzuf3HinG3nv","id":"4R2fiDzUtrgbrYVYfBtk"},{"accountno":"12121212","departmentno":"121","salary":"109","pincode":"909090","userid":"DXTNZRBikzuf3HinG3nv","id":"U24Z0d5biEigelj69q8h"},{"accountno":"12121212","departmentno":"121","salary":"109","pincode":"909090","userid":"DXTNZRBikzuf3HinG3nv","id":"tXpqNYjaAmcQBQ5QY5Gy"},{"accountno":"12121212","departmentno":"121","salary":"109","pincode":"909090","userid":"DXTNZRBikzuf3HinG3nv","id":"RRFtrY3DMULpT3Qi6iS4"},{"accountno":"12121212","departmentno":"121","salary":"109","pincode":"909090","userid":"DXTNZRBikzuf3HinG3nv","id":"CiTS4P670Rd8EIbcWB4L"},{"accountno":"12121212","departmentno":"121","salary":"109","pincode":"909090","userid":"DXTNZRBikzuf3HinG3nv","id":"IJWlFEuLJLfYstv0x2nb"},{"accountno":"22365","departmentno":"2","salary":"6000","pincode":"526312","userid":"UNWkCUhbbHMbb1AIjjEZ","id":"6nbv6MomYIImeP53BzoX"},{"accountno":"12121212","departmentno":"121","salary":"109","pincode":"909090","userid":"DXTNZRBikzuf3HinG3nv","id":"jX53g4Kpa8ovS8LNOauB"},{"accountno":"34343333","departmentno":"3","salary":"125000","pincode":"85226","userid":"Tq0x3VBTGmejU4cjTUV1","id":"Qu04YpSkLQFvTciMxfdU"},{"accountno":"22365","departmentno":"2","salary":"6000","pincode":"526312","userid":"UNWkCUhbbHMbb1AIjjEZ","id":"QH1TCQonTZ90t33MCEV1"},{"accountno":"15161516","departmentno":"1","salary":"50000","pincode":"750680","userid":"r68yO5XQSyobaI5VQ6Fo","id":"hOrhF4IhTq6dbTsEXciS"},{"accountno":"15161516","departmentno":"1","salary":"50000","pincode":"750680","userid":"r68yO5XQSyobaI5VQ6Fo","id":"joAOjPsfhwUp8E9r9GE8"},{"accountno":"15161516","departmentno":"1","salary":"50000","pincode":"750680","userid":"r68yO5XQSyobaI5VQ6Fo","id":"j0BNGgBdH94SGYyOsOCE"},{"accountno":"12121212","departmentno":"121","salary":"109","pincode":"909090","userid":"DXTNZRBikzuf3HinG3nv","id":"uzzgScScwDO5PABUDfjU"},{"accountno":"15161516","departmentno":"1","salary":"50000","pincode":"750680","userid":"r68yO5XQSyobaI5VQ6Fo","id":"c45v5fBhqU9FB1GMn1jr"},{"accountno":"9999999","departmentno":9,"salary":99999,"pincode":99999,"userid":"BZdHLbA1022kPvlfnnBn","id":"2XdfDXyRJGOBM0KLD9Rg"},{"accountno":"22222222","departmentno":"2","salary":"200000","pincode":"222222","userid":"q6WoqGKoPu5IJLmfeVk7","id":"otf9RAF22ncE35au5OvD"},{"accountno":"11111112","departmentno":"1","salary":"100000","pincode":"111111","userid":"q6WoqGKoPu5IJLmfeVk7","id":"kz1vP2v3dO0cT0eOmInW"},{"accountno":"838392","departmentno":"45","salary":"5555","pincode":"565656","userid":"BIDNMczcV6BPtYdHfM89","id":"18DS1a1HFJbcZ6yUKGpq"},{"accountno":"22222222","departmentno":"2","salary":"200000","pincode":"222222","userid":"q6WoqGKoPu5IJLmfeVk7","id":"tUnDf1rB5nKBGheIzc8k"},{"accountno":"838392","departmentno":"45","salary":"5555","pincode":"565656","userid":"BIDNMczcV6BPtYdHfM89","id":"zcWMQFkiAZUF6m3T7ak7"},{"accountno":"345436","departmentno":"5","salary":"5000","pincode":"543212","userid":"Tq0x3VBTGmejU4cjTUV1","id":"oaO6qT4FqzyPN0JSq5U2"},{"accountno":"11111112","departmentno":"1","salary":"100000","pincode":"111111","userid":"q6WoqGKoPu5IJLmfeVk7","id":"akRyDMpHIAYYACoLGZqD"},{"accountno":"11111111","departmentno":"1","salary":"100000","pincode":"111111","userid":"q6WoqGKoPu5IJLmfeVk7","id":"zr3ggGswtBjPzO71ipPF"},{"accountno":"88888888","departmentno":"888","salary":"88888","pincode":"888888","userid":"iP7IM5QwF4WnnG4wV645","id":"VfiPCqp8NOLkrXNEazQj"},{"accountno":"12312323","departmentno":"123","salary":"30000","pincode":"600034","userid":"1Ym9ZlG2O3D0yGacYTrG","id":"BP6BszANSL384ZlDjDpp"},{"accountno":"11111111","departmentno":"1","salary":"100","pincode":"111111","userid":"q6WoqGKoPu5IJLmfeVk7","id":"1GYTb5whzVdfUfV98SQk"},{"accountno":"12312323","departmentno":"123","salary":"30000","pincode":"600034","userid":"1Ym9ZlG2O3D0yGacYTrG","id":"4esKasXgReEU2x9omAm8"},{"accountno":"12312323","departmentno":"123","salary":"30000","pincode":"600034","userid":"1Ym9ZlG2O3D0yGacYTrG","id":"9QmQPq1DxUKgWjcN0n4q"},{"accountno":"12212212","departmentno":"122","salary":"122220","pincode":"530044","userid":"HuYhG15hCmuwXBhKEYKt","id":"RbGBW3RhtcEohrjQYHsh"},{"accountno":"10010010","departmentno":"100","salary":"100000","pincode":"530044","userid":"HuYhG15hCmuwXBhKEYKt","id":"ktNxt5cU50lCSYKz83o5"},{"accountno":"12345","departmentno":"109","salary":"903345","pincode":"11223344","userid":"w7SYSrTpYgGYNxdgROxd","id":"woda696vCRFZDbUX1wV3"},{"accountno":"12345","departmentno":"109","salary":"903345","pincode":"11223344","userid":"w7SYSrTpYgGYNxdgROxd","id":"4yqdZAvTj7LEQQFXaBfR"},{"accountno":"53393549A","departmentno":"2","salary":"951,309","pincode":"95051","userid":"6eSDfJWGYLX40hP5amCv","id":"aIxceiIPF1a4nTRPanvH"},{"accountno":"53393549A","departmentno":"2","salary":"951,309","pincode":"95051","userid":"6eSDfJWGYLX40hP5amCv","id":"QaFOAZc1CSVEFiliDMBu"},{"accountno":"10203040A","departmentno":"1","salary":"102,030","pincode":"95136","userid":"IS23Y3QscNIjcCmGnAg2","id":"mg7LGG80HoKUe46YpBsp"},{"accountno":"10203040A","departmentno":"1","salary":"102,030","pincode":"95136","userid":"IS23Y3QscNIjcCmGnAg2","id":"Nl7Cj1sN7nG0EtxwRPyJ"},{"accountno":"15161516","departmentno":"1","salary":"50000","pincode":"750680","userid":"r68yO5XQSyobaI5VQ6Fo","id":"yItbS9o382IdpROzSS3T"},{"accountno":"15161516","departmentno":"1","salary":"50000","pincode":"750680","userid":"r68yO5XQSyobaI5VQ6Fo","id":"Swka1Hxq0fc9K1dksor1"},{"accountno":"10203040A","departmentno":"1","salary":"102,030","pincode":"95136","userid":"IS23Y3QscNIjcCmGnAg2","id":"BqAyaLfN9WLZDRJXmlKV"},{"accountno":"15161516","departmentno":"1","salary":"50000","pincode":"750680","userid":"r68yO5XQSyobaI5VQ6Fo","id":"Ddj6dX4XcAJDulxY9qZk"},{"accountno":"10203040","departmentno":"10","salary":"102,030","pincode":"95136","userid":"IS23Y3QscNIjcCmGnAg2","id":"et88lCscgH99ZOEybJBV"},{"accountno":"15161516","departmentno":"1","salary":"50000","pincode":"750680","userid":"r68yO5XQSyobaI5VQ6Fo","id":"RPMbOUvuHMLXlLtfZXaY"},{"accountno":"10203040","departmentno":"10","salary":"300,000","pincode":"95136","userid":"IS23Y3QscNIjcCmGnAg2","id":"d2vyK3dIuKCDVJoOi0Wt"},{"accountno":"88888888","departmentno":"888","salary":"88888","pincode":"888888","userid":"iP7IM5QwF4WnnG4wV645","id":"G2E3P8LMf8fWrOrcokmQ"},{"accountno":"10010010","departmentno":"100","salary":"100000","pincode":"530044","userid":"HuYhG15hCmuwXBhKEYKt","id":"9l3FGQwo9ENPMKm66094"},{"accountno":"43653549","departmentno":"105","salary":"9054309","pincode":"9093490","userid":"6eSDfJWGYLX40hP5amCv","id":"WbolKBrTlnj5TRWnBkFr"},{"accountno":"11223344","departmentno":"7","salary":"80000","pincode":"777777","userid":"9AKrNDiLofCFvnOn7dMM","id":"LO8CULQ3kdFg9QCXHxWS"},{"accountno":"00000111","departmentno":"5","salary":"20005","pincode":"562107","userid":"taGX4XQQfXD3Z76sI1Xn","id":"x458jHi2WeU3285vld1F"},{"accountno":"43343549","departmentno":"105","salary":"900309","pincode":"909w090","userid":"6eSDfJWGYLX40hP5amCv","id":"r4ocUiKth99NZVmnNp6g"},{"accountno":"11111111","departmentno":"1","salary":"100000","pincode":"111111","userid":"q6WoqGKoPu5IJLmfeVk7","id":"8l4LZsSPVzeuEJDG2qel"},{"accountno":"15161516","departmentno":"1","salary":"50000","pincode":"750680","userid":"r68yO5XQSyobaI5VQ6Fo","id":"KagmbfVODSAcHTJsUw3T"},{"accountno":"15151515","departmentno":"1","salary":"50000","pincode":"750680","userid":"r68yO5XQSyobaI5VQ6Fo","id":"EZrBgJOulIoSJ1cYwnSL"},{"accountno":"77770000","departmentno":"7","salary":"140000","pincode":"700044","userid":"lzQHg4ywe0MI87vM7fpF","id":"gpq2G8QLEFmf611v9NpB"},{"accountno":"838392","departmentno":"45","salary":"5555","pincode":"565656","userid":"BIDNMczcV6BPtYdHfM89","id":"xaolNeB5mN6LzSlzEgTd"},{"accountno":"45675789","departmentno":"45","salary":"5555","pincode":"565656","userid":"BIDNMczcV6BPtYdHfM89","id":"LA0cL6esEaoVMJlJ9fQ2"},{"accountno":"45675789","departmentno":"45","salary":"5555","pincode":"565656","userid":"BIDNMczcV6BPtYdHfM89","id":"GqhXrwc5viVuFb6C6VPj"},{"accountno":"45675789","departmentno":"45","salary":"5555","pincode":"565656","userid":"BIDNMczcV6BPtYdHfM89","id":"tWfEj0yKZf3eVwGoPprd"},{"accountno":"16151615","departmentno":"111","salary":"56065","pincode":"530044","userid":"HuYhG15hCmuwXBhKEYKt","id":"pLkIK2L48IY8im4XuMUO"},{"accountno":"45675789","departmentno":"45","salary":"5555","pincode":"565656","userid":"BIDNMczcV6BPtYdHfM89","id":"oReSEY8ivn9PcKV72O5d"},{"accountno":"15151515","departmentno":"104","salary":"50005","pincode":"530044","userid":"HuYhG15hCmuwXBhKEYKt","id":"4ssY1qLZ4Q0q0vbxEhDy"},{"accountno":"10810888","departmentno":"108","salary":"80008","pincode":"530044","userid":"HuYhG15hCmuwXBhKEYKt","id":"AwFt9Cg1h0ONd49U6OZh"},{"accountno":"10810810","departmentno":"108","salary":"50008","pincode":"530044","userid":"HuYhG15hCmuwXBhKEYKt","id":"jjxOKs6ZmSc9HEdgz00t"},{"accountno":"99999999","departmentno":"109","salary":"90009","pincode":"909090","userid":"HuYhG15hCmuwXBhKEYKt","id":"rpcHUknvgNJjH6XEhs2N"},{"accountno":"12312323","departmentno":"123","salary":"30000","pincode":"600034","userid":"1Ym9ZlG2O3D0yGacYTrG","id":"pRHitM1RXzzQKHMwRcpC"},{"accountno":"43343549","departmentno":"105","salary":"900309","pincode":"909w090","userid":"6eSDfJWGYLX40hP5amCv","id":"qJVBWgPaVPy9m5ABPBzM"},{"accountno":"4444444","departmentno":"4","salary":"4444","pincode":"44444","userid":"eUElBTpUvjJXLAlXqboz","id":"2NjyP3ONOBWuukBLXwzz"},{"accountno":"12345","departmentno":"109","salary":"903345","pincode":"11223344","userid":"w7SYSrTpYgGYNxdgROxd","id":"gtfUPvi2zoHneLMxmNUq"},{"accountno":"12345","departmentno":"109","salary":"903345","pincode":"11223344","userid":"w7SYSrTpYgGYNxdgROxd","id":"B0mACPArXqwGZasiSGze"},{"accountno":"12345","departmentno":"109","salary":"903345","pincode":"11223344","userid":"w7SYSrTpYgGYNxdgROxd","id":"Pw8yfm5kJwI0VRrh7tid"},{"accountno":"43343549","departmentno":"105","salary":"900309","pincode":"909w090","userid":"6eSDfJWGYLX40hP5amCv","id":"QdboDh0u2ODxvtACtvCi"},{"accountno":"444335","departmentno":"4","salary":"45000","pincode":"543312","userid":"UNWkCUhbbHMbb1AIjjEZ","id":"xrt79sbxm9eIMbL3RaRP"},{"accountno":"444335","departmentno":"4","salary":"45000","pincode":"543312","userid":"UNWkCUhbbHMbb1AIjjEZ","id":"ud8qRiO3JOVM43M0ftwl"},{"accountno":"15151515","departmentno":"1","salary":"50000","pincode":"750680","userid":"r68yO5XQSyobaI5VQ6Fo","id":"XcTSroncZo8criO8iksm"},{"accountno":"43543549","departmentno":"109","salary":"90009","pincode":"909090","userid":"6eSDfJWGYLX40hP5amCv","id":"AxFEGUuenRNqAGwHC7jX"},{"accountno":"12345","departmentno":"109","salary":"903345","pincode":"11223344","userid":"w7SYSrTpYgGYNxdgROxd","id":"TYlSTrPVdWjolkU52Fxx"},{"accountno":"4444444","departmentno":"4","salary":"4444","pincode":"44444","userid":"eUElBTpUvjJXLAlXqboz","id":"guRCb3s5XE1mr7Mdukhf"},{"accountno":"15151515","departmentno":"1","salary":"50000","pincode":"750680","userid":"r68yO5XQSyobaI5VQ6Fo","id":"JtRsxfjhQtuQ2LEtpcN7"},{"accountno":"10810810","departmentno":"108","salary":"50008","pincode":"530044","userid":"HuYhG15hCmuwXBhKEYKt","id":"TAozSHWKW7sUl85Ga3eK"},{"accountno":"15151515","departmentno":"1","salary":"50000","pincode":"750680","userid":"r68yO5XQSyobaI5VQ6Fo","id":"EHo7pTJUHSF22pAMJgXw"},{"accountno":"55555555","departmentno":"5","salary":"555","pincode":"555555","userid":"eUElBTpUvjJXLAlXqboz","id":"1IYQdip4aQgsss03tBlB"},{"accountno":"33333333","departmentno":"3","salary":"33333","pincode":"333333","userid":"eUElBTpUvjJXLAlXqboz","id":"GWMy9H97ZPeYdwTDHUgr"},{"accountno":"4444444","departmentno":"4","salary":"4444","pincode":"44444","userid":"eUElBTpUvjJXLAlXqboz","id":"qGk9XXBwAa8Wjf5moinw"},{"accountno":"77777777","departmentno":7,"salary":7777,"pincode":777777,"userid":"eUElBTpUvjJXLAlXqboz","id":"gGULRkKVeKvkx7ZE0fkp"},{"accountno":"12312323","departmentno":"123","salary":"30000","pincode":"600034","userid":"1Ym9ZlG2O3D0yGacYTrG","id":"j9knSpmKp4CtkBoBM0RR"},{"accountno":"12345678","departmentno":"1","salary":"100","pincode":"123456","userid":"q6WoqGKoPu5IJLmfeVk7","id":"IbovSAfpTVX8SEXBjqQr"},{"accountno":"58585855","departmentno":"7","salary":"68699","pincode":"696969","userid":"BIDNMczcV6BPtYdHfM89","id":"Dlo3Cv0rAX9h02brs7yK"},{"accountno":"11221133","departmentno":"109","salary":"90009","pincode":"909090","userid":"DXTNZRBikzuf3HinG3nv","id":"fBjeB6Kg9XYfgiE3F2lX"},{"accountno":"15151515","departmentno":"1","salary":"50000","pincode":"750680","userid":"r68yO5XQSyobaI5VQ6Fo","id":"PGIlkCRT8nltrK7sUcK8"},{"accountno":"10203040","departmentno":"3","salary":"200,000","pincode":"95136","userid":"IS23Y3QscNIjcCmGnAg2","id":"D6McbeYF2fbNDyXMUEDS"},{"accountno":"99999999","departmentno":"999","salary":"99999","pincode":"99999","userid":"iP7IM5QwF4WnnG4wV645","id":"3XJtqvJXnDN3ZJ8IFJCB"},{"accountno":"15151515","departmentno":"1","salary":"50000","pincode":"750680","userid":"r68yO5XQSyobaI5VQ6Fo","id":"LrA17JpFPPeiKPelXVvm"},{"accountno":"16161616","departmentno":"1","salary":"50000","pincode":"750680","userid":"r68yO5XQSyobaI5VQ6Fo","id":"krSk8NnRYb8kquYVjd8F"},{"accountno":"10510510","departmentno":"105","salary":"50000","pincode":"530044","userid":"r68yO5XQSyobaI5VQ6Fo","id":"u4CzTR9PGROU6WUaD8SE"},{"accountno":"10510510","departmentno":"105","salary":"50000","pincode":"530044","userid":"HuYhG15hCmuwXBhKEYKt","id":"QxY7w6ueF68r0kThn7OY"},{"accountno":"567890","departmentno":"109","salary":"903345","pincode":"11223344","userid":"nUx8xWLNhC8Mw8dM70Oe","id":"8G3QLHD9yWFGG7P5v5ED"},{"accountno":"28888223","departmentno":"2","salary":"788885","pincode":"957511","userid":"jNuJRaZD68Qzh2SYg7d8","id":"CXQzlypB501sQ5zpsL6k"},{"accountno":"12345","departmentno":"109","salary":"903345","pincode":"11223344","userid":"w7SYSrTpYgGYNxdgROxd","id":"9UYr4uRsfcI1gFMtZ6Mz"},{"accountno":"10410410","departmentno":"104","salary":"50000","pincode":"530044","userid":"HuYhG15hCmuwXBhKEYKt","id":"Npl3vYKNvcfVU84cnWSq"},{"accountno":"10210210","departmentno":"102","salary":"50000","pincode":"530044","userid":"HuYhG15hCmuwXBhKEYKt","id":"vtiYFnHk2YooSbJYZlKl"},{"accountno":"66666666","departmentno":"666","salary":"666","pincode":"666666","userid":"eUElBTpUvjJXLAlXqboz","id":"cVis54K6FIJvUuc8LfMW"},{"accountno":"23333333","departmentno":"3","salary":"78635","pincode":"950511","userid":"6eSDfJWGYLX40hP5amCv","id":"V2CMUmJ32XTjWYxkstOv"},{"accountno":"345439","departmentno":"5","salary":"5000","pincode":"543212","userid":"Tq0x3VBTGmejU4cjTUV1","id":"v7VY3bV9VeQ7NJelkNlq"},{"accountno":"345435","departmentno":"5","salary":"5000","pincode":"543212","userid":"UNWkCUhbbHMbb1AIjjEZ","id":"yzcR5Gym0M9ZNv3oBZNn"},{"accountno":"12312323","departmentno":"123","salary":"30000","pincode":"600034","userid":"1Ym9ZlG2O3D0yGacYTrG","id":"5Oyb6XAAJ1k1HBfujwgW"},{"accountno":"12312323","departmentno":"123","salary":"30000","pincode":"600034","userid":"1Ym9ZlG2O3D0yGacYTrG","id":"v4KH08mTfBeNJMEWktN9"},{"accountno":"00000011","departmentno":"5","salary":"20005","pincode":"562107","userid":"taGX4XQQfXD3Z76sI1Xn","id":"78h7o0bNukaKB3mxmUrz"},{"accountno":"99999999","departmentno":9,"salary":99999,"pincode":999999,"userid":"eUElBTpUvjJXLAlXqboz","id":"LCWF6b6xfiF07C5zQdC1"},{"accountno":"45675789","departmentno":"45","salary":"5555","pincode":"565656","userid":"BIDNMczcV6BPtYdHfM89","id":"4a7SBGJ5ildTB2ZI0pvw"},{"accountno":"6666666","departmentno":6,"salary":666666,"pincode":666666,"userid":"BZdHLbA1022kPvlfnnBn","id":"IBOBGgKiLCgnhaYrCqsN"},{"accountno":"5555555","departmentno":7,"salary":555555,"pincode":555555,"userid":"BZdHLbA1022kPvlfnnBn","id":"eAmUrqbiaSuVugUgDCzd"},{"accountno":"10101010","departmentno":7,"salary":10101010,"pincode":101010,"userid":"BZdHLbA1022kPvlfnnBn","id":"aODSN0KmKkfofxZ2AbEF"},{"accountno":"77447744","departmentno":"5","salary":"80000","pincode":"530065","userid":"lzQHg4ywe0MI87vM7fpF","id":"KplwvzQFWJd97VeB5atu"},{"accountno":"32323234","departmentno":"4","salary":"234234","pincode":"323232","userid":"UNWkCUhbbHMbb1AIjjEZ","id":"RExuuJLlDxDMIhWNuoEx"},{"accountno":"12121212","departmentno":"1","salary":"3000","pincode":"600033","userid":"1Ym9ZlG2O3D0yGacYTrG","id":"JftbSpou1D41uIniNYEv"},{"accountno":"47474747","departmentno":"7","salary":"200","pincode":"878678","userid":"lzQHg4ywe0MI87vM7fpF","id":"bIrDlvlxI1sAAcgon5SR"},{"accountno":"22233344","departmentno":"2","salary":"50000","pincode":"530044","userid":"HuYhG15hCmuwXBhKEYKt","id":"aoq8KXk9SsPxmPJFMYta"},{"accountno":"43543543","departmentno":"109","salary":"90009","pincode":"909090","userid":"fb4a0fhoAAehQGIQ3DUg","id":"hQcJYykMLpFKwYPRVd4x"},{"accountno":"12344321","departmentno":"2","salary":"111","pincode":"432234","userid":"fb4a0fhoAAehQGIQ3DUg","id":"fcPwGAEH2LCfOvYeYwsO"},{"accountno":"34343333","departmentno":"3","salary":"34343434","pincode":"343434","userid":"laCGA21I8UVpjNbEFcP4","id":"G7e1SZo8swkKwydcFEUy"},{"accountno":"34343333","departmentno":"3","salary":"34343434","pincode":"343434","userid":"laCGA21I8UVpjNbEFcP4","id":"RZVV5lr3lNiuSh0VXPBp"},{"accountno":"34343333","departmentno":"3","salary":"34343434","pincode":"343434","userid":"laCGA21I8UVpjNbEFcP4","id":"k1RHb5khIgJCOa9C0TJB"},{"accountno":"34343333","departmentno":"3","salary":"34343434","pincode":"343434","userid":"laCGA21I8UVpjNbEFcP4","id":"UzSJAsXGbDn4TXXGVV3p"},{"accountno":"99999999","departmentno":"109","salary":"90009","pincode":"909090","userid":"CeYVmyH64ZKM1gSZhwYr","id":"42W2ESaOCIc91rTyAVkB"},{"accountno":"99999999","departmentno":"109","salary":"90009","pincode":"909090","userid":"CeYVmyH64ZKM1gSZhwYr","id":"SCbwozPWNvUtBUHYJjr0"},{"accountno":"99999999","departmentno":"109","salary":"90009","pincode":"909090","userid":"CeYVmyH64ZKM1gSZhwYr","id":"89NAn5ketNbM0NYlOQbT"}]

at java.base/jdk.internal.reflect.DirectConstructorHandleAccessor.newInstance(DirectConstructorHandleAccessor.java:67)
at java.base/java.lang.reflect.Constructor.newInstanceWithCaller(Constructor.java:499)
at java.base/java.lang.reflect.Constructor.newInstance(Constructor.java:483)
at org.codehaus.groovy.reflection.CachedConstructor.invoke(CachedConstructor.java:72)
at org.codehaus.groovy.runtime.callsite.ConstructorSite$ConstructorSiteNoUnwrapNoCoerce.callConstructor(ConstructorSite.java:105)
at org.codehaus.groovy.runtime.callsite.CallSiteArray.defaultCallConstructor(CallSiteArray.java:59)
at org.codehaus.groovy.runtime.callsite.AbstractCallSite.callConstructor(AbstractCallSite.java:263)
at org.codehaus.groovy.runtime.callsite.AbstractCallSite.callConstructor(AbstractCallSite.java:277)
at io.restassured.internal.ResponseSpecificationImpl$HamcrestAssertionClosure.validate(ResponseSpecificationImpl.groovy:499)
at io.restassured.internal.ResponseSpecificationImpl$HamcrestAssertionClosure$validate$1.call(Unknown Source)
at io.restassured.internal.ResponseSpecificationImpl.validateResponseIfRequired(ResponseSpecificationImpl.groovy:684)
at java.base/jdk.internal.reflect.DirectMethodHandleAccessor.invoke(DirectMethodHandleAccessor.java:104)
at java.base/java.lang.reflect.Method.invoke(Method.java:577)
at org.codehaus.groovy.runtime.callsite.PlainObjectMetaMethodSite.doInvoke(PlainObjectMetaMethodSite.java:43)
at org.codehaus.groovy.runtime.callsite.PogoMetaMethodSite$PogoCachedMethodSiteNoUnwrapNoCoerce.invoke(PogoMetaMethodSite.java:193)
at org.codehaus.groovy.runtime.callsite.PogoMetaMethodSite.callCurrent(PogoMetaMethodSite.java:61)
at org.codehaus.groovy.runtime.callsite.CallSiteArray.defaultCallCurrent(CallSiteArray.java:51)
at org.codehaus.groovy.runtime.callsite.AbstractCallSite.callCurrent(AbstractCallSite.java:171)
at org.codehaus.groovy.runtime.callsite.AbstractCallSite.callCurrent(AbstractCallSite.java:185)
at io.restassured.internal.ResponseSpecificationImpl.body(ResponseSpecificationImpl.groovy:99)
at io.restassured.internal.ValidatableResponseOptionsImpl.body(ValidatableResponseOptionsImpl.java:238)
at io.restassured.internal.ValidatableResponseImpl.super$2$body(ValidatableResponseImpl.groovy)
at java.base/jdk.internal.reflect.DirectMethodHandleAccessor.invoke(DirectMethodHandleAccessor.java:104)
at java.base/java.lang.reflect.Method.invoke(Method.java:577)
at org.codehaus.groovy.reflection.CachedMethod.invoke(CachedMethod.java:107)
at groovy.lang.MetaMethod.doMethodInvoke(MetaMethod.java:323)
at groovy.lang.MetaClassImpl.invokeMethod(MetaClassImpl.java:1268)
at org.codehaus.groovy.runtime.ScriptBytecodeAdapter.invokeMethodOnSuperN(ScriptBytecodeAdapter.java:144)
at io.restassured.internal.ValidatableResponseImpl.body(ValidatableResponseImpl.groovy:293)
at io.restassured.internal.ValidatableResponseImpl.body(ValidatableResponseImpl.groovy)
at com.helpers.UserServiceHelper.getUserData(UserServiceHelper.java:65)
at com.simpleCRUDWithTecharchApp.GetUserDataTC.TCgetUserData(GetUserDataTC.java:19)
at java.base/jdk.internal.reflect.DirectMethodHandleAccessor.invoke(DirectMethodHandleAccessor.java:104)
at java.base/java.lang.reflect.Method.invoke(Method.java:577)
at org.testng.internal.invokers.MethodInvocationHelper.invokeMethod(MethodInvocationHelper.java:139)
at org.testng.internal.invokers.TestInvoker.invokeMethod(TestInvoker.java:677)
at org.testng.internal.invokers.TestInvoker.invokeTestMethod(TestInvoker.java:221)
at org.testng.internal.invokers.MethodRunner.runInSequence(MethodRunner.java:50)
at org.testng.internal.invokers.TestInvoker$MethodInvocationAgent.invoke(TestInvoker.java:969)
at org.testng.internal.invokers.TestInvoker.invokeTestMethods(TestInvoker.java:194)
at org.testng.internal.invokers.TestMethodWorker.invokeTestMethods(TestMethodWorker.java:148)
at org.testng.internal.invokers.TestMethodWorker.run(TestMethodWorker.java:128)
at java.base/java.util.ArrayList.forEach(ArrayList.java:1511)
at org.testng.TestRunner.privateRun(TestRunner.java:829)
at org.testng.TestRunner.run(TestRunner.java:602)
at org.testng.SuiteRunner.runTest(SuiteRunner.java:437)
at org.testng.SuiteRunner.runSequentially(SuiteRunner.java:431)
at org.testng.SuiteRunner.privateRun(SuiteRunner.java:391)
at org.testng.SuiteRunner.run(SuiteRunner.java:330)
at org.testng.SuiteRunnerWorker.runSuite(SuiteRunnerWorker.java:52)
at org.testng.SuiteRunnerWorker.run(SuiteRunnerWorker.java:95)
at org.testng.TestNG.runSuitesSequentially(TestNG.java:1256)
at org.testng.TestNG.runSuitesLocally(TestNG.java:1176)
at org.testng.TestNG.runSuites(TestNG.java:1099)
at org.testng.TestNG.run(TestNG.java:1067)
at org.testng.remote.AbstractRemoteTestNG.run(AbstractRemoteTestNG.java:115)
at org.testng.remote.RemoteTestNG.initAndRun(RemoteTestNG.java:251)
at org.testng.remote.RemoteTestNG.main(RemoteTestNG.java:77)
]]>
    </failure>
  </testcase> <!-- TCgetUserData -->
  <system-out/>
</testsuite> <!-- com.simpleCRUDWithTecharchApp.GetUserDataTC -->
